#
# There is insufficient memory for the Java Runtime Environment to continue.
# Native memory allocation (mmap) failed to map 130023424 bytes for G1 virtual space
# Possible reasons:
#   The system is out of physical RAM or swap space
#   The process is running with CompressedOops enabled, and the Java Heap may be blocking the growth of the native heap
# Possible solutions:
#   Reduce memory load on the system
#   Increase physical memory or swap space
#   Check if swap backing store is full
#   Decrease Java heap size (-Xmx/-Xms)
#   Decrease number of Java threads
#   Decrease Java thread stack sizes (-Xss)
#   Set larger code cache with -XX:ReservedCodeCacheSize=
#   JVM is running with Zero Based Compressed Oops mode in which the Java heap is
#     placed in the first 32GB address space. The Java Heap base address is the
#     maximum limit for the native heap growth. Please use -XX:HeapBaseMinAddress
#     to set the Java Heap base and to place the Java Heap above 32GB virtual address.
# This output file may be truncated or incomplete.
#
#  Out of Memory Error (os_windows.cpp:3536), pid=25772, tid=13208
#
# JRE version: Java(TM) SE Runtime Environment (19.0.2+7) (build 19.0.2+7-44)
# Java VM: Java HotSpot(TM) 64-Bit Server VM (19.0.2+7-44, mixed mode, sharing, tiered, compressed oops, compressed class ptrs, g1 gc, windows-amd64)
# No core dump will be written. Minidumps are not enabled by default on client versions of Windows
#

---------------  S U M M A R Y ------------

Command Line: -Dmaven.multiModuleProjectDirectory=D:\unitedStates_storage-master\unitedStates_storage -Dmaven.home=C:\Users\99293\.m2\wrapper\dists\apache-maven-3.8.6-bin\1ks0nkde5v1pk9vtc31i9d0lcd\apache-maven-3.8.6 -Dclassworlds.conf=C:\Users\99293\.m2\wrapper\dists\apache-maven-3.8.6-bin\1ks0nkde5v1pk9vtc31i9d0lcd\apache-maven-3.8.6\bin\m2.conf -Dmaven.ext.class.path=C:\Program Files\JetBrains\IntelliJ IDEA 2022.1.2\plugins\maven\lib\maven-event-listener.jar -javaagent:C:\Program Files\JetBrains\IntelliJ IDEA 2022.1.2\lib\idea_rt.jar=64766:C:\Program Files\JetBrains\IntelliJ IDEA 2022.1.2\bin -Dfile.encoding=UTF-8 org.codehaus.classworlds.Launcher -Didea.version=2022.1.2 package

Host: 12th Gen Intel(R) Core(TM) i7-12650H, 16 cores, 15G,  Windows 11 , 64 bit Build 22621 (10.0.22621.3958)
Time: Sat Aug 31 15:05:59 2024  Windows 11 , 64 bit Build 22621 (10.0.22621.3958) elapsed time: 5.118917 seconds (0d 0h 0m 5s)

---------------  T H R E A D  ---------------

Current thread (0x0000024d383c93d0):  VMThread "VM Thread" [stack: 0x0000009bb7900000,0x0000009bb7a00000] [id=13208]

Stack: [0x0000009bb7900000,0x0000009bb7a00000]
Native frames: (J=compiled Java code, j=interpreted, Vv=VM code, C=native code)
V  [jvm.dll+0x6ee21a]
V  [jvm.dll+0x85765e]
V  [jvm.dll+0x85904e]
V  [jvm.dll+0x859703]
V  [jvm.dll+0x28298f]
V  [jvm.dll+0x6eb009]
V  [jvm.dll+0x6dfbaa]
V  [jvm.dll+0x3573f6]
V  [jvm.dll+0x35ee56]
V  [jvm.dll+0x3b541e]
V  [jvm.dll+0x3b564f]
V  [jvm.dll+0x32c9ea]
V  [jvm.dll+0x32ca97]
V  [jvm.dll+0x374cd2]
V  [jvm.dll+0x37340f]
V  [jvm.dll+0x32c210]
V  [jvm.dll+0x3729ab]
V  [jvm.dll+0x85ebc3]
V  [jvm.dll+0x85f989]
V  [jvm.dll+0x85febd]
V  [jvm.dll+0x86034b]
V  [jvm.dll+0x860407]
V  [jvm.dll+0x80125a]
V  [jvm.dll+0x6ecf0b]
C  [ucrtbase.dll+0x29333]
C  [KERNEL32.DLL+0x1257d]
C  [ntdll.dll+0x5af28]

VM_Operation (0x0000009bb73fc920): G1CollectForAllocation, mode: safepoint, requested by thread 0x0000024d146d1dc0


---------------  P R O C E S S  ---------------

Threads class SMR info:
_java_thread_list=0x0000024d409b7670, length=23, elements={
0x0000024d146d1dc0, 0x0000024d383e1620, 0x0000024d383e2410, 0x0000024d383e6220,
0x0000024d383e9ed0, 0x0000024d383ec810, 0x0000024d383ef410, 0x0000024d383f0070,
0x0000024d383fc2f0, 0x0000024d383fcc60, 0x0000024d383b95b0, 0x0000024d3c8bb990,
0x0000024d3c8bc320, 0x0000024d3c907990, 0x0000024d3c9b1760, 0x0000024d3c9b1ca0,
0x0000024d3ce068c0, 0x0000024d3d3e9040, 0x0000024d3ea59830, 0x0000024d3ea581f0,
0x0000024d3ea58780, 0x0000024d3ea592a0, 0x0000024d41bb9a20
}

Java Threads: ( => current thread )
  0x0000024d146d1dc0 JavaThread "main" [_thread_blocked, id=24052, stack(0x0000009bb7300000,0x0000009bb7400000)]
  0x0000024d383e1620 JavaThread "Reference Handler" daemon [_thread_blocked, id=18744, stack(0x0000009bb7a00000,0x0000009bb7b00000)]
  0x0000024d383e2410 JavaThread "Finalizer" daemon [_thread_blocked, id=6364, stack(0x0000009bb7b00000,0x0000009bb7c00000)]
  0x0000024d383e6220 JavaThread "Signal Dispatcher" daemon [_thread_blocked, id=18560, stack(0x0000009bb7c00000,0x0000009bb7d00000)]
  0x0000024d383e9ed0 JavaThread "Attach Listener" daemon [_thread_blocked, id=10500, stack(0x0000009bb7d00000,0x0000009bb7e00000)]
  0x0000024d383ec810 JavaThread "Service Thread" daemon [_thread_blocked, id=19276, stack(0x0000009bb7e00000,0x0000009bb7f00000)]
  0x0000024d383ef410 JavaThread "Monitor Deflation Thread" daemon [_thread_blocked, id=4492, stack(0x0000009bb7f00000,0x0000009bb8000000)]
  0x0000024d383f0070 JavaThread "C2 CompilerThread0" daemon [_thread_in_native, id=2640, stack(0x0000009bb8000000,0x0000009bb8100000)]
  0x0000024d383fc2f0 JavaThread "C1 CompilerThread0" daemon [_thread_blocked, id=18068, stack(0x0000009bb8100000,0x0000009bb8200000)]
  0x0000024d383fcc60 JavaThread "Sweeper thread" daemon [_thread_blocked, id=17012, stack(0x0000009bb8200000,0x0000009bb8300000)]
  0x0000024d383b95b0 JavaThread "Common-Cleaner" daemon [_thread_blocked, id=25948, stack(0x0000009bb8300000,0x0000009bb8400000)]
  0x0000024d3c8bb990 JavaThread "C1 CompilerThread1" daemon [_thread_blocked, id=14380, stack(0x0000009bb8400000,0x0000009bb8500000)]
  0x0000024d3c8bc320 JavaThread "C1 CompilerThread2" daemon [_thread_blocked, id=6928, stack(0x0000009bb8500000,0x0000009bb8600000)]
  0x0000024d3c907990 JavaThread "C1 CompilerThread3" daemon [_thread_blocked, id=9808, stack(0x0000009bb8600000,0x0000009bb8700000)]
  0x0000024d3c9b1760 JavaThread "Monitor Ctrl-Break" daemon [_thread_in_native, id=1576, stack(0x0000009bb8700000,0x0000009bb8800000)]
  0x0000024d3c9b1ca0 JavaThread "Notification Thread" daemon [_thread_blocked, id=17992, stack(0x0000009bb8800000,0x0000009bb8900000)]
  0x0000024d3ce068c0 JavaThread "C2 CompilerThread1" daemon [_thread_in_native, id=13716, stack(0x0000009bb8a00000,0x0000009bb8b00000)]
  0x0000024d3d3e9040 JavaThread "C2 CompilerThread2" daemon [_thread_blocked, id=26352, stack(0x0000009bb8b00000,0x0000009bb8c00000)]
  0x0000024d3ea59830 JavaThread "C2 CompilerThread3" daemon [_thread_in_native, id=10528, stack(0x0000009bb8c00000,0x0000009bb8d00000)]
  0x0000024d3ea581f0 JavaThread "C2 CompilerThread4" daemon [_thread_blocked, id=14992, stack(0x0000009bb8d00000,0x0000009bb8e00000)]
  0x0000024d3ea58780 JavaThread "C2 CompilerThread5" daemon [_thread_blocked, id=16656, stack(0x0000009bb9500000,0x0000009bb9600000)]
  0x0000024d3ea592a0 JavaThread "C2 CompilerThread6" daemon [_thread_blocked, id=8316, stack(0x0000009bb9d00000,0x0000009bb9e00000)]
  0x0000024d41bb9a20 JavaThread "C2 CompilerThread7" daemon [_thread_blocked, id=14296, stack(0x0000009bb9e00000,0x0000009bb9f00000)]

Other Threads:
=>0x0000024d383c93d0 VMThread "VM Thread" [stack: 0x0000009bb7900000,0x0000009bb7a00000] [id=13208]
  0x0000024d3c9b4a80 WatcherThread "VM Periodic Task Thread" [stack: 0x0000009bb8900000,0x0000009bb8a00000] [id=19444]
  0x0000024d147435f0 WorkerThread "GC Thread#0" [stack: 0x0000009bb7400000,0x0000009bb7500000] [id=15236]
  0x0000024d3cd37d40 WorkerThread "GC Thread#1" [stack: 0x0000009bb8e00000,0x0000009bb8f00000] [id=26608]
  0x0000024d3cd38010 WorkerThread "GC Thread#2" [stack: 0x0000009bb8f00000,0x0000009bb9000000] [id=16732]
  0x0000024d3cd37200 WorkerThread "GC Thread#3" [stack: 0x0000009bb9000000,0x0000009bb9100000] [id=23084]
  0x0000024d3cd382e0 WorkerThread "GC Thread#4" [stack: 0x0000009bb9100000,0x0000009bb9200000] [id=19740]
  0x0000024d3cd366c0 WorkerThread "GC Thread#5" [stack: 0x0000009bb9200000,0x0000009bb9300000] [id=9980]
  0x0000024d3cd374d0 WorkerThread "GC Thread#6" [stack: 0x0000009bb9300000,0x0000009bb9400000] [id=19564]
  0x0000024d3cd377a0 WorkerThread "GC Thread#7" [stack: 0x0000009bb9400000,0x0000009bb9500000] [id=17432]
  0x0000024d3d834510 WorkerThread "GC Thread#8" [stack: 0x0000009bb9800000,0x0000009bb9900000] [id=19532]
  0x0000024d3d8339d0 WorkerThread "GC Thread#9" [stack: 0x0000009bb9900000,0x0000009bb9a00000] [id=25696]
  0x0000024d3d833430 WorkerThread "GC Thread#10" [stack: 0x0000009bb9a00000,0x0000009bb9b00000] [id=1544]
  0x0000024d3d836130 WorkerThread "GC Thread#11" [stack: 0x0000009bb9600000,0x0000009bb9700000] [id=21848]
  0x0000024d3d836400 WorkerThread "GC Thread#12" [stack: 0x0000009bb9700000,0x0000009bb9800000] [id=9844]
  0x0000024d14753f60 ConcurrentGCThread "G1 Main Marker" [stack: 0x0000009bb7500000,0x0000009bb7600000] [id=13200]
  0x0000024d14754990 WorkerThread "G1 Conc#0" [stack: 0x0000009bb7600000,0x0000009bb7700000] [id=25400]
  0x0000024d3d836c70 WorkerThread "G1 Conc#1" [stack: 0x0000009bb9b00000,0x0000009bb9c00000] [id=17800]
  0x0000024d3d833ca0 WorkerThread "G1 Conc#2" [stack: 0x0000009bb9c00000,0x0000009bb9d00000] [id=19412]
  0x0000024d38285c10 ConcurrentGCThread "G1 Refine#0" [stack: 0x0000009bb7700000,0x0000009bb7800000] [id=11356]
  0x0000024d38286750 ConcurrentGCThread "G1 Service" [stack: 0x0000009bb7800000,0x0000009bb7900000] [id=18760]

Threads with active compile tasks:
C2 CompilerThread0     5142 8467       4       com.sun.tools.javac.code.Types::capture (556 bytes)
C2 CompilerThread1     5142 8366       4       com.sun.tools.javac.code.ClassFinder$$Lambda$93/0x0000000801248c10::complete (9 bytes)
C2 CompilerThread2     5142 8494       4       com.sun.tools.javac.comp.Resolve::findType (512 bytes)
C2 CompilerThread3     5142 8367   !   4       com.sun.tools.javac.code.ClassFinder::complete (178 bytes)
C2 CompilerThread4     5142 8379       4       com.sun.tools.javac.comp.Attr::attribType (12 bytes)
C2 CompilerThread5     5142 8457       4       com.sun.tools.javac.comp.Attr::visitIdent (552 bytes)
C2 CompilerThread6     5142 8380       4       com.sun.tools.javac.comp.Attr::attribType (23 bytes)
C2 CompilerThread7     5142 8248       4       com.sun.tools.javac.comp.Resolve::findInheritedMemberType (186 bytes)

VM state: at safepoint (normal execution)

VM Mutex/Monitor currently owned by a thread:  ([mutex/lock_event])
[0x0000024d146cd110] Threads_lock - owner thread: 0x0000024d383c93d0
[0x0000024d146cd2c0] Heap_lock - owner thread: 0x0000024d146d1dc0

Heap address: 0x0000000705e00000, size: 4002 MB, Compressed Oops mode: Zero based, Oop shift amount: 3

CDS archive(s) mapped at: [0x0000000800000000-0x0000000800c40000-0x0000000800c40000), size 12845056, SharedBaseAddress: 0x0000000800000000, ArchiveRelocationMode: 0.
Compressed class space mapped at: 0x0000000801000000-0x0000000841000000, reserved size: 1073741824
Narrow klass base: 0x0000000800000000, Narrow klass shift: 0, Narrow klass range: 0x100000000

GC Precious Log:
 CardTable entry size: 512
 Card Set container configuration: InlinePtr #cards 4 size 8 Array Of Cards #cards 16 size 48 Howl #buckets 8 coarsen threshold 3686 Howl Bitmap #cards 512 size 80 coarsen threshold 460 Card regions per heap region 1 cards per card region 4096
 CPUs: 16 total, 16 available
 Memory: 16005M
 Large Page Support: Disabled
 NUMA Support: Disabled
 Compressed Oops: Enabled (Zero based)
 Heap Region Size: 2M
 Heap Min Capacity: 8M
 Heap Initial Capacity: 252M
 Heap Max Capacity: 4002M
 Pre-touch: Disabled
 Parallel Workers: 13
 Concurrent Workers: 3
 Concurrent Refinement Workers: 13
 Periodic GC: Disabled

Heap:
 garbage-first heap   total 147456K, used 55286K [0x0000000705e00000, 0x0000000800000000)
  region size 2048K, 3 young (6144K), 3 survivors (6144K)
 Metaspace       used 28784K, committed 29312K, reserved 1114112K
  class space    used 2974K, committed 3264K, reserved 1048576K

Heap Regions: E=young(eden), S=young(survivor), O=old, HS=humongous(starts), HC=humongous(continues), CS=collection set, F=free, OA=open archive, CA=closed archive, TAMS=top-at-mark-start (previous, next)
|   0|0x0000000705e00000, 0x0000000706000000, 0x0000000706000000|100%| O|  |TAMS 0x0000000706000000, 0x0000000705e00000| Untracked 
|   1|0x0000000706000000, 0x0000000706200000, 0x0000000706200000|100%| O|  |TAMS 0x0000000706200000, 0x0000000706000000| Untracked 
|   2|0x0000000706200000, 0x0000000706400000, 0x0000000706400000|100%| O|  |TAMS 0x0000000706400000, 0x0000000706200000| Untracked 
|   3|0x0000000706400000, 0x0000000706600000, 0x0000000706600000|100%| O|  |TAMS 0x0000000706600000, 0x0000000706400000| Untracked 
|   4|0x0000000706600000, 0x0000000706800000, 0x0000000706800000|100%| O|  |TAMS 0x0000000706800000, 0x0000000706600000| Untracked 
|   5|0x0000000706800000, 0x0000000706a00000, 0x0000000706a00000|100%| O|  |TAMS 0x0000000706a00000, 0x0000000706800000| Untracked 
|   6|0x0000000706a00000, 0x0000000706c00000, 0x0000000706c00000|100%| O|  |TAMS 0x0000000706c00000, 0x0000000706a00000| Untracked 
|   7|0x0000000706c00000, 0x0000000706c00000, 0x0000000706e00000|  0%| F|  |TAMS 0x0000000706c00000, 0x0000000706c00000| Untracked 
|   8|0x0000000706e00000, 0x0000000707000000, 0x0000000707000000|100%| O|  |TAMS 0x0000000707000000, 0x0000000706e00000| Untracked 
|   9|0x0000000707000000, 0x0000000707200000, 0x0000000707200000|100%| O|  |TAMS 0x0000000707200000, 0x0000000707000000| Untracked 
|  10|0x0000000707200000, 0x0000000707400000, 0x0000000707400000|100%| O|  |TAMS 0x0000000707400000, 0x0000000707200000| Untracked 
|  11|0x0000000707400000, 0x0000000707600000, 0x0000000707600000|100%|HS|  |TAMS 0x0000000707600000, 0x0000000707400000| Complete 
|  12|0x0000000707600000, 0x0000000707800000, 0x0000000707800000|100%| O|  |TAMS 0x0000000707800000, 0x0000000707600000| Untracked 
|  13|0x0000000707800000, 0x0000000707a00000, 0x0000000707a00000|100%| O|  |TAMS 0x0000000707a00000, 0x0000000707800000| Untracked 
|  14|0x0000000707a00000, 0x0000000707c00000, 0x0000000707c00000|100%| O|  |TAMS 0x0000000707c00000, 0x0000000707a00000| Untracked 
|  15|0x0000000707c00000, 0x0000000707e00000, 0x0000000707e00000|100%| O|  |TAMS 0x0000000707e00000, 0x0000000707c00000| Untracked 
|  16|0x0000000707e00000, 0x0000000708000000, 0x0000000708000000|100%| O|  |TAMS 0x0000000707f93a00, 0x0000000707e00000| Untracked 
|  17|0x0000000708000000, 0x00000007081c8000, 0x0000000708200000| 89%| O|  |TAMS 0x0000000708000000, 0x0000000708000000| Untracked 
|  18|0x0000000708200000, 0x0000000708200000, 0x0000000708400000|  0%| F|  |TAMS 0x0000000708200000, 0x0000000708200000| Untracked 
|  19|0x0000000708400000, 0x0000000708400000, 0x0000000708600000|  0%| F|  |TAMS 0x0000000708400000, 0x0000000708400000| Untracked 
|  20|0x0000000708600000, 0x0000000708600000, 0x0000000708800000|  0%| F|  |TAMS 0x0000000708600000, 0x0000000708600000| Untracked 
|  21|0x0000000708800000, 0x0000000708800000, 0x0000000708a00000|  0%| F|  |TAMS 0x0000000708800000, 0x0000000708800000| Untracked 
|  22|0x0000000708a00000, 0x0000000708a00000, 0x0000000708c00000|  0%| F|  |TAMS 0x0000000708a00000, 0x0000000708a00000| Untracked 
|  23|0x0000000708c00000, 0x0000000708c00000, 0x0000000708e00000|  0%| F|  |TAMS 0x0000000708c00000, 0x0000000708c00000| Untracked 
|  24|0x0000000708e00000, 0x0000000708e00000, 0x0000000709000000|  0%| F|  |TAMS 0x0000000708e00000, 0x0000000708e00000| Untracked 
|  25|0x0000000709000000, 0x0000000709000000, 0x0000000709200000|  0%| F|  |TAMS 0x0000000709000000, 0x0000000709000000| Untracked 
|  26|0x0000000709200000, 0x0000000709200000, 0x0000000709400000|  0%| F|  |TAMS 0x0000000709200000, 0x0000000709200000| Untracked 
|  27|0x0000000709400000, 0x0000000709435a80, 0x0000000709600000| 10%| S|CS|TAMS 0x0000000709400000, 0x0000000709400000| Complete 
|  28|0x0000000709600000, 0x0000000709600000, 0x0000000709800000|  0%| F|  |TAMS 0x0000000709600000, 0x0000000709600000| Untracked 
|  29|0x0000000709800000, 0x0000000709a00000, 0x0000000709a00000|100%| S|CS|TAMS 0x0000000709800000, 0x0000000709800000| Complete 
|  30|0x0000000709a00000, 0x0000000709a00000, 0x0000000709c00000|  0%| F|  |TAMS 0x0000000709a00000, 0x0000000709a00000| Untracked 
|  31|0x0000000709c00000, 0x0000000709e00000, 0x0000000709e00000|100%| S|CS|TAMS 0x0000000709c00000, 0x0000000709c00000| Complete 
|  32|0x0000000709e00000, 0x0000000709e00000, 0x000000070a000000|  0%| F|  |TAMS 0x0000000709e00000, 0x0000000709e00000| Untracked 
|  33|0x000000070a000000, 0x000000070a000000, 0x000000070a200000|  0%| F|  |TAMS 0x000000070a000000, 0x000000070a000000| Untracked 
|  34|0x000000070a200000, 0x000000070a200000, 0x000000070a400000|  0%| F|  |TAMS 0x000000070a200000, 0x000000070a200000| Untracked 
|  35|0x000000070a400000, 0x000000070a400000, 0x000000070a600000|  0%| F|  |TAMS 0x000000070a400000, 0x000000070a400000| Untracked 
|  36|0x000000070a600000, 0x000000070a600000, 0x000000070a800000|  0%| F|  |TAMS 0x000000070a600000, 0x000000070a600000| Untracked 
|  37|0x000000070a800000, 0x000000070a800000, 0x000000070aa00000|  0%| F|  |TAMS 0x000000070a800000, 0x000000070a800000| Untracked 
|  38|0x000000070aa00000, 0x000000070aa00000, 0x000000070ac00000|  0%| F|  |TAMS 0x000000070aa00000, 0x000000070aa00000| Untracked 
|  39|0x000000070ac00000, 0x000000070ac00000, 0x000000070ae00000|  0%| F|  |TAMS 0x000000070ac00000, 0x000000070ac00000| Untracked 
|  40|0x000000070ae00000, 0x000000070ae00000, 0x000000070b000000|  0%| F|  |TAMS 0x000000070ae00000, 0x000000070ae00000| Untracked 
|  41|0x000000070b000000, 0x000000070b000000, 0x000000070b200000|  0%| F|  |TAMS 0x000000070b000000, 0x000000070b000000| Untracked 
|  42|0x000000070b200000, 0x000000070b200000, 0x000000070b400000|  0%| F|  |TAMS 0x000000070b200000, 0x000000070b200000| Untracked 
|  43|0x000000070b400000, 0x000000070b400000, 0x000000070b600000|  0%| F|  |TAMS 0x000000070b400000, 0x000000070b400000| Untracked 
|  44|0x000000070b600000, 0x000000070b600000, 0x000000070b800000|  0%| F|  |TAMS 0x000000070b600000, 0x000000070b600000| Untracked 
|  45|0x000000070b800000, 0x000000070b800000, 0x000000070ba00000|  0%| F|  |TAMS 0x000000070b800000, 0x000000070b800000| Untracked 
|  46|0x000000070ba00000, 0x000000070ba00000, 0x000000070bc00000|  0%| F|  |TAMS 0x000000070ba00000, 0x000000070ba00000| Untracked 
|  47|0x000000070bc00000, 0x000000070bc00000, 0x000000070be00000|  0%| F|  |TAMS 0x000000070bc00000, 0x000000070bc00000| Untracked 
|  48|0x000000070be00000, 0x000000070be00000, 0x000000070c000000|  0%| F|  |TAMS 0x000000070be00000, 0x000000070be00000| Untracked 
|  49|0x000000070c000000, 0x000000070c000000, 0x000000070c200000|  0%| F|  |TAMS 0x000000070c000000, 0x000000070c000000| Untracked 
|  50|0x000000070c200000, 0x000000070c200000, 0x000000070c400000|  0%| F|  |TAMS 0x000000070c200000, 0x000000070c200000| Untracked 
|  51|0x000000070c400000, 0x000000070c400000, 0x000000070c600000|  0%| F|  |TAMS 0x000000070c400000, 0x000000070c400000| Untracked 
|  52|0x000000070c600000, 0x000000070c600000, 0x000000070c800000|  0%| F|  |TAMS 0x000000070c600000, 0x000000070c600000| Untracked 
|  53|0x000000070c800000, 0x000000070c800000, 0x000000070ca00000|  0%| F|  |TAMS 0x000000070c800000, 0x000000070c800000| Untracked 
|  54|0x000000070ca00000, 0x000000070ca00000, 0x000000070cc00000|  0%| F|  |TAMS 0x000000070ca00000, 0x000000070ca00000| Untracked 
|  55|0x000000070cc00000, 0x000000070cc00000, 0x000000070ce00000|  0%| F|  |TAMS 0x000000070cc00000, 0x000000070cc00000| Untracked 
|  56|0x000000070ce00000, 0x000000070ce00000, 0x000000070d000000|  0%| F|  |TAMS 0x000000070ce00000, 0x000000070ce00000| Untracked 
|  57|0x000000070d000000, 0x000000070d000000, 0x000000070d200000|  0%| F|  |TAMS 0x000000070d000000, 0x000000070d000000| Untracked 
|  58|0x000000070d200000, 0x000000070d200000, 0x000000070d400000|  0%| F|  |TAMS 0x000000070d200000, 0x000000070d200000| Untracked 
|  59|0x000000070d400000, 0x000000070d400000, 0x000000070d600000|  0%| F|  |TAMS 0x000000070d400000, 0x000000070d400000| Untracked 
|  60|0x000000070d600000, 0x000000070d600000, 0x000000070d800000|  0%| F|  |TAMS 0x000000070d600000, 0x000000070d600000| Untracked 
|  61|0x000000070d800000, 0x000000070d800000, 0x000000070da00000|  0%| F|  |TAMS 0x000000070d800000, 0x000000070d800000| Untracked 
|  62|0x000000070da00000, 0x000000070da00000, 0x000000070dc00000|  0%| F|  |TAMS 0x000000070da00000, 0x000000070da00000| Untracked 
| 125|0x0000000715800000, 0x0000000715800000, 0x0000000715a00000|  0%| F|  |TAMS 0x0000000715800000, 0x0000000715800000| Untracked 
|1993|0x00000007ff000000, 0x00000007ff200000, 0x00000007ff200000|100%| O|  |TAMS 0x00000007ff200000, 0x00000007ff000000| Untracked 
|1994|0x00000007ff200000, 0x00000007ff400000, 0x00000007ff400000|100%| O|  |TAMS 0x00000007ff400000, 0x00000007ff200000| Untracked 
|1995|0x00000007ff400000, 0x00000007ff600000, 0x00000007ff600000|100%| O|  |TAMS 0x00000007ff600000, 0x00000007ff400000| Untracked 
|1996|0x00000007ff600000, 0x00000007ff800000, 0x00000007ff800000|100%| O|  |TAMS 0x00000007ff800000, 0x00000007ff600000| Untracked 
|1997|0x00000007ff800000, 0x00000007ffa00000, 0x00000007ffa00000|100%| O|  |TAMS 0x00000007ffa00000, 0x00000007ff800000| Untracked 
|1998|0x00000007ffa00000, 0x00000007ffc00000, 0x00000007ffc00000|100%| O|  |TAMS 0x00000007ffc00000, 0x00000007ffa00000| Untracked 
|1999|0x00000007ffc00000, 0x00000007ffe00000, 0x00000007ffe00000|100%| O|  |TAMS 0x00000007ffe00000, 0x00000007ffc00000| Untracked 
|2000|0x00000007ffe00000, 0x0000000800000000, 0x0000000800000000|100%| O|  |TAMS 0x0000000800000000, 0x00000007ffe00000| Untracked 

Card table byte_map: [0x0000024d2c690000,0x0000024d2ce70000] _byte_map_base: 0x0000024d28e61000

Marking Bits (Prev, Next): (CMBitMap*) 0x0000024d14743c20, (CMBitMap*) 0x0000024d14743c60
 Prev Bits: [0x0000024d2d650000, 0x0000024d314d8000)
 Next Bits: [0x0000024d314e0000, 0x0000024d35368000)

Polling page: 0x0000024d13e90000

Metaspace:

Usage:
  Non-class:     25.21 MB used.
      Class:      2.90 MB used.
       Both:     28.11 MB used.

Virtual space:
  Non-class space:       64.00 MB reserved,      25.44 MB ( 40%) committed,  1 nodes.
      Class space:        1.00 GB reserved,       3.19 MB ( <1%) committed,  1 nodes.
             Both:        1.06 GB reserved,      28.62 MB (  3%) committed. 

Chunk freelists:
   Non-Class:  1.91 MB
       Class:  802.00 KB
        Both:  2.69 MB

MaxMetaspaceSize: unlimited
CompressedClassSpaceSize: 1.00 GB
Initial GC threshold: 21.00 MB
Current GC threshold: 45.75 MB
CDS: on
MetaspaceReclaimPolicy: balanced
 - commit_granule_bytes: 65536.
 - commit_granule_words: 8192.
 - virtual_space_node_default_size: 8388608.
 - enlarge_chunks_in_place: 1.
 - new_chunks_are_fully_committed: 0.
 - uncommit_free_chunks: 1.
 - use_allocation_guard: 0.


Internal statistics:

num_allocs_failed_limit: 3.
num_arena_births: 628.
num_arena_deaths: 0.
num_vsnodes_births: 2.
num_vsnodes_deaths: 0.
num_space_committed: 458.
num_space_uncommitted: 0.
num_chunks_returned_to_freelist: 3.
num_chunks_taken_from_freelist: 1786.
num_chunk_merges: 3.
num_chunk_splits: 1194.
num_chunks_enlarged: 798.
num_inconsistent_stats: 0.

CodeHeap 'non-profiled nmethods': size=119168Kb used=5223Kb max_used=5232Kb free=113944Kb
 bounds [0x0000024d241d0000, 0x0000024d246f0000, 0x0000024d2b630000]
CodeHeap 'profiled nmethods': size=119104Kb used=17166Kb max_used=17203Kb free=101937Kb
 bounds [0x0000024d1c630000, 0x0000024d1d700000, 0x0000024d23a80000]
CodeHeap 'non-nmethods': size=7488Kb used=3002Kb max_used=3136Kb free=4485Kb
 bounds [0x0000024d23a80000, 0x0000024d23da0000, 0x0000024d241d0000]
 total_blobs=8149 nmethods=7610 adapters=446
 compilation: enabled
              stopped_count=0, restarted_count=0
 full_count=0

Compilation events (20 events):
Event: 5.097 Thread 0x0000024d3d3e9040 nmethod 8424 0x0000024d2423d990 code [0x0000024d2423db40, 0x0000024d2423def8]
Event: 5.098 Thread 0x0000024d383fc2f0 8488       2       com.sun.tools.javac.code.TypeAnnotations$$Lambda$219/0x00000008012d0f10::<init> (20 bytes)
Event: 5.098 Thread 0x0000024d3c907990 8492       2       com.sun.tools.javac.comp.Check::checkNonCyclicDecl (44 bytes)
Event: 5.098 Thread 0x0000024d3c8bb990 nmethod 8487 0x0000024d1d6fdb90 code [0x0000024d1d6fdd60, 0x0000024d1d6fe058]
Event: 5.098 Thread 0x0000024d383fc2f0 nmethod 8488 0x0000024d1d6fe210 code [0x0000024d1d6fe3c0, 0x0000024d1d6fe5f8]
Event: 5.098 Thread 0x0000024d3d3e9040 8494       4       com.sun.tools.javac.comp.Resolve::findType (512 bytes)
Event: 5.098 Thread 0x0000024d3c907990 nmethod 8492 0x0000024d1d6fe690 code [0x0000024d1d6fe860, 0x0000024d1d6fec68]
Event: 5.098 Thread 0x0000024d3c8bc320 nmethod 8483 0x0000024d1d6fc090 code [0x0000024d1d6fc3c0, 0x0000024d1d6fd1f8]
Event: 5.099 Thread 0x0000024d3ea581f0 nmethod 8422 0x0000024d2423cb10 code [0x0000024d2423cce0, 0x0000024d2423d548]
Event: 5.100 Thread 0x0000024d3ea581f0 8495       4       com.sun.tools.javac.code.Types::supertype (12 bytes)
Event: 5.100 Thread 0x0000024d3ea592a0 nmethod 8373 0x0000024d2423bd10 code [0x0000024d2423bee0, 0x0000024d2423c578]
Event: 5.100 Thread 0x0000024d3ea592a0 8471       4       com.sun.tools.javac.code.Symbol$CompletionFailure::resetDiagnostic (11 bytes)
Event: 5.101 Thread 0x0000024d383fc2f0 8497       2       com.sun.tools.javac.comp.Check::checkImportsResolvable (181 bytes)
Event: 5.101 Thread 0x0000024d3c907990 8498       2       com.sun.tools.javac.comp.Check::checkImportedPackagesObservable (135 bytes)
Event: 5.102 Thread 0x0000024d3c907990 nmethod 8498 0x0000024d1d0e0910 code [0x0000024d1d0e0ba0, 0x0000024d1d0e1248]
Event: 5.102 Thread 0x0000024d3ea581f0 nmethod 8495 0x0000024d2423b890 code [0x0000024d2423ba20, 0x0000024d2423bb58]
Event: 5.103 Thread 0x0000024d383fc2f0 nmethod 8497 0x0000024d1d0d9c90 code [0x0000024d1d0d9f20, 0x0000024d1d0da908]
Event: 5.103 Thread 0x0000024d3ea581f0 8379       4       com.sun.tools.javac.comp.Attr::attribType (12 bytes)
Event: 5.104 Thread 0x0000024d3ea592a0 nmethod 8471 0x0000024d244c6490 code [0x0000024d244c6600, 0x0000024d244c6798]
Event: 5.104 Thread 0x0000024d3ea592a0 8380       4       com.sun.tools.javac.comp.Attr::attribType (23 bytes)

GC Heap History (20 events):
Event: 3.386 GC heap after
{Heap after GC invocations=8 (full 0):
 garbage-first heap   total 112640K, used 42327K [0x0000000705e00000, 0x0000000800000000)
  region size 2048K, 2 young (4096K), 2 survivors (4096K)
 Metaspace       used 24879K, committed 25280K, reserved 1114112K
  class space    used 2619K, committed 2816K, reserved 1048576K
}
Event: 3.634 GC heap before
{Heap before GC invocations=8 (full 0):
 garbage-first heap   total 112640K, used 81239K [0x0000000705e00000, 0x0000000800000000)
  region size 2048K, 20 young (40960K), 2 survivors (4096K)
 Metaspace       used 25397K, committed 25856K, reserved 1114112K
  class space    used 2645K, committed 2880K, reserved 1048576K
}
Event: 3.644 GC heap after
{Heap after GC invocations=9 (full 0):
 garbage-first heap   total 112640K, used 50323K [0x0000000705e00000, 0x0000000800000000)
  region size 2048K, 3 young (6144K), 3 survivors (6144K)
 Metaspace       used 25397K, committed 25856K, reserved 1114112K
  class space    used 2645K, committed 2880K, reserved 1048576K
}
Event: 4.116 GC heap before
{Heap before GC invocations=9 (full 0):
 garbage-first heap   total 112640K, used 78995K [0x0000000705e00000, 0x0000000800000000)
  region size 2048K, 18 young (36864K), 3 survivors (6144K)
 Metaspace       used 27300K, committed 27712K, reserved 1114112K
  class space    used 2844K, committed 3072K, reserved 1048576K
}
Event: 4.123 GC heap after
{Heap after GC invocations=10 (full 0):
 garbage-first heap   total 112640K, used 52389K [0x0000000705e00000, 0x0000000800000000)
  region size 2048K, 1 young (2048K), 1 survivors (2048K)
 Metaspace       used 27300K, committed 27712K, reserved 1114112K
  class space    used 2844K, committed 3072K, reserved 1048576K
}
Event: 4.249 GC heap before
{Heap before GC invocations=10 (full 0):
 garbage-first heap   total 112640K, used 83109K [0x0000000705e00000, 0x0000000800000000)
  region size 2048K, 17 young (34816K), 1 survivors (2048K)
 Metaspace       used 27607K, committed 28096K, reserved 1114112K
  class space    used 2870K, committed 3136K, reserved 1048576K
}
Event: 4.251 GC heap after
{Heap after GC invocations=11 (full 0):
 garbage-first heap   total 112640K, used 52248K [0x0000000705e00000, 0x0000000800000000)
  region size 2048K, 1 young (2048K), 1 survivors (2048K)
 Metaspace       used 27607K, committed 28096K, reserved 1114112K
  class space    used 2870K, committed 3136K, reserved 1048576K
}
Event: 4.329 GC heap before
{Heap before GC invocations=12 (full 0):
 garbage-first heap   total 112640K, used 85016K [0x0000000705e00000, 0x0000000800000000)
  region size 2048K, 17 young (34816K), 1 survivors (2048K)
 Metaspace       used 27669K, committed 28160K, reserved 1114112K
  class space    used 2874K, committed 3136K, reserved 1048576K
}
Event: 4.331 GC heap after
{Heap after GC invocations=13 (full 0):
 garbage-first heap   total 112640K, used 52118K [0x0000000705e00000, 0x0000000800000000)
  region size 2048K, 1 young (2048K), 1 survivors (2048K)
 Metaspace       used 27669K, committed 28160K, reserved 1114112K
  class space    used 2874K, committed 3136K, reserved 1048576K
}
Event: 4.336 GC heap before
{Heap before GC invocations=13 (full 0):
 garbage-first heap   total 112640K, used 54166K [0x0000000705e00000, 0x0000000800000000)
  region size 2048K, 2 young (4096K), 1 survivors (2048K)
 Metaspace       used 27669K, committed 28160K, reserved 1114112K
  class space    used 2874K, committed 3136K, reserved 1048576K
}
Event: 4.340 GC heap after
{Heap after GC invocations=14 (full 0):
 garbage-first heap   total 147456K, used 51351K [0x0000000705e00000, 0x0000000800000000)
  region size 2048K, 1 young (2048K), 1 survivors (2048K)
 Metaspace       used 27669K, committed 28160K, reserved 1114112K
  class space    used 2874K, committed 3136K, reserved 1048576K
}
Event: 4.618 GC heap before
{Heap before GC invocations=14 (full 0):
 garbage-first heap   total 147456K, used 108695K [0x0000000705e00000, 0x0000000800000000)
  region size 2048K, 30 young (61440K), 1 survivors (2048K)
 Metaspace       used 28334K, committed 28864K, reserved 1114112K
  class space    used 2961K, committed 3264K, reserved 1048576K
}
Event: 4.620 GC heap after
{Heap after GC invocations=15 (full 0):
 garbage-first heap   total 147456K, used 52023K [0x0000000705e00000, 0x0000000800000000)
  region size 2048K, 1 young (2048K), 1 survivors (2048K)
 Metaspace       used 28334K, committed 28864K, reserved 1114112K
  class space    used 2961K, committed 3264K, reserved 1048576K
}
Event: 4.736 GC heap before
{Heap before GC invocations=15 (full 0):
 garbage-first heap   total 147456K, used 115511K [0x0000000705e00000, 0x0000000800000000)
  region size 2048K, 32 young (65536K), 1 survivors (2048K)
 Metaspace       used 28550K, committed 29120K, reserved 1114112K
  class space    used 2968K, committed 3264K, reserved 1048576K
}
Event: 4.739 GC heap after
{Heap after GC invocations=16 (full 0):
 garbage-first heap   total 147456K, used 53364K [0x0000000705e00000, 0x0000000800000000)
  region size 2048K, 2 young (4096K), 2 survivors (4096K)
 Metaspace       used 28550K, committed 29120K, reserved 1114112K
  class space    used 2968K, committed 3264K, reserved 1048576K
}
Event: 4.826 GC heap before
{Heap before GC invocations=16 (full 0):
 garbage-first heap   total 147456K, used 116852K [0x0000000705e00000, 0x0000000800000000)
  region size 2048K, 33 young (67584K), 2 survivors (4096K)
 Metaspace       used 28574K, committed 29120K, reserved 1114112K
  class space    used 2971K, committed 3264K, reserved 1048576K
}
Event: 4.828 GC heap after
{Heap after GC invocations=17 (full 0):
 garbage-first heap   total 147456K, used 53500K [0x0000000705e00000, 0x0000000800000000)
  region size 2048K, 2 young (4096K), 2 survivors (4096K)
 Metaspace       used 28574K, committed 29120K, reserved 1114112K
  class space    used 2971K, committed 3264K, reserved 1048576K
}
Event: 4.989 GC heap before
{Heap before GC invocations=17 (full 0):
 garbage-first heap   total 147456K, used 119036K [0x0000000705e00000, 0x0000000800000000)
  region size 2048K, 34 young (69632K), 2 survivors (4096K)
 Metaspace       used 28733K, committed 29248K, reserved 1114112K
  class space    used 2974K, committed 3264K, reserved 1048576K
}
Event: 4.994 GC heap after
{Heap after GC invocations=18 (full 0):
 garbage-first heap   total 147456K, used 54795K [0x0000000705e00000, 0x0000000800000000)
  region size 2048K, 2 young (4096K), 2 survivors (4096K)
 Metaspace       used 28733K, committed 29248K, reserved 1114112K
  class space    used 2974K, committed 3264K, reserved 1048576K
}
Event: 5.111 GC heap before
{Heap before GC invocations=18 (full 0):
 garbage-first heap   total 147456K, used 120331K [0x0000000705e00000, 0x0000000800000000)
  region size 2048K, 34 young (69632K), 2 survivors (4096K)
 Metaspace       used 28784K, committed 29312K, reserved 1114112K
  class space    used 2974K, committed 3264K, reserved 1048576K
}

Dll operation events (12 events):
Event: 0.008 Loaded shared library C:\Program Files\Java\jdk-19\bin\java.dll
Event: 0.015 Loaded shared library C:\Program Files\Java\jdk-19\bin\jsvml.dll
Event: 0.048 Loaded shared library C:\Program Files\Java\jdk-19\bin\zip.dll
Event: 0.050 Loaded shared library C:\Program Files\Java\jdk-19\bin\instrument.dll
Event: 0.054 Loaded shared library C:\Program Files\Java\jdk-19\bin\net.dll
Event: 0.054 Loaded shared library C:\Program Files\Java\jdk-19\bin\nio.dll
Event: 0.056 Loaded shared library C:\Program Files\Java\jdk-19\bin\zip.dll
Event: 0.067 Loaded shared library C:\Program Files\JetBrains\IntelliJ IDEA 2022.1.2\bin\breakgen64.dll
Event: 0.072 Loaded shared library C:\Program Files\Java\jdk-19\bin\extnet.dll
Event: 0.125 Loaded shared library C:\Program Files\Java\jdk-19\bin\jimage.dll
Event: 0.177 Loaded shared library C:\Users\99293\AppData\Local\Temp\jansi-2.4.0-b21ab998ec749efd-jansi.dll
Event: 0.183 Loaded shared library C:\Program Files\Java\jdk-19\bin\verify.dll

Deoptimization events (20 events):
Event: 5.020 Thread 0x0000024d146d1dc0 Uncommon trap: trap_request=0xffffffc6 fr.pc=0x0000024d246c82f8 relative=0x0000000000000418
Event: 5.020 Thread 0x0000024d146d1dc0 Uncommon trap: reason=bimorphic_or_optimized_type_check action=maybe_recompile pc=0x0000024d246c82f8 method=lombok.javac.JavacNode.traverse(Llombok/javac/JavacASTVisitor;)V @ 233 c2
Event: 5.020 Thread 0x0000024d146d1dc0 DEOPT PACKING pc=0x0000024d246c82f8 sp=0x0000009bb73fd690
Event: 5.020 Thread 0x0000024d146d1dc0 DEOPT UNPACKING pc=0x0000024d23ae6da3 sp=0x0000009bb73fd618 mode 2
Event: 5.076 Thread 0x0000024d146d1dc0 Uncommon trap: trap_request=0xffffff45 fr.pc=0x0000024d242d8818 relative=0x0000000000001998
Event: 5.076 Thread 0x0000024d146d1dc0 Uncommon trap: reason=unstable_if action=reinterpret pc=0x0000024d242d8818 method=java.util.HashMap.hash(Ljava/lang/Object;)I @ 1 c2
Event: 5.076 Thread 0x0000024d146d1dc0 DEOPT PACKING pc=0x0000024d242d8818 sp=0x0000009bb73fd950
Event: 5.076 Thread 0x0000024d146d1dc0 DEOPT UNPACKING pc=0x0000024d23ae6da3 sp=0x0000009bb73fd860 mode 2
Event: 5.077 Thread 0x0000024d146d1dc0 Uncommon trap: trap_request=0xffffff45 fr.pc=0x0000024d2421c1f8 relative=0x00000000000000d8
Event: 5.077 Thread 0x0000024d146d1dc0 Uncommon trap: reason=unstable_if action=reinterpret pc=0x0000024d2421c1f8 method=java.util.HashMap.hash(Ljava/lang/Object;)I @ 1 c2
Event: 5.077 Thread 0x0000024d146d1dc0 DEOPT PACKING pc=0x0000024d2421c1f8 sp=0x0000009bb73fd920
Event: 5.077 Thread 0x0000024d146d1dc0 DEOPT UNPACKING pc=0x0000024d23ae6da3 sp=0x0000009bb73fd860 mode 2
Event: 5.077 Thread 0x0000024d146d1dc0 Uncommon trap: trap_request=0xfffffff4 fr.pc=0x0000024d243c5d64 relative=0x0000000000000784
Event: 5.077 Thread 0x0000024d146d1dc0 Uncommon trap: reason=null_check action=make_not_entrant pc=0x0000024d243c5d64 method=java.util.IdentityHashMap.put(Ljava/lang/Object;Ljava/lang/Object;)Ljava/lang/Object; @ 57 c2
Event: 5.077 Thread 0x0000024d146d1dc0 DEOPT PACKING pc=0x0000024d243c5d64 sp=0x0000009bb73fd930
Event: 5.077 Thread 0x0000024d146d1dc0 DEOPT UNPACKING pc=0x0000024d23ae6da3 sp=0x0000009bb73fd900 mode 2
Event: 5.077 Thread 0x0000024d146d1dc0 Uncommon trap: trap_request=0xfffffff4 fr.pc=0x0000024d2467e624 relative=0x0000000000000084
Event: 5.077 Thread 0x0000024d146d1dc0 Uncommon trap: reason=null_check action=make_not_entrant pc=0x0000024d2467e624 method=java.lang.Long.equals(Ljava/lang/Object;)Z @ 1 c2
Event: 5.077 Thread 0x0000024d146d1dc0 DEOPT PACKING pc=0x0000024d2467e624 sp=0x0000009bb73fd9a0
Event: 5.077 Thread 0x0000024d146d1dc0 DEOPT UNPACKING pc=0x0000024d23ae6da3 sp=0x0000009bb73fd940 mode 2

Classes loaded (20 events):
Event: 3.900 Loading class java/util/Vector$1
Event: 3.900 Loading class java/util/Vector$1 done
Event: 3.903 Loading class java/io/PushbackInputStream
Event: 3.903 Loading class java/io/PushbackInputStream done
Event: 4.008 Loading class java/util/Collections$UnmodifiableSortedSet
Event: 4.008 Loading class java/util/Collections$UnmodifiableSortedSet done
Event: 4.100 Loading class java/util/IdentityHashMap$EntrySet
Event: 4.100 Loading class java/util/IdentityHashMap$EntrySet done
Event: 4.100 Loading class java/util/IdentityHashMap$EntryIterator
Event: 4.100 Loading class java/util/IdentityHashMap$EntryIterator done
Event: 4.100 Loading class java/util/IdentityHashMap$EntryIterator$Entry
Event: 4.100 Loading class java/util/IdentityHashMap$EntryIterator$Entry done
Event: 4.396 Loading class java/util/regex/Pattern$SliceI
Event: 4.396 Loading class java/util/regex/Pattern$SliceI done
Event: 4.430 Loading class java/util/regex/Pattern$Loop
Event: 4.430 Loading class java/util/regex/Pattern$Loop done
Event: 4.430 Loading class java/util/regex/Pattern$Prolog
Event: 4.430 Loading class java/util/regex/Pattern$Prolog done
Event: 4.446 Loading class java/util/regex/Pattern$LazyLoop
Event: 4.449 Loading class java/util/regex/Pattern$LazyLoop done

Classes unloaded (0 events):
No events

Classes redefined (0 events):
No events

Internal exceptions (20 events):
Event: 4.842 Thread 0x0000024d146d1dc0 Exception <a 'sun/nio/fs/WindowsException'{0x000000070dab2a08}> (0x000000070dab2a08) 
thrown [s\open\src\hotspot\share\prims\jni.cpp, line 517]
Event: 4.842 Thread 0x0000024d146d1dc0 Exception <a 'sun/nio/fs/WindowsException'{0x000000070dab2db8}> (0x000000070dab2db8) 
thrown [s\open\src\hotspot\share\prims\jni.cpp, line 517]
Event: 4.842 Thread 0x0000024d146d1dc0 Exception <a 'sun/nio/fs/WindowsException'{0x000000070dab3df8}> (0x000000070dab3df8) 
thrown [s\open\src\hotspot\share\prims\jni.cpp, line 517]
Event: 4.842 Thread 0x0000024d146d1dc0 Exception <a 'sun/nio/fs/WindowsException'{0x000000070dab4128}> (0x000000070dab4128) 
thrown [s\open\src\hotspot\share\prims\jni.cpp, line 517]
Event: 4.928 Thread 0x0000024d146d1dc0 Exception <a 'sun/nio/fs/WindowsException'{0x000000070b7d6e68}> (0x000000070b7d6e68) 
thrown [s\open\src\hotspot\share\prims\jni.cpp, line 517]
Event: 4.928 Thread 0x0000024d146d1dc0 Exception <a 'sun/nio/fs/WindowsException'{0x000000070b7d7188}> (0x000000070b7d7188) 
thrown [s\open\src\hotspot\share\prims\jni.cpp, line 517]
Event: 4.928 Thread 0x0000024d146d1dc0 Exception <a 'sun/nio/fs/WindowsException'{0x000000070b7d80e8}> (0x000000070b7d80e8) 
thrown [s\open\src\hotspot\share\prims\jni.cpp, line 517]
Event: 4.928 Thread 0x0000024d146d1dc0 Exception <a 'sun/nio/fs/WindowsException'{0x000000070b7d8498}> (0x000000070b7d8498) 
thrown [s\open\src\hotspot\share\prims\jni.cpp, line 517]
Event: 4.928 Thread 0x0000024d146d1dc0 Exception <a 'sun/nio/fs/WindowsException'{0x000000070b7d94d8}> (0x000000070b7d94d8) 
thrown [s\open\src\hotspot\share\prims\jni.cpp, line 517]
Event: 4.928 Thread 0x0000024d146d1dc0 Exception <a 'sun/nio/fs/WindowsException'{0x000000070b7d9808}> (0x000000070b7d9808) 
thrown [s\open\src\hotspot\share\prims\jni.cpp, line 517]
Event: 5.076 Thread 0x0000024d146d1dc0 Implicit null exception at 0x0000024d242d6ed8 to 0x0000024d242d8804
Event: 5.077 Thread 0x0000024d146d1dc0 Implicit null exception at 0x0000024d2421c158 to 0x0000024d2421c1ee
Event: 5.077 Thread 0x0000024d146d1dc0 Implicit null exception at 0x0000024d243c58d8 to 0x0000024d243c5d54
Event: 5.077 Thread 0x0000024d146d1dc0 Implicit null exception at 0x0000024d2467e5cc to 0x0000024d2467e614
Event: 5.081 Thread 0x0000024d146d1dc0 Exception <a 'sun/nio/fs/WindowsException'{0x000000070a8ab510}> (0x000000070a8ab510) 
thrown [s\open\src\hotspot\share\prims\jni.cpp, line 517]
Event: 5.081 Thread 0x0000024d146d1dc0 Exception <a 'sun/nio/fs/WindowsException'{0x000000070a8ab830}> (0x000000070a8ab830) 
thrown [s\open\src\hotspot\share\prims\jni.cpp, line 517]
Event: 5.081 Thread 0x0000024d146d1dc0 Exception <a 'sun/nio/fs/WindowsException'{0x000000070a8ac790}> (0x000000070a8ac790) 
thrown [s\open\src\hotspot\share\prims\jni.cpp, line 517]
Event: 5.081 Thread 0x0000024d146d1dc0 Exception <a 'sun/nio/fs/WindowsException'{0x000000070a8acb40}> (0x000000070a8acb40) 
thrown [s\open\src\hotspot\share\prims\jni.cpp, line 517]
Event: 5.081 Thread 0x0000024d146d1dc0 Exception <a 'sun/nio/fs/WindowsException'{0x000000070a8adb80}> (0x000000070a8adb80) 
thrown [s\open\src\hotspot\share\prims\jni.cpp, line 517]
Event: 5.081 Thread 0x0000024d146d1dc0 Exception <a 'sun/nio/fs/WindowsException'{0x000000070a8adeb0}> (0x000000070a8adeb0) 
thrown [s\open\src\hotspot\share\prims\jni.cpp, line 517]

VM Operations (20 events):
Event: 4.286 Executing VM operation: G1PauseCleanup done
Event: 4.329 Executing VM operation: G1CollectForAllocation
Event: 4.331 Executing VM operation: G1CollectForAllocation done
Event: 4.336 Executing VM operation: G1CollectForAllocation
Event: 4.340 Executing VM operation: G1CollectForAllocation done
Event: 4.607 Executing VM operation: G1CollectForAllocation
Event: 4.620 Executing VM operation: G1CollectForAllocation done
Event: 4.736 Executing VM operation: G1CollectForAllocation
Event: 4.739 Executing VM operation: G1CollectForAllocation done
Event: 4.826 Executing VM operation: G1CollectForAllocation
Event: 4.828 Executing VM operation: G1CollectForAllocation done
Event: 4.897 Executing VM operation: ICBufferFull
Event: 4.898 Executing VM operation: ICBufferFull done
Event: 4.988 Executing VM operation: G1CollectForAllocation
Event: 4.994 Executing VM operation: G1CollectForAllocation done
Event: 5.086 Executing VM operation: HandshakeAllThreads
Event: 5.086 Executing VM operation: HandshakeAllThreads done
Event: 5.104 Executing VM operation: ICBufferFull
Event: 5.104 Executing VM operation: ICBufferFull done
Event: 5.111 Executing VM operation: G1CollectForAllocation

Events (20 events):
Event: 3.770 Thread 0x0000024d383fcc60 flushing nmethod 0x0000024d1d0b2e90
Event: 3.770 Thread 0x0000024d383fcc60 flushing nmethod 0x0000024d1d0d0890
Event: 3.770 Thread 0x0000024d383fcc60 flushing nmethod 0x0000024d1d0daf10
Event: 3.770 Thread 0x0000024d383fcc60 flushing nmethod 0x0000024d1d0dbc10
Event: 3.770 Thread 0x0000024d383fcc60 flushing nmethod 0x0000024d1d0de990
Event: 3.770 Thread 0x0000024d383fcc60 flushing nmethod 0x0000024d1d0def10
Event: 3.770 Thread 0x0000024d383fcc60 flushing nmethod 0x0000024d1d0f2190
Event: 3.770 Thread 0x0000024d383fcc60 flushing nmethod 0x0000024d1d151b10
Event: 3.771 Thread 0x0000024d383fcc60 flushing nmethod 0x0000024d1d1ee690
Event: 3.903 Thread 0x0000024d3ec89110 Thread exited: 0x0000024d3ec89110
Event: 4.272 Thread 0x0000024d41bb9a20 Thread added: 0x0000024d41bb9a20
Event: 5.086 Thread 0x0000024d383fcc60 flushing nmethod 0x0000024d24239790
Event: 5.087 Thread 0x0000024d383fcc60 flushing nmethod 0x0000024d244c2c90
Event: 5.087 Thread 0x0000024d383fcc60 flushing nmethod 0x0000024d244c6490
Event: 5.102 Thread 0x0000024d383fcc60 flushing nmethod 0x0000024d1d094290
Event: 5.102 Thread 0x0000024d383fcc60 flushing nmethod 0x0000024d1d0d0f10
Event: 5.102 Thread 0x0000024d383fcc60 flushing nmethod 0x0000024d1d0d7b10
Event: 5.102 Thread 0x0000024d383fcc60 flushing nmethod 0x0000024d1d0e0910
Event: 5.102 Thread 0x0000024d383fcc60 flushing nmethod 0x0000024d1d0e7890
Event: 5.103 Thread 0x0000024d383fcc60 flushing nmethod 0x0000024d1d1fce90


Dynamic libraries:
0x00007ff67dae0000 - 0x00007ff67daf0000 	C:\Program Files\Java\jdk-19\bin\java.exe
0x00007ffb064d0000 - 0x00007ffb066e7000 	C:\WINDOWS\SYSTEM32\ntdll.dll
0x00007ffb04b10000 - 0x00007ffb04bd4000 	C:\WINDOWS\System32\KERNEL32.DLL
0x00007ffb03950000 - 0x00007ffb03cfd000 	C:\WINDOWS\System32\KERNELBASE.dll
0x00007ffb037c0000 - 0x00007ffb038d1000 	C:\WINDOWS\System32\ucrtbase.dll
0x00007ffaec350000 - 0x00007ffaec368000 	C:\Program Files\Java\jdk-19\bin\jli.dll
0x00007ffaec2a0000 - 0x00007ffaec2bb000 	C:\Program Files\Java\jdk-19\bin\VCRUNTIME140.dll
0x00007ffb04630000 - 0x00007ffb046e2000 	C:\WINDOWS\System32\ADVAPI32.dll
0x00007ffb05500000 - 0x00007ffb055a7000 	C:\WINDOWS\System32\msvcrt.dll
0x00007ffb04380000 - 0x00007ffb04429000 	C:\WINDOWS\System32\sechost.dll
0x00007ffb041a0000 - 0x00007ffb041c8000 	C:\WINDOWS\System32\bcrypt.dll
0x00007ffb041d0000 - 0x00007ffb042e4000 	C:\WINDOWS\System32\RPCRT4.dll
0x00007ffb05980000 - 0x00007ffb05b2e000 	C:\WINDOWS\System32\USER32.dll
0x00007ffb04170000 - 0x00007ffb04196000 	C:\WINDOWS\System32\win32u.dll
0x00007ffaedde0000 - 0x00007ffaee073000 	C:\WINDOWS\WinSxS\amd64_microsoft.windows.common-controls_6595b64144ccf1df_6.0.22621.3672_none_2713b9d173822955\COMCTL32.dll
0x00007ffb06270000 - 0x00007ffb06299000 	C:\WINDOWS\System32\GDI32.dll
0x00007ffb03fd0000 - 0x00007ffb040e9000 	C:\WINDOWS\System32\gdi32full.dll
0x00007ffb03dc0000 - 0x00007ffb03e5a000 	C:\WINDOWS\System32\msvcp_win.dll
0x00007ffafb060000 - 0x00007ffafb06a000 	C:\WINDOWS\SYSTEM32\VERSION.dll
0x00007ffb06210000 - 0x00007ffb06241000 	C:\WINDOWS\System32\IMM32.DLL
0x00007ffaeebe0000 - 0x00007ffaeebec000 	C:\Program Files\Java\jdk-19\bin\vcruntime140_1.dll
0x00007ffac7020000 - 0x00007ffac70ae000 	C:\Program Files\Java\jdk-19\bin\msvcp140.dll
0x00007ffa814c0000 - 0x00007ffa82180000 	C:\Program Files\Java\jdk-19\bin\server\jvm.dll
0x00007ffafe400000 - 0x00007ffafe409000 	C:\WINDOWS\SYSTEM32\WSOCK32.dll
0x00007ffafd420000 - 0x00007ffafd454000 	C:\WINDOWS\SYSTEM32\WINMM.dll
0x00007ffb06030000 - 0x00007ffb060a1000 	C:\WINDOWS\System32\WS2_32.dll
0x00007ffb02880000 - 0x00007ffb02898000 	C:\WINDOWS\SYSTEM32\kernel.appcore.dll
0x00007ffaeea40000 - 0x00007ffaeea4a000 	C:\Program Files\Java\jdk-19\bin\jimage.dll
0x00007ffb01020000 - 0x00007ffb01252000 	C:\WINDOWS\SYSTEM32\DBGHELP.DLL
0x00007ffb04780000 - 0x00007ffb04b0d000 	C:\WINDOWS\System32\combase.dll
0x00007ffb06130000 - 0x00007ffb06207000 	C:\WINDOWS\System32\OLEAUT32.dll
0x00007ffaf8a20000 - 0x00007ffaf8a52000 	C:\WINDOWS\SYSTEM32\dbgcore.DLL
0x00007ffb040f0000 - 0x00007ffb0416b000 	C:\WINDOWS\System32\bcryptPrimitives.dll
0x00007ffae8710000 - 0x00007ffae871e000 	C:\Program Files\Java\jdk-19\bin\instrument.dll
0x00007ffaeb850000 - 0x00007ffaeb876000 	C:\Program Files\Java\jdk-19\bin\java.dll
0x00007ffac6f40000 - 0x00007ffac7017000 	C:\Program Files\Java\jdk-19\bin\jsvml.dll
0x00007ffb04c90000 - 0x00007ffb054f8000 	C:\WINDOWS\System32\SHELL32.dll
0x00007ffb016d0000 - 0x00007ffb01fce000 	C:\WINDOWS\SYSTEM32\windows.storage.dll
0x00007ffb01590000 - 0x00007ffb016cf000 	C:\WINDOWS\SYSTEM32\wintypes.dll
0x00007ffb056b0000 - 0x00007ffb057a9000 	C:\WINDOWS\System32\SHCORE.dll
0x00007ffb057c0000 - 0x00007ffb0581e000 	C:\WINDOWS\System32\shlwapi.dll
0x00007ffb036f0000 - 0x00007ffb03711000 	C:\WINDOWS\SYSTEM32\profapi.dll
0x00007ffaea060000 - 0x00007ffaea078000 	C:\Program Files\Java\jdk-19\bin\zip.dll
0x00007ffaea0a0000 - 0x00007ffaea0b3000 	C:\Program Files\Java\jdk-19\bin\net.dll
0x00007ffafefc0000 - 0x00007ffaff0f6000 	C:\WINDOWS\SYSTEM32\WINHTTP.dll
0x00007ffb02d50000 - 0x00007ffb02db9000 	C:\WINDOWS\system32\mswsock.dll
0x00007ffaea080000 - 0x00007ffaea096000 	C:\Program Files\Java\jdk-19\bin\nio.dll
0x00007ffae7ee0000 - 0x00007ffae7efa000 	C:\Program Files\JetBrains\IntelliJ IDEA 2022.1.2\bin\breakgen64.dll
0x00007ffaed920000 - 0x00007ffaed928000 	C:\Program Files\Java\jdk-19\bin\extnet.dll
0x0000000069ac0000 - 0x0000000069ae4000 	C:\Users\99293\AppData\Local\Temp\jansi-2.4.0-b21ab998ec749efd-jansi.dll
0x00007ffaec250000 - 0x00007ffaec260000 	C:\Program Files\Java\jdk-19\bin\verify.dll

dbghelp: loaded successfully - version: 4.0.5 - missing functions: none
symbol engine: initialized successfully - sym options: 0x614 - pdb path: .;C:\Program Files\Java\jdk-19\bin;C:\WINDOWS\SYSTEM32;C:\WINDOWS\WinSxS\amd64_microsoft.windows.common-controls_6595b64144ccf1df_6.0.22621.3672_none_2713b9d173822955;C:\Program Files\Java\jdk-19\bin\server;C:\Program Files\JetBrains\IntelliJ IDEA 2022.1.2\bin;C:\Users\99293\AppData\Local\Temp

VM Arguments:
jvm_args: -Dmaven.multiModuleProjectDirectory=D:\unitedStates_storage-master\unitedStates_storage -Dmaven.home=C:\Users\99293\.m2\wrapper\dists\apache-maven-3.8.6-bin\1ks0nkde5v1pk9vtc31i9d0lcd\apache-maven-3.8.6 -Dclassworlds.conf=C:\Users\99293\.m2\wrapper\dists\apache-maven-3.8.6-bin\1ks0nkde5v1pk9vtc31i9d0lcd\apache-maven-3.8.6\bin\m2.conf -Dmaven.ext.class.path=C:\Program Files\JetBrains\IntelliJ IDEA 2022.1.2\plugins\maven\lib\maven-event-listener.jar -javaagent:C:\Program Files\JetBrains\IntelliJ IDEA 2022.1.2\lib\idea_rt.jar=64766:C:\Program Files\JetBrains\IntelliJ IDEA 2022.1.2\bin -Dfile.encoding=UTF-8 
java_command: org.codehaus.classworlds.Launcher -Didea.version=2022.1.2 package
java_class_path (initial): C:\Users\99293\.m2\wrapper\dists\apache-maven-3.8.6-bin\1ks0nkde5v1pk9vtc31i9d0lcd\apache-maven-3.8.6\boot\plexus-classworlds-2.6.0.jar;C:\Users\99293\.m2\wrapper\dists\apache-maven-3.8.6-bin\1ks0nkde5v1pk9vtc31i9d0lcd\apache-maven-3.8.6\boot\plexus-classworlds.license
Launcher Type: SUN_STANDARD

[Global flags]
     intx CICompilerCount                          = 12                                        {product} {ergonomic}
     uint ConcGCThreads                            = 3                                         {product} {ergonomic}
     uint G1ConcRefinementThreads                  = 13                                        {product} {ergonomic}
   size_t G1HeapRegionSize                         = 2097152                                   {product} {ergonomic}
    uintx GCDrainStackTargetSize                   = 64                                        {product} {ergonomic}
   size_t InitialHeapSize                          = 264241152                                 {product} {ergonomic}
   size_t MarkStackSize                            = 4194304                                   {product} {ergonomic}
   size_t MaxHeapSize                              = 4196401152                                {product} {ergonomic}
   size_t MaxNewSize                               = 2516582400                                {product} {ergonomic}
   size_t MinHeapDeltaBytes                        = 2097152                                   {product} {ergonomic}
   size_t MinHeapSize                              = 8388608                                   {product} {ergonomic}
    uintx NonNMethodCodeHeapSize                   = 7602480                                {pd product} {ergonomic}
    uintx NonProfiledCodeHeapSize                  = 122027880                              {pd product} {ergonomic}
    uintx ProfiledCodeHeapSize                     = 122027880                              {pd product} {ergonomic}
    uintx ReservedCodeCacheSize                    = 251658240                              {pd product} {ergonomic}
     bool SegmentedCodeCache                       = true                                      {product} {ergonomic}
   size_t SoftMaxHeapSize                          = 4196401152                             {manageable} {ergonomic}
     bool UseCompressedClassPointers               = true                           {product lp64_product} {ergonomic}
     bool UseCompressedOops                        = true                           {product lp64_product} {ergonomic}
     bool UseG1GC                                  = true                                      {product} {ergonomic}
     bool UseLargePagesIndividualAllocation        = false                                  {pd product} {ergonomic}

Logging:
Log output configuration:
 #0: stdout all=warning uptime,level,tags foldmultilines=false
 #1: stderr all=off uptime,level,tags foldmultilines=false

Environment Variables:
JAVA_HOME=C:\Program Files\Java\jdk-19
PATH=C:\Program Files\Common Files\Oracle\Java\javapath;C:\Windows\system32;C:\Windows;C:\Windows\System32\Wbem;C:\Windows\System32\WindowsPowerShell\v1.0\;C:\Windows\System32\OpenSSH\;C:\Program Files (x86)\NVIDIA Corporation\PhysX\Common;C:\Program Files\NVIDIA Corporation\NVIDIA NvDLISR;C:\Program Files\Git\cmd;C:\Program Files (x86)\dotnet\;C:\WINDOWS\system32;C:\WINDOWS;C:\WINDOWS\System32\Wbem;C:\WINDOWS\System32\WindowsPowerShell\v1.0\;C:\WINDOWS\System32\OpenSSH\;C:\Program Files\Java\jdk-19\bin;C:\Users\99293\AppData\Local\Programs\Python\Python311\Scripts\;C:\Users\99293\AppData\Local\Programs\Python\Python311\;C:\Users\99293\AppData\Local\Microsoft\WindowsApps;;C:\Program Files\JetBrains\IntelliJ IDEA 2022.1.2\bin;;C:\Program Files\heroku\bin
USERNAME=ASUS
OS=Windows_NT
PROCESSOR_IDENTIFIER=Intel64 Family 6 Model 154 Stepping 3, GenuineIntel
TMP=C:\Users\99293\AppData\Local\Temp
TEMP=C:\Users\99293\AppData\Local\Temp



---------------  S Y S T E M  ---------------

OS:
 Windows 11 , 64 bit Build 22621 (10.0.22621.3958)
OS uptime: 1 days 2:00 hours
Hyper-V role detected

CPU: total 16 (initial active 16) (8 cores per cpu, 2 threads per core) family 6 model 154 stepping 3 microcode 0x41c, cx8, cmov, fxsr, ht, mmx, 3dnowpref, sse, sse2, sse3, ssse3, sse4.1, sse4.2, popcnt, lzcnt, tsc, tscinvbit, avx, avx2, aes, erms, clmul, bmi1, bmi2, adx, sha, fma, vzeroupper, clflush, clflushopt, clwb, hv, serialize, rdtscp, rdpid, fsrm

Memory: 4k page, system-wide physical 16005M (2062M free)
TotalPageFile size 18053M (AvailPageFile size 113M)
current process WorkingSet (physical memory assigned to process): 310M, peak: 416M
current process commit charge ("private bytes"): 364M, peak: 548M

vm_info: Java HotSpot(TM) 64-Bit Server VM (19.0.2+7-44) for windows-amd64 JRE (19.0.2+7-44), built on 2022-11-30T18:02:09Z by "mach5one" with MS VC++ 17.1 (VS2022)

END.
