#
# There is insufficient memory for the Java Runtime Environment to continue.
# Native memory allocation (malloc) failed to allocate 114576 bytes for Chunk::new
# Possible reasons:
#   The system is out of physical RAM or swap space
#   The process is running with CompressedOops enabled, and the Java Heap may be blocking the growth of the native heap
# Possible solutions:
#   Reduce memory load on the system
#   Increase physical memory or swap space
#   Check if swap backing store is full
#   Decrease Java heap size (-Xmx/-Xms)
#   Decrease number of Java threads
#   Decrease Java thread stack sizes (-Xss)
#   Set larger code cache with -XX:ReservedCodeCacheSize=
#   JVM is running with Zero Based Compressed Oops mode in which the Java heap is
#     placed in the first 32GB address space. The Java Heap base address is the
#     maximum limit for the native heap growth. Please use -XX:HeapBaseMinAddress
#     to set the Java Heap base and to place the Java Heap above 32GB virtual address.
# This output file may be truncated or incomplete.
#
#  Out of Memory Error (arena.cpp:184), pid=15736, tid=15184
#
# JRE version: Java(TM) SE Runtime Environment (19.0.2+7) (build 19.0.2+7-44)
# Java VM: Java HotSpot(TM) 64-Bit Server VM (19.0.2+7-44, mixed mode, sharing, tiered, compressed oops, compressed class ptrs, g1 gc, windows-amd64)
# No core dump will be written. Minidumps are not enabled by default on client versions of Windows
#

---------------  S U M M A R Y ------------

Command Line: C:\Users\99293\AppData\Local\Temp\surefire17476165813215749478\surefirebooter6258835060629873505.jar C:\Users\99293\AppData\Local\Temp\surefire17476165813215749478 2024-11-30T22-58-29_667-jvmRun1 surefire3614717118486751617tmp surefire_03263739124599481785tmp

Host: 12th Gen Intel(R) Core(TM) i7-12650H, 16 cores, 15G,  Windows 11 , 64 bit Build 22621 (10.0.22621.4391)
Time: Sat Nov 30 22:58:30 2024  Windows 11 , 64 bit Build 22621 (10.0.22621.4391) elapsed time: 0.131942 seconds (0d 0h 0m 0s)

---------------  T H R E A D  ---------------

Current thread (0x00000176e879df70):  JavaThread "C2 CompilerThread1" daemon [_thread_in_native, id=15184, stack(0x00000008ac400000,0x00000008ac500000)]


Current CompileTask:
C2:    131  565   !   4       java.util.zip.ZipFile$Source::checkAndAddEntry (249 bytes)

Stack: [0x00000008ac400000,0x00000008ac500000]
Native frames: (J=compiled Java code, j=interpreted, Vv=VM code, C=native code)
V  [jvm.dll+0x6ee21a]
V  [jvm.dll+0x85765e]
V  [jvm.dll+0x85904e]
V  [jvm.dll+0x859703]
V  [jvm.dll+0x28298f]
V  [jvm.dll+0xc9adf]
V  [jvm.dll+0xc9e65]
V  [jvm.dll+0x2f7caf]
V  [jvm.dll+0x5f076b]
V  [jvm.dll+0x25590c]
V  [jvm.dll+0x24e1a7]
V  [jvm.dll+0x24b673]
V  [jvm.dll+0x1d6ce1]
V  [jvm.dll+0x25b25a]
V  [jvm.dll+0x2596e8]
V  [jvm.dll+0x807588]
V  [jvm.dll+0x80125a]
V  [jvm.dll+0x6ecf0b]
C  [ucrtbase.dll+0x29333]
C  [KERNEL32.DLL+0x1259d]
C  [ntdll.dll+0x5af38]


---------------  P R O C E S S  ---------------

Threads class SMR info:
_java_thread_list=0x00000176e8793a40, length=19, elements={
0x00000176c061edb0, 0x00000176e433dab0, 0x00000176e433e7a0, 0x00000176e4344e60,
0x00000176e43487b0, 0x00000176e434bea0, 0x00000176e4350470, 0x00000176e4351c80,
0x00000176e4354da0, 0x00000176e8530040, 0x00000176e85c22f0, 0x00000176e8626260,
0x00000176e8631830, 0x00000176e8631db0, 0x00000176e866c2f0, 0x00000176e86b70c0,
0x00000176e879df70, 0x00000176e87ac800, 0x00000176e87b7f60
}

Java Threads: ( => current thread )
  0x00000176c061edb0 JavaThread "main" [_thread_in_Java, id=1908, stack(0x00000008aad00000,0x00000008aae00000)]
  0x00000176e433dab0 JavaThread "Reference Handler" daemon [_thread_blocked, id=16056, stack(0x00000008ab400000,0x00000008ab500000)]
  0x00000176e433e7a0 JavaThread "Finalizer" daemon [_thread_blocked, id=5900, stack(0x00000008ab500000,0x00000008ab600000)]
  0x00000176e4344e60 JavaThread "Signal Dispatcher" daemon [_thread_blocked, id=21396, stack(0x00000008ab600000,0x00000008ab700000)]
  0x00000176e43487b0 JavaThread "Attach Listener" daemon [_thread_blocked, id=788, stack(0x00000008ab700000,0x00000008ab800000)]
  0x00000176e434bea0 JavaThread "Service Thread" daemon [_thread_blocked, id=23528, stack(0x00000008ab800000,0x00000008ab900000)]
  0x00000176e4350470 JavaThread "Monitor Deflation Thread" daemon [_thread_blocked, id=17976, stack(0x00000008ab900000,0x00000008aba00000)]
  0x00000176e4351c80 JavaThread "C2 CompilerThread0" daemon [_thread_blocked, id=16928, stack(0x00000008aba00000,0x00000008abb00000)]
  0x00000176e4354da0 JavaThread "C1 CompilerThread0" daemon [_thread_blocked, id=23264, stack(0x00000008abb00000,0x00000008abc00000)]
  0x00000176e8530040 JavaThread "Sweeper thread" daemon [_thread_blocked, id=22512, stack(0x00000008abc00000,0x00000008abd00000)]
  0x00000176e85c22f0 JavaThread "C1 CompilerThread1" daemon [_thread_blocked, id=7300, stack(0x00000008abd00000,0x00000008abe00000)]
  0x00000176e8626260 JavaThread "C1 CompilerThread2" daemon [_thread_in_native, id=7632, stack(0x00000008abe00000,0x00000008abf00000)]
  0x00000176e8631830 JavaThread "C1 CompilerThread3" daemon [_thread_blocked, id=3356, stack(0x00000008abf00000,0x00000008ac000000)]
  0x00000176e8631db0 JavaThread "Notification Thread" daemon [_thread_blocked, id=1932, stack(0x00000008ac000000,0x00000008ac100000)]
  0x00000176e866c2f0 JavaThread "Common-Cleaner" daemon [_thread_blocked, id=22940, stack(0x00000008ac200000,0x00000008ac300000)]
  0x00000176e86b70c0 JavaThread "surefire-forkedjvm-command-thread" daemon [_thread_in_native, id=23044, stack(0x00000008ac300000,0x00000008ac400000)]
=>0x00000176e879df70 JavaThread "C2 CompilerThread1" daemon [_thread_in_native, id=15184, stack(0x00000008ac400000,0x00000008ac500000)]
  0x00000176e87ac800 JavaThread "C2 CompilerThread2" daemon [_thread_blocked, id=21476, stack(0x00000008ac500000,0x00000008ac600000)]
  0x00000176e87b7f60 JavaThread "surefire-forkedjvm-ping-30s" daemon [_thread_blocked, id=11652, stack(0x00000008ac600000,0x00000008ac700000)]

Other Threads:
  0x00000176e43236e0 VMThread "VM Thread" [stack: 0x00000008ab300000,0x00000008ab400000] [id=22888]
  0x00000176e866ae60 WatcherThread "VM Periodic Task Thread" [stack: 0x00000008ac100000,0x00000008ac200000] [id=18740]
  0x00000176c0691620 WorkerThread "GC Thread#0" [stack: 0x00000008aae00000,0x00000008aaf00000] [id=17952]
  0x00000176c06a1ea0 ConcurrentGCThread "G1 Main Marker" [stack: 0x00000008aaf00000,0x00000008ab000000] [id=10888]
  0x00000176c06a3120 WorkerThread "G1 Conc#0" [stack: 0x00000008ab000000,0x00000008ab100000] [id=15316]
  0x00000176e41de7b0 ConcurrentGCThread "G1 Refine#0" [stack: 0x00000008ab100000,0x00000008ab200000] [id=10852]
  0x00000176e41df200 ConcurrentGCThread "G1 Service" [stack: 0x00000008ab200000,0x00000008ab300000] [id=3772]

Threads with active compile tasks:
C1 CompilerThread2      139  618   !   3       java.util.zip.InflaterInputStream::read (122 bytes)
C2 CompilerThread1      139  565   !   4       java.util.zip.ZipFile$Source::checkAndAddEntry (249 bytes)

VM state: not at safepoint (normal execution)

VM Mutex/Monitor currently owned by a thread: None

Heap address: 0x0000000705e00000, size: 4002 MB, Compressed Oops mode: Zero based, Oop shift amount: 3

CDS archive(s) mapped at: [0x0000000800000000-0x0000000800c40000-0x0000000800c40000), size 12845056, SharedBaseAddress: 0x0000000800000000, ArchiveRelocationMode: 0.
Compressed class space mapped at: 0x0000000801000000-0x0000000841000000, reserved size: 1073741824
Narrow klass base: 0x0000000800000000, Narrow klass shift: 0, Narrow klass range: 0x100000000

GC Precious Log:
 CardTable entry size: 512
 Card Set container configuration: InlinePtr #cards 4 size 8 Array Of Cards #cards 16 size 48 Howl #buckets 8 coarsen threshold 3686 Howl Bitmap #cards 512 size 80 coarsen threshold 460 Card regions per heap region 1 cards per card region 4096
 CPUs: 16 total, 16 available
 Memory: 16004M
 Large Page Support: Disabled
 NUMA Support: Disabled
 Compressed Oops: Enabled (Zero based)
 Heap Region Size: 2M
 Heap Min Capacity: 8M
 Heap Initial Capacity: 252M
 Heap Max Capacity: 4002M
 Pre-touch: Disabled
 Parallel Workers: 13
 Concurrent Workers: 3
 Concurrent Refinement Workers: 13
 Periodic GC: Disabled

Heap:
 garbage-first heap   total 258048K, used 10240K [0x0000000705e00000, 0x0000000800000000)
  region size 2048K, 6 young (12288K), 0 survivors (0K)
 Metaspace       used 2087K, committed 2240K, reserved 1114112K
  class space    used 177K, committed 256K, reserved 1048576K

Heap Regions: E=young(eden), S=young(survivor), O=old, HS=humongous(starts), HC=humongous(continues), CS=collection set, F=free, OA=open archive, CA=closed archive, TAMS=top-at-mark-start (previous, next)
|   0|0x0000000705e00000, 0x0000000705e00000, 0x0000000706000000|  0%| F|  |TAMS 0x0000000705e00000, 0x0000000705e00000| Untracked 
|   1|0x0000000706000000, 0x0000000706000000, 0x0000000706200000|  0%| F|  |TAMS 0x0000000706000000, 0x0000000706000000| Untracked 
|   2|0x0000000706200000, 0x0000000706200000, 0x0000000706400000|  0%| F|  |TAMS 0x0000000706200000, 0x0000000706200000| Untracked 
|   3|0x0000000706400000, 0x0000000706400000, 0x0000000706600000|  0%| F|  |TAMS 0x0000000706400000, 0x0000000706400000| Untracked 
|   4|0x0000000706600000, 0x0000000706600000, 0x0000000706800000|  0%| F|  |TAMS 0x0000000706600000, 0x0000000706600000| Untracked 
|   5|0x0000000706800000, 0x0000000706800000, 0x0000000706a00000|  0%| F|  |TAMS 0x0000000706800000, 0x0000000706800000| Untracked 
|   6|0x0000000706a00000, 0x0000000706a00000, 0x0000000706c00000|  0%| F|  |TAMS 0x0000000706a00000, 0x0000000706a00000| Untracked 
|   7|0x0000000706c00000, 0x0000000706c00000, 0x0000000706e00000|  0%| F|  |TAMS 0x0000000706c00000, 0x0000000706c00000| Untracked 
|   8|0x0000000706e00000, 0x0000000706e00000, 0x0000000707000000|  0%| F|  |TAMS 0x0000000706e00000, 0x0000000706e00000| Untracked 
|   9|0x0000000707000000, 0x0000000707000000, 0x0000000707200000|  0%| F|  |TAMS 0x0000000707000000, 0x0000000707000000| Untracked 
|  10|0x0000000707200000, 0x0000000707200000, 0x0000000707400000|  0%| F|  |TAMS 0x0000000707200000, 0x0000000707200000| Untracked 
|  11|0x0000000707400000, 0x0000000707400000, 0x0000000707600000|  0%| F|  |TAMS 0x0000000707400000, 0x0000000707400000| Untracked 
|  12|0x0000000707600000, 0x0000000707600000, 0x0000000707800000|  0%| F|  |TAMS 0x0000000707600000, 0x0000000707600000| Untracked 
|  13|0x0000000707800000, 0x0000000707800000, 0x0000000707a00000|  0%| F|  |TAMS 0x0000000707800000, 0x0000000707800000| Untracked 
|  14|0x0000000707a00000, 0x0000000707a00000, 0x0000000707c00000|  0%| F|  |TAMS 0x0000000707a00000, 0x0000000707a00000| Untracked 
|  15|0x0000000707c00000, 0x0000000707c00000, 0x0000000707e00000|  0%| F|  |TAMS 0x0000000707c00000, 0x0000000707c00000| Untracked 
|  16|0x0000000707e00000, 0x0000000707e00000, 0x0000000708000000|  0%| F|  |TAMS 0x0000000707e00000, 0x0000000707e00000| Untracked 
|  17|0x0000000708000000, 0x0000000708000000, 0x0000000708200000|  0%| F|  |TAMS 0x0000000708000000, 0x0000000708000000| Untracked 
|  18|0x0000000708200000, 0x0000000708200000, 0x0000000708400000|  0%| F|  |TAMS 0x0000000708200000, 0x0000000708200000| Untracked 
|  19|0x0000000708400000, 0x0000000708400000, 0x0000000708600000|  0%| F|  |TAMS 0x0000000708400000, 0x0000000708400000| Untracked 
|  20|0x0000000708600000, 0x0000000708600000, 0x0000000708800000|  0%| F|  |TAMS 0x0000000708600000, 0x0000000708600000| Untracked 
|  21|0x0000000708800000, 0x0000000708800000, 0x0000000708a00000|  0%| F|  |TAMS 0x0000000708800000, 0x0000000708800000| Untracked 
|  22|0x0000000708a00000, 0x0000000708a00000, 0x0000000708c00000|  0%| F|  |TAMS 0x0000000708a00000, 0x0000000708a00000| Untracked 
|  23|0x0000000708c00000, 0x0000000708c00000, 0x0000000708e00000|  0%| F|  |TAMS 0x0000000708c00000, 0x0000000708c00000| Untracked 
|  24|0x0000000708e00000, 0x0000000708e00000, 0x0000000709000000|  0%| F|  |TAMS 0x0000000708e00000, 0x0000000708e00000| Untracked 
|  25|0x0000000709000000, 0x0000000709000000, 0x0000000709200000|  0%| F|  |TAMS 0x0000000709000000, 0x0000000709000000| Untracked 
|  26|0x0000000709200000, 0x0000000709200000, 0x0000000709400000|  0%| F|  |TAMS 0x0000000709200000, 0x0000000709200000| Untracked 
|  27|0x0000000709400000, 0x0000000709400000, 0x0000000709600000|  0%| F|  |TAMS 0x0000000709400000, 0x0000000709400000| Untracked 
|  28|0x0000000709600000, 0x0000000709600000, 0x0000000709800000|  0%| F|  |TAMS 0x0000000709600000, 0x0000000709600000| Untracked 
|  29|0x0000000709800000, 0x0000000709800000, 0x0000000709a00000|  0%| F|  |TAMS 0x0000000709800000, 0x0000000709800000| Untracked 
|  30|0x0000000709a00000, 0x0000000709a00000, 0x0000000709c00000|  0%| F|  |TAMS 0x0000000709a00000, 0x0000000709a00000| Untracked 
|  31|0x0000000709c00000, 0x0000000709c00000, 0x0000000709e00000|  0%| F|  |TAMS 0x0000000709c00000, 0x0000000709c00000| Untracked 
|  32|0x0000000709e00000, 0x0000000709e00000, 0x000000070a000000|  0%| F|  |TAMS 0x0000000709e00000, 0x0000000709e00000| Untracked 
|  33|0x000000070a000000, 0x000000070a000000, 0x000000070a200000|  0%| F|  |TAMS 0x000000070a000000, 0x000000070a000000| Untracked 
|  34|0x000000070a200000, 0x000000070a200000, 0x000000070a400000|  0%| F|  |TAMS 0x000000070a200000, 0x000000070a200000| Untracked 
|  35|0x000000070a400000, 0x000000070a400000, 0x000000070a600000|  0%| F|  |TAMS 0x000000070a400000, 0x000000070a400000| Untracked 
|  36|0x000000070a600000, 0x000000070a600000, 0x000000070a800000|  0%| F|  |TAMS 0x000000070a600000, 0x000000070a600000| Untracked 
|  37|0x000000070a800000, 0x000000070a800000, 0x000000070aa00000|  0%| F|  |TAMS 0x000000070a800000, 0x000000070a800000| Untracked 
|  38|0x000000070aa00000, 0x000000070aa00000, 0x000000070ac00000|  0%| F|  |TAMS 0x000000070aa00000, 0x000000070aa00000| Untracked 
|  39|0x000000070ac00000, 0x000000070ac00000, 0x000000070ae00000|  0%| F|  |TAMS 0x000000070ac00000, 0x000000070ac00000| Untracked 
|  40|0x000000070ae00000, 0x000000070ae00000, 0x000000070b000000|  0%| F|  |TAMS 0x000000070ae00000, 0x000000070ae00000| Untracked 
|  41|0x000000070b000000, 0x000000070b000000, 0x000000070b200000|  0%| F|  |TAMS 0x000000070b000000, 0x000000070b000000| Untracked 
|  42|0x000000070b200000, 0x000000070b200000, 0x000000070b400000|  0%| F|  |TAMS 0x000000070b200000, 0x000000070b200000| Untracked 
|  43|0x000000070b400000, 0x000000070b400000, 0x000000070b600000|  0%| F|  |TAMS 0x000000070b400000, 0x000000070b400000| Untracked 
|  44|0x000000070b600000, 0x000000070b600000, 0x000000070b800000|  0%| F|  |TAMS 0x000000070b600000, 0x000000070b600000| Untracked 
|  45|0x000000070b800000, 0x000000070b800000, 0x000000070ba00000|  0%| F|  |TAMS 0x000000070b800000, 0x000000070b800000| Untracked 
|  46|0x000000070ba00000, 0x000000070ba00000, 0x000000070bc00000|  0%| F|  |TAMS 0x000000070ba00000, 0x000000070ba00000| Untracked 
|  47|0x000000070bc00000, 0x000000070bc00000, 0x000000070be00000|  0%| F|  |TAMS 0x000000070bc00000, 0x000000070bc00000| Untracked 
|  48|0x000000070be00000, 0x000000070be00000, 0x000000070c000000|  0%| F|  |TAMS 0x000000070be00000, 0x000000070be00000| Untracked 
|  49|0x000000070c000000, 0x000000070c000000, 0x000000070c200000|  0%| F|  |TAMS 0x000000070c000000, 0x000000070c000000| Untracked 
|  50|0x000000070c200000, 0x000000070c200000, 0x000000070c400000|  0%| F|  |TAMS 0x000000070c200000, 0x000000070c200000| Untracked 
|  51|0x000000070c400000, 0x000000070c400000, 0x000000070c600000|  0%| F|  |TAMS 0x000000070c400000, 0x000000070c400000| Untracked 
|  52|0x000000070c600000, 0x000000070c600000, 0x000000070c800000|  0%| F|  |TAMS 0x000000070c600000, 0x000000070c600000| Untracked 
|  53|0x000000070c800000, 0x000000070c800000, 0x000000070ca00000|  0%| F|  |TAMS 0x000000070c800000, 0x000000070c800000| Untracked 
|  54|0x000000070ca00000, 0x000000070ca00000, 0x000000070cc00000|  0%| F|  |TAMS 0x000000070ca00000, 0x000000070ca00000| Untracked 
|  55|0x000000070cc00000, 0x000000070cc00000, 0x000000070ce00000|  0%| F|  |TAMS 0x000000070cc00000, 0x000000070cc00000| Untracked 
|  56|0x000000070ce00000, 0x000000070ce00000, 0x000000070d000000|  0%| F|  |TAMS 0x000000070ce00000, 0x000000070ce00000| Untracked 
|  57|0x000000070d000000, 0x000000070d000000, 0x000000070d200000|  0%| F|  |TAMS 0x000000070d000000, 0x000000070d000000| Untracked 
|  58|0x000000070d200000, 0x000000070d200000, 0x000000070d400000|  0%| F|  |TAMS 0x000000070d200000, 0x000000070d200000| Untracked 
|  59|0x000000070d400000, 0x000000070d400000, 0x000000070d600000|  0%| F|  |TAMS 0x000000070d400000, 0x000000070d400000| Untracked 
|  60|0x000000070d600000, 0x000000070d600000, 0x000000070d800000|  0%| F|  |TAMS 0x000000070d600000, 0x000000070d600000| Untracked 
|  61|0x000000070d800000, 0x000000070d800000, 0x000000070da00000|  0%| F|  |TAMS 0x000000070d800000, 0x000000070d800000| Untracked 
|  62|0x000000070da00000, 0x000000070da00000, 0x000000070dc00000|  0%| F|  |TAMS 0x000000070da00000, 0x000000070da00000| Untracked 
|  63|0x000000070dc00000, 0x000000070dc00000, 0x000000070de00000|  0%| F|  |TAMS 0x000000070dc00000, 0x000000070dc00000| Untracked 
|  64|0x000000070de00000, 0x000000070de00000, 0x000000070e000000|  0%| F|  |TAMS 0x000000070de00000, 0x000000070de00000| Untracked 
|  65|0x000000070e000000, 0x000000070e000000, 0x000000070e200000|  0%| F|  |TAMS 0x000000070e000000, 0x000000070e000000| Untracked 
|  66|0x000000070e200000, 0x000000070e200000, 0x000000070e400000|  0%| F|  |TAMS 0x000000070e200000, 0x000000070e200000| Untracked 
|  67|0x000000070e400000, 0x000000070e400000, 0x000000070e600000|  0%| F|  |TAMS 0x000000070e400000, 0x000000070e400000| Untracked 
|  68|0x000000070e600000, 0x000000070e600000, 0x000000070e800000|  0%| F|  |TAMS 0x000000070e600000, 0x000000070e600000| Untracked 
|  69|0x000000070e800000, 0x000000070e800000, 0x000000070ea00000|  0%| F|  |TAMS 0x000000070e800000, 0x000000070e800000| Untracked 
|  70|0x000000070ea00000, 0x000000070ea00000, 0x000000070ec00000|  0%| F|  |TAMS 0x000000070ea00000, 0x000000070ea00000| Untracked 
|  71|0x000000070ec00000, 0x000000070ec00000, 0x000000070ee00000|  0%| F|  |TAMS 0x000000070ec00000, 0x000000070ec00000| Untracked 
|  72|0x000000070ee00000, 0x000000070ee00000, 0x000000070f000000|  0%| F|  |TAMS 0x000000070ee00000, 0x000000070ee00000| Untracked 
|  73|0x000000070f000000, 0x000000070f000000, 0x000000070f200000|  0%| F|  |TAMS 0x000000070f000000, 0x000000070f000000| Untracked 
|  74|0x000000070f200000, 0x000000070f200000, 0x000000070f400000|  0%| F|  |TAMS 0x000000070f200000, 0x000000070f200000| Untracked 
|  75|0x000000070f400000, 0x000000070f400000, 0x000000070f600000|  0%| F|  |TAMS 0x000000070f400000, 0x000000070f400000| Untracked 
|  76|0x000000070f600000, 0x000000070f600000, 0x000000070f800000|  0%| F|  |TAMS 0x000000070f600000, 0x000000070f600000| Untracked 
|  77|0x000000070f800000, 0x000000070f800000, 0x000000070fa00000|  0%| F|  |TAMS 0x000000070f800000, 0x000000070f800000| Untracked 
|  78|0x000000070fa00000, 0x000000070fa00000, 0x000000070fc00000|  0%| F|  |TAMS 0x000000070fa00000, 0x000000070fa00000| Untracked 
|  79|0x000000070fc00000, 0x000000070fc00000, 0x000000070fe00000|  0%| F|  |TAMS 0x000000070fc00000, 0x000000070fc00000| Untracked 
|  80|0x000000070fe00000, 0x000000070fe00000, 0x0000000710000000|  0%| F|  |TAMS 0x000000070fe00000, 0x000000070fe00000| Untracked 
|  81|0x0000000710000000, 0x0000000710000000, 0x0000000710200000|  0%| F|  |TAMS 0x0000000710000000, 0x0000000710000000| Untracked 
|  82|0x0000000710200000, 0x0000000710200000, 0x0000000710400000|  0%| F|  |TAMS 0x0000000710200000, 0x0000000710200000| Untracked 
|  83|0x0000000710400000, 0x0000000710400000, 0x0000000710600000|  0%| F|  |TAMS 0x0000000710400000, 0x0000000710400000| Untracked 
|  84|0x0000000710600000, 0x0000000710600000, 0x0000000710800000|  0%| F|  |TAMS 0x0000000710600000, 0x0000000710600000| Untracked 
|  85|0x0000000710800000, 0x0000000710800000, 0x0000000710a00000|  0%| F|  |TAMS 0x0000000710800000, 0x0000000710800000| Untracked 
|  86|0x0000000710a00000, 0x0000000710a00000, 0x0000000710c00000|  0%| F|  |TAMS 0x0000000710a00000, 0x0000000710a00000| Untracked 
|  87|0x0000000710c00000, 0x0000000710c00000, 0x0000000710e00000|  0%| F|  |TAMS 0x0000000710c00000, 0x0000000710c00000| Untracked 
|  88|0x0000000710e00000, 0x0000000710e00000, 0x0000000711000000|  0%| F|  |TAMS 0x0000000710e00000, 0x0000000710e00000| Untracked 
|  89|0x0000000711000000, 0x0000000711000000, 0x0000000711200000|  0%| F|  |TAMS 0x0000000711000000, 0x0000000711000000| Untracked 
|  90|0x0000000711200000, 0x0000000711200000, 0x0000000711400000|  0%| F|  |TAMS 0x0000000711200000, 0x0000000711200000| Untracked 
|  91|0x0000000711400000, 0x0000000711400000, 0x0000000711600000|  0%| F|  |TAMS 0x0000000711400000, 0x0000000711400000| Untracked 
|  92|0x0000000711600000, 0x0000000711600000, 0x0000000711800000|  0%| F|  |TAMS 0x0000000711600000, 0x0000000711600000| Untracked 
|  93|0x0000000711800000, 0x0000000711800000, 0x0000000711a00000|  0%| F|  |TAMS 0x0000000711800000, 0x0000000711800000| Untracked 
|  94|0x0000000711a00000, 0x0000000711a00000, 0x0000000711c00000|  0%| F|  |TAMS 0x0000000711a00000, 0x0000000711a00000| Untracked 
|  95|0x0000000711c00000, 0x0000000711c00000, 0x0000000711e00000|  0%| F|  |TAMS 0x0000000711c00000, 0x0000000711c00000| Untracked 
|  96|0x0000000711e00000, 0x0000000711e00000, 0x0000000712000000|  0%| F|  |TAMS 0x0000000711e00000, 0x0000000711e00000| Untracked 
|  97|0x0000000712000000, 0x0000000712000000, 0x0000000712200000|  0%| F|  |TAMS 0x0000000712000000, 0x0000000712000000| Untracked 
|  98|0x0000000712200000, 0x0000000712200000, 0x0000000712400000|  0%| F|  |TAMS 0x0000000712200000, 0x0000000712200000| Untracked 
|  99|0x0000000712400000, 0x0000000712400000, 0x0000000712600000|  0%| F|  |TAMS 0x0000000712400000, 0x0000000712400000| Untracked 
| 100|0x0000000712600000, 0x0000000712600000, 0x0000000712800000|  0%| F|  |TAMS 0x0000000712600000, 0x0000000712600000| Untracked 
| 101|0x0000000712800000, 0x0000000712800000, 0x0000000712a00000|  0%| F|  |TAMS 0x0000000712800000, 0x0000000712800000| Untracked 
| 102|0x0000000712a00000, 0x0000000712a00000, 0x0000000712c00000|  0%| F|  |TAMS 0x0000000712a00000, 0x0000000712a00000| Untracked 
| 103|0x0000000712c00000, 0x0000000712c00000, 0x0000000712e00000|  0%| F|  |TAMS 0x0000000712c00000, 0x0000000712c00000| Untracked 
| 104|0x0000000712e00000, 0x0000000712e00000, 0x0000000713000000|  0%| F|  |TAMS 0x0000000712e00000, 0x0000000712e00000| Untracked 
| 105|0x0000000713000000, 0x0000000713000000, 0x0000000713200000|  0%| F|  |TAMS 0x0000000713000000, 0x0000000713000000| Untracked 
| 106|0x0000000713200000, 0x0000000713200000, 0x0000000713400000|  0%| F|  |TAMS 0x0000000713200000, 0x0000000713200000| Untracked 
| 107|0x0000000713400000, 0x0000000713400000, 0x0000000713600000|  0%| F|  |TAMS 0x0000000713400000, 0x0000000713400000| Untracked 
| 108|0x0000000713600000, 0x0000000713600000, 0x0000000713800000|  0%| F|  |TAMS 0x0000000713600000, 0x0000000713600000| Untracked 
| 109|0x0000000713800000, 0x0000000713800000, 0x0000000713a00000|  0%| F|  |TAMS 0x0000000713800000, 0x0000000713800000| Untracked 
| 110|0x0000000713a00000, 0x0000000713a00000, 0x0000000713c00000|  0%| F|  |TAMS 0x0000000713a00000, 0x0000000713a00000| Untracked 
| 111|0x0000000713c00000, 0x0000000713c00000, 0x0000000713e00000|  0%| F|  |TAMS 0x0000000713c00000, 0x0000000713c00000| Untracked 
| 112|0x0000000713e00000, 0x0000000713e00000, 0x0000000714000000|  0%| F|  |TAMS 0x0000000713e00000, 0x0000000713e00000| Untracked 
| 113|0x0000000714000000, 0x0000000714000000, 0x0000000714200000|  0%| F|  |TAMS 0x0000000714000000, 0x0000000714000000| Untracked 
| 114|0x0000000714200000, 0x0000000714200000, 0x0000000714400000|  0%| F|  |TAMS 0x0000000714200000, 0x0000000714200000| Untracked 
| 115|0x0000000714400000, 0x0000000714400000, 0x0000000714600000|  0%| F|  |TAMS 0x0000000714400000, 0x0000000714400000| Untracked 
| 116|0x0000000714600000, 0x0000000714600000, 0x0000000714800000|  0%| F|  |TAMS 0x0000000714600000, 0x0000000714600000| Untracked 
| 117|0x0000000714800000, 0x0000000714800000, 0x0000000714a00000|  0%| F|  |TAMS 0x0000000714800000, 0x0000000714800000| Untracked 
| 118|0x0000000714a00000, 0x0000000714a00000, 0x0000000714c00000|  0%| F|  |TAMS 0x0000000714a00000, 0x0000000714a00000| Untracked 
| 119|0x0000000714c00000, 0x0000000714c00000, 0x0000000714e00000|  0%| F|  |TAMS 0x0000000714c00000, 0x0000000714c00000| Untracked 
| 120|0x0000000714e00000, 0x0000000714faad00, 0x0000000715000000| 83%| E|  |TAMS 0x0000000714e00000, 0x0000000714e00000| Complete 
| 121|0x0000000715000000, 0x0000000715200000, 0x0000000715200000|100%| E|CS|TAMS 0x0000000715000000, 0x0000000715000000| Complete 
| 122|0x0000000715200000, 0x0000000715400000, 0x0000000715400000|100%| E|CS|TAMS 0x0000000715200000, 0x0000000715200000| Complete 
| 123|0x0000000715400000, 0x0000000715600000, 0x0000000715600000|100%| E|CS|TAMS 0x0000000715400000, 0x0000000715400000| Complete 
| 124|0x0000000715600000, 0x0000000715800000, 0x0000000715800000|100%| E|CS|TAMS 0x0000000715600000, 0x0000000715600000| Complete 
| 125|0x0000000715800000, 0x0000000715a00000, 0x0000000715a00000|100%| E|CS|TAMS 0x0000000715800000, 0x0000000715800000| Complete 

Card table byte_map: [0x00000176d85e0000,0x00000176d8dc0000] _byte_map_base: 0x00000176d4db1000

Marking Bits (Prev, Next): (CMBitMap*) 0x00000176c0691b60, (CMBitMap*) 0x00000176c0691ba0
 Prev Bits: [0x00000176d95a0000, 0x00000176dd428000)
 Next Bits: [0x00000176dd430000, 0x00000176e12b8000)

Polling page: 0x00000176bfde0000

Metaspace:

Usage:
  Non-class:      1.90 MB used.
      Class:    179.53 KB used.
       Both:      2.07 MB used.

Virtual space:
  Non-class space:       64.00 MB reserved,       1.94 MB (  3%) committed,  1 nodes.
      Class space:        1.00 GB reserved,     256.00 KB ( <1%) committed,  1 nodes.
             Both:        1.06 GB reserved,       2.19 MB ( <1%) committed. 

Chunk freelists:
   Non-Class:  3.50 MB
       Class:  3.68 MB
        Both:  7.18 MB

MaxMetaspaceSize: unlimited
CompressedClassSpaceSize: 1.00 GB
Initial GC threshold: 21.00 MB
Current GC threshold: 21.00 MB
CDS: on
MetaspaceReclaimPolicy: balanced
 - commit_granule_bytes: 65536.
 - commit_granule_words: 8192.
 - virtual_space_node_default_size: 8388608.
 - enlarge_chunks_in_place: 1.
 - new_chunks_are_fully_committed: 0.
 - uncommit_free_chunks: 1.
 - use_allocation_guard: 0.


Internal statistics:

num_allocs_failed_limit: 0.
num_arena_births: 22.
num_arena_deaths: 0.
num_vsnodes_births: 2.
num_vsnodes_deaths: 0.
num_space_committed: 35.
num_space_uncommitted: 0.
num_chunks_returned_to_freelist: 0.
num_chunks_taken_from_freelist: 50.
num_chunk_merges: 0.
num_chunk_splits: 32.
num_chunks_enlarged: 26.
num_inconsistent_stats: 0.

CodeHeap 'non-profiled nmethods': size=119168Kb used=172Kb max_used=172Kb free=118995Kb
 bounds [0x00000176d0120000, 0x00000176d0390000, 0x00000176d7580000]
CodeHeap 'profiled nmethods': size=119104Kb used=1002Kb max_used=1002Kb free=118101Kb
 bounds [0x00000176c8580000, 0x00000176c87f0000, 0x00000176cf9d0000]
CodeHeap 'non-nmethods': size=7488Kb used=2931Kb max_used=2960Kb free=4556Kb
 bounds [0x00000176cf9d0000, 0x00000176cfcc0000, 0x00000176d0120000]
 total_blobs=1075 nmethods=626 adapters=357
 compilation: enabled
              stopped_count=0, restarted_count=0
 full_count=0

Compilation events (20 events):
Event: 0.128 Thread 0x00000176e87ac800 nmethod 553 0x00000176d0147a90 code [0x00000176d0147c60, 0x00000176d0147f80]
Event: 0.129 Thread 0x00000176e87ac800  566       4       java.util.zip.ZipFile$Source::isMetaName (141 bytes)
Event: 0.129 Thread 0x00000176e8626260  571       3       java.nio.Buffer::checkIndex (9 bytes)
Event: 0.129 Thread 0x00000176e85c22f0  570       3       java.nio.Buffer::session (20 bytes)
Event: 0.129 Thread 0x00000176e8631830  572   !   3       jdk.internal.loader.URLClassPath$JarLoader::getResource (65 bytes)
Event: 0.129 Thread 0x00000176e4354da0  573       3       java.util.jar.JarFile::getJarEntry (9 bytes)
Event: 0.129 Thread 0x00000176e8626260 nmethod 571 0x00000176c8660090 code [0x00000176c8660240, 0x00000176c86603f8]
Event: 0.129 Thread 0x00000176e8626260  574       3       java.util.jar.JarFile::getEntry (35 bytes)
Event: 0.129 Thread 0x00000176e4351c80 nmethod 552 0x00000176d0148190 code [0x00000176d0148360, 0x00000176d0148660]
Event: 0.129 Thread 0x00000176e85c22f0 nmethod 570 0x00000176c8660510 code [0x00000176c86606e0, 0x00000176c86609c8]
Event: 0.129 Thread 0x00000176e85c22f0  575       3       java.util.ArrayDeque::inc (12 bytes)
Event: 0.129 Thread 0x00000176e4354da0 nmethod 573 0x00000176c8660a90 code [0x00000176c8660c80, 0x00000176c8661158]
Event: 0.129 Thread 0x00000176e8631830 nmethod 572 0x00000176c8661290 code [0x00000176c8661500, 0x00000176c8661ea8]
Event: 0.129 Thread 0x00000176e4351c80  567       4       java.util.zip.ZipFile$Source::nextEntryPos (22 bytes)
Event: 0.129 Thread 0x00000176e8626260 nmethod 574 0x00000176c8662210 code [0x00000176c8662400, 0x00000176c8662898]
Event: 0.129 Thread 0x00000176e85c22f0 nmethod 575 0x00000176c8662a10 code [0x00000176c8662ba0, 0x00000176c8662cd8]
Event: 0.130 Thread 0x00000176e87ac800 nmethod 566 0x00000176d0148c90 code [0x00000176d0148e20, 0x00000176d0149078]
Event: 0.130 Thread 0x00000176e4351c80 nmethod 567 0x00000176d0149290 code [0x00000176d0149420, 0x00000176d0149558]
Event: 0.130 Thread 0x00000176e85c22f0  577       3       java.lang.ref.Cleaner::register (25 bytes)
Event: 0.130 Thread 0x00000176e8631830  578       3       jdk.internal.ref.CleanerImpl$PhantomCleanableRef::<init> (12 bytes)

GC Heap History (0 events):
No events

Dll operation events (9 events):
Event: 0.004 Loaded shared library C:\Program Files\Java\jdk-19\bin\java.dll
Event: 0.010 Loaded shared library C:\Program Files\Java\jdk-19\bin\jsvml.dll
Event: 0.035 Loaded shared library C:\Program Files\Java\jdk-19\bin\net.dll
Event: 0.036 Loaded shared library C:\Program Files\Java\jdk-19\bin\nio.dll
Event: 0.037 Loaded shared library C:\Program Files\Java\jdk-19\bin\zip.dll
Event: 0.061 Loaded shared library C:\Program Files\Java\jdk-19\bin\management.dll
Event: 0.064 Loaded shared library C:\Program Files\Java\jdk-19\bin\management_ext.dll
Event: 0.081 Loaded shared library C:\Program Files\Java\jdk-19\bin\jimage.dll
Event: 0.108 Loaded shared library C:\Program Files\Java\jdk-19\bin\verify.dll

Deoptimization events (20 events):
Event: 0.097 Thread 0x00000176c061edb0 Uncommon trap: trap_request=0xffffff45 fr.pc=0x00000176d0128824 relative=0x00000000000001e4
Event: 0.097 Thread 0x00000176c061edb0 Uncommon trap: reason=unstable_if action=reinterpret pc=0x00000176d0128824 method=java.lang.StringLatin1.canEncode(I)Z @ 4 c2
Event: 0.097 Thread 0x00000176c061edb0 DEOPT PACKING pc=0x00000176d0128824 sp=0x00000008aadfec90
Event: 0.097 Thread 0x00000176c061edb0 DEOPT UNPACKING pc=0x00000176cfa36da3 sp=0x00000008aadfeba8 mode 2
Event: 0.097 Thread 0x00000176c061edb0 Uncommon trap: trap_request=0xffffff45 fr.pc=0x00000176d0129a2c relative=0x00000000000001ec
Event: 0.097 Thread 0x00000176c061edb0 Uncommon trap: reason=unstable_if action=reinterpret pc=0x00000176d0129a2c method=java.lang.AbstractStringBuilder.isLatin1()Z @ 10 c2
Event: 0.097 Thread 0x00000176c061edb0 DEOPT PACKING pc=0x00000176d0129a2c sp=0x00000008aadfec30
Event: 0.097 Thread 0x00000176c061edb0 DEOPT UNPACKING pc=0x00000176cfa36da3 sp=0x00000008aadfeba0 mode 2
Event: 0.102 Thread 0x00000176c061edb0 Uncommon trap: trap_request=0xffffff45 fr.pc=0x00000176d0133664 relative=0x0000000000000144
Event: 0.102 Thread 0x00000176c061edb0 Uncommon trap: reason=unstable_if action=reinterpret pc=0x00000176d0133664 method=java.util.concurrent.locks.ReentrantLock$NonfairSync.initialTryLock()Z @ 10 c2
Event: 0.102 Thread 0x00000176c061edb0 DEOPT PACKING pc=0x00000176d0133664 sp=0x00000008aadff400
Event: 0.102 Thread 0x00000176c061edb0 DEOPT UNPACKING pc=0x00000176cfa36da3 sp=0x00000008aadff3a8 mode 2
Event: 0.103 Thread 0x00000176e87b7f60 DEOPT PACKING pc=0x00000176c8596067 sp=0x00000008ac6fe450
Event: 0.103 Thread 0x00000176e87b7f60 DEOPT UNPACKING pc=0x00000176cfa37543 sp=0x00000008ac6fd870 mode 0
Event: 0.109 Thread 0x00000176c061edb0 DEOPT PACKING pc=0x00000176c85944d1 sp=0x00000008aadfea90
Event: 0.109 Thread 0x00000176c061edb0 DEOPT UNPACKING pc=0x00000176cfa37543 sp=0x00000008aadfdf08 mode 0
Event: 0.123 Thread 0x00000176e87b7f60 Uncommon trap: trap_request=0xffffff45 fr.pc=0x00000176d013a73c relative=0x00000000000006bc
Event: 0.123 Thread 0x00000176e87b7f60 Uncommon trap: reason=unstable_if action=reinterpret pc=0x00000176d013a73c method=java.util.regex.Matcher.search(I)Z @ 30 c2
Event: 0.123 Thread 0x00000176e87b7f60 DEOPT PACKING pc=0x00000176d013a73c sp=0x00000008ac6fef40
Event: 0.123 Thread 0x00000176e87b7f60 DEOPT UNPACKING pc=0x00000176cfa36da3 sp=0x00000008ac6fef20 mode 2

Classes loaded (20 events):
Event: 0.120 Loading class java/lang/Process$PipeInputStream
Event: 0.120 Loading class java/lang/Process$PipeInputStream done
Event: 0.120 Loading class java/lang/ProcessBuilder$NullInputStream
Event: 0.120 Loading class java/lang/ProcessBuilder$NullInputStream done
Event: 0.120 Loading class jdk/internal/event/ProcessStartEvent
Event: 0.120 Loading class jdk/internal/event/Event
Event: 0.120 Loading class jdk/internal/event/Event done
Event: 0.120 Loading class jdk/internal/event/ProcessStartEvent done
Event: 0.120 Loading class java/util/Scanner
Event: 0.120 Loading class java/util/Scanner done
Event: 0.122 Loading class java/io/InputStreamReader
Event: 0.122 Loading class java/io/Reader
Event: 0.122 Loading class java/io/Reader done
Event: 0.122 Loading class java/io/InputStreamReader done
Event: 0.122 Loading class sun/nio/cs/StreamDecoder
Event: 0.123 Loading class sun/nio/cs/StreamDecoder done
Event: 0.123 Loading class sun/nio/cs/US_ASCII$Decoder
Event: 0.123 Loading class sun/nio/cs/US_ASCII$Decoder done
Event: 0.123 Loading class java/util/Scanner$PatternLRUCache
Event: 0.123 Loading class java/util/Scanner$PatternLRUCache done

Classes unloaded (0 events):
No events

Classes redefined (0 events):
No events

Internal exceptions (6 events):
Event: 0.058 Thread 0x00000176c061edb0 Exception <a 'java/lang/NoSuchMethodError'{0x000000071541ef98}: 'java.lang.Object java.lang.invoke.DirectMethodHandle$Holder.invokeStaticInit(java.lang.Object)'> (0x000000071541ef98) 
thrown [s\open\src\hotspot\share\interpreter\linkResolver.cpp, line 774]
Event: 0.069 Thread 0x00000176c061edb0 Exception <a 'java/lang/NoSuchMethodError'{0x0000000715456ce8}: 'int java.lang.invoke.DirectMethodHandle$Holder.invokeSpecial(java.lang.Object, java.lang.Object, java.lang.Object)'> (0x0000000715456ce8) 
thrown [s\open\src\hotspot\share\interpreter\linkResolver.cpp, line 774]
Event: 0.117 Thread 0x00000176e87b7f60 Exception <a 'java/lang/NoSuchMethodError'{0x00000007153170d0}: 'void java.lang.invoke.DirectMethodHandle$Holder.invokeStatic(java.lang.Object, long)'> (0x00000007153170d0) 
thrown [s\open\src\hotspot\share\interpreter\linkResolver.cpp, line 774]
Event: 0.117 Thread 0x00000176e87b7f60 Exception <a 'java/lang/NoSuchMethodError'{0x000000071531c7c8}: 'java.lang.Object java.lang.invoke.DirectMethodHandle$Holder.newInvokeSpecial(java.lang.Object, long)'> (0x000000071531c7c8) 
thrown [s\open\src\hotspot\share\interpreter\linkResolver.cpp, line 774]
Event: 0.119 Thread 0x00000176e87b7f60 Exception <a 'java/lang/NoSuchMethodError'{0x0000000715324c50}: 'java.lang.Object java.lang.invoke.DirectMethodHandle$Holder.invokeStatic(java.lang.Object, long, java.lang.Object)'> (0x0000000715324c50) 
thrown [s\open\src\hotspot\share\interpreter\linkResolver.cpp, line 774]
Event: 0.119 Thread 0x00000176e87b7f60 Exception <a 'java/lang/NoSuchMethodError'{0x0000000715328680}: 'java.lang.Object java.lang.invoke.DirectMethodHandle$Holder.invokeStaticInit(java.lang.Object, long, java.lang.Object)'> (0x0000000715328680) 
thrown [s\open\src\hotspot\share\interpreter\linkResolver.cpp, line 774]

VM Operations (6 events):
Event: 0.038 Executing VM operation: HandshakeAllThreads
Event: 0.038 Executing VM operation: HandshakeAllThreads done
Event: 0.093 Executing VM operation: HandshakeAllThreads
Event: 0.093 Executing VM operation: HandshakeAllThreads done
Event: 0.102 Executing VM operation: HandshakeAllThreads
Event: 0.102 Executing VM operation: HandshakeAllThreads done

Events (19 events):
Event: 0.011 Thread 0x00000176c061edb0 Thread added: 0x00000176c061edb0
Event: 0.020 Thread 0x00000176e433dab0 Thread added: 0x00000176e433dab0
Event: 0.020 Thread 0x00000176e433e7a0 Thread added: 0x00000176e433e7a0
Event: 0.021 Thread 0x00000176e4344e60 Thread added: 0x00000176e4344e60
Event: 0.021 Thread 0x00000176e43487b0 Thread added: 0x00000176e43487b0
Event: 0.021 Thread 0x00000176e434bea0 Thread added: 0x00000176e434bea0
Event: 0.022 Thread 0x00000176e4350470 Thread added: 0x00000176e4350470
Event: 0.022 Thread 0x00000176e4351c80 Thread added: 0x00000176e4351c80
Event: 0.023 Thread 0x00000176e4354da0 Thread added: 0x00000176e4354da0
Event: 0.023 Thread 0x00000176e8530040 Thread added: 0x00000176e8530040
Event: 0.030 Thread 0x00000176e85c22f0 Thread added: 0x00000176e85c22f0
Event: 0.030 Thread 0x00000176e8626260 Thread added: 0x00000176e8626260
Event: 0.030 Thread 0x00000176e8631830 Thread added: 0x00000176e8631830
Event: 0.031 Thread 0x00000176e8631db0 Thread added: 0x00000176e8631db0
Event: 0.033 Thread 0x00000176e866c2f0 Thread added: 0x00000176e866c2f0
Event: 0.049 Thread 0x00000176e86b70c0 Thread added: 0x00000176e86b70c0
Event: 0.087 Thread 0x00000176e879df70 Thread added: 0x00000176e879df70
Event: 0.088 Thread 0x00000176e87ac800 Thread added: 0x00000176e87ac800
Event: 0.102 Thread 0x00000176e87b7f60 Thread added: 0x00000176e87b7f60


Dynamic libraries:
0x00007ff6cc8a0000 - 0x00007ff6cc8b0000 	C:\Program Files\Java\jdk-19\bin\java.exe
0x00007ffc2be70000 - 0x00007ffc2c087000 	C:\WINDOWS\SYSTEM32\ntdll.dll
0x00007ffc2aec0000 - 0x00007ffc2af84000 	C:\WINDOWS\System32\KERNEL32.DLL
0x00007ffc29300000 - 0x00007ffc296b9000 	C:\WINDOWS\System32\KERNELBASE.dll
0x00007ffc296f0000 - 0x00007ffc29801000 	C:\WINDOWS\System32\ucrtbase.dll
0x00007ffc05ef0000 - 0x00007ffc05f08000 	C:\Program Files\Java\jdk-19\bin\jli.dll
0x00007ffc07e80000 - 0x00007ffc07e9b000 	C:\Program Files\Java\jdk-19\bin\VCRUNTIME140.dll
0x00007ffc29ec0000 - 0x00007ffc29f72000 	C:\WINDOWS\System32\ADVAPI32.dll
0x00007ffc2b280000 - 0x00007ffc2b327000 	C:\WINDOWS\System32\msvcrt.dll
0x00007ffc2b170000 - 0x00007ffc2b217000 	C:\WINDOWS\System32\sechost.dll
0x00007ffc29230000 - 0x00007ffc29258000 	C:\WINDOWS\System32\bcrypt.dll
0x00007ffc2b360000 - 0x00007ffc2b474000 	C:\WINDOWS\System32\RPCRT4.dll
0x00007ffc2af90000 - 0x00007ffc2b13e000 	C:\WINDOWS\System32\USER32.dll
0x00007ffc12a50000 - 0x00007ffc12ce2000 	C:\WINDOWS\WinSxS\amd64_microsoft.windows.common-controls_6595b64144ccf1df_6.0.22621.4391_none_2715d37f73803e96\COMCTL32.dll
0x00007ffc296c0000 - 0x00007ffc296e6000 	C:\WINDOWS\System32\win32u.dll
0x00007ffc2b330000 - 0x00007ffc2b359000 	C:\WINDOWS\System32\GDI32.dll
0x00007ffc298d0000 - 0x00007ffc299eb000 	C:\WINDOWS\System32\gdi32full.dll
0x00007ffc29260000 - 0x00007ffc292fa000 	C:\WINDOWS\System32\msvcp_win.dll
0x00007ffc20860000 - 0x00007ffc2086a000 	C:\WINDOWS\SYSTEM32\VERSION.dll
0x00007ffc2ae80000 - 0x00007ffc2aeb1000 	C:\WINDOWS\System32\IMM32.DLL
0x00007ffc05ee0000 - 0x00007ffc05eec000 	C:\Program Files\Java\jdk-19\bin\vcruntime140_1.dll
0x00007ffbec610000 - 0x00007ffbec69e000 	C:\Program Files\Java\jdk-19\bin\msvcp140.dll
0x00007ffbb43a0000 - 0x00007ffbb5060000 	C:\Program Files\Java\jdk-19\bin\server\jvm.dll
0x00007ffc214c0000 - 0x00007ffc214c9000 	C:\WINDOWS\SYSTEM32\WSOCK32.dll
0x00007ffc2a460000 - 0x00007ffc2a4d1000 	C:\WINDOWS\System32\WS2_32.dll
0x00007ffc215b0000 - 0x00007ffc215e4000 	C:\WINDOWS\SYSTEM32\WINMM.dll
0x00007ffc28270000 - 0x00007ffc28288000 	C:\WINDOWS\SYSTEM32\kernel.appcore.dll
0x00007ffc05ac0000 - 0x00007ffc05aca000 	C:\Program Files\Java\jdk-19\bin\jimage.dll
0x00007ffc26930000 - 0x00007ffc26b62000 	C:\WINDOWS\SYSTEM32\DBGHELP.DLL
0x00007ffc2b480000 - 0x00007ffc2b80f000 	C:\WINDOWS\System32\combase.dll
0x00007ffc2baa0000 - 0x00007ffc2bb77000 	C:\WINDOWS\System32\OLEAUT32.dll
0x00007ffc1b690000 - 0x00007ffc1b6c2000 	C:\WINDOWS\SYSTEM32\dbgcore.DLL
0x00007ffc29140000 - 0x00007ffc291bb000 	C:\WINDOWS\System32\bcryptPrimitives.dll
0x00007ffc02610000 - 0x00007ffc02636000 	C:\Program Files\Java\jdk-19\bin\java.dll
0x00007ffbe8fb0000 - 0x00007ffbe9087000 	C:\Program Files\Java\jdk-19\bin\jsvml.dll
0x00007ffc2a4e0000 - 0x00007ffc2ad56000 	C:\WINDOWS\System32\SHELL32.dll
0x00007ffc27050000 - 0x00007ffc27953000 	C:\WINDOWS\SYSTEM32\windows.storage.dll
0x00007ffc26f10000 - 0x00007ffc2704f000 	C:\WINDOWS\SYSTEM32\wintypes.dll
0x00007ffc2bba0000 - 0x00007ffc2bc99000 	C:\WINDOWS\System32\SHCORE.dll
0x00007ffc29d20000 - 0x00007ffc29d7e000 	C:\WINDOWS\System32\shlwapi.dll
0x00007ffc29070000 - 0x00007ffc2909b000 	C:\WINDOWS\SYSTEM32\profapi.dll
0x00007ffbfe1b0000 - 0x00007ffbfe1c3000 	C:\Program Files\Java\jdk-19\bin\net.dll
0x00007ffc24b90000 - 0x00007ffc24cc6000 	C:\WINDOWS\SYSTEM32\WINHTTP.dll
0x00007ffc286f0000 - 0x00007ffc28759000 	C:\WINDOWS\system32\mswsock.dll
0x00007ffbfe190000 - 0x00007ffbfe1a6000 	C:\Program Files\Java\jdk-19\bin\nio.dll
0x00007ffbfe170000 - 0x00007ffbfe188000 	C:\Program Files\Java\jdk-19\bin\zip.dll
0x00007ffc20c20000 - 0x00007ffc20c2a000 	C:\Program Files\Java\jdk-19\bin\management.dll
0x00007ffc20b00000 - 0x00007ffc20b0b000 	C:\Program Files\Java\jdk-19\bin\management_ext.dll
0x00007ffc2b160000 - 0x00007ffc2b168000 	C:\WINDOWS\System32\PSAPI.DLL
0x00007ffbfb720000 - 0x00007ffbfb730000 	C:\Program Files\Java\jdk-19\bin\verify.dll

dbghelp: loaded successfully - version: 4.0.5 - missing functions: none
symbol engine: initialized successfully - sym options: 0x614 - pdb path: .;C:\Program Files\Java\jdk-19\bin;C:\WINDOWS\SYSTEM32;C:\WINDOWS\WinSxS\amd64_microsoft.windows.common-controls_6595b64144ccf1df_6.0.22621.4391_none_2715d37f73803e96;C:\Program Files\Java\jdk-19\bin\server

VM Arguments:
java_command: C:\Users\99293\AppData\Local\Temp\surefire17476165813215749478\surefirebooter6258835060629873505.jar C:\Users\99293\AppData\Local\Temp\surefire17476165813215749478 2024-11-30T22-58-29_667-jvmRun1 surefire3614717118486751617tmp surefire_03263739124599481785tmp
java_class_path (initial): C:\Users\99293\AppData\Local\Temp\surefire17476165813215749478\surefirebooter6258835060629873505.jar
Launcher Type: SUN_STANDARD

[Global flags]
     intx CICompilerCount                          = 12                                        {product} {ergonomic}
     uint ConcGCThreads                            = 3                                         {product} {ergonomic}
     uint G1ConcRefinementThreads                  = 13                                        {product} {ergonomic}
   size_t G1HeapRegionSize                         = 2097152                                   {product} {ergonomic}
    uintx GCDrainStackTargetSize                   = 64                                        {product} {ergonomic}
   size_t InitialHeapSize                          = 264241152                                 {product} {ergonomic}
   size_t MarkStackSize                            = 4194304                                   {product} {ergonomic}
   size_t MaxHeapSize                              = 4196401152                                {product} {ergonomic}
   size_t MaxNewSize                               = 2516582400                                {product} {ergonomic}
   size_t MinHeapDeltaBytes                        = 2097152                                   {product} {ergonomic}
   size_t MinHeapSize                              = 8388608                                   {product} {ergonomic}
    uintx NonNMethodCodeHeapSize                   = 7602480                                {pd product} {ergonomic}
    uintx NonProfiledCodeHeapSize                  = 122027880                              {pd product} {ergonomic}
    uintx ProfiledCodeHeapSize                     = 122027880                              {pd product} {ergonomic}
    uintx ReservedCodeCacheSize                    = 251658240                              {pd product} {ergonomic}
     bool SegmentedCodeCache                       = true                                      {product} {ergonomic}
   size_t SoftMaxHeapSize                          = 4196401152                             {manageable} {ergonomic}
     bool UseCompressedClassPointers               = true                           {product lp64_product} {ergonomic}
     bool UseCompressedOops                        = true                           {product lp64_product} {ergonomic}
     bool UseG1GC                                  = true                                      {product} {ergonomic}
     bool UseLargePagesIndividualAllocation        = false                                  {pd product} {ergonomic}

Logging:
Log output configuration:
 #0: stdout all=warning uptime,level,tags foldmultilines=false
 #1: stderr all=off uptime,level,tags foldmultilines=false

Environment Variables:
JAVA_HOME=C:\Program Files\Java\jdk-19
PATH=C:\Program Files\Common Files\Oracle\Java\javapath;C:\Windows\system32;C:\Windows;C:\Windows\System32\Wbem;C:\Windows\System32\WindowsPowerShell\v1.0\;C:\Windows\System32\OpenSSH\;C:\Program Files (x86)\NVIDIA Corporation\PhysX\Common;C:\Program Files\NVIDIA Corporation\NVIDIA NvDLISR;C:\Program Files (x86)\dotnet\;C:\WINDOWS\system32;C:\WINDOWS;C:\WINDOWS\System32\Wbem;C:\WINDOWS\System32\WindowsPowerShell\v1.0\;C:\WINDOWS\System32\OpenSSH\;C:\Program Files\Java\jdk-19\bin;C:\Program Files\Git\cmd;C:\Users\99293\AppData\Local\Programs\Python\Python311\Scripts\;C:\Users\99293\AppData\Local\Programs\Python\Python311\;C:\Users\99293\AppData\Local\Microsoft\WindowsApps;;C:\Program Files\JetBrains\IntelliJ IDEA 2022.1.2\bin;;C:\Program Files\heroku\bin
USERNAME=ASUS
OS=Windows_NT
PROCESSOR_IDENTIFIER=Intel64 Family 6 Model 154 Stepping 3, GenuineIntel
TMP=C:\Users\99293\AppData\Local\Temp
TEMP=C:\Users\99293\AppData\Local\Temp



---------------  S Y S T E M  ---------------

OS:
 Windows 11 , 64 bit Build 22621 (10.0.22621.4391)
OS uptime: 0 days 6:06 hours
Hyper-V role detected

CPU: total 16 (initial active 16) (8 cores per cpu, 2 threads per core) family 6 model 154 stepping 3 microcode 0x429, cx8, cmov, fxsr, ht, mmx, 3dnowpref, sse, sse2, sse3, ssse3, sse4.1, sse4.2, popcnt, lzcnt, tsc, tscinvbit, avx, avx2, aes, erms, clmul, bmi1, bmi2, adx, sha, fma, vzeroupper, clflush, clflushopt, clwb, hv, serialize, rdtscp, rdpid, fsrm

Memory: 4k page, system-wide physical 16004M (2373M free)
TotalPageFile size 18052M (AvailPageFile size 5M)
current process WorkingSet (physical memory assigned to process): 53M, peak: 53M
current process commit charge ("private bytes"): 359M, peak: 359M

vm_info: Java HotSpot(TM) 64-Bit Server VM (19.0.2+7-44) for windows-amd64 JRE (19.0.2+7-44), built on 2022-11-30T18:02:09Z by "mach5one" with MS VC++ 17.1 (VS2022)

END.
