#
# There is insufficient memory for the Java Runtime Environment to continue.
# Native memory allocation (malloc) failed to allocate 3776656 bytes for Chunk::new
# Possible reasons:
#   The system is out of physical RAM or swap space
#   The process is running with CompressedOops enabled, and the Java Heap may be blocking the growth of the native heap
# Possible solutions:
#   Reduce memory load on the system
#   Increase physical memory or swap space
#   Check if swap backing store is full
#   Decrease Java heap size (-Xmx/-Xms)
#   Decrease number of Java threads
#   Decrease Java thread stack sizes (-Xss)
#   Set larger code cache with -XX:ReservedCodeCacheSize=
#   JVM is running with Zero Based Compressed Oops mode in which the Java heap is
#     placed in the first 32GB address space. The Java Heap base address is the
#     maximum limit for the native heap growth. Please use -XX:HeapBaseMinAddress
#     to set the Java Heap base and to place the Java Heap above 32GB virtual address.
# This output file may be truncated or incomplete.
#
#  Out of Memory Error (arena.cpp:184), pid=9348, tid=16688
#
# JRE version: Java(TM) SE Runtime Environment (19.0.2+7) (build 19.0.2+7-44)
# Java VM: Java HotSpot(TM) 64-Bit Server VM (19.0.2+7-44, mixed mode, sharing, tiered, compressed oops, compressed class ptrs, g1 gc, windows-amd64)
# No core dump will be written. Minidumps are not enabled by default on client versions of Windows
#

---------------  S U M M A R Y ------------

Command Line: -Dmaven.multiModuleProjectDirectory=D:\unitedStates original storage\unitedStates duplicates original storage -Dmaven.home=C:\Users\99293\.m2\wrapper\dists\apache-maven-3.8.6-bin\1ks0nkde5v1pk9vtc31i9d0lcd\apache-maven-3.8.6 -Dclassworlds.conf=C:\Users\99293\.m2\wrapper\dists\apache-maven-3.8.6-bin\1ks0nkde5v1pk9vtc31i9d0lcd\apache-maven-3.8.6\bin\m2.conf -Dmaven.ext.class.path=C:\Program Files\JetBrains\IntelliJ IDEA 2022.1.2\plugins\maven\lib\maven-event-listener.jar -javaagent:C:\Program Files\JetBrains\IntelliJ IDEA 2022.1.2\lib\idea_rt.jar=49864:C:\Program Files\JetBrains\IntelliJ IDEA 2022.1.2\bin -Dfile.encoding=UTF-8 org.codehaus.classworlds.Launcher -Didea.version=2022.1.2 package

Host: 12th Gen Intel(R) Core(TM) i7-12650H, 16 cores, 15G,  Windows 11 , 64 bit Build 22621 (10.0.22621.3085)
Time: Wed Mar 13 17:41:30 2024  Windows 11 , 64 bit Build 22621 (10.0.22621.3085) elapsed time: 6.562515 seconds (0d 0h 0m 6s)

---------------  T H R E A D  ---------------

Current thread (0x000001b89ecff080):  JavaThread "C2 CompilerThread4" daemon [_thread_in_native, id=16688, stack(0x0000005b8bd00000,0x0000005b8be00000)]


Current CompileTask:
C2:   6562 11608   !   4       org.codehaus.plexus.classworlds.realm.ClassRealm::loadClass (33 bytes)

Stack: [0x0000005b8bd00000,0x0000005b8be00000]
Native frames: (J=compiled Java code, j=interpreted, Vv=VM code, C=native code)
V  [jvm.dll+0x6ee21a]
V  [jvm.dll+0x85765e]
V  [jvm.dll+0x85904e]
V  [jvm.dll+0x859703]
V  [jvm.dll+0x28298f]
V  [jvm.dll+0xc9adf]
V  [jvm.dll+0xc9e65]
V  [jvm.dll+0x2f7caf]
V  [jvm.dll+0x5f076b]
V  [jvm.dll+0x25590c]
V  [jvm.dll+0x24e1a7]
V  [jvm.dll+0x24b673]
V  [jvm.dll+0x1d6ce1]
V  [jvm.dll+0x25b25a]
V  [jvm.dll+0x2596e8]
V  [jvm.dll+0x807588]
V  [jvm.dll+0x80125a]
V  [jvm.dll+0x6ecf0b]
C  [ucrtbase.dll+0x29363]
C  [KERNEL32.DLL+0x1257d]
C  [ntdll.dll+0x5aa58]


---------------  P R O C E S S  ---------------

Threads class SMR info:
_java_thread_list=0x000001b8a9b65150, length=23, elements={
0x000001b8f618e590, 0x000001b899f4b1f0, 0x000001b899f4bfe0, 0x000001b899f4d570,
0x000001b899f53870, 0x000001b899f5b1d0, 0x000001b899f5be60, 0x000001b899f5cac0,
0x000001b899f5d430, 0x000001b899f632b0, 0x000001b89e1a7200, 0x000001b89e228730,
0x000001b89e239e40, 0x000001b89e23a3c0, 0x000001b89e2c8a30, 0x000001b89e2cc5d0,
0x000001b89e5ac7b0, 0x000001b89ecfeaf0, 0x000001b89ed011e0, 0x000001b89ecff080,
0x000001b89ecfdfd0, 0x000001b89ecff610, 0x000001b89ed00c50
}

Java Threads: ( => current thread )
  0x000001b8f618e590 JavaThread "main" [_thread_in_native, id=13712, stack(0x0000005b8a300000,0x0000005b8a400000)]
  0x000001b899f4b1f0 JavaThread "Reference Handler" daemon [_thread_blocked, id=20380, stack(0x0000005b8aa00000,0x0000005b8ab00000)]
  0x000001b899f4bfe0 JavaThread "Finalizer" daemon [_thread_blocked, id=20204, stack(0x0000005b8ab00000,0x0000005b8ac00000)]
  0x000001b899f4d570 JavaThread "Signal Dispatcher" daemon [_thread_blocked, id=13588, stack(0x0000005b8ac00000,0x0000005b8ad00000)]
  0x000001b899f53870 JavaThread "Attach Listener" daemon [_thread_blocked, id=10428, stack(0x0000005b8ad00000,0x0000005b8ae00000)]
  0x000001b899f5b1d0 JavaThread "Service Thread" daemon [_thread_blocked, id=14472, stack(0x0000005b8ae00000,0x0000005b8af00000)]
  0x000001b899f5be60 JavaThread "Monitor Deflation Thread" daemon [_thread_blocked, id=8568, stack(0x0000005b8af00000,0x0000005b8b000000)]
  0x000001b899f5cac0 JavaThread "C2 CompilerThread0" daemon [_thread_blocked, id=19240, stack(0x0000005b8b000000,0x0000005b8b100000)]
  0x000001b899f5d430 JavaThread "C1 CompilerThread0" daemon [_thread_blocked, id=1680, stack(0x0000005b8b100000,0x0000005b8b200000)]
  0x000001b899f632b0 JavaThread "Sweeper thread" daemon [_thread_blocked, id=13272, stack(0x0000005b8b200000,0x0000005b8b300000)]
  0x000001b89e1a7200 JavaThread "C1 CompilerThread1" daemon [_thread_blocked, id=13888, stack(0x0000005b8b300000,0x0000005b8b400000)]
  0x000001b89e228730 JavaThread "Common-Cleaner" daemon [_thread_blocked, id=3244, stack(0x0000005b8b400000,0x0000005b8b500000)]
  0x000001b89e239e40 JavaThread "C1 CompilerThread2" daemon [_thread_blocked, id=22048, stack(0x0000005b8b500000,0x0000005b8b600000)]
  0x000001b89e23a3c0 JavaThread "C1 CompilerThread3" daemon [_thread_blocked, id=2988, stack(0x0000005b8b600000,0x0000005b8b700000)]
  0x000001b89e2c8a30 JavaThread "Monitor Ctrl-Break" daemon [_thread_in_native, id=22196, stack(0x0000005b8b700000,0x0000005b8b800000)]
  0x000001b89e2cc5d0 JavaThread "Notification Thread" daemon [_thread_blocked, id=14060, stack(0x0000005b8b800000,0x0000005b8b900000)]
  0x000001b89e5ac7b0 JavaThread "C2 CompilerThread1" daemon [_thread_in_native, id=16136, stack(0x0000005b8ba00000,0x0000005b8bb00000)]
  0x000001b89ecfeaf0 JavaThread "C2 CompilerThread2" daemon [_thread_blocked, id=1608, stack(0x0000005b8bb00000,0x0000005b8bc00000)]
  0x000001b89ed011e0 JavaThread "C2 CompilerThread3" daemon [_thread_blocked, id=6152, stack(0x0000005b8bc00000,0x0000005b8bd00000)]
=>0x000001b89ecff080 JavaThread "C2 CompilerThread4" daemon [_thread_in_native, id=16688, stack(0x0000005b8bd00000,0x0000005b8be00000)]
  0x000001b89ecfdfd0 JavaThread "C2 CompilerThread5" daemon [_thread_blocked, id=10692, stack(0x0000005b8be00000,0x0000005b8bf00000)]
  0x000001b89ecff610 JavaThread "C2 CompilerThread6" daemon [_thread_blocked, id=8228, stack(0x0000005b8bf00000,0x0000005b8c000000)]
  0x000001b89ed00c50 JavaThread "C2 CompilerThread7" daemon [_thread_in_native, id=3060, stack(0x0000005b8c000000,0x0000005b8c100000)]

Other Threads:
  0x000001b899f34680 VMThread "VM Thread" [stack: 0x0000005b8a900000,0x0000005b8aa00000] [id=20560]
  0x000001b89e2cf330 WatcherThread "VM Periodic Task Thread" [stack: 0x0000005b8b900000,0x0000005b8ba00000] [id=17872]
  0x000001b8f6201080 WorkerThread "GC Thread#0" [stack: 0x0000005b8a400000,0x0000005b8a500000] [id=5460]
  0x000001b89e5dafd0 WorkerThread "GC Thread#1" [stack: 0x0000005b8c100000,0x0000005b8c200000] [id=17372]
  0x000001b89e5da760 WorkerThread "GC Thread#2" [stack: 0x0000005b8c200000,0x0000005b8c300000] [id=21360]
  0x000001b89e5daa30 WorkerThread "GC Thread#3" [stack: 0x0000005b8c300000,0x0000005b8c400000] [id=22192]
  0x000001b89e5dbb10 WorkerThread "GC Thread#4" [stack: 0x0000005b8c400000,0x0000005b8c500000] [id=2196]
  0x000001b89e5dad00 WorkerThread "GC Thread#5" [stack: 0x0000005b8c500000,0x0000005b8c600000] [id=14568]
  0x000001b89e5db2a0 WorkerThread "GC Thread#6" [stack: 0x0000005b8c600000,0x0000005b8c700000] [id=14480]
  0x000001b89e5db570 WorkerThread "GC Thread#7" [stack: 0x0000005b8c700000,0x0000005b8c800000] [id=15556]
  0x000001b89f6ab0e0 WorkerThread "GC Thread#8" [stack: 0x0000005b8c800000,0x0000005b8c900000] [id=15692]
  0x000001b89f6a91f0 WorkerThread "GC Thread#9" [stack: 0x0000005b8c900000,0x0000005b8ca00000] [id=11420]
  0x000001b89f6a8980 WorkerThread "GC Thread#10" [stack: 0x0000005b8ca00000,0x0000005b8cb00000] [id=17476]
  0x000001b89f6aab40 WorkerThread "GC Thread#11" [stack: 0x0000005b8cb00000,0x0000005b8cc00000] [id=2276]
  0x000001b89f6a94c0 WorkerThread "GC Thread#12" [stack: 0x0000005b8cc00000,0x0000005b8cd00000] [id=4996]
  0x000001b8f6211b90 ConcurrentGCThread "G1 Main Marker" [stack: 0x0000005b8a500000,0x0000005b8a600000] [id=11960]
  0x000001b8f62125c0 WorkerThread "G1 Conc#0" [stack: 0x0000005b8a600000,0x0000005b8a700000] [id=20936]
  0x000001b89f6a86b0 WorkerThread "G1 Conc#1" [stack: 0x0000005b8cd00000,0x0000005b8ce00000] [id=7684]
  0x000001b89f6aa870 WorkerThread "G1 Conc#2" [stack: 0x0000005b8ce00000,0x0000005b8cf00000] [id=21628]
  0x000001b899dee920 ConcurrentGCThread "G1 Refine#0" [stack: 0x0000005b8a700000,0x0000005b8a800000] [id=11780]
  0x000001b899def460 ConcurrentGCThread "G1 Service" [stack: 0x0000005b8a800000,0x0000005b8a900000] [id=21440]

Threads with active compile tasks:
C2 CompilerThread1     6574 11084   !   4       java.lang.ClassLoader::loadClass (121 bytes)
C2 CompilerThread4     6574 11608   !   4       org.codehaus.plexus.classworlds.realm.ClassRealm::loadClass (33 bytes)
C2 CompilerThread7     6574 11607       4       org.codehaus.plexus.classworlds.realm.ClassRealm::loadClass (7 bytes)

VM state: not at safepoint (normal execution)

VM Mutex/Monitor currently owned by a thread: None

Heap address: 0x0000000705e00000, size: 4002 MB, Compressed Oops mode: Zero based, Oop shift amount: 3

CDS archive(s) mapped at: [0x0000000800000000-0x0000000800c40000-0x0000000800c40000), size 12845056, SharedBaseAddress: 0x0000000800000000, ArchiveRelocationMode: 0.
Compressed class space mapped at: 0x0000000801000000-0x0000000841000000, reserved size: 1073741824
Narrow klass base: 0x0000000800000000, Narrow klass shift: 0, Narrow klass range: 0x100000000

GC Precious Log:
 CardTable entry size: 512
 Card Set container configuration: InlinePtr #cards 4 size 8 Array Of Cards #cards 16 size 48 Howl #buckets 8 coarsen threshold 3686 Howl Bitmap #cards 512 size 80 coarsen threshold 460 Card regions per heap region 1 cards per card region 4096
 CPUs: 16 total, 16 available
 Memory: 16005M
 Large Page Support: Disabled
 NUMA Support: Disabled
 Compressed Oops: Enabled (Zero based)
 Heap Region Size: 2M
 Heap Min Capacity: 8M
 Heap Initial Capacity: 252M
 Heap Max Capacity: 4002M
 Pre-touch: Disabled
 Parallel Workers: 13
 Concurrent Workers: 3
 Concurrent Refinement Workers: 13
 Periodic GC: Disabled

Heap:
 garbage-first heap   total 225280K, used 151762K [0x0000000705e00000, 0x0000000800000000)
  region size 2048K, 52 young (106496K), 6 survivors (12288K)
 Metaspace       used 36307K, committed 36992K, reserved 1114112K
  class space    used 3746K, committed 4096K, reserved 1048576K

Heap Regions: E=young(eden), S=young(survivor), O=old, HS=humongous(starts), HC=humongous(continues), CS=collection set, F=free, OA=open archive, CA=closed archive, TAMS=top-at-mark-start (previous, next)
|   0|0x0000000705e00000, 0x0000000706000000, 0x0000000706000000|100%| O|  |TAMS 0x0000000706000000, 0x0000000705e00000| Untracked 
|   1|0x0000000706000000, 0x0000000706200000, 0x0000000706200000|100%| O|  |TAMS 0x0000000706200000, 0x0000000706000000| Untracked 
|   2|0x0000000706200000, 0x0000000706400000, 0x0000000706400000|100%| O|  |TAMS 0x0000000706400000, 0x0000000706200000| Untracked 
|   3|0x0000000706400000, 0x0000000706600000, 0x0000000706600000|100%| O|  |TAMS 0x0000000706600000, 0x0000000706400000| Untracked 
|   4|0x0000000706600000, 0x0000000706800000, 0x0000000706800000|100%| O|  |TAMS 0x0000000706800000, 0x0000000706600000| Untracked 
|   5|0x0000000706800000, 0x0000000706a00000, 0x0000000706a00000|100%| O|  |TAMS 0x00000007069d5600, 0x0000000706800000| Untracked 
|   6|0x0000000706a00000, 0x0000000706c00000, 0x0000000706c00000|100%| O|  |TAMS 0x0000000706c00000, 0x0000000706a00000| Untracked 
|   7|0x0000000706c00000, 0x0000000706e00000, 0x0000000706e00000|100%| O|  |TAMS 0x0000000706e00000, 0x0000000706c00000| Untracked 
|   8|0x0000000706e00000, 0x0000000707000000, 0x0000000707000000|100%| O|  |TAMS 0x0000000707000000, 0x0000000706e00000| Untracked 
|   9|0x0000000707000000, 0x0000000707000000, 0x0000000707200000|  0%| F|  |TAMS 0x0000000707000000, 0x0000000707000000| Untracked 
|  10|0x0000000707200000, 0x0000000707400000, 0x0000000707400000|100%| O|  |TAMS 0x0000000707200000, 0x0000000707200000| Untracked 
|  11|0x0000000707400000, 0x0000000707600000, 0x0000000707600000|100%| O|  |TAMS 0x0000000707400000, 0x0000000707400000| Untracked 
|  12|0x0000000707600000, 0x0000000707600000, 0x0000000707800000|  0%| F|  |TAMS 0x0000000707600000, 0x0000000707600000| Untracked 
|  13|0x0000000707800000, 0x0000000707a00000, 0x0000000707a00000|100%| O|  |TAMS 0x0000000707800000, 0x0000000707800000| Untracked 
|  14|0x0000000707a00000, 0x0000000707c00000, 0x0000000707c00000|100%| O|  |TAMS 0x0000000707a00000, 0x0000000707a00000| Untracked 
|  15|0x0000000707c00000, 0x0000000707e00000, 0x0000000707e00000|100%| O|  |TAMS 0x0000000707c00000, 0x0000000707c00000| Untracked 
|  16|0x0000000707e00000, 0x0000000707f2ba00, 0x0000000708000000| 58%| O|  |TAMS 0x0000000707e00000, 0x0000000707e00000| Untracked 
|  17|0x0000000708000000, 0x0000000708200000, 0x0000000708200000|100%|HS|  |TAMS 0x0000000708000000, 0x0000000708000000| Complete 
|  18|0x0000000708200000, 0x0000000708400000, 0x0000000708400000|100%|HC|  |TAMS 0x0000000708200000, 0x0000000708200000| Complete 
|  19|0x0000000708400000, 0x0000000708400000, 0x0000000708600000|  0%| F|  |TAMS 0x0000000708400000, 0x0000000708400000| Untracked 
|  20|0x0000000708600000, 0x0000000708600000, 0x0000000708800000|  0%| F|  |TAMS 0x0000000708600000, 0x0000000708600000| Untracked 
|  21|0x0000000708800000, 0x0000000708800000, 0x0000000708a00000|  0%| F|  |TAMS 0x0000000708800000, 0x0000000708800000| Untracked 
|  22|0x0000000708a00000, 0x0000000708a00000, 0x0000000708c00000|  0%| F|  |TAMS 0x0000000708a00000, 0x0000000708a00000| Untracked 
|  23|0x0000000708c00000, 0x0000000708c00000, 0x0000000708e00000|  0%| F|  |TAMS 0x0000000708c00000, 0x0000000708c00000| Untracked 
|  24|0x0000000708e00000, 0x0000000708e00000, 0x0000000709000000|  0%| F|  |TAMS 0x0000000708e00000, 0x0000000708e00000| Untracked 
|  25|0x0000000709000000, 0x0000000709000000, 0x0000000709200000|  0%| F|  |TAMS 0x0000000709000000, 0x0000000709000000| Untracked 
|  26|0x0000000709200000, 0x0000000709200000, 0x0000000709400000|  0%| F|  |TAMS 0x0000000709200000, 0x0000000709200000| Untracked 
|  27|0x0000000709400000, 0x0000000709400000, 0x0000000709600000|  0%| F|  |TAMS 0x0000000709400000, 0x0000000709400000| Untracked 
|  28|0x0000000709600000, 0x0000000709600000, 0x0000000709800000|  0%| F|  |TAMS 0x0000000709600000, 0x0000000709600000| Untracked 
|  29|0x0000000709800000, 0x0000000709800000, 0x0000000709a00000|  0%| F|  |TAMS 0x0000000709800000, 0x0000000709800000| Untracked 
|  30|0x0000000709a00000, 0x0000000709b09028, 0x0000000709c00000| 51%| S|CS|TAMS 0x0000000709a00000, 0x0000000709a00000| Complete 
|  31|0x0000000709c00000, 0x0000000709e00000, 0x0000000709e00000|100%| S|CS|TAMS 0x0000000709c00000, 0x0000000709c00000| Complete 
|  32|0x0000000709e00000, 0x000000070a000000, 0x000000070a000000|100%| S|CS|TAMS 0x0000000709e00000, 0x0000000709e00000| Complete 
|  33|0x000000070a000000, 0x000000070a000000, 0x000000070a200000|  0%| F|  |TAMS 0x000000070a000000, 0x000000070a000000| Untracked 
|  34|0x000000070a200000, 0x000000070a200000, 0x000000070a400000|  0%| F|  |TAMS 0x000000070a200000, 0x000000070a200000| Untracked 
|  35|0x000000070a400000, 0x000000070a400000, 0x000000070a600000|  0%| F|  |TAMS 0x000000070a400000, 0x000000070a400000| Untracked 
|  36|0x000000070a600000, 0x000000070a600000, 0x000000070a800000|  0%| F|  |TAMS 0x000000070a600000, 0x000000070a600000| Untracked 
|  37|0x000000070a800000, 0x000000070aa00000, 0x000000070aa00000|100%| S|CS|TAMS 0x000000070a800000, 0x000000070a800000| Complete 
|  38|0x000000070aa00000, 0x000000070ac00000, 0x000000070ac00000|100%| S|CS|TAMS 0x000000070aa00000, 0x000000070aa00000| Complete 
|  39|0x000000070ac00000, 0x000000070ae00000, 0x000000070ae00000|100%| S|CS|TAMS 0x000000070ac00000, 0x000000070ac00000| Complete 
|  40|0x000000070ae00000, 0x000000070ae00000, 0x000000070b000000|  0%| F|  |TAMS 0x000000070ae00000, 0x000000070ae00000| Untracked 
|  41|0x000000070b000000, 0x000000070b000000, 0x000000070b200000|  0%| F|  |TAMS 0x000000070b000000, 0x000000070b000000| Untracked 
|  42|0x000000070b200000, 0x000000070b200000, 0x000000070b400000|  0%| F|  |TAMS 0x000000070b200000, 0x000000070b200000| Untracked 
|  43|0x000000070b400000, 0x000000070b400000, 0x000000070b600000|  0%| F|  |TAMS 0x000000070b400000, 0x000000070b400000| Untracked 
|  44|0x000000070b600000, 0x000000070b600000, 0x000000070b800000|  0%| F|  |TAMS 0x000000070b600000, 0x000000070b600000| Untracked 
|  45|0x000000070b800000, 0x000000070b800000, 0x000000070ba00000|  0%| F|  |TAMS 0x000000070b800000, 0x000000070b800000| Untracked 
|  46|0x000000070ba00000, 0x000000070ba00000, 0x000000070bc00000|  0%| F|  |TAMS 0x000000070ba00000, 0x000000070ba00000| Untracked 
|  47|0x000000070bc00000, 0x000000070bc00000, 0x000000070be00000|  0%| F|  |TAMS 0x000000070bc00000, 0x000000070bc00000| Untracked 
|  48|0x000000070be00000, 0x000000070be00000, 0x000000070c000000|  0%| F|  |TAMS 0x000000070be00000, 0x000000070be00000| Untracked 
|  49|0x000000070c000000, 0x000000070c000000, 0x000000070c200000|  0%| F|  |TAMS 0x000000070c000000, 0x000000070c000000| Untracked 
|  50|0x000000070c200000, 0x000000070c200000, 0x000000070c400000|  0%| F|  |TAMS 0x000000070c200000, 0x000000070c200000| Untracked 
|  51|0x000000070c400000, 0x000000070c400000, 0x000000070c600000|  0%| F|  |TAMS 0x000000070c400000, 0x000000070c400000| Untracked 
|  52|0x000000070c600000, 0x000000070c600000, 0x000000070c800000|  0%| F|  |TAMS 0x000000070c600000, 0x000000070c600000| Untracked 
|  53|0x000000070c800000, 0x000000070c800000, 0x000000070ca00000|  0%| F|  |TAMS 0x000000070c800000, 0x000000070c800000| Untracked 
|  54|0x000000070ca00000, 0x000000070ca00000, 0x000000070cc00000|  0%| F|  |TAMS 0x000000070ca00000, 0x000000070ca00000| Untracked 
|  55|0x000000070cc00000, 0x000000070cc00000, 0x000000070ce00000|  0%| F|  |TAMS 0x000000070cc00000, 0x000000070cc00000| Untracked 
|  56|0x000000070ce00000, 0x000000070cf00800, 0x000000070d000000| 50%| E|  |TAMS 0x000000070ce00000, 0x000000070ce00000| Complete 
|  57|0x000000070d000000, 0x000000070d200000, 0x000000070d200000|100%| E|CS|TAMS 0x000000070d000000, 0x000000070d000000| Complete 
|  58|0x000000070d200000, 0x000000070d400000, 0x000000070d400000|100%| E|CS|TAMS 0x000000070d200000, 0x000000070d200000| Complete 
|  59|0x000000070d400000, 0x000000070d600000, 0x000000070d600000|100%| E|CS|TAMS 0x000000070d400000, 0x000000070d400000| Complete 
|  60|0x000000070d600000, 0x000000070d800000, 0x000000070d800000|100%| E|CS|TAMS 0x000000070d600000, 0x000000070d600000| Complete 
|  61|0x000000070d800000, 0x000000070da00000, 0x000000070da00000|100%| E|CS|TAMS 0x000000070d800000, 0x000000070d800000| Complete 
|  62|0x000000070da00000, 0x000000070dc00000, 0x000000070dc00000|100%| E|CS|TAMS 0x000000070da00000, 0x000000070da00000| Complete 
|  63|0x000000070dc00000, 0x000000070de00000, 0x000000070de00000|100%| E|CS|TAMS 0x000000070dc00000, 0x000000070dc00000| Complete 
|  64|0x000000070de00000, 0x000000070e000000, 0x000000070e000000|100%| E|CS|TAMS 0x000000070de00000, 0x000000070de00000| Complete 
|  65|0x000000070e000000, 0x000000070e200000, 0x000000070e200000|100%| E|CS|TAMS 0x000000070e000000, 0x000000070e000000| Complete 
|  66|0x000000070e200000, 0x000000070e400000, 0x000000070e400000|100%| E|CS|TAMS 0x000000070e200000, 0x000000070e200000| Complete 
|  67|0x000000070e400000, 0x000000070e600000, 0x000000070e600000|100%| E|  |TAMS 0x000000070e400000, 0x000000070e400000| Complete 
|  68|0x000000070e600000, 0x000000070e800000, 0x000000070e800000|100%| E|CS|TAMS 0x000000070e600000, 0x000000070e600000| Complete 
|  69|0x000000070e800000, 0x000000070ea00000, 0x000000070ea00000|100%| E|CS|TAMS 0x000000070e800000, 0x000000070e800000| Complete 
|  70|0x000000070ea00000, 0x000000070ec00000, 0x000000070ec00000|100%| E|CS|TAMS 0x000000070ea00000, 0x000000070ea00000| Complete 
|  71|0x000000070ec00000, 0x000000070ee00000, 0x000000070ee00000|100%| E|CS|TAMS 0x000000070ec00000, 0x000000070ec00000| Complete 
|  72|0x000000070ee00000, 0x000000070f000000, 0x000000070f000000|100%| E|CS|TAMS 0x000000070ee00000, 0x000000070ee00000| Complete 
|  73|0x000000070f000000, 0x000000070f200000, 0x000000070f200000|100%| E|CS|TAMS 0x000000070f000000, 0x000000070f000000| Complete 
|  74|0x000000070f200000, 0x000000070f400000, 0x000000070f400000|100%| E|CS|TAMS 0x000000070f200000, 0x000000070f200000| Complete 
|  75|0x000000070f400000, 0x000000070f600000, 0x000000070f600000|100%| E|CS|TAMS 0x000000070f400000, 0x000000070f400000| Complete 
|  76|0x000000070f600000, 0x000000070f800000, 0x000000070f800000|100%| E|CS|TAMS 0x000000070f600000, 0x000000070f600000| Complete 
|  77|0x000000070f800000, 0x000000070fa00000, 0x000000070fa00000|100%| E|CS|TAMS 0x000000070f800000, 0x000000070f800000| Complete 
|  78|0x000000070fa00000, 0x000000070fc00000, 0x000000070fc00000|100%| E|CS|TAMS 0x000000070fa00000, 0x000000070fa00000| Complete 
|  79|0x000000070fc00000, 0x000000070fe00000, 0x000000070fe00000|100%| E|CS|TAMS 0x000000070fc00000, 0x000000070fc00000| Complete 
|  80|0x000000070fe00000, 0x0000000710000000, 0x0000000710000000|100%| E|CS|TAMS 0x000000070fe00000, 0x000000070fe00000| Complete 
|  81|0x0000000710000000, 0x0000000710200000, 0x0000000710200000|100%| E|CS|TAMS 0x0000000710000000, 0x0000000710000000| Complete 
|  82|0x0000000710200000, 0x0000000710400000, 0x0000000710400000|100%| E|CS|TAMS 0x0000000710200000, 0x0000000710200000| Complete 
|  83|0x0000000710400000, 0x0000000710600000, 0x0000000710600000|100%| E|CS|TAMS 0x0000000710400000, 0x0000000710400000| Complete 
|  84|0x0000000710600000, 0x0000000710800000, 0x0000000710800000|100%| E|CS|TAMS 0x0000000710600000, 0x0000000710600000| Complete 
|  85|0x0000000710800000, 0x0000000710a00000, 0x0000000710a00000|100%| E|CS|TAMS 0x0000000710800000, 0x0000000710800000| Complete 
|  86|0x0000000710a00000, 0x0000000710c00000, 0x0000000710c00000|100%| E|CS|TAMS 0x0000000710a00000, 0x0000000710a00000| Complete 
|  87|0x0000000710c00000, 0x0000000710e00000, 0x0000000710e00000|100%| E|CS|TAMS 0x0000000710c00000, 0x0000000710c00000| Complete 
|  88|0x0000000710e00000, 0x0000000711000000, 0x0000000711000000|100%| E|CS|TAMS 0x0000000710e00000, 0x0000000710e00000| Complete 
|  89|0x0000000711000000, 0x0000000711200000, 0x0000000711200000|100%| E|CS|TAMS 0x0000000711000000, 0x0000000711000000| Complete 
|  90|0x0000000711200000, 0x0000000711400000, 0x0000000711400000|100%| E|CS|TAMS 0x0000000711200000, 0x0000000711200000| Complete 
|  91|0x0000000711400000, 0x0000000711600000, 0x0000000711600000|100%| E|CS|TAMS 0x0000000711400000, 0x0000000711400000| Complete 
|  92|0x0000000711600000, 0x0000000711800000, 0x0000000711800000|100%| E|CS|TAMS 0x0000000711600000, 0x0000000711600000| Complete 
|  93|0x0000000711800000, 0x0000000711a00000, 0x0000000711a00000|100%| E|CS|TAMS 0x0000000711800000, 0x0000000711800000| Complete 
|  94|0x0000000711a00000, 0x0000000711c00000, 0x0000000711c00000|100%| E|CS|TAMS 0x0000000711a00000, 0x0000000711a00000| Complete 
|  95|0x0000000711c00000, 0x0000000711e00000, 0x0000000711e00000|100%| E|CS|TAMS 0x0000000711c00000, 0x0000000711c00000| Complete 
|  96|0x0000000711e00000, 0x0000000712000000, 0x0000000712000000|100%| E|CS|TAMS 0x0000000711e00000, 0x0000000711e00000| Complete 
|  97|0x0000000712000000, 0x0000000712200000, 0x0000000712200000|100%| E|CS|TAMS 0x0000000712000000, 0x0000000712000000| Complete 
|  98|0x0000000712200000, 0x0000000712400000, 0x0000000712400000|100%| E|CS|TAMS 0x0000000712200000, 0x0000000712200000| Complete 
|  99|0x0000000712400000, 0x0000000712600000, 0x0000000712600000|100%| E|CS|TAMS 0x0000000712400000, 0x0000000712400000| Complete 
| 100|0x0000000712600000, 0x0000000712800000, 0x0000000712800000|100%| E|CS|TAMS 0x0000000712600000, 0x0000000712600000| Complete 
| 125|0x0000000715800000, 0x0000000715a00000, 0x0000000715a00000|100%| E|CS|TAMS 0x0000000715800000, 0x0000000715800000| Complete 
|1993|0x00000007ff000000, 0x00000007ff200000, 0x00000007ff200000|100%| O|  |TAMS 0x00000007ff200000, 0x00000007ff000000| Untracked 
|1994|0x00000007ff200000, 0x00000007ff400000, 0x00000007ff400000|100%| O|  |TAMS 0x00000007ff400000, 0x00000007ff200000| Untracked 
|1995|0x00000007ff400000, 0x00000007ff600000, 0x00000007ff600000|100%| O|  |TAMS 0x00000007ff600000, 0x00000007ff400000| Untracked 
|1996|0x00000007ff600000, 0x00000007ff800000, 0x00000007ff800000|100%| O|  |TAMS 0x00000007ff800000, 0x00000007ff600000| Untracked 
|1997|0x00000007ff800000, 0x00000007ffa00000, 0x00000007ffa00000|100%| O|  |TAMS 0x00000007ffa00000, 0x00000007ff800000| Untracked 
|1998|0x00000007ffa00000, 0x00000007ffc00000, 0x00000007ffc00000|100%| O|  |TAMS 0x00000007ffc00000, 0x00000007ffa00000| Untracked 
|1999|0x00000007ffc00000, 0x00000007ffe00000, 0x00000007ffe00000|100%| O|  |TAMS 0x00000007ffe00000, 0x00000007ffc00000| Untracked 
|2000|0x00000007ffe00000, 0x0000000800000000, 0x0000000800000000|100%| O|  |TAMS 0x0000000800000000, 0x00000007ffe00000| Untracked 

Card table byte_map: [0x000001b8ff150000,0x000001b8ff930000] _byte_map_base: 0x000001b8fb921000

Marking Bits (Prev, Next): (CMBitMap*) 0x000001b8f62016b0, (CMBitMap*) 0x000001b8f62016f0
 Prev Bits: [0x000001b88f7e0000, 0x000001b893668000)
 Next Bits: [0x000001b893670000, 0x000001b8974f8000)

Polling page: 0x000001b8f5950000

Metaspace:

Usage:
  Non-class:     31.80 MB used.
      Class:      3.66 MB used.
       Both:     35.46 MB used.

Virtual space:
  Non-class space:       64.00 MB reserved,      32.12 MB ( 50%) committed,  1 nodes.
      Class space:        1.00 GB reserved,       4.00 MB ( <1%) committed,  1 nodes.
             Both:        1.06 GB reserved,      36.12 MB (  3%) committed. 

Chunk freelists:
   Non-Class:  3.11 MB
       Class:  48.00 KB
        Both:  3.16 MB

MaxMetaspaceSize: unlimited
CompressedClassSpaceSize: 1.00 GB
Initial GC threshold: 21.00 MB
Current GC threshold: 41.69 MB
CDS: on
MetaspaceReclaimPolicy: balanced
 - commit_granule_bytes: 65536.
 - commit_granule_words: 8192.
 - virtual_space_node_default_size: 8388608.
 - enlarge_chunks_in_place: 1.
 - new_chunks_are_fully_committed: 0.
 - uncommit_free_chunks: 1.
 - use_allocation_guard: 0.


Internal statistics:

num_allocs_failed_limit: 3.
num_arena_births: 760.
num_arena_deaths: 0.
num_vsnodes_births: 2.
num_vsnodes_deaths: 0.
num_space_committed: 578.
num_space_uncommitted: 0.
num_chunks_returned_to_freelist: 3.
num_chunks_taken_from_freelist: 2169.
num_chunk_merges: 3.
num_chunk_splits: 1495.
num_chunks_enlarged: 1080.
num_inconsistent_stats: 0.

CodeHeap 'non-profiled nmethods': size=119168Kb used=6822Kb max_used=6943Kb free=112345Kb
 bounds [0x000001b887ba0000, 0x000001b888280000, 0x000001b88f000000]
CodeHeap 'profiled nmethods': size=119104Kb used=21710Kb max_used=22808Kb free=97393Kb
 bounds [0x000001b880000000, 0x000001b881660000, 0x000001b887450000]
CodeHeap 'non-nmethods': size=7488Kb used=3033Kb max_used=3179Kb free=4455Kb
 bounds [0x000001b887450000, 0x000001b887780000, 0x000001b887ba0000]
 total_blobs=10132 nmethods=9556 adapters=483
 compilation: enabled
              stopped_count=0, restarted_count=0
 full_count=0

Compilation events (20 events):
Event: 6.513 Thread 0x000001b89e1a7200 nmethod 11762 0x000001b8880b3490 code [0x000001b8880b3620, 0x000001b8880b36d8]
Event: 6.513 Thread 0x000001b89e1a7200 11768       3       org.apache.commons.compress.archivers.zip.ZipArchiveOutputStream::getEffectiveZip64Mode (46 bytes)
Event: 6.513 Thread 0x000001b89e23a3c0 11764       1       org.apache.commons.compress.archivers.zip.ZipArchiveEntry::getAlignment (5 bytes)
Event: 6.513 Thread 0x000001b899f5d430 11765       1       org.apache.commons.compress.archivers.zip.ZipArchiveOutputStream$CurrentEntry::access$300 (5 bytes)
Event: 6.513 Thread 0x000001b89e23a3c0 nmethod 11764 0x000001b8880b3190 code [0x000001b8880b3320, 0x000001b8880b33f8]
Event: 6.513 Thread 0x000001b89e23a3c0 11766       1       org.apache.commons.compress.archivers.zip.ZipArchiveOutputStream$CurrentEntry::access$000 (5 bytes)
Event: 6.513 Thread 0x000001b899f5d430 nmethod 11765 0x000001b8880b2e90 code [0x000001b8880b3020, 0x000001b8880b30d8]
Event: 6.513 Thread 0x000001b89e1a7200 nmethod 11768 0x000001b88100d290 code [0x000001b88100d440, 0x000001b88100d7d8]
Event: 6.513 Thread 0x000001b89e23a3c0 nmethod 11766 0x000001b8880b2b90 code [0x000001b8880b2d20, 0x000001b8880b2dd8]
Event: 6.513 Thread 0x000001b89e239e40 nmethod 11763 0x000001b8802d0910 code [0x000001b8802d0b20, 0x000001b8802d12b8]
Event: 6.513 Thread 0x000001b89e1a7200 11767       1       org.apache.commons.compress.archivers.zip.StreamCompressor::getBytesRead (5 bytes)
Event: 6.513 Thread 0x000001b89e239e40 11769       1       java.util.zip.ZipEntry::getMethod (5 bytes)
Event: 6.513 Thread 0x000001b89e239e40 nmethod 11769 0x000001b8880b2890 code [0x000001b8880b2a20, 0x000001b8880b2ad8]
Event: 6.513 Thread 0x000001b89e1a7200 nmethod 11767 0x000001b8880b2590 code [0x000001b8880b2720, 0x000001b8880b27d8]
Event: 6.534 Thread 0x000001b89ecff610 11770       4       java.io.FilterInputStream::read (11 bytes)
Event: 6.534 Thread 0x000001b89ecff610 nmethod 11770 0x000001b8880b2210 code [0x000001b8880b23a0, 0x000001b8880b2438]
Event: 6.539 Thread 0x000001b89ecff610 11771   !   4       java.util.zip.Deflater::needsInput (55 bytes)
Event: 6.540 Thread 0x000001b89ecff610 nmethod 11771 0x000001b8880f4c90 code [0x000001b8880f4e20, 0x000001b8880f5038]
Event: 6.549 Thread 0x000001b89e239e40 11772       3       org.apache.commons.compress.archivers.zip.ZipLong::getBytes (12 bytes)
Event: 6.549 Thread 0x000001b89e239e40 nmethod 11772 0x000001b8800a2010 code [0x000001b8800a21c0, 0x000001b8800a2388]

GC Heap History (20 events):
Event: 3.126 GC heap before
{Heap before GC invocations=10 (full 0):
 garbage-first heap   total 112640K, used 80196K [0x0000000705e00000, 0x0000000800000000)
  region size 2048K, 19 young (38912K), 2 survivors (4096K)
 Metaspace       used 26295K, committed 26752K, reserved 1114112K
  class space    used 2745K, committed 2944K, reserved 1048576K
}
Event: 3.133 GC heap after
{Heap after GC invocations=11 (full 0):
 garbage-first heap   total 112640K, used 49016K [0x0000000705e00000, 0x0000000800000000)
  region size 2048K, 3 young (6144K), 3 survivors (6144K)
 Metaspace       used 26295K, committed 26752K, reserved 1114112K
  class space    used 2745K, committed 2944K, reserved 1048576K
}
Event: 3.144 GC heap before
{Heap before GC invocations=11 (full 0):
 garbage-first heap   total 112640K, used 51064K [0x0000000705e00000, 0x0000000800000000)
  region size 2048K, 4 young (8192K), 3 survivors (6144K)
 Metaspace       used 26358K, committed 26752K, reserved 1114112K
  class space    used 2760K, committed 2944K, reserved 1048576K
}
Event: 3.149 GC heap after
{Heap after GC invocations=12 (full 0):
 garbage-first heap   total 112640K, used 49350K [0x0000000705e00000, 0x0000000800000000)
  region size 2048K, 1 young (2048K), 1 survivors (2048K)
 Metaspace       used 26358K, committed 26752K, reserved 1114112K
  class space    used 2760K, committed 2944K, reserved 1048576K
}
Event: 3.431 GC heap before
{Heap before GC invocations=12 (full 0):
 garbage-first heap   total 112640K, used 78022K [0x0000000705e00000, 0x0000000800000000)
  region size 2048K, 16 young (32768K), 1 survivors (2048K)
 Metaspace       used 27443K, committed 27840K, reserved 1114112K
  class space    used 2864K, committed 3072K, reserved 1048576K
}
Event: 3.432 GC heap after
{Heap after GC invocations=13 (full 0):
 garbage-first heap   total 112640K, used 48829K [0x0000000705e00000, 0x0000000800000000)
  region size 2048K, 1 young (2048K), 1 survivors (2048K)
 Metaspace       used 27443K, committed 27840K, reserved 1114112K
  class space    used 2864K, committed 3072K, reserved 1048576K
}
Event: 3.517 GC heap before
{Heap before GC invocations=13 (full 0):
 garbage-first heap   total 112640K, used 83645K [0x0000000705e00000, 0x0000000800000000)
  region size 2048K, 18 young (36864K), 1 survivors (2048K)
 Metaspace       used 27561K, committed 28096K, reserved 1114112K
  class space    used 2871K, committed 3136K, reserved 1048576K
}
Event: 3.518 GC heap after
{Heap after GC invocations=14 (full 0):
 garbage-first heap   total 112640K, used 48875K [0x0000000705e00000, 0x0000000800000000)
  region size 2048K, 1 young (2048K), 1 survivors (2048K)
 Metaspace       used 27561K, committed 28096K, reserved 1114112K
  class space    used 2871K, committed 3136K, reserved 1048576K
}
Event: 3.736 GC heap before
{Heap before GC invocations=14 (full 0):
 garbage-first heap   total 112640K, used 85739K [0x0000000705e00000, 0x0000000800000000)
  region size 2048K, 19 young (38912K), 1 survivors (2048K)
 Metaspace       used 28121K, committed 28608K, reserved 1114112K
  class space    used 2948K, committed 3200K, reserved 1048576K
}
Event: 3.738 GC heap after
{Heap after GC invocations=15 (full 0):
 garbage-first heap   total 112640K, used 49313K [0x0000000705e00000, 0x0000000800000000)
  region size 2048K, 1 young (2048K), 1 survivors (2048K)
 Metaspace       used 28121K, committed 28608K, reserved 1114112K
  class space    used 2948K, committed 3200K, reserved 1048576K
}
Event: 3.804 GC heap before
{Heap before GC invocations=15 (full 0):
 garbage-first heap   total 112640K, used 88225K [0x0000000705e00000, 0x0000000800000000)
  region size 2048K, 20 young (40960K), 1 survivors (2048K)
 Metaspace       used 28286K, committed 28864K, reserved 1114112K
  class space    used 2957K, committed 3264K, reserved 1048576K
}
Event: 3.807 GC heap after
{Heap after GC invocations=16 (full 0):
 garbage-first heap   total 112640K, used 49961K [0x0000000705e00000, 0x0000000800000000)
  region size 2048K, 1 young (2048K), 1 survivors (2048K)
 Metaspace       used 28286K, committed 28864K, reserved 1114112K
  class space    used 2957K, committed 3264K, reserved 1048576K
}
Event: 3.891 GC heap before
{Heap before GC invocations=16 (full 0):
 garbage-first heap   total 112640K, used 88873K [0x0000000705e00000, 0x0000000800000000)
  region size 2048K, 20 young (40960K), 1 survivors (2048K)
 Metaspace       used 28436K, committed 28992K, reserved 1114112K
  class space    used 2964K, committed 3264K, reserved 1048576K
}
Event: 3.894 GC heap after
{Heap after GC invocations=17 (full 0):
 garbage-first heap   total 225280K, used 50754K [0x0000000705e00000, 0x0000000800000000)
  region size 2048K, 2 young (4096K), 2 survivors (4096K)
 Metaspace       used 28436K, committed 28992K, reserved 1114112K
  class space    used 2964K, committed 3264K, reserved 1048576K
}
Event: 4.167 GC heap before
{Heap before GC invocations=17 (full 0):
 garbage-first heap   total 225280K, used 177730K [0x0000000705e00000, 0x0000000800000000)
  region size 2048K, 64 young (131072K), 2 survivors (4096K)
 Metaspace       used 28639K, committed 29184K, reserved 1114112K
  class space    used 2968K, committed 3264K, reserved 1048576K
}
Event: 4.170 GC heap after
{Heap after GC invocations=18 (full 0):
 garbage-first heap   total 225280K, used 52101K [0x0000000705e00000, 0x0000000800000000)
  region size 2048K, 2 young (4096K), 2 survivors (4096K)
 Metaspace       used 28639K, committed 29184K, reserved 1114112K
  class space    used 2968K, committed 3264K, reserved 1048576K
}
Event: 5.076 GC heap before
{Heap before GC invocations=18 (full 0):
 garbage-first heap   total 225280K, used 181125K [0x0000000705e00000, 0x0000000800000000)
  region size 2048K, 65 young (133120K), 2 survivors (4096K)
 Metaspace       used 31359K, committed 31936K, reserved 1114112K
  class space    used 3220K, committed 3520K, reserved 1048576K
}
Event: 5.080 GC heap after
{Heap after GC invocations=19 (full 0):
 garbage-first heap   total 225280K, used 54576K [0x0000000705e00000, 0x0000000800000000)
  region size 2048K, 4 young (8192K), 4 survivors (8192K)
 Metaspace       used 31359K, committed 31936K, reserved 1114112K
  class space    used 3220K, committed 3520K, reserved 1048576K
}
Event: 5.822 GC heap before
{Heap before GC invocations=19 (full 0):
 garbage-first heap   total 225280K, used 185648K [0x0000000705e00000, 0x0000000800000000)
  region size 2048K, 66 young (135168K), 4 survivors (8192K)
 Metaspace       used 32903K, committed 33472K, reserved 1114112K
  class space    used 3334K, committed 3648K, reserved 1048576K
}
Event: 5.828 GC heap after
{Heap after GC invocations=20 (full 0):
 garbage-first heap   total 225280K, used 61650K [0x0000000705e00000, 0x0000000800000000)
  region size 2048K, 6 young (12288K), 6 survivors (12288K)
 Metaspace       used 32903K, committed 33472K, reserved 1114112K
  class space    used 3334K, committed 3648K, reserved 1048576K
}

Dll operation events (12 events):
Event: 0.004 Loaded shared library C:\Program Files\Java\jdk-19\bin\java.dll
Event: 0.009 Loaded shared library C:\Program Files\Java\jdk-19\bin\jsvml.dll
Event: 0.038 Loaded shared library C:\Program Files\Java\jdk-19\bin\zip.dll
Event: 0.040 Loaded shared library C:\Program Files\Java\jdk-19\bin\instrument.dll
Event: 0.043 Loaded shared library C:\Program Files\Java\jdk-19\bin\net.dll
Event: 0.044 Loaded shared library C:\Program Files\Java\jdk-19\bin\nio.dll
Event: 0.046 Loaded shared library C:\Program Files\Java\jdk-19\bin\zip.dll
Event: 0.056 Loaded shared library C:\Program Files\JetBrains\IntelliJ IDEA 2022.1.2\bin\breakgen64.dll
Event: 0.060 Loaded shared library C:\Program Files\Java\jdk-19\bin\extnet.dll
Event: 0.110 Loaded shared library C:\Program Files\Java\jdk-19\bin\jimage.dll
Event: 0.147 Loaded shared library C:\Users\99293\AppData\Local\Temp\jansi-2.4.0-10b6aebe09f27452-jansi.dll
Event: 0.153 Loaded shared library C:\Program Files\Java\jdk-19\bin\verify.dll

Deoptimization events (20 events):
Event: 6.488 Thread 0x000001b8f618e590 Uncommon trap: trap_request=0xffffffc6 fr.pc=0x000001b887f163b4 relative=0x0000000000002414
Event: 6.488 Thread 0x000001b8f618e590 Uncommon trap: reason=bimorphic_or_optimized_type_check action=maybe_recompile pc=0x000001b887f163b4 method=java.io.FilterInputStream.read([BII)I @ 7 c2
Event: 6.488 Thread 0x000001b8f618e590 DEOPT PACKING pc=0x000001b887f163b4 sp=0x0000005b8a3fdab0
Event: 6.488 Thread 0x000001b8f618e590 DEOPT UNPACKING pc=0x000001b8874b6da3 sp=0x0000005b8a3fd950 mode 2
Event: 6.489 Thread 0x000001b8f618e590 Uncommon trap: trap_request=0xffffffc6 fr.pc=0x000001b887f10f58 relative=0x00000000000011d8
Event: 6.489 Thread 0x000001b8f618e590 Uncommon trap: reason=bimorphic_or_optimized_type_check action=maybe_recompile pc=0x000001b887f10f58 method=java.io.FilterInputStream.read([BII)I @ 7 c2
Event: 6.489 Thread 0x000001b8f618e590 DEOPT PACKING pc=0x000001b887f10f58 sp=0x0000005b8a3fda50
Event: 6.489 Thread 0x000001b8f618e590 DEOPT UNPACKING pc=0x000001b8874b6da3 sp=0x0000005b8a3fda08 mode 2
Event: 6.508 Thread 0x000001b8f618e590 Uncommon trap: trap_request=0xffffff45 fr.pc=0x000001b887bf8ffc relative=0x00000000000001dc
Event: 6.508 Thread 0x000001b8f618e590 Uncommon trap: reason=unstable_if action=reinterpret pc=0x000001b887bf8ffc method=jdk.internal.util.ArraysSupport.mismatch([B[BI)I @ 60 c2
Event: 6.508 Thread 0x000001b8f618e590 DEOPT PACKING pc=0x000001b887bf8ffc sp=0x0000005b8a3fdda0
Event: 6.509 Thread 0x000001b8f618e590 DEOPT UNPACKING pc=0x000001b8874b6da3 sp=0x0000005b8a3fdce8 mode 2
Event: 6.509 Thread 0x000001b8f618e590 Uncommon trap: trap_request=0xffffff45 fr.pc=0x000001b887c9c2e8 relative=0x00000000000001c8
Event: 6.509 Thread 0x000001b8f618e590 Uncommon trap: reason=unstable_if action=reinterpret pc=0x000001b887c9c2e8 method=java.util.concurrent.TimeUnit.toMillis(J)J @ 18 c2
Event: 6.509 Thread 0x000001b8f618e590 DEOPT PACKING pc=0x000001b887c9c2e8 sp=0x0000005b8a3fdd30
Event: 6.509 Thread 0x000001b8f618e590 DEOPT UNPACKING pc=0x000001b8874b6da3 sp=0x0000005b8a3fdc50 mode 2
Event: 6.509 Thread 0x000001b8f618e590 Uncommon trap: trap_request=0xffffff45 fr.pc=0x000001b887dfa04c relative=0x000000000000012c
Event: 6.509 Thread 0x000001b8f618e590 Uncommon trap: reason=unstable_if action=reinterpret pc=0x000001b887dfa04c method=java.util.concurrent.TimeUnit.toMillis(J)J @ 18 c2
Event: 6.509 Thread 0x000001b8f618e590 DEOPT PACKING pc=0x000001b887dfa04c sp=0x0000005b8a3fda80
Event: 6.509 Thread 0x000001b8f618e590 DEOPT UNPACKING pc=0x000001b8874b6da3 sp=0x0000005b8a3fd9f8 mode 2

Classes loaded (20 events):
Event: 6.304 Loading class javax/management/JMException done
Event: 6.304 Loading class javax/management/ReflectionException done
Event: 6.310 Loading class javax/management/InstanceNotFoundException
Event: 6.310 Loading class javax/management/OperationsException
Event: 6.310 Loading class javax/management/OperationsException done
Event: 6.310 Loading class javax/management/InstanceNotFoundException done
Event: 6.319 Loading class java/util/jar/JarOutputStream
Event: 6.319 Loading class java/util/zip/ZipOutputStream
Event: 6.319 Loading class java/util/zip/ZipOutputStream done
Event: 6.319 Loading class java/util/jar/JarOutputStream done
Event: 6.401 Loading class java/lang/invoke/DirectMethodHandle$Special
Event: 6.402 Loading class java/lang/invoke/DirectMethodHandle$Special done
Event: 6.418 Loading class java/util/jar/JarInputStream
Event: 6.418 Loading class java/util/jar/JarInputStream done
Event: 6.444 Loading class java/io/FileFilter
Event: 6.444 Loading class java/io/FileFilter done
Event: 6.446 Loading class sun/security/util/ManifestEntryVerifier
Event: 6.446 Loading class sun/security/util/ManifestEntryVerifier done
Event: 6.489 Loading class sun/security/util/SignatureFileVerifier
Event: 6.489 Loading class sun/security/util/SignatureFileVerifier done

Classes unloaded (0 events):
No events

Classes redefined (0 events):
No events

Internal exceptions (20 events):
Event: 5.433 Thread 0x000001b8f618e590 Exception <a 'sun/nio/fs/WindowsException'{0x000000070e7f8ad0}> (0x000000070e7f8ad0) 
thrown [s\open\src\hotspot\share\prims\jni.cpp, line 517]
Event: 5.433 Thread 0x000001b8f618e590 Exception <a 'sun/nio/fs/WindowsException'{0x000000070e7f8e70}> (0x000000070e7f8e70) 
thrown [s\open\src\hotspot\share\prims\jni.cpp, line 517]
Event: 5.434 Thread 0x000001b8f618e590 Exception <a 'sun/nio/fs/WindowsException'{0x000000070e4094c8}> (0x000000070e4094c8) 
thrown [s\open\src\hotspot\share\prims\jni.cpp, line 517]
Event: 5.434 Thread 0x000001b8f618e590 Exception <a 'sun/nio/fs/WindowsException'{0x000000070e4098b0}> (0x000000070e4098b0) 
thrown [s\open\src\hotspot\share\prims\jni.cpp, line 517]
Event: 5.434 Thread 0x000001b8f618e590 Exception <a 'sun/nio/fs/WindowsException'{0x000000070e40b3d8}> (0x000000070e40b3d8) 
thrown [s\open\src\hotspot\share\prims\jni.cpp, line 517]
Event: 5.434 Thread 0x000001b8f618e590 Exception <a 'sun/nio/fs/WindowsException'{0x000000070e40b848}> (0x000000070e40b848) 
thrown [s\open\src\hotspot\share\prims\jni.cpp, line 517]
Event: 5.440 Thread 0x000001b8f618e590 Exception <a 'sun/nio/fs/WindowsException'{0x000000070e4ee5e0}> (0x000000070e4ee5e0) 
thrown [s\open\src\hotspot\share\prims\jni.cpp, line 517]
Event: 5.440 Thread 0x000001b8f618e590 Exception <a 'sun/nio/fs/WindowsException'{0x000000070e4eecf0}> (0x000000070e4eecf0) 
thrown [s\open\src\hotspot\share\prims\jni.cpp, line 517]
Event: 5.440 Thread 0x000001b8f618e590 Exception <a 'sun/nio/fs/WindowsException'{0x000000070e4eff90}> (0x000000070e4eff90) 
thrown [s\open\src\hotspot\share\prims\jni.cpp, line 517]
Event: 5.441 Thread 0x000001b8f618e590 Exception <a 'sun/nio/fs/WindowsException'{0x000000070e50afd8}> (0x000000070e50afd8) 
thrown [s\open\src\hotspot\share\prims\jni.cpp, line 517]
Event: 5.441 Thread 0x000001b8f618e590 Exception <a 'sun/nio/fs/WindowsException'{0x000000070e50b738}> (0x000000070e50b738) 
thrown [s\open\src\hotspot\share\prims\jni.cpp, line 517]
Event: 5.441 Thread 0x000001b8f618e590 Exception <a 'sun/nio/fs/WindowsException'{0x000000070e50cc30}> (0x000000070e50cc30) 
thrown [s\open\src\hotspot\share\prims\jni.cpp, line 517]
Event: 5.660 Thread 0x000001b8a3b593e0 Exception <a 'java/lang/NoSuchMethodError'{0x000000070ca3b878}: 'java.lang.Object java.lang.invoke.DirectMethodHandle$Holder.invokeStatic(java.lang.Object, long, java.lang.Object)'> (0x000000070ca3b878) 
thrown [s\open\src\hotspot\share\interpreter\linkResolver.cpp, line 774]
Event: 5.661 Thread 0x000001b8a3b593e0 Exception <a 'java/lang/NoSuchMethodError'{0x000000070ca3eec8}: 'java.lang.Object java.lang.invoke.DirectMethodHandle$Holder.invokeStaticInit(java.lang.Object, long, java.lang.Object)'> (0x000000070ca3eec8) 
thrown [s\open\src\hotspot\share\interpreter\linkResolver.cpp, line 774]
Event: 5.662 Thread 0x000001b8a3b593e0 Exception <a 'java/lang/NoSuchMethodError'{0x000000070ca44b18}: 'java.lang.Object java.lang.invoke.DirectMethodHandle$Holder.newInvokeSpecial(java.lang.Object, long)'> (0x000000070ca44b18) 
thrown [s\open\src\hotspot\share\interpreter\linkResolver.cpp, line 774]
Event: 5.664 Thread 0x000001b8a3b593e0 Exception <a 'java/lang/NoSuchMethodError'{0x000000070ca493a8}: 'long java.lang.invoke.DirectMethodHandle$Holder.invokeInterface(java.lang.Object, java.lang.Object)'> (0x000000070ca493a8) 
thrown [s\open\src\hotspot\share\interpreter\linkResolver.cpp, line 774]
Event: 5.664 Thread 0x000001b8a3b593e0 Exception <a 'java/lang/NoSuchMethodError'{0x000000070ca4cd10}: 'long java.lang.invoke.DelegatingMethodHandle$Holder.reinvoke_L(java.lang.Object, java.lang.Object)'> (0x000000070ca4cd10) 
thrown [s\open\src\hotspot\share\interpreter\linkResolver.cpp, line 774]
Event: 5.665 Thread 0x000001b8f618e590 Exception <a 'java/lang/NoSuchMethodError'{0x000000070cb7f058}: 'java.lang.String org.apache.maven.execution.MavenExecutionRequest.getFailureBehavior()'> (0x000000070cb7f058) 
thrown [s\open\src\hotspot\share\interpreter\linkResolver.cpp, line 870]
Event: 5.939 Thread 0x000001b8f618e590 Implicit null exception at 0x000001b8881e2ecb to 0x000001b8881e30c0
Event: 6.330 Thread 0x000001b8f618e590 Exception <a 'java/lang/NoClassDefFoundError'{0x000000070e8f5c10}: org/sonatype/aether/version/VersionConstraint> (0x000000070e8f5c10) 
thrown [s\open\src\hotspot\share\classfile\systemDictionary.cpp, line 244]

VM Operations (20 events):
Event: 5.918 Executing VM operation: HandshakeAllThreads
Event: 5.918 Executing VM operation: HandshakeAllThreads done
Event: 5.965 Executing VM operation: HandshakeAllThreads
Event: 5.965 Executing VM operation: HandshakeAllThreads done
Event: 6.081 Executing VM operation: HandshakeAllThreads
Event: 6.081 Executing VM operation: HandshakeAllThreads done
Event: 6.081 Executing VM operation: HandshakeAllThreads
Event: 6.081 Executing VM operation: HandshakeAllThreads done
Event: 6.119 Executing VM operation: HandshakeAllThreads
Event: 6.119 Executing VM operation: HandshakeAllThreads done
Event: 6.119 Executing VM operation: HandshakeAllThreads
Event: 6.120 Executing VM operation: HandshakeAllThreads done
Event: 6.120 Executing VM operation: HandshakeAllThreads
Event: 6.120 Executing VM operation: HandshakeAllThreads done
Event: 6.164 Executing VM operation: ICBufferFull
Event: 6.164 Executing VM operation: ICBufferFull done
Event: 6.297 Executing VM operation: HandshakeAllThreads
Event: 6.297 Executing VM operation: HandshakeAllThreads done
Event: 6.419 Executing VM operation: HandshakeAllThreads
Event: 6.419 Executing VM operation: HandshakeAllThreads done

Events (20 events):
Event: 6.305 Thread 0x000001b899f632b0 flushing nmethod 0x000001b8813a0510
Event: 6.305 Thread 0x000001b899f632b0 flushing nmethod 0x000001b881427910
Event: 6.305 Thread 0x000001b899f632b0 flushing nmethod 0x000001b881437290
Event: 6.305 Thread 0x000001b899f632b0 flushing nmethod 0x000001b881438010
Event: 6.305 Thread 0x000001b899f632b0 flushing nmethod 0x000001b881451090
Event: 6.305 Thread 0x000001b899f632b0 flushing nmethod 0x000001b881480f90
Event: 6.305 Thread 0x000001b899f632b0 flushing nmethod 0x000001b881481a90
Event: 6.305 Thread 0x000001b899f632b0 flushing nmethod 0x000001b8814bc710
Event: 6.305 Thread 0x000001b899f632b0 flushing nmethod 0x000001b8814bca90
Event: 6.305 Thread 0x000001b899f632b0 flushing nmethod 0x000001b8814bce10
Event: 6.305 Thread 0x000001b899f632b0 flushing nmethod 0x000001b8814bd190
Event: 6.306 Thread 0x000001b899f632b0 flushing nmethod 0x000001b8815ca410
Event: 6.306 Thread 0x000001b899f632b0 flushing nmethod 0x000001b8815dd010
Event: 6.306 Thread 0x000001b899f632b0 flushing nmethod 0x000001b8815ff590
Event: 6.306 Thread 0x000001b899f632b0 flushing nmethod 0x000001b881601310
Event: 6.306 Thread 0x000001b899f632b0 flushing nmethod 0x000001b881615e90
Event: 6.306 Thread 0x000001b899f632b0 flushing nmethod 0x000001b881616c90
Event: 6.306 Thread 0x000001b899f632b0 flushing nmethod 0x000001b881618a90
Event: 6.306 Thread 0x000001b899f632b0 flushing nmethod 0x000001b88161b710
Event: 6.306 Thread 0x000001b899f632b0 flushing nmethod 0x000001b881623b10


Dynamic libraries:
0x00007ff6a33c0000 - 0x00007ff6a33d0000 	C:\Program Files\Java\jdk-19\bin\java.exe
0x00007ffd21210000 - 0x00007ffd21427000 	C:\WINDOWS\SYSTEM32\ntdll.dll
0x00007ffd20420000 - 0x00007ffd204e4000 	C:\WINDOWS\System32\KERNEL32.DLL
0x00007ffd1eb80000 - 0x00007ffd1ef26000 	C:\WINDOWS\System32\KERNELBASE.dll
0x00007ffd1e720000 - 0x00007ffd1e831000 	C:\WINDOWS\System32\ucrtbase.dll
0x00007ffd0ed50000 - 0x00007ffd0ed6b000 	C:\Program Files\Java\jdk-19\bin\VCRUNTIME140.dll
0x00007ffd0eba0000 - 0x00007ffd0ebb8000 	C:\Program Files\Java\jdk-19\bin\jli.dll
0x00007ffd20050000 - 0x00007ffd20103000 	C:\WINDOWS\System32\ADVAPI32.dll
0x00007ffd21010000 - 0x00007ffd210b7000 	C:\WINDOWS\System32\msvcrt.dll
0x00007ffd210c0000 - 0x00007ffd21168000 	C:\WINDOWS\System32\sechost.dll
0x00007ffd1e840000 - 0x00007ffd1e868000 	C:\WINDOWS\System32\bcrypt.dll
0x00007ffd20e70000 - 0x00007ffd20f87000 	C:\WINDOWS\System32\RPCRT4.dll
0x00007ffd20270000 - 0x00007ffd2041e000 	C:\WINDOWS\System32\USER32.dll
0x00007ffd1e520000 - 0x00007ffd1e546000 	C:\WINDOWS\System32\win32u.dll
0x00007ffd20fe0000 - 0x00007ffd21009000 	C:\WINDOWS\System32\GDI32.dll
0x00007ffd05160000 - 0x00007ffd053f3000 	C:\WINDOWS\WinSxS\amd64_microsoft.windows.common-controls_6595b64144ccf1df_6.0.22621.2506_none_270c5ae97388e100\COMCTL32.dll
0x00007ffd1e8f0000 - 0x00007ffd1ea08000 	C:\WINDOWS\System32\gdi32full.dll
0x00007ffd1e550000 - 0x00007ffd1e5ea000 	C:\WINDOWS\System32\msvcp_win.dll
0x00007ffd15120000 - 0x00007ffd1512a000 	C:\WINDOWS\SYSTEM32\VERSION.dll
0x00007ffd20610000 - 0x00007ffd20641000 	C:\WINDOWS\System32\IMM32.DLL
0x00007ffd15510000 - 0x00007ffd1551c000 	C:\Program Files\Java\jdk-19\bin\vcruntime140_1.dll
0x00007ffceec90000 - 0x00007ffceed1e000 	C:\Program Files\Java\jdk-19\bin\msvcp140.dll
0x00007ffcbca10000 - 0x00007ffcbd6d0000 	C:\Program Files\Java\jdk-19\bin\server\jvm.dll
0x00007ffd19650000 - 0x00007ffd19659000 	C:\WINDOWS\SYSTEM32\WSOCK32.dll
0x00007ffd16750000 - 0x00007ffd16784000 	C:\WINDOWS\SYSTEM32\WINMM.dll
0x00007ffd20590000 - 0x00007ffd20601000 	C:\WINDOWS\System32\WS2_32.dll
0x00007ffd1d650000 - 0x00007ffd1d668000 	C:\WINDOWS\SYSTEM32\kernel.appcore.dll
0x00007ffd14cb0000 - 0x00007ffd14cba000 	C:\Program Files\Java\jdk-19\bin\jimage.dll
0x00007ffd1b830000 - 0x00007ffd1ba63000 	C:\WINDOWS\SYSTEM32\DBGHELP.DLL
0x00007ffd1f190000 - 0x00007ffd1f519000 	C:\WINDOWS\System32\combase.dll
0x00007ffd20d90000 - 0x00007ffd20e67000 	C:\WINDOWS\System32\OLEAUT32.dll
0x00007ffd12a80000 - 0x00007ffd12ab2000 	C:\WINDOWS\SYSTEM32\dbgcore.DLL
0x00007ffd1e870000 - 0x00007ffd1e8ea000 	C:\WINDOWS\System32\bcryptPrimitives.dll
0x00007ffd168c0000 - 0x00007ffd168ce000 	C:\Program Files\Java\jdk-19\bin\instrument.dll
0x00007ffd089f0000 - 0x00007ffd08a16000 	C:\Program Files\Java\jdk-19\bin\java.dll
0x00007ffcdce30000 - 0x00007ffcdcf07000 	C:\Program Files\Java\jdk-19\bin\jsvml.dll
0x00007ffd1f6a0000 - 0x00007ffd1fefb000 	C:\WINDOWS\System32\SHELL32.dll
0x00007ffd1c450000 - 0x00007ffd1cd46000 	C:\WINDOWS\SYSTEM32\windows.storage.dll
0x00007ffd1c310000 - 0x00007ffd1c44e000 	C:\WINDOWS\SYSTEM32\wintypes.dll
0x00007ffd1f580000 - 0x00007ffd1f673000 	C:\WINDOWS\System32\SHCORE.dll
0x00007ffd1f520000 - 0x00007ffd1f57e000 	C:\WINDOWS\System32\shlwapi.dll
0x00007ffd1e450000 - 0x00007ffd1e476000 	C:\WINDOWS\SYSTEM32\profapi.dll
0x00007ffd08700000 - 0x00007ffd08718000 	C:\Program Files\Java\jdk-19\bin\zip.dll
0x00007ffd0ead0000 - 0x00007ffd0eae3000 	C:\Program Files\Java\jdk-19\bin\net.dll
0x00007ffd18bf0000 - 0x00007ffd18d27000 	C:\WINDOWS\SYSTEM32\WINHTTP.dll
0x00007ffd1dad0000 - 0x00007ffd1db39000 	C:\WINDOWS\system32\mswsock.dll
0x00007ffd0e050000 - 0x00007ffd0e066000 	C:\Program Files\Java\jdk-19\bin\nio.dll
0x00007ffd07b70000 - 0x00007ffd07b8a000 	C:\Program Files\JetBrains\IntelliJ IDEA 2022.1.2\bin\breakgen64.dll
0x00007ffd10020000 - 0x00007ffd10028000 	C:\Program Files\Java\jdk-19\bin\extnet.dll
0x0000000069ac0000 - 0x0000000069ae4000 	C:\Users\99293\AppData\Local\Temp\jansi-2.4.0-10b6aebe09f27452-jansi.dll
0x00007ffd0fc50000 - 0x00007ffd0fc60000 	C:\Program Files\Java\jdk-19\bin\verify.dll

dbghelp: loaded successfully - version: 4.0.5 - missing functions: none
symbol engine: initialized successfully - sym options: 0x614 - pdb path: .;C:\Program Files\Java\jdk-19\bin;C:\WINDOWS\SYSTEM32;C:\WINDOWS\WinSxS\amd64_microsoft.windows.common-controls_6595b64144ccf1df_6.0.22621.2506_none_270c5ae97388e100;C:\Program Files\Java\jdk-19\bin\server;C:\Program Files\JetBrains\IntelliJ IDEA 2022.1.2\bin;C:\Users\99293\AppData\Local\Temp

VM Arguments:
jvm_args: -Dmaven.multiModuleProjectDirectory=D:\unitedStates original storage\unitedStates duplicates original storage -Dmaven.home=C:\Users\99293\.m2\wrapper\dists\apache-maven-3.8.6-bin\1ks0nkde5v1pk9vtc31i9d0lcd\apache-maven-3.8.6 -Dclassworlds.conf=C:\Users\99293\.m2\wrapper\dists\apache-maven-3.8.6-bin\1ks0nkde5v1pk9vtc31i9d0lcd\apache-maven-3.8.6\bin\m2.conf -Dmaven.ext.class.path=C:\Program Files\JetBrains\IntelliJ IDEA 2022.1.2\plugins\maven\lib\maven-event-listener.jar -javaagent:C:\Program Files\JetBrains\IntelliJ IDEA 2022.1.2\lib\idea_rt.jar=49864:C:\Program Files\JetBrains\IntelliJ IDEA 2022.1.2\bin -Dfile.encoding=UTF-8 
java_command: org.codehaus.classworlds.Launcher -Didea.version=2022.1.2 package
java_class_path (initial): C:\Users\99293\.m2\wrapper\dists\apache-maven-3.8.6-bin\1ks0nkde5v1pk9vtc31i9d0lcd\apache-maven-3.8.6\boot\plexus-classworlds-2.6.0.jar;C:\Users\99293\.m2\wrapper\dists\apache-maven-3.8.6-bin\1ks0nkde5v1pk9vtc31i9d0lcd\apache-maven-3.8.6\boot\plexus-classworlds.license
Launcher Type: SUN_STANDARD

[Global flags]
     intx CICompilerCount                          = 12                                        {product} {ergonomic}
     uint ConcGCThreads                            = 3                                         {product} {ergonomic}
     uint G1ConcRefinementThreads                  = 13                                        {product} {ergonomic}
   size_t G1HeapRegionSize                         = 2097152                                   {product} {ergonomic}
    uintx GCDrainStackTargetSize                   = 64                                        {product} {ergonomic}
   size_t InitialHeapSize                          = 264241152                                 {product} {ergonomic}
   size_t MarkStackSize                            = 4194304                                   {product} {ergonomic}
   size_t MaxHeapSize                              = 4196401152                                {product} {ergonomic}
   size_t MaxNewSize                               = 2516582400                                {product} {ergonomic}
   size_t MinHeapDeltaBytes                        = 2097152                                   {product} {ergonomic}
   size_t MinHeapSize                              = 8388608                                   {product} {ergonomic}
    uintx NonNMethodCodeHeapSize                   = 7602480                                {pd product} {ergonomic}
    uintx NonProfiledCodeHeapSize                  = 122027880                              {pd product} {ergonomic}
    uintx ProfiledCodeHeapSize                     = 122027880                              {pd product} {ergonomic}
    uintx ReservedCodeCacheSize                    = 251658240                              {pd product} {ergonomic}
     bool SegmentedCodeCache                       = true                                      {product} {ergonomic}
   size_t SoftMaxHeapSize                          = 4196401152                             {manageable} {ergonomic}
     bool UseCompressedClassPointers               = true                           {product lp64_product} {ergonomic}
     bool UseCompressedOops                        = true                           {product lp64_product} {ergonomic}
     bool UseG1GC                                  = true                                      {product} {ergonomic}
     bool UseLargePagesIndividualAllocation        = false                                  {pd product} {ergonomic}

Logging:
Log output configuration:
 #0: stdout all=warning uptime,level,tags foldmultilines=false
 #1: stderr all=off uptime,level,tags foldmultilines=false

Environment Variables:
PATH=C:\Program Files\Common Files\Oracle\Java\javapath;C:\Windows\system32;C:\Windows;C:\Windows\System32\Wbem;C:\Windows\System32\WindowsPowerShell\v1.0\;C:\Windows\System32\OpenSSH\;C:\Program Files (x86)\NVIDIA Corporation\PhysX\Common;C:\Program Files\NVIDIA Corporation\NVIDIA NvDLISR;C:\Program Files\Git\cmd;C:\Program Files (x86)\dotnet\;%SystemRoot%\system32;%SystemRoot%;%SystemRoot%\System32\Wbem;%SYSTEMROOT%\System32\WindowsPowerShell\v1.0\;%SYSTEMROOT%\System32\OpenSSH\;C:\Users\99293\AppData\Local\Programs\Python\Python311\Scripts\;C:\Users\99293\AppData\Local\Programs\Python\Python311\;C:\Users\99293\AppData\Local\Microsoft\WindowsApps;;C:\Program Files\JetBrains\IntelliJ IDEA 2022.1.2\bin;;C:\Program Files\heroku\bin
USERNAME=ASUS
OS=Windows_NT
PROCESSOR_IDENTIFIER=Intel64 Family 6 Model 154 Stepping 3, GenuineIntel
TMP=C:\Users\99293\AppData\Local\Temp
TEMP=C:\Users\99293\AppData\Local\Temp



---------------  S Y S T E M  ---------------

OS:
 Windows 11 , 64 bit Build 22621 (10.0.22621.3085)
OS uptime: 1 days 0:28 hours
Hyper-V role detected

CPU: total 16 (initial active 16) (8 cores per cpu, 2 threads per core) family 6 model 154 stepping 3 microcode 0x41c, cx8, cmov, fxsr, ht, mmx, 3dnowpref, sse, sse2, sse3, ssse3, sse4.1, sse4.2, popcnt, lzcnt, tsc, tscinvbit, avx, avx2, aes, erms, clmul, bmi1, bmi2, adx, sha, fma, vzeroupper, clflush, clflushopt, clwb, hv, serialize, rdtscp, rdpid, fsrm

Memory: 4k page, system-wide physical 16005M (2945M free)
TotalPageFile size 18053M (AvailPageFile size 5M)
current process WorkingSet (physical memory assigned to process): 567M, peak: 567M
current process commit charge ("private bytes"): 619M, peak: 623M

vm_info: Java HotSpot(TM) 64-Bit Server VM (19.0.2+7-44) for windows-amd64 JRE (19.0.2+7-44), built on 2022-11-30T18:02:09Z by "mach5one" with MS VC++ 17.1 (VS2022)

END.
