#
# There is insufficient memory for the Java Runtime Environment to continue.
# Native memory allocation (mmap) failed to map 77594624 bytes for G1 virtual space
# Possible reasons:
#   The system is out of physical RAM or swap space
#   The process is running with CompressedOops enabled, and the Java Heap may be blocking the growth of the native heap
# Possible solutions:
#   Reduce memory load on the system
#   Increase physical memory or swap space
#   Check if swap backing store is full
#   Decrease Java heap size (-Xmx/-Xms)
#   Decrease number of Java threads
#   Decrease Java thread stack sizes (-Xss)
#   Set larger code cache with -XX:ReservedCodeCacheSize=
#   JVM is running with Zero Based Compressed Oops mode in which the Java heap is
#     placed in the first 32GB address space. The Java Heap base address is the
#     maximum limit for the native heap growth. Please use -XX:HeapBaseMinAddress
#     to set the Java Heap base and to place the Java Heap above 32GB virtual address.
# This output file may be truncated or incomplete.
#
#  Out of Memory Error (os_windows.cpp:3536), pid=1836, tid=7208
#
# JRE version: Java(TM) SE Runtime Environment (19.0.2+7) (build 19.0.2+7-44)
# Java VM: Java HotSpot(TM) 64-Bit Server VM (19.0.2+7-44, mixed mode, sharing, tiered, compressed oops, compressed class ptrs, g1 gc, windows-amd64)
# No core dump will be written. Minidumps are not enabled by default on client versions of Windows
#

---------------  S U M M A R Y ------------

Command Line: -Dmaven.multiModuleProjectDirectory=D:\unitedStates original storage\unitedStates duplicates original storage -Dmaven.home=C:\Users\99293\.m2\wrapper\dists\apache-maven-3.8.6-bin\1ks0nkde5v1pk9vtc31i9d0lcd\apache-maven-3.8.6 -Dclassworlds.conf=C:\Users\99293\.m2\wrapper\dists\apache-maven-3.8.6-bin\1ks0nkde5v1pk9vtc31i9d0lcd\apache-maven-3.8.6\bin\m2.conf -Dmaven.ext.class.path=C:\Program Files\JetBrains\IntelliJ IDEA 2022.1.2\plugins\maven\lib\maven-event-listener.jar -javaagent:C:\Program Files\JetBrains\IntelliJ IDEA 2022.1.2\lib\idea_rt.jar=51655:C:\Program Files\JetBrains\IntelliJ IDEA 2022.1.2\bin -Dfile.encoding=UTF-8 org.codehaus.classworlds.Launcher -Didea.version=2022.1.2 package

Host: 12th Gen Intel(R) Core(TM) i7-12650H, 16 cores, 15G,  Windows 11 , 64 bit Build 22621 (10.0.22621.2506)
Time: Sun Feb 11 17:09:49 2024  Windows 11 , 64 bit Build 22621 (10.0.22621.2506) elapsed time: 3.657123 seconds (0d 0h 0m 3s)

---------------  T H R E A D  ---------------

Current thread (0x000002116bf12660):  VMThread "VM Thread" [stack: 0x000000ae45f00000,0x000000ae46000000] [id=7208]

Stack: [0x000000ae45f00000,0x000000ae46000000]
Native frames: (J=compiled Java code, j=interpreted, Vv=VM code, C=native code)
V  [jvm.dll+0x6ee21a]
V  [jvm.dll+0x85765e]
V  [jvm.dll+0x85904e]
V  [jvm.dll+0x859703]
V  [jvm.dll+0x28298f]
V  [jvm.dll+0x6eb009]
V  [jvm.dll+0x6dfbaa]
V  [jvm.dll+0x3573f6]
V  [jvm.dll+0x35ee56]
V  [jvm.dll+0x3b541e]
V  [jvm.dll+0x3b564f]
V  [jvm.dll+0x32c9ea]
V  [jvm.dll+0x32ca97]
V  [jvm.dll+0x374cd2]
V  [jvm.dll+0x37340f]
V  [jvm.dll+0x32c210]
V  [jvm.dll+0x3729ab]
V  [jvm.dll+0x85ebc3]
V  [jvm.dll+0x85f989]
V  [jvm.dll+0x85febd]
V  [jvm.dll+0x86034b]
V  [jvm.dll+0x860407]
V  [jvm.dll+0x80125a]
V  [jvm.dll+0x6ecf0b]
C  [ucrtbase.dll+0x29363]
C  [KERNEL32.DLL+0x1257d]
C  [ntdll.dll+0x5aa58]

VM_Operation (0x000000ae459fc440): G1CollectForAllocation, mode: safepoint, requested by thread 0x00000211486ef770


---------------  P R O C E S S  ---------------

Threads class SMR info:
_java_thread_list=0x00000211739f4200, length=23, elements={
0x00000211486ef770, 0x000002116bf29bf0, 0x000002116bf2a9e0, 0x0000021170510080,
0x0000021170514bf0, 0x0000021170515570, 0x0000021170515ac0, 0x000002117052d9d0,
0x000002117052ff60, 0x0000021170516010, 0x0000021170516560, 0x0000021170634d40,
0x0000021170518540, 0x0000021170516ab0, 0x0000021170a96950, 0x0000021170ac2f50,
0x0000021170ac8500, 0x0000021171151d20, 0x0000021171133e60, 0x000002117168d170,
0x000002117180c920, 0x000002117199a070, 0x00000211719973f0
}

Java Threads: ( => current thread )
  0x00000211486ef770 JavaThread "main" [_thread_blocked, id=11528, stack(0x000000ae45900000,0x000000ae45a00000)]
  0x000002116bf29bf0 JavaThread "Reference Handler" daemon [_thread_blocked, id=11120, stack(0x000000ae46000000,0x000000ae46100000)]
  0x000002116bf2a9e0 JavaThread "Finalizer" daemon [_thread_blocked, id=2168, stack(0x000000ae46100000,0x000000ae46200000)]
  0x0000021170510080 JavaThread "Signal Dispatcher" daemon [_thread_blocked, id=3300, stack(0x000000ae46200000,0x000000ae46300000)]
  0x0000021170514bf0 JavaThread "Attach Listener" daemon [_thread_blocked, id=7292, stack(0x000000ae46300000,0x000000ae46400000)]
  0x0000021170515570 JavaThread "Service Thread" daemon [_thread_blocked, id=9248, stack(0x000000ae46400000,0x000000ae46500000)]
  0x0000021170515ac0 JavaThread "Monitor Deflation Thread" daemon [_thread_blocked, id=1416, stack(0x000000ae46500000,0x000000ae46600000)]
  0x000002117052d9d0 JavaThread "C2 CompilerThread0" daemon [_thread_blocked, id=12160, stack(0x000000ae46600000,0x000000ae46700000)]
  0x000002117052ff60 JavaThread "C1 CompilerThread0" daemon [_thread_blocked, id=1500, stack(0x000000ae46700000,0x000000ae46800000)]
  0x0000021170516010 JavaThread "Sweeper thread" daemon [_thread_blocked, id=17840, stack(0x000000ae46800000,0x000000ae46900000)]
  0x0000021170516560 JavaThread "Common-Cleaner" daemon [_thread_blocked, id=7944, stack(0x000000ae46900000,0x000000ae46a00000)]
  0x0000021170634d40 JavaThread "C1 CompilerThread1" daemon [_thread_blocked, id=428, stack(0x000000ae46a00000,0x000000ae46b00000)]
  0x0000021170518540 JavaThread "Monitor Ctrl-Break" daemon [_thread_in_native, id=7536, stack(0x000000ae46b00000,0x000000ae46c00000)]
  0x0000021170516ab0 JavaThread "Notification Thread" daemon [_thread_blocked, id=8, stack(0x000000ae46c00000,0x000000ae46d00000)]
  0x0000021170a96950 JavaThread "C2 CompilerThread1" daemon [_thread_blocked, id=14272, stack(0x000000ae46e00000,0x000000ae46f00000)]
  0x0000021170ac2f50 JavaThread "C1 CompilerThread2" daemon [_thread_blocked, id=5676, stack(0x000000ae46f00000,0x000000ae47000000)]
  0x0000021170ac8500 JavaThread "C1 CompilerThread3" daemon [_thread_blocked, id=8304, stack(0x000000ae47000000,0x000000ae47100000)]
  0x0000021171151d20 JavaThread "C2 CompilerThread2" daemon [_thread_blocked, id=9600, stack(0x000000ae47100000,0x000000ae47200000)]
  0x0000021171133e60 JavaThread "C2 CompilerThread3" daemon [_thread_blocked, id=1436, stack(0x000000ae47200000,0x000000ae47300000)]
  0x000002117168d170 JavaThread "C2 CompilerThread4" daemon [_thread_blocked, id=19788, stack(0x000000ae47300000,0x000000ae47400000)]
  0x000002117180c920 JavaThread "C2 CompilerThread5" daemon [_thread_blocked, id=14312, stack(0x000000ae47400000,0x000000ae47500000)]
  0x000002117199a070 JavaThread "C2 CompilerThread6" daemon [_thread_blocked, id=12092, stack(0x000000ae47500000,0x000000ae47600000)]
  0x00000211719973f0 JavaThread "C2 CompilerThread7" daemon [_thread_blocked, id=4012, stack(0x000000ae47600000,0x000000ae47700000)]

Other Threads:
=>0x000002116bf12660 VMThread "VM Thread" [stack: 0x000000ae45f00000,0x000000ae46000000] [id=7208]
  0x00000211706f7e60 WatcherThread "VM Periodic Task Thread" [stack: 0x000000ae46d00000,0x000000ae46e00000] [id=5668]
  0x0000021148760360 WorkerThread "GC Thread#0" [stack: 0x000000ae45a00000,0x000000ae45b00000] [id=864]
  0x0000021170a3a420 WorkerThread "GC Thread#1" [stack: 0x000000ae47700000,0x000000ae47800000] [id=4696]
  0x0000021170a39610 WorkerThread "GC Thread#2" [stack: 0x000000ae47800000,0x000000ae47900000] [id=2804]
  0x0000021170a398e0 WorkerThread "GC Thread#3" [stack: 0x000000ae47900000,0x000000ae47a00000] [id=2532]
  0x0000021170a39340 WorkerThread "GC Thread#4" [stack: 0x000000ae47a00000,0x000000ae47b00000] [id=20548]
  0x0000021170a38da0 WorkerThread "GC Thread#5" [stack: 0x000000ae47b00000,0x000000ae47c00000] [id=3928]
  0x0000021170a39bb0 WorkerThread "GC Thread#6" [stack: 0x000000ae47c00000,0x000000ae47d00000] [id=20648]
  0x0000021170a39e80 WorkerThread "GC Thread#7" [stack: 0x000000ae47d00000,0x000000ae47e00000] [id=17568]
  0x00000211726676f0 WorkerThread "GC Thread#8" [stack: 0x000000ae47e00000,0x000000ae47f00000] [id=11660]
  0x0000021172668aa0 WorkerThread "GC Thread#9" [stack: 0x000000ae47f00000,0x000000ae48000000] [id=17692]
  0x0000021172667c90 WorkerThread "GC Thread#10" [stack: 0x000000ae48000000,0x000000ae48100000] [id=21180]
  0x0000021172666bb0 WorkerThread "GC Thread#11" [stack: 0x000000ae48100000,0x000000ae48200000] [id=6480]
  0x0000021172666e80 WorkerThread "GC Thread#12" [stack: 0x000000ae48200000,0x000000ae48300000] [id=6708]
  0x0000021148770e70 ConcurrentGCThread "G1 Main Marker" [stack: 0x000000ae45b00000,0x000000ae45c00000] [id=3060]
  0x00000211487728b0 WorkerThread "G1 Conc#0" [stack: 0x000000ae45c00000,0x000000ae45d00000] [id=1696]
  0x0000021172667f60 WorkerThread "G1 Conc#1" [stack: 0x000000ae48300000,0x000000ae48400000] [id=21348]
  0x0000021172667150 WorkerThread "G1 Conc#2" [stack: 0x000000ae48400000,0x000000ae48500000] [id=20892]
  0x000002116bdcf4b0 ConcurrentGCThread "G1 Refine#0" [stack: 0x000000ae45d00000,0x000000ae45e00000] [id=17916]
  0x000002116bdcfe00 ConcurrentGCThread "G1 Service" [stack: 0x000000ae45e00000,0x000000ae45f00000] [id=18556]

Threads with active compile tasks:
C2 CompilerThread0     3672 7159       4       lombok.javac.JavacAST::buildTree (176 bytes)
C2 CompilerThread1     3672 7206       4       lombok.core.AST::buildWithCollection (128 bytes)
C2 CompilerThread2     3672 7720       4       lombok.javac.handlers.JavacHandlerUtil::typeMatches (132 bytes)
C2 CompilerThread3     3672 7767       4       lombok.javac.handlers.JavacHandlerUtil::annotationTypeMatches (28 bytes)
C2 CompilerThread4     3672 7155   !   4       lombok.javac.JavacAST::drill (146 bytes)
C2 CompilerThread5     3673 7843       4       lombok.javac.handlers.JavacHandlerUtil::getAccessorsForField (163 bytes)
C2 CompilerThread6     3673 7575       4       lombok.javac.JavacAST::buildLocalVar (109 bytes)
C2 CompilerThread7     3673 7805       4       java.util.WeakHashMap::put (160 bytes)

VM state: at safepoint (normal execution)

VM Mutex/Monitor currently owned by a thread:  ([mutex/lock_event])
[0x00000211486ea6d0] Threads_lock - owner thread: 0x000002116bf12660
[0x00000211486ea490] Heap_lock - owner thread: 0x00000211486ef770

Heap address: 0x0000000705e00000, size: 4002 MB, Compressed Oops mode: Zero based, Oop shift amount: 3

CDS archive(s) mapped at: [0x0000000800000000-0x0000000800c40000-0x0000000800c40000), size 12845056, SharedBaseAddress: 0x0000000800000000, ArchiveRelocationMode: 0.
Compressed class space mapped at: 0x0000000801000000-0x0000000841000000, reserved size: 1073741824
Narrow klass base: 0x0000000800000000, Narrow klass shift: 0, Narrow klass range: 0x100000000

GC Precious Log:
 CardTable entry size: 512
 Card Set container configuration: InlinePtr #cards 4 size 8 Array Of Cards #cards 16 size 48 Howl #buckets 8 coarsen threshold 3686 Howl Bitmap #cards 512 size 80 coarsen threshold 460 Card regions per heap region 1 cards per card region 4096
 CPUs: 16 total, 16 available
 Memory: 16005M
 Large Page Support: Disabled
 NUMA Support: Disabled
 Compressed Oops: Enabled (Zero based)
 Heap Region Size: 2M
 Heap Min Capacity: 8M
 Heap Initial Capacity: 252M
 Heap Max Capacity: 4002M
 Pre-touch: Disabled
 Parallel Workers: 13
 Concurrent Workers: 3
 Concurrent Refinement Workers: 13
 Periodic GC: Disabled

Heap:
 garbage-first heap   total 135168K, used 51024K [0x0000000705e00000, 0x0000000800000000)
  region size 2048K, 2 young (4096K), 2 survivors (4096K)
 Metaspace       used 28340K, committed 28928K, reserved 1114112K
  class space    used 2965K, committed 3264K, reserved 1048576K

Heap Regions: E=young(eden), S=young(survivor), O=old, HS=humongous(starts), HC=humongous(continues), CS=collection set, F=free, OA=open archive, CA=closed archive, TAMS=top-at-mark-start (previous, next)
|   0|0x0000000705e00000, 0x0000000706000000, 0x0000000706000000|100%| O|  |TAMS 0x0000000706000000, 0x0000000705e00000| Untracked 
|   1|0x0000000706000000, 0x0000000706200000, 0x0000000706200000|100%| O|  |TAMS 0x0000000706200000, 0x0000000706000000| Untracked 
|   2|0x0000000706200000, 0x0000000706400000, 0x0000000706400000|100%| O|  |TAMS 0x0000000706400000, 0x0000000706200000| Untracked 
|   3|0x0000000706400000, 0x0000000706600000, 0x0000000706600000|100%| O|  |TAMS 0x0000000706600000, 0x0000000706400000| Untracked 
|   4|0x0000000706600000, 0x0000000706800000, 0x0000000706800000|100%| O|  |TAMS 0x0000000706800000, 0x0000000706600000| Untracked 
|   5|0x0000000706800000, 0x0000000706a00000, 0x0000000706a00000|100%| O|  |TAMS 0x0000000706a00000, 0x0000000706800000| Untracked 
|   6|0x0000000706a00000, 0x0000000706c00000, 0x0000000706c00000|100%| O|  |TAMS 0x0000000706af4000, 0x0000000706a00000| Untracked 
|   7|0x0000000706c00000, 0x0000000706e00000, 0x0000000706e00000|100%| O|  |TAMS 0x0000000706e00000, 0x0000000706c00000| Untracked 
|   8|0x0000000706e00000, 0x0000000707000000, 0x0000000707000000|100%| O|  |TAMS 0x0000000707000000, 0x0000000706e00000| Untracked 
|   9|0x0000000707000000, 0x0000000707200000, 0x0000000707200000|100%| O|  |TAMS 0x0000000707200000, 0x0000000707000000| Untracked 
|  10|0x0000000707200000, 0x0000000707200000, 0x0000000707400000|  0%| F|  |TAMS 0x0000000707200000, 0x0000000707200000| Untracked 
|  11|0x0000000707400000, 0x0000000707600000, 0x0000000707600000|100%| O|  |TAMS 0x0000000707400000, 0x0000000707400000| Untracked 
|  12|0x0000000707600000, 0x0000000707800000, 0x0000000707800000|100%| O|  |TAMS 0x0000000707600000, 0x0000000707600000| Untracked 
|  13|0x0000000707800000, 0x0000000707a00000, 0x0000000707a00000|100%|HS|  |TAMS 0x0000000707800000, 0x0000000707800000| Complete 
|  14|0x0000000707a00000, 0x0000000707c00000, 0x0000000707c00000|100%| O|  |TAMS 0x0000000707a00000, 0x0000000707a00000| Untracked 
|  15|0x0000000707c00000, 0x0000000707e00000, 0x0000000707e00000|100%| O|  |TAMS 0x0000000707c00000, 0x0000000707c00000| Untracked 
|  16|0x0000000707e00000, 0x0000000708000000, 0x0000000708000000|100%| O|  |TAMS 0x0000000707e00000, 0x0000000707e00000| Untracked 
|  17|0x0000000708000000, 0x0000000708127200, 0x0000000708200000| 57%| O|  |TAMS 0x0000000708000000, 0x0000000708000000| Untracked 
|  18|0x0000000708200000, 0x0000000708200000, 0x0000000708400000|  0%| F|  |TAMS 0x0000000708200000, 0x0000000708200000| Untracked 
|  19|0x0000000708400000, 0x0000000708400000, 0x0000000708600000|  0%| F|  |TAMS 0x0000000708400000, 0x0000000708400000| Untracked 
|  20|0x0000000708600000, 0x0000000708600000, 0x0000000708800000|  0%| F|  |TAMS 0x0000000708600000, 0x0000000708600000| Untracked 
|  21|0x0000000708800000, 0x0000000708800000, 0x0000000708a00000|  0%| F|  |TAMS 0x0000000708800000, 0x0000000708800000| Untracked 
|  22|0x0000000708a00000, 0x0000000708a00000, 0x0000000708c00000|  0%| F|  |TAMS 0x0000000708a00000, 0x0000000708a00000| Untracked 
|  23|0x0000000708c00000, 0x0000000708c00000, 0x0000000708e00000|  0%| F|  |TAMS 0x0000000708c00000, 0x0000000708c00000| Untracked 
|  24|0x0000000708e00000, 0x0000000708e00000, 0x0000000709000000|  0%| F|  |TAMS 0x0000000708e00000, 0x0000000708e00000| Untracked 
|  25|0x0000000709000000, 0x0000000709000000, 0x0000000709200000|  0%| F|  |TAMS 0x0000000709000000, 0x0000000709000000| Untracked 
|  26|0x0000000709200000, 0x0000000709200000, 0x0000000709400000|  0%| F|  |TAMS 0x0000000709200000, 0x0000000709200000| Untracked 
|  27|0x0000000709400000, 0x00000007094acfc0, 0x0000000709600000| 33%| S|CS|TAMS 0x0000000709400000, 0x0000000709400000| Complete 
|  28|0x0000000709600000, 0x0000000709600000, 0x0000000709800000|  0%| F|  |TAMS 0x0000000709600000, 0x0000000709600000| Untracked 
|  29|0x0000000709800000, 0x0000000709800000, 0x0000000709a00000|  0%| F|  |TAMS 0x0000000709800000, 0x0000000709800000| Untracked 
|  30|0x0000000709a00000, 0x0000000709c00000, 0x0000000709c00000|100%| S|CS|TAMS 0x0000000709a00000, 0x0000000709a00000| Complete 
|  31|0x0000000709c00000, 0x0000000709c00000, 0x0000000709e00000|  0%| F|  |TAMS 0x0000000709c00000, 0x0000000709c00000| Untracked 
|  32|0x0000000709e00000, 0x0000000709e00000, 0x000000070a000000|  0%| F|  |TAMS 0x0000000709e00000, 0x0000000709e00000| Untracked 
|  33|0x000000070a000000, 0x000000070a000000, 0x000000070a200000|  0%| F|  |TAMS 0x000000070a000000, 0x000000070a000000| Untracked 
|  34|0x000000070a200000, 0x000000070a200000, 0x000000070a400000|  0%| F|  |TAMS 0x000000070a200000, 0x000000070a200000| Untracked 
|  35|0x000000070a400000, 0x000000070a400000, 0x000000070a600000|  0%| F|  |TAMS 0x000000070a400000, 0x000000070a400000| Untracked 
|  36|0x000000070a600000, 0x000000070a600000, 0x000000070a800000|  0%| F|  |TAMS 0x000000070a600000, 0x000000070a600000| Untracked 
|  37|0x000000070a800000, 0x000000070a800000, 0x000000070aa00000|  0%| F|  |TAMS 0x000000070a800000, 0x000000070a800000| Untracked 
|  38|0x000000070aa00000, 0x000000070aa00000, 0x000000070ac00000|  0%| F|  |TAMS 0x000000070aa00000, 0x000000070aa00000| Untracked 
|  39|0x000000070ac00000, 0x000000070ac00000, 0x000000070ae00000|  0%| F|  |TAMS 0x000000070ac00000, 0x000000070ac00000| Untracked 
|  40|0x000000070ae00000, 0x000000070ae00000, 0x000000070b000000|  0%| F|  |TAMS 0x000000070ae00000, 0x000000070ae00000| Untracked 
|  41|0x000000070b000000, 0x000000070b000000, 0x000000070b200000|  0%| F|  |TAMS 0x000000070b000000, 0x000000070b000000| Untracked 
|  42|0x000000070b200000, 0x000000070b200000, 0x000000070b400000|  0%| F|  |TAMS 0x000000070b200000, 0x000000070b200000| Untracked 
|  43|0x000000070b400000, 0x000000070b400000, 0x000000070b600000|  0%| F|  |TAMS 0x000000070b400000, 0x000000070b400000| Untracked 
|  44|0x000000070b600000, 0x000000070b600000, 0x000000070b800000|  0%| F|  |TAMS 0x000000070b600000, 0x000000070b600000| Untracked 
|  45|0x000000070b800000, 0x000000070b800000, 0x000000070ba00000|  0%| F|  |TAMS 0x000000070b800000, 0x000000070b800000| Untracked 
|  46|0x000000070ba00000, 0x000000070ba00000, 0x000000070bc00000|  0%| F|  |TAMS 0x000000070ba00000, 0x000000070ba00000| Untracked 
|  47|0x000000070bc00000, 0x000000070bc00000, 0x000000070be00000|  0%| F|  |TAMS 0x000000070bc00000, 0x000000070bc00000| Untracked 
|  48|0x000000070be00000, 0x000000070be00000, 0x000000070c000000|  0%| F|  |TAMS 0x000000070be00000, 0x000000070be00000| Untracked 
|  49|0x000000070c000000, 0x000000070c000000, 0x000000070c200000|  0%| F|  |TAMS 0x000000070c000000, 0x000000070c000000| Untracked 
|  50|0x000000070c200000, 0x000000070c200000, 0x000000070c400000|  0%| F|  |TAMS 0x000000070c200000, 0x000000070c200000| Untracked 
|  51|0x000000070c400000, 0x000000070c400000, 0x000000070c600000|  0%| F|  |TAMS 0x000000070c400000, 0x000000070c400000| Untracked 
|  52|0x000000070c600000, 0x000000070c600000, 0x000000070c800000|  0%| F|  |TAMS 0x000000070c600000, 0x000000070c600000| Untracked 
|  53|0x000000070c800000, 0x000000070c800000, 0x000000070ca00000|  0%| F|  |TAMS 0x000000070c800000, 0x000000070c800000| Untracked 
|  54|0x000000070ca00000, 0x000000070ca00000, 0x000000070cc00000|  0%| F|  |TAMS 0x000000070ca00000, 0x000000070ca00000| Untracked 
|  55|0x000000070cc00000, 0x000000070cc00000, 0x000000070ce00000|  0%| F|  |TAMS 0x000000070cc00000, 0x000000070cc00000| Untracked 
|  56|0x000000070ce00000, 0x000000070ce00000, 0x000000070d000000|  0%| F|  |TAMS 0x000000070ce00000, 0x000000070ce00000| Untracked 
|  57|0x000000070d000000, 0x000000070d000000, 0x000000070d200000|  0%| F|  |TAMS 0x000000070d000000, 0x000000070d000000| Untracked 
| 125|0x0000000715800000, 0x0000000715800000, 0x0000000715a00000|  0%| F|  |TAMS 0x0000000715800000, 0x0000000715800000| Untracked 
|1994|0x00000007ff200000, 0x00000007ff400000, 0x00000007ff400000|100%| O|  |TAMS 0x00000007ff400000, 0x00000007ff200000| Untracked 
|1995|0x00000007ff400000, 0x00000007ff600000, 0x00000007ff600000|100%| O|  |TAMS 0x00000007ff600000, 0x00000007ff400000| Untracked 
|1996|0x00000007ff600000, 0x00000007ff800000, 0x00000007ff800000|100%| O|  |TAMS 0x00000007ff800000, 0x00000007ff600000| Untracked 
|1997|0x00000007ff800000, 0x00000007ffa00000, 0x00000007ffa00000|100%| O|  |TAMS 0x00000007ffa00000, 0x00000007ff800000| Untracked 
|1998|0x00000007ffa00000, 0x00000007ffc00000, 0x00000007ffc00000|100%| O|  |TAMS 0x00000007ffc00000, 0x00000007ffa00000| Untracked 
|1999|0x00000007ffc00000, 0x00000007ffe00000, 0x00000007ffe00000|100%| O|  |TAMS 0x00000007ffe00000, 0x00000007ffc00000| Untracked 
|2000|0x00000007ffe00000, 0x0000000800000000, 0x0000000800000000|100%| O|  |TAMS 0x0000000800000000, 0x00000007ffe00000| Untracked 

Card table byte_map: [0x00000211606b0000,0x0000021160e90000] _byte_map_base: 0x000002115ce81000

Marking Bits (Prev, Next): (CMBitMap*) 0x0000021148760990, (CMBitMap*) 0x00000211487609d0
 Prev Bits: [0x0000021161670000, 0x00000211654f8000)
 Next Bits: [0x0000021165500000, 0x0000021169388000)

Polling page: 0x0000021146620000

Metaspace:

Usage:
  Non-class:     24.78 MB used.
      Class:      2.90 MB used.
       Both:     27.68 MB used.

Virtual space:
  Non-class space:       64.00 MB reserved,      25.06 MB ( 39%) committed,  1 nodes.
      Class space:        1.00 GB reserved,       3.19 MB ( <1%) committed,  1 nodes.
             Both:        1.06 GB reserved,      28.25 MB (  3%) committed. 

Chunk freelists:
   Non-Class:  2.31 MB
       Class:  812.00 KB
        Both:  3.10 MB

MaxMetaspaceSize: unlimited
CompressedClassSpaceSize: 1.00 GB
Initial GC threshold: 21.00 MB
Current GC threshold: 41.50 MB
CDS: on
MetaspaceReclaimPolicy: balanced
 - commit_granule_bytes: 65536.
 - commit_granule_words: 8192.
 - virtual_space_node_default_size: 8388608.
 - enlarge_chunks_in_place: 1.
 - new_chunks_are_fully_committed: 0.
 - uncommit_free_chunks: 1.
 - use_allocation_guard: 0.


Internal statistics:

num_allocs_failed_limit: 3.
num_arena_births: 610.
num_arena_deaths: 0.
num_vsnodes_births: 2.
num_vsnodes_deaths: 0.
num_space_committed: 452.
num_space_uncommitted: 0.
num_chunks_returned_to_freelist: 3.
num_chunks_taken_from_freelist: 1717.
num_chunk_merges: 3.
num_chunk_splits: 1163.
num_chunks_enlarged: 800.
num_inconsistent_stats: 0.

CodeHeap 'non-profiled nmethods': size=119168Kb used=4025Kb max_used=4025Kb free=115142Kb
 bounds [0x00000211581f0000, 0x00000211585e0000, 0x000002115f650000]
CodeHeap 'profiled nmethods': size=119104Kb used=15548Kb max_used=15548Kb free=103555Kb
 bounds [0x0000021150650000, 0x0000021151590000, 0x0000021157aa0000]
CodeHeap 'non-nmethods': size=7488Kb used=3121Kb max_used=3121Kb free=4366Kb
 bounds [0x0000021157aa0000, 0x0000021157dc0000, 0x00000211581f0000]
 total_blobs=7478 nmethods=6935 adapters=446
 compilation: enabled
              stopped_count=0, restarted_count=0
 full_count=0

Compilation events (20 events):
Event: 3.640 Thread 0x000002117052ff60 nmethod 7838 0x0000021151575610 code [0x00000211515757e0, 0x0000021151575c18]
Event: 3.640 Thread 0x000002117052ff60 7840       3       com.sun.tools.javac.comp.Annotate::annotationValueInfo (30 bytes)
Event: 3.641 Thread 0x0000021170ac8500 nmethod 7834 0x0000021151575d10 code [0x0000021151575ee0, 0x0000021151576318]
Event: 3.641 Thread 0x0000021170634d40 nmethod 7835 0x000002115156ff10 code [0x0000021151570420, 0x0000021151573928]
Event: 3.641 Thread 0x000002117052ff60 nmethod 7840 0x0000021151576410 code [0x00000211515765e0, 0x00000211515769a8]
Event: 3.641 Thread 0x000002117180c920 nmethod 7782 0x00000211585dd390 code [0x00000211585dd580, 0x00000211585de038]
Event: 3.642 Thread 0x000002117180c920 7843       4       lombok.javac.handlers.JavacHandlerUtil::getAccessorsForField (163 bytes)
Event: 3.642 Thread 0x0000021170ac2f50 nmethod 7830 0x0000021151576b90 code [0x00000211515770e0, 0x000002115157a528]
Event: 3.643 Thread 0x0000021170ac8500 7844       3       java.lang.invoke.LambdaForm$MH/0x000000080132b400::invoke (98 bytes)
Event: 3.644 Thread 0x0000021170634d40 7845       3       lombok.core.handlers.HandlerUtil::toGetterName (15 bytes)
Event: 3.644 Thread 0x0000021170634d40 nmethod 7845 0x000002115157b610 code [0x000002115157b7c0, 0x000002115157b8e8]
Event: 3.644 Thread 0x0000021170ac8500 nmethod 7844 0x000002115157b990 code [0x000002115157bd00, 0x000002115157d5b8]
Event: 3.647 Thread 0x0000021170634d40 7846       3       lombok.javac.JavacNode::hasAnnotation (6 bytes)
Event: 3.647 Thread 0x0000021170ac8500 7847       3       lombok.javac.handlers.JavacHandlerUtil::hasAnnotationAndDeleteIfNeccessary (7 bytes)
Event: 3.647 Thread 0x0000021170ac2f50 7848       3       lombok.javac.JavacNode::isStatic (197 bytes)
Event: 3.647 Thread 0x000002117052ff60 7849       3       java.util.regex.Pattern$Dollar::match (209 bytes)
Event: 3.647 Thread 0x0000021170634d40 nmethod 7846 0x000002115157dd10 code [0x000002115157dec0, 0x000002115157e068]
Event: 3.647 Thread 0x0000021170ac8500 nmethod 7847 0x000002115157e190 code [0x000002115157e340, 0x000002115157e468]
Event: 3.648 Thread 0x0000021170ac2f50 nmethod 7848 0x000002115157e510 code [0x000002115157e780, 0x000002115157fa88]
Event: 3.648 Thread 0x000002117052ff60 nmethod 7849 0x000002115157fd10 code [0x000002115157ffa0, 0x0000021151580cd8]

GC Heap History (20 events):
Event: 2.316 GC heap after
{Heap after GC invocations=6 (full 0):
 garbage-first heap   total 75776K, used 29493K [0x0000000705e00000, 0x0000000800000000)
  region size 2048K, 1 young (2048K), 1 survivors (2048K)
 Metaspace       used 24290K, committed 24640K, reserved 1114112K
  class space    used 2580K, committed 2752K, reserved 1048576K
}
Event: 2.418 GC heap before
{Heap before GC invocations=6 (full 0):
 garbage-first heap   total 75776K, used 49973K [0x0000000705e00000, 0x0000000800000000)
  region size 2048K, 12 young (24576K), 1 survivors (2048K)
 Metaspace       used 24323K, committed 24704K, reserved 1114112K
  class space    used 2580K, committed 2752K, reserved 1048576K
}
Event: 2.421 GC heap after
{Heap after GC invocations=7 (full 0):
 garbage-first heap   total 75776K, used 35514K [0x0000000705e00000, 0x0000000800000000)
  region size 2048K, 2 young (4096K), 2 survivors (4096K)
 Metaspace       used 24323K, committed 24704K, reserved 1114112K
  class space    used 2580K, committed 2752K, reserved 1048576K
}
Event: 2.563 GC heap before
{Heap before GC invocations=7 (full 0):
 garbage-first heap   total 75776K, used 53946K [0x0000000705e00000, 0x0000000800000000)
  region size 2048K, 11 young (22528K), 2 survivors (4096K)
 Metaspace       used 24809K, committed 25216K, reserved 1114112K
  class space    used 2637K, committed 2880K, reserved 1048576K
}
Event: 2.566 GC heap after
{Heap after GC invocations=8 (full 0):
 garbage-first heap   total 75776K, used 39874K [0x0000000705e00000, 0x0000000800000000)
  region size 2048K, 2 young (4096K), 2 survivors (4096K)
 Metaspace       used 24809K, committed 25216K, reserved 1114112K
  class space    used 2637K, committed 2880K, reserved 1048576K
}
Event: 2.617 GC heap before
{Heap before GC invocations=8 (full 0):
 garbage-first heap   total 75776K, used 54210K [0x0000000705e00000, 0x0000000800000000)
  region size 2048K, 9 young (18432K), 2 survivors (4096K)
 Metaspace       used 25032K, committed 25472K, reserved 1114112K
  class space    used 2642K, committed 2880K, reserved 1048576K
}
Event: 2.621 GC heap after
{Heap after GC invocations=9 (full 0):
 garbage-first heap   total 116736K, used 42625K [0x0000000705e00000, 0x0000000800000000)
  region size 2048K, 2 young (4096K), 2 survivors (4096K)
 Metaspace       used 25032K, committed 25472K, reserved 1114112K
  class space    used 2642K, committed 2880K, reserved 1048576K
}
Event: 2.884 GC heap before
{Heap before GC invocations=10 (full 0):
 garbage-first heap   total 116736K, used 75393K [0x0000000705e00000, 0x0000000800000000)
  region size 2048K, 18 young (36864K), 2 survivors (4096K)
 Metaspace       used 25881K, committed 26304K, reserved 1114112K
  class space    used 2703K, committed 2944K, reserved 1048576K
}
Event: 2.891 GC heap after
{Heap after GC invocations=11 (full 0):
 garbage-first heap   total 116736K, used 49483K [0x0000000705e00000, 0x0000000800000000)
  region size 2048K, 3 young (6144K), 3 survivors (6144K)
 Metaspace       used 25881K, committed 26304K, reserved 1114112K
  class space    used 2703K, committed 2944K, reserved 1048576K
}
Event: 2.910 GC heap before
{Heap before GC invocations=11 (full 0):
 garbage-first heap   total 116736K, used 51531K [0x0000000705e00000, 0x0000000800000000)
  region size 2048K, 4 young (8192K), 3 survivors (6144K)
 Metaspace       used 26126K, committed 26560K, reserved 1114112K
  class space    used 2720K, committed 2944K, reserved 1048576K
}
Event: 2.915 GC heap after
{Heap after GC invocations=12 (full 0):
 garbage-first heap   total 116736K, used 49318K [0x0000000705e00000, 0x0000000800000000)
  region size 2048K, 1 young (2048K), 1 survivors (2048K)
 Metaspace       used 26126K, committed 26560K, reserved 1114112K
  class space    used 2720K, committed 2944K, reserved 1048576K
}
Event: 3.204 GC heap before
{Heap before GC invocations=12 (full 0):
 garbage-first heap   total 116736K, used 77990K [0x0000000705e00000, 0x0000000800000000)
  region size 2048K, 16 young (32768K), 1 survivors (2048K)
 Metaspace       used 27308K, committed 27712K, reserved 1114112K
  class space    used 2861K, committed 3072K, reserved 1048576K
}
Event: 3.206 GC heap after
{Heap after GC invocations=13 (full 0):
 garbage-first heap   total 116736K, used 48948K [0x0000000705e00000, 0x0000000800000000)
  region size 2048K, 1 young (2048K), 1 survivors (2048K)
 Metaspace       used 27308K, committed 27712K, reserved 1114112K
  class space    used 2861K, committed 3072K, reserved 1048576K
}
Event: 3.304 GC heap before
{Heap before GC invocations=13 (full 0):
 garbage-first heap   total 116736K, used 83764K [0x0000000705e00000, 0x0000000800000000)
  region size 2048K, 18 young (36864K), 1 survivors (2048K)
 Metaspace       used 27466K, committed 27840K, reserved 1114112K
  class space    used 2869K, committed 3072K, reserved 1048576K
}
Event: 3.305 GC heap after
{Heap after GC invocations=14 (full 0):
 garbage-first heap   total 116736K, used 48927K [0x0000000705e00000, 0x0000000800000000)
  region size 2048K, 1 young (2048K), 1 survivors (2048K)
 Metaspace       used 27466K, committed 27840K, reserved 1114112K
  class space    used 2869K, committed 3072K, reserved 1048576K
}
Event: 3.493 GC heap before
{Heap before GC invocations=14 (full 0):
 garbage-first heap   total 116736K, used 85791K [0x0000000705e00000, 0x0000000800000000)
  region size 2048K, 19 young (38912K), 1 survivors (2048K)
 Metaspace       used 27989K, committed 28416K, reserved 1114112K
  class space    used 2946K, committed 3200K, reserved 1048576K
}
Event: 3.495 GC heap after
{Heap after GC invocations=15 (full 0):
 garbage-first heap   total 116736K, used 49341K [0x0000000705e00000, 0x0000000800000000)
  region size 2048K, 1 young (2048K), 1 survivors (2048K)
 Metaspace       used 27989K, committed 28416K, reserved 1114112K
  class space    used 2946K, committed 3200K, reserved 1048576K
}
Event: 3.587 GC heap before
{Heap before GC invocations=15 (full 0):
 garbage-first heap   total 116736K, used 88253K [0x0000000705e00000, 0x0000000800000000)
  region size 2048K, 20 young (40960K), 1 survivors (2048K)
 Metaspace       used 28234K, committed 28800K, reserved 1114112K
  class space    used 2963K, committed 3264K, reserved 1048576K
}
Event: 3.590 GC heap after
{Heap after GC invocations=16 (full 0):
 garbage-first heap   total 116736K, used 50423K [0x0000000705e00000, 0x0000000800000000)
  region size 2048K, 2 young (4096K), 2 survivors (4096K)
 Metaspace       used 28234K, committed 28800K, reserved 1114112K
  class space    used 2963K, committed 3264K, reserved 1048576K
}
Event: 3.649 GC heap before
{Heap before GC invocations=16 (full 0):
 garbage-first heap   total 116736K, used 89335K [0x0000000705e00000, 0x0000000800000000)
  region size 2048K, 21 young (43008K), 2 survivors (4096K)
 Metaspace       used 28340K, committed 28928K, reserved 1114112K
  class space    used 2965K, committed 3264K, reserved 1048576K
}

Dll operation events (12 events):
Event: 0.004 Loaded shared library C:\Program Files\Java\jdk-19\bin\java.dll
Event: 0.011 Loaded shared library C:\Program Files\Java\jdk-19\bin\jsvml.dll
Event: 0.039 Loaded shared library C:\Program Files\Java\jdk-19\bin\zip.dll
Event: 0.040 Loaded shared library C:\Program Files\Java\jdk-19\bin\instrument.dll
Event: 0.044 Loaded shared library C:\Program Files\Java\jdk-19\bin\net.dll
Event: 0.045 Loaded shared library C:\Program Files\Java\jdk-19\bin\nio.dll
Event: 0.047 Loaded shared library C:\Program Files\Java\jdk-19\bin\zip.dll
Event: 0.056 Loaded shared library C:\Program Files\JetBrains\IntelliJ IDEA 2022.1.2\bin\breakgen64.dll
Event: 0.060 Loaded shared library C:\Program Files\Java\jdk-19\bin\extnet.dll
Event: 0.101 Loaded shared library C:\Program Files\Java\jdk-19\bin\jimage.dll
Event: 0.168 Loaded shared library C:\Users\99293\AppData\Local\Temp\jansi-2.4.0-959b484c4345caba-jansi.dll
Event: 0.175 Loaded shared library C:\Program Files\Java\jdk-19\bin\verify.dll

Deoptimization events (20 events):
Event: 3.414 Thread 0x00000211486ef770 Uncommon trap: trap_request=0xffffffde fr.pc=0x00000211584f50f8 relative=0x0000000000000f78
Event: 3.414 Thread 0x00000211486ef770 Uncommon trap: reason=class_check action=maybe_recompile pc=0x00000211584f50f8 method=com.sun.tools.javac.code.DeferredCompletionFailureHandler.classSymbolCompleteFailed(Lcom/sun/tools/javac/code/Symbol$ClassSymbol;Lcom/sun/tools/javac/code/Symbol$Complet
Event: 3.414 Thread 0x00000211486ef770 DEOPT PACKING pc=0x00000211584f50f8 sp=0x000000ae459fbce0
Event: 3.414 Thread 0x00000211486ef770 DEOPT UNPACKING pc=0x0000021157b06da3 sp=0x000000ae459fbc58 mode 2
Event: 3.414 Thread 0x00000211486ef770 Uncommon trap: trap_request=0xffffffde fr.pc=0x00000211584f50f8 relative=0x0000000000000f78
Event: 3.414 Thread 0x00000211486ef770 Uncommon trap: reason=class_check action=maybe_recompile pc=0x00000211584f50f8 method=com.sun.tools.javac.code.DeferredCompletionFailureHandler.classSymbolCompleteFailed(Lcom/sun/tools/javac/code/Symbol$ClassSymbol;Lcom/sun/tools/javac/code/Symbol$Complet
Event: 3.414 Thread 0x00000211486ef770 DEOPT PACKING pc=0x00000211584f50f8 sp=0x000000ae459fbce0
Event: 3.414 Thread 0x00000211486ef770 DEOPT UNPACKING pc=0x0000021157b06da3 sp=0x000000ae459fbc58 mode 2
Event: 3.471 Thread 0x00000211486ef770 Uncommon trap: trap_request=0xffffffbe fr.pc=0x000002115856e130 relative=0x0000000000000390
Event: 3.471 Thread 0x00000211486ef770 Uncommon trap: reason=profile_predicate action=maybe_recompile pc=0x000002115856e130 method=java.lang.Class.searchMethods([Ljava/lang/reflect/Method;Ljava/lang/String;[Ljava/lang/Class;)Ljava/lang/reflect/Method; @ 22 c2
Event: 3.471 Thread 0x00000211486ef770 DEOPT PACKING pc=0x000002115856e130 sp=0x000000ae459fcd90
Event: 3.471 Thread 0x00000211486ef770 DEOPT UNPACKING pc=0x0000021157b06da3 sp=0x000000ae459fcd10 mode 2
Event: 3.471 Thread 0x00000211486ef770 Uncommon trap: trap_request=0xffffffbe fr.pc=0x000002115856e130 relative=0x0000000000000390
Event: 3.471 Thread 0x00000211486ef770 Uncommon trap: reason=profile_predicate action=maybe_recompile pc=0x000002115856e130 method=java.lang.Class.searchMethods([Ljava/lang/reflect/Method;Ljava/lang/String;[Ljava/lang/Class;)Ljava/lang/reflect/Method; @ 22 c2
Event: 3.471 Thread 0x00000211486ef770 DEOPT PACKING pc=0x000002115856e130 sp=0x000000ae459fcd90
Event: 3.471 Thread 0x00000211486ef770 DEOPT UNPACKING pc=0x0000021157b06da3 sp=0x000000ae459fcd10 mode 2
Event: 3.603 Thread 0x00000211486ef770 DEOPT PACKING pc=0x0000021151458d9e sp=0x000000ae459fd020
Event: 3.603 Thread 0x00000211486ef770 DEOPT UNPACKING pc=0x0000021157b07543 sp=0x000000ae459fc530 mode 0
Event: 3.612 Thread 0x00000211486ef770 DEOPT PACKING pc=0x000002115116f093 sp=0x000000ae459fc760
Event: 3.612 Thread 0x00000211486ef770 DEOPT UNPACKING pc=0x0000021157b07543 sp=0x000000ae459fbbf0 mode 0

Classes loaded (20 events):
Event: 2.953 Loading class java/util/Vector$1
Event: 2.953 Loading class java/util/Vector$1 done
Event: 2.956 Loading class java/io/PushbackInputStream
Event: 2.956 Loading class java/io/PushbackInputStream done
Event: 3.040 Loading class java/util/Collections$UnmodifiableSortedSet
Event: 3.040 Loading class java/util/Collections$UnmodifiableSortedSet done
Event: 3.109 Loading class java/util/IdentityHashMap$EntrySet
Event: 3.109 Loading class java/util/IdentityHashMap$EntrySet done
Event: 3.109 Loading class java/util/IdentityHashMap$EntryIterator
Event: 3.109 Loading class java/util/IdentityHashMap$EntryIterator done
Event: 3.109 Loading class java/util/IdentityHashMap$EntryIterator$Entry
Event: 3.109 Loading class java/util/IdentityHashMap$EntryIterator$Entry done
Event: 3.348 Loading class java/util/regex/Pattern$SliceI
Event: 3.348 Loading class java/util/regex/Pattern$SliceI done
Event: 3.387 Loading class java/util/regex/Pattern$Loop
Event: 3.387 Loading class java/util/regex/Pattern$Loop done
Event: 3.387 Loading class java/util/regex/Pattern$Prolog
Event: 3.387 Loading class java/util/regex/Pattern$Prolog done
Event: 3.400 Loading class java/util/regex/Pattern$LazyLoop
Event: 3.400 Loading class java/util/regex/Pattern$LazyLoop done

Classes unloaded (0 events):
No events

Classes redefined (0 events):
No events

Internal exceptions (20 events):
Event: 2.747 Thread 0x00000211486ef770 Exception <a 'sun/nio/fs/WindowsException'{0x000000070a6499f0}> (0x000000070a6499f0) 
thrown [s\open\src\hotspot\share\prims\jni.cpp, line 517]
Event: 2.747 Thread 0x00000211486ef770 Exception <a 'sun/nio/fs/WindowsException'{0x000000070a649d80}> (0x000000070a649d80) 
thrown [s\open\src\hotspot\share\prims\jni.cpp, line 517]
Event: 2.747 Thread 0x00000211486ef770 Exception <a 'sun/nio/fs/WindowsException'{0x000000070a64cc70}> (0x000000070a64cc70) 
thrown [s\open\src\hotspot\share\prims\jni.cpp, line 517]
Event: 2.747 Thread 0x00000211486ef770 Exception <a 'sun/nio/fs/WindowsException'{0x000000070a64d050}> (0x000000070a64d050) 
thrown [s\open\src\hotspot\share\prims\jni.cpp, line 517]
Event: 2.747 Thread 0x00000211486ef770 Exception <a 'sun/nio/fs/WindowsException'{0x000000070a64e0b8}> (0x000000070a64e0b8) 
thrown [s\open\src\hotspot\share\prims\jni.cpp, line 517]
Event: 2.747 Thread 0x00000211486ef770 Exception <a 'sun/nio/fs/WindowsException'{0x000000070a64e528}> (0x000000070a64e528) 
thrown [s\open\src\hotspot\share\prims\jni.cpp, line 517]
Event: 2.822 Thread 0x00000211486ef770 Implicit null exception at 0x00000211583092b3 to 0x0000021158309698
Event: 2.831 Thread 0x00000211486ef770 Implicit null exception at 0x00000211583049eb to 0x0000021158304bc4
Event: 3.378 Thread 0x00000211486ef770 Exception <a 'java/lang/NoSuchMethodError'{0x000000070ac4c0d0}: 'void java.lang.invoke.DirectMethodHandle$Holder.invokeInterface(java.lang.Object, java.lang.Object, java.lang.Object, int)'> (0x000000070ac4c0d0) 
thrown [s\open\src\hotspot\share\interpreter\linkResolver.cpp, line 774]
Event: 3.379 Thread 0x00000211486ef770 Exception <a 'java/lang/NoSuchMethodError'{0x000000070ac53bf8}: 'void java.lang.invoke.DelegatingMethodHandle$Holder.reinvoke_L(java.lang.Object, java.lang.Object, java.lang.Object, int)'> (0x000000070ac53bf8) 
thrown [s\open\src\hotspot\share\interpreter\linkResolver.cpp, line 774]
Event: 3.383 Thread 0x00000211486ef770 Exception <a 'java/lang/NoSuchMethodError'{0x000000070ac82648}: 'java.lang.Object java.lang.invoke.DirectMethodHandle$Holder.invokeVirtual(java.lang.Object, java.lang.Object, java.lang.Object, java.lang.Object)'> (0x000000070ac82648) 
thrown [s\open\src\hotspot\share\interpreter\linkResolver.cpp, line 774]
Event: 3.385 Thread 0x00000211486ef770 Exception <a 'java/lang/NoSuchMethodError'{0x000000070ac9af88}: 'long java.lang.invoke.DirectMethodHandle$Holder.invokeStatic(java.lang.Object, java.lang.Object, int)'> (0x000000070ac9af88) 
thrown [s\open\src\hotspot\share\interpreter\linkResolver.cpp, line 774]
Event: 3.385 Thread 0x00000211486ef770 Exception <a 'java/lang/NoSuchMethodError'{0x000000070aca3048}: 'java.lang.Object java.lang.invoke.DirectMethodHandle$Holder.invokeSpecial(java.lang.Object, java.lang.Object, java.lang.Object, long, java.lang.Object)'> (0x000000070aca3048) 
thrown [s\open\src\hotspot\share\interpreter\linkResolver.cpp, line 774]
Event: 3.386 Thread 0x00000211486ef770 Exception <a 'java/lang/NoSuchMethodError'{0x000000070aca6f98}: 'java.lang.Object java.lang.invoke.DelegatingMethodHandle$Holder.reinvoke_L(java.lang.Object, java.lang.Object, long, java.lang.Object)'> (0x000000070aca6f98) 
thrown [s\open\src\hotspot\share\interpreter\linkResolver.cpp, line 774]
Event: 3.388 Thread 0x00000211486ef770 Exception <a 'java/lang/NoSuchMethodError'{0x000000070acbfec0}: 'java.lang.Object java.lang.invoke.DirectMethodHandle$Holder.invokeVirtual(java.lang.Object, java.lang.Object, java.lang.Object, java.lang.Object, java.lang.Object, java.lang.Object, java.lang.Object, java.lang.Object, java.lang.Object, java.lang.Object)'> (0x000000070acbfec0) 
thrown [s\open\src\hotspot\share\interpreter\linkResolver.cpp, line 774]
Event: 3.407 Thread 0x00000211486ef770 Exception <a 'java/lang/NoSuchMethodError'{0x000000070ade6a88}: 'void java.lang.invoke.DirectMethodHandle$Holder.invokeVirtual(java.lang.Object, java.lang.Object)'> (0x000000070ade6a88) 
thrown [s\open\src\hotspot\share\interpreter\linkResolver.cpp, line 774]
Event: 3.408 Thread 0x00000211486ef770 Exception <a 'java/lang/NoSuchMethodError'{0x000000070adf1320}: 'void java.lang.invoke.DirectMethodHandle$Holder.invokeVirtual(java.lang.Object, java.lang.Object, java.lang.Object, java.lang.Object)'> (0x000000070adf1320) 
thrown [s\open\src\hotspot\share\interpreter\linkResolver.cpp, line 774]
Event: 3.428 Thread 0x00000211486ef770 Exception <a 'java/lang/NoSuchMethodError'{0x000000070abd79a0}: 'java.lang.Object java.lang.invoke.DirectMethodHandle$Holder.invokeVirtual(java.lang.Object, java.lang.Object, java.lang.Object, java.lang.Object, java.lang.Object, java.lang.Object)'> (0x000000070abd79a0) 
thrown [s\open\src\hotspot\share\interpreter\linkResolver.cpp, line 774]
Event: 3.451 Thread 0x00000211486ef770 Exception <a 'java/lang/NoSuchMethodError'{0x000000070a66c6e0}: 'java.lang.Object java.lang.invoke.DirectMethodHandle$Holder.invokeVirtual(java.lang.Object, java.lang.Object, java.lang.Object, java.lang.Object, java.lang.Object)'> (0x000000070a66c6e0) 
thrown [s\open\src\hotspot\share\interpreter\linkResolver.cpp, line 774]
Event: 3.454 Thread 0x00000211486ef770 Exception <a 'java/lang/NoSuchMethodError'{0x000000070a69dc48}: 'java.lang.Object java.lang.invoke.DirectMethodHandle$Holder.invokeVirtual(java.lang.Object, java.lang.Object, long)'> (0x000000070a69dc48) 
thrown [s\open\src\hotspot\share\interpreter\linkResolver.cpp, line 774]

VM Operations (20 events):
Event: 2.632 Executing VM operation: G1PauseRemark done
Event: 2.636 Executing VM operation: G1PauseCleanup
Event: 2.636 Executing VM operation: G1PauseCleanup done
Event: 2.651 Executing VM operation: HandshakeAllThreads
Event: 2.652 Executing VM operation: HandshakeAllThreads done
Event: 2.734 Executing VM operation: ICBufferFull
Event: 2.734 Executing VM operation: ICBufferFull done
Event: 2.884 Executing VM operation: G1CollectForAllocation
Event: 2.891 Executing VM operation: G1CollectForAllocation done
Event: 2.910 Executing VM operation: G1CollectForAllocation
Event: 2.915 Executing VM operation: G1CollectForAllocation done
Event: 3.204 Executing VM operation: G1CollectForAllocation
Event: 3.206 Executing VM operation: G1CollectForAllocation done
Event: 3.304 Executing VM operation: G1CollectForAllocation
Event: 3.305 Executing VM operation: G1CollectForAllocation done
Event: 3.493 Executing VM operation: G1CollectForAllocation
Event: 3.495 Executing VM operation: G1CollectForAllocation done
Event: 3.587 Executing VM operation: G1CollectForAllocation
Event: 3.590 Executing VM operation: G1CollectForAllocation done
Event: 3.649 Executing VM operation: G1CollectForAllocation

Events (20 events):
Event: 2.409 Thread 0x0000021170516010 flushing nmethod 0x0000021151208210
Event: 2.409 Thread 0x0000021170516010 flushing nmethod 0x0000021151208d10
Event: 2.409 Thread 0x0000021170516010 flushing nmethod 0x0000021151209e10
Event: 2.409 Thread 0x0000021170516010 flushing nmethod 0x000002115120b910
Event: 2.409 Thread 0x0000021170516010 flushing nmethod 0x000002115120d110
Event: 2.409 Thread 0x0000021170516010 flushing nmethod 0x000002115120de10
Event: 2.409 Thread 0x0000021170516010 flushing nmethod 0x000002115120e310
Event: 2.409 Thread 0x0000021170516010 flushing nmethod 0x000002115120e810
Event: 2.409 Thread 0x0000021170516010 flushing nmethod 0x000002115120f290
Event: 2.409 Thread 0x0000021170516010 flushing nmethod 0x0000021151210610
Event: 2.409 Thread 0x0000021170516010 flushing nmethod 0x0000021151212710
Event: 2.409 Thread 0x0000021170516010 flushing nmethod 0x0000021151215a10
Event: 2.409 Thread 0x0000021170516010 flushing nmethod 0x0000021151218d10
Event: 2.409 Thread 0x0000021170516010 flushing nmethod 0x000002115121cd90
Event: 2.410 Thread 0x0000021170516010 flushing nmethod 0x000002115121f890
Event: 2.410 Thread 0x0000021170516010 flushing nmethod 0x0000021151224f10
Event: 2.410 Thread 0x0000021170516010 flushing nmethod 0x0000021151227f10
Event: 2.410 Thread 0x0000021170516010 flushing nmethod 0x0000021151228b10
Event: 2.410 Thread 0x0000021170516010 flushing nmethod 0x000002115122a710
Event: 2.410 Thread 0x0000021170516010 flushing nmethod 0x000002115122c410


Dynamic libraries:
0x00007ff6e4eb0000 - 0x00007ff6e4ec0000 	C:\Program Files\Java\jdk-19\bin\java.exe
0x00007ff9f6310000 - 0x00007ff9f6527000 	C:\WINDOWS\SYSTEM32\ntdll.dll
0x00007ff9f4db0000 - 0x00007ff9f4e74000 	C:\WINDOWS\System32\KERNEL32.DLL
0x00007ff9f37e0000 - 0x00007ff9f3b86000 	C:\WINDOWS\System32\KERNELBASE.dll
0x00007ff9f3b90000 - 0x00007ff9f3ca1000 	C:\WINDOWS\System32\ucrtbase.dll
0x00007ff9ece70000 - 0x00007ff9ece88000 	C:\Program Files\Java\jdk-19\bin\jli.dll
0x00007ff9ece90000 - 0x00007ff9eceab000 	C:\Program Files\Java\jdk-19\bin\VCRUNTIME140.dll
0x00007ff9f4b90000 - 0x00007ff9f4c43000 	C:\WINDOWS\System32\ADVAPI32.dll
0x00007ff9f5870000 - 0x00007ff9f5917000 	C:\WINDOWS\System32\msvcrt.dll
0x00007ff9f57c0000 - 0x00007ff9f5868000 	C:\WINDOWS\System32\sechost.dll
0x00007ff9f3620000 - 0x00007ff9f3648000 	C:\WINDOWS\System32\bcrypt.dll
0x00007ff9f5620000 - 0x00007ff9f5737000 	C:\WINDOWS\System32\RPCRT4.dll
0x00007ff9f5ff0000 - 0x00007ff9f619e000 	C:\WINDOWS\System32\USER32.dll
0x00007ff9f3d30000 - 0x00007ff9f3d56000 	C:\WINDOWS\System32\win32u.dll
0x00007ff9d9e00000 - 0x00007ff9da093000 	C:\WINDOWS\WinSxS\amd64_microsoft.windows.common-controls_6595b64144ccf1df_6.0.22621.2506_none_270c5ae97388e100\COMCTL32.dll
0x00007ff9f5740000 - 0x00007ff9f5769000 	C:\WINDOWS\System32\GDI32.dll
0x00007ff9f36c0000 - 0x00007ff9f37d8000 	C:\WINDOWS\System32\gdi32full.dll
0x00007ff9f3ed0000 - 0x00007ff9f3f6a000 	C:\WINDOWS\System32\msvcp_win.dll
0x00007ff9eae60000 - 0x00007ff9eae6a000 	C:\WINDOWS\SYSTEM32\VERSION.dll
0x00007ff9f4d60000 - 0x00007ff9f4d91000 	C:\WINDOWS\System32\IMM32.DLL
0x00007ff9ee080000 - 0x00007ff9ee08c000 	C:\Program Files\Java\jdk-19\bin\vcruntime140_1.dll
0x00007ff98b4c0000 - 0x00007ff98b54e000 	C:\Program Files\Java\jdk-19\bin\msvcp140.dll
0x00007ff98a3c0000 - 0x00007ff98b080000 	C:\Program Files\Java\jdk-19\bin\server\jvm.dll
0x00007ff9a7cc0000 - 0x00007ff9a7cc9000 	C:\WINDOWS\SYSTEM32\WSOCK32.dll
0x00007ff9ec690000 - 0x00007ff9ec6c4000 	C:\WINDOWS\SYSTEM32\WINMM.dll
0x00007ff9f4c50000 - 0x00007ff9f4cc1000 	C:\WINDOWS\System32\WS2_32.dll
0x00007ff9f2740000 - 0x00007ff9f2758000 	C:\WINDOWS\SYSTEM32\kernel.appcore.dll
0x00007ff9ece60000 - 0x00007ff9ece6a000 	C:\Program Files\Java\jdk-19\bin\jimage.dll
0x00007ff9f0e80000 - 0x00007ff9f10b3000 	C:\WINDOWS\SYSTEM32\DBGHELP.DLL
0x00007ff9f5c60000 - 0x00007ff9f5fe9000 	C:\WINDOWS\System32\combase.dll
0x00007ff9f5920000 - 0x00007ff9f59f7000 	C:\WINDOWS\System32\OLEAUT32.dll
0x00007ff9e9fa0000 - 0x00007ff9e9fd2000 	C:\WINDOWS\SYSTEM32\dbgcore.DLL
0x00007ff9f3cb0000 - 0x00007ff9f3d2a000 	C:\WINDOWS\System32\bcryptPrimitives.dll
0x00007ff9ee590000 - 0x00007ff9ee59e000 	C:\Program Files\Java\jdk-19\bin\instrument.dll
0x00007ff9ebda0000 - 0x00007ff9ebdc6000 	C:\Program Files\Java\jdk-19\bin\java.dll
0x00007ff98b3e0000 - 0x00007ff98b4b7000 	C:\Program Files\Java\jdk-19\bin\jsvml.dll
0x00007ff9f42c0000 - 0x00007ff9f4b1a000 	C:\WINDOWS\System32\SHELL32.dll
0x00007ff9f1540000 - 0x00007ff9f1e36000 	C:\WINDOWS\SYSTEM32\windows.storage.dll
0x00007ff9f1400000 - 0x00007ff9f153e000 	C:\WINDOWS\SYSTEM32\wintypes.dll
0x00007ff9f5520000 - 0x00007ff9f5613000 	C:\WINDOWS\System32\SHCORE.dll
0x00007ff9f4260000 - 0x00007ff9f42be000 	C:\WINDOWS\System32\shlwapi.dll
0x00007ff9f3550000 - 0x00007ff9f3576000 	C:\WINDOWS\SYSTEM32\profapi.dll
0x00007ff98b3c0000 - 0x00007ff98b3d8000 	C:\Program Files\Java\jdk-19\bin\zip.dll
0x00007ff9ebd80000 - 0x00007ff9ebd93000 	C:\Program Files\Java\jdk-19\bin\net.dll
0x00007ff9ed970000 - 0x00007ff9edaa7000 	C:\WINDOWS\SYSTEM32\WINHTTP.dll
0x00007ff9f2bc0000 - 0x00007ff9f2c29000 	C:\WINDOWS\system32\mswsock.dll
0x00007ff9d5160000 - 0x00007ff9d5176000 	C:\Program Files\Java\jdk-19\bin\nio.dll
0x00007ff9e9a90000 - 0x00007ff9e9aaa000 	C:\Program Files\JetBrains\IntelliJ IDEA 2022.1.2\bin\breakgen64.dll
0x00007ff9ece50000 - 0x00007ff9ece58000 	C:\Program Files\Java\jdk-19\bin\extnet.dll
0x0000000069ac0000 - 0x0000000069ae4000 	C:\Users\99293\AppData\Local\Temp\jansi-2.4.0-959b484c4345caba-jansi.dll
0x00007ff999190000 - 0x00007ff9991a0000 	C:\Program Files\Java\jdk-19\bin\verify.dll

dbghelp: loaded successfully - version: 4.0.5 - missing functions: none
symbol engine: initialized successfully - sym options: 0x614 - pdb path: .;C:\Program Files\Java\jdk-19\bin;C:\WINDOWS\SYSTEM32;C:\WINDOWS\WinSxS\amd64_microsoft.windows.common-controls_6595b64144ccf1df_6.0.22621.2506_none_270c5ae97388e100;C:\Program Files\Java\jdk-19\bin\server;C:\Program Files\JetBrains\IntelliJ IDEA 2022.1.2\bin;C:\Users\99293\AppData\Local\Temp

VM Arguments:
jvm_args: -Dmaven.multiModuleProjectDirectory=D:\unitedStates original storage\unitedStates duplicates original storage -Dmaven.home=C:\Users\99293\.m2\wrapper\dists\apache-maven-3.8.6-bin\1ks0nkde5v1pk9vtc31i9d0lcd\apache-maven-3.8.6 -Dclassworlds.conf=C:\Users\99293\.m2\wrapper\dists\apache-maven-3.8.6-bin\1ks0nkde5v1pk9vtc31i9d0lcd\apache-maven-3.8.6\bin\m2.conf -Dmaven.ext.class.path=C:\Program Files\JetBrains\IntelliJ IDEA 2022.1.2\plugins\maven\lib\maven-event-listener.jar -javaagent:C:\Program Files\JetBrains\IntelliJ IDEA 2022.1.2\lib\idea_rt.jar=51655:C:\Program Files\JetBrains\IntelliJ IDEA 2022.1.2\bin -Dfile.encoding=UTF-8 
java_command: org.codehaus.classworlds.Launcher -Didea.version=2022.1.2 package
java_class_path (initial): C:\Users\99293\.m2\wrapper\dists\apache-maven-3.8.6-bin\1ks0nkde5v1pk9vtc31i9d0lcd\apache-maven-3.8.6\boot\plexus-classworlds-2.6.0.jar;C:\Users\99293\.m2\wrapper\dists\apache-maven-3.8.6-bin\1ks0nkde5v1pk9vtc31i9d0lcd\apache-maven-3.8.6\boot\plexus-classworlds.license
Launcher Type: SUN_STANDARD

[Global flags]
     intx CICompilerCount                          = 12                                        {product} {ergonomic}
     uint ConcGCThreads                            = 3                                         {product} {ergonomic}
     uint G1ConcRefinementThreads                  = 13                                        {product} {ergonomic}
   size_t G1HeapRegionSize                         = 2097152                                   {product} {ergonomic}
    uintx GCDrainStackTargetSize                   = 64                                        {product} {ergonomic}
   size_t InitialHeapSize                          = 264241152                                 {product} {ergonomic}
   size_t MarkStackSize                            = 4194304                                   {product} {ergonomic}
   size_t MaxHeapSize                              = 4196401152                                {product} {ergonomic}
   size_t MaxNewSize                               = 2516582400                                {product} {ergonomic}
   size_t MinHeapDeltaBytes                        = 2097152                                   {product} {ergonomic}
   size_t MinHeapSize                              = 8388608                                   {product} {ergonomic}
    uintx NonNMethodCodeHeapSize                   = 7602480                                {pd product} {ergonomic}
    uintx NonProfiledCodeHeapSize                  = 122027880                              {pd product} {ergonomic}
    uintx ProfiledCodeHeapSize                     = 122027880                              {pd product} {ergonomic}
    uintx ReservedCodeCacheSize                    = 251658240                              {pd product} {ergonomic}
     bool SegmentedCodeCache                       = true                                      {product} {ergonomic}
   size_t SoftMaxHeapSize                          = 4196401152                             {manageable} {ergonomic}
     bool UseCompressedClassPointers               = true                           {product lp64_product} {ergonomic}
     bool UseCompressedOops                        = true                           {product lp64_product} {ergonomic}
     bool UseG1GC                                  = true                                      {product} {ergonomic}
     bool UseLargePagesIndividualAllocation        = false                                  {pd product} {ergonomic}

Logging:
Log output configuration:
 #0: stdout all=warning uptime,level,tags foldmultilines=false
 #1: stderr all=off uptime,level,tags foldmultilines=false

Environment Variables:
PATH=C:\Program Files\Common Files\Oracle\Java\javapath;C:\Windows\system32;C:\Windows;C:\Windows\System32\Wbem;C:\Windows\System32\WindowsPowerShell\v1.0\;C:\Windows\System32\OpenSSH\;C:\Program Files (x86)\NVIDIA Corporation\PhysX\Common;C:\Program Files\NVIDIA Corporation\NVIDIA NvDLISR;C:\Program Files\Git\cmd;C:\Program Files (x86)\dotnet\;%SystemRoot%\system32;%SystemRoot%;%SystemRoot%\System32\Wbem;%SYSTEMROOT%\System32\WindowsPowerShell\v1.0\;%SYSTEMROOT%\System32\OpenSSH\;C:\Users\99293\AppData\Local\Programs\Python\Python311\Scripts\;C:\Users\99293\AppData\Local\Programs\Python\Python311\;C:\Users\99293\AppData\Local\Microsoft\WindowsApps;;C:\Program Files\JetBrains\IntelliJ IDEA 2022.1.2\bin;;C:\Program Files\heroku\bin
USERNAME=ASUS
OS=Windows_NT
PROCESSOR_IDENTIFIER=Intel64 Family 6 Model 154 Stepping 3, GenuineIntel
TMP=C:\Users\99293\AppData\Local\Temp
TEMP=C:\Users\99293\AppData\Local\Temp



---------------  S Y S T E M  ---------------

OS:
 Windows 11 , 64 bit Build 22621 (10.0.22621.2506)
OS uptime: 0 days 1:29 hours
Hyper-V role detected

CPU: total 16 (initial active 16) (8 cores per cpu, 2 threads per core) family 6 model 154 stepping 3 microcode 0x41c, cx8, cmov, fxsr, ht, mmx, 3dnowpref, sse, sse2, sse3, ssse3, sse4.1, sse4.2, popcnt, lzcnt, tsc, tscinvbit, avx, avx2, aes, erms, clmul, bmi1, bmi2, adx, sha, fma, vzeroupper, clflush, clflushopt, clwb, hv, serialize, rdtscp, rdpid, fsrm

Memory: 4k page, system-wide physical 16005M (1896M free)
TotalPageFile size 18053M (AvailPageFile size 64M)
current process WorkingSet (physical memory assigned to process): 343M, peak: 362M
current process commit charge ("private bytes"): 420M, peak: 494M

vm_info: Java HotSpot(TM) 64-Bit Server VM (19.0.2+7-44) for windows-amd64 JRE (19.0.2+7-44), built on 2022-11-30T18:02:09Z by "mach5one" with MS VC++ 17.1 (VS2022)

END.
