#
# There is insufficient memory for the Java Runtime Environment to continue.
# Native memory allocation (malloc) failed to allocate 2820768 bytes for Chunk::new
# Possible reasons:
#   The system is out of physical RAM or swap space
#   The process is running with CompressedOops enabled, and the Java Heap may be blocking the growth of the native heap
# Possible solutions:
#   Reduce memory load on the system
#   Increase physical memory or swap space
#   Check if swap backing store is full
#   Decrease Java heap size (-Xmx/-Xms)
#   Decrease number of Java threads
#   Decrease Java thread stack sizes (-Xss)
#   Set larger code cache with -XX:ReservedCodeCacheSize=
#   JVM is running with Zero Based Compressed Oops mode in which the Java heap is
#     placed in the first 32GB address space. The Java Heap base address is the
#     maximum limit for the native heap growth. Please use -XX:HeapBaseMinAddress
#     to set the Java Heap base and to place the Java Heap above 32GB virtual address.
# This output file may be truncated or incomplete.
#
#  Out of Memory Error (arena.cpp:184), pid=19260, tid=20448
#
# JRE version: Java(TM) SE Runtime Environment (19.0.2+7) (build 19.0.2+7-44)
# Java VM: Java HotSpot(TM) 64-Bit Server VM (19.0.2+7-44, mixed mode, sharing, tiered, compressed oops, compressed class ptrs, g1 gc, windows-amd64)
# No core dump will be written. Minidumps are not enabled by default on client versions of Windows
#

---------------  S U M M A R Y ------------

Command Line: -Dmaven.multiModuleProjectDirectory=D:\unitedStates_storage-master\unitedStates_storage -Dmaven.home=C:\Users\99293\.m2\wrapper\dists\apache-maven-3.8.6-bin\1ks0nkde5v1pk9vtc31i9d0lcd\apache-maven-3.8.6 -Dclassworlds.conf=C:\Users\99293\.m2\wrapper\dists\apache-maven-3.8.6-bin\1ks0nkde5v1pk9vtc31i9d0lcd\apache-maven-3.8.6\bin\m2.conf -Dmaven.ext.class.path=C:\Program Files\JetBrains\IntelliJ IDEA 2022.1.2\plugins\maven\lib\maven-event-listener.jar -javaagent:C:\Program Files\JetBrains\IntelliJ IDEA 2022.1.2\lib\idea_rt.jar=52267:C:\Program Files\JetBrains\IntelliJ IDEA 2022.1.2\bin -Dfile.encoding=UTF-8 org.codehaus.classworlds.Launcher -Didea.version=2022.1.2 package

Host: 12th Gen Intel(R) Core(TM) i7-12650H, 16 cores, 15G,  Windows 11 , 64 bit Build 22621 (10.0.22621.4391)
Time: Wed Dec  4 17:04:16 2024  Windows 11 , 64 bit Build 22621 (10.0.22621.4391) elapsed time: 7.512721 seconds (0d 0h 0m 7s)

---------------  T H R E A D  ---------------

Current thread (0x0000021aa5839630):  JavaThread "C2 CompilerThread0" daemon [_thread_in_native, id=20448, stack(0x0000009387900000,0x0000009387a00000)]


Current CompileTask:
C2:   7512 11482   !   4       java.lang.ClassLoader::loadClass (121 bytes)

Stack: [0x0000009387900000,0x0000009387a00000]
Native frames: (J=compiled Java code, j=interpreted, Vv=VM code, C=native code)
V  [jvm.dll+0x6ee21a]
V  [jvm.dll+0x85765e]
V  [jvm.dll+0x85904e]
V  [jvm.dll+0x859703]
V  [jvm.dll+0x28298f]
V  [jvm.dll+0xc9adf]
V  [jvm.dll+0xc9e65]
V  [jvm.dll+0x3bca4c]
V  [jvm.dll+0x1edf25]
V  [jvm.dll+0x24c52b]
V  [jvm.dll+0x24b781]
V  [jvm.dll+0x1d6ce1]
V  [jvm.dll+0x25b25a]
V  [jvm.dll+0x2596e8]
V  [jvm.dll+0x807588]
V  [jvm.dll+0x80125a]
V  [jvm.dll+0x6ecf0b]
C  [ucrtbase.dll+0x29333]
C  [KERNEL32.DLL+0x1259d]
C  [ntdll.dll+0x5af38]


---------------  P R O C E S S  ---------------

Threads class SMR info:
_java_thread_list=0x0000021aae427450, length=32, elements={
0x0000021a8259f5b0, 0x0000021aa5824da0, 0x0000021aa5825b90, 0x0000021aa5829d00,
0x0000021aa582f760, 0x0000021aa5830090, 0x0000021aa58389d0, 0x0000021aa5839630,
0x0000021aa583d4a0, 0x0000021aa583de10, 0x0000021aaa4eb3b0, 0x0000021aaa4ebbf0,
0x0000021aaa4ec170, 0x0000021aaa4ecbb0, 0x0000021aaa69e780, 0x0000021aaa626ce0,
0x0000021aaa710730, 0x0000021aad99d070, 0x0000021aaab11910, 0x0000021aada74480,
0x0000021aade60660, 0x0000021aade04090, 0x0000021aade020b0, 0x0000021aade00620,
0x0000021aade02600, 0x0000021aaddff0e0, 0x0000021aade030a0, 0x0000021aade00b70,
0x0000021aade02b50, 0x0000021aade04b30, 0x0000021aade010c0, 0x0000021aade01610
}

Java Threads: ( => current thread )
  0x0000021a8259f5b0 JavaThread "main" [_thread_in_native, id=16628, stack(0x0000009386c00000,0x0000009386d00000)]
  0x0000021aa5824da0 JavaThread "Reference Handler" daemon [_thread_blocked, id=14064, stack(0x0000009387300000,0x0000009387400000)]
  0x0000021aa5825b90 JavaThread "Finalizer" daemon [_thread_blocked, id=22128, stack(0x0000009387400000,0x0000009387500000)]
  0x0000021aa5829d00 JavaThread "Signal Dispatcher" daemon [_thread_blocked, id=8064, stack(0x0000009387500000,0x0000009387600000)]
  0x0000021aa582f760 JavaThread "Attach Listener" daemon [_thread_blocked, id=17352, stack(0x0000009387600000,0x0000009387700000)]
  0x0000021aa5830090 JavaThread "Service Thread" daemon [_thread_blocked, id=13616, stack(0x0000009387700000,0x0000009387800000)]
  0x0000021aa58389d0 JavaThread "Monitor Deflation Thread" daemon [_thread_blocked, id=17528, stack(0x0000009387800000,0x0000009387900000)]
=>0x0000021aa5839630 JavaThread "C2 CompilerThread0" daemon [_thread_in_native, id=20448, stack(0x0000009387900000,0x0000009387a00000)]
  0x0000021aa583d4a0 JavaThread "C1 CompilerThread0" daemon [_thread_blocked, id=14848, stack(0x0000009387a00000,0x0000009387b00000)]
  0x0000021aa583de10 JavaThread "Sweeper thread" daemon [_thread_blocked, id=21940, stack(0x0000009387b00000,0x0000009387c00000)]
  0x0000021aaa4eb3b0 JavaThread "Common-Cleaner" daemon [_thread_blocked, id=13648, stack(0x0000009387c00000,0x0000009387d00000)]
  0x0000021aaa4ebbf0 JavaThread "C1 CompilerThread1" daemon [_thread_blocked, id=9292, stack(0x0000009387d00000,0x0000009387e00000)]
  0x0000021aaa4ec170 JavaThread "C1 CompilerThread2" daemon [_thread_blocked, id=23236, stack(0x0000009387e00000,0x0000009387f00000)]
  0x0000021aaa4ecbb0 JavaThread "C1 CompilerThread3" daemon [_thread_blocked, id=23540, stack(0x0000009387f00000,0x0000009388000000)]
  0x0000021aaa69e780 JavaThread "Monitor Ctrl-Break" daemon [_thread_in_native, id=4740, stack(0x0000009388000000,0x0000009388100000)]
  0x0000021aaa626ce0 JavaThread "Notification Thread" daemon [_thread_blocked, id=8868, stack(0x0000009388100000,0x0000009388200000)]
  0x0000021aaa710730 JavaThread "C2 CompilerThread1" daemon [_thread_blocked, id=18636, stack(0x0000009388300000,0x0000009388400000)]
  0x0000021aad99d070 JavaThread "C2 CompilerThread2" daemon [_thread_in_native, id=1432, stack(0x0000009388400000,0x0000009388500000)]
  0x0000021aaab11910 JavaThread "C2 CompilerThread3" daemon [_thread_blocked, id=18340, stack(0x0000009388500000,0x0000009388600000)]
  0x0000021aada74480 JavaThread "C2 CompilerThread4" daemon [_thread_blocked, id=8112, stack(0x0000009389400000,0x0000009389500000)]
  0x0000021aade60660 JavaThread "C2 CompilerThread5" daemon [_thread_blocked, id=19212, stack(0x0000009389500000,0x0000009389600000)]
  0x0000021aade04090 JavaThread "resolver-1" daemon [_thread_blocked, id=22332, stack(0x0000009389600000,0x0000009389700000)]
  0x0000021aade020b0 JavaThread "resolver-2" daemon [_thread_blocked, id=20796, stack(0x0000009389700000,0x0000009389800000)]
  0x0000021aade00620 JavaThread "resolver-3" daemon [_thread_blocked, id=23420, stack(0x0000009389800000,0x0000009389900000)]
  0x0000021aade02600 JavaThread "resolver-4" daemon [_thread_blocked, id=11248, stack(0x0000009389900000,0x0000009389a00000)]
  0x0000021aaddff0e0 JavaThread "resolver-5" daemon [_thread_blocked, id=14408, stack(0x0000009389a00000,0x0000009389b00000)]
  0x0000021aade030a0 JavaThread "timeout-check-timer" daemon [_thread_blocked, id=13820, stack(0x0000009389b00000,0x0000009389c00000)]
  0x0000021aade00b70 JavaThread "ping-timer-10s" daemon [_thread_blocked, id=23504, stack(0x0000009389c00000,0x0000009389d00000)]
  0x0000021aade02b50 JavaThread "ThreadedStreamConsumer" daemon [_thread_blocked, id=7172, stack(0x0000009389d00000,0x0000009389e00000)]
  0x0000021aade04b30 JavaThread "Thread-2" [_thread_blocked, id=17680, stack(0x0000009389e00000,0x0000009389f00000)]
  0x0000021aade010c0 JavaThread "Thread-3" [_thread_in_native, id=10676, stack(0x0000009389f00000,0x000000938a000000)]
  0x0000021aade01610 JavaThread "Thread-4" [_thread_in_native, id=20656, stack(0x000000938a000000,0x000000938a100000)]

Other Threads:
  0x0000021aa580ce40 VMThread "VM Thread" [stack: 0x0000009387200000,0x0000009387300000] [id=15976]
  0x0000021aaa69ecc0 WatcherThread "VM Periodic Task Thread" [stack: 0x0000009388200000,0x0000009388300000] [id=9184]
  0x0000021a82611160 WorkerThread "GC Thread#0" [stack: 0x0000009386d00000,0x0000009386e00000] [id=13288]
  0x0000021aaa9469e0 WorkerThread "GC Thread#1" [stack: 0x0000009388700000,0x0000009388800000] [id=24188]
  0x0000021aaa945ea0 WorkerThread "GC Thread#2" [stack: 0x0000009388800000,0x0000009388900000] [id=20700]
  0x0000021aaa944dc0 WorkerThread "GC Thread#3" [stack: 0x0000009388900000,0x0000009388a00000] [id=9680]
  0x0000021aaa945090 WorkerThread "GC Thread#4" [stack: 0x0000009388a00000,0x0000009388b00000] [id=9708]
  0x0000021aaa946170 WorkerThread "GC Thread#5" [stack: 0x0000009388b00000,0x0000009388c00000] [id=14020]
  0x0000021aaa946440 WorkerThread "GC Thread#6" [stack: 0x0000009388c00000,0x0000009388d00000] [id=17392]
  0x0000021aaa945360 WorkerThread "GC Thread#7" [stack: 0x0000009388d00000,0x0000009388e00000] [id=19100]
  0x0000021aabdbe770 WorkerThread "GC Thread#8" [stack: 0x0000009389100000,0x0000009389200000] [id=23548]
  0x0000021aabdbdc30 WorkerThread "GC Thread#9" [stack: 0x0000009389200000,0x0000009389300000] [id=21456]
  0x0000021aabdbea40 WorkerThread "GC Thread#10" [stack: 0x0000009389300000,0x0000009389400000] [id=13004]
  0x0000021aabdc0930 WorkerThread "GC Thread#11" [stack: 0x0000009388600000,0x0000009388700000] [id=22108]
  0x0000021aabdc11a0 WorkerThread "GC Thread#12" [stack: 0x0000009388e00000,0x0000009388f00000] [id=2116]
  0x0000021a82621ad0 ConcurrentGCThread "G1 Main Marker" [stack: 0x0000009386e00000,0x0000009386f00000] [id=20176]
  0x0000021a82622500 WorkerThread "G1 Conc#0" [stack: 0x0000009386f00000,0x0000009387000000] [id=19288]
  0x0000021aabdbf580 WorkerThread "G1 Conc#1" [stack: 0x0000009388f00000,0x0000009389000000] [id=7384]
  0x0000021aabdbf2b0 WorkerThread "G1 Conc#2" [stack: 0x0000009389000000,0x0000009389100000] [id=22716]
  0x0000021aa56c6480 ConcurrentGCThread "G1 Refine#0" [stack: 0x0000009387000000,0x0000009387100000] [id=6312]
  0x0000021aa56c6fc0 ConcurrentGCThread "G1 Service" [stack: 0x0000009387100000,0x0000009387200000] [id=22532]

Threads with active compile tasks:
C2 CompilerThread0     7523 11482   !   4       java.lang.ClassLoader::loadClass (121 bytes)
C2 CompilerThread2     7523 11387       4       org.apache.maven.model.inheritance.DefaultInheritanceAssembler$InheritanceModelMerger::mergePluginContainer_Plugins (430 bytes)

VM state: not at safepoint (normal execution)

VM Mutex/Monitor currently owned by a thread: None

Heap address: 0x0000000705e00000, size: 4002 MB, Compressed Oops mode: Zero based, Oop shift amount: 3

CDS archive(s) mapped at: [0x0000000800000000-0x0000000800c40000-0x0000000800c40000), size 12845056, SharedBaseAddress: 0x0000000800000000, ArchiveRelocationMode: 0.
Compressed class space mapped at: 0x0000000801000000-0x0000000841000000, reserved size: 1073741824
Narrow klass base: 0x0000000800000000, Narrow klass shift: 0, Narrow klass range: 0x100000000

GC Precious Log:
 CardTable entry size: 512
 Card Set container configuration: InlinePtr #cards 4 size 8 Array Of Cards #cards 16 size 48 Howl #buckets 8 coarsen threshold 3686 Howl Bitmap #cards 512 size 80 coarsen threshold 460 Card regions per heap region 1 cards per card region 4096
 CPUs: 16 total, 16 available
 Memory: 16004M
 Large Page Support: Disabled
 NUMA Support: Disabled
 Compressed Oops: Enabled (Zero based)
 Heap Region Size: 2M
 Heap Min Capacity: 8M
 Heap Initial Capacity: 252M
 Heap Max Capacity: 4002M
 Pre-touch: Disabled
 Parallel Workers: 13
 Concurrent Workers: 3
 Concurrent Refinement Workers: 13
 Periodic GC: Disabled

Heap:
 garbage-first heap   total 215040K, used 152840K [0x0000000705e00000, 0x0000000800000000)
  region size 2048K, 40 young (81920K), 6 survivors (12288K)
 Metaspace       used 35391K, committed 36032K, reserved 1114112K
  class space    used 3597K, committed 3904K, reserved 1048576K

Heap Regions: E=young(eden), S=young(survivor), O=old, HS=humongous(starts), HC=humongous(continues), CS=collection set, F=free, OA=open archive, CA=closed archive, TAMS=top-at-mark-start (previous, next)
|   0|0x0000000705e00000, 0x0000000706000000, 0x0000000706000000|100%| O|  |TAMS 0x0000000706000000, 0x0000000705e00000| Untracked 
|   1|0x0000000706000000, 0x0000000706200000, 0x0000000706200000|100%| O|  |TAMS 0x0000000706000000, 0x0000000706000000| Untracked 
|   2|0x0000000706200000, 0x0000000706400000, 0x0000000706400000|100%| O|  |TAMS 0x0000000706200000, 0x0000000706200000| Untracked 
|   3|0x0000000706400000, 0x0000000706600000, 0x0000000706600000|100%| O|  |TAMS 0x0000000706400000, 0x0000000706400000| Untracked 
|   4|0x0000000706600000, 0x0000000706800000, 0x0000000706800000|100%| O|  |TAMS 0x0000000706600000, 0x0000000706600000| Untracked 
|   5|0x0000000706800000, 0x0000000706a00000, 0x0000000706a00000|100%| O|  |TAMS 0x0000000706800000, 0x0000000706800000| Untracked 
|   6|0x0000000706a00000, 0x0000000706c00000, 0x0000000706c00000|100%| O|  |TAMS 0x0000000706a00000, 0x0000000706a00000| Untracked 
|   7|0x0000000706c00000, 0x0000000706e00000, 0x0000000706e00000|100%| O|  |TAMS 0x0000000706c00000, 0x0000000706c00000| Untracked 
|   8|0x0000000706e00000, 0x0000000707000000, 0x0000000707000000|100%| O|  |TAMS 0x0000000706e00000, 0x0000000706e00000| Untracked 
|   9|0x0000000707000000, 0x0000000707200000, 0x0000000707200000|100%| O|  |TAMS 0x0000000707000000, 0x0000000707000000| Untracked 
|  10|0x0000000707200000, 0x0000000707400000, 0x0000000707400000|100%| O|  |TAMS 0x0000000707200000, 0x0000000707200000| Untracked 
|  11|0x0000000707400000, 0x0000000707600000, 0x0000000707600000|100%| O|  |TAMS 0x0000000707400000, 0x0000000707400000| Untracked 
|  12|0x0000000707600000, 0x0000000707800000, 0x0000000707800000|100%| O|  |TAMS 0x0000000707600000, 0x0000000707600000| Untracked 
|  13|0x0000000707800000, 0x0000000707a00000, 0x0000000707a00000|100%| O|  |TAMS 0x0000000707800000, 0x0000000707800000| Untracked 
|  14|0x0000000707a00000, 0x0000000707c00000, 0x0000000707c00000|100%| O|  |TAMS 0x0000000707a00000, 0x0000000707a00000| Untracked 
|  15|0x0000000707c00000, 0x0000000707e00000, 0x0000000707e00000|100%| O|  |TAMS 0x0000000707c00000, 0x0000000707c00000| Untracked 
|  16|0x0000000707e00000, 0x0000000708000000, 0x0000000708000000|100%| O|  |TAMS 0x0000000707e00000, 0x0000000707e00000| Untracked 
|  17|0x0000000708000000, 0x0000000708200000, 0x0000000708200000|100%| O|  |TAMS 0x0000000708000000, 0x0000000708000000| Untracked 
|  18|0x0000000708200000, 0x0000000708400000, 0x0000000708400000|100%| O|  |TAMS 0x0000000708200000, 0x0000000708200000| Untracked 
|  19|0x0000000708400000, 0x0000000708600000, 0x0000000708600000|100%|HS|  |TAMS 0x0000000708400000, 0x0000000708400000| Complete 
|  20|0x0000000708600000, 0x0000000708800000, 0x0000000708800000|100%|HC|  |TAMS 0x0000000708600000, 0x0000000708600000| Complete 
|  21|0x0000000708800000, 0x0000000708a00000, 0x0000000708a00000|100%| O|  |TAMS 0x0000000708800000, 0x0000000708800000| Untracked 
|  22|0x0000000708a00000, 0x0000000708c00000, 0x0000000708c00000|100%| O|  |TAMS 0x0000000708a00000, 0x0000000708a00000| Untracked 
|  23|0x0000000708c00000, 0x0000000708e00000, 0x0000000708e00000|100%| O|  |TAMS 0x0000000708c00000, 0x0000000708c00000| Untracked 
|  24|0x0000000708e00000, 0x0000000709000000, 0x0000000709000000|100%| O|  |TAMS 0x0000000708e00000, 0x0000000708e00000| Untracked 
|  25|0x0000000709000000, 0x0000000709200000, 0x0000000709200000|100%| O|  |TAMS 0x0000000709000000, 0x0000000709000000| Untracked 
|  26|0x0000000709200000, 0x0000000709400000, 0x0000000709400000|100%| O|  |TAMS 0x0000000709200000, 0x0000000709200000| Untracked 
|  27|0x0000000709400000, 0x0000000709400000, 0x0000000709600000|  0%| F|  |TAMS 0x0000000709400000, 0x0000000709400000| Untracked 
|  28|0x0000000709600000, 0x0000000709600000, 0x0000000709800000|  0%| F|  |TAMS 0x0000000709600000, 0x0000000709600000| Untracked 
|  29|0x0000000709800000, 0x0000000709800000, 0x0000000709a00000|  0%| F|  |TAMS 0x0000000709800000, 0x0000000709800000| Untracked 
|  30|0x0000000709a00000, 0x0000000709c00000, 0x0000000709c00000|100%| O|  |TAMS 0x0000000709a00000, 0x0000000709a00000| Untracked 
|  31|0x0000000709c00000, 0x0000000709c00000, 0x0000000709e00000|  0%| F|  |TAMS 0x0000000709c00000, 0x0000000709c00000| Untracked 
|  32|0x0000000709e00000, 0x0000000709e00000, 0x000000070a000000|  0%| F|  |TAMS 0x0000000709e00000, 0x0000000709e00000| Untracked 
|  33|0x000000070a000000, 0x000000070a000000, 0x000000070a200000|  0%| F|  |TAMS 0x000000070a000000, 0x000000070a000000| Untracked 
|  34|0x000000070a200000, 0x000000070a342000, 0x000000070a400000| 62%| O|  |TAMS 0x000000070a200000, 0x000000070a200000| Untracked 
|  35|0x000000070a400000, 0x000000070a400000, 0x000000070a600000|  0%| F|  |TAMS 0x000000070a400000, 0x000000070a400000| Untracked 
|  36|0x000000070a600000, 0x000000070a800000, 0x000000070a800000|100%| S|CS|TAMS 0x000000070a600000, 0x000000070a600000| Complete 
|  37|0x000000070a800000, 0x000000070aa00000, 0x000000070aa00000|100%| S|CS|TAMS 0x000000070a800000, 0x000000070a800000| Complete 
|  38|0x000000070aa00000, 0x000000070ac00000, 0x000000070ac00000|100%| S|CS|TAMS 0x000000070aa00000, 0x000000070aa00000| Complete 
|  39|0x000000070ac00000, 0x000000070ae00000, 0x000000070ae00000|100%| S|CS|TAMS 0x000000070ac00000, 0x000000070ac00000| Complete 
|  40|0x000000070ae00000, 0x000000070b000000, 0x000000070b000000|100%| S|CS|TAMS 0x000000070ae00000, 0x000000070ae00000| Complete 
|  41|0x000000070b000000, 0x000000070b200000, 0x000000070b200000|100%| S|CS|TAMS 0x000000070b000000, 0x000000070b000000| Complete 
|  42|0x000000070b200000, 0x000000070b200000, 0x000000070b400000|  0%| F|  |TAMS 0x000000070b200000, 0x000000070b200000| Untracked 
|  43|0x000000070b400000, 0x000000070b400000, 0x000000070b600000|  0%| F|  |TAMS 0x000000070b400000, 0x000000070b400000| Untracked 
|  44|0x000000070b600000, 0x000000070b600000, 0x000000070b800000|  0%| F|  |TAMS 0x000000070b600000, 0x000000070b600000| Untracked 
|  45|0x000000070b800000, 0x000000070b800000, 0x000000070ba00000|  0%| F|  |TAMS 0x000000070b800000, 0x000000070b800000| Untracked 
|  46|0x000000070ba00000, 0x000000070ba00000, 0x000000070bc00000|  0%| F|  |TAMS 0x000000070ba00000, 0x000000070ba00000| Untracked 
|  47|0x000000070bc00000, 0x000000070bc00000, 0x000000070be00000|  0%| F|  |TAMS 0x000000070bc00000, 0x000000070bc00000| Untracked 
|  48|0x000000070be00000, 0x000000070be00000, 0x000000070c000000|  0%| F|  |TAMS 0x000000070be00000, 0x000000070be00000| Untracked 
|  49|0x000000070c000000, 0x000000070c000000, 0x000000070c200000|  0%| F|  |TAMS 0x000000070c000000, 0x000000070c000000| Untracked 
|  50|0x000000070c200000, 0x000000070c200000, 0x000000070c400000|  0%| F|  |TAMS 0x000000070c200000, 0x000000070c200000| Untracked 
|  51|0x000000070c400000, 0x000000070c400000, 0x000000070c600000|  0%| F|  |TAMS 0x000000070c400000, 0x000000070c400000| Untracked 
|  52|0x000000070c600000, 0x000000070c600000, 0x000000070c800000|  0%| F|  |TAMS 0x000000070c600000, 0x000000070c600000| Untracked 
|  53|0x000000070c800000, 0x000000070c800000, 0x000000070ca00000|  0%| F|  |TAMS 0x000000070c800000, 0x000000070c800000| Untracked 
|  54|0x000000070ca00000, 0x000000070ca00000, 0x000000070cc00000|  0%| F|  |TAMS 0x000000070ca00000, 0x000000070ca00000| Untracked 
|  55|0x000000070cc00000, 0x000000070cc00000, 0x000000070ce00000|  0%| F|  |TAMS 0x000000070cc00000, 0x000000070cc00000| Untracked 
|  56|0x000000070ce00000, 0x000000070ce00000, 0x000000070d000000|  0%| F|  |TAMS 0x000000070ce00000, 0x000000070ce00000| Untracked 
|  57|0x000000070d000000, 0x000000070d000000, 0x000000070d200000|  0%| F|  |TAMS 0x000000070d000000, 0x000000070d000000| Untracked 
|  58|0x000000070d200000, 0x000000070d200000, 0x000000070d400000|  0%| F|  |TAMS 0x000000070d200000, 0x000000070d200000| Untracked 
|  59|0x000000070d400000, 0x000000070d400000, 0x000000070d600000|  0%| F|  |TAMS 0x000000070d400000, 0x000000070d400000| Untracked 
|  60|0x000000070d600000, 0x000000070d600000, 0x000000070d800000|  0%| F|  |TAMS 0x000000070d600000, 0x000000070d600000| Untracked 
|  61|0x000000070d800000, 0x000000070d800000, 0x000000070da00000|  0%| F|  |TAMS 0x000000070d800000, 0x000000070d800000| Untracked 
|  62|0x000000070da00000, 0x000000070da00000, 0x000000070dc00000|  0%| F|  |TAMS 0x000000070da00000, 0x000000070da00000| Untracked 
|  63|0x000000070dc00000, 0x000000070dc00000, 0x000000070de00000|  0%| F|  |TAMS 0x000000070dc00000, 0x000000070dc00000| Untracked 
|  64|0x000000070de00000, 0x000000070de98128, 0x000000070e000000| 29%| E|  |TAMS 0x000000070de00000, 0x000000070de00000| Complete 
|  65|0x000000070e000000, 0x000000070e200000, 0x000000070e200000|100%| E|CS|TAMS 0x000000070e000000, 0x000000070e000000| Complete 
|  66|0x000000070e200000, 0x000000070e400000, 0x000000070e400000|100%| E|CS|TAMS 0x000000070e200000, 0x000000070e200000| Complete 
|  67|0x000000070e400000, 0x000000070e600000, 0x000000070e600000|100%| E|CS|TAMS 0x000000070e400000, 0x000000070e400000| Complete 
|  68|0x000000070e600000, 0x000000070e800000, 0x000000070e800000|100%| E|CS|TAMS 0x000000070e600000, 0x000000070e600000| Complete 
|  69|0x000000070e800000, 0x000000070ea00000, 0x000000070ea00000|100%| E|CS|TAMS 0x000000070e800000, 0x000000070e800000| Complete 
|  70|0x000000070ea00000, 0x000000070ec00000, 0x000000070ec00000|100%| E|CS|TAMS 0x000000070ea00000, 0x000000070ea00000| Complete 
|  71|0x000000070ec00000, 0x000000070ee00000, 0x000000070ee00000|100%| E|CS|TAMS 0x000000070ec00000, 0x000000070ec00000| Complete 
|  72|0x000000070ee00000, 0x000000070f000000, 0x000000070f000000|100%| E|CS|TAMS 0x000000070ee00000, 0x000000070ee00000| Complete 
|  73|0x000000070f000000, 0x000000070f200000, 0x000000070f200000|100%| E|CS|TAMS 0x000000070f000000, 0x000000070f000000| Complete 
|  74|0x000000070f200000, 0x000000070f400000, 0x000000070f400000|100%| E|CS|TAMS 0x000000070f200000, 0x000000070f200000| Complete 
|  75|0x000000070f400000, 0x000000070f600000, 0x000000070f600000|100%| E|CS|TAMS 0x000000070f400000, 0x000000070f400000| Complete 
|  76|0x000000070f600000, 0x000000070f800000, 0x000000070f800000|100%| E|CS|TAMS 0x000000070f600000, 0x000000070f600000| Complete 
|  77|0x000000070f800000, 0x000000070fa00000, 0x000000070fa00000|100%| E|CS|TAMS 0x000000070f800000, 0x000000070f800000| Complete 
|  78|0x000000070fa00000, 0x000000070fc00000, 0x000000070fc00000|100%| E|CS|TAMS 0x000000070fa00000, 0x000000070fa00000| Complete 
|  79|0x000000070fc00000, 0x000000070fe00000, 0x000000070fe00000|100%| E|CS|TAMS 0x000000070fc00000, 0x000000070fc00000| Complete 
|  80|0x000000070fe00000, 0x0000000710000000, 0x0000000710000000|100%| E|CS|TAMS 0x000000070fe00000, 0x000000070fe00000| Complete 
|  81|0x0000000710000000, 0x0000000710200000, 0x0000000710200000|100%| E|CS|TAMS 0x0000000710000000, 0x0000000710000000| Complete 
|  82|0x0000000710200000, 0x0000000710400000, 0x0000000710400000|100%| E|CS|TAMS 0x0000000710200000, 0x0000000710200000| Complete 
|  83|0x0000000710400000, 0x0000000710600000, 0x0000000710600000|100%| E|CS|TAMS 0x0000000710400000, 0x0000000710400000| Complete 
|  84|0x0000000710600000, 0x0000000710800000, 0x0000000710800000|100%| E|CS|TAMS 0x0000000710600000, 0x0000000710600000| Complete 
|  85|0x0000000710800000, 0x0000000710a00000, 0x0000000710a00000|100%| E|CS|TAMS 0x0000000710800000, 0x0000000710800000| Complete 
|  86|0x0000000710a00000, 0x0000000710c00000, 0x0000000710c00000|100%| E|CS|TAMS 0x0000000710a00000, 0x0000000710a00000| Complete 
|  87|0x0000000710c00000, 0x0000000710e00000, 0x0000000710e00000|100%| E|CS|TAMS 0x0000000710c00000, 0x0000000710c00000| Complete 
|  88|0x0000000710e00000, 0x0000000711000000, 0x0000000711000000|100%| E|CS|TAMS 0x0000000710e00000, 0x0000000710e00000| Complete 
|  89|0x0000000711000000, 0x0000000711200000, 0x0000000711200000|100%| E|CS|TAMS 0x0000000711000000, 0x0000000711000000| Complete 
|  90|0x0000000711200000, 0x0000000711400000, 0x0000000711400000|100%| E|CS|TAMS 0x0000000711200000, 0x0000000711200000| Complete 
|  91|0x0000000711400000, 0x0000000711600000, 0x0000000711600000|100%| E|CS|TAMS 0x0000000711400000, 0x0000000711400000| Complete 
|  92|0x0000000711600000, 0x0000000711800000, 0x0000000711800000|100%| E|CS|TAMS 0x0000000711600000, 0x0000000711600000| Complete 
|  93|0x0000000711800000, 0x0000000711a00000, 0x0000000711a00000|100%| E|CS|TAMS 0x0000000711800000, 0x0000000711800000| Complete 
|  94|0x0000000711a00000, 0x0000000711c00000, 0x0000000711c00000|100%| E|CS|TAMS 0x0000000711a00000, 0x0000000711a00000| Complete 
|  95|0x0000000711c00000, 0x0000000711e00000, 0x0000000711e00000|100%| E|CS|TAMS 0x0000000711c00000, 0x0000000711c00000| Complete 
|  96|0x0000000711e00000, 0x0000000712000000, 0x0000000712000000|100%| E|CS|TAMS 0x0000000711e00000, 0x0000000711e00000| Complete 
| 125|0x0000000715800000, 0x0000000715a00000, 0x0000000715a00000|100%| E|CS|TAMS 0x0000000715800000, 0x0000000715800000| Complete 
|1994|0x00000007ff200000, 0x00000007ff400000, 0x00000007ff400000|100%| O|  |TAMS 0x00000007ff200000, 0x00000007ff200000| Untracked 
|1995|0x00000007ff400000, 0x00000007ff600000, 0x00000007ff600000|100%| O|  |TAMS 0x00000007ff400000, 0x00000007ff400000| Untracked 
|1996|0x00000007ff600000, 0x00000007ff800000, 0x00000007ff800000|100%| O|  |TAMS 0x00000007ff600000, 0x00000007ff600000| Untracked 
|1997|0x00000007ff800000, 0x00000007ffa00000, 0x00000007ffa00000|100%| O|  |TAMS 0x00000007ff800000, 0x00000007ff800000| Untracked 
|1998|0x00000007ffa00000, 0x00000007ffc00000, 0x00000007ffc00000|100%| O|  |TAMS 0x00000007ffa00000, 0x00000007ffa00000| Untracked 
|1999|0x00000007ffc00000, 0x00000007ffe00000, 0x00000007ffe00000|100%| O|  |TAMS 0x00000007ffc00000, 0x00000007ffc00000| Untracked 
|2000|0x00000007ffe00000, 0x0000000800000000, 0x0000000800000000|100%| O|  |TAMS 0x00000007ffe00000, 0x00000007ffe00000| Untracked 

Card table byte_map: [0x0000021a9a560000,0x0000021a9ad40000] _byte_map_base: 0x0000021a96d31000

Marking Bits (Prev, Next): (CMBitMap*) 0x0000021a826117d0, (CMBitMap*) 0x0000021a82611790
 Prev Bits: [0x0000021a9f3b0000, 0x0000021aa3238000)
 Next Bits: [0x0000021a9b520000, 0x0000021a9f3a8000)

Polling page: 0x0000021a80530000

Metaspace:

Usage:
  Non-class:     31.05 MB used.
      Class:      3.51 MB used.
       Both:     34.56 MB used.

Virtual space:
  Non-class space:       64.00 MB reserved,      31.38 MB ( 49%) committed,  1 nodes.
      Class space:        1.00 GB reserved,       3.81 MB ( <1%) committed,  1 nodes.
             Both:        1.06 GB reserved,      35.19 MB (  3%) committed. 

Chunk freelists:
   Non-Class:  3.92 MB
       Class:  207.00 KB
        Both:  4.12 MB

MaxMetaspaceSize: unlimited
CompressedClassSpaceSize: 1.00 GB
Initial GC threshold: 21.00 MB
Current GC threshold: 35.25 MB
CDS: on
MetaspaceReclaimPolicy: balanced
 - commit_granule_bytes: 65536.
 - commit_granule_words: 8192.
 - virtual_space_node_default_size: 8388608.
 - enlarge_chunks_in_place: 1.
 - new_chunks_are_fully_committed: 0.
 - uncommit_free_chunks: 1.
 - use_allocation_guard: 0.


Internal statistics:

num_allocs_failed_limit: 3.
num_arena_births: 782.
num_arena_deaths: 0.
num_vsnodes_births: 2.
num_vsnodes_deaths: 0.
num_space_committed: 563.
num_space_uncommitted: 0.
num_chunks_returned_to_freelist: 3.
num_chunks_taken_from_freelist: 2165.
num_chunk_merges: 3.
num_chunk_splits: 1503.
num_chunks_enlarged: 1041.
num_inconsistent_stats: 0.

CodeHeap 'non-profiled nmethods': size=119168Kb used=7502Kb max_used=7502Kb free=111665Kb
 bounds [0x0000021a920a0000, 0x0000021a92800000, 0x0000021a99500000]
CodeHeap 'profiled nmethods': size=119104Kb used=21525Kb max_used=21641Kb free=97578Kb
 bounds [0x0000021a8a500000, 0x0000021a8ba70000, 0x0000021a91950000]
CodeHeap 'non-nmethods': size=7488Kb used=3036Kb max_used=3170Kb free=4451Kb
 bounds [0x0000021a91950000, 0x0000021a91c80000, 0x0000021a920a0000]
 total_blobs=10092 nmethods=9512 adapters=487
 compilation: enabled
              stopped_count=0, restarted_count=0
 full_count=0

Compilation events (20 events):
Event: 7.282 Thread 0x0000021aa583d4a0 11723       3       java.util.Arrays::binarySearch (9 bytes)
Event: 7.282 Thread 0x0000021aaa4ecbb0 11724       3       java.util.Arrays::binarySearch0 (72 bytes)
Event: 7.282 Thread 0x0000021aa583d4a0 nmethod 11723 0x0000021a8b09ab90 code [0x0000021a8b09ad40, 0x0000021a8b09ae68]
Event: 7.282 Thread 0x0000021aaa4ecbb0 nmethod 11724 0x0000021a8b47cf90 code [0x0000021a8b47d140, 0x0000021a8b47d3d8]
Event: 7.283 Thread 0x0000021aade60660 11725       4       java.util.concurrent.ConcurrentHashMap$KeyIterator::next (34 bytes)
Event: 7.284 Thread 0x0000021aa583d4a0 11726       3       java.lang.ProcessEnvironment$CheckedEntrySet$1::next (20 bytes)
Event: 7.284 Thread 0x0000021aaa4ecbb0 11727       3       java.lang.ProcessEnvironment$CheckedEntry::<init> (10 bytes)
Event: 7.284 Thread 0x0000021aaa4ec170 11728       3       java.lang.ProcessEnvironment$CheckedEntry::getKey (13 bytes)
Event: 7.284 Thread 0x0000021aaa4ebbf0 11729       3       java.lang.ProcessEnvironment$CheckedEntry::getKey (5 bytes)
Event: 7.284 Thread 0x0000021aaa4ecbb0 nmethod 11727 0x0000021a8aa3f610 code [0x0000021a8aa3f7c0, 0x0000021a8aa3f978]
Event: 7.284 Thread 0x0000021aa583d4a0 nmethod 11726 0x0000021a8aa3ec10 code [0x0000021a8aa3ede0, 0x0000021a8aa3f248]
Event: 7.284 Thread 0x0000021aa583d4a0 11730       3       java.lang.ProcessEnvironment$CheckedEntry::getValue (13 bytes)
Event: 7.284 Thread 0x0000021aaa4ec170 nmethod 11728 0x0000021a8b4e1b10 code [0x0000021a8b4e1cc0, 0x0000021a8b4e1f88]
Event: 7.284 Thread 0x0000021aa583d4a0 nmethod 11730 0x0000021a8b4e1590 code [0x0000021a8b4e1740, 0x0000021a8b4e1a08]
Event: 7.284 Thread 0x0000021aaa4ebbf0 nmethod 11729 0x0000021a8b4e0f90 code [0x0000021a8b4e1140, 0x0000021a8b4e1468]
Event: 7.287 Thread 0x0000021aade60660 nmethod 11725 0x0000021a927dfa10 code [0x0000021a927dfba0, 0x0000021a927dffd8]
Event: 7.299 Thread 0x0000021aaa4ec170 11732       3       java.io.BufferedReader::<init> (62 bytes)
Event: 7.300 Thread 0x0000021aaa4ec170 nmethod 11732 0x0000021a8b4e0890 code [0x0000021a8b4e0a60, 0x0000021a8b4e0e58]
Event: 7.333 Thread 0x0000021aaab11910 nmethod 11705 0x0000021a927e0510 code [0x0000021a927e09e0, 0x0000021a927e4ec8]
Event: 7.342 Thread 0x0000021aaa710730 nmethod 11605 0x0000021a927e7710 code [0x0000021a927e7c80, 0x0000021a927ee8e0]

GC Heap History (20 events):
Event: 3.919 GC heap before
{Heap before GC invocations=9 (full 0):
 garbage-first heap   total 143360K, used 104384K [0x0000000705e00000, 0x0000000800000000)
  region size 2048K, 30 young (61440K), 4 survivors (8192K)
 Metaspace       used 27664K, committed 28160K, reserved 1114112K
  class space    used 2878K, committed 3136K, reserved 1048576K
}
Event: 3.925 GC heap after
{Heap after GC invocations=10 (full 0):
 garbage-first heap   total 143360K, used 53225K [0x0000000705e00000, 0x0000000800000000)
  region size 2048K, 1 young (2048K), 1 survivors (2048K)
 Metaspace       used 27664K, committed 28160K, reserved 1114112K
  class space    used 2878K, committed 3136K, reserved 1048576K
}
Event: 4.005 GC heap before
{Heap before GC invocations=10 (full 0):
 garbage-first heap   total 143360K, used 106473K [0x0000000705e00000, 0x0000000800000000)
  region size 2048K, 27 young (55296K), 1 survivors (2048K)
 Metaspace       used 27744K, committed 28224K, reserved 1114112K
  class space    used 2885K, committed 3136K, reserved 1048576K
}
Event: 4.005 GC heap after
{Heap after GC invocations=11 (full 0):
 garbage-first heap   total 143360K, used 52918K [0x0000000705e00000, 0x0000000800000000)
  region size 2048K, 1 young (2048K), 1 survivors (2048K)
 Metaspace       used 27744K, committed 28224K, reserved 1114112K
  class space    used 2885K, committed 3136K, reserved 1048576K
}
Event: 4.231 GC heap before
{Heap before GC invocations=11 (full 0):
 garbage-first heap   total 143360K, used 110262K [0x0000000705e00000, 0x0000000800000000)
  region size 2048K, 29 young (59392K), 1 survivors (2048K)
 Metaspace       used 28415K, committed 28992K, reserved 1114112K
  class space    used 2969K, committed 3264K, reserved 1048576K
}
Event: 4.233 GC heap after
{Heap after GC invocations=12 (full 0):
 garbage-first heap   total 143360K, used 53661K [0x0000000705e00000, 0x0000000800000000)
  region size 2048K, 1 young (2048K), 1 survivors (2048K)
 Metaspace       used 28415K, committed 28992K, reserved 1114112K
  class space    used 2969K, committed 3264K, reserved 1048576K
}
Event: 4.335 GC heap before
{Heap before GC invocations=12 (full 0):
 garbage-first heap   total 143360K, used 113053K [0x0000000705e00000, 0x0000000800000000)
  region size 2048K, 30 young (61440K), 1 survivors (2048K)
 Metaspace       used 28565K, committed 29120K, reserved 1114112K
  class space    used 2973K, committed 3264K, reserved 1048576K
}
Event: 4.338 GC heap after
{Heap after GC invocations=13 (full 0):
 garbage-first heap   total 143360K, used 54993K [0x0000000705e00000, 0x0000000800000000)
  region size 2048K, 2 young (4096K), 2 survivors (4096K)
 Metaspace       used 28565K, committed 29120K, reserved 1114112K
  class space    used 2973K, committed 3264K, reserved 1048576K
}
Event: 4.438 GC heap before
{Heap before GC invocations=13 (full 0):
 garbage-first heap   total 143360K, used 114385K [0x0000000705e00000, 0x0000000800000000)
  region size 2048K, 31 young (63488K), 2 survivors (4096K)
 Metaspace       used 28626K, committed 29184K, reserved 1114112K
  class space    used 2977K, committed 3264K, reserved 1048576K
}
Event: 4.441 GC heap after
{Heap after GC invocations=14 (full 0):
 garbage-first heap   total 178176K, used 55716K [0x0000000705e00000, 0x0000000800000000)
  region size 2048K, 2 young (4096K), 2 survivors (4096K)
 Metaspace       used 28626K, committed 29184K, reserved 1114112K
  class space    used 2977K, committed 3264K, reserved 1048576K
}
Event: 4.603 GC heap before
{Heap before GC invocations=14 (full 0):
 garbage-first heap   total 178176K, used 143780K [0x0000000705e00000, 0x0000000800000000)
  region size 2048K, 45 young (92160K), 2 survivors (4096K)
 Metaspace       used 28761K, committed 29312K, reserved 1114112K
  class space    used 2977K, committed 3264K, reserved 1048576K
}
Event: 4.608 GC heap after
{Heap after GC invocations=15 (full 0):
 garbage-first heap   total 178176K, used 56384K [0x0000000705e00000, 0x0000000800000000)
  region size 2048K, 3 young (6144K), 3 survivors (6144K)
 Metaspace       used 28761K, committed 29312K, reserved 1114112K
  class space    used 2977K, committed 3264K, reserved 1048576K
}
Event: 5.311 GC heap before
{Heap before GC invocations=15 (full 0):
 garbage-first heap   total 178176K, used 144448K [0x0000000705e00000, 0x0000000800000000)
  region size 2048K, 46 young (94208K), 3 survivors (6144K)
 Metaspace       used 31063K, committed 31680K, reserved 1114112K
  class space    used 3234K, committed 3520K, reserved 1048576K
}
Event: 5.315 GC heap after
{Heap after GC invocations=16 (full 0):
 garbage-first heap   total 178176K, used 57755K [0x0000000705e00000, 0x0000000800000000)
  region size 2048K, 3 young (6144K), 3 survivors (6144K)
 Metaspace       used 31063K, committed 31680K, reserved 1114112K
  class space    used 3234K, committed 3520K, reserved 1048576K
}
Event: 5.818 GC heap before
{Heap before GC invocations=16 (full 0):
 garbage-first heap   total 178176K, used 145819K [0x0000000705e00000, 0x0000000800000000)
  region size 2048K, 46 young (94208K), 3 survivors (6144K)
 Metaspace       used 31642K, committed 32320K, reserved 1114112K
  class space    used 3248K, committed 3584K, reserved 1048576K
}
Event: 5.825 GC heap after
{Heap after GC invocations=17 (full 0):
 garbage-first heap   total 178176K, used 59309K [0x0000000705e00000, 0x0000000800000000)
  region size 2048K, 4 young (8192K), 4 survivors (8192K)
 Metaspace       used 31642K, committed 32320K, reserved 1114112K
  class space    used 3248K, committed 3584K, reserved 1048576K
}
Event: 6.305 GC heap before
{Heap before GC invocations=17 (full 0):
 garbage-first heap   total 178176K, used 151469K [0x0000000705e00000, 0x0000000800000000)
  region size 2048K, 47 young (96256K), 4 survivors (8192K)
 Metaspace       used 31924K, committed 32576K, reserved 1114112K
  class space    used 3260K, committed 3584K, reserved 1048576K
}
Event: 6.312 GC heap after
{Heap after GC invocations=18 (full 0):
 garbage-first heap   total 178176K, used 66883K [0x0000000705e00000, 0x0000000800000000)
  region size 2048K, 6 young (12288K), 6 survivors (12288K)
 Metaspace       used 31924K, committed 32576K, reserved 1114112K
  class space    used 3260K, committed 3584K, reserved 1048576K
}
Event: 6.767 GC heap before
{Heap before GC invocations=18 (full 0):
 garbage-first heap   total 178176K, used 144707K [0x0000000705e00000, 0x0000000800000000)
  region size 2048K, 44 young (90112K), 6 survivors (12288K)
 Metaspace       used 32838K, committed 33472K, reserved 1114112K
  class space    used 3357K, committed 3648K, reserved 1048576K
}
Event: 6.779 GC heap after
{Heap after GC invocations=19 (full 0):
 garbage-first heap   total 215040K, used 85256K [0x0000000705e00000, 0x0000000800000000)
  region size 2048K, 6 young (12288K), 6 survivors (12288K)
 Metaspace       used 32838K, committed 33472K, reserved 1114112K
  class space    used 3357K, committed 3648K, reserved 1048576K
}

Dll operation events (12 events):
Event: 0.004 Loaded shared library C:\Program Files\Java\jdk-19\bin\java.dll
Event: 0.009 Loaded shared library C:\Program Files\Java\jdk-19\bin\jsvml.dll
Event: 0.042 Loaded shared library C:\Program Files\Java\jdk-19\bin\zip.dll
Event: 0.043 Loaded shared library C:\Program Files\Java\jdk-19\bin\instrument.dll
Event: 0.046 Loaded shared library C:\Program Files\Java\jdk-19\bin\net.dll
Event: 0.047 Loaded shared library C:\Program Files\Java\jdk-19\bin\nio.dll
Event: 0.049 Loaded shared library C:\Program Files\Java\jdk-19\bin\zip.dll
Event: 0.056 Loaded shared library C:\Program Files\JetBrains\IntelliJ IDEA 2022.1.2\bin\breakgen64.dll
Event: 0.061 Loaded shared library C:\Program Files\Java\jdk-19\bin\extnet.dll
Event: 0.099 Loaded shared library C:\Program Files\Java\jdk-19\bin\jimage.dll
Event: 0.157 Loaded shared library C:\Users\99293\AppData\Local\Temp\jansi-2.4.0-5f0682974ca697ba-jansi.dll
Event: 0.163 Loaded shared library C:\Program Files\Java\jdk-19\bin\verify.dll

Deoptimization events (20 events):
Event: 7.124 Thread 0x0000021a8259f5b0 Uncommon trap: trap_request=0xffffff45 fr.pc=0x0000021a9230b3b8 relative=0x00000000000008f8
Event: 7.124 Thread 0x0000021a8259f5b0 Uncommon trap: reason=unstable_if action=reinterpret pc=0x0000021a9230b3b8 method=org.codehaus.plexus.classworlds.realm.Entry.matches(Ljava/lang/String;)Z @ 20 c2
Event: 7.124 Thread 0x0000021a8259f5b0 DEOPT PACKING pc=0x0000021a9230b3b8 sp=0x0000009386cfdff0
Event: 7.124 Thread 0x0000021a8259f5b0 DEOPT UNPACKING pc=0x0000021a919b6da3 sp=0x0000009386cfdf88 mode 2
Event: 7.206 Thread 0x0000021aade04090 Uncommon trap: trap_request=0xffffffc6 fr.pc=0x0000021a922f8ad4 relative=0x0000000000000214
Event: 7.206 Thread 0x0000021aade04090 Uncommon trap: reason=bimorphic_or_optimized_type_check action=maybe_recompile pc=0x0000021a922f8ad4 method=java.util.concurrent.locks.AbstractQueuedSynchronizer.release(I)Z @ 2 c2
Event: 7.206 Thread 0x0000021aade04090 DEOPT PACKING pc=0x0000021a922f8ad4 sp=0x00000093896ff010
Event: 7.206 Thread 0x0000021aade04090 DEOPT UNPACKING pc=0x0000021a919b6da3 sp=0x00000093896fefd8 mode 2
Event: 7.206 Thread 0x0000021aade020b0 Uncommon trap: trap_request=0xffffffc6 fr.pc=0x0000021a922f8ad4 relative=0x0000000000000214
Event: 7.206 Thread 0x0000021aade020b0 Uncommon trap: reason=bimorphic_or_optimized_type_check action=maybe_recompile pc=0x0000021a922f8ad4 method=java.util.concurrent.locks.AbstractQueuedSynchronizer.release(I)Z @ 2 c2
Event: 7.206 Thread 0x0000021aade020b0 DEOPT PACKING pc=0x0000021a922f8ad4 sp=0x00000093897ff4f0
Event: 7.206 Thread 0x0000021aade04090 Uncommon trap: trap_request=0xffffffc6 fr.pc=0x0000021a922f8ad4 relative=0x0000000000000214
Event: 7.206 Thread 0x0000021aade04090 Uncommon trap: reason=bimorphic_or_optimized_type_check action=maybe_recompile pc=0x0000021a922f8ad4 method=java.util.concurrent.locks.AbstractQueuedSynchronizer.release(I)Z @ 2 c2
Event: 7.206 Thread 0x0000021aade04090 DEOPT PACKING pc=0x0000021a922f8ad4 sp=0x00000093896ff010
Event: 7.206 Thread 0x0000021aade04090 DEOPT UNPACKING pc=0x0000021a919b6da3 sp=0x00000093896fefd8 mode 2
Event: 7.206 Thread 0x0000021aade020b0 DEOPT UNPACKING pc=0x0000021a919b6da3 sp=0x00000093897ff4b8 mode 2
Event: 7.206 Thread 0x0000021aade00620 Uncommon trap: trap_request=0xffffffc6 fr.pc=0x0000021a922f8ad4 relative=0x0000000000000214
Event: 7.206 Thread 0x0000021aade00620 Uncommon trap: reason=bimorphic_or_optimized_type_check action=maybe_recompile pc=0x0000021a922f8ad4 method=java.util.concurrent.locks.AbstractQueuedSynchronizer.release(I)Z @ 2 c2
Event: 7.206 Thread 0x0000021aade00620 DEOPT PACKING pc=0x0000021a922f8ad4 sp=0x00000093898ff4d0
Event: 7.206 Thread 0x0000021aade00620 DEOPT UNPACKING pc=0x0000021a919b6da3 sp=0x00000093898ff498 mode 2

Classes loaded (20 events):
Event: 7.279 Loading class java/util/concurrent/ArrayBlockingQueue
Event: 7.280 Loading class java/util/concurrent/ArrayBlockingQueue done
Event: 7.281 Loading class java/util/DualPivotQuicksort
Event: 7.282 Loading class java/util/DualPivotQuicksort done
Event: 7.283 Loading class java/lang/IllegalThreadStateException
Event: 7.283 Loading class java/lang/IllegalThreadStateException done
Event: 7.283 Loading class java/lang/ProcessBuilder
Event: 7.283 Loading class java/lang/ProcessBuilder done
Event: 7.283 Loading class java/lang/ProcessImpl
Event: 7.284 Loading class java/lang/Process
Event: 7.284 Loading class java/lang/Process done
Event: 7.284 Loading class java/lang/ProcessImpl done
Event: 7.296 Loading class java/lang/ProcessImpl$2
Event: 7.296 Loading class java/lang/ProcessImpl$2 done
Event: 7.296 Loading class java/lang/Process$PipeInputStream
Event: 7.296 Loading class java/lang/Process$PipeInputStream done
Event: 7.298 Loading class jdk/internal/event/ProcessStartEvent
Event: 7.298 Loading class jdk/internal/event/Event
Event: 7.298 Loading class jdk/internal/event/Event done
Event: 7.298 Loading class jdk/internal/event/ProcessStartEvent done

Classes unloaded (0 events):
No events

Classes redefined (0 events):
No events

Internal exceptions (20 events):
Event: 6.852 Thread 0x0000021a8259f5b0 Exception <a 'sun/nio/fs/WindowsException'{0x00000007114b34d0}> (0x00000007114b34d0) 
thrown [s\open\src\hotspot\share\prims\jni.cpp, line 517]
Event: 6.852 Thread 0x0000021a8259f5b0 Exception <a 'sun/nio/fs/WindowsException'{0x00000007114b4468}> (0x00000007114b4468) 
thrown [s\open\src\hotspot\share\prims\jni.cpp, line 517]
Event: 6.852 Thread 0x0000021a8259f5b0 Exception <a 'sun/nio/fs/WindowsException'{0x00000007114b4850}> (0x00000007114b4850) 
thrown [s\open\src\hotspot\share\prims\jni.cpp, line 517]
Event: 6.852 Thread 0x0000021a8259f5b0 Exception <a 'sun/nio/fs/WindowsException'{0x00000007114b58b0}> (0x00000007114b58b0) 
thrown [s\open\src\hotspot\share\prims\jni.cpp, line 517]
Event: 6.852 Thread 0x0000021a8259f5b0 Exception <a 'sun/nio/fs/WindowsException'{0x00000007114b5c00}> (0x00000007114b5c00) 
thrown [s\open\src\hotspot\share\prims\jni.cpp, line 517]
Event: 6.864 Thread 0x0000021a8259f5b0 Exception <a 'sun/nio/fs/WindowsException'{0x0000000711375958}> (0x0000000711375958) 
thrown [s\open\src\hotspot\share\prims\jni.cpp, line 517]
Event: 6.867 Thread 0x0000021a8259f5b0 Exception <a 'sun/nio/fs/WindowsException'{0x000000071138a7e0}> (0x000000071138a7e0) 
thrown [s\open\src\hotspot\share\prims\jni.cpp, line 517]
Event: 6.869 Thread 0x0000021a8259f5b0 Exception <a 'sun/nio/fs/WindowsException'{0x00000007113a12c0}> (0x00000007113a12c0) 
thrown [s\open\src\hotspot\share\prims\jni.cpp, line 517]
Event: 6.886 Thread 0x0000021a8259f5b0 Exception <a 'sun/nio/fs/WindowsException'{0x0000000710e00ce0}> (0x0000000710e00ce0) 
thrown [s\open\src\hotspot\share\prims\jni.cpp, line 517]
Event: 6.886 Thread 0x0000021a8259f5b0 Exception <a 'sun/nio/fs/WindowsException'{0x0000000710e01380}> (0x0000000710e01380) 
thrown [s\open\src\hotspot\share\prims\jni.cpp, line 517]
Event: 6.886 Thread 0x0000021a8259f5b0 Exception <a 'sun/nio/fs/WindowsException'{0x0000000710e01b10}> (0x0000000710e01b10) 
thrown [s\open\src\hotspot\share\prims\jni.cpp, line 517]
Event: 6.918 Thread 0x0000021a8259f5b0 Implicit null exception at 0x0000021a922b8896 to 0x0000021a922b9ae8
Event: 7.095 Thread 0x0000021a8259f5b0 Exception <a 'java/lang/NoSuchMethodError'{0x000000070f6c9618}: 'java.lang.String org.apache.maven.execution.MavenExecutionRequest.getFailureBehavior()'> (0x000000070f6c9618) 
thrown [s\open\src\hotspot\share\interpreter\linkResolver.cpp, line 870]
Event: 7.096 Thread 0x0000021aade05080 Exception <a 'java/lang/NoSuchMethodError'{0x000000070f93bdf0}: 'java.lang.Object java.lang.invoke.DirectMethodHandle$Holder.invokeStatic(java.lang.Object, long, java.lang.Object)'> (0x000000070f93bdf0) 
thrown [s\open\src\hotspot\share\interpreter\linkResolver.cpp, line 774]
Event: 7.097 Thread 0x0000021aade05080 Exception <a 'java/lang/NoSuchMethodError'{0x000000070f93f440}: 'java.lang.Object java.lang.invoke.DirectMethodHandle$Holder.invokeStaticInit(java.lang.Object, long, java.lang.Object)'> (0x000000070f93f440) 
thrown [s\open\src\hotspot\share\interpreter\linkResolver.cpp, line 774]
Event: 7.097 Thread 0x0000021aade05080 Exception <a 'java/lang/NoSuchMethodError'{0x000000070f945090}: 'java.lang.Object java.lang.invoke.DirectMethodHandle$Holder.newInvokeSpecial(java.lang.Object, long)'> (0x000000070f945090) 
thrown [s\open\src\hotspot\share\interpreter\linkResolver.cpp, line 774]
Event: 7.100 Thread 0x0000021aade05080 Exception <a 'java/lang/NoSuchMethodError'{0x000000070f9498c8}: 'long java.lang.invoke.DirectMethodHandle$Holder.invokeInterface(java.lang.Object, java.lang.Object)'> (0x000000070f9498c8) 
thrown [s\open\src\hotspot\share\interpreter\linkResolver.cpp, line 774]
Event: 7.101 Thread 0x0000021aade05080 Exception <a 'java/lang/NoSuchMethodError'{0x000000070f7017f8}: 'long java.lang.invoke.DelegatingMethodHandle$Holder.reinvoke_L(java.lang.Object, java.lang.Object)'> (0x000000070f7017f8) 
thrown [s\open\src\hotspot\share\interpreter\linkResolver.cpp, line 774]
Event: 7.166 Thread 0x0000021a8259f5b0 Exception <a 'java/lang/NoSuchMethodError'{0x000000070f4921d8}: 'java.lang.Object java.lang.invoke.DirectMethodHandle$Holder.invokeStaticInit(java.lang.Object, java.lang.Object, int, int, int, int)'> (0x000000070f4921d8) 
thrown [s\open\src\hotspot\share\interpreter\linkResolver.cpp, line 774]
Event: 7.296 Thread 0x0000021a8259f5b0 Exception <a 'java/lang/NoSuchMethodError'{0x000000070e1a75a0}: 'void java.lang.invoke.DirectMethodHandle$Holder.invokeStatic(java.lang.Object, long)'> (0x000000070e1a75a0) 
thrown [s\open\src\hotspot\share\interpreter\linkResolver.cpp, line 774]

VM Operations (20 events):
Event: 6.248 Executing VM operation: HandshakeAllThreads
Event: 6.248 Executing VM operation: HandshakeAllThreads done
Event: 6.276 Executing VM operation: HandshakeAllThreads
Event: 6.276 Executing VM operation: HandshakeAllThreads done
Event: 6.305 Executing VM operation: G1CollectForAllocation
Event: 6.312 Executing VM operation: G1CollectForAllocation done
Event: 6.767 Executing VM operation: G1CollectForAllocation
Event: 6.779 Executing VM operation: G1CollectForAllocation done
Event: 6.931 Executing VM operation: ICBufferFull
Event: 6.931 Executing VM operation: ICBufferFull done
Event: 7.079 Executing VM operation: HandshakeAllThreads
Event: 7.079 Executing VM operation: HandshakeAllThreads done
Event: 7.177 Executing VM operation: HandshakeAllThreads
Event: 7.177 Executing VM operation: HandshakeAllThreads done
Event: 7.212 Executing VM operation: ICBufferFull
Event: 7.212 Executing VM operation: ICBufferFull done
Event: 7.263 Executing VM operation: HandshakeAllThreads
Event: 7.263 Executing VM operation: HandshakeAllThreads done
Event: 7.297 Executing VM operation: HandshakeAllThreads
Event: 7.297 Executing VM operation: HandshakeAllThreads done

Events (20 events):
Event: 7.191 Thread 0x0000021aa583de10 flushing nmethod 0x0000021a8b1b8910
Event: 7.194 Thread 0x0000021aa583de10 flushing nmethod 0x0000021a8b29b710
Event: 7.195 Thread 0x0000021aa583de10 flushing nmethod 0x0000021a8b30d990
Event: 7.196 Thread 0x0000021aa583de10 flushing nmethod 0x0000021a8b4e1c90
Event: 7.196 Thread 0x0000021aa583de10 flushing nmethod 0x0000021a8b6b0910
Event: 7.196 Thread 0x0000021aa583de10 flushing nmethod 0x0000021a8b6bdb10
Event: 7.196 Thread 0x0000021aa583de10 flushing nmethod 0x0000021a8b6ef690
Event: 7.197 Thread 0x0000021aa583de10 flushing nmethod 0x0000021a8b7b2e10
Event: 7.197 Thread 0x0000021aa583de10 flushing nmethod 0x0000021a8b91d610
Event: 7.206 Thread 0x0000021aade04090 Thread added: 0x0000021aade04090
Event: 7.206 Thread 0x0000021aade020b0 Thread added: 0x0000021aade020b0
Event: 7.206 Thread 0x0000021aade00620 Thread added: 0x0000021aade00620
Event: 7.245 Thread 0x0000021aade02600 Thread added: 0x0000021aade02600
Event: 7.245 Thread 0x0000021aaddff0e0 Thread added: 0x0000021aaddff0e0
Event: 7.259 Thread 0x0000021aade030a0 Thread added: 0x0000021aade030a0
Event: 7.262 Thread 0x0000021aade00b70 Thread added: 0x0000021aade00b70
Event: 7.281 Thread 0x0000021aade02b50 Thread added: 0x0000021aade02b50
Event: 7.299 Thread 0x0000021aade04b30 Thread added: 0x0000021aade04b30
Event: 7.300 Thread 0x0000021aade010c0 Thread added: 0x0000021aade010c0
Event: 7.300 Thread 0x0000021aade01610 Thread added: 0x0000021aade01610


Dynamic libraries:
0x00007ff6029d0000 - 0x00007ff6029e0000 	C:\Program Files\Java\jdk-19\bin\java.exe
0x00007ff87c330000 - 0x00007ff87c547000 	C:\WINDOWS\SYSTEM32\ntdll.dll
0x00007ff87b770000 - 0x00007ff87b834000 	C:\WINDOWS\System32\KERNEL32.DLL
0x00007ff8799d0000 - 0x00007ff879d89000 	C:\WINDOWS\System32\KERNELBASE.dll
0x00007ff8797c0000 - 0x00007ff8798d1000 	C:\WINDOWS\System32\ucrtbase.dll
0x00007ff873160000 - 0x00007ff873178000 	C:\Program Files\Java\jdk-19\bin\jli.dll
0x00007ff87b0c0000 - 0x00007ff87b172000 	C:\WINDOWS\System32\ADVAPI32.dll
0x00007ff87ae50000 - 0x00007ff87aef7000 	C:\WINDOWS\System32\msvcrt.dll
0x00007ff8736f0000 - 0x00007ff87370b000 	C:\Program Files\Java\jdk-19\bin\VCRUNTIME140.dll
0x00007ff87b840000 - 0x00007ff87b8e7000 	C:\WINDOWS\System32\sechost.dll
0x00007ff8799a0000 - 0x00007ff8799c8000 	C:\WINDOWS\System32\bcrypt.dll
0x00007ff87a0d0000 - 0x00007ff87a1e4000 	C:\WINDOWS\System32\RPCRT4.dll
0x00007ff87af10000 - 0x00007ff87b0be000 	C:\WINDOWS\System32\USER32.dll
0x00007ff879600000 - 0x00007ff879626000 	C:\WINDOWS\System32\win32u.dll
0x00007ff87ad40000 - 0x00007ff87ad69000 	C:\WINDOWS\System32\GDI32.dll
0x00007ff8796a0000 - 0x00007ff8797bb000 	C:\WINDOWS\System32\gdi32full.dll
0x00007ff866fb0000 - 0x00007ff867242000 	C:\WINDOWS\WinSxS\amd64_microsoft.windows.common-controls_6595b64144ccf1df_6.0.22621.4391_none_2715d37f73803e96\COMCTL32.dll
0x00007ff879d90000 - 0x00007ff879e2a000 	C:\WINDOWS\System32\msvcp_win.dll
0x00007ff870fb0000 - 0x00007ff870fba000 	C:\WINDOWS\SYSTEM32\VERSION.dll
0x00007ff87b570000 - 0x00007ff87b5a1000 	C:\WINDOWS\System32\IMM32.DLL
0x00007ff873150000 - 0x00007ff87315c000 	C:\Program Files\Java\jdk-19\bin\vcruntime140_1.dll
0x00007ff83a4a0000 - 0x00007ff83a52e000 	C:\Program Files\Java\jdk-19\bin\msvcp140.dll
0x00007ff8262a0000 - 0x00007ff826f60000 	C:\Program Files\Java\jdk-19\bin\server\jvm.dll
0x00007ff8719a0000 - 0x00007ff8719d4000 	C:\WINDOWS\SYSTEM32\WINMM.dll
0x00007ff873140000 - 0x00007ff873149000 	C:\WINDOWS\SYSTEM32\WSOCK32.dll
0x00007ff87b8f0000 - 0x00007ff87b961000 	C:\WINDOWS\System32\WS2_32.dll
0x00007ff878730000 - 0x00007ff878748000 	C:\WINDOWS\SYSTEM32\kernel.appcore.dll
0x00007ff873130000 - 0x00007ff87313a000 	C:\Program Files\Java\jdk-19\bin\jimage.dll
0x00007ff8768b0000 - 0x00007ff876ae2000 	C:\WINDOWS\SYSTEM32\DBGHELP.DLL
0x00007ff87b180000 - 0x00007ff87b50f000 	C:\WINDOWS\System32\combase.dll
0x00007ff87ad70000 - 0x00007ff87ae47000 	C:\WINDOWS\System32\OLEAUT32.dll
0x00007ff86e620000 - 0x00007ff86e652000 	C:\WINDOWS\SYSTEM32\dbgcore.DLL
0x00007ff879fa0000 - 0x00007ff87a01b000 	C:\WINDOWS\System32\bcryptPrimitives.dll
0x00007ff873370000 - 0x00007ff87337e000 	C:\Program Files\Java\jdk-19\bin\instrument.dll
0x00007ff85f0e0000 - 0x00007ff85f106000 	C:\Program Files\Java\jdk-19\bin\java.dll
0x00007ff83a3c0000 - 0x00007ff83a497000 	C:\Program Files\Java\jdk-19\bin\jsvml.dll
0x00007ff87ba40000 - 0x00007ff87c2b6000 	C:\WINDOWS\System32\SHELL32.dll
0x00007ff877510000 - 0x00007ff877e13000 	C:\WINDOWS\SYSTEM32\windows.storage.dll
0x00007ff8773d0000 - 0x00007ff87750f000 	C:\WINDOWS\SYSTEM32\wintypes.dll
0x00007ff87a440000 - 0x00007ff87a539000 	C:\WINDOWS\System32\SHCORE.dll
0x00007ff87b970000 - 0x00007ff87b9ce000 	C:\WINDOWS\System32\shlwapi.dll
0x00007ff879530000 - 0x00007ff87955b000 	C:\WINDOWS\SYSTEM32\profapi.dll
0x00007ff865f10000 - 0x00007ff865f28000 	C:\Program Files\Java\jdk-19\bin\zip.dll
0x00007ff871dd0000 - 0x00007ff871de3000 	C:\Program Files\Java\jdk-19\bin\net.dll
0x00007ff875050000 - 0x00007ff875186000 	C:\WINDOWS\SYSTEM32\WINHTTP.dll
0x00007ff878bb0000 - 0x00007ff878c19000 	C:\WINDOWS\system32\mswsock.dll
0x00007ff867de0000 - 0x00007ff867df6000 	C:\Program Files\Java\jdk-19\bin\nio.dll
0x00007ff872e80000 - 0x00007ff872e9a000 	C:\Program Files\JetBrains\IntelliJ IDEA 2022.1.2\bin\breakgen64.dll
0x00007ff8545c0000 - 0x00007ff8545c8000 	C:\Program Files\Java\jdk-19\bin\extnet.dll
0x0000000069ac0000 - 0x0000000069ae4000 	C:\Users\99293\AppData\Local\Temp\jansi-2.4.0-5f0682974ca697ba-jansi.dll
0x00007ff85e860000 - 0x00007ff85e870000 	C:\Program Files\Java\jdk-19\bin\verify.dll
0x00007ff878e00000 - 0x00007ff878e1b000 	C:\WINDOWS\SYSTEM32\CRYPTSP.dll
0x00007ff878690000 - 0x00007ff8786c5000 	C:\WINDOWS\system32\rsaenh.dll
0x00007ff878ca0000 - 0x00007ff878cc8000 	C:\WINDOWS\SYSTEM32\USERENV.dll
0x00007ff878e20000 - 0x00007ff878e2c000 	C:\WINDOWS\SYSTEM32\CRYPTBASE.dll
0x00007ff8780f0000 - 0x00007ff87811d000 	C:\WINDOWS\SYSTEM32\IPHLPAPI.DLL
0x00007ff87af00000 - 0x00007ff87af09000 	C:\WINDOWS\System32\NSI.dll
0x00007ff874760000 - 0x00007ff874779000 	C:\WINDOWS\SYSTEM32\dhcpcsvc6.DLL
0x00007ff874630000 - 0x00007ff87464f000 	C:\WINDOWS\SYSTEM32\dhcpcsvc.DLL
0x00007ff878160000 - 0x00007ff878262000 	C:\WINDOWS\SYSTEM32\DNSAPI.dll

dbghelp: loaded successfully - version: 4.0.5 - missing functions: none
symbol engine: initialized successfully - sym options: 0x614 - pdb path: .;C:\Program Files\Java\jdk-19\bin;C:\WINDOWS\SYSTEM32;C:\WINDOWS\WinSxS\amd64_microsoft.windows.common-controls_6595b64144ccf1df_6.0.22621.4391_none_2715d37f73803e96;C:\Program Files\Java\jdk-19\bin\server;C:\Program Files\JetBrains\IntelliJ IDEA 2022.1.2\bin;C:\Users\99293\AppData\Local\Temp

VM Arguments:
jvm_args: -Dmaven.multiModuleProjectDirectory=D:\unitedStates_storage-master\unitedStates_storage -Dmaven.home=C:\Users\99293\.m2\wrapper\dists\apache-maven-3.8.6-bin\1ks0nkde5v1pk9vtc31i9d0lcd\apache-maven-3.8.6 -Dclassworlds.conf=C:\Users\99293\.m2\wrapper\dists\apache-maven-3.8.6-bin\1ks0nkde5v1pk9vtc31i9d0lcd\apache-maven-3.8.6\bin\m2.conf -Dmaven.ext.class.path=C:\Program Files\JetBrains\IntelliJ IDEA 2022.1.2\plugins\maven\lib\maven-event-listener.jar -javaagent:C:\Program Files\JetBrains\IntelliJ IDEA 2022.1.2\lib\idea_rt.jar=52267:C:\Program Files\JetBrains\IntelliJ IDEA 2022.1.2\bin -Dfile.encoding=UTF-8 
java_command: org.codehaus.classworlds.Launcher -Didea.version=2022.1.2 package
java_class_path (initial): C:\Users\99293\.m2\wrapper\dists\apache-maven-3.8.6-bin\1ks0nkde5v1pk9vtc31i9d0lcd\apache-maven-3.8.6\boot\plexus-classworlds-2.6.0.jar;C:\Users\99293\.m2\wrapper\dists\apache-maven-3.8.6-bin\1ks0nkde5v1pk9vtc31i9d0lcd\apache-maven-3.8.6\boot\plexus-classworlds.license
Launcher Type: SUN_STANDARD

[Global flags]
     intx CICompilerCount                          = 12                                        {product} {ergonomic}
     uint ConcGCThreads                            = 3                                         {product} {ergonomic}
     uint G1ConcRefinementThreads                  = 13                                        {product} {ergonomic}
   size_t G1HeapRegionSize                         = 2097152                                   {product} {ergonomic}
    uintx GCDrainStackTargetSize                   = 64                                        {product} {ergonomic}
   size_t InitialHeapSize                          = 264241152                                 {product} {ergonomic}
   size_t MarkStackSize                            = 4194304                                   {product} {ergonomic}
   size_t MaxHeapSize                              = 4196401152                                {product} {ergonomic}
   size_t MaxNewSize                               = 2516582400                                {product} {ergonomic}
   size_t MinHeapDeltaBytes                        = 2097152                                   {product} {ergonomic}
   size_t MinHeapSize                              = 8388608                                   {product} {ergonomic}
    uintx NonNMethodCodeHeapSize                   = 7602480                                {pd product} {ergonomic}
    uintx NonProfiledCodeHeapSize                  = 122027880                              {pd product} {ergonomic}
    uintx ProfiledCodeHeapSize                     = 122027880                              {pd product} {ergonomic}
    uintx ReservedCodeCacheSize                    = 251658240                              {pd product} {ergonomic}
     bool SegmentedCodeCache                       = true                                      {product} {ergonomic}
   size_t SoftMaxHeapSize                          = 4196401152                             {manageable} {ergonomic}
     bool UseCompressedClassPointers               = true                           {product lp64_product} {ergonomic}
     bool UseCompressedOops                        = true                           {product lp64_product} {ergonomic}
     bool UseG1GC                                  = true                                      {product} {ergonomic}
     bool UseLargePagesIndividualAllocation        = false                                  {pd product} {ergonomic}

Logging:
Log output configuration:
 #0: stdout all=warning uptime,level,tags foldmultilines=false
 #1: stderr all=off uptime,level,tags foldmultilines=false

Environment Variables:
JAVA_HOME=C:\Program Files\Java\jdk-19
PATH=C:\Program Files\Common Files\Oracle\Java\javapath;C:\Windows\system32;C:\Windows;C:\Windows\System32\Wbem;C:\Windows\System32\WindowsPowerShell\v1.0\;C:\Windows\System32\OpenSSH\;C:\Program Files (x86)\NVIDIA Corporation\PhysX\Common;C:\Program Files\NVIDIA Corporation\NVIDIA NvDLISR;C:\Program Files (x86)\dotnet\;C:\WINDOWS\system32;C:\WINDOWS;C:\WINDOWS\System32\Wbem;C:\WINDOWS\System32\WindowsPowerShell\v1.0\;C:\WINDOWS\System32\OpenSSH\;C:\Program Files\Java\jdk-19\bin;C:\Program Files\Git\cmd;C:\Users\99293\AppData\Local\Programs\Python\Python311\Scripts\;C:\Users\99293\AppData\Local\Programs\Python\Python311\;C:\Users\99293\AppData\Local\Microsoft\WindowsApps;;C:\Program Files\JetBrains\IntelliJ IDEA 2022.1.2\bin;;C:\Program Files\heroku\bin
USERNAME=ASUS
OS=Windows_NT
PROCESSOR_IDENTIFIER=Intel64 Family 6 Model 154 Stepping 3, GenuineIntel
TMP=C:\Users\99293\AppData\Local\Temp
TEMP=C:\Users\99293\AppData\Local\Temp



---------------  S Y S T E M  ---------------

OS:
 Windows 11 , 64 bit Build 22621 (10.0.22621.4391)
OS uptime: 0 days 18:12 hours
Hyper-V role detected

CPU: total 16 (initial active 16) (8 cores per cpu, 2 threads per core) family 6 model 154 stepping 3 microcode 0x429, cx8, cmov, fxsr, ht, mmx, 3dnowpref, sse, sse2, sse3, ssse3, sse4.1, sse4.2, popcnt, lzcnt, tsc, tscinvbit, avx, avx2, aes, erms, clmul, bmi1, bmi2, adx, sha, fma, vzeroupper, clflush, clflushopt, clwb, hv, serialize, rdtscp, rdpid, fsrm

Memory: 4k page, system-wide physical 16004M (2016M free)
TotalPageFile size 18052M (AvailPageFile size 6M)
current process WorkingSet (physical memory assigned to process): 463M, peak: 472M
current process commit charge ("private bytes"): 514M, peak: 521M

vm_info: Java HotSpot(TM) 64-Bit Server VM (19.0.2+7-44) for windows-amd64 JRE (19.0.2+7-44), built on 2022-11-30T18:02:09Z by "mach5one" with MS VC++ 17.1 (VS2022)

END.
