#
# There is insufficient memory for the Java Runtime Environment to continue.
# Native memory allocation (malloc) failed to allocate 748976 bytes for Chunk::new
# Possible reasons:
#   The system is out of physical RAM or swap space
#   The process is running with CompressedOops enabled, and the Java Heap may be blocking the growth of the native heap
# Possible solutions:
#   Reduce memory load on the system
#   Increase physical memory or swap space
#   Check if swap backing store is full
#   Decrease Java heap size (-Xmx/-Xms)
#   Decrease number of Java threads
#   Decrease Java thread stack sizes (-Xss)
#   Set larger code cache with -XX:ReservedCodeCacheSize=
#   JVM is running with Zero Based Compressed Oops mode in which the Java heap is
#     placed in the first 32GB address space. The Java Heap base address is the
#     maximum limit for the native heap growth. Please use -XX:HeapBaseMinAddress
#     to set the Java Heap base and to place the Java Heap above 32GB virtual address.
# This output file may be truncated or incomplete.
#
#  Out of Memory Error (arena.cpp:184), pid=11280, tid=16956
#
# JRE version: Java(TM) SE Runtime Environment (19.0.2+7) (build 19.0.2+7-44)
# Java VM: Java HotSpot(TM) 64-Bit Server VM (19.0.2+7-44, mixed mode, sharing, tiered, compressed oops, compressed class ptrs, g1 gc, windows-amd64)
# No core dump will be written. Minidumps are not enabled by default on client versions of Windows
#

---------------  S U M M A R Y ------------

Command Line: -Dmaven.multiModuleProjectDirectory=D:\unitedStates original storage\unitedStates duplicates original storage -Dmaven.home=C:\Users\99293\.m2\wrapper\dists\apache-maven-3.8.6-bin\1ks0nkde5v1pk9vtc31i9d0lcd\apache-maven-3.8.6 -Dclassworlds.conf=C:\Users\99293\.m2\wrapper\dists\apache-maven-3.8.6-bin\1ks0nkde5v1pk9vtc31i9d0lcd\apache-maven-3.8.6\bin\m2.conf -Dmaven.ext.class.path=C:\Program Files\JetBrains\IntelliJ IDEA 2022.1.2\plugins\maven\lib\maven-event-listener.jar -javaagent:C:\Program Files\JetBrains\IntelliJ IDEA 2022.1.2\lib\idea_rt.jar=61009:C:\Program Files\JetBrains\IntelliJ IDEA 2022.1.2\bin -Dfile.encoding=UTF-8 org.codehaus.classworlds.Launcher -Didea.version=2022.1.2 package

Host: 12th Gen Intel(R) Core(TM) i7-12650H, 16 cores, 15G,  Windows 11 , 64 bit Build 22621 (10.0.22621.3374)
Time: Sat May 11 18:50:29 2024  Windows 11 , 64 bit Build 22621 (10.0.22621.3374) elapsed time: 1.241080 seconds (0d 0h 0m 1s)

---------------  T H R E A D  ---------------

Current thread (0x0000023feb4211e0):  JavaThread "C2 CompilerThread4" daemon [_thread_in_native, id=16956, stack(0x000000941ea00000,0x000000941eb00000)]


Current CompileTask:
C2:   1241 3297       4       org.codehaus.plexus.configuration.DefaultPlexusConfiguration::add (100 bytes)

Stack: [0x000000941ea00000,0x000000941eb00000]
Native frames: (J=compiled Java code, j=interpreted, Vv=VM code, C=native code)
V  [jvm.dll+0x6ee21a]
V  [jvm.dll+0x85765e]
V  [jvm.dll+0x85904e]
V  [jvm.dll+0x859703]
V  [jvm.dll+0x28298f]
V  [jvm.dll+0xc9adf]
V  [jvm.dll+0xc9e65]
V  [jvm.dll+0x3bca12]
V  [jvm.dll+0x3860e1]
V  [jvm.dll+0x38555a]
V  [jvm.dll+0x24c3d9]
V  [jvm.dll+0x24b781]
V  [jvm.dll+0x1d6ce1]
V  [jvm.dll+0x25b25a]
V  [jvm.dll+0x2596e8]
V  [jvm.dll+0x807588]
V  [jvm.dll+0x80125a]
V  [jvm.dll+0x6ecf0b]
C  [ucrtbase.dll+0x29333]
C  [KERNEL32.DLL+0x1257d]
C  [ntdll.dll+0x5aa48]


---------------  P R O C E S S  ---------------

Threads class SMR info:
_java_thread_list=0x0000023feb01f260, length=23, elements={
0x0000023fc278f9a0, 0x0000023fe5d52b70, 0x0000023fe5d53960, 0x0000023fe5d54750,
0x0000023fe5d582a0, 0x0000023fe5d5bdf0, 0x0000023fe5d5ea90, 0x0000023fea803ca0,
0x0000023fea806620, 0x0000023fea8093a0, 0x0000023fea8c5250, 0x0000023fe5d2a830,
0x0000023fea95d640, 0x0000023fea9d7010, 0x0000023fea9d7550, 0x0000023feac010a0,
0x0000023feae77310, 0x0000023feb420130, 0x0000023feb423340, 0x0000023feb4211e0,
0x0000023feb422820, 0x0000023feb422db0, 0x0000023feb4206c0
}

Java Threads: ( => current thread )
  0x0000023fc278f9a0 JavaThread "main" [_thread_in_Java, id=19224, stack(0x000000941d000000,0x000000941d100000)]
  0x0000023fe5d52b70 JavaThread "Reference Handler" daemon [_thread_blocked, id=5540, stack(0x000000941d700000,0x000000941d800000)]
  0x0000023fe5d53960 JavaThread "Finalizer" daemon [_thread_blocked, id=23264, stack(0x000000941d800000,0x000000941d900000)]
  0x0000023fe5d54750 JavaThread "Signal Dispatcher" daemon [_thread_blocked, id=19880, stack(0x000000941d900000,0x000000941da00000)]
  0x0000023fe5d582a0 JavaThread "Attach Listener" daemon [_thread_blocked, id=21432, stack(0x000000941da00000,0x000000941db00000)]
  0x0000023fe5d5bdf0 JavaThread "Service Thread" daemon [_thread_blocked, id=23088, stack(0x000000941db00000,0x000000941dc00000)]
  0x0000023fe5d5ea90 JavaThread "Monitor Deflation Thread" daemon [_thread_blocked, id=9936, stack(0x000000941dc00000,0x000000941dd00000)]
  0x0000023fea803ca0 JavaThread "C2 CompilerThread0" daemon [_thread_in_native, id=21008, stack(0x000000941dd00000,0x000000941de00000)]
  0x0000023fea806620 JavaThread "C1 CompilerThread0" daemon [_thread_in_native, id=20436, stack(0x000000941de00000,0x000000941df00000)]
  0x0000023fea8093a0 JavaThread "Sweeper thread" daemon [_thread_blocked, id=17280, stack(0x000000941df00000,0x000000941e000000)]
  0x0000023fea8c5250 JavaThread "C1 CompilerThread1" daemon [_thread_in_native, id=18264, stack(0x000000941e000000,0x000000941e100000)]
  0x0000023fe5d2a830 JavaThread "Common-Cleaner" daemon [_thread_blocked, id=19296, stack(0x000000941e100000,0x000000941e200000)]
  0x0000023fea95d640 JavaThread "C1 CompilerThread2" daemon [_thread_in_native, id=23108, stack(0x000000941e200000,0x000000941e300000)]
  0x0000023fea9d7010 JavaThread "Monitor Ctrl-Break" daemon [_thread_in_native, id=6224, stack(0x000000941e300000,0x000000941e400000)]
  0x0000023fea9d7550 JavaThread "Notification Thread" daemon [_thread_blocked, id=23164, stack(0x000000941e400000,0x000000941e500000)]
  0x0000023feac010a0 JavaThread "C2 CompilerThread1" daemon [_thread_in_native, id=9308, stack(0x000000941e600000,0x000000941e700000)]
  0x0000023feae77310 JavaThread "C1 CompilerThread3" daemon [_thread_blocked, id=20824, stack(0x000000941e700000,0x000000941e800000)]
  0x0000023feb420130 JavaThread "C2 CompilerThread2" daemon [_thread_in_native, id=16840, stack(0x000000941e800000,0x000000941e900000)]
  0x0000023feb423340 JavaThread "C2 CompilerThread3" daemon [_thread_in_native, id=9488, stack(0x000000941e900000,0x000000941ea00000)]
=>0x0000023feb4211e0 JavaThread "C2 CompilerThread4" daemon [_thread_in_native, id=16956, stack(0x000000941ea00000,0x000000941eb00000)]
  0x0000023feb422820 JavaThread "C2 CompilerThread5" daemon [_thread_in_native, id=1560, stack(0x000000941eb00000,0x000000941ec00000)]
  0x0000023feb422db0 JavaThread "C2 CompilerThread6" daemon [_thread_in_vm, id=23168, stack(0x000000941ec00000,0x000000941ed00000)]
  0x0000023feb4206c0 JavaThread "C2 CompilerThread7" daemon [_thread_in_native, id=6052, stack(0x000000941ed00000,0x000000941ee00000)]

Other Threads:
  0x0000023fe5d3a730 VMThread "VM Thread" [stack: 0x000000941d600000,0x000000941d700000] [id=12056]
  0x0000023fc2790740 WatcherThread "VM Periodic Task Thread" [stack: 0x000000941e500000,0x000000941e600000] [id=18368]
  0x0000023fc2800cd0 WorkerThread "GC Thread#0" [stack: 0x000000941d100000,0x000000941d200000] [id=23348]
  0x0000023feacbaab0 WorkerThread "GC Thread#1" [stack: 0x000000941ee00000,0x000000941ef00000] [id=13832]
  0x0000023feacb9430 WorkerThread "GC Thread#2" [stack: 0x000000941ef00000,0x000000941f000000] [id=10944]
  0x0000023feacb9f70 WorkerThread "GC Thread#3" [stack: 0x000000941f000000,0x000000941f100000] [id=21636]
  0x0000023feacba240 WorkerThread "GC Thread#4" [stack: 0x000000941f100000,0x000000941f200000] [id=19312]
  0x0000023feacba7e0 WorkerThread "GC Thread#5" [stack: 0x000000941f200000,0x000000941f300000] [id=9836]
  0x0000023feacbad80 WorkerThread "GC Thread#6" [stack: 0x000000941f300000,0x000000941f400000] [id=20672]
  0x0000023feacb99d0 WorkerThread "GC Thread#7" [stack: 0x000000941f400000,0x000000941f500000] [id=19868]
  0x0000023febc6a1c0 WorkerThread "GC Thread#8" [stack: 0x000000941f500000,0x000000941f600000] [id=22600]
  0x0000023febc671f0 WorkerThread "GC Thread#9" [stack: 0x000000941f600000,0x000000941f700000] [id=14704]
  0x0000023febc68000 WorkerThread "GC Thread#10" [stack: 0x000000941f700000,0x000000941f800000] [id=4136]
  0x0000023fc2812650 ConcurrentGCThread "G1 Main Marker" [stack: 0x000000941d200000,0x000000941d300000] [id=15752]
  0x0000023fc2814090 WorkerThread "G1 Conc#0" [stack: 0x000000941d300000,0x000000941d400000] [id=23136]
  0x0000023fe5bf64b0 ConcurrentGCThread "G1 Refine#0" [stack: 0x000000941d400000,0x000000941d500000] [id=11164]
  0x0000023fe5bf6e00 ConcurrentGCThread "G1 Service" [stack: 0x000000941d500000,0x000000941d600000] [id=13256]

Threads with active compile tasks:
C2 CompilerThread0     1252 3294       4       org.codehaus.plexus.util.xml.pull.MXParser::parseAttribute (1641 bytes)
C1 CompilerThread1     1252 3471       3       java.util.regex.Pattern::compile (537 bytes)
C2 CompilerThread1     1253 3441       4       org.codehaus.plexus.interpolation.util.ValueSourceUtils::trimPrefix (88 bytes)
C1 CompilerThread3     1253 3476   !   3       java.util.Formatter::format (287 bytes)
C2 CompilerThread2     1253 3424       4       org.codehaus.plexus.util.xml.Xpp3Dom::<init> (125 bytes)
C2 CompilerThread3     1253 3409       4       java.util.HashMap::putMapEntries (170 bytes)
C2 CompilerThread4     1253 3297       4       org.codehaus.plexus.configuration.DefaultPlexusConfiguration::add (100 bytes)
C2 CompilerThread5     1253 3298       4       org.codehaus.plexus.configuration.DefaultPlexusConfiguration::getChild (47 bytes)
C2 CompilerThread6     1253 3469       4       java.util.regex.Pattern$CharPropertyGreedy::match (160 bytes)
C2 CompilerThread7     1253 3450 %     4       sun.nio.cs.UTF_8$Decoder::decodeArrayLoop @ 103 (688 bytes)

VM state: not at safepoint (normal execution)

VM Mutex/Monitor currently owned by a thread: None

Heap address: 0x0000000705e00000, size: 4002 MB, Compressed Oops mode: Zero based, Oop shift amount: 3

CDS archive(s) mapped at: [0x0000000800000000-0x0000000800c40000-0x0000000800c40000), size 12845056, SharedBaseAddress: 0x0000000800000000, ArchiveRelocationMode: 0.
Compressed class space mapped at: 0x0000000801000000-0x0000000841000000, reserved size: 1073741824
Narrow klass base: 0x0000000800000000, Narrow klass shift: 0, Narrow klass range: 0x100000000

GC Precious Log:
 CardTable entry size: 512
 Card Set container configuration: InlinePtr #cards 4 size 8 Array Of Cards #cards 16 size 48 Howl #buckets 8 coarsen threshold 3686 Howl Bitmap #cards 512 size 80 coarsen threshold 460 Card regions per heap region 1 cards per card region 4096
 CPUs: 16 total, 16 available
 Memory: 16005M
 Large Page Support: Disabled
 NUMA Support: Disabled
 Compressed Oops: Enabled (Zero based)
 Heap Region Size: 2M
 Heap Min Capacity: 8M
 Heap Initial Capacity: 252M
 Heap Max Capacity: 4002M
 Pre-touch: Disabled
 Parallel Workers: 13
 Concurrent Workers: 3
 Concurrent Refinement Workers: 13
 Periodic GC: Disabled

Heap:
 garbage-first heap   total 258048K, used 44578K [0x0000000705e00000, 0x0000000800000000)
  region size 2048K, 22 young (45056K), 2 survivors (4096K)
 Metaspace       used 13743K, committed 14016K, reserved 1114112K
  class space    used 1499K, committed 1600K, reserved 1048576K

Heap Regions: E=young(eden), S=young(survivor), O=old, HS=humongous(starts), HC=humongous(continues), CS=collection set, F=free, OA=open archive, CA=closed archive, TAMS=top-at-mark-start (previous, next)
|   0|0x0000000705e00000, 0x0000000706000000, 0x0000000706000000|100%| O|  |TAMS 0x0000000705e00000, 0x0000000705e00000| Untracked 
|   1|0x0000000706000000, 0x0000000706156200, 0x0000000706200000| 66%| O|  |TAMS 0x0000000706000000, 0x0000000706000000| Untracked 
|   2|0x0000000706200000, 0x0000000706200000, 0x0000000706400000|  0%| F|  |TAMS 0x0000000706200000, 0x0000000706200000| Untracked 
|   3|0x0000000706400000, 0x0000000706400000, 0x0000000706600000|  0%| F|  |TAMS 0x0000000706400000, 0x0000000706400000| Untracked 
|   4|0x0000000706600000, 0x0000000706600000, 0x0000000706800000|  0%| F|  |TAMS 0x0000000706600000, 0x0000000706600000| Untracked 
|   5|0x0000000706800000, 0x0000000706800000, 0x0000000706a00000|  0%| F|  |TAMS 0x0000000706800000, 0x0000000706800000| Untracked 
|   6|0x0000000706a00000, 0x0000000706a00000, 0x0000000706c00000|  0%| F|  |TAMS 0x0000000706a00000, 0x0000000706a00000| Untracked 
|   7|0x0000000706c00000, 0x0000000706c00000, 0x0000000706e00000|  0%| F|  |TAMS 0x0000000706c00000, 0x0000000706c00000| Untracked 
|   8|0x0000000706e00000, 0x0000000706e00000, 0x0000000707000000|  0%| F|  |TAMS 0x0000000706e00000, 0x0000000706e00000| Untracked 
|   9|0x0000000707000000, 0x0000000707000000, 0x0000000707200000|  0%| F|  |TAMS 0x0000000707000000, 0x0000000707000000| Untracked 
|  10|0x0000000707200000, 0x0000000707200000, 0x0000000707400000|  0%| F|  |TAMS 0x0000000707200000, 0x0000000707200000| Untracked 
|  11|0x0000000707400000, 0x0000000707400000, 0x0000000707600000|  0%| F|  |TAMS 0x0000000707400000, 0x0000000707400000| Untracked 
|  12|0x0000000707600000, 0x0000000707600000, 0x0000000707800000|  0%| F|  |TAMS 0x0000000707600000, 0x0000000707600000| Untracked 
|  13|0x0000000707800000, 0x0000000707800000, 0x0000000707a00000|  0%| F|  |TAMS 0x0000000707800000, 0x0000000707800000| Untracked 
|  14|0x0000000707a00000, 0x0000000707a00000, 0x0000000707c00000|  0%| F|  |TAMS 0x0000000707a00000, 0x0000000707a00000| Untracked 
|  15|0x0000000707c00000, 0x0000000707c00000, 0x0000000707e00000|  0%| F|  |TAMS 0x0000000707c00000, 0x0000000707c00000| Untracked 
|  16|0x0000000707e00000, 0x0000000707e00000, 0x0000000708000000|  0%| F|  |TAMS 0x0000000707e00000, 0x0000000707e00000| Untracked 
|  17|0x0000000708000000, 0x0000000708000000, 0x0000000708200000|  0%| F|  |TAMS 0x0000000708000000, 0x0000000708000000| Untracked 
|  18|0x0000000708200000, 0x0000000708200000, 0x0000000708400000|  0%| F|  |TAMS 0x0000000708200000, 0x0000000708200000| Untracked 
|  19|0x0000000708400000, 0x0000000708400000, 0x0000000708600000|  0%| F|  |TAMS 0x0000000708400000, 0x0000000708400000| Untracked 
|  20|0x0000000708600000, 0x0000000708600000, 0x0000000708800000|  0%| F|  |TAMS 0x0000000708600000, 0x0000000708600000| Untracked 
|  21|0x0000000708800000, 0x0000000708800000, 0x0000000708a00000|  0%| F|  |TAMS 0x0000000708800000, 0x0000000708800000| Untracked 
|  22|0x0000000708a00000, 0x0000000708a00000, 0x0000000708c00000|  0%| F|  |TAMS 0x0000000708a00000, 0x0000000708a00000| Untracked 
|  23|0x0000000708c00000, 0x0000000708c00000, 0x0000000708e00000|  0%| F|  |TAMS 0x0000000708c00000, 0x0000000708c00000| Untracked 
|  24|0x0000000708e00000, 0x0000000708e00000, 0x0000000709000000|  0%| F|  |TAMS 0x0000000708e00000, 0x0000000708e00000| Untracked 
|  25|0x0000000709000000, 0x0000000709000000, 0x0000000709200000|  0%| F|  |TAMS 0x0000000709000000, 0x0000000709000000| Untracked 
|  26|0x0000000709200000, 0x0000000709200000, 0x0000000709400000|  0%| F|  |TAMS 0x0000000709200000, 0x0000000709200000| Untracked 
|  27|0x0000000709400000, 0x0000000709400000, 0x0000000709600000|  0%| F|  |TAMS 0x0000000709400000, 0x0000000709400000| Untracked 
|  28|0x0000000709600000, 0x0000000709600000, 0x0000000709800000|  0%| F|  |TAMS 0x0000000709600000, 0x0000000709600000| Untracked 
|  29|0x0000000709800000, 0x0000000709800000, 0x0000000709a00000|  0%| F|  |TAMS 0x0000000709800000, 0x0000000709800000| Untracked 
|  30|0x0000000709a00000, 0x0000000709a00000, 0x0000000709c00000|  0%| F|  |TAMS 0x0000000709a00000, 0x0000000709a00000| Untracked 
|  31|0x0000000709c00000, 0x0000000709c00000, 0x0000000709e00000|  0%| F|  |TAMS 0x0000000709c00000, 0x0000000709c00000| Untracked 
|  32|0x0000000709e00000, 0x0000000709e00000, 0x000000070a000000|  0%| F|  |TAMS 0x0000000709e00000, 0x0000000709e00000| Untracked 
|  33|0x000000070a000000, 0x000000070a000000, 0x000000070a200000|  0%| F|  |TAMS 0x000000070a000000, 0x000000070a000000| Untracked 
|  34|0x000000070a200000, 0x000000070a200000, 0x000000070a400000|  0%| F|  |TAMS 0x000000070a200000, 0x000000070a200000| Untracked 
|  35|0x000000070a400000, 0x000000070a400000, 0x000000070a600000|  0%| F|  |TAMS 0x000000070a400000, 0x000000070a400000| Untracked 
|  36|0x000000070a600000, 0x000000070a600000, 0x000000070a800000|  0%| F|  |TAMS 0x000000070a600000, 0x000000070a600000| Untracked 
|  37|0x000000070a800000, 0x000000070a800000, 0x000000070aa00000|  0%| F|  |TAMS 0x000000070a800000, 0x000000070a800000| Untracked 
|  38|0x000000070aa00000, 0x000000070aa00000, 0x000000070ac00000|  0%| F|  |TAMS 0x000000070aa00000, 0x000000070aa00000| Untracked 
|  39|0x000000070ac00000, 0x000000070ac00000, 0x000000070ae00000|  0%| F|  |TAMS 0x000000070ac00000, 0x000000070ac00000| Untracked 
|  40|0x000000070ae00000, 0x000000070ae00000, 0x000000070b000000|  0%| F|  |TAMS 0x000000070ae00000, 0x000000070ae00000| Untracked 
|  41|0x000000070b000000, 0x000000070b000000, 0x000000070b200000|  0%| F|  |TAMS 0x000000070b000000, 0x000000070b000000| Untracked 
|  42|0x000000070b200000, 0x000000070b200000, 0x000000070b400000|  0%| F|  |TAMS 0x000000070b200000, 0x000000070b200000| Untracked 
|  43|0x000000070b400000, 0x000000070b400000, 0x000000070b600000|  0%| F|  |TAMS 0x000000070b400000, 0x000000070b400000| Untracked 
|  44|0x000000070b600000, 0x000000070b600000, 0x000000070b800000|  0%| F|  |TAMS 0x000000070b600000, 0x000000070b600000| Untracked 
|  45|0x000000070b800000, 0x000000070b800000, 0x000000070ba00000|  0%| F|  |TAMS 0x000000070b800000, 0x000000070b800000| Untracked 
|  46|0x000000070ba00000, 0x000000070ba00000, 0x000000070bc00000|  0%| F|  |TAMS 0x000000070ba00000, 0x000000070ba00000| Untracked 
|  47|0x000000070bc00000, 0x000000070bc00000, 0x000000070be00000|  0%| F|  |TAMS 0x000000070bc00000, 0x000000070bc00000| Untracked 
|  48|0x000000070be00000, 0x000000070be00000, 0x000000070c000000|  0%| F|  |TAMS 0x000000070be00000, 0x000000070be00000| Untracked 
|  49|0x000000070c000000, 0x000000070c000000, 0x000000070c200000|  0%| F|  |TAMS 0x000000070c000000, 0x000000070c000000| Untracked 
|  50|0x000000070c200000, 0x000000070c200000, 0x000000070c400000|  0%| F|  |TAMS 0x000000070c200000, 0x000000070c200000| Untracked 
|  51|0x000000070c400000, 0x000000070c400000, 0x000000070c600000|  0%| F|  |TAMS 0x000000070c400000, 0x000000070c400000| Untracked 
|  52|0x000000070c600000, 0x000000070c600000, 0x000000070c800000|  0%| F|  |TAMS 0x000000070c600000, 0x000000070c600000| Untracked 
|  53|0x000000070c800000, 0x000000070c800000, 0x000000070ca00000|  0%| F|  |TAMS 0x000000070c800000, 0x000000070c800000| Untracked 
|  54|0x000000070ca00000, 0x000000070ca00000, 0x000000070cc00000|  0%| F|  |TAMS 0x000000070ca00000, 0x000000070ca00000| Untracked 
|  55|0x000000070cc00000, 0x000000070cc00000, 0x000000070ce00000|  0%| F|  |TAMS 0x000000070cc00000, 0x000000070cc00000| Untracked 
|  56|0x000000070ce00000, 0x000000070ce00000, 0x000000070d000000|  0%| F|  |TAMS 0x000000070ce00000, 0x000000070ce00000| Untracked 
|  57|0x000000070d000000, 0x000000070d000000, 0x000000070d200000|  0%| F|  |TAMS 0x000000070d000000, 0x000000070d000000| Untracked 
|  58|0x000000070d200000, 0x000000070d200000, 0x000000070d400000|  0%| F|  |TAMS 0x000000070d200000, 0x000000070d200000| Untracked 
|  59|0x000000070d400000, 0x000000070d400000, 0x000000070d600000|  0%| F|  |TAMS 0x000000070d400000, 0x000000070d400000| Untracked 
|  60|0x000000070d600000, 0x000000070d600000, 0x000000070d800000|  0%| F|  |TAMS 0x000000070d600000, 0x000000070d600000| Untracked 
|  61|0x000000070d800000, 0x000000070d800000, 0x000000070da00000|  0%| F|  |TAMS 0x000000070d800000, 0x000000070d800000| Untracked 
|  62|0x000000070da00000, 0x000000070da00000, 0x000000070dc00000|  0%| F|  |TAMS 0x000000070da00000, 0x000000070da00000| Untracked 
|  63|0x000000070dc00000, 0x000000070dc00000, 0x000000070de00000|  0%| F|  |TAMS 0x000000070dc00000, 0x000000070dc00000| Untracked 
|  64|0x000000070de00000, 0x000000070de00000, 0x000000070e000000|  0%| F|  |TAMS 0x000000070de00000, 0x000000070de00000| Untracked 
|  65|0x000000070e000000, 0x000000070e000000, 0x000000070e200000|  0%| F|  |TAMS 0x000000070e000000, 0x000000070e000000| Untracked 
|  66|0x000000070e200000, 0x000000070e200000, 0x000000070e400000|  0%| F|  |TAMS 0x000000070e200000, 0x000000070e200000| Untracked 
|  67|0x000000070e400000, 0x000000070e400000, 0x000000070e600000|  0%| F|  |TAMS 0x000000070e400000, 0x000000070e400000| Untracked 
|  68|0x000000070e600000, 0x000000070e600000, 0x000000070e800000|  0%| F|  |TAMS 0x000000070e600000, 0x000000070e600000| Untracked 
|  69|0x000000070e800000, 0x000000070e800000, 0x000000070ea00000|  0%| F|  |TAMS 0x000000070e800000, 0x000000070e800000| Untracked 
|  70|0x000000070ea00000, 0x000000070ea00000, 0x000000070ec00000|  0%| F|  |TAMS 0x000000070ea00000, 0x000000070ea00000| Untracked 
|  71|0x000000070ec00000, 0x000000070ec00000, 0x000000070ee00000|  0%| F|  |TAMS 0x000000070ec00000, 0x000000070ec00000| Untracked 
|  72|0x000000070ee00000, 0x000000070ee00000, 0x000000070f000000|  0%| F|  |TAMS 0x000000070ee00000, 0x000000070ee00000| Untracked 
|  73|0x000000070f000000, 0x000000070f000000, 0x000000070f200000|  0%| F|  |TAMS 0x000000070f000000, 0x000000070f000000| Untracked 
|  74|0x000000070f200000, 0x000000070f200000, 0x000000070f400000|  0%| F|  |TAMS 0x000000070f200000, 0x000000070f200000| Untracked 
|  75|0x000000070f400000, 0x000000070f400000, 0x000000070f600000|  0%| F|  |TAMS 0x000000070f400000, 0x000000070f400000| Untracked 
|  76|0x000000070f600000, 0x000000070f600000, 0x000000070f800000|  0%| F|  |TAMS 0x000000070f600000, 0x000000070f600000| Untracked 
|  77|0x000000070f800000, 0x000000070f800000, 0x000000070fa00000|  0%| F|  |TAMS 0x000000070f800000, 0x000000070f800000| Untracked 
|  78|0x000000070fa00000, 0x000000070fa00000, 0x000000070fc00000|  0%| F|  |TAMS 0x000000070fa00000, 0x000000070fa00000| Untracked 
|  79|0x000000070fc00000, 0x000000070fc00000, 0x000000070fe00000|  0%| F|  |TAMS 0x000000070fc00000, 0x000000070fc00000| Untracked 
|  80|0x000000070fe00000, 0x000000070fe00000, 0x0000000710000000|  0%| F|  |TAMS 0x000000070fe00000, 0x000000070fe00000| Untracked 
|  81|0x0000000710000000, 0x0000000710000000, 0x0000000710200000|  0%| F|  |TAMS 0x0000000710000000, 0x0000000710000000| Untracked 
|  82|0x0000000710200000, 0x0000000710200000, 0x0000000710400000|  0%| F|  |TAMS 0x0000000710200000, 0x0000000710200000| Untracked 
|  83|0x0000000710400000, 0x0000000710400000, 0x0000000710600000|  0%| F|  |TAMS 0x0000000710400000, 0x0000000710400000| Untracked 
|  84|0x0000000710600000, 0x0000000710600000, 0x0000000710800000|  0%| F|  |TAMS 0x0000000710600000, 0x0000000710600000| Untracked 
|  85|0x0000000710800000, 0x0000000710800000, 0x0000000710a00000|  0%| F|  |TAMS 0x0000000710800000, 0x0000000710800000| Untracked 
|  86|0x0000000710a00000, 0x0000000710a00000, 0x0000000710c00000|  0%| F|  |TAMS 0x0000000710a00000, 0x0000000710a00000| Untracked 
|  87|0x0000000710c00000, 0x0000000710c00000, 0x0000000710e00000|  0%| F|  |TAMS 0x0000000710c00000, 0x0000000710c00000| Untracked 
|  88|0x0000000710e00000, 0x0000000710e00000, 0x0000000711000000|  0%| F|  |TAMS 0x0000000710e00000, 0x0000000710e00000| Untracked 
|  89|0x0000000711000000, 0x0000000711000000, 0x0000000711200000|  0%| F|  |TAMS 0x0000000711000000, 0x0000000711000000| Untracked 
|  90|0x0000000711200000, 0x0000000711200000, 0x0000000711400000|  0%| F|  |TAMS 0x0000000711200000, 0x0000000711200000| Untracked 
|  91|0x0000000711400000, 0x0000000711400000, 0x0000000711600000|  0%| F|  |TAMS 0x0000000711400000, 0x0000000711400000| Untracked 
|  92|0x0000000711600000, 0x0000000711600000, 0x0000000711800000|  0%| F|  |TAMS 0x0000000711600000, 0x0000000711600000| Untracked 
|  93|0x0000000711800000, 0x0000000711800000, 0x0000000711a00000|  0%| F|  |TAMS 0x0000000711800000, 0x0000000711800000| Untracked 
|  94|0x0000000711a00000, 0x0000000711a00000, 0x0000000711c00000|  0%| F|  |TAMS 0x0000000711a00000, 0x0000000711a00000| Untracked 
|  95|0x0000000711c00000, 0x0000000711c00000, 0x0000000711e00000|  0%| F|  |TAMS 0x0000000711c00000, 0x0000000711c00000| Untracked 
|  96|0x0000000711e00000, 0x0000000711e00000, 0x0000000712000000|  0%| F|  |TAMS 0x0000000711e00000, 0x0000000711e00000| Untracked 
|  97|0x0000000712000000, 0x0000000712000000, 0x0000000712200000|  0%| F|  |TAMS 0x0000000712000000, 0x0000000712000000| Untracked 
|  98|0x0000000712200000, 0x0000000712200000, 0x0000000712400000|  0%| F|  |TAMS 0x0000000712200000, 0x0000000712200000| Untracked 
|  99|0x0000000712400000, 0x0000000712400000, 0x0000000712600000|  0%| F|  |TAMS 0x0000000712400000, 0x0000000712400000| Untracked 
| 100|0x0000000712600000, 0x0000000712600000, 0x0000000712800000|  0%| F|  |TAMS 0x0000000712600000, 0x0000000712600000| Untracked 
| 101|0x0000000712800000, 0x0000000712800000, 0x0000000712a00000|  0%| F|  |TAMS 0x0000000712800000, 0x0000000712800000| Untracked 
| 102|0x0000000712a00000, 0x0000000712a00000, 0x0000000712c00000|  0%| F|  |TAMS 0x0000000712a00000, 0x0000000712a00000| Untracked 
| 103|0x0000000712c00000, 0x0000000712c00000, 0x0000000712e00000|  0%| F|  |TAMS 0x0000000712c00000, 0x0000000712c00000| Untracked 
| 104|0x0000000712e00000, 0x0000000712feb980, 0x0000000713000000| 96%| E|  |TAMS 0x0000000712e00000, 0x0000000712e00000| Complete 
| 105|0x0000000713000000, 0x00000007130326b0, 0x0000000713200000|  9%| S|CS|TAMS 0x0000000713000000, 0x0000000713000000| Complete 
| 106|0x0000000713200000, 0x0000000713400000, 0x0000000713400000|100%| S|CS|TAMS 0x0000000713200000, 0x0000000713200000| Complete 
| 107|0x0000000713400000, 0x0000000713600000, 0x0000000713600000|100%| E|CS|TAMS 0x0000000713400000, 0x0000000713400000| Complete 
| 108|0x0000000713600000, 0x0000000713800000, 0x0000000713800000|100%| E|CS|TAMS 0x0000000713600000, 0x0000000713600000| Complete 
| 109|0x0000000713800000, 0x0000000713a00000, 0x0000000713a00000|100%| E|CS|TAMS 0x0000000713800000, 0x0000000713800000| Complete 
| 110|0x0000000713a00000, 0x0000000713c00000, 0x0000000713c00000|100%| E|CS|TAMS 0x0000000713a00000, 0x0000000713a00000| Complete 
| 111|0x0000000713c00000, 0x0000000713e00000, 0x0000000713e00000|100%| E|CS|TAMS 0x0000000713c00000, 0x0000000713c00000| Complete 
| 112|0x0000000713e00000, 0x0000000714000000, 0x0000000714000000|100%| E|CS|TAMS 0x0000000713e00000, 0x0000000713e00000| Complete 
| 113|0x0000000714000000, 0x0000000714200000, 0x0000000714200000|100%| E|CS|TAMS 0x0000000714000000, 0x0000000714000000| Complete 
| 114|0x0000000714200000, 0x0000000714400000, 0x0000000714400000|100%| E|CS|TAMS 0x0000000714200000, 0x0000000714200000| Complete 
| 115|0x0000000714400000, 0x0000000714600000, 0x0000000714600000|100%| E|CS|TAMS 0x0000000714400000, 0x0000000714400000| Complete 
| 116|0x0000000714600000, 0x0000000714800000, 0x0000000714800000|100%| E|CS|TAMS 0x0000000714600000, 0x0000000714600000| Complete 
| 117|0x0000000714800000, 0x0000000714a00000, 0x0000000714a00000|100%| E|CS|TAMS 0x0000000714800000, 0x0000000714800000| Complete 
| 118|0x0000000714a00000, 0x0000000714c00000, 0x0000000714c00000|100%| E|CS|TAMS 0x0000000714a00000, 0x0000000714a00000| Complete 
| 119|0x0000000714c00000, 0x0000000714e00000, 0x0000000714e00000|100%| E|CS|TAMS 0x0000000714c00000, 0x0000000714c00000| Complete 
| 120|0x0000000714e00000, 0x0000000715000000, 0x0000000715000000|100%| E|CS|TAMS 0x0000000714e00000, 0x0000000714e00000| Complete 
| 121|0x0000000715000000, 0x0000000715200000, 0x0000000715200000|100%| E|CS|TAMS 0x0000000715000000, 0x0000000715000000| Complete 
| 122|0x0000000715200000, 0x0000000715400000, 0x0000000715400000|100%| E|CS|TAMS 0x0000000715200000, 0x0000000715200000| Complete 
| 123|0x0000000715400000, 0x0000000715600000, 0x0000000715600000|100%| E|CS|TAMS 0x0000000715400000, 0x0000000715400000| Complete 
| 124|0x0000000715600000, 0x0000000715800000, 0x0000000715800000|100%| E|CS|TAMS 0x0000000715600000, 0x0000000715600000| Complete 
| 125|0x0000000715800000, 0x0000000715a00000, 0x0000000715a00000|100%| E|CS|TAMS 0x0000000715800000, 0x0000000715800000| Complete 

Card table byte_map: [0x0000023fda750000,0x0000023fdaf30000] _byte_map_base: 0x0000023fd6f21000

Marking Bits (Prev, Next): (CMBitMap*) 0x0000023fc2801300, (CMBitMap*) 0x0000023fc2801340
 Prev Bits: [0x0000023fdb710000, 0x0000023fdf598000)
 Next Bits: [0x0000023fdf5a0000, 0x0000023fe3428000)

Polling page: 0x0000023fc1f50000

Metaspace:

Usage:
  Non-class:     11.96 MB used.
      Class:      1.46 MB used.
       Both:     13.42 MB used.

Virtual space:
  Non-class space:       64.00 MB reserved,      12.12 MB ( 19%) committed,  1 nodes.
      Class space:        1.00 GB reserved,       1.56 MB ( <1%) committed,  1 nodes.
             Both:        1.06 GB reserved,      13.69 MB (  1%) committed. 

Chunk freelists:
   Non-Class:  3.36 MB
       Class:  2.45 MB
        Both:  5.81 MB

MaxMetaspaceSize: unlimited
CompressedClassSpaceSize: 1.00 GB
Initial GC threshold: 21.00 MB
Current GC threshold: 21.00 MB
CDS: on
MetaspaceReclaimPolicy: balanced
 - commit_granule_bytes: 65536.
 - commit_granule_words: 8192.
 - virtual_space_node_default_size: 8388608.
 - enlarge_chunks_in_place: 1.
 - new_chunks_are_fully_committed: 0.
 - uncommit_free_chunks: 1.
 - use_allocation_guard: 0.


Internal statistics:

num_allocs_failed_limit: 0.
num_arena_births: 254.
num_arena_deaths: 0.
num_vsnodes_births: 2.
num_vsnodes_deaths: 0.
num_space_committed: 219.
num_space_uncommitted: 0.
num_chunks_returned_to_freelist: 0.
num_chunks_taken_from_freelist: 685.
num_chunk_merges: 0.
num_chunk_splits: 501.
num_chunks_enlarged: 383.
num_inconsistent_stats: 0.

CodeHeap 'non-profiled nmethods': size=119168Kb used=1413Kb max_used=1413Kb free=117754Kb
 bounds [0x0000023fd2290000, 0x0000023fd2500000, 0x0000023fd96f0000]
CodeHeap 'profiled nmethods': size=119104Kb used=6897Kb max_used=6897Kb free=112206Kb
 bounds [0x0000023fca6f0000, 0x0000023fcadb0000, 0x0000023fd1b40000]
CodeHeap 'non-nmethods': size=7488Kb used=2966Kb max_used=2997Kb free=4521Kb
 bounds [0x0000023fd1b40000, 0x0000023fd1e30000, 0x0000023fd2290000]
 total_blobs=3951 nmethods=3463 adapters=395
 compilation: enabled
              stopped_count=0, restarted_count=0
 full_count=0

Compilation events (20 events):
Event: 1.237 Thread 0x0000023fea8c5250 3443       1       org.apache.maven.model.Build::setScriptSourceDirectory (6 bytes)
Event: 1.237 Thread 0x0000023fea95d640 nmethod 3447 0x0000023fd23ed010 code [0x0000023fd23ed1a0, 0x0000023fd23ed278]
Event: 1.237 Thread 0x0000023feae77310 nmethod 3440 0x0000023fd23ed310 code [0x0000023fd23ed4a0, 0x0000023fd23ed5b8]
Event: 1.237 Thread 0x0000023fea806620 nmethod 3442 0x0000023fd23ed610 code [0x0000023fd23ed7a0, 0x0000023fd23ed8b8]
Event: 1.237 Thread 0x0000023fea95d640 3444       1       org.apache.maven.model.Build::setTestSourceDirectory (6 bytes)
Event: 1.237 Thread 0x0000023feae77310 3445       1       org.apache.maven.model.Build::setOutputDirectory (6 bytes)
Event: 1.237 Thread 0x0000023fea8c5250 nmethod 3443 0x0000023fd23ed910 code [0x0000023fd23edaa0, 0x0000023fd23edbb8]
Event: 1.237 Thread 0x0000023fea806620 3446       1       org.apache.maven.model.Build::setTestOutputDirectory (6 bytes)
Event: 1.237 Thread 0x0000023feae77310 nmethod 3445 0x0000023fd23edc10 code [0x0000023fd23edda0, 0x0000023fd23edeb8]
Event: 1.237 Thread 0x0000023fea95d640 nmethod 3444 0x0000023fd23edf10 code [0x0000023fd23ee0a0, 0x0000023fd23ee1b8]
Event: 1.237 Thread 0x0000023fea806620 nmethod 3446 0x0000023fd23ee210 code [0x0000023fd23ee3a0, 0x0000023fd23ee4b8]
Event: 1.238 Thread 0x0000023fea806620 3448   !   3       java.io.StringReader::read (105 bytes)
Event: 1.238 Thread 0x0000023feae77310 3449       3       java.io.StringReader::ensureOpen (18 bytes)
Event: 1.238 Thread 0x0000023feae77310 nmethod 3449 0x0000023fcad89810 code [0x0000023fcad899c0, 0x0000023fcad89bc8]
Event: 1.239 Thread 0x0000023feae77310 3451       3       org.apache.maven.model.io.xpp3.MavenXpp3Reader::parseDependency (468 bytes)
Event: 1.239 Thread 0x0000023fea806620 nmethod 3448 0x0000023fcad89c90 code [0x0000023fcad89ec0, 0x0000023fcad8a688]
Event: 1.239 Thread 0x0000023fea8c5250 3452   !   3       org.apache.maven.model.Profile::clone (87 bytes)
Event: 1.240 Thread 0x0000023fea806620 3453       1       org.apache.maven.model.building.ModelData::setRawModel (6 bytes)
Event: 1.240 Thread 0x0000023fea95d640 3454       3       java.util.concurrent.ConcurrentHashMap::size (31 bytes)
Event: 1.240 Thread 0x0000023fea806620 nmethod 3453 0x0000023fd23ee510 code [0x0000023fd23ee6a0, 0x0000023fd23ee7b8]

GC Heap History (4 events):
Event: 0.361 GC heap before
{Heap before GC invocations=0 (full 0):
 garbage-first heap   total 258048K, used 22528K [0x0000000705e00000, 0x0000000800000000)
  region size 2048K, 11 young (22528K), 0 survivors (0K)
 Metaspace       used 5290K, committed 5440K, reserved 1114112K
  class space    used 576K, committed 640K, reserved 1048576K
}
Event: 0.365 GC heap after
{Heap after GC invocations=1 (full 0):
 garbage-first heap   total 258048K, used 3781K [0x0000000705e00000, 0x0000000800000000)
  region size 2048K, 2 young (4096K), 2 survivors (4096K)
 Metaspace       used 5290K, committed 5440K, reserved 1114112K
  class space    used 576K, committed 640K, reserved 1048576K
}
Event: 0.812 GC heap before
{Heap before GC invocations=1 (full 0):
 garbage-first heap   total 258048K, used 38597K [0x0000000705e00000, 0x0000000800000000)
  region size 2048K, 19 young (38912K), 2 survivors (4096K)
 Metaspace       used 10523K, committed 10752K, reserved 1114112K
  class space    used 1227K, committed 1344K, reserved 1048576K
}
Event: 0.815 GC heap after
{Heap after GC invocations=2 (full 0):
 garbage-first heap   total 258048K, used 5666K [0x0000000705e00000, 0x0000000800000000)
  region size 2048K, 2 young (4096K), 2 survivors (4096K)
 Metaspace       used 10523K, committed 10752K, reserved 1114112K
  class space    used 1227K, committed 1344K, reserved 1048576K
}

Dll operation events (12 events):
Event: 0.005 Loaded shared library C:\Program Files\Java\jdk-19\bin\java.dll
Event: 0.010 Loaded shared library C:\Program Files\Java\jdk-19\bin\jsvml.dll
Event: 0.039 Loaded shared library C:\Program Files\Java\jdk-19\bin\zip.dll
Event: 0.041 Loaded shared library C:\Program Files\Java\jdk-19\bin\instrument.dll
Event: 0.044 Loaded shared library C:\Program Files\Java\jdk-19\bin\net.dll
Event: 0.045 Loaded shared library C:\Program Files\Java\jdk-19\bin\nio.dll
Event: 0.047 Loaded shared library C:\Program Files\Java\jdk-19\bin\zip.dll
Event: 0.057 Loaded shared library C:\Program Files\JetBrains\IntelliJ IDEA 2022.1.2\bin\breakgen64.dll
Event: 0.062 Loaded shared library C:\Program Files\Java\jdk-19\bin\extnet.dll
Event: 0.107 Loaded shared library C:\Program Files\Java\jdk-19\bin\jimage.dll
Event: 0.143 Loaded shared library C:\Users\99293\AppData\Local\Temp\jansi-2.4.0-3474a2735090a694-jansi.dll
Event: 0.149 Loaded shared library C:\Program Files\Java\jdk-19\bin\verify.dll

Deoptimization events (20 events):
Event: 1.059 Thread 0x0000023fc278f9a0 DEOPT PACKING pc=0x0000023fd22e90a0 sp=0x000000941d0fdcc0
Event: 1.059 Thread 0x0000023fc278f9a0 DEOPT UNPACKING pc=0x0000023fd1ba6da3 sp=0x000000941d0fdc48 mode 2
Event: 1.062 Thread 0x0000023fc278f9a0 Uncommon trap: trap_request=0xffffff45 fr.pc=0x0000023fd23a3b18 relative=0x0000000000000d58
Event: 1.062 Thread 0x0000023fc278f9a0 Uncommon trap: reason=unstable_if action=reinterpret pc=0x0000023fd23a3b18 method=org.codehaus.plexus.util.xml.pull.MXParser.nextImpl()I @ 972 c2
Event: 1.062 Thread 0x0000023fc278f9a0 DEOPT PACKING pc=0x0000023fd23a3b18 sp=0x000000941d0fe290
Event: 1.062 Thread 0x0000023fc278f9a0 DEOPT UNPACKING pc=0x0000023fd1ba6da3 sp=0x000000941d0fe210 mode 2
Event: 1.086 Thread 0x0000023fc278f9a0 Uncommon trap: trap_request=0xffffff45 fr.pc=0x0000023fd239e1ac relative=0x000000000000008c
Event: 1.086 Thread 0x0000023fc278f9a0 Uncommon trap: reason=unstable_if action=reinterpret pc=0x0000023fd239e1ac method=org.apache.maven.model.validation.DefaultModelValidator.isValidIdCharacter(C)Z @ 51 c2
Event: 1.086 Thread 0x0000023fc278f9a0 DEOPT PACKING pc=0x0000023fd239e1ac sp=0x000000941d0fe3f0
Event: 1.086 Thread 0x0000023fc278f9a0 DEOPT UNPACKING pc=0x0000023fd1ba6da3 sp=0x000000941d0fe378 mode 2
Event: 1.090 Thread 0x0000023fc278f9a0 DEOPT PACKING pc=0x0000023fcac0749e sp=0x000000941d0fe0b0
Event: 1.090 Thread 0x0000023fc278f9a0 DEOPT UNPACKING pc=0x0000023fd1ba7543 sp=0x000000941d0fd5d8 mode 0
Event: 1.096 Thread 0x0000023fc278f9a0 DEOPT PACKING pc=0x0000023fcac0749e sp=0x000000941d0fdd10
Event: 1.096 Thread 0x0000023fc278f9a0 DEOPT UNPACKING pc=0x0000023fd1ba7543 sp=0x000000941d0fd238 mode 0
Event: 1.133 Thread 0x0000023fc278f9a0 DEOPT PACKING pc=0x0000023fcac632fe sp=0x000000941d0fdac0
Event: 1.133 Thread 0x0000023fc278f9a0 DEOPT UNPACKING pc=0x0000023fd1ba7543 sp=0x000000941d0fcfe0 mode 0
Event: 1.169 Thread 0x0000023fc278f9a0 Uncommon trap: trap_request=0xffffffcc fr.pc=0x0000023fd23d540c relative=0x00000000000001ec
Event: 1.169 Thread 0x0000023fc278f9a0 Uncommon trap: reason=intrinsic_or_type_checked_inlining action=make_not_entrant pc=0x0000023fd23d540c method=java.util.Arrays.copyOf([Ljava/lang/Object;ILjava/lang/Class;)[Ljava/lang/Object; @ 35 c2
Event: 1.169 Thread 0x0000023fc278f9a0 DEOPT PACKING pc=0x0000023fd23d540c sp=0x000000941d0fe2b0
Event: 1.169 Thread 0x0000023fc278f9a0 DEOPT UNPACKING pc=0x0000023fd1ba6da3 sp=0x000000941d0fe240 mode 2

Classes loaded (20 events):
Event: 0.980 Loading class java/lang/Short$ShortCache
Event: 0.980 Loading class java/lang/Short$ShortCache done
Event: 0.980 Loading class java/lang/Byte$ByteCache
Event: 0.980 Loading class java/lang/Byte$ByteCache done
Event: 0.983 Loading class sun/invoke/util/ValueConversions$1
Event: 0.983 Loading class sun/invoke/util/ValueConversions$1 done
Event: 0.984 Loading class java/lang/invoke/BoundMethodHandle$Species_LI
Event: 0.984 Loading class java/lang/invoke/BoundMethodHandle$Species_LI done
Event: 1.107 Loading class java/util/LinkedList$ListItr
Event: 1.107 Loading class java/util/LinkedList$ListItr done
Event: 1.110 Loading class java/util/concurrent/locks/ReentrantReadWriteLock$NonfairSync
Event: 1.110 Loading class java/util/concurrent/locks/ReentrantReadWriteLock$Sync
Event: 1.110 Loading class java/util/concurrent/locks/ReentrantReadWriteLock$Sync done
Event: 1.110 Loading class java/util/concurrent/locks/ReentrantReadWriteLock$NonfairSync done
Event: 1.111 Loading class java/util/concurrent/locks/ReentrantReadWriteLock$Sync$ThreadLocalHoldCounter
Event: 1.111 Loading class java/util/concurrent/locks/ReentrantReadWriteLock$Sync$ThreadLocalHoldCounter done
Event: 1.111 Loading class java/util/concurrent/locks/ReentrantReadWriteLock$ReadLock
Event: 1.111 Loading class java/util/concurrent/locks/ReentrantReadWriteLock$ReadLock done
Event: 1.111 Loading class java/util/concurrent/locks/ReentrantReadWriteLock$WriteLock
Event: 1.111 Loading class java/util/concurrent/locks/ReentrantReadWriteLock$WriteLock done

Classes unloaded (0 events):
No events

Classes redefined (0 events):
No events

Internal exceptions (20 events):
Event: 0.790 Thread 0x0000023fc278f9a0 Exception <a 'java/lang/NoSuchMethodError'{0x00000007134e5340}: 'void java.lang.invoke.Invokers$Holder.invokeExact_MT(java.lang.Object, java.lang.Object, java.lang.Object, java.lang.Object)'> (0x00000007134e5340) 
thrown [s\open\src\hotspot\share\interpreter\linkResolver.cpp, line 774]
Event: 0.801 Thread 0x0000023fc278f9a0 Exception <a 'java/lang/NoClassDefFoundError'{0x0000000713567cb8}: com/google/inject/servlet/ServletModuleTargetVisitor> (0x0000000713567cb8) 
thrown [s\open\src\hotspot\share\classfile\systemDictionary.cpp, line 244]
Event: 0.824 Thread 0x0000023fc278f9a0 Exception <a 'java/lang/NoSuchMethodError'{0x0000000715884230}: 'java.lang.Object java.lang.invoke.DirectMethodHandle$Holder.invokeStatic(java.lang.Object, java.lang.Object, int)'> (0x0000000715884230) 
thrown [s\open\src\hotspot\share\interpreter\linkResolver.cpp, line 774]
Event: 0.824 Thread 0x0000023fc278f9a0 Exception <a 'java/lang/NoSuchMethodError'{0x00000007158894b8}: 'void java.lang.invoke.DirectMethodHandle$Holder.invokeStatic(java.lang.Object, java.lang.Object, int, java.lang.Object)'> (0x00000007158894b8) 
thrown [s\open\src\hotspot\share\interpreter\linkResolver.cpp, line 774]
Event: 0.825 Thread 0x0000023fc278f9a0 Exception <a 'java/lang/NoSuchMethodError'{0x0000000715891480}: 'void java.lang.invoke.DelegatingMethodHandle$Holder.delegate(java.lang.Object, java.lang.Object, int, java.lang.Object)'> (0x0000000715891480) 
thrown [s\open\src\hotspot\share\interpreter\linkResolver.cpp, line 774]
Event: 0.825 Thread 0x0000023fc278f9a0 Exception <a 'java/lang/NoSuchMethodError'{0x0000000715895d60}: 'int java.lang.invoke.DirectMethodHandle$Holder.invokeSpecial(java.lang.Object, java.lang.Object, java.lang.Object)'> (0x0000000715895d60) 
thrown [s\open\src\hotspot\share\interpreter\linkResolver.cpp, line 774]
Event: 0.840 Thread 0x0000023fc278f9a0 Exception <a 'java/lang/NoSuchMethodError'{0x000000071568c608}: 'java.lang.Object java.lang.invoke.DirectMethodHandle$Holder.newInvokeSpecial(java.lang.Object, java.lang.Object, java.lang.Object, java.lang.Object, java.lang.Object, java.lang.Object, java.lang.Object)'> (0x000000071568c608) 
thrown [s\open\src\hotspot\share\interpreter\linkResolver.cpp, line 774]
Event: 0.845 Thread 0x0000023fc278f9a0 Exception <a 'java/lang/NoSuchMethodError'{0x00000007156c9da0}: 'java.lang.Object java.lang.invoke.DirectMethodHandle$Holder.newInvokeSpecial(java.lang.Object, java.lang.Object, java.lang.Object, java.lang.Object, java.lang.Object, java.lang.Object, java.lang.Object, java.lang.Object, java.lang.Object)'> (0x00000007156c9da0) 
thrown [s\open\src\hotspot\share\interpreter\linkResolver.cpp, line 774]
Event: 0.857 Thread 0x0000023fc278f9a0 Exception <a 'java/lang/NoSuchMethodError'{0x00000007157b67d8}: 'java.lang.Object java.lang.invoke.DirectMethodHandle$Holder.newInvokeSpecial(java.lang.Object, java.lang.Object, java.lang.Object, java.lang.Object, java.lang.Object, java.lang.Object, java.lang.Object, java.lang.Object, java.lang.Object, java.lang.Object, java.lang.Object, java.lang.Object)'> (0x00000007157b67d8) 
thrown [s\open\src\hotspot\share\interpreter\linkResolver.cpp, line 774]
Event: 0.860 Thread 0x0000023fc278f9a0 Exception <a 'java/lang/NoSuchMethodError'{0x00000007157fe490}: 'java.lang.Object java.lang.invoke.DirectMethodHandle$Holder.invokeStatic(java.lang.Object, java.lang.Object, java.lang.Object, java.lang.Object, java.lang.Object, java.lang.Object, java.lang.Object, java.lang.Object, java.lang.Object, java.lang.Object, java.lang.Object, java.lang.Object, java.lang.Object)'> (0x00000007157fe490) 
thrown [s\open\src\hotspot\share\interpreter\linkResolver.cpp, line 774]
Event: 0.861 Thread 0x0000023fc278f9a0 Exception <a 'java/lang/NoSuchMethodError'{0x000000071541e710}: 'java.lang.Object java.lang.invoke.DirectMethodHandle$Holder.invokeStatic(java.lang.Object, java.lang.Object, java.lang.Object, java.lang.Object, java.lang.Object, java.lang.Object, java.lang.Object, java.lang.Object, java.lang.Object, java.lang.Object, java.lang.Object, java.lang.Object, java.lang.Object, java.lang.Object)'> (0x000000071541e710) 
thrown [s\open\src\hotspot\share\interpreter\linkResolver.cpp, line 774]
Event: 0.862 Thread 0x0000023fc278f9a0 Exception <a 'java/lang/NoSuchMethodError'{0x000000071543fb98}: 'java.lang.Object java.lang.invoke.DirectMethodHandle$Holder.invokeStatic(java.lang.Object, java.lang.Object, java.lang.Object, java.lang.Object, java.lang.Object, java.lang.Object, java.lang.Object, java.lang.Object, java.lang.Object, java.lang.Object, java.lang.Object, java.lang.Object, java.lang.Object, java.lang.Object, java.lang.Object)'> (0x000000071543fb98) 
thrown [s\open\src\hotspot\share\interpreter\linkResolver.cpp, line 774]
Event: 0.873 Thread 0x0000023fc278f9a0 Exception <a 'java/lang/NoSuchMethodError'{0x00000007154b7748}: 'java.lang.Object java.lang.invoke.DirectMethodHandle$Holder.invokeStaticInit(java.lang.Object, int, int, int, int)'> (0x00000007154b7748) 
thrown [s\open\src\hotspot\share\interpreter\linkResolver.cpp, line 774]
Event: 0.938 Thread 0x0000023fc278f9a0 Implicit null exception at 0x0000023fd23592f2 to 0x0000023fd23597f0
Event: 0.938 Thread 0x0000023fc278f9a0 Implicit null exception at 0x0000023fd22d6072 to 0x0000023fd22d6564
Event: 0.946 Thread 0x0000023fc278f9a0 Implicit null exception at 0x0000023fd23524a0 to 0x0000023fd2352664
Event: 0.983 Thread 0x0000023fc278f9a0 Exception <a 'java/lang/NoSuchMethodError'{0x0000000714c14960}: 'void java.lang.invoke.DirectMethodHandle$Holder.invokeVirtual(java.lang.Object, java.lang.Object, int)'> (0x0000000714c14960) 
thrown [s\open\src\hotspot\share\interpreter\linkResolver.cpp, line 774]
Event: 0.984 Thread 0x0000023fc278f9a0 Exception <a 'java/lang/NoSuchMethodError'{0x0000000714c18d78}: 'int java.lang.invoke.DirectMethodHandle$Holder.invokeSpecial(java.lang.Object, java.lang.Object, java.lang.Object, int)'> (0x0000000714c18d78) 
thrown [s\open\src\hotspot\share\interpreter\linkResolver.cpp, line 774]
Event: 0.984 Thread 0x0000023fc278f9a0 Exception <a 'java/lang/NoSuchMethodError'{0x0000000714c29180}: 'java.lang.Object java.lang.invoke.DirectMethodHandle$Holder.invokeStatic(java.lang.Object, java.lang.Object, java.lang.Object, java.lang.Object, int)'> (0x0000000714c29180) 
thrown [s\open\src\hotspot\share\interpreter\linkResolver.cpp, line 774]
Event: 0.984 Thread 0x0000023fc278f9a0 Exception <a 'java/lang/NoSuchMethodError'{0x0000000714c34a40}: 'void java.lang.invoke.DelegatingMethodHandle$Holder.reinvoke_L(java.lang.Object, java.lang.Object, int)'> (0x0000000714c34a40) 
thrown [s\open\src\hotspot\share\interpreter\linkResolver.cpp, line 774]

VM Operations (20 events):
Event: 0.824 Executing VM operation: HandshakeAllThreads
Event: 0.824 Executing VM operation: HandshakeAllThreads done
Event: 0.866 Executing VM operation: HandshakeAllThreads
Event: 0.866 Executing VM operation: HandshakeAllThreads done
Event: 0.882 Executing VM operation: HandshakeAllThreads
Event: 0.882 Executing VM operation: HandshakeAllThreads done
Event: 0.904 Executing VM operation: HandshakeAllThreads
Event: 0.904 Executing VM operation: HandshakeAllThreads done
Event: 0.927 Executing VM operation: HandshakeAllThreads
Event: 0.927 Executing VM operation: HandshakeAllThreads done
Event: 0.927 Executing VM operation: HandshakeAllThreads
Event: 0.927 Executing VM operation: HandshakeAllThreads done
Event: 0.993 Executing VM operation: ICBufferFull
Event: 0.993 Executing VM operation: ICBufferFull done
Event: 1.111 Executing VM operation: HandshakeAllThreads
Event: 1.111 Executing VM operation: HandshakeAllThreads done
Event: 1.111 Executing VM operation: HandshakeAllThreads
Event: 1.111 Executing VM operation: HandshakeAllThreads done
Event: 1.214 Executing VM operation: ICBufferFull
Event: 1.215 Executing VM operation: ICBufferFull done

Events (20 events):
Event: 0.017 Thread 0x0000023fe5d54750 Thread added: 0x0000023fe5d54750
Event: 0.017 Thread 0x0000023fe5d582a0 Thread added: 0x0000023fe5d582a0
Event: 0.017 Thread 0x0000023fe5d5bdf0 Thread added: 0x0000023fe5d5bdf0
Event: 0.018 Thread 0x0000023fe5d5ea90 Thread added: 0x0000023fe5d5ea90
Event: 0.018 Thread 0x0000023fea803ca0 Thread added: 0x0000023fea803ca0
Event: 0.018 Thread 0x0000023fea806620 Thread added: 0x0000023fea806620
Event: 0.018 Thread 0x0000023fea8093a0 Thread added: 0x0000023fea8093a0
Event: 0.021 Thread 0x0000023fea8c5250 Thread added: 0x0000023fea8c5250
Event: 0.028 Thread 0x0000023fe5d2a830 Thread added: 0x0000023fe5d2a830
Event: 0.033 Thread 0x0000023fea95d640 Thread added: 0x0000023fea95d640
Event: 0.057 Thread 0x0000023fea9d7010 Thread added: 0x0000023fea9d7010
Event: 0.057 Thread 0x0000023fea9d7550 Thread added: 0x0000023fea9d7550
Event: 0.141 Thread 0x0000023feac010a0 Thread added: 0x0000023feac010a0
Event: 0.209 Thread 0x0000023feae77310 Thread added: 0x0000023feae77310
Event: 0.333 Thread 0x0000023feb420130 Thread added: 0x0000023feb420130
Event: 0.344 Thread 0x0000023feb423340 Thread added: 0x0000023feb423340
Event: 0.344 Thread 0x0000023feb4211e0 Thread added: 0x0000023feb4211e0
Event: 0.357 Thread 0x0000023feb422820 Thread added: 0x0000023feb422820
Event: 0.357 Thread 0x0000023feb422db0 Thread added: 0x0000023feb422db0
Event: 0.357 Thread 0x0000023feb4206c0 Thread added: 0x0000023feb4206c0


Dynamic libraries:
0x00007ff6d0af0000 - 0x00007ff6d0b00000 	C:\Program Files\Java\jdk-19\bin\java.exe
0x00007ffb11710000 - 0x00007ffb11926000 	C:\WINDOWS\SYSTEM32\ntdll.dll
0x00007ffb11160000 - 0x00007ffb11224000 	C:\WINDOWS\System32\KERNEL32.DLL
0x00007ffb0ee80000 - 0x00007ffb0f227000 	C:\WINDOWS\System32\KERNELBASE.dll
0x00007ffb0ebf0000 - 0x00007ffb0ed01000 	C:\WINDOWS\System32\ucrtbase.dll
0x00007ffb09970000 - 0x00007ffb09988000 	C:\Program Files\Java\jdk-19\bin\jli.dll
0x00007ffb07550000 - 0x00007ffb0756b000 	C:\Program Files\Java\jdk-19\bin\VCRUNTIME140.dll
0x00007ffb10290000 - 0x00007ffb10342000 	C:\WINDOWS\System32\ADVAPI32.dll
0x00007ffb10b70000 - 0x00007ffb10c17000 	C:\WINDOWS\System32\msvcrt.dll
0x00007ffb110b0000 - 0x00007ffb11158000 	C:\WINDOWS\System32\sechost.dll
0x00007ffb0ee50000 - 0x00007ffb0ee78000 	C:\WINDOWS\System32\bcrypt.dll
0x00007ffb106b0000 - 0x00007ffb107c5000 	C:\WINDOWS\System32\RPCRT4.dll
0x00007ffb103b0000 - 0x00007ffb1055e000 	C:\WINDOWS\System32\USER32.dll
0x00007ffb0eaa0000 - 0x00007ffb0eac6000 	C:\WINDOWS\System32\win32u.dll
0x00007ffaf6d90000 - 0x00007ffaf7023000 	C:\WINDOWS\WinSxS\amd64_microsoft.windows.common-controls_6595b64144ccf1df_6.0.22621.3235_none_270f74e173860f98\COMCTL32.dll
0x00007ffb11230000 - 0x00007ffb11259000 	C:\WINDOWS\System32\GDI32.dll
0x00007ffb0ead0000 - 0x00007ffb0ebe9000 	C:\WINDOWS\System32\gdi32full.dll
0x00007ffb0ea00000 - 0x00007ffb0ea9a000 	C:\WINDOWS\System32\msvcp_win.dll
0x00007ffb06670000 - 0x00007ffb0667a000 	C:\WINDOWS\SYSTEM32\VERSION.dll
0x00007ffb10ff0000 - 0x00007ffb11021000 	C:\WINDOWS\System32\IMM32.DLL
0x00007ffb09ac0000 - 0x00007ffb09acc000 	C:\Program Files\Java\jdk-19\bin\vcruntime140_1.dll
0x00007ffaf7c80000 - 0x00007ffaf7d0e000 	C:\Program Files\Java\jdk-19\bin\msvcp140.dll
0x00007ffabedb0000 - 0x00007ffabfa70000 	C:\Program Files\Java\jdk-19\bin\server\jvm.dll
0x00007ffb06260000 - 0x00007ffb06294000 	C:\WINDOWS\SYSTEM32\WINMM.dll
0x00007ffb09a90000 - 0x00007ffb09a99000 	C:\WINDOWS\SYSTEM32\WSOCK32.dll
0x00007ffb101b0000 - 0x00007ffb10221000 	C:\WINDOWS\System32\WS2_32.dll
0x00007ffb0db30000 - 0x00007ffb0db48000 	C:\WINDOWS\SYSTEM32\kernel.appcore.dll
0x00007ffb09a10000 - 0x00007ffb09a1a000 	C:\Program Files\Java\jdk-19\bin\jimage.dll
0x00007ffb0c240000 - 0x00007ffb0c473000 	C:\WINDOWS\SYSTEM32\DBGHELP.DLL
0x00007ffb107e0000 - 0x00007ffb10b68000 	C:\WINDOWS\System32\combase.dll
0x00007ffb10c20000 - 0x00007ffb10cf7000 	C:\WINDOWS\System32\OLEAUT32.dll
0x00007ffb041d0000 - 0x00007ffb04202000 	C:\WINDOWS\SYSTEM32\dbgcore.DLL
0x00007ffb0ed10000 - 0x00007ffb0ed89000 	C:\WINDOWS\System32\bcryptPrimitives.dll
0x00007ffb04120000 - 0x00007ffb0412e000 	C:\Program Files\Java\jdk-19\bin\instrument.dll
0x00007ffb07520000 - 0x00007ffb07546000 	C:\Program Files\Java\jdk-19\bin\java.dll
0x00007ffaf4e80000 - 0x00007ffaf4f57000 	C:\Program Files\Java\jdk-19\bin\jsvml.dll
0x00007ffb0f410000 - 0x00007ffb0fc6c000 	C:\WINDOWS\System32\SHELL32.dll
0x00007ffb0c930000 - 0x00007ffb0d229000 	C:\WINDOWS\SYSTEM32\windows.storage.dll
0x00007ffb0c7e0000 - 0x00007ffb0c91e000 	C:\WINDOWS\SYSTEM32\wintypes.dll
0x00007ffb10ef0000 - 0x00007ffb10fe3000 	C:\WINDOWS\System32\SHCORE.dll
0x00007ffb10230000 - 0x00007ffb1028e000 	C:\WINDOWS\System32\shlwapi.dll
0x00007ffb0e930000 - 0x00007ffb0e951000 	C:\WINDOWS\SYSTEM32\profapi.dll
0x00007ffb05da0000 - 0x00007ffb05db8000 	C:\Program Files\Java\jdk-19\bin\zip.dll
0x00007ffb06240000 - 0x00007ffb06253000 	C:\Program Files\Java\jdk-19\bin\net.dll
0x00007ffb082d0000 - 0x00007ffb08406000 	C:\WINDOWS\SYSTEM32\WINHTTP.dll
0x00007ffb0dfa0000 - 0x00007ffb0e009000 	C:\WINDOWS\system32\mswsock.dll
0x00007ffb05dc0000 - 0x00007ffb05dd6000 	C:\Program Files\Java\jdk-19\bin\nio.dll
0x00007ffaf5590000 - 0x00007ffaf55aa000 	C:\Program Files\JetBrains\IntelliJ IDEA 2022.1.2\bin\breakgen64.dll
0x00007ffb06ad0000 - 0x00007ffb06ad8000 	C:\Program Files\Java\jdk-19\bin\extnet.dll
0x0000000069ac0000 - 0x0000000069ae4000 	C:\Users\99293\AppData\Local\Temp\jansi-2.4.0-3474a2735090a694-jansi.dll
0x00007ffb099e0000 - 0x00007ffb099f0000 	C:\Program Files\Java\jdk-19\bin\verify.dll

dbghelp: loaded successfully - version: 4.0.5 - missing functions: none
symbol engine: initialized successfully - sym options: 0x614 - pdb path: .;C:\Program Files\Java\jdk-19\bin;C:\WINDOWS\SYSTEM32;C:\WINDOWS\WinSxS\amd64_microsoft.windows.common-controls_6595b64144ccf1df_6.0.22621.3235_none_270f74e173860f98;C:\Program Files\Java\jdk-19\bin\server;C:\Program Files\JetBrains\IntelliJ IDEA 2022.1.2\bin;C:\Users\99293\AppData\Local\Temp

VM Arguments:
jvm_args: -Dmaven.multiModuleProjectDirectory=D:\unitedStates original storage\unitedStates duplicates original storage -Dmaven.home=C:\Users\99293\.m2\wrapper\dists\apache-maven-3.8.6-bin\1ks0nkde5v1pk9vtc31i9d0lcd\apache-maven-3.8.6 -Dclassworlds.conf=C:\Users\99293\.m2\wrapper\dists\apache-maven-3.8.6-bin\1ks0nkde5v1pk9vtc31i9d0lcd\apache-maven-3.8.6\bin\m2.conf -Dmaven.ext.class.path=C:\Program Files\JetBrains\IntelliJ IDEA 2022.1.2\plugins\maven\lib\maven-event-listener.jar -javaagent:C:\Program Files\JetBrains\IntelliJ IDEA 2022.1.2\lib\idea_rt.jar=61009:C:\Program Files\JetBrains\IntelliJ IDEA 2022.1.2\bin -Dfile.encoding=UTF-8 
java_command: org.codehaus.classworlds.Launcher -Didea.version=2022.1.2 package
java_class_path (initial): C:\Users\99293\.m2\wrapper\dists\apache-maven-3.8.6-bin\1ks0nkde5v1pk9vtc31i9d0lcd\apache-maven-3.8.6\boot\plexus-classworlds-2.6.0.jar;C:\Users\99293\.m2\wrapper\dists\apache-maven-3.8.6-bin\1ks0nkde5v1pk9vtc31i9d0lcd\apache-maven-3.8.6\boot\plexus-classworlds.license
Launcher Type: SUN_STANDARD

[Global flags]
     intx CICompilerCount                          = 12                                        {product} {ergonomic}
     uint ConcGCThreads                            = 3                                         {product} {ergonomic}
     uint G1ConcRefinementThreads                  = 13                                        {product} {ergonomic}
   size_t G1HeapRegionSize                         = 2097152                                   {product} {ergonomic}
    uintx GCDrainStackTargetSize                   = 64                                        {product} {ergonomic}
   size_t InitialHeapSize                          = 264241152                                 {product} {ergonomic}
   size_t MarkStackSize                            = 4194304                                   {product} {ergonomic}
   size_t MaxHeapSize                              = 4196401152                                {product} {ergonomic}
   size_t MaxNewSize                               = 2516582400                                {product} {ergonomic}
   size_t MinHeapDeltaBytes                        = 2097152                                   {product} {ergonomic}
   size_t MinHeapSize                              = 8388608                                   {product} {ergonomic}
    uintx NonNMethodCodeHeapSize                   = 7602480                                {pd product} {ergonomic}
    uintx NonProfiledCodeHeapSize                  = 122027880                              {pd product} {ergonomic}
    uintx ProfiledCodeHeapSize                     = 122027880                              {pd product} {ergonomic}
    uintx ReservedCodeCacheSize                    = 251658240                              {pd product} {ergonomic}
     bool SegmentedCodeCache                       = true                                      {product} {ergonomic}
   size_t SoftMaxHeapSize                          = 4196401152                             {manageable} {ergonomic}
     bool UseCompressedClassPointers               = true                           {product lp64_product} {ergonomic}
     bool UseCompressedOops                        = true                           {product lp64_product} {ergonomic}
     bool UseG1GC                                  = true                                      {product} {ergonomic}
     bool UseLargePagesIndividualAllocation        = false                                  {pd product} {ergonomic}

Logging:
Log output configuration:
 #0: stdout all=warning uptime,level,tags foldmultilines=false
 #1: stderr all=off uptime,level,tags foldmultilines=false

Environment Variables:
JAVA_HOME=C:\Program Files\Java\jdk-19
PATH=C:\Program Files\Common Files\Oracle\Java\javapath;C:\Windows\system32;C:\Windows;C:\Windows\System32\Wbem;C:\Windows\System32\WindowsPowerShell\v1.0\;C:\Windows\System32\OpenSSH\;C:\Program Files (x86)\NVIDIA Corporation\PhysX\Common;C:\Program Files\NVIDIA Corporation\NVIDIA NvDLISR;C:\Program Files\Git\cmd;C:\Program Files (x86)\dotnet\;%SystemRoot%\system32;%SystemRoot%;%SystemRoot%\System32\Wbem;%SYSTEMROOT%\System32\WindowsPowerShell\v1.0\;%SYSTEMROOT%\System32\OpenSSH\;C:\Users\99293\AppData\Local\Programs\Python\Python311\Scripts\;C:\Users\99293\AppData\Local\Programs\Python\Python311\;C:\Users\99293\AppData\Local\Microsoft\WindowsApps;;C:\Program Files\JetBrains\IntelliJ IDEA 2022.1.2\bin;;C:\Program Files\heroku\bin
USERNAME=ASUS
OS=Windows_NT
PROCESSOR_IDENTIFIER=Intel64 Family 6 Model 154 Stepping 3, GenuineIntel
TMP=C:\Users\99293\AppData\Local\Temp
TEMP=C:\Users\99293\AppData\Local\Temp



---------------  S Y S T E M  ---------------

OS:
 Windows 11 , 64 bit Build 22621 (10.0.22621.3374)
OS uptime: 0 days 22:57 hours
Hyper-V role detected

CPU: total 16 (initial active 16) (8 cores per cpu, 2 threads per core) family 6 model 154 stepping 3 microcode 0x41c, cx8, cmov, fxsr, ht, mmx, 3dnowpref, sse, sse2, sse3, ssse3, sse4.1, sse4.2, popcnt, lzcnt, tsc, tscinvbit, avx, avx2, aes, erms, clmul, bmi1, bmi2, adx, sha, fma, vzeroupper, clflush, clflushopt, clwb, hv, serialize, rdtscp, rdpid, fsrm

Memory: 4k page, system-wide physical 16005M (3199M free)
TotalPageFile size 18053M (AvailPageFile size 4M)
current process WorkingSet (physical memory assigned to process): 149M, peak: 149M
current process commit charge ("private bytes"): 415M, peak: 416M

vm_info: Java HotSpot(TM) 64-Bit Server VM (19.0.2+7-44) for windows-amd64 JRE (19.0.2+7-44), built on 2022-11-30T18:02:09Z by "mach5one" with MS VC++ 17.1 (VS2022)

END.
