#
# There is insufficient memory for the Java Runtime Environment to continue.
# Native memory allocation (malloc) failed to allocate 1798736 bytes for Chunk::new
# Possible reasons:
#   The system is out of physical RAM or swap space
#   The process is running with CompressedOops enabled, and the Java Heap may be blocking the growth of the native heap
# Possible solutions:
#   Reduce memory load on the system
#   Increase physical memory or swap space
#   Check if swap backing store is full
#   Decrease Java heap size (-Xmx/-Xms)
#   Decrease number of Java threads
#   Decrease Java thread stack sizes (-Xss)
#   Set larger code cache with -XX:ReservedCodeCacheSize=
#   JVM is running with Zero Based Compressed Oops mode in which the Java heap is
#     placed in the first 32GB address space. The Java Heap base address is the
#     maximum limit for the native heap growth. Please use -XX:HeapBaseMinAddress
#     to set the Java Heap base and to place the Java Heap above 32GB virtual address.
# This output file may be truncated or incomplete.
#
#  Out of Memory Error (arena.cpp:184), pid=24104, tid=19524
#
# JRE version: Java(TM) SE Runtime Environment (19.0.2+7) (build 19.0.2+7-44)
# Java VM: Java HotSpot(TM) 64-Bit Server VM (19.0.2+7-44, mixed mode, sharing, tiered, compressed oops, compressed class ptrs, g1 gc, windows-amd64)
# No core dump will be written. Minidumps are not enabled by default on client versions of Windows
#

---------------  S U M M A R Y ------------

Command Line: -Dmaven.multiModuleProjectDirectory=D:\unitedStates_storage-master\unitedStates_storage -Dmaven.home=C:\Users\99293\.m2\wrapper\dists\apache-maven-3.8.6-bin\1ks0nkde5v1pk9vtc31i9d0lcd\apache-maven-3.8.6 -Dclassworlds.conf=C:\Users\99293\.m2\wrapper\dists\apache-maven-3.8.6-bin\1ks0nkde5v1pk9vtc31i9d0lcd\apache-maven-3.8.6\bin\m2.conf -Dmaven.ext.class.path=C:\Program Files\JetBrains\IntelliJ IDEA 2022.1.2\plugins\maven\lib\maven-event-listener.jar -javaagent:C:\Program Files\JetBrains\IntelliJ IDEA 2022.1.2\lib\idea_rt.jar=53506:C:\Program Files\JetBrains\IntelliJ IDEA 2022.1.2\bin -Dfile.encoding=UTF-8 org.codehaus.classworlds.Launcher -Didea.version=2022.1.2 package

Host: 12th Gen Intel(R) Core(TM) i7-12650H, 16 cores, 15G,  Windows 11 , 64 bit Build 22621 (10.0.22621.3958)
Time: Sat Aug 31 17:09:01 2024  Windows 11 , 64 bit Build 22621 (10.0.22621.3958) elapsed time: 5.650361 seconds (0d 0h 0m 5s)

---------------  T H R E A D  ---------------

Current thread (0x00000236967e4f60):  JavaThread "C2 CompilerThread4" daemon [_thread_in_native, id=19524, stack(0x00000058d3d00000,0x00000058d3e00000)]


Current CompileTask:
C2:   5650 10411       4       com.sun.tools.javac.comp.Check::checkType (168 bytes)

Stack: [0x00000058d3d00000,0x00000058d3e00000]
Native frames: (J=compiled Java code, j=interpreted, Vv=VM code, C=native code)
V  [jvm.dll+0x6ee21a]
V  [jvm.dll+0x85765e]
V  [jvm.dll+0x85904e]
V  [jvm.dll+0x859703]
V  [jvm.dll+0x28298f]
V  [jvm.dll+0xc9adf]
V  [jvm.dll+0xc9e65]
V  [jvm.dll+0x3bca4c]
V  [jvm.dll+0x3860e1]
V  [jvm.dll+0x38555a]
V  [jvm.dll+0x24c3d9]
V  [jvm.dll+0x24b781]
V  [jvm.dll+0x1d6ce1]
V  [jvm.dll+0x25b25a]
V  [jvm.dll+0x2596e8]
V  [jvm.dll+0x807588]
V  [jvm.dll+0x80125a]
V  [jvm.dll+0x6ecf0b]
C  [ucrtbase.dll+0x29333]
C  [KERNEL32.DLL+0x1257d]
C  [ntdll.dll+0x5af28]


---------------  P R O C E S S  ---------------

Threads class SMR info:
_java_thread_list=0x0000023698228450, length=23, elements={
0x00000236edc801e0, 0x0000023691a5f0b0, 0x0000023691a5fda0, 0x0000023691a62ba0,
0x0000023691a68da0, 0x0000023691a6ae80, 0x0000023691a6df60, 0x0000023691a6f5e0,
0x0000023691a75100, 0x0000023691a76610, 0x0000023695c9e3e0, 0x0000023695d3c4a0,
0x0000023695d413c0, 0x0000023695d42050, 0x0000023695e197b0, 0x0000023695e1b0a0,
0x0000023695ffb670, 0x00000236967d00b0, 0x0000023696827d90, 0x00000236967e4f60,
0x0000023696babdc0, 0x0000023696bac340, 0x000002369ad61740
}

Java Threads: ( => current thread )
  0x00000236edc801e0 JavaThread "main" [_thread_in_Java, id=25900, stack(0x00000058d2300000,0x00000058d2400000)]
  0x0000023691a5f0b0 JavaThread "Reference Handler" daemon [_thread_blocked, id=21096, stack(0x00000058d2a00000,0x00000058d2b00000)]
  0x0000023691a5fda0 JavaThread "Finalizer" daemon [_thread_blocked, id=13884, stack(0x00000058d2b00000,0x00000058d2c00000)]
  0x0000023691a62ba0 JavaThread "Signal Dispatcher" daemon [_thread_blocked, id=17868, stack(0x00000058d2c00000,0x00000058d2d00000)]
  0x0000023691a68da0 JavaThread "Attach Listener" daemon [_thread_blocked, id=25912, stack(0x00000058d2d00000,0x00000058d2e00000)]
  0x0000023691a6ae80 JavaThread "Service Thread" daemon [_thread_blocked, id=15764, stack(0x00000058d2e00000,0x00000058d2f00000)]
  0x0000023691a6df60 JavaThread "Monitor Deflation Thread" daemon [_thread_blocked, id=19420, stack(0x00000058d2f00000,0x00000058d3000000)]
  0x0000023691a6f5e0 JavaThread "C2 CompilerThread0" daemon [_thread_in_native, id=10768, stack(0x00000058d3000000,0x00000058d3100000)]
  0x0000023691a75100 JavaThread "C1 CompilerThread0" daemon [_thread_blocked, id=17060, stack(0x00000058d3100000,0x00000058d3200000)]
  0x0000023691a76610 JavaThread "Sweeper thread" daemon [_thread_blocked, id=12736, stack(0x00000058d3200000,0x00000058d3300000)]
  0x0000023695c9e3e0 JavaThread "C1 CompilerThread1" daemon [_thread_blocked, id=8520, stack(0x00000058d3300000,0x00000058d3400000)]
  0x0000023695d3c4a0 JavaThread "Common-Cleaner" daemon [_thread_blocked, id=11764, stack(0x00000058d3400000,0x00000058d3500000)]
  0x0000023695d413c0 JavaThread "C1 CompilerThread2" daemon [_thread_blocked, id=26292, stack(0x00000058d3500000,0x00000058d3600000)]
  0x0000023695d42050 JavaThread "C1 CompilerThread3" daemon [_thread_in_native, id=19864, stack(0x00000058d3600000,0x00000058d3700000)]
  0x0000023695e197b0 JavaThread "Monitor Ctrl-Break" daemon [_thread_in_native, id=1944, stack(0x00000058d3700000,0x00000058d3800000)]
  0x0000023695e1b0a0 JavaThread "Notification Thread" daemon [_thread_blocked, id=21308, stack(0x00000058d3800000,0x00000058d3900000)]
  0x0000023695ffb670 JavaThread "C2 CompilerThread1" daemon [_thread_in_native, id=16972, stack(0x00000058d3a00000,0x00000058d3b00000)]
  0x00000236967d00b0 JavaThread "C2 CompilerThread2" daemon [_thread_in_native, id=14524, stack(0x00000058d3b00000,0x00000058d3c00000)]
  0x0000023696827d90 JavaThread "C2 CompilerThread3" daemon [_thread_in_native, id=15344, stack(0x00000058d3c00000,0x00000058d3d00000)]
=>0x00000236967e4f60 JavaThread "C2 CompilerThread4" daemon [_thread_in_native, id=19524, stack(0x00000058d3d00000,0x00000058d3e00000)]
  0x0000023696babdc0 JavaThread "C2 CompilerThread5" daemon [_thread_in_native, id=9256, stack(0x00000058d3e00000,0x00000058d3f00000)]
  0x0000023696bac340 JavaThread "C2 CompilerThread6" daemon [_thread_in_native, id=14600, stack(0x00000058d3f00000,0x00000058d4000000)]
  0x000002369ad61740 JavaThread "C2 CompilerThread7" daemon [_thread_in_native, id=26168, stack(0x00000058d4000000,0x00000058d4100000)]

Other Threads:
  0x0000023691a43530 VMThread "VM Thread" [stack: 0x00000058d2900000,0x00000058d2a00000] [id=16524]
  0x0000023695e1bdf0 WatcherThread "VM Periodic Task Thread" [stack: 0x00000058d3900000,0x00000058d3a00000] [id=18328]
  0x00000236edcf1d90 WorkerThread "GC Thread#0" [stack: 0x00000058d2400000,0x00000058d2500000] [id=6444]
  0x0000023696190f40 WorkerThread "GC Thread#1" [stack: 0x00000058d4100000,0x00000058d4200000] [id=6364]
  0x0000023696192890 WorkerThread "GC Thread#2" [stack: 0x00000058d4200000,0x00000058d4300000] [id=24984]
  0x0000023696191210 WorkerThread "GC Thread#3" [stack: 0x00000058d4300000,0x00000058d4400000] [id=5676]
  0x00000236961914e0 WorkerThread "GC Thread#4" [stack: 0x00000058d4400000,0x00000058d4500000] [id=25916]
  0x00000236961925c0 WorkerThread "GC Thread#5" [stack: 0x00000058d4500000,0x00000058d4600000] [id=4508]
  0x00000236961917b0 WorkerThread "GC Thread#6" [stack: 0x00000058d4600000,0x00000058d4700000] [id=12208]
  0x0000023696191a80 WorkerThread "GC Thread#7" [stack: 0x00000058d4700000,0x00000058d4800000] [id=6868]
  0x0000023697587e20 WorkerThread "GC Thread#8" [stack: 0x00000058d4800000,0x00000058d4900000] [id=20636]
  0x0000023697588c30 WorkerThread "GC Thread#9" [stack: 0x00000058d4900000,0x00000058d4a00000] [id=21084]
  0x0000023697585120 WorkerThread "GC Thread#10" [stack: 0x00000058d4a00000,0x00000058d4b00000] [id=16292]
  0x0000023697586d40 WorkerThread "GC Thread#11" [stack: 0x00000058d4b00000,0x00000058d4c00000] [id=14356]
  0x0000023697587010 WorkerThread "GC Thread#12" [stack: 0x00000058d4c00000,0x00000058d4d00000] [id=26044]
  0x00000236edd02700 ConcurrentGCThread "G1 Main Marker" [stack: 0x00000058d2500000,0x00000058d2600000] [id=17516]
  0x00000236edd03130 WorkerThread "G1 Conc#0" [stack: 0x00000058d2600000,0x00000058d2700000] [id=8380]
  0x00000236975856c0 WorkerThread "G1 Conc#1" [stack: 0x00000058d4d00000,0x00000058d4e00000] [id=21408]
  0x00000236975872e0 WorkerThread "G1 Conc#2" [stack: 0x00000058d4e00000,0x00000058d4f00000] [id=1992]
  0x00000236918fd300 ConcurrentGCThread "G1 Refine#0" [stack: 0x00000058d2700000,0x00000058d2800000] [id=3828]
  0x00000236918fde40 ConcurrentGCThread "G1 Service" [stack: 0x00000058d2800000,0x00000058d2900000] [id=26580]

Threads with active compile tasks:
C2 CompilerThread0     5665 9805       4       com.sun.tools.javac.comp.Resolve::isAccessible (394 bytes)
C1 CompilerThread3     5665 10620       2       com.sun.tools.javac.comp.Resolve::resolveConstructor (20 bytes)
C2 CompilerThread1     5666 10265       4       com.sun.tools.javac.comp.Resolve$AbstractMethodCheck::argumentsAcceptable (288 bytes)
C2 CompilerThread2     5666 10599       4       com.sun.tools.javac.code.Types$13::visitClassType (10 bytes)
C2 CompilerThread3     5666 10374       4       com.sun.tools.javac.comp.Attr$ResultInfo::check (21 bytes)
C2 CompilerThread4     5666 10411       4       com.sun.tools.javac.comp.Check::checkType (168 bytes)
C2 CompilerThread5     5666 10576   !   4       com.sun.tools.javac.code.Symbol$ClassSymbol::complete (52 bytes)
C2 CompilerThread6     5666 10049       4       com.sun.tools.javac.comp.Resolve$4::argumentsAcceptable (69 bytes)
C2 CompilerThread7     5666 10266       4       com.sun.tools.javac.comp.Resolve::rawInstantiate (508 bytes)

VM state: not at safepoint (normal execution)

VM Mutex/Monitor currently owned by a thread: None

Heap address: 0x0000000705e00000, size: 4002 MB, Compressed Oops mode: Zero based, Oop shift amount: 3

CDS archive(s) mapped at: [0x0000000800000000-0x0000000800c40000-0x0000000800c40000), size 12845056, SharedBaseAddress: 0x0000000800000000, ArchiveRelocationMode: 0.
Compressed class space mapped at: 0x0000000801000000-0x0000000841000000, reserved size: 1073741824
Narrow klass base: 0x0000000800000000, Narrow klass shift: 0, Narrow klass range: 0x100000000

GC Precious Log:
 CardTable entry size: 512
 Card Set container configuration: InlinePtr #cards 4 size 8 Array Of Cards #cards 16 size 48 Howl #buckets 8 coarsen threshold 3686 Howl Bitmap #cards 512 size 80 coarsen threshold 460 Card regions per heap region 1 cards per card region 4096
 CPUs: 16 total, 16 available
 Memory: 16005M
 Large Page Support: Disabled
 NUMA Support: Disabled
 Compressed Oops: Enabled (Zero based)
 Heap Region Size: 2M
 Heap Min Capacity: 8M
 Heap Initial Capacity: 252M
 Heap Max Capacity: 4002M
 Pre-touch: Disabled
 Parallel Workers: 13
 Concurrent Workers: 3
 Concurrent Refinement Workers: 13
 Periodic GC: Disabled

Heap:
 garbage-first heap   total 202752K, used 101050K [0x0000000705e00000, 0x0000000800000000)
  region size 2048K, 26 young (53248K), 4 survivors (8192K)
 Metaspace       used 31647K, committed 32192K, reserved 1114112K
  class space    used 3248K, committed 3520K, reserved 1048576K

Heap Regions: E=young(eden), S=young(survivor), O=old, HS=humongous(starts), HC=humongous(continues), CS=collection set, F=free, OA=open archive, CA=closed archive, TAMS=top-at-mark-start (previous, next)
|   0|0x0000000705e00000, 0x0000000706000000, 0x0000000706000000|100%| O|  |TAMS 0x0000000706000000, 0x0000000705e00000| Untracked 
|   1|0x0000000706000000, 0x0000000706200000, 0x0000000706200000|100%| O|  |TAMS 0x0000000706000000, 0x0000000706000000| Untracked 
|   2|0x0000000706200000, 0x0000000706400000, 0x0000000706400000|100%| O|  |TAMS 0x0000000706200000, 0x0000000706200000| Untracked 
|   3|0x0000000706400000, 0x0000000706600000, 0x0000000706600000|100%| O|  |TAMS 0x0000000706400000, 0x0000000706400000| Untracked 
|   4|0x0000000706600000, 0x0000000706800000, 0x0000000706800000|100%| O|  |TAMS 0x0000000706600000, 0x0000000706600000| Untracked 
|   5|0x0000000706800000, 0x0000000706a00000, 0x0000000706a00000|100%| O|  |TAMS 0x0000000706800000, 0x0000000706800000| Untracked 
|   6|0x0000000706a00000, 0x0000000706c00000, 0x0000000706c00000|100%| O|  |TAMS 0x0000000706a00000, 0x0000000706a00000| Untracked 
|   7|0x0000000706c00000, 0x0000000706e00000, 0x0000000706e00000|100%| O|  |TAMS 0x0000000706c00000, 0x0000000706c00000| Untracked 
|   8|0x0000000706e00000, 0x0000000707000000, 0x0000000707000000|100%| O|  |TAMS 0x0000000706e00000, 0x0000000706e00000| Untracked 
|   9|0x0000000707000000, 0x0000000707200000, 0x0000000707200000|100%| O|  |TAMS 0x0000000707000000, 0x0000000707000000| Untracked 
|  10|0x0000000707200000, 0x0000000707400000, 0x0000000707400000|100%| O|  |TAMS 0x0000000707200000, 0x0000000707200000| Untracked 
|  11|0x0000000707400000, 0x0000000707600000, 0x0000000707600000|100%| O|  |TAMS 0x0000000707400000, 0x0000000707400000| Untracked 
|  12|0x0000000707600000, 0x0000000707800000, 0x0000000707800000|100%|HS|  |TAMS 0x0000000707600000, 0x0000000707600000| Complete 
|  13|0x0000000707800000, 0x0000000707a00000, 0x0000000707a00000|100%| O|  |TAMS 0x0000000707800000, 0x0000000707800000| Untracked 
|  14|0x0000000707a00000, 0x0000000707c00000, 0x0000000707c00000|100%| O|  |TAMS 0x0000000707a00000, 0x0000000707a00000| Untracked 
|  15|0x0000000707c00000, 0x0000000707e00000, 0x0000000707e00000|100%| O|  |TAMS 0x0000000707c00000, 0x0000000707c00000| Untracked 
|  16|0x0000000707e00000, 0x0000000708000000, 0x0000000708000000|100%| O|  |TAMS 0x0000000707e00000, 0x0000000707e00000| Untracked 
|  17|0x0000000708000000, 0x0000000708200000, 0x0000000708200000|100%| O|  |TAMS 0x0000000708000000, 0x0000000708000000| Untracked 
|  18|0x0000000708200000, 0x0000000708269a00, 0x0000000708400000| 20%| O|  |TAMS 0x0000000708200000, 0x0000000708200000| Untracked 
|  19|0x0000000708400000, 0x0000000708400000, 0x0000000708600000|  0%| F|  |TAMS 0x0000000708400000, 0x0000000708400000| Untracked 
|  20|0x0000000708600000, 0x0000000708600000, 0x0000000708800000|  0%| F|  |TAMS 0x0000000708600000, 0x0000000708600000| Untracked 
|  21|0x0000000708800000, 0x0000000708800000, 0x0000000708a00000|  0%| F|  |TAMS 0x0000000708800000, 0x0000000708800000| Untracked 
|  22|0x0000000708a00000, 0x0000000708a00000, 0x0000000708c00000|  0%| F|  |TAMS 0x0000000708a00000, 0x0000000708a00000| Untracked 
|  23|0x0000000708c00000, 0x0000000708c00000, 0x0000000708e00000|  0%| F|  |TAMS 0x0000000708c00000, 0x0000000708c00000| Untracked 
|  24|0x0000000708e00000, 0x0000000708e00000, 0x0000000709000000|  0%| F|  |TAMS 0x0000000708e00000, 0x0000000708e00000| Untracked 
|  25|0x0000000709000000, 0x0000000709000000, 0x0000000709200000|  0%| F|  |TAMS 0x0000000709000000, 0x0000000709000000| Untracked 
|  26|0x0000000709200000, 0x0000000709200000, 0x0000000709400000|  0%| F|  |TAMS 0x0000000709200000, 0x0000000709200000| Untracked 
|  27|0x0000000709400000, 0x0000000709400000, 0x0000000709600000|  0%| F|  |TAMS 0x0000000709400000, 0x0000000709400000| Untracked 
|  28|0x0000000709600000, 0x0000000709600000, 0x0000000709800000|  0%| F|  |TAMS 0x0000000709600000, 0x0000000709600000| Untracked 
|  29|0x0000000709800000, 0x0000000709800000, 0x0000000709a00000|  0%| F|  |TAMS 0x0000000709800000, 0x0000000709800000| Untracked 
|  30|0x0000000709a00000, 0x0000000709a450c8, 0x0000000709c00000| 13%| S|CS|TAMS 0x0000000709a00000, 0x0000000709a00000| Complete 
|  31|0x0000000709c00000, 0x0000000709c00000, 0x0000000709e00000|  0%| F|  |TAMS 0x0000000709c00000, 0x0000000709c00000| Untracked 
|  32|0x0000000709e00000, 0x0000000709e00000, 0x000000070a000000|  0%| F|  |TAMS 0x0000000709e00000, 0x0000000709e00000| Untracked 
|  33|0x000000070a000000, 0x000000070a200000, 0x000000070a200000|100%| S|CS|TAMS 0x000000070a000000, 0x000000070a000000| Complete 
|  34|0x000000070a200000, 0x000000070a400000, 0x000000070a400000|100%| S|CS|TAMS 0x000000070a200000, 0x000000070a200000| Complete 
|  35|0x000000070a400000, 0x000000070a400000, 0x000000070a600000|  0%| F|  |TAMS 0x000000070a400000, 0x000000070a400000| Untracked 
|  36|0x000000070a600000, 0x000000070a800000, 0x000000070a800000|100%| S|CS|TAMS 0x000000070a600000, 0x000000070a600000| Complete 
|  37|0x000000070a800000, 0x000000070a800000, 0x000000070aa00000|  0%| F|  |TAMS 0x000000070a800000, 0x000000070a800000| Untracked 
|  38|0x000000070aa00000, 0x000000070aa00000, 0x000000070ac00000|  0%| F|  |TAMS 0x000000070aa00000, 0x000000070aa00000| Untracked 
|  39|0x000000070ac00000, 0x000000070ac00000, 0x000000070ae00000|  0%| F|  |TAMS 0x000000070ac00000, 0x000000070ac00000| Untracked 
|  40|0x000000070ae00000, 0x000000070ae00000, 0x000000070b000000|  0%| F|  |TAMS 0x000000070ae00000, 0x000000070ae00000| Untracked 
|  41|0x000000070b000000, 0x000000070b000000, 0x000000070b200000|  0%| F|  |TAMS 0x000000070b000000, 0x000000070b000000| Untracked 
|  42|0x000000070b200000, 0x000000070b200000, 0x000000070b400000|  0%| F|  |TAMS 0x000000070b200000, 0x000000070b200000| Untracked 
|  43|0x000000070b400000, 0x000000070b400000, 0x000000070b600000|  0%| F|  |TAMS 0x000000070b400000, 0x000000070b400000| Untracked 
|  44|0x000000070b600000, 0x000000070b600000, 0x000000070b800000|  0%| F|  |TAMS 0x000000070b600000, 0x000000070b600000| Untracked 
|  45|0x000000070b800000, 0x000000070b800000, 0x000000070ba00000|  0%| F|  |TAMS 0x000000070b800000, 0x000000070b800000| Untracked 
|  46|0x000000070ba00000, 0x000000070ba00000, 0x000000070bc00000|  0%| F|  |TAMS 0x000000070ba00000, 0x000000070ba00000| Untracked 
|  47|0x000000070bc00000, 0x000000070bc00000, 0x000000070be00000|  0%| F|  |TAMS 0x000000070bc00000, 0x000000070bc00000| Untracked 
|  48|0x000000070be00000, 0x000000070be00000, 0x000000070c000000|  0%| F|  |TAMS 0x000000070be00000, 0x000000070be00000| Untracked 
|  49|0x000000070c000000, 0x000000070c000000, 0x000000070c200000|  0%| F|  |TAMS 0x000000070c000000, 0x000000070c000000| Untracked 
|  50|0x000000070c200000, 0x000000070c200000, 0x000000070c400000|  0%| F|  |TAMS 0x000000070c200000, 0x000000070c200000| Untracked 
|  51|0x000000070c400000, 0x000000070c400000, 0x000000070c600000|  0%| F|  |TAMS 0x000000070c400000, 0x000000070c400000| Untracked 
|  52|0x000000070c600000, 0x000000070c600000, 0x000000070c800000|  0%| F|  |TAMS 0x000000070c600000, 0x000000070c600000| Untracked 
|  53|0x000000070c800000, 0x000000070c800000, 0x000000070ca00000|  0%| F|  |TAMS 0x000000070c800000, 0x000000070c800000| Untracked 
|  54|0x000000070ca00000, 0x000000070ca00000, 0x000000070cc00000|  0%| F|  |TAMS 0x000000070ca00000, 0x000000070ca00000| Untracked 
|  55|0x000000070cc00000, 0x000000070cc00000, 0x000000070ce00000|  0%| F|  |TAMS 0x000000070cc00000, 0x000000070cc00000| Untracked 
|  56|0x000000070ce00000, 0x000000070ce00000, 0x000000070d000000|  0%| F|  |TAMS 0x000000070ce00000, 0x000000070ce00000| Untracked 
|  57|0x000000070d000000, 0x000000070d000000, 0x000000070d200000|  0%| F|  |TAMS 0x000000070d000000, 0x000000070d000000| Untracked 
|  58|0x000000070d200000, 0x000000070d200000, 0x000000070d400000|  0%| F|  |TAMS 0x000000070d200000, 0x000000070d200000| Untracked 
|  59|0x000000070d400000, 0x000000070d400000, 0x000000070d600000|  0%| F|  |TAMS 0x000000070d400000, 0x000000070d400000| Untracked 
|  60|0x000000070d600000, 0x000000070d600000, 0x000000070d800000|  0%| F|  |TAMS 0x000000070d600000, 0x000000070d600000| Untracked 
|  61|0x000000070d800000, 0x000000070d800000, 0x000000070da00000|  0%| F|  |TAMS 0x000000070d800000, 0x000000070d800000| Untracked 
|  62|0x000000070da00000, 0x000000070da00000, 0x000000070dc00000|  0%| F|  |TAMS 0x000000070da00000, 0x000000070da00000| Untracked 
|  63|0x000000070dc00000, 0x000000070dc00000, 0x000000070de00000|  0%| F|  |TAMS 0x000000070dc00000, 0x000000070dc00000| Untracked 
|  64|0x000000070de00000, 0x000000070de00000, 0x000000070e000000|  0%| F|  |TAMS 0x000000070de00000, 0x000000070de00000| Untracked 
|  65|0x000000070e000000, 0x000000070e000000, 0x000000070e200000|  0%| F|  |TAMS 0x000000070e000000, 0x000000070e000000| Untracked 
|  66|0x000000070e200000, 0x000000070e200000, 0x000000070e400000|  0%| F|  |TAMS 0x000000070e200000, 0x000000070e200000| Untracked 
|  67|0x000000070e400000, 0x000000070e400000, 0x000000070e600000|  0%| F|  |TAMS 0x000000070e400000, 0x000000070e400000| Untracked 
|  68|0x000000070e600000, 0x000000070e600000, 0x000000070e800000|  0%| F|  |TAMS 0x000000070e600000, 0x000000070e600000| Untracked 
|  69|0x000000070e800000, 0x000000070e800000, 0x000000070ea00000|  0%| F|  |TAMS 0x000000070e800000, 0x000000070e800000| Untracked 
|  70|0x000000070ea00000, 0x000000070eb00800, 0x000000070ec00000| 50%| E|  |TAMS 0x000000070ea00000, 0x000000070ea00000| Complete 
|  71|0x000000070ec00000, 0x000000070ee00000, 0x000000070ee00000|100%| E|CS|TAMS 0x000000070ec00000, 0x000000070ec00000| Complete 
|  72|0x000000070ee00000, 0x000000070f000000, 0x000000070f000000|100%| E|CS|TAMS 0x000000070ee00000, 0x000000070ee00000| Complete 
|  73|0x000000070f000000, 0x000000070f200000, 0x000000070f200000|100%| E|CS|TAMS 0x000000070f000000, 0x000000070f000000| Complete 
|  74|0x000000070f200000, 0x000000070f400000, 0x000000070f400000|100%| E|CS|TAMS 0x000000070f200000, 0x000000070f200000| Complete 
|  75|0x000000070f400000, 0x000000070f600000, 0x000000070f600000|100%| E|CS|TAMS 0x000000070f400000, 0x000000070f400000| Complete 
|  76|0x000000070f600000, 0x000000070f800000, 0x000000070f800000|100%| E|CS|TAMS 0x000000070f600000, 0x000000070f600000| Complete 
|  77|0x000000070f800000, 0x000000070fa00000, 0x000000070fa00000|100%| E|CS|TAMS 0x000000070f800000, 0x000000070f800000| Complete 
|  78|0x000000070fa00000, 0x000000070fc00000, 0x000000070fc00000|100%| E|CS|TAMS 0x000000070fa00000, 0x000000070fa00000| Complete 
|  79|0x000000070fc00000, 0x000000070fe00000, 0x000000070fe00000|100%| E|CS|TAMS 0x000000070fc00000, 0x000000070fc00000| Complete 
|  80|0x000000070fe00000, 0x0000000710000000, 0x0000000710000000|100%| E|CS|TAMS 0x000000070fe00000, 0x000000070fe00000| Complete 
|  81|0x0000000710000000, 0x0000000710200000, 0x0000000710200000|100%| E|CS|TAMS 0x0000000710000000, 0x0000000710000000| Complete 
|  82|0x0000000710200000, 0x0000000710400000, 0x0000000710400000|100%| E|CS|TAMS 0x0000000710200000, 0x0000000710200000| Complete 
|  83|0x0000000710400000, 0x0000000710600000, 0x0000000710600000|100%| E|CS|TAMS 0x0000000710400000, 0x0000000710400000| Complete 
|  84|0x0000000710600000, 0x0000000710800000, 0x0000000710800000|100%| E|CS|TAMS 0x0000000710600000, 0x0000000710600000| Complete 
|  85|0x0000000710800000, 0x0000000710a00000, 0x0000000710a00000|100%| E|CS|TAMS 0x0000000710800000, 0x0000000710800000| Complete 
|  86|0x0000000710a00000, 0x0000000710c00000, 0x0000000710c00000|100%| E|CS|TAMS 0x0000000710a00000, 0x0000000710a00000| Complete 
|  87|0x0000000710c00000, 0x0000000710e00000, 0x0000000710e00000|100%| E|CS|TAMS 0x0000000710c00000, 0x0000000710c00000| Complete 
|  88|0x0000000710e00000, 0x0000000711000000, 0x0000000711000000|100%| E|CS|TAMS 0x0000000710e00000, 0x0000000710e00000| Complete 
|  89|0x0000000711000000, 0x0000000711200000, 0x0000000711200000|100%| E|CS|TAMS 0x0000000711000000, 0x0000000711000000| Complete 
|  90|0x0000000711200000, 0x0000000711400000, 0x0000000711400000|100%| E|CS|TAMS 0x0000000711200000, 0x0000000711200000| Complete 
| 125|0x0000000715800000, 0x0000000715a00000, 0x0000000715a00000|100%| E|CS|TAMS 0x0000000715800000, 0x0000000715800000| Complete 
|1994|0x00000007ff200000, 0x00000007ff400000, 0x00000007ff400000|100%| O|  |TAMS 0x00000007ff200000, 0x00000007ff200000| Untracked 
|1995|0x00000007ff400000, 0x00000007ff600000, 0x00000007ff600000|100%| O|  |TAMS 0x00000007ff400000, 0x00000007ff400000| Untracked 
|1996|0x00000007ff600000, 0x00000007ff800000, 0x00000007ff800000|100%| O|  |TAMS 0x00000007ff600000, 0x00000007ff600000| Untracked 
|1997|0x00000007ff800000, 0x00000007ffa00000, 0x00000007ffa00000|100%| O|  |TAMS 0x00000007ff800000, 0x00000007ff800000| Untracked 
|1998|0x00000007ffa00000, 0x00000007ffc00000, 0x00000007ffc00000|100%| O|  |TAMS 0x00000007ffa00000, 0x00000007ffa00000| Untracked 
|1999|0x00000007ffc00000, 0x00000007ffe00000, 0x00000007ffe00000|100%| O|  |TAMS 0x00000007ffc00000, 0x00000007ffc00000| Untracked 
|2000|0x00000007ffe00000, 0x0000000800000000, 0x0000000800000000|100%| O|  |TAMS 0x00000007ffe00000, 0x00000007ffe00000| Untracked 

Card table byte_map: [0x00000236f6c40000,0x00000236f7420000] _byte_map_base: 0x00000236f3411000

Marking Bits (Prev, Next): (CMBitMap*) 0x00000236edcf2400, (CMBitMap*) 0x00000236edcf23c0
 Prev Bits: [0x00000236fba90000, 0x00000236ff918000)
 Next Bits: [0x00000236f7c00000, 0x00000236fba88000)

Polling page: 0x00000236ed440000

Metaspace:

Usage:
  Non-class:     27.74 MB used.
      Class:      3.17 MB used.
       Both:     30.91 MB used.

Virtual space:
  Non-class space:       64.00 MB reserved,      28.06 MB ( 44%) committed,  1 nodes.
      Class space:        1.00 GB reserved,       3.44 MB ( <1%) committed,  1 nodes.
             Both:        1.06 GB reserved,      31.50 MB (  3%) committed. 

Chunk freelists:
   Non-Class:  3.55 MB
       Class:  512.00 KB
        Both:  4.05 MB

MaxMetaspaceSize: unlimited
CompressedClassSpaceSize: 1.00 GB
Initial GC threshold: 21.00 MB
Current GC threshold: 35.31 MB
CDS: on
MetaspaceReclaimPolicy: balanced
 - commit_granule_bytes: 65536.
 - commit_granule_words: 8192.
 - virtual_space_node_default_size: 8388608.
 - enlarge_chunks_in_place: 1.
 - new_chunks_are_fully_committed: 0.
 - uncommit_free_chunks: 1.
 - use_allocation_guard: 0.


Internal statistics:

num_allocs_failed_limit: 3.
num_arena_births: 750.
num_arena_deaths: 0.
num_vsnodes_births: 2.
num_vsnodes_deaths: 0.
num_space_committed: 504.
num_space_uncommitted: 0.
num_chunks_returned_to_freelist: 3.
num_chunks_taken_from_freelist: 2009.
num_chunk_merges: 0.
num_chunk_splits: 1374.
num_chunks_enlarged: 950.
num_inconsistent_stats: 0.

CodeHeap 'non-profiled nmethods': size=119168Kb used=6085Kb max_used=6085Kb free=113082Kb
 bounds [0x0000023687ba0000, 0x00000236881a0000, 0x000002368f000000]
CodeHeap 'profiled nmethods': size=119104Kb used=21381Kb max_used=21381Kb free=97723Kb
 bounds [0x0000023680000000, 0x00000236814f0000, 0x0000023687450000]
CodeHeap 'non-nmethods': size=7488Kb used=3007Kb max_used=3115Kb free=4480Kb
 bounds [0x0000023687450000, 0x0000023687770000, 0x0000023687ba0000]
 total_blobs=9644 nmethods=9098 adapters=453
 compilation: enabled
              stopped_count=0, restarted_count=0
 full_count=0

Compilation events (20 events):
Event: 5.640 Thread 0x0000023695c9e3e0 nmethod 10589 0x00000236814cb210 code [0x00000236814cb3c0, 0x00000236814cb4e8]
Event: 5.641 Thread 0x0000023696babdc0 nmethod 10585 0x000002368818f990 code [0x000002368818fb20, 0x000002368818fcd8]
Event: 5.641 Thread 0x0000023691a75100 nmethod 10590 0x00000236814cb590 code [0x00000236814cb740, 0x00000236814cba58]
Event: 5.641 Thread 0x0000023696babdc0 10576   !   4       com.sun.tools.javac.code.Symbol$ClassSymbol::complete (52 bytes)
Event: 5.642 Thread 0x0000023691a75100 10591       2       com.sun.tools.javac.comp.Resolve::resolveConstructor (35 bytes)
Event: 5.642 Thread 0x0000023695c9e3e0 10592       2       com.sun.tools.javac.comp.Resolve$14::<init> (23 bytes)
Event: 5.642 Thread 0x0000023695c9e3e0 nmethod 10592 0x00000236814cbb10 code [0x00000236814cbcc0, 0x00000236814cbea8]
Event: 5.642 Thread 0x0000023691a75100 nmethod 10591 0x00000236814cbf90 code [0x00000236814cc140, 0x00000236814cc398]
Event: 5.644 Thread 0x0000023695d413c0 10593       2       com.sun.tools.javac.code.Types::covariantReturnType (39 bytes)
Event: 5.644 Thread 0x0000023695d413c0 nmethod 10593 0x00000236814cc510 code [0x00000236814cc6e0, 0x00000236814cc958]
Event: 5.645 Thread 0x0000023695d42050 10594       2       com.sun.tools.javac.code.Types::resultSubtype (42 bytes)
Event: 5.646 Thread 0x0000023695d42050 nmethod 10594 0x00000236814ccb10 code [0x00000236814ccd00, 0x00000236814ccf18]
Event: 5.646 Thread 0x0000023691a75100 10595       2       java.util.regex.Pattern::unread (11 bytes)
Event: 5.646 Thread 0x0000023695d413c0 10596       3       java.util.regex.Pattern::escape (1327 bytes)
Event: 5.646 Thread 0x0000023695c9e3e0 10598       3       java.util.regex.Pattern::atom (422 bytes)
Event: 5.646 Thread 0x0000023691a75100 nmethod 10595 0x00000236814cd110 code [0x00000236814cd2a0, 0x00000236814cd3b8]
Event: 5.648 Thread 0x00000236967d00b0 nmethod 10522 0x000002368818fd90 code [0x0000023688190060, 0x00000236881909a8]
Event: 5.648 Thread 0x0000023695c9e3e0 nmethod 10598 0x00000236814cd490 code [0x00000236814cd800, 0x00000236814cef48]
Event: 5.649 Thread 0x00000236967d00b0 10599       4       com.sun.tools.javac.code.Types$13::visitClassType (10 bytes)
Event: 5.649 Thread 0x0000023695d42050 10601       2       java.io.ByteArrayInputStream::close (1 bytes)

GC Heap History (20 events):
Event: 2.975 GC heap before
{Heap before GC invocations=7 (full 0):
 garbage-first heap   total 77824K, used 53248K [0x0000000705e00000, 0x0000000800000000)
  region size 2048K, 11 young (22528K), 2 survivors (4096K)
 Metaspace       used 24861K, committed 25216K, reserved 1114112K
  class space    used 2622K, committed 2816K, reserved 1048576K
}
Event: 2.979 GC heap after
{Heap after GC invocations=8 (full 0):
 garbage-first heap   total 137216K, used 41749K [0x0000000705e00000, 0x0000000800000000)
  region size 2048K, 2 young (4096K), 2 survivors (4096K)
 Metaspace       used 24861K, committed 25216K, reserved 1114112K
  class space    used 2622K, committed 2816K, reserved 1048576K
}
Event: 3.291 GC heap before
{Heap before GC invocations=8 (full 0):
 garbage-first heap   total 137216K, used 92949K [0x0000000705e00000, 0x0000000800000000)
  region size 2048K, 26 young (53248K), 2 survivors (4096K)
 Metaspace       used 25808K, committed 26240K, reserved 1114112K
  class space    used 2684K, committed 2944K, reserved 1048576K
}
Event: 3.298 GC heap after
{Heap after GC invocations=9 (full 0):
 garbage-first heap   total 137216K, used 51200K [0x0000000705e00000, 0x0000000800000000)
  region size 2048K, 4 young (8192K), 4 survivors (8192K)
 Metaspace       used 25808K, committed 26240K, reserved 1114112K
  class space    used 2684K, committed 2944K, reserved 1048576K
}
Event: 3.729 GC heap before
{Heap before GC invocations=9 (full 0):
 garbage-first heap   total 137216K, used 94208K [0x0000000705e00000, 0x0000000800000000)
  region size 2048K, 26 young (53248K), 4 survivors (8192K)
 Metaspace       used 27618K, committed 28096K, reserved 1114112K
  class space    used 2877K, committed 3136K, reserved 1048576K
}
Event: 3.734 GC heap after
{Heap after GC invocations=10 (full 0):
 garbage-first heap   total 137216K, used 53670K [0x0000000705e00000, 0x0000000800000000)
  region size 2048K, 1 young (2048K), 1 survivors (2048K)
 Metaspace       used 27618K, committed 28096K, reserved 1114112K
  class space    used 2877K, committed 3136K, reserved 1048576K
}
Event: 3.823 GC heap before
{Heap before GC invocations=10 (full 0):
 garbage-first heap   total 137216K, used 96678K [0x0000000705e00000, 0x0000000800000000)
  region size 2048K, 23 young (47104K), 1 survivors (2048K)
 Metaspace       used 27735K, committed 28224K, reserved 1114112K
  class space    used 2883K, committed 3136K, reserved 1048576K
}
Event: 3.824 GC heap after
{Heap after GC invocations=11 (full 0):
 garbage-first heap   total 137216K, used 53002K [0x0000000705e00000, 0x0000000800000000)
  region size 2048K, 1 young (2048K), 1 survivors (2048K)
 Metaspace       used 27735K, committed 28224K, reserved 1114112K
  class space    used 2883K, committed 3136K, reserved 1048576K
}
Event: 4.028 GC heap before
{Heap before GC invocations=11 (full 0):
 garbage-first heap   total 137216K, used 98058K [0x0000000705e00000, 0x0000000800000000)
  region size 2048K, 24 young (49152K), 1 survivors (2048K)
 Metaspace       used 28259K, committed 28736K, reserved 1114112K
  class space    used 2958K, committed 3200K, reserved 1048576K
}
Event: 4.029 GC heap after
{Heap after GC invocations=12 (full 0):
 garbage-first heap   total 165888K, used 53099K [0x0000000705e00000, 0x0000000800000000)
  region size 2048K, 1 young (2048K), 1 survivors (2048K)
 Metaspace       used 28259K, committed 28736K, reserved 1114112K
  class space    used 2958K, committed 3200K, reserved 1048576K
}
Event: 4.183 GC heap before
{Heap before GC invocations=12 (full 0):
 garbage-first heap   total 165888K, used 122731K [0x0000000705e00000, 0x0000000800000000)
  region size 2048K, 35 young (71680K), 1 survivors (2048K)
 Metaspace       used 28577K, committed 29120K, reserved 1114112K
  class space    used 2974K, committed 3264K, reserved 1048576K
}
Event: 4.186 GC heap after
{Heap after GC invocations=13 (full 0):
 garbage-first heap   total 165888K, used 54491K [0x0000000705e00000, 0x0000000800000000)
  region size 2048K, 2 young (4096K), 2 survivors (4096K)
 Metaspace       used 28577K, committed 29120K, reserved 1114112K
  class space    used 2974K, committed 3264K, reserved 1048576K
}
Event: 4.275 GC heap before
{Heap before GC invocations=13 (full 0):
 garbage-first heap   total 165888K, used 126171K [0x0000000705e00000, 0x0000000800000000)
  region size 2048K, 37 young (75776K), 2 survivors (4096K)
 Metaspace       used 28616K, committed 29120K, reserved 1114112K
  class space    used 2977K, committed 3264K, reserved 1048576K
}
Event: 4.278 GC heap after
{Heap after GC invocations=14 (full 0):
 garbage-first heap   total 165888K, used 54946K [0x0000000705e00000, 0x0000000800000000)
  region size 2048K, 2 young (4096K), 2 survivors (4096K)
 Metaspace       used 28616K, committed 29120K, reserved 1114112K
  class space    used 2977K, committed 3264K, reserved 1048576K
}
Event: 4.435 GC heap before
{Heap before GC invocations=14 (full 0):
 garbage-first heap   total 165888K, used 128674K [0x0000000705e00000, 0x0000000800000000)
  region size 2048K, 38 young (77824K), 2 survivors (4096K)
 Metaspace       used 28785K, committed 29312K, reserved 1114112K
  class space    used 2979K, committed 3264K, reserved 1048576K
}
Event: 4.440 GC heap after
{Heap after GC invocations=15 (full 0):
 garbage-first heap   total 165888K, used 56274K [0x0000000705e00000, 0x0000000800000000)
  region size 2048K, 3 young (6144K), 3 survivors (6144K)
 Metaspace       used 28785K, committed 29312K, reserved 1114112K
  class space    used 2979K, committed 3264K, reserved 1048576K
}
Event: 4.552 GC heap before
{Heap before GC invocations=15 (full 0):
 garbage-first heap   total 165888K, used 132050K [0x0000000705e00000, 0x0000000800000000)
  region size 2048K, 40 young (81920K), 3 survivors (6144K)
 Metaspace       used 28841K, committed 29440K, reserved 1114112K
  class space    used 2979K, committed 3264K, reserved 1048576K
}
Event: 4.556 GC heap after
{Heap after GC invocations=16 (full 0):
 garbage-first heap   total 165888K, used 56231K [0x0000000705e00000, 0x0000000800000000)
  region size 2048K, 3 young (6144K), 3 survivors (6144K)
 Metaspace       used 28841K, committed 29440K, reserved 1114112K
  class space    used 2979K, committed 3264K, reserved 1048576K
}
Event: 5.434 GC heap before
{Heap before GC invocations=16 (full 0):
 garbage-first heap   total 165888K, used 132007K [0x0000000705e00000, 0x0000000800000000)
  region size 2048K, 40 young (81920K), 3 survivors (6144K)
 Metaspace       used 31501K, committed 32064K, reserved 1114112K
  class space    used 3242K, committed 3520K, reserved 1048576K
}
Event: 5.441 GC heap after
{Heap after GC invocations=17 (full 0):
 garbage-first heap   total 202752K, used 58042K [0x0000000705e00000, 0x0000000800000000)
  region size 2048K, 4 young (8192K), 4 survivors (8192K)
 Metaspace       used 31501K, committed 32064K, reserved 1114112K
  class space    used 3242K, committed 3520K, reserved 1048576K
}

Dll operation events (12 events):
Event: 0.005 Loaded shared library C:\Program Files\Java\jdk-19\bin\java.dll
Event: 0.010 Loaded shared library C:\Program Files\Java\jdk-19\bin\jsvml.dll
Event: 0.039 Loaded shared library C:\Program Files\Java\jdk-19\bin\zip.dll
Event: 0.041 Loaded shared library C:\Program Files\Java\jdk-19\bin\instrument.dll
Event: 0.044 Loaded shared library C:\Program Files\Java\jdk-19\bin\net.dll
Event: 0.045 Loaded shared library C:\Program Files\Java\jdk-19\bin\nio.dll
Event: 0.046 Loaded shared library C:\Program Files\Java\jdk-19\bin\zip.dll
Event: 0.056 Loaded shared library C:\Program Files\JetBrains\IntelliJ IDEA 2022.1.2\bin\breakgen64.dll
Event: 0.061 Loaded shared library C:\Program Files\Java\jdk-19\bin\extnet.dll
Event: 0.111 Loaded shared library C:\Program Files\Java\jdk-19\bin\jimage.dll
Event: 0.155 Loaded shared library C:\Users\99293\AppData\Local\Temp\jansi-2.4.0-f4f44151341b26b9-jansi.dll
Event: 0.161 Loaded shared library C:\Program Files\Java\jdk-19\bin\verify.dll

Deoptimization events (20 events):
Event: 5.632 Thread 0x00000236edc801e0 Uncommon trap: trap_request=0xffffffde fr.pc=0x0000023688177e40 relative=0x0000000000000960
Event: 5.632 Thread 0x00000236edc801e0 Uncommon trap: reason=class_check action=maybe_recompile pc=0x0000023688177e40 method=com.sun.tools.javac.code.Symbol.packge()Lcom/sun/tools/javac/code/Symbol$PackageSymbol; @ 21 c2
Event: 5.632 Thread 0x00000236edc801e0 DEOPT PACKING pc=0x0000023688177e40 sp=0x00000058d23fcab0
Event: 5.632 Thread 0x00000236edc801e0 DEOPT UNPACKING pc=0x00000236874b6da3 sp=0x00000058d23fca20 mode 2
Event: 5.633 Thread 0x00000236edc801e0 Uncommon trap: trap_request=0xffffff45 fr.pc=0x0000023687c849fc relative=0x000000000000087c
Event: 5.633 Thread 0x00000236edc801e0 Uncommon trap: reason=unstable_if action=reinterpret pc=0x0000023687c849fc method=com.sun.tools.javac.util.IntHashTable.rehash()V @ 70 c2
Event: 5.633 Thread 0x00000236edc801e0 DEOPT PACKING pc=0x0000023687c849fc sp=0x00000058d23fc940
Event: 5.634 Thread 0x00000236edc801e0 DEOPT UNPACKING pc=0x00000236874b6da3 sp=0x00000058d23fc8f8 mode 2
Event: 5.634 Thread 0x00000236edc801e0 Uncommon trap: trap_request=0xffffff45 fr.pc=0x0000023687bda218 relative=0x0000000000000638
Event: 5.634 Thread 0x00000236edc801e0 Uncommon trap: reason=unstable_if action=reinterpret pc=0x0000023687bda218 method=com.sun.tools.javac.util.IntHashTable.rehash()V @ 70 c2
Event: 5.634 Thread 0x00000236edc801e0 DEOPT PACKING pc=0x0000023687bda218 sp=0x00000058d23fc920
Event: 5.634 Thread 0x00000236edc801e0 DEOPT UNPACKING pc=0x00000236874b6da3 sp=0x00000058d23fc8f8 mode 2
Event: 5.646 Thread 0x00000236edc801e0 Uncommon trap: trap_request=0xffffff45 fr.pc=0x0000023687ebf1f4 relative=0x0000000000001594
Event: 5.646 Thread 0x00000236edc801e0 Uncommon trap: reason=unstable_if action=reinterpret pc=0x0000023687ebf1f4 method=com.sun.tools.javac.code.ClassFinder.complete(Lcom/sun/tools/javac/code/Symbol;)V @ 167 c2
Event: 5.646 Thread 0x00000236edc801e0 DEOPT PACKING pc=0x0000023687ebf1f4 sp=0x00000058d23fba20
Event: 5.646 Thread 0x00000236edc801e0 DEOPT UNPACKING pc=0x00000236874b6da3 sp=0x00000058d23fb9a0 mode 2
Event: 5.649 Thread 0x00000236edc801e0 Uncommon trap: trap_request=0xffffffde fr.pc=0x00000236880fe908 relative=0x00000000000000c8
Event: 5.649 Thread 0x00000236edc801e0 Uncommon trap: reason=class_check action=maybe_recompile pc=0x00000236880fe908 method=com.sun.tools.javac.code.Types.wildLowerBound(Lcom/sun/tools/javac/code/Type;)Lcom/sun/tools/javac/code/Type; @ 11 c2
Event: 5.649 Thread 0x00000236edc801e0 DEOPT PACKING pc=0x00000236880fe908 sp=0x00000058d23fd0d0
Event: 5.649 Thread 0x00000236edc801e0 DEOPT UNPACKING pc=0x00000236874b6da3 sp=0x00000058d23fd058 mode 2

Classes loaded (20 events):
Event: 4.788 Loading class java/util/stream/ReduceOps$2ReducingSink
Event: 4.788 Loading class java/util/stream/ReduceOps$2ReducingSink done
Event: 4.940 Loading class java/lang/runtime/ObjectMethods
Event: 4.940 Loading class java/lang/runtime/ObjectMethods done
Event: 4.941 Loading class java/lang/invoke/MethodHandleImpl$Makers
Event: 4.941 Loading class java/lang/invoke/MethodHandleImpl$Makers done
Event: 4.942 Loading class java/lang/invoke/MethodHandleImpl$Makers$1
Event: 4.942 Loading class java/lang/invoke/MethodHandleImpl$Makers$1 done
Event: 4.942 Loading class java/lang/invoke/MethodHandleImpl$Makers$2
Event: 4.942 Loading class java/lang/invoke/MethodHandleImpl$Makers$2 done
Event: 4.942 Loading class java/lang/invoke/MethodHandleImpl$Makers$3
Event: 4.942 Loading class java/lang/invoke/MethodHandleImpl$Makers$3 done
Event: 4.945 Loading class java/lang/runtime/ObjectMethods$1
Event: 4.945 Loading class java/lang/runtime/ObjectMethods$1 done
Event: 4.949 Loading class java/lang/invoke/DirectMethodHandle$1
Event: 4.949 Loading class java/lang/invoke/DirectMethodHandle$1 done
Event: 4.954 Loading class java/lang/invoke/MethodHandleImpl$CountingWrapper
Event: 4.954 Loading class java/lang/invoke/MethodHandleImpl$CountingWrapper done
Event: 5.285 Loading class java/lang/invoke/MethodHandleImpl$CountingWrapper$1
Event: 5.285 Loading class java/lang/invoke/MethodHandleImpl$CountingWrapper$1 done

Classes unloaded (0 events):
No events

Classes redefined (0 events):
No events

Internal exceptions (20 events):
Event: 5.603 Thread 0x00000236edc801e0 Exception <a 'sun/nio/fs/WindowsException'{0x000000070f6cff58}> (0x000000070f6cff58) 
thrown [s\open\src\hotspot\share\prims\jni.cpp, line 517]
Event: 5.603 Thread 0x00000236edc801e0 Exception <a 'sun/nio/fs/WindowsException'{0x000000070f6d0840}> (0x000000070f6d0840) 
thrown [s\open\src\hotspot\share\prims\jni.cpp, line 517]
Event: 5.605 Thread 0x00000236edc801e0 Exception <a 'sun/nio/fs/WindowsException'{0x000000070f74b600}> (0x000000070f74b600) 
thrown [s\open\src\hotspot\share\prims\jni.cpp, line 517]
Event: 5.606 Thread 0x00000236edc801e0 Exception <a 'sun/nio/fs/WindowsException'{0x000000070f74bce8}> (0x000000070f74bce8) 
thrown [s\open\src\hotspot\share\prims\jni.cpp, line 517]
Event: 5.606 Thread 0x00000236edc801e0 Exception <a 'sun/nio/fs/WindowsException'{0x000000070f74c628}> (0x000000070f74c628) 
thrown [s\open\src\hotspot\share\prims\jni.cpp, line 517]
Event: 5.607 Thread 0x00000236edc801e0 Exception <a 'sun/nio/fs/WindowsException'{0x000000070f77bb88}> (0x000000070f77bb88) 
thrown [s\open\src\hotspot\share\prims\jni.cpp, line 517]
Event: 5.607 Thread 0x00000236edc801e0 Exception <a 'sun/nio/fs/WindowsException'{0x000000070f77c278}> (0x000000070f77c278) 
thrown [s\open\src\hotspot\share\prims\jni.cpp, line 517]
Event: 5.607 Thread 0x00000236edc801e0 Exception <a 'sun/nio/fs/WindowsException'{0x000000070f77cbc0}> (0x000000070f77cbc0) 
thrown [s\open\src\hotspot\share\prims\jni.cpp, line 517]
Event: 5.609 Thread 0x00000236edc801e0 Exception <a 'sun/nio/fs/WindowsException'{0x000000070f7b4350}> (0x000000070f7b4350) 
thrown [s\open\src\hotspot\share\prims\jni.cpp, line 517]
Event: 5.609 Thread 0x00000236edc801e0 Exception <a 'sun/nio/fs/WindowsException'{0x000000070f7b4a38}> (0x000000070f7b4a38) 
thrown [s\open\src\hotspot\share\prims\jni.cpp, line 517]
Event: 5.609 Thread 0x00000236edc801e0 Exception <a 'sun/nio/fs/WindowsException'{0x000000070f7b5378}> (0x000000070f7b5378) 
thrown [s\open\src\hotspot\share\prims\jni.cpp, line 517]
Event: 5.612 Thread 0x00000236edc801e0 Exception <a 'sun/nio/fs/WindowsException'{0x000000070f7e4318}> (0x000000070f7e4318) 
thrown [s\open\src\hotspot\share\prims\jni.cpp, line 517]
Event: 5.612 Thread 0x00000236edc801e0 Exception <a 'sun/nio/fs/WindowsException'{0x000000070f7e49f0}> (0x000000070f7e49f0) 
thrown [s\open\src\hotspot\share\prims\jni.cpp, line 517]
Event: 5.612 Thread 0x00000236edc801e0 Exception <a 'sun/nio/fs/WindowsException'{0x000000070f7e52d8}> (0x000000070f7e52d8) 
thrown [s\open\src\hotspot\share\prims\jni.cpp, line 517]
Event: 5.614 Thread 0x00000236edc801e0 Exception <a 'sun/nio/fs/WindowsException'{0x000000070f4125c0}> (0x000000070f4125c0) 
thrown [s\open\src\hotspot\share\prims\jni.cpp, line 517]
Event: 5.614 Thread 0x00000236edc801e0 Exception <a 'sun/nio/fs/WindowsException'{0x000000070f412cb8}> (0x000000070f412cb8) 
thrown [s\open\src\hotspot\share\prims\jni.cpp, line 517]
Event: 5.614 Thread 0x00000236edc801e0 Exception <a 'sun/nio/fs/WindowsException'{0x000000070f413650}> (0x000000070f413650) 
thrown [s\open\src\hotspot\share\prims\jni.cpp, line 517]
Event: 5.635 Thread 0x00000236edc801e0 Exception <a 'sun/nio/fs/WindowsException'{0x000000070f36e070}> (0x000000070f36e070) 
thrown [s\open\src\hotspot\share\prims\jni.cpp, line 517]
Event: 5.635 Thread 0x00000236edc801e0 Exception <a 'sun/nio/fs/WindowsException'{0x000000070f36e748}> (0x000000070f36e748) 
thrown [s\open\src\hotspot\share\prims\jni.cpp, line 517]
Event: 5.635 Thread 0x00000236edc801e0 Exception <a 'sun/nio/fs/WindowsException'{0x000000070f36f030}> (0x000000070f36f030) 
thrown [s\open\src\hotspot\share\prims\jni.cpp, line 517]

VM Operations (20 events):
Event: 5.016 Executing VM operation: ICBufferFull
Event: 5.017 Executing VM operation: ICBufferFull done
Event: 5.039 Executing VM operation: ICBufferFull
Event: 5.039 Executing VM operation: ICBufferFull done
Event: 5.080 Executing VM operation: ICBufferFull
Event: 5.081 Executing VM operation: ICBufferFull done
Event: 5.147 Executing VM operation: ICBufferFull
Event: 5.158 Executing VM operation: ICBufferFull done
Event: 5.159 Executing VM operation: HandshakeAllThreads
Event: 5.159 Executing VM operation: HandshakeAllThreads done
Event: 5.224 Executing VM operation: ICBufferFull
Event: 5.224 Executing VM operation: ICBufferFull done
Event: 5.295 Executing VM operation: ICBufferFull
Event: 5.295 Executing VM operation: ICBufferFull done
Event: 5.339 Executing VM operation: ICBufferFull
Event: 5.339 Executing VM operation: ICBufferFull done
Event: 5.434 Executing VM operation: G1CollectForAllocation
Event: 5.441 Executing VM operation: G1CollectForAllocation done
Event: 5.566 Executing VM operation: ICBufferFull
Event: 5.566 Executing VM operation: ICBufferFull done

Events (20 events):
Event: 4.383 Thread 0x0000023691a76610 flushing nmethod 0x0000023680f15e90
Event: 4.383 Thread 0x0000023691a76610 flushing nmethod 0x0000023680f16610
Event: 4.383 Thread 0x0000023691a76610 flushing nmethod 0x0000023680f17c90
Event: 4.383 Thread 0x0000023691a76610 flushing nmethod 0x0000023680f18210
Event: 4.383 Thread 0x0000023691a76610 flushing nmethod 0x0000023680f19290
Event: 4.383 Thread 0x0000023691a76610 flushing nmethod 0x0000023680f1a590
Event: 4.383 Thread 0x0000023691a76610 flushing nmethod 0x0000023680f1f790
Event: 4.383 Thread 0x0000023691a76610 flushing nmethod 0x0000023680f22710
Event: 4.383 Thread 0x0000023691a76610 flushing nmethod 0x0000023680f27110
Event: 4.383 Thread 0x0000023691a76610 flushing nmethod 0x0000023680f2ff10
Event: 5.010 Thread 0x0000023691a76610 flushing nmethod 0x0000023687f01210
Event: 5.010 Thread 0x0000023691a76610 flushing nmethod 0x0000023687f05510
Event: 5.012 Thread 0x0000023691a76610 flushing nmethod 0x0000023680094090
Event: 5.016 Thread 0x0000023691a76610 flushing nmethod 0x0000023680533a90
Event: 5.023 Thread 0x0000023691a76610 flushing nmethod 0x0000023680bbf410
Event: 5.023 Thread 0x0000023691a76610 flushing nmethod 0x0000023680c12d90
Event: 5.023 Thread 0x0000023691a76610 flushing nmethod 0x0000023680c14910
Event: 5.026 Thread 0x0000023691a76610 flushing nmethod 0x0000023680e00290
Event: 5.027 Thread 0x0000023691a76610 flushing nmethod 0x0000023680f63290
Event: 5.028 Thread 0x0000023691a76610 flushing nmethod 0x000002368109a610


Dynamic libraries:
0x00007ff67dae0000 - 0x00007ff67daf0000 	C:\Program Files\Java\jdk-19\bin\java.exe
0x00007ffb064d0000 - 0x00007ffb066e7000 	C:\WINDOWS\SYSTEM32\ntdll.dll
0x00007ffb04b10000 - 0x00007ffb04bd4000 	C:\WINDOWS\System32\KERNEL32.DLL
0x00007ffb03950000 - 0x00007ffb03cfd000 	C:\WINDOWS\System32\KERNELBASE.dll
0x00007ffb037c0000 - 0x00007ffb038d1000 	C:\WINDOWS\System32\ucrtbase.dll
0x00007ffad8360000 - 0x00007ffad8378000 	C:\Program Files\Java\jdk-19\bin\jli.dll
0x00007ffadd450000 - 0x00007ffadd46b000 	C:\Program Files\Java\jdk-19\bin\VCRUNTIME140.dll
0x00007ffb04630000 - 0x00007ffb046e2000 	C:\WINDOWS\System32\ADVAPI32.dll
0x00007ffb05500000 - 0x00007ffb055a7000 	C:\WINDOWS\System32\msvcrt.dll
0x00007ffb04380000 - 0x00007ffb04429000 	C:\WINDOWS\System32\sechost.dll
0x00007ffb041a0000 - 0x00007ffb041c8000 	C:\WINDOWS\System32\bcrypt.dll
0x00007ffb041d0000 - 0x00007ffb042e4000 	C:\WINDOWS\System32\RPCRT4.dll
0x00007ffb05980000 - 0x00007ffb05b2e000 	C:\WINDOWS\System32\USER32.dll
0x00007ffb04170000 - 0x00007ffb04196000 	C:\WINDOWS\System32\win32u.dll
0x00007ffb06270000 - 0x00007ffb06299000 	C:\WINDOWS\System32\GDI32.dll
0x00007ffaedde0000 - 0x00007ffaee073000 	C:\WINDOWS\WinSxS\amd64_microsoft.windows.common-controls_6595b64144ccf1df_6.0.22621.3672_none_2713b9d173822955\COMCTL32.dll
0x00007ffb03fd0000 - 0x00007ffb040e9000 	C:\WINDOWS\System32\gdi32full.dll
0x00007ffb03dc0000 - 0x00007ffb03e5a000 	C:\WINDOWS\System32\msvcp_win.dll
0x00007ffafb060000 - 0x00007ffafb06a000 	C:\WINDOWS\SYSTEM32\VERSION.dll
0x00007ffb06210000 - 0x00007ffb06241000 	C:\WINDOWS\System32\IMM32.DLL
0x00007ffaeef20000 - 0x00007ffaeef2c000 	C:\Program Files\Java\jdk-19\bin\vcruntime140_1.dll
0x00007ffabfa10000 - 0x00007ffabfa9e000 	C:\Program Files\Java\jdk-19\bin\msvcp140.dll
0x00007ffa3b8e0000 - 0x00007ffa3c5a0000 	C:\Program Files\Java\jdk-19\bin\server\jvm.dll
0x00007ffafd640000 - 0x00007ffafd649000 	C:\WINDOWS\SYSTEM32\WSOCK32.dll
0x00007ffafd420000 - 0x00007ffafd454000 	C:\WINDOWS\SYSTEM32\WINMM.dll
0x00007ffb06030000 - 0x00007ffb060a1000 	C:\WINDOWS\System32\WS2_32.dll
0x00007ffb02880000 - 0x00007ffb02898000 	C:\WINDOWS\SYSTEM32\kernel.appcore.dll
0x00007ffaeea40000 - 0x00007ffaeea4a000 	C:\Program Files\Java\jdk-19\bin\jimage.dll
0x00007ffb01020000 - 0x00007ffb01252000 	C:\WINDOWS\SYSTEM32\DBGHELP.DLL
0x00007ffb04780000 - 0x00007ffb04b0d000 	C:\WINDOWS\System32\combase.dll
0x00007ffb06130000 - 0x00007ffb06207000 	C:\WINDOWS\System32\OLEAUT32.dll
0x00007ffaf8a20000 - 0x00007ffaf8a52000 	C:\WINDOWS\SYSTEM32\dbgcore.DLL
0x00007ffb040f0000 - 0x00007ffb0416b000 	C:\WINDOWS\System32\bcryptPrimitives.dll
0x00007ffafe400000 - 0x00007ffafe40e000 	C:\Program Files\Java\jdk-19\bin\instrument.dll
0x00007ffacffe0000 - 0x00007ffad0006000 	C:\Program Files\Java\jdk-19\bin\java.dll
0x00007ffaa9330000 - 0x00007ffaa9407000 	C:\Program Files\Java\jdk-19\bin\jsvml.dll
0x00007ffb04c90000 - 0x00007ffb054f8000 	C:\WINDOWS\System32\SHELL32.dll
0x00007ffb016d0000 - 0x00007ffb01fce000 	C:\WINDOWS\SYSTEM32\windows.storage.dll
0x00007ffb01590000 - 0x00007ffb016cf000 	C:\WINDOWS\SYSTEM32\wintypes.dll
0x00007ffb056b0000 - 0x00007ffb057a9000 	C:\WINDOWS\System32\SHCORE.dll
0x00007ffb057c0000 - 0x00007ffb0581e000 	C:\WINDOWS\System32\shlwapi.dll
0x00007ffb036f0000 - 0x00007ffb03711000 	C:\WINDOWS\SYSTEM32\profapi.dll
0x00007ffad1b60000 - 0x00007ffad1b78000 	C:\Program Files\Java\jdk-19\bin\zip.dll
0x00007ffae75c0000 - 0x00007ffae75d3000 	C:\Program Files\Java\jdk-19\bin\net.dll
0x00007ffafefc0000 - 0x00007ffaff0f6000 	C:\WINDOWS\SYSTEM32\WINHTTP.dll
0x00007ffb02d50000 - 0x00007ffb02db9000 	C:\WINDOWS\system32\mswsock.dll
0x00007ffad5400000 - 0x00007ffad5416000 	C:\Program Files\Java\jdk-19\bin\nio.dll
0x00007ffaeec90000 - 0x00007ffaeecaa000 	C:\Program Files\JetBrains\IntelliJ IDEA 2022.1.2\bin\breakgen64.dll
0x00007ffaed3f0000 - 0x00007ffaed3f8000 	C:\Program Files\Java\jdk-19\bin\extnet.dll
0x0000000069ac0000 - 0x0000000069ae4000 	C:\Users\99293\AppData\Local\Temp\jansi-2.4.0-f4f44151341b26b9-jansi.dll
0x00007ffaec250000 - 0x00007ffaec260000 	C:\Program Files\Java\jdk-19\bin\verify.dll

dbghelp: loaded successfully - version: 4.0.5 - missing functions: none
symbol engine: initialized successfully - sym options: 0x614 - pdb path: .;C:\Program Files\Java\jdk-19\bin;C:\WINDOWS\SYSTEM32;C:\WINDOWS\WinSxS\amd64_microsoft.windows.common-controls_6595b64144ccf1df_6.0.22621.3672_none_2713b9d173822955;C:\Program Files\Java\jdk-19\bin\server;C:\Program Files\JetBrains\IntelliJ IDEA 2022.1.2\bin;C:\Users\99293\AppData\Local\Temp

VM Arguments:
jvm_args: -Dmaven.multiModuleProjectDirectory=D:\unitedStates_storage-master\unitedStates_storage -Dmaven.home=C:\Users\99293\.m2\wrapper\dists\apache-maven-3.8.6-bin\1ks0nkde5v1pk9vtc31i9d0lcd\apache-maven-3.8.6 -Dclassworlds.conf=C:\Users\99293\.m2\wrapper\dists\apache-maven-3.8.6-bin\1ks0nkde5v1pk9vtc31i9d0lcd\apache-maven-3.8.6\bin\m2.conf -Dmaven.ext.class.path=C:\Program Files\JetBrains\IntelliJ IDEA 2022.1.2\plugins\maven\lib\maven-event-listener.jar -javaagent:C:\Program Files\JetBrains\IntelliJ IDEA 2022.1.2\lib\idea_rt.jar=53506:C:\Program Files\JetBrains\IntelliJ IDEA 2022.1.2\bin -Dfile.encoding=UTF-8 
java_command: org.codehaus.classworlds.Launcher -Didea.version=2022.1.2 package
java_class_path (initial): C:\Users\99293\.m2\wrapper\dists\apache-maven-3.8.6-bin\1ks0nkde5v1pk9vtc31i9d0lcd\apache-maven-3.8.6\boot\plexus-classworlds-2.6.0.jar;C:\Users\99293\.m2\wrapper\dists\apache-maven-3.8.6-bin\1ks0nkde5v1pk9vtc31i9d0lcd\apache-maven-3.8.6\boot\plexus-classworlds.license
Launcher Type: SUN_STANDARD

[Global flags]
     intx CICompilerCount                          = 12                                        {product} {ergonomic}
     uint ConcGCThreads                            = 3                                         {product} {ergonomic}
     uint G1ConcRefinementThreads                  = 13                                        {product} {ergonomic}
   size_t G1HeapRegionSize                         = 2097152                                   {product} {ergonomic}
    uintx GCDrainStackTargetSize                   = 64                                        {product} {ergonomic}
   size_t InitialHeapSize                          = 264241152                                 {product} {ergonomic}
   size_t MarkStackSize                            = 4194304                                   {product} {ergonomic}
   size_t MaxHeapSize                              = 4196401152                                {product} {ergonomic}
   size_t MaxNewSize                               = 2516582400                                {product} {ergonomic}
   size_t MinHeapDeltaBytes                        = 2097152                                   {product} {ergonomic}
   size_t MinHeapSize                              = 8388608                                   {product} {ergonomic}
    uintx NonNMethodCodeHeapSize                   = 7602480                                {pd product} {ergonomic}
    uintx NonProfiledCodeHeapSize                  = 122027880                              {pd product} {ergonomic}
    uintx ProfiledCodeHeapSize                     = 122027880                              {pd product} {ergonomic}
    uintx ReservedCodeCacheSize                    = 251658240                              {pd product} {ergonomic}
     bool SegmentedCodeCache                       = true                                      {product} {ergonomic}
   size_t SoftMaxHeapSize                          = 4196401152                             {manageable} {ergonomic}
     bool UseCompressedClassPointers               = true                           {product lp64_product} {ergonomic}
     bool UseCompressedOops                        = true                           {product lp64_product} {ergonomic}
     bool UseG1GC                                  = true                                      {product} {ergonomic}
     bool UseLargePagesIndividualAllocation        = false                                  {pd product} {ergonomic}

Logging:
Log output configuration:
 #0: stdout all=warning uptime,level,tags foldmultilines=false
 #1: stderr all=off uptime,level,tags foldmultilines=false

Environment Variables:
JAVA_HOME=C:\Program Files\Java\jdk-19
PATH=C:\Program Files\Common Files\Oracle\Java\javapath;C:\Windows\system32;C:\Windows;C:\Windows\System32\Wbem;C:\Windows\System32\WindowsPowerShell\v1.0\;C:\Windows\System32\OpenSSH\;C:\Program Files (x86)\NVIDIA Corporation\PhysX\Common;C:\Program Files\NVIDIA Corporation\NVIDIA NvDLISR;C:\Program Files\Git\cmd;C:\Program Files (x86)\dotnet\;C:\WINDOWS\system32;C:\WINDOWS;C:\WINDOWS\System32\Wbem;C:\WINDOWS\System32\WindowsPowerShell\v1.0\;C:\WINDOWS\System32\OpenSSH\;C:\Program Files\Java\jdk-19\bin;C:\Users\99293\AppData\Local\Programs\Python\Python311\Scripts\;C:\Users\99293\AppData\Local\Programs\Python\Python311\;C:\Users\99293\AppData\Local\Microsoft\WindowsApps;;C:\Program Files\JetBrains\IntelliJ IDEA 2022.1.2\bin;;C:\Program Files\heroku\bin
USERNAME=ASUS
OS=Windows_NT
PROCESSOR_IDENTIFIER=Intel64 Family 6 Model 154 Stepping 3, GenuineIntel
TMP=C:\Users\99293\AppData\Local\Temp
TEMP=C:\Users\99293\AppData\Local\Temp



---------------  S Y S T E M  ---------------

OS:
 Windows 11 , 64 bit Build 22621 (10.0.22621.3958)
OS uptime: 1 days 4:03 hours
Hyper-V role detected

CPU: total 16 (initial active 16) (8 cores per cpu, 2 threads per core) family 6 model 154 stepping 3 microcode 0x41c, cx8, cmov, fxsr, ht, mmx, 3dnowpref, sse, sse2, sse3, ssse3, sse4.1, sse4.2, popcnt, lzcnt, tsc, tscinvbit, avx, avx2, aes, erms, clmul, bmi1, bmi2, adx, sha, fma, vzeroupper, clflush, clflushopt, clwb, hv, serialize, rdtscp, rdpid, fsrm

Memory: 4k page, system-wide physical 16005M (2278M free)
TotalPageFile size 18053M (AvailPageFile size 7M)
current process WorkingSet (physical memory assigned to process): 418M, peak: 419M
current process commit charge ("private bytes"): 489M, peak: 491M

vm_info: Java HotSpot(TM) 64-Bit Server VM (19.0.2+7-44) for windows-amd64 JRE (19.0.2+7-44), built on 2022-11-30T18:02:09Z by "mach5one" with MS VC++ 17.1 (VS2022)

END.
