#
# There is insufficient memory for the Java Runtime Environment to continue.
# Native memory allocation (mmap) failed to map 113246208 bytes for G1 virtual space
# Possible reasons:
#   The system is out of physical RAM or swap space
#   The process is running with CompressedOops enabled, and the Java Heap may be blocking the growth of the native heap
# Possible solutions:
#   Reduce memory load on the system
#   Increase physical memory or swap space
#   Check if swap backing store is full
#   Decrease Java heap size (-Xmx/-Xms)
#   Decrease number of Java threads
#   Decrease Java thread stack sizes (-Xss)
#   Set larger code cache with -XX:ReservedCodeCacheSize=
#   JVM is running with Zero Based Compressed Oops mode in which the Java heap is
#     placed in the first 32GB address space. The Java Heap base address is the
#     maximum limit for the native heap growth. Please use -XX:HeapBaseMinAddress
#     to set the Java Heap base and to place the Java Heap above 32GB virtual address.
# This output file may be truncated or incomplete.
#
#  Out of Memory Error (os_windows.cpp:3536), pid=17112, tid=6572
#
# JRE version: Java(TM) SE Runtime Environment (19.0.2+7) (build 19.0.2+7-44)
# Java VM: Java HotSpot(TM) 64-Bit Server VM (19.0.2+7-44, mixed mode, sharing, tiered, compressed oops, compressed class ptrs, g1 gc, windows-amd64)
# No core dump will be written. Minidumps are not enabled by default on client versions of Windows
#

---------------  S U M M A R Y ------------

Command Line: -Dmaven.multiModuleProjectDirectory=D:\unitedStates_storage-master\unitedStates_storage -Dmaven.home=C:\Users\99293\.m2\wrapper\dists\apache-maven-3.8.6-bin\1ks0nkde5v1pk9vtc31i9d0lcd\apache-maven-3.8.6 -Dclassworlds.conf=C:\Users\99293\.m2\wrapper\dists\apache-maven-3.8.6-bin\1ks0nkde5v1pk9vtc31i9d0lcd\apache-maven-3.8.6\bin\m2.conf -Dmaven.ext.class.path=C:\Program Files\JetBrains\IntelliJ IDEA 2022.1.2\plugins\maven\lib\maven-event-listener.jar -javaagent:C:\Program Files\JetBrains\IntelliJ IDEA 2022.1.2\lib\idea_rt.jar=54047:C:\Program Files\JetBrains\IntelliJ IDEA 2022.1.2\bin -Dfile.encoding=UTF-8 org.codehaus.classworlds.Launcher -Didea.version=2022.1.2 package

Host: 12th Gen Intel(R) Core(TM) i7-12650H, 16 cores, 15G,  Windows 11 , 64 bit Build 22621 (10.0.22621.3672)
Time: Mon Aug 26 12:39:14 2024  Windows 11 , 64 bit Build 22621 (10.0.22621.3672) elapsed time: 4.194089 seconds (0d 0h 0m 4s)

---------------  T H R E A D  ---------------

Current thread (0x0000022fff784460):  VMThread "VM Thread" [stack: 0x0000007790600000,0x0000007790700000] [id=6572]

Stack: [0x0000007790600000,0x0000007790700000]
Native frames: (J=compiled Java code, j=interpreted, Vv=VM code, C=native code)
V  [jvm.dll+0x6ee21a]
V  [jvm.dll+0x85765e]
V  [jvm.dll+0x85904e]
V  [jvm.dll+0x859703]
V  [jvm.dll+0x28298f]
V  [jvm.dll+0x6eb009]
V  [jvm.dll+0x6dfbaa]
V  [jvm.dll+0x3573f6]
V  [jvm.dll+0x35ee56]
V  [jvm.dll+0x3b541e]
V  [jvm.dll+0x3b564f]
V  [jvm.dll+0x32c9ea]
V  [jvm.dll+0x32ca97]
V  [jvm.dll+0x374cd2]
V  [jvm.dll+0x37340f]
V  [jvm.dll+0x32c210]
V  [jvm.dll+0x3729ab]
V  [jvm.dll+0x85ebc3]
V  [jvm.dll+0x85f989]
V  [jvm.dll+0x85febd]
V  [jvm.dll+0x86034b]
V  [jvm.dll+0x860407]
V  [jvm.dll+0x80125a]
V  [jvm.dll+0x6ecf0b]
C  [ucrtbase.dll+0x29333]
C  [KERNEL32.DLL+0x1257d]
C  [ntdll.dll+0x5af28]

VM_Operation (0x00000077900fcd50): G1CollectForAllocation, mode: safepoint, requested by thread 0x0000022fe585fbf0


---------------  P R O C E S S  ---------------

Threads class SMR info:
_java_thread_list=0x0000022f93a4a240, length=23, elements={
0x0000022fe585fbf0, 0x0000022fff79ffa0, 0x0000022fff7a0d90, 0x0000022fff7a1ec0,
0x0000022fff7a61b0, 0x0000022fff7a9430, 0x0000022fff7aa840, 0x0000022fff7b09b0,
0x0000022fff78ea60, 0x0000022fff7b6a80, 0x0000022fff78c900, 0x0000022f8e125990,
0x0000022f8e1eb020, 0x0000022f8e1eb560, 0x0000022fff7900a0, 0x0000022fff78f580,
0x0000022fff78df40, 0x0000022fff78eff0, 0x0000022fff78fb10, 0x0000022fff78ce90,
0x0000022fff78d420, 0x0000022f8ecaa2d0, 0x0000022f8eca70c0
}

Java Threads: ( => current thread )
  0x0000022fe585fbf0 JavaThread "main" [_thread_blocked, id=7956, stack(0x0000007790000000,0x0000007790100000)]
  0x0000022fff79ffa0 JavaThread "Reference Handler" daemon [_thread_blocked, id=20676, stack(0x0000007790700000,0x0000007790800000)]
  0x0000022fff7a0d90 JavaThread "Finalizer" daemon [_thread_blocked, id=6604, stack(0x0000007790800000,0x0000007790900000)]
  0x0000022fff7a1ec0 JavaThread "Signal Dispatcher" daemon [_thread_blocked, id=15160, stack(0x0000007790900000,0x0000007790a00000)]
  0x0000022fff7a61b0 JavaThread "Attach Listener" daemon [_thread_blocked, id=13652, stack(0x0000007790a00000,0x0000007790b00000)]
  0x0000022fff7a9430 JavaThread "Service Thread" daemon [_thread_blocked, id=18428, stack(0x0000007790b00000,0x0000007790c00000)]
  0x0000022fff7aa840 JavaThread "Monitor Deflation Thread" daemon [_thread_blocked, id=19320, stack(0x0000007790c00000,0x0000007790d00000)]
  0x0000022fff7b09b0 JavaThread "C2 CompilerThread0" daemon [_thread_blocked, id=21564, stack(0x0000007790d00000,0x0000007790e00000)]
  0x0000022fff78ea60 JavaThread "C1 CompilerThread0" daemon [_thread_blocked, id=13868, stack(0x0000007790e00000,0x0000007790f00000)]
  0x0000022fff7b6a80 JavaThread "Sweeper thread" daemon [_thread_blocked, id=15564, stack(0x0000007790f00000,0x0000007791000000)]
  0x0000022fff78c900 JavaThread "C1 CompilerThread1" daemon [_thread_blocked, id=3928, stack(0x0000007791000000,0x0000007791100000)]
  0x0000022f8e125990 JavaThread "Common-Cleaner" daemon [_thread_blocked, id=1904, stack(0x0000007791100000,0x0000007791200000)]
  0x0000022f8e1eb020 JavaThread "Monitor Ctrl-Break" daemon [_thread_in_native, id=3324, stack(0x0000007791200000,0x0000007791300000)]
  0x0000022f8e1eb560 JavaThread "Notification Thread" daemon [_thread_blocked, id=22936, stack(0x0000007791300000,0x0000007791400000)]
  0x0000022fff7900a0 JavaThread "C2 CompilerThread1" daemon [_thread_blocked, id=3680, stack(0x0000007791500000,0x0000007791600000)]
  0x0000022fff78f580 JavaThread "C1 CompilerThread2" daemon [_thread_blocked, id=16492, stack(0x0000007791600000,0x0000007791700000)]
  0x0000022fff78df40 JavaThread "C1 CompilerThread3" daemon [_thread_blocked, id=3492, stack(0x0000007791700000,0x0000007791800000)]
  0x0000022fff78eff0 JavaThread "C2 CompilerThread2" daemon [_thread_blocked, id=22044, stack(0x0000007791800000,0x0000007791900000)]
  0x0000022fff78fb10 JavaThread "C2 CompilerThread3" daemon [_thread_blocked, id=4952, stack(0x0000007791900000,0x0000007791a00000)]
  0x0000022fff78ce90 JavaThread "C2 CompilerThread4" daemon [_thread_blocked, id=20968, stack(0x0000007791a00000,0x0000007791b00000)]
  0x0000022fff78d420 JavaThread "C2 CompilerThread5" daemon [_thread_blocked, id=1748, stack(0x0000007791b00000,0x0000007791c00000)]
  0x0000022f8ecaa2d0 JavaThread "C2 CompilerThread6" daemon [_thread_blocked, id=9160, stack(0x0000007791c00000,0x0000007791d00000)]
  0x0000022f8eca70c0 JavaThread "C2 CompilerThread7" daemon [_thread_blocked, id=3824, stack(0x0000007792b00000,0x0000007792c00000)]

Other Threads:
=>0x0000022fff784460 VMThread "VM Thread" [stack: 0x0000007790600000,0x0000007790700000] [id=6572]
  0x0000022f8e1ec730 WatcherThread "VM Periodic Task Thread" [stack: 0x0000007791400000,0x0000007791500000] [id=15140]
  0x0000022fe58d17a0 WorkerThread "GC Thread#0" [stack: 0x0000007790100000,0x0000007790200000] [id=3436]
  0x0000022f8e542150 WorkerThread "GC Thread#1" [stack: 0x0000007791e00000,0x0000007791f00000] [id=13496]
  0x0000022f8e5418e0 WorkerThread "GC Thread#2" [stack: 0x0000007791f00000,0x0000007792000000] [id=9628]
  0x0000022f8e542420 WorkerThread "GC Thread#3" [stack: 0x0000007792000000,0x0000007792100000] [id=11996]
  0x0000022f8e5429c0 WorkerThread "GC Thread#4" [stack: 0x0000007792100000,0x0000007792200000] [id=2228]
  0x0000022f8e541bb0 WorkerThread "GC Thread#5" [stack: 0x0000007792200000,0x0000007792300000] [id=19248]
  0x0000022f8e541340 WorkerThread "GC Thread#6" [stack: 0x0000007792300000,0x0000007792400000] [id=10936]
  0x0000022f8e541e80 WorkerThread "GC Thread#7" [stack: 0x0000007792400000,0x0000007792500000] [id=10292]
  0x0000022f8f991fc0 WorkerThread "GC Thread#8" [stack: 0x0000007791d00000,0x0000007791e00000] [id=15572]
  0x0000022f8f994720 WorkerThread "GC Thread#9" [stack: 0x0000007792500000,0x0000007792600000] [id=5068]
  0x0000022f8f991cf0 WorkerThread "GC Thread#10" [stack: 0x0000007792600000,0x0000007792700000] [id=19428]
  0x0000022f8f993910 WorkerThread "GC Thread#11" [stack: 0x0000007792700000,0x0000007792800000] [id=15148]
  0x0000022f8f993be0 WorkerThread "GC Thread#12" [stack: 0x0000007792800000,0x0000007792900000] [id=23164]
  0x0000022fe58e2110 ConcurrentGCThread "G1 Main Marker" [stack: 0x0000007790200000,0x0000007790300000] [id=14916]
  0x0000022fe58e2b40 WorkerThread "G1 Conc#0" [stack: 0x0000007790300000,0x0000007790400000] [id=23960]
  0x0000022f8f992560 WorkerThread "G1 Conc#1" [stack: 0x0000007792900000,0x0000007792a00000] [id=12860]
  0x0000022f8f992b00 WorkerThread "G1 Conc#2" [stack: 0x0000007792a00000,0x0000007792b00000] [id=20636]
  0x0000022fff63e0c0 ConcurrentGCThread "G1 Refine#0" [stack: 0x0000007790400000,0x0000007790500000] [id=15036]
  0x0000022fff63ec00 ConcurrentGCThread "G1 Service" [stack: 0x0000007790500000,0x0000007790600000] [id=12224]

Threads with active compile tasks:
C2 CompilerThread0     4203 8167       4       java.lang.Class::getDeclaredMethod (63 bytes)
C2 CompilerThread1     4203 8258       4       com.sun.tools.javac.comp.Attr::selectSym (457 bytes)
C2 CompilerThread2     4203 8263       4       com.sun.tools.javac.comp.Resolve::findIdentInPackageInternal (140 bytes)
C2 CompilerThread3     4203 8262       4       com.sun.tools.javac.comp.Resolve::findIdentInPackage (22 bytes)
C2 CompilerThread4     4203 8383       4       com.sun.tools.javac.comp.Attr::visitIdent (552 bytes)
C2 CompilerThread5     4203 8164       4       lombok.javac.JavacAST::buildMethod (192 bytes)
C2 CompilerThread6     4203 8408       4       lombok.javac.JavacNode::traverse (774 bytes)
C2 CompilerThread7     4204 8245       4       com.sun.tools.javac.comp.Resolve::findInheritedMemberType (186 bytes)

VM state: at safepoint (normal execution)

VM Mutex/Monitor currently owned by a thread:  ([mutex/lock_event])
[0x0000022fe585a520] Threads_lock - owner thread: 0x0000022fff784460
[0x0000022fe585a640] Heap_lock - owner thread: 0x0000022fe585fbf0

Heap address: 0x0000000705e00000, size: 4002 MB, Compressed Oops mode: Zero based, Oop shift amount: 3

CDS archive(s) mapped at: [0x0000000800000000-0x0000000800c40000-0x0000000800c40000), size 12845056, SharedBaseAddress: 0x0000000800000000, ArchiveRelocationMode: 0.
Compressed class space mapped at: 0x0000000801000000-0x0000000841000000, reserved size: 1073741824
Narrow klass base: 0x0000000800000000, Narrow klass shift: 0, Narrow klass range: 0x100000000

GC Precious Log:
 CardTable entry size: 512
 Card Set container configuration: InlinePtr #cards 4 size 8 Array Of Cards #cards 16 size 48 Howl #buckets 8 coarsen threshold 3686 Howl Bitmap #cards 512 size 80 coarsen threshold 460 Card regions per heap region 1 cards per card region 4096
 CPUs: 16 total, 16 available
 Memory: 16005M
 Large Page Support: Disabled
 NUMA Support: Disabled
 Compressed Oops: Enabled (Zero based)
 Heap Region Size: 2M
 Heap Min Capacity: 8M
 Heap Initial Capacity: 252M
 Heap Max Capacity: 4002M
 Pre-touch: Disabled
 Parallel Workers: 13
 Concurrent Workers: 3
 Concurrent Refinement Workers: 13
 Periodic GC: Disabled

Heap:
 garbage-first heap   total 163840K, used 55616K [0x0000000705e00000, 0x0000000800000000)
  region size 2048K, 2 young (4096K), 2 survivors (4096K)
 Metaspace       used 28691K, committed 29248K, reserved 1114112K
  class space    used 2972K, committed 3264K, reserved 1048576K

Heap Regions: E=young(eden), S=young(survivor), O=old, HS=humongous(starts), HC=humongous(continues), CS=collection set, F=free, OA=open archive, CA=closed archive, TAMS=top-at-mark-start (previous, next)
|   0|0x0000000705e00000, 0x0000000706000000, 0x0000000706000000|100%| O|  |TAMS 0x0000000706000000, 0x0000000705e00000| Untracked 
|   1|0x0000000706000000, 0x0000000706200000, 0x0000000706200000|100%| O|  |TAMS 0x0000000706200000, 0x0000000706000000| Untracked 
|   2|0x0000000706200000, 0x0000000706400000, 0x0000000706400000|100%| O|  |TAMS 0x0000000706400000, 0x0000000706200000| Untracked 
|   3|0x0000000706400000, 0x0000000706400000, 0x0000000706600000|  0%| F|  |TAMS 0x0000000706400000, 0x0000000706400000| Untracked 
|   4|0x0000000706600000, 0x0000000706800000, 0x0000000706800000|100%| O|  |TAMS 0x0000000706800000, 0x0000000706600000| Untracked 
|   5|0x0000000706800000, 0x0000000706a00000, 0x0000000706a00000|100%| O|  |TAMS 0x0000000706a00000, 0x0000000706800000| Untracked 
|   6|0x0000000706a00000, 0x0000000706c00000, 0x0000000706c00000|100%| O|  |TAMS 0x0000000706c00000, 0x0000000706a00000| Untracked 
|   7|0x0000000706c00000, 0x0000000706e00000, 0x0000000706e00000|100%| O|  |TAMS 0x0000000706e00000, 0x0000000706c00000| Untracked 
|   8|0x0000000706e00000, 0x0000000707000000, 0x0000000707000000|100%| O|  |TAMS 0x0000000707000000, 0x0000000706e00000| Untracked 
|   9|0x0000000707000000, 0x0000000707200000, 0x0000000707200000|100%| O|  |TAMS 0x0000000707200000, 0x0000000707000000| Untracked 
|  10|0x0000000707200000, 0x0000000707400000, 0x0000000707400000|100%| O|  |TAMS 0x0000000707400000, 0x0000000707200000| Untracked 
|  11|0x0000000707400000, 0x0000000707600000, 0x0000000707600000|100%| O|  |TAMS 0x0000000707400000, 0x0000000707400000| Untracked 
|  12|0x0000000707600000, 0x0000000707800000, 0x0000000707800000|100%| O|  |TAMS 0x0000000707600000, 0x0000000707600000| Untracked 
|  13|0x0000000707800000, 0x0000000707a00000, 0x0000000707a00000|100%|HS|  |TAMS 0x0000000707800000, 0x0000000707800000| Complete 
|  14|0x0000000707a00000, 0x0000000707c00000, 0x0000000707c00000|100%| O|  |TAMS 0x0000000707a00000, 0x0000000707a00000| Untracked 
|  15|0x0000000707c00000, 0x0000000707e00000, 0x0000000707e00000|100%| O|  |TAMS 0x0000000707c00000, 0x0000000707c00000| Untracked 
|  16|0x0000000707e00000, 0x0000000708000000, 0x0000000708000000|100%| O|  |TAMS 0x0000000707e00000, 0x0000000707e00000| Untracked 
|  17|0x0000000708000000, 0x0000000708200000, 0x0000000708200000|100%| O|  |TAMS 0x0000000708000000, 0x0000000708000000| Untracked 
|  18|0x0000000708200000, 0x00000007082c3400, 0x0000000708400000| 38%| O|  |TAMS 0x0000000708200000, 0x0000000708200000| Untracked 
|  19|0x0000000708400000, 0x0000000708400000, 0x0000000708600000|  0%| F|  |TAMS 0x0000000708400000, 0x0000000708400000| Untracked 
|  20|0x0000000708600000, 0x0000000708600000, 0x0000000708800000|  0%| F|  |TAMS 0x0000000708600000, 0x0000000708600000| Untracked 
|  21|0x0000000708800000, 0x0000000708800000, 0x0000000708a00000|  0%| F|  |TAMS 0x0000000708800000, 0x0000000708800000| Untracked 
|  22|0x0000000708a00000, 0x0000000708a00000, 0x0000000708c00000|  0%| F|  |TAMS 0x0000000708a00000, 0x0000000708a00000| Untracked 
|  23|0x0000000708c00000, 0x0000000708c00000, 0x0000000708e00000|  0%| F|  |TAMS 0x0000000708c00000, 0x0000000708c00000| Untracked 
|  24|0x0000000708e00000, 0x0000000708e00000, 0x0000000709000000|  0%| F|  |TAMS 0x0000000708e00000, 0x0000000708e00000| Untracked 
|  25|0x0000000709000000, 0x0000000709000000, 0x0000000709200000|  0%| F|  |TAMS 0x0000000709000000, 0x0000000709000000| Untracked 
|  26|0x0000000709200000, 0x0000000709200000, 0x0000000709400000|  0%| F|  |TAMS 0x0000000709200000, 0x0000000709200000| Untracked 
|  27|0x0000000709400000, 0x0000000709400000, 0x0000000709600000|  0%| F|  |TAMS 0x0000000709400000, 0x0000000709400000| Untracked 
|  28|0x0000000709600000, 0x0000000709600000, 0x0000000709800000|  0%| F|  |TAMS 0x0000000709600000, 0x0000000709600000| Untracked 
|  29|0x0000000709800000, 0x0000000709800000, 0x0000000709a00000|  0%| F|  |TAMS 0x0000000709800000, 0x0000000709800000| Untracked 
|  30|0x0000000709a00000, 0x0000000709a00000, 0x0000000709c00000|  0%| F|  |TAMS 0x0000000709a00000, 0x0000000709a00000| Untracked 
|  31|0x0000000709c00000, 0x0000000709c00000, 0x0000000709e00000|  0%| F|  |TAMS 0x0000000709c00000, 0x0000000709c00000| Untracked 
|  32|0x0000000709e00000, 0x0000000709e00000, 0x000000070a000000|  0%| F|  |TAMS 0x0000000709e00000, 0x0000000709e00000| Untracked 
|  33|0x000000070a000000, 0x000000070a000000, 0x000000070a200000|  0%| F|  |TAMS 0x000000070a000000, 0x000000070a000000| Untracked 
|  34|0x000000070a200000, 0x000000070a38cd20, 0x000000070a400000| 77%| S|CS|TAMS 0x000000070a200000, 0x000000070a200000| Complete 
|  35|0x000000070a400000, 0x000000070a600000, 0x000000070a600000|100%| S|CS|TAMS 0x000000070a400000, 0x000000070a400000| Complete 
|  36|0x000000070a600000, 0x000000070a600000, 0x000000070a800000|  0%| F|  |TAMS 0x000000070a600000, 0x000000070a600000| Untracked 
|  37|0x000000070a800000, 0x000000070a800000, 0x000000070aa00000|  0%| F|  |TAMS 0x000000070a800000, 0x000000070a800000| Untracked 
|  38|0x000000070aa00000, 0x000000070aa00000, 0x000000070ac00000|  0%| F|  |TAMS 0x000000070aa00000, 0x000000070aa00000| Untracked 
|  39|0x000000070ac00000, 0x000000070ac00000, 0x000000070ae00000|  0%| F|  |TAMS 0x000000070ac00000, 0x000000070ac00000| Untracked 
|  40|0x000000070ae00000, 0x000000070ae00000, 0x000000070b000000|  0%| F|  |TAMS 0x000000070ae00000, 0x000000070ae00000| Untracked 
|  41|0x000000070b000000, 0x000000070b000000, 0x000000070b200000|  0%| F|  |TAMS 0x000000070b000000, 0x000000070b000000| Untracked 
|  42|0x000000070b200000, 0x000000070b200000, 0x000000070b400000|  0%| F|  |TAMS 0x000000070b200000, 0x000000070b200000| Untracked 
|  43|0x000000070b400000, 0x000000070b400000, 0x000000070b600000|  0%| F|  |TAMS 0x000000070b400000, 0x000000070b400000| Untracked 
|  44|0x000000070b600000, 0x000000070b600000, 0x000000070b800000|  0%| F|  |TAMS 0x000000070b600000, 0x000000070b600000| Untracked 
|  45|0x000000070b800000, 0x000000070b800000, 0x000000070ba00000|  0%| F|  |TAMS 0x000000070b800000, 0x000000070b800000| Untracked 
|  46|0x000000070ba00000, 0x000000070ba00000, 0x000000070bc00000|  0%| F|  |TAMS 0x000000070ba00000, 0x000000070ba00000| Untracked 
|  47|0x000000070bc00000, 0x000000070bc00000, 0x000000070be00000|  0%| F|  |TAMS 0x000000070bc00000, 0x000000070bc00000| Untracked 
|  48|0x000000070be00000, 0x000000070be00000, 0x000000070c000000|  0%| F|  |TAMS 0x000000070be00000, 0x000000070be00000| Untracked 
|  49|0x000000070c000000, 0x000000070c000000, 0x000000070c200000|  0%| F|  |TAMS 0x000000070c000000, 0x000000070c000000| Untracked 
|  50|0x000000070c200000, 0x000000070c200000, 0x000000070c400000|  0%| F|  |TAMS 0x000000070c200000, 0x000000070c200000| Untracked 
|  51|0x000000070c400000, 0x000000070c400000, 0x000000070c600000|  0%| F|  |TAMS 0x000000070c400000, 0x000000070c400000| Untracked 
|  52|0x000000070c600000, 0x000000070c600000, 0x000000070c800000|  0%| F|  |TAMS 0x000000070c600000, 0x000000070c600000| Untracked 
|  53|0x000000070c800000, 0x000000070c800000, 0x000000070ca00000|  0%| F|  |TAMS 0x000000070c800000, 0x000000070c800000| Untracked 
|  54|0x000000070ca00000, 0x000000070ca00000, 0x000000070cc00000|  0%| F|  |TAMS 0x000000070ca00000, 0x000000070ca00000| Untracked 
|  55|0x000000070cc00000, 0x000000070cc00000, 0x000000070ce00000|  0%| F|  |TAMS 0x000000070cc00000, 0x000000070cc00000| Untracked 
|  56|0x000000070ce00000, 0x000000070ce00000, 0x000000070d000000|  0%| F|  |TAMS 0x000000070ce00000, 0x000000070ce00000| Untracked 
|  57|0x000000070d000000, 0x000000070d000000, 0x000000070d200000|  0%| F|  |TAMS 0x000000070d000000, 0x000000070d000000| Untracked 
|  58|0x000000070d200000, 0x000000070d200000, 0x000000070d400000|  0%| F|  |TAMS 0x000000070d200000, 0x000000070d200000| Untracked 
|  59|0x000000070d400000, 0x000000070d400000, 0x000000070d600000|  0%| F|  |TAMS 0x000000070d400000, 0x000000070d400000| Untracked 
|  60|0x000000070d600000, 0x000000070d600000, 0x000000070d800000|  0%| F|  |TAMS 0x000000070d600000, 0x000000070d600000| Untracked 
|  61|0x000000070d800000, 0x000000070d800000, 0x000000070da00000|  0%| F|  |TAMS 0x000000070d800000, 0x000000070d800000| Untracked 
|  62|0x000000070da00000, 0x000000070da00000, 0x000000070dc00000|  0%| F|  |TAMS 0x000000070da00000, 0x000000070da00000| Untracked 
|  63|0x000000070dc00000, 0x000000070dc00000, 0x000000070de00000|  0%| F|  |TAMS 0x000000070dc00000, 0x000000070dc00000| Untracked 
|  64|0x000000070de00000, 0x000000070de00000, 0x000000070e000000|  0%| F|  |TAMS 0x000000070de00000, 0x000000070de00000| Untracked 
|  65|0x000000070e000000, 0x000000070e000000, 0x000000070e200000|  0%| F|  |TAMS 0x000000070e000000, 0x000000070e000000| Untracked 
|  66|0x000000070e200000, 0x000000070e200000, 0x000000070e400000|  0%| F|  |TAMS 0x000000070e200000, 0x000000070e200000| Untracked 
|  67|0x000000070e400000, 0x000000070e400000, 0x000000070e600000|  0%| F|  |TAMS 0x000000070e400000, 0x000000070e400000| Untracked 
|  68|0x000000070e600000, 0x000000070e600000, 0x000000070e800000|  0%| F|  |TAMS 0x000000070e600000, 0x000000070e600000| Untracked 
|  69|0x000000070e800000, 0x000000070e800000, 0x000000070ea00000|  0%| F|  |TAMS 0x000000070e800000, 0x000000070e800000| Untracked 
|  70|0x000000070ea00000, 0x000000070ea00000, 0x000000070ec00000|  0%| F|  |TAMS 0x000000070ea00000, 0x000000070ea00000| Untracked 
| 125|0x0000000715800000, 0x0000000715800000, 0x0000000715a00000|  0%| F|  |TAMS 0x0000000715800000, 0x0000000715800000| Untracked 
|1993|0x00000007ff000000, 0x00000007ff200000, 0x00000007ff200000|100%| O|  |TAMS 0x00000007ff200000, 0x00000007ff000000| Untracked 
|1994|0x00000007ff200000, 0x00000007ff400000, 0x00000007ff400000|100%| O|  |TAMS 0x00000007ff400000, 0x00000007ff200000| Untracked 
|1995|0x00000007ff400000, 0x00000007ff600000, 0x00000007ff600000|100%| O|  |TAMS 0x00000007ff600000, 0x00000007ff400000| Untracked 
|1996|0x00000007ff600000, 0x00000007ff800000, 0x00000007ff800000|100%| O|  |TAMS 0x00000007ff800000, 0x00000007ff600000| Untracked 
|1997|0x00000007ff800000, 0x00000007ffa00000, 0x00000007ffa00000|100%| O|  |TAMS 0x00000007ffa00000, 0x00000007ff800000| Untracked 
|1998|0x00000007ffa00000, 0x00000007ffc00000, 0x00000007ffc00000|100%| O|  |TAMS 0x00000007ffc00000, 0x00000007ffa00000| Untracked 
|1999|0x00000007ffc00000, 0x00000007ffe00000, 0x00000007ffe00000|100%| O|  |TAMS 0x00000007ffe00000, 0x00000007ffc00000| Untracked 
|2000|0x00000007ffe00000, 0x0000000800000000, 0x0000000800000000|100%| O|  |TAMS 0x0000000800000000, 0x00000007ffe00000| Untracked 

Card table byte_map: [0x0000022ffd830000,0x0000022ffe010000] _byte_map_base: 0x0000022ffa001000

Marking Bits (Prev, Next): (CMBitMap*) 0x0000022fe58d1dd0, (CMBitMap*) 0x0000022fe58d1e10
 Prev Bits: [0x0000022f80000000, 0x0000022f83e88000)
 Next Bits: [0x0000022f83e90000, 0x0000022f87d18000)

Polling page: 0x0000022fe37e0000

Metaspace:

Usage:
  Non-class:     25.12 MB used.
      Class:      2.90 MB used.
       Both:     28.02 MB used.

Virtual space:
  Non-class space:       64.00 MB reserved,      25.38 MB ( 40%) committed,  1 nodes.
      Class space:        1.00 GB reserved,       3.19 MB ( <1%) committed,  1 nodes.
             Both:        1.06 GB reserved,      28.56 MB (  3%) committed. 

Chunk freelists:
   Non-Class:  1.95 MB
       Class:  809.00 KB
        Both:  2.74 MB

MaxMetaspaceSize: unlimited
CompressedClassSpaceSize: 1.00 GB
Initial GC threshold: 21.00 MB
Current GC threshold: 41.69 MB
CDS: on
MetaspaceReclaimPolicy: balanced
 - commit_granule_bytes: 65536.
 - commit_granule_words: 8192.
 - virtual_space_node_default_size: 8388608.
 - enlarge_chunks_in_place: 1.
 - new_chunks_are_fully_committed: 0.
 - uncommit_free_chunks: 1.
 - use_allocation_guard: 0.


Internal statistics:

num_allocs_failed_limit: 3.
num_arena_births: 638.
num_arena_deaths: 0.
num_vsnodes_births: 2.
num_vsnodes_deaths: 0.
num_space_committed: 457.
num_space_uncommitted: 0.
num_chunks_returned_to_freelist: 3.
num_chunks_taken_from_freelist: 1773.
num_chunk_merges: 3.
num_chunk_splits: 1199.
num_chunks_enlarged: 814.
num_inconsistent_stats: 0.

CodeHeap 'non-profiled nmethods': size=119168Kb used=4892Kb max_used=4892Kb free=114275Kb
 bounds [0x0000022ff5360000, 0x0000022ff5830000, 0x0000022ffc7c0000]
CodeHeap 'profiled nmethods': size=119104Kb used=17134Kb max_used=17134Kb free=101969Kb
 bounds [0x0000022fed7c0000, 0x0000022fee880000, 0x0000022ff4c10000]
CodeHeap 'non-nmethods': size=7488Kb used=3005Kb max_used=3135Kb free=4482Kb
 bounds [0x0000022ff4c10000, 0x0000022ff4f30000, 0x0000022ff5360000]
 total_blobs=8042 nmethods=7503 adapters=446
 compilation: enabled
              stopped_count=0, restarted_count=0
 full_count=0

Compilation events (20 events):
Event: 4.172 Thread 0x0000022fff78f580 nmethod 8396 0x0000022fee86ab10 code [0x0000022fee86acc0, 0x0000022fee86aec8]
Event: 4.174 Thread 0x0000022fff78fb10 8262       4       com.sun.tools.javac.comp.Resolve::findIdentInPackage (22 bytes)
Event: 4.174 Thread 0x0000022fff78c900 8402       3       lombok.javac.JavacNode::traverse (774 bytes)
Event: 4.177 Thread 0x0000022fff78df40 8403       2       lombok.javac.handlers.HandleVal::eq (58 bytes)
Event: 4.178 Thread 0x0000022fff78df40 nmethod 8403 0x0000022fee86af90 code [0x0000022fee86b1c0, 0x0000022fee86b608]
Event: 4.179 Thread 0x0000022fff78df40 8404   !   2       lombok.javac.handlers.HandleVal::endVisitLocal (989 bytes)
Event: 4.179 Thread 0x0000022fff78c900 nmethod 8402 0x0000022fee86b890 code [0x0000022fee86c120, 0x0000022fee874808]
Event: 4.179 Thread 0x0000022fff78ea60 8405       2       com.sun.tools.javac.tree.Pretty::printExprs (55 bytes)
Event: 4.180 Thread 0x0000022fff78c900 8406   !   2       com.sun.tools.javac.tree.Pretty::visitTypeApply (42 bytes)
Event: 4.180 Thread 0x0000022fff78f580 8407       2       com.sun.tools.javac.tree.Pretty::printExprs (8 bytes)
Event: 4.180 Thread 0x0000022fff78f580 nmethod 8407 0x0000022fee876110 code [0x0000022fee8762c0, 0x0000022fee8763e8]
Event: 4.180 Thread 0x0000022fff78ea60 nmethod 8405 0x0000022fee876490 code [0x0000022fee876660, 0x0000022fee876978]
Event: 4.180 Thread 0x0000022fff78c900 nmethod 8406 0x0000022fee876b90 code [0x0000022fee876da0, 0x0000022fee8770a8]
Event: 4.182 Thread 0x0000022fff78f580 8409       2       lombok.javac.JavacASTAdapter::visitAnnotationOnMethod (1 bytes)
Event: 4.182 Thread 0x0000022fff78f580 nmethod 8409 0x0000022feda00710 code [0x0000022feda008a0, 0x0000022feda00998]
Event: 4.183 Thread 0x0000022f8ecaa2d0 nmethod 8345 0x0000022ff5823510 code [0x0000022ff5823800, 0x0000022ff5824ad0]
Event: 4.185 Thread 0x0000022f8ecaa2d0 8408       4       lombok.javac.JavacNode::traverse (774 bytes)
Event: 4.186 Thread 0x0000022fff78eff0 nmethod 8244 0x0000022ff5825910 code [0x0000022ff5825b40, 0x0000022ff58266d0]
Event: 4.186 Thread 0x0000022fff78df40 nmethod 8404 0x0000022fee877390 code [0x0000022fee877ba0, 0x0000022fee87a9f8]
Event: 4.187 Thread 0x0000022fff78eff0 8263       4       com.sun.tools.javac.comp.Resolve::findIdentInPackageInternal (140 bytes)

GC Heap History (20 events):
Event: 2.412 GC heap after
{Heap after GC invocations=6 (full 0):
 garbage-first heap   total 83968K, used 30669K [0x0000000705e00000, 0x0000000800000000)
  region size 2048K, 1 young (2048K), 1 survivors (2048K)
 Metaspace       used 23935K, committed 24320K, reserved 1114112K
  class space    used 2538K, committed 2688K, reserved 1048576K
}
Event: 2.644 GC heap before
{Heap before GC invocations=6 (full 0):
 garbage-first heap   total 83968K, used 55245K [0x0000000705e00000, 0x0000000800000000)
  region size 2048K, 14 young (28672K), 1 survivors (2048K)
 Metaspace       used 24412K, committed 24832K, reserved 1114112K
  class space    used 2578K, committed 2752K, reserved 1048576K
}
Event: 2.647 GC heap after
{Heap after GC invocations=7 (full 0):
 garbage-first heap   total 83968K, used 38295K [0x0000000705e00000, 0x0000000800000000)
  region size 2048K, 2 young (4096K), 2 survivors (4096K)
 Metaspace       used 24412K, committed 24832K, reserved 1114112K
  class space    used 2578K, committed 2752K, reserved 1048576K
}
Event: 2.757 GC heap before
{Heap before GC invocations=7 (full 0):
 garbage-first heap   total 83968K, used 56727K [0x0000000705e00000, 0x0000000800000000)
  region size 2048K, 12 young (24576K), 2 survivors (4096K)
 Metaspace       used 24840K, committed 25216K, reserved 1114112K
  class space    used 2618K, committed 2816K, reserved 1048576K
}
Event: 2.761 GC heap after
{Heap after GC invocations=8 (full 0):
 garbage-first heap   total 83968K, used 43008K [0x0000000705e00000, 0x0000000800000000)
  region size 2048K, 2 young (4096K), 2 survivors (4096K)
 Metaspace       used 24840K, committed 25216K, reserved 1114112K
  class space    used 2618K, committed 2816K, reserved 1048576K
}
Event: 2.848 GC heap before
{Heap before GC invocations=8 (full 0):
 garbage-first heap   total 83968K, used 61440K [0x0000000705e00000, 0x0000000800000000)
  region size 2048K, 11 young (22528K), 2 survivors (4096K)
 Metaspace       used 25176K, committed 25600K, reserved 1114112K
  class space    used 2638K, committed 2880K, reserved 1048576K
}
Event: 2.853 GC heap after
{Heap after GC invocations=9 (full 0):
 garbage-first heap   total 167936K, used 46788K [0x0000000705e00000, 0x0000000800000000)
  region size 2048K, 2 young (4096K), 2 survivors (4096K)
 Metaspace       used 25176K, committed 25600K, reserved 1114112K
  class space    used 2638K, committed 2880K, reserved 1048576K
}
Event: 3.457 GC heap before
{Heap before GC invocations=10 (full 0):
 garbage-first heap   total 163840K, used 104132K [0x0000000705e00000, 0x0000000800000000)
  region size 2048K, 30 young (61440K), 2 survivors (4096K)
 Metaspace       used 27436K, committed 27904K, reserved 1114112K
  class space    used 2859K, committed 3072K, reserved 1048576K
}
Event: 3.464 GC heap after
{Heap after GC invocations=11 (full 0):
 garbage-first heap   total 163840K, used 53030K [0x0000000705e00000, 0x0000000800000000)
  region size 2048K, 4 young (8192K), 4 survivors (8192K)
 Metaspace       used 27436K, committed 27904K, reserved 1114112K
  class space    used 2859K, committed 3072K, reserved 1048576K
}
Event: 3.475 GC heap before
{Heap before GC invocations=11 (full 0):
 garbage-first heap   total 163840K, used 55078K [0x0000000705e00000, 0x0000000800000000)
  region size 2048K, 5 young (10240K), 4 survivors (8192K)
 Metaspace       used 27444K, committed 27904K, reserved 1114112K
  class space    used 2859K, committed 3072K, reserved 1048576K
}
Event: 3.480 GC heap after
{Heap after GC invocations=12 (full 0):
 garbage-first heap   total 163840K, used 53278K [0x0000000705e00000, 0x0000000800000000)
  region size 2048K, 1 young (2048K), 1 survivors (2048K)
 Metaspace       used 27444K, committed 27904K, reserved 1114112K
  class space    used 2859K, committed 3072K, reserved 1048576K
}
Event: 3.612 GC heap before
{Heap before GC invocations=12 (full 0):
 garbage-first heap   total 163840K, used 106526K [0x0000000705e00000, 0x0000000800000000)
  region size 2048K, 28 young (57344K), 1 survivors (2048K)
 Metaspace       used 27626K, committed 28096K, reserved 1114112K
  class space    used 2871K, committed 3136K, reserved 1048576K
}
Event: 3.612 GC heap after
{Heap after GC invocations=13 (full 0):
 garbage-first heap   total 163840K, used 52418K [0x0000000705e00000, 0x0000000800000000)
  region size 2048K, 1 young (2048K), 1 survivors (2048K)
 Metaspace       used 27626K, committed 28096K, reserved 1114112K
  class space    used 2871K, committed 3136K, reserved 1048576K
}
Event: 3.834 GC heap before
{Heap before GC invocations=13 (full 0):
 garbage-first heap   total 163840K, used 111810K [0x0000000705e00000, 0x0000000800000000)
  region size 2048K, 30 young (61440K), 1 survivors (2048K)
 Metaspace       used 28262K, committed 28800K, reserved 1114112K
  class space    used 2954K, committed 3200K, reserved 1048576K
}
Event: 3.835 GC heap after
{Heap after GC invocations=14 (full 0):
 garbage-first heap   total 163840K, used 52911K [0x0000000705e00000, 0x0000000800000000)
  region size 2048K, 1 young (2048K), 1 survivors (2048K)
 Metaspace       used 28262K, committed 28800K, reserved 1114112K
  class space    used 2954K, committed 3200K, reserved 1048576K
}
Event: 3.969 GC heap before
{Heap before GC invocations=14 (full 0):
 garbage-first heap   total 163840K, used 116399K [0x0000000705e00000, 0x0000000800000000)
  region size 2048K, 32 young (65536K), 1 survivors (2048K)
 Metaspace       used 28498K, committed 29056K, reserved 1114112K
  class space    used 2966K, committed 3264K, reserved 1048576K
}
Event: 3.971 GC heap after
{Heap after GC invocations=15 (full 0):
 garbage-first heap   total 163840K, used 54029K [0x0000000705e00000, 0x0000000800000000)
  region size 2048K, 1 young (2048K), 1 survivors (2048K)
 Metaspace       used 28498K, committed 29056K, reserved 1114112K
  class space    used 2966K, committed 3264K, reserved 1048576K
}
Event: 4.051 GC heap before
{Heap before GC invocations=15 (full 0):
 garbage-first heap   total 163840K, used 121613K [0x0000000705e00000, 0x0000000800000000)
  region size 2048K, 34 young (69632K), 1 survivors (2048K)
 Metaspace       used 28539K, committed 29120K, reserved 1114112K
  class space    used 2969K, committed 3264K, reserved 1048576K
}
Event: 4.053 GC heap after
{Heap after GC invocations=16 (full 0):
 garbage-first heap   total 163840K, used 54347K [0x0000000705e00000, 0x0000000800000000)
  region size 2048K, 2 young (4096K), 2 survivors (4096K)
 Metaspace       used 28539K, committed 29120K, reserved 1114112K
  class space    used 2969K, committed 3264K, reserved 1048576K
}
Event: 4.187 GC heap before
{Heap before GC invocations=16 (full 0):
 garbage-first heap   total 163840K, used 123979K [0x0000000705e00000, 0x0000000800000000)
  region size 2048K, 36 young (73728K), 2 survivors (4096K)
 Metaspace       used 28691K, committed 29248K, reserved 1114112K
  class space    used 2972K, committed 3264K, reserved 1048576K
}

Dll operation events (12 events):
Event: 0.004 Loaded shared library C:\Program Files\Java\jdk-19\bin\java.dll
Event: 0.010 Loaded shared library C:\Program Files\Java\jdk-19\bin\jsvml.dll
Event: 0.037 Loaded shared library C:\Program Files\Java\jdk-19\bin\zip.dll
Event: 0.038 Loaded shared library C:\Program Files\Java\jdk-19\bin\instrument.dll
Event: 0.041 Loaded shared library C:\Program Files\Java\jdk-19\bin\net.dll
Event: 0.042 Loaded shared library C:\Program Files\Java\jdk-19\bin\nio.dll
Event: 0.043 Loaded shared library C:\Program Files\Java\jdk-19\bin\zip.dll
Event: 0.051 Loaded shared library C:\Program Files\JetBrains\IntelliJ IDEA 2022.1.2\bin\breakgen64.dll
Event: 0.059 Loaded shared library C:\Program Files\Java\jdk-19\bin\extnet.dll
Event: 0.109 Loaded shared library C:\Program Files\Java\jdk-19\bin\jimage.dll
Event: 0.154 Loaded shared library C:\Users\99293\AppData\Local\Temp\jansi-2.4.0-22e3827827bd6375-jansi.dll
Event: 0.163 Loaded shared library C:\Program Files\Java\jdk-19\bin\verify.dll

Deoptimization events (20 events):
Event: 4.173 Thread 0x0000022fe585fbf0 Uncommon trap: trap_request=0xffffffc6 fr.pc=0x0000022ff5721e08 relative=0x0000000000000ce8
Event: 4.173 Thread 0x0000022fe585fbf0 Uncommon trap: reason=bimorphic_or_optimized_type_check action=maybe_recompile pc=0x0000022ff5721e08 method=lombok.javac.JavacNode.traverse(Llombok/javac/JavacASTVisitor;)V @ 113 c2
Event: 4.173 Thread 0x0000022fe585fbf0 DEOPT PACKING pc=0x0000022ff5721e08 sp=0x00000077900fd820
Event: 4.173 Thread 0x0000022fe585fbf0 DEOPT UNPACKING pc=0x0000022ff4c76da3 sp=0x00000077900fd7a8 mode 2
Event: 4.173 Thread 0x0000022fe585fbf0 Uncommon trap: trap_request=0xffffffc6 fr.pc=0x0000022ff5721590 relative=0x0000000000000470
Event: 4.173 Thread 0x0000022fe585fbf0 Uncommon trap: reason=bimorphic_or_optimized_type_check action=maybe_recompile pc=0x0000022ff5721590 method=lombok.javac.JavacNode.traverse(Llombok/javac/JavacASTVisitor;)V @ 153 c2
Event: 4.174 Thread 0x0000022fe585fbf0 DEOPT PACKING pc=0x0000022ff5721590 sp=0x00000077900fd740
Event: 4.174 Thread 0x0000022fe585fbf0 DEOPT UNPACKING pc=0x0000022ff4c76da3 sp=0x00000077900fd6c8 mode 2
Event: 4.174 Thread 0x0000022fe585fbf0 Uncommon trap: trap_request=0xffffffc6 fr.pc=0x0000022ff5721978 relative=0x0000000000000858
Event: 4.174 Thread 0x0000022fe585fbf0 Uncommon trap: reason=bimorphic_or_optimized_type_check action=maybe_recompile pc=0x0000022ff5721978 method=lombok.javac.JavacNode.traverse(Llombok/javac/JavacASTVisitor;)V @ 715 c2
Event: 4.174 Thread 0x0000022fe585fbf0 DEOPT PACKING pc=0x0000022ff5721978 sp=0x00000077900fd660
Event: 4.174 Thread 0x0000022fe585fbf0 DEOPT UNPACKING pc=0x0000022ff4c76da3 sp=0x00000077900fd5e8 mode 2
Event: 4.174 Thread 0x0000022fe585fbf0 Uncommon trap: trap_request=0xffffffc6 fr.pc=0x0000022ff57212f4 relative=0x00000000000001d4
Event: 4.174 Thread 0x0000022fe585fbf0 Uncommon trap: reason=bimorphic_or_optimized_type_check action=maybe_recompile pc=0x0000022ff57212f4 method=lombok.javac.JavacNode.traverse(Llombok/javac/JavacASTVisitor;)V @ 369 c2
Event: 4.174 Thread 0x0000022fe585fbf0 DEOPT PACKING pc=0x0000022ff57212f4 sp=0x00000077900fd660
Event: 4.174 Thread 0x0000022fe585fbf0 DEOPT UNPACKING pc=0x0000022ff4c76da3 sp=0x00000077900fd5e8 mode 2
Event: 4.174 Thread 0x0000022fe585fbf0 Uncommon trap: trap_request=0xffffffc6 fr.pc=0x0000022ff5721590 relative=0x0000000000000470
Event: 4.174 Thread 0x0000022fe585fbf0 Uncommon trap: reason=bimorphic_or_optimized_type_check action=maybe_recompile pc=0x0000022ff5721590 method=lombok.javac.JavacNode.traverse(Llombok/javac/JavacASTVisitor;)V @ 153 c2
Event: 4.174 Thread 0x0000022fe585fbf0 DEOPT PACKING pc=0x0000022ff5721590 sp=0x00000077900fd740
Event: 4.174 Thread 0x0000022fe585fbf0 DEOPT UNPACKING pc=0x0000022ff4c76da3 sp=0x00000077900fd6c8 mode 2

Classes loaded (20 events):
Event: 3.198 Loading class java/util/Vector$1
Event: 3.198 Loading class java/util/Vector$1 done
Event: 3.200 Loading class java/io/PushbackInputStream
Event: 3.200 Loading class java/io/PushbackInputStream done
Event: 3.299 Loading class java/util/Collections$UnmodifiableSortedSet
Event: 3.299 Loading class java/util/Collections$UnmodifiableSortedSet done
Event: 3.392 Loading class java/util/IdentityHashMap$EntrySet
Event: 3.392 Loading class java/util/IdentityHashMap$EntrySet done
Event: 3.392 Loading class java/util/IdentityHashMap$EntryIterator
Event: 3.392 Loading class java/util/IdentityHashMap$EntryIterator done
Event: 3.392 Loading class java/util/IdentityHashMap$EntryIterator$Entry
Event: 3.392 Loading class java/util/IdentityHashMap$EntryIterator$Entry done
Event: 3.672 Loading class java/util/regex/Pattern$SliceI
Event: 3.672 Loading class java/util/regex/Pattern$SliceI done
Event: 3.711 Loading class java/util/regex/Pattern$Loop
Event: 3.711 Loading class java/util/regex/Pattern$Loop done
Event: 3.711 Loading class java/util/regex/Pattern$Prolog
Event: 3.711 Loading class java/util/regex/Pattern$Prolog done
Event: 3.722 Loading class java/util/regex/Pattern$LazyLoop
Event: 3.722 Loading class java/util/regex/Pattern$LazyLoop done

Classes unloaded (0 events):
No events

Classes redefined (0 events):
No events

Internal exceptions (20 events):
Event: 3.709 Thread 0x0000022fe585fbf0 Exception <a 'java/lang/NoSuchMethodError'{0x000000070d079800}: 'java.lang.Object java.lang.invoke.DirectMethodHandle$Holder.invokeSpecial(java.lang.Object, java.lang.Object, java.lang.Object, long, java.lang.Object)'> (0x000000070d079800) 
thrown [s\open\src\hotspot\share\interpreter\linkResolver.cpp, line 774]
Event: 3.709 Thread 0x0000022fe585fbf0 Exception <a 'java/lang/NoSuchMethodError'{0x000000070d07d750}: 'java.lang.Object java.lang.invoke.DelegatingMethodHandle$Holder.reinvoke_L(java.lang.Object, java.lang.Object, long, java.lang.Object)'> (0x000000070d07d750) 
thrown [s\open\src\hotspot\share\interpreter\linkResolver.cpp, line 774]
Event: 3.711 Thread 0x0000022fe585fbf0 Exception <a 'java/lang/NoSuchMethodError'{0x000000070d094ab0}: 'java.lang.Object java.lang.invoke.DirectMethodHandle$Holder.invokeVirtual(java.lang.Object, java.lang.Object, java.lang.Object, java.lang.Object, java.lang.Object, java.lang.Object, java.lang.Object, java.lang.Object, java.lang.Object, java.lang.Object)'> (0x000000070d094ab0) 
thrown [s\open\src\hotspot\share\interpreter\linkResolver.cpp, line 774]
Event: 3.728 Thread 0x0000022fe585fbf0 Exception <a 'java/lang/NoSuchMethodError'{0x000000070d1bc6a8}: 'void java.lang.invoke.DirectMethodHandle$Holder.invokeVirtual(java.lang.Object, java.lang.Object)'> (0x000000070d1bc6a8) 
thrown [s\open\src\hotspot\share\interpreter\linkResolver.cpp, line 774]
Event: 3.729 Thread 0x0000022fe585fbf0 Exception <a 'java/lang/NoSuchMethodError'{0x000000070d1c6f40}: 'void java.lang.invoke.DirectMethodHandle$Holder.invokeVirtual(java.lang.Object, java.lang.Object, java.lang.Object, java.lang.Object)'> (0x000000070d1c6f40) 
thrown [s\open\src\hotspot\share\interpreter\linkResolver.cpp, line 774]
Event: 3.736 Thread 0x0000022fe585fbf0 Exception <a 'java/lang/NoSuchMethodError'{0x000000070ce10e98}: 'java.lang.Object java.lang.invoke.DirectMethodHandle$Holder.invokeVirtual(java.lang.Object, java.lang.Object, java.lang.Object, java.lang.Object, java.lang.Object, java.lang.Object)'> (0x000000070ce10e98) 
thrown [s\open\src\hotspot\share\interpreter\linkResolver.cpp, line 774]
Event: 3.747 Thread 0x0000022fe585fbf0 Exception <a 'java/lang/NoSuchMethodError'{0x000000070cee1200}: 'java.lang.Object java.lang.invoke.DirectMethodHandle$Holder.invokeVirtual(java.lang.Object, java.lang.Object, java.lang.Object, java.lang.Object, java.lang.Object)'> (0x000000070cee1200) 
thrown [s\open\src\hotspot\share\interpreter\linkResolver.cpp, line 774]
Event: 3.752 Thread 0x0000022fe585fbf0 Exception <a 'java/lang/NoSuchMethodError'{0x000000070cf2b4a0}: 'java.lang.Object java.lang.invoke.DirectMethodHandle$Holder.invokeVirtual(java.lang.Object, java.lang.Object, long)'> (0x000000070cf2b4a0) 
thrown [s\open\src\hotspot\share\interpreter\linkResolver.cpp, line 774]
Event: 4.071 Thread 0x0000022fe585fbf0 Exception <a 'sun/nio/fs/WindowsException'{0x000000070e8fdf48}> (0x000000070e8fdf48) 
thrown [s\open\src\hotspot\share\prims\jni.cpp, line 517]
Event: 4.071 Thread 0x0000022fe585fbf0 Exception <a 'sun/nio/fs/WindowsException'{0x000000070e8fe268}> (0x000000070e8fe268) 
thrown [s\open\src\hotspot\share\prims\jni.cpp, line 517]
Event: 4.071 Thread 0x0000022fe585fbf0 Exception <a 'sun/nio/fs/WindowsException'{0x000000070e8ff1c8}> (0x000000070e8ff1c8) 
thrown [s\open\src\hotspot\share\prims\jni.cpp, line 517]
Event: 4.071 Thread 0x0000022fe585fbf0 Exception <a 'sun/nio/fs/WindowsException'{0x000000070e8ff578}> (0x000000070e8ff578) 
thrown [s\open\src\hotspot\share\prims\jni.cpp, line 517]
Event: 4.071 Thread 0x0000022fe585fbf0 Exception <a 'sun/nio/fs/WindowsException'{0x000000070e900810}> (0x000000070e900810) 
thrown [s\open\src\hotspot\share\prims\jni.cpp, line 517]
Event: 4.071 Thread 0x0000022fe585fbf0 Exception <a 'sun/nio/fs/WindowsException'{0x000000070e900b40}> (0x000000070e900b40) 
thrown [s\open\src\hotspot\share\prims\jni.cpp, line 517]
Event: 4.134 Thread 0x0000022fe585fbf0 Exception <a 'sun/nio/fs/WindowsException'{0x000000070c5fb790}> (0x000000070c5fb790) 
thrown [s\open\src\hotspot\share\prims\jni.cpp, line 517]
Event: 4.134 Thread 0x0000022fe585fbf0 Exception <a 'sun/nio/fs/WindowsException'{0x000000070c5fbab0}> (0x000000070c5fbab0) 
thrown [s\open\src\hotspot\share\prims\jni.cpp, line 517]
Event: 4.135 Thread 0x0000022fe585fbf0 Exception <a 'sun/nio/fs/WindowsException'{0x000000070c5fca10}> (0x000000070c5fca10) 
thrown [s\open\src\hotspot\share\prims\jni.cpp, line 517]
Event: 4.135 Thread 0x0000022fe585fbf0 Exception <a 'sun/nio/fs/WindowsException'{0x000000070c5fcdc0}> (0x000000070c5fcdc0) 
thrown [s\open\src\hotspot\share\prims\jni.cpp, line 517]
Event: 4.135 Thread 0x0000022fe585fbf0 Exception <a 'sun/nio/fs/WindowsException'{0x000000070c5fde00}> (0x000000070c5fde00) 
thrown [s\open\src\hotspot\share\prims\jni.cpp, line 517]
Event: 4.135 Thread 0x0000022fe585fbf0 Exception <a 'sun/nio/fs/WindowsException'{0x000000070c5fe130}> (0x000000070c5fe130) 
thrown [s\open\src\hotspot\share\prims\jni.cpp, line 517]

VM Operations (20 events):
Event: 2.970 Executing VM operation: ICBufferFull done
Event: 3.122 Executing VM operation: HandshakeAllThreads
Event: 3.122 Executing VM operation: HandshakeAllThreads done
Event: 3.123 Executing VM operation: ICBufferFull
Event: 3.124 Executing VM operation: ICBufferFull done
Event: 3.457 Executing VM operation: G1CollectForAllocation
Event: 3.464 Executing VM operation: G1CollectForAllocation done
Event: 3.475 Executing VM operation: G1CollectForAllocation
Event: 3.480 Executing VM operation: G1CollectForAllocation done
Event: 3.611 Executing VM operation: G1CollectForAllocation
Event: 3.612 Executing VM operation: G1CollectForAllocation done
Event: 3.831 Executing VM operation: G1CollectForAllocation
Event: 3.835 Executing VM operation: G1CollectForAllocation done
Event: 3.969 Executing VM operation: G1CollectForAllocation
Event: 3.971 Executing VM operation: G1CollectForAllocation done
Event: 4.051 Executing VM operation: G1CollectForAllocation
Event: 4.053 Executing VM operation: G1CollectForAllocation done
Event: 4.105 Executing VM operation: ICBufferFull
Event: 4.105 Executing VM operation: ICBufferFull done
Event: 4.187 Executing VM operation: G1CollectForAllocation

Events (20 events):
Event: 2.353 Thread 0x0000022fff7b6a80 flushing nmethod 0x0000022fee2f9290
Event: 2.353 Thread 0x0000022fff7b6a80 flushing nmethod 0x0000022fee301f10
Event: 2.353 Thread 0x0000022fff7b6a80 flushing nmethod 0x0000022fee303210
Event: 2.353 Thread 0x0000022fff7b6a80 flushing nmethod 0x0000022fee309210
Event: 2.353 Thread 0x0000022fff7b6a80 flushing nmethod 0x0000022fee309f90
Event: 2.353 Thread 0x0000022fff7b6a80 flushing nmethod 0x0000022fee314090
Event: 2.353 Thread 0x0000022fff7b6a80 flushing nmethod 0x0000022fee330790
Event: 2.353 Thread 0x0000022fff7b6a80 flushing nmethod 0x0000022fee346410
Event: 2.353 Thread 0x0000022fff7b6a80 flushing nmethod 0x0000022fee36a610
Event: 3.126 Thread 0x0000022fff7b6a80 flushing nmethod 0x0000022fee25d290
Event: 3.126 Thread 0x0000022fff7b6a80 flushing nmethod 0x0000022fee25d690
Event: 3.126 Thread 0x0000022fff7b6a80 flushing nmethod 0x0000022fee264810
Event: 3.126 Thread 0x0000022fff7b6a80 flushing nmethod 0x0000022fee272c90
Event: 3.126 Thread 0x0000022fff7b6a80 flushing nmethod 0x0000022fee2fb790
Event: 3.127 Thread 0x0000022fff7b6a80 flushing nmethod 0x0000022fee345a10
Event: 3.127 Thread 0x0000022fff7b6a80 flushing nmethod 0x0000022fee37cb10
Event: 3.127 Thread 0x0000022fff7b6a80 flushing nmethod 0x0000022fee37df90
Event: 3.127 Thread 0x0000022fff7b6a80 flushing nmethod 0x0000022fee37eb90
Event: 3.269 Thread 0x0000022f8eca7650 Thread exited: 0x0000022f8eca7650
Event: 3.535 Thread 0x0000022f8eca70c0 Thread added: 0x0000022f8eca70c0


Dynamic libraries:
0x00007ff7d17a0000 - 0x00007ff7d17b0000 	C:\Program Files\Java\jdk-19\bin\java.exe
0x00007ff8634f0000 - 0x00007ff863707000 	C:\WINDOWS\SYSTEM32\ntdll.dll
0x00007ff861ba0000 - 0x00007ff861c64000 	C:\WINDOWS\System32\KERNEL32.DLL
0x00007ff860cc0000 - 0x00007ff86106d000 	C:\WINDOWS\System32\KERNELBASE.dll
0x00007ff8607f0000 - 0x00007ff860901000 	C:\WINDOWS\System32\ucrtbase.dll
0x00007ff850e40000 - 0x00007ff850e58000 	C:\Program Files\Java\jdk-19\bin\jli.dll
0x00007ff850e20000 - 0x00007ff850e3b000 	C:\Program Files\Java\jdk-19\bin\VCRUNTIME140.dll
0x00007ff862ef0000 - 0x00007ff862fa2000 	C:\WINDOWS\System32\ADVAPI32.dll
0x00007ff861860000 - 0x00007ff861907000 	C:\WINDOWS\System32\msvcrt.dll
0x00007ff861c70000 - 0x00007ff861d19000 	C:\WINDOWS\System32\sechost.dll
0x00007ff8611d0000 - 0x00007ff8611f8000 	C:\WINDOWS\System32\bcrypt.dll
0x00007ff862cf0000 - 0x00007ff862e04000 	C:\WINDOWS\System32\RPCRT4.dll
0x00007ff861200000 - 0x00007ff8613ae000 	C:\WINDOWS\System32\USER32.dll
0x00007ff860b20000 - 0x00007ff860b46000 	C:\WINDOWS\System32\win32u.dll
0x00007ff8614b0000 - 0x00007ff8614d9000 	C:\WINDOWS\System32\GDI32.dll
0x00007ff860910000 - 0x00007ff860a29000 	C:\WINDOWS\System32\gdi32full.dll
0x00007ff84de90000 - 0x00007ff84e123000 	C:\WINDOWS\WinSxS\amd64_microsoft.windows.common-controls_6595b64144ccf1df_6.0.22621.3672_none_2713b9d173822955\COMCTL32.dll
0x00007ff861130000 - 0x00007ff8611ca000 	C:\WINDOWS\System32\msvcp_win.dll
0x00007ff8581b0000 - 0x00007ff8581ba000 	C:\WINDOWS\SYSTEM32\VERSION.dll
0x00007ff863440000 - 0x00007ff863471000 	C:\WINDOWS\System32\IMM32.DLL
0x00007ff857550000 - 0x00007ff85755c000 	C:\Program Files\Java\jdk-19\bin\vcruntime140_1.dll
0x00007ff843ce0000 - 0x00007ff843d6e000 	C:\Program Files\Java\jdk-19\bin\msvcp140.dll
0x00007ffff3900000 - 0x00007ffff45c0000 	C:\Program Files\Java\jdk-19\bin\server\jvm.dll
0x00007ff85d220000 - 0x00007ff85d229000 	C:\WINDOWS\SYSTEM32\WSOCK32.dll
0x00007ff85a3c0000 - 0x00007ff85a3f4000 	C:\WINDOWS\SYSTEM32\WINMM.dll
0x00007ff861b00000 - 0x00007ff861b71000 	C:\WINDOWS\System32\WS2_32.dll
0x00007ff85f910000 - 0x00007ff85f928000 	C:\WINDOWS\SYSTEM32\kernel.appcore.dll
0x00007ff856c20000 - 0x00007ff856c2a000 	C:\Program Files\Java\jdk-19\bin\jimage.dll
0x00007ff85dff0000 - 0x00007ff85e222000 	C:\WINDOWS\SYSTEM32\DBGHELP.DLL
0x00007ff862030000 - 0x00007ff8623b8000 	C:\WINDOWS\System32\combase.dll
0x00007ff862e10000 - 0x00007ff862ee7000 	C:\WINDOWS\System32\OLEAUT32.dll
0x00007ff857d10000 - 0x00007ff857d42000 	C:\WINDOWS\SYSTEM32\dbgcore.DLL
0x00007ff860aa0000 - 0x00007ff860b1b000 	C:\WINDOWS\System32\bcryptPrimitives.dll
0x00007ff8575b0000 - 0x00007ff8575be000 	C:\Program Files\Java\jdk-19\bin\instrument.dll
0x00007ff850a70000 - 0x00007ff850a96000 	C:\Program Files\Java\jdk-19\bin\java.dll
0x00007ff843c00000 - 0x00007ff843cd7000 	C:\Program Files\Java\jdk-19\bin\jsvml.dll
0x00007ff8623c0000 - 0x00007ff862c1f000 	C:\WINDOWS\System32\SHELL32.dll
0x00007ff85e710000 - 0x00007ff85f00c000 	C:\WINDOWS\SYSTEM32\windows.storage.dll
0x00007ff85e5c0000 - 0x00007ff85e6ff000 	C:\WINDOWS\SYSTEM32\wintypes.dll
0x00007ff861760000 - 0x00007ff861854000 	C:\WINDOWS\System32\SHCORE.dll
0x00007ff861d90000 - 0x00007ff861dee000 	C:\WINDOWS\System32\shlwapi.dll
0x00007ff860720000 - 0x00007ff860741000 	C:\WINDOWS\SYSTEM32\profapi.dll
0x00007ff850230000 - 0x00007ff850248000 	C:\Program Files\Java\jdk-19\bin\zip.dll
0x00007ff850a50000 - 0x00007ff850a63000 	C:\Program Files\Java\jdk-19\bin\net.dll
0x00007ff85bff0000 - 0x00007ff85c126000 	C:\WINDOWS\SYSTEM32\WINHTTP.dll
0x00007ff85fd80000 - 0x00007ff85fde9000 	C:\WINDOWS\system32\mswsock.dll
0x00007ff850a30000 - 0x00007ff850a46000 	C:\Program Files\Java\jdk-19\bin\nio.dll
0x00007ff857590000 - 0x00007ff8575aa000 	C:\Program Files\JetBrains\IntelliJ IDEA 2022.1.2\bin\breakgen64.dll
0x00007ff855ee0000 - 0x00007ff855ee8000 	C:\Program Files\Java\jdk-19\bin\extnet.dll
0x0000000069ac0000 - 0x0000000069ae4000 	C:\Users\99293\AppData\Local\Temp\jansi-2.4.0-22e3827827bd6375-jansi.dll
0x00007ff850a20000 - 0x00007ff850a30000 	C:\Program Files\Java\jdk-19\bin\verify.dll

dbghelp: loaded successfully - version: 4.0.5 - missing functions: none
symbol engine: initialized successfully - sym options: 0x614 - pdb path: .;C:\Program Files\Java\jdk-19\bin;C:\WINDOWS\SYSTEM32;C:\WINDOWS\WinSxS\amd64_microsoft.windows.common-controls_6595b64144ccf1df_6.0.22621.3672_none_2713b9d173822955;C:\Program Files\Java\jdk-19\bin\server;C:\Program Files\JetBrains\IntelliJ IDEA 2022.1.2\bin;C:\Users\99293\AppData\Local\Temp

VM Arguments:
jvm_args: -Dmaven.multiModuleProjectDirectory=D:\unitedStates_storage-master\unitedStates_storage -Dmaven.home=C:\Users\99293\.m2\wrapper\dists\apache-maven-3.8.6-bin\1ks0nkde5v1pk9vtc31i9d0lcd\apache-maven-3.8.6 -Dclassworlds.conf=C:\Users\99293\.m2\wrapper\dists\apache-maven-3.8.6-bin\1ks0nkde5v1pk9vtc31i9d0lcd\apache-maven-3.8.6\bin\m2.conf -Dmaven.ext.class.path=C:\Program Files\JetBrains\IntelliJ IDEA 2022.1.2\plugins\maven\lib\maven-event-listener.jar -javaagent:C:\Program Files\JetBrains\IntelliJ IDEA 2022.1.2\lib\idea_rt.jar=54047:C:\Program Files\JetBrains\IntelliJ IDEA 2022.1.2\bin -Dfile.encoding=UTF-8 
java_command: org.codehaus.classworlds.Launcher -Didea.version=2022.1.2 package
java_class_path (initial): C:\Users\99293\.m2\wrapper\dists\apache-maven-3.8.6-bin\1ks0nkde5v1pk9vtc31i9d0lcd\apache-maven-3.8.6\boot\plexus-classworlds-2.6.0.jar;C:\Users\99293\.m2\wrapper\dists\apache-maven-3.8.6-bin\1ks0nkde5v1pk9vtc31i9d0lcd\apache-maven-3.8.6\boot\plexus-classworlds.license
Launcher Type: SUN_STANDARD

[Global flags]
     intx CICompilerCount                          = 12                                        {product} {ergonomic}
     uint ConcGCThreads                            = 3                                         {product} {ergonomic}
     uint G1ConcRefinementThreads                  = 13                                        {product} {ergonomic}
   size_t G1HeapRegionSize                         = 2097152                                   {product} {ergonomic}
    uintx GCDrainStackTargetSize                   = 64                                        {product} {ergonomic}
   size_t InitialHeapSize                          = 264241152                                 {product} {ergonomic}
   size_t MarkStackSize                            = 4194304                                   {product} {ergonomic}
   size_t MaxHeapSize                              = 4196401152                                {product} {ergonomic}
   size_t MaxNewSize                               = 2516582400                                {product} {ergonomic}
   size_t MinHeapDeltaBytes                        = 2097152                                   {product} {ergonomic}
   size_t MinHeapSize                              = 8388608                                   {product} {ergonomic}
    uintx NonNMethodCodeHeapSize                   = 7602480                                {pd product} {ergonomic}
    uintx NonProfiledCodeHeapSize                  = 122027880                              {pd product} {ergonomic}
    uintx ProfiledCodeHeapSize                     = 122027880                              {pd product} {ergonomic}
    uintx ReservedCodeCacheSize                    = 251658240                              {pd product} {ergonomic}
     bool SegmentedCodeCache                       = true                                      {product} {ergonomic}
   size_t SoftMaxHeapSize                          = 4196401152                             {manageable} {ergonomic}
     bool UseCompressedClassPointers               = true                           {product lp64_product} {ergonomic}
     bool UseCompressedOops                        = true                           {product lp64_product} {ergonomic}
     bool UseG1GC                                  = true                                      {product} {ergonomic}
     bool UseLargePagesIndividualAllocation        = false                                  {pd product} {ergonomic}

Logging:
Log output configuration:
 #0: stdout all=warning uptime,level,tags foldmultilines=false
 #1: stderr all=off uptime,level,tags foldmultilines=false

Environment Variables:
JAVA_HOME=C:\Program Files\Java\jdk-19
PATH=C:\Program Files\Common Files\Oracle\Java\javapath;C:\Windows\system32;C:\Windows;C:\Windows\System32\Wbem;C:\Windows\System32\WindowsPowerShell\v1.0\;C:\Windows\System32\OpenSSH\;C:\Program Files (x86)\NVIDIA Corporation\PhysX\Common;C:\Program Files\NVIDIA Corporation\NVIDIA NvDLISR;C:\Program Files\Git\cmd;C:\Program Files (x86)\dotnet\;C:\WINDOWS\system32;C:\WINDOWS;C:\WINDOWS\System32\Wbem;C:\WINDOWS\System32\WindowsPowerShell\v1.0\;C:\WINDOWS\System32\OpenSSH\;C:\Program Files\Java\jdk-19\bin;C:\Users\99293\AppData\Local\Programs\Python\Python311\Scripts\;C:\Users\99293\AppData\Local\Programs\Python\Python311\;C:\Users\99293\AppData\Local\Microsoft\WindowsApps;;C:\Program Files\JetBrains\IntelliJ IDEA 2022.1.2\bin;;C:\Program Files\heroku\bin
USERNAME=ASUS
OS=Windows_NT
PROCESSOR_IDENTIFIER=Intel64 Family 6 Model 154 Stepping 3, GenuineIntel
TMP=C:\Users\99293\AppData\Local\Temp
TEMP=C:\Users\99293\AppData\Local\Temp



---------------  S Y S T E M  ---------------

OS:
 Windows 11 , 64 bit Build 22621 (10.0.22621.3672)
OS uptime: 0 days 15:25 hours
Hyper-V role detected

CPU: total 16 (initial active 16) (8 cores per cpu, 2 threads per core) family 6 model 154 stepping 3 microcode 0x41c, cx8, cmov, fxsr, ht, mmx, 3dnowpref, sse, sse2, sse3, ssse3, sse4.1, sse4.2, popcnt, lzcnt, tsc, tscinvbit, avx, avx2, aes, erms, clmul, bmi1, bmi2, adx, sha, fma, vzeroupper, clflush, clflushopt, clwb, hv, serialize, rdtscp, rdpid, fsrm

Memory: 4k page, system-wide physical 16005M (1801M free)
TotalPageFile size 18053M (AvailPageFile size 106M)
current process WorkingSet (physical memory assigned to process): 390M, peak: 404M
current process commit charge ("private bytes"): 454M, peak: 561M

vm_info: Java HotSpot(TM) 64-Bit Server VM (19.0.2+7-44) for windows-amd64 JRE (19.0.2+7-44), built on 2022-11-30T18:02:09Z by "mach5one" with MS VC++ 17.1 (VS2022)

END.
