#
# There is insufficient memory for the Java Runtime Environment to continue.
# Native memory allocation (mmap) failed to map 130023424 bytes for G1 virtual space
# Possible reasons:
#   The system is out of physical RAM or swap space
#   The process is running with CompressedOops enabled, and the Java Heap may be blocking the growth of the native heap
# Possible solutions:
#   Reduce memory load on the system
#   Increase physical memory or swap space
#   Check if swap backing store is full
#   Decrease Java heap size (-Xmx/-Xms)
#   Decrease number of Java threads
#   Decrease Java thread stack sizes (-Xss)
#   Set larger code cache with -XX:ReservedCodeCacheSize=
#   JVM is running with Zero Based Compressed Oops mode in which the Java heap is
#     placed in the first 32GB address space. The Java Heap base address is the
#     maximum limit for the native heap growth. Please use -XX:HeapBaseMinAddress
#     to set the Java Heap base and to place the Java Heap above 32GB virtual address.
# This output file may be truncated or incomplete.
#
#  Out of Memory Error (os_windows.cpp:3536), pid=11176, tid=15148
#
# JRE version: Java(TM) SE Runtime Environment (19.0.2+7) (build 19.0.2+7-44)
# Java VM: Java HotSpot(TM) 64-Bit Server VM (19.0.2+7-44, mixed mode, sharing, tiered, compressed oops, compressed class ptrs, g1 gc, windows-amd64)
# No core dump will be written. Minidumps are not enabled by default on client versions of Windows
#

---------------  S U M M A R Y ------------

Command Line: -Dmaven.multiModuleProjectDirectory=D:\unitedStates_storage-master\unitedStates_storage -Dmaven.home=C:\Users\99293\.m2\wrapper\dists\apache-maven-3.8.6-bin\1ks0nkde5v1pk9vtc31i9d0lcd\apache-maven-3.8.6 -Dclassworlds.conf=C:\Users\99293\.m2\wrapper\dists\apache-maven-3.8.6-bin\1ks0nkde5v1pk9vtc31i9d0lcd\apache-maven-3.8.6\bin\m2.conf -Dmaven.ext.class.path=C:\Program Files\JetBrains\IntelliJ IDEA 2022.1.2\plugins\maven\lib\maven-event-listener.jar -javaagent:C:\Program Files\JetBrains\IntelliJ IDEA 2022.1.2\lib\idea_rt.jar=53098:C:\Program Files\JetBrains\IntelliJ IDEA 2022.1.2\bin -Dfile.encoding=UTF-8 org.codehaus.classworlds.Launcher -Didea.version=2022.1.2 package

Host: 12th Gen Intel(R) Core(TM) i7-12650H, 16 cores, 15G,  Windows 11 , 64 bit Build 22621 (10.0.22621.3958)
Time: Sat Sep 28 22:51:59 2024  Windows 11 , 64 bit Build 22621 (10.0.22621.3958) elapsed time: 5.320234 seconds (0d 0h 0m 5s)

---------------  T H R E A D  ---------------

Current thread (0x000001e768734d30):  VMThread "VM Thread" [stack: 0x0000008205000000,0x0000008205100000] [id=15148]

Stack: [0x0000008205000000,0x0000008205100000]
Native frames: (J=compiled Java code, j=interpreted, Vv=VM code, C=native code)
V  [jvm.dll+0x6ee21a]
V  [jvm.dll+0x85765e]
V  [jvm.dll+0x85904e]
V  [jvm.dll+0x859703]
V  [jvm.dll+0x28298f]
V  [jvm.dll+0x6eb009]
V  [jvm.dll+0x6dfbaa]
V  [jvm.dll+0x3573f6]
V  [jvm.dll+0x35ee56]
V  [jvm.dll+0x3b541e]
V  [jvm.dll+0x3b564f]
V  [jvm.dll+0x32c9ea]
V  [jvm.dll+0x32ca97]
V  [jvm.dll+0x374cd2]
V  [jvm.dll+0x37340f]
V  [jvm.dll+0x32c210]
V  [jvm.dll+0x3729ab]
V  [jvm.dll+0x85ebc3]
V  [jvm.dll+0x85f989]
V  [jvm.dll+0x85febd]
V  [jvm.dll+0x86034b]
V  [jvm.dll+0x860407]
V  [jvm.dll+0x80125a]
V  [jvm.dll+0x6ecf0b]
C  [ucrtbase.dll+0x29333]
C  [KERNEL32.DLL+0x1257d]
C  [ntdll.dll+0x5af28]

VM_Operation (0x0000008204afc050): G1CollectForAllocation, mode: safepoint, requested by thread 0x000001e744a4f9b0


---------------  P R O C E S S  ---------------

Threads class SMR info:
_java_thread_list=0x000001e770cdabf0, length=23, elements={
0x000001e744a4f9b0, 0x000001e76874fdd0, 0x000001e7687509c0, 0x000001e768753900,
0x000001e7687599f0, 0x000001e76875a320, 0x000001e76875c400, 0x000001e76875fef0,
0x000001e76c930090, 0x000001e76c931740, 0x000001e768725f40, 0x000001e76c9e46f0,
0x000001e76c9e4c70, 0x000001e76c9e51f0, 0x000001e76caf4850, 0x000001e76caf4d90,
0x000001e76d538f70, 0x000001e76d539500, 0x000001e76d539a90, 0x000001e76d53a5b0,
0x000001e76f89b4c0, 0x000001e76f89f780, 0x000001e76f8a2990
}

Java Threads: ( => current thread )
  0x000001e744a4f9b0 JavaThread "main" [_thread_blocked, id=5184, stack(0x0000008204a00000,0x0000008204b00000)]
  0x000001e76874fdd0 JavaThread "Reference Handler" daemon [_thread_blocked, id=23692, stack(0x0000008205100000,0x0000008205200000)]
  0x000001e7687509c0 JavaThread "Finalizer" daemon [_thread_blocked, id=3348, stack(0x0000008205200000,0x0000008205300000)]
  0x000001e768753900 JavaThread "Signal Dispatcher" daemon [_thread_blocked, id=12084, stack(0x0000008205300000,0x0000008205400000)]
  0x000001e7687599f0 JavaThread "Attach Listener" daemon [_thread_blocked, id=8352, stack(0x0000008205400000,0x0000008205500000)]
  0x000001e76875a320 JavaThread "Service Thread" daemon [_thread_blocked, id=9936, stack(0x0000008205500000,0x0000008205600000)]
  0x000001e76875c400 JavaThread "Monitor Deflation Thread" daemon [_thread_blocked, id=14420, stack(0x0000008205600000,0x0000008205700000)]
  0x000001e76875fef0 JavaThread "C2 CompilerThread0" daemon [_thread_blocked, id=23632, stack(0x0000008205700000,0x0000008205800000)]
  0x000001e76c930090 JavaThread "C1 CompilerThread0" daemon [_thread_blocked, id=10712, stack(0x0000008205800000,0x0000008205900000)]
  0x000001e76c931740 JavaThread "Sweeper thread" daemon [_thread_blocked, id=7292, stack(0x0000008205900000,0x0000008205a00000)]
  0x000001e768725f40 JavaThread "Common-Cleaner" daemon [_thread_blocked, id=23472, stack(0x0000008205a00000,0x0000008205b00000)]
  0x000001e76c9e46f0 JavaThread "C1 CompilerThread1" daemon [_thread_blocked, id=13684, stack(0x0000008205b00000,0x0000008205c00000)]
  0x000001e76c9e4c70 JavaThread "C1 CompilerThread2" daemon [_thread_blocked, id=6824, stack(0x0000008205c00000,0x0000008205d00000)]
  0x000001e76c9e51f0 JavaThread "C1 CompilerThread3" daemon [_thread_blocked, id=17252, stack(0x0000008205d00000,0x0000008205e00000)]
  0x000001e76caf4850 JavaThread "Monitor Ctrl-Break" daemon [_thread_in_native, id=12848, stack(0x0000008205e00000,0x0000008205f00000)]
  0x000001e76caf4d90 JavaThread "Notification Thread" daemon [_thread_blocked, id=19772, stack(0x0000008205f00000,0x0000008206000000)]
  0x000001e76d538f70 JavaThread "C2 CompilerThread1" daemon [_thread_blocked, id=13876, stack(0x0000008206100000,0x0000008206200000)]
  0x000001e76d539500 JavaThread "C2 CompilerThread2" daemon [_thread_blocked, id=7740, stack(0x0000008206600000,0x0000008206700000)]
  0x000001e76d539a90 JavaThread "C2 CompilerThread3" daemon [_thread_blocked, id=23040, stack(0x0000008206700000,0x0000008206800000)]
  0x000001e76d53a5b0 JavaThread "C2 CompilerThread4" daemon [_thread_blocked, id=8160, stack(0x0000008207200000,0x0000008207300000)]
  0x000001e76f89b4c0 JavaThread "C2 CompilerThread5" daemon [_thread_blocked, id=20912, stack(0x0000008207300000,0x0000008207400000)]
  0x000001e76f89f780 JavaThread "C2 CompilerThread6" daemon [_thread_in_native, id=22360, stack(0x0000008207400000,0x0000008207500000)]
  0x000001e76f8a2990 JavaThread "C2 CompilerThread7" daemon [_thread_blocked, id=5552, stack(0x0000008207500000,0x0000008207600000)]

Other Threads:
=>0x000001e768734d30 VMThread "VM Thread" [stack: 0x0000008205000000,0x0000008205100000] [id=15148]
  0x000001e744a51450 WatcherThread "VM Periodic Task Thread" [stack: 0x0000008206000000,0x0000008206100000] [id=2184]
  0x000001e744ac3ec0 WorkerThread "GC Thread#0" [stack: 0x0000008204b00000,0x0000008204c00000] [id=15208]
  0x000001e76ce30f70 WorkerThread "GC Thread#1" [stack: 0x0000008206800000,0x0000008206900000] [id=22452]
  0x000001e76ce31ab0 WorkerThread "GC Thread#2" [stack: 0x0000008206900000,0x0000008206a00000] [id=16452]
  0x000001e76ce328c0 WorkerThread "GC Thread#3" [stack: 0x0000008206a00000,0x0000008206b00000] [id=13492]
  0x000001e76ce325f0 WorkerThread "GC Thread#4" [stack: 0x0000008206b00000,0x0000008206c00000] [id=23548]
  0x000001e76ce31240 WorkerThread "GC Thread#5" [stack: 0x0000008206c00000,0x0000008206d00000] [id=14180]
  0x000001e76ce31d80 WorkerThread "GC Thread#6" [stack: 0x0000008206d00000,0x0000008206e00000] [id=11612]
  0x000001e76ce317e0 WorkerThread "GC Thread#7" [stack: 0x0000008206e00000,0x0000008206f00000] [id=1528]
  0x000001e76dd3c6a0 WorkerThread "GC Thread#8" [stack: 0x0000008206f00000,0x0000008207000000] [id=24324]
  0x000001e76dd3d780 WorkerThread "GC Thread#9" [stack: 0x0000008207000000,0x0000008207100000] [id=6924]
  0x000001e76dd3b5c0 WorkerThread "GC Thread#10" [stack: 0x0000008207100000,0x0000008207200000] [id=3292]
  0x000001e76dd3da50 WorkerThread "GC Thread#11" [stack: 0x0000008206200000,0x0000008206300000] [id=17956]
  0x000001e76dd3dd20 WorkerThread "GC Thread#12" [stack: 0x0000008206300000,0x0000008206400000] [id=3160]
  0x000001e744ad4730 ConcurrentGCThread "G1 Main Marker" [stack: 0x0000008204c00000,0x0000008204d00000] [id=13840]
  0x000001e744ad5060 WorkerThread "G1 Conc#0" [stack: 0x0000008204d00000,0x0000008204e00000] [id=20404]
  0x000001e76dd3b890 WorkerThread "G1 Conc#1" [stack: 0x0000008206400000,0x0000008206500000] [id=5088]
  0x000001e76dd3bb60 WorkerThread "G1 Conc#2" [stack: 0x0000008206500000,0x0000008206600000] [id=3584]
  0x000001e7685f10a0 ConcurrentGCThread "G1 Refine#0" [stack: 0x0000008204e00000,0x0000008204f00000] [id=18984]
  0x000001e7685f1ae0 ConcurrentGCThread "G1 Service" [stack: 0x0000008204f00000,0x0000008205000000] [id=18672]

Threads with active compile tasks:
C2 CompilerThread0     5331 7967   !   4       com.sun.tools.javac.tree.JCTree::toString (39 bytes)
C2 CompilerThread1     5331 7975   !   4       com.sun.tools.javac.tree.Pretty::visitIdent (22 bytes)
C2 CompilerThread2     5331 7969       4       com.sun.tools.javac.tree.Pretty::<init> (39 bytes)
C2 CompilerThread3     5331 8176       4       lombok.javac.handlers.JavacHandlerUtil::getAccessorsForField (163 bytes)
C2 CompilerThread4     5331 8062       4       lombok.javac.handlers.JavacHandlerUtil::typeMatches (132 bytes)
C2 CompilerThread5     5331 8060       4       lombok.javac.handlers.JavacHandlerUtil::annotationTypeMatches (28 bytes)
C2 CompilerThread6     5331 7697       4       lombok.javac.JavacAST::buildLocalVar (109 bytes)
C2 CompilerThread7     5331 8141   !   4       lombok.core.AST::buildWithField0 (121 bytes)

VM state: at safepoint (normal execution)

VM Mutex/Monitor currently owned by a thread:  ([mutex/lock_event])
[0x000001e744a49cf0] Threads_lock - owner thread: 0x000001e768734d30
[0x000001e744a49d80] Heap_lock - owner thread: 0x000001e744a4f9b0

Heap address: 0x0000000705e00000, size: 4002 MB, Compressed Oops mode: Zero based, Oop shift amount: 3

CDS archive(s) mapped at: [0x0000000800000000-0x0000000800c40000-0x0000000800c40000), size 12845056, SharedBaseAddress: 0x0000000800000000, ArchiveRelocationMode: 0.
Compressed class space mapped at: 0x0000000801000000-0x0000000841000000, reserved size: 1073741824
Narrow klass base: 0x0000000800000000, Narrow klass shift: 0, Narrow klass range: 0x100000000

GC Precious Log:
 CardTable entry size: 512
 Card Set container configuration: InlinePtr #cards 4 size 8 Array Of Cards #cards 16 size 48 Howl #buckets 8 coarsen threshold 3686 Howl Bitmap #cards 512 size 80 coarsen threshold 460 Card regions per heap region 1 cards per card region 4096
 CPUs: 16 total, 16 available
 Memory: 16005M
 Large Page Support: Disabled
 NUMA Support: Disabled
 Compressed Oops: Enabled (Zero based)
 Heap Region Size: 2M
 Heap Min Capacity: 8M
 Heap Initial Capacity: 252M
 Heap Max Capacity: 4002M
 Pre-touch: Disabled
 Parallel Workers: 13
 Concurrent Workers: 3
 Concurrent Refinement Workers: 13
 Periodic GC: Disabled

Heap:
 garbage-first heap   total 135168K, used 55244K [0x0000000705e00000, 0x0000000800000000)
  region size 2048K, 2 young (4096K), 2 survivors (4096K)
 Metaspace       used 28578K, committed 29120K, reserved 1114112K
  class space    used 2971K, committed 3264K, reserved 1048576K

Heap Regions: E=young(eden), S=young(survivor), O=old, HS=humongous(starts), HC=humongous(continues), CS=collection set, F=free, OA=open archive, CA=closed archive, TAMS=top-at-mark-start (previous, next)
|   0|0x0000000705e00000, 0x0000000706000000, 0x0000000706000000|100%| O|  |TAMS 0x0000000706000000, 0x0000000705e00000| Untracked 
|   1|0x0000000706000000, 0x0000000706200000, 0x0000000706200000|100%| O|  |TAMS 0x0000000706200000, 0x0000000706000000| Untracked 
|   2|0x0000000706200000, 0x0000000706400000, 0x0000000706400000|100%| O|  |TAMS 0x0000000706400000, 0x0000000706200000| Untracked 
|   3|0x0000000706400000, 0x0000000706600000, 0x0000000706600000|100%| O|  |TAMS 0x0000000706600000, 0x0000000706400000| Untracked 
|   4|0x0000000706600000, 0x0000000706800000, 0x0000000706800000|100%| O|  |TAMS 0x0000000706800000, 0x0000000706600000| Untracked 
|   5|0x0000000706800000, 0x0000000706a00000, 0x0000000706a00000|100%| O|  |TAMS 0x0000000706a00000, 0x0000000706800000| Untracked 
|   6|0x0000000706a00000, 0x0000000706c00000, 0x0000000706c00000|100%| O|  |TAMS 0x0000000706c00000, 0x0000000706a00000| Untracked 
|   7|0x0000000706c00000, 0x0000000706e00000, 0x0000000706e00000|100%| O|  |TAMS 0x0000000706e00000, 0x0000000706c00000| Untracked 
|   8|0x0000000706e00000, 0x0000000707000000, 0x0000000707000000|100%| O|  |TAMS 0x0000000707000000, 0x0000000706e00000| Untracked 
|   9|0x0000000707000000, 0x0000000707000000, 0x0000000707200000|  0%| F|  |TAMS 0x0000000707000000, 0x0000000707000000| Untracked 
|  10|0x0000000707200000, 0x0000000707400000, 0x0000000707400000|100%| O|  |TAMS 0x0000000707400000, 0x0000000707200000| Untracked 
|  11|0x0000000707400000, 0x0000000707600000, 0x0000000707600000|100%| O|  |TAMS 0x0000000707600000, 0x0000000707400000| Untracked 
|  12|0x0000000707600000, 0x0000000707800000, 0x0000000707800000|100%| O|  |TAMS 0x0000000707800000, 0x0000000707600000| Untracked 
|  13|0x0000000707800000, 0x0000000707a00000, 0x0000000707a00000|100%| O|  |TAMS 0x0000000707a00000, 0x0000000707800000| Untracked 
|  14|0x0000000707a00000, 0x0000000707c00000, 0x0000000707c00000|100%| O|  |TAMS 0x0000000707c00000, 0x0000000707a00000| Untracked 
|  15|0x0000000707c00000, 0x0000000707e00000, 0x0000000707e00000|100%| O|  |TAMS 0x0000000707e00000, 0x0000000707c00000| Untracked 
|  16|0x0000000707e00000, 0x0000000708000000, 0x0000000708000000|100%| O|  |TAMS 0x0000000708000000, 0x0000000707e00000| Untracked 
|  17|0x0000000708000000, 0x0000000708200000, 0x0000000708200000|100%|HS|  |TAMS 0x0000000708200000, 0x0000000708000000| Complete 
|  18|0x0000000708200000, 0x0000000708400000, 0x0000000708400000|100%| O|  |TAMS 0x0000000708400000, 0x0000000708200000| Untracked 
|  19|0x0000000708400000, 0x0000000708600000, 0x0000000708600000|100%| O|  |TAMS 0x0000000708600000, 0x0000000708400000| Untracked 
|  20|0x0000000708600000, 0x0000000708800000, 0x0000000708800000|100%| O|  |TAMS 0x0000000708800000, 0x0000000708600000| Untracked 
|  21|0x0000000708800000, 0x0000000708a00000, 0x0000000708a00000|100%| O|  |TAMS 0x0000000708a00000, 0x0000000708800000| Untracked 
|  22|0x0000000708a00000, 0x0000000708c00000, 0x0000000708c00000|100%| O|  |TAMS 0x0000000708c00000, 0x0000000708a00000| Untracked 
|  23|0x0000000708c00000, 0x0000000708e00000, 0x0000000708e00000|100%| O|  |TAMS 0x0000000708c71e00, 0x0000000708c00000| Untracked 
|  24|0x0000000708e00000, 0x0000000708f36400, 0x0000000709000000| 60%| O|  |TAMS 0x0000000708e00000, 0x0000000708e00000| Untracked 
|  25|0x0000000709000000, 0x0000000709000000, 0x0000000709200000|  0%| F|  |TAMS 0x0000000709000000, 0x0000000709000000| Untracked 
|  26|0x0000000709200000, 0x0000000709200000, 0x0000000709400000|  0%| F|  |TAMS 0x0000000709200000, 0x0000000709200000| Untracked 
|  27|0x0000000709400000, 0x0000000709400000, 0x0000000709600000|  0%| F|  |TAMS 0x0000000709400000, 0x0000000709400000| Untracked 
|  28|0x0000000709600000, 0x0000000709600000, 0x0000000709800000|  0%| F|  |TAMS 0x0000000709600000, 0x0000000709600000| Untracked 
|  29|0x0000000709800000, 0x0000000709800000, 0x0000000709a00000|  0%| F|  |TAMS 0x0000000709800000, 0x0000000709800000| Untracked 
|  30|0x0000000709a00000, 0x0000000709a00000, 0x0000000709c00000|  0%| F|  |TAMS 0x0000000709a00000, 0x0000000709a00000| Untracked 
|  31|0x0000000709c00000, 0x0000000709c00000, 0x0000000709e00000|  0%| F|  |TAMS 0x0000000709c00000, 0x0000000709c00000| Untracked 
|  32|0x0000000709e00000, 0x0000000709e00000, 0x000000070a000000|  0%| F|  |TAMS 0x0000000709e00000, 0x0000000709e00000| Untracked 
|  33|0x000000070a000000, 0x000000070a000000, 0x000000070a200000|  0%| F|  |TAMS 0x000000070a000000, 0x000000070a000000| Untracked 
|  34|0x000000070a200000, 0x000000070a200000, 0x000000070a400000|  0%| F|  |TAMS 0x000000070a200000, 0x000000070a200000| Untracked 
|  35|0x000000070a400000, 0x000000070a4bcc10, 0x000000070a600000| 36%| S|CS|TAMS 0x000000070a400000, 0x000000070a400000| Complete 
|  36|0x000000070a600000, 0x000000070a800000, 0x000000070a800000|100%| S|CS|TAMS 0x000000070a600000, 0x000000070a600000| Complete 
|  37|0x000000070a800000, 0x000000070a800000, 0x000000070aa00000|  0%| F|  |TAMS 0x000000070a800000, 0x000000070a800000| Untracked 
|  38|0x000000070aa00000, 0x000000070aa00000, 0x000000070ac00000|  0%| F|  |TAMS 0x000000070aa00000, 0x000000070aa00000| Untracked 
|  39|0x000000070ac00000, 0x000000070ac00000, 0x000000070ae00000|  0%| F|  |TAMS 0x000000070ac00000, 0x000000070ac00000| Untracked 
|  40|0x000000070ae00000, 0x000000070ae00000, 0x000000070b000000|  0%| F|  |TAMS 0x000000070ae00000, 0x000000070ae00000| Untracked 
|  41|0x000000070b000000, 0x000000070b000000, 0x000000070b200000|  0%| F|  |TAMS 0x000000070b000000, 0x000000070b000000| Untracked 
|  42|0x000000070b200000, 0x000000070b200000, 0x000000070b400000|  0%| F|  |TAMS 0x000000070b200000, 0x000000070b200000| Untracked 
|  43|0x000000070b400000, 0x000000070b400000, 0x000000070b600000|  0%| F|  |TAMS 0x000000070b400000, 0x000000070b400000| Untracked 
|  44|0x000000070b600000, 0x000000070b600000, 0x000000070b800000|  0%| F|  |TAMS 0x000000070b600000, 0x000000070b600000| Untracked 
|  45|0x000000070b800000, 0x000000070b800000, 0x000000070ba00000|  0%| F|  |TAMS 0x000000070b800000, 0x000000070b800000| Untracked 
|  46|0x000000070ba00000, 0x000000070ba00000, 0x000000070bc00000|  0%| F|  |TAMS 0x000000070ba00000, 0x000000070ba00000| Untracked 
|  47|0x000000070bc00000, 0x000000070bc00000, 0x000000070be00000|  0%| F|  |TAMS 0x000000070bc00000, 0x000000070bc00000| Untracked 
|  48|0x000000070be00000, 0x000000070be00000, 0x000000070c000000|  0%| F|  |TAMS 0x000000070be00000, 0x000000070be00000| Untracked 
|  49|0x000000070c000000, 0x000000070c000000, 0x000000070c200000|  0%| F|  |TAMS 0x000000070c000000, 0x000000070c000000| Untracked 
|  50|0x000000070c200000, 0x000000070c200000, 0x000000070c400000|  0%| F|  |TAMS 0x000000070c200000, 0x000000070c200000| Untracked 
|  51|0x000000070c400000, 0x000000070c400000, 0x000000070c600000|  0%| F|  |TAMS 0x000000070c400000, 0x000000070c400000| Untracked 
|  52|0x000000070c600000, 0x000000070c600000, 0x000000070c800000|  0%| F|  |TAMS 0x000000070c600000, 0x000000070c600000| Untracked 
|  53|0x000000070c800000, 0x000000070c800000, 0x000000070ca00000|  0%| F|  |TAMS 0x000000070c800000, 0x000000070c800000| Untracked 
|  54|0x000000070ca00000, 0x000000070ca00000, 0x000000070cc00000|  0%| F|  |TAMS 0x000000070ca00000, 0x000000070ca00000| Untracked 
|  55|0x000000070cc00000, 0x000000070cc00000, 0x000000070ce00000|  0%| F|  |TAMS 0x000000070cc00000, 0x000000070cc00000| Untracked 
|  56|0x000000070ce00000, 0x000000070ce00000, 0x000000070d000000|  0%| F|  |TAMS 0x000000070ce00000, 0x000000070ce00000| Untracked 
|  57|0x000000070d000000, 0x000000070d000000, 0x000000070d200000|  0%| F|  |TAMS 0x000000070d000000, 0x000000070d000000| Untracked 
|  58|0x000000070d200000, 0x000000070d200000, 0x000000070d400000|  0%| F|  |TAMS 0x000000070d200000, 0x000000070d200000| Untracked 
|  59|0x000000070d400000, 0x000000070d400000, 0x000000070d600000|  0%| F|  |TAMS 0x000000070d400000, 0x000000070d400000| Untracked 
|  60|0x000000070d600000, 0x000000070d600000, 0x000000070d800000|  0%| F|  |TAMS 0x000000070d600000, 0x000000070d600000| Untracked 
|  61|0x000000070d800000, 0x000000070d800000, 0x000000070da00000|  0%| F|  |TAMS 0x000000070d800000, 0x000000070d800000| Untracked 
|  62|0x000000070da00000, 0x000000070da00000, 0x000000070dc00000|  0%| F|  |TAMS 0x000000070da00000, 0x000000070da00000| Untracked 
| 125|0x0000000715800000, 0x0000000715800000, 0x0000000715a00000|  0%| F|  |TAMS 0x0000000715800000, 0x0000000715800000| Untracked 
|1999|0x00000007ffc00000, 0x00000007ffe00000, 0x00000007ffe00000|100%| O|  |TAMS 0x00000007ffe00000, 0x00000007ffc00000| Untracked 
|2000|0x00000007ffe00000, 0x0000000800000000, 0x0000000800000000|100%| O|  |TAMS 0x0000000800000000, 0x00000007ffe00000| Untracked 

Card table byte_map: [0x000001e75ca10000,0x000001e75d1f0000] _byte_map_base: 0x000001e7591e1000

Marking Bits (Prev, Next): (CMBitMap*) 0x000001e744ac43f0, (CMBitMap*) 0x000001e744ac4430
 Prev Bits: [0x000001e75d9d0000, 0x000001e761858000)
 Next Bits: [0x000001e761860000, 0x000001e7656e8000)

Polling page: 0x000001e744210000

Metaspace:

Usage:
  Non-class:     25.01 MB used.
      Class:      2.90 MB used.
       Both:     27.91 MB used.

Virtual space:
  Non-class space:       64.00 MB reserved,      25.25 MB ( 39%) committed,  1 nodes.
      Class space:        1.00 GB reserved,       3.19 MB ( <1%) committed,  1 nodes.
             Both:        1.06 GB reserved,      28.44 MB (  3%) committed. 

Chunk freelists:
   Non-Class:  2.08 MB
       Class:  814.00 KB
        Both:  2.88 MB

MaxMetaspaceSize: unlimited
CompressedClassSpaceSize: 1.00 GB
Initial GC threshold: 21.00 MB
Current GC threshold: 45.62 MB
CDS: on
MetaspaceReclaimPolicy: balanced
 - commit_granule_bytes: 65536.
 - commit_granule_words: 8192.
 - virtual_space_node_default_size: 8388608.
 - enlarge_chunks_in_place: 1.
 - new_chunks_are_fully_committed: 0.
 - uncommit_free_chunks: 1.
 - use_allocation_guard: 0.


Internal statistics:

num_allocs_failed_limit: 3.
num_arena_births: 620.
num_arena_deaths: 0.
num_vsnodes_births: 2.
num_vsnodes_deaths: 0.
num_space_committed: 455.
num_space_uncommitted: 0.
num_chunks_returned_to_freelist: 3.
num_chunks_taken_from_freelist: 1745.
num_chunk_merges: 3.
num_chunk_splits: 1181.
num_chunks_enlarged: 811.
num_inconsistent_stats: 0.

CodeHeap 'non-profiled nmethods': size=119168Kb used=4895Kb max_used=4895Kb free=114272Kb
 bounds [0x000001e754550000, 0x000001e754a20000, 0x000001e75b9b0000]
CodeHeap 'profiled nmethods': size=119104Kb used=16825Kb max_used=16825Kb free=102278Kb
 bounds [0x000001e74c9b0000, 0x000001e74da20000, 0x000001e753e00000]
CodeHeap 'non-nmethods': size=7488Kb used=3002Kb max_used=3133Kb free=4485Kb
 bounds [0x000001e753e00000, 0x000001e754120000, 0x000001e754550000]
 total_blobs=7896 nmethods=7357 adapters=446
 compilation: enabled
              stopped_count=0, restarted_count=0
 full_count=0

Compilation events (20 events):
Event: 5.292 Thread 0x000001e76c9e46f0 nmethod 8209 0x000001e74da15110 code [0x000001e74da153c0, 0x000001e74da16278]
Event: 5.292 Thread 0x000001e76c9e4c70 nmethod 8206 0x000001e74da16690 code [0x000001e74da16aa0, 0x000001e74da18b68]
Event: 5.298 Thread 0x000001e76c9e4c70 8219       3       lombok.javac.JavacImportList::getFullyQualifiedNameForSimpleNameNoAliasing (90 bytes)
Event: 5.299 Thread 0x000001e76c9e4c70 nmethod 8219 0x000001e74da19d90 code [0x000001e74da1a020, 0x000001e74da1b108]
Event: 5.302 Thread 0x000001e76c930090 8221       3       java.lang.invoke.LambdaForm$MH/0x0000000801312800::invoke (42 bytes)
Event: 5.302 Thread 0x000001e76c9e51f0 8222       3       java.lang.invoke.LambdaForm$MH/0x0000000801312c00::invoke (42 bytes)
Event: 5.302 Thread 0x000001e76c9e46f0 8223       3       java.lang.invoke.LambdaForm$MH/0x0000000801313000::invoke (42 bytes)
Event: 5.303 Thread 0x000001e76c930090 nmethod 8221 0x000001e74da1b590 code [0x000001e74da1b820, 0x000001e74da1c648]
Event: 5.303 Thread 0x000001e76c9e46f0 nmethod 8223 0x000001e74da1ca90 code [0x000001e74da1cd20, 0x000001e74da1db48]
Event: 5.303 Thread 0x000001e76c9e51f0 nmethod 8222 0x000001e74da1df90 code [0x000001e74da1e220, 0x000001e74da1f048]
Event: 5.304 Thread 0x000001e76d538f70 nmethod 7968 0x000001e754a14590 code [0x000001e754a14740, 0x000001e754a150f8]
Event: 5.305 Thread 0x000001e76d538f70 8217       4       lombok.javac.JavacAST::buildTree (176 bytes)
Event: 5.307 Thread 0x000001e76d539500 nmethod 8147 0x000001e754a15390 code [0x000001e754a155c0, 0x000001e754a16880]
Event: 5.308 Thread 0x000001e76d538f70 nmethod 8217 0x000001e754a17190 code [0x000001e754a17340, 0x000001e754a174b8]
Event: 5.309 Thread 0x000001e76d538f70 8218       4       lombok.javac.JavacAST::buildTree (10 bytes)
Event: 5.309 Thread 0x000001e76d539500 8214       4       com.sun.tools.javac.tree.Pretty::printExpr (7 bytes)
Event: 5.311 Thread 0x000001e76d539500 nmethod 8214 0x000001e754a17690 code [0x000001e754a17820, 0x000001e754a17918]
Event: 5.311 Thread 0x000001e76d539500 7969       4       com.sun.tools.javac.tree.Pretty::<init> (39 bytes)
Event: 5.312 Thread 0x000001e76d538f70 nmethod 8218 0x000001e754a17a10 code [0x000001e754a17bc0, 0x000001e754a17d78]
Event: 5.313 Thread 0x000001e76d538f70 7975   !   4       com.sun.tools.javac.tree.Pretty::visitIdent (22 bytes)

GC Heap History (20 events):
Event: 3.505 GC heap after
{Heap after GC invocations=7 (full 0):
 garbage-first heap   total 65536K, used 31437K [0x0000000705e00000, 0x0000000800000000)
  region size 2048K, 2 young (4096K), 2 survivors (4096K)
 Metaspace       used 24444K, committed 24832K, reserved 1114112K
  class space    used 2580K, committed 2752K, reserved 1048576K
}
Event: 3.835 GC heap before
{Heap before GC invocations=7 (full 0):
 garbage-first heap   total 65536K, used 45773K [0x0000000705e00000, 0x0000000800000000)
  region size 2048K, 9 young (18432K), 2 survivors (4096K)
 Metaspace       used 24460K, committed 24832K, reserved 1114112K
  class space    used 2580K, committed 2752K, reserved 1048576K
}
Event: 3.842 GC heap after
{Heap after GC invocations=8 (full 0):
 garbage-first heap   total 108544K, used 37647K [0x0000000705e00000, 0x0000000800000000)
  region size 2048K, 2 young (4096K), 2 survivors (4096K)
 Metaspace       used 24460K, committed 24832K, reserved 1114112K
  class space    used 2580K, committed 2752K, reserved 1048576K
}
Event: 4.050 GC heap before
{Heap before GC invocations=8 (full 0):
 garbage-first heap   total 108544K, used 68367K [0x0000000705e00000, 0x0000000800000000)
  region size 2048K, 17 young (34816K), 2 survivors (4096K)
 Metaspace       used 24898K, committed 25280K, reserved 1114112K
  class space    used 2621K, committed 2816K, reserved 1048576K
}
Event: 4.056 GC heap after
{Heap after GC invocations=9 (full 0):
 garbage-first heap   total 108544K, used 44482K [0x0000000705e00000, 0x0000000800000000)
  region size 2048K, 3 young (6144K), 3 survivors (6144K)
 Metaspace       used 24898K, committed 25280K, reserved 1114112K
  class space    used 2621K, committed 2816K, reserved 1048576K
}
Event: 4.251 GC heap before
{Heap before GC invocations=9 (full 0):
 garbage-first heap   total 108544K, used 75202K [0x0000000705e00000, 0x0000000800000000)
  region size 2048K, 17 young (34816K), 3 survivors (6144K)
 Metaspace       used 25386K, committed 25792K, reserved 1114112K
  class space    used 2646K, committed 2880K, reserved 1048576K
}
Event: 4.259 GC heap after
{Heap after GC invocations=10 (full 0):
 garbage-first heap   total 108544K, used 51505K [0x0000000705e00000, 0x0000000800000000)
  region size 2048K, 3 young (6144K), 3 survivors (6144K)
 Metaspace       used 25386K, committed 25792K, reserved 1114112K
  class space    used 2646K, committed 2880K, reserved 1048576K
}
Event: 4.548 GC heap before
{Heap before GC invocations=10 (full 0):
 garbage-first heap   total 108544K, used 74033K [0x0000000705e00000, 0x0000000800000000)
  region size 2048K, 15 young (30720K), 3 survivors (6144K)
 Metaspace       used 26683K, committed 27136K, reserved 1114112K
  class space    used 2780K, committed 3008K, reserved 1048576K
}
Event: 4.554 GC heap after
{Heap after GC invocations=11 (full 0):
 garbage-first heap   total 108544K, used 53703K [0x0000000705e00000, 0x0000000800000000)
  region size 2048K, 1 young (2048K), 1 survivors (2048K)
 Metaspace       used 26683K, committed 27136K, reserved 1114112K
  class space    used 2780K, committed 3008K, reserved 1048576K
}
Event: 4.783 GC heap before
{Heap before GC invocations=11 (full 0):
 garbage-first heap   total 108544K, used 78279K [0x0000000705e00000, 0x0000000800000000)
  region size 2048K, 13 young (26624K), 1 survivors (2048K)
 Metaspace       used 27540K, committed 28032K, reserved 1114112K
  class space    used 2865K, committed 3072K, reserved 1048576K
}
Event: 4.786 GC heap after
{Heap after GC invocations=12 (full 0):
 garbage-first heap   total 135168K, used 54217K [0x0000000705e00000, 0x0000000800000000)
  region size 2048K, 2 young (4096K), 2 survivors (4096K)
 Metaspace       used 27540K, committed 28032K, reserved 1114112K
  class space    used 2865K, committed 3072K, reserved 1048576K
}
Event: 4.900 GC heap before
{Heap before GC invocations=13 (full 0):
 garbage-first heap   total 135168K, used 97225K [0x0000000705e00000, 0x0000000800000000)
  region size 2048K, 23 young (47104K), 2 survivors (4096K)
 Metaspace       used 27675K, committed 28160K, reserved 1114112K
  class space    used 2872K, committed 3136K, reserved 1048576K
}
Event: 4.902 GC heap after
{Heap after GC invocations=14 (full 0):
 garbage-first heap   total 135168K, used 53852K [0x0000000705e00000, 0x0000000800000000)
  region size 2048K, 2 young (4096K), 2 survivors (4096K)
 Metaspace       used 27675K, committed 28160K, reserved 1114112K
  class space    used 2872K, committed 3136K, reserved 1048576K
}
Event: 4.908 GC heap before
{Heap before GC invocations=14 (full 0):
 garbage-first heap   total 135168K, used 55900K [0x0000000705e00000, 0x0000000800000000)
  region size 2048K, 3 young (6144K), 2 survivors (4096K)
 Metaspace       used 27683K, committed 28224K, reserved 1114112K
  class space    used 2874K, committed 3136K, reserved 1048576K
}
Event: 4.910 GC heap after
{Heap after GC invocations=15 (full 0):
 garbage-first heap   total 135168K, used 52990K [0x0000000705e00000, 0x0000000800000000)
  region size 2048K, 1 young (2048K), 1 survivors (2048K)
 Metaspace       used 27683K, committed 28224K, reserved 1114112K
  class space    used 2874K, committed 3136K, reserved 1048576K
}
Event: 5.106 GC heap before
{Heap before GC invocations=15 (full 0):
 garbage-first heap   total 135168K, used 100094K [0x0000000705e00000, 0x0000000800000000)
  region size 2048K, 25 young (51200K), 1 survivors (2048K)
 Metaspace       used 28244K, committed 28736K, reserved 1114112K
  class space    used 2954K, committed 3200K, reserved 1048576K
}
Event: 5.108 GC heap after
{Heap after GC invocations=16 (full 0):
 garbage-first heap   total 135168K, used 53401K [0x0000000705e00000, 0x0000000800000000)
  region size 2048K, 1 young (2048K), 1 survivors (2048K)
 Metaspace       used 28244K, committed 28736K, reserved 1114112K
  class space    used 2954K, committed 3200K, reserved 1048576K
}
Event: 5.239 GC heap before
{Heap before GC invocations=16 (full 0):
 garbage-first heap   total 135168K, used 104601K [0x0000000705e00000, 0x0000000800000000)
  region size 2048K, 26 young (53248K), 1 survivors (2048K)
 Metaspace       used 28515K, committed 29056K, reserved 1114112K
  class space    used 2968K, committed 3264K, reserved 1048576K
}
Event: 5.241 GC heap after
{Heap after GC invocations=17 (full 0):
 garbage-first heap   total 135168K, used 54472K [0x0000000705e00000, 0x0000000800000000)
  region size 2048K, 1 young (2048K), 1 survivors (2048K)
 Metaspace       used 28515K, committed 29056K, reserved 1114112K
  class space    used 2968K, committed 3264K, reserved 1048576K
}
Event: 5.316 GC heap before
{Heap before GC invocations=17 (full 0):
 garbage-first heap   total 135168K, used 105672K [0x0000000705e00000, 0x0000000800000000)
  region size 2048K, 27 young (55296K), 1 survivors (2048K)
 Metaspace       used 28578K, committed 29120K, reserved 1114112K
  class space    used 2971K, committed 3264K, reserved 1048576K
}

Dll operation events (12 events):
Event: 0.016 Loaded shared library C:\Program Files\Java\jdk-19\bin\java.dll
Event: 0.021 Loaded shared library C:\Program Files\Java\jdk-19\bin\jsvml.dll
Event: 0.060 Loaded shared library C:\Program Files\Java\jdk-19\bin\zip.dll
Event: 0.067 Loaded shared library C:\Program Files\Java\jdk-19\bin\instrument.dll
Event: 0.071 Loaded shared library C:\Program Files\Java\jdk-19\bin\net.dll
Event: 0.072 Loaded shared library C:\Program Files\Java\jdk-19\bin\nio.dll
Event: 0.073 Loaded shared library C:\Program Files\Java\jdk-19\bin\zip.dll
Event: 0.083 Loaded shared library C:\Program Files\JetBrains\IntelliJ IDEA 2022.1.2\bin\breakgen64.dll
Event: 0.090 Loaded shared library C:\Program Files\Java\jdk-19\bin\extnet.dll
Event: 0.159 Loaded shared library C:\Program Files\Java\jdk-19\bin\jimage.dll
Event: 0.212 Loaded shared library C:\Users\99293\AppData\Local\Temp\jansi-2.4.0-78b5818d8995c68e-jansi.dll
Event: 0.222 Loaded shared library C:\Program Files\Java\jdk-19\bin\verify.dll

Deoptimization events (20 events):
Event: 5.128 Thread 0x000001e744a4f9b0 Uncommon trap: trap_request=0xffffffbe fr.pc=0x000001e7549b1f2c relative=0x00000000000084ac
Event: 5.128 Thread 0x000001e744a4f9b0 Uncommon trap: reason=profile_predicate action=maybe_recompile pc=0x000001e7549b1f2c method=lombok.core.AST.buildWithCollection(Ljava/lang/Class;Ljava/lang/Object;Ljava/util/Collection;I)V @ 69 c2
Event: 5.128 Thread 0x000001e744a4f9b0 DEOPT PACKING pc=0x000001e7549b1f2c sp=0x0000008204afd270
Event: 5.128 Thread 0x000001e744a4f9b0 DEOPT UNPACKING pc=0x000001e753e66da3 sp=0x0000008204afce80 mode 2
Event: 5.128 Thread 0x000001e744a4f9b0 Uncommon trap: trap_request=0xffffffbe fr.pc=0x000001e7549b1f2c relative=0x00000000000084ac
Event: 5.128 Thread 0x000001e744a4f9b0 Uncommon trap: reason=profile_predicate action=maybe_recompile pc=0x000001e7549b1f2c method=lombok.core.AST.buildWithCollection(Ljava/lang/Class;Ljava/lang/Object;Ljava/util/Collection;I)V @ 69 c2
Event: 5.128 Thread 0x000001e744a4f9b0 DEOPT PACKING pc=0x000001e7549b1f2c sp=0x0000008204afd270
Event: 5.128 Thread 0x000001e744a4f9b0 DEOPT UNPACKING pc=0x000001e753e66da3 sp=0x0000008204afce80 mode 2
Event: 5.220 Thread 0x000001e744a4f9b0 Uncommon trap: trap_request=0xffffff45 fr.pc=0x000001e7549a01c8 relative=0x0000000000006628
Event: 5.220 Thread 0x000001e744a4f9b0 Uncommon trap: reason=unstable_if action=reinterpret pc=0x000001e7549a01c8 method=lombok.javac.JavacAST.buildStatementOrExpression(Lcom/sun/tools/javac/tree/JCTree;)Llombok/javac/JavacNode; @ 19 c2
Event: 5.220 Thread 0x000001e744a4f9b0 DEOPT PACKING pc=0x000001e7549a01c8 sp=0x0000008204afd520
Event: 5.220 Thread 0x000001e744a4f9b0 DEOPT UNPACKING pc=0x000001e753e66da3 sp=0x0000008204afd2e0 mode 2
Event: 5.221 Thread 0x000001e744a4f9b0 Uncommon trap: trap_request=0xffffff45 fr.pc=0x000001e7549c3ae4 relative=0x0000000000004f44
Event: 5.221 Thread 0x000001e744a4f9b0 Uncommon trap: reason=unstable_if action=reinterpret pc=0x000001e7549c3ae4 method=lombok.javac.JavacAST.buildStatementOrExpression(Lcom/sun/tools/javac/tree/JCTree;)Llombok/javac/JavacNode; @ 19 c2
Event: 5.221 Thread 0x000001e744a4f9b0 DEOPT PACKING pc=0x000001e7549c3ae4 sp=0x0000008204afd3e0
Event: 5.221 Thread 0x000001e744a4f9b0 DEOPT UNPACKING pc=0x000001e753e66da3 sp=0x0000008204afd320 mode 2
Event: 5.253 Thread 0x000001e744a4f9b0 Uncommon trap: trap_request=0xffffff45 fr.pc=0x000001e7549f5d60 relative=0x0000000000006280
Event: 5.253 Thread 0x000001e744a4f9b0 Uncommon trap: reason=unstable_if action=reinterpret pc=0x000001e7549f5d60 method=lombok.javac.JavacAST.buildStatementOrExpression(Lcom/sun/tools/javac/tree/JCTree;)Llombok/javac/JavacNode; @ 19 c2
Event: 5.253 Thread 0x000001e744a4f9b0 DEOPT PACKING pc=0x000001e7549f5d60 sp=0x0000008204afcc60
Event: 5.253 Thread 0x000001e744a4f9b0 DEOPT UNPACKING pc=0x000001e753e66da3 sp=0x0000008204afc9a0 mode 2

Classes loaded (20 events):
Event: 4.499 Loading class java/util/Vector$1
Event: 4.499 Loading class java/util/Vector$1 done
Event: 4.502 Loading class java/io/PushbackInputStream
Event: 4.502 Loading class java/io/PushbackInputStream done
Event: 4.595 Loading class java/util/Collections$UnmodifiableSortedSet
Event: 4.595 Loading class java/util/Collections$UnmodifiableSortedSet done
Event: 4.672 Loading class java/util/IdentityHashMap$EntrySet
Event: 4.672 Loading class java/util/IdentityHashMap$EntrySet done
Event: 4.672 Loading class java/util/IdentityHashMap$EntryIterator
Event: 4.672 Loading class java/util/IdentityHashMap$EntryIterator done
Event: 4.672 Loading class java/util/IdentityHashMap$EntryIterator$Entry
Event: 4.672 Loading class java/util/IdentityHashMap$EntryIterator$Entry done
Event: 4.964 Loading class java/util/regex/Pattern$SliceI
Event: 4.964 Loading class java/util/regex/Pattern$SliceI done
Event: 4.996 Loading class java/util/regex/Pattern$Loop
Event: 4.996 Loading class java/util/regex/Pattern$Loop done
Event: 4.996 Loading class java/util/regex/Pattern$Prolog
Event: 4.996 Loading class java/util/regex/Pattern$Prolog done
Event: 5.009 Loading class java/util/regex/Pattern$LazyLoop
Event: 5.012 Loading class java/util/regex/Pattern$LazyLoop done

Classes unloaded (0 events):
No events

Classes redefined (0 events):
No events

Internal exceptions (20 events):
Event: 4.299 Thread 0x000001e744a4f9b0 Exception <a 'sun/nio/fs/WindowsException'{0x000000070ccaae58}> (0x000000070ccaae58) 
thrown [s\open\src\hotspot\share\prims\jni.cpp, line 517]
Event: 4.299 Thread 0x000001e744a4f9b0 Exception <a 'sun/nio/fs/WindowsException'{0x000000070ccd0c80}> (0x000000070ccd0c80) 
thrown [s\open\src\hotspot\share\prims\jni.cpp, line 517]
Event: 4.299 Thread 0x000001e744a4f9b0 Exception <a 'sun/nio/fs/WindowsException'{0x000000070ccd1010}> (0x000000070ccd1010) 
thrown [s\open\src\hotspot\share\prims\jni.cpp, line 517]
Event: 4.299 Thread 0x000001e744a4f9b0 Exception <a 'sun/nio/fs/WindowsException'{0x000000070ccd2020}> (0x000000070ccd2020) 
thrown [s\open\src\hotspot\share\prims\jni.cpp, line 517]
Event: 4.299 Thread 0x000001e744a4f9b0 Exception <a 'sun/nio/fs/WindowsException'{0x000000070ccd2440}> (0x000000070ccd2440) 
thrown [s\open\src\hotspot\share\prims\jni.cpp, line 517]
Event: 4.390 Thread 0x000001e744a4f9b0 Implicit null exception at 0x000001e754684bb3 to 0x000001e754684f98
Event: 4.397 Thread 0x000001e744a4f9b0 Implicit null exception at 0x000001e75467e96b to 0x000001e75467eb44
Event: 4.949 Thread 0x000001e744a4f9b0 Implicit null exception at 0x000001e75492a051 to 0x000001e75492a7e3
Event: 4.988 Thread 0x000001e744a4f9b0 Exception <a 'java/lang/NoSuchMethodError'{0x000000070be4cca0}: 'void java.lang.invoke.DirectMethodHandle$Holder.invokeInterface(java.lang.Object, java.lang.Object, java.lang.Object, int)'> (0x000000070be4cca0) 
thrown [s\open\src\hotspot\share\interpreter\linkResolver.cpp, line 774]
Event: 4.988 Thread 0x000001e744a4f9b0 Exception <a 'java/lang/NoSuchMethodError'{0x000000070be547c8}: 'void java.lang.invoke.DelegatingMethodHandle$Holder.reinvoke_L(java.lang.Object, java.lang.Object, java.lang.Object, int)'> (0x000000070be547c8) 
thrown [s\open\src\hotspot\share\interpreter\linkResolver.cpp, line 774]
Event: 4.991 Thread 0x000001e744a4f9b0 Exception <a 'java/lang/NoSuchMethodError'{0x000000070be82d80}: 'java.lang.Object java.lang.invoke.DirectMethodHandle$Holder.invokeVirtual(java.lang.Object, java.lang.Object, java.lang.Object, java.lang.Object)'> (0x000000070be82d80) 
thrown [s\open\src\hotspot\share\interpreter\linkResolver.cpp, line 774]
Event: 4.992 Thread 0x000001e744a4f9b0 Exception <a 'java/lang/NoSuchMethodError'{0x000000070be90a58}: 'long java.lang.invoke.DirectMethodHandle$Holder.invokeStatic(java.lang.Object, java.lang.Object, int)'> (0x000000070be90a58) 
thrown [s\open\src\hotspot\share\interpreter\linkResolver.cpp, line 774]
Event: 4.994 Thread 0x000001e744a4f9b0 Exception <a 'java/lang/NoSuchMethodError'{0x000000070be98d78}: 'java.lang.Object java.lang.invoke.DirectMethodHandle$Holder.invokeSpecial(java.lang.Object, java.lang.Object, java.lang.Object, long, java.lang.Object)'> (0x000000070be98d78) 
thrown [s\open\src\hotspot\share\interpreter\linkResolver.cpp, line 774]
Event: 4.994 Thread 0x000001e744a4f9b0 Exception <a 'java/lang/NoSuchMethodError'{0x000000070be9ccc8}: 'java.lang.Object java.lang.invoke.DelegatingMethodHandle$Holder.reinvoke_L(java.lang.Object, java.lang.Object, long, java.lang.Object)'> (0x000000070be9ccc8) 
thrown [s\open\src\hotspot\share\interpreter\linkResolver.cpp, line 774]
Event: 4.997 Thread 0x000001e744a4f9b0 Exception <a 'java/lang/NoSuchMethodError'{0x000000070beb59d0}: 'java.lang.Object java.lang.invoke.DirectMethodHandle$Holder.invokeVirtual(java.lang.Object, java.lang.Object, java.lang.Object, java.lang.Object, java.lang.Object, java.lang.Object, java.lang.Object, java.lang.Object, java.lang.Object, java.lang.Object)'> (0x000000070beb59d0) 
thrown [s\open\src\hotspot\share\interpreter\linkResolver.cpp, line 774]
Event: 5.022 Thread 0x000001e744a4f9b0 Exception <a 'java/lang/NoSuchMethodError'{0x000000070bfe6518}: 'void java.lang.invoke.DirectMethodHandle$Holder.invokeVirtual(java.lang.Object, java.lang.Object)'> (0x000000070bfe6518) 
thrown [s\open\src\hotspot\share\interpreter\linkResolver.cpp, line 774]
Event: 5.023 Thread 0x000001e744a4f9b0 Exception <a 'java/lang/NoSuchMethodError'{0x000000070bff0db0}: 'void java.lang.invoke.DirectMethodHandle$Holder.invokeVirtual(java.lang.Object, java.lang.Object, java.lang.Object, java.lang.Object)'> (0x000000070bff0db0) 
thrown [s\open\src\hotspot\share\interpreter\linkResolver.cpp, line 774]
Event: 5.035 Thread 0x000001e744a4f9b0 Exception <a 'java/lang/NoSuchMethodError'{0x000000070bc83f60}: 'java.lang.Object java.lang.invoke.DirectMethodHandle$Holder.invokeVirtual(java.lang.Object, java.lang.Object, java.lang.Object, java.lang.Object, java.lang.Object, java.lang.Object)'> (0x000000070bc83f60) 
thrown [s\open\src\hotspot\share\interpreter\linkResolver.cpp, line 774]
Event: 5.054 Thread 0x000001e744a4f9b0 Exception <a 'java/lang/NoSuchMethodError'{0x000000070bdf48d8}: 'java.lang.Object java.lang.invoke.DirectMethodHandle$Holder.invokeVirtual(java.lang.Object, java.lang.Object, java.lang.Object, java.lang.Object, java.lang.Object)'> (0x000000070bdf48d8) 
thrown [s\open\src\hotspot\share\interpreter\linkResolver.cpp, line 774]
Event: 5.077 Thread 0x000001e744a4f9b0 Exception <a 'java/lang/NoSuchMethodError'{0x000000070b6be238}: 'java.lang.Object java.lang.invoke.DirectMethodHandle$Holder.invokeVirtual(java.lang.Object, java.lang.Object, long)'> (0x000000070b6be238) 
thrown [s\open\src\hotspot\share\interpreter\linkResolver.cpp, line 774]

VM Operations (20 events):
Event: 4.324 Executing VM operation: ICBufferFull done
Event: 4.548 Executing VM operation: G1CollectForAllocation
Event: 4.554 Executing VM operation: G1CollectForAllocation done
Event: 4.783 Executing VM operation: G1CollectForAllocation
Event: 4.787 Executing VM operation: G1CollectForAllocation done
Event: 4.799 Executing VM operation: G1PauseRemark
Event: 4.804 Executing VM operation: G1PauseRemark done
Event: 4.811 Executing VM operation: G1PauseCleanup
Event: 4.811 Executing VM operation: G1PauseCleanup done
Event: 4.900 Executing VM operation: G1CollectForAllocation
Event: 4.902 Executing VM operation: G1CollectForAllocation done
Event: 4.907 Executing VM operation: G1CollectForAllocation
Event: 4.911 Executing VM operation: G1CollectForAllocation done
Event: 5.106 Executing VM operation: G1CollectForAllocation
Event: 5.108 Executing VM operation: G1CollectForAllocation done
Event: 5.239 Executing VM operation: G1CollectForAllocation
Event: 5.241 Executing VM operation: G1CollectForAllocation done
Event: 5.253 Executing VM operation: HandshakeAllThreads
Event: 5.253 Executing VM operation: HandshakeAllThreads done
Event: 5.316 Executing VM operation: G1CollectForAllocation

Events (20 events):
Event: 3.269 Thread 0x000001e76c931740 flushing nmethod 0x000001e74d509590
Event: 4.034 Thread 0x000001e76c931740 flushing nmethod 0x000001e754844a90
Event: 4.034 Thread 0x000001e76c931740 flushing nmethod 0x000001e754846f90
Event: 4.034 Thread 0x000001e76c931740 flushing nmethod 0x000001e75484c010
Event: 4.040 Thread 0x000001e76c931740 flushing nmethod 0x000001e74d43b390
Event: 4.040 Thread 0x000001e76c931740 flushing nmethod 0x000001e74d453590
Event: 4.040 Thread 0x000001e76c931740 flushing nmethod 0x000001e74d455b90
Event: 4.040 Thread 0x000001e76c931740 flushing nmethod 0x000001e74d456b10
Event: 4.040 Thread 0x000001e76c931740 flushing nmethod 0x000001e74d460310
Event: 4.040 Thread 0x000001e76c931740 flushing nmethod 0x000001e74d522b90
Event: 4.221 Thread 0x000001e76f89f780 Thread added: 0x000001e76f89f780
Event: 4.223 Thread 0x000001e76f8a2990 Thread added: 0x000001e76f8a2990
Event: 5.256 Thread 0x000001e76c931740 flushing nmethod 0x000001e754845a90
Event: 5.271 Thread 0x000001e76c931740 flushing nmethod 0x000001e74d40d690
Event: 5.271 Thread 0x000001e76c931740 flushing nmethod 0x000001e74d42b710
Event: 5.271 Thread 0x000001e76c931740 flushing nmethod 0x000001e74d431010
Event: 5.271 Thread 0x000001e76c931740 flushing nmethod 0x000001e74d434610
Event: 5.271 Thread 0x000001e76c931740 flushing nmethod 0x000001e74d435490
Event: 5.271 Thread 0x000001e76c931740 flushing nmethod 0x000001e74d453e90
Event: 5.271 Thread 0x000001e76c931740 flushing nmethod 0x000001e74d4bad10


Dynamic libraries:
0x00007ff7238f0000 - 0x00007ff723900000 	C:\Program Files\Java\jdk-19\bin\java.exe
0x00007ff8ccf70000 - 0x00007ff8cd187000 	C:\WINDOWS\SYSTEM32\ntdll.dll
0x00007ff8cc3a0000 - 0x00007ff8cc464000 	C:\WINDOWS\System32\KERNEL32.DLL
0x00007ff8ca820000 - 0x00007ff8cabcd000 	C:\WINDOWS\System32\KERNELBASE.dll
0x00007ff8ca2e0000 - 0x00007ff8ca3f1000 	C:\WINDOWS\System32\ucrtbase.dll
0x00007ff8ba630000 - 0x00007ff8ba648000 	C:\Program Files\Java\jdk-19\bin\jli.dll
0x00007ff8cc8c0000 - 0x00007ff8cc972000 	C:\WINDOWS\System32\ADVAPI32.dll
0x00007ff8b7ef0000 - 0x00007ff8b7f0b000 	C:\Program Files\Java\jdk-19\bin\VCRUNTIME140.dll
0x00007ff8cc7c0000 - 0x00007ff8cc867000 	C:\WINDOWS\System32\msvcrt.dll
0x00007ff8cc4b0000 - 0x00007ff8cc559000 	C:\WINDOWS\System32\sechost.dll
0x00007ff8ca550000 - 0x00007ff8ca578000 	C:\WINDOWS\System32\bcrypt.dll
0x00007ff8cb0b0000 - 0x00007ff8cb1c4000 	C:\WINDOWS\System32\RPCRT4.dll
0x00007ff8ccd50000 - 0x00007ff8ccefe000 	C:\WINDOWS\System32\USER32.dll
0x00007ff8ca400000 - 0x00007ff8ca426000 	C:\WINDOWS\System32\win32u.dll
0x00007ff8b89b0000 - 0x00007ff8b8c43000 	C:\WINDOWS\WinSxS\amd64_microsoft.windows.common-controls_6595b64144ccf1df_6.0.22621.3672_none_2713b9d173822955\COMCTL32.dll
0x00007ff8cace0000 - 0x00007ff8cad09000 	C:\WINDOWS\System32\GDI32.dll
0x00007ff8ca430000 - 0x00007ff8ca549000 	C:\WINDOWS\System32\gdi32full.dll
0x00007ff8cabd0000 - 0x00007ff8cac6a000 	C:\WINDOWS\System32\msvcp_win.dll
0x00007ff8c1b20000 - 0x00007ff8c1b2a000 	C:\WINDOWS\SYSTEM32\VERSION.dll
0x00007ff8cc470000 - 0x00007ff8cc4a1000 	C:\WINDOWS\System32\IMM32.DLL
0x00007ff8b95d0000 - 0x00007ff8b95dc000 	C:\Program Files\Java\jdk-19\bin\vcruntime140_1.dll
0x00007ff878b20000 - 0x00007ff878bae000 	C:\Program Files\Java\jdk-19\bin\msvcp140.dll
0x00007ff83c110000 - 0x00007ff83cdd0000 	C:\Program Files\Java\jdk-19\bin\server\jvm.dll
0x00007ff8c3eb0000 - 0x00007ff8c3ee4000 	C:\WINDOWS\SYSTEM32\WINMM.dll
0x00007ff8c4e50000 - 0x00007ff8c4e59000 	C:\WINDOWS\SYSTEM32\WSOCK32.dll
0x00007ff8cbb00000 - 0x00007ff8cbb71000 	C:\WINDOWS\System32\WS2_32.dll
0x00007ff8c93a0000 - 0x00007ff8c93b8000 	C:\WINDOWS\SYSTEM32\kernel.appcore.dll
0x00007ff8b7df0000 - 0x00007ff8b7dfa000 	C:\Program Files\Java\jdk-19\bin\jimage.dll
0x00007ff8c7a30000 - 0x00007ff8c7c62000 	C:\WINDOWS\SYSTEM32\DBGHELP.DLL
0x00007ff8cbb80000 - 0x00007ff8cbf0e000 	C:\WINDOWS\System32\combase.dll
0x00007ff8cca50000 - 0x00007ff8ccb27000 	C:\WINDOWS\System32\OLEAUT32.dll
0x00007ff8bc800000 - 0x00007ff8bc832000 	C:\WINDOWS\SYSTEM32\dbgcore.DLL
0x00007ff8ca260000 - 0x00007ff8ca2db000 	C:\WINDOWS\System32\bcryptPrimitives.dll
0x00007ff8b9a30000 - 0x00007ff8b9a3e000 	C:\Program Files\Java\jdk-19\bin\instrument.dll
0x00007ff8b6390000 - 0x00007ff8b63b6000 	C:\Program Files\Java\jdk-19\bin\java.dll
0x00007ff876460000 - 0x00007ff876537000 	C:\Program Files\Java\jdk-19\bin\jsvml.dll
0x00007ff8cb1e0000 - 0x00007ff8cba47000 	C:\WINDOWS\System32\SHELL32.dll
0x00007ff8c81b0000 - 0x00007ff8c8aaf000 	C:\WINDOWS\SYSTEM32\windows.storage.dll
0x00007ff8c8070000 - 0x00007ff8c81af000 	C:\WINDOWS\SYSTEM32\wintypes.dll
0x00007ff8cafb0000 - 0x00007ff8cb0a9000 	C:\WINDOWS\System32\SHCORE.dll
0x00007ff8ccb30000 - 0x00007ff8ccb8e000 	C:\WINDOWS\System32\shlwapi.dll
0x00007ff8ca190000 - 0x00007ff8ca1b7000 	C:\WINDOWS\SYSTEM32\profapi.dll
0x00007ff8b67e0000 - 0x00007ff8b67f8000 	C:\Program Files\Java\jdk-19\bin\zip.dll
0x00007ff8b72c0000 - 0x00007ff8b72d3000 	C:\Program Files\Java\jdk-19\bin\net.dll
0x00007ff8c5a70000 - 0x00007ff8c5ba6000 	C:\WINDOWS\SYSTEM32\WINHTTP.dll
0x00007ff8c9810000 - 0x00007ff8c9879000 	C:\WINDOWS\system32\mswsock.dll
0x00007ff8b7100000 - 0x00007ff8b7116000 	C:\Program Files\Java\jdk-19\bin\nio.dll
0x00007ff8b7e10000 - 0x00007ff8b7e2a000 	C:\Program Files\JetBrains\IntelliJ IDEA 2022.1.2\bin\breakgen64.dll
0x00007ff8b7de0000 - 0x00007ff8b7de8000 	C:\Program Files\Java\jdk-19\bin\extnet.dll
0x0000000069ac0000 - 0x0000000069ae4000 	C:\Users\99293\AppData\Local\Temp\jansi-2.4.0-78b5818d8995c68e-jansi.dll
0x00007ff8b6820000 - 0x00007ff8b6830000 	C:\Program Files\Java\jdk-19\bin\verify.dll

dbghelp: loaded successfully - version: 4.0.5 - missing functions: none
symbol engine: initialized successfully - sym options: 0x614 - pdb path: .;C:\Program Files\Java\jdk-19\bin;C:\WINDOWS\SYSTEM32;C:\WINDOWS\WinSxS\amd64_microsoft.windows.common-controls_6595b64144ccf1df_6.0.22621.3672_none_2713b9d173822955;C:\Program Files\Java\jdk-19\bin\server;C:\Program Files\JetBrains\IntelliJ IDEA 2022.1.2\bin;C:\Users\99293\AppData\Local\Temp

VM Arguments:
jvm_args: -Dmaven.multiModuleProjectDirectory=D:\unitedStates_storage-master\unitedStates_storage -Dmaven.home=C:\Users\99293\.m2\wrapper\dists\apache-maven-3.8.6-bin\1ks0nkde5v1pk9vtc31i9d0lcd\apache-maven-3.8.6 -Dclassworlds.conf=C:\Users\99293\.m2\wrapper\dists\apache-maven-3.8.6-bin\1ks0nkde5v1pk9vtc31i9d0lcd\apache-maven-3.8.6\bin\m2.conf -Dmaven.ext.class.path=C:\Program Files\JetBrains\IntelliJ IDEA 2022.1.2\plugins\maven\lib\maven-event-listener.jar -javaagent:C:\Program Files\JetBrains\IntelliJ IDEA 2022.1.2\lib\idea_rt.jar=53098:C:\Program Files\JetBrains\IntelliJ IDEA 2022.1.2\bin -Dfile.encoding=UTF-8 
java_command: org.codehaus.classworlds.Launcher -Didea.version=2022.1.2 package
java_class_path (initial): C:\Users\99293\.m2\wrapper\dists\apache-maven-3.8.6-bin\1ks0nkde5v1pk9vtc31i9d0lcd\apache-maven-3.8.6\boot\plexus-classworlds-2.6.0.jar;C:\Users\99293\.m2\wrapper\dists\apache-maven-3.8.6-bin\1ks0nkde5v1pk9vtc31i9d0lcd\apache-maven-3.8.6\boot\plexus-classworlds.license
Launcher Type: SUN_STANDARD

[Global flags]
     intx CICompilerCount                          = 12                                        {product} {ergonomic}
     uint ConcGCThreads                            = 3                                         {product} {ergonomic}
     uint G1ConcRefinementThreads                  = 13                                        {product} {ergonomic}
   size_t G1HeapRegionSize                         = 2097152                                   {product} {ergonomic}
    uintx GCDrainStackTargetSize                   = 64                                        {product} {ergonomic}
   size_t InitialHeapSize                          = 264241152                                 {product} {ergonomic}
   size_t MarkStackSize                            = 4194304                                   {product} {ergonomic}
   size_t MaxHeapSize                              = 4196401152                                {product} {ergonomic}
   size_t MaxNewSize                               = 2516582400                                {product} {ergonomic}
   size_t MinHeapDeltaBytes                        = 2097152                                   {product} {ergonomic}
   size_t MinHeapSize                              = 8388608                                   {product} {ergonomic}
    uintx NonNMethodCodeHeapSize                   = 7602480                                {pd product} {ergonomic}
    uintx NonProfiledCodeHeapSize                  = 122027880                              {pd product} {ergonomic}
    uintx ProfiledCodeHeapSize                     = 122027880                              {pd product} {ergonomic}
    uintx ReservedCodeCacheSize                    = 251658240                              {pd product} {ergonomic}
     bool SegmentedCodeCache                       = true                                      {product} {ergonomic}
   size_t SoftMaxHeapSize                          = 4196401152                             {manageable} {ergonomic}
     bool UseCompressedClassPointers               = true                           {product lp64_product} {ergonomic}
     bool UseCompressedOops                        = true                           {product lp64_product} {ergonomic}
     bool UseG1GC                                  = true                                      {product} {ergonomic}
     bool UseLargePagesIndividualAllocation        = false                                  {pd product} {ergonomic}

Logging:
Log output configuration:
 #0: stdout all=warning uptime,level,tags foldmultilines=false
 #1: stderr all=off uptime,level,tags foldmultilines=false

Environment Variables:
JAVA_HOME=C:\Program Files\Java\jdk-19
PATH=C:\Program Files\Common Files\Oracle\Java\javapath;C:\Windows\system32;C:\Windows;C:\Windows\System32\Wbem;C:\Windows\System32\WindowsPowerShell\v1.0\;C:\Windows\System32\OpenSSH\;C:\Program Files (x86)\NVIDIA Corporation\PhysX\Common;C:\Program Files\NVIDIA Corporation\NVIDIA NvDLISR;C:\Program Files\Git\cmd;C:\Program Files (x86)\dotnet\;C:\WINDOWS\system32;C:\WINDOWS;C:\WINDOWS\System32\Wbem;C:\WINDOWS\System32\WindowsPowerShell\v1.0\;C:\WINDOWS\System32\OpenSSH\;C:\Program Files\Java\jdk-19\bin;C:\Users\99293\AppData\Local\Programs\Python\Python311\Scripts\;C:\Users\99293\AppData\Local\Programs\Python\Python311\;C:\Users\99293\AppData\Local\Microsoft\WindowsApps;;C:\Program Files\JetBrains\IntelliJ IDEA 2022.1.2\bin;;C:\Program Files\heroku\bin
USERNAME=ASUS
OS=Windows_NT
PROCESSOR_IDENTIFIER=Intel64 Family 6 Model 154 Stepping 3, GenuineIntel
TMP=C:\Users\99293\AppData\Local\Temp
TEMP=C:\Users\99293\AppData\Local\Temp



---------------  S Y S T E M  ---------------

OS:
 Windows 11 , 64 bit Build 22621 (10.0.22621.3958)
OS uptime: 2 days 2:59 hours
Hyper-V role detected

CPU: total 16 (initial active 16) (8 cores per cpu, 2 threads per core) family 6 model 154 stepping 3 microcode 0x41c, cx8, cmov, fxsr, ht, mmx, 3dnowpref, sse, sse2, sse3, ssse3, sse4.1, sse4.2, popcnt, lzcnt, tsc, tscinvbit, avx, avx2, aes, erms, clmul, bmi1, bmi2, adx, sha, fma, vzeroupper, clflush, clflushopt, clwb, hv, serialize, rdtscp, rdpid, fsrm

Memory: 4k page, system-wide physical 16005M (2000M free)
TotalPageFile size 18053M (AvailPageFile size 76M)
current process WorkingSet (physical memory assigned to process): 335M, peak: 397M
current process commit charge ("private bytes"): 394M, peak: 517M

vm_info: Java HotSpot(TM) 64-Bit Server VM (19.0.2+7-44) for windows-amd64 JRE (19.0.2+7-44), built on 2022-11-30T18:02:09Z by "mach5one" with MS VC++ 17.1 (VS2022)

END.
