#
# There is insufficient memory for the Java Runtime Environment to continue.
# Native memory allocation (malloc) failed to allocate 5945472 bytes for Chunk::new
# Possible reasons:
#   The system is out of physical RAM or swap space
#   The process is running with CompressedOops enabled, and the Java Heap may be blocking the growth of the native heap
# Possible solutions:
#   Reduce memory load on the system
#   Increase physical memory or swap space
#   Check if swap backing store is full
#   Decrease Java heap size (-Xmx/-Xms)
#   Decrease number of Java threads
#   Decrease Java thread stack sizes (-Xss)
#   Set larger code cache with -XX:ReservedCodeCacheSize=
#   JVM is running with Zero Based Compressed Oops mode in which the Java heap is
#     placed in the first 32GB address space. The Java Heap base address is the
#     maximum limit for the native heap growth. Please use -XX:HeapBaseMinAddress
#     to set the Java Heap base and to place the Java Heap above 32GB virtual address.
# This output file may be truncated or incomplete.
#
#  Out of Memory Error (arena.cpp:184), pid=13288, tid=4600
#
# JRE version: Java(TM) SE Runtime Environment (19.0.2+7) (build 19.0.2+7-44)
# Java VM: Java HotSpot(TM) 64-Bit Server VM (19.0.2+7-44, mixed mode, sharing, tiered, compressed oops, compressed class ptrs, g1 gc, windows-amd64)
# No core dump will be written. Minidumps are not enabled by default on client versions of Windows
#

---------------  S U M M A R Y ------------

Command Line: -Dmaven.multiModuleProjectDirectory=D:\unitedStates original storage\unitedStates duplicates original storage -Dmaven.home=C:\Users\99293\.m2\wrapper\dists\apache-maven-3.8.6-bin\1ks0nkde5v1pk9vtc31i9d0lcd\apache-maven-3.8.6 -Dclassworlds.conf=C:\Users\99293\.m2\wrapper\dists\apache-maven-3.8.6-bin\1ks0nkde5v1pk9vtc31i9d0lcd\apache-maven-3.8.6\bin\m2.conf -Dmaven.ext.class.path=C:\Program Files\JetBrains\IntelliJ IDEA 2022.1.2\plugins\maven\lib\maven-event-listener.jar -javaagent:C:\Program Files\JetBrains\IntelliJ IDEA 2022.1.2\lib\idea_rt.jar=65012:C:\Program Files\JetBrains\IntelliJ IDEA 2022.1.2\bin -Dfile.encoding=UTF-8 org.codehaus.classworlds.Launcher -Didea.version=2022.1.2 package

Host: 12th Gen Intel(R) Core(TM) i7-12650H, 16 cores, 15G,  Windows 11 , 64 bit Build 22621 (10.0.22621.3374)
Time: Tue May  7 22:17:34 2024  Windows 11 , 64 bit Build 22621 (10.0.22621.3374) elapsed time: 7.065191 seconds (0d 0h 0m 7s)

---------------  T H R E A D  ---------------

Current thread (0x000001e8a9bf8040):  JavaThread "C2 CompilerThread3" daemon [_thread_in_native, id=4600, stack(0x00000042a2a00000,0x00000042a2b00000)]


Current CompileTask:
C2:   7065 11304   !   4       java.lang.ClassLoader::loadClass (121 bytes)

Stack: [0x00000042a2a00000,0x00000042a2b00000]
Native frames: (J=compiled Java code, j=interpreted, Vv=VM code, C=native code)
V  [jvm.dll+0x6ee21a]
V  [jvm.dll+0x85765e]
V  [jvm.dll+0x85904e]
V  [jvm.dll+0x859703]
V  [jvm.dll+0x28298f]
V  [jvm.dll+0xc9adf]
V  [jvm.dll+0xc9e65]
V  [jvm.dll+0x3bca4c]
V  [jvm.dll+0x1ee0aa]
V  [jvm.dll+0x24c52b]
V  [jvm.dll+0x24b781]
V  [jvm.dll+0x1d6ce1]
V  [jvm.dll+0x25b25a]
V  [jvm.dll+0x2596e8]
V  [jvm.dll+0x807588]
V  [jvm.dll+0x80125a]
V  [jvm.dll+0x6ecf0b]
C  [ucrtbase.dll+0x29333]
C  [KERNEL32.DLL+0x1257d]
C  [ntdll.dll+0x5aa48]


---------------  P R O C E S S  ---------------

Threads class SMR info:
_java_thread_list=0x000001e8ae98bf00, length=22, elements={
0x000001e8ffc7d7a0, 0x000001e8a4e416b0, 0x000001e8a4e422a0, 0x000001e8a4e42e90,
0x000001e8a4e467e0, 0x000001e8a4e49120, 0x000001e8a4e49eb0, 0x000001e8a4e505a0,
0x000001e8a4e52280, 0x000001e8a4e4d3d0, 0x000001e8a90813b0, 0x000001e8a4e4c3e0,
0x000001e8a4e4aea0, 0x000001e8a4e4be90, 0x000001e8a959d960, 0x000001e8a95e9020,
0x000001e8a95e95a0, 0x000001e8a971fbe0, 0x000001e8a9bf8040, 0x000001e8a9bf85c0,
0x000001e8a9867c60, 0x000001e8adfdf870
}

Java Threads: ( => current thread )
  0x000001e8ffc7d7a0 JavaThread "main" [_thread_in_native, id=3856, stack(0x00000042a1100000,0x00000042a1200000)]
  0x000001e8a4e416b0 JavaThread "Reference Handler" daemon [_thread_blocked, id=852, stack(0x00000042a1800000,0x00000042a1900000)]
  0x000001e8a4e422a0 JavaThread "Finalizer" daemon [_thread_blocked, id=17032, stack(0x00000042a1900000,0x00000042a1a00000)]
  0x000001e8a4e42e90 JavaThread "Signal Dispatcher" daemon [_thread_blocked, id=12404, stack(0x00000042a1a00000,0x00000042a1b00000)]
  0x000001e8a4e467e0 JavaThread "Attach Listener" daemon [_thread_blocked, id=2060, stack(0x00000042a1b00000,0x00000042a1c00000)]
  0x000001e8a4e49120 JavaThread "Service Thread" daemon [_thread_blocked, id=14304, stack(0x00000042a1c00000,0x00000042a1d00000)]
  0x000001e8a4e49eb0 JavaThread "Monitor Deflation Thread" daemon [_thread_blocked, id=15900, stack(0x00000042a1d00000,0x00000042a1e00000)]
  0x000001e8a4e505a0 JavaThread "C2 CompilerThread0" daemon [_thread_blocked, id=16048, stack(0x00000042a1e00000,0x00000042a1f00000)]
  0x000001e8a4e52280 JavaThread "C1 CompilerThread0" daemon [_thread_blocked, id=4296, stack(0x00000042a1f00000,0x00000042a2000000)]
  0x000001e8a4e4d3d0 JavaThread "Sweeper thread" daemon [_thread_blocked, id=20680, stack(0x00000042a2000000,0x00000042a2100000)]
  0x000001e8a90813b0 JavaThread "C1 CompilerThread1" daemon [_thread_blocked, id=8708, stack(0x00000042a2100000,0x00000042a2200000)]
  0x000001e8a4e4c3e0 JavaThread "Common-Cleaner" daemon [_thread_blocked, id=10568, stack(0x00000042a2200000,0x00000042a2300000)]
  0x000001e8a4e4aea0 JavaThread "Monitor Ctrl-Break" daemon [_thread_in_native, id=14636, stack(0x00000042a2300000,0x00000042a2400000)]
  0x000001e8a4e4be90 JavaThread "Notification Thread" daemon [_thread_blocked, id=6792, stack(0x00000042a2400000,0x00000042a2500000)]
  0x000001e8a959d960 JavaThread "C2 CompilerThread1" daemon [_thread_blocked, id=15940, stack(0x00000042a2600000,0x00000042a2700000)]
  0x000001e8a95e9020 JavaThread "C1 CompilerThread2" daemon [_thread_in_vm, id=9136, stack(0x00000042a2700000,0x00000042a2800000)]
  0x000001e8a95e95a0 JavaThread "C1 CompilerThread3" daemon [_thread_blocked, id=7348, stack(0x00000042a2800000,0x00000042a2900000)]
  0x000001e8a971fbe0 JavaThread "C2 CompilerThread2" daemon [_thread_in_native, id=5592, stack(0x00000042a2900000,0x00000042a2a00000)]
=>0x000001e8a9bf8040 JavaThread "C2 CompilerThread3" daemon [_thread_in_native, id=4600, stack(0x00000042a2a00000,0x00000042a2b00000)]
  0x000001e8a9bf85c0 JavaThread "C2 CompilerThread4" daemon [_thread_blocked, id=20984, stack(0x00000042a2b00000,0x00000042a2c00000)]
  0x000001e8a9867c60 JavaThread "C2 CompilerThread5" daemon [_thread_blocked, id=13232, stack(0x00000042a2c00000,0x00000042a2d00000)]
  0x000001e8adfdf870 JavaThread "C2 CompilerThread6" daemon [_thread_blocked, id=20620, stack(0x00000042a2d00000,0x00000042a2e00000)]

Other Threads:
  0x000001e8a4e2b3b0 VMThread "VM Thread" [stack: 0x00000042a1700000,0x00000042a1800000] [id=15476]
  0x000001e8a91e7f30 WatcherThread "VM Periodic Task Thread" [stack: 0x00000042a2500000,0x00000042a2600000] [id=15816]
  0x000001e8ffcf1180 WorkerThread "GC Thread#0" [stack: 0x00000042a1200000,0x00000042a1300000] [id=2704]
  0x000001e8a950bc50 WorkerThread "GC Thread#1" [stack: 0x00000042a2f00000,0x00000042a3000000] [id=8748]
  0x000001e8a950d2d0 WorkerThread "GC Thread#2" [stack: 0x00000042a3000000,0x00000042a3100000] [id=16068]
  0x000001e8a950bf20 WorkerThread "GC Thread#3" [stack: 0x00000042a3100000,0x00000042a3200000] [id=10532]
  0x000001e8a950c1f0 WorkerThread "GC Thread#4" [stack: 0x00000042a3200000,0x00000042a3300000] [id=18020]
  0x000001e8a950ca60 WorkerThread "GC Thread#5" [stack: 0x00000042a3300000,0x00000042a3400000] [id=5460]
  0x000001e8a950c4c0 WorkerThread "GC Thread#6" [stack: 0x00000042a3400000,0x00000042a3500000] [id=20484]
  0x000001e8a950cd30 WorkerThread "GC Thread#7" [stack: 0x00000042a3500000,0x00000042a3600000] [id=17248]
  0x000001e8ab11b6c0 WorkerThread "GC Thread#8" [stack: 0x00000042a3600000,0x00000042a3700000] [id=19084]
  0x000001e8ab11e690 WorkerThread "GC Thread#9" [stack: 0x00000042a3700000,0x00000042a3800000] [id=8168]
  0x000001e8ab11b990 WorkerThread "GC Thread#10" [stack: 0x00000042a3800000,0x00000042a3900000] [id=5824]
  0x000001e8ab11ca70 WorkerThread "GC Thread#11" [stack: 0x00000042a2e00000,0x00000042a2f00000] [id=12364]
  0x000001e8ab11d010 WorkerThread "GC Thread#12" [stack: 0x00000042a3900000,0x00000042a3a00000] [id=6768]
  0x000001e8ffd01af0 ConcurrentGCThread "G1 Main Marker" [stack: 0x00000042a1300000,0x00000042a1400000] [id=21180]
  0x000001e8ffd03530 WorkerThread "G1 Conc#0" [stack: 0x00000042a1400000,0x00000042a1500000] [id=8316]
  0x000001e8ab11e0f0 WorkerThread "G1 Conc#1" [stack: 0x00000042a3a00000,0x00000042a3b00000] [id=15928]
  0x000001e8ab11e960 WorkerThread "G1 Conc#2" [stack: 0x00000042a3b00000,0x00000042a3c00000] [id=9612]
  0x000001e8a4ce11b0 ConcurrentGCThread "G1 Refine#0" [stack: 0x00000042a1500000,0x00000042a1600000] [id=5552]
  0x000001e8a4ce4000 ConcurrentGCThread "G1 Service" [stack: 0x00000042a1600000,0x00000042a1700000] [id=7208]

Threads with active compile tasks:
C1 CompilerThread1     7076 11987       3       org.apache.commons.compress.archivers.zip.ZipArchiveEntry::getAllExtraFieldsNoCopy (31 bytes)
C1 CompilerThread2     7076 11988       3       org.apache.commons.compress.archivers.zip.ExtraFieldUtils::mergeLocalFileDataData (232 bytes)
C1 CompilerThread3     7076 11986       3       org.apache.commons.compress.archivers.zip.ZipArchiveEntry::setExtra (12 bytes)
C2 CompilerThread2     7076 11812       4       org.codehaus.plexus.classworlds.realm.ClassRealm::loadClass (7 bytes)
C2 CompilerThread3     7076 11304   !   4       java.lang.ClassLoader::loadClass (121 bytes)

VM state: not at safepoint (normal execution)

VM Mutex/Monitor currently owned by a thread: None

Heap address: 0x0000000705e00000, size: 4002 MB, Compressed Oops mode: Zero based, Oop shift amount: 3

CDS archive(s) mapped at: [0x0000000800000000-0x0000000800c40000-0x0000000800c40000), size 12845056, SharedBaseAddress: 0x0000000800000000, ArchiveRelocationMode: 0.
Compressed class space mapped at: 0x0000000801000000-0x0000000841000000, reserved size: 1073741824
Narrow klass base: 0x0000000800000000, Narrow klass shift: 0, Narrow klass range: 0x100000000

GC Precious Log:
 CardTable entry size: 512
 Card Set container configuration: InlinePtr #cards 4 size 8 Array Of Cards #cards 16 size 48 Howl #buckets 8 coarsen threshold 3686 Howl Bitmap #cards 512 size 80 coarsen threshold 460 Card regions per heap region 1 cards per card region 4096
 CPUs: 16 total, 16 available
 Memory: 16005M
 Large Page Support: Disabled
 NUMA Support: Disabled
 Compressed Oops: Enabled (Zero based)
 Heap Region Size: 2M
 Heap Min Capacity: 8M
 Heap Initial Capacity: 252M
 Heap Max Capacity: 4002M
 Pre-touch: Disabled
 Parallel Workers: 13
 Concurrent Workers: 3
 Concurrent Refinement Workers: 13
 Periodic GC: Disabled

Heap:
 garbage-first heap   total 274432K, used 140507K [0x0000000705e00000, 0x0000000800000000)
  region size 2048K, 41 young (83968K), 10 survivors (20480K)
 Metaspace       used 36399K, committed 37056K, reserved 1114112K
  class space    used 3749K, committed 4096K, reserved 1048576K

Heap Regions: E=young(eden), S=young(survivor), O=old, HS=humongous(starts), HC=humongous(continues), CS=collection set, F=free, OA=open archive, CA=closed archive, TAMS=top-at-mark-start (previous, next)
|   0|0x0000000705e00000, 0x0000000706000000, 0x0000000706000000|100%| O|  |TAMS 0x0000000706000000, 0x0000000705e00000| Untracked 
|   1|0x0000000706000000, 0x0000000706200000, 0x0000000706200000|100%| O|  |TAMS 0x0000000706200000, 0x0000000706000000| Untracked 
|   2|0x0000000706200000, 0x0000000706400000, 0x0000000706400000|100%| O|  |TAMS 0x0000000706400000, 0x0000000706200000| Untracked 
|   3|0x0000000706400000, 0x0000000706600000, 0x0000000706600000|100%| O|  |TAMS 0x0000000706600000, 0x0000000706400000| Untracked 
|   4|0x0000000706600000, 0x0000000706800000, 0x0000000706800000|100%| O|  |TAMS 0x0000000706800000, 0x0000000706600000| Untracked 
|   5|0x0000000706800000, 0x0000000706a00000, 0x0000000706a00000|100%| O|  |TAMS 0x0000000706a00000, 0x0000000706800000| Untracked 
|   6|0x0000000706a00000, 0x0000000706c00000, 0x0000000706c00000|100%| O|  |TAMS 0x0000000706c00000, 0x0000000706a00000| Untracked 
|   7|0x0000000706c00000, 0x0000000706e00000, 0x0000000706e00000|100%| O|  |TAMS 0x0000000706e00000, 0x0000000706c00000| Untracked 
|   8|0x0000000706e00000, 0x0000000707000000, 0x0000000707000000|100%| O|  |TAMS 0x0000000707000000, 0x0000000706e00000| Untracked 
|   9|0x0000000707000000, 0x0000000707200000, 0x0000000707200000|100%| O|  |TAMS 0x0000000707000000, 0x0000000707000000| Untracked 
|  10|0x0000000707200000, 0x0000000707400000, 0x0000000707400000|100%| O|  |TAMS 0x0000000707400000, 0x0000000707200000| Untracked 
|  11|0x0000000707400000, 0x0000000707600000, 0x0000000707600000|100%| O|  |TAMS 0x0000000707600000, 0x0000000707400000| Untracked 
|  12|0x0000000707600000, 0x0000000707600000, 0x0000000707800000|  0%| F|  |TAMS 0x0000000707600000, 0x0000000707600000| Untracked 
|  13|0x0000000707800000, 0x0000000707a00000, 0x0000000707a00000|100%| O|  |TAMS 0x0000000707a00000, 0x0000000707800000| Untracked 
|  14|0x0000000707a00000, 0x0000000707c00000, 0x0000000707c00000|100%| O|  |TAMS 0x0000000707c00000, 0x0000000707a00000| Untracked 
|  15|0x0000000707c00000, 0x0000000707e00000, 0x0000000707e00000|100%| O|  |TAMS 0x0000000707d0c000, 0x0000000707c00000| Untracked 
|  16|0x0000000707e00000, 0x0000000708000000, 0x0000000708000000|100%| O|  |TAMS 0x0000000707e00000, 0x0000000707e00000| Untracked 
|  17|0x0000000708000000, 0x0000000708200000, 0x0000000708200000|100%| O|  |TAMS 0x0000000708000000, 0x0000000708000000| Untracked 
|  18|0x0000000708200000, 0x0000000708400000, 0x0000000708400000|100%|HS|  |TAMS 0x0000000708200000, 0x0000000708200000| Complete 
|  19|0x0000000708400000, 0x0000000708600000, 0x0000000708600000|100%|HC|  |TAMS 0x0000000708400000, 0x0000000708400000| Complete 
|  20|0x0000000708600000, 0x0000000708800000, 0x0000000708800000|100%| O|  |TAMS 0x0000000708600000, 0x0000000708600000| Untracked 
|  21|0x0000000708800000, 0x0000000708a00000, 0x0000000708a00000|100%| O|  |TAMS 0x0000000708800000, 0x0000000708800000| Untracked 
|  22|0x0000000708a00000, 0x0000000708b36c00, 0x0000000708c00000| 60%| O|  |TAMS 0x0000000708a00000, 0x0000000708a00000| Untracked 
|  23|0x0000000708c00000, 0x0000000708c00000, 0x0000000708e00000|  0%| F|  |TAMS 0x0000000708c00000, 0x0000000708c00000| Untracked 
|  24|0x0000000708e00000, 0x0000000708e00000, 0x0000000709000000|  0%| F|  |TAMS 0x0000000708e00000, 0x0000000708e00000| Untracked 
|  25|0x0000000709000000, 0x0000000709000000, 0x0000000709200000|  0%| F|  |TAMS 0x0000000709000000, 0x0000000709000000| Untracked 
|  26|0x0000000709200000, 0x0000000709200000, 0x0000000709400000|  0%| F|  |TAMS 0x0000000709200000, 0x0000000709200000| Untracked 
|  27|0x0000000709400000, 0x0000000709400000, 0x0000000709600000|  0%| F|  |TAMS 0x0000000709400000, 0x0000000709400000| Untracked 
|  28|0x0000000709600000, 0x0000000709600000, 0x0000000709800000|  0%| F|  |TAMS 0x0000000709600000, 0x0000000709600000| Untracked 
|  29|0x0000000709800000, 0x0000000709800000, 0x0000000709a00000|  0%| F|  |TAMS 0x0000000709800000, 0x0000000709800000| Untracked 
|  30|0x0000000709a00000, 0x0000000709a00000, 0x0000000709c00000|  0%| F|  |TAMS 0x0000000709a00000, 0x0000000709a00000| Untracked 
|  31|0x0000000709c00000, 0x0000000709c00000, 0x0000000709e00000|  0%| F|  |TAMS 0x0000000709c00000, 0x0000000709c00000| Untracked 
|  32|0x0000000709e00000, 0x0000000709e00000, 0x000000070a000000|  0%| F|  |TAMS 0x0000000709e00000, 0x0000000709e00000| Untracked 
|  33|0x000000070a000000, 0x000000070a000000, 0x000000070a200000|  0%| F|  |TAMS 0x000000070a000000, 0x000000070a000000| Untracked 
|  34|0x000000070a200000, 0x000000070a200000, 0x000000070a400000|  0%| F|  |TAMS 0x000000070a200000, 0x000000070a200000| Untracked 
|  35|0x000000070a400000, 0x000000070a400000, 0x000000070a600000|  0%| F|  |TAMS 0x000000070a400000, 0x000000070a400000| Untracked 
|  36|0x000000070a600000, 0x000000070a800000, 0x000000070a800000|100%| S|CS|TAMS 0x000000070a600000, 0x000000070a600000| Complete 
|  37|0x000000070a800000, 0x000000070aa00000, 0x000000070aa00000|100%| S|CS|TAMS 0x000000070a800000, 0x000000070a800000| Complete 
|  38|0x000000070aa00000, 0x000000070ac00000, 0x000000070ac00000|100%| S|CS|TAMS 0x000000070aa00000, 0x000000070aa00000| Complete 
|  39|0x000000070ac00000, 0x000000070ae00000, 0x000000070ae00000|100%| S|CS|TAMS 0x000000070ac00000, 0x000000070ac00000| Complete 
|  40|0x000000070ae00000, 0x000000070b000000, 0x000000070b000000|100%| S|CS|TAMS 0x000000070ae00000, 0x000000070ae00000| Complete 
|  41|0x000000070b000000, 0x000000070b200000, 0x000000070b200000|100%| S|CS|TAMS 0x000000070b000000, 0x000000070b000000| Complete 
|  42|0x000000070b200000, 0x000000070b400000, 0x000000070b400000|100%| S|CS|TAMS 0x000000070b200000, 0x000000070b200000| Complete 
|  43|0x000000070b400000, 0x000000070b600000, 0x000000070b600000|100%| S|CS|TAMS 0x000000070b400000, 0x000000070b400000| Complete 
|  44|0x000000070b600000, 0x000000070b600000, 0x000000070b800000|  0%| F|  |TAMS 0x000000070b600000, 0x000000070b600000| Untracked 
|  45|0x000000070b800000, 0x000000070b800000, 0x000000070ba00000|  0%| F|  |TAMS 0x000000070b800000, 0x000000070b800000| Untracked 
|  46|0x000000070ba00000, 0x000000070ba00000, 0x000000070bc00000|  0%| F|  |TAMS 0x000000070ba00000, 0x000000070ba00000| Untracked 
|  47|0x000000070bc00000, 0x000000070bc00000, 0x000000070be00000|  0%| F|  |TAMS 0x000000070bc00000, 0x000000070bc00000| Untracked 
|  48|0x000000070be00000, 0x000000070c000000, 0x000000070c000000|100%| S|CS|TAMS 0x000000070be00000, 0x000000070be00000| Complete 
|  49|0x000000070c000000, 0x000000070c200000, 0x000000070c200000|100%| S|CS|TAMS 0x000000070c000000, 0x000000070c000000| Complete 
|  50|0x000000070c200000, 0x000000070c200000, 0x000000070c400000|  0%| F|  |TAMS 0x000000070c200000, 0x000000070c200000| Untracked 
|  51|0x000000070c400000, 0x000000070c400000, 0x000000070c600000|  0%| F|  |TAMS 0x000000070c400000, 0x000000070c400000| Untracked 
|  52|0x000000070c600000, 0x000000070c600000, 0x000000070c800000|  0%| F|  |TAMS 0x000000070c600000, 0x000000070c600000| Untracked 
|  53|0x000000070c800000, 0x000000070c800000, 0x000000070ca00000|  0%| F|  |TAMS 0x000000070c800000, 0x000000070c800000| Untracked 
|  54|0x000000070ca00000, 0x000000070ca00000, 0x000000070cc00000|  0%| F|  |TAMS 0x000000070ca00000, 0x000000070ca00000| Untracked 
|  55|0x000000070cc00000, 0x000000070cc00000, 0x000000070ce00000|  0%| F|  |TAMS 0x000000070cc00000, 0x000000070cc00000| Untracked 
|  56|0x000000070ce00000, 0x000000070ce00000, 0x000000070d000000|  0%| F|  |TAMS 0x000000070ce00000, 0x000000070ce00000| Untracked 
|  57|0x000000070d000000, 0x000000070d000000, 0x000000070d200000|  0%| F|  |TAMS 0x000000070d000000, 0x000000070d000000| Untracked 
|  58|0x000000070d200000, 0x000000070d200000, 0x000000070d400000|  0%| F|  |TAMS 0x000000070d200000, 0x000000070d200000| Untracked 
|  59|0x000000070d400000, 0x000000070d400000, 0x000000070d600000|  0%| F|  |TAMS 0x000000070d400000, 0x000000070d400000| Untracked 
|  60|0x000000070d600000, 0x000000070d600000, 0x000000070d800000|  0%| F|  |TAMS 0x000000070d600000, 0x000000070d600000| Untracked 
|  61|0x000000070d800000, 0x000000070d800000, 0x000000070da00000|  0%| F|  |TAMS 0x000000070d800000, 0x000000070d800000| Untracked 
|  62|0x000000070da00000, 0x000000070da00000, 0x000000070dc00000|  0%| F|  |TAMS 0x000000070da00000, 0x000000070da00000| Untracked 
|  63|0x000000070dc00000, 0x000000070dc00000, 0x000000070de00000|  0%| F|  |TAMS 0x000000070dc00000, 0x000000070dc00000| Untracked 
|  64|0x000000070de00000, 0x000000070de00000, 0x000000070e000000|  0%| F|  |TAMS 0x000000070de00000, 0x000000070de00000| Untracked 
|  65|0x000000070e000000, 0x000000070e000000, 0x000000070e200000|  0%| F|  |TAMS 0x000000070e000000, 0x000000070e000000| Untracked 
|  66|0x000000070e200000, 0x000000070e200000, 0x000000070e400000|  0%| F|  |TAMS 0x000000070e200000, 0x000000070e200000| Untracked 
|  67|0x000000070e400000, 0x000000070e400000, 0x000000070e600000|  0%| F|  |TAMS 0x000000070e400000, 0x000000070e400000| Untracked 
|  68|0x000000070e600000, 0x000000070e600000, 0x000000070e800000|  0%| F|  |TAMS 0x000000070e600000, 0x000000070e600000| Untracked 
|  69|0x000000070e800000, 0x000000070e800000, 0x000000070ea00000|  0%| F|  |TAMS 0x000000070e800000, 0x000000070e800000| Untracked 
|  70|0x000000070ea00000, 0x000000070ea00000, 0x000000070ec00000|  0%| F|  |TAMS 0x000000070ea00000, 0x000000070ea00000| Untracked 
|  71|0x000000070ec00000, 0x000000070ec00000, 0x000000070ee00000|  0%| F|  |TAMS 0x000000070ec00000, 0x000000070ec00000| Untracked 
|  72|0x000000070ee00000, 0x000000070ee00000, 0x000000070f000000|  0%| F|  |TAMS 0x000000070ee00000, 0x000000070ee00000| Untracked 
|  73|0x000000070f000000, 0x000000070f000000, 0x000000070f200000|  0%| F|  |TAMS 0x000000070f000000, 0x000000070f000000| Untracked 
|  74|0x000000070f200000, 0x000000070f200000, 0x000000070f400000|  0%| F|  |TAMS 0x000000070f200000, 0x000000070f200000| Untracked 
|  75|0x000000070f400000, 0x000000070f400000, 0x000000070f600000|  0%| F|  |TAMS 0x000000070f400000, 0x000000070f400000| Untracked 
|  76|0x000000070f600000, 0x000000070f600000, 0x000000070f800000|  0%| F|  |TAMS 0x000000070f600000, 0x000000070f600000| Untracked 
|  77|0x000000070f800000, 0x000000070f800000, 0x000000070fa00000|  0%| F|  |TAMS 0x000000070f800000, 0x000000070f800000| Untracked 
|  78|0x000000070fa00000, 0x000000070fa00000, 0x000000070fc00000|  0%| F|  |TAMS 0x000000070fa00000, 0x000000070fa00000| Untracked 
|  79|0x000000070fc00000, 0x000000070fc00000, 0x000000070fe00000|  0%| F|  |TAMS 0x000000070fc00000, 0x000000070fc00000| Untracked 
|  80|0x000000070fe00000, 0x000000070fe00000, 0x0000000710000000|  0%| F|  |TAMS 0x000000070fe00000, 0x000000070fe00000| Untracked 
|  81|0x0000000710000000, 0x0000000710000000, 0x0000000710200000|  0%| F|  |TAMS 0x0000000710000000, 0x0000000710000000| Untracked 
|  82|0x0000000710200000, 0x0000000710200000, 0x0000000710400000|  0%| F|  |TAMS 0x0000000710200000, 0x0000000710200000| Untracked 
|  83|0x0000000710400000, 0x0000000710400000, 0x0000000710600000|  0%| F|  |TAMS 0x0000000710400000, 0x0000000710400000| Untracked 
|  84|0x0000000710600000, 0x0000000710600000, 0x0000000710800000|  0%| F|  |TAMS 0x0000000710600000, 0x0000000710600000| Untracked 
|  85|0x0000000710800000, 0x0000000710800000, 0x0000000710a00000|  0%| F|  |TAMS 0x0000000710800000, 0x0000000710800000| Untracked 
|  86|0x0000000710a00000, 0x0000000710a00000, 0x0000000710c00000|  0%| F|  |TAMS 0x0000000710a00000, 0x0000000710a00000| Untracked 
|  87|0x0000000710c00000, 0x0000000710c00000, 0x0000000710e00000|  0%| F|  |TAMS 0x0000000710c00000, 0x0000000710c00000| Untracked 
|  88|0x0000000710e00000, 0x0000000710e00000, 0x0000000711000000|  0%| F|  |TAMS 0x0000000710e00000, 0x0000000710e00000| Untracked 
|  89|0x0000000711000000, 0x0000000711000000, 0x0000000711200000|  0%| F|  |TAMS 0x0000000711000000, 0x0000000711000000| Untracked 
|  90|0x0000000711200000, 0x0000000711200000, 0x0000000711400000|  0%| F|  |TAMS 0x0000000711200000, 0x0000000711200000| Untracked 
|  91|0x0000000711400000, 0x0000000711400000, 0x0000000711600000|  0%| F|  |TAMS 0x0000000711400000, 0x0000000711400000| Untracked 
|  92|0x0000000711600000, 0x0000000711600000, 0x0000000711800000|  0%| F|  |TAMS 0x0000000711600000, 0x0000000711600000| Untracked 
|  93|0x0000000711800000, 0x0000000711800000, 0x0000000711a00000|  0%| F|  |TAMS 0x0000000711800000, 0x0000000711800000| Untracked 
|  94|0x0000000711a00000, 0x0000000711a00000, 0x0000000711c00000|  0%| F|  |TAMS 0x0000000711a00000, 0x0000000711a00000| Untracked 
|  95|0x0000000711c00000, 0x0000000711e00000, 0x0000000711e00000|100%| E|  |TAMS 0x0000000711c00000, 0x0000000711c00000| Complete 
|  96|0x0000000711e00000, 0x0000000712000000, 0x0000000712000000|100%| E|CS|TAMS 0x0000000711e00000, 0x0000000711e00000| Complete 
|  97|0x0000000712000000, 0x0000000712200000, 0x0000000712200000|100%| E|CS|TAMS 0x0000000712000000, 0x0000000712000000| Complete 
|  98|0x0000000712200000, 0x0000000712400000, 0x0000000712400000|100%| E|CS|TAMS 0x0000000712200000, 0x0000000712200000| Complete 
|  99|0x0000000712400000, 0x0000000712600000, 0x0000000712600000|100%| E|CS|TAMS 0x0000000712400000, 0x0000000712400000| Complete 
| 100|0x0000000712600000, 0x0000000712800000, 0x0000000712800000|100%| E|CS|TAMS 0x0000000712600000, 0x0000000712600000| Complete 
| 101|0x0000000712800000, 0x0000000712a00000, 0x0000000712a00000|100%| E|CS|TAMS 0x0000000712800000, 0x0000000712800000| Complete 
| 102|0x0000000712a00000, 0x0000000712c00000, 0x0000000712c00000|100%| E|CS|TAMS 0x0000000712a00000, 0x0000000712a00000| Complete 
| 103|0x0000000712c00000, 0x0000000712e00000, 0x0000000712e00000|100%| E|CS|TAMS 0x0000000712c00000, 0x0000000712c00000| Complete 
| 104|0x0000000712e00000, 0x0000000713000000, 0x0000000713000000|100%| E|CS|TAMS 0x0000000712e00000, 0x0000000712e00000| Complete 
| 105|0x0000000713000000, 0x0000000713200000, 0x0000000713200000|100%| E|CS|TAMS 0x0000000713000000, 0x0000000713000000| Complete 
| 106|0x0000000713200000, 0x0000000713400000, 0x0000000713400000|100%| E|CS|TAMS 0x0000000713200000, 0x0000000713200000| Complete 
| 107|0x0000000713400000, 0x0000000713600000, 0x0000000713600000|100%| E|CS|TAMS 0x0000000713400000, 0x0000000713400000| Complete 
| 108|0x0000000713600000, 0x0000000713800000, 0x0000000713800000|100%| E|CS|TAMS 0x0000000713600000, 0x0000000713600000| Complete 
| 109|0x0000000713800000, 0x0000000713a00000, 0x0000000713a00000|100%| E|CS|TAMS 0x0000000713800000, 0x0000000713800000| Complete 
| 110|0x0000000713a00000, 0x0000000713c00000, 0x0000000713c00000|100%| E|CS|TAMS 0x0000000713a00000, 0x0000000713a00000| Complete 
| 111|0x0000000713c00000, 0x0000000713e00000, 0x0000000713e00000|100%| E|CS|TAMS 0x0000000713c00000, 0x0000000713c00000| Complete 
| 112|0x0000000713e00000, 0x0000000714000000, 0x0000000714000000|100%| E|CS|TAMS 0x0000000713e00000, 0x0000000713e00000| Complete 
| 113|0x0000000714000000, 0x0000000714200000, 0x0000000714200000|100%| E|CS|TAMS 0x0000000714000000, 0x0000000714000000| Complete 
| 114|0x0000000714200000, 0x0000000714400000, 0x0000000714400000|100%| E|CS|TAMS 0x0000000714200000, 0x0000000714200000| Complete 
| 115|0x0000000714400000, 0x0000000714600000, 0x0000000714600000|100%| E|CS|TAMS 0x0000000714400000, 0x0000000714400000| Complete 
| 116|0x0000000714600000, 0x0000000714800000, 0x0000000714800000|100%| E|CS|TAMS 0x0000000714600000, 0x0000000714600000| Complete 
| 117|0x0000000714800000, 0x0000000714a00000, 0x0000000714a00000|100%| E|CS|TAMS 0x0000000714800000, 0x0000000714800000| Complete 
| 118|0x0000000714a00000, 0x0000000714c00000, 0x0000000714c00000|100%| E|CS|TAMS 0x0000000714a00000, 0x0000000714a00000| Complete 
| 119|0x0000000714c00000, 0x0000000714e00000, 0x0000000714e00000|100%| E|CS|TAMS 0x0000000714c00000, 0x0000000714c00000| Complete 
| 120|0x0000000714e00000, 0x0000000715000000, 0x0000000715000000|100%| E|CS|TAMS 0x0000000714e00000, 0x0000000714e00000| Complete 
| 121|0x0000000715000000, 0x0000000715200000, 0x0000000715200000|100%| E|CS|TAMS 0x0000000715000000, 0x0000000715000000| Complete 
| 122|0x0000000715200000, 0x0000000715400000, 0x0000000715400000|100%| E|CS|TAMS 0x0000000715200000, 0x0000000715200000| Complete 
| 123|0x0000000715400000, 0x0000000715600000, 0x0000000715600000|100%| E|CS|TAMS 0x0000000715400000, 0x0000000715400000| Complete 
| 124|0x0000000715600000, 0x0000000715800000, 0x0000000715800000|100%| E|CS|TAMS 0x0000000715600000, 0x0000000715600000| Complete 
| 125|0x0000000715800000, 0x0000000715a00000, 0x0000000715a00000|100%| E|  |TAMS 0x0000000715800000, 0x0000000715800000| Complete 
|1993|0x00000007ff000000, 0x00000007ff200000, 0x00000007ff200000|100%| O|  |TAMS 0x00000007ff200000, 0x00000007ff000000| Untracked 
|1994|0x00000007ff200000, 0x00000007ff400000, 0x00000007ff400000|100%| O|  |TAMS 0x00000007ff400000, 0x00000007ff200000| Untracked 
|1995|0x00000007ff400000, 0x00000007ff600000, 0x00000007ff600000|100%| O|  |TAMS 0x00000007ff600000, 0x00000007ff400000| Untracked 
|1996|0x00000007ff600000, 0x00000007ff800000, 0x00000007ff800000|100%| O|  |TAMS 0x00000007ff800000, 0x00000007ff600000| Untracked 
|1997|0x00000007ff800000, 0x00000007ffa00000, 0x00000007ffa00000|100%| O|  |TAMS 0x00000007ffa00000, 0x00000007ff800000| Untracked 
|1998|0x00000007ffa00000, 0x00000007ffc00000, 0x00000007ffc00000|100%| O|  |TAMS 0x00000007ffc00000, 0x00000007ffa00000| Untracked 
|1999|0x00000007ffc00000, 0x00000007ffe00000, 0x00000007ffe00000|100%| O|  |TAMS 0x00000007ffe00000, 0x00000007ffc00000| Untracked 
|2000|0x00000007ffe00000, 0x0000000800000000, 0x0000000800000000|100%| O|  |TAMS 0x0000000800000000, 0x00000007ffe00000| Untracked 

Card table byte_map: [0x000001e899100000,0x000001e8998e0000] _byte_map_base: 0x000001e8958d1000

Marking Bits (Prev, Next): (CMBitMap*) 0x000001e8ffcf17b0, (CMBitMap*) 0x000001e8ffcf17f0
 Prev Bits: [0x000001e89a0c0000, 0x000001e89df48000)
 Next Bits: [0x000001e89df50000, 0x000001e8a1dd8000)

Polling page: 0x000001e8ff440000

Metaspace:

Usage:
  Non-class:     31.89 MB used.
      Class:      3.66 MB used.
       Both:     35.55 MB used.

Virtual space:
  Non-class space:       64.00 MB reserved,      32.19 MB ( 50%) committed,  1 nodes.
      Class space:        1.00 GB reserved,       4.00 MB ( <1%) committed,  1 nodes.
             Both:        1.06 GB reserved,      36.19 MB (  3%) committed. 

Chunk freelists:
   Non-Class:  3.03 MB
       Class:  32.00 KB
        Both:  3.06 MB

MaxMetaspaceSize: unlimited
CompressedClassSpaceSize: 1.00 GB
Initial GC threshold: 21.00 MB
Current GC threshold: 45.56 MB
CDS: on
MetaspaceReclaimPolicy: balanced
 - commit_granule_bytes: 65536.
 - commit_granule_words: 8192.
 - virtual_space_node_default_size: 8388608.
 - enlarge_chunks_in_place: 1.
 - new_chunks_are_fully_committed: 0.
 - uncommit_free_chunks: 1.
 - use_allocation_guard: 0.


Internal statistics:

num_allocs_failed_limit: 3.
num_arena_births: 768.
num_arena_deaths: 0.
num_vsnodes_births: 2.
num_vsnodes_deaths: 0.
num_space_committed: 579.
num_space_uncommitted: 0.
num_chunks_returned_to_freelist: 3.
num_chunks_taken_from_freelist: 2172.
num_chunk_merges: 3.
num_chunk_splits: 1522.
num_chunks_enlarged: 1096.
num_inconsistent_stats: 0.

CodeHeap 'non-profiled nmethods': size=119168Kb used=6863Kb max_used=6863Kb free=112304Kb
 bounds [0x000001e890e50000, 0x000001e891520000, 0x000001e8982b0000]
CodeHeap 'profiled nmethods': size=119104Kb used=22577Kb max_used=22577Kb free=96526Kb
 bounds [0x000001e8892b0000, 0x000001e88a8c0000, 0x000001e890700000]
CodeHeap 'non-nmethods': size=7488Kb used=3034Kb max_used=3126Kb free=4453Kb
 bounds [0x000001e890700000, 0x000001e890a20000, 0x000001e890e50000]
 total_blobs=10403 nmethods=9826 adapters=483
 compilation: enabled
              stopped_count=0, restarted_count=0
 full_count=0

Compilation events (20 events):
Event: 6.981 Thread 0x000001e8a90813b0 11977       3       org.apache.commons.compress.archivers.ArchiveOutputStream::count (19 bytes)
Event: 6.981 Thread 0x000001e8a95e9020 11976       1       java.util.zip.ZipEntry::getMethod (5 bytes)
Event: 6.981 Thread 0x000001e8a4e52280 nmethod 11973 0x000001e8912c8f90 code [0x000001e8912c9120, 0x000001e8912c91d8]
Event: 6.981 Thread 0x000001e8a95e95a0 nmethod 11974 0x000001e8912c8c90 code [0x000001e8912c8e20, 0x000001e8912c8ed8]
Event: 6.981 Thread 0x000001e8a95e9020 nmethod 11976 0x000001e8912c8910 code [0x000001e8912c8aa0, 0x000001e8912c8b58]
Event: 6.981 Thread 0x000001e8a90813b0 nmethod 11977 0x000001e88a8b8e90 code [0x000001e88a8b9020, 0x000001e88a8b9178]
Event: 7.004 Thread 0x000001e8adfdf870 11978       4       java.io.FilterInputStream::read (11 bytes)
Event: 7.004 Thread 0x000001e8adfdf870 nmethod 11978 0x000001e8913f0f90 code [0x000001e8913f1120, 0x000001e8913f11b8]
Event: 7.008 Thread 0x000001e8adfdf870 11979   !   4       java.util.zip.Deflater::needsInput (55 bytes)
Event: 7.009 Thread 0x000001e8adfdf870 nmethod 11979 0x000001e8913f0b10 code [0x000001e8913f0ca0, 0x000001e8913f0eb8]
Event: 7.018 Thread 0x000001e8a90813b0 11980       3       org.apache.commons.compress.archivers.zip.ZipLong::getBytes (12 bytes)
Event: 7.019 Thread 0x000001e8a90813b0 nmethod 11980 0x000001e88a8b9210 code [0x000001e88a8b93c0, 0x000001e88a8b9588]
Event: 7.059 Thread 0x000001e8a90813b0 11981       3       java.util.Arrays::equals (43 bytes)
Event: 7.059 Thread 0x000001e8a95e95a0 11982       3       java.time.Instant::ofEpochMilli (27 bytes)
Event: 7.059 Thread 0x000001e8a95e95a0 nmethod 11982 0x000001e88a8b9690 code [0x000001e88a8b9860, 0x000001e88a8b9ac8]
Event: 7.059 Thread 0x000001e8a90813b0 nmethod 11981 0x000001e88a8b9c10 code [0x000001e88a8b9de0, 0x000001e88a8ba0c8]
Event: 7.059 Thread 0x000001e8a959d960 11983       4       java.util.ArrayDeque::add (7 bytes)
Event: 7.060 Thread 0x000001e8a959d960 nmethod 11983 0x000001e8913f0510 code [0x000001e8913f06a0, 0x000001e8913f0948]
Event: 7.062 Thread 0x000001e8a95e9020 11984   !   3       java.util.zip.Deflater::finish (23 bytes)
Event: 7.062 Thread 0x000001e8a95e9020 nmethod 11984 0x000001e88a8ba190 code [0x000001e88a8ba340, 0x000001e88a8ba538]

GC Heap History (20 events):
Event: 3.420 GC heap before
{Heap before GC invocations=10 (full 0):
 garbage-first heap   total 108544K, used 78129K [0x0000000705e00000, 0x0000000800000000)
  region size 2048K, 15 young (30720K), 2 survivors (4096K)
 Metaspace       used 27499K, committed 27904K, reserved 1114112K
  class space    used 2864K, committed 3072K, reserved 1048576K
}
Event: 3.423 GC heap after
{Heap after GC invocations=11 (full 0):
 garbage-first heap   total 108544K, used 51928K [0x0000000705e00000, 0x0000000800000000)
  region size 2048K, 1 young (2048K), 1 survivors (2048K)
 Metaspace       used 27499K, committed 27904K, reserved 1114112K
  class space    used 2864K, committed 3072K, reserved 1048576K
}
Event: 3.499 GC heap before
{Heap before GC invocations=12 (full 0):
 garbage-first heap   total 108544K, used 80600K [0x0000000705e00000, 0x0000000800000000)
  region size 2048K, 15 young (30720K), 1 survivors (2048K)
 Metaspace       used 27611K, committed 28096K, reserved 1114112K
  class space    used 2868K, committed 3136K, reserved 1048576K
}
Event: 3.500 GC heap after
{Heap after GC invocations=13 (full 0):
 garbage-first heap   total 108544K, used 51433K [0x0000000705e00000, 0x0000000800000000)
  region size 2048K, 1 young (2048K), 1 survivors (2048K)
 Metaspace       used 27611K, committed 28096K, reserved 1114112K
  class space    used 2868K, committed 3136K, reserved 1048576K
}
Event: 3.503 GC heap before
{Heap before GC invocations=13 (full 0):
 garbage-first heap   total 108544K, used 53481K [0x0000000705e00000, 0x0000000800000000)
  region size 2048K, 2 young (4096K), 1 survivors (2048K)
 Metaspace       used 27611K, committed 28096K, reserved 1114112K
  class space    used 2868K, committed 3136K, reserved 1048576K
}
Event: 3.505 GC heap after
{Heap after GC invocations=14 (full 0):
 garbage-first heap   total 137216K, used 50467K [0x0000000705e00000, 0x0000000800000000)
  region size 2048K, 1 young (2048K), 1 survivors (2048K)
 Metaspace       used 27611K, committed 28096K, reserved 1114112K
  class space    used 2868K, committed 3136K, reserved 1048576K
}
Event: 3.735 GC heap before
{Heap before GC invocations=14 (full 0):
 garbage-first heap   total 137216K, used 99619K [0x0000000705e00000, 0x0000000800000000)
  region size 2048K, 26 young (53248K), 1 survivors (2048K)
 Metaspace       used 28162K, committed 28672K, reserved 1114112K
  class space    used 2951K, committed 3200K, reserved 1048576K
}
Event: 3.737 GC heap after
{Heap after GC invocations=15 (full 0):
 garbage-first heap   total 137216K, used 50924K [0x0000000705e00000, 0x0000000800000000)
  region size 2048K, 1 young (2048K), 1 survivors (2048K)
 Metaspace       used 28162K, committed 28672K, reserved 1114112K
  class space    used 2951K, committed 3200K, reserved 1048576K
}
Event: 3.861 GC heap before
{Heap before GC invocations=15 (full 0):
 garbage-first heap   total 137216K, used 102124K [0x0000000705e00000, 0x0000000800000000)
  region size 2048K, 27 young (55296K), 1 survivors (2048K)
 Metaspace       used 28401K, committed 28928K, reserved 1114112K
  class space    used 2965K, committed 3264K, reserved 1048576K
}
Event: 3.863 GC heap after
{Heap after GC invocations=16 (full 0):
 garbage-first heap   total 137216K, used 51876K [0x0000000705e00000, 0x0000000800000000)
  region size 2048K, 1 young (2048K), 1 survivors (2048K)
 Metaspace       used 28401K, committed 28928K, reserved 1114112K
  class space    used 2965K, committed 3264K, reserved 1048576K
}
Event: 3.960 GC heap before
{Heap before GC invocations=16 (full 0):
 garbage-first heap   total 137216K, used 107172K [0x0000000705e00000, 0x0000000800000000)
  region size 2048K, 28 young (57344K), 1 survivors (2048K)
 Metaspace       used 28533K, committed 29056K, reserved 1114112K
  class space    used 2968K, committed 3264K, reserved 1048576K
}
Event: 3.962 GC heap after
{Heap after GC invocations=17 (full 0):
 garbage-first heap   total 137216K, used 52651K [0x0000000705e00000, 0x0000000800000000)
  region size 2048K, 2 young (4096K), 2 survivors (4096K)
 Metaspace       used 28533K, committed 29056K, reserved 1114112K
  class space    used 2968K, committed 3264K, reserved 1048576K
}
Event: 4.065 GC heap before
{Heap before GC invocations=17 (full 0):
 garbage-first heap   total 137216K, used 109995K [0x0000000705e00000, 0x0000000800000000)
  region size 2048K, 30 young (61440K), 2 survivors (4096K)
 Metaspace       used 28614K, committed 29120K, reserved 1114112K
  class space    used 2970K, committed 3264K, reserved 1048576K
}
Event: 4.069 GC heap after
{Heap after GC invocations=18 (full 0):
 garbage-first heap   total 137216K, used 54114K [0x0000000705e00000, 0x0000000800000000)
  region size 2048K, 2 young (4096K), 2 survivors (4096K)
 Metaspace       used 28614K, committed 29120K, reserved 1114112K
  class space    used 2970K, committed 3264K, reserved 1048576K
}
Event: 4.203 GC heap before
{Heap before GC invocations=18 (full 0):
 garbage-first heap   total 137216K, used 111458K [0x0000000705e00000, 0x0000000800000000)
  region size 2048K, 30 young (61440K), 2 survivors (4096K)
 Metaspace       used 28718K, committed 29248K, reserved 1114112K
  class space    used 2970K, committed 3264K, reserved 1048576K
}
Event: 4.208 GC heap after
{Heap after GC invocations=19 (full 0):
 garbage-first heap   total 274432K, used 54097K [0x0000000705e00000, 0x0000000800000000)
  region size 2048K, 2 young (4096K), 2 survivors (4096K)
 Metaspace       used 28718K, committed 29248K, reserved 1114112K
  class space    used 2970K, committed 3264K, reserved 1048576K
}
Event: 5.684 GC heap before
{Heap before GC invocations=19 (full 0):
 garbage-first heap   total 274432K, used 213841K [0x0000000705e00000, 0x0000000800000000)
  region size 2048K, 80 young (163840K), 2 survivors (4096K)
 Metaspace       used 31527K, committed 32128K, reserved 1114112K
  class space    used 3226K, committed 3520K, reserved 1048576K
}
Event: 5.688 GC heap after
{Heap after GC invocations=20 (full 0):
 garbage-first heap   total 274432K, used 56842K [0x0000000705e00000, 0x0000000800000000)
  region size 2048K, 4 young (8192K), 4 survivors (8192K)
 Metaspace       used 31527K, committed 32128K, reserved 1114112K
  class space    used 3226K, committed 3520K, reserved 1048576K
}
Event: 6.605 GC heap before
{Heap before GC invocations=20 (full 0):
 garbage-first heap   total 274432K, used 214538K [0x0000000705e00000, 0x0000000800000000)
  region size 2048K, 80 young (163840K), 4 survivors (8192K)
 Metaspace       used 34535K, committed 35136K, reserved 1114112K
  class space    used 3551K, committed 3904K, reserved 1048576K
}
Event: 6.611 GC heap after
{Heap after GC invocations=21 (full 0):
 garbage-first heap   total 274432K, used 81115K [0x0000000705e00000, 0x0000000800000000)
  region size 2048K, 10 young (20480K), 10 survivors (20480K)
 Metaspace       used 34535K, committed 35136K, reserved 1114112K
  class space    used 3551K, committed 3904K, reserved 1048576K
}

Dll operation events (12 events):
Event: 0.005 Loaded shared library C:\Program Files\Java\jdk-19\bin\java.dll
Event: 0.011 Loaded shared library C:\Program Files\Java\jdk-19\bin\jsvml.dll
Event: 0.040 Loaded shared library C:\Program Files\Java\jdk-19\bin\zip.dll
Event: 0.042 Loaded shared library C:\Program Files\Java\jdk-19\bin\instrument.dll
Event: 0.045 Loaded shared library C:\Program Files\Java\jdk-19\bin\net.dll
Event: 0.045 Loaded shared library C:\Program Files\Java\jdk-19\bin\nio.dll
Event: 0.047 Loaded shared library C:\Program Files\Java\jdk-19\bin\zip.dll
Event: 0.057 Loaded shared library C:\Program Files\JetBrains\IntelliJ IDEA 2022.1.2\bin\breakgen64.dll
Event: 0.061 Loaded shared library C:\Program Files\Java\jdk-19\bin\extnet.dll
Event: 0.105 Loaded shared library C:\Program Files\Java\jdk-19\bin\jimage.dll
Event: 0.142 Loaded shared library C:\Users\99293\AppData\Local\Temp\jansi-2.4.0-3b3656f4520f309f-jansi.dll
Event: 0.148 Loaded shared library C:\Program Files\Java\jdk-19\bin\verify.dll

Deoptimization events (20 events):
Event: 6.958 Thread 0x000001e8ffc7d7a0 Uncommon trap: trap_request=0xffffffc6 fr.pc=0x000001e8911e19b4 relative=0x0000000000002414
Event: 6.958 Thread 0x000001e8ffc7d7a0 Uncommon trap: reason=bimorphic_or_optimized_type_check action=maybe_recompile pc=0x000001e8911e19b4 method=java.io.FilterInputStream.read([BII)I @ 7 c2
Event: 6.958 Thread 0x000001e8ffc7d7a0 DEOPT PACKING pc=0x000001e8911e19b4 sp=0x00000042a11fe010
Event: 6.958 Thread 0x000001e8ffc7d7a0 DEOPT UNPACKING pc=0x000001e890766da3 sp=0x00000042a11fdeb0 mode 2
Event: 6.958 Thread 0x000001e8ffc7d7a0 Uncommon trap: trap_request=0xffffffc6 fr.pc=0x000001e8911dc558 relative=0x00000000000011d8
Event: 6.958 Thread 0x000001e8ffc7d7a0 Uncommon trap: reason=bimorphic_or_optimized_type_check action=maybe_recompile pc=0x000001e8911dc558 method=java.io.FilterInputStream.read([BII)I @ 7 c2
Event: 6.958 Thread 0x000001e8ffc7d7a0 DEOPT PACKING pc=0x000001e8911dc558 sp=0x00000042a11fdfb0
Event: 6.958 Thread 0x000001e8ffc7d7a0 DEOPT UNPACKING pc=0x000001e890766da3 sp=0x00000042a11fdf68 mode 2
Event: 6.976 Thread 0x000001e8ffc7d7a0 Uncommon trap: trap_request=0xffffff45 fr.pc=0x000001e890f22a7c relative=0x00000000000001dc
Event: 6.976 Thread 0x000001e8ffc7d7a0 Uncommon trap: reason=unstable_if action=reinterpret pc=0x000001e890f22a7c method=jdk.internal.util.ArraysSupport.mismatch([B[BI)I @ 60 c2
Event: 6.976 Thread 0x000001e8ffc7d7a0 DEOPT PACKING pc=0x000001e890f22a7c sp=0x00000042a11fe300
Event: 6.976 Thread 0x000001e8ffc7d7a0 DEOPT UNPACKING pc=0x000001e890766da3 sp=0x00000042a11fe248 mode 2
Event: 6.977 Thread 0x000001e8ffc7d7a0 Uncommon trap: trap_request=0xffffff45 fr.pc=0x000001e890fcbf68 relative=0x00000000000001c8
Event: 6.977 Thread 0x000001e8ffc7d7a0 Uncommon trap: reason=unstable_if action=reinterpret pc=0x000001e890fcbf68 method=java.util.concurrent.TimeUnit.toMillis(J)J @ 18 c2
Event: 6.977 Thread 0x000001e8ffc7d7a0 DEOPT PACKING pc=0x000001e890fcbf68 sp=0x00000042a11fe290
Event: 6.977 Thread 0x000001e8ffc7d7a0 DEOPT UNPACKING pc=0x000001e890766da3 sp=0x00000042a11fe1b0 mode 2
Event: 6.977 Thread 0x000001e8ffc7d7a0 Uncommon trap: trap_request=0xffffff45 fr.pc=0x000001e890e9504c relative=0x000000000000012c
Event: 6.977 Thread 0x000001e8ffc7d7a0 Uncommon trap: reason=unstable_if action=reinterpret pc=0x000001e890e9504c method=java.util.concurrent.TimeUnit.toMillis(J)J @ 18 c2
Event: 6.977 Thread 0x000001e8ffc7d7a0 DEOPT PACKING pc=0x000001e890e9504c sp=0x00000042a11fdfe0
Event: 6.977 Thread 0x000001e8ffc7d7a0 DEOPT UNPACKING pc=0x000001e890766da3 sp=0x00000042a11fdf58 mode 2

Classes loaded (20 events):
Event: 6.805 Loading class javax/management/JMException
Event: 6.805 Loading class javax/management/JMException done
Event: 6.805 Loading class javax/management/OperationsException done
Event: 6.805 Loading class javax/management/InstanceNotFoundException done
Event: 6.805 Loading class javax/management/ReflectionException
Event: 6.805 Loading class javax/management/ReflectionException done
Event: 6.817 Loading class java/util/jar/JarOutputStream
Event: 6.817 Loading class java/util/zip/ZipOutputStream
Event: 6.817 Loading class java/util/zip/ZipOutputStream done
Event: 6.817 Loading class java/util/jar/JarOutputStream done
Event: 6.888 Loading class java/lang/invoke/DirectMethodHandle$Special
Event: 6.888 Loading class java/lang/invoke/DirectMethodHandle$Special done
Event: 6.902 Loading class java/util/jar/JarInputStream
Event: 6.902 Loading class java/util/jar/JarInputStream done
Event: 6.921 Loading class java/io/FileFilter
Event: 6.921 Loading class java/io/FileFilter done
Event: 6.923 Loading class sun/security/util/ManifestEntryVerifier
Event: 6.923 Loading class sun/security/util/ManifestEntryVerifier done
Event: 6.958 Loading class sun/security/util/SignatureFileVerifier
Event: 6.958 Loading class sun/security/util/SignatureFileVerifier done

Classes unloaded (0 events):
No events

Classes redefined (0 events):
No events

Internal exceptions (20 events):
Event: 6.001 Thread 0x000001e8ffc7d7a0 Exception <a 'sun/nio/fs/WindowsException'{0x0000000711b03840}> (0x0000000711b03840) 
thrown [s\open\src\hotspot\share\prims\jni.cpp, line 517]
Event: 6.001 Thread 0x000001e8ffc7d7a0 Exception <a 'sun/nio/fs/WindowsException'{0x0000000711b05368}> (0x0000000711b05368) 
thrown [s\open\src\hotspot\share\prims\jni.cpp, line 517]
Event: 6.001 Thread 0x000001e8ffc7d7a0 Exception <a 'sun/nio/fs/WindowsException'{0x0000000711b057d8}> (0x0000000711b057d8) 
thrown [s\open\src\hotspot\share\prims\jni.cpp, line 517]
Event: 6.005 Thread 0x000001e8ffc7d7a0 Exception <a 'sun/nio/fs/WindowsException'{0x0000000711bd33b8}> (0x0000000711bd33b8) 
thrown [s\open\src\hotspot\share\prims\jni.cpp, line 517]
Event: 6.005 Thread 0x000001e8ffc7d7a0 Exception <a 'sun/nio/fs/WindowsException'{0x0000000711bd3ac8}> (0x0000000711bd3ac8) 
thrown [s\open\src\hotspot\share\prims\jni.cpp, line 517]
Event: 6.005 Thread 0x000001e8ffc7d7a0 Exception <a 'sun/nio/fs/WindowsException'{0x0000000711bd4d68}> (0x0000000711bd4d68) 
thrown [s\open\src\hotspot\share\prims\jni.cpp, line 517]
Event: 6.006 Thread 0x000001e8ffc7d7a0 Exception <a 'sun/nio/fs/WindowsException'{0x0000000711befe70}> (0x0000000711befe70) 
thrown [s\open\src\hotspot\share\prims\jni.cpp, line 517]
Event: 6.006 Thread 0x000001e8ffc7d7a0 Exception <a 'sun/nio/fs/WindowsException'{0x0000000711bf05d0}> (0x0000000711bf05d0) 
thrown [s\open\src\hotspot\share\prims\jni.cpp, line 517]
Event: 6.006 Thread 0x000001e8ffc7d7a0 Exception <a 'sun/nio/fs/WindowsException'{0x0000000711bf1ac8}> (0x0000000711bf1ac8) 
thrown [s\open\src\hotspot\share\prims\jni.cpp, line 517]
Event: 6.053 Thread 0x000001e8ffc7d7a0 Implicit null exception at 0x000001e8910a8c26 to 0x000001e8910ae1c0
Event: 6.053 Thread 0x000001e8ffc7d7a0 Implicit null exception at 0x000001e891075bee to 0x000001e891079e4c
Event: 6.054 Thread 0x000001e8ffc7d7a0 Implicit null exception at 0x000001e89108e8fa to 0x000001e89108fb78
Event: 6.190 Thread 0x000001e8ac1b5250 Exception <a 'java/lang/NoSuchMethodError'{0x000000071013bdf0}: 'java.lang.Object java.lang.invoke.DirectMethodHandle$Holder.invokeStatic(java.lang.Object, long, java.lang.Object)'> (0x000000071013bdf0) 
thrown [s\open\src\hotspot\share\interpreter\linkResolver.cpp, line 774]
Event: 6.191 Thread 0x000001e8ac1b5250 Exception <a 'java/lang/NoSuchMethodError'{0x000000071013f440}: 'java.lang.Object java.lang.invoke.DirectMethodHandle$Holder.invokeStaticInit(java.lang.Object, long, java.lang.Object)'> (0x000000071013f440) 
thrown [s\open\src\hotspot\share\interpreter\linkResolver.cpp, line 774]
Event: 6.192 Thread 0x000001e8ac1b5250 Exception <a 'java/lang/NoSuchMethodError'{0x0000000710145090}: 'java.lang.Object java.lang.invoke.DirectMethodHandle$Holder.newInvokeSpecial(java.lang.Object, long)'> (0x0000000710145090) 
thrown [s\open\src\hotspot\share\interpreter\linkResolver.cpp, line 774]
Event: 6.193 Thread 0x000001e8ac1b5250 Exception <a 'java/lang/NoSuchMethodError'{0x0000000710149920}: 'long java.lang.invoke.DirectMethodHandle$Holder.invokeInterface(java.lang.Object, java.lang.Object)'> (0x0000000710149920) 
thrown [s\open\src\hotspot\share\interpreter\linkResolver.cpp, line 774]
Event: 6.194 Thread 0x000001e8ac1b5250 Exception <a 'java/lang/NoSuchMethodError'{0x000000071014d288}: 'long java.lang.invoke.DelegatingMethodHandle$Holder.reinvoke_L(java.lang.Object, java.lang.Object)'> (0x000000071014d288) 
thrown [s\open\src\hotspot\share\interpreter\linkResolver.cpp, line 774]
Event: 6.197 Thread 0x000001e8ffc7d7a0 Exception <a 'java/lang/NoSuchMethodError'{0x000000070fe92070}: 'java.lang.String org.apache.maven.execution.MavenExecutionRequest.getFailureBehavior()'> (0x000000070fe92070) 
thrown [s\open\src\hotspot\share\interpreter\linkResolver.cpp, line 870]
Event: 6.438 Thread 0x000001e8ffc7d7a0 Implicit null exception at 0x000001e89110ae4b to 0x000001e89110b040
Event: 6.811 Thread 0x000001e8ffc7d7a0 Exception <a 'java/lang/NoClassDefFoundError'{0x000000071388ab50}: org/sonatype/aether/graph/DependencyNode> (0x000000071388ab50) 
thrown [s\open\src\hotspot\share\classfile\systemDictionary.cpp, line 244]

VM Operations (20 events):
Event: 6.412 Executing VM operation: HandshakeAllThreads
Event: 6.412 Executing VM operation: HandshakeAllThreads done
Event: 6.424 Executing VM operation: HandshakeAllThreads
Event: 6.424 Executing VM operation: HandshakeAllThreads done
Event: 6.466 Executing VM operation: HandshakeAllThreads
Event: 6.466 Executing VM operation: HandshakeAllThreads done
Event: 6.586 Executing VM operation: HandshakeAllThreads
Event: 6.586 Executing VM operation: HandshakeAllThreads done
Event: 6.605 Executing VM operation: G1CollectForAllocation
Event: 6.605 Executing VM operation: G1CollectForAllocation done
Event: 6.605 Executing VM operation: G1CollectForAllocation
Event: 6.611 Executing VM operation: G1CollectForAllocation done
Event: 6.629 Executing VM operation: HandshakeAllThreads
Event: 6.629 Executing VM operation: HandshakeAllThreads done
Event: 6.630 Executing VM operation: HandshakeAllThreads
Event: 6.630 Executing VM operation: HandshakeAllThreads done
Event: 6.836 Executing VM operation: ICBufferFull
Event: 6.836 Executing VM operation: ICBufferFull done
Event: 6.903 Executing VM operation: HandshakeAllThreads
Event: 6.903 Executing VM operation: HandshakeAllThreads done

Events (20 events):
Event: 6.594 Thread 0x000001e8aa3a5220 Thread added: 0x000001e8aa3a5220
Event: 6.594 Thread 0x000001e8aa3a7750 Thread added: 0x000001e8aa3a7750
Event: 6.594 Thread 0x000001e8aa3ab1c0 Thread added: 0x000001e8aa3ab1c0
Event: 6.646 Thread 0x000001e8ac1b47b0 Thread exited: 0x000001e8ac1b47b0
Event: 6.646 Thread 0x000001e8aa3a5220 Thread exited: 0x000001e8aa3a5220
Event: 6.646 Thread 0x000001e8ac1b8cc0 Thread exited: 0x000001e8ac1b8cc0
Event: 6.647 Thread 0x000001e8ac1b8220 Thread exited: 0x000001e8ac1b8220
Event: 6.647 Thread 0x000001e8aa3a7750 Thread exited: 0x000001e8aa3a7750
Event: 6.647 Thread 0x000001e8ac1b57a0 Thread exited: 0x000001e8ac1b57a0
Event: 6.647 Thread 0x000001e8ac1b7230 Thread exited: 0x000001e8ac1b7230
Event: 6.647 Thread 0x000001e8ac1b6240 Thread exited: 0x000001e8ac1b6240
Event: 6.647 Thread 0x000001e8ac1ba200 Thread exited: 0x000001e8ac1ba200
Event: 6.647 Thread 0x000001e8ac1b9210 Thread exited: 0x000001e8ac1b9210
Event: 6.647 Thread 0x000001e8ac1bb1f0 Thread exited: 0x000001e8ac1bb1f0
Event: 6.647 Thread 0x000001e8ac1bc1e0 Thread exited: 0x000001e8ac1bc1e0
Event: 6.647 Thread 0x000001e8ac1b8770 Thread exited: 0x000001e8ac1b8770
Event: 6.647 Thread 0x000001e8ac1b5250 Thread exited: 0x000001e8ac1b5250
Event: 6.647 Thread 0x000001e8aa3ab1c0 Thread exited: 0x000001e8aa3ab1c0
Event: 6.647 Thread 0x000001e8aa3a8c90 Thread exited: 0x000001e8aa3a8c90
Event: 6.828 Thread 0x000001e8adcea410 Thread exited: 0x000001e8adcea410


Dynamic libraries:
0x00007ff761550000 - 0x00007ff761560000 	C:\Program Files\Java\jdk-19\bin\java.exe
0x00007ffd4fc70000 - 0x00007ffd4fe86000 	C:\WINDOWS\SYSTEM32\ntdll.dll
0x00007ffd4e6f0000 - 0x00007ffd4e7b4000 	C:\WINDOWS\System32\KERNEL32.DLL
0x00007ffd4d300000 - 0x00007ffd4d6a7000 	C:\WINDOWS\System32\KERNELBASE.dll
0x00007ffd4d020000 - 0x00007ffd4d131000 	C:\WINDOWS\System32\ucrtbase.dll
0x00007ffd395a0000 - 0x00007ffd395b8000 	C:\Program Files\Java\jdk-19\bin\jli.dll
0x00007ffd4da80000 - 0x00007ffd4db32000 	C:\WINDOWS\System32\ADVAPI32.dll
0x00007ffd39580000 - 0x00007ffd3959b000 	C:\Program Files\Java\jdk-19\bin\VCRUNTIME140.dll
0x00007ffd4fb50000 - 0x00007ffd4fbf7000 	C:\WINDOWS\System32\msvcrt.dll
0x00007ffd4fa90000 - 0x00007ffd4fb38000 	C:\WINDOWS\System32\sechost.dll
0x00007ffd4d8a0000 - 0x00007ffd4d8c8000 	C:\WINDOWS\System32\bcrypt.dll
0x00007ffd4dfc0000 - 0x00007ffd4e0d5000 	C:\WINDOWS\System32\RPCRT4.dll
0x00007ffd4e1e0000 - 0x00007ffd4e38e000 	C:\WINDOWS\System32\USER32.dll
0x00007ffd4d940000 - 0x00007ffd4d966000 	C:\WINDOWS\System32\win32u.dll
0x00007ffd320d0000 - 0x00007ffd32363000 	C:\WINDOWS\WinSxS\amd64_microsoft.windows.common-controls_6595b64144ccf1df_6.0.22621.3235_none_270f74e173860f98\COMCTL32.dll
0x00007ffd4e6c0000 - 0x00007ffd4e6e9000 	C:\WINDOWS\System32\GDI32.dll
0x00007ffd4d140000 - 0x00007ffd4d259000 	C:\WINDOWS\System32\gdi32full.dll
0x00007ffd4d260000 - 0x00007ffd4d2fa000 	C:\WINDOWS\System32\msvcp_win.dll
0x00007ffd44980000 - 0x00007ffd4498a000 	C:\WINDOWS\SYSTEM32\VERSION.dll
0x00007ffd4e680000 - 0x00007ffd4e6b1000 	C:\WINDOWS\System32\IMM32.DLL
0x00007ffd39570000 - 0x00007ffd3957c000 	C:\Program Files\Java\jdk-19\bin\vcruntime140_1.dll
0x00007ffd394e0000 - 0x00007ffd3956e000 	C:\Program Files\Java\jdk-19\bin\msvcp140.dll
0x00007ffccfb90000 - 0x00007ffcd0850000 	C:\Program Files\Java\jdk-19\bin\server\jvm.dll
0x00007ffd44c30000 - 0x00007ffd44c64000 	C:\WINDOWS\SYSTEM32\WINMM.dll
0x00007ffd48010000 - 0x00007ffd48019000 	C:\WINDOWS\SYSTEM32\WSOCK32.dll
0x00007ffd4e600000 - 0x00007ffd4e671000 	C:\WINDOWS\System32\WS2_32.dll
0x00007ffd4c090000 - 0x00007ffd4c0a8000 	C:\WINDOWS\SYSTEM32\kernel.appcore.dll
0x00007ffd394d0000 - 0x00007ffd394da000 	C:\Program Files\Java\jdk-19\bin\jimage.dll
0x00007ffd4a930000 - 0x00007ffd4ab63000 	C:\WINDOWS\SYSTEM32\DBGHELP.DLL
0x00007ffd4f020000 - 0x00007ffd4f3a8000 	C:\WINDOWS\System32\combase.dll
0x00007ffd4e390000 - 0x00007ffd4e467000 	C:\WINDOWS\System32\OLEAUT32.dll
0x00007ffd445b0000 - 0x00007ffd445e2000 	C:\WINDOWS\SYSTEM32\dbgcore.DLL
0x00007ffd4d6b0000 - 0x00007ffd4d729000 	C:\WINDOWS\System32\bcryptPrimitives.dll
0x00007ffd480c0000 - 0x00007ffd480ce000 	C:\Program Files\Java\jdk-19\bin\instrument.dll
0x00007ffd394a0000 - 0x00007ffd394c6000 	C:\Program Files\Java\jdk-19\bin\java.dll
0x00007ffd393c0000 - 0x00007ffd39497000 	C:\Program Files\Java\jdk-19\bin\jsvml.dll
0x00007ffd4e7c0000 - 0x00007ffd4f01c000 	C:\WINDOWS\System32\SHELL32.dll
0x00007ffd4ae80000 - 0x00007ffd4b779000 	C:\WINDOWS\SYSTEM32\windows.storage.dll
0x00007ffd4ad40000 - 0x00007ffd4ae7e000 	C:\WINDOWS\SYSTEM32\wintypes.dll
0x00007ffd4d980000 - 0x00007ffd4da73000 	C:\WINDOWS\System32\SHCORE.dll
0x00007ffd4e570000 - 0x00007ffd4e5ce000 	C:\WINDOWS\System32\shlwapi.dll
0x00007ffd4ce90000 - 0x00007ffd4ceb1000 	C:\WINDOWS\SYSTEM32\profapi.dll
0x00007ffd391a0000 - 0x00007ffd391b8000 	C:\Program Files\Java\jdk-19\bin\zip.dll
0x00007ffd393a0000 - 0x00007ffd393b3000 	C:\Program Files\Java\jdk-19\bin\net.dll
0x00007ffd46830000 - 0x00007ffd46966000 	C:\WINDOWS\SYSTEM32\WINHTTP.dll
0x00007ffd4c500000 - 0x00007ffd4c569000 	C:\WINDOWS\system32\mswsock.dll
0x00007ffd391c0000 - 0x00007ffd391d6000 	C:\Program Files\Java\jdk-19\bin\nio.dll
0x00007ffd47fb0000 - 0x00007ffd47fca000 	C:\Program Files\JetBrains\IntelliJ IDEA 2022.1.2\bin\breakgen64.dll
0x00007ffd39190000 - 0x00007ffd39198000 	C:\Program Files\Java\jdk-19\bin\extnet.dll
0x0000000069ac0000 - 0x0000000069ae4000 	C:\Users\99293\AppData\Local\Temp\jansi-2.4.0-3b3656f4520f309f-jansi.dll
0x00007ffd39160000 - 0x00007ffd39170000 	C:\Program Files\Java\jdk-19\bin\verify.dll

dbghelp: loaded successfully - version: 4.0.5 - missing functions: none
symbol engine: initialized successfully - sym options: 0x614 - pdb path: .;C:\Program Files\Java\jdk-19\bin;C:\WINDOWS\SYSTEM32;C:\WINDOWS\WinSxS\amd64_microsoft.windows.common-controls_6595b64144ccf1df_6.0.22621.3235_none_270f74e173860f98;C:\Program Files\Java\jdk-19\bin\server;C:\Program Files\JetBrains\IntelliJ IDEA 2022.1.2\bin;C:\Users\99293\AppData\Local\Temp

VM Arguments:
jvm_args: -Dmaven.multiModuleProjectDirectory=D:\unitedStates original storage\unitedStates duplicates original storage -Dmaven.home=C:\Users\99293\.m2\wrapper\dists\apache-maven-3.8.6-bin\1ks0nkde5v1pk9vtc31i9d0lcd\apache-maven-3.8.6 -Dclassworlds.conf=C:\Users\99293\.m2\wrapper\dists\apache-maven-3.8.6-bin\1ks0nkde5v1pk9vtc31i9d0lcd\apache-maven-3.8.6\bin\m2.conf -Dmaven.ext.class.path=C:\Program Files\JetBrains\IntelliJ IDEA 2022.1.2\plugins\maven\lib\maven-event-listener.jar -javaagent:C:\Program Files\JetBrains\IntelliJ IDEA 2022.1.2\lib\idea_rt.jar=65012:C:\Program Files\JetBrains\IntelliJ IDEA 2022.1.2\bin -Dfile.encoding=UTF-8 
java_command: org.codehaus.classworlds.Launcher -Didea.version=2022.1.2 package
java_class_path (initial): C:\Users\99293\.m2\wrapper\dists\apache-maven-3.8.6-bin\1ks0nkde5v1pk9vtc31i9d0lcd\apache-maven-3.8.6\boot\plexus-classworlds-2.6.0.jar;C:\Users\99293\.m2\wrapper\dists\apache-maven-3.8.6-bin\1ks0nkde5v1pk9vtc31i9d0lcd\apache-maven-3.8.6\boot\plexus-classworlds.license
Launcher Type: SUN_STANDARD

[Global flags]
     intx CICompilerCount                          = 12                                        {product} {ergonomic}
     uint ConcGCThreads                            = 3                                         {product} {ergonomic}
     uint G1ConcRefinementThreads                  = 13                                        {product} {ergonomic}
   size_t G1HeapRegionSize                         = 2097152                                   {product} {ergonomic}
    uintx GCDrainStackTargetSize                   = 64                                        {product} {ergonomic}
   size_t InitialHeapSize                          = 264241152                                 {product} {ergonomic}
   size_t MarkStackSize                            = 4194304                                   {product} {ergonomic}
   size_t MaxHeapSize                              = 4196401152                                {product} {ergonomic}
   size_t MaxNewSize                               = 2516582400                                {product} {ergonomic}
   size_t MinHeapDeltaBytes                        = 2097152                                   {product} {ergonomic}
   size_t MinHeapSize                              = 8388608                                   {product} {ergonomic}
    uintx NonNMethodCodeHeapSize                   = 7602480                                {pd product} {ergonomic}
    uintx NonProfiledCodeHeapSize                  = 122027880                              {pd product} {ergonomic}
    uintx ProfiledCodeHeapSize                     = 122027880                              {pd product} {ergonomic}
    uintx ReservedCodeCacheSize                    = 251658240                              {pd product} {ergonomic}
     bool SegmentedCodeCache                       = true                                      {product} {ergonomic}
   size_t SoftMaxHeapSize                          = 4196401152                             {manageable} {ergonomic}
     bool UseCompressedClassPointers               = true                           {product lp64_product} {ergonomic}
     bool UseCompressedOops                        = true                           {product lp64_product} {ergonomic}
     bool UseG1GC                                  = true                                      {product} {ergonomic}
     bool UseLargePagesIndividualAllocation        = false                                  {pd product} {ergonomic}

Logging:
Log output configuration:
 #0: stdout all=warning uptime,level,tags foldmultilines=false
 #1: stderr all=off uptime,level,tags foldmultilines=false

Environment Variables:
PATH=C:\Program Files\Common Files\Oracle\Java\javapath;C:\Windows\system32;C:\Windows;C:\Windows\System32\Wbem;C:\Windows\System32\WindowsPowerShell\v1.0\;C:\Windows\System32\OpenSSH\;C:\Program Files (x86)\NVIDIA Corporation\PhysX\Common;C:\Program Files\NVIDIA Corporation\NVIDIA NvDLISR;C:\Program Files\Git\cmd;C:\Program Files (x86)\dotnet\;%SystemRoot%\system32;%SystemRoot%;%SystemRoot%\System32\Wbem;%SYSTEMROOT%\System32\WindowsPowerShell\v1.0\;%SYSTEMROOT%\System32\OpenSSH\;C:\Users\99293\AppData\Local\Programs\Python\Python311\Scripts\;C:\Users\99293\AppData\Local\Programs\Python\Python311\;C:\Users\99293\AppData\Local\Microsoft\WindowsApps;;C:\Program Files\JetBrains\IntelliJ IDEA 2022.1.2\bin;;C:\Program Files\heroku\bin
USERNAME=ASUS
OS=Windows_NT
PROCESSOR_IDENTIFIER=Intel64 Family 6 Model 154 Stepping 3, GenuineIntel
TMP=C:\Users\99293\AppData\Local\Temp
TEMP=C:\Users\99293\AppData\Local\Temp



---------------  S Y S T E M  ---------------

OS:
 Windows 11 , 64 bit Build 22621 (10.0.22621.3374)
OS uptime: 0 days 2:58 hours
Hyper-V role detected

CPU: total 16 (initial active 16) (8 cores per cpu, 2 threads per core) family 6 model 154 stepping 3 microcode 0x41c, cx8, cmov, fxsr, ht, mmx, 3dnowpref, sse, sse2, sse3, ssse3, sse4.1, sse4.2, popcnt, lzcnt, tsc, tscinvbit, avx, avx2, aes, erms, clmul, bmi1, bmi2, adx, sha, fma, vzeroupper, clflush, clflushopt, clwb, hv, serialize, rdtscp, rdpid, fsrm

Memory: 4k page, system-wide physical 16005M (2725M free)
TotalPageFile size 18053M (AvailPageFile size 9M)
current process WorkingSet (physical memory assigned to process): 550M, peak: 559M
current process commit charge ("private bytes"): 616M, peak: 622M

vm_info: Java HotSpot(TM) 64-Bit Server VM (19.0.2+7-44) for windows-amd64 JRE (19.0.2+7-44), built on 2022-11-30T18:02:09Z by "mach5one" with MS VC++ 17.1 (VS2022)

END.
