#
# There is insufficient memory for the Java Runtime Environment to continue.
# Native memory allocation (mmap) failed to map 119537664 bytes for G1 virtual space
# Possible reasons:
#   The system is out of physical RAM or swap space
#   The process is running with CompressedOops enabled, and the Java Heap may be blocking the growth of the native heap
# Possible solutions:
#   Reduce memory load on the system
#   Increase physical memory or swap space
#   Check if swap backing store is full
#   Decrease Java heap size (-Xmx/-Xms)
#   Decrease number of Java threads
#   Decrease Java thread stack sizes (-Xss)
#   Set larger code cache with -XX:ReservedCodeCacheSize=
#   JVM is running with Zero Based Compressed Oops mode in which the Java heap is
#     placed in the first 32GB address space. The Java Heap base address is the
#     maximum limit for the native heap growth. Please use -XX:HeapBaseMinAddress
#     to set the Java Heap base and to place the Java Heap above 32GB virtual address.
# This output file may be truncated or incomplete.
#
#  Out of Memory Error (os_windows.cpp:3536), pid=20228, tid=16324
#
# JRE version: Java(TM) SE Runtime Environment (19.0.2+7) (build 19.0.2+7-44)
# Java VM: Java HotSpot(TM) 64-Bit Server VM (19.0.2+7-44, mixed mode, sharing, tiered, compressed oops, compressed class ptrs, g1 gc, windows-amd64)
# No core dump will be written. Minidumps are not enabled by default on client versions of Windows
#

---------------  S U M M A R Y ------------

Command Line: -Dmaven.multiModuleProjectDirectory=D:\unitedStates original storage\unitedStates duplicates original storage -Dmaven.home=C:\Users\99293\.m2\wrapper\dists\apache-maven-3.8.6-bin\1ks0nkde5v1pk9vtc31i9d0lcd\apache-maven-3.8.6 -Dclassworlds.conf=C:\Users\99293\.m2\wrapper\dists\apache-maven-3.8.6-bin\1ks0nkde5v1pk9vtc31i9d0lcd\apache-maven-3.8.6\bin\m2.conf -Dmaven.ext.class.path=C:\Program Files\JetBrains\IntelliJ IDEA 2022.1.2\plugins\maven\lib\maven-event-listener.jar -javaagent:C:\Program Files\JetBrains\IntelliJ IDEA 2022.1.2\lib\idea_rt.jar=49853:C:\Program Files\JetBrains\IntelliJ IDEA 2022.1.2\bin -Dfile.encoding=UTF-8 org.codehaus.classworlds.Launcher -Didea.version=2022.1.2 package

Host: 12th Gen Intel(R) Core(TM) i7-12650H, 16 cores, 15G,  Windows 11 , 64 bit Build 22621 (10.0.22621.3085)
Time: Wed Mar 13 17:41:17 2024  Windows 11 , 64 bit Build 22621 (10.0.22621.3085) elapsed time: 4.697450 seconds (0d 0h 0m 4s)

---------------  T H R E A D  ---------------

Current thread (0x000002037fd83be0):  VMThread "VM Thread" [stack: 0x0000000a52a00000,0x0000000a52b00000] [id=16324]

Stack: [0x0000000a52a00000,0x0000000a52b00000]
Native frames: (J=compiled Java code, j=interpreted, Vv=VM code, C=native code)
V  [jvm.dll+0x6ee21a]
V  [jvm.dll+0x85765e]
V  [jvm.dll+0x85904e]
V  [jvm.dll+0x859703]
V  [jvm.dll+0x28298f]
V  [jvm.dll+0x6eb009]
V  [jvm.dll+0x6dfbaa]
V  [jvm.dll+0x3573f6]
V  [jvm.dll+0x35ee56]
V  [jvm.dll+0x3b541e]
V  [jvm.dll+0x3b564f]
V  [jvm.dll+0x32c9ea]
V  [jvm.dll+0x32ca97]
V  [jvm.dll+0x374cd2]
V  [jvm.dll+0x37340f]
V  [jvm.dll+0x32c210]
V  [jvm.dll+0x3729ab]
V  [jvm.dll+0x85ebc3]
V  [jvm.dll+0x85f989]
V  [jvm.dll+0x85febd]
V  [jvm.dll+0x86034b]
V  [jvm.dll+0x860407]
V  [jvm.dll+0x80125a]
V  [jvm.dll+0x6ecf0b]
C  [ucrtbase.dll+0x29363]
C  [KERNEL32.DLL+0x1257d]
C  [ntdll.dll+0x5aa58]

VM_Operation (0x0000000a524fd2a0): G1CollectForAllocation, mode: safepoint, requested by thread 0x000002037ad0deb0


---------------  P R O C E S S  ---------------

Threads class SMR info:
_java_thread_list=0x0000020325f22990, length=23, elements={
0x000002037ad0deb0, 0x000002037fd9a870, 0x000002037fd9b660, 0x000002037fd9dc00,
0x000002037fd9f740, 0x000002037fda2180, 0x000002037fda4ac0, 0x000002037fda5ec0,
0x000002037fda9850, 0x000002037fdafcf0, 0x0000020322dc59c0, 0x000002037fd71c90,
0x0000020322e61800, 0x0000020322e64090, 0x0000020322ed50c0, 0x0000020322edbeb0,
0x00000203233b2d80, 0x0000020323990030, 0x00000203238e0720, 0x0000020323a031b0,
0x0000020323e13d70, 0x0000020326f96e60, 0x0000020326f95820
}

Java Threads: ( => current thread )
  0x000002037ad0deb0 JavaThread "main" [_thread_blocked, id=21780, stack(0x0000000a52400000,0x0000000a52500000)]
  0x000002037fd9a870 JavaThread "Reference Handler" daemon [_thread_blocked, id=17012, stack(0x0000000a52b00000,0x0000000a52c00000)]
  0x000002037fd9b660 JavaThread "Finalizer" daemon [_thread_blocked, id=11840, stack(0x0000000a52c00000,0x0000000a52d00000)]
  0x000002037fd9dc00 JavaThread "Signal Dispatcher" daemon [_thread_blocked, id=20516, stack(0x0000000a52d00000,0x0000000a52e00000)]
  0x000002037fd9f740 JavaThread "Attach Listener" daemon [_thread_blocked, id=19200, stack(0x0000000a52e00000,0x0000000a52f00000)]
  0x000002037fda2180 JavaThread "Service Thread" daemon [_thread_blocked, id=8576, stack(0x0000000a52f00000,0x0000000a53000000)]
  0x000002037fda4ac0 JavaThread "Monitor Deflation Thread" daemon [_thread_blocked, id=17064, stack(0x0000000a53000000,0x0000000a53100000)]
  0x000002037fda5ec0 JavaThread "C2 CompilerThread0" daemon [_thread_blocked, id=5988, stack(0x0000000a53100000,0x0000000a53200000)]
  0x000002037fda9850 JavaThread "C1 CompilerThread0" daemon [_thread_blocked, id=20724, stack(0x0000000a53200000,0x0000000a53300000)]
  0x000002037fdafcf0 JavaThread "Sweeper thread" daemon [_thread_blocked, id=8544, stack(0x0000000a53300000,0x0000000a53400000)]
  0x0000020322dc59c0 JavaThread "C1 CompilerThread1" daemon [_thread_blocked, id=9948, stack(0x0000000a53400000,0x0000000a53500000)]
  0x000002037fd71c90 JavaThread "Common-Cleaner" daemon [_thread_blocked, id=10228, stack(0x0000000a53500000,0x0000000a53600000)]
  0x0000020322e61800 JavaThread "C1 CompilerThread2" daemon [_thread_blocked, id=14856, stack(0x0000000a53600000,0x0000000a53700000)]
  0x0000020322e64090 JavaThread "C1 CompilerThread3" daemon [_thread_blocked, id=17848, stack(0x0000000a53700000,0x0000000a53800000)]
  0x0000020322ed50c0 JavaThread "Monitor Ctrl-Break" daemon [_thread_in_native, id=6672, stack(0x0000000a53800000,0x0000000a53900000)]
  0x0000020322edbeb0 JavaThread "Notification Thread" daemon [_thread_blocked, id=12164, stack(0x0000000a53900000,0x0000000a53a00000)]
  0x00000203233b2d80 JavaThread "C2 CompilerThread1" daemon [_thread_blocked, id=15524, stack(0x0000000a53b00000,0x0000000a53c00000)]
  0x0000020323990030 JavaThread "C2 CompilerThread2" daemon [_thread_blocked, id=368, stack(0x0000000a53c00000,0x0000000a53d00000)]
  0x00000203238e0720 JavaThread "C2 CompilerThread3" daemon [_thread_blocked, id=18944, stack(0x0000000a53d00000,0x0000000a53e00000)]
  0x0000020323a031b0 JavaThread "C2 CompilerThread4" daemon [_thread_blocked, id=14520, stack(0x0000000a53e00000,0x0000000a53f00000)]
  0x0000020323e13d70 JavaThread "C2 CompilerThread5" daemon [_thread_blocked, id=5376, stack(0x0000000a53f00000,0x0000000a54000000)]
  0x0000020326f96e60 JavaThread "C2 CompilerThread6" daemon [_thread_blocked, id=12652, stack(0x0000000a54000000,0x0000000a54100000)]
  0x0000020326f95820 JavaThread "C2 CompilerThread7" daemon [_thread_blocked, id=18908, stack(0x0000000a54100000,0x0000000a54200000)]

Other Threads:
=>0x000002037fd83be0 VMThread "VM Thread" [stack: 0x0000000a52a00000,0x0000000a52b00000] [id=16324]
  0x0000020322ed5600 WatcherThread "VM Periodic Task Thread" [stack: 0x0000000a53a00000,0x0000000a53b00000] [id=652]
  0x000002037ad80880 WorkerThread "GC Thread#0" [stack: 0x0000000a52500000,0x0000000a52600000] [id=11400]
  0x0000020323159690 WorkerThread "GC Thread#1" [stack: 0x0000000a54200000,0x0000000a54300000] [id=10464]
  0x0000020323158010 WorkerThread "GC Thread#2" [stack: 0x0000000a54300000,0x0000000a54400000] [id=18588]
  0x0000020323158880 WorkerThread "GC Thread#3" [stack: 0x0000000a54400000,0x0000000a54500000] [id=20660]
  0x0000020323159c30 WorkerThread "GC Thread#4" [stack: 0x0000000a54500000,0x0000000a54600000] [id=11976]
  0x0000020323158b50 WorkerThread "GC Thread#5" [stack: 0x0000000a54600000,0x0000000a54700000] [id=5480]
  0x0000020323158e20 WorkerThread "GC Thread#6" [stack: 0x0000000a54700000,0x0000000a54800000] [id=10368]
  0x00000203231582e0 WorkerThread "GC Thread#7" [stack: 0x0000000a54800000,0x0000000a54900000] [id=8536]
  0x0000020324b36280 WorkerThread "GC Thread#8" [stack: 0x0000000a54900000,0x0000000a54a00000] [id=20220]
  0x0000020324b35fb0 WorkerThread "GC Thread#9" [stack: 0x0000000a54a00000,0x0000000a54b00000] [id=20612]
  0x0000020324b37630 WorkerThread "GC Thread#10" [stack: 0x0000000a54b00000,0x0000000a54c00000] [id=1852]
  0x0000020324b389e0 WorkerThread "GC Thread#11" [stack: 0x0000000a54c00000,0x0000000a54d00000] [id=19028]
  0x0000020324b37360 WorkerThread "GC Thread#12" [stack: 0x0000000a54d00000,0x0000000a54e00000] [id=6764]
  0x000002037ad911f0 ConcurrentGCThread "G1 Main Marker" [stack: 0x0000000a52600000,0x0000000a52700000] [id=18904]
  0x000002037ad92dd0 WorkerThread "G1 Conc#0" [stack: 0x0000000a52700000,0x0000000a52800000] [id=15436]
  0x0000020324b34ed0 WorkerThread "G1 Conc#1" [stack: 0x0000000a54e00000,0x0000000a54f00000] [id=18060]
  0x0000020324b351a0 WorkerThread "G1 Conc#2" [stack: 0x0000000a54f00000,0x0000000a55000000] [id=1676]
  0x000002037fc3dea0 ConcurrentGCThread "G1 Refine#0" [stack: 0x0000000a52800000,0x0000000a52900000] [id=9336]
  0x000002037fc3e9e0 ConcurrentGCThread "G1 Service" [stack: 0x0000000a52900000,0x0000000a52a00000] [id=1832]

Threads with active compile tasks:
C2 CompilerThread0     4708 8993       4       com.sun.tools.javac.code.Types$MembersClosureCache::visitClassType (10 bytes)
C1 CompilerThread1     4708 9337       3       com.sun.tools.javac.jvm.ClassWriter::writeTypeAnnotations (378 bytes)
C1 CompilerThread2     4708 9342       3       com.sun.tools.javac.jvm.ClassWriter::writeCode (900 bytes)
C1 CompilerThread3     4708 9344       3       com.sun.tools.javac.jvm.ClassWriter::writeStackMapType (431 bytes)
C2 CompilerThread1     4708 9243       4       com.sun.tools.javac.code.Scope$ScopeImpl::lambda$getSymbols$1 (11 bytes)
C2 CompilerThread2     4708 9172       4       com.sun.tools.javac.code.Types$14::visitClassType (54 bytes)
C2 CompilerThread3     4708 9297       4       java.util.HashMap::removeNode (291 bytes)
C2 CompilerThread4     4708 9274   !   4       com.sun.tools.javac.code.Types$12::visitClassType (229 bytes)
C2 CompilerThread5     4708 9171       4       com.sun.tools.javac.code.Types$14::visitClassType (10 bytes)
C2 CompilerThread6     4708 9240       4       java.util.HashSet::remove (20 bytes)
C2 CompilerThread7     4708 9273       4       com.sun.tools.javac.code.Types$12::visitClassType (10 bytes)

VM state: at safepoint (normal execution)

VM Mutex/Monitor currently owned by a thread:  ([mutex/lock_event])
[0x000002037ad08700] Threads_lock - owner thread: 0x000002037fd83be0
[0x000002037ad08790] Heap_lock - owner thread: 0x000002037ad0deb0

Heap address: 0x0000000705e00000, size: 4002 MB, Compressed Oops mode: Zero based, Oop shift amount: 3

CDS archive(s) mapped at: [0x0000000800000000-0x0000000800c40000-0x0000000800c40000), size 12845056, SharedBaseAddress: 0x0000000800000000, ArchiveRelocationMode: 0.
Compressed class space mapped at: 0x0000000801000000-0x0000000841000000, reserved size: 1073741824
Narrow klass base: 0x0000000800000000, Narrow klass shift: 0, Narrow klass range: 0x100000000

GC Precious Log:
 CardTable entry size: 512
 Card Set container configuration: InlinePtr #cards 4 size 8 Array Of Cards #cards 16 size 48 Howl #buckets 8 coarsen threshold 3686 Howl Bitmap #cards 512 size 80 coarsen threshold 460 Card regions per heap region 1 cards per card region 4096
 CPUs: 16 total, 16 available
 Memory: 16005M
 Large Page Support: Disabled
 NUMA Support: Disabled
 Compressed Oops: Enabled (Zero based)
 Heap Region Size: 2M
 Heap Min Capacity: 8M
 Heap Initial Capacity: 252M
 Heap Max Capacity: 4002M
 Pre-touch: Disabled
 Parallel Workers: 13
 Concurrent Workers: 3
 Concurrent Refinement Workers: 13
 Periodic GC: Disabled

Heap:
 garbage-first heap   total 155648K, used 54024K [0x0000000705e00000, 0x0000000800000000)
  region size 2048K, 3 young (6144K), 3 survivors (6144K)
 Metaspace       used 30692K, committed 31296K, reserved 1114112K
  class space    used 3201K, committed 3520K, reserved 1048576K

Heap Regions: E=young(eden), S=young(survivor), O=old, HS=humongous(starts), HC=humongous(continues), CS=collection set, F=free, OA=open archive, CA=closed archive, TAMS=top-at-mark-start (previous, next)
|   0|0x0000000705e00000, 0x0000000706000000, 0x0000000706000000|100%| O|  |TAMS 0x0000000706000000, 0x0000000705e00000| Untracked 
|   1|0x0000000706000000, 0x0000000706152600, 0x0000000706200000| 66%| O|  |TAMS 0x0000000706000000, 0x0000000706000000| Untracked 
|   2|0x0000000706200000, 0x0000000706400000, 0x0000000706400000|100%| O|  |TAMS 0x0000000706400000, 0x0000000706200000| Untracked 
|   3|0x0000000706400000, 0x0000000706600000, 0x0000000706600000|100%| O|  |TAMS 0x0000000706600000, 0x0000000706400000| Untracked 
|   4|0x0000000706600000, 0x0000000706800000, 0x0000000706800000|100%| O|  |TAMS 0x0000000706800000, 0x0000000706600000| Untracked 
|   5|0x0000000706800000, 0x0000000706a00000, 0x0000000706a00000|100%| O|  |TAMS 0x0000000706a00000, 0x0000000706800000| Untracked 
|   6|0x0000000706a00000, 0x0000000706c00000, 0x0000000706c00000|100%| O|  |TAMS 0x0000000706c00000, 0x0000000706a00000| Untracked 
|   7|0x0000000706c00000, 0x0000000706e00000, 0x0000000706e00000|100%| O|  |TAMS 0x0000000706e00000, 0x0000000706c00000| Untracked 
|   8|0x0000000706e00000, 0x0000000707000000, 0x0000000707000000|100%| O|  |TAMS 0x0000000707000000, 0x0000000706e00000| Untracked 
|   9|0x0000000707000000, 0x0000000707200000, 0x0000000707200000|100%| O|  |TAMS 0x0000000707200000, 0x0000000707000000| Untracked 
|  10|0x0000000707200000, 0x0000000707200000, 0x0000000707400000|  0%| F|  |TAMS 0x0000000707200000, 0x0000000707200000| Untracked 
|  11|0x0000000707400000, 0x0000000707600000, 0x0000000707600000|100%| O|  |TAMS 0x0000000707600000, 0x0000000707400000| Untracked 
|  12|0x0000000707600000, 0x0000000707800000, 0x0000000707800000|100%| O|  |TAMS 0x0000000707800000, 0x0000000707600000| Untracked 
|  13|0x0000000707800000, 0x0000000707a00000, 0x0000000707a00000|100%|HS|  |TAMS 0x0000000707a00000, 0x0000000707800000| Complete 
|  14|0x0000000707a00000, 0x0000000707c00000, 0x0000000707c00000|100%| O|  |TAMS 0x0000000707c00000, 0x0000000707a00000| Untracked 
|  15|0x0000000707c00000, 0x0000000707e00000, 0x0000000707e00000|100%| O|  |TAMS 0x0000000707e00000, 0x0000000707c00000| Untracked 
|  16|0x0000000707e00000, 0x0000000708000000, 0x0000000708000000|100%| O|  |TAMS 0x0000000708000000, 0x0000000707e00000| Untracked 
|  17|0x0000000708000000, 0x0000000708200000, 0x0000000708200000|100%| O|  |TAMS 0x0000000708192a00, 0x0000000708000000| Untracked 
|  18|0x0000000708200000, 0x0000000708200000, 0x0000000708400000|  0%| F|  |TAMS 0x0000000708200000, 0x0000000708200000| Untracked 
|  19|0x0000000708400000, 0x0000000708400000, 0x0000000708600000|  0%| F|  |TAMS 0x0000000708400000, 0x0000000708400000| Untracked 
|  20|0x0000000708600000, 0x0000000708600000, 0x0000000708800000|  0%| F|  |TAMS 0x0000000708600000, 0x0000000708600000| Untracked 
|  21|0x0000000708800000, 0x0000000708800000, 0x0000000708a00000|  0%| F|  |TAMS 0x0000000708800000, 0x0000000708800000| Untracked 
|  22|0x0000000708a00000, 0x0000000708a00000, 0x0000000708c00000|  0%| F|  |TAMS 0x0000000708a00000, 0x0000000708a00000| Untracked 
|  23|0x0000000708c00000, 0x0000000708c00000, 0x0000000708e00000|  0%| F|  |TAMS 0x0000000708c00000, 0x0000000708c00000| Untracked 
|  24|0x0000000708e00000, 0x0000000708e00000, 0x0000000709000000|  0%| F|  |TAMS 0x0000000708e00000, 0x0000000708e00000| Untracked 
|  25|0x0000000709000000, 0x0000000709000000, 0x0000000709200000|  0%| F|  |TAMS 0x0000000709000000, 0x0000000709000000| Untracked 
|  26|0x0000000709200000, 0x0000000709200000, 0x0000000709400000|  0%| F|  |TAMS 0x0000000709200000, 0x0000000709200000| Untracked 
|  27|0x0000000709400000, 0x0000000709400000, 0x0000000709600000|  0%| F|  |TAMS 0x0000000709400000, 0x0000000709400000| Untracked 
|  28|0x0000000709600000, 0x000000070976fbc0, 0x0000000709800000| 71%| S|CS|TAMS 0x0000000709600000, 0x0000000709600000| Complete 
|  29|0x0000000709800000, 0x0000000709800000, 0x0000000709a00000|  0%| F|  |TAMS 0x0000000709800000, 0x0000000709800000| Untracked 
|  30|0x0000000709a00000, 0x0000000709a00000, 0x0000000709c00000|  0%| F|  |TAMS 0x0000000709a00000, 0x0000000709a00000| Untracked 
|  31|0x0000000709c00000, 0x0000000709c00000, 0x0000000709e00000|  0%| F|  |TAMS 0x0000000709c00000, 0x0000000709c00000| Untracked 
|  32|0x0000000709e00000, 0x000000070a000000, 0x000000070a000000|100%| S|CS|TAMS 0x0000000709e00000, 0x0000000709e00000| Complete 
|  33|0x000000070a000000, 0x000000070a200000, 0x000000070a200000|100%| S|CS|TAMS 0x000000070a000000, 0x000000070a000000| Complete 
|  34|0x000000070a200000, 0x000000070a200000, 0x000000070a400000|  0%| F|  |TAMS 0x000000070a200000, 0x000000070a200000| Untracked 
|  35|0x000000070a400000, 0x000000070a400000, 0x000000070a600000|  0%| F|  |TAMS 0x000000070a400000, 0x000000070a400000| Untracked 
|  36|0x000000070a600000, 0x000000070a600000, 0x000000070a800000|  0%| F|  |TAMS 0x000000070a600000, 0x000000070a600000| Untracked 
|  37|0x000000070a800000, 0x000000070a800000, 0x000000070aa00000|  0%| F|  |TAMS 0x000000070a800000, 0x000000070a800000| Untracked 
|  38|0x000000070aa00000, 0x000000070aa00000, 0x000000070ac00000|  0%| F|  |TAMS 0x000000070aa00000, 0x000000070aa00000| Untracked 
|  39|0x000000070ac00000, 0x000000070ac00000, 0x000000070ae00000|  0%| F|  |TAMS 0x000000070ac00000, 0x000000070ac00000| Untracked 
|  40|0x000000070ae00000, 0x000000070ae00000, 0x000000070b000000|  0%| F|  |TAMS 0x000000070ae00000, 0x000000070ae00000| Untracked 
|  41|0x000000070b000000, 0x000000070b000000, 0x000000070b200000|  0%| F|  |TAMS 0x000000070b000000, 0x000000070b000000| Untracked 
|  42|0x000000070b200000, 0x000000070b200000, 0x000000070b400000|  0%| F|  |TAMS 0x000000070b200000, 0x000000070b200000| Untracked 
|  43|0x000000070b400000, 0x000000070b400000, 0x000000070b600000|  0%| F|  |TAMS 0x000000070b400000, 0x000000070b400000| Untracked 
|  44|0x000000070b600000, 0x000000070b600000, 0x000000070b800000|  0%| F|  |TAMS 0x000000070b600000, 0x000000070b600000| Untracked 
|  45|0x000000070b800000, 0x000000070b800000, 0x000000070ba00000|  0%| F|  |TAMS 0x000000070b800000, 0x000000070b800000| Untracked 
|  46|0x000000070ba00000, 0x000000070ba00000, 0x000000070bc00000|  0%| F|  |TAMS 0x000000070ba00000, 0x000000070ba00000| Untracked 
|  47|0x000000070bc00000, 0x000000070bc00000, 0x000000070be00000|  0%| F|  |TAMS 0x000000070bc00000, 0x000000070bc00000| Untracked 
|  48|0x000000070be00000, 0x000000070be00000, 0x000000070c000000|  0%| F|  |TAMS 0x000000070be00000, 0x000000070be00000| Untracked 
|  49|0x000000070c000000, 0x000000070c000000, 0x000000070c200000|  0%| F|  |TAMS 0x000000070c000000, 0x000000070c000000| Untracked 
|  50|0x000000070c200000, 0x000000070c200000, 0x000000070c400000|  0%| F|  |TAMS 0x000000070c200000, 0x000000070c200000| Untracked 
|  51|0x000000070c400000, 0x000000070c400000, 0x000000070c600000|  0%| F|  |TAMS 0x000000070c400000, 0x000000070c400000| Untracked 
|  52|0x000000070c600000, 0x000000070c600000, 0x000000070c800000|  0%| F|  |TAMS 0x000000070c600000, 0x000000070c600000| Untracked 
|  53|0x000000070c800000, 0x000000070c800000, 0x000000070ca00000|  0%| F|  |TAMS 0x000000070c800000, 0x000000070c800000| Untracked 
|  54|0x000000070ca00000, 0x000000070ca00000, 0x000000070cc00000|  0%| F|  |TAMS 0x000000070ca00000, 0x000000070ca00000| Untracked 
|  55|0x000000070cc00000, 0x000000070cc00000, 0x000000070ce00000|  0%| F|  |TAMS 0x000000070cc00000, 0x000000070cc00000| Untracked 
|  56|0x000000070ce00000, 0x000000070ce00000, 0x000000070d000000|  0%| F|  |TAMS 0x000000070ce00000, 0x000000070ce00000| Untracked 
|  57|0x000000070d000000, 0x000000070d000000, 0x000000070d200000|  0%| F|  |TAMS 0x000000070d000000, 0x000000070d000000| Untracked 
|  58|0x000000070d200000, 0x000000070d200000, 0x000000070d400000|  0%| F|  |TAMS 0x000000070d200000, 0x000000070d200000| Untracked 
|  59|0x000000070d400000, 0x000000070d400000, 0x000000070d600000|  0%| F|  |TAMS 0x000000070d400000, 0x000000070d400000| Untracked 
|  60|0x000000070d600000, 0x000000070d600000, 0x000000070d800000|  0%| F|  |TAMS 0x000000070d600000, 0x000000070d600000| Untracked 
|  61|0x000000070d800000, 0x000000070d800000, 0x000000070da00000|  0%| F|  |TAMS 0x000000070d800000, 0x000000070d800000| Untracked 
|  62|0x000000070da00000, 0x000000070da00000, 0x000000070dc00000|  0%| F|  |TAMS 0x000000070da00000, 0x000000070da00000| Untracked 
|  63|0x000000070dc00000, 0x000000070dc00000, 0x000000070de00000|  0%| F|  |TAMS 0x000000070dc00000, 0x000000070dc00000| Untracked 
|  64|0x000000070de00000, 0x000000070de00000, 0x000000070e000000|  0%| F|  |TAMS 0x000000070de00000, 0x000000070de00000| Untracked 
|  65|0x000000070e000000, 0x000000070e000000, 0x000000070e200000|  0%| F|  |TAMS 0x000000070e000000, 0x000000070e000000| Untracked 
|  66|0x000000070e200000, 0x000000070e200000, 0x000000070e400000|  0%| F|  |TAMS 0x000000070e200000, 0x000000070e200000| Untracked 
|  67|0x000000070e400000, 0x000000070e400000, 0x000000070e600000|  0%| F|  |TAMS 0x000000070e400000, 0x000000070e400000| Untracked 
| 125|0x0000000715800000, 0x0000000715800000, 0x0000000715a00000|  0%| F|  |TAMS 0x0000000715800000, 0x0000000715800000| Untracked 
|1994|0x00000007ff200000, 0x00000007ff400000, 0x00000007ff400000|100%| O|  |TAMS 0x00000007ff400000, 0x00000007ff200000| Untracked 
|1995|0x00000007ff400000, 0x00000007ff600000, 0x00000007ff600000|100%| O|  |TAMS 0x00000007ff600000, 0x00000007ff400000| Untracked 
|1996|0x00000007ff600000, 0x00000007ff800000, 0x00000007ff800000|100%| O|  |TAMS 0x00000007ff800000, 0x00000007ff600000| Untracked 
|1997|0x00000007ff800000, 0x00000007ffa00000, 0x00000007ffa00000|100%| O|  |TAMS 0x00000007ffa00000, 0x00000007ff800000| Untracked 
|1998|0x00000007ffa00000, 0x00000007ffc00000, 0x00000007ffc00000|100%| O|  |TAMS 0x00000007ffc00000, 0x00000007ffa00000| Untracked 
|1999|0x00000007ffc00000, 0x00000007ffe00000, 0x00000007ffe00000|100%| O|  |TAMS 0x00000007ffe00000, 0x00000007ffc00000| Untracked 
|2000|0x00000007ffe00000, 0x0000000800000000, 0x0000000800000000|100%| O|  |TAMS 0x0000000800000000, 0x00000007ffe00000| Untracked 

Card table byte_map: [0x000002037be30000,0x000002037c610000] _byte_map_base: 0x0000020378601000

Marking Bits (Prev, Next): (CMBitMap*) 0x000002037ad80ef0, (CMBitMap*) 0x000002037ad80eb0
 Prev Bits: [0x000002031ad30000, 0x000002031ebb8000)
 Next Bits: [0x0000020316ea0000, 0x000002031ad28000)

Polling page: 0x0000020378c30000

Metaspace:

Usage:
  Non-class:     26.85 MB used.
      Class:      3.13 MB used.
       Both:     29.97 MB used.

Virtual space:
  Non-class space:       64.00 MB reserved,      27.12 MB ( 42%) committed,  1 nodes.
      Class space:        1.00 GB reserved,       3.44 MB ( <1%) committed,  1 nodes.
             Both:        1.06 GB reserved,      30.56 MB (  3%) committed. 

Chunk freelists:
   Non-Class:  400.00 KB
       Class:  560.00 KB
        Both:  960.00 KB

MaxMetaspaceSize: unlimited
CompressedClassSpaceSize: 1.00 GB
Initial GC threshold: 21.00 MB
Current GC threshold: 44.81 MB
CDS: on
MetaspaceReclaimPolicy: balanced
 - commit_granule_bytes: 65536.
 - commit_granule_words: 8192.
 - virtual_space_node_default_size: 8388608.
 - enlarge_chunks_in_place: 1.
 - new_chunks_are_fully_committed: 0.
 - uncommit_free_chunks: 1.
 - use_allocation_guard: 0.


Internal statistics:

num_allocs_failed_limit: 3.
num_arena_births: 732.
num_arena_deaths: 0.
num_vsnodes_births: 2.
num_vsnodes_deaths: 0.
num_space_committed: 489.
num_space_uncommitted: 0.
num_chunks_returned_to_freelist: 3.
num_chunks_taken_from_freelist: 1928.
num_chunk_merges: 3.
num_chunk_splits: 1326.
num_chunks_enlarged: 931.
num_inconsistent_stats: 0.

CodeHeap 'non-profiled nmethods': size=119168Kb used=5101Kb max_used=5101Kb free=114066Kb
 bounds [0x000002030fa40000, 0x000002030ff40000, 0x0000020316ea0000]
CodeHeap 'profiled nmethods': size=119104Kb used=17719Kb max_used=17719Kb free=101384Kb
 bounds [0x0000020307ea0000, 0x0000020309000000, 0x000002030f2f0000]
CodeHeap 'non-nmethods': size=7488Kb used=3039Kb max_used=3118Kb free=4448Kb
 bounds [0x000002030f2f0000, 0x000002030f610000, 0x000002030fa40000]
 total_blobs=8390 nmethods=7844 adapters=449
 compilation: enabled
              stopped_count=0, restarted_count=0
 full_count=0

Compilation events (20 events):
Event: 4.685 Thread 0x0000020322e61800 9333       3       com.sun.tools.javac.jvm.Gen$GenContext::<init> (30 bytes)
Event: 4.685 Thread 0x0000020322e64090 9315       1       java.lang.Double::doubleValue (5 bytes)
Event: 4.686 Thread 0x0000020322e64090 nmethod 9315 0x000002030ff3b190 code [0x000002030ff3b320, 0x000002030ff3b3f8]
Event: 4.686 Thread 0x00000203233b2d80 9243       4       com.sun.tools.javac.code.Scope$ScopeImpl::lambda$getSymbols$1 (11 bytes)
Event: 4.686 Thread 0x0000020322e61800 nmethod 9333 0x0000020308fece90 code [0x0000020308fed040, 0x0000020308fed278]
Event: 4.686 Thread 0x000002037fda9850 nmethod 9323 0x0000020308fed310 code [0x0000020308fed620, 0x0000020308fee438]
Event: 4.686 Thread 0x0000020322dc59c0 nmethod 9329 0x0000020308feea10 code [0x0000020308feec60, 0x0000020308fef578]
Event: 4.688 Thread 0x0000020322dc59c0 9335       3       com.sun.tools.javac.jvm.Code::resolve (66 bytes)
Event: 4.688 Thread 0x0000020322dc59c0 nmethod 9335 0x0000020308fef910 code [0x0000020308fefb00, 0x0000020308feff98]
Event: 4.689 Thread 0x0000020322e61800 9336       3       com.sun.tools.javac.jvm.ClassWriter::beginAttrs (16 bytes)
Event: 4.689 Thread 0x0000020322dc59c0 9337       3       com.sun.tools.javac.jvm.ClassWriter::writeTypeAnnotations (378 bytes)
Event: 4.689 Thread 0x000002037fda9850 9338       3       com.sun.tools.javac.jvm.ClassWriter::endAttrs (13 bytes)
Event: 4.689 Thread 0x0000020322e64090 9339       3       com.sun.tools.javac.jvm.ClassWriter::putChar (30 bytes)
Event: 4.689 Thread 0x0000020322e61800 nmethod 9336 0x0000020308ff0190 code [0x0000020308ff0340, 0x0000020308ff04c8]
Event: 4.689 Thread 0x0000020322e64090 nmethod 9339 0x0000020308ff0610 code [0x0000020308ff07c0, 0x0000020308ff0938]
Event: 4.689 Thread 0x0000020322e61800 9342       3       com.sun.tools.javac.jvm.ClassWriter::writeCode (900 bytes)
Event: 4.689 Thread 0x000002037fda9850 nmethod 9338 0x0000020308ff0a90 code [0x0000020308ff0c40, 0x0000020308ff0e38]
Event: 4.689 Thread 0x0000020322e64090 9344       3       com.sun.tools.javac.jvm.ClassWriter::writeStackMapType (431 bytes)
Event: 4.689 Thread 0x000002037fda9850 9343       3       com.sun.tools.javac.code.Symbol$MethodSymbol::isLambdaMethod (21 bytes)
Event: 4.690 Thread 0x000002037fda9850 nmethod 9343 0x0000020308ff0f90 code [0x0000020308ff1120, 0x0000020308ff1338]

GC Heap History (20 events):
Event: 2.816 GC heap after
{Heap after GC invocations=9 (full 0):
 garbage-first heap   total 104448K, used 42295K [0x0000000705e00000, 0x0000000800000000)
  region size 2048K, 2 young (4096K), 2 survivors (4096K)
 Metaspace       used 25029K, committed 25472K, reserved 1114112K
  class space    used 2639K, committed 2880K, reserved 1048576K
}
Event: 2.966 GC heap before
{Heap before GC invocations=10 (full 0):
 garbage-first heap   total 104448K, used 73015K [0x0000000705e00000, 0x0000000800000000)
  region size 2048K, 16 young (32768K), 2 survivors (4096K)
 Metaspace       used 25364K, committed 25856K, reserved 1114112K
  class space    used 2644K, committed 2880K, reserved 1048576K
}
Event: 2.974 GC heap after
{Heap after GC invocations=11 (full 0):
 garbage-first heap   total 104448K, used 48987K [0x0000000705e00000, 0x0000000800000000)
  region size 2048K, 2 young (4096K), 2 survivors (4096K)
 Metaspace       used 25364K, committed 25856K, reserved 1114112K
  class space    used 2644K, committed 2880K, reserved 1048576K
}
Event: 3.019 GC heap before
{Heap before GC invocations=11 (full 0):
 garbage-first heap   total 104448K, used 51035K [0x0000000705e00000, 0x0000000800000000)
  region size 2048K, 3 young (6144K), 2 survivors (4096K)
 Metaspace       used 25580K, committed 26048K, reserved 1114112K
  class space    used 2663K, committed 2880K, reserved 1048576K
}
Event: 3.024 GC heap after
{Heap after GC invocations=12 (full 0):
 garbage-first heap   total 104448K, used 49441K [0x0000000705e00000, 0x0000000800000000)
  region size 2048K, 1 young (2048K), 1 survivors (2048K)
 Metaspace       used 25580K, committed 26048K, reserved 1114112K
  class space    used 2663K, committed 2880K, reserved 1048576K
}
Event: 3.333 GC heap before
{Heap before GC invocations=12 (full 0):
 garbage-first heap   total 104448K, used 71969K [0x0000000705e00000, 0x0000000800000000)
  region size 2048K, 13 young (26624K), 1 survivors (2048K)
 Metaspace       used 27076K, committed 27520K, reserved 1114112K
  class space    used 2827K, committed 3072K, reserved 1048576K
}
Event: 3.335 GC heap after
{Heap after GC invocations=13 (full 0):
 garbage-first heap   total 104448K, used 49696K [0x0000000705e00000, 0x0000000800000000)
  region size 2048K, 1 young (2048K), 1 survivors (2048K)
 Metaspace       used 27076K, committed 27520K, reserved 1114112K
  class space    used 2827K, committed 3072K, reserved 1048576K
}
Event: 3.488 GC heap before
{Heap before GC invocations=14 (full 0):
 garbage-first heap   total 104448K, used 76320K [0x0000000705e00000, 0x0000000800000000)
  region size 2048K, 14 young (28672K), 1 survivors (2048K)
 Metaspace       used 27512K, committed 27904K, reserved 1114112K
  class space    used 2864K, committed 3072K, reserved 1048576K
}
Event: 3.490 GC heap after
{Heap after GC invocations=15 (full 0):
 garbage-first heap   total 104448K, used 49912K [0x0000000705e00000, 0x0000000800000000)
  region size 2048K, 1 young (2048K), 1 survivors (2048K)
 Metaspace       used 27512K, committed 27904K, reserved 1114112K
  class space    used 2864K, committed 3072K, reserved 1048576K
}
Event: 3.497 GC heap before
{Heap before GC invocations=15 (full 0):
 garbage-first heap   total 104448K, used 51960K [0x0000000705e00000, 0x0000000800000000)
  region size 2048K, 2 young (4096K), 1 survivors (2048K)
 Metaspace       used 27513K, committed 27904K, reserved 1114112K
  class space    used 2864K, committed 3072K, reserved 1048576K
}
Event: 3.500 GC heap after
{Heap after GC invocations=16 (full 0):
 garbage-first heap   total 155648K, used 49422K [0x0000000705e00000, 0x0000000800000000)
  region size 2048K, 1 young (2048K), 1 survivors (2048K)
 Metaspace       used 27513K, committed 27904K, reserved 1114112K
  class space    used 2864K, committed 3072K, reserved 1048576K
}
Event: 3.772 GC heap before
{Heap before GC invocations=16 (full 0):
 garbage-first heap   total 155648K, used 110862K [0x0000000705e00000, 0x0000000800000000)
  region size 2048K, 32 young (65536K), 1 survivors (2048K)
 Metaspace       used 28141K, committed 28672K, reserved 1114112K
  class space    used 2950K, committed 3200K, reserved 1048576K
}
Event: 3.773 GC heap after
{Heap after GC invocations=17 (full 0):
 garbage-first heap   total 155648K, used 49805K [0x0000000705e00000, 0x0000000800000000)
  region size 2048K, 1 young (2048K), 1 survivors (2048K)
 Metaspace       used 28141K, committed 28672K, reserved 1114112K
  class space    used 2950K, committed 3200K, reserved 1048576K
}
Event: 3.921 GC heap before
{Heap before GC invocations=17 (full 0):
 garbage-first heap   total 155648K, used 117389K [0x0000000705e00000, 0x0000000800000000)
  region size 2048K, 34 young (69632K), 1 survivors (2048K)
 Metaspace       used 28460K, committed 28992K, reserved 1114112K
  class space    used 2965K, committed 3264K, reserved 1048576K
}
Event: 3.924 GC heap after
{Heap after GC invocations=18 (full 0):
 garbage-first heap   total 155648K, used 51275K [0x0000000705e00000, 0x0000000800000000)
  region size 2048K, 2 young (4096K), 2 survivors (4096K)
 Metaspace       used 28460K, committed 28992K, reserved 1114112K
  class space    used 2965K, committed 3264K, reserved 1048576K
}
Event: 4.022 GC heap before
{Heap before GC invocations=18 (full 0):
 garbage-first heap   total 155648K, used 118859K [0x0000000705e00000, 0x0000000800000000)
  region size 2048K, 35 young (71680K), 2 survivors (4096K)
 Metaspace       used 28534K, committed 29056K, reserved 1114112K
  class space    used 2969K, committed 3264K, reserved 1048576K
}
Event: 4.025 GC heap after
{Heap after GC invocations=19 (full 0):
 garbage-first heap   total 155648K, used 51553K [0x0000000705e00000, 0x0000000800000000)
  region size 2048K, 2 young (4096K), 2 survivors (4096K)
 Metaspace       used 28534K, committed 29056K, reserved 1114112K
  class space    used 2969K, committed 3264K, reserved 1048576K
}
Event: 4.156 GC heap before
{Heap before GC invocations=19 (full 0):
 garbage-first heap   total 155648K, used 123233K [0x0000000705e00000, 0x0000000800000000)
  region size 2048K, 37 young (75776K), 2 survivors (4096K)
 Metaspace       used 28673K, committed 29184K, reserved 1114112K
  class space    used 2969K, committed 3264K, reserved 1048576K
}
Event: 4.160 GC heap after
{Heap after GC invocations=20 (full 0):
 garbage-first heap   total 155648K, used 52915K [0x0000000705e00000, 0x0000000800000000)
  region size 2048K, 3 young (6144K), 3 survivors (6144K)
 Metaspace       used 28673K, committed 29184K, reserved 1114112K
  class space    used 2969K, committed 3264K, reserved 1048576K
}
Event: 4.690 GC heap before
{Heap before GC invocations=20 (full 0):
 garbage-first heap   total 155648K, used 124595K [0x0000000705e00000, 0x0000000800000000)
  region size 2048K, 38 young (77824K), 3 survivors (6144K)
 Metaspace       used 30692K, committed 31296K, reserved 1114112K
  class space    used 3201K, committed 3520K, reserved 1048576K
}

Dll operation events (12 events):
Event: 0.004 Loaded shared library C:\Program Files\Java\jdk-19\bin\java.dll
Event: 0.010 Loaded shared library C:\Program Files\Java\jdk-19\bin\jsvml.dll
Event: 0.037 Loaded shared library C:\Program Files\Java\jdk-19\bin\zip.dll
Event: 0.038 Loaded shared library C:\Program Files\Java\jdk-19\bin\instrument.dll
Event: 0.041 Loaded shared library C:\Program Files\Java\jdk-19\bin\net.dll
Event: 0.042 Loaded shared library C:\Program Files\Java\jdk-19\bin\nio.dll
Event: 0.044 Loaded shared library C:\Program Files\Java\jdk-19\bin\zip.dll
Event: 0.053 Loaded shared library C:\Program Files\JetBrains\IntelliJ IDEA 2022.1.2\bin\breakgen64.dll
Event: 0.058 Loaded shared library C:\Program Files\Java\jdk-19\bin\extnet.dll
Event: 0.101 Loaded shared library C:\Program Files\Java\jdk-19\bin\jimage.dll
Event: 0.134 Loaded shared library C:\Users\99293\AppData\Local\Temp\jansi-2.4.0-27b7600ec638b4c1-jansi.dll
Event: 0.139 Loaded shared library C:\Program Files\Java\jdk-19\bin\verify.dll

Deoptimization events (20 events):
Event: 4.669 Thread 0x000002037ad0deb0 Uncommon trap: trap_request=0xffffffde fr.pc=0x000002030fda2e10 relative=0x00000000000006b0
Event: 4.669 Thread 0x000002037ad0deb0 Uncommon trap: reason=class_check action=maybe_recompile pc=0x000002030fda2e10 method=com.sun.tools.javac.code.Scope$ScopeListenerList.walkReferences(Lcom/sun/tools/javac/code/Symbol;Lcom/sun/tools/javac/code/Scope;Z)V @ 20 c2
Event: 4.669 Thread 0x000002037ad0deb0 DEOPT PACKING pc=0x000002030fda2e10 sp=0x0000000a524fd9f0
Event: 4.669 Thread 0x000002037ad0deb0 DEOPT UNPACKING pc=0x000002030f356da3 sp=0x0000000a524fd8b0 mode 2
Event: 4.669 Thread 0x000002037ad0deb0 Uncommon trap: trap_request=0xffffffc6 fr.pc=0x000002030fe817c4 relative=0x0000000000001204
Event: 4.669 Thread 0x000002037ad0deb0 Uncommon trap: reason=bimorphic_or_optimized_type_check action=maybe_recompile pc=0x000002030fe817c4 method=java.util.Spliterators$IteratorSpliterator.tryAdvance(Ljava/util/function/Consumer;)Z @ 63 c2
Event: 4.670 Thread 0x000002037ad0deb0 DEOPT PACKING pc=0x000002030fe817c4 sp=0x0000000a524fc9f0
Event: 4.670 Thread 0x000002037ad0deb0 DEOPT UNPACKING pc=0x000002030f356da3 sp=0x0000000a524fc800 mode 2
Event: 4.674 Thread 0x000002037ad0deb0 Uncommon trap: trap_request=0xffffffde fr.pc=0x000002030fda2e10 relative=0x00000000000006b0
Event: 4.674 Thread 0x000002037ad0deb0 Uncommon trap: reason=class_check action=maybe_recompile pc=0x000002030fda2e10 method=com.sun.tools.javac.code.Scope$ScopeListenerList.walkReferences(Lcom/sun/tools/javac/code/Symbol;Lcom/sun/tools/javac/code/Scope;Z)V @ 20 c2
Event: 4.674 Thread 0x000002037ad0deb0 DEOPT PACKING pc=0x000002030fda2e10 sp=0x0000000a524fdcc0
Event: 4.674 Thread 0x000002037ad0deb0 DEOPT UNPACKING pc=0x000002030f356da3 sp=0x0000000a524fdb80 mode 2
Event: 4.675 Thread 0x000002037ad0deb0 Uncommon trap: trap_request=0xffffffde fr.pc=0x000002030fd8ebe0 relative=0x00000000000001c0
Event: 4.675 Thread 0x000002037ad0deb0 Uncommon trap: reason=class_check action=maybe_recompile pc=0x000002030fd8ebe0 method=com.sun.tools.javac.code.Scope$ScopeListenerList.walkReferences(Lcom/sun/tools/javac/code/Symbol;Lcom/sun/tools/javac/code/Scope;Z)V @ 20 c2
Event: 4.675 Thread 0x000002037ad0deb0 DEOPT PACKING pc=0x000002030fd8ebe0 sp=0x0000000a524fd920
Event: 4.675 Thread 0x000002037ad0deb0 DEOPT UNPACKING pc=0x000002030f356da3 sp=0x0000000a524fd858 mode 2
Event: 4.679 Thread 0x000002037ad0deb0 Uncommon trap: trap_request=0xffffffde fr.pc=0x000002030fd8dde4 relative=0x00000000000001c4
Event: 4.679 Thread 0x000002037ad0deb0 Uncommon trap: reason=class_check action=maybe_recompile pc=0x000002030fd8dde4 method=com.sun.tools.javac.code.Scope$ScopeListenerList.walkReferences(Lcom/sun/tools/javac/code/Symbol;Lcom/sun/tools/javac/code/Scope;Z)V @ 20 c2
Event: 4.679 Thread 0x000002037ad0deb0 DEOPT PACKING pc=0x000002030fd8dde4 sp=0x0000000a524fdc30
Event: 4.679 Thread 0x000002037ad0deb0 DEOPT UNPACKING pc=0x000002030f356da3 sp=0x0000000a524fdbf0 mode 2

Classes loaded (20 events):
Event: 4.408 Loading class java/lang/invoke/DirectMethodHandle$1
Event: 4.408 Loading class java/lang/invoke/DirectMethodHandle$1 done
Event: 4.419 Loading class sun/nio/ch/ChannelOutputStream
Event: 4.419 Loading class sun/nio/ch/ChannelOutputStream done
Event: 4.453 Loading class java/util/EnumMap$EntrySet
Event: 4.453 Loading class java/util/EnumMap$EntrySet done
Event: 4.453 Loading class java/util/EnumMap$EntryIterator
Event: 4.453 Loading class java/util/EnumMap$EnumMapIterator
Event: 4.453 Loading class java/util/EnumMap$EnumMapIterator done
Event: 4.453 Loading class java/util/EnumMap$EntryIterator done
Event: 4.453 Loading class java/util/EnumMap$EntryIterator$Entry
Event: 4.453 Loading class java/util/EnumMap$EntryIterator$Entry done
Event: 4.465 Loading class java/io/DataOutputStream
Event: 4.465 Loading class java/io/DataOutputStream done
Event: 4.532 Loading class java/lang/invoke/MethodHandleImpl$CountingWrapper
Event: 4.533 Loading class java/lang/invoke/MethodHandleImpl$CountingWrapper done
Event: 4.673 Loading class java/util/stream/ReduceOps$2
Event: 4.673 Loading class java/util/stream/ReduceOps$2 done
Event: 4.673 Loading class java/util/stream/ReduceOps$2ReducingSink
Event: 4.674 Loading class java/util/stream/ReduceOps$2ReducingSink done

Classes unloaded (0 events):
No events

Classes redefined (0 events):
No events

Internal exceptions (20 events):
Event: 4.579 Thread 0x000002037ad0deb0 Exception <a 'java/lang/NoSuchMethodError'{0x000000070a9fb478}: 'java.lang.Object java.lang.invoke.DirectMethodHandle$Holder.newInvokeSpecial(java.lang.Object, java.lang.Object, java.lang.Object, java.lang.Object, java.lang.Object, java.lang.Object, java.lang.Object, java.lang.Object)'> (0x000000070a9fb478) 
thrown [s\open\src\hotspot\share\interpreter\linkResolver.cpp, line 774]
Event: 4.592 Thread 0x000002037ad0deb0 Exception <a 'java/lang/NoSuchMethodError'{0x000000070a653cc0}: 'java.lang.Object java.lang.invoke.DirectMethodHandle$Holder.newInvokeSpecial(java.lang.Object, java.lang.Object, java.lang.Object, java.lang.Object, java.lang.Object, java.lang.Object, java.lang.Object, int)'> (0x000000070a653cc0) 
thrown [s\open\src\hotspot\share\interpreter\linkResolver.cpp, line 774]
Event: 4.593 Thread 0x000002037ad0deb0 Exception <a 'java/lang/NoSuchMethodError'{0x000000070a659588}: 'java.lang.Object java.lang.invoke.DirectMethodHandle$Holder.invokeSpecial(java.lang.Object, java.lang.Object, java.lang.Object, java.lang.Object, java.lang.Object, java.lang.Object, java.lang.Object, java.lang.Object, int)'> (0x000000070a659588) 
thrown [s\open\src\hotspot\share\interpreter\linkResolver.cpp, line 774]
Event: 4.605 Thread 0x000002037ad0deb0 Exception <a 'sun/nio/fs/WindowsException'{0x000000070a7a5100}> (0x000000070a7a5100) 
thrown [s\open\src\hotspot\share\prims\jni.cpp, line 517]
Event: 4.605 Thread 0x000002037ad0deb0 Exception <a 'sun/nio/fs/WindowsException'{0x000000070a7a54f0}> (0x000000070a7a54f0) 
thrown [s\open\src\hotspot\share\prims\jni.cpp, line 517]
Event: 4.605 Thread 0x000002037ad0deb0 Exception <a 'sun/nio/fs/WindowsException'{0x000000070a7b7bf0}> (0x000000070a7b7bf0) 
thrown [s\open\src\hotspot\share\prims\jni.cpp, line 517]
Event: 4.605 Thread 0x000002037ad0deb0 Exception <a 'sun/nio/fs/WindowsException'{0x000000070a7b7fa0}> (0x000000070a7b7fa0) 
thrown [s\open\src\hotspot\share\prims\jni.cpp, line 517]
Event: 4.605 Thread 0x000002037ad0deb0 Exception <a 'sun/nio/fs/WindowsException'{0x000000070a7e6788}> (0x000000070a7e6788) 
thrown [s\open\src\hotspot\share\prims\jni.cpp, line 517]
Event: 4.605 Thread 0x000002037ad0deb0 Exception <a 'sun/nio/fs/WindowsException'{0x000000070a7e6b78}> (0x000000070a7e6b78) 
thrown [s\open\src\hotspot\share\prims\jni.cpp, line 517]
Event: 4.605 Thread 0x000002037ad0deb0 Exception <a 'sun/nio/fs/WindowsException'{0x000000070a7e83f0}> (0x000000070a7e83f0) 
thrown [s\open\src\hotspot\share\prims\jni.cpp, line 517]
Event: 4.605 Thread 0x000002037ad0deb0 Exception <a 'sun/nio/fs/WindowsException'{0x000000070a7e8870}> (0x000000070a7e8870) 
thrown [s\open\src\hotspot\share\prims\jni.cpp, line 517]
Event: 4.631 Thread 0x000002037ad0deb0 Exception <a 'sun/nio/fs/WindowsException'{0x000000070a4865e0}> (0x000000070a4865e0) 
thrown [s\open\src\hotspot\share\prims\jni.cpp, line 517]
Event: 4.631 Thread 0x000002037ad0deb0 Exception <a 'sun/nio/fs/WindowsException'{0x000000070a486d00}> (0x000000070a486d00) 
thrown [s\open\src\hotspot\share\prims\jni.cpp, line 517]
Event: 4.631 Thread 0x000002037ad0deb0 Exception <a 'sun/nio/fs/WindowsException'{0x000000070a487fd8}> (0x000000070a487fd8) 
thrown [s\open\src\hotspot\share\prims\jni.cpp, line 517]
Event: 4.678 Thread 0x000002037ad0deb0 Exception <a 'sun/nio/fs/WindowsException'{0x000000070a366d18}> (0x000000070a366d18) 
thrown [s\open\src\hotspot\share\prims\jni.cpp, line 517]
Event: 4.678 Thread 0x000002037ad0deb0 Exception <a 'sun/nio/fs/WindowsException'{0x000000070a367450}> (0x000000070a367450) 
thrown [s\open\src\hotspot\share\prims\jni.cpp, line 517]
Event: 4.678 Thread 0x000002037ad0deb0 Exception <a 'sun/nio/fs/WindowsException'{0x000000070a368830}> (0x000000070a368830) 
thrown [s\open\src\hotspot\share\prims\jni.cpp, line 517]
Event: 4.688 Thread 0x000002037ad0deb0 Exception <a 'sun/nio/fs/WindowsException'{0x000000070a3cf838}> (0x000000070a3cf838) 
thrown [s\open\src\hotspot\share\prims\jni.cpp, line 517]
Event: 4.688 Thread 0x000002037ad0deb0 Exception <a 'sun/nio/fs/WindowsException'{0x000000070a3cff58}> (0x000000070a3cff58) 
thrown [s\open\src\hotspot\share\prims\jni.cpp, line 517]
Event: 4.688 Thread 0x000002037ad0deb0 Exception <a 'sun/nio/fs/WindowsException'{0x000000070a3d1258}> (0x000000070a3d1258) 
thrown [s\open\src\hotspot\share\prims\jni.cpp, line 517]

VM Operations (20 events):
Event: 4.423 Executing VM operation: HandshakeAllThreads done
Event: 4.458 Executing VM operation: ICBufferFull
Event: 4.459 Executing VM operation: ICBufferFull done
Event: 4.501 Executing VM operation: ICBufferFull
Event: 4.501 Executing VM operation: ICBufferFull done
Event: 4.539 Executing VM operation: HandshakeAllThreads
Event: 4.540 Executing VM operation: HandshakeAllThreads done
Event: 4.557 Executing VM operation: ICBufferFull
Event: 4.557 Executing VM operation: ICBufferFull done
Event: 4.559 Executing VM operation: HandshakeAllThreads
Event: 4.559 Executing VM operation: HandshakeAllThreads done
Event: 4.571 Executing VM operation: HandshakeAllThreads
Event: 4.571 Executing VM operation: HandshakeAllThreads done
Event: 4.572 Executing VM operation: HandshakeAllThreads
Event: 4.572 Executing VM operation: HandshakeAllThreads done
Event: 4.607 Executing VM operation: ICBufferFull
Event: 4.607 Executing VM operation: ICBufferFull done
Event: 4.670 Executing VM operation: ICBufferFull
Event: 4.670 Executing VM operation: ICBufferFull done
Event: 4.690 Executing VM operation: G1CollectForAllocation

Events (20 events):
Event: 4.233 Thread 0x000002037fdafcf0 flushing nmethod 0x0000020308d2c490
Event: 4.233 Thread 0x000002037fdafcf0 flushing nmethod 0x0000020308d2e990
Event: 4.233 Thread 0x000002037fdafcf0 flushing nmethod 0x0000020308d2f290
Event: 4.233 Thread 0x000002037fdafcf0 flushing nmethod 0x0000020308d32690
Event: 4.233 Thread 0x000002037fdafcf0 flushing nmethod 0x0000020308d36890
Event: 4.233 Thread 0x000002037fdafcf0 flushing nmethod 0x0000020308d39410
Event: 4.233 Thread 0x000002037fdafcf0 flushing nmethod 0x0000020308d3cd10
Event: 4.233 Thread 0x000002037fdafcf0 flushing nmethod 0x0000020308d54510
Event: 4.233 Thread 0x000002037fdafcf0 flushing nmethod 0x0000020308d70410
Event: 4.233 Thread 0x000002037fdafcf0 flushing nmethod 0x0000020308d82990
Event: 4.234 Thread 0x000002037fdafcf0 flushing nmethod 0x0000020308e23790
Event: 4.234 Thread 0x000002037fdafcf0 flushing nmethod 0x0000020308e23e90
Event: 4.234 Thread 0x000002037fdafcf0 flushing nmethod 0x0000020308e25690
Event: 4.234 Thread 0x000002037fdafcf0 flushing nmethod 0x0000020308e29210
Event: 4.234 Thread 0x000002037fdafcf0 flushing nmethod 0x0000020308eaff90
Event: 4.234 Thread 0x000002037fdafcf0 flushing nmethod 0x0000020308eb0590
Event: 4.234 Thread 0x000002037fdafcf0 flushing nmethod 0x0000020308eb0a10
Event: 4.234 Thread 0x000002037fdafcf0 flushing nmethod 0x0000020308eb1190
Event: 4.234 Thread 0x000002037fdafcf0 flushing nmethod 0x0000020308ee6e10
Event: 4.234 Thread 0x000002037fdafcf0 flushing nmethod 0x0000020308efd610


Dynamic libraries:
0x00007ff6a33c0000 - 0x00007ff6a33d0000 	C:\Program Files\Java\jdk-19\bin\java.exe
0x00007ffd21210000 - 0x00007ffd21427000 	C:\WINDOWS\SYSTEM32\ntdll.dll
0x00007ffd20420000 - 0x00007ffd204e4000 	C:\WINDOWS\System32\KERNEL32.DLL
0x00007ffd1eb80000 - 0x00007ffd1ef26000 	C:\WINDOWS\System32\KERNELBASE.dll
0x00007ffd1e720000 - 0x00007ffd1e831000 	C:\WINDOWS\System32\ucrtbase.dll
0x00007ffd0ed50000 - 0x00007ffd0ed6b000 	C:\Program Files\Java\jdk-19\bin\VCRUNTIME140.dll
0x00007ffd0eba0000 - 0x00007ffd0ebb8000 	C:\Program Files\Java\jdk-19\bin\jli.dll
0x00007ffd20050000 - 0x00007ffd20103000 	C:\WINDOWS\System32\ADVAPI32.dll
0x00007ffd21010000 - 0x00007ffd210b7000 	C:\WINDOWS\System32\msvcrt.dll
0x00007ffd210c0000 - 0x00007ffd21168000 	C:\WINDOWS\System32\sechost.dll
0x00007ffd1e840000 - 0x00007ffd1e868000 	C:\WINDOWS\System32\bcrypt.dll
0x00007ffd20e70000 - 0x00007ffd20f87000 	C:\WINDOWS\System32\RPCRT4.dll
0x00007ffd20270000 - 0x00007ffd2041e000 	C:\WINDOWS\System32\USER32.dll
0x00007ffd1e520000 - 0x00007ffd1e546000 	C:\WINDOWS\System32\win32u.dll
0x00007ffd20fe0000 - 0x00007ffd21009000 	C:\WINDOWS\System32\GDI32.dll
0x00007ffd05160000 - 0x00007ffd053f3000 	C:\WINDOWS\WinSxS\amd64_microsoft.windows.common-controls_6595b64144ccf1df_6.0.22621.2506_none_270c5ae97388e100\COMCTL32.dll
0x00007ffd1e8f0000 - 0x00007ffd1ea08000 	C:\WINDOWS\System32\gdi32full.dll
0x00007ffd1e550000 - 0x00007ffd1e5ea000 	C:\WINDOWS\System32\msvcp_win.dll
0x00007ffd15120000 - 0x00007ffd1512a000 	C:\WINDOWS\SYSTEM32\VERSION.dll
0x00007ffd20610000 - 0x00007ffd20641000 	C:\WINDOWS\System32\IMM32.DLL
0x00007ffd15510000 - 0x00007ffd1551c000 	C:\Program Files\Java\jdk-19\bin\vcruntime140_1.dll
0x00007ffceec90000 - 0x00007ffceed1e000 	C:\Program Files\Java\jdk-19\bin\msvcp140.dll
0x00007ffcbca10000 - 0x00007ffcbd6d0000 	C:\Program Files\Java\jdk-19\bin\server\jvm.dll
0x00007ffd16750000 - 0x00007ffd16784000 	C:\WINDOWS\SYSTEM32\WINMM.dll
0x00007ffd19650000 - 0x00007ffd19659000 	C:\WINDOWS\SYSTEM32\WSOCK32.dll
0x00007ffd20590000 - 0x00007ffd20601000 	C:\WINDOWS\System32\WS2_32.dll
0x00007ffd1d650000 - 0x00007ffd1d668000 	C:\WINDOWS\SYSTEM32\kernel.appcore.dll
0x00007ffd14cb0000 - 0x00007ffd14cba000 	C:\Program Files\Java\jdk-19\bin\jimage.dll
0x00007ffd1b830000 - 0x00007ffd1ba63000 	C:\WINDOWS\SYSTEM32\DBGHELP.DLL
0x00007ffd1f190000 - 0x00007ffd1f519000 	C:\WINDOWS\System32\combase.dll
0x00007ffd20d90000 - 0x00007ffd20e67000 	C:\WINDOWS\System32\OLEAUT32.dll
0x00007ffd12a80000 - 0x00007ffd12ab2000 	C:\WINDOWS\SYSTEM32\dbgcore.DLL
0x00007ffd1e870000 - 0x00007ffd1e8ea000 	C:\WINDOWS\System32\bcryptPrimitives.dll
0x00007ffd101a0000 - 0x00007ffd101ae000 	C:\Program Files\Java\jdk-19\bin\instrument.dll
0x00007ffd089f0000 - 0x00007ffd08a16000 	C:\Program Files\Java\jdk-19\bin\java.dll
0x00007ffcdce30000 - 0x00007ffcdcf07000 	C:\Program Files\Java\jdk-19\bin\jsvml.dll
0x00007ffd1f6a0000 - 0x00007ffd1fefb000 	C:\WINDOWS\System32\SHELL32.dll
0x00007ffd1c450000 - 0x00007ffd1cd46000 	C:\WINDOWS\SYSTEM32\windows.storage.dll
0x00007ffd1c310000 - 0x00007ffd1c44e000 	C:\WINDOWS\SYSTEM32\wintypes.dll
0x00007ffd1f580000 - 0x00007ffd1f673000 	C:\WINDOWS\System32\SHCORE.dll
0x00007ffd1f520000 - 0x00007ffd1f57e000 	C:\WINDOWS\System32\shlwapi.dll
0x00007ffd1e450000 - 0x00007ffd1e476000 	C:\WINDOWS\SYSTEM32\profapi.dll
0x00007ffd08700000 - 0x00007ffd08718000 	C:\Program Files\Java\jdk-19\bin\zip.dll
0x00007ffd0ead0000 - 0x00007ffd0eae3000 	C:\Program Files\Java\jdk-19\bin\net.dll
0x00007ffd18bf0000 - 0x00007ffd18d27000 	C:\WINDOWS\SYSTEM32\WINHTTP.dll
0x00007ffd1dad0000 - 0x00007ffd1db39000 	C:\WINDOWS\system32\mswsock.dll
0x00007ffd0e050000 - 0x00007ffd0e066000 	C:\Program Files\Java\jdk-19\bin\nio.dll
0x00007ffd07b70000 - 0x00007ffd07b8a000 	C:\Program Files\JetBrains\IntelliJ IDEA 2022.1.2\bin\breakgen64.dll
0x00007ffd10020000 - 0x00007ffd10028000 	C:\Program Files\Java\jdk-19\bin\extnet.dll
0x0000000069ac0000 - 0x0000000069ae4000 	C:\Users\99293\AppData\Local\Temp\jansi-2.4.0-27b7600ec638b4c1-jansi.dll
0x00007ffd0fc50000 - 0x00007ffd0fc60000 	C:\Program Files\Java\jdk-19\bin\verify.dll

dbghelp: loaded successfully - version: 4.0.5 - missing functions: none
symbol engine: initialized successfully - sym options: 0x614 - pdb path: .;C:\Program Files\Java\jdk-19\bin;C:\WINDOWS\SYSTEM32;C:\WINDOWS\WinSxS\amd64_microsoft.windows.common-controls_6595b64144ccf1df_6.0.22621.2506_none_270c5ae97388e100;C:\Program Files\Java\jdk-19\bin\server;C:\Program Files\JetBrains\IntelliJ IDEA 2022.1.2\bin;C:\Users\99293\AppData\Local\Temp

VM Arguments:
jvm_args: -Dmaven.multiModuleProjectDirectory=D:\unitedStates original storage\unitedStates duplicates original storage -Dmaven.home=C:\Users\99293\.m2\wrapper\dists\apache-maven-3.8.6-bin\1ks0nkde5v1pk9vtc31i9d0lcd\apache-maven-3.8.6 -Dclassworlds.conf=C:\Users\99293\.m2\wrapper\dists\apache-maven-3.8.6-bin\1ks0nkde5v1pk9vtc31i9d0lcd\apache-maven-3.8.6\bin\m2.conf -Dmaven.ext.class.path=C:\Program Files\JetBrains\IntelliJ IDEA 2022.1.2\plugins\maven\lib\maven-event-listener.jar -javaagent:C:\Program Files\JetBrains\IntelliJ IDEA 2022.1.2\lib\idea_rt.jar=49853:C:\Program Files\JetBrains\IntelliJ IDEA 2022.1.2\bin -Dfile.encoding=UTF-8 
java_command: org.codehaus.classworlds.Launcher -Didea.version=2022.1.2 package
java_class_path (initial): C:\Users\99293\.m2\wrapper\dists\apache-maven-3.8.6-bin\1ks0nkde5v1pk9vtc31i9d0lcd\apache-maven-3.8.6\boot\plexus-classworlds-2.6.0.jar;C:\Users\99293\.m2\wrapper\dists\apache-maven-3.8.6-bin\1ks0nkde5v1pk9vtc31i9d0lcd\apache-maven-3.8.6\boot\plexus-classworlds.license
Launcher Type: SUN_STANDARD

[Global flags]
     intx CICompilerCount                          = 12                                        {product} {ergonomic}
     uint ConcGCThreads                            = 3                                         {product} {ergonomic}
     uint G1ConcRefinementThreads                  = 13                                        {product} {ergonomic}
   size_t G1HeapRegionSize                         = 2097152                                   {product} {ergonomic}
    uintx GCDrainStackTargetSize                   = 64                                        {product} {ergonomic}
   size_t InitialHeapSize                          = 264241152                                 {product} {ergonomic}
   size_t MarkStackSize                            = 4194304                                   {product} {ergonomic}
   size_t MaxHeapSize                              = 4196401152                                {product} {ergonomic}
   size_t MaxNewSize                               = 2516582400                                {product} {ergonomic}
   size_t MinHeapDeltaBytes                        = 2097152                                   {product} {ergonomic}
   size_t MinHeapSize                              = 8388608                                   {product} {ergonomic}
    uintx NonNMethodCodeHeapSize                   = 7602480                                {pd product} {ergonomic}
    uintx NonProfiledCodeHeapSize                  = 122027880                              {pd product} {ergonomic}
    uintx ProfiledCodeHeapSize                     = 122027880                              {pd product} {ergonomic}
    uintx ReservedCodeCacheSize                    = 251658240                              {pd product} {ergonomic}
     bool SegmentedCodeCache                       = true                                      {product} {ergonomic}
   size_t SoftMaxHeapSize                          = 4196401152                             {manageable} {ergonomic}
     bool UseCompressedClassPointers               = true                           {product lp64_product} {ergonomic}
     bool UseCompressedOops                        = true                           {product lp64_product} {ergonomic}
     bool UseG1GC                                  = true                                      {product} {ergonomic}
     bool UseLargePagesIndividualAllocation        = false                                  {pd product} {ergonomic}

Logging:
Log output configuration:
 #0: stdout all=warning uptime,level,tags foldmultilines=false
 #1: stderr all=off uptime,level,tags foldmultilines=false

Environment Variables:
PATH=C:\Program Files\Common Files\Oracle\Java\javapath;C:\Windows\system32;C:\Windows;C:\Windows\System32\Wbem;C:\Windows\System32\WindowsPowerShell\v1.0\;C:\Windows\System32\OpenSSH\;C:\Program Files (x86)\NVIDIA Corporation\PhysX\Common;C:\Program Files\NVIDIA Corporation\NVIDIA NvDLISR;C:\Program Files\Git\cmd;C:\Program Files (x86)\dotnet\;%SystemRoot%\system32;%SystemRoot%;%SystemRoot%\System32\Wbem;%SYSTEMROOT%\System32\WindowsPowerShell\v1.0\;%SYSTEMROOT%\System32\OpenSSH\;C:\Users\99293\AppData\Local\Programs\Python\Python311\Scripts\;C:\Users\99293\AppData\Local\Programs\Python\Python311\;C:\Users\99293\AppData\Local\Microsoft\WindowsApps;;C:\Program Files\JetBrains\IntelliJ IDEA 2022.1.2\bin;;C:\Program Files\heroku\bin
USERNAME=ASUS
OS=Windows_NT
PROCESSOR_IDENTIFIER=Intel64 Family 6 Model 154 Stepping 3, GenuineIntel
TMP=C:\Users\99293\AppData\Local\Temp
TEMP=C:\Users\99293\AppData\Local\Temp



---------------  S Y S T E M  ---------------

OS:
 Windows 11 , 64 bit Build 22621 (10.0.22621.3085)
OS uptime: 1 days 0:28 hours
Hyper-V role detected

CPU: total 16 (initial active 16) (8 cores per cpu, 2 threads per core) family 6 model 154 stepping 3 microcode 0x41c, cx8, cmov, fxsr, ht, mmx, 3dnowpref, sse, sse2, sse3, ssse3, sse4.1, sse4.2, popcnt, lzcnt, tsc, tscinvbit, avx, avx2, aes, erms, clmul, bmi1, bmi2, adx, sha, fma, vzeroupper, clflush, clflushopt, clwb, hv, serialize, rdtscp, rdpid, fsrm

Memory: 4k page, system-wide physical 16005M (2985M free)
TotalPageFile size 18053M (AvailPageFile size 23M)
current process WorkingSet (physical memory assigned to process): 400M, peak: 409M
current process commit charge ("private bytes"): 453M, peak: 567M

vm_info: Java HotSpot(TM) 64-Bit Server VM (19.0.2+7-44) for windows-amd64 JRE (19.0.2+7-44), built on 2022-11-30T18:02:09Z by "mach5one" with MS VC++ 17.1 (VS2022)

END.
