#
# There is insufficient memory for the Java Runtime Environment to continue.
# Native memory allocation (malloc) failed to allocate 32744 bytes for Chunk::new
# Possible reasons:
#   The system is out of physical RAM or swap space
#   The process is running with CompressedOops enabled, and the Java Heap may be blocking the growth of the native heap
# Possible solutions:
#   Reduce memory load on the system
#   Increase physical memory or swap space
#   Check if swap backing store is full
#   Decrease Java heap size (-Xmx/-Xms)
#   Decrease number of Java threads
#   Decrease Java thread stack sizes (-Xss)
#   Set larger code cache with -XX:ReservedCodeCacheSize=
#   JVM is running with Zero Based Compressed Oops mode in which the Java heap is
#     placed in the first 32GB address space. The Java Heap base address is the
#     maximum limit for the native heap growth. Please use -XX:HeapBaseMinAddress
#     to set the Java Heap base and to place the Java Heap above 32GB virtual address.
# This output file may be truncated or incomplete.
#
#  Out of Memory Error (arena.cpp:184), pid=2876, tid=15684
#
# JRE version: Java(TM) SE Runtime Environment (19.0.2+7) (build 19.0.2+7-44)
# Java VM: Java HotSpot(TM) 64-Bit Server VM (19.0.2+7-44, mixed mode, sharing, tiered, compressed oops, compressed class ptrs, g1 gc, windows-amd64)
# No core dump will be written. Minidumps are not enabled by default on client versions of Windows
#

---------------  S U M M A R Y ------------

Command Line: -Dmaven.multiModuleProjectDirectory=D:\unitedStates original storage\unitedStates duplicates original storage -Dmaven.home=C:\Users\99293\.m2\wrapper\dists\apache-maven-3.8.6-bin\1ks0nkde5v1pk9vtc31i9d0lcd\apache-maven-3.8.6 -Dclassworlds.conf=C:\Users\99293\.m2\wrapper\dists\apache-maven-3.8.6-bin\1ks0nkde5v1pk9vtc31i9d0lcd\apache-maven-3.8.6\bin\m2.conf -Dmaven.ext.class.path=C:\Program Files\JetBrains\IntelliJ IDEA 2022.1.2\plugins\maven\lib\maven-event-listener.jar -javaagent:C:\Program Files\JetBrains\IntelliJ IDEA 2022.1.2\lib\idea_rt.jar=63822:C:\Program Files\JetBrains\IntelliJ IDEA 2022.1.2\bin -Dfile.encoding=UTF-8 org.codehaus.classworlds.Launcher -Didea.version=2022.1.2 package

Host: 12th Gen Intel(R) Core(TM) i7-12650H, 16 cores, 15G,  Windows 11 , 64 bit Build 22621 (10.0.22621.3374)
Time: Wed May  8 17:08:31 2024  Windows 11 , 64 bit Build 22621 (10.0.22621.3374) elapsed time: 8.181118 seconds (0d 0h 0m 8s)

---------------  T H R E A D  ---------------

Current thread (0x0000019bc250ec50):  JavaThread "C2 CompilerThread4" daemon [_thread_in_native, id=15684, stack(0x0000007509000000,0x0000007509100000)]


Current CompileTask:
C2:   8181 11824       4       org.codehaus.plexus.classworlds.realm.ClassRealm::loadClass (7 bytes)

Stack: [0x0000007509000000,0x0000007509100000]
Native frames: (J=compiled Java code, j=interpreted, Vv=VM code, C=native code)
V  [jvm.dll+0x6ee21a]
V  [jvm.dll+0x85765e]
V  [jvm.dll+0x85904e]
V  [jvm.dll+0x859703]
V  [jvm.dll+0x28298f]
V  [jvm.dll+0xc9adf]
V  [jvm.dll+0xc9e65]
V  [jvm.dll+0xc9c04]
V  [jvm.dll+0x8400ac]
V  [jvm.dll+0x1eb10b]
V  [jvm.dll+0x1eb2b1]
V  [jvm.dll+0x1e83a5]
V  [jvm.dll+0x71721d]
V  [jvm.dll+0x715caa]
V  [jvm.dll+0x2554be]
V  [jvm.dll+0x24dd00]
V  [jvm.dll+0x24b673]
V  [jvm.dll+0x1d6ce1]
V  [jvm.dll+0x25b25a]
V  [jvm.dll+0x2596e8]
V  [jvm.dll+0x807588]
V  [jvm.dll+0x80125a]
V  [jvm.dll+0x6ecf0b]
C  [ucrtbase.dll+0x29333]
C  [KERNEL32.DLL+0x1257d]
C  [ntdll.dll+0x5aa48]


---------------  P R O C E S S  ---------------

Threads class SMR info:
_java_thread_list=0x0000019bcadb9070, length=22, elements={
0x0000019b9e890240, 0x0000019bc24f08b0, 0x0000019bc24f16a0, 0x0000019bc24f2490,
0x0000019bc24f5fe0, 0x0000019bc24f8d30, 0x0000019bc24fba10, 0x0000019bc25086a0,
0x0000019bc250d080, 0x0000019bc2512920, 0x0000019bc68ef4f0, 0x0000019bc250e6c0,
0x0000019bc250caf0, 0x0000019bc69ab790, 0x0000019bc69abcd0, 0x0000019bc250c560,
0x0000019bc250d610, 0x0000019bc250dba0, 0x0000019bc250e130, 0x0000019bc250ec50,
0x0000019bc845b010, 0x0000019bc84619c0
}

Java Threads: ( => current thread )
  0x0000019b9e890240 JavaThread "main" [_thread_in_native, id=18148, stack(0x0000007507600000,0x0000007507700000)]
  0x0000019bc24f08b0 JavaThread "Reference Handler" daemon [_thread_blocked, id=24052, stack(0x0000007507d00000,0x0000007507e00000)]
  0x0000019bc24f16a0 JavaThread "Finalizer" daemon [_thread_blocked, id=19784, stack(0x0000007507e00000,0x0000007507f00000)]
  0x0000019bc24f2490 JavaThread "Signal Dispatcher" daemon [_thread_blocked, id=17472, stack(0x0000007507f00000,0x0000007508000000)]
  0x0000019bc24f5fe0 JavaThread "Attach Listener" daemon [_thread_blocked, id=23112, stack(0x0000007508000000,0x0000007508100000)]
  0x0000019bc24f8d30 JavaThread "Service Thread" daemon [_thread_blocked, id=23276, stack(0x0000007508100000,0x0000007508200000)]
  0x0000019bc24fba10 JavaThread "Monitor Deflation Thread" daemon [_thread_blocked, id=2192, stack(0x0000007508200000,0x0000007508300000)]
  0x0000019bc25086a0 JavaThread "C2 CompilerThread0" daemon [_thread_in_native, id=12336, stack(0x0000007508300000,0x0000007508400000)]
  0x0000019bc250d080 JavaThread "C1 CompilerThread0" daemon [_thread_blocked, id=1032, stack(0x0000007508400000,0x0000007508500000)]
  0x0000019bc2512920 JavaThread "Sweeper thread" daemon [_thread_blocked, id=7080, stack(0x0000007508500000,0x0000007508600000)]
  0x0000019bc68ef4f0 JavaThread "Common-Cleaner" daemon [_thread_blocked, id=5852, stack(0x0000007508600000,0x0000007508700000)]
  0x0000019bc250e6c0 JavaThread "C1 CompilerThread1" daemon [_thread_blocked, id=7736, stack(0x0000007508700000,0x0000007508800000)]
  0x0000019bc250caf0 JavaThread "C1 CompilerThread2" daemon [_thread_blocked, id=23208, stack(0x0000007508800000,0x0000007508900000)]
  0x0000019bc69ab790 JavaThread "Monitor Ctrl-Break" daemon [_thread_in_native, id=8576, stack(0x0000007508900000,0x0000007508a00000)]
  0x0000019bc69abcd0 JavaThread "Notification Thread" daemon [_thread_blocked, id=17584, stack(0x0000007508a00000,0x0000007508b00000)]
  0x0000019bc250c560 JavaThread "C2 CompilerThread1" daemon [_thread_blocked, id=12884, stack(0x0000007508c00000,0x0000007508d00000)]
  0x0000019bc250d610 JavaThread "C1 CompilerThread3" daemon [_thread_blocked, id=23944, stack(0x0000007508d00000,0x0000007508e00000)]
  0x0000019bc250dba0 JavaThread "C2 CompilerThread2" daemon [_thread_blocked, id=23244, stack(0x0000007508e00000,0x0000007508f00000)]
  0x0000019bc250e130 JavaThread "C2 CompilerThread3" daemon [_thread_blocked, id=9852, stack(0x0000007508f00000,0x0000007509000000)]
=>0x0000019bc250ec50 JavaThread "C2 CompilerThread4" daemon [_thread_in_native, id=15684, stack(0x0000007509000000,0x0000007509100000)]
  0x0000019bc845b010 JavaThread "C2 CompilerThread5" daemon [_thread_in_native, id=23864, stack(0x0000007509100000,0x0000007509200000)]
  0x0000019bc84619c0 JavaThread "C2 CompilerThread6" daemon [_thread_in_native, id=18916, stack(0x000000750a000000,0x000000750a100000)]

Other Threads:
  0x0000019bc24d4390 VMThread "VM Thread" [stack: 0x0000007507c00000,0x0000007507d00000] [id=8776]
  0x0000019bc69aea30 WatcherThread "VM Periodic Task Thread" [stack: 0x0000007508b00000,0x0000007508c00000] [id=12632]
  0x0000019b9e901d00 WorkerThread "GC Thread#0" [stack: 0x0000007507700000,0x0000007507800000] [id=5944]
  0x0000019bc6ce7f40 WorkerThread "GC Thread#1" [stack: 0x0000007509400000,0x0000007509500000] [id=21876]
  0x0000019bc6ce8210 WorkerThread "GC Thread#2" [stack: 0x0000007509500000,0x0000007509600000] [id=2284]
  0x0000019bc6ce7130 WorkerThread "GC Thread#3" [stack: 0x0000007509600000,0x0000007509700000] [id=23692]
  0x0000019bc6ce7400 WorkerThread "GC Thread#4" [stack: 0x0000007509700000,0x0000007509800000] [id=17684]
  0x0000019bc6ce8a80 WorkerThread "GC Thread#5" [stack: 0x0000007509800000,0x0000007509900000] [id=10476]
  0x0000019bc6ce87b0 WorkerThread "GC Thread#6" [stack: 0x0000007509900000,0x0000007509a00000] [id=15320]
  0x0000019bc6ce8d50 WorkerThread "GC Thread#7" [stack: 0x0000007509a00000,0x0000007509b00000] [id=21716]
  0x0000019bc80b33e0 WorkerThread "GC Thread#8" [stack: 0x0000007509300000,0x0000007509400000] [id=13484]
  0x0000019bc80b3980 WorkerThread "GC Thread#9" [stack: 0x0000007509b00000,0x0000007509c00000] [id=9144]
  0x0000019bc80b44c0 WorkerThread "GC Thread#10" [stack: 0x0000007509200000,0x0000007509300000] [id=22524]
  0x0000019bc80b1d60 WorkerThread "GC Thread#11" [stack: 0x0000007509c00000,0x0000007509d00000] [id=21420]
  0x0000019bc80b4790 WorkerThread "GC Thread#12" [stack: 0x0000007509d00000,0x0000007509e00000] [id=17700]
  0x0000019b9e912580 ConcurrentGCThread "G1 Main Marker" [stack: 0x0000007507800000,0x0000007507900000] [id=22324]
  0x0000019b9e913060 WorkerThread "G1 Conc#0" [stack: 0x0000007507900000,0x0000007507a00000] [id=8956]
  0x0000019bc80b5870 WorkerThread "G1 Conc#1" [stack: 0x0000007509e00000,0x0000007509f00000] [id=7644]
  0x0000019bc80b4a60 WorkerThread "G1 Conc#2" [stack: 0x0000007509f00000,0x000000750a000000] [id=15424]
  0x0000019bc2391b50 ConcurrentGCThread "G1 Refine#0" [stack: 0x0000007507a00000,0x0000007507b00000] [id=21464]
  0x0000019bc2392340 ConcurrentGCThread "G1 Service" [stack: 0x0000007507b00000,0x0000007507c00000] [id=15596]

Threads with active compile tasks:
C2 CompilerThread0     8196 11774   !   4       org.apache.maven.model.Model::clone (502 bytes)
C2 CompilerThread4     8196 11824       4       org.codehaus.plexus.classworlds.realm.ClassRealm::loadClass (7 bytes)
C2 CompilerThread5     8196 11336   !   4       java.lang.ClassLoader::loadClass (121 bytes)
C2 CompilerThread6     8196 11825   !   4       org.codehaus.plexus.classworlds.realm.ClassRealm::loadClass (33 bytes)

VM state: not at safepoint (normal execution)

VM Mutex/Monitor currently owned by a thread: None

Heap address: 0x0000000705e00000, size: 4002 MB, Compressed Oops mode: Zero based, Oop shift amount: 3

CDS archive(s) mapped at: [0x0000000800000000-0x0000000800c40000-0x0000000800c40000), size 12845056, SharedBaseAddress: 0x0000000800000000, ArchiveRelocationMode: 0.
Compressed class space mapped at: 0x0000000801000000-0x0000000841000000, reserved size: 1073741824
Narrow klass base: 0x0000000800000000, Narrow klass shift: 0, Narrow klass range: 0x100000000

GC Precious Log:
 CardTable entry size: 512
 Card Set container configuration: InlinePtr #cards 4 size 8 Array Of Cards #cards 16 size 48 Howl #buckets 8 coarsen threshold 3686 Howl Bitmap #cards 512 size 80 coarsen threshold 460 Card regions per heap region 1 cards per card region 4096
 CPUs: 16 total, 16 available
 Memory: 16005M
 Large Page Support: Disabled
 NUMA Support: Disabled
 Compressed Oops: Enabled (Zero based)
 Heap Region Size: 2M
 Heap Min Capacity: 8M
 Heap Initial Capacity: 252M
 Heap Max Capacity: 4002M
 Pre-touch: Disabled
 Parallel Workers: 13
 Concurrent Workers: 3
 Concurrent Refinement Workers: 13
 Periodic GC: Disabled

Heap:
 garbage-first heap   total 227328K, used 81526K [0x0000000705e00000, 0x0000000800000000)
  region size 2048K, 15 young (30720K), 7 survivors (14336K)
 Metaspace       used 36413K, committed 37056K, reserved 1114112K
  class space    used 3749K, committed 4096K, reserved 1048576K

Heap Regions: E=young(eden), S=young(survivor), O=old, HS=humongous(starts), HC=humongous(continues), CS=collection set, F=free, OA=open archive, CA=closed archive, TAMS=top-at-mark-start (previous, next)
|   0|0x0000000705e00000, 0x0000000706000000, 0x0000000706000000|100%| O|  |TAMS 0x0000000706000000, 0x0000000705e00000| Untracked 
|   1|0x0000000706000000, 0x0000000706200000, 0x0000000706200000|100%| O|  |TAMS 0x0000000706200000, 0x0000000706000000| Untracked 
|   2|0x0000000706200000, 0x0000000706400000, 0x0000000706400000|100%| O|  |TAMS 0x0000000706400000, 0x0000000706200000| Untracked 
|   3|0x0000000706400000, 0x0000000706600000, 0x0000000706600000|100%| O|  |TAMS 0x0000000706600000, 0x0000000706400000| Untracked 
|   4|0x0000000706600000, 0x0000000706800000, 0x0000000706800000|100%| O|  |TAMS 0x0000000706800000, 0x0000000706600000| Untracked 
|   5|0x0000000706800000, 0x0000000706800000, 0x0000000706a00000|  0%| F|  |TAMS 0x0000000706800000, 0x0000000706800000| Untracked 
|   6|0x0000000706a00000, 0x0000000706c00000, 0x0000000706c00000|100%| O|  |TAMS 0x0000000706c00000, 0x0000000706a00000| Untracked 
|   7|0x0000000706c00000, 0x0000000706e00000, 0x0000000706e00000|100%| O|  |TAMS 0x0000000706e00000, 0x0000000706c00000| Untracked 
|   8|0x0000000706e00000, 0x0000000707000000, 0x0000000707000000|100%| O|  |TAMS 0x0000000707000000, 0x0000000706e00000| Untracked 
|   9|0x0000000707000000, 0x0000000707200000, 0x0000000707200000|100%| O|  |TAMS 0x0000000707200000, 0x0000000707000000| Untracked 
|  10|0x0000000707200000, 0x0000000707400000, 0x0000000707400000|100%| O|  |TAMS 0x0000000707400000, 0x0000000707200000| Untracked 
|  11|0x0000000707400000, 0x0000000707600000, 0x0000000707600000|100%| O|  |TAMS 0x0000000707600000, 0x0000000707400000| Untracked 
|  12|0x0000000707600000, 0x0000000707800000, 0x0000000707800000|100%| O|  |TAMS 0x0000000707800000, 0x0000000707600000| Untracked 
|  13|0x0000000707800000, 0x0000000707a00000, 0x0000000707a00000|100%| O|  |TAMS 0x0000000707a00000, 0x0000000707800000| Untracked 
|  14|0x0000000707a00000, 0x0000000707a00000, 0x0000000707c00000|  0%| F|  |TAMS 0x0000000707a00000, 0x0000000707a00000| Untracked 
|  15|0x0000000707c00000, 0x0000000707e00000, 0x0000000707e00000|100%| O|  |TAMS 0x0000000707e00000, 0x0000000707c00000| Untracked 
|  16|0x0000000707e00000, 0x0000000708000000, 0x0000000708000000|100%| O|  |TAMS 0x0000000708000000, 0x0000000707e00000| Untracked 
|  17|0x0000000708000000, 0x0000000708200000, 0x0000000708200000|100%| O|  |TAMS 0x0000000708200000, 0x0000000708000000| Untracked 
|  18|0x0000000708200000, 0x0000000708400000, 0x0000000708400000|100%| O|  |TAMS 0x0000000708400000, 0x0000000708200000| Untracked 
|  19|0x0000000708400000, 0x0000000708600000, 0x0000000708600000|100%| O|  |TAMS 0x0000000708600000, 0x0000000708400000| Untracked 
|  20|0x0000000708600000, 0x00000007087dbc00, 0x0000000708800000| 92%| O|  |TAMS 0x0000000708600000, 0x0000000708600000| Untracked 
|  21|0x0000000708800000, 0x0000000708a00000, 0x0000000708a00000|100%|HS|  |TAMS 0x0000000708800000, 0x0000000708800000| Complete 
|  22|0x0000000708a00000, 0x0000000708c00000, 0x0000000708c00000|100%|HC|  |TAMS 0x0000000708a00000, 0x0000000708a00000| Complete 
|  23|0x0000000708c00000, 0x0000000708c00000, 0x0000000708e00000|  0%| F|  |TAMS 0x0000000708c00000, 0x0000000708c00000| Untracked 
|  24|0x0000000708e00000, 0x0000000708e00000, 0x0000000709000000|  0%| F|  |TAMS 0x0000000708e00000, 0x0000000708e00000| Untracked 
|  25|0x0000000709000000, 0x0000000709000000, 0x0000000709200000|  0%| F|  |TAMS 0x0000000709000000, 0x0000000709000000| Untracked 
|  26|0x0000000709200000, 0x0000000709200000, 0x0000000709400000|  0%| F|  |TAMS 0x0000000709200000, 0x0000000709200000| Untracked 
|  27|0x0000000709400000, 0x0000000709400000, 0x0000000709600000|  0%| F|  |TAMS 0x0000000709400000, 0x0000000709400000| Untracked 
|  28|0x0000000709600000, 0x0000000709600000, 0x0000000709800000|  0%| F|  |TAMS 0x0000000709600000, 0x0000000709600000| Untracked 
|  29|0x0000000709800000, 0x0000000709800000, 0x0000000709a00000|  0%| F|  |TAMS 0x0000000709800000, 0x0000000709800000| Untracked 
|  30|0x0000000709a00000, 0x0000000709a00000, 0x0000000709c00000|  0%| F|  |TAMS 0x0000000709a00000, 0x0000000709a00000| Untracked 
|  31|0x0000000709c00000, 0x0000000709c00000, 0x0000000709e00000|  0%| F|  |TAMS 0x0000000709c00000, 0x0000000709c00000| Untracked 
|  32|0x0000000709e00000, 0x0000000709e00000, 0x000000070a000000|  0%| F|  |TAMS 0x0000000709e00000, 0x0000000709e00000| Untracked 
|  33|0x000000070a000000, 0x000000070a000000, 0x000000070a200000|  0%| F|  |TAMS 0x000000070a000000, 0x000000070a000000| Untracked 
|  34|0x000000070a200000, 0x000000070a200000, 0x000000070a400000|  0%| F|  |TAMS 0x000000070a200000, 0x000000070a200000| Untracked 
|  35|0x000000070a400000, 0x000000070a5c1eb0, 0x000000070a600000| 87%| S|CS|TAMS 0x000000070a400000, 0x000000070a400000| Complete 
|  36|0x000000070a600000, 0x000000070a800000, 0x000000070a800000|100%| S|CS|TAMS 0x000000070a600000, 0x000000070a600000| Complete 
|  37|0x000000070a800000, 0x000000070a800000, 0x000000070aa00000|  0%| F|  |TAMS 0x000000070a800000, 0x000000070a800000| Untracked 
|  38|0x000000070aa00000, 0x000000070aa00000, 0x000000070ac00000|  0%| F|  |TAMS 0x000000070aa00000, 0x000000070aa00000| Untracked 
|  39|0x000000070ac00000, 0x000000070ac00000, 0x000000070ae00000|  0%| F|  |TAMS 0x000000070ac00000, 0x000000070ac00000| Untracked 
|  40|0x000000070ae00000, 0x000000070ae00000, 0x000000070b000000|  0%| F|  |TAMS 0x000000070ae00000, 0x000000070ae00000| Untracked 
|  41|0x000000070b000000, 0x000000070b000000, 0x000000070b200000|  0%| F|  |TAMS 0x000000070b000000, 0x000000070b000000| Untracked 
|  42|0x000000070b200000, 0x000000070b400000, 0x000000070b400000|100%| S|CS|TAMS 0x000000070b200000, 0x000000070b200000| Complete 
|  43|0x000000070b400000, 0x000000070b600000, 0x000000070b600000|100%| S|CS|TAMS 0x000000070b400000, 0x000000070b400000| Complete 
|  44|0x000000070b600000, 0x000000070b800000, 0x000000070b800000|100%| S|CS|TAMS 0x000000070b600000, 0x000000070b600000| Complete 
|  45|0x000000070b800000, 0x000000070ba00000, 0x000000070ba00000|100%| S|CS|TAMS 0x000000070b800000, 0x000000070b800000| Complete 
|  46|0x000000070ba00000, 0x000000070bc00000, 0x000000070bc00000|100%| S|CS|TAMS 0x000000070ba00000, 0x000000070ba00000| Complete 
|  47|0x000000070bc00000, 0x000000070bc00000, 0x000000070be00000|  0%| F|  |TAMS 0x000000070bc00000, 0x000000070bc00000| Untracked 
|  48|0x000000070be00000, 0x000000070be00000, 0x000000070c000000|  0%| F|  |TAMS 0x000000070be00000, 0x000000070be00000| Untracked 
|  49|0x000000070c000000, 0x000000070c000000, 0x000000070c200000|  0%| F|  |TAMS 0x000000070c000000, 0x000000070c000000| Untracked 
|  50|0x000000070c200000, 0x000000070c200000, 0x000000070c400000|  0%| F|  |TAMS 0x000000070c200000, 0x000000070c200000| Untracked 
|  51|0x000000070c400000, 0x000000070c400000, 0x000000070c600000|  0%| F|  |TAMS 0x000000070c400000, 0x000000070c400000| Untracked 
|  52|0x000000070c600000, 0x000000070c600000, 0x000000070c800000|  0%| F|  |TAMS 0x000000070c600000, 0x000000070c600000| Untracked 
|  53|0x000000070c800000, 0x000000070c800000, 0x000000070ca00000|  0%| F|  |TAMS 0x000000070c800000, 0x000000070c800000| Untracked 
|  54|0x000000070ca00000, 0x000000070ca00000, 0x000000070cc00000|  0%| F|  |TAMS 0x000000070ca00000, 0x000000070ca00000| Untracked 
|  55|0x000000070cc00000, 0x000000070cc00000, 0x000000070ce00000|  0%| F|  |TAMS 0x000000070cc00000, 0x000000070cc00000| Untracked 
|  56|0x000000070ce00000, 0x000000070ce00000, 0x000000070d000000|  0%| F|  |TAMS 0x000000070ce00000, 0x000000070ce00000| Untracked 
|  57|0x000000070d000000, 0x000000070d000000, 0x000000070d200000|  0%| F|  |TAMS 0x000000070d000000, 0x000000070d000000| Untracked 
|  58|0x000000070d200000, 0x000000070d200000, 0x000000070d400000|  0%| F|  |TAMS 0x000000070d200000, 0x000000070d200000| Untracked 
|  59|0x000000070d400000, 0x000000070d400000, 0x000000070d600000|  0%| F|  |TAMS 0x000000070d400000, 0x000000070d400000| Untracked 
|  60|0x000000070d600000, 0x000000070d600000, 0x000000070d800000|  0%| F|  |TAMS 0x000000070d600000, 0x000000070d600000| Untracked 
|  61|0x000000070d800000, 0x000000070d800000, 0x000000070da00000|  0%| F|  |TAMS 0x000000070d800000, 0x000000070d800000| Untracked 
|  62|0x000000070da00000, 0x000000070da00000, 0x000000070dc00000|  0%| F|  |TAMS 0x000000070da00000, 0x000000070da00000| Untracked 
|  63|0x000000070dc00000, 0x000000070dc00000, 0x000000070de00000|  0%| F|  |TAMS 0x000000070dc00000, 0x000000070dc00000| Untracked 
|  64|0x000000070de00000, 0x000000070de00000, 0x000000070e000000|  0%| F|  |TAMS 0x000000070de00000, 0x000000070de00000| Untracked 
|  65|0x000000070e000000, 0x000000070e000000, 0x000000070e200000|  0%| F|  |TAMS 0x000000070e000000, 0x000000070e000000| Untracked 
|  66|0x000000070e200000, 0x000000070e200000, 0x000000070e400000|  0%| F|  |TAMS 0x000000070e200000, 0x000000070e200000| Untracked 
|  67|0x000000070e400000, 0x000000070e400000, 0x000000070e600000|  0%| F|  |TAMS 0x000000070e400000, 0x000000070e400000| Untracked 
|  68|0x000000070e600000, 0x000000070e600000, 0x000000070e800000|  0%| F|  |TAMS 0x000000070e600000, 0x000000070e600000| Untracked 
|  69|0x000000070e800000, 0x000000070e800000, 0x000000070ea00000|  0%| F|  |TAMS 0x000000070e800000, 0x000000070e800000| Untracked 
|  70|0x000000070ea00000, 0x000000070ea00000, 0x000000070ec00000|  0%| F|  |TAMS 0x000000070ea00000, 0x000000070ea00000| Untracked 
|  71|0x000000070ec00000, 0x000000070ec00000, 0x000000070ee00000|  0%| F|  |TAMS 0x000000070ec00000, 0x000000070ec00000| Untracked 
|  72|0x000000070ee00000, 0x000000070ee00000, 0x000000070f000000|  0%| F|  |TAMS 0x000000070ee00000, 0x000000070ee00000| Untracked 
|  73|0x000000070f000000, 0x000000070f000000, 0x000000070f200000|  0%| F|  |TAMS 0x000000070f000000, 0x000000070f000000| Untracked 
|  74|0x000000070f200000, 0x000000070f200000, 0x000000070f400000|  0%| F|  |TAMS 0x000000070f200000, 0x000000070f200000| Untracked 
|  75|0x000000070f400000, 0x000000070f400000, 0x000000070f600000|  0%| F|  |TAMS 0x000000070f400000, 0x000000070f400000| Untracked 
|  76|0x000000070f600000, 0x000000070f600000, 0x000000070f800000|  0%| F|  |TAMS 0x000000070f600000, 0x000000070f600000| Untracked 
|  77|0x000000070f800000, 0x000000070f800000, 0x000000070fa00000|  0%| F|  |TAMS 0x000000070f800000, 0x000000070f800000| Untracked 
|  78|0x000000070fa00000, 0x000000070fa00000, 0x000000070fc00000|  0%| F|  |TAMS 0x000000070fa00000, 0x000000070fa00000| Untracked 
|  79|0x000000070fc00000, 0x000000070fc00000, 0x000000070fe00000|  0%| F|  |TAMS 0x000000070fc00000, 0x000000070fc00000| Untracked 
|  80|0x000000070fe00000, 0x000000070fe00000, 0x0000000710000000|  0%| F|  |TAMS 0x000000070fe00000, 0x000000070fe00000| Untracked 
|  81|0x0000000710000000, 0x0000000710000000, 0x0000000710200000|  0%| F|  |TAMS 0x0000000710000000, 0x0000000710000000| Untracked 
|  82|0x0000000710200000, 0x0000000710200000, 0x0000000710400000|  0%| F|  |TAMS 0x0000000710200000, 0x0000000710200000| Untracked 
|  83|0x0000000710400000, 0x0000000710400000, 0x0000000710600000|  0%| F|  |TAMS 0x0000000710400000, 0x0000000710400000| Untracked 
|  84|0x0000000710600000, 0x0000000710600000, 0x0000000710800000|  0%| F|  |TAMS 0x0000000710600000, 0x0000000710600000| Untracked 
|  85|0x0000000710800000, 0x0000000710800000, 0x0000000710a00000|  0%| F|  |TAMS 0x0000000710800000, 0x0000000710800000| Untracked 
|  86|0x0000000710a00000, 0x0000000710a00000, 0x0000000710c00000|  0%| F|  |TAMS 0x0000000710a00000, 0x0000000710a00000| Untracked 
|  87|0x0000000710c00000, 0x0000000710c00000, 0x0000000710e00000|  0%| F|  |TAMS 0x0000000710c00000, 0x0000000710c00000| Untracked 
|  88|0x0000000710e00000, 0x0000000710e00000, 0x0000000711000000|  0%| F|  |TAMS 0x0000000710e00000, 0x0000000710e00000| Untracked 
|  89|0x0000000711000000, 0x0000000711000000, 0x0000000711200000|  0%| F|  |TAMS 0x0000000711000000, 0x0000000711000000| Untracked 
|  90|0x0000000711200000, 0x0000000711200000, 0x0000000711400000|  0%| F|  |TAMS 0x0000000711200000, 0x0000000711200000| Untracked 
|  91|0x0000000711400000, 0x0000000711400000, 0x0000000711600000|  0%| F|  |TAMS 0x0000000711400000, 0x0000000711400000| Untracked 
|  92|0x0000000711600000, 0x0000000711600000, 0x0000000711800000|  0%| F|  |TAMS 0x0000000711600000, 0x0000000711600000| Untracked 
|  93|0x0000000711800000, 0x0000000711800000, 0x0000000711a00000|  0%| F|  |TAMS 0x0000000711800000, 0x0000000711800000| Untracked 
|  94|0x0000000711a00000, 0x0000000711a00000, 0x0000000711c00000|  0%| F|  |TAMS 0x0000000711a00000, 0x0000000711a00000| Untracked 
|  95|0x0000000711c00000, 0x0000000711c00000, 0x0000000711e00000|  0%| F|  |TAMS 0x0000000711c00000, 0x0000000711c00000| Untracked 
|  96|0x0000000711e00000, 0x0000000711e00000, 0x0000000712000000|  0%| F|  |TAMS 0x0000000711e00000, 0x0000000711e00000| Untracked 
|  97|0x0000000712000000, 0x0000000712000000, 0x0000000712200000|  0%| F|  |TAMS 0x0000000712000000, 0x0000000712000000| Untracked 
|  98|0x0000000712200000, 0x0000000712400000, 0x0000000712400000|100%| E|  |TAMS 0x0000000712200000, 0x0000000712200000| Complete 
|  99|0x0000000712400000, 0x0000000712600000, 0x0000000712600000|100%| E|CS|TAMS 0x0000000712400000, 0x0000000712400000| Complete 
| 100|0x0000000712600000, 0x0000000712800000, 0x0000000712800000|100%| E|CS|TAMS 0x0000000712600000, 0x0000000712600000| Complete 
| 101|0x0000000712800000, 0x0000000712a00000, 0x0000000712a00000|100%| E|CS|TAMS 0x0000000712800000, 0x0000000712800000| Complete 
| 102|0x0000000712a00000, 0x0000000712c00000, 0x0000000712c00000|100%| E|CS|TAMS 0x0000000712a00000, 0x0000000712a00000| Complete 
| 103|0x0000000712c00000, 0x0000000712e00000, 0x0000000712e00000|100%| E|CS|TAMS 0x0000000712c00000, 0x0000000712c00000| Complete 
| 104|0x0000000712e00000, 0x0000000713000000, 0x0000000713000000|100%| E|CS|TAMS 0x0000000712e00000, 0x0000000712e00000| Complete 
| 125|0x0000000715800000, 0x0000000715a00000, 0x0000000715a00000|100%| E|CS|TAMS 0x0000000715800000, 0x0000000715800000| Complete 
|1996|0x00000007ff600000, 0x00000007ff800000, 0x00000007ff800000|100%| O|  |TAMS 0x00000007ff800000, 0x00000007ff600000| Untracked 
|1997|0x00000007ff800000, 0x00000007ffa00000, 0x00000007ffa00000|100%| O|  |TAMS 0x00000007ffa00000, 0x00000007ff800000| Untracked 
|1998|0x00000007ffa00000, 0x00000007ffc00000, 0x00000007ffc00000|100%| O|  |TAMS 0x00000007ffc00000, 0x00000007ffa00000| Untracked 
|1999|0x00000007ffc00000, 0x00000007ffe00000, 0x00000007ffe00000|100%| O|  |TAMS 0x00000007ffe00000, 0x00000007ffc00000| Untracked 
|2000|0x00000007ffe00000, 0x0000000800000000, 0x0000000800000000|100%| O|  |TAMS 0x0000000800000000, 0x00000007ffe00000| Untracked 

Card table byte_map: [0x0000019bb6860000,0x0000019bb7040000] _byte_map_base: 0x0000019bb3031000

Marking Bits (Prev, Next): (CMBitMap*) 0x0000019b9e902240, (CMBitMap*) 0x0000019b9e902280
 Prev Bits: [0x0000019bb7820000, 0x0000019bbb6a8000)
 Next Bits: [0x0000019bbb6b0000, 0x0000019bbf538000)

Polling page: 0x0000019b9c800000

Metaspace:

Usage:
  Non-class:     31.90 MB used.
      Class:      3.66 MB used.
       Both:     35.56 MB used.

Virtual space:
  Non-class space:       64.00 MB reserved,      32.19 MB ( 50%) committed,  1 nodes.
      Class space:        1.00 GB reserved,       4.00 MB ( <1%) committed,  1 nodes.
             Both:        1.06 GB reserved,      36.19 MB (  3%) committed. 

Chunk freelists:
   Non-Class:  3.02 MB
       Class:  48.00 KB
        Both:  3.06 MB

MaxMetaspaceSize: unlimited
CompressedClassSpaceSize: 1.00 GB
Initial GC threshold: 21.00 MB
Current GC threshold: 45.88 MB
CDS: on
MetaspaceReclaimPolicy: balanced
 - commit_granule_bytes: 65536.
 - commit_granule_words: 8192.
 - virtual_space_node_default_size: 8388608.
 - enlarge_chunks_in_place: 1.
 - new_chunks_are_fully_committed: 0.
 - uncommit_free_chunks: 1.
 - use_allocation_guard: 0.


Internal statistics:

num_allocs_failed_limit: 3.
num_arena_births: 760.
num_arena_deaths: 0.
num_vsnodes_births: 2.
num_vsnodes_deaths: 0.
num_space_committed: 579.
num_space_uncommitted: 0.
num_chunks_returned_to_freelist: 3.
num_chunks_taken_from_freelist: 2189.
num_chunk_merges: 3.
num_chunk_splits: 1518.
num_chunks_enlarged: 1084.
num_inconsistent_stats: 0.

CodeHeap 'non-profiled nmethods': size=119168Kb used=6829Kb max_used=6829Kb free=112338Kb
 bounds [0x0000019bae390000, 0x0000019baea40000, 0x0000019bb57f0000]
CodeHeap 'profiled nmethods': size=119104Kb used=22562Kb max_used=22562Kb free=96541Kb
 bounds [0x0000019ba67f0000, 0x0000019ba7e00000, 0x0000019badc40000]
CodeHeap 'non-nmethods': size=7488Kb used=3032Kb max_used=3131Kb free=4455Kb
 bounds [0x0000019badc40000, 0x0000019badf60000, 0x0000019bae390000]
 total_blobs=10432 nmethods=9856 adapters=483
 compilation: enabled
              stopped_count=0, restarted_count=0
 full_count=0

Compilation events (20 events):
Event: 8.164 Thread 0x0000019bc250d610 nmethod 11976 0x0000019baea36510 code [0x0000019baea366a0, 0x0000019baea36778]
Event: 8.164 Thread 0x0000019bc250e6c0 11978       3       org.apache.commons.compress.archivers.zip.NioZipEncoding::canEncode (11 bytes)
Event: 8.164 Thread 0x0000019bc250d080 11979       1       org.apache.commons.compress.archivers.zip.ZipArchiveEntry::getAlignment (5 bytes)
Event: 8.164 Thread 0x0000019bc250d610 11980       1       sun.util.calendar.CalendarDate::setDayOfWeek (6 bytes)
Event: 8.165 Thread 0x0000019bc250caf0 nmethod 11977 0x0000019baea36810 code [0x0000019baea369a0, 0x0000019baea36a58]
Event: 8.165 Thread 0x0000019bc250caf0 11984       3       org.apache.commons.compress.archivers.zip.ZipArchiveOutputStream::getEffectiveZip64Mode (46 bytes)
Event: 8.165 Thread 0x0000019bc250d080 nmethod 11979 0x0000019baea36b10 code [0x0000019baea36ca0, 0x0000019baea36d78]
Event: 8.165 Thread 0x0000019bc250d610 nmethod 11980 0x0000019baea36e10 code [0x0000019baea36fa0, 0x0000019baea37058]
Event: 8.165 Thread 0x0000019bc250d080 11981       1       org.apache.commons.compress.archivers.zip.ZipArchiveOutputStream$CurrentEntry::access$300 (5 bytes)
Event: 8.165 Thread 0x0000019bc250d610 11982       1       org.apache.commons.compress.archivers.zip.ZipArchiveOutputStream$CurrentEntry::access$000 (5 bytes)
Event: 8.165 Thread 0x0000019bc250d080 nmethod 11981 0x0000019baea37110 code [0x0000019baea372a0, 0x0000019baea37358]
Event: 8.165 Thread 0x0000019bc250d610 nmethod 11982 0x0000019baea37410 code [0x0000019baea375a0, 0x0000019baea37658]
Event: 8.165 Thread 0x0000019bc250d080 11983       1       org.apache.commons.compress.archivers.zip.StreamCompressor::getBytesRead (5 bytes)
Event: 8.165 Thread 0x0000019bc250caf0 nmethod 11984 0x0000019ba7df9190 code [0x0000019ba7df9340, 0x0000019ba7df96d8]
Event: 8.165 Thread 0x0000019bc250d610 11985       1       java.util.zip.ZipEntry::getMethod (5 bytes)
Event: 8.165 Thread 0x0000019bc250e6c0 nmethod 11978 0x0000019ba7df9790 code [0x0000019ba7df99a0, 0x0000019ba7dfa138]
Event: 8.165 Thread 0x0000019bc250d080 nmethod 11983 0x0000019baea37710 code [0x0000019baea378a0, 0x0000019baea37958]
Event: 8.165 Thread 0x0000019bc250d610 nmethod 11985 0x0000019baea37a10 code [0x0000019baea37ba0, 0x0000019baea37c58]
Event: 8.168 Thread 0x0000019bc250e130 nmethod 11929 0x0000019baea37d10 code [0x0000019baea37f20, 0x0000019baea393e8]
Event: 8.171 Thread 0x0000019bc250dba0 nmethod 11969 0x0000019baea3a190 code [0x0000019baea3a360, 0x0000019baea3a9e8]

GC Heap History (20 events):
Event: 4.405 GC heap before
{Heap before GC invocations=10 (full 0):
 garbage-first heap   total 112640K, used 84804K [0x0000000705e00000, 0x0000000800000000)
  region size 2048K, 17 young (34816K), 1 survivors (2048K)
 Metaspace       used 27629K, committed 28096K, reserved 1114112K
  class space    used 2867K, committed 3072K, reserved 1048576K
}
Event: 4.407 GC heap after
{Heap after GC invocations=11 (full 0):
 garbage-first heap   total 135168K, used 51885K [0x0000000705e00000, 0x0000000800000000)
  region size 2048K, 1 young (2048K), 1 survivors (2048K)
 Metaspace       used 27629K, committed 28096K, reserved 1114112K
  class space    used 2867K, committed 3072K, reserved 1048576K
}
Event: 4.739 GC heap before
{Heap before GC invocations=12 (full 0):
 garbage-first heap   total 135168K, used 96941K [0x0000000705e00000, 0x0000000800000000)
  region size 2048K, 24 young (49152K), 1 survivors (2048K)
 Metaspace       used 28140K, committed 28736K, reserved 1114112K
  class space    used 2947K, committed 3264K, reserved 1048576K
}
Event: 4.741 GC heap after
{Heap after GC invocations=13 (full 0):
 garbage-first heap   total 135168K, used 52117K [0x0000000705e00000, 0x0000000800000000)
  region size 2048K, 1 young (2048K), 1 survivors (2048K)
 Metaspace       used 28140K, committed 28736K, reserved 1114112K
  class space    used 2947K, committed 3264K, reserved 1048576K
}
Event: 4.750 GC heap before
{Heap before GC invocations=13 (full 0):
 garbage-first heap   total 135168K, used 56213K [0x0000000705e00000, 0x0000000800000000)
  region size 2048K, 3 young (6144K), 1 survivors (2048K)
 Metaspace       used 28148K, committed 28736K, reserved 1114112K
  class space    used 2947K, committed 3264K, reserved 1048576K
}
Event: 4.752 GC heap after
{Heap after GC invocations=14 (full 0):
 garbage-first heap   total 135168K, used 51165K [0x0000000705e00000, 0x0000000800000000)
  region size 2048K, 1 young (2048K), 1 survivors (2048K)
 Metaspace       used 28148K, committed 28736K, reserved 1114112K
  class space    used 2947K, committed 3264K, reserved 1048576K
}
Event: 4.896 GC heap before
{Heap before GC invocations=14 (full 0):
 garbage-first heap   total 135168K, used 100317K [0x0000000705e00000, 0x0000000800000000)
  region size 2048K, 26 young (53248K), 1 survivors (2048K)
 Metaspace       used 28400K, committed 28992K, reserved 1114112K
  class space    used 2964K, committed 3264K, reserved 1048576K
}
Event: 4.899 GC heap after
{Heap after GC invocations=15 (full 0):
 garbage-first heap   total 135168K, used 52170K [0x0000000705e00000, 0x0000000800000000)
  region size 2048K, 1 young (2048K), 1 survivors (2048K)
 Metaspace       used 28400K, committed 28992K, reserved 1114112K
  class space    used 2964K, committed 3264K, reserved 1048576K
}
Event: 4.994 GC heap before
{Heap before GC invocations=15 (full 0):
 garbage-first heap   total 135168K, used 103370K [0x0000000705e00000, 0x0000000800000000)
  region size 2048K, 27 young (55296K), 1 survivors (2048K)
 Metaspace       used 28535K, committed 29120K, reserved 1114112K
  class space    used 2966K, committed 3264K, reserved 1048576K
}
Event: 4.997 GC heap after
{Heap after GC invocations=16 (full 0):
 garbage-first heap   total 135168K, used 53076K [0x0000000705e00000, 0x0000000800000000)
  region size 2048K, 2 young (4096K), 2 survivors (4096K)
 Metaspace       used 28535K, committed 29120K, reserved 1114112K
  class space    used 2966K, committed 3264K, reserved 1048576K
}
Event: 5.134 GC heap before
{Heap before GC invocations=16 (full 0):
 garbage-first heap   total 135168K, used 104276K [0x0000000705e00000, 0x0000000800000000)
  region size 2048K, 28 young (57344K), 2 survivors (4096K)
 Metaspace       used 28592K, committed 29120K, reserved 1114112K
  class space    used 2969K, committed 3264K, reserved 1048576K
}
Event: 5.143 GC heap after
{Heap after GC invocations=17 (full 0):
 garbage-first heap   total 135168K, used 54638K [0x0000000705e00000, 0x0000000800000000)
  region size 2048K, 3 young (6144K), 3 survivors (6144K)
 Metaspace       used 28592K, committed 29120K, reserved 1114112K
  class space    used 2969K, committed 3264K, reserved 1048576K
}
Event: 5.284 GC heap before
{Heap before GC invocations=17 (full 0):
 garbage-first heap   total 135168K, used 105838K [0x0000000705e00000, 0x0000000800000000)
  region size 2048K, 29 young (59392K), 3 survivors (6144K)
 Metaspace       used 28711K, committed 29248K, reserved 1114112K
  class space    used 2969K, committed 3264K, reserved 1048576K
}
Event: 5.289 GC heap after
{Heap after GC invocations=18 (full 0):
 garbage-first heap   total 227328K, used 54397K [0x0000000705e00000, 0x0000000800000000)
  region size 2048K, 2 young (4096K), 2 survivors (4096K)
 Metaspace       used 28711K, committed 29248K, reserved 1114112K
  class space    used 2969K, committed 3264K, reserved 1048576K
}
Event: 6.296 GC heap before
{Heap before GC invocations=18 (full 0):
 garbage-first heap   total 227328K, used 179325K [0x0000000705e00000, 0x0000000800000000)
  region size 2048K, 63 young (129024K), 2 survivors (4096K)
 Metaspace       used 31335K, committed 31936K, reserved 1114112K
  class space    used 3218K, committed 3520K, reserved 1048576K
}
Event: 6.300 GC heap after
{Heap after GC invocations=19 (full 0):
 garbage-first heap   total 227328K, used 55983K [0x0000000705e00000, 0x0000000800000000)
  region size 2048K, 3 young (6144K), 3 survivors (6144K)
 Metaspace       used 31335K, committed 31936K, reserved 1114112K
  class space    used 3218K, committed 3520K, reserved 1048576K
}
Event: 7.084 GC heap before
{Heap before GC invocations=19 (full 0):
 garbage-first heap   total 227328K, used 185007K [0x0000000705e00000, 0x0000000800000000)
  region size 2048K, 64 young (131072K), 3 survivors (6144K)
 Metaspace       used 31871K, committed 32448K, reserved 1114112K
  class space    used 3248K, committed 3520K, reserved 1048576K
}
Event: 7.089 GC heap after
{Heap after GC invocations=20 (full 0):
 garbage-first heap   total 227328K, used 61658K [0x0000000705e00000, 0x0000000800000000)
  region size 2048K, 5 young (10240K), 5 survivors (10240K)
 Metaspace       used 31871K, committed 32448K, reserved 1114112K
  class space    used 3248K, committed 3520K, reserved 1048576K
}
Event: 8.011 GC heap before
{Heap before GC invocations=20 (full 0):
 garbage-first heap   total 227328K, used 180442K [0x0000000705e00000, 0x0000000800000000)
  region size 2048K, 64 young (131072K), 5 survivors (10240K)
 Metaspace       used 35586K, committed 36224K, reserved 1114112K
  class space    used 3653K, committed 3968K, reserved 1048576K
}
Event: 8.019 GC heap after
{Heap after GC invocations=21 (full 0):
 garbage-first heap   total 227328K, used 67190K [0x0000000705e00000, 0x0000000800000000)
  region size 2048K, 7 young (14336K), 7 survivors (14336K)
 Metaspace       used 35586K, committed 36224K, reserved 1114112K
  class space    used 3653K, committed 3968K, reserved 1048576K
}

Dll operation events (12 events):
Event: 0.005 Loaded shared library C:\Program Files\Java\jdk-19\bin\java.dll
Event: 0.011 Loaded shared library C:\Program Files\Java\jdk-19\bin\jsvml.dll
Event: 0.043 Loaded shared library C:\Program Files\Java\jdk-19\bin\zip.dll
Event: 0.045 Loaded shared library C:\Program Files\Java\jdk-19\bin\instrument.dll
Event: 0.048 Loaded shared library C:\Program Files\Java\jdk-19\bin\net.dll
Event: 0.049 Loaded shared library C:\Program Files\Java\jdk-19\bin\nio.dll
Event: 0.051 Loaded shared library C:\Program Files\Java\jdk-19\bin\zip.dll
Event: 0.060 Loaded shared library C:\Program Files\JetBrains\IntelliJ IDEA 2022.1.2\bin\breakgen64.dll
Event: 0.065 Loaded shared library C:\Program Files\Java\jdk-19\bin\extnet.dll
Event: 0.110 Loaded shared library C:\Program Files\Java\jdk-19\bin\jimage.dll
Event: 0.151 Loaded shared library C:\Users\99293\AppData\Local\Temp\jansi-2.4.0-1e4520b1755c96d3-jansi.dll
Event: 0.158 Loaded shared library C:\Program Files\Java\jdk-19\bin\verify.dll

Deoptimization events (20 events):
Event: 8.133 Thread 0x0000019b9e890240 Uncommon trap: trap_request=0xffffffc6 fr.pc=0x0000019bae731ab4 relative=0x0000000000002414
Event: 8.133 Thread 0x0000019b9e890240 Uncommon trap: reason=bimorphic_or_optimized_type_check action=maybe_recompile pc=0x0000019bae731ab4 method=java.io.FilterInputStream.read([BII)I @ 7 c2
Event: 8.133 Thread 0x0000019b9e890240 DEOPT PACKING pc=0x0000019bae731ab4 sp=0x00000075076fd980
Event: 8.133 Thread 0x0000019b9e890240 DEOPT UNPACKING pc=0x0000019badca6da3 sp=0x00000075076fd820 mode 2
Event: 8.134 Thread 0x0000019b9e890240 Uncommon trap: trap_request=0xffffffc6 fr.pc=0x0000019bae72c658 relative=0x00000000000011d8
Event: 8.134 Thread 0x0000019b9e890240 Uncommon trap: reason=bimorphic_or_optimized_type_check action=maybe_recompile pc=0x0000019bae72c658 method=java.io.FilterInputStream.read([BII)I @ 7 c2
Event: 8.134 Thread 0x0000019b9e890240 DEOPT PACKING pc=0x0000019bae72c658 sp=0x00000075076fd920
Event: 8.134 Thread 0x0000019b9e890240 DEOPT UNPACKING pc=0x0000019badca6da3 sp=0x00000075076fd8d8 mode 2
Event: 8.157 Thread 0x0000019b9e890240 Uncommon trap: trap_request=0xffffff45 fr.pc=0x0000019bae3d24fc relative=0x00000000000001dc
Event: 8.157 Thread 0x0000019b9e890240 Uncommon trap: reason=unstable_if action=reinterpret pc=0x0000019bae3d24fc method=jdk.internal.util.ArraysSupport.mismatch([B[BI)I @ 60 c2
Event: 8.158 Thread 0x0000019b9e890240 DEOPT PACKING pc=0x0000019bae3d24fc sp=0x00000075076fdc70
Event: 8.158 Thread 0x0000019b9e890240 DEOPT UNPACKING pc=0x0000019badca6da3 sp=0x00000075076fdbb8 mode 2
Event: 8.160 Thread 0x0000019b9e890240 Uncommon trap: trap_request=0xffffff45 fr.pc=0x0000019bae50bae8 relative=0x00000000000001c8
Event: 8.160 Thread 0x0000019b9e890240 Uncommon trap: reason=unstable_if action=reinterpret pc=0x0000019bae50bae8 method=java.util.concurrent.TimeUnit.toMillis(J)J @ 18 c2
Event: 8.160 Thread 0x0000019b9e890240 DEOPT PACKING pc=0x0000019bae50bae8 sp=0x00000075076fdc00
Event: 8.160 Thread 0x0000019b9e890240 DEOPT UNPACKING pc=0x0000019badca6da3 sp=0x00000075076fdb20 mode 2
Event: 8.161 Thread 0x0000019b9e890240 Uncommon trap: trap_request=0xffffff45 fr.pc=0x0000019bae3c924c relative=0x000000000000012c
Event: 8.161 Thread 0x0000019b9e890240 Uncommon trap: reason=unstable_if action=reinterpret pc=0x0000019bae3c924c method=java.util.concurrent.TimeUnit.toMillis(J)J @ 18 c2
Event: 8.161 Thread 0x0000019b9e890240 DEOPT PACKING pc=0x0000019bae3c924c sp=0x00000075076fd950
Event: 8.161 Thread 0x0000019b9e890240 DEOPT UNPACKING pc=0x0000019badca6da3 sp=0x00000075076fd8c8 mode 2

Classes loaded (20 events):
Event: 7.916 Loading class javax/management/JMException
Event: 7.916 Loading class javax/management/JMException done
Event: 7.916 Loading class javax/management/OperationsException done
Event: 7.916 Loading class javax/management/InstanceNotFoundException done
Event: 7.923 Loading class javax/management/ReflectionException
Event: 7.923 Loading class javax/management/ReflectionException done
Event: 7.942 Loading class java/util/jar/JarOutputStream
Event: 7.942 Loading class java/util/zip/ZipOutputStream
Event: 7.942 Loading class java/util/zip/ZipOutputStream done
Event: 7.942 Loading class java/util/jar/JarOutputStream done
Event: 8.037 Loading class java/lang/invoke/DirectMethodHandle$Special
Event: 8.038 Loading class java/lang/invoke/DirectMethodHandle$Special done
Event: 8.056 Loading class java/util/jar/JarInputStream
Event: 8.056 Loading class java/util/jar/JarInputStream done
Event: 8.090 Loading class java/io/FileFilter
Event: 8.090 Loading class java/io/FileFilter done
Event: 8.091 Loading class sun/security/util/ManifestEntryVerifier
Event: 8.091 Loading class sun/security/util/ManifestEntryVerifier done
Event: 8.133 Loading class sun/security/util/SignatureFileVerifier
Event: 8.134 Loading class sun/security/util/SignatureFileVerifier done

Classes unloaded (0 events):
No events

Classes redefined (0 events):
No events

Internal exceptions (20 events):
Event: 6.948 Thread 0x0000019b9e890240 Exception <a 'sun/nio/fs/WindowsException'{0x000000070c51d570}> (0x000000070c51d570) 
thrown [s\open\src\hotspot\share\prims\jni.cpp, line 517]
Event: 6.948 Thread 0x0000019b9e890240 Exception <a 'sun/nio/fs/WindowsException'{0x000000070c52d728}> (0x000000070c52d728) 
thrown [s\open\src\hotspot\share\prims\jni.cpp, line 517]
Event: 6.948 Thread 0x0000019b9e890240 Exception <a 'sun/nio/fs/WindowsException'{0x000000070c52db10}> (0x000000070c52db10) 
thrown [s\open\src\hotspot\share\prims\jni.cpp, line 517]
Event: 6.948 Thread 0x0000019b9e890240 Exception <a 'sun/nio/fs/WindowsException'{0x000000070c52f638}> (0x000000070c52f638) 
thrown [s\open\src\hotspot\share\prims\jni.cpp, line 517]
Event: 6.948 Thread 0x0000019b9e890240 Exception <a 'sun/nio/fs/WindowsException'{0x000000070c52faa8}> (0x000000070c52faa8) 
thrown [s\open\src\hotspot\share\prims\jni.cpp, line 517]
Event: 6.957 Thread 0x0000019b9e890240 Exception <a 'sun/nio/fs/WindowsException'{0x000000070c5fd888}> (0x000000070c5fd888) 
thrown [s\open\src\hotspot\share\prims\jni.cpp, line 517]
Event: 6.957 Thread 0x0000019b9e890240 Exception <a 'sun/nio/fs/WindowsException'{0x000000070c5fdf98}> (0x000000070c5fdf98) 
thrown [s\open\src\hotspot\share\prims\jni.cpp, line 517]
Event: 6.957 Thread 0x0000019b9e890240 Exception <a 'sun/nio/fs/WindowsException'{0x000000070c5ff238}> (0x000000070c5ff238) 
thrown [s\open\src\hotspot\share\prims\jni.cpp, line 517]
Event: 6.958 Thread 0x0000019b9e890240 Exception <a 'sun/nio/fs/WindowsException'{0x000000070c21a4f0}> (0x000000070c21a4f0) 
thrown [s\open\src\hotspot\share\prims\jni.cpp, line 517]
Event: 6.958 Thread 0x0000019b9e890240 Exception <a 'sun/nio/fs/WindowsException'{0x000000070c21ac50}> (0x000000070c21ac50) 
thrown [s\open\src\hotspot\share\prims\jni.cpp, line 517]
Event: 6.959 Thread 0x0000019b9e890240 Exception <a 'sun/nio/fs/WindowsException'{0x000000070c21c148}> (0x000000070c21c148) 
thrown [s\open\src\hotspot\share\prims\jni.cpp, line 517]
Event: 7.036 Thread 0x0000019b9e890240 Implicit null exception at 0x0000019bae5ad196 to 0x0000019bae5ae3f4
Event: 7.207 Thread 0x0000019bd36c7010 Exception <a 'java/lang/NoSuchMethodError'{0x000000071253bdf0}: 'java.lang.Object java.lang.invoke.DirectMethodHandle$Holder.invokeStatic(java.lang.Object, long, java.lang.Object)'> (0x000000071253bdf0) 
thrown [s\open\src\hotspot\share\interpreter\linkResolver.cpp, line 774]
Event: 7.207 Thread 0x0000019bd36c7010 Exception <a 'java/lang/NoSuchMethodError'{0x000000071253f440}: 'java.lang.Object java.lang.invoke.DirectMethodHandle$Holder.invokeStaticInit(java.lang.Object, long, java.lang.Object)'> (0x000000071253f440) 
thrown [s\open\src\hotspot\share\interpreter\linkResolver.cpp, line 774]
Event: 7.207 Thread 0x0000019bd36c7010 Exception <a 'java/lang/NoSuchMethodError'{0x0000000712545090}: 'java.lang.Object java.lang.invoke.DirectMethodHandle$Holder.newInvokeSpecial(java.lang.Object, long)'> (0x0000000712545090) 
thrown [s\open\src\hotspot\share\interpreter\linkResolver.cpp, line 774]
Event: 7.209 Thread 0x0000019bd36c7010 Exception <a 'java/lang/NoSuchMethodError'{0x0000000712549920}: 'long java.lang.invoke.DirectMethodHandle$Holder.invokeInterface(java.lang.Object, java.lang.Object)'> (0x0000000712549920) 
thrown [s\open\src\hotspot\share\interpreter\linkResolver.cpp, line 774]
Event: 7.209 Thread 0x0000019bd36c7010 Exception <a 'java/lang/NoSuchMethodError'{0x000000071254d288}: 'long java.lang.invoke.DelegatingMethodHandle$Holder.reinvoke_L(java.lang.Object, java.lang.Object)'> (0x000000071254d288) 
thrown [s\open\src\hotspot\share\interpreter\linkResolver.cpp, line 774]
Event: 7.210 Thread 0x0000019b9e890240 Exception <a 'java/lang/NoSuchMethodError'{0x00000007122af498}: 'java.lang.String org.apache.maven.execution.MavenExecutionRequest.getFailureBehavior()'> (0x00000007122af498) 
thrown [s\open\src\hotspot\share\interpreter\linkResolver.cpp, line 870]
Event: 7.480 Thread 0x0000019b9e890240 Implicit null exception at 0x0000019bae6c324b to 0x0000019bae6c3440
Event: 7.935 Thread 0x0000019b9e890240 Exception <a 'java/lang/NoClassDefFoundError'{0x000000070c68b0b0}: org/sonatype/aether/graph/DependencyNode> (0x000000070c68b0b0) 
thrown [s\open\src\hotspot\share\classfile\systemDictionary.cpp, line 244]

VM Operations (20 events):
Event: 7.196 Executing VM operation: HandshakeAllThreads
Event: 7.196 Executing VM operation: HandshakeAllThreads done
Event: 7.445 Executing VM operation: HandshakeAllThreads
Event: 7.445 Executing VM operation: HandshakeAllThreads done
Event: 7.459 Executing VM operation: HandshakeAllThreads
Event: 7.459 Executing VM operation: HandshakeAllThreads done
Event: 7.511 Executing VM operation: HandshakeAllThreads
Event: 7.511 Executing VM operation: HandshakeAllThreads done
Event: 7.656 Executing VM operation: HandshakeAllThreads
Event: 7.656 Executing VM operation: HandshakeAllThreads done
Event: 7.704 Executing VM operation: HandshakeAllThreads
Event: 7.704 Executing VM operation: HandshakeAllThreads done
Event: 7.705 Executing VM operation: HandshakeAllThreads
Event: 7.705 Executing VM operation: HandshakeAllThreads done
Event: 7.733 Executing VM operation: ICBufferFull
Event: 7.733 Executing VM operation: ICBufferFull done
Event: 8.011 Executing VM operation: G1CollectForAllocation
Event: 8.019 Executing VM operation: G1CollectForAllocation done
Event: 8.057 Executing VM operation: HandshakeAllThreads
Event: 8.057 Executing VM operation: HandshakeAllThreads done

Events (20 events):
Event: 7.665 Thread 0x0000019bc9dd8640 Thread added: 0x0000019bc9dd8640
Event: 7.665 Thread 0x0000019bc9dd4bd0 Thread added: 0x0000019bc9dd4bd0
Event: 7.665 Thread 0x0000019bc9dd6660 Thread added: 0x0000019bc9dd6660
Event: 7.666 Thread 0x0000019bc9dd5120 Thread added: 0x0000019bc9dd5120
Event: 7.730 Thread 0x0000019bd36c8ff0 Thread exited: 0x0000019bd36c8ff0
Event: 7.730 Thread 0x0000019bc9dd6660 Thread exited: 0x0000019bc9dd6660
Event: 7.730 Thread 0x0000019bc9dd7650 Thread exited: 0x0000019bc9dd7650
Event: 7.730 Thread 0x0000019bc9dd6110 Thread exited: 0x0000019bc9dd6110
Event: 7.730 Thread 0x0000019bd36c6570 Thread exited: 0x0000019bd36c6570
Event: 7.730 Thread 0x0000019bc9dd8640 Thread exited: 0x0000019bc9dd8640
Event: 7.730 Thread 0x0000019bc9dd7ba0 Thread exited: 0x0000019bc9dd7ba0
Event: 7.730 Thread 0x0000019bd36c7010 Thread exited: 0x0000019bd36c7010
Event: 7.730 Thread 0x0000019bd36c9540 Thread exited: 0x0000019bd36c9540
Event: 7.730 Thread 0x0000019bc9dd4bd0 Thread exited: 0x0000019bc9dd4bd0
Event: 7.730 Thread 0x0000019bc9ddb610 Thread exited: 0x0000019bc9ddb610
Event: 7.730 Thread 0x0000019bd36c7560 Thread exited: 0x0000019bd36c7560
Event: 7.730 Thread 0x0000019bc9dd5120 Thread exited: 0x0000019bc9dd5120
Event: 7.730 Thread 0x0000019bc9dd80f0 Thread exited: 0x0000019bc9dd80f0
Event: 7.730 Thread 0x0000019bd36c9a90 Thread exited: 0x0000019bd36c9a90
Event: 7.732 Thread 0x0000019bd36c6ac0 Thread exited: 0x0000019bd36c6ac0


Dynamic libraries:
0x00007ff735b40000 - 0x00007ff735b50000 	C:\Program Files\Java\jdk-19\bin\java.exe
0x00007ffd4fc70000 - 0x00007ffd4fe86000 	C:\WINDOWS\SYSTEM32\ntdll.dll
0x00007ffd4e6f0000 - 0x00007ffd4e7b4000 	C:\WINDOWS\System32\KERNEL32.DLL
0x00007ffd4d300000 - 0x00007ffd4d6a7000 	C:\WINDOWS\System32\KERNELBASE.dll
0x00007ffd4d020000 - 0x00007ffd4d131000 	C:\WINDOWS\System32\ucrtbase.dll
0x00007ffd39810000 - 0x00007ffd39828000 	C:\Program Files\Java\jdk-19\bin\jli.dll
0x00007ffd38ff0000 - 0x00007ffd3900b000 	C:\Program Files\Java\jdk-19\bin\VCRUNTIME140.dll
0x00007ffd4da80000 - 0x00007ffd4db32000 	C:\WINDOWS\System32\ADVAPI32.dll
0x00007ffd4fb50000 - 0x00007ffd4fbf7000 	C:\WINDOWS\System32\msvcrt.dll
0x00007ffd4fa90000 - 0x00007ffd4fb38000 	C:\WINDOWS\System32\sechost.dll
0x00007ffd4d8a0000 - 0x00007ffd4d8c8000 	C:\WINDOWS\System32\bcrypt.dll
0x00007ffd4dfc0000 - 0x00007ffd4e0d5000 	C:\WINDOWS\System32\RPCRT4.dll
0x00007ffd4e1e0000 - 0x00007ffd4e38e000 	C:\WINDOWS\System32\USER32.dll
0x00007ffd4d940000 - 0x00007ffd4d966000 	C:\WINDOWS\System32\win32u.dll
0x00007ffd4e6c0000 - 0x00007ffd4e6e9000 	C:\WINDOWS\System32\GDI32.dll
0x00007ffd4d140000 - 0x00007ffd4d259000 	C:\WINDOWS\System32\gdi32full.dll
0x00007ffd4d260000 - 0x00007ffd4d2fa000 	C:\WINDOWS\System32\msvcp_win.dll
0x00007ffd320d0000 - 0x00007ffd32363000 	C:\WINDOWS\WinSxS\amd64_microsoft.windows.common-controls_6595b64144ccf1df_6.0.22621.3235_none_270f74e173860f98\COMCTL32.dll
0x00007ffd44980000 - 0x00007ffd4498a000 	C:\WINDOWS\SYSTEM32\VERSION.dll
0x00007ffd4e680000 - 0x00007ffd4e6b1000 	C:\WINDOWS\System32\IMM32.DLL
0x00007ffd45ac0000 - 0x00007ffd45acc000 	C:\Program Files\Java\jdk-19\bin\vcruntime140_1.dll
0x00007ffd16d70000 - 0x00007ffd16dfe000 	C:\Program Files\Java\jdk-19\bin\msvcp140.dll
0x00007ffcd67b0000 - 0x00007ffcd7470000 	C:\Program Files\Java\jdk-19\bin\server\jvm.dll
0x00007ffd44da0000 - 0x00007ffd44da9000 	C:\WINDOWS\SYSTEM32\WSOCK32.dll
0x00007ffd4e600000 - 0x00007ffd4e671000 	C:\WINDOWS\System32\WS2_32.dll
0x00007ffd44c30000 - 0x00007ffd44c64000 	C:\WINDOWS\SYSTEM32\WINMM.dll
0x00007ffd4c090000 - 0x00007ffd4c0a8000 	C:\WINDOWS\SYSTEM32\kernel.appcore.dll
0x00007ffd3a790000 - 0x00007ffd3a79a000 	C:\Program Files\Java\jdk-19\bin\jimage.dll
0x00007ffd4a930000 - 0x00007ffd4ab63000 	C:\WINDOWS\SYSTEM32\DBGHELP.DLL
0x00007ffd4f020000 - 0x00007ffd4f3a8000 	C:\WINDOWS\System32\combase.dll
0x00007ffd4e390000 - 0x00007ffd4e467000 	C:\WINDOWS\System32\OLEAUT32.dll
0x00007ffd445b0000 - 0x00007ffd445e2000 	C:\WINDOWS\SYSTEM32\dbgcore.DLL
0x00007ffd4d6b0000 - 0x00007ffd4d729000 	C:\WINDOWS\System32\bcryptPrimitives.dll
0x00007ffd377c0000 - 0x00007ffd377ce000 	C:\Program Files\Java\jdk-19\bin\instrument.dll
0x00007ffd35390000 - 0x00007ffd353b6000 	C:\Program Files\Java\jdk-19\bin\java.dll
0x00007ffd14a30000 - 0x00007ffd14b07000 	C:\Program Files\Java\jdk-19\bin\jsvml.dll
0x00007ffd4e7c0000 - 0x00007ffd4f01c000 	C:\WINDOWS\System32\SHELL32.dll
0x00007ffd4ae80000 - 0x00007ffd4b779000 	C:\WINDOWS\SYSTEM32\windows.storage.dll
0x00007ffd4ad40000 - 0x00007ffd4ae7e000 	C:\WINDOWS\SYSTEM32\wintypes.dll
0x00007ffd4d980000 - 0x00007ffd4da73000 	C:\WINDOWS\System32\SHCORE.dll
0x00007ffd4e570000 - 0x00007ffd4e5ce000 	C:\WINDOWS\System32\shlwapi.dll
0x00007ffd4ce90000 - 0x00007ffd4ceb1000 	C:\WINDOWS\SYSTEM32\profapi.dll
0x00007ffd26100000 - 0x00007ffd26118000 	C:\Program Files\Java\jdk-19\bin\zip.dll
0x00007ffd377a0000 - 0x00007ffd377b3000 	C:\Program Files\Java\jdk-19\bin\net.dll
0x00007ffd46830000 - 0x00007ffd46966000 	C:\WINDOWS\SYSTEM32\WINHTTP.dll
0x00007ffd4c500000 - 0x00007ffd4c569000 	C:\WINDOWS\system32\mswsock.dll
0x00007ffd26c30000 - 0x00007ffd26c46000 	C:\Program Files\Java\jdk-19\bin\nio.dll
0x00007ffd16fe0000 - 0x00007ffd16ffa000 	C:\Program Files\JetBrains\IntelliJ IDEA 2022.1.2\bin\breakgen64.dll
0x00007ffd2a090000 - 0x00007ffd2a098000 	C:\Program Files\Java\jdk-19\bin\extnet.dll
0x0000000069ac0000 - 0x0000000069ae4000 	C:\Users\99293\AppData\Local\Temp\jansi-2.4.0-1e4520b1755c96d3-jansi.dll
0x00007ffd395c0000 - 0x00007ffd395d0000 	C:\Program Files\Java\jdk-19\bin\verify.dll

dbghelp: loaded successfully - version: 4.0.5 - missing functions: none
symbol engine: initialized successfully - sym options: 0x614 - pdb path: .;C:\Program Files\Java\jdk-19\bin;C:\WINDOWS\SYSTEM32;C:\WINDOWS\WinSxS\amd64_microsoft.windows.common-controls_6595b64144ccf1df_6.0.22621.3235_none_270f74e173860f98;C:\Program Files\Java\jdk-19\bin\server;C:\Program Files\JetBrains\IntelliJ IDEA 2022.1.2\bin;C:\Users\99293\AppData\Local\Temp

VM Arguments:
jvm_args: -Dmaven.multiModuleProjectDirectory=D:\unitedStates original storage\unitedStates duplicates original storage -Dmaven.home=C:\Users\99293\.m2\wrapper\dists\apache-maven-3.8.6-bin\1ks0nkde5v1pk9vtc31i9d0lcd\apache-maven-3.8.6 -Dclassworlds.conf=C:\Users\99293\.m2\wrapper\dists\apache-maven-3.8.6-bin\1ks0nkde5v1pk9vtc31i9d0lcd\apache-maven-3.8.6\bin\m2.conf -Dmaven.ext.class.path=C:\Program Files\JetBrains\IntelliJ IDEA 2022.1.2\plugins\maven\lib\maven-event-listener.jar -javaagent:C:\Program Files\JetBrains\IntelliJ IDEA 2022.1.2\lib\idea_rt.jar=63822:C:\Program Files\JetBrains\IntelliJ IDEA 2022.1.2\bin -Dfile.encoding=UTF-8 
java_command: org.codehaus.classworlds.Launcher -Didea.version=2022.1.2 package
java_class_path (initial): C:\Users\99293\.m2\wrapper\dists\apache-maven-3.8.6-bin\1ks0nkde5v1pk9vtc31i9d0lcd\apache-maven-3.8.6\boot\plexus-classworlds-2.6.0.jar;C:\Users\99293\.m2\wrapper\dists\apache-maven-3.8.6-bin\1ks0nkde5v1pk9vtc31i9d0lcd\apache-maven-3.8.6\boot\plexus-classworlds.license
Launcher Type: SUN_STANDARD

[Global flags]
     intx CICompilerCount                          = 12                                        {product} {ergonomic}
     uint ConcGCThreads                            = 3                                         {product} {ergonomic}
     uint G1ConcRefinementThreads                  = 13                                        {product} {ergonomic}
   size_t G1HeapRegionSize                         = 2097152                                   {product} {ergonomic}
    uintx GCDrainStackTargetSize                   = 64                                        {product} {ergonomic}
   size_t InitialHeapSize                          = 264241152                                 {product} {ergonomic}
   size_t MarkStackSize                            = 4194304                                   {product} {ergonomic}
   size_t MaxHeapSize                              = 4196401152                                {product} {ergonomic}
   size_t MaxNewSize                               = 2516582400                                {product} {ergonomic}
   size_t MinHeapDeltaBytes                        = 2097152                                   {product} {ergonomic}
   size_t MinHeapSize                              = 8388608                                   {product} {ergonomic}
    uintx NonNMethodCodeHeapSize                   = 7602480                                {pd product} {ergonomic}
    uintx NonProfiledCodeHeapSize                  = 122027880                              {pd product} {ergonomic}
    uintx ProfiledCodeHeapSize                     = 122027880                              {pd product} {ergonomic}
    uintx ReservedCodeCacheSize                    = 251658240                              {pd product} {ergonomic}
     bool SegmentedCodeCache                       = true                                      {product} {ergonomic}
   size_t SoftMaxHeapSize                          = 4196401152                             {manageable} {ergonomic}
     bool UseCompressedClassPointers               = true                           {product lp64_product} {ergonomic}
     bool UseCompressedOops                        = true                           {product lp64_product} {ergonomic}
     bool UseG1GC                                  = true                                      {product} {ergonomic}
     bool UseLargePagesIndividualAllocation        = false                                  {pd product} {ergonomic}

Logging:
Log output configuration:
 #0: stdout all=warning uptime,level,tags foldmultilines=false
 #1: stderr all=off uptime,level,tags foldmultilines=false

Environment Variables:
PATH=C:\Program Files\Common Files\Oracle\Java\javapath;C:\Windows\system32;C:\Windows;C:\Windows\System32\Wbem;C:\Windows\System32\WindowsPowerShell\v1.0\;C:\Windows\System32\OpenSSH\;C:\Program Files (x86)\NVIDIA Corporation\PhysX\Common;C:\Program Files\NVIDIA Corporation\NVIDIA NvDLISR;C:\Program Files\Git\cmd;C:\Program Files (x86)\dotnet\;%SystemRoot%\system32;%SystemRoot%;%SystemRoot%\System32\Wbem;%SYSTEMROOT%\System32\WindowsPowerShell\v1.0\;%SYSTEMROOT%\System32\OpenSSH\;C:\Users\99293\AppData\Local\Programs\Python\Python311\Scripts\;C:\Users\99293\AppData\Local\Programs\Python\Python311\;C:\Users\99293\AppData\Local\Microsoft\WindowsApps;;C:\Program Files\JetBrains\IntelliJ IDEA 2022.1.2\bin;;C:\Program Files\heroku\bin
USERNAME=ASUS
OS=Windows_NT
PROCESSOR_IDENTIFIER=Intel64 Family 6 Model 154 Stepping 3, GenuineIntel
TMP=C:\Users\99293\AppData\Local\Temp
TEMP=C:\Users\99293\AppData\Local\Temp



---------------  S Y S T E M  ---------------

OS:
 Windows 11 , 64 bit Build 22621 (10.0.22621.3374)
OS uptime: 0 days 21:49 hours
Hyper-V role detected

CPU: total 16 (initial active 16) (8 cores per cpu, 2 threads per core) family 6 model 154 stepping 3 microcode 0x41c, cx8, cmov, fxsr, ht, mmx, 3dnowpref, sse, sse2, sse3, ssse3, sse4.1, sse4.2, popcnt, lzcnt, tsc, tscinvbit, avx, avx2, aes, erms, clmul, bmi1, bmi2, adx, sha, fma, vzeroupper, clflush, clflushopt, clwb, hv, serialize, rdtscp, rdpid, fsrm

Memory: 4k page, system-wide physical 16005M (2208M free)
TotalPageFile size 18053M (AvailPageFile size 5M)
current process WorkingSet (physical memory assigned to process): 569M, peak: 569M
current process commit charge ("private bytes"): 621M, peak: 622M

vm_info: Java HotSpot(TM) 64-Bit Server VM (19.0.2+7-44) for windows-amd64 JRE (19.0.2+7-44), built on 2022-11-30T18:02:09Z by "mach5one" with MS VC++ 17.1 (VS2022)

END.
