#
# There is insufficient memory for the Java Runtime Environment to continue.
# Native memory allocation (malloc) failed to allocate 679552 bytes for Chunk::new
# Possible reasons:
#   The system is out of physical RAM or swap space
#   The process is running with CompressedOops enabled, and the Java Heap may be blocking the growth of the native heap
# Possible solutions:
#   Reduce memory load on the system
#   Increase physical memory or swap space
#   Check if swap backing store is full
#   Decrease Java heap size (-Xmx/-Xms)
#   Decrease number of Java threads
#   Decrease Java thread stack sizes (-Xss)
#   Set larger code cache with -XX:ReservedCodeCacheSize=
#   JVM is running with Zero Based Compressed Oops mode in which the Java heap is
#     placed in the first 32GB address space. The Java Heap base address is the
#     maximum limit for the native heap growth. Please use -XX:HeapBaseMinAddress
#     to set the Java Heap base and to place the Java Heap above 32GB virtual address.
# This output file may be truncated or incomplete.
#
#  Out of Memory Error (arena.cpp:184), pid=6700, tid=2292
#
# JRE version: Java(TM) SE Runtime Environment (19.0.2+7) (build 19.0.2+7-44)
# Java VM: Java HotSpot(TM) 64-Bit Server VM (19.0.2+7-44, mixed mode, sharing, tiered, compressed oops, compressed class ptrs, g1 gc, windows-amd64)
# No core dump will be written. Minidumps are not enabled by default on client versions of Windows
#

---------------  S U M M A R Y ------------

Command Line: -Dmaven.multiModuleProjectDirectory=D:\unitedStates_storage-master\unitedStates_storage -Dmaven.home=C:\Users\99293\.m2\wrapper\dists\apache-maven-3.8.6-bin\1ks0nkde5v1pk9vtc31i9d0lcd\apache-maven-3.8.6 -Dclassworlds.conf=C:\Users\99293\.m2\wrapper\dists\apache-maven-3.8.6-bin\1ks0nkde5v1pk9vtc31i9d0lcd\apache-maven-3.8.6\bin\m2.conf -Dmaven.ext.class.path=C:\Program Files\JetBrains\IntelliJ IDEA 2022.1.2\plugins\maven\lib\maven-event-listener.jar -javaagent:C:\Program Files\JetBrains\IntelliJ IDEA 2022.1.2\lib\idea_rt.jar=54769:C:\Program Files\JetBrains\IntelliJ IDEA 2022.1.2\bin -Dfile.encoding=UTF-8 org.codehaus.classworlds.Launcher -Didea.version=2022.1.2 package

Host: 12th Gen Intel(R) Core(TM) i7-12650H, 16 cores, 15G,  Windows 11 , 64 bit Build 22621 (10.0.22621.3672)
Time: Tue Aug 27 15:32:02 2024  Windows 11 , 64 bit Build 22621 (10.0.22621.3672) elapsed time: 1.652607 seconds (0d 0h 0m 1s)

---------------  T H R E A D  ---------------

Current thread (0x000002147785e6d0):  JavaThread "C2 CompilerThread0" daemon [_thread_in_native, id=2292, stack(0x00000046c2f00000,0x00000046c3000000)]


Current CompileTask:
C2:   1652 3267       4       java.io.InputStreamReader::read (11 bytes)

Stack: [0x00000046c2f00000,0x00000046c3000000]
Native frames: (J=compiled Java code, j=interpreted, Vv=VM code, C=native code)
V  [jvm.dll+0x6ee21a]
V  [jvm.dll+0x85765e]
V  [jvm.dll+0x85904e]
V  [jvm.dll+0x859703]
V  [jvm.dll+0x28298f]
V  [jvm.dll+0xc9adf]
V  [jvm.dll+0xc9e65]
V  [jvm.dll+0x3bca4c]
V  [jvm.dll+0x3860e1]
V  [jvm.dll+0x38555a]
V  [jvm.dll+0x24c3d9]
V  [jvm.dll+0x24b781]
V  [jvm.dll+0x1d6ce1]
V  [jvm.dll+0x25b25a]
V  [jvm.dll+0x2596e8]
V  [jvm.dll+0x807588]
V  [jvm.dll+0x80125a]
V  [jvm.dll+0x6ecf0b]
C  [ucrtbase.dll+0x29333]
C  [KERNEL32.DLL+0x1257d]
C  [ntdll.dll+0x5af28]


---------------  P R O C E S S  ---------------

Threads class SMR info:
_java_thread_list=0x000002147c86c400, length=20, elements={
0x0000021453befc80, 0x0000021477851c10, 0x0000021477852a00, 0x0000021477858820,
0x000002147785c710, 0x000002147785d140, 0x000002147785da70, 0x000002147785e6d0,
0x0000021477863060, 0x0000021477869e00, 0x000002147bc9c270, 0x0000021477824b60,
0x000002147bcc3250, 0x000002147bd42fa0, 0x000002147bd4b940, 0x000002147be47070,
0x000002147be48960, 0x000002147c1ef330, 0x000002147c5f18c0, 0x000002147c5f28f0
}

Java Threads: ( => current thread )
  0x0000021453befc80 JavaThread "main" [_thread_in_vm, id=6792, stack(0x00000046c2200000,0x00000046c2300000)]
  0x0000021477851c10 JavaThread "Reference Handler" daemon [_thread_blocked, id=6516, stack(0x00000046c2900000,0x00000046c2a00000)]
  0x0000021477852a00 JavaThread "Finalizer" daemon [_thread_blocked, id=10244, stack(0x00000046c2a00000,0x00000046c2b00000)]
  0x0000021477858820 JavaThread "Signal Dispatcher" daemon [_thread_blocked, id=5384, stack(0x00000046c2b00000,0x00000046c2c00000)]
  0x000002147785c710 JavaThread "Attach Listener" daemon [_thread_blocked, id=9144, stack(0x00000046c2c00000,0x00000046c2d00000)]
  0x000002147785d140 JavaThread "Service Thread" daemon [_thread_blocked, id=19668, stack(0x00000046c2d00000,0x00000046c2e00000)]
  0x000002147785da70 JavaThread "Monitor Deflation Thread" daemon [_thread_blocked, id=5704, stack(0x00000046c2e00000,0x00000046c2f00000)]
=>0x000002147785e6d0 JavaThread "C2 CompilerThread0" daemon [_thread_in_native, id=2292, stack(0x00000046c2f00000,0x00000046c3000000)]
  0x0000021477863060 JavaThread "C1 CompilerThread0" daemon [_thread_blocked, id=6084, stack(0x00000046c3000000,0x00000046c3100000)]
  0x0000021477869e00 JavaThread "Sweeper thread" daemon [_thread_blocked, id=3312, stack(0x00000046c3100000,0x00000046c3200000)]
  0x000002147bc9c270 JavaThread "C1 CompilerThread1" daemon [_thread_blocked, id=6720, stack(0x00000046c3200000,0x00000046c3300000)]
  0x0000021477824b60 JavaThread "Common-Cleaner" daemon [_thread_blocked, id=17376, stack(0x00000046c3300000,0x00000046c3400000)]
  0x000002147bcc3250 JavaThread "C1 CompilerThread2" daemon [_thread_blocked, id=2104, stack(0x00000046c3400000,0x00000046c3500000)]
  0x000002147bd42fa0 JavaThread "C1 CompilerThread3" daemon [_thread_blocked, id=1420, stack(0x00000046c3500000,0x00000046c3600000)]
  0x000002147bd4b940 JavaThread "C2 CompilerThread1" daemon [_thread_in_native, id=12996, stack(0x00000046c3600000,0x00000046c3700000)]
  0x000002147be47070 JavaThread "Monitor Ctrl-Break" daemon [_thread_in_native, id=4764, stack(0x00000046c3700000,0x00000046c3800000)]
  0x000002147be48960 JavaThread "Notification Thread" daemon [_thread_blocked, id=22464, stack(0x00000046c3800000,0x00000046c3900000)]
  0x000002147c1ef330 JavaThread "C2 CompilerThread2" daemon [_thread_in_native, id=24552, stack(0x00000046c3a00000,0x00000046c3b00000)]
  0x000002147c5f18c0 JavaThread "C2 CompilerThread3" daemon [_thread_in_native, id=24464, stack(0x00000046c3b00000,0x00000046c3c00000)]
  0x000002147c5f28f0 JavaThread "C2 CompilerThread4" daemon [_thread_in_native, id=24560, stack(0x00000046c3c00000,0x00000046c3d00000)]

Other Threads:
  0x0000021477837bc0 VMThread "VM Thread" [stack: 0x00000046c2800000,0x00000046c2900000] [id=23868]
  0x0000021453bf0b60 WatcherThread "VM Periodic Task Thread" [stack: 0x00000046c3900000,0x00000046c3a00000] [id=23632]
  0x0000021453c60820 WorkerThread "GC Thread#0" [stack: 0x00000046c2300000,0x00000046c2400000] [id=24508]
  0x000002147c14bbf0 WorkerThread "GC Thread#1" [stack: 0x00000046c3d00000,0x00000046c3e00000] [id=22184]
  0x000002147c14b380 WorkerThread "GC Thread#2" [stack: 0x00000046c3e00000,0x00000046c3f00000] [id=2208]
  0x000002147c14ade0 WorkerThread "GC Thread#3" [stack: 0x00000046c3f00000,0x00000046c4000000] [id=11180]
  0x000002147c14b0b0 WorkerThread "GC Thread#4" [stack: 0x00000046c4000000,0x00000046c4100000] [id=21744]
  0x000002147c14bec0 WorkerThread "GC Thread#5" [stack: 0x00000046c4100000,0x00000046c4200000] [id=19544]
  0x000002147c14c190 WorkerThread "GC Thread#6" [stack: 0x00000046c4200000,0x00000046c4300000] [id=13820]
  0x000002147c14b650 WorkerThread "GC Thread#7" [stack: 0x00000046c4300000,0x00000046c4400000] [id=10936]
  0x000002147c796340 WorkerThread "GC Thread#8" [stack: 0x00000046c4400000,0x00000046c4500000] [id=22100]
  0x000002147c796610 WorkerThread "GC Thread#9" [stack: 0x00000046c4500000,0x00000046c4600000] [id=6656]
  0x000002147c794f90 WorkerThread "GC Thread#10" [stack: 0x00000046c4600000,0x00000046c4700000] [id=13724]
  0x0000021453c72340 ConcurrentGCThread "G1 Main Marker" [stack: 0x00000046c2400000,0x00000046c2500000] [id=7824]
  0x0000021453c72d70 WorkerThread "G1 Conc#0" [stack: 0x00000046c2500000,0x00000046c2600000] [id=14008]
  0x00000214776f0cb0 ConcurrentGCThread "G1 Refine#0" [stack: 0x00000046c2600000,0x00000046c2700000] [id=17400]
  0x00000214776f17f0 ConcurrentGCThread "G1 Service" [stack: 0x00000046c2700000,0x00000046c2800000] [id=12056]

Threads with active compile tasks:
C2 CompilerThread0     1674 3267       4       java.io.InputStreamReader::read (11 bytes)
C2 CompilerThread1     1674 3420       4       org.codehaus.plexus.util.xml.XmlReader::read (11 bytes)
C2 CompilerThread2     1674 3311       4       org.codehaus.plexus.util.xml.pull.MXParser::parseAttribute (1641 bytes)
C2 CompilerThread3     1674 3421       4       java.util.HashMap::putMapEntries (170 bytes)
C2 CompilerThread4     1674 3436       4       java.util.regex.Pattern$CharPropertyGreedy::match (160 bytes)

VM state: not at safepoint (normal execution)

VM Mutex/Monitor currently owned by a thread: None

Heap address: 0x0000000705e00000, size: 4002 MB, Compressed Oops mode: Zero based, Oop shift amount: 3

CDS archive(s) mapped at: [0x0000000800000000-0x0000000800c40000-0x0000000800c40000), size 12845056, SharedBaseAddress: 0x0000000800000000, ArchiveRelocationMode: 0.
Compressed class space mapped at: 0x0000000801000000-0x0000000841000000, reserved size: 1073741824
Narrow klass base: 0x0000000800000000, Narrow klass shift: 0, Narrow klass range: 0x100000000

GC Precious Log:
 CardTable entry size: 512
 Card Set container configuration: InlinePtr #cards 4 size 8 Array Of Cards #cards 16 size 48 Howl #buckets 8 coarsen threshold 3686 Howl Bitmap #cards 512 size 80 coarsen threshold 460 Card regions per heap region 1 cards per card region 4096
 CPUs: 16 total, 16 available
 Memory: 16005M
 Large Page Support: Disabled
 NUMA Support: Disabled
 Compressed Oops: Enabled (Zero based)
 Heap Region Size: 2M
 Heap Min Capacity: 8M
 Heap Initial Capacity: 252M
 Heap Max Capacity: 4002M
 Pre-touch: Disabled
 Parallel Workers: 13
 Concurrent Workers: 3
 Concurrent Refinement Workers: 13
 Periodic GC: Disabled

Heap:
 garbage-first heap   total 258048K, used 42632K [0x0000000705e00000, 0x0000000800000000)
  region size 2048K, 22 young (45056K), 2 survivors (4096K)
 Metaspace       used 13956K, committed 14208K, reserved 1114112K
  class space    used 1520K, committed 1664K, reserved 1048576K

Heap Regions: E=young(eden), S=young(survivor), O=old, HS=humongous(starts), HC=humongous(continues), CS=collection set, F=free, OA=open archive, CA=closed archive, TAMS=top-at-mark-start (previous, next)
|   0|0x0000000705e00000, 0x0000000706000000, 0x0000000706000000|100%| O|  |TAMS 0x0000000705e00000, 0x0000000705e00000| Untracked 
|   1|0x0000000706000000, 0x0000000706157400, 0x0000000706200000| 67%| O|  |TAMS 0x0000000706000000, 0x0000000706000000| Untracked 
|   2|0x0000000706200000, 0x0000000706200000, 0x0000000706400000|  0%| F|  |TAMS 0x0000000706200000, 0x0000000706200000| Untracked 
|   3|0x0000000706400000, 0x0000000706400000, 0x0000000706600000|  0%| F|  |TAMS 0x0000000706400000, 0x0000000706400000| Untracked 
|   4|0x0000000706600000, 0x0000000706600000, 0x0000000706800000|  0%| F|  |TAMS 0x0000000706600000, 0x0000000706600000| Untracked 
|   5|0x0000000706800000, 0x0000000706800000, 0x0000000706a00000|  0%| F|  |TAMS 0x0000000706800000, 0x0000000706800000| Untracked 
|   6|0x0000000706a00000, 0x0000000706a00000, 0x0000000706c00000|  0%| F|  |TAMS 0x0000000706a00000, 0x0000000706a00000| Untracked 
|   7|0x0000000706c00000, 0x0000000706c00000, 0x0000000706e00000|  0%| F|  |TAMS 0x0000000706c00000, 0x0000000706c00000| Untracked 
|   8|0x0000000706e00000, 0x0000000706e00000, 0x0000000707000000|  0%| F|  |TAMS 0x0000000706e00000, 0x0000000706e00000| Untracked 
|   9|0x0000000707000000, 0x0000000707000000, 0x0000000707200000|  0%| F|  |TAMS 0x0000000707000000, 0x0000000707000000| Untracked 
|  10|0x0000000707200000, 0x0000000707200000, 0x0000000707400000|  0%| F|  |TAMS 0x0000000707200000, 0x0000000707200000| Untracked 
|  11|0x0000000707400000, 0x0000000707400000, 0x0000000707600000|  0%| F|  |TAMS 0x0000000707400000, 0x0000000707400000| Untracked 
|  12|0x0000000707600000, 0x0000000707600000, 0x0000000707800000|  0%| F|  |TAMS 0x0000000707600000, 0x0000000707600000| Untracked 
|  13|0x0000000707800000, 0x0000000707800000, 0x0000000707a00000|  0%| F|  |TAMS 0x0000000707800000, 0x0000000707800000| Untracked 
|  14|0x0000000707a00000, 0x0000000707a00000, 0x0000000707c00000|  0%| F|  |TAMS 0x0000000707a00000, 0x0000000707a00000| Untracked 
|  15|0x0000000707c00000, 0x0000000707c00000, 0x0000000707e00000|  0%| F|  |TAMS 0x0000000707c00000, 0x0000000707c00000| Untracked 
|  16|0x0000000707e00000, 0x0000000707e00000, 0x0000000708000000|  0%| F|  |TAMS 0x0000000707e00000, 0x0000000707e00000| Untracked 
|  17|0x0000000708000000, 0x0000000708000000, 0x0000000708200000|  0%| F|  |TAMS 0x0000000708000000, 0x0000000708000000| Untracked 
|  18|0x0000000708200000, 0x0000000708200000, 0x0000000708400000|  0%| F|  |TAMS 0x0000000708200000, 0x0000000708200000| Untracked 
|  19|0x0000000708400000, 0x0000000708400000, 0x0000000708600000|  0%| F|  |TAMS 0x0000000708400000, 0x0000000708400000| Untracked 
|  20|0x0000000708600000, 0x0000000708600000, 0x0000000708800000|  0%| F|  |TAMS 0x0000000708600000, 0x0000000708600000| Untracked 
|  21|0x0000000708800000, 0x0000000708800000, 0x0000000708a00000|  0%| F|  |TAMS 0x0000000708800000, 0x0000000708800000| Untracked 
|  22|0x0000000708a00000, 0x0000000708a00000, 0x0000000708c00000|  0%| F|  |TAMS 0x0000000708a00000, 0x0000000708a00000| Untracked 
|  23|0x0000000708c00000, 0x0000000708c00000, 0x0000000708e00000|  0%| F|  |TAMS 0x0000000708c00000, 0x0000000708c00000| Untracked 
|  24|0x0000000708e00000, 0x0000000708e00000, 0x0000000709000000|  0%| F|  |TAMS 0x0000000708e00000, 0x0000000708e00000| Untracked 
|  25|0x0000000709000000, 0x0000000709000000, 0x0000000709200000|  0%| F|  |TAMS 0x0000000709000000, 0x0000000709000000| Untracked 
|  26|0x0000000709200000, 0x0000000709200000, 0x0000000709400000|  0%| F|  |TAMS 0x0000000709200000, 0x0000000709200000| Untracked 
|  27|0x0000000709400000, 0x0000000709400000, 0x0000000709600000|  0%| F|  |TAMS 0x0000000709400000, 0x0000000709400000| Untracked 
|  28|0x0000000709600000, 0x0000000709600000, 0x0000000709800000|  0%| F|  |TAMS 0x0000000709600000, 0x0000000709600000| Untracked 
|  29|0x0000000709800000, 0x0000000709800000, 0x0000000709a00000|  0%| F|  |TAMS 0x0000000709800000, 0x0000000709800000| Untracked 
|  30|0x0000000709a00000, 0x0000000709a00000, 0x0000000709c00000|  0%| F|  |TAMS 0x0000000709a00000, 0x0000000709a00000| Untracked 
|  31|0x0000000709c00000, 0x0000000709c00000, 0x0000000709e00000|  0%| F|  |TAMS 0x0000000709c00000, 0x0000000709c00000| Untracked 
|  32|0x0000000709e00000, 0x0000000709e00000, 0x000000070a000000|  0%| F|  |TAMS 0x0000000709e00000, 0x0000000709e00000| Untracked 
|  33|0x000000070a000000, 0x000000070a000000, 0x000000070a200000|  0%| F|  |TAMS 0x000000070a000000, 0x000000070a000000| Untracked 
|  34|0x000000070a200000, 0x000000070a200000, 0x000000070a400000|  0%| F|  |TAMS 0x000000070a200000, 0x000000070a200000| Untracked 
|  35|0x000000070a400000, 0x000000070a400000, 0x000000070a600000|  0%| F|  |TAMS 0x000000070a400000, 0x000000070a400000| Untracked 
|  36|0x000000070a600000, 0x000000070a600000, 0x000000070a800000|  0%| F|  |TAMS 0x000000070a600000, 0x000000070a600000| Untracked 
|  37|0x000000070a800000, 0x000000070a800000, 0x000000070aa00000|  0%| F|  |TAMS 0x000000070a800000, 0x000000070a800000| Untracked 
|  38|0x000000070aa00000, 0x000000070aa00000, 0x000000070ac00000|  0%| F|  |TAMS 0x000000070aa00000, 0x000000070aa00000| Untracked 
|  39|0x000000070ac00000, 0x000000070ac00000, 0x000000070ae00000|  0%| F|  |TAMS 0x000000070ac00000, 0x000000070ac00000| Untracked 
|  40|0x000000070ae00000, 0x000000070ae00000, 0x000000070b000000|  0%| F|  |TAMS 0x000000070ae00000, 0x000000070ae00000| Untracked 
|  41|0x000000070b000000, 0x000000070b000000, 0x000000070b200000|  0%| F|  |TAMS 0x000000070b000000, 0x000000070b000000| Untracked 
|  42|0x000000070b200000, 0x000000070b200000, 0x000000070b400000|  0%| F|  |TAMS 0x000000070b200000, 0x000000070b200000| Untracked 
|  43|0x000000070b400000, 0x000000070b400000, 0x000000070b600000|  0%| F|  |TAMS 0x000000070b400000, 0x000000070b400000| Untracked 
|  44|0x000000070b600000, 0x000000070b600000, 0x000000070b800000|  0%| F|  |TAMS 0x000000070b600000, 0x000000070b600000| Untracked 
|  45|0x000000070b800000, 0x000000070b800000, 0x000000070ba00000|  0%| F|  |TAMS 0x000000070b800000, 0x000000070b800000| Untracked 
|  46|0x000000070ba00000, 0x000000070ba00000, 0x000000070bc00000|  0%| F|  |TAMS 0x000000070ba00000, 0x000000070ba00000| Untracked 
|  47|0x000000070bc00000, 0x000000070bc00000, 0x000000070be00000|  0%| F|  |TAMS 0x000000070bc00000, 0x000000070bc00000| Untracked 
|  48|0x000000070be00000, 0x000000070be00000, 0x000000070c000000|  0%| F|  |TAMS 0x000000070be00000, 0x000000070be00000| Untracked 
|  49|0x000000070c000000, 0x000000070c000000, 0x000000070c200000|  0%| F|  |TAMS 0x000000070c000000, 0x000000070c000000| Untracked 
|  50|0x000000070c200000, 0x000000070c200000, 0x000000070c400000|  0%| F|  |TAMS 0x000000070c200000, 0x000000070c200000| Untracked 
|  51|0x000000070c400000, 0x000000070c400000, 0x000000070c600000|  0%| F|  |TAMS 0x000000070c400000, 0x000000070c400000| Untracked 
|  52|0x000000070c600000, 0x000000070c600000, 0x000000070c800000|  0%| F|  |TAMS 0x000000070c600000, 0x000000070c600000| Untracked 
|  53|0x000000070c800000, 0x000000070c800000, 0x000000070ca00000|  0%| F|  |TAMS 0x000000070c800000, 0x000000070c800000| Untracked 
|  54|0x000000070ca00000, 0x000000070ca00000, 0x000000070cc00000|  0%| F|  |TAMS 0x000000070ca00000, 0x000000070ca00000| Untracked 
|  55|0x000000070cc00000, 0x000000070cc00000, 0x000000070ce00000|  0%| F|  |TAMS 0x000000070cc00000, 0x000000070cc00000| Untracked 
|  56|0x000000070ce00000, 0x000000070ce00000, 0x000000070d000000|  0%| F|  |TAMS 0x000000070ce00000, 0x000000070ce00000| Untracked 
|  57|0x000000070d000000, 0x000000070d000000, 0x000000070d200000|  0%| F|  |TAMS 0x000000070d000000, 0x000000070d000000| Untracked 
|  58|0x000000070d200000, 0x000000070d200000, 0x000000070d400000|  0%| F|  |TAMS 0x000000070d200000, 0x000000070d200000| Untracked 
|  59|0x000000070d400000, 0x000000070d400000, 0x000000070d600000|  0%| F|  |TAMS 0x000000070d400000, 0x000000070d400000| Untracked 
|  60|0x000000070d600000, 0x000000070d600000, 0x000000070d800000|  0%| F|  |TAMS 0x000000070d600000, 0x000000070d600000| Untracked 
|  61|0x000000070d800000, 0x000000070d800000, 0x000000070da00000|  0%| F|  |TAMS 0x000000070d800000, 0x000000070d800000| Untracked 
|  62|0x000000070da00000, 0x000000070da00000, 0x000000070dc00000|  0%| F|  |TAMS 0x000000070da00000, 0x000000070da00000| Untracked 
|  63|0x000000070dc00000, 0x000000070dc00000, 0x000000070de00000|  0%| F|  |TAMS 0x000000070dc00000, 0x000000070dc00000| Untracked 
|  64|0x000000070de00000, 0x000000070de00000, 0x000000070e000000|  0%| F|  |TAMS 0x000000070de00000, 0x000000070de00000| Untracked 
|  65|0x000000070e000000, 0x000000070e000000, 0x000000070e200000|  0%| F|  |TAMS 0x000000070e000000, 0x000000070e000000| Untracked 
|  66|0x000000070e200000, 0x000000070e200000, 0x000000070e400000|  0%| F|  |TAMS 0x000000070e200000, 0x000000070e200000| Untracked 
|  67|0x000000070e400000, 0x000000070e400000, 0x000000070e600000|  0%| F|  |TAMS 0x000000070e400000, 0x000000070e400000| Untracked 
|  68|0x000000070e600000, 0x000000070e600000, 0x000000070e800000|  0%| F|  |TAMS 0x000000070e600000, 0x000000070e600000| Untracked 
|  69|0x000000070e800000, 0x000000070e800000, 0x000000070ea00000|  0%| F|  |TAMS 0x000000070e800000, 0x000000070e800000| Untracked 
|  70|0x000000070ea00000, 0x000000070ea00000, 0x000000070ec00000|  0%| F|  |TAMS 0x000000070ea00000, 0x000000070ea00000| Untracked 
|  71|0x000000070ec00000, 0x000000070ec00000, 0x000000070ee00000|  0%| F|  |TAMS 0x000000070ec00000, 0x000000070ec00000| Untracked 
|  72|0x000000070ee00000, 0x000000070ee00000, 0x000000070f000000|  0%| F|  |TAMS 0x000000070ee00000, 0x000000070ee00000| Untracked 
|  73|0x000000070f000000, 0x000000070f000000, 0x000000070f200000|  0%| F|  |TAMS 0x000000070f000000, 0x000000070f000000| Untracked 
|  74|0x000000070f200000, 0x000000070f200000, 0x000000070f400000|  0%| F|  |TAMS 0x000000070f200000, 0x000000070f200000| Untracked 
|  75|0x000000070f400000, 0x000000070f400000, 0x000000070f600000|  0%| F|  |TAMS 0x000000070f400000, 0x000000070f400000| Untracked 
|  76|0x000000070f600000, 0x000000070f600000, 0x000000070f800000|  0%| F|  |TAMS 0x000000070f600000, 0x000000070f600000| Untracked 
|  77|0x000000070f800000, 0x000000070f800000, 0x000000070fa00000|  0%| F|  |TAMS 0x000000070f800000, 0x000000070f800000| Untracked 
|  78|0x000000070fa00000, 0x000000070fa00000, 0x000000070fc00000|  0%| F|  |TAMS 0x000000070fa00000, 0x000000070fa00000| Untracked 
|  79|0x000000070fc00000, 0x000000070fc00000, 0x000000070fe00000|  0%| F|  |TAMS 0x000000070fc00000, 0x000000070fc00000| Untracked 
|  80|0x000000070fe00000, 0x000000070fe00000, 0x0000000710000000|  0%| F|  |TAMS 0x000000070fe00000, 0x000000070fe00000| Untracked 
|  81|0x0000000710000000, 0x0000000710000000, 0x0000000710200000|  0%| F|  |TAMS 0x0000000710000000, 0x0000000710000000| Untracked 
|  82|0x0000000710200000, 0x0000000710200000, 0x0000000710400000|  0%| F|  |TAMS 0x0000000710200000, 0x0000000710200000| Untracked 
|  83|0x0000000710400000, 0x0000000710400000, 0x0000000710600000|  0%| F|  |TAMS 0x0000000710400000, 0x0000000710400000| Untracked 
|  84|0x0000000710600000, 0x0000000710600000, 0x0000000710800000|  0%| F|  |TAMS 0x0000000710600000, 0x0000000710600000| Untracked 
|  85|0x0000000710800000, 0x0000000710800000, 0x0000000710a00000|  0%| F|  |TAMS 0x0000000710800000, 0x0000000710800000| Untracked 
|  86|0x0000000710a00000, 0x0000000710a00000, 0x0000000710c00000|  0%| F|  |TAMS 0x0000000710a00000, 0x0000000710a00000| Untracked 
|  87|0x0000000710c00000, 0x0000000710c00000, 0x0000000710e00000|  0%| F|  |TAMS 0x0000000710c00000, 0x0000000710c00000| Untracked 
|  88|0x0000000710e00000, 0x0000000710e00000, 0x0000000711000000|  0%| F|  |TAMS 0x0000000710e00000, 0x0000000710e00000| Untracked 
|  89|0x0000000711000000, 0x0000000711000000, 0x0000000711200000|  0%| F|  |TAMS 0x0000000711000000, 0x0000000711000000| Untracked 
|  90|0x0000000711200000, 0x0000000711200000, 0x0000000711400000|  0%| F|  |TAMS 0x0000000711200000, 0x0000000711200000| Untracked 
|  91|0x0000000711400000, 0x0000000711400000, 0x0000000711600000|  0%| F|  |TAMS 0x0000000711400000, 0x0000000711400000| Untracked 
|  92|0x0000000711600000, 0x0000000711600000, 0x0000000711800000|  0%| F|  |TAMS 0x0000000711600000, 0x0000000711600000| Untracked 
|  93|0x0000000711800000, 0x0000000711800000, 0x0000000711a00000|  0%| F|  |TAMS 0x0000000711800000, 0x0000000711800000| Untracked 
|  94|0x0000000711a00000, 0x0000000711a00000, 0x0000000711c00000|  0%| F|  |TAMS 0x0000000711a00000, 0x0000000711a00000| Untracked 
|  95|0x0000000711c00000, 0x0000000711c00000, 0x0000000711e00000|  0%| F|  |TAMS 0x0000000711c00000, 0x0000000711c00000| Untracked 
|  96|0x0000000711e00000, 0x0000000711e00000, 0x0000000712000000|  0%| F|  |TAMS 0x0000000711e00000, 0x0000000711e00000| Untracked 
|  97|0x0000000712000000, 0x0000000712000000, 0x0000000712200000|  0%| F|  |TAMS 0x0000000712000000, 0x0000000712000000| Untracked 
|  98|0x0000000712200000, 0x0000000712200000, 0x0000000712400000|  0%| F|  |TAMS 0x0000000712200000, 0x0000000712200000| Untracked 
|  99|0x0000000712400000, 0x0000000712400000, 0x0000000712600000|  0%| F|  |TAMS 0x0000000712400000, 0x0000000712400000| Untracked 
| 100|0x0000000712600000, 0x0000000712600000, 0x0000000712800000|  0%| F|  |TAMS 0x0000000712600000, 0x0000000712600000| Untracked 
| 101|0x0000000712800000, 0x0000000712800000, 0x0000000712a00000|  0%| F|  |TAMS 0x0000000712800000, 0x0000000712800000| Untracked 
| 102|0x0000000712a00000, 0x0000000712a00000, 0x0000000712c00000|  0%| F|  |TAMS 0x0000000712a00000, 0x0000000712a00000| Untracked 
| 103|0x0000000712c00000, 0x0000000712c00000, 0x0000000712e00000|  0%| F|  |TAMS 0x0000000712c00000, 0x0000000712c00000| Untracked 
| 104|0x0000000712e00000, 0x0000000712ea5b48, 0x0000000713000000| 32%| E|  |TAMS 0x0000000712e00000, 0x0000000712e00000| Complete 
| 105|0x0000000713000000, 0x000000071304ac58, 0x0000000713200000| 14%| S|CS|TAMS 0x0000000713000000, 0x0000000713000000| Complete 
| 106|0x0000000713200000, 0x0000000713400000, 0x0000000713400000|100%| S|CS|TAMS 0x0000000713200000, 0x0000000713200000| Complete 
| 107|0x0000000713400000, 0x0000000713600000, 0x0000000713600000|100%| E|CS|TAMS 0x0000000713400000, 0x0000000713400000| Complete 
| 108|0x0000000713600000, 0x0000000713800000, 0x0000000713800000|100%| E|CS|TAMS 0x0000000713600000, 0x0000000713600000| Complete 
| 109|0x0000000713800000, 0x0000000713a00000, 0x0000000713a00000|100%| E|CS|TAMS 0x0000000713800000, 0x0000000713800000| Complete 
| 110|0x0000000713a00000, 0x0000000713c00000, 0x0000000713c00000|100%| E|CS|TAMS 0x0000000713a00000, 0x0000000713a00000| Complete 
| 111|0x0000000713c00000, 0x0000000713e00000, 0x0000000713e00000|100%| E|CS|TAMS 0x0000000713c00000, 0x0000000713c00000| Complete 
| 112|0x0000000713e00000, 0x0000000714000000, 0x0000000714000000|100%| E|CS|TAMS 0x0000000713e00000, 0x0000000713e00000| Complete 
| 113|0x0000000714000000, 0x0000000714200000, 0x0000000714200000|100%| E|  |TAMS 0x0000000714000000, 0x0000000714000000| Complete 
| 114|0x0000000714200000, 0x0000000714400000, 0x0000000714400000|100%| E|CS|TAMS 0x0000000714200000, 0x0000000714200000| Complete 
| 115|0x0000000714400000, 0x0000000714600000, 0x0000000714600000|100%| E|CS|TAMS 0x0000000714400000, 0x0000000714400000| Complete 
| 116|0x0000000714600000, 0x0000000714800000, 0x0000000714800000|100%| E|CS|TAMS 0x0000000714600000, 0x0000000714600000| Complete 
| 117|0x0000000714800000, 0x0000000714a00000, 0x0000000714a00000|100%| E|CS|TAMS 0x0000000714800000, 0x0000000714800000| Complete 
| 118|0x0000000714a00000, 0x0000000714c00000, 0x0000000714c00000|100%| E|CS|TAMS 0x0000000714a00000, 0x0000000714a00000| Complete 
| 119|0x0000000714c00000, 0x0000000714e00000, 0x0000000714e00000|100%| E|CS|TAMS 0x0000000714c00000, 0x0000000714c00000| Complete 
| 120|0x0000000714e00000, 0x0000000715000000, 0x0000000715000000|100%| E|CS|TAMS 0x0000000714e00000, 0x0000000714e00000| Complete 
| 121|0x0000000715000000, 0x0000000715200000, 0x0000000715200000|100%| E|CS|TAMS 0x0000000715000000, 0x0000000715000000| Complete 
| 122|0x0000000715200000, 0x0000000715400000, 0x0000000715400000|100%| E|CS|TAMS 0x0000000715200000, 0x0000000715200000| Complete 
| 123|0x0000000715400000, 0x0000000715600000, 0x0000000715600000|100%| E|CS|TAMS 0x0000000715400000, 0x0000000715400000| Complete 
| 124|0x0000000715600000, 0x0000000715800000, 0x0000000715800000|100%| E|CS|TAMS 0x0000000715600000, 0x0000000715600000| Complete 
| 125|0x0000000715800000, 0x0000000715a00000, 0x0000000715a00000|100%| E|CS|TAMS 0x0000000715800000, 0x0000000715800000| Complete 

Card table byte_map: [0x000002146bbb0000,0x000002146c390000] _byte_map_base: 0x0000021468381000

Marking Bits (Prev, Next): (CMBitMap*) 0x0000021453c61e60, (CMBitMap*) 0x0000021453c61ea0
 Prev Bits: [0x000002146cb70000, 0x00000214709f8000)
 Next Bits: [0x0000021470a00000, 0x0000021474888000)

Polling page: 0x0000021451b50000

Metaspace:

Usage:
  Non-class:     12.15 MB used.
      Class:      1.48 MB used.
       Both:     13.64 MB used.

Virtual space:
  Non-class space:       64.00 MB reserved,      12.25 MB ( 19%) committed,  1 nodes.
      Class space:        1.00 GB reserved,       1.62 MB ( <1%) committed,  1 nodes.
             Both:        1.06 GB reserved,      13.88 MB (  1%) committed. 

Chunk freelists:
   Non-Class:  3.38 MB
       Class:  2.40 MB
        Both:  5.79 MB

MaxMetaspaceSize: unlimited
CompressedClassSpaceSize: 1.00 GB
Initial GC threshold: 21.00 MB
Current GC threshold: 21.00 MB
CDS: on
MetaspaceReclaimPolicy: balanced
 - commit_granule_bytes: 65536.
 - commit_granule_words: 8192.
 - virtual_space_node_default_size: 8388608.
 - enlarge_chunks_in_place: 1.
 - new_chunks_are_fully_committed: 0.
 - uncommit_free_chunks: 1.
 - use_allocation_guard: 0.


Internal statistics:

num_allocs_failed_limit: 0.
num_arena_births: 256.
num_arena_deaths: 0.
num_vsnodes_births: 2.
num_vsnodes_deaths: 0.
num_space_committed: 222.
num_space_uncommitted: 0.
num_chunks_returned_to_freelist: 0.
num_chunks_taken_from_freelist: 700.
num_chunk_merges: 0.
num_chunk_splits: 494.
num_chunks_enlarged: 370.
num_inconsistent_stats: 0.

CodeHeap 'non-profiled nmethods': size=119168Kb used=1394Kb max_used=1394Kb free=117773Kb
 bounds [0x00000214636f0000, 0x0000021463960000, 0x000002146ab50000]
CodeHeap 'profiled nmethods': size=119104Kb used=6843Kb max_used=6843Kb free=112260Kb
 bounds [0x000002145bb50000, 0x000002145c200000, 0x0000021462fa0000]
CodeHeap 'non-nmethods': size=7488Kb used=2968Kb max_used=3006Kb free=4519Kb
 bounds [0x0000021462fa0000, 0x00000214632a0000, 0x00000214636f0000]
 total_blobs=3942 nmethods=3448 adapters=401
 compilation: enabled
              stopped_count=0, restarted_count=0
 full_count=0

Compilation events (20 events):
Event: 1.646 Thread 0x0000021477863060 3381       1       org.eclipse.aether.DefaultRepositorySystemSession::getRepositoryListener (5 bytes)
Event: 1.646 Thread 0x000002147bd42fa0 3382       3       java.util.Properties::<init> (8 bytes)
Event: 1.646 Thread 0x000002147bc9c270 3383       3       java.util.Properties::<init> (32 bytes)
Event: 1.646 Thread 0x0000021477863060 nmethod 3381 0x0000021463840a10 code [0x0000021463840ba0, 0x0000021463840c78]
Event: 1.647 Thread 0x000002147c5f18c0 3384       4       java.lang.AbstractStringBuilder::charAt (36 bytes)
Event: 1.647 Thread 0x000002147bcc3250 3385   !   3       java.io.FileInputStream::available (24 bytes)
Event: 1.647 Thread 0x000002147bc9c270 nmethod 3383 0x000002145c1ea890 code [0x000002145c1eaa80, 0x000002145c1eaec8]
Event: 1.647 Thread 0x000002147bd42fa0 nmethod 3382 0x000002145c1eb090 code [0x000002145c1eb2a0, 0x000002145c1eb768]
Event: 1.647 Thread 0x000002147bc9c270 3387       1       org.apache.maven.model.Model::getDescription (5 bytes)
Event: 1.647 Thread 0x000002147bd42fa0 3388       1       org.apache.maven.model.Scm::getUrl (5 bytes)
Event: 1.647 Thread 0x000002147bcc3250 nmethod 3385 0x000002145c1eb910 code [0x000002145c1ebae0, 0x000002145c1ebcd8]
Event: 1.647 Thread 0x000002147bc9c270 nmethod 3387 0x0000021463841110 code [0x00000214638412a0, 0x0000021463841378]
Event: 1.648 Thread 0x000002147bd42fa0 nmethod 3388 0x0000021463841410 code [0x00000214638415a0, 0x0000021463841678]
Event: 1.649 Thread 0x000002147bcc3250 3389   !   3       org.apache.maven.model.Repository::clone (87 bytes)
Event: 1.649 Thread 0x000002147bd42fa0 3390   !   3       org.apache.maven.model.RepositoryBase::clone (73 bytes)
Event: 1.649 Thread 0x000002147c5f18c0 nmethod 3384 0x0000021463841710 code [0x00000214638418a0, 0x00000214638419b8]
Event: 1.649 Thread 0x000002147c5f18c0 3391       4       java.lang.StrictMath::ceil (10 bytes)
Event: 1.650 Thread 0x000002147bc9c270 3392       1       org.apache.maven.model.Scm::getConnection (5 bytes)
Event: 1.650 Thread 0x000002147bc9c270 nmethod 3392 0x0000021463841b10 code [0x0000021463841ca0, 0x0000021463841d78]
Event: 1.650 Thread 0x0000021477863060 3393       1       java.lang.Enum::toString (5 bytes)

GC Heap History (4 events):
Event: 0.554 GC heap before
{Heap before GC invocations=0 (full 0):
 garbage-first heap   total 258048K, used 22528K [0x0000000705e00000, 0x0000000800000000)
  region size 2048K, 11 young (22528K), 0 survivors (0K)
 Metaspace       used 5288K, committed 5440K, reserved 1114112K
  class space    used 576K, committed 640K, reserved 1048576K
}
Event: 0.558 GC heap after
{Heap after GC invocations=1 (full 0):
 garbage-first heap   total 258048K, used 3889K [0x0000000705e00000, 0x0000000800000000)
  region size 2048K, 2 young (4096K), 2 survivors (4096K)
 Metaspace       used 5288K, committed 5440K, reserved 1114112K
  class space    used 576K, committed 640K, reserved 1048576K
}
Event: 1.181 GC heap before
{Heap before GC invocations=1 (full 0):
 garbage-first heap   total 258048K, used 38705K [0x0000000705e00000, 0x0000000800000000)
  region size 2048K, 19 young (38912K), 2 survivors (4096K)
 Metaspace       used 10542K, committed 10752K, reserved 1114112K
  class space    used 1229K, committed 1344K, reserved 1048576K
}
Event: 1.185 GC heap after
{Heap after GC invocations=2 (full 0):
 garbage-first heap   total 258048K, used 5768K [0x0000000705e00000, 0x0000000800000000)
  region size 2048K, 2 young (4096K), 2 survivors (4096K)
 Metaspace       used 10542K, committed 10752K, reserved 1114112K
  class space    used 1229K, committed 1344K, reserved 1048576K
}

Dll operation events (12 events):
Event: 0.007 Loaded shared library C:\Program Files\Java\jdk-19\bin\java.dll
Event: 0.017 Loaded shared library C:\Program Files\Java\jdk-19\bin\jsvml.dll
Event: 0.061 Loaded shared library C:\Program Files\Java\jdk-19\bin\zip.dll
Event: 0.064 Loaded shared library C:\Program Files\Java\jdk-19\bin\instrument.dll
Event: 0.069 Loaded shared library C:\Program Files\Java\jdk-19\bin\net.dll
Event: 0.070 Loaded shared library C:\Program Files\Java\jdk-19\bin\nio.dll
Event: 0.074 Loaded shared library C:\Program Files\Java\jdk-19\bin\zip.dll
Event: 0.088 Loaded shared library C:\Program Files\JetBrains\IntelliJ IDEA 2022.1.2\bin\breakgen64.dll
Event: 0.095 Loaded shared library C:\Program Files\Java\jdk-19\bin\extnet.dll
Event: 0.180 Loaded shared library C:\Program Files\Java\jdk-19\bin\jimage.dll
Event: 0.251 Loaded shared library C:\Users\99293\AppData\Local\Temp\jansi-2.4.0-7039f641aece6afd-jansi.dll
Event: 0.259 Loaded shared library C:\Program Files\Java\jdk-19\bin\verify.dll

Deoptimization events (20 events):
Event: 1.490 Thread 0x0000021453befc80 DEOPT PACKING pc=0x000002146372b574 sp=0x00000046c22fe1d0
Event: 1.490 Thread 0x0000021453befc80 DEOPT UNPACKING pc=0x0000021463006da3 sp=0x00000046c22fe1a0 mode 2
Event: 1.490 Thread 0x0000021453befc80 Uncommon trap: trap_request=0xffffff45 fr.pc=0x000002146374e9a0 relative=0x0000000000000280
Event: 1.490 Thread 0x0000021453befc80 Uncommon trap: reason=unstable_if action=reinterpret pc=0x000002146374e9a0 method=java.lang.String.decodeASCII([BI[CII)I @ 13 c2
Event: 1.490 Thread 0x0000021453befc80 DEOPT PACKING pc=0x000002146374e9a0 sp=0x00000046c22fdcd0
Event: 1.490 Thread 0x0000021453befc80 DEOPT UNPACKING pc=0x0000021463006da3 sp=0x00000046c22fdc58 mode 2
Event: 1.492 Thread 0x0000021453befc80 Uncommon trap: trap_request=0xffffff45 fr.pc=0x0000021463800bc8 relative=0x0000000000000d08
Event: 1.492 Thread 0x0000021453befc80 Uncommon trap: reason=unstable_if action=reinterpret pc=0x0000021463800bc8 method=org.codehaus.plexus.util.xml.pull.MXParser.nextImpl()I @ 972 c2
Event: 1.492 Thread 0x0000021453befc80 DEOPT PACKING pc=0x0000021463800bc8 sp=0x00000046c22fe2a0
Event: 1.492 Thread 0x0000021453befc80 DEOPT UNPACKING pc=0x0000021463006da3 sp=0x00000046c22fe220 mode 2
Event: 1.518 Thread 0x0000021453befc80 Uncommon trap: trap_request=0xffffff45 fr.pc=0x000002146380402c relative=0x000000000000008c
Event: 1.518 Thread 0x0000021453befc80 Uncommon trap: reason=unstable_if action=reinterpret pc=0x000002146380402c method=org.apache.maven.model.validation.DefaultModelValidator.isValidIdCharacter(C)Z @ 51 c2
Event: 1.518 Thread 0x0000021453befc80 DEOPT PACKING pc=0x000002146380402c sp=0x00000046c22fe400
Event: 1.518 Thread 0x0000021453befc80 DEOPT UNPACKING pc=0x0000021463006da3 sp=0x00000046c22fe388 mode 2
Event: 1.571 Thread 0x0000021453befc80 DEOPT PACKING pc=0x000002145c0d0c7e sp=0x00000046c22fdad0
Event: 1.571 Thread 0x0000021453befc80 DEOPT UNPACKING pc=0x0000021463007543 sp=0x00000046c22fcff0 mode 0
Event: 1.589 Thread 0x0000021453befc80 Uncommon trap: trap_request=0xffffffcc fr.pc=0x0000021463830f8c relative=0x00000000000001ec
Event: 1.589 Thread 0x0000021453befc80 Uncommon trap: reason=intrinsic_or_type_checked_inlining action=make_not_entrant pc=0x0000021463830f8c method=java.util.Arrays.copyOf([Ljava/lang/Object;ILjava/lang/Class;)[Ljava/lang/Object; @ 35 c2
Event: 1.589 Thread 0x0000021453befc80 DEOPT PACKING pc=0x0000021463830f8c sp=0x00000046c22fe2c0
Event: 1.589 Thread 0x0000021453befc80 DEOPT UNPACKING pc=0x0000021463006da3 sp=0x00000046c22fe250 mode 2

Classes loaded (20 events):
Event: 1.391 Loading class java/lang/Short$ShortCache
Event: 1.391 Loading class java/lang/Short$ShortCache done
Event: 1.392 Loading class java/lang/Byte$ByteCache
Event: 1.392 Loading class java/lang/Byte$ByteCache done
Event: 1.396 Loading class sun/invoke/util/ValueConversions$1
Event: 1.396 Loading class sun/invoke/util/ValueConversions$1 done
Event: 1.397 Loading class java/lang/invoke/BoundMethodHandle$Species_LI
Event: 1.397 Loading class java/lang/invoke/BoundMethodHandle$Species_LI done
Event: 1.537 Loading class java/util/LinkedList$ListItr
Event: 1.538 Loading class java/util/LinkedList$ListItr done
Event: 1.541 Loading class java/util/concurrent/locks/ReentrantReadWriteLock$NonfairSync
Event: 1.541 Loading class java/util/concurrent/locks/ReentrantReadWriteLock$Sync
Event: 1.541 Loading class java/util/concurrent/locks/ReentrantReadWriteLock$Sync done
Event: 1.541 Loading class java/util/concurrent/locks/ReentrantReadWriteLock$NonfairSync done
Event: 1.542 Loading class java/util/concurrent/locks/ReentrantReadWriteLock$Sync$ThreadLocalHoldCounter
Event: 1.542 Loading class java/util/concurrent/locks/ReentrantReadWriteLock$Sync$ThreadLocalHoldCounter done
Event: 1.542 Loading class java/util/concurrent/locks/ReentrantReadWriteLock$ReadLock
Event: 1.542 Loading class java/util/concurrent/locks/ReentrantReadWriteLock$ReadLock done
Event: 1.542 Loading class java/util/concurrent/locks/ReentrantReadWriteLock$WriteLock
Event: 1.542 Loading class java/util/concurrent/locks/ReentrantReadWriteLock$WriteLock done

Classes unloaded (0 events):
No events

Classes redefined (0 events):
No events

Internal exceptions (20 events):
Event: 1.159 Thread 0x0000021453befc80 Exception <a 'java/lang/NoClassDefFoundError'{0x000000071352fae0}: com/google/inject/servlet/ServletModuleTargetVisitor> (0x000000071352fae0) 
thrown [s\open\src\hotspot\share\classfile\systemDictionary.cpp, line 244]
Event: 1.188 Thread 0x0000021453befc80 Exception <a 'java/lang/NoSuchMethodError'{0x000000071584a200}: 'java.lang.Object java.lang.invoke.DirectMethodHandle$Holder.invokeStatic(java.lang.Object, java.lang.Object, int)'> (0x000000071584a200) 
thrown [s\open\src\hotspot\share\interpreter\linkResolver.cpp, line 774]
Event: 1.189 Thread 0x0000021453befc80 Exception <a 'java/lang/NoSuchMethodError'{0x000000071584f488}: 'void java.lang.invoke.DirectMethodHandle$Holder.invokeStatic(java.lang.Object, java.lang.Object, int, java.lang.Object)'> (0x000000071584f488) 
thrown [s\open\src\hotspot\share\interpreter\linkResolver.cpp, line 774]
Event: 1.189 Thread 0x0000021453befc80 Exception <a 'java/lang/NoSuchMethodError'{0x0000000715857450}: 'void java.lang.invoke.DelegatingMethodHandle$Holder.delegate(java.lang.Object, java.lang.Object, int, java.lang.Object)'> (0x0000000715857450) 
thrown [s\open\src\hotspot\share\interpreter\linkResolver.cpp, line 774]
Event: 1.190 Thread 0x0000021453befc80 Exception <a 'java/lang/NoSuchMethodError'{0x000000071585bd30}: 'int java.lang.invoke.DirectMethodHandle$Holder.invokeSpecial(java.lang.Object, java.lang.Object, java.lang.Object)'> (0x000000071585bd30) 
thrown [s\open\src\hotspot\share\interpreter\linkResolver.cpp, line 774]
Event: 1.211 Thread 0x0000021453befc80 Exception <a 'java/lang/NoSuchMethodError'{0x000000071561a3e8}: 'java.lang.Object java.lang.invoke.DirectMethodHandle$Holder.newInvokeSpecial(java.lang.Object, java.lang.Object, java.lang.Object, java.lang.Object, java.lang.Object, java.lang.Object, java.lang.Object)'> (0x000000071561a3e8) 
thrown [s\open\src\hotspot\share\interpreter\linkResolver.cpp, line 774]
Event: 1.218 Thread 0x0000021453befc80 Exception <a 'java/lang/NoSuchMethodError'{0x00000007156578e8}: 'java.lang.Object java.lang.invoke.DirectMethodHandle$Holder.newInvokeSpecial(java.lang.Object, java.lang.Object, java.lang.Object, java.lang.Object, java.lang.Object, java.lang.Object, java.lang.Object, java.lang.Object, java.lang.Object)'> (0x00000007156578e8) 
thrown [s\open\src\hotspot\share\interpreter\linkResolver.cpp, line 774]
Event: 1.232 Thread 0x0000021453befc80 Exception <a 'java/lang/NoSuchMethodError'{0x000000071577d5c0}: 'java.lang.Object java.lang.invoke.DirectMethodHandle$Holder.newInvokeSpecial(java.lang.Object, java.lang.Object, java.lang.Object, java.lang.Object, java.lang.Object, java.lang.Object, java.lang.Object, java.lang.Object, java.lang.Object, java.lang.Object, java.lang.Object, java.lang.Object)'> (0x000000071577d5c0) 
thrown [s\open\src\hotspot\share\interpreter\linkResolver.cpp, line 774]
Event: 1.236 Thread 0x0000021453befc80 Exception <a 'java/lang/NoSuchMethodError'{0x00000007157c54d8}: 'java.lang.Object java.lang.invoke.DirectMethodHandle$Holder.invokeStatic(java.lang.Object, java.lang.Object, java.lang.Object, java.lang.Object, java.lang.Object, java.lang.Object, java.lang.Object, java.lang.Object, java.lang.Object, java.lang.Object, java.lang.Object, java.lang.Object, java.lang.Object)'> (0x00000007157c54d8) 
thrown [s\open\src\hotspot\share\interpreter\linkResolver.cpp, line 774]
Event: 1.237 Thread 0x0000021453befc80 Exception <a 'java/lang/NoSuchMethodError'{0x00000007157e4f78}: 'java.lang.Object java.lang.invoke.DirectMethodHandle$Holder.invokeStatic(java.lang.Object, java.lang.Object, java.lang.Object, java.lang.Object, java.lang.Object, java.lang.Object, java.lang.Object, java.lang.Object, java.lang.Object, java.lang.Object, java.lang.Object, java.lang.Object, java.lang.Object, java.lang.Object)'> (0x00000007157e4f78) 
thrown [s\open\src\hotspot\share\interpreter\linkResolver.cpp, line 774]
Event: 1.239 Thread 0x0000021453befc80 Exception <a 'java/lang/NoSuchMethodError'{0x0000000715406890}: 'java.lang.Object java.lang.invoke.DirectMethodHandle$Holder.invokeStatic(java.lang.Object, java.lang.Object, java.lang.Object, java.lang.Object, java.lang.Object, java.lang.Object, java.lang.Object, java.lang.Object, java.lang.Object, java.lang.Object, java.lang.Object, java.lang.Object, java.lang.Object, java.lang.Object, java.lang.Object)'> (0x0000000715406890) 
thrown [s\open\src\hotspot\share\interpreter\linkResolver.cpp, line 774]
Event: 1.253 Thread 0x0000021453befc80 Exception <a 'java/lang/NoSuchMethodError'{0x000000071547e0e0}: 'java.lang.Object java.lang.invoke.DirectMethodHandle$Holder.invokeStaticInit(java.lang.Object, int, int, int, int)'> (0x000000071547e0e0) 
thrown [s\open\src\hotspot\share\interpreter\linkResolver.cpp, line 774]
Event: 1.316 Thread 0x000002147785c710 Exception <a 'java/lang/NoSuchMethodError'{0x00000007150a9c50}: 'java.lang.Object java.lang.invoke.Invokers$Holder.invokeExact_MT(java.lang.Object, java.lang.Object, java.lang.Object, java.lang.Object, java.lang.Object, java.lang.Object)'> (0x00000007150a9c50) 
thrown [s\open\src\hotspot\share\interpreter\linkResolver.cpp, line 774]
Event: 1.334 Thread 0x0000021453befc80 Implicit null exception at 0x00000214637b5e72 to 0x00000214637b6370
Event: 1.334 Thread 0x0000021453befc80 Implicit null exception at 0x0000021463733d72 to 0x0000021463734264
Event: 1.344 Thread 0x0000021453befc80 Implicit null exception at 0x0000021463798b20 to 0x0000021463798cd8
Event: 1.396 Thread 0x0000021453befc80 Exception <a 'java/lang/NoSuchMethodError'{0x0000000714d35888}: 'void java.lang.invoke.DirectMethodHandle$Holder.invokeVirtual(java.lang.Object, java.lang.Object, int)'> (0x0000000714d35888) 
thrown [s\open\src\hotspot\share\interpreter\linkResolver.cpp, line 774]
Event: 1.396 Thread 0x0000021453befc80 Exception <a 'java/lang/NoSuchMethodError'{0x0000000714d39ca0}: 'int java.lang.invoke.DirectMethodHandle$Holder.invokeSpecial(java.lang.Object, java.lang.Object, java.lang.Object, int)'> (0x0000000714d39ca0) 
thrown [s\open\src\hotspot\share\interpreter\linkResolver.cpp, line 774]
Event: 1.397 Thread 0x0000021453befc80 Exception <a 'java/lang/NoSuchMethodError'{0x0000000714d4a0a8}: 'java.lang.Object java.lang.invoke.DirectMethodHandle$Holder.invokeStatic(java.lang.Object, java.lang.Object, java.lang.Object, java.lang.Object, int)'> (0x0000000714d4a0a8) 
thrown [s\open\src\hotspot\share\interpreter\linkResolver.cpp, line 774]
Event: 1.397 Thread 0x0000021453befc80 Exception <a 'java/lang/NoSuchMethodError'{0x0000000714d55bf0}: 'void java.lang.invoke.DelegatingMethodHandle$Holder.reinvoke_L(java.lang.Object, java.lang.Object, int)'> (0x0000000714d55bf0) 
thrown [s\open\src\hotspot\share\interpreter\linkResolver.cpp, line 774]

VM Operations (20 events):
Event: 1.188 Executing VM operation: HandshakeAllThreads
Event: 1.188 Executing VM operation: HandshakeAllThreads done
Event: 1.244 Executing VM operation: HandshakeAllThreads
Event: 1.244 Executing VM operation: HandshakeAllThreads done
Event: 1.265 Executing VM operation: HandshakeAllThreads
Event: 1.265 Executing VM operation: HandshakeAllThreads done
Event: 1.284 Executing VM operation: HandshakeAllThreads
Event: 1.284 Executing VM operation: HandshakeAllThreads done
Event: 1.321 Executing VM operation: HandshakeAllThreads
Event: 1.321 Executing VM operation: HandshakeAllThreads done
Event: 1.322 Executing VM operation: HandshakeAllThreads
Event: 1.322 Executing VM operation: HandshakeAllThreads done
Event: 1.396 Executing VM operation: ICBufferFull
Event: 1.396 Executing VM operation: ICBufferFull done
Event: 1.542 Executing VM operation: HandshakeAllThreads
Event: 1.542 Executing VM operation: HandshakeAllThreads done
Event: 1.542 Executing VM operation: HandshakeAllThreads
Event: 1.542 Executing VM operation: HandshakeAllThreads done
Event: 1.618 Executing VM operation: ICBufferFull
Event: 1.618 Executing VM operation: ICBufferFull done

Events (20 events):
Event: 0.017 Thread 0x0000021453befc80 Thread added: 0x0000021453befc80
Event: 0.028 Thread 0x0000021477851c10 Thread added: 0x0000021477851c10
Event: 0.028 Thread 0x0000021477852a00 Thread added: 0x0000021477852a00
Event: 0.028 Thread 0x0000021477858820 Thread added: 0x0000021477858820
Event: 0.028 Thread 0x000002147785c710 Thread added: 0x000002147785c710
Event: 0.029 Thread 0x000002147785d140 Thread added: 0x000002147785d140
Event: 0.029 Thread 0x000002147785da70 Thread added: 0x000002147785da70
Event: 0.029 Thread 0x000002147785e6d0 Thread added: 0x000002147785e6d0
Event: 0.029 Thread 0x0000021477863060 Thread added: 0x0000021477863060
Event: 0.029 Thread 0x0000021477869e00 Thread added: 0x0000021477869e00
Event: 0.033 Thread 0x000002147bc9c270 Thread added: 0x000002147bc9c270
Event: 0.044 Thread 0x0000021477824b60 Thread added: 0x0000021477824b60
Event: 0.051 Thread 0x000002147bcc3250 Thread added: 0x000002147bcc3250
Event: 0.052 Thread 0x000002147bd42fa0 Thread added: 0x000002147bd42fa0
Event: 0.055 Thread 0x000002147bd4b940 Thread added: 0x000002147bd4b940
Event: 0.088 Thread 0x000002147be47070 Thread added: 0x000002147be47070
Event: 0.088 Thread 0x000002147be48960 Thread added: 0x000002147be48960
Event: 0.532 Thread 0x000002147c1ef330 Thread added: 0x000002147c1ef330
Event: 0.544 Thread 0x000002147c5f18c0 Thread added: 0x000002147c5f18c0
Event: 0.544 Thread 0x000002147c5f28f0 Thread added: 0x000002147c5f28f0


Dynamic libraries:
0x00007ff70d610000 - 0x00007ff70d620000 	C:\Program Files\Java\jdk-19\bin\java.exe
0x00007ffd04b70000 - 0x00007ffd04d87000 	C:\WINDOWS\SYSTEM32\ntdll.dll
0x00007ffd02f30000 - 0x00007ffd02ff4000 	C:\WINDOWS\System32\KERNEL32.DLL
0x00007ffd024d0000 - 0x00007ffd0287d000 	C:\WINDOWS\System32\KERNELBASE.dll
0x00007ffd01fe0000 - 0x00007ffd020f1000 	C:\WINDOWS\System32\ucrtbase.dll
0x00007ffcb6f20000 - 0x00007ffcb6f38000 	C:\Program Files\Java\jdk-19\bin\jli.dll
0x00007ffcb6f00000 - 0x00007ffcb6f1b000 	C:\Program Files\Java\jdk-19\bin\VCRUNTIME140.dll
0x00007ffd029c0000 - 0x00007ffd02a72000 	C:\WINDOWS\System32\ADVAPI32.dll
0x00007ffd03ad0000 - 0x00007ffd03b77000 	C:\WINDOWS\System32\msvcrt.dll
0x00007ffd03280000 - 0x00007ffd03329000 	C:\WINDOWS\System32\sechost.dll
0x00007ffd01fb0000 - 0x00007ffd01fd8000 	C:\WINDOWS\System32\bcrypt.dll
0x00007ffd04850000 - 0x00007ffd04964000 	C:\WINDOWS\System32\RPCRT4.dll
0x00007ffd03000000 - 0x00007ffd031ae000 	C:\WINDOWS\System32\USER32.dll
0x00007ffd02270000 - 0x00007ffd02296000 	C:\WINDOWS\System32\win32u.dll
0x00007ffcef650000 - 0x00007ffcef8e3000 	C:\WINDOWS\WinSxS\amd64_microsoft.windows.common-controls_6595b64144ccf1df_6.0.22621.3672_none_2713b9d173822955\COMCTL32.dll
0x00007ffd03bd0000 - 0x00007ffd03bf9000 	C:\WINDOWS\System32\GDI32.dll
0x00007ffd022a0000 - 0x00007ffd023b9000 	C:\WINDOWS\System32\gdi32full.dll
0x00007ffd023c0000 - 0x00007ffd0245a000 	C:\WINDOWS\System32\msvcp_win.dll
0x00007ffcfbef0000 - 0x00007ffcfbefa000 	C:\WINDOWS\SYSTEM32\VERSION.dll
0x00007ffd03fb0000 - 0x00007ffd03fe1000 	C:\WINDOWS\System32\IMM32.DLL
0x00007ffcf08b0000 - 0x00007ffcf08bc000 	C:\Program Files\Java\jdk-19\bin\vcruntime140_1.dll
0x00007ffcac760000 - 0x00007ffcac7ee000 	C:\Program Files\Java\jdk-19\bin\msvcp140.dll
0x00007ffcab550000 - 0x00007ffcac210000 	C:\Program Files\Java\jdk-19\bin\server\jvm.dll
0x00007ffcfe880000 - 0x00007ffcfe889000 	C:\WINDOWS\SYSTEM32\WSOCK32.dll
0x00007ffcfba70000 - 0x00007ffcfbaa4000 	C:\WINDOWS\SYSTEM32\WINMM.dll
0x00007ffd02d30000 - 0x00007ffd02da1000 	C:\WINDOWS\System32\WS2_32.dll
0x00007ffd00f90000 - 0x00007ffd00fa8000 	C:\WINDOWS\SYSTEM32\kernel.appcore.dll
0x00007ffcf04b0000 - 0x00007ffcf04ba000 	C:\Program Files\Java\jdk-19\bin\jimage.dll
0x00007ffcff630000 - 0x00007ffcff862000 	C:\WINDOWS\SYSTEM32\DBGHELP.DLL
0x00007ffd03c20000 - 0x00007ffd03fa8000 	C:\WINDOWS\System32\combase.dll
0x00007ffd02880000 - 0x00007ffd02957000 	C:\WINDOWS\System32\OLEAUT32.dll
0x00007ffcf9220000 - 0x00007ffcf9252000 	C:\WINDOWS\SYSTEM32\dbgcore.DLL
0x00007ffd01e70000 - 0x00007ffd01eeb000 	C:\WINDOWS\System32\bcryptPrimitives.dll
0x00007ffcfbca0000 - 0x00007ffcfbcae000 	C:\Program Files\Java\jdk-19\bin\instrument.dll
0x00007ffcb6ed0000 - 0x00007ffcb6ef6000 	C:\Program Files\Java\jdk-19\bin\java.dll
0x00007ffcab470000 - 0x00007ffcab547000 	C:\Program Files\Java\jdk-19\bin\jsvml.dll
0x00007ffd03ff0000 - 0x00007ffd0484f000 	C:\WINDOWS\System32\SHELL32.dll
0x00007ffcffd80000 - 0x00007ffd0067c000 	C:\WINDOWS\SYSTEM32\windows.storage.dll
0x00007ffcffc40000 - 0x00007ffcffd7f000 	C:\WINDOWS\SYSTEM32\wintypes.dll
0x00007ffd04a00000 - 0x00007ffd04af4000 	C:\WINDOWS\System32\SHCORE.dll
0x00007ffd03210000 - 0x00007ffd0326e000 	C:\WINDOWS\System32\shlwapi.dll
0x00007ffd01da0000 - 0x00007ffd01dc1000 	C:\WINDOWS\SYSTEM32\profapi.dll
0x00007ffcb3da0000 - 0x00007ffcb3db8000 	C:\Program Files\Java\jdk-19\bin\zip.dll
0x00007ffcb6e90000 - 0x00007ffcb6ea3000 	C:\Program Files\Java\jdk-19\bin\net.dll
0x00007ffcfd670000 - 0x00007ffcfd7a6000 	C:\WINDOWS\SYSTEM32\WINHTTP.dll
0x00007ffd01400000 - 0x00007ffd01469000 	C:\WINDOWS\system32\mswsock.dll
0x00007ffcb6460000 - 0x00007ffcb6476000 	C:\Program Files\Java\jdk-19\bin\nio.dll
0x00007ffcfaf30000 - 0x00007ffcfaf4a000 	C:\Program Files\JetBrains\IntelliJ IDEA 2022.1.2\bin\breakgen64.dll
0x00007ffcedcc0000 - 0x00007ffcedcc8000 	C:\Program Files\Java\jdk-19\bin\extnet.dll
0x0000000069ac0000 - 0x0000000069ae4000 	C:\Users\99293\AppData\Local\Temp\jansi-2.4.0-7039f641aece6afd-jansi.dll
0x00007ffccd7a0000 - 0x00007ffccd7b0000 	C:\Program Files\Java\jdk-19\bin\verify.dll

dbghelp: loaded successfully - version: 4.0.5 - missing functions: none
symbol engine: initialized successfully - sym options: 0x614 - pdb path: .;C:\Program Files\Java\jdk-19\bin;C:\WINDOWS\SYSTEM32;C:\WINDOWS\WinSxS\amd64_microsoft.windows.common-controls_6595b64144ccf1df_6.0.22621.3672_none_2713b9d173822955;C:\Program Files\Java\jdk-19\bin\server;C:\Program Files\JetBrains\IntelliJ IDEA 2022.1.2\bin;C:\Users\99293\AppData\Local\Temp

VM Arguments:
jvm_args: -Dmaven.multiModuleProjectDirectory=D:\unitedStates_storage-master\unitedStates_storage -Dmaven.home=C:\Users\99293\.m2\wrapper\dists\apache-maven-3.8.6-bin\1ks0nkde5v1pk9vtc31i9d0lcd\apache-maven-3.8.6 -Dclassworlds.conf=C:\Users\99293\.m2\wrapper\dists\apache-maven-3.8.6-bin\1ks0nkde5v1pk9vtc31i9d0lcd\apache-maven-3.8.6\bin\m2.conf -Dmaven.ext.class.path=C:\Program Files\JetBrains\IntelliJ IDEA 2022.1.2\plugins\maven\lib\maven-event-listener.jar -javaagent:C:\Program Files\JetBrains\IntelliJ IDEA 2022.1.2\lib\idea_rt.jar=54769:C:\Program Files\JetBrains\IntelliJ IDEA 2022.1.2\bin -Dfile.encoding=UTF-8 
java_command: org.codehaus.classworlds.Launcher -Didea.version=2022.1.2 package
java_class_path (initial): C:\Users\99293\.m2\wrapper\dists\apache-maven-3.8.6-bin\1ks0nkde5v1pk9vtc31i9d0lcd\apache-maven-3.8.6\boot\plexus-classworlds-2.6.0.jar;C:\Users\99293\.m2\wrapper\dists\apache-maven-3.8.6-bin\1ks0nkde5v1pk9vtc31i9d0lcd\apache-maven-3.8.6\boot\plexus-classworlds.license
Launcher Type: SUN_STANDARD

[Global flags]
     intx CICompilerCount                          = 12                                        {product} {ergonomic}
     uint ConcGCThreads                            = 3                                         {product} {ergonomic}
     uint G1ConcRefinementThreads                  = 13                                        {product} {ergonomic}
   size_t G1HeapRegionSize                         = 2097152                                   {product} {ergonomic}
    uintx GCDrainStackTargetSize                   = 64                                        {product} {ergonomic}
   size_t InitialHeapSize                          = 264241152                                 {product} {ergonomic}
   size_t MarkStackSize                            = 4194304                                   {product} {ergonomic}
   size_t MaxHeapSize                              = 4196401152                                {product} {ergonomic}
   size_t MaxNewSize                               = 2516582400                                {product} {ergonomic}
   size_t MinHeapDeltaBytes                        = 2097152                                   {product} {ergonomic}
   size_t MinHeapSize                              = 8388608                                   {product} {ergonomic}
    uintx NonNMethodCodeHeapSize                   = 7602480                                {pd product} {ergonomic}
    uintx NonProfiledCodeHeapSize                  = 122027880                              {pd product} {ergonomic}
    uintx ProfiledCodeHeapSize                     = 122027880                              {pd product} {ergonomic}
    uintx ReservedCodeCacheSize                    = 251658240                              {pd product} {ergonomic}
     bool SegmentedCodeCache                       = true                                      {product} {ergonomic}
   size_t SoftMaxHeapSize                          = 4196401152                             {manageable} {ergonomic}
     bool UseCompressedClassPointers               = true                           {product lp64_product} {ergonomic}
     bool UseCompressedOops                        = true                           {product lp64_product} {ergonomic}
     bool UseG1GC                                  = true                                      {product} {ergonomic}
     bool UseLargePagesIndividualAllocation        = false                                  {pd product} {ergonomic}

Logging:
Log output configuration:
 #0: stdout all=warning uptime,level,tags foldmultilines=false
 #1: stderr all=off uptime,level,tags foldmultilines=false

Environment Variables:
JAVA_HOME=C:\Program Files\Java\jdk-19
PATH=C:\Program Files\Common Files\Oracle\Java\javapath;C:\Windows\system32;C:\Windows;C:\Windows\System32\Wbem;C:\Windows\System32\WindowsPowerShell\v1.0\;C:\Windows\System32\OpenSSH\;C:\Program Files (x86)\NVIDIA Corporation\PhysX\Common;C:\Program Files\NVIDIA Corporation\NVIDIA NvDLISR;C:\Program Files\Git\cmd;C:\Program Files (x86)\dotnet\;C:\WINDOWS\system32;C:\WINDOWS;C:\WINDOWS\System32\Wbem;C:\WINDOWS\System32\WindowsPowerShell\v1.0\;C:\WINDOWS\System32\OpenSSH\;C:\Program Files\Java\jdk-19\bin;C:\Users\99293\AppData\Local\Programs\Python\Python311\Scripts\;C:\Users\99293\AppData\Local\Programs\Python\Python311\;C:\Users\99293\AppData\Local\Microsoft\WindowsApps;;C:\Program Files\JetBrains\IntelliJ IDEA 2022.1.2\bin;;C:\Program Files\heroku\bin
USERNAME=ASUS
OS=Windows_NT
PROCESSOR_IDENTIFIER=Intel64 Family 6 Model 154 Stepping 3, GenuineIntel
TMP=C:\Users\99293\AppData\Local\Temp
TEMP=C:\Users\99293\AppData\Local\Temp



---------------  S Y S T E M  ---------------

OS:
 Windows 11 , 64 bit Build 22621 (10.0.22621.3672)
OS uptime: 0 days 0:56 hours
Hyper-V role detected

CPU: total 16 (initial active 16) (8 cores per cpu, 2 threads per core) family 6 model 154 stepping 3 microcode 0x41c, cx8, cmov, fxsr, ht, mmx, 3dnowpref, sse, sse2, sse3, ssse3, sse4.1, sse4.2, popcnt, lzcnt, tsc, tscinvbit, avx, avx2, aes, erms, clmul, bmi1, bmi2, adx, sha, fma, vzeroupper, clflush, clflushopt, clwb, hv, serialize, rdtscp, rdpid, fsrm

Memory: 4k page, system-wide physical 16005M (1059M free)
TotalPageFile size 18053M (AvailPageFile size 5M)
current process WorkingSet (physical memory assigned to process): 138M, peak: 138M
current process commit charge ("private bytes"): 404M, peak: 405M

vm_info: Java HotSpot(TM) 64-Bit Server VM (19.0.2+7-44) for windows-amd64 JRE (19.0.2+7-44), built on 2022-11-30T18:02:09Z by "mach5one" with MS VC++ 17.1 (VS2022)

END.
