#
# There is insufficient memory for the Java Runtime Environment to continue.
# Native memory allocation (malloc) failed to allocate 844112 bytes for Chunk::new
# Possible reasons:
#   The system is out of physical RAM or swap space
#   The process is running with CompressedOops enabled, and the Java Heap may be blocking the growth of the native heap
# Possible solutions:
#   Reduce memory load on the system
#   Increase physical memory or swap space
#   Check if swap backing store is full
#   Decrease Java heap size (-Xmx/-Xms)
#   Decrease number of Java threads
#   Decrease Java thread stack sizes (-Xss)
#   Set larger code cache with -XX:ReservedCodeCacheSize=
#   JVM is running with Zero Based Compressed Oops mode in which the Java heap is
#     placed in the first 32GB address space. The Java Heap base address is the
#     maximum limit for the native heap growth. Please use -XX:HeapBaseMinAddress
#     to set the Java Heap base and to place the Java Heap above 32GB virtual address.
# This output file may be truncated or incomplete.
#
#  Out of Memory Error (arena.cpp:184), pid=18224, tid=20180
#
# JRE version: Java(TM) SE Runtime Environment (19.0.2+7) (build 19.0.2+7-44)
# Java VM: Java HotSpot(TM) 64-Bit Server VM (19.0.2+7-44, mixed mode, sharing, tiered, compressed oops, compressed class ptrs, g1 gc, windows-amd64)
# No core dump will be written. Minidumps are not enabled by default on client versions of Windows
#

---------------  S U M M A R Y ------------

Command Line: -Dmaven.multiModuleProjectDirectory=D:\unitedStates original storage\unitedStates duplicates original storage -Dmaven.home=C:\Users\99293\.m2\wrapper\dists\apache-maven-3.8.6-bin\1ks0nkde5v1pk9vtc31i9d0lcd\apache-maven-3.8.6 -Dclassworlds.conf=C:\Users\99293\.m2\wrapper\dists\apache-maven-3.8.6-bin\1ks0nkde5v1pk9vtc31i9d0lcd\apache-maven-3.8.6\bin\m2.conf -Dmaven.ext.class.path=C:\Program Files\JetBrains\IntelliJ IDEA 2022.1.2\plugins\maven\lib\maven-event-listener.jar -javaagent:C:\Program Files\JetBrains\IntelliJ IDEA 2022.1.2\lib\idea_rt.jar=64301:C:\Program Files\JetBrains\IntelliJ IDEA 2022.1.2\bin -Dfile.encoding=UTF-8 org.codehaus.classworlds.Launcher -Didea.version=2022.1.2 package

Host: 12th Gen Intel(R) Core(TM) i7-12650H, 16 cores, 15G,  Windows 11 , 64 bit Build 22621 (10.0.22621.3374)
Time: Sun May 12 17:27:16 2024  Windows 11 , 64 bit Build 22621 (10.0.22621.3374) elapsed time: 6.442883 seconds (0d 0h 0m 6s)

---------------  T H R E A D  ---------------

Current thread (0x000002538694a2b0):  JavaThread "C2 CompilerThread1" daemon [_thread_in_native, id=20180, stack(0x00000071bfa00000,0x00000071bfb00000)]


Current CompileTask:
C2:   6442 11721 % !   4       java.util.jar.Attributes::read @ 214 (494 bytes)

Stack: [0x00000071bfa00000,0x00000071bfb00000]
Native frames: (J=compiled Java code, j=interpreted, Vv=VM code, C=native code)
V  [jvm.dll+0x6ee21a]
V  [jvm.dll+0x85765e]
V  [jvm.dll+0x85904e]
V  [jvm.dll+0x859703]
V  [jvm.dll+0x28298f]
V  [jvm.dll+0xc9adf]
V  [jvm.dll+0xc9e65]
V  [jvm.dll+0x3bca4c]
V  [jvm.dll+0x1ee29a]
V  [jvm.dll+0x24c52b]
V  [jvm.dll+0x24b781]
V  [jvm.dll+0x1d6ce1]
V  [jvm.dll+0x25b25a]
V  [jvm.dll+0x2596e8]
V  [jvm.dll+0x807588]
V  [jvm.dll+0x80125a]
V  [jvm.dll+0x6ecf0b]
C  [ucrtbase.dll+0x29333]
C  [KERNEL32.DLL+0x1257d]
C  [ntdll.dll+0x5aa48]


---------------  P R O C E S S  ---------------

Threads class SMR info:
_java_thread_list=0x000002538ddbd090, length=23, elements={
0x00000253de57e5e0, 0x00000253821cf2c0, 0x00000253821cfeb0, 0x00000253821d2df0,
0x00000253821d7da0, 0x00000253821d86d0, 0x00000253821d5db0, 0x00000253821d8f40,
0x00000253821d98b0, 0x00000253821dd650, 0x000002538649c820, 0x00000253821a68a0,
0x0000025386533690, 0x0000025386538440, 0x00000253865dfea0, 0x00000253865abf00,
0x000002538694a2b0, 0x00000253870c0a70, 0x00000253870779e0, 0x00000253870aa250,
0x0000025389096110, 0x0000025389bc1760, 0x0000025389bc11d0
}

Java Threads: ( => current thread )
  0x00000253de57e5e0 JavaThread "main" [_thread_in_native, id=10196, stack(0x00000071be300000,0x00000071be400000)]
  0x00000253821cf2c0 JavaThread "Reference Handler" daemon [_thread_blocked, id=18532, stack(0x00000071bea00000,0x00000071beb00000)]
  0x00000253821cfeb0 JavaThread "Finalizer" daemon [_thread_blocked, id=3084, stack(0x00000071beb00000,0x00000071bec00000)]
  0x00000253821d2df0 JavaThread "Signal Dispatcher" daemon [_thread_blocked, id=11248, stack(0x00000071bec00000,0x00000071bed00000)]
  0x00000253821d7da0 JavaThread "Attach Listener" daemon [_thread_blocked, id=21844, stack(0x00000071bed00000,0x00000071bee00000)]
  0x00000253821d86d0 JavaThread "Service Thread" daemon [_thread_blocked, id=4976, stack(0x00000071bee00000,0x00000071bef00000)]
  0x00000253821d5db0 JavaThread "Monitor Deflation Thread" daemon [_thread_blocked, id=21712, stack(0x00000071bef00000,0x00000071bf000000)]
  0x00000253821d8f40 JavaThread "C2 CompilerThread0" daemon [_thread_in_native, id=3368, stack(0x00000071bf000000,0x00000071bf100000)]
  0x00000253821d98b0 JavaThread "C1 CompilerThread0" daemon [_thread_blocked, id=8144, stack(0x00000071bf100000,0x00000071bf200000)]
  0x00000253821dd650 JavaThread "Sweeper thread" daemon [_thread_blocked, id=21464, stack(0x00000071bf200000,0x00000071bf300000)]
  0x000002538649c820 JavaThread "C1 CompilerThread1" daemon [_thread_blocked, id=1800, stack(0x00000071bf300000,0x00000071bf400000)]
  0x00000253821a68a0 JavaThread "Common-Cleaner" daemon [_thread_blocked, id=8664, stack(0x00000071bf400000,0x00000071bf500000)]
  0x0000025386533690 JavaThread "C1 CompilerThread2" daemon [_thread_blocked, id=980, stack(0x00000071bf500000,0x00000071bf600000)]
  0x0000025386538440 JavaThread "C1 CompilerThread3" daemon [_thread_blocked, id=6884, stack(0x00000071bf600000,0x00000071bf700000)]
  0x00000253865dfea0 JavaThread "Monitor Ctrl-Break" daemon [_thread_in_native, id=7480, stack(0x00000071bf700000,0x00000071bf800000)]
  0x00000253865abf00 JavaThread "Notification Thread" daemon [_thread_blocked, id=19832, stack(0x00000071bf800000,0x00000071bf900000)]
=>0x000002538694a2b0 JavaThread "C2 CompilerThread1" daemon [_thread_in_native, id=20180, stack(0x00000071bfa00000,0x00000071bfb00000)]
  0x00000253870c0a70 JavaThread "C2 CompilerThread2" daemon [_thread_in_native, id=13956, stack(0x00000071bfb00000,0x00000071bfc00000)]
  0x00000253870779e0 JavaThread "C2 CompilerThread3" daemon [_thread_in_native, id=16588, stack(0x00000071bfc00000,0x00000071bfd00000)]
  0x00000253870aa250 JavaThread "C2 CompilerThread4" daemon [_thread_in_native, id=10520, stack(0x00000071bfd00000,0x00000071bfe00000)]
  0x0000025389096110 JavaThread "C2 CompilerThread5" daemon [_thread_in_native, id=7848, stack(0x00000071bfe00000,0x00000071bff00000)]
  0x0000025389bc1760 JavaThread "C2 CompilerThread6" daemon [_thread_blocked, id=13204, stack(0x00000071bff00000,0x00000071c0000000)]
  0x0000025389bc11d0 JavaThread "C2 CompilerThread7" daemon [_thread_in_native, id=2572, stack(0x00000071c0e00000,0x00000071c0f00000)]

Other Threads:
  0x00000253821b7c10 VMThread "VM Thread" [stack: 0x00000071be900000,0x00000071bea00000] [id=17816]
  0x00000253865afd10 WatcherThread "VM Periodic Task Thread" [stack: 0x00000071bf900000,0x00000071bfa00000] [id=17788]
  0x00000253de5f2de0 WorkerThread "GC Thread#0" [stack: 0x00000071be400000,0x00000071be500000] [id=7896]
  0x00000253869538a0 WorkerThread "GC Thread#1" [stack: 0x00000071c0100000,0x00000071c0200000] [id=14232]
  0x00000253869546b0 WorkerThread "GC Thread#2" [stack: 0x00000071c0200000,0x00000071c0300000] [id=12504]
  0x00000253869535d0 WorkerThread "GC Thread#3" [stack: 0x00000071c0300000,0x00000071c0400000] [id=12304]
  0x0000025386952d60 WorkerThread "GC Thread#4" [stack: 0x00000071c0400000,0x00000071c0500000] [id=4360]
  0x0000025386953e40 WorkerThread "GC Thread#5" [stack: 0x00000071c0500000,0x00000071c0600000] [id=3092]
  0x0000025386953300 WorkerThread "GC Thread#6" [stack: 0x00000071c0600000,0x00000071c0700000] [id=16960]
  0x00000253869543e0 WorkerThread "GC Thread#7" [stack: 0x00000071c0700000,0x00000071c0800000] [id=20988]
  0x0000025388ac1270 WorkerThread "GC Thread#8" [stack: 0x00000071c0800000,0x00000071c0900000] [id=17996]
  0x0000025388ac0cd0 WorkerThread "GC Thread#9" [stack: 0x00000071c0900000,0x00000071c0a00000] [id=12872]
  0x0000025388ac2620 WorkerThread "GC Thread#10" [stack: 0x00000071c0a00000,0x00000071c0b00000] [id=20684]
  0x0000025388ac2350 WorkerThread "GC Thread#11" [stack: 0x00000071c0000000,0x00000071c0100000] [id=3848]
  0x0000025388ac0730 WorkerThread "GC Thread#12" [stack: 0x00000071c0b00000,0x00000071c0c00000] [id=6616]
  0x00000253de603650 ConcurrentGCThread "G1 Main Marker" [stack: 0x00000071be500000,0x00000071be600000] [id=1400]
  0x00000253de605130 WorkerThread "G1 Conc#0" [stack: 0x00000071be600000,0x00000071be700000] [id=21796]
  0x0000025388ac3160 WorkerThread "G1 Conc#1" [stack: 0x00000071c0c00000,0x00000071c0d00000] [id=18112]
  0x0000025388ac3f70 WorkerThread "G1 Conc#2" [stack: 0x00000071c0d00000,0x00000071c0e00000] [id=18020]
  0x0000025382074220 ConcurrentGCThread "G1 Refine#0" [stack: 0x00000071be700000,0x00000071be800000] [id=3144]
  0x0000025382074c60 ConcurrentGCThread "G1 Service" [stack: 0x00000071be800000,0x00000071be900000] [id=22464]

Threads with active compile tasks:
C2 CompilerThread0     6454 11681       4       org.codehaus.plexus.classworlds.realm.ClassRealm::loadClass (7 bytes)
C2 CompilerThread1     6454 11721 % !   4       java.util.jar.Attributes::read @ 214 (494 bytes)
C2 CompilerThread2     6454 11627   !   4       org.apache.maven.model.Model::clone (502 bytes)
C2 CompilerThread3     6454 10911       4       org.apache.maven.model.inheritance.DefaultInheritanceAssembler$InheritanceModelMerger::mergePluginContainer_Plugins (430 bytes)
C2 CompilerThread4     6455 11682   !   4       org.codehaus.plexus.classworlds.realm.ClassRealm::loadClass (33 bytes)
C2 CompilerThread5     6455 11267   !   4       java.lang.ClassLoader::loadClass (121 bytes)
C2 CompilerThread7     6455 11739       4       sun.net.util.URLUtil::urlNoFragString (114 bytes)

VM state: not at safepoint (normal execution)

VM Mutex/Monitor currently owned by a thread: None

Heap address: 0x0000000705e00000, size: 4002 MB, Compressed Oops mode: Zero based, Oop shift amount: 3

CDS archive(s) mapped at: [0x0000000800000000-0x0000000800c40000-0x0000000800c40000), size 12845056, SharedBaseAddress: 0x0000000800000000, ArchiveRelocationMode: 0.
Compressed class space mapped at: 0x0000000801000000-0x0000000841000000, reserved size: 1073741824
Narrow klass base: 0x0000000800000000, Narrow klass shift: 0, Narrow klass range: 0x100000000

GC Precious Log:
 CardTable entry size: 512
 Card Set container configuration: InlinePtr #cards 4 size 8 Array Of Cards #cards 16 size 48 Howl #buckets 8 coarsen threshold 3686 Howl Bitmap #cards 512 size 80 coarsen threshold 460 Card regions per heap region 1 cards per card region 4096
 CPUs: 16 total, 16 available
 Memory: 16005M
 Large Page Support: Disabled
 NUMA Support: Disabled
 Compressed Oops: Enabled (Zero based)
 Heap Region Size: 2M
 Heap Min Capacity: 8M
 Heap Initial Capacity: 252M
 Heap Max Capacity: 4002M
 Pre-touch: Disabled
 Parallel Workers: 13
 Concurrent Workers: 3
 Concurrent Refinement Workers: 13
 Periodic GC: Disabled

Heap:
 garbage-first heap   total 212992K, used 123070K [0x0000000705e00000, 0x0000000800000000)
  region size 2048K, 37 young (75776K), 7 survivors (14336K)
 Metaspace       used 35907K, committed 36544K, reserved 1114112K
  class space    used 3709K, committed 4032K, reserved 1048576K

Heap Regions: E=young(eden), S=young(survivor), O=old, HS=humongous(starts), HC=humongous(continues), CS=collection set, F=free, OA=open archive, CA=closed archive, TAMS=top-at-mark-start (previous, next)
|   0|0x0000000705e00000, 0x0000000706000000, 0x0000000706000000|100%| O|  |TAMS 0x0000000706000000, 0x0000000705e00000| Untracked 
|   1|0x0000000706000000, 0x0000000706200000, 0x0000000706200000|100%| O|  |TAMS 0x0000000706200000, 0x0000000706000000| Untracked 
|   2|0x0000000706200000, 0x0000000706400000, 0x0000000706400000|100%| O|  |TAMS 0x0000000706400000, 0x0000000706200000| Untracked 
|   3|0x0000000706400000, 0x0000000706600000, 0x0000000706600000|100%| O|  |TAMS 0x0000000706600000, 0x0000000706400000| Untracked 
|   4|0x0000000706600000, 0x0000000706600000, 0x0000000706800000|  0%| F|  |TAMS 0x0000000706600000, 0x0000000706600000| Untracked 
|   5|0x0000000706800000, 0x0000000706a00000, 0x0000000706a00000|100%| O|  |TAMS 0x0000000706a00000, 0x0000000706800000| Untracked 
|   6|0x0000000706a00000, 0x0000000706c00000, 0x0000000706c00000|100%| O|  |TAMS 0x0000000706c00000, 0x0000000706a00000| Untracked 
|   7|0x0000000706c00000, 0x0000000706e00000, 0x0000000706e00000|100%| O|  |TAMS 0x0000000706e00000, 0x0000000706c00000| Untracked 
|   8|0x0000000706e00000, 0x0000000707000000, 0x0000000707000000|100%| O|  |TAMS 0x0000000707000000, 0x0000000706e00000| Untracked 
|   9|0x0000000707000000, 0x0000000707200000, 0x0000000707200000|100%| O|  |TAMS 0x0000000707200000, 0x0000000707000000| Untracked 
|  10|0x0000000707200000, 0x0000000707400000, 0x0000000707400000|100%| O|  |TAMS 0x0000000707400000, 0x0000000707200000| Untracked 
|  11|0x0000000707400000, 0x0000000707600000, 0x0000000707600000|100%| O|  |TAMS 0x0000000707400000, 0x0000000707400000| Untracked 
|  12|0x0000000707600000, 0x0000000707800000, 0x0000000707800000|100%| O|  |TAMS 0x0000000707600000, 0x0000000707600000| Untracked 
|  13|0x0000000707800000, 0x0000000707800000, 0x0000000707a00000|  0%| F|  |TAMS 0x0000000707800000, 0x0000000707800000| Untracked 
|  14|0x0000000707a00000, 0x0000000707c00000, 0x0000000707c00000|100%| O|  |TAMS 0x0000000707a00000, 0x0000000707a00000| Untracked 
|  15|0x0000000707c00000, 0x0000000707e00000, 0x0000000707e00000|100%| O|  |TAMS 0x0000000707c00000, 0x0000000707c00000| Untracked 
|  16|0x0000000707e00000, 0x0000000708000000, 0x0000000708000000|100%| O|  |TAMS 0x0000000707e00000, 0x0000000707e00000| Untracked 
|  17|0x0000000708000000, 0x00000007081f3a00, 0x0000000708200000| 97%| O|  |TAMS 0x0000000708000000, 0x0000000708000000| Untracked 
|  18|0x0000000708200000, 0x0000000708400000, 0x0000000708400000|100%|HS|  |TAMS 0x0000000708200000, 0x0000000708200000| Complete 
|  19|0x0000000708400000, 0x0000000708600000, 0x0000000708600000|100%|HC|  |TAMS 0x0000000708400000, 0x0000000708400000| Complete 
|  20|0x0000000708600000, 0x0000000708600000, 0x0000000708800000|  0%| F|  |TAMS 0x0000000708600000, 0x0000000708600000| Untracked 
|  21|0x0000000708800000, 0x0000000708800000, 0x0000000708a00000|  0%| F|  |TAMS 0x0000000708800000, 0x0000000708800000| Untracked 
|  22|0x0000000708a00000, 0x0000000708a00000, 0x0000000708c00000|  0%| F|  |TAMS 0x0000000708a00000, 0x0000000708a00000| Untracked 
|  23|0x0000000708c00000, 0x0000000708c00000, 0x0000000708e00000|  0%| F|  |TAMS 0x0000000708c00000, 0x0000000708c00000| Untracked 
|  24|0x0000000708e00000, 0x0000000708e00000, 0x0000000709000000|  0%| F|  |TAMS 0x0000000708e00000, 0x0000000708e00000| Untracked 
|  25|0x0000000709000000, 0x0000000709000000, 0x0000000709200000|  0%| F|  |TAMS 0x0000000709000000, 0x0000000709000000| Untracked 
|  26|0x0000000709200000, 0x0000000709200000, 0x0000000709400000|  0%| F|  |TAMS 0x0000000709200000, 0x0000000709200000| Untracked 
|  27|0x0000000709400000, 0x0000000709400000, 0x0000000709600000|  0%| F|  |TAMS 0x0000000709400000, 0x0000000709400000| Untracked 
|  28|0x0000000709600000, 0x000000070963bf00, 0x0000000709800000| 11%| S|CS|TAMS 0x0000000709600000, 0x0000000709600000| Complete 
|  29|0x0000000709800000, 0x0000000709a00000, 0x0000000709a00000|100%| S|CS|TAMS 0x0000000709800000, 0x0000000709800000| Complete 
|  30|0x0000000709a00000, 0x0000000709c00000, 0x0000000709c00000|100%| S|CS|TAMS 0x0000000709a00000, 0x0000000709a00000| Complete 
|  31|0x0000000709c00000, 0x0000000709c00000, 0x0000000709e00000|  0%| F|  |TAMS 0x0000000709c00000, 0x0000000709c00000| Untracked 
|  32|0x0000000709e00000, 0x0000000709e00000, 0x000000070a000000|  0%| F|  |TAMS 0x0000000709e00000, 0x0000000709e00000| Untracked 
|  33|0x000000070a000000, 0x000000070a000000, 0x000000070a200000|  0%| F|  |TAMS 0x000000070a000000, 0x000000070a000000| Untracked 
|  34|0x000000070a200000, 0x000000070a400000, 0x000000070a400000|100%| S|CS|TAMS 0x000000070a200000, 0x000000070a200000| Complete 
|  35|0x000000070a400000, 0x000000070a600000, 0x000000070a600000|100%| S|CS|TAMS 0x000000070a400000, 0x000000070a400000| Complete 
|  36|0x000000070a600000, 0x000000070a800000, 0x000000070a800000|100%| S|CS|TAMS 0x000000070a600000, 0x000000070a600000| Complete 
|  37|0x000000070a800000, 0x000000070a800000, 0x000000070aa00000|  0%| F|  |TAMS 0x000000070a800000, 0x000000070a800000| Untracked 
|  38|0x000000070aa00000, 0x000000070ac00000, 0x000000070ac00000|100%| S|CS|TAMS 0x000000070aa00000, 0x000000070aa00000| Complete 
|  39|0x000000070ac00000, 0x000000070ac00000, 0x000000070ae00000|  0%| F|  |TAMS 0x000000070ac00000, 0x000000070ac00000| Untracked 
|  40|0x000000070ae00000, 0x000000070ae00000, 0x000000070b000000|  0%| F|  |TAMS 0x000000070ae00000, 0x000000070ae00000| Untracked 
|  41|0x000000070b000000, 0x000000070b000000, 0x000000070b200000|  0%| F|  |TAMS 0x000000070b000000, 0x000000070b000000| Untracked 
|  42|0x000000070b200000, 0x000000070b200000, 0x000000070b400000|  0%| F|  |TAMS 0x000000070b200000, 0x000000070b200000| Untracked 
|  43|0x000000070b400000, 0x000000070b400000, 0x000000070b600000|  0%| F|  |TAMS 0x000000070b400000, 0x000000070b400000| Untracked 
|  44|0x000000070b600000, 0x000000070b600000, 0x000000070b800000|  0%| F|  |TAMS 0x000000070b600000, 0x000000070b600000| Untracked 
|  45|0x000000070b800000, 0x000000070b800000, 0x000000070ba00000|  0%| F|  |TAMS 0x000000070b800000, 0x000000070b800000| Untracked 
|  46|0x000000070ba00000, 0x000000070ba00000, 0x000000070bc00000|  0%| F|  |TAMS 0x000000070ba00000, 0x000000070ba00000| Untracked 
|  47|0x000000070bc00000, 0x000000070bc00000, 0x000000070be00000|  0%| F|  |TAMS 0x000000070bc00000, 0x000000070bc00000| Untracked 
|  48|0x000000070be00000, 0x000000070be00000, 0x000000070c000000|  0%| F|  |TAMS 0x000000070be00000, 0x000000070be00000| Untracked 
|  49|0x000000070c000000, 0x000000070c000000, 0x000000070c200000|  0%| F|  |TAMS 0x000000070c000000, 0x000000070c000000| Untracked 
|  50|0x000000070c200000, 0x000000070c200000, 0x000000070c400000|  0%| F|  |TAMS 0x000000070c200000, 0x000000070c200000| Untracked 
|  51|0x000000070c400000, 0x000000070c400000, 0x000000070c600000|  0%| F|  |TAMS 0x000000070c400000, 0x000000070c400000| Untracked 
|  52|0x000000070c600000, 0x000000070c600000, 0x000000070c800000|  0%| F|  |TAMS 0x000000070c600000, 0x000000070c600000| Untracked 
|  53|0x000000070c800000, 0x000000070c800000, 0x000000070ca00000|  0%| F|  |TAMS 0x000000070c800000, 0x000000070c800000| Untracked 
|  54|0x000000070ca00000, 0x000000070ca00000, 0x000000070cc00000|  0%| F|  |TAMS 0x000000070ca00000, 0x000000070ca00000| Untracked 
|  55|0x000000070cc00000, 0x000000070cc00000, 0x000000070ce00000|  0%| F|  |TAMS 0x000000070cc00000, 0x000000070cc00000| Untracked 
|  56|0x000000070ce00000, 0x000000070ce00000, 0x000000070d000000|  0%| F|  |TAMS 0x000000070ce00000, 0x000000070ce00000| Untracked 
|  57|0x000000070d000000, 0x000000070d000000, 0x000000070d200000|  0%| F|  |TAMS 0x000000070d000000, 0x000000070d000000| Untracked 
|  58|0x000000070d200000, 0x000000070d200000, 0x000000070d400000|  0%| F|  |TAMS 0x000000070d200000, 0x000000070d200000| Untracked 
|  59|0x000000070d400000, 0x000000070d400000, 0x000000070d600000|  0%| F|  |TAMS 0x000000070d400000, 0x000000070d400000| Untracked 
|  60|0x000000070d600000, 0x000000070d600000, 0x000000070d800000|  0%| F|  |TAMS 0x000000070d600000, 0x000000070d600000| Untracked 
|  61|0x000000070d800000, 0x000000070d800000, 0x000000070da00000|  0%| F|  |TAMS 0x000000070d800000, 0x000000070d800000| Untracked 
|  62|0x000000070da00000, 0x000000070da00000, 0x000000070dc00000|  0%| F|  |TAMS 0x000000070da00000, 0x000000070da00000| Untracked 
|  63|0x000000070dc00000, 0x000000070dc00000, 0x000000070de00000|  0%| F|  |TAMS 0x000000070dc00000, 0x000000070dc00000| Untracked 
|  64|0x000000070de00000, 0x000000070de00000, 0x000000070e000000|  0%| F|  |TAMS 0x000000070de00000, 0x000000070de00000| Untracked 
|  65|0x000000070e000000, 0x000000070e000000, 0x000000070e200000|  0%| F|  |TAMS 0x000000070e000000, 0x000000070e000000| Untracked 
|  66|0x000000070e200000, 0x000000070e400000, 0x000000070e400000|100%| E|  |TAMS 0x000000070e200000, 0x000000070e200000| Complete 
|  67|0x000000070e400000, 0x000000070e600000, 0x000000070e600000|100%| E|CS|TAMS 0x000000070e400000, 0x000000070e400000| Complete 
|  68|0x000000070e600000, 0x000000070e800000, 0x000000070e800000|100%| E|CS|TAMS 0x000000070e600000, 0x000000070e600000| Complete 
|  69|0x000000070e800000, 0x000000070ea00000, 0x000000070ea00000|100%| E|CS|TAMS 0x000000070e800000, 0x000000070e800000| Complete 
|  70|0x000000070ea00000, 0x000000070ec00000, 0x000000070ec00000|100%| E|CS|TAMS 0x000000070ea00000, 0x000000070ea00000| Complete 
|  71|0x000000070ec00000, 0x000000070ee00000, 0x000000070ee00000|100%| E|  |TAMS 0x000000070ec00000, 0x000000070ec00000| Complete 
|  72|0x000000070ee00000, 0x000000070f000000, 0x000000070f000000|100%| E|CS|TAMS 0x000000070ee00000, 0x000000070ee00000| Complete 
|  73|0x000000070f000000, 0x000000070f200000, 0x000000070f200000|100%| E|CS|TAMS 0x000000070f000000, 0x000000070f000000| Complete 
|  74|0x000000070f200000, 0x000000070f400000, 0x000000070f400000|100%| E|CS|TAMS 0x000000070f200000, 0x000000070f200000| Complete 
|  75|0x000000070f400000, 0x000000070f600000, 0x000000070f600000|100%| E|CS|TAMS 0x000000070f400000, 0x000000070f400000| Complete 
|  76|0x000000070f600000, 0x000000070f800000, 0x000000070f800000|100%| E|CS|TAMS 0x000000070f600000, 0x000000070f600000| Complete 
|  77|0x000000070f800000, 0x000000070fa00000, 0x000000070fa00000|100%| E|CS|TAMS 0x000000070f800000, 0x000000070f800000| Complete 
|  78|0x000000070fa00000, 0x000000070fc00000, 0x000000070fc00000|100%| E|CS|TAMS 0x000000070fa00000, 0x000000070fa00000| Complete 
|  79|0x000000070fc00000, 0x000000070fe00000, 0x000000070fe00000|100%| E|CS|TAMS 0x000000070fc00000, 0x000000070fc00000| Complete 
|  80|0x000000070fe00000, 0x0000000710000000, 0x0000000710000000|100%| E|CS|TAMS 0x000000070fe00000, 0x000000070fe00000| Complete 
|  81|0x0000000710000000, 0x0000000710200000, 0x0000000710200000|100%| E|CS|TAMS 0x0000000710000000, 0x0000000710000000| Complete 
|  82|0x0000000710200000, 0x0000000710400000, 0x0000000710400000|100%| E|CS|TAMS 0x0000000710200000, 0x0000000710200000| Complete 
|  83|0x0000000710400000, 0x0000000710600000, 0x0000000710600000|100%| E|CS|TAMS 0x0000000710400000, 0x0000000710400000| Complete 
|  84|0x0000000710600000, 0x0000000710800000, 0x0000000710800000|100%| E|CS|TAMS 0x0000000710600000, 0x0000000710600000| Complete 
|  85|0x0000000710800000, 0x0000000710a00000, 0x0000000710a00000|100%| E|CS|TAMS 0x0000000710800000, 0x0000000710800000| Complete 
|  86|0x0000000710a00000, 0x0000000710c00000, 0x0000000710c00000|100%| E|CS|TAMS 0x0000000710a00000, 0x0000000710a00000| Complete 
|  87|0x0000000710c00000, 0x0000000710e00000, 0x0000000710e00000|100%| E|CS|TAMS 0x0000000710c00000, 0x0000000710c00000| Complete 
|  88|0x0000000710e00000, 0x0000000711000000, 0x0000000711000000|100%| E|CS|TAMS 0x0000000710e00000, 0x0000000710e00000| Complete 
|  89|0x0000000711000000, 0x0000000711200000, 0x0000000711200000|100%| E|CS|TAMS 0x0000000711000000, 0x0000000711000000| Complete 
|  90|0x0000000711200000, 0x0000000711400000, 0x0000000711400000|100%| E|CS|TAMS 0x0000000711200000, 0x0000000711200000| Complete 
|  91|0x0000000711400000, 0x0000000711600000, 0x0000000711600000|100%| E|CS|TAMS 0x0000000711400000, 0x0000000711400000| Complete 
|  92|0x0000000711600000, 0x0000000711800000, 0x0000000711800000|100%| E|CS|TAMS 0x0000000711600000, 0x0000000711600000| Complete 
|  93|0x0000000711800000, 0x0000000711a00000, 0x0000000711a00000|100%| E|CS|TAMS 0x0000000711800000, 0x0000000711800000| Complete 
|  94|0x0000000711a00000, 0x0000000711c00000, 0x0000000711c00000|100%| E|CS|TAMS 0x0000000711a00000, 0x0000000711a00000| Complete 
| 125|0x0000000715800000, 0x0000000715a00000, 0x0000000715a00000|100%| E|CS|TAMS 0x0000000715800000, 0x0000000715800000| Complete 
|1993|0x00000007ff000000, 0x00000007ff200000, 0x00000007ff200000|100%| O|  |TAMS 0x00000007ff200000, 0x00000007ff000000| Untracked 
|1994|0x00000007ff200000, 0x00000007ff400000, 0x00000007ff400000|100%| O|  |TAMS 0x00000007ff400000, 0x00000007ff200000| Untracked 
|1995|0x00000007ff400000, 0x00000007ff600000, 0x00000007ff600000|100%| O|  |TAMS 0x00000007ff600000, 0x00000007ff400000| Untracked 
|1996|0x00000007ff600000, 0x00000007ff800000, 0x00000007ff800000|100%| O|  |TAMS 0x00000007ff800000, 0x00000007ff600000| Untracked 
|1997|0x00000007ff800000, 0x00000007ffa00000, 0x00000007ffa00000|100%| O|  |TAMS 0x00000007ffa00000, 0x00000007ff800000| Untracked 
|1998|0x00000007ffa00000, 0x00000007ffc00000, 0x00000007ffc00000|100%| O|  |TAMS 0x00000007ffc00000, 0x00000007ffa00000| Untracked 
|1999|0x00000007ffc00000, 0x00000007ffe00000, 0x00000007ffe00000|100%| O|  |TAMS 0x00000007ffe00000, 0x00000007ffc00000| Untracked 
|2000|0x00000007ffe00000, 0x0000000800000000, 0x0000000800000000|100%| O|  |TAMS 0x0000000800000000, 0x00000007ffe00000| Untracked 

Card table byte_map: [0x00000253f6540000,0x00000253f6d20000] _byte_map_base: 0x00000253f2d11000

Marking Bits (Prev, Next): (CMBitMap*) 0x00000253de5f3310, (CMBitMap*) 0x00000253de5f3350
 Prev Bits: [0x00000253f7500000, 0x00000253fb388000)
 Next Bits: [0x00000253fb390000, 0x00000253ff218000)

Polling page: 0x00000253dc4f0000

Metaspace:

Usage:
  Non-class:     31.44 MB used.
      Class:      3.62 MB used.
       Both:     35.07 MB used.

Virtual space:
  Non-class space:       64.00 MB reserved,      31.75 MB ( 50%) committed,  1 nodes.
      Class space:        1.00 GB reserved,       3.94 MB ( <1%) committed,  1 nodes.
             Both:        1.06 GB reserved,      35.69 MB (  3%) committed. 

Chunk freelists:
   Non-Class:  3.41 MB
       Class:  76.00 KB
        Both:  3.48 MB

MaxMetaspaceSize: unlimited
CompressedClassSpaceSize: 1.00 GB
Initial GC threshold: 21.00 MB
Current GC threshold: 41.88 MB
CDS: on
MetaspaceReclaimPolicy: balanced
 - commit_granule_bytes: 65536.
 - commit_granule_words: 8192.
 - virtual_space_node_default_size: 8388608.
 - enlarge_chunks_in_place: 1.
 - new_chunks_are_fully_committed: 0.
 - uncommit_free_chunks: 1.
 - use_allocation_guard: 0.


Internal statistics:

num_allocs_failed_limit: 3.
num_arena_births: 768.
num_arena_deaths: 0.
num_vsnodes_births: 2.
num_vsnodes_deaths: 0.
num_space_committed: 571.
num_space_uncommitted: 0.
num_chunks_returned_to_freelist: 3.
num_chunks_taken_from_freelist: 2193.
num_chunk_merges: 3.
num_chunk_splits: 1506.
num_chunks_enlarged: 1065.
num_inconsistent_stats: 0.

CodeHeap 'non-profiled nmethods': size=119168Kb used=6742Kb max_used=6907Kb free=112425Kb
 bounds [0x00000253ee080000, 0x00000253ee750000, 0x00000253f54e0000]
CodeHeap 'profiled nmethods': size=119104Kb used=21731Kb max_used=22539Kb free=97372Kb
 bounds [0x00000253e64e0000, 0x00000253e7af0000, 0x00000253ed930000]
CodeHeap 'non-nmethods': size=7488Kb used=3032Kb max_used=3139Kb free=4455Kb
 bounds [0x00000253ed930000, 0x00000253edc50000, 0x00000253ee080000]
 total_blobs=10164 nmethods=9588 adapters=483
 compilation: enabled
              stopped_count=0, restarted_count=0
 full_count=0

Compilation events (20 events):
Event: 6.377 Thread 0x0000025389bc1760 11725   !   4       java.util.zip.Inflater::reset (64 bytes)
Event: 6.379 Thread 0x00000253821d98b0 11726 %     3       java.util.jar.Manifest$FastInputStream::readLine @ 86 (296 bytes)
Event: 6.379 Thread 0x00000253821d98b0 nmethod 11726% 0x00000253e6a1b810 code [0x00000253e6a1ba40, 0x00000253e6a1c568]
Event: 6.380 Thread 0x0000025389bc11d0 11727       4       java.util.zip.ZipFile::getZipEntry (322 bytes)
Event: 6.380 Thread 0x0000025389bc1760 nmethod 11725 0x00000253ee565690 code [0x00000253ee565820, 0x00000253ee565c88]
Event: 6.381 Thread 0x0000025386538440 11728       3       java.util.jar.Manifest$FastInputStream::readLine (296 bytes)
Event: 6.382 Thread 0x0000025386538440 nmethod 11728 0x00000253e6aff210 code [0x00000253e6aff440, 0x00000253e6affd48]
Event: 6.384 Thread 0x0000025389bc1760 11729       4       java.util.jar.Attributes::get (11 bytes)
Event: 6.384 Thread 0x0000025386533690 11730       3       java.util.jar.JarFile::<init> (11 bytes)
Event: 6.385 Thread 0x0000025386533690 nmethod 11730 0x00000253e7572390 code [0x00000253e7572540, 0x00000253e7572688]
Event: 6.387 Thread 0x0000025386533690 11731       3       java.util.Hashtable::<init> (8 bytes)
Event: 6.387 Thread 0x0000025386533690 nmethod 11731 0x00000253e716fc90 code [0x00000253e716fe60, 0x00000253e716ffa8]
Event: 6.388 Thread 0x0000025386538440 11733       3       java.util.jar.JarFile::<init> (8 bytes)
Event: 6.388 Thread 0x0000025386538440 nmethod 11733 0x00000253e7572b90 code [0x00000253e7572d40, 0x00000253e7572e88]
Event: 6.391 Thread 0x0000025389bc1760 nmethod 11729 0x00000253ee564e90 code [0x00000253ee565040, 0x00000253ee5653d8]
Event: 6.392 Thread 0x0000025389bc1760 11732       4       java.util.jar.Manifest$FastInputStream::readLine (296 bytes)
Event: 6.405 Thread 0x0000025389bc11d0 nmethod 11727 0x00000253ee633e90 code [0x00000253ee634080, 0x00000253ee635418]
Event: 6.405 Thread 0x0000025389bc1760 nmethod 11732 0x00000253ee564190 code [0x00000253ee564340, 0x00000253ee564a58]
Event: 6.415 Thread 0x000002538649c820 11734       3       org.codehaus.plexus.classworlds.realm.Entry::matches (282 bytes)
Event: 6.420 Thread 0x000002538649c820 nmethod 11734 0x00000253e7191d90 code [0x00000253e7192480, 0x00000253e7195f58]

GC Heap History (20 events):
Event: 3.163 GC heap before
{Heap before GC invocations=10 (full 0):
 garbage-first heap   total 120832K, used 86947K [0x0000000705e00000, 0x0000000800000000)
  region size 2048K, 22 young (45056K), 2 survivors (4096K)
 Metaspace       used 26921K, committed 27264K, reserved 1114112K
  class space    used 2808K, committed 3008K, reserved 1048576K
}
Event: 3.169 GC heap after
{Heap after GC invocations=11 (full 0):
 garbage-first heap   total 120832K, used 52151K [0x0000000705e00000, 0x0000000800000000)
  region size 2048K, 3 young (6144K), 3 survivors (6144K)
 Metaspace       used 26921K, committed 27264K, reserved 1114112K
  class space    used 2808K, committed 3008K, reserved 1048576K
}
Event: 3.186 GC heap before
{Heap before GC invocations=11 (full 0):
 garbage-first heap   total 120832K, used 54199K [0x0000000705e00000, 0x0000000800000000)
  region size 2048K, 4 young (8192K), 3 survivors (6144K)
 Metaspace       used 27109K, committed 27456K, reserved 1114112K
  class space    used 2826K, committed 3008K, reserved 1048576K
}
Event: 3.191 GC heap after
{Heap after GC invocations=12 (full 0):
 garbage-first heap   total 120832K, used 51886K [0x0000000705e00000, 0x0000000800000000)
  region size 2048K, 1 young (2048K), 1 survivors (2048K)
 Metaspace       used 27109K, committed 27456K, reserved 1114112K
  class space    used 2826K, committed 3008K, reserved 1048576K
}
Event: 3.426 GC heap before
{Heap before GC invocations=12 (full 0):
 garbage-first heap   total 120832K, used 86702K [0x0000000705e00000, 0x0000000800000000)
  region size 2048K, 19 young (38912K), 1 survivors (2048K)
 Metaspace       used 27573K, committed 28032K, reserved 1114112K
  class space    used 2866K, committed 3072K, reserved 1048576K
}
Event: 3.427 GC heap after
{Heap after GC invocations=13 (full 0):
 garbage-first heap   total 120832K, used 51624K [0x0000000705e00000, 0x0000000800000000)
  region size 2048K, 1 young (2048K), 1 survivors (2048K)
 Metaspace       used 27573K, committed 28032K, reserved 1114112K
  class space    used 2866K, committed 3072K, reserved 1048576K
}
Event: 3.486 GC heap before
{Heap before GC invocations=13 (full 0):
 garbage-first heap   total 120832K, used 90536K [0x0000000705e00000, 0x0000000800000000)
  region size 2048K, 20 young (40960K), 1 survivors (2048K)
 Metaspace       used 27646K, committed 28096K, reserved 1114112K
  class space    used 2872K, committed 3072K, reserved 1048576K
}
Event: 3.487 GC heap after
{Heap after GC invocations=14 (full 0):
 garbage-first heap   total 120832K, used 51594K [0x0000000705e00000, 0x0000000800000000)
  region size 2048K, 1 young (2048K), 1 survivors (2048K)
 Metaspace       used 27646K, committed 28096K, reserved 1114112K
  class space    used 2872K, committed 3072K, reserved 1048576K
}
Event: 3.681 GC heap before
{Heap before GC invocations=14 (full 0):
 garbage-first heap   total 120832K, used 94602K [0x0000000705e00000, 0x0000000800000000)
  region size 2048K, 22 young (45056K), 1 survivors (2048K)
 Metaspace       used 28267K, committed 28800K, reserved 1114112K
  class space    used 2952K, committed 3200K, reserved 1048576K
}
Event: 3.683 GC heap after
{Heap after GC invocations=15 (full 0):
 garbage-first heap   total 120832K, used 52278K [0x0000000705e00000, 0x0000000800000000)
  region size 2048K, 1 young (2048K), 1 survivors (2048K)
 Metaspace       used 28267K, committed 28800K, reserved 1114112K
  class space    used 2952K, committed 3200K, reserved 1048576K
}
Event: 3.773 GC heap before
{Heap before GC invocations=15 (full 0):
 garbage-first heap   total 120832K, used 97334K [0x0000000705e00000, 0x0000000800000000)
  region size 2048K, 23 young (47104K), 1 survivors (2048K)
 Metaspace       used 28436K, committed 28992K, reserved 1114112K
  class space    used 2963K, committed 3264K, reserved 1048576K
}
Event: 3.776 GC heap after
{Heap after GC invocations=16 (full 0):
 garbage-first heap   total 212992K, used 53092K [0x0000000705e00000, 0x0000000800000000)
  region size 2048K, 1 young (2048K), 1 survivors (2048K)
 Metaspace       used 28436K, committed 28992K, reserved 1114112K
  class space    used 2963K, committed 3264K, reserved 1048576K
}
Event: 4.009 GC heap before
{Heap before GC invocations=16 (full 0):
 garbage-first heap   total 212992K, used 169828K [0x0000000705e00000, 0x0000000800000000)
  region size 2048K, 58 young (118784K), 1 survivors (2048K)
 Metaspace       used 28625K, committed 29184K, reserved 1114112K
  class space    used 2968K, committed 3264K, reserved 1048576K
}
Event: 4.011 GC heap after
{Heap after GC invocations=17 (full 0):
 garbage-first heap   total 212992K, used 54915K [0x0000000705e00000, 0x0000000800000000)
  region size 2048K, 2 young (4096K), 2 survivors (4096K)
 Metaspace       used 28625K, committed 29184K, reserved 1114112K
  class space    used 2968K, committed 3264K, reserved 1048576K
}
Event: 4.380 GC heap before
{Heap before GC invocations=17 (full 0):
 garbage-first heap   total 212992K, used 171651K [0x0000000705e00000, 0x0000000800000000)
  region size 2048K, 59 young (120832K), 2 survivors (4096K)
 Metaspace       used 29458K, committed 30016K, reserved 1114112K
  class space    used 3065K, committed 3328K, reserved 1048576K
}
Event: 4.383 GC heap after
{Heap after GC invocations=18 (full 0):
 garbage-first heap   total 212992K, used 55484K [0x0000000705e00000, 0x0000000800000000)
  region size 2048K, 3 young (6144K), 3 survivors (6144K)
 Metaspace       used 29458K, committed 30016K, reserved 1114112K
  class space    used 3065K, committed 3328K, reserved 1048576K
}
Event: 5.381 GC heap before
{Heap before GC invocations=18 (full 0):
 garbage-first heap   total 212992K, used 174268K [0x0000000705e00000, 0x0000000800000000)
  region size 2048K, 61 young (124928K), 3 survivors (6144K)
 Metaspace       used 31642K, committed 32256K, reserved 1114112K
  class space    used 3239K, committed 3520K, reserved 1048576K
}
Event: 5.387 GC heap after
{Heap after GC invocations=19 (full 0):
 garbage-first heap   total 212992K, used 58476K [0x0000000705e00000, 0x0000000800000000)
  region size 2048K, 4 young (8192K), 4 survivors (8192K)
 Metaspace       used 31642K, committed 32256K, reserved 1114112K
  class space    used 3239K, committed 3520K, reserved 1048576K
}
Event: 6.051 GC heap before
{Heap before GC invocations=19 (full 0):
 garbage-first heap   total 212992K, used 179308K [0x0000000705e00000, 0x0000000800000000)
  region size 2048K, 61 young (124928K), 4 survivors (8192K)
 Metaspace       used 34307K, committed 34944K, reserved 1114112K
  class space    used 3525K, committed 3840K, reserved 1048576K
}
Event: 6.057 GC heap after
{Heap after GC invocations=20 (full 0):
 garbage-first heap   total 212992K, used 65726K [0x0000000705e00000, 0x0000000800000000)
  region size 2048K, 7 young (14336K), 7 survivors (14336K)
 Metaspace       used 34307K, committed 34944K, reserved 1114112K
  class space    used 3525K, committed 3840K, reserved 1048576K
}

Dll operation events (12 events):
Event: 0.006 Loaded shared library C:\Program Files\Java\jdk-19\bin\java.dll
Event: 0.012 Loaded shared library C:\Program Files\Java\jdk-19\bin\jsvml.dll
Event: 0.040 Loaded shared library C:\Program Files\Java\jdk-19\bin\zip.dll
Event: 0.041 Loaded shared library C:\Program Files\Java\jdk-19\bin\instrument.dll
Event: 0.044 Loaded shared library C:\Program Files\Java\jdk-19\bin\net.dll
Event: 0.045 Loaded shared library C:\Program Files\Java\jdk-19\bin\nio.dll
Event: 0.047 Loaded shared library C:\Program Files\Java\jdk-19\bin\zip.dll
Event: 0.055 Loaded shared library C:\Program Files\JetBrains\IntelliJ IDEA 2022.1.2\bin\breakgen64.dll
Event: 0.060 Loaded shared library C:\Program Files\Java\jdk-19\bin\extnet.dll
Event: 0.104 Loaded shared library C:\Program Files\Java\jdk-19\bin\jimage.dll
Event: 0.139 Loaded shared library C:\Users\99293\AppData\Local\Temp\jansi-2.4.0-c84180a24a0541d5-jansi.dll
Event: 0.145 Loaded shared library C:\Program Files\Java\jdk-19\bin\verify.dll

Deoptimization events (20 events):
Event: 6.414 Thread 0x00000253de57e5e0 Uncommon trap: trap_request=0xffffff45 fr.pc=0x00000253ee2d697c relative=0x000000000000073c
Event: 6.414 Thread 0x00000253de57e5e0 Uncommon trap: reason=unstable_if action=reinterpret pc=0x00000253ee2d697c method=org.codehaus.plexus.classworlds.realm.Entry.matches(Ljava/lang/String;)Z @ 20 c2
Event: 6.414 Thread 0x00000253de57e5e0 DEOPT PACKING pc=0x00000253ee2d697c sp=0x00000071be3fdbe0
Event: 6.414 Thread 0x00000253de57e5e0 DEOPT UNPACKING pc=0x00000253ed996da3 sp=0x00000071be3fdb68 mode 2
Event: 6.414 Thread 0x00000253de57e5e0 Uncommon trap: trap_request=0xffffffc6 fr.pc=0x00000253ee3b40b8 relative=0x0000000000000098
Event: 6.414 Thread 0x00000253de57e5e0 Uncommon trap: reason=bimorphic_or_optimized_type_check action=maybe_recompile pc=0x00000253ee3b40b8 method=java.util.Collections$3.hasMoreElements()Z @ 4 c2
Event: 6.414 Thread 0x00000253de57e5e0 DEOPT PACKING pc=0x00000253ee3b40b8 sp=0x00000071be3fdd10
Event: 6.414 Thread 0x00000253de57e5e0 DEOPT UNPACKING pc=0x00000253ed996da3 sp=0x00000071be3fdca0 mode 2
Event: 6.414 Thread 0x00000253de57e5e0 Uncommon trap: trap_request=0xffffffc6 fr.pc=0x00000253ee3b40b8 relative=0x0000000000000098
Event: 6.414 Thread 0x00000253de57e5e0 Uncommon trap: reason=bimorphic_or_optimized_type_check action=maybe_recompile pc=0x00000253ee3b40b8 method=java.util.Collections$3.hasMoreElements()Z @ 4 c2
Event: 6.414 Thread 0x00000253de57e5e0 DEOPT PACKING pc=0x00000253ee3b40b8 sp=0x00000071be3fdd70
Event: 6.414 Thread 0x00000253de57e5e0 DEOPT UNPACKING pc=0x00000253ed996da3 sp=0x00000071be3fdd00 mode 2
Event: 6.414 Thread 0x00000253de57e5e0 Uncommon trap: trap_request=0xffffffc6 fr.pc=0x00000253ee3b40b8 relative=0x0000000000000098
Event: 6.414 Thread 0x00000253de57e5e0 Uncommon trap: reason=bimorphic_or_optimized_type_check action=maybe_recompile pc=0x00000253ee3b40b8 method=java.util.Collections$3.hasMoreElements()Z @ 4 c2
Event: 6.414 Thread 0x00000253de57e5e0 DEOPT PACKING pc=0x00000253ee3b40b8 sp=0x00000071be3fde80
Event: 6.414 Thread 0x00000253de57e5e0 DEOPT UNPACKING pc=0x00000253ed996da3 sp=0x00000071be3fde10 mode 2
Event: 6.414 Thread 0x00000253de57e5e0 Uncommon trap: trap_request=0xffffffc6 fr.pc=0x00000253ee3b40b8 relative=0x0000000000000098
Event: 6.414 Thread 0x00000253de57e5e0 Uncommon trap: reason=bimorphic_or_optimized_type_check action=maybe_recompile pc=0x00000253ee3b40b8 method=java.util.Collections$3.hasMoreElements()Z @ 4 c2
Event: 6.415 Thread 0x00000253de57e5e0 DEOPT PACKING pc=0x00000253ee3b40b8 sp=0x00000071be3fdf60
Event: 6.415 Thread 0x00000253de57e5e0 DEOPT UNPACKING pc=0x00000253ed996da3 sp=0x00000071be3fdef0 mode 2

Classes loaded (20 events):
Event: 6.123 Loading class java/util/concurrent/ConcurrentLinkedDeque$AbstractItr done
Event: 6.123 Loading class java/util/concurrent/ConcurrentLinkedDeque$Itr done
Event: 6.306 Loading class javax/management/ReflectionException
Event: 6.306 Loading class javax/management/JMException
Event: 6.306 Loading class javax/management/JMException done
Event: 6.306 Loading class javax/management/ReflectionException done
Event: 6.306 Loading class javax/management/MBeanServerConnection
Event: 6.306 Loading class javax/management/MBeanServerConnection done
Event: 6.314 Loading class javax/management/InstanceNotFoundException
Event: 6.314 Loading class javax/management/OperationsException
Event: 6.314 Loading class javax/management/OperationsException done
Event: 6.314 Loading class javax/management/InstanceNotFoundException done
Event: 6.331 Loading class java/util/jar/JarOutputStream
Event: 6.331 Loading class java/util/zip/ZipOutputStream
Event: 6.331 Loading class java/util/zip/ZipOutputStream done
Event: 6.331 Loading class java/util/jar/JarOutputStream done
Event: 6.417 Loading class java/lang/invoke/DirectMethodHandle$Special
Event: 6.417 Loading class java/lang/invoke/DirectMethodHandle$Special done
Event: 6.436 Loading class java/util/jar/JarInputStream
Event: 6.436 Loading class java/util/jar/JarInputStream done

Classes unloaded (0 events):
No events

Classes redefined (0 events):
No events

Internal exceptions (20 events):
Event: 5.574 Thread 0x00000253de57e5e0 Exception <a 'sun/nio/fs/WindowsException'{0x000000070f058710}> (0x000000070f058710) 
thrown [s\open\src\hotspot\share\prims\jni.cpp, line 517]
Event: 5.574 Thread 0x00000253de57e5e0 Exception <a 'sun/nio/fs/WindowsException'{0x000000070f05a238}> (0x000000070f05a238) 
thrown [s\open\src\hotspot\share\prims\jni.cpp, line 517]
Event: 5.574 Thread 0x00000253de57e5e0 Exception <a 'sun/nio/fs/WindowsException'{0x000000070f05a6a8}> (0x000000070f05a6a8) 
thrown [s\open\src\hotspot\share\prims\jni.cpp, line 517]
Event: 5.578 Thread 0x00000253de57e5e0 Exception <a 'sun/nio/fs/WindowsException'{0x000000070f129e50}> (0x000000070f129e50) 
thrown [s\open\src\hotspot\share\prims\jni.cpp, line 517]
Event: 5.578 Thread 0x00000253de57e5e0 Exception <a 'sun/nio/fs/WindowsException'{0x000000070f12a560}> (0x000000070f12a560) 
thrown [s\open\src\hotspot\share\prims\jni.cpp, line 517]
Event: 5.578 Thread 0x00000253de57e5e0 Exception <a 'sun/nio/fs/WindowsException'{0x000000070f12b800}> (0x000000070f12b800) 
thrown [s\open\src\hotspot\share\prims\jni.cpp, line 517]
Event: 5.579 Thread 0x00000253de57e5e0 Exception <a 'sun/nio/fs/WindowsException'{0x000000070f146700}> (0x000000070f146700) 
thrown [s\open\src\hotspot\share\prims\jni.cpp, line 517]
Event: 5.579 Thread 0x00000253de57e5e0 Exception <a 'sun/nio/fs/WindowsException'{0x000000070f146e60}> (0x000000070f146e60) 
thrown [s\open\src\hotspot\share\prims\jni.cpp, line 517]
Event: 5.579 Thread 0x00000253de57e5e0 Exception <a 'sun/nio/fs/WindowsException'{0x000000070f148358}> (0x000000070f148358) 
thrown [s\open\src\hotspot\share\prims\jni.cpp, line 517]
Event: 5.635 Thread 0x00000253de57e5e0 Implicit null exception at 0x00000253ee2c8172 to 0x00000253ee2cd734
Event: 5.635 Thread 0x00000253de57e5e0 Implicit null exception at 0x00000253ee2bc2f2 to 0x00000253ee2c03c4
Event: 5.636 Thread 0x00000253de57e5e0 Implicit null exception at 0x00000253ee2afd7a to 0x00000253ee2b1008
Event: 5.806 Thread 0x000002538dd67b80 Exception <a 'java/lang/NoSuchMethodError'{0x000000070d63b878}: 'java.lang.Object java.lang.invoke.DirectMethodHandle$Holder.invokeStatic(java.lang.Object, long, java.lang.Object)'> (0x000000070d63b878) 
thrown [s\open\src\hotspot\share\interpreter\linkResolver.cpp, line 774]
Event: 5.806 Thread 0x000002538dd67b80 Exception <a 'java/lang/NoSuchMethodError'{0x000000070d63eec8}: 'java.lang.Object java.lang.invoke.DirectMethodHandle$Holder.invokeStaticInit(java.lang.Object, long, java.lang.Object)'> (0x000000070d63eec8) 
thrown [s\open\src\hotspot\share\interpreter\linkResolver.cpp, line 774]
Event: 5.807 Thread 0x000002538dd67b80 Exception <a 'java/lang/NoSuchMethodError'{0x000000070d644b18}: 'java.lang.Object java.lang.invoke.DirectMethodHandle$Holder.newInvokeSpecial(java.lang.Object, long)'> (0x000000070d644b18) 
thrown [s\open\src\hotspot\share\interpreter\linkResolver.cpp, line 774]
Event: 5.808 Thread 0x000002538dd67b80 Exception <a 'java/lang/NoSuchMethodError'{0x000000070d6493a8}: 'long java.lang.invoke.DirectMethodHandle$Holder.invokeInterface(java.lang.Object, java.lang.Object)'> (0x000000070d6493a8) 
thrown [s\open\src\hotspot\share\interpreter\linkResolver.cpp, line 774]
Event: 5.808 Thread 0x000002538dd67b80 Exception <a 'java/lang/NoSuchMethodError'{0x000000070d64cd10}: 'long java.lang.invoke.DelegatingMethodHandle$Holder.reinvoke_L(java.lang.Object, java.lang.Object)'> (0x000000070d64cd10) 
thrown [s\open\src\hotspot\share\interpreter\linkResolver.cpp, line 774]
Event: 5.811 Thread 0x00000253de57e5e0 Exception <a 'java/lang/NoSuchMethodError'{0x000000070d7867a0}: 'java.lang.String org.apache.maven.execution.MavenExecutionRequest.getFailureBehavior()'> (0x000000070d7867a0) 
thrown [s\open\src\hotspot\share\interpreter\linkResolver.cpp, line 870]
Event: 6.012 Thread 0x00000253de57e5e0 Implicit null exception at 0x00000253ee7289cb to 0x00000253ee728bc0
Event: 6.321 Thread 0x00000253de57e5e0 Exception <a 'java/lang/NoClassDefFoundError'{0x000000070f0fd0c0}: org/sonatype/aether/graph/Dependency> (0x000000070f0fd0c0) 
thrown [s\open\src\hotspot\share\classfile\systemDictionary.cpp, line 244]

VM Operations (20 events):
Event: 5.904 Executing VM operation: ICBufferFull
Event: 5.905 Executing VM operation: ICBufferFull done
Event: 5.970 Executing VM operation: HandshakeAllThreads
Event: 5.970 Executing VM operation: HandshakeAllThreads done
Event: 5.982 Executing VM operation: HandshakeAllThreads
Event: 5.982 Executing VM operation: HandshakeAllThreads done
Event: 6.002 Executing VM operation: HandshakeAllThreads
Event: 6.002 Executing VM operation: HandshakeAllThreads done
Event: 6.030 Executing VM operation: HandshakeAllThreads
Event: 6.030 Executing VM operation: HandshakeAllThreads done
Event: 6.050 Executing VM operation: G1CollectForAllocation
Event: 6.057 Executing VM operation: G1CollectForAllocation done
Event: 6.091 Executing VM operation: HandshakeAllThreads
Event: 6.091 Executing VM operation: HandshakeAllThreads done
Event: 6.119 Executing VM operation: HandshakeAllThreads
Event: 6.119 Executing VM operation: HandshakeAllThreads done
Event: 6.119 Executing VM operation: HandshakeAllThreads
Event: 6.119 Executing VM operation: HandshakeAllThreads done
Event: 6.437 Executing VM operation: HandshakeAllThreads
Event: 6.437 Executing VM operation: HandshakeAllThreads done

Events (20 events):
Event: 6.097 Thread 0x000002538916c5a0 Thread added: 0x000002538916c5a0
Event: 6.098 Thread 0x000002538916bb00 Thread added: 0x000002538916bb00
Event: 6.098 Thread 0x000002538899cde0 Thread added: 0x000002538899cde0
Event: 6.098 Thread 0x00000253889953b0 Thread added: 0x00000253889953b0
Event: 6.142 Thread 0x000002538dd6d5d0 Thread exited: 0x000002538dd6d5d0
Event: 6.142 Thread 0x000002538916c5a0 Thread exited: 0x000002538916c5a0
Event: 6.142 Thread 0x000002538899cde0 Thread exited: 0x000002538899cde0
Event: 6.142 Thread 0x000002538dd6bb40 Thread exited: 0x000002538dd6bb40
Event: 6.142 Thread 0x000002538dd680d0 Thread exited: 0x000002538dd680d0
Event: 6.142 Thread 0x000002538dd67b80 Thread exited: 0x000002538dd67b80
Event: 6.142 Thread 0x000002538dd690c0 Thread exited: 0x000002538dd690c0
Event: 6.142 Thread 0x000002538dd6c090 Thread exited: 0x000002538dd6c090
Event: 6.142 Thread 0x00000253889953b0 Thread exited: 0x00000253889953b0
Event: 6.142 Thread 0x000002538916bb00 Thread exited: 0x000002538916bb00
Event: 6.142 Thread 0x000002538dd6a0b0 Thread exited: 0x000002538dd6a0b0
Event: 6.142 Thread 0x000002538dd68620 Thread exited: 0x000002538dd68620
Event: 6.142 Thread 0x000002538dd6b5f0 Thread exited: 0x000002538dd6b5f0
Event: 6.142 Thread 0x000002538dd6d080 Thread exited: 0x000002538dd6d080
Event: 6.142 Thread 0x000002538dd69610 Thread exited: 0x000002538dd69610
Event: 6.143 Thread 0x000002538dd6b0a0 Thread exited: 0x000002538dd6b0a0


Dynamic libraries:
0x00007ff770220000 - 0x00007ff770230000 	C:\Program Files\Java\jdk-19\bin\java.exe
0x00007ff92f650000 - 0x00007ff92f866000 	C:\WINDOWS\SYSTEM32\ntdll.dll
0x00007ff92ed60000 - 0x00007ff92ee24000 	C:\WINDOWS\System32\KERNEL32.DLL
0x00007ff92cd20000 - 0x00007ff92d0c7000 	C:\WINDOWS\System32\KERNELBASE.dll
0x00007ff92ca90000 - 0x00007ff92cba1000 	C:\WINDOWS\System32\ucrtbase.dll
0x00007ff881360000 - 0x00007ff88137b000 	C:\Program Files\Java\jdk-19\bin\VCRUNTIME140.dll
0x00007ff881380000 - 0x00007ff881398000 	C:\Program Files\Java\jdk-19\bin\jli.dll
0x00007ff92f000000 - 0x00007ff92f0b2000 	C:\WINDOWS\System32\ADVAPI32.dll
0x00007ff92d820000 - 0x00007ff92d8c7000 	C:\WINDOWS\System32\msvcrt.dll
0x00007ff92ee30000 - 0x00007ff92eed8000 	C:\WINDOWS\System32\sechost.dll
0x00007ff92c9b0000 - 0x00007ff92c9d8000 	C:\WINDOWS\System32\bcrypt.dll
0x00007ff92e9b0000 - 0x00007ff92eac5000 	C:\WINDOWS\System32\RPCRT4.dll
0x00007ff92d920000 - 0x00007ff92dace000 	C:\WINDOWS\System32\USER32.dll
0x00007ff92ca60000 - 0x00007ff92ca86000 	C:\WINDOWS\System32\win32u.dll
0x00007ff911d50000 - 0x00007ff911fe3000 	C:\WINDOWS\WinSxS\amd64_microsoft.windows.common-controls_6595b64144ccf1df_6.0.22621.3235_none_270f74e173860f98\COMCTL32.dll
0x00007ff92f1c0000 - 0x00007ff92f1e9000 	C:\WINDOWS\System32\GDI32.dll
0x00007ff92d190000 - 0x00007ff92d2a9000 	C:\WINDOWS\System32\gdi32full.dll
0x00007ff92d2b0000 - 0x00007ff92d34a000 	C:\WINDOWS\System32\msvcp_win.dll
0x00007ff9245d0000 - 0x00007ff9245da000 	C:\WINDOWS\SYSTEM32\VERSION.dll
0x00007ff92d8d0000 - 0x00007ff92d901000 	C:\WINDOWS\System32\IMM32.DLL
0x00007ff8ac4a0000 - 0x00007ff8ac4ac000 	C:\Program Files\Java\jdk-19\bin\vcruntime140_1.dll
0x00007ff8812d0000 - 0x00007ff88135e000 	C:\Program Files\Java\jdk-19\bin\msvcp140.dll
0x00007ff87b360000 - 0x00007ff87c020000 	C:\Program Files\Java\jdk-19\bin\server\jvm.dll
0x00007ff924880000 - 0x00007ff924889000 	C:\WINDOWS\SYSTEM32\WSOCK32.dll
0x00007ff92f0c0000 - 0x00007ff92f131000 	C:\WINDOWS\System32\WS2_32.dll
0x00007ff924800000 - 0x00007ff924834000 	C:\WINDOWS\SYSTEM32\WINMM.dll
0x00007ff92ba70000 - 0x00007ff92ba88000 	C:\WINDOWS\SYSTEM32\kernel.appcore.dll
0x00007ff8a8d50000 - 0x00007ff8a8d5a000 	C:\Program Files\Java\jdk-19\bin\jimage.dll
0x00007ff92a160000 - 0x00007ff92a393000 	C:\WINDOWS\SYSTEM32\DBGHELP.DLL
0x00007ff92d440000 - 0x00007ff92d7c8000 	C:\WINDOWS\System32\combase.dll
0x00007ff92ead0000 - 0x00007ff92eba7000 	C:\WINDOWS\System32\OLEAUT32.dll
0x00007ff9223f0000 - 0x00007ff922422000 	C:\WINDOWS\SYSTEM32\dbgcore.DLL
0x00007ff92c9e0000 - 0x00007ff92ca59000 	C:\WINDOWS\System32\bcryptPrimitives.dll
0x00007ff9254b0000 - 0x00007ff9254be000 	C:\Program Files\Java\jdk-19\bin\instrument.dll
0x00007ff8812a0000 - 0x00007ff8812c6000 	C:\Program Files\Java\jdk-19\bin\java.dll
0x00007ff8811c0000 - 0x00007ff881297000 	C:\Program Files\Java\jdk-19\bin\jsvml.dll
0x00007ff92dad0000 - 0x00007ff92e32c000 	C:\WINDOWS\System32\SHELL32.dll
0x00007ff92a860000 - 0x00007ff92b159000 	C:\WINDOWS\SYSTEM32\windows.storage.dll
0x00007ff92a720000 - 0x00007ff92a85e000 	C:\WINDOWS\SYSTEM32\wintypes.dll
0x00007ff92eee0000 - 0x00007ff92efd3000 	C:\WINDOWS\System32\SHCORE.dll
0x00007ff92f3c0000 - 0x00007ff92f41e000 	C:\WINDOWS\System32\shlwapi.dll
0x00007ff92c870000 - 0x00007ff92c891000 	C:\WINDOWS\SYSTEM32\profapi.dll
0x00007ff881160000 - 0x00007ff881178000 	C:\Program Files\Java\jdk-19\bin\zip.dll
0x00007ff8811a0000 - 0x00007ff8811b3000 	C:\Program Files\Java\jdk-19\bin\net.dll
0x00007ff926230000 - 0x00007ff926366000 	C:\WINDOWS\SYSTEM32\WINHTTP.dll
0x00007ff92bee0000 - 0x00007ff92bf49000 	C:\WINDOWS\system32\mswsock.dll
0x00007ff881180000 - 0x00007ff881196000 	C:\Program Files\Java\jdk-19\bin\nio.dll
0x00007ff925490000 - 0x00007ff9254aa000 	C:\Program Files\JetBrains\IntelliJ IDEA 2022.1.2\bin\breakgen64.dll
0x00007ff8a77a0000 - 0x00007ff8a77a8000 	C:\Program Files\Java\jdk-19\bin\extnet.dll
0x0000000069ac0000 - 0x0000000069ae4000 	C:\Users\99293\AppData\Local\Temp\jansi-2.4.0-c84180a24a0541d5-jansi.dll
0x00007ff8a6ab0000 - 0x00007ff8a6ac0000 	C:\Program Files\Java\jdk-19\bin\verify.dll

dbghelp: loaded successfully - version: 4.0.5 - missing functions: none
symbol engine: initialized successfully - sym options: 0x614 - pdb path: .;C:\Program Files\Java\jdk-19\bin;C:\WINDOWS\SYSTEM32;C:\WINDOWS\WinSxS\amd64_microsoft.windows.common-controls_6595b64144ccf1df_6.0.22621.3235_none_270f74e173860f98;C:\Program Files\Java\jdk-19\bin\server;C:\Program Files\JetBrains\IntelliJ IDEA 2022.1.2\bin;C:\Users\99293\AppData\Local\Temp

VM Arguments:
jvm_args: -Dmaven.multiModuleProjectDirectory=D:\unitedStates original storage\unitedStates duplicates original storage -Dmaven.home=C:\Users\99293\.m2\wrapper\dists\apache-maven-3.8.6-bin\1ks0nkde5v1pk9vtc31i9d0lcd\apache-maven-3.8.6 -Dclassworlds.conf=C:\Users\99293\.m2\wrapper\dists\apache-maven-3.8.6-bin\1ks0nkde5v1pk9vtc31i9d0lcd\apache-maven-3.8.6\bin\m2.conf -Dmaven.ext.class.path=C:\Program Files\JetBrains\IntelliJ IDEA 2022.1.2\plugins\maven\lib\maven-event-listener.jar -javaagent:C:\Program Files\JetBrains\IntelliJ IDEA 2022.1.2\lib\idea_rt.jar=64301:C:\Program Files\JetBrains\IntelliJ IDEA 2022.1.2\bin -Dfile.encoding=UTF-8 
java_command: org.codehaus.classworlds.Launcher -Didea.version=2022.1.2 package
java_class_path (initial): C:\Users\99293\.m2\wrapper\dists\apache-maven-3.8.6-bin\1ks0nkde5v1pk9vtc31i9d0lcd\apache-maven-3.8.6\boot\plexus-classworlds-2.6.0.jar;C:\Users\99293\.m2\wrapper\dists\apache-maven-3.8.6-bin\1ks0nkde5v1pk9vtc31i9d0lcd\apache-maven-3.8.6\boot\plexus-classworlds.license
Launcher Type: SUN_STANDARD

[Global flags]
     intx CICompilerCount                          = 12                                        {product} {ergonomic}
     uint ConcGCThreads                            = 3                                         {product} {ergonomic}
     uint G1ConcRefinementThreads                  = 13                                        {product} {ergonomic}
   size_t G1HeapRegionSize                         = 2097152                                   {product} {ergonomic}
    uintx GCDrainStackTargetSize                   = 64                                        {product} {ergonomic}
   size_t InitialHeapSize                          = 264241152                                 {product} {ergonomic}
   size_t MarkStackSize                            = 4194304                                   {product} {ergonomic}
   size_t MaxHeapSize                              = 4196401152                                {product} {ergonomic}
   size_t MaxNewSize                               = 2516582400                                {product} {ergonomic}
   size_t MinHeapDeltaBytes                        = 2097152                                   {product} {ergonomic}
   size_t MinHeapSize                              = 8388608                                   {product} {ergonomic}
    uintx NonNMethodCodeHeapSize                   = 7602480                                {pd product} {ergonomic}
    uintx NonProfiledCodeHeapSize                  = 122027880                              {pd product} {ergonomic}
    uintx ProfiledCodeHeapSize                     = 122027880                              {pd product} {ergonomic}
    uintx ReservedCodeCacheSize                    = 251658240                              {pd product} {ergonomic}
     bool SegmentedCodeCache                       = true                                      {product} {ergonomic}
   size_t SoftMaxHeapSize                          = 4196401152                             {manageable} {ergonomic}
     bool UseCompressedClassPointers               = true                           {product lp64_product} {ergonomic}
     bool UseCompressedOops                        = true                           {product lp64_product} {ergonomic}
     bool UseG1GC                                  = true                                      {product} {ergonomic}
     bool UseLargePagesIndividualAllocation        = false                                  {pd product} {ergonomic}

Logging:
Log output configuration:
 #0: stdout all=warning uptime,level,tags foldmultilines=false
 #1: stderr all=off uptime,level,tags foldmultilines=false

Environment Variables:
JAVA_HOME=C:\Program Files\Java\jdk-19
PATH=C:\Program Files\Common Files\Oracle\Java\javapath;C:\Windows\system32;C:\Windows;C:\Windows\System32\Wbem;C:\Windows\System32\WindowsPowerShell\v1.0\;C:\Windows\System32\OpenSSH\;C:\Program Files (x86)\NVIDIA Corporation\PhysX\Common;C:\Program Files\NVIDIA Corporation\NVIDIA NvDLISR;C:\Program Files\Git\cmd;C:\Program Files (x86)\dotnet\;%SystemRoot%\system32;%SystemRoot%;%SystemRoot%\System32\Wbem;%SYSTEMROOT%\System32\WindowsPowerShell\v1.0\;%SYSTEMROOT%\System32\OpenSSH\;C:\Users\99293\AppData\Local\Programs\Python\Python311\Scripts\;C:\Users\99293\AppData\Local\Programs\Python\Python311\;C:\Users\99293\AppData\Local\Microsoft\WindowsApps;;C:\Program Files\JetBrains\IntelliJ IDEA 2022.1.2\bin;;C:\Program Files\heroku\bin
USERNAME=ASUS
OS=Windows_NT
PROCESSOR_IDENTIFIER=Intel64 Family 6 Model 154 Stepping 3, GenuineIntel
TMP=C:\Users\99293\AppData\Local\Temp
TEMP=C:\Users\99293\AppData\Local\Temp



---------------  S Y S T E M  ---------------

OS:
 Windows 11 , 64 bit Build 22621 (10.0.22621.3374)
OS uptime: 0 days 1:43 hours
Hyper-V role detected

CPU: total 16 (initial active 16) (8 cores per cpu, 2 threads per core) family 6 model 154 stepping 3 microcode 0x41c, cx8, cmov, fxsr, ht, mmx, 3dnowpref, sse, sse2, sse3, ssse3, sse4.1, sse4.2, popcnt, lzcnt, tsc, tscinvbit, avx, avx2, aes, erms, clmul, bmi1, bmi2, adx, sha, fma, vzeroupper, clflush, clflushopt, clwb, hv, serialize, rdtscp, rdpid, fsrm

Memory: 4k page, system-wide physical 16005M (2128M free)
TotalPageFile size 18053M (AvailPageFile size 5M)
current process WorkingSet (physical memory assigned to process): 522M, peak: 523M
current process commit charge ("private bytes"): 575M, peak: 576M

vm_info: Java HotSpot(TM) 64-Bit Server VM (19.0.2+7-44) for windows-amd64 JRE (19.0.2+7-44), built on 2022-11-30T18:02:09Z by "mach5one" with MS VC++ 17.1 (VS2022)

END.
