#
# There is insufficient memory for the Java Runtime Environment to continue.
# Native memory allocation (malloc) failed to allocate 4211536 bytes for Chunk::new
# Possible reasons:
#   The system is out of physical RAM or swap space
#   The process is running with CompressedOops enabled, and the Java Heap may be blocking the growth of the native heap
# Possible solutions:
#   Reduce memory load on the system
#   Increase physical memory or swap space
#   Check if swap backing store is full
#   Decrease Java heap size (-Xmx/-Xms)
#   Decrease number of Java threads
#   Decrease Java thread stack sizes (-Xss)
#   Set larger code cache with -XX:ReservedCodeCacheSize=
#   JVM is running with Zero Based Compressed Oops mode in which the Java heap is
#     placed in the first 32GB address space. The Java Heap base address is the
#     maximum limit for the native heap growth. Please use -XX:HeapBaseMinAddress
#     to set the Java Heap base and to place the Java Heap above 32GB virtual address.
# This output file may be truncated or incomplete.
#
#  Out of Memory Error (arena.cpp:184), pid=18388, tid=19652
#
# JRE version: Java(TM) SE Runtime Environment (19.0.2+7) (build 19.0.2+7-44)
# Java VM: Java HotSpot(TM) 64-Bit Server VM (19.0.2+7-44, mixed mode, sharing, tiered, compressed oops, compressed class ptrs, g1 gc, windows-amd64)
# No core dump will be written. Minidumps are not enabled by default on client versions of Windows
#

---------------  S U M M A R Y ------------

Command Line: -Dmaven.multiModuleProjectDirectory=D:\unitedStates original storage\unitedStates duplicates original storage -Dmaven.home=C:\Users\99293\.m2\wrapper\dists\apache-maven-3.8.6-bin\1ks0nkde5v1pk9vtc31i9d0lcd\apache-maven-3.8.6 -Dclassworlds.conf=C:\Users\99293\.m2\wrapper\dists\apache-maven-3.8.6-bin\1ks0nkde5v1pk9vtc31i9d0lcd\apache-maven-3.8.6\bin\m2.conf -Dmaven.ext.class.path=C:\Program Files\JetBrains\IntelliJ IDEA 2022.1.2\plugins\maven\lib\maven-event-listener.jar -javaagent:C:\Program Files\JetBrains\IntelliJ IDEA 2022.1.2\lib\idea_rt.jar=58940:C:\Program Files\JetBrains\IntelliJ IDEA 2022.1.2\bin -Dfile.encoding=UTF-8 org.codehaus.classworlds.Launcher -Didea.version=2022.1.2 package

Host: 12th Gen Intel(R) Core(TM) i7-12650H, 16 cores, 15G,  Windows 11 , 64 bit Build 22621 (10.0.22621.3374)
Time: Tue Apr 23 19:54:56 2024  Windows 11 , 64 bit Build 22621 (10.0.22621.3374) elapsed time: 7.333852 seconds (0d 0h 0m 7s)

---------------  T H R E A D  ---------------

Current thread (0x0000018a458f3d90):  JavaThread "C2 CompilerThread4" daemon [_thread_in_native, id=19652, stack(0x00000071cc200000,0x00000071cc300000)]


Current CompileTask:
C2:   7333 11813       4       org.codehaus.plexus.classworlds.realm.ClassRealm::loadClass (7 bytes)

Stack: [0x00000071cc200000,0x00000071cc300000]
Native frames: (J=compiled Java code, j=interpreted, Vv=VM code, C=native code)
V  [jvm.dll+0x6ee21a]
V  [jvm.dll+0x85765e]
V  [jvm.dll+0x85904e]
V  [jvm.dll+0x859703]
V  [jvm.dll+0x28298f]
V  [jvm.dll+0xc9adf]
V  [jvm.dll+0xc9e65]
V  [jvm.dll+0x2f7caf]
V  [jvm.dll+0x5f076b]
V  [jvm.dll+0x25590c]
V  [jvm.dll+0x24e1a7]
V  [jvm.dll+0x24b673]
V  [jvm.dll+0x1d6ce1]
V  [jvm.dll+0x25b25a]
V  [jvm.dll+0x2596e8]
V  [jvm.dll+0x807588]
V  [jvm.dll+0x80125a]
V  [jvm.dll+0x6ecf0b]
C  [ucrtbase.dll+0x29333]
C  [KERNEL32.DLL+0x1257d]
C  [ntdll.dll+0x5aa48]


---------------  P R O C E S S  ---------------

Threads class SMR info:
_java_thread_list=0x0000018a47817510, length=20, elements={
0x0000018a1cb1d610, 0x0000018a4082d780, 0x0000018a4082e570, 0x0000018a4082f360,
0x0000018a408332b0, 0x0000018a40835bf0, 0x0000018a40836520, 0x0000018a408394f0,
0x0000018a40839e60, 0x0000018a4083d7f0, 0x0000018a40804560, 0x0000018a44ce9c40,
0x0000018a44cea1c0, 0x0000018a44df45b0, 0x0000018a44ddd920, 0x0000018a4517df00,
0x0000018a4516f8a0, 0x0000018a458f16a0, 0x0000018a458f21c0, 0x0000018a458f3d90
}

Java Threads: ( => current thread )
  0x0000018a1cb1d610 JavaThread "main" [_thread_in_native, id=19664, stack(0x00000071ca800000,0x00000071ca900000)]
  0x0000018a4082d780 JavaThread "Reference Handler" daemon [_thread_blocked, id=2988, stack(0x00000071caf00000,0x00000071cb000000)]
  0x0000018a4082e570 JavaThread "Finalizer" daemon [_thread_blocked, id=12748, stack(0x00000071cb000000,0x00000071cb100000)]
  0x0000018a4082f360 JavaThread "Signal Dispatcher" daemon [_thread_blocked, id=12532, stack(0x00000071cb100000,0x00000071cb200000)]
  0x0000018a408332b0 JavaThread "Attach Listener" daemon [_thread_blocked, id=9580, stack(0x00000071cb200000,0x00000071cb300000)]
  0x0000018a40835bf0 JavaThread "Service Thread" daemon [_thread_blocked, id=14396, stack(0x00000071cb300000,0x00000071cb400000)]
  0x0000018a40836520 JavaThread "Monitor Deflation Thread" daemon [_thread_blocked, id=12252, stack(0x00000071cb400000,0x00000071cb500000)]
  0x0000018a408394f0 JavaThread "C2 CompilerThread0" daemon [_thread_blocked, id=15052, stack(0x00000071cb500000,0x00000071cb600000)]
  0x0000018a40839e60 JavaThread "C1 CompilerThread0" daemon [_thread_blocked, id=7052, stack(0x00000071cb600000,0x00000071cb700000)]
  0x0000018a4083d7f0 JavaThread "Sweeper thread" daemon [_thread_blocked, id=6804, stack(0x00000071cb700000,0x00000071cb800000)]
  0x0000018a40804560 JavaThread "Common-Cleaner" daemon [_thread_blocked, id=21584, stack(0x00000071cb800000,0x00000071cb900000)]
  0x0000018a44ce9c40 JavaThread "C1 CompilerThread1" daemon [_thread_blocked, id=21588, stack(0x00000071cb900000,0x00000071cba00000)]
  0x0000018a44cea1c0 JavaThread "C1 CompilerThread2" daemon [_thread_blocked, id=16396, stack(0x00000071cba00000,0x00000071cbb00000)]
  0x0000018a44df45b0 JavaThread "Monitor Ctrl-Break" daemon [_thread_in_native, id=16916, stack(0x00000071cbb00000,0x00000071cbc00000)]
  0x0000018a44ddd920 JavaThread "Notification Thread" daemon [_thread_blocked, id=7676, stack(0x00000071cbc00000,0x00000071cbd00000)]
  0x0000018a4517df00 JavaThread "C2 CompilerThread1" daemon [_thread_blocked, id=17368, stack(0x00000071cbe00000,0x00000071cbf00000)]
  0x0000018a4516f8a0 JavaThread "C1 CompilerThread3" daemon [_thread_blocked, id=13644, stack(0x00000071cbf00000,0x00000071cc000000)]
  0x0000018a458f16a0 JavaThread "C2 CompilerThread2" daemon [_thread_blocked, id=19844, stack(0x00000071cc000000,0x00000071cc100000)]
  0x0000018a458f21c0 JavaThread "C2 CompilerThread3" daemon [_thread_in_native, id=3248, stack(0x00000071cc100000,0x00000071cc200000)]
=>0x0000018a458f3d90 JavaThread "C2 CompilerThread4" daemon [_thread_in_native, id=19652, stack(0x00000071cc200000,0x00000071cc300000)]

Other Threads:
  0x0000018a40813d40 VMThread "VM Thread" [stack: 0x00000071cae00000,0x00000071caf00000] [id=11788]
  0x0000018a44de0b00 WatcherThread "VM Periodic Task Thread" [stack: 0x00000071cbd00000,0x00000071cbe00000] [id=11356]
  0x0000018a1cb901d0 WorkerThread "GC Thread#0" [stack: 0x00000071ca900000,0x00000071caa00000] [id=23116]
  0x0000018a44de1280 WorkerThread "GC Thread#1" [stack: 0x00000071cc600000,0x00000071cc700000] [id=5532]
  0x0000018a44de2630 WorkerThread "GC Thread#2" [stack: 0x00000071cc700000,0x00000071cc800000] [id=18024]
  0x0000018a44de1af0 WorkerThread "GC Thread#3" [stack: 0x00000071cc800000,0x00000071cc900000] [id=22508]
  0x0000018a44de2bd0 WorkerThread "GC Thread#4" [stack: 0x00000071cc900000,0x00000071cca00000] [id=18168]
  0x0000018a44de2ea0 WorkerThread "GC Thread#5" [stack: 0x00000071cca00000,0x00000071ccb00000] [id=6176]
  0x0000018a44de2360 WorkerThread "GC Thread#6" [stack: 0x00000071ccb00000,0x00000071ccc00000] [id=19392]
  0x0000018a44de1dc0 WorkerThread "GC Thread#7" [stack: 0x00000071ccc00000,0x00000071ccd00000] [id=3892]
  0x0000018a458ee880 WorkerThread "GC Thread#8" [stack: 0x00000071ccd00000,0x00000071cce00000] [id=3612]
  0x0000018a458ee010 WorkerThread "GC Thread#9" [stack: 0x00000071cce00000,0x00000071ccf00000] [id=6888]
  0x0000018a458ef960 WorkerThread "GC Thread#10" [stack: 0x00000071ccf00000,0x00000071cd000000] [id=6760]
  0x0000018a458ec3f0 WorkerThread "GC Thread#11" [stack: 0x00000071cc500000,0x00000071cc600000] [id=7056]
  0x0000018a458ee2e0 WorkerThread "GC Thread#12" [stack: 0x00000071cd000000,0x00000071cd100000] [id=9748]
  0x0000018a1cba0b40 ConcurrentGCThread "G1 Main Marker" [stack: 0x00000071caa00000,0x00000071cab00000] [id=9784]
  0x0000018a1cba2580 WorkerThread "G1 Conc#0" [stack: 0x00000071cab00000,0x00000071cac00000] [id=4616]
  0x0000018a458efc30 WorkerThread "G1 Conc#1" [stack: 0x00000071cd100000,0x00000071cd200000] [id=16592]
  0x0000018a458ec120 WorkerThread "G1 Conc#2" [stack: 0x00000071cd200000,0x00000071cd300000] [id=9848]
  0x0000018a406d1290 ConcurrentGCThread "G1 Refine#0" [stack: 0x00000071cac00000,0x00000071cad00000] [id=23336]
  0x0000018a406d1dd0 ConcurrentGCThread "G1 Service" [stack: 0x00000071cad00000,0x00000071cae00000] [id=11800]

Threads with active compile tasks:
C2 CompilerThread3     7344 11303   !   4       java.lang.ClassLoader::loadClass (121 bytes)
C2 CompilerThread4     7344 11813       4       org.codehaus.plexus.classworlds.realm.ClassRealm::loadClass (7 bytes)

VM state: not at safepoint (normal execution)

VM Mutex/Monitor currently owned by a thread: None

Heap address: 0x0000000705e00000, size: 4002 MB, Compressed Oops mode: Zero based, Oop shift amount: 3

CDS archive(s) mapped at: [0x0000000800000000-0x0000000800c40000-0x0000000800c40000), size 12845056, SharedBaseAddress: 0x0000000800000000, ArchiveRelocationMode: 0.
Compressed class space mapped at: 0x0000000801000000-0x0000000841000000, reserved size: 1073741824
Narrow klass base: 0x0000000800000000, Narrow klass shift: 0, Narrow klass range: 0x100000000

GC Precious Log:
 CardTable entry size: 512
 Card Set container configuration: InlinePtr #cards 4 size 8 Array Of Cards #cards 16 size 48 Howl #buckets 8 coarsen threshold 3686 Howl Bitmap #cards 512 size 80 coarsen threshold 460 Card regions per heap region 1 cards per card region 4096
 CPUs: 16 total, 16 available
 Memory: 16005M
 Large Page Support: Disabled
 NUMA Support: Disabled
 Compressed Oops: Enabled (Zero based)
 Heap Region Size: 2M
 Heap Min Capacity: 8M
 Heap Initial Capacity: 252M
 Heap Max Capacity: 4002M
 Pre-touch: Disabled
 Parallel Workers: 13
 Concurrent Workers: 3
 Concurrent Refinement Workers: 13
 Periodic GC: Disabled

Heap:
 garbage-first heap   total 258048K, used 162449K [0x0000000705e00000, 0x0000000800000000)
  region size 2048K, 56 young (114688K), 6 survivors (12288K)
 Metaspace       used 36422K, committed 37056K, reserved 1114112K
  class space    used 3749K, committed 4096K, reserved 1048576K

Heap Regions: E=young(eden), S=young(survivor), O=old, HS=humongous(starts), HC=humongous(continues), CS=collection set, F=free, OA=open archive, CA=closed archive, TAMS=top-at-mark-start (previous, next)
|   0|0x0000000705e00000, 0x0000000706000000, 0x0000000706000000|100%| O|  |TAMS 0x0000000706000000, 0x0000000705e00000| Untracked 
|   1|0x0000000706000000, 0x0000000706000000, 0x0000000706200000|  0%| F|  |TAMS 0x0000000706000000, 0x0000000706000000| Untracked 
|   2|0x0000000706200000, 0x0000000706400000, 0x0000000706400000|100%| O|  |TAMS 0x0000000706400000, 0x0000000706200000| Untracked 
|   3|0x0000000706400000, 0x0000000706600000, 0x0000000706600000|100%| O|  |TAMS 0x0000000706600000, 0x0000000706400000| Untracked 
|   4|0x0000000706600000, 0x0000000706800000, 0x0000000706800000|100%| O|  |TAMS 0x0000000706800000, 0x0000000706600000| Untracked 
|   5|0x0000000706800000, 0x0000000706a00000, 0x0000000706a00000|100%| O|  |TAMS 0x0000000706a00000, 0x0000000706800000| Untracked 
|   6|0x0000000706a00000, 0x0000000706c00000, 0x0000000706c00000|100%| O|  |TAMS 0x0000000706c00000, 0x0000000706a00000| Untracked 
|   7|0x0000000706c00000, 0x0000000706e00000, 0x0000000706e00000|100%| O|  |TAMS 0x0000000706e00000, 0x0000000706c00000| Untracked 
|   8|0x0000000706e00000, 0x0000000707000000, 0x0000000707000000|100%| O|  |TAMS 0x0000000707000000, 0x0000000706e00000| Untracked 
|   9|0x0000000707000000, 0x0000000707200000, 0x0000000707200000|100%| O|  |TAMS 0x0000000707200000, 0x0000000707000000| Untracked 
|  10|0x0000000707200000, 0x0000000707400000, 0x0000000707400000|100%| O|  |TAMS 0x0000000707400000, 0x0000000707200000| Untracked 
|  11|0x0000000707400000, 0x0000000707600000, 0x0000000707600000|100%| O|  |TAMS 0x0000000707600000, 0x0000000707400000| Untracked 
|  12|0x0000000707600000, 0x0000000707800000, 0x0000000707800000|100%| O|  |TAMS 0x0000000707800000, 0x0000000707600000| Untracked 
|  13|0x0000000707800000, 0x0000000707800000, 0x0000000707a00000|  0%| F|  |TAMS 0x0000000707800000, 0x0000000707800000| Untracked 
|  14|0x0000000707a00000, 0x0000000707c00000, 0x0000000707c00000|100%| O|  |TAMS 0x0000000707c00000, 0x0000000707a00000| Untracked 
|  15|0x0000000707c00000, 0x0000000707e00000, 0x0000000707e00000|100%| O|  |TAMS 0x0000000707c6a400, 0x0000000707c00000| Untracked 
|  16|0x0000000707e00000, 0x0000000708000000, 0x0000000708000000|100%| O|  |TAMS 0x0000000707e00000, 0x0000000707e00000| Untracked 
|  17|0x0000000708000000, 0x0000000708162000, 0x0000000708200000| 69%| O|  |TAMS 0x0000000708000000, 0x0000000708000000| Untracked 
|  18|0x0000000708200000, 0x0000000708400000, 0x0000000708400000|100%|HS|  |TAMS 0x0000000708200000, 0x0000000708200000| Complete 
|  19|0x0000000708400000, 0x0000000708600000, 0x0000000708600000|100%|HC|  |TAMS 0x0000000708400000, 0x0000000708400000| Complete 
|  20|0x0000000708600000, 0x0000000708600000, 0x0000000708800000|  0%| F|  |TAMS 0x0000000708600000, 0x0000000708600000| Untracked 
|  21|0x0000000708800000, 0x0000000708800000, 0x0000000708a00000|  0%| F|  |TAMS 0x0000000708800000, 0x0000000708800000| Untracked 
|  22|0x0000000708a00000, 0x0000000708a00000, 0x0000000708c00000|  0%| F|  |TAMS 0x0000000708a00000, 0x0000000708a00000| Untracked 
|  23|0x0000000708c00000, 0x0000000708c00000, 0x0000000708e00000|  0%| F|  |TAMS 0x0000000708c00000, 0x0000000708c00000| Untracked 
|  24|0x0000000708e00000, 0x0000000708e00000, 0x0000000709000000|  0%| F|  |TAMS 0x0000000708e00000, 0x0000000708e00000| Untracked 
|  25|0x0000000709000000, 0x0000000709000000, 0x0000000709200000|  0%| F|  |TAMS 0x0000000709000000, 0x0000000709000000| Untracked 
|  26|0x0000000709200000, 0x0000000709200000, 0x0000000709400000|  0%| F|  |TAMS 0x0000000709200000, 0x0000000709200000| Untracked 
|  27|0x0000000709400000, 0x0000000709400000, 0x0000000709600000|  0%| F|  |TAMS 0x0000000709400000, 0x0000000709400000| Untracked 
|  28|0x0000000709600000, 0x0000000709600000, 0x0000000709800000|  0%| F|  |TAMS 0x0000000709600000, 0x0000000709600000| Untracked 
|  29|0x0000000709800000, 0x0000000709800000, 0x0000000709a00000|  0%| F|  |TAMS 0x0000000709800000, 0x0000000709800000| Untracked 
|  30|0x0000000709a00000, 0x0000000709a00000, 0x0000000709c00000|  0%| F|  |TAMS 0x0000000709a00000, 0x0000000709a00000| Untracked 
|  31|0x0000000709c00000, 0x0000000709c00000, 0x0000000709e00000|  0%| F|  |TAMS 0x0000000709c00000, 0x0000000709c00000| Untracked 
|  32|0x0000000709e00000, 0x0000000709e00000, 0x000000070a000000|  0%| F|  |TAMS 0x0000000709e00000, 0x0000000709e00000| Untracked 
|  33|0x000000070a000000, 0x000000070a000000, 0x000000070a200000|  0%| F|  |TAMS 0x000000070a000000, 0x000000070a000000| Untracked 
|  34|0x000000070a200000, 0x000000070a200000, 0x000000070a400000|  0%| F|  |TAMS 0x000000070a200000, 0x000000070a200000| Untracked 
|  35|0x000000070a400000, 0x000000070a400000, 0x000000070a600000|  0%| F|  |TAMS 0x000000070a400000, 0x000000070a400000| Untracked 
|  36|0x000000070a600000, 0x000000070a600000, 0x000000070a800000|  0%| F|  |TAMS 0x000000070a600000, 0x000000070a600000| Untracked 
|  37|0x000000070a800000, 0x000000070a942620, 0x000000070aa00000| 62%| S|CS|TAMS 0x000000070a800000, 0x000000070a800000| Complete 
|  38|0x000000070aa00000, 0x000000070ac00000, 0x000000070ac00000|100%| S|CS|TAMS 0x000000070aa00000, 0x000000070aa00000| Complete 
|  39|0x000000070ac00000, 0x000000070ae00000, 0x000000070ae00000|100%| S|CS|TAMS 0x000000070ac00000, 0x000000070ac00000| Complete 
|  40|0x000000070ae00000, 0x000000070b000000, 0x000000070b000000|100%| S|CS|TAMS 0x000000070ae00000, 0x000000070ae00000| Complete 
|  41|0x000000070b000000, 0x000000070b000000, 0x000000070b200000|  0%| F|  |TAMS 0x000000070b000000, 0x000000070b000000| Untracked 
|  42|0x000000070b200000, 0x000000070b200000, 0x000000070b400000|  0%| F|  |TAMS 0x000000070b200000, 0x000000070b200000| Untracked 
|  43|0x000000070b400000, 0x000000070b400000, 0x000000070b600000|  0%| F|  |TAMS 0x000000070b400000, 0x000000070b400000| Untracked 
|  44|0x000000070b600000, 0x000000070b600000, 0x000000070b800000|  0%| F|  |TAMS 0x000000070b600000, 0x000000070b600000| Untracked 
|  45|0x000000070b800000, 0x000000070ba00000, 0x000000070ba00000|100%| S|CS|TAMS 0x000000070b800000, 0x000000070b800000| Complete 
|  46|0x000000070ba00000, 0x000000070bc00000, 0x000000070bc00000|100%| S|CS|TAMS 0x000000070ba00000, 0x000000070ba00000| Complete 
|  47|0x000000070bc00000, 0x000000070bc00000, 0x000000070be00000|  0%| F|  |TAMS 0x000000070bc00000, 0x000000070bc00000| Untracked 
|  48|0x000000070be00000, 0x000000070be00000, 0x000000070c000000|  0%| F|  |TAMS 0x000000070be00000, 0x000000070be00000| Untracked 
|  49|0x000000070c000000, 0x000000070c000000, 0x000000070c200000|  0%| F|  |TAMS 0x000000070c000000, 0x000000070c000000| Untracked 
|  50|0x000000070c200000, 0x000000070c200000, 0x000000070c400000|  0%| F|  |TAMS 0x000000070c200000, 0x000000070c200000| Untracked 
|  51|0x000000070c400000, 0x000000070c400000, 0x000000070c600000|  0%| F|  |TAMS 0x000000070c400000, 0x000000070c400000| Untracked 
|  52|0x000000070c600000, 0x000000070c600000, 0x000000070c800000|  0%| F|  |TAMS 0x000000070c600000, 0x000000070c600000| Untracked 
|  53|0x000000070c800000, 0x000000070c800000, 0x000000070ca00000|  0%| F|  |TAMS 0x000000070c800000, 0x000000070c800000| Untracked 
|  54|0x000000070ca00000, 0x000000070ca00000, 0x000000070cc00000|  0%| F|  |TAMS 0x000000070ca00000, 0x000000070ca00000| Untracked 
|  55|0x000000070cc00000, 0x000000070cc00000, 0x000000070ce00000|  0%| F|  |TAMS 0x000000070cc00000, 0x000000070cc00000| Untracked 
|  56|0x000000070ce00000, 0x000000070ce00000, 0x000000070d000000|  0%| F|  |TAMS 0x000000070ce00000, 0x000000070ce00000| Untracked 
|  57|0x000000070d000000, 0x000000070d000000, 0x000000070d200000|  0%| F|  |TAMS 0x000000070d000000, 0x000000070d000000| Untracked 
|  58|0x000000070d200000, 0x000000070d200000, 0x000000070d400000|  0%| F|  |TAMS 0x000000070d200000, 0x000000070d200000| Untracked 
|  59|0x000000070d400000, 0x000000070d400000, 0x000000070d600000|  0%| F|  |TAMS 0x000000070d400000, 0x000000070d400000| Untracked 
|  60|0x000000070d600000, 0x000000070d600000, 0x000000070d800000|  0%| F|  |TAMS 0x000000070d600000, 0x000000070d600000| Untracked 
|  61|0x000000070d800000, 0x000000070d800000, 0x000000070da00000|  0%| F|  |TAMS 0x000000070d800000, 0x000000070d800000| Untracked 
|  62|0x000000070da00000, 0x000000070da00000, 0x000000070dc00000|  0%| F|  |TAMS 0x000000070da00000, 0x000000070da00000| Untracked 
|  63|0x000000070dc00000, 0x000000070dc00000, 0x000000070de00000|  0%| F|  |TAMS 0x000000070dc00000, 0x000000070dc00000| Untracked 
|  64|0x000000070de00000, 0x000000070de00000, 0x000000070e000000|  0%| F|  |TAMS 0x000000070de00000, 0x000000070de00000| Untracked 
|  65|0x000000070e000000, 0x000000070e000000, 0x000000070e200000|  0%| F|  |TAMS 0x000000070e000000, 0x000000070e000000| Untracked 
|  66|0x000000070e200000, 0x000000070e200000, 0x000000070e400000|  0%| F|  |TAMS 0x000000070e200000, 0x000000070e200000| Untracked 
|  67|0x000000070e400000, 0x000000070e400000, 0x000000070e600000|  0%| F|  |TAMS 0x000000070e400000, 0x000000070e400000| Untracked 
|  68|0x000000070e600000, 0x000000070e708010, 0x000000070e800000| 51%| E|  |TAMS 0x000000070e600000, 0x000000070e600000| Complete 
|  69|0x000000070e800000, 0x000000070ea00000, 0x000000070ea00000|100%| E|CS|TAMS 0x000000070e800000, 0x000000070e800000| Complete 
|  70|0x000000070ea00000, 0x000000070ec00000, 0x000000070ec00000|100%| E|CS|TAMS 0x000000070ea00000, 0x000000070ea00000| Complete 
|  71|0x000000070ec00000, 0x000000070ee00000, 0x000000070ee00000|100%| E|CS|TAMS 0x000000070ec00000, 0x000000070ec00000| Complete 
|  72|0x000000070ee00000, 0x000000070f000000, 0x000000070f000000|100%| E|CS|TAMS 0x000000070ee00000, 0x000000070ee00000| Complete 
|  73|0x000000070f000000, 0x000000070f200000, 0x000000070f200000|100%| E|CS|TAMS 0x000000070f000000, 0x000000070f000000| Complete 
|  74|0x000000070f200000, 0x000000070f400000, 0x000000070f400000|100%| E|CS|TAMS 0x000000070f200000, 0x000000070f200000| Complete 
|  75|0x000000070f400000, 0x000000070f600000, 0x000000070f600000|100%| E|CS|TAMS 0x000000070f400000, 0x000000070f400000| Complete 
|  76|0x000000070f600000, 0x000000070f800000, 0x000000070f800000|100%| E|CS|TAMS 0x000000070f600000, 0x000000070f600000| Complete 
|  77|0x000000070f800000, 0x000000070fa00000, 0x000000070fa00000|100%| E|CS|TAMS 0x000000070f800000, 0x000000070f800000| Complete 
|  78|0x000000070fa00000, 0x000000070fc00000, 0x000000070fc00000|100%| E|CS|TAMS 0x000000070fa00000, 0x000000070fa00000| Complete 
|  79|0x000000070fc00000, 0x000000070fe00000, 0x000000070fe00000|100%| E|CS|TAMS 0x000000070fc00000, 0x000000070fc00000| Complete 
|  80|0x000000070fe00000, 0x0000000710000000, 0x0000000710000000|100%| E|CS|TAMS 0x000000070fe00000, 0x000000070fe00000| Complete 
|  81|0x0000000710000000, 0x0000000710200000, 0x0000000710200000|100%| E|CS|TAMS 0x0000000710000000, 0x0000000710000000| Complete 
|  82|0x0000000710200000, 0x0000000710400000, 0x0000000710400000|100%| E|CS|TAMS 0x0000000710200000, 0x0000000710200000| Complete 
|  83|0x0000000710400000, 0x0000000710600000, 0x0000000710600000|100%| E|CS|TAMS 0x0000000710400000, 0x0000000710400000| Complete 
|  84|0x0000000710600000, 0x0000000710800000, 0x0000000710800000|100%| E|CS|TAMS 0x0000000710600000, 0x0000000710600000| Complete 
|  85|0x0000000710800000, 0x0000000710a00000, 0x0000000710a00000|100%| E|CS|TAMS 0x0000000710800000, 0x0000000710800000| Complete 
|  86|0x0000000710a00000, 0x0000000710c00000, 0x0000000710c00000|100%| E|CS|TAMS 0x0000000710a00000, 0x0000000710a00000| Complete 
|  87|0x0000000710c00000, 0x0000000710e00000, 0x0000000710e00000|100%| E|CS|TAMS 0x0000000710c00000, 0x0000000710c00000| Complete 
|  88|0x0000000710e00000, 0x0000000711000000, 0x0000000711000000|100%| E|CS|TAMS 0x0000000710e00000, 0x0000000710e00000| Complete 
|  89|0x0000000711000000, 0x0000000711200000, 0x0000000711200000|100%| E|CS|TAMS 0x0000000711000000, 0x0000000711000000| Complete 
|  90|0x0000000711200000, 0x0000000711400000, 0x0000000711400000|100%| E|CS|TAMS 0x0000000711200000, 0x0000000711200000| Complete 
|  91|0x0000000711400000, 0x0000000711600000, 0x0000000711600000|100%| E|CS|TAMS 0x0000000711400000, 0x0000000711400000| Complete 
|  92|0x0000000711600000, 0x0000000711800000, 0x0000000711800000|100%| E|CS|TAMS 0x0000000711600000, 0x0000000711600000| Complete 
|  93|0x0000000711800000, 0x0000000711a00000, 0x0000000711a00000|100%| E|CS|TAMS 0x0000000711800000, 0x0000000711800000| Complete 
|  94|0x0000000711a00000, 0x0000000711c00000, 0x0000000711c00000|100%| E|CS|TAMS 0x0000000711a00000, 0x0000000711a00000| Complete 
|  95|0x0000000711c00000, 0x0000000711e00000, 0x0000000711e00000|100%| E|CS|TAMS 0x0000000711c00000, 0x0000000711c00000| Complete 
|  96|0x0000000711e00000, 0x0000000712000000, 0x0000000712000000|100%| E|CS|TAMS 0x0000000711e00000, 0x0000000711e00000| Complete 
|  97|0x0000000712000000, 0x0000000712200000, 0x0000000712200000|100%| E|CS|TAMS 0x0000000712000000, 0x0000000712000000| Complete 
|  98|0x0000000712200000, 0x0000000712400000, 0x0000000712400000|100%| E|CS|TAMS 0x0000000712200000, 0x0000000712200000| Complete 
|  99|0x0000000712400000, 0x0000000712600000, 0x0000000712600000|100%| E|CS|TAMS 0x0000000712400000, 0x0000000712400000| Complete 
| 100|0x0000000712600000, 0x0000000712800000, 0x0000000712800000|100%| E|CS|TAMS 0x0000000712600000, 0x0000000712600000| Complete 
| 101|0x0000000712800000, 0x0000000712a00000, 0x0000000712a00000|100%| E|CS|TAMS 0x0000000712800000, 0x0000000712800000| Complete 
| 102|0x0000000712a00000, 0x0000000712c00000, 0x0000000712c00000|100%| E|CS|TAMS 0x0000000712a00000, 0x0000000712a00000| Complete 
| 103|0x0000000712c00000, 0x0000000712e00000, 0x0000000712e00000|100%| E|CS|TAMS 0x0000000712c00000, 0x0000000712c00000| Complete 
| 104|0x0000000712e00000, 0x0000000713000000, 0x0000000713000000|100%| E|CS|TAMS 0x0000000712e00000, 0x0000000712e00000| Complete 
| 105|0x0000000713000000, 0x0000000713200000, 0x0000000713200000|100%| E|CS|TAMS 0x0000000713000000, 0x0000000713000000| Complete 
| 106|0x0000000713200000, 0x0000000713400000, 0x0000000713400000|100%| E|CS|TAMS 0x0000000713200000, 0x0000000713200000| Complete 
| 107|0x0000000713400000, 0x0000000713600000, 0x0000000713600000|100%| E|CS|TAMS 0x0000000713400000, 0x0000000713400000| Complete 
| 108|0x0000000713600000, 0x0000000713800000, 0x0000000713800000|100%| E|  |TAMS 0x0000000713600000, 0x0000000713600000| Complete 
| 109|0x0000000713800000, 0x0000000713a00000, 0x0000000713a00000|100%| E|CS|TAMS 0x0000000713800000, 0x0000000713800000| Complete 
| 110|0x0000000713a00000, 0x0000000713c00000, 0x0000000713c00000|100%| E|CS|TAMS 0x0000000713a00000, 0x0000000713a00000| Complete 
| 111|0x0000000713c00000, 0x0000000713e00000, 0x0000000713e00000|100%| E|CS|TAMS 0x0000000713c00000, 0x0000000713c00000| Complete 
| 112|0x0000000713e00000, 0x0000000714000000, 0x0000000714000000|100%| E|CS|TAMS 0x0000000713e00000, 0x0000000713e00000| Complete 
| 113|0x0000000714000000, 0x0000000714200000, 0x0000000714200000|100%| E|CS|TAMS 0x0000000714000000, 0x0000000714000000| Complete 
| 114|0x0000000714200000, 0x0000000714400000, 0x0000000714400000|100%| E|CS|TAMS 0x0000000714200000, 0x0000000714200000| Complete 
| 115|0x0000000714400000, 0x0000000714600000, 0x0000000714600000|100%| E|CS|TAMS 0x0000000714400000, 0x0000000714400000| Complete 
| 116|0x0000000714600000, 0x0000000714800000, 0x0000000714800000|100%| E|CS|TAMS 0x0000000714600000, 0x0000000714600000| Complete 
| 125|0x0000000715800000, 0x0000000715a00000, 0x0000000715a00000|100%| E|CS|TAMS 0x0000000715800000, 0x0000000715800000| Complete 
|1993|0x00000007ff000000, 0x00000007ff200000, 0x00000007ff200000|100%| O|  |TAMS 0x00000007ff200000, 0x00000007ff000000| Untracked 
|1994|0x00000007ff200000, 0x00000007ff400000, 0x00000007ff400000|100%| O|  |TAMS 0x00000007ff400000, 0x00000007ff200000| Untracked 
|1995|0x00000007ff400000, 0x00000007ff600000, 0x00000007ff600000|100%| O|  |TAMS 0x00000007ff600000, 0x00000007ff400000| Untracked 
|1996|0x00000007ff600000, 0x00000007ff800000, 0x00000007ff800000|100%| O|  |TAMS 0x00000007ff800000, 0x00000007ff600000| Untracked 
|1997|0x00000007ff800000, 0x00000007ffa00000, 0x00000007ffa00000|100%| O|  |TAMS 0x00000007ffa00000, 0x00000007ff800000| Untracked 
|1998|0x00000007ffa00000, 0x00000007ffc00000, 0x00000007ffc00000|100%| O|  |TAMS 0x00000007ffc00000, 0x00000007ffa00000| Untracked 
|1999|0x00000007ffc00000, 0x00000007ffe00000, 0x00000007ffe00000|100%| O|  |TAMS 0x00000007ffe00000, 0x00000007ffc00000| Untracked 
|2000|0x00000007ffe00000, 0x0000000800000000, 0x0000000800000000|100%| O|  |TAMS 0x0000000800000000, 0x00000007ffe00000| Untracked 

Card table byte_map: [0x0000018a34ae0000,0x0000018a352c0000] _byte_map_base: 0x0000018a312b1000

Marking Bits (Prev, Next): (CMBitMap*) 0x0000018a1cb90800, (CMBitMap*) 0x0000018a1cb90840
 Prev Bits: [0x0000018a35aa0000, 0x0000018a39928000)
 Next Bits: [0x0000018a39930000, 0x0000018a3d7b8000)

Polling page: 0x0000018a1c2e0000

Metaspace:

Usage:
  Non-class:     31.91 MB used.
      Class:      3.66 MB used.
       Both:     35.57 MB used.

Virtual space:
  Non-class space:       64.00 MB reserved,      32.19 MB ( 50%) committed,  1 nodes.
      Class space:        1.00 GB reserved,       4.00 MB ( <1%) committed,  1 nodes.
             Both:        1.06 GB reserved,      36.19 MB (  3%) committed. 

Chunk freelists:
   Non-Class:  3.02 MB
       Class:  32.00 KB
        Both:  3.05 MB

MaxMetaspaceSize: unlimited
CompressedClassSpaceSize: 1.00 GB
Initial GC threshold: 21.00 MB
Current GC threshold: 45.44 MB
CDS: on
MetaspaceReclaimPolicy: balanced
 - commit_granule_bytes: 65536.
 - commit_granule_words: 8192.
 - virtual_space_node_default_size: 8388608.
 - enlarge_chunks_in_place: 1.
 - new_chunks_are_fully_committed: 0.
 - uncommit_free_chunks: 1.
 - use_allocation_guard: 0.


Internal statistics:

num_allocs_failed_limit: 3.
num_arena_births: 768.
num_arena_deaths: 0.
num_vsnodes_births: 2.
num_vsnodes_deaths: 0.
num_space_committed: 579.
num_space_uncommitted: 0.
num_chunks_returned_to_freelist: 3.
num_chunks_taken_from_freelist: 2223.
num_chunk_merges: 3.
num_chunk_splits: 1510.
num_chunks_enlarged: 1064.
num_inconsistent_stats: 0.

CodeHeap 'non-profiled nmethods': size=119168Kb used=7230Kb max_used=7263Kb free=111937Kb
 bounds [0x0000018a2c620000, 0x0000018a2cd60000, 0x0000018a33a80000]
CodeHeap 'profiled nmethods': size=119104Kb used=22464Kb max_used=22583Kb free=96639Kb
 bounds [0x0000018a24a80000, 0x0000018a260a0000, 0x0000018a2bed0000]
CodeHeap 'non-nmethods': size=7488Kb used=3032Kb max_used=3118Kb free=4455Kb
 bounds [0x0000018a2bed0000, 0x0000018a2c1f0000, 0x0000018a2c620000]
 total_blobs=10380 nmethods=9804 adapters=483
 compilation: enabled
              stopped_count=0, restarted_count=0
 full_count=0

Compilation events (20 events):
Event: 7.316 Thread 0x0000018a44cea1c0 nmethod 12004 0x0000018a25aa7d10 code [0x0000018a25aa7fa0, 0x0000018a25aa8e88]
Event: 7.316 Thread 0x0000018a44ce9c40 12006       3       org.apache.commons.compress.archivers.zip.ZipArchiveOutputStream::flushDeflater (23 bytes)
Event: 7.316 Thread 0x0000018a44cea1c0 12007       3       org.apache.commons.compress.archivers.zip.StreamCompressor::getCrc32 (8 bytes)
Event: 7.316 Thread 0x0000018a44cea1c0 nmethod 12007 0x0000018a25a82c10 code [0x0000018a25a82dc0, 0x0000018a25a82fd8]
Event: 7.316 Thread 0x0000018a44cea1c0 12008       3       org.apache.commons.compress.archivers.zip.ZipArchiveOutputStream$CurrentEntry::access$102 (7 bytes)
Event: 7.316 Thread 0x0000018a44cea1c0 nmethod 12008 0x0000018a25b0c990 code [0x0000018a25b0cb20, 0x0000018a25b0cc18]
Event: 7.316 Thread 0x0000018a44cea1c0 12009       3       org.apache.commons.compress.archivers.zip.ZipArchiveOutputStream::handleSizesAndCrc (266 bytes)
Event: 7.316 Thread 0x0000018a44ce9c40 nmethod 12006 0x0000018a25a82010 code [0x0000018a25a82200, 0x0000018a25a82908]
Event: 7.316 Thread 0x0000018a44ce9c40 12010       3       org.apache.commons.compress.archivers.zip.ZipArchiveOutputStream::checkIfNeedsZip64 (44 bytes)
Event: 7.316 Thread 0x0000018a4516f8a0 nmethod 11998 0x0000018a25aa4b10 code [0x0000018a25aa4f20, 0x0000018a25aa72b8]
Event: 7.316 Thread 0x0000018a4516f8a0 12011       3       org.springframework.boot.loader.tools.AbstractJarWriter$InputStreamEntryWriter::<init> (10 bytes)
Event: 7.316 Thread 0x0000018a4516f8a0 nmethod 12011 0x0000018a2524c610 code [0x0000018a2524c7c0, 0x0000018a2524c978]
Event: 7.316 Thread 0x0000018a4516f8a0 12012       3       org.apache.commons.compress.archivers.zip.ZipArchiveOutputStream::flush (15 bytes)
Event: 7.316 Thread 0x0000018a4516f8a0 nmethod 12012 0x0000018a2524c190 code [0x0000018a2524c340, 0x0000018a2524c548]
Event: 7.316 Thread 0x0000018a4516f8a0 12013       3       org.springframework.boot.loader.tools.AbstractJarWriter$InputStreamEntryWriter::write (34 bytes)
Event: 7.316 Thread 0x0000018a4516f8a0 nmethod 12013 0x0000018a2524b910 code [0x0000018a2524bae0, 0x0000018a2524bfc8]
Event: 7.316 Thread 0x0000018a44ce9c40 nmethod 12010 0x0000018a2524af10 code [0x0000018a2524b100, 0x0000018a2524b738]
Event: 7.317 Thread 0x0000018a40839e60 nmethod 12003 0x0000018a25247290 code [0x0000018a25247740, 0x0000018a2524a2a8]
Event: 7.317 Thread 0x0000018a44cea1c0 nmethod 12009 0x0000018a2549a690 code [0x0000018a2549ab20, 0x0000018a2549cec8]
Event: 7.320 Thread 0x0000018a458f16a0 12014       4       java.util.Collections$SetFromMap::add (22 bytes)

GC Heap History (20 events):
Event: 3.476 GC heap before
{Heap before GC invocations=10 (full 0):
 garbage-first heap   total 104448K, used 75194K [0x0000000705e00000, 0x0000000800000000)
  region size 2048K, 14 young (28672K), 2 survivors (4096K)
 Metaspace       used 27451K, committed 27840K, reserved 1114112K
  class space    used 2860K, committed 3072K, reserved 1048576K
}
Event: 3.479 GC heap after
{Heap after GC invocations=11 (full 0):
 garbage-first heap   total 104448K, used 51826K [0x0000000705e00000, 0x0000000800000000)
  region size 2048K, 1 young (2048K), 1 survivors (2048K)
 Metaspace       used 27451K, committed 27840K, reserved 1114112K
  class space    used 2860K, committed 3072K, reserved 1048576K
}
Event: 3.559 GC heap before
{Heap before GC invocations=12 (full 0):
 garbage-first heap   total 104448K, used 76402K [0x0000000705e00000, 0x0000000800000000)
  region size 2048K, 13 young (26624K), 1 survivors (2048K)
 Metaspace       used 27559K, committed 28032K, reserved 1114112K
  class space    used 2866K, committed 3072K, reserved 1048576K
}
Event: 3.560 GC heap after
{Heap after GC invocations=13 (full 0):
 garbage-first heap   total 104448K, used 51882K [0x0000000705e00000, 0x0000000800000000)
  region size 2048K, 1 young (2048K), 1 survivors (2048K)
 Metaspace       used 27559K, committed 28032K, reserved 1114112K
  class space    used 2866K, committed 3072K, reserved 1048576K
}
Event: 3.566 GC heap before
{Heap before GC invocations=13 (full 0):
 garbage-first heap   total 104448K, used 53930K [0x0000000705e00000, 0x0000000800000000)
  region size 2048K, 2 young (4096K), 1 survivors (2048K)
 Metaspace       used 27575K, committed 28096K, reserved 1114112K
  class space    used 2867K, committed 3136K, reserved 1048576K
}
Event: 3.568 GC heap after
{Heap after GC invocations=14 (full 0):
 garbage-first heap   total 139264K, used 51126K [0x0000000705e00000, 0x0000000800000000)
  region size 2048K, 1 young (2048K), 1 survivors (2048K)
 Metaspace       used 27575K, committed 28096K, reserved 1114112K
  class space    used 2867K, committed 3136K, reserved 1048576K
}
Event: 3.747 GC heap before
{Heap before GC invocations=14 (full 0):
 garbage-first heap   total 139264K, used 100278K [0x0000000705e00000, 0x0000000800000000)
  region size 2048K, 26 young (53248K), 1 survivors (2048K)
 Metaspace       used 27924K, committed 28416K, reserved 1114112K
  class space    used 2924K, committed 3200K, reserved 1048576K
}
Event: 3.749 GC heap after
{Heap after GC invocations=15 (full 0):
 garbage-first heap   total 139264K, used 51321K [0x0000000705e00000, 0x0000000800000000)
  region size 2048K, 1 young (2048K), 1 survivors (2048K)
 Metaspace       used 27924K, committed 28416K, reserved 1114112K
  class space    used 2924K, committed 3200K, reserved 1048576K
}
Event: 3.916 GC heap before
{Heap before GC invocations=15 (full 0):
 garbage-first heap   total 139264K, used 102521K [0x0000000705e00000, 0x0000000800000000)
  region size 2048K, 27 young (55296K), 1 survivors (2048K)
 Metaspace       used 28348K, committed 28928K, reserved 1114112K
  class space    used 2958K, committed 3264K, reserved 1048576K
}
Event: 3.918 GC heap after
{Heap after GC invocations=16 (full 0):
 garbage-first heap   total 139264K, used 52430K [0x0000000705e00000, 0x0000000800000000)
  region size 2048K, 1 young (2048K), 1 survivors (2048K)
 Metaspace       used 28348K, committed 28928K, reserved 1114112K
  class space    used 2958K, committed 3264K, reserved 1048576K
}
Event: 4.012 GC heap before
{Heap before GC invocations=16 (full 0):
 garbage-first heap   total 139264K, used 109774K [0x0000000705e00000, 0x0000000800000000)
  region size 2048K, 29 young (59392K), 1 survivors (2048K)
 Metaspace       used 28522K, committed 29120K, reserved 1114112K
  class space    used 2965K, committed 3264K, reserved 1048576K
}
Event: 4.015 GC heap after
{Heap after GC invocations=17 (full 0):
 garbage-first heap   total 139264K, used 53317K [0x0000000705e00000, 0x0000000800000000)
  region size 2048K, 2 young (4096K), 2 survivors (4096K)
 Metaspace       used 28522K, committed 29120K, reserved 1114112K
  class space    used 2965K, committed 3264K, reserved 1048576K
}
Event: 4.108 GC heap before
{Heap before GC invocations=17 (full 0):
 garbage-first heap   total 139264K, used 110661K [0x0000000705e00000, 0x0000000800000000)
  region size 2048K, 30 young (61440K), 2 survivors (4096K)
 Metaspace       used 28580K, committed 29120K, reserved 1114112K
  class space    used 2968K, committed 3264K, reserved 1048576K
}
Event: 4.111 GC heap after
{Heap after GC invocations=18 (full 0):
 garbage-first heap   total 139264K, used 54514K [0x0000000705e00000, 0x0000000800000000)
  region size 2048K, 2 young (4096K), 2 survivors (4096K)
 Metaspace       used 28580K, committed 29120K, reserved 1114112K
  class space    used 2968K, committed 3264K, reserved 1048576K
}
Event: 4.226 GC heap before
{Heap before GC invocations=18 (full 0):
 garbage-first heap   total 139264K, used 111858K [0x0000000705e00000, 0x0000000800000000)
  region size 2048K, 30 young (61440K), 2 survivors (4096K)
 Metaspace       used 28705K, committed 29248K, reserved 1114112K
  class space    used 2968K, committed 3264K, reserved 1048576K
}
Event: 4.231 GC heap after
{Heap after GC invocations=19 (full 0):
 garbage-first heap   total 258048K, used 54636K [0x0000000705e00000, 0x0000000800000000)
  region size 2048K, 2 young (4096K), 2 survivors (4096K)
 Metaspace       used 28705K, committed 29248K, reserved 1114112K
  class space    used 2968K, committed 3264K, reserved 1048576K
}
Event: 5.555 GC heap before
{Heap before GC invocations=19 (full 0):
 garbage-first heap   total 258048K, used 204140K [0x0000000705e00000, 0x0000000800000000)
  region size 2048K, 75 young (153600K), 2 survivors (4096K)
 Metaspace       used 31452K, committed 32000K, reserved 1114112K
  class space    used 3224K, committed 3520K, reserved 1048576K
}
Event: 5.559 GC heap after
{Heap after GC invocations=20 (full 0):
 garbage-first heap   total 258048K, used 57067K [0x0000000705e00000, 0x0000000800000000)
  region size 2048K, 4 young (8192K), 4 survivors (8192K)
 Metaspace       used 31452K, committed 32000K, reserved 1114112K
  class space    used 3224K, committed 3520K, reserved 1048576K
}
Event: 6.380 GC heap before
{Heap before GC invocations=20 (full 0):
 garbage-first heap   total 258048K, used 206571K [0x0000000705e00000, 0x0000000800000000)
  region size 2048K, 75 young (153600K), 4 survivors (8192K)
 Metaspace       used 32955K, committed 33600K, reserved 1114112K
  class space    used 3335K, committed 3648K, reserved 1048576K
}
Event: 6.385 GC heap after
{Heap after GC invocations=21 (full 0):
 garbage-first heap   total 258048K, used 64145K [0x0000000705e00000, 0x0000000800000000)
  region size 2048K, 6 young (12288K), 6 survivors (12288K)
 Metaspace       used 32955K, committed 33600K, reserved 1114112K
  class space    used 3335K, committed 3648K, reserved 1048576K
}

Dll operation events (12 events):
Event: 0.005 Loaded shared library C:\Program Files\Java\jdk-19\bin\java.dll
Event: 0.011 Loaded shared library C:\Program Files\Java\jdk-19\bin\jsvml.dll
Event: 0.042 Loaded shared library C:\Program Files\Java\jdk-19\bin\zip.dll
Event: 0.043 Loaded shared library C:\Program Files\Java\jdk-19\bin\instrument.dll
Event: 0.047 Loaded shared library C:\Program Files\Java\jdk-19\bin\net.dll
Event: 0.048 Loaded shared library C:\Program Files\Java\jdk-19\bin\nio.dll
Event: 0.050 Loaded shared library C:\Program Files\Java\jdk-19\bin\zip.dll
Event: 0.059 Loaded shared library C:\Program Files\JetBrains\IntelliJ IDEA 2022.1.2\bin\breakgen64.dll
Event: 0.064 Loaded shared library C:\Program Files\Java\jdk-19\bin\extnet.dll
Event: 0.111 Loaded shared library C:\Program Files\Java\jdk-19\bin\jimage.dll
Event: 0.150 Loaded shared library C:\Users\99293\AppData\Local\Temp\jansi-2.4.0-44672773394f5174-jansi.dll
Event: 0.156 Loaded shared library C:\Program Files\Java\jdk-19\bin\verify.dll

Deoptimization events (20 events):
Event: 7.170 Thread 0x0000018a1cb1d610 Uncommon trap: trap_request=0xffffffc6 fr.pc=0x0000018a2c9b9958 relative=0x00000000000011d8
Event: 7.170 Thread 0x0000018a1cb1d610 Uncommon trap: reason=bimorphic_or_optimized_type_check action=maybe_recompile pc=0x0000018a2c9b9958 method=java.io.FilterInputStream.read([BII)I @ 7 c2
Event: 7.170 Thread 0x0000018a1cb1d610 DEOPT PACKING pc=0x0000018a2c9b9958 sp=0x00000071ca8fdd60
Event: 7.170 Thread 0x0000018a1cb1d610 DEOPT UNPACKING pc=0x0000018a2bf36da3 sp=0x00000071ca8fdd18 mode 2
Event: 7.171 Thread 0x0000018a1cb1d610 Uncommon trap: trap_request=0xffffff45 fr.pc=0x0000018a2c9b501c relative=0x000000000000007c
Event: 7.171 Thread 0x0000018a1cb1d610 Uncommon trap: reason=unstable_if action=reinterpret pc=0x0000018a2c9b501c method=java.util.zip.CRC32.updateBytesCheck([BII)V @ 1 c2
Event: 7.171 Thread 0x0000018a1cb1d610 DEOPT PACKING pc=0x0000018a2c9b501c sp=0x00000071ca8fdd90
Event: 7.171 Thread 0x0000018a1cb1d610 DEOPT UNPACKING pc=0x0000018a2bf36da3 sp=0x00000071ca8fdd28 mode 2
Event: 7.189 Thread 0x0000018a1cb1d610 Uncommon trap: trap_request=0xffffff45 fr.pc=0x0000018a2c86bc7c relative=0x00000000000001dc
Event: 7.189 Thread 0x0000018a1cb1d610 Uncommon trap: reason=unstable_if action=reinterpret pc=0x0000018a2c86bc7c method=jdk.internal.util.ArraysSupport.mismatch([B[BI)I @ 60 c2
Event: 7.189 Thread 0x0000018a1cb1d610 DEOPT PACKING pc=0x0000018a2c86bc7c sp=0x00000071ca8fe0b0
Event: 7.189 Thread 0x0000018a1cb1d610 DEOPT UNPACKING pc=0x0000018a2bf36da3 sp=0x00000071ca8fdff8 mode 2
Event: 7.190 Thread 0x0000018a1cb1d610 Uncommon trap: trap_request=0xffffff45 fr.pc=0x0000018a2c879b68 relative=0x00000000000001c8
Event: 7.190 Thread 0x0000018a1cb1d610 Uncommon trap: reason=unstable_if action=reinterpret pc=0x0000018a2c879b68 method=java.util.concurrent.TimeUnit.toMillis(J)J @ 18 c2
Event: 7.190 Thread 0x0000018a1cb1d610 DEOPT PACKING pc=0x0000018a2c879b68 sp=0x00000071ca8fe040
Event: 7.190 Thread 0x0000018a1cb1d610 DEOPT UNPACKING pc=0x0000018a2bf36da3 sp=0x00000071ca8fdf60 mode 2
Event: 7.190 Thread 0x0000018a1cb1d610 Uncommon trap: trap_request=0xffffff45 fr.pc=0x0000018a2c87a0cc relative=0x000000000000012c
Event: 7.190 Thread 0x0000018a1cb1d610 Uncommon trap: reason=unstable_if action=reinterpret pc=0x0000018a2c87a0cc method=java.util.concurrent.TimeUnit.toMillis(J)J @ 18 c2
Event: 7.190 Thread 0x0000018a1cb1d610 DEOPT PACKING pc=0x0000018a2c87a0cc sp=0x00000071ca8fdd90
Event: 7.190 Thread 0x0000018a1cb1d610 DEOPT UNPACKING pc=0x0000018a2bf36da3 sp=0x00000071ca8fdd08 mode 2

Classes loaded (20 events):
Event: 6.990 Loading class javax/management/JMException
Event: 6.990 Loading class javax/management/JMException done
Event: 6.990 Loading class javax/management/OperationsException done
Event: 6.990 Loading class javax/management/InstanceNotFoundException done
Event: 6.991 Loading class javax/management/ReflectionException
Event: 6.991 Loading class javax/management/ReflectionException done
Event: 7.003 Loading class java/util/jar/JarOutputStream
Event: 7.003 Loading class java/util/zip/ZipOutputStream
Event: 7.003 Loading class java/util/zip/ZipOutputStream done
Event: 7.003 Loading class java/util/jar/JarOutputStream done
Event: 7.089 Loading class java/lang/invoke/DirectMethodHandle$Special
Event: 7.089 Loading class java/lang/invoke/DirectMethodHandle$Special done
Event: 7.106 Loading class java/util/jar/JarInputStream
Event: 7.106 Loading class java/util/jar/JarInputStream done
Event: 7.131 Loading class java/io/FileFilter
Event: 7.131 Loading class java/io/FileFilter done
Event: 7.132 Loading class sun/security/util/ManifestEntryVerifier
Event: 7.133 Loading class sun/security/util/ManifestEntryVerifier done
Event: 7.169 Loading class sun/security/util/SignatureFileVerifier
Event: 7.170 Loading class sun/security/util/SignatureFileVerifier done

Classes unloaded (0 events):
No events

Classes redefined (0 events):
No events

Internal exceptions (20 events):
Event: 5.940 Thread 0x0000018a1cb1d610 Exception <a 'sun/nio/fs/WindowsException'{0x000000070f293640}> (0x000000070f293640) 
thrown [s\open\src\hotspot\share\prims\jni.cpp, line 517]
Event: 5.940 Thread 0x0000018a1cb1d610 Exception <a 'sun/nio/fs/WindowsException'{0x000000070f2a37f8}> (0x000000070f2a37f8) 
thrown [s\open\src\hotspot\share\prims\jni.cpp, line 517]
Event: 5.940 Thread 0x0000018a1cb1d610 Exception <a 'sun/nio/fs/WindowsException'{0x000000070f2a3be0}> (0x000000070f2a3be0) 
thrown [s\open\src\hotspot\share\prims\jni.cpp, line 517]
Event: 5.940 Thread 0x0000018a1cb1d610 Exception <a 'sun/nio/fs/WindowsException'{0x000000070f2a5708}> (0x000000070f2a5708) 
thrown [s\open\src\hotspot\share\prims\jni.cpp, line 517]
Event: 5.940 Thread 0x0000018a1cb1d610 Exception <a 'sun/nio/fs/WindowsException'{0x000000070f2a5b78}> (0x000000070f2a5b78) 
thrown [s\open\src\hotspot\share\prims\jni.cpp, line 517]
Event: 5.943 Thread 0x0000018a1cb1d610 Exception <a 'sun/nio/fs/WindowsException'{0x000000070f373b50}> (0x000000070f373b50) 
thrown [s\open\src\hotspot\share\prims\jni.cpp, line 517]
Event: 5.943 Thread 0x0000018a1cb1d610 Exception <a 'sun/nio/fs/WindowsException'{0x000000070f374260}> (0x000000070f374260) 
thrown [s\open\src\hotspot\share\prims\jni.cpp, line 517]
Event: 5.944 Thread 0x0000018a1cb1d610 Exception <a 'sun/nio/fs/WindowsException'{0x000000070f375500}> (0x000000070f375500) 
thrown [s\open\src\hotspot\share\prims\jni.cpp, line 517]
Event: 5.944 Thread 0x0000018a1cb1d610 Exception <a 'sun/nio/fs/WindowsException'{0x000000070f390338}> (0x000000070f390338) 
thrown [s\open\src\hotspot\share\prims\jni.cpp, line 517]
Event: 5.944 Thread 0x0000018a1cb1d610 Exception <a 'sun/nio/fs/WindowsException'{0x000000070f390a98}> (0x000000070f390a98) 
thrown [s\open\src\hotspot\share\prims\jni.cpp, line 517]
Event: 5.944 Thread 0x0000018a1cb1d610 Exception <a 'sun/nio/fs/WindowsException'{0x000000070f391f90}> (0x000000070f391f90) 
thrown [s\open\src\hotspot\share\prims\jni.cpp, line 517]
Event: 6.027 Thread 0x0000018a1cb1d610 Implicit null exception at 0x0000018a2c833dfa to 0x0000018a2c835078
Event: 6.214 Thread 0x0000018a49c0dbe0 Exception <a 'java/lang/NoSuchMethodError'{0x000000070d83b878}: 'java.lang.Object java.lang.invoke.DirectMethodHandle$Holder.invokeStatic(java.lang.Object, long, java.lang.Object)'> (0x000000070d83b878) 
thrown [s\open\src\hotspot\share\interpreter\linkResolver.cpp, line 774]
Event: 6.215 Thread 0x0000018a49c0dbe0 Exception <a 'java/lang/NoSuchMethodError'{0x000000070d83eec8}: 'java.lang.Object java.lang.invoke.DirectMethodHandle$Holder.invokeStaticInit(java.lang.Object, long, java.lang.Object)'> (0x000000070d83eec8) 
thrown [s\open\src\hotspot\share\interpreter\linkResolver.cpp, line 774]
Event: 6.215 Thread 0x0000018a49c0dbe0 Exception <a 'java/lang/NoSuchMethodError'{0x000000070d844b18}: 'java.lang.Object java.lang.invoke.DirectMethodHandle$Holder.newInvokeSpecial(java.lang.Object, long)'> (0x000000070d844b18) 
thrown [s\open\src\hotspot\share\interpreter\linkResolver.cpp, line 774]
Event: 6.217 Thread 0x0000018a49c0dbe0 Exception <a 'java/lang/NoSuchMethodError'{0x000000070d8493a8}: 'long java.lang.invoke.DirectMethodHandle$Holder.invokeInterface(java.lang.Object, java.lang.Object)'> (0x000000070d8493a8) 
thrown [s\open\src\hotspot\share\interpreter\linkResolver.cpp, line 774]
Event: 6.218 Thread 0x0000018a49c0dbe0 Exception <a 'java/lang/NoSuchMethodError'{0x000000070d84cd10}: 'long java.lang.invoke.DelegatingMethodHandle$Holder.reinvoke_L(java.lang.Object, java.lang.Object)'> (0x000000070d84cd10) 
thrown [s\open\src\hotspot\share\interpreter\linkResolver.cpp, line 774]
Event: 6.220 Thread 0x0000018a1cb1d610 Exception <a 'java/lang/NoSuchMethodError'{0x000000070d617550}: 'java.lang.String org.apache.maven.execution.MavenExecutionRequest.getFailureBehavior()'> (0x000000070d617550) 
thrown [s\open\src\hotspot\share\interpreter\linkResolver.cpp, line 870]
Event: 6.481 Thread 0x0000018a1cb1d610 Implicit null exception at 0x0000018a2cd1414b to 0x0000018a2cd14340
Event: 7.015 Thread 0x0000018a1cb1d610 Exception <a 'java/lang/NoClassDefFoundError'{0x00000007108b1740}: org/sonatype/aether/version/VersionConstraint> (0x00000007108b1740) 
thrown [s\open\src\hotspot\share\classfile\systemDictionary.cpp, line 244]

VM Operations (20 events):
Event: 6.380 Executing VM operation: G1CollectForAllocation
Event: 6.385 Executing VM operation: G1CollectForAllocation done
Event: 6.447 Executing VM operation: HandshakeAllThreads
Event: 6.448 Executing VM operation: HandshakeAllThreads done
Event: 6.448 Executing VM operation: HandshakeAllThreads
Event: 6.448 Executing VM operation: HandshakeAllThreads done
Event: 6.469 Executing VM operation: HandshakeAllThreads
Event: 6.469 Executing VM operation: HandshakeAllThreads done
Event: 6.508 Executing VM operation: HandshakeAllThreads
Event: 6.508 Executing VM operation: HandshakeAllThreads done
Event: 6.669 Executing VM operation: HandshakeAllThreads
Event: 6.669 Executing VM operation: HandshakeAllThreads done
Event: 6.719 Executing VM operation: HandshakeAllThreads
Event: 6.719 Executing VM operation: HandshakeAllThreads done
Event: 6.720 Executing VM operation: HandshakeAllThreads
Event: 6.720 Executing VM operation: HandshakeAllThreads done
Event: 7.022 Executing VM operation: ICBufferFull
Event: 7.023 Executing VM operation: ICBufferFull done
Event: 7.107 Executing VM operation: HandshakeAllThreads
Event: 7.107 Executing VM operation: HandshakeAllThreads done

Events (20 events):
Event: 6.680 Thread 0x0000018a458bb0e0 Thread added: 0x0000018a458bb0e0
Event: 6.688 Thread 0x0000018a458f48b0 Thread exited: 0x0000018a458f48b0
Event: 6.725 Thread 0x0000018a49c10660 Thread exited: 0x0000018a49c10660
Event: 6.725 Thread 0x0000018a458be600 Thread exited: 0x0000018a458be600
Event: 6.725 Thread 0x0000018a49c11100 Thread exited: 0x0000018a49c11100
Event: 6.725 Thread 0x0000018a49c0fbc0 Thread exited: 0x0000018a49c0fbc0
Event: 6.725 Thread 0x0000018a458b9100 Thread exited: 0x0000018a458b9100
Event: 6.725 Thread 0x0000018a49c0e680 Thread exited: 0x0000018a49c0e680
Event: 6.725 Thread 0x0000018a458ba0f0 Thread exited: 0x0000018a458ba0f0
Event: 6.725 Thread 0x0000018a458bc0d0 Thread exited: 0x0000018a458bc0d0
Event: 6.725 Thread 0x0000018a458bfb40 Thread exited: 0x0000018a458bfb40
Event: 6.725 Thread 0x0000018a458be0b0 Thread exited: 0x0000018a458be0b0
Event: 6.725 Thread 0x0000018a49c0dbe0 Thread exited: 0x0000018a49c0dbe0
Event: 6.725 Thread 0x0000018a458b9650 Thread exited: 0x0000018a458b9650
Event: 6.725 Thread 0x0000018a458b9ba0 Thread exited: 0x0000018a458b9ba0
Event: 6.725 Thread 0x0000018a49c0ebd0 Thread exited: 0x0000018a49c0ebd0
Event: 6.726 Thread 0x0000018a458bb0e0 Thread exited: 0x0000018a458bb0e0
Event: 6.726 Thread 0x0000018a458ba640 Thread exited: 0x0000018a458ba640
Event: 6.933 Thread 0x0000018a458f4320 Thread exited: 0x0000018a458f4320
Event: 7.290 Thread 0x0000018a458f2ce0 Thread exited: 0x0000018a458f2ce0


Dynamic libraries:
0x00007ff6e34b0000 - 0x00007ff6e34c0000 	C:\Program Files\Java\jdk-19\bin\java.exe
0x00007ffbbbe50000 - 0x00007ffbbc066000 	C:\WINDOWS\SYSTEM32\ntdll.dll
0x00007ffbbb870000 - 0x00007ffbbb934000 	C:\WINDOWS\System32\KERNEL32.DLL
0x00007ffbb9480000 - 0x00007ffbb9827000 	C:\WINDOWS\System32\KERNELBASE.dll
0x00007ffbb9a00000 - 0x00007ffbb9b11000 	C:\WINDOWS\System32\ucrtbase.dll
0x00007ffbb2b80000 - 0x00007ffbb2b98000 	C:\Program Files\Java\jdk-19\bin\jli.dll
0x00007ffbb4020000 - 0x00007ffbb403b000 	C:\Program Files\Java\jdk-19\bin\VCRUNTIME140.dll
0x00007ffbbbb60000 - 0x00007ffbbbc12000 	C:\WINDOWS\System32\ADVAPI32.dll
0x00007ffbbb540000 - 0x00007ffbbb5e7000 	C:\WINDOWS\System32\msvcrt.dll
0x00007ffbbae50000 - 0x00007ffbbaef8000 	C:\WINDOWS\System32\sechost.dll
0x00007ffbb9b20000 - 0x00007ffbb9b48000 	C:\WINDOWS\System32\bcrypt.dll
0x00007ffbbb750000 - 0x00007ffbbb865000 	C:\WINDOWS\System32\RPCRT4.dll
0x00007ffbbac70000 - 0x00007ffbbae1e000 	C:\WINDOWS\System32\USER32.dll
0x00007ffbb93d0000 - 0x00007ffbb93f6000 	C:\WINDOWS\System32\win32u.dll
0x00007ffbbae20000 - 0x00007ffbbae49000 	C:\WINDOWS\System32\GDI32.dll
0x00007ffbb9140000 - 0x00007ffbb9259000 	C:\WINDOWS\System32\gdi32full.dll
0x00007ffb9f020000 - 0x00007ffb9f2b3000 	C:\WINDOWS\WinSxS\amd64_microsoft.windows.common-controls_6595b64144ccf1df_6.0.22621.3235_none_270f74e173860f98\COMCTL32.dll
0x00007ffbb98f0000 - 0x00007ffbb998a000 	C:\WINDOWS\System32\msvcp_win.dll
0x00007ffbb0c30000 - 0x00007ffbb0c3a000 	C:\WINDOWS\SYSTEM32\VERSION.dll
0x00007ffbbb940000 - 0x00007ffbbb971000 	C:\WINDOWS\System32\IMM32.DLL
0x00007ffbb4120000 - 0x00007ffbb412c000 	C:\Program Files\Java\jdk-19\bin\vcruntime140_1.dll
0x00007ffb99120000 - 0x00007ffb991ae000 	C:\Program Files\Java\jdk-19\bin\msvcp140.dll
0x00007ffb40ca0000 - 0x00007ffb41960000 	C:\Program Files\Java\jdk-19\bin\server\jvm.dll
0x00007ffbb40c0000 - 0x00007ffbb40c9000 	C:\WINDOWS\SYSTEM32\WSOCK32.dll
0x00007ffbb0920000 - 0x00007ffbb0954000 	C:\WINDOWS\SYSTEM32\WINMM.dll
0x00007ffbbbc80000 - 0x00007ffbbbcf1000 	C:\WINDOWS\System32\WS2_32.dll
0x00007ffbb8270000 - 0x00007ffbb8288000 	C:\WINDOWS\SYSTEM32\kernel.appcore.dll
0x00007ffbb3e70000 - 0x00007ffbb3e7a000 	C:\Program Files\Java\jdk-19\bin\jimage.dll
0x00007ffbb6960000 - 0x00007ffbb6b93000 	C:\WINDOWS\SYSTEM32\DBGHELP.DLL
0x00007ffbba750000 - 0x00007ffbbaad8000 	C:\WINDOWS\System32\combase.dll
0x00007ffbb9b50000 - 0x00007ffbb9c27000 	C:\WINDOWS\System32\OLEAUT32.dll
0x00007ffbaebd0000 - 0x00007ffbaec02000 	C:\WINDOWS\SYSTEM32\dbgcore.DLL
0x00007ffbb9400000 - 0x00007ffbb9479000 	C:\WINDOWS\System32\bcryptPrimitives.dll
0x00007ffbb4160000 - 0x00007ffbb416e000 	C:\Program Files\Java\jdk-19\bin\instrument.dll
0x00007ffba9fe0000 - 0x00007ffbaa006000 	C:\Program Files\Java\jdk-19\bin\java.dll
0x00007ffb75f00000 - 0x00007ffb75fd7000 	C:\Program Files\Java\jdk-19\bin\jsvml.dll
0x00007ffbb9ef0000 - 0x00007ffbba74c000 	C:\WINDOWS\System32\SHELL32.dll
0x00007ffbb7060000 - 0x00007ffbb7959000 	C:\WINDOWS\SYSTEM32\windows.storage.dll
0x00007ffbb6f20000 - 0x00007ffbb705e000 	C:\WINDOWS\SYSTEM32\wintypes.dll
0x00007ffbb9df0000 - 0x00007ffbb9ee3000 	C:\WINDOWS\System32\SHCORE.dll
0x00007ffbbbc20000 - 0x00007ffbbbc7e000 	C:\WINDOWS\System32\shlwapi.dll
0x00007ffbb9070000 - 0x00007ffbb9091000 	C:\WINDOWS\SYSTEM32\profapi.dll
0x00007ffba9a30000 - 0x00007ffba9a48000 	C:\Program Files\Java\jdk-19\bin\zip.dll
0x00007ffba9dc0000 - 0x00007ffba9dd3000 	C:\Program Files\Java\jdk-19\bin\net.dll
0x00007ffbb2a30000 - 0x00007ffbb2b66000 	C:\WINDOWS\SYSTEM32\WINHTTP.dll
0x00007ffbb86e0000 - 0x00007ffbb8749000 	C:\WINDOWS\system32\mswsock.dll
0x00007ffba9da0000 - 0x00007ffba9db6000 	C:\Program Files\Java\jdk-19\bin\nio.dll
0x00007ffba71c0000 - 0x00007ffba71da000 	C:\Program Files\JetBrains\IntelliJ IDEA 2022.1.2\bin\breakgen64.dll
0x00007ffb990c0000 - 0x00007ffb990c8000 	C:\Program Files\Java\jdk-19\bin\extnet.dll
0x0000000069ac0000 - 0x0000000069ae4000 	C:\Users\99293\AppData\Local\Temp\jansi-2.4.0-44672773394f5174-jansi.dll
0x00007ffbb12a0000 - 0x00007ffbb12b0000 	C:\Program Files\Java\jdk-19\bin\verify.dll

dbghelp: loaded successfully - version: 4.0.5 - missing functions: none
symbol engine: initialized successfully - sym options: 0x614 - pdb path: .;C:\Program Files\Java\jdk-19\bin;C:\WINDOWS\SYSTEM32;C:\WINDOWS\WinSxS\amd64_microsoft.windows.common-controls_6595b64144ccf1df_6.0.22621.3235_none_270f74e173860f98;C:\Program Files\Java\jdk-19\bin\server;C:\Program Files\JetBrains\IntelliJ IDEA 2022.1.2\bin;C:\Users\99293\AppData\Local\Temp

VM Arguments:
jvm_args: -Dmaven.multiModuleProjectDirectory=D:\unitedStates original storage\unitedStates duplicates original storage -Dmaven.home=C:\Users\99293\.m2\wrapper\dists\apache-maven-3.8.6-bin\1ks0nkde5v1pk9vtc31i9d0lcd\apache-maven-3.8.6 -Dclassworlds.conf=C:\Users\99293\.m2\wrapper\dists\apache-maven-3.8.6-bin\1ks0nkde5v1pk9vtc31i9d0lcd\apache-maven-3.8.6\bin\m2.conf -Dmaven.ext.class.path=C:\Program Files\JetBrains\IntelliJ IDEA 2022.1.2\plugins\maven\lib\maven-event-listener.jar -javaagent:C:\Program Files\JetBrains\IntelliJ IDEA 2022.1.2\lib\idea_rt.jar=58940:C:\Program Files\JetBrains\IntelliJ IDEA 2022.1.2\bin -Dfile.encoding=UTF-8 
java_command: org.codehaus.classworlds.Launcher -Didea.version=2022.1.2 package
java_class_path (initial): C:\Users\99293\.m2\wrapper\dists\apache-maven-3.8.6-bin\1ks0nkde5v1pk9vtc31i9d0lcd\apache-maven-3.8.6\boot\plexus-classworlds-2.6.0.jar;C:\Users\99293\.m2\wrapper\dists\apache-maven-3.8.6-bin\1ks0nkde5v1pk9vtc31i9d0lcd\apache-maven-3.8.6\boot\plexus-classworlds.license
Launcher Type: SUN_STANDARD

[Global flags]
     intx CICompilerCount                          = 12                                        {product} {ergonomic}
     uint ConcGCThreads                            = 3                                         {product} {ergonomic}
     uint G1ConcRefinementThreads                  = 13                                        {product} {ergonomic}
   size_t G1HeapRegionSize                         = 2097152                                   {product} {ergonomic}
    uintx GCDrainStackTargetSize                   = 64                                        {product} {ergonomic}
   size_t InitialHeapSize                          = 264241152                                 {product} {ergonomic}
   size_t MarkStackSize                            = 4194304                                   {product} {ergonomic}
   size_t MaxHeapSize                              = 4196401152                                {product} {ergonomic}
   size_t MaxNewSize                               = 2516582400                                {product} {ergonomic}
   size_t MinHeapDeltaBytes                        = 2097152                                   {product} {ergonomic}
   size_t MinHeapSize                              = 8388608                                   {product} {ergonomic}
    uintx NonNMethodCodeHeapSize                   = 7602480                                {pd product} {ergonomic}
    uintx NonProfiledCodeHeapSize                  = 122027880                              {pd product} {ergonomic}
    uintx ProfiledCodeHeapSize                     = 122027880                              {pd product} {ergonomic}
    uintx ReservedCodeCacheSize                    = 251658240                              {pd product} {ergonomic}
     bool SegmentedCodeCache                       = true                                      {product} {ergonomic}
   size_t SoftMaxHeapSize                          = 4196401152                             {manageable} {ergonomic}
     bool UseCompressedClassPointers               = true                           {product lp64_product} {ergonomic}
     bool UseCompressedOops                        = true                           {product lp64_product} {ergonomic}
     bool UseG1GC                                  = true                                      {product} {ergonomic}
     bool UseLargePagesIndividualAllocation        = false                                  {pd product} {ergonomic}

Logging:
Log output configuration:
 #0: stdout all=warning uptime,level,tags foldmultilines=false
 #1: stderr all=off uptime,level,tags foldmultilines=false

Environment Variables:
PATH=C:\Program Files\Common Files\Oracle\Java\javapath;C:\Windows\system32;C:\Windows;C:\Windows\System32\Wbem;C:\Windows\System32\WindowsPowerShell\v1.0\;C:\Windows\System32\OpenSSH\;C:\Program Files (x86)\NVIDIA Corporation\PhysX\Common;C:\Program Files\NVIDIA Corporation\NVIDIA NvDLISR;C:\Program Files\Git\cmd;C:\Program Files (x86)\dotnet\;%SystemRoot%\system32;%SystemRoot%;%SystemRoot%\System32\Wbem;%SYSTEMROOT%\System32\WindowsPowerShell\v1.0\;%SYSTEMROOT%\System32\OpenSSH\;C:\Users\99293\AppData\Local\Programs\Python\Python311\Scripts\;C:\Users\99293\AppData\Local\Programs\Python\Python311\;C:\Users\99293\AppData\Local\Microsoft\WindowsApps;;C:\Program Files\JetBrains\IntelliJ IDEA 2022.1.2\bin;;C:\Program Files\heroku\bin
USERNAME=ASUS
OS=Windows_NT
PROCESSOR_IDENTIFIER=Intel64 Family 6 Model 154 Stepping 3, GenuineIntel
TMP=C:\Users\99293\AppData\Local\Temp
TEMP=C:\Users\99293\AppData\Local\Temp



---------------  S Y S T E M  ---------------

OS:
 Windows 11 , 64 bit Build 22621 (10.0.22621.3374)
OS uptime: 0 days 21:22 hours
Hyper-V role detected

CPU: total 16 (initial active 16) (8 cores per cpu, 2 threads per core) family 6 model 154 stepping 3 microcode 0x41c, cx8, cmov, fxsr, ht, mmx, 3dnowpref, sse, sse2, sse3, ssse3, sse4.1, sse4.2, popcnt, lzcnt, tsc, tscinvbit, avx, avx2, aes, erms, clmul, bmi1, bmi2, adx, sha, fma, vzeroupper, clflush, clflushopt, clwb, hv, serialize, rdtscp, rdpid, fsrm

Memory: 4k page, system-wide physical 16005M (2092M free)
TotalPageFile size 18053M (AvailPageFile size 7M)
current process WorkingSet (physical memory assigned to process): 568M, peak: 570M
current process commit charge ("private bytes"): 624M, peak: 628M

vm_info: Java HotSpot(TM) 64-Bit Server VM (19.0.2+7-44) for windows-amd64 JRE (19.0.2+7-44), built on 2022-11-30T18:02:09Z by "mach5one" with MS VC++ 17.1 (VS2022)

END.
