#
# There is insufficient memory for the Java Runtime Environment to continue.
# Native memory allocation (malloc) failed to allocate 1270016 bytes for Chunk::new
# Possible reasons:
#   The system is out of physical RAM or swap space
#   The process is running with CompressedOops enabled, and the Java Heap may be blocking the growth of the native heap
# Possible solutions:
#   Reduce memory load on the system
#   Increase physical memory or swap space
#   Check if swap backing store is full
#   Decrease Java heap size (-Xmx/-Xms)
#   Decrease number of Java threads
#   Decrease Java thread stack sizes (-Xss)
#   Set larger code cache with -XX:ReservedCodeCacheSize=
#   JVM is running with Zero Based Compressed Oops mode in which the Java heap is
#     placed in the first 32GB address space. The Java Heap base address is the
#     maximum limit for the native heap growth. Please use -XX:HeapBaseMinAddress
#     to set the Java Heap base and to place the Java Heap above 32GB virtual address.
# This output file may be truncated or incomplete.
#
#  Out of Memory Error (arena.cpp:184), pid=5132, tid=20408
#
# JRE version: Java(TM) SE Runtime Environment (19.0.2+7) (build 19.0.2+7-44)
# Java VM: Java HotSpot(TM) 64-Bit Server VM (19.0.2+7-44, mixed mode, sharing, tiered, compressed oops, compressed class ptrs, g1 gc, windows-amd64)
# No core dump will be written. Minidumps are not enabled by default on client versions of Windows
#

---------------  S U M M A R Y ------------

Command Line: -Dmaven.multiModuleProjectDirectory=D:\unitedStates original storage\unitedStates duplicates original storage -Dmaven.home=C:\Users\99293\.m2\wrapper\dists\apache-maven-3.8.6-bin\1ks0nkde5v1pk9vtc31i9d0lcd\apache-maven-3.8.6 -Dclassworlds.conf=C:\Users\99293\.m2\wrapper\dists\apache-maven-3.8.6-bin\1ks0nkde5v1pk9vtc31i9d0lcd\apache-maven-3.8.6\bin\m2.conf -Dmaven.ext.class.path=C:\Program Files\JetBrains\IntelliJ IDEA 2022.1.2\plugins\maven\lib\maven-event-listener.jar -javaagent:C:\Program Files\JetBrains\IntelliJ IDEA 2022.1.2\lib\idea_rt.jar=64340:C:\Program Files\JetBrains\IntelliJ IDEA 2022.1.2\bin -Dfile.encoding=UTF-8 org.codehaus.classworlds.Launcher -Didea.version=2022.1.2 package

Host: 12th Gen Intel(R) Core(TM) i7-12650H, 16 cores, 15G,  Windows 11 , 64 bit Build 22621 (10.0.22621.3374)
Time: Sun May 12 17:27:36 2024  Windows 11 , 64 bit Build 22621 (10.0.22621.3374) elapsed time: 7.703421 seconds (0d 0h 0m 7s)

---------------  T H R E A D  ---------------

Current thread (0x000001772619da90):  JavaThread "C2 CompilerThread3" daemon [_thread_in_native, id=20408, stack(0x0000000ca1500000,0x0000000ca1600000)]


Current CompileTask:
C2:   7703 11721   !   4       org.apache.maven.model.Model::clone (502 bytes)

Stack: [0x0000000ca1500000,0x0000000ca1600000]
Native frames: (J=compiled Java code, j=interpreted, Vv=VM code, C=native code)
V  [jvm.dll+0x6ee21a]
V  [jvm.dll+0x85765e]
V  [jvm.dll+0x85904e]
V  [jvm.dll+0x859703]
V  [jvm.dll+0x28298f]
V  [jvm.dll+0xc9adf]
V  [jvm.dll+0xc9e65]
V  [jvm.dll+0x2f7caf]
V  [jvm.dll+0x5f076b]
V  [jvm.dll+0x25590c]
V  [jvm.dll+0x24e1a7]
V  [jvm.dll+0x24b673]
V  [jvm.dll+0x1d6ce1]
V  [jvm.dll+0x25b25a]
V  [jvm.dll+0x2596e8]
V  [jvm.dll+0x807588]
V  [jvm.dll+0x80125a]
V  [jvm.dll+0x6ecf0b]
C  [ucrtbase.dll+0x29333]
C  [KERNEL32.DLL+0x1257d]
C  [ntdll.dll+0x5aa48]


---------------  P R O C E S S  ---------------

Threads class SMR info:
_java_thread_list=0x0000017728422490, length=21, elements={
0x000001777d65fe10, 0x000001777ff91dd0, 0x000001777ff92aa0, 0x000001777ff96790,
0x000001777ff972c0, 0x000001777ff97f50, 0x000001777ff98bc0, 0x0000017725512090,
0x0000017725512610, 0x0000017725512f80, 0x00000177255d3990, 0x00000177255f5210,
0x000001772564ae80, 0x0000017725790ee0, 0x0000017725722af0, 0x0000017725ad1b00,
0x0000017725b17ad0, 0x0000017725c28e30, 0x000001772619da90, 0x0000017726174430,
0x0000017726927320
}

Java Threads: ( => current thread )
  0x000001777d65fe10 JavaThread "main" [_thread_blocked, id=19612, stack(0x0000000c9fc00000,0x0000000c9fd00000)]
  0x000001777ff91dd0 JavaThread "Reference Handler" daemon [_thread_blocked, id=5040, stack(0x0000000ca0300000,0x0000000ca0400000)]
  0x000001777ff92aa0 JavaThread "Finalizer" daemon [_thread_blocked, id=20448, stack(0x0000000ca0400000,0x0000000ca0500000)]
  0x000001777ff96790 JavaThread "Signal Dispatcher" daemon [_thread_blocked, id=20424, stack(0x0000000ca0500000,0x0000000ca0600000)]
  0x000001777ff972c0 JavaThread "Attach Listener" daemon [_thread_blocked, id=19684, stack(0x0000000ca0600000,0x0000000ca0700000)]
  0x000001777ff97f50 JavaThread "Service Thread" daemon [_thread_blocked, id=20440, stack(0x0000000ca0700000,0x0000000ca0800000)]
  0x000001777ff98bc0 JavaThread "Monitor Deflation Thread" daemon [_thread_blocked, id=18556, stack(0x0000000ca0800000,0x0000000ca0900000)]
  0x0000017725512090 JavaThread "C2 CompilerThread0" daemon [_thread_in_native, id=15036, stack(0x0000000ca0900000,0x0000000ca0a00000)]
  0x0000017725512610 JavaThread "C1 CompilerThread0" daemon [_thread_blocked, id=18748, stack(0x0000000ca0a00000,0x0000000ca0b00000)]
  0x0000017725512f80 JavaThread "Sweeper thread" daemon [_thread_blocked, id=11064, stack(0x0000000ca0b00000,0x0000000ca0c00000)]
  0x00000177255d3990 JavaThread "C1 CompilerThread1" daemon [_thread_blocked, id=5376, stack(0x0000000ca0c00000,0x0000000ca0d00000)]
  0x00000177255f5210 JavaThread "Common-Cleaner" daemon [_thread_blocked, id=14956, stack(0x0000000ca0d00000,0x0000000ca0e00000)]
  0x000001772564ae80 JavaThread "C1 CompilerThread2" daemon [_thread_blocked, id=20960, stack(0x0000000ca0e00000,0x0000000ca0f00000)]
  0x0000017725790ee0 JavaThread "Monitor Ctrl-Break" daemon [_thread_in_native, id=17904, stack(0x0000000ca0f00000,0x0000000ca1000000)]
  0x0000017725722af0 JavaThread "Notification Thread" daemon [_thread_blocked, id=2380, stack(0x0000000ca1000000,0x0000000ca1100000)]
  0x0000017725ad1b00 JavaThread "C2 CompilerThread1" daemon [_thread_blocked, id=18664, stack(0x0000000ca1200000,0x0000000ca1300000)]
  0x0000017725b17ad0 JavaThread "C1 CompilerThread3" daemon [_thread_blocked, id=20688, stack(0x0000000ca1300000,0x0000000ca1400000)]
  0x0000017725c28e30 JavaThread "C2 CompilerThread2" daemon [_thread_blocked, id=6044, stack(0x0000000ca1400000,0x0000000ca1500000)]
=>0x000001772619da90 JavaThread "C2 CompilerThread3" daemon [_thread_in_native, id=20408, stack(0x0000000ca1500000,0x0000000ca1600000)]
  0x0000017726174430 JavaThread "C2 CompilerThread4" daemon [_thread_blocked, id=11244, stack(0x0000000ca1600000,0x0000000ca1700000)]
  0x0000017726927320 JavaThread "C2 CompilerThread5" daemon [_thread_blocked, id=14268, stack(0x0000000ca1700000,0x0000000ca1800000)]

Other Threads:
  0x000001777ff79220 VMThread "VM Thread" [stack: 0x0000000ca0200000,0x0000000ca0300000] [id=18860]
  0x0000017725728070 WatcherThread "VM Periodic Task Thread" [stack: 0x0000000ca1100000,0x0000000ca1200000] [id=19800]
  0x000001777d6d19c0 WorkerThread "GC Thread#0" [stack: 0x0000000c9fd00000,0x0000000c9fe00000] [id=17376]
  0x0000017725a2f510 WorkerThread "GC Thread#1" [stack: 0x0000000ca1800000,0x0000000ca1900000] [id=19112]
  0x0000017725a2fd80 WorkerThread "GC Thread#2" [stack: 0x0000000ca1900000,0x0000000ca1a00000] [id=13364]
  0x0000017725a2e9d0 WorkerThread "GC Thread#3" [stack: 0x0000000ca1a00000,0x0000000ca1b00000] [id=13876]
  0x0000017725a30050 WorkerThread "GC Thread#4" [stack: 0x0000000ca1b00000,0x0000000ca1c00000] [id=14944]
  0x0000017725a2f7e0 WorkerThread "GC Thread#5" [stack: 0x0000000ca1c00000,0x0000000ca1d00000] [id=13048]
  0x0000017725a2fab0 WorkerThread "GC Thread#6" [stack: 0x0000000ca1d00000,0x0000000ca1e00000] [id=22180]
  0x0000017725a30320 WorkerThread "GC Thread#7" [stack: 0x0000000ca1e00000,0x0000000ca1f00000] [id=21148]
  0x00000177262b6080 WorkerThread "GC Thread#8" [stack: 0x0000000ca1f00000,0x0000000ca2000000] [id=6280]
  0x00000177262b5270 WorkerThread "GC Thread#9" [stack: 0x0000000ca2000000,0x0000000ca2100000] [id=22480]
  0x00000177262b3ec0 WorkerThread "GC Thread#10" [stack: 0x0000000ca2100000,0x0000000ca2200000] [id=7812]
  0x00000177262b5db0 WorkerThread "GC Thread#11" [stack: 0x0000000ca2200000,0x0000000ca2300000] [id=6700]
  0x00000177262b4190 WorkerThread "GC Thread#12" [stack: 0x0000000ca2300000,0x0000000ca2400000] [id=18652]
  0x000001777d6e24d0 ConcurrentGCThread "G1 Main Marker" [stack: 0x0000000c9fe00000,0x0000000c9ff00000] [id=18792]
  0x000001777d6e2f00 WorkerThread "G1 Conc#0" [stack: 0x0000000c9ff00000,0x0000000ca0000000] [id=9356]
  0x00000177262b6bc0 WorkerThread "G1 Conc#1" [stack: 0x0000000ca2400000,0x0000000ca2500000] [id=22252]
  0x00000177262b4cd0 WorkerThread "G1 Conc#2" [stack: 0x0000000ca2500000,0x0000000ca2600000] [id=4672]
  0x000001777d71ea40 ConcurrentGCThread "G1 Refine#0" [stack: 0x0000000ca0000000,0x0000000ca0100000] [id=20132]
  0x000001777fe35af0 ConcurrentGCThread "G1 Service" [stack: 0x0000000ca0100000,0x0000000ca0200000] [id=14224]

Threads with active compile tasks:
C2 CompilerThread0     7713 11341   !   4       java.lang.ClassLoader::loadClass (121 bytes)
C2 CompilerThread1     7713 11772   !   4       org.codehaus.plexus.classworlds.realm.ClassRealm::loadClass (33 bytes)
C2 CompilerThread2     7713 11771       4       org.codehaus.plexus.classworlds.realm.ClassRealm::loadClass (7 bytes)
C2 CompilerThread3     7713 11721   !   4       org.apache.maven.model.Model::clone (502 bytes)
C2 CompilerThread4     7713 11803       4       java.util.regex.Pattern$$Lambda$21/0x800000031::is (13 bytes)
C2 CompilerThread5     7714 11163       4       org.apache.maven.model.inheritance.DefaultInheritanceAssembler$InheritanceModelMerger::mergePluginContainer_Plugins (430 bytes)

VM state: at safepoint (normal execution)

VM Mutex/Monitor currently owned by a thread:  ([mutex/lock_event])
[0x000001777d659970] Threads_lock - owner thread: 0x000001777ff79220
[0x000001777d659a00] Heap_lock - owner thread: 0x000001777d65fe10

Heap address: 0x0000000705e00000, size: 4002 MB, Compressed Oops mode: Zero based, Oop shift amount: 3

CDS archive(s) mapped at: [0x0000000800000000-0x0000000800c40000-0x0000000800c40000), size 12845056, SharedBaseAddress: 0x0000000800000000, ArchiveRelocationMode: 0.
Compressed class space mapped at: 0x0000000801000000-0x0000000841000000, reserved size: 1073741824
Narrow klass base: 0x0000000800000000, Narrow klass shift: 0, Narrow klass range: 0x100000000

GC Precious Log:
 CardTable entry size: 512
 Card Set container configuration: InlinePtr #cards 4 size 8 Array Of Cards #cards 16 size 48 Howl #buckets 8 coarsen threshold 3686 Howl Bitmap #cards 512 size 80 coarsen threshold 460 Card regions per heap region 1 cards per card region 4096
 CPUs: 16 total, 16 available
 Memory: 16005M
 Large Page Support: Disabled
 NUMA Support: Disabled
 Compressed Oops: Enabled (Zero based)
 Heap Region Size: 2M
 Heap Min Capacity: 8M
 Heap Initial Capacity: 252M
 Heap Max Capacity: 4002M
 Pre-touch: Disabled
 Parallel Workers: 13
 Concurrent Workers: 3
 Concurrent Refinement Workers: 13
 Periodic GC: Disabled

Heap:
 garbage-first heap   total 196608K, used 88072K [0x0000000705e00000, 0x0000000800000000)
  region size 2048K, 14 young (28672K), 3 survivors (6144K)
 Metaspace       used 35490K, committed 36096K, reserved 1114112K
  class space    used 3649K, committed 3968K, reserved 1048576K

Heap Regions: E=young(eden), S=young(survivor), O=old, HS=humongous(starts), HC=humongous(continues), CS=collection set, F=free, OA=open archive, CA=closed archive, TAMS=top-at-mark-start (previous, next)
|   0|0x0000000705e00000, 0x0000000706000000, 0x0000000706000000|100%| O|  |TAMS 0x0000000706000000, 0x0000000706000000| Untracked 
|   1|0x0000000706000000, 0x0000000706200000, 0x0000000706200000|100%| O|  |TAMS 0x0000000706000000, 0x0000000706200000| Untracked 
|   2|0x0000000706200000, 0x0000000706400000, 0x0000000706400000|100%| O|  |TAMS 0x0000000706200000, 0x0000000706400000| Untracked 
|   3|0x0000000706400000, 0x0000000706600000, 0x0000000706600000|100%| O|  |TAMS 0x0000000706400000, 0x0000000706600000| Untracked 
|   4|0x0000000706600000, 0x0000000706800000, 0x0000000706800000|100%| O|  |TAMS 0x0000000706600000, 0x0000000706800000| Untracked 
|   5|0x0000000706800000, 0x0000000706a00000, 0x0000000706a00000|100%| O|  |TAMS 0x0000000706800000, 0x0000000706a00000| Untracked 
|   6|0x0000000706a00000, 0x0000000706c00000, 0x0000000706c00000|100%| O|  |TAMS 0x0000000706a00000, 0x0000000706c00000| Untracked 
|   7|0x0000000706c00000, 0x0000000706e00000, 0x0000000706e00000|100%| O|  |TAMS 0x0000000706c00000, 0x0000000706e00000| Untracked 
|   8|0x0000000706e00000, 0x0000000707000000, 0x0000000707000000|100%| O|  |TAMS 0x0000000706e00000, 0x0000000707000000| Untracked 
|   9|0x0000000707000000, 0x0000000707200000, 0x0000000707200000|100%| O|  |TAMS 0x0000000707000000, 0x0000000707200000| Untracked 
|  10|0x0000000707200000, 0x0000000707400000, 0x0000000707400000|100%| O|  |TAMS 0x0000000707200000, 0x0000000707400000| Untracked 
|  11|0x0000000707400000, 0x0000000707600000, 0x0000000707600000|100%| O|  |TAMS 0x0000000707400000, 0x0000000707600000| Untracked 
|  12|0x0000000707600000, 0x0000000707800000, 0x0000000707800000|100%| O|  |TAMS 0x0000000707600000, 0x0000000707800000| Untracked 
|  13|0x0000000707800000, 0x0000000707a00000, 0x0000000707a00000|100%| O|  |TAMS 0x0000000707800000, 0x0000000707a00000| Untracked 
|  14|0x0000000707a00000, 0x0000000707c00000, 0x0000000707c00000|100%| O|  |TAMS 0x0000000707a00000, 0x0000000707c00000| Untracked 
|  15|0x0000000707c00000, 0x0000000707e00000, 0x0000000707e00000|100%| O|  |TAMS 0x0000000707c00000, 0x0000000707e00000| Untracked 
|  16|0x0000000707e00000, 0x0000000708000000, 0x0000000708000000|100%| O|  |TAMS 0x0000000707e00000, 0x0000000707e00000| Untracked 
|  17|0x0000000708000000, 0x0000000708200000, 0x0000000708200000|100%| O|  |TAMS 0x0000000708000000, 0x0000000708200000| Untracked 
|  18|0x0000000708200000, 0x0000000708400000, 0x0000000708400000|100%| O|  |TAMS 0x0000000708200000, 0x0000000708400000| Untracked 
|  19|0x0000000708400000, 0x0000000708600000, 0x0000000708600000|100%| O|  |TAMS 0x0000000708400000, 0x0000000708600000| Untracked 
|  20|0x0000000708600000, 0x0000000708800000, 0x0000000708800000|100%| O|  |TAMS 0x0000000708600000, 0x0000000708800000| Untracked 
|  21|0x0000000708800000, 0x0000000708a00000, 0x0000000708a00000|100%| O|  |TAMS 0x0000000708800000, 0x0000000708a00000| Untracked 
|  22|0x0000000708a00000, 0x0000000708c00000, 0x0000000708c00000|100%| O|  |TAMS 0x0000000708a00000, 0x0000000708be5200| Untracked 
|  23|0x0000000708c00000, 0x0000000708e00000, 0x0000000708e00000|100%|HS|  |TAMS 0x0000000708c00000, 0x0000000708e00000| Complete 
|  24|0x0000000708e00000, 0x0000000709000000, 0x0000000709000000|100%|HC|  |TAMS 0x0000000708e00000, 0x0000000709000000| Complete 
|  25|0x0000000709000000, 0x00000007090377f0, 0x0000000709200000| 10%| O|  |TAMS 0x0000000709000000, 0x0000000709000000| Untracked 
|  26|0x0000000709200000, 0x0000000709200000, 0x0000000709400000|  0%| F|  |TAMS 0x0000000709200000, 0x0000000709200000| Untracked 
|  27|0x0000000709400000, 0x0000000709400000, 0x0000000709600000|  0%| F|  |TAMS 0x0000000709400000, 0x0000000709400000| Untracked 
|  28|0x0000000709600000, 0x0000000709600000, 0x0000000709800000|  0%| F|  |TAMS 0x0000000709600000, 0x0000000709600000| Untracked 
|  29|0x0000000709800000, 0x0000000709800000, 0x0000000709a00000|  0%| F|  |TAMS 0x0000000709800000, 0x0000000709800000| Untracked 
|  30|0x0000000709a00000, 0x0000000709a00000, 0x0000000709c00000|  0%| F|  |TAMS 0x0000000709a00000, 0x0000000709a00000| Untracked 
|  31|0x0000000709c00000, 0x0000000709c00000, 0x0000000709e00000|  0%| F|  |TAMS 0x0000000709c00000, 0x0000000709c00000| Untracked 
|  32|0x0000000709e00000, 0x0000000709e00000, 0x000000070a000000|  0%| F|  |TAMS 0x0000000709e00000, 0x0000000709e00000| Untracked 
|  33|0x000000070a000000, 0x000000070a000000, 0x000000070a200000|  0%| F|  |TAMS 0x000000070a000000, 0x000000070a000000| Untracked 
|  34|0x000000070a200000, 0x000000070a200000, 0x000000070a400000|  0%| F|  |TAMS 0x000000070a200000, 0x000000070a200000| Untracked 
|  35|0x000000070a400000, 0x000000070a51c850, 0x000000070a600000| 55%| E|CS|TAMS 0x000000070a400000, 0x000000070a51c850| Complete 
|  36|0x000000070a600000, 0x000000070a800000, 0x000000070a800000|100%| E|CS|TAMS 0x000000070a600000, 0x000000070a800000| Complete 
|  37|0x000000070a800000, 0x000000070aa00000, 0x000000070aa00000|100%| E|CS|TAMS 0x000000070a800000, 0x000000070aa00000| Complete 
|  38|0x000000070aa00000, 0x000000070ac00000, 0x000000070ac00000|100%| E|CS|TAMS 0x000000070aa00000, 0x000000070ac00000| Complete 
|  39|0x000000070ac00000, 0x000000070ac00000, 0x000000070ae00000|  0%| F|  |TAMS 0x000000070ac00000, 0x000000070ac00000| Untracked 
|  40|0x000000070ae00000, 0x000000070ae00000, 0x000000070b000000|  0%| F|  |TAMS 0x000000070ae00000, 0x000000070ae00000| Untracked 
|  41|0x000000070b000000, 0x000000070b000000, 0x000000070b200000|  0%| F|  |TAMS 0x000000070b000000, 0x000000070b000000| Untracked 
|  42|0x000000070b200000, 0x000000070b200000, 0x000000070b400000|  0%| F|  |TAMS 0x000000070b200000, 0x000000070b200000| Untracked 
|  43|0x000000070b400000, 0x000000070b400000, 0x000000070b600000|  0%| F|  |TAMS 0x000000070b400000, 0x000000070b400000| Untracked 
|  44|0x000000070b600000, 0x000000070b800000, 0x000000070b800000|100%| E|CS|TAMS 0x000000070b600000, 0x000000070b800000| Complete 
|  45|0x000000070b800000, 0x000000070ba00000, 0x000000070ba00000|100%| E|CS|TAMS 0x000000070b800000, 0x000000070ba00000| Complete 
|  46|0x000000070ba00000, 0x000000070ba00000, 0x000000070bc00000|  0%| F|  |TAMS 0x000000070ba00000, 0x000000070ba00000| Untracked 
|  47|0x000000070bc00000, 0x000000070bc00000, 0x000000070be00000|  0%| F|  |TAMS 0x000000070bc00000, 0x000000070bc00000| Untracked 
|  48|0x000000070be00000, 0x000000070be00000, 0x000000070c000000|  0%| F|  |TAMS 0x000000070be00000, 0x000000070be00000| Untracked 
|  49|0x000000070c000000, 0x000000070c000000, 0x000000070c200000|  0%| F|  |TAMS 0x000000070c000000, 0x000000070c000000| Untracked 
|  50|0x000000070c200000, 0x000000070c200000, 0x000000070c400000|  0%| F|  |TAMS 0x000000070c200000, 0x000000070c200000| Untracked 
|  51|0x000000070c400000, 0x000000070c400000, 0x000000070c600000|  0%| F|  |TAMS 0x000000070c400000, 0x000000070c400000| Untracked 
|  52|0x000000070c600000, 0x000000070c600000, 0x000000070c800000|  0%| F|  |TAMS 0x000000070c600000, 0x000000070c600000| Untracked 
|  53|0x000000070c800000, 0x000000070c800000, 0x000000070ca00000|  0%| F|  |TAMS 0x000000070c800000, 0x000000070c800000| Untracked 
|  54|0x000000070ca00000, 0x000000070ca00000, 0x000000070cc00000|  0%| F|  |TAMS 0x000000070ca00000, 0x000000070ca00000| Untracked 
|  55|0x000000070cc00000, 0x000000070cc00000, 0x000000070ce00000|  0%| F|  |TAMS 0x000000070cc00000, 0x000000070cc00000| Untracked 
|  56|0x000000070ce00000, 0x000000070ce00000, 0x000000070d000000|  0%| F|  |TAMS 0x000000070ce00000, 0x000000070ce00000| Untracked 
|  57|0x000000070d000000, 0x000000070d000000, 0x000000070d200000|  0%| F|  |TAMS 0x000000070d000000, 0x000000070d000000| Untracked 
|  58|0x000000070d200000, 0x000000070d200000, 0x000000070d400000|  0%| F|  |TAMS 0x000000070d200000, 0x000000070d200000| Untracked 
|  59|0x000000070d400000, 0x000000070d400000, 0x000000070d600000|  0%| F|  |TAMS 0x000000070d400000, 0x000000070d400000| Untracked 
|  60|0x000000070d600000, 0x000000070d600000, 0x000000070d800000|  0%| F|  |TAMS 0x000000070d600000, 0x000000070d600000| Untracked 
|  61|0x000000070d800000, 0x000000070d800000, 0x000000070da00000|  0%| F|  |TAMS 0x000000070d800000, 0x000000070d800000| Untracked 
|  62|0x000000070da00000, 0x000000070da00000, 0x000000070dc00000|  0%| F|  |TAMS 0x000000070da00000, 0x000000070da00000| Untracked 
|  63|0x000000070dc00000, 0x000000070dc00000, 0x000000070de00000|  0%| F|  |TAMS 0x000000070dc00000, 0x000000070dc00000| Untracked 
|  64|0x000000070de00000, 0x000000070de00000, 0x000000070e000000|  0%| F|  |TAMS 0x000000070de00000, 0x000000070de00000| Untracked 
|  65|0x000000070e000000, 0x000000070e000000, 0x000000070e200000|  0%| F|  |TAMS 0x000000070e000000, 0x000000070e000000| Untracked 
|  66|0x000000070e200000, 0x000000070e200000, 0x000000070e400000|  0%| F|  |TAMS 0x000000070e200000, 0x000000070e200000| Untracked 
|  67|0x000000070e400000, 0x000000070e400000, 0x000000070e600000|  0%| F|  |TAMS 0x000000070e400000, 0x000000070e400000| Untracked 
|  68|0x000000070e600000, 0x000000070e600000, 0x000000070e800000|  0%| F|  |TAMS 0x000000070e600000, 0x000000070e600000| Untracked 
|  69|0x000000070e800000, 0x000000070e800000, 0x000000070ea00000|  0%| F|  |TAMS 0x000000070e800000, 0x000000070e800000| Untracked 
|  70|0x000000070ea00000, 0x000000070ea00000, 0x000000070ec00000|  0%| F|  |TAMS 0x000000070ea00000, 0x000000070ea00000| Untracked 
|  71|0x000000070ec00000, 0x000000070ec00000, 0x000000070ee00000|  0%| F|  |TAMS 0x000000070ec00000, 0x000000070ec00000| Untracked 
|  72|0x000000070ee00000, 0x000000070ee00000, 0x000000070f000000|  0%| F|  |TAMS 0x000000070ee00000, 0x000000070ee00000| Untracked 
|  73|0x000000070f000000, 0x000000070f000000, 0x000000070f200000|  0%| F|  |TAMS 0x000000070f000000, 0x000000070f000000| Untracked 
|  74|0x000000070f200000, 0x000000070f200000, 0x000000070f400000|  0%| F|  |TAMS 0x000000070f200000, 0x000000070f200000| Untracked 
|  75|0x000000070f400000, 0x000000070f400000, 0x000000070f600000|  0%| F|  |TAMS 0x000000070f400000, 0x000000070f400000| Untracked 
|  76|0x000000070f600000, 0x000000070f600000, 0x000000070f800000|  0%| F|  |TAMS 0x000000070f600000, 0x000000070f600000| Untracked 
|  77|0x000000070f800000, 0x000000070f800000, 0x000000070fa00000|  0%| F|  |TAMS 0x000000070f800000, 0x000000070f800000| Untracked 
|  78|0x000000070fa00000, 0x000000070fa00000, 0x000000070fc00000|  0%| F|  |TAMS 0x000000070fa00000, 0x000000070fa00000| Untracked 
|  79|0x000000070fc00000, 0x000000070fd66590, 0x000000070fe00000| 69%| S|  |TAMS 0x000000070fc00000, 0x000000070fc00000| Complete 
|  80|0x000000070fe00000, 0x0000000710000000, 0x0000000710000000|100%| S|  |TAMS 0x000000070fe00000, 0x000000070fe00000| Complete 
|  81|0x0000000710000000, 0x0000000710200000, 0x0000000710200000|100%| S|  |TAMS 0x0000000710000000, 0x0000000710000000| Complete 
|  82|0x0000000710200000, 0x00000007103008b0, 0x0000000710400000| 50%| E|CS|TAMS 0x0000000710200000, 0x00000007103008b0| Complete 
|  83|0x0000000710400000, 0x0000000710600000, 0x0000000710600000|100%| E|CS|TAMS 0x0000000710400000, 0x0000000710600000| Complete 
|  84|0x0000000710600000, 0x0000000710800000, 0x0000000710800000|100%| E|CS|TAMS 0x0000000710600000, 0x0000000710800000| Complete 
|  85|0x0000000710800000, 0x0000000710a00000, 0x0000000710a00000|100%| E|CS|TAMS 0x0000000710800000, 0x0000000710a00000| Complete 
|  86|0x0000000710a00000, 0x0000000710c00000, 0x0000000710c00000|100%| E|CS|TAMS 0x0000000710a00000, 0x0000000710c00000| Complete 
|  87|0x0000000710c00000, 0x0000000710e00000, 0x0000000710e00000|100%| E|CS|TAMS 0x0000000710c00000, 0x0000000710e00000| Complete 
|  88|0x0000000710e00000, 0x0000000711000000, 0x0000000711000000|100%| E|CS|TAMS 0x0000000710e00000, 0x0000000711000000| Complete 
|  89|0x0000000711000000, 0x0000000711200000, 0x0000000711200000|100%| E|CS|TAMS 0x0000000711000000, 0x0000000711200000| Complete 
|  90|0x0000000711200000, 0x0000000711400000, 0x0000000711400000|100%| E|CS|TAMS 0x0000000711200000, 0x0000000711400000| Complete 
|  91|0x0000000711400000, 0x0000000711600000, 0x0000000711600000|100%| E|CS|TAMS 0x0000000711400000, 0x0000000711600000| Complete 
| 125|0x0000000715800000, 0x0000000715a00000, 0x0000000715a00000|100%| E|CS|TAMS 0x0000000715800000, 0x0000000715a00000| Complete 
|1998|0x00000007ffa00000, 0x00000007ffc00000, 0x00000007ffc00000|100%| O|  |TAMS 0x00000007ffa00000, 0x00000007ffc00000| Untracked 
|1999|0x00000007ffc00000, 0x00000007ffe00000, 0x00000007ffe00000|100%| O|  |TAMS 0x00000007ffc00000, 0x00000007ffe00000| Untracked 
|2000|0x00000007ffe00000, 0x0000000800000000, 0x0000000800000000|100%| O|  |TAMS 0x00000007ffe00000, 0x0000000800000000| Untracked 

Card table byte_map: [0x000001777e780000,0x000001777ef60000] _byte_map_base: 0x000001777af51000

Marking Bits (Prev, Next): (CMBitMap*) 0x000001777d6d2030, (CMBitMap*) 0x000001777d6d1ff0
 Prev Bits: [0x000001771ad30000, 0x000001771ebb8000)
 Next Bits: [0x0000017716ea0000, 0x000001771ad28000)

Polling page: 0x000001777b600000

Metaspace:

Usage:
  Non-class:     31.09 MB used.
      Class:      3.56 MB used.
       Both:     34.66 MB used.

Virtual space:
  Non-class space:       64.00 MB reserved,      31.38 MB ( 49%) committed,  1 nodes.
      Class space:        1.00 GB reserved,       3.88 MB ( <1%) committed,  1 nodes.
             Both:        1.06 GB reserved,      35.25 MB (  3%) committed. 

Chunk freelists:
   Non-Class:  3.77 MB
       Class:  128.00 KB
        Both:  3.89 MB

MaxMetaspaceSize: unlimited
CompressedClassSpaceSize: 1.00 GB
Initial GC threshold: 21.00 MB
Current GC threshold: 35.25 MB
CDS: on
MetaspaceReclaimPolicy: balanced
 - commit_granule_bytes: 65536.
 - commit_granule_words: 8192.
 - virtual_space_node_default_size: 8388608.
 - enlarge_chunks_in_place: 1.
 - new_chunks_are_fully_committed: 0.
 - uncommit_free_chunks: 1.
 - use_allocation_guard: 0.


Internal statistics:

num_allocs_failed_limit: 6.
num_arena_births: 770.
num_arena_deaths: 0.
num_vsnodes_births: 2.
num_vsnodes_deaths: 0.
num_space_committed: 564.
num_space_uncommitted: 0.
num_chunks_returned_to_freelist: 6.
num_chunks_taken_from_freelist: 2161.
num_chunk_merges: 6.
num_chunk_splits: 1487.
num_chunks_enlarged: 1052.
num_inconsistent_stats: 0.

CodeHeap 'non-profiled nmethods': size=119168Kb used=6747Kb max_used=6935Kb free=112420Kb
 bounds [0x000001770fa40000, 0x0000017710130000, 0x0000017716ea0000]
CodeHeap 'profiled nmethods': size=119104Kb used=22069Kb max_used=22308Kb free=97034Kb
 bounds [0x0000017707ea0000, 0x0000017709480000, 0x000001770f2f0000]
CodeHeap 'non-nmethods': size=7488Kb used=3041Kb max_used=3128Kb free=4446Kb
 bounds [0x000001770f2f0000, 0x000001770f610000, 0x000001770fa40000]
 total_blobs=10183 nmethods=9604 adapters=485
 compilation: enabled
              stopped_count=0, restarted_count=0
 full_count=0

Compilation events (20 events):
Event: 7.663 Thread 0x0000017725b17ad0 11775       3       org.eclipse.sisu.space.ResourceEnumeration::findResource (106 bytes)
Event: 7.663 Thread 0x0000017726174430 11776       4       java.lang.StringBuilder::append (9 bytes)
Event: 7.663 Thread 0x0000017725b17ad0 nmethod 11775 0x0000017708913590 code [0x00000177089138e0, 0x00000177089149d8]
Event: 7.667 Thread 0x0000017726174430 nmethod 11776 0x000001770ff30290 code [0x000001770ff30460, 0x000001770ff30950]
Event: 7.676 Thread 0x00000177255d3990 11777       3       com.google.inject.spi.InjectionPoint$InjectableMembers::isEmpty (13 bytes)
Event: 7.676 Thread 0x00000177255d3990 nmethod 11777 0x0000017708462190 code [0x0000017708462320, 0x0000017708462498]
Event: 7.685 Thread 0x00000177255d3990 11778   !   3       com.google.inject.spi.InjectionPoint::getInjectionPoints (489 bytes)
Event: 7.685 Thread 0x000001772564ae80 11779       3       org.eclipse.sisu.wire.DependencyAnalyzer::visit (9 bytes)
Event: 7.685 Thread 0x0000017725512610 11780   !   3       org.eclipse.sisu.wire.DependencyAnalyzer::visit (59 bytes)
Event: 7.685 Thread 0x000001772564ae80 nmethod 11779 0x0000017708ab9890 code [0x0000017708ab9a40, 0x0000017708ab9c88]
Event: 7.686 Thread 0x0000017725512610 nmethod 11780 0x0000017708edfc10 code [0x0000017708edfe60, 0x0000017708ee0858]
Event: 7.686 Thread 0x0000017725512610 11781       3       com.google.inject.internal.ProviderInstanceBindingImpl::applyTo (36 bytes)
Event: 7.686 Thread 0x000001772564ae80 11782       3       com.google.inject.internal.BindingBuilder::toProvider (6 bytes)
Event: 7.686 Thread 0x000001772564ae80 nmethod 11782 0x0000017708de2190 code [0x0000017708de2340, 0x0000017708de2488]
Event: 7.687 Thread 0x0000017725512610 nmethod 11781 0x000001770826cc90 code [0x000001770826cea0, 0x000001770826d598]
Event: 7.688 Thread 0x00000177255d3990 nmethod 11778 0x0000017708aacf10 code [0x0000017708aad480, 0x0000017708ab0278]
Event: 7.694 Thread 0x0000017726174430 11783       4       java.util.ArrayDeque::poll (5 bytes)
Event: 7.695 Thread 0x0000017726174430 nmethod 11783 0x000001770fa9a690 code [0x000001770fa9a820, 0x000001770fa9a938]
Event: 7.697 Thread 0x000001772564ae80 11784       3       sun.net.www.ParseUtil::encodePath (41 bytes)
Event: 7.698 Thread 0x000001772564ae80 nmethod 11784 0x0000017708d88290 code [0x0000017708d88460, 0x0000017708d886c8]

GC Heap History (20 events):
Event: 3.844 GC heap before
{Heap before GC invocations=8 (full 0):
 garbage-first heap   total 135168K, used 92665K [0x0000000705e00000, 0x0000000800000000)
  region size 2048K, 27 young (55296K), 4 survivors (8192K)
 Metaspace       used 27182K, committed 27648K, reserved 1114112K
  class space    used 2837K, committed 3072K, reserved 1048576K
}
Event: 3.851 GC heap after
{Heap after GC invocations=9 (full 0):
 garbage-first heap   total 135168K, used 51846K [0x0000000705e00000, 0x0000000800000000)
  region size 2048K, 3 young (6144K), 3 survivors (6144K)
 Metaspace       used 27182K, committed 27648K, reserved 1114112K
  class space    used 2837K, committed 3072K, reserved 1048576K
}
Event: 4.076 GC heap before
{Heap before GC invocations=9 (full 0):
 garbage-first heap   total 135168K, used 96902K [0x0000000705e00000, 0x0000000800000000)
  region size 2048K, 25 young (51200K), 3 survivors (6144K)
 Metaspace       used 27670K, committed 28160K, reserved 1114112K
  class space    used 2877K, committed 3136K, reserved 1048576K
}
Event: 4.078 GC heap after
{Heap after GC invocations=10 (full 0):
 garbage-first heap   total 135168K, used 51770K [0x0000000705e00000, 0x0000000800000000)
  region size 2048K, 3 young (6144K), 3 survivors (6144K)
 Metaspace       used 27670K, committed 28160K, reserved 1114112K
  class space    used 2877K, committed 3136K, reserved 1048576K
}
Event: 4.228 GC heap before
{Heap before GC invocations=10 (full 0):
 garbage-first heap   total 135168K, used 96826K [0x0000000705e00000, 0x0000000800000000)
  region size 2048K, 26 young (53248K), 3 survivors (6144K)
 Metaspace       used 28004K, committed 28480K, reserved 1114112K
  class space    used 2932K, committed 3200K, reserved 1048576K
}
Event: 4.232 GC heap after
{Heap after GC invocations=11 (full 0):
 garbage-first heap   total 163840K, used 52841K [0x0000000705e00000, 0x0000000800000000)
  region size 2048K, 1 young (2048K), 1 survivors (2048K)
 Metaspace       used 28004K, committed 28480K, reserved 1114112K
  class space    used 2932K, committed 3200K, reserved 1048576K
}
Event: 4.433 GC heap before
{Heap before GC invocations=11 (full 0):
 garbage-first heap   total 163840K, used 120425K [0x0000000705e00000, 0x0000000800000000)
  region size 2048K, 35 young (71680K), 1 survivors (2048K)
 Metaspace       used 28470K, committed 29056K, reserved 1114112K
  class space    used 2970K, committed 3264K, reserved 1048576K
}
Event: 4.435 GC heap after
{Heap after GC invocations=12 (full 0):
 garbage-first heap   total 163840K, used 53430K [0x0000000705e00000, 0x0000000800000000)
  region size 2048K, 1 young (2048K), 1 survivors (2048K)
 Metaspace       used 28470K, committed 29056K, reserved 1114112K
  class space    used 2970K, committed 3264K, reserved 1048576K
}
Event: 4.535 GC heap before
{Heap before GC invocations=12 (full 0):
 garbage-first heap   total 163840K, used 125110K [0x0000000705e00000, 0x0000000800000000)
  region size 2048K, 36 young (73728K), 1 survivors (2048K)
 Metaspace       used 28572K, committed 29120K, reserved 1114112K
  class space    used 2973K, committed 3264K, reserved 1048576K
}
Event: 4.538 GC heap after
{Heap after GC invocations=13 (full 0):
 garbage-first heap   total 163840K, used 54014K [0x0000000705e00000, 0x0000000800000000)
  region size 2048K, 2 young (4096K), 2 survivors (4096K)
 Metaspace       used 28572K, committed 29120K, reserved 1114112K
  class space    used 2973K, committed 3264K, reserved 1048576K
}
Event: 4.769 GC heap before
{Heap before GC invocations=13 (full 0):
 garbage-first heap   total 163840K, used 127742K [0x0000000705e00000, 0x0000000800000000)
  region size 2048K, 38 young (77824K), 2 survivors (4096K)
 Metaspace       used 28739K, committed 29248K, reserved 1114112K
  class space    used 2975K, committed 3264K, reserved 1048576K
}
Event: 4.772 GC heap after
{Heap after GC invocations=14 (full 0):
 garbage-first heap   total 163840K, used 55340K [0x0000000705e00000, 0x0000000800000000)
  region size 2048K, 2 young (4096K), 2 survivors (4096K)
 Metaspace       used 28739K, committed 29248K, reserved 1114112K
  class space    used 2975K, committed 3264K, reserved 1048576K
}
Event: 4.888 GC heap before
{Heap before GC invocations=14 (full 0):
 garbage-first heap   total 163840K, used 131116K [0x0000000705e00000, 0x0000000800000000)
  region size 2048K, 39 young (79872K), 2 survivors (4096K)
 Metaspace       used 28805K, committed 29312K, reserved 1114112K
  class space    used 2975K, committed 3264K, reserved 1048576K
}
Event: 4.892 GC heap after
{Heap after GC invocations=15 (full 0):
 garbage-first heap   total 163840K, used 55007K [0x0000000705e00000, 0x0000000800000000)
  region size 2048K, 2 young (4096K), 2 survivors (4096K)
 Metaspace       used 28805K, committed 29312K, reserved 1114112K
  class space    used 2975K, committed 3264K, reserved 1048576K
}
Event: 6.199 GC heap before
{Heap before GC invocations=15 (full 0):
 garbage-first heap   total 163840K, used 132831K [0x0000000705e00000, 0x0000000800000000)
  region size 2048K, 40 young (81920K), 2 survivors (4096K)
 Metaspace       used 31503K, committed 32128K, reserved 1114112K
  class space    used 3235K, committed 3520K, reserved 1048576K
}
Event: 6.206 GC heap after
{Heap after GC invocations=16 (full 0):
 garbage-first heap   total 196608K, used 57516K [0x0000000705e00000, 0x0000000800000000)
  region size 2048K, 3 young (6144K), 3 survivors (6144K)
 Metaspace       used 31503K, committed 32128K, reserved 1114112K
  class space    used 3235K, committed 3520K, reserved 1048576K
}
Event: 6.793 GC heap before
{Heap before GC invocations=16 (full 0):
 garbage-first heap   total 196608K, used 161964K [0x0000000705e00000, 0x0000000800000000)
  region size 2048K, 52 young (106496K), 3 survivors (6144K)
 Metaspace       used 31897K, committed 32512K, reserved 1114112K
  class space    used 3259K, committed 3584K, reserved 1048576K
}
Event: 6.800 GC heap after
{Heap after GC invocations=17 (full 0):
 garbage-first heap   total 196608K, used 62408K [0x0000000705e00000, 0x0000000800000000)
  region size 2048K, 5 young (10240K), 5 survivors (10240K)
 Metaspace       used 31897K, committed 32512K, reserved 1114112K
  class space    used 3259K, committed 3584K, reserved 1048576K
}
Event: 7.530 GC heap before
{Heap before GC invocations=17 (full 0):
 garbage-first heap   total 196608K, used 156616K [0x0000000705e00000, 0x0000000800000000)
  region size 2048K, 52 young (106496K), 5 survivors (10240K)
 Metaspace       used 34885K, committed 35520K, reserved 1114112K
  class space    used 3582K, committed 3904K, reserved 1048576K
}
Event: 7.537 GC heap after
{Heap after GC invocations=18 (full 0):
 garbage-first heap   total 196608K, used 66566K [0x0000000705e00000, 0x0000000800000000)
  region size 2048K, 6 young (12288K), 6 survivors (12288K)
 Metaspace       used 34885K, committed 35520K, reserved 1114112K
  class space    used 3582K, committed 3904K, reserved 1048576K
}

Dll operation events (12 events):
Event: 0.005 Loaded shared library C:\Program Files\Java\jdk-19\bin\java.dll
Event: 0.011 Loaded shared library C:\Program Files\Java\jdk-19\bin\jsvml.dll
Event: 0.039 Loaded shared library C:\Program Files\Java\jdk-19\bin\zip.dll
Event: 0.041 Loaded shared library C:\Program Files\Java\jdk-19\bin\instrument.dll
Event: 0.043 Loaded shared library C:\Program Files\Java\jdk-19\bin\net.dll
Event: 0.044 Loaded shared library C:\Program Files\Java\jdk-19\bin\nio.dll
Event: 0.046 Loaded shared library C:\Program Files\Java\jdk-19\bin\zip.dll
Event: 0.054 Loaded shared library C:\Program Files\JetBrains\IntelliJ IDEA 2022.1.2\bin\breakgen64.dll
Event: 0.059 Loaded shared library C:\Program Files\Java\jdk-19\bin\extnet.dll
Event: 0.108 Loaded shared library C:\Program Files\Java\jdk-19\bin\jimage.dll
Event: 0.146 Loaded shared library C:\Users\99293\AppData\Local\Temp\jansi-2.4.0-4394c0e87db34495-jansi.dll
Event: 0.152 Loaded shared library C:\Program Files\Java\jdk-19\bin\verify.dll

Deoptimization events (20 events):
Event: 7.360 Thread 0x000001777d65fe10 DEOPT PACKING pc=0x000001770ffee498 sp=0x0000000c9fcfdef0
Event: 7.360 Thread 0x000001777d65fe10 DEOPT UNPACKING pc=0x000001770f356da3 sp=0x0000000c9fcfde80 mode 2
Event: 7.483 Thread 0x000001773089df00 Uncommon trap: trap_request=0xffffff45 fr.pc=0x000001770fbfd764 relative=0x00000000000000c4
Event: 7.483 Thread 0x000001773089df00 Uncommon trap: reason=unstable_if action=reinterpret pc=0x000001770fbfd764 method=java.lang.ThreadLocal$ThreadLocalMap.getEntry(Ljava/lang/ThreadLocal;)Ljava/lang/ThreadLocal$ThreadLocalMap$Entry; @ 29 c2
Event: 7.483 Thread 0x000001773089df00 DEOPT PACKING pc=0x000001770fbfd764 sp=0x0000000ca28ff330
Event: 7.483 Thread 0x000001773089df00 DEOPT UNPACKING pc=0x000001770f356da3 sp=0x0000000ca28ff2d0 mode 2
Event: 7.484 Thread 0x000001777d65fe10 Uncommon trap: trap_request=0xffffffde fr.pc=0x000001770ffee498 relative=0x0000000000000078
Event: 7.484 Thread 0x000001777d65fe10 Uncommon trap: reason=class_check action=maybe_recompile pc=0x000001770ffee498 method=java.util.Collections$3.hasMoreElements()Z @ 4 c2
Event: 7.484 Thread 0x000001777d65fe10 DEOPT PACKING pc=0x000001770ffee498 sp=0x0000000c9fcfdcf0
Event: 7.484 Thread 0x000001777d65fe10 DEOPT UNPACKING pc=0x000001770f356da3 sp=0x0000000c9fcfdc80 mode 2
Event: 7.484 Thread 0x000001777d65fe10 Uncommon trap: trap_request=0xffffffde fr.pc=0x000001770ffee498 relative=0x0000000000000078
Event: 7.484 Thread 0x000001777d65fe10 Uncommon trap: reason=class_check action=maybe_recompile pc=0x000001770ffee498 method=java.util.Collections$3.hasMoreElements()Z @ 4 c2
Event: 7.484 Thread 0x000001777d65fe10 DEOPT PACKING pc=0x000001770ffee498 sp=0x0000000c9fcfdcf0
Event: 7.484 Thread 0x000001777d65fe10 DEOPT UNPACKING pc=0x000001770f356da3 sp=0x0000000c9fcfdc80 mode 2
Event: 7.648 Thread 0x000001777d65fe10 DEOPT PACKING pc=0x00000177080e7c3b sp=0x0000000c9fcfd4c0
Event: 7.648 Thread 0x000001777d65fe10 DEOPT UNPACKING pc=0x000001770f357543 sp=0x0000000c9fcfc958 mode 0
Event: 7.674 Thread 0x000001777d65fe10 Uncommon trap: trap_request=0xffffff45 fr.pc=0x0000017710123b2c relative=0x000000000000582c
Event: 7.674 Thread 0x000001777d65fe10 Uncommon trap: reason=unstable_if action=reinterpret pc=0x0000017710123b2c method=com.google.inject.spi.InjectionPoint.isEligibleForInjection(Ljava/lang/reflect/Method;Z)Z @ 22 c2
Event: 7.674 Thread 0x000001777d65fe10 DEOPT PACKING pc=0x0000017710123b2c sp=0x0000000c9fcfd7a0
Event: 7.674 Thread 0x000001777d65fe10 DEOPT UNPACKING pc=0x000001770f356da3 sp=0x0000000c9fcfd6f8 mode 2

Classes loaded (20 events):
Event: 7.357 Loading class java/nio/StringCharBuffer
Event: 7.357 Loading class java/nio/StringCharBuffer done
Event: 7.362 Loading class java/util/concurrent/ConcurrentLinkedDeque$Itr
Event: 7.362 Loading class java/util/concurrent/ConcurrentLinkedDeque$AbstractItr
Event: 7.362 Loading class java/util/concurrent/ConcurrentLinkedDeque$AbstractItr done
Event: 7.362 Loading class java/util/concurrent/ConcurrentLinkedDeque$Itr done
Event: 7.668 Loading class javax/management/MBeanServerConnection
Event: 7.668 Loading class javax/management/MBeanServerConnection done
Event: 7.668 Loading class javax/management/ReflectionException
Event: 7.668 Loading class javax/management/JMException
Event: 7.668 Loading class javax/management/JMException done
Event: 7.668 Loading class javax/management/ReflectionException done
Event: 7.675 Loading class javax/management/InstanceNotFoundException
Event: 7.675 Loading class javax/management/OperationsException
Event: 7.675 Loading class javax/management/OperationsException done
Event: 7.675 Loading class javax/management/InstanceNotFoundException done
Event: 7.692 Loading class java/util/jar/JarOutputStream
Event: 7.692 Loading class java/util/zip/ZipOutputStream
Event: 7.692 Loading class java/util/zip/ZipOutputStream done
Event: 7.692 Loading class java/util/jar/JarOutputStream done

Classes unloaded (0 events):
No events

Classes redefined (0 events):
No events

Internal exceptions (20 events):
Event: 6.734 Thread 0x000001777d65fe10 Exception <a 'sun/nio/fs/WindowsException'{0x000000070bbb10f0}> (0x000000070bbb10f0) 
thrown [s\open\src\hotspot\share\prims\jni.cpp, line 517]
Event: 6.734 Thread 0x000001777d65fe10 Exception <a 'sun/nio/fs/WindowsException'{0x000000070bbc12a8}> (0x000000070bbc12a8) 
thrown [s\open\src\hotspot\share\prims\jni.cpp, line 517]
Event: 6.734 Thread 0x000001777d65fe10 Exception <a 'sun/nio/fs/WindowsException'{0x000000070bbc1690}> (0x000000070bbc1690) 
thrown [s\open\src\hotspot\share\prims\jni.cpp, line 517]
Event: 6.734 Thread 0x000001777d65fe10 Exception <a 'sun/nio/fs/WindowsException'{0x000000070bbc31b8}> (0x000000070bbc31b8) 
thrown [s\open\src\hotspot\share\prims\jni.cpp, line 517]
Event: 6.734 Thread 0x000001777d65fe10 Exception <a 'sun/nio/fs/WindowsException'{0x000000070bbc3628}> (0x000000070bbc3628) 
thrown [s\open\src\hotspot\share\prims\jni.cpp, line 517]
Event: 6.737 Thread 0x000001777d65fe10 Exception <a 'sun/nio/fs/WindowsException'{0x000000070b893140}> (0x000000070b893140) 
thrown [s\open\src\hotspot\share\prims\jni.cpp, line 517]
Event: 6.737 Thread 0x000001777d65fe10 Exception <a 'sun/nio/fs/WindowsException'{0x000000070b893850}> (0x000000070b893850) 
thrown [s\open\src\hotspot\share\prims\jni.cpp, line 517]
Event: 6.737 Thread 0x000001777d65fe10 Exception <a 'sun/nio/fs/WindowsException'{0x000000070b894af0}> (0x000000070b894af0) 
thrown [s\open\src\hotspot\share\prims\jni.cpp, line 517]
Event: 6.738 Thread 0x000001777d65fe10 Exception <a 'sun/nio/fs/WindowsException'{0x000000070b8af9f0}> (0x000000070b8af9f0) 
thrown [s\open\src\hotspot\share\prims\jni.cpp, line 517]
Event: 6.738 Thread 0x000001777d65fe10 Exception <a 'sun/nio/fs/WindowsException'{0x000000070b8b0150}> (0x000000070b8b0150) 
thrown [s\open\src\hotspot\share\prims\jni.cpp, line 517]
Event: 6.738 Thread 0x000001777d65fe10 Exception <a 'sun/nio/fs/WindowsException'{0x000000070b8b1648}> (0x000000070b8b1648) 
thrown [s\open\src\hotspot\share\prims\jni.cpp, line 517]
Event: 6.791 Thread 0x000001777d65fe10 Implicit null exception at 0x000001770fc66f96 to 0x000001770fc681f8
Event: 6.961 Thread 0x000001773089c470 Exception <a 'java/lang/NoSuchMethodError'{0x000000071033bdf0}: 'java.lang.Object java.lang.invoke.DirectMethodHandle$Holder.invokeStatic(java.lang.Object, long, java.lang.Object)'> (0x000000071033bdf0) 
thrown [s\open\src\hotspot\share\interpreter\linkResolver.cpp, line 774]
Event: 6.962 Thread 0x000001773089c470 Exception <a 'java/lang/NoSuchMethodError'{0x000000071033f440}: 'java.lang.Object java.lang.invoke.DirectMethodHandle$Holder.invokeStaticInit(java.lang.Object, long, java.lang.Object)'> (0x000000071033f440) 
thrown [s\open\src\hotspot\share\interpreter\linkResolver.cpp, line 774]
Event: 6.962 Thread 0x000001773089c470 Exception <a 'java/lang/NoSuchMethodError'{0x0000000710345090}: 'java.lang.Object java.lang.invoke.DirectMethodHandle$Holder.newInvokeSpecial(java.lang.Object, long)'> (0x0000000710345090) 
thrown [s\open\src\hotspot\share\interpreter\linkResolver.cpp, line 774]
Event: 6.964 Thread 0x000001773089c470 Exception <a 'java/lang/NoSuchMethodError'{0x00000007103498c8}: 'long java.lang.invoke.DirectMethodHandle$Holder.invokeInterface(java.lang.Object, java.lang.Object)'> (0x00000007103498c8) 
thrown [s\open\src\hotspot\share\interpreter\linkResolver.cpp, line 774]
Event: 6.964 Thread 0x000001777d65fe10 Exception <a 'java/lang/NoSuchMethodError'{0x00000007101211c0}: 'java.lang.String org.apache.maven.execution.MavenExecutionRequest.getFailureBehavior()'> (0x00000007101211c0) 
thrown [s\open\src\hotspot\share\interpreter\linkResolver.cpp, line 870]
Event: 6.965 Thread 0x000001773089c470 Exception <a 'java/lang/NoSuchMethodError'{0x000000071034d230}: 'long java.lang.invoke.DelegatingMethodHandle$Holder.reinvoke_L(java.lang.Object, java.lang.Object)'> (0x000000071034d230) 
thrown [s\open\src\hotspot\share\interpreter\linkResolver.cpp, line 774]
Event: 7.254 Thread 0x000001777d65fe10 Implicit null exception at 0x000001771010564b to 0x0000017710105840
Event: 7.682 Thread 0x000001777d65fe10 Exception <a 'java/lang/NoClassDefFoundError'{0x00000007104b7e30}: org/sonatype/aether/graph/Dependency> (0x00000007104b7e30) 
thrown [s\open\src\hotspot\share\classfile\systemDictionary.cpp, line 244]

VM Operations (20 events):
Event: 6.967 Executing VM operation: HandshakeAllThreads
Event: 6.967 Executing VM operation: HandshakeAllThreads done
Event: 7.022 Executing VM operation: HandshakeAllThreads
Event: 7.022 Executing VM operation: HandshakeAllThreads done
Event: 7.109 Executing VM operation: ICBufferFull
Event: 7.110 Executing VM operation: ICBufferFull done
Event: 7.226 Executing VM operation: HandshakeAllThreads
Event: 7.226 Executing VM operation: HandshakeAllThreads done
Event: 7.242 Executing VM operation: HandshakeAllThreads
Event: 7.242 Executing VM operation: HandshakeAllThreads done
Event: 7.276 Executing VM operation: HandshakeAllThreads
Event: 7.276 Executing VM operation: HandshakeAllThreads done
Event: 7.327 Executing VM operation: HandshakeAllThreads
Event: 7.327 Executing VM operation: HandshakeAllThreads done
Event: 7.358 Executing VM operation: HandshakeAllThreads
Event: 7.358 Executing VM operation: HandshakeAllThreads done
Event: 7.358 Executing VM operation: HandshakeAllThreads
Event: 7.358 Executing VM operation: HandshakeAllThreads done
Event: 7.530 Executing VM operation: G1CollectForAllocation
Event: 7.537 Executing VM operation: G1CollectForAllocation done

Events (20 events):
Event: 7.335 Thread 0x000001772873bdf0 Thread added: 0x000001772873bdf0
Event: 7.336 Thread 0x000001772873e320 Thread added: 0x000001772873e320
Event: 7.483 Thread 0x000001773089df00 Thread exited: 0x000001773089df00
Event: 7.483 Thread 0x000001772873e320 Thread exited: 0x000001772873e320
Event: 7.483 Thread 0x000001772a03b520 Thread exited: 0x000001772a03b520
Event: 7.483 Thread 0x000001772873b350 Thread exited: 0x000001772873b350
Event: 7.483 Thread 0x000001773089e450 Thread exited: 0x000001773089e450
Event: 7.483 Thread 0x000001773089c9c0 Thread exited: 0x000001773089c9c0
Event: 7.483 Thread 0x000001773089af30 Thread exited: 0x000001773089af30
Event: 7.483 Thread 0x000001773089cf10 Thread exited: 0x000001773089cf10
Event: 7.483 Thread 0x000001773089b9d0 Thread exited: 0x000001773089b9d0
Event: 7.483 Thread 0x000001773089bf20 Thread exited: 0x000001773089bf20
Event: 7.483 Thread 0x000001773089b480 Thread exited: 0x000001773089b480
Event: 7.483 Thread 0x000001773089d460 Thread exited: 0x000001773089d460
Event: 7.483 Thread 0x000001772873bdf0 Thread exited: 0x000001772873bdf0
Event: 7.483 Thread 0x000001772a03a530 Thread exited: 0x000001772a03a530
Event: 7.483 Thread 0x000001773089c470 Thread exited: 0x000001773089c470
Event: 7.483 Thread 0x000001772a03ba70 Thread exited: 0x000001772a03ba70
Event: 7.484 Thread 0x0000017727fb00c0 Thread exited: 0x0000017727fb00c0
Event: 7.484 Thread 0x0000017727f82890 Thread exited: 0x0000017727f82890


Dynamic libraries:
0x00007ff770220000 - 0x00007ff770230000 	C:\Program Files\Java\jdk-19\bin\java.exe
0x00007ff92f650000 - 0x00007ff92f866000 	C:\WINDOWS\SYSTEM32\ntdll.dll
0x00007ff92ed60000 - 0x00007ff92ee24000 	C:\WINDOWS\System32\KERNEL32.DLL
0x00007ff92cd20000 - 0x00007ff92d0c7000 	C:\WINDOWS\System32\KERNELBASE.dll
0x00007ff92ca90000 - 0x00007ff92cba1000 	C:\WINDOWS\System32\ucrtbase.dll
0x00007ff881360000 - 0x00007ff88137b000 	C:\Program Files\Java\jdk-19\bin\VCRUNTIME140.dll
0x00007ff881380000 - 0x00007ff881398000 	C:\Program Files\Java\jdk-19\bin\jli.dll
0x00007ff92f000000 - 0x00007ff92f0b2000 	C:\WINDOWS\System32\ADVAPI32.dll
0x00007ff92d820000 - 0x00007ff92d8c7000 	C:\WINDOWS\System32\msvcrt.dll
0x00007ff92ee30000 - 0x00007ff92eed8000 	C:\WINDOWS\System32\sechost.dll
0x00007ff92c9b0000 - 0x00007ff92c9d8000 	C:\WINDOWS\System32\bcrypt.dll
0x00007ff92e9b0000 - 0x00007ff92eac5000 	C:\WINDOWS\System32\RPCRT4.dll
0x00007ff92d920000 - 0x00007ff92dace000 	C:\WINDOWS\System32\USER32.dll
0x00007ff92ca60000 - 0x00007ff92ca86000 	C:\WINDOWS\System32\win32u.dll
0x00007ff911d50000 - 0x00007ff911fe3000 	C:\WINDOWS\WinSxS\amd64_microsoft.windows.common-controls_6595b64144ccf1df_6.0.22621.3235_none_270f74e173860f98\COMCTL32.dll
0x00007ff92f1c0000 - 0x00007ff92f1e9000 	C:\WINDOWS\System32\GDI32.dll
0x00007ff92d190000 - 0x00007ff92d2a9000 	C:\WINDOWS\System32\gdi32full.dll
0x00007ff92d2b0000 - 0x00007ff92d34a000 	C:\WINDOWS\System32\msvcp_win.dll
0x00007ff9245d0000 - 0x00007ff9245da000 	C:\WINDOWS\SYSTEM32\VERSION.dll
0x00007ff92d8d0000 - 0x00007ff92d901000 	C:\WINDOWS\System32\IMM32.DLL
0x00007ff8ac4a0000 - 0x00007ff8ac4ac000 	C:\Program Files\Java\jdk-19\bin\vcruntime140_1.dll
0x00007ff8812d0000 - 0x00007ff88135e000 	C:\Program Files\Java\jdk-19\bin\msvcp140.dll
0x00007ff87b360000 - 0x00007ff87c020000 	C:\Program Files\Java\jdk-19\bin\server\jvm.dll
0x00007ff924880000 - 0x00007ff924889000 	C:\WINDOWS\SYSTEM32\WSOCK32.dll
0x00007ff92f0c0000 - 0x00007ff92f131000 	C:\WINDOWS\System32\WS2_32.dll
0x00007ff924800000 - 0x00007ff924834000 	C:\WINDOWS\SYSTEM32\WINMM.dll
0x00007ff92ba70000 - 0x00007ff92ba88000 	C:\WINDOWS\SYSTEM32\kernel.appcore.dll
0x00007ff8a8d50000 - 0x00007ff8a8d5a000 	C:\Program Files\Java\jdk-19\bin\jimage.dll
0x00007ff92a160000 - 0x00007ff92a393000 	C:\WINDOWS\SYSTEM32\DBGHELP.DLL
0x00007ff92d440000 - 0x00007ff92d7c8000 	C:\WINDOWS\System32\combase.dll
0x00007ff92ead0000 - 0x00007ff92eba7000 	C:\WINDOWS\System32\OLEAUT32.dll
0x00007ff9223f0000 - 0x00007ff922422000 	C:\WINDOWS\SYSTEM32\dbgcore.DLL
0x00007ff92c9e0000 - 0x00007ff92ca59000 	C:\WINDOWS\System32\bcryptPrimitives.dll
0x00007ff9254b0000 - 0x00007ff9254be000 	C:\Program Files\Java\jdk-19\bin\instrument.dll
0x00007ff8812a0000 - 0x00007ff8812c6000 	C:\Program Files\Java\jdk-19\bin\java.dll
0x00007ff8811c0000 - 0x00007ff881297000 	C:\Program Files\Java\jdk-19\bin\jsvml.dll
0x00007ff92dad0000 - 0x00007ff92e32c000 	C:\WINDOWS\System32\SHELL32.dll
0x00007ff92a860000 - 0x00007ff92b159000 	C:\WINDOWS\SYSTEM32\windows.storage.dll
0x00007ff92a720000 - 0x00007ff92a85e000 	C:\WINDOWS\SYSTEM32\wintypes.dll
0x00007ff92eee0000 - 0x00007ff92efd3000 	C:\WINDOWS\System32\SHCORE.dll
0x00007ff92f3c0000 - 0x00007ff92f41e000 	C:\WINDOWS\System32\shlwapi.dll
0x00007ff92c870000 - 0x00007ff92c891000 	C:\WINDOWS\SYSTEM32\profapi.dll
0x00007ff881160000 - 0x00007ff881178000 	C:\Program Files\Java\jdk-19\bin\zip.dll
0x00007ff8811a0000 - 0x00007ff8811b3000 	C:\Program Files\Java\jdk-19\bin\net.dll
0x00007ff926230000 - 0x00007ff926366000 	C:\WINDOWS\SYSTEM32\WINHTTP.dll
0x00007ff92bee0000 - 0x00007ff92bf49000 	C:\WINDOWS\system32\mswsock.dll
0x00007ff881180000 - 0x00007ff881196000 	C:\Program Files\Java\jdk-19\bin\nio.dll
0x00007ff925490000 - 0x00007ff9254aa000 	C:\Program Files\JetBrains\IntelliJ IDEA 2022.1.2\bin\breakgen64.dll
0x00007ff8a77a0000 - 0x00007ff8a77a8000 	C:\Program Files\Java\jdk-19\bin\extnet.dll
0x0000000069ac0000 - 0x0000000069ae4000 	C:\Users\99293\AppData\Local\Temp\jansi-2.4.0-4394c0e87db34495-jansi.dll
0x00007ff8a6ab0000 - 0x00007ff8a6ac0000 	C:\Program Files\Java\jdk-19\bin\verify.dll

dbghelp: loaded successfully - version: 4.0.5 - missing functions: none
symbol engine: initialized successfully - sym options: 0x614 - pdb path: .;C:\Program Files\Java\jdk-19\bin;C:\WINDOWS\SYSTEM32;C:\WINDOWS\WinSxS\amd64_microsoft.windows.common-controls_6595b64144ccf1df_6.0.22621.3235_none_270f74e173860f98;C:\Program Files\Java\jdk-19\bin\server;C:\Program Files\JetBrains\IntelliJ IDEA 2022.1.2\bin;C:\Users\99293\AppData\Local\Temp

VM Arguments:
jvm_args: -Dmaven.multiModuleProjectDirectory=D:\unitedStates original storage\unitedStates duplicates original storage -Dmaven.home=C:\Users\99293\.m2\wrapper\dists\apache-maven-3.8.6-bin\1ks0nkde5v1pk9vtc31i9d0lcd\apache-maven-3.8.6 -Dclassworlds.conf=C:\Users\99293\.m2\wrapper\dists\apache-maven-3.8.6-bin\1ks0nkde5v1pk9vtc31i9d0lcd\apache-maven-3.8.6\bin\m2.conf -Dmaven.ext.class.path=C:\Program Files\JetBrains\IntelliJ IDEA 2022.1.2\plugins\maven\lib\maven-event-listener.jar -javaagent:C:\Program Files\JetBrains\IntelliJ IDEA 2022.1.2\lib\idea_rt.jar=64340:C:\Program Files\JetBrains\IntelliJ IDEA 2022.1.2\bin -Dfile.encoding=UTF-8 
java_command: org.codehaus.classworlds.Launcher -Didea.version=2022.1.2 package
java_class_path (initial): C:\Users\99293\.m2\wrapper\dists\apache-maven-3.8.6-bin\1ks0nkde5v1pk9vtc31i9d0lcd\apache-maven-3.8.6\boot\plexus-classworlds-2.6.0.jar;C:\Users\99293\.m2\wrapper\dists\apache-maven-3.8.6-bin\1ks0nkde5v1pk9vtc31i9d0lcd\apache-maven-3.8.6\boot\plexus-classworlds.license
Launcher Type: SUN_STANDARD

[Global flags]
     intx CICompilerCount                          = 12                                        {product} {ergonomic}
     uint ConcGCThreads                            = 3                                         {product} {ergonomic}
     uint G1ConcRefinementThreads                  = 13                                        {product} {ergonomic}
   size_t G1HeapRegionSize                         = 2097152                                   {product} {ergonomic}
    uintx GCDrainStackTargetSize                   = 64                                        {product} {ergonomic}
   size_t InitialHeapSize                          = 264241152                                 {product} {ergonomic}
   size_t MarkStackSize                            = 4194304                                   {product} {ergonomic}
   size_t MaxHeapSize                              = 4196401152                                {product} {ergonomic}
   size_t MaxNewSize                               = 2516582400                                {product} {ergonomic}
   size_t MinHeapDeltaBytes                        = 2097152                                   {product} {ergonomic}
   size_t MinHeapSize                              = 8388608                                   {product} {ergonomic}
    uintx NonNMethodCodeHeapSize                   = 7602480                                {pd product} {ergonomic}
    uintx NonProfiledCodeHeapSize                  = 122027880                              {pd product} {ergonomic}
    uintx ProfiledCodeHeapSize                     = 122027880                              {pd product} {ergonomic}
    uintx ReservedCodeCacheSize                    = 251658240                              {pd product} {ergonomic}
     bool SegmentedCodeCache                       = true                                      {product} {ergonomic}
   size_t SoftMaxHeapSize                          = 4196401152                             {manageable} {ergonomic}
     bool UseCompressedClassPointers               = true                           {product lp64_product} {ergonomic}
     bool UseCompressedOops                        = true                           {product lp64_product} {ergonomic}
     bool UseG1GC                                  = true                                      {product} {ergonomic}
     bool UseLargePagesIndividualAllocation        = false                                  {pd product} {ergonomic}

Logging:
Log output configuration:
 #0: stdout all=warning uptime,level,tags foldmultilines=false
 #1: stderr all=off uptime,level,tags foldmultilines=false

Environment Variables:
JAVA_HOME=C:\Program Files\Java\jdk-19
PATH=C:\Program Files\Common Files\Oracle\Java\javapath;C:\Windows\system32;C:\Windows;C:\Windows\System32\Wbem;C:\Windows\System32\WindowsPowerShell\v1.0\;C:\Windows\System32\OpenSSH\;C:\Program Files (x86)\NVIDIA Corporation\PhysX\Common;C:\Program Files\NVIDIA Corporation\NVIDIA NvDLISR;C:\Program Files\Git\cmd;C:\Program Files (x86)\dotnet\;%SystemRoot%\system32;%SystemRoot%;%SystemRoot%\System32\Wbem;%SYSTEMROOT%\System32\WindowsPowerShell\v1.0\;%SYSTEMROOT%\System32\OpenSSH\;C:\Users\99293\AppData\Local\Programs\Python\Python311\Scripts\;C:\Users\99293\AppData\Local\Programs\Python\Python311\;C:\Users\99293\AppData\Local\Microsoft\WindowsApps;;C:\Program Files\JetBrains\IntelliJ IDEA 2022.1.2\bin;;C:\Program Files\heroku\bin
USERNAME=ASUS
OS=Windows_NT
PROCESSOR_IDENTIFIER=Intel64 Family 6 Model 154 Stepping 3, GenuineIntel
TMP=C:\Users\99293\AppData\Local\Temp
TEMP=C:\Users\99293\AppData\Local\Temp



---------------  S Y S T E M  ---------------

OS:
 Windows 11 , 64 bit Build 22621 (10.0.22621.3374)
OS uptime: 0 days 1:43 hours
Hyper-V role detected

CPU: total 16 (initial active 16) (8 cores per cpu, 2 threads per core) family 6 model 154 stepping 3 microcode 0x41c, cx8, cmov, fxsr, ht, mmx, 3dnowpref, sse, sse2, sse3, ssse3, sse4.1, sse4.2, popcnt, lzcnt, tsc, tscinvbit, avx, avx2, aes, erms, clmul, bmi1, bmi2, adx, sha, fma, vzeroupper, clflush, clflushopt, clwb, hv, serialize, rdtscp, rdpid, fsrm

Memory: 4k page, system-wide physical 16005M (2029M free)
TotalPageFile size 18053M (AvailPageFile size 11M)
current process WorkingSet (physical memory assigned to process): 476M, peak: 477M
current process commit charge ("private bytes"): 537M, peak: 540M

vm_info: Java HotSpot(TM) 64-Bit Server VM (19.0.2+7-44) for windows-amd64 JRE (19.0.2+7-44), built on 2022-11-30T18:02:09Z by "mach5one" with MS VC++ 17.1 (VS2022)

END.
