#
# There is insufficient memory for the Java Runtime Environment to continue.
# Native memory allocation (malloc) failed to allocate 68496 bytes for Chunk::new
# Possible reasons:
#   The system is out of physical RAM or swap space
#   The process is running with CompressedOops enabled, and the Java Heap may be blocking the growth of the native heap
# Possible solutions:
#   Reduce memory load on the system
#   Increase physical memory or swap space
#   Check if swap backing store is full
#   Decrease Java heap size (-Xmx/-Xms)
#   Decrease number of Java threads
#   Decrease Java thread stack sizes (-Xss)
#   Set larger code cache with -XX:ReservedCodeCacheSize=
#   JVM is running with Zero Based Compressed Oops mode in which the Java heap is
#     placed in the first 32GB address space. The Java Heap base address is the
#     maximum limit for the native heap growth. Please use -XX:HeapBaseMinAddress
#     to set the Java Heap base and to place the Java Heap above 32GB virtual address.
# This output file may be truncated or incomplete.
#
#  Out of Memory Error (arena.cpp:184), pid=9232, tid=2892
#
# JRE version: Java(TM) SE Runtime Environment (19.0.2+7) (build 19.0.2+7-44)
# Java VM: Java HotSpot(TM) 64-Bit Server VM (19.0.2+7-44, mixed mode, sharing, tiered, compressed oops, compressed class ptrs, g1 gc, windows-amd64)
# No core dump will be written. Minidumps are not enabled by default on client versions of Windows
#

---------------  S U M M A R Y ------------

Command Line: C:\Users\99293\AppData\Local\Temp\surefire2916751928237783095\surefirebooter14179403449602960581.jar C:\Users\99293\AppData\Local\Temp\surefire2916751928237783095 2024-12-04T21-34-14_197-jvmRun1 surefire18280742845935131694tmp surefire_04572839002016565666tmp

Host: 12th Gen Intel(R) Core(TM) i7-12650H, 16 cores, 15G,  Windows 11 , 64 bit Build 22621 (10.0.22621.4391)
Time: Wed Dec  4 21:34:14 2024  Windows 11 , 64 bit Build 22621 (10.0.22621.4391) elapsed time: 0.170450 seconds (0d 0h 0m 0s)

---------------  T H R E A D  ---------------

Current thread (0x000001acc957cc20):  JavaThread "C2 CompilerThread0" daemon [_thread_in_native, id=2892, stack(0x0000004971500000,0x0000004971600000)]


Current CompileTask:
C2:    170  660       4       java.util.jar.JarFile::match (132 bytes)

Stack: [0x0000004971500000,0x0000004971600000]
Native frames: (J=compiled Java code, j=interpreted, Vv=VM code, C=native code)
V  [jvm.dll+0x6ee21a]
V  [jvm.dll+0x85765e]
V  [jvm.dll+0x85904e]
V  [jvm.dll+0x859703]
V  [jvm.dll+0x28298f]
V  [jvm.dll+0xc9adf]
V  [jvm.dll+0xc9e65]
V  [jvm.dll+0x3bca12]
V  [jvm.dll+0x3860e1]
V  [jvm.dll+0x38555a]
V  [jvm.dll+0x24c3d9]
V  [jvm.dll+0x24b781]
V  [jvm.dll+0x1d6ce1]
V  [jvm.dll+0x25b25a]
V  [jvm.dll+0x2596e8]
V  [jvm.dll+0x807588]
V  [jvm.dll+0x80125a]
V  [jvm.dll+0x6ecf0b]
C  [ucrtbase.dll+0x29333]
C  [KERNEL32.DLL+0x1259d]
C  [ntdll.dll+0x5af38]


---------------  P R O C E S S  ---------------

Threads class SMR info:
_java_thread_list=0x000001accdd7fb60, length=19, elements={
0x000001aca590e9b0, 0x000001acc956a010, 0x000001acc956aba0, 0x000001acc956dc20,
0x000001acc9572ae0, 0x000001acc9574d60, 0x000001acc957b680, 0x000001acc957cc20,
0x000001acc957e670, 0x000001accd808070, 0x000001accd8fff00, 0x000001accd9084b0,
0x000001accd9280d0, 0x000001accd927640, 0x000001accd92dee0, 0x000001accd9b5740,
0x000001accdaafd90, 0x000001accdb9c800, 0x000001acce020f00
}

Java Threads: ( => current thread )
  0x000001aca590e9b0 JavaThread "main" [_thread_blocked, id=23028, stack(0x0000004970800000,0x0000004970900000)]
  0x000001acc956a010 JavaThread "Reference Handler" daemon [_thread_blocked, id=24800, stack(0x0000004970f00000,0x0000004971000000)]
  0x000001acc956aba0 JavaThread "Finalizer" daemon [_thread_blocked, id=20700, stack(0x0000004971000000,0x0000004971100000)]
  0x000001acc956dc20 JavaThread "Signal Dispatcher" daemon [_thread_blocked, id=21616, stack(0x0000004971100000,0x0000004971200000)]
  0x000001acc9572ae0 JavaThread "Attach Listener" daemon [_thread_blocked, id=23052, stack(0x0000004971200000,0x0000004971300000)]
  0x000001acc9574d60 JavaThread "Service Thread" daemon [_thread_blocked, id=25300, stack(0x0000004971300000,0x0000004971400000)]
  0x000001acc957b680 JavaThread "Monitor Deflation Thread" daemon [_thread_blocked, id=19496, stack(0x0000004971400000,0x0000004971500000)]
=>0x000001acc957cc20 JavaThread "C2 CompilerThread0" daemon [_thread_in_native, id=2892, stack(0x0000004971500000,0x0000004971600000)]
  0x000001acc957e670 JavaThread "C1 CompilerThread0" daemon [_thread_blocked, id=21000, stack(0x0000004971600000,0x0000004971700000)]
  0x000001accd808070 JavaThread "Sweeper thread" daemon [_thread_blocked, id=7308, stack(0x0000004971700000,0x0000004971800000)]
  0x000001accd8fff00 JavaThread "C1 CompilerThread1" daemon [_thread_blocked, id=25384, stack(0x0000004971800000,0x0000004971900000)]
  0x000001accd9084b0 JavaThread "C1 CompilerThread2" daemon [_thread_blocked, id=25388, stack(0x0000004971900000,0x0000004971a00000)]
  0x000001accd9280d0 JavaThread "Notification Thread" daemon [_thread_blocked, id=2180, stack(0x0000004971b00000,0x0000004971c00000)]
  0x000001accd927640 JavaThread "C1 CompilerThread3" daemon [_thread_blocked, id=3020, stack(0x0000004971a00000,0x0000004971b00000)]
  0x000001accd92dee0 JavaThread "Common-Cleaner" daemon [_thread_blocked, id=6696, stack(0x0000004971d00000,0x0000004971e00000)]
  0x000001accd9b5740 JavaThread "surefire-forkedjvm-command-thread" daemon [_thread_in_native, id=792, stack(0x0000004971e00000,0x0000004971f00000)]
  0x000001accdaafd90 JavaThread "C2 CompilerThread1" daemon [_thread_blocked, id=7152, stack(0x0000004971f00000,0x0000004972000000)]
  0x000001accdb9c800 JavaThread "C2 CompilerThread2" daemon [_thread_blocked, id=13244, stack(0x0000004972000000,0x0000004972100000)]
  0x000001acce020f00 JavaThread "surefire-forkedjvm-last-ditch-daemon-shutdown-thread-30s" daemon [_thread_blocked, id=21200, stack(0x0000004972200000,0x0000004972300000)]

Other Threads:
  0x000001acc9553150 VMThread "VM Thread" [stack: 0x0000004970e00000,0x0000004970f00000] [id=4540]
  0x000001accd92ae40 WatcherThread "VM Periodic Task Thread" [stack: 0x0000004971c00000,0x0000004971d00000] [id=22788]
  0x000001aca5980560 WorkerThread "GC Thread#0" [stack: 0x0000004970900000,0x0000004970a00000] [id=20416]
  0x000001aca5991ee0 ConcurrentGCThread "G1 Main Marker" [stack: 0x0000004970a00000,0x0000004970b00000] [id=5520]
  0x000001aca5993250 WorkerThread "G1 Conc#0" [stack: 0x0000004970b00000,0x0000004970c00000] [id=9316]
  0x000001acc940d1f0 ConcurrentGCThread "G1 Refine#0" [stack: 0x0000004970c00000,0x0000004970d00000] [id=9984]
  0x000001acc940ded0 ConcurrentGCThread "G1 Service" [stack: 0x0000004970d00000,0x0000004970e00000] [id=25168]

Threads with active compile tasks:
C2 CompilerThread0      180  660       4       java.util.jar.JarFile::match (132 bytes)

VM state: not at safepoint (normal execution)

VM Mutex/Monitor currently owned by a thread: None

OutOfMemory and StackOverflow Exception counts:
OutOfMemoryError java_heap_errors=1
LinkageErrors=6

Heap address: 0x0000000705e00000, size: 4002 MB, Compressed Oops mode: Zero based, Oop shift amount: 3

CDS archive(s) mapped at: [0x0000000800000000-0x0000000800c40000-0x0000000800c40000), size 12845056, SharedBaseAddress: 0x0000000800000000, ArchiveRelocationMode: 0.
Compressed class space mapped at: 0x0000000801000000-0x0000000841000000, reserved size: 1073741824
Narrow klass base: 0x0000000800000000, Narrow klass shift: 0, Narrow klass range: 0x100000000

GC Precious Log:
 CardTable entry size: 512
 Card Set container configuration: InlinePtr #cards 4 size 8 Array Of Cards #cards 16 size 48 Howl #buckets 8 coarsen threshold 3686 Howl Bitmap #cards 512 size 80 coarsen threshold 460 Card regions per heap region 1 cards per card region 4096
 CPUs: 16 total, 16 available
 Memory: 16004M
 Large Page Support: Disabled
 NUMA Support: Disabled
 Compressed Oops: Enabled (Zero based)
 Heap Region Size: 2M
 Heap Min Capacity: 8M
 Heap Initial Capacity: 252M
 Heap Max Capacity: 4002M
 Pre-touch: Disabled
 Parallel Workers: 13
 Concurrent Workers: 3
 Concurrent Refinement Workers: 13
 Periodic GC: Disabled

Heap:
 garbage-first heap   total 258048K, used 14336K [0x0000000705e00000, 0x0000000800000000)
  region size 2048K, 9 young (18432K), 0 survivors (0K)
 Metaspace       used 2259K, committed 2496K, reserved 1114112K
  class space    used 192K, committed 320K, reserved 1048576K

Heap Regions: E=young(eden), S=young(survivor), O=old, HS=humongous(starts), HC=humongous(continues), CS=collection set, F=free, OA=open archive, CA=closed archive, TAMS=top-at-mark-start (previous, next)
|   0|0x0000000705e00000, 0x0000000705e00000, 0x0000000706000000|  0%| F|  |TAMS 0x0000000705e00000, 0x0000000705e00000| Untracked 
|   1|0x0000000706000000, 0x0000000706000000, 0x0000000706200000|  0%| F|  |TAMS 0x0000000706000000, 0x0000000706000000| Untracked 
|   2|0x0000000706200000, 0x0000000706200000, 0x0000000706400000|  0%| F|  |TAMS 0x0000000706200000, 0x0000000706200000| Untracked 
|   3|0x0000000706400000, 0x0000000706400000, 0x0000000706600000|  0%| F|  |TAMS 0x0000000706400000, 0x0000000706400000| Untracked 
|   4|0x0000000706600000, 0x0000000706600000, 0x0000000706800000|  0%| F|  |TAMS 0x0000000706600000, 0x0000000706600000| Untracked 
|   5|0x0000000706800000, 0x0000000706800000, 0x0000000706a00000|  0%| F|  |TAMS 0x0000000706800000, 0x0000000706800000| Untracked 
|   6|0x0000000706a00000, 0x0000000706a00000, 0x0000000706c00000|  0%| F|  |TAMS 0x0000000706a00000, 0x0000000706a00000| Untracked 
|   7|0x0000000706c00000, 0x0000000706c00000, 0x0000000706e00000|  0%| F|  |TAMS 0x0000000706c00000, 0x0000000706c00000| Untracked 
|   8|0x0000000706e00000, 0x0000000706e00000, 0x0000000707000000|  0%| F|  |TAMS 0x0000000706e00000, 0x0000000706e00000| Untracked 
|   9|0x0000000707000000, 0x0000000707000000, 0x0000000707200000|  0%| F|  |TAMS 0x0000000707000000, 0x0000000707000000| Untracked 
|  10|0x0000000707200000, 0x0000000707200000, 0x0000000707400000|  0%| F|  |TAMS 0x0000000707200000, 0x0000000707200000| Untracked 
|  11|0x0000000707400000, 0x0000000707400000, 0x0000000707600000|  0%| F|  |TAMS 0x0000000707400000, 0x0000000707400000| Untracked 
|  12|0x0000000707600000, 0x0000000707600000, 0x0000000707800000|  0%| F|  |TAMS 0x0000000707600000, 0x0000000707600000| Untracked 
|  13|0x0000000707800000, 0x0000000707800000, 0x0000000707a00000|  0%| F|  |TAMS 0x0000000707800000, 0x0000000707800000| Untracked 
|  14|0x0000000707a00000, 0x0000000707a00000, 0x0000000707c00000|  0%| F|  |TAMS 0x0000000707a00000, 0x0000000707a00000| Untracked 
|  15|0x0000000707c00000, 0x0000000707c00000, 0x0000000707e00000|  0%| F|  |TAMS 0x0000000707c00000, 0x0000000707c00000| Untracked 
|  16|0x0000000707e00000, 0x0000000707e00000, 0x0000000708000000|  0%| F|  |TAMS 0x0000000707e00000, 0x0000000707e00000| Untracked 
|  17|0x0000000708000000, 0x0000000708000000, 0x0000000708200000|  0%| F|  |TAMS 0x0000000708000000, 0x0000000708000000| Untracked 
|  18|0x0000000708200000, 0x0000000708200000, 0x0000000708400000|  0%| F|  |TAMS 0x0000000708200000, 0x0000000708200000| Untracked 
|  19|0x0000000708400000, 0x0000000708400000, 0x0000000708600000|  0%| F|  |TAMS 0x0000000708400000, 0x0000000708400000| Untracked 
|  20|0x0000000708600000, 0x0000000708600000, 0x0000000708800000|  0%| F|  |TAMS 0x0000000708600000, 0x0000000708600000| Untracked 
|  21|0x0000000708800000, 0x0000000708800000, 0x0000000708a00000|  0%| F|  |TAMS 0x0000000708800000, 0x0000000708800000| Untracked 
|  22|0x0000000708a00000, 0x0000000708a00000, 0x0000000708c00000|  0%| F|  |TAMS 0x0000000708a00000, 0x0000000708a00000| Untracked 
|  23|0x0000000708c00000, 0x0000000708c00000, 0x0000000708e00000|  0%| F|  |TAMS 0x0000000708c00000, 0x0000000708c00000| Untracked 
|  24|0x0000000708e00000, 0x0000000708e00000, 0x0000000709000000|  0%| F|  |TAMS 0x0000000708e00000, 0x0000000708e00000| Untracked 
|  25|0x0000000709000000, 0x0000000709000000, 0x0000000709200000|  0%| F|  |TAMS 0x0000000709000000, 0x0000000709000000| Untracked 
|  26|0x0000000709200000, 0x0000000709200000, 0x0000000709400000|  0%| F|  |TAMS 0x0000000709200000, 0x0000000709200000| Untracked 
|  27|0x0000000709400000, 0x0000000709400000, 0x0000000709600000|  0%| F|  |TAMS 0x0000000709400000, 0x0000000709400000| Untracked 
|  28|0x0000000709600000, 0x0000000709600000, 0x0000000709800000|  0%| F|  |TAMS 0x0000000709600000, 0x0000000709600000| Untracked 
|  29|0x0000000709800000, 0x0000000709800000, 0x0000000709a00000|  0%| F|  |TAMS 0x0000000709800000, 0x0000000709800000| Untracked 
|  30|0x0000000709a00000, 0x0000000709a00000, 0x0000000709c00000|  0%| F|  |TAMS 0x0000000709a00000, 0x0000000709a00000| Untracked 
|  31|0x0000000709c00000, 0x0000000709c00000, 0x0000000709e00000|  0%| F|  |TAMS 0x0000000709c00000, 0x0000000709c00000| Untracked 
|  32|0x0000000709e00000, 0x0000000709e00000, 0x000000070a000000|  0%| F|  |TAMS 0x0000000709e00000, 0x0000000709e00000| Untracked 
|  33|0x000000070a000000, 0x000000070a000000, 0x000000070a200000|  0%| F|  |TAMS 0x000000070a000000, 0x000000070a000000| Untracked 
|  34|0x000000070a200000, 0x000000070a200000, 0x000000070a400000|  0%| F|  |TAMS 0x000000070a200000, 0x000000070a200000| Untracked 
|  35|0x000000070a400000, 0x000000070a400000, 0x000000070a600000|  0%| F|  |TAMS 0x000000070a400000, 0x000000070a400000| Untracked 
|  36|0x000000070a600000, 0x000000070a600000, 0x000000070a800000|  0%| F|  |TAMS 0x000000070a600000, 0x000000070a600000| Untracked 
|  37|0x000000070a800000, 0x000000070a800000, 0x000000070aa00000|  0%| F|  |TAMS 0x000000070a800000, 0x000000070a800000| Untracked 
|  38|0x000000070aa00000, 0x000000070aa00000, 0x000000070ac00000|  0%| F|  |TAMS 0x000000070aa00000, 0x000000070aa00000| Untracked 
|  39|0x000000070ac00000, 0x000000070ac00000, 0x000000070ae00000|  0%| F|  |TAMS 0x000000070ac00000, 0x000000070ac00000| Untracked 
|  40|0x000000070ae00000, 0x000000070ae00000, 0x000000070b000000|  0%| F|  |TAMS 0x000000070ae00000, 0x000000070ae00000| Untracked 
|  41|0x000000070b000000, 0x000000070b000000, 0x000000070b200000|  0%| F|  |TAMS 0x000000070b000000, 0x000000070b000000| Untracked 
|  42|0x000000070b200000, 0x000000070b200000, 0x000000070b400000|  0%| F|  |TAMS 0x000000070b200000, 0x000000070b200000| Untracked 
|  43|0x000000070b400000, 0x000000070b400000, 0x000000070b600000|  0%| F|  |TAMS 0x000000070b400000, 0x000000070b400000| Untracked 
|  44|0x000000070b600000, 0x000000070b600000, 0x000000070b800000|  0%| F|  |TAMS 0x000000070b600000, 0x000000070b600000| Untracked 
|  45|0x000000070b800000, 0x000000070b800000, 0x000000070ba00000|  0%| F|  |TAMS 0x000000070b800000, 0x000000070b800000| Untracked 
|  46|0x000000070ba00000, 0x000000070ba00000, 0x000000070bc00000|  0%| F|  |TAMS 0x000000070ba00000, 0x000000070ba00000| Untracked 
|  47|0x000000070bc00000, 0x000000070bc00000, 0x000000070be00000|  0%| F|  |TAMS 0x000000070bc00000, 0x000000070bc00000| Untracked 
|  48|0x000000070be00000, 0x000000070be00000, 0x000000070c000000|  0%| F|  |TAMS 0x000000070be00000, 0x000000070be00000| Untracked 
|  49|0x000000070c000000, 0x000000070c000000, 0x000000070c200000|  0%| F|  |TAMS 0x000000070c000000, 0x000000070c000000| Untracked 
|  50|0x000000070c200000, 0x000000070c200000, 0x000000070c400000|  0%| F|  |TAMS 0x000000070c200000, 0x000000070c200000| Untracked 
|  51|0x000000070c400000, 0x000000070c400000, 0x000000070c600000|  0%| F|  |TAMS 0x000000070c400000, 0x000000070c400000| Untracked 
|  52|0x000000070c600000, 0x000000070c600000, 0x000000070c800000|  0%| F|  |TAMS 0x000000070c600000, 0x000000070c600000| Untracked 
|  53|0x000000070c800000, 0x000000070c800000, 0x000000070ca00000|  0%| F|  |TAMS 0x000000070c800000, 0x000000070c800000| Untracked 
|  54|0x000000070ca00000, 0x000000070ca00000, 0x000000070cc00000|  0%| F|  |TAMS 0x000000070ca00000, 0x000000070ca00000| Untracked 
|  55|0x000000070cc00000, 0x000000070cc00000, 0x000000070ce00000|  0%| F|  |TAMS 0x000000070cc00000, 0x000000070cc00000| Untracked 
|  56|0x000000070ce00000, 0x000000070ce00000, 0x000000070d000000|  0%| F|  |TAMS 0x000000070ce00000, 0x000000070ce00000| Untracked 
|  57|0x000000070d000000, 0x000000070d000000, 0x000000070d200000|  0%| F|  |TAMS 0x000000070d000000, 0x000000070d000000| Untracked 
|  58|0x000000070d200000, 0x000000070d200000, 0x000000070d400000|  0%| F|  |TAMS 0x000000070d200000, 0x000000070d200000| Untracked 
|  59|0x000000070d400000, 0x000000070d400000, 0x000000070d600000|  0%| F|  |TAMS 0x000000070d400000, 0x000000070d400000| Untracked 
|  60|0x000000070d600000, 0x000000070d600000, 0x000000070d800000|  0%| F|  |TAMS 0x000000070d600000, 0x000000070d600000| Untracked 
|  61|0x000000070d800000, 0x000000070d800000, 0x000000070da00000|  0%| F|  |TAMS 0x000000070d800000, 0x000000070d800000| Untracked 
|  62|0x000000070da00000, 0x000000070da00000, 0x000000070dc00000|  0%| F|  |TAMS 0x000000070da00000, 0x000000070da00000| Untracked 
|  63|0x000000070dc00000, 0x000000070dc00000, 0x000000070de00000|  0%| F|  |TAMS 0x000000070dc00000, 0x000000070dc00000| Untracked 
|  64|0x000000070de00000, 0x000000070de00000, 0x000000070e000000|  0%| F|  |TAMS 0x000000070de00000, 0x000000070de00000| Untracked 
|  65|0x000000070e000000, 0x000000070e000000, 0x000000070e200000|  0%| F|  |TAMS 0x000000070e000000, 0x000000070e000000| Untracked 
|  66|0x000000070e200000, 0x000000070e200000, 0x000000070e400000|  0%| F|  |TAMS 0x000000070e200000, 0x000000070e200000| Untracked 
|  67|0x000000070e400000, 0x000000070e400000, 0x000000070e600000|  0%| F|  |TAMS 0x000000070e400000, 0x000000070e400000| Untracked 
|  68|0x000000070e600000, 0x000000070e600000, 0x000000070e800000|  0%| F|  |TAMS 0x000000070e600000, 0x000000070e600000| Untracked 
|  69|0x000000070e800000, 0x000000070e800000, 0x000000070ea00000|  0%| F|  |TAMS 0x000000070e800000, 0x000000070e800000| Untracked 
|  70|0x000000070ea00000, 0x000000070ea00000, 0x000000070ec00000|  0%| F|  |TAMS 0x000000070ea00000, 0x000000070ea00000| Untracked 
|  71|0x000000070ec00000, 0x000000070ec00000, 0x000000070ee00000|  0%| F|  |TAMS 0x000000070ec00000, 0x000000070ec00000| Untracked 
|  72|0x000000070ee00000, 0x000000070ee00000, 0x000000070f000000|  0%| F|  |TAMS 0x000000070ee00000, 0x000000070ee00000| Untracked 
|  73|0x000000070f000000, 0x000000070f000000, 0x000000070f200000|  0%| F|  |TAMS 0x000000070f000000, 0x000000070f000000| Untracked 
|  74|0x000000070f200000, 0x000000070f200000, 0x000000070f400000|  0%| F|  |TAMS 0x000000070f200000, 0x000000070f200000| Untracked 
|  75|0x000000070f400000, 0x000000070f400000, 0x000000070f600000|  0%| F|  |TAMS 0x000000070f400000, 0x000000070f400000| Untracked 
|  76|0x000000070f600000, 0x000000070f600000, 0x000000070f800000|  0%| F|  |TAMS 0x000000070f600000, 0x000000070f600000| Untracked 
|  77|0x000000070f800000, 0x000000070f800000, 0x000000070fa00000|  0%| F|  |TAMS 0x000000070f800000, 0x000000070f800000| Untracked 
|  78|0x000000070fa00000, 0x000000070fa00000, 0x000000070fc00000|  0%| F|  |TAMS 0x000000070fa00000, 0x000000070fa00000| Untracked 
|  79|0x000000070fc00000, 0x000000070fc00000, 0x000000070fe00000|  0%| F|  |TAMS 0x000000070fc00000, 0x000000070fc00000| Untracked 
|  80|0x000000070fe00000, 0x000000070fe00000, 0x0000000710000000|  0%| F|  |TAMS 0x000000070fe00000, 0x000000070fe00000| Untracked 
|  81|0x0000000710000000, 0x0000000710000000, 0x0000000710200000|  0%| F|  |TAMS 0x0000000710000000, 0x0000000710000000| Untracked 
|  82|0x0000000710200000, 0x0000000710200000, 0x0000000710400000|  0%| F|  |TAMS 0x0000000710200000, 0x0000000710200000| Untracked 
|  83|0x0000000710400000, 0x0000000710400000, 0x0000000710600000|  0%| F|  |TAMS 0x0000000710400000, 0x0000000710400000| Untracked 
|  84|0x0000000710600000, 0x0000000710600000, 0x0000000710800000|  0%| F|  |TAMS 0x0000000710600000, 0x0000000710600000| Untracked 
|  85|0x0000000710800000, 0x0000000710800000, 0x0000000710a00000|  0%| F|  |TAMS 0x0000000710800000, 0x0000000710800000| Untracked 
|  86|0x0000000710a00000, 0x0000000710a00000, 0x0000000710c00000|  0%| F|  |TAMS 0x0000000710a00000, 0x0000000710a00000| Untracked 
|  87|0x0000000710c00000, 0x0000000710c00000, 0x0000000710e00000|  0%| F|  |TAMS 0x0000000710c00000, 0x0000000710c00000| Untracked 
|  88|0x0000000710e00000, 0x0000000710e00000, 0x0000000711000000|  0%| F|  |TAMS 0x0000000710e00000, 0x0000000710e00000| Untracked 
|  89|0x0000000711000000, 0x0000000711000000, 0x0000000711200000|  0%| F|  |TAMS 0x0000000711000000, 0x0000000711000000| Untracked 
|  90|0x0000000711200000, 0x0000000711200000, 0x0000000711400000|  0%| F|  |TAMS 0x0000000711200000, 0x0000000711200000| Untracked 
|  91|0x0000000711400000, 0x0000000711400000, 0x0000000711600000|  0%| F|  |TAMS 0x0000000711400000, 0x0000000711400000| Untracked 
|  92|0x0000000711600000, 0x0000000711600000, 0x0000000711800000|  0%| F|  |TAMS 0x0000000711600000, 0x0000000711600000| Untracked 
|  93|0x0000000711800000, 0x0000000711800000, 0x0000000711a00000|  0%| F|  |TAMS 0x0000000711800000, 0x0000000711800000| Untracked 
|  94|0x0000000711a00000, 0x0000000711a00000, 0x0000000711c00000|  0%| F|  |TAMS 0x0000000711a00000, 0x0000000711a00000| Untracked 
|  95|0x0000000711c00000, 0x0000000711c00000, 0x0000000711e00000|  0%| F|  |TAMS 0x0000000711c00000, 0x0000000711c00000| Untracked 
|  96|0x0000000711e00000, 0x0000000711e00000, 0x0000000712000000|  0%| F|  |TAMS 0x0000000711e00000, 0x0000000711e00000| Untracked 
|  97|0x0000000712000000, 0x0000000712000000, 0x0000000712200000|  0%| F|  |TAMS 0x0000000712000000, 0x0000000712000000| Untracked 
|  98|0x0000000712200000, 0x0000000712200000, 0x0000000712400000|  0%| F|  |TAMS 0x0000000712200000, 0x0000000712200000| Untracked 
|  99|0x0000000712400000, 0x0000000712400000, 0x0000000712600000|  0%| F|  |TAMS 0x0000000712400000, 0x0000000712400000| Untracked 
| 100|0x0000000712600000, 0x0000000712600000, 0x0000000712800000|  0%| F|  |TAMS 0x0000000712600000, 0x0000000712600000| Untracked 
| 101|0x0000000712800000, 0x0000000712800000, 0x0000000712a00000|  0%| F|  |TAMS 0x0000000712800000, 0x0000000712800000| Untracked 
| 102|0x0000000712a00000, 0x0000000712a00000, 0x0000000712c00000|  0%| F|  |TAMS 0x0000000712a00000, 0x0000000712a00000| Untracked 
| 103|0x0000000712c00000, 0x0000000712c00000, 0x0000000712e00000|  0%| F|  |TAMS 0x0000000712c00000, 0x0000000712c00000| Untracked 
| 104|0x0000000712e00000, 0x0000000712e00000, 0x0000000713000000|  0%| F|  |TAMS 0x0000000712e00000, 0x0000000712e00000| Untracked 
| 105|0x0000000713000000, 0x0000000713000000, 0x0000000713200000|  0%| F|  |TAMS 0x0000000713000000, 0x0000000713000000| Untracked 
| 106|0x0000000713200000, 0x0000000713200000, 0x0000000713400000|  0%| F|  |TAMS 0x0000000713200000, 0x0000000713200000| Untracked 
| 107|0x0000000713400000, 0x0000000713400000, 0x0000000713600000|  0%| F|  |TAMS 0x0000000713400000, 0x0000000713400000| Untracked 
| 108|0x0000000713600000, 0x0000000713600000, 0x0000000713800000|  0%| F|  |TAMS 0x0000000713600000, 0x0000000713600000| Untracked 
| 109|0x0000000713800000, 0x0000000713800000, 0x0000000713a00000|  0%| F|  |TAMS 0x0000000713800000, 0x0000000713800000| Untracked 
| 110|0x0000000713a00000, 0x0000000713a00000, 0x0000000713c00000|  0%| F|  |TAMS 0x0000000713a00000, 0x0000000713a00000| Untracked 
| 111|0x0000000713c00000, 0x0000000713c00000, 0x0000000713e00000|  0%| F|  |TAMS 0x0000000713c00000, 0x0000000713c00000| Untracked 
| 112|0x0000000713e00000, 0x0000000713e00000, 0x0000000714000000|  0%| F|  |TAMS 0x0000000713e00000, 0x0000000713e00000| Untracked 
| 113|0x0000000714000000, 0x0000000714000000, 0x0000000714200000|  0%| F|  |TAMS 0x0000000714000000, 0x0000000714000000| Untracked 
| 114|0x0000000714200000, 0x0000000714200000, 0x0000000714400000|  0%| F|  |TAMS 0x0000000714200000, 0x0000000714200000| Untracked 
| 115|0x0000000714400000, 0x0000000714400000, 0x0000000714600000|  0%| F|  |TAMS 0x0000000714400000, 0x0000000714400000| Untracked 
| 116|0x0000000714600000, 0x0000000714600000, 0x0000000714800000|  0%| F|  |TAMS 0x0000000714600000, 0x0000000714600000| Untracked 
| 117|0x0000000714800000, 0x0000000714800800, 0x0000000714a00000|  0%| E|  |TAMS 0x0000000714800000, 0x0000000714800000| Complete 
| 118|0x0000000714a00000, 0x0000000714c00000, 0x0000000714c00000|100%| E|CS|TAMS 0x0000000714a00000, 0x0000000714a00000| Complete 
| 119|0x0000000714c00000, 0x0000000714e00000, 0x0000000714e00000|100%| E|  |TAMS 0x0000000714c00000, 0x0000000714c00000| Complete 
| 120|0x0000000714e00000, 0x0000000715000000, 0x0000000715000000|100%| E|CS|TAMS 0x0000000714e00000, 0x0000000714e00000| Complete 
| 121|0x0000000715000000, 0x0000000715200000, 0x0000000715200000|100%| E|CS|TAMS 0x0000000715000000, 0x0000000715000000| Complete 
| 122|0x0000000715200000, 0x0000000715400000, 0x0000000715400000|100%| E|CS|TAMS 0x0000000715200000, 0x0000000715200000| Complete 
| 123|0x0000000715400000, 0x0000000715600000, 0x0000000715600000|100%| E|CS|TAMS 0x0000000715400000, 0x0000000715400000| Complete 
| 124|0x0000000715600000, 0x0000000715800000, 0x0000000715800000|100%| E|CS|TAMS 0x0000000715600000, 0x0000000715600000| Complete 
| 125|0x0000000715800000, 0x0000000715a00000, 0x0000000715a00000|100%| E|CS|TAMS 0x0000000715800000, 0x0000000715800000| Complete 

Card table byte_map: [0x000001acbd8e0000,0x000001acbe0c0000] _byte_map_base: 0x000001acba0b1000

Marking Bits (Prev, Next): (CMBitMap*) 0x000001aca5981ba0, (CMBitMap*) 0x000001aca5981be0
 Prev Bits: [0x000001acbe8a0000, 0x000001acc2728000)
 Next Bits: [0x000001acc2730000, 0x000001acc65b8000)

Polling page: 0x000001aca38e0000

Metaspace:

Usage:
  Non-class:      2.02 MB used.
      Class:    192.38 KB used.
       Both:      2.21 MB used.

Virtual space:
  Non-class space:       64.00 MB reserved,       2.12 MB (  3%) committed,  1 nodes.
      Class space:        1.00 GB reserved,     320.00 KB ( <1%) committed,  1 nodes.
             Both:        1.06 GB reserved,       2.44 MB ( <1%) committed. 

Chunk freelists:
   Non-Class:  3.47 MB
       Class:  3.67 MB
        Both:  7.14 MB

MaxMetaspaceSize: unlimited
CompressedClassSpaceSize: 1.00 GB
Initial GC threshold: 21.00 MB
Current GC threshold: 21.00 MB
CDS: on
MetaspaceReclaimPolicy: balanced
 - commit_granule_bytes: 65536.
 - commit_granule_words: 8192.
 - virtual_space_node_default_size: 8388608.
 - enlarge_chunks_in_place: 1.
 - new_chunks_are_fully_committed: 0.
 - uncommit_free_chunks: 1.
 - use_allocation_guard: 0.


Internal statistics:

num_allocs_failed_limit: 0.
num_arena_births: 22.
num_arena_deaths: 0.
num_vsnodes_births: 2.
num_vsnodes_deaths: 0.
num_space_committed: 39.
num_space_uncommitted: 0.
num_chunks_returned_to_freelist: 0.
num_chunks_taken_from_freelist: 57.
num_chunk_merges: 0.
num_chunk_splits: 34.
num_chunks_enlarged: 25.
num_inconsistent_stats: 0.

CodeHeap 'non-profiled nmethods': size=119168Kb used=199Kb max_used=199Kb free=118968Kb
 bounds [0x000001acb5410000, 0x000001acb5680000, 0x000001acbc870000]
CodeHeap 'profiled nmethods': size=119104Kb used=1148Kb max_used=1148Kb free=117955Kb
 bounds [0x000001acad870000, 0x000001acadae0000, 0x000001acb4cc0000]
CodeHeap 'non-nmethods': size=7488Kb used=2932Kb max_used=2960Kb free=4555Kb
 bounds [0x000001acb4cc0000, 0x000001acb4fb0000, 0x000001acb5410000]
 total_blobs=1137 nmethods=686 adapters=359
 compilation: enabled
              stopped_count=0, restarted_count=0
 full_count=0

Compilation events (20 events):
Event: 0.166 Thread 0x000001acc957e670  659       3       java.lang.String::<init> (99 bytes)
Event: 0.166 Thread 0x000001accd8fff00  656       1       java.nio.Buffer::position (5 bytes)
Event: 0.166 Thread 0x000001accd927640 nmethod 641 0x000001acad973010 code [0x000001acad973540, 0x000001acad976588]
Event: 0.166 Thread 0x000001accd8fff00 nmethod 656 0x000001acb543ed90 code [0x000001acb543ef20, 0x000001acb543efd8]
Event: 0.166 Thread 0x000001acc957cc20 nmethod 628% 0x000001acb543de10 code [0x000001acb543dfe0, 0x000001acb543e858]
Event: 0.166 Thread 0x000001acc957e670 nmethod 659 0x000001acad978c10 code [0x000001acad978e20, 0x000001acad979478]
Event: 0.166 Thread 0x000001accd9084b0 nmethod 657 0x000001acad979610 code [0x000001acad9798e0, 0x000001acad97aa38]
Event: 0.166 Thread 0x000001acc957cc20  648       4       java.util.zip.ZipUtils::CENHOW (9 bytes)
Event: 0.166 Thread 0x000001accdb9c800 nmethod 642 0x000001acb543f090 code [0x000001acb543f220, 0x000001acb543f398]
Event: 0.166 Thread 0x000001accdb9c800  654       4       java.lang.ref.Reference::reachabilityFence (1 bytes)
Event: 0.167 Thread 0x000001accdb9c800 nmethod 654 0x000001acb543f490 code [0x000001acb543f600, 0x000001acb543f658]
Event: 0.167 Thread 0x000001accdaafd90 nmethod 640% 0x000001acb543f790 code [0x000001acb543f940, 0x000001acb543fd18]
Event: 0.167 Thread 0x000001acc957cc20 nmethod 648 0x000001acb5440010 code [0x000001acb54401a0, 0x000001acb5440258]
Event: 0.168 Thread 0x000001acc957cc20  660       4       java.util.jar.JarFile::match (132 bytes)
Event: 0.168 Thread 0x000001acc957e670  661       3       sun.nio.fs.WindowsPathParser::normalize (233 bytes)
Event: 0.169 Thread 0x000001accd8fff00  662       3       java.util.ArrayDeque::pollFirst (36 bytes)
Event: 0.169 Thread 0x000001accd8fff00 nmethod 662 0x000001acad97af90 code [0x000001acad97b160, 0x000001acad97b578]
Event: 0.169 Thread 0x000001acc957e670 nmethod 661 0x000001acad97b710 code [0x000001acad97bca0, 0x000001acad97e8a8]
Event: 0.169 Thread 0x000001accdb9c800  663       4       java.util.jar.Manifest$FastInputStream::readLine (296 bytes)
Event: 0.169 Thread 0x000001accdaafd90  664       4       java.lang.String::indexOf (29 bytes)

GC Heap History (0 events):
No events

Dll operation events (9 events):
Event: 0.005 Loaded shared library C:\Program Files\Java\jdk-19\bin\java.dll
Event: 0.012 Loaded shared library C:\Program Files\Java\jdk-19\bin\jsvml.dll
Event: 0.035 Loaded shared library C:\Program Files\Java\jdk-19\bin\net.dll
Event: 0.036 Loaded shared library C:\Program Files\Java\jdk-19\bin\nio.dll
Event: 0.037 Loaded shared library C:\Program Files\Java\jdk-19\bin\zip.dll
Event: 0.063 Loaded shared library C:\Program Files\Java\jdk-19\bin\management.dll
Event: 0.065 Loaded shared library C:\Program Files\Java\jdk-19\bin\management_ext.dll
Event: 0.088 Loaded shared library C:\Program Files\Java\jdk-19\bin\jimage.dll
Event: 0.123 Loaded shared library C:\Program Files\Java\jdk-19\bin\verify.dll

Deoptimization events (20 events):
Event: 0.114 Thread 0x000001aca590e9b0 Uncommon trap: trap_request=0xffffff45 fr.pc=0x000001acb5422864 relative=0x0000000000000144
Event: 0.114 Thread 0x000001aca590e9b0 Uncommon trap: reason=unstable_if action=reinterpret pc=0x000001acb5422864 method=java.util.concurrent.locks.ReentrantLock$NonfairSync.initialTryLock()Z @ 10 c2
Event: 0.114 Thread 0x000001aca590e9b0 DEOPT PACKING pc=0x000001acb5422864 sp=0x00000049708ff190
Event: 0.114 Thread 0x000001aca590e9b0 DEOPT UNPACKING pc=0x000001acb4d26da3 sp=0x00000049708ff138 mode 2
Event: 0.114 Thread 0x000001accdb4dfd0 DEOPT PACKING pc=0x000001acad887867 sp=0x00000049721fe330
Event: 0.114 Thread 0x000001accdb4dfd0 DEOPT UNPACKING pc=0x000001acb4d27543 sp=0x00000049721fd750 mode 0
Event: 0.133 Thread 0x000001accdb4dfd0 Uncommon trap: trap_request=0xffffff45 fr.pc=0x000001acb542d288 relative=0x0000000000000708
Event: 0.133 Thread 0x000001accdb4dfd0 Uncommon trap: reason=unstable_if action=reinterpret pc=0x000001acb542d288 method=java.util.regex.Pattern$Start.match(Ljava/util/regex/Matcher;ILjava/lang/CharSequence;)Z @ 10 c2
Event: 0.133 Thread 0x000001accdb4dfd0 DEOPT PACKING pc=0x000001acb542d288 sp=0x00000049721fee20
Event: 0.133 Thread 0x000001accdb4dfd0 DEOPT UNPACKING pc=0x000001acb4d26da3 sp=0x00000049721fed80 mode 2
Event: 0.163 Thread 0x000001aca590e9b0 DEOPT PACKING pc=0x000001acad94b55e sp=0x00000049708fe970
Event: 0.163 Thread 0x000001aca590e9b0 DEOPT UNPACKING pc=0x000001acb4d27543 sp=0x00000049708fde48 mode 0
Event: 0.168 Thread 0x000001aca590e9b0 DEOPT PACKING pc=0x000001acad95c4b4 sp=0x00000049708fec10
Event: 0.168 Thread 0x000001aca590e9b0 DEOPT UNPACKING pc=0x000001acb4d27543 sp=0x00000049708fe080 mode 0
Event: 0.168 Thread 0x000001aca590e9b0 DEOPT PACKING pc=0x000001acad95c4b4 sp=0x00000049708fec10
Event: 0.168 Thread 0x000001aca590e9b0 DEOPT UNPACKING pc=0x000001acb4d27543 sp=0x00000049708fe080 mode 0
Event: 0.169 Thread 0x000001aca590e9b0 DEOPT PACKING pc=0x000001acad8891e8 sp=0x00000049708fea60
Event: 0.169 Thread 0x000001aca590e9b0 DEOPT UNPACKING pc=0x000001acb4d27543 sp=0x00000049708fdef0 mode 0
Event: 0.170 Thread 0x000001aca590e9b0 DEOPT PACKING pc=0x000001acad8891e8 sp=0x00000049708fea60
Event: 0.170 Thread 0x000001aca590e9b0 DEOPT UNPACKING pc=0x000001acb4d27543 sp=0x00000049708fdef0 mode 0

Classes loaded (20 events):
Event: 0.147 Loading class java/io/CharArrayWriter
Event: 0.147 Loading class java/io/CharArrayWriter done
Event: 0.151 Loading class java/io/PrintWriter
Event: 0.151 Loading class java/io/PrintWriter done
Event: 0.151 Loading class java/io/PrintWriter$1
Event: 0.151 Loading class jdk/internal/access/JavaIOPrintWriterAccess
Event: 0.151 Loading class jdk/internal/access/JavaIOPrintWriterAccess done
Event: 0.151 Loading class java/io/PrintWriter$1 done
Event: 0.151 Loading class java/io/FileOutputStream$1
Event: 0.151 Loading class java/io/FileOutputStream$1 done
Event: 0.163 Loading class java/nio/charset/CharacterCodingException
Event: 0.163 Loading class java/nio/charset/CharacterCodingException done
Event: 0.163 Loading class sun/nio/cs/UTF_8$Encoder
Event: 0.163 Loading class sun/nio/cs/UTF_8$Encoder done
Event: 0.164 Loading class java/lang/Throwable$WrappedPrintWriter
Event: 0.164 Loading class java/lang/Throwable$PrintStreamOrWriter
Event: 0.164 Loading class java/lang/Throwable$PrintStreamOrWriter done
Event: 0.164 Loading class java/lang/Throwable$WrappedPrintWriter done
Event: 0.165 Loading class java/lang/StackTraceElement$HashedModules
Event: 0.165 Loading class java/lang/StackTraceElement$HashedModules done

Classes unloaded (0 events):
No events

Classes redefined (0 events):
No events

Internal exceptions (6 events):
Event: 0.059 Thread 0x000001aca590e9b0 Exception <a 'java/lang/NoSuchMethodError'{0x000000071541ef98}: 'java.lang.Object java.lang.invoke.DirectMethodHandle$Holder.invokeStaticInit(java.lang.Object)'> (0x000000071541ef98) 
thrown [s\open\src\hotspot\share\interpreter\linkResolver.cpp, line 774]
Event: 0.072 Thread 0x000001aca590e9b0 Exception <a 'java/lang/NoSuchMethodError'{0x0000000715456c60}: 'int java.lang.invoke.DirectMethodHandle$Holder.invokeSpecial(java.lang.Object, java.lang.Object, java.lang.Object)'> (0x0000000715456c60) 
thrown [s\open\src\hotspot\share\interpreter\linkResolver.cpp, line 774]
Event: 0.125 Thread 0x000001accdb4dfd0 Exception <a 'java/lang/NoSuchMethodError'{0x0000000715316f98}: 'void java.lang.invoke.DirectMethodHandle$Holder.invokeStatic(java.lang.Object, long)'> (0x0000000715316f98) 
thrown [s\open\src\hotspot\share\interpreter\linkResolver.cpp, line 774]
Event: 0.126 Thread 0x000001accdb4dfd0 Exception <a 'java/lang/NoSuchMethodError'{0x000000071531c690}: 'java.lang.Object java.lang.invoke.DirectMethodHandle$Holder.newInvokeSpecial(java.lang.Object, long)'> (0x000000071531c690) 
thrown [s\open\src\hotspot\share\interpreter\linkResolver.cpp, line 774]
Event: 0.127 Thread 0x000001accdb4dfd0 Exception <a 'java/lang/NoSuchMethodError'{0x0000000715324b18}: 'java.lang.Object java.lang.invoke.DirectMethodHandle$Holder.invokeStatic(java.lang.Object, long, java.lang.Object)'> (0x0000000715324b18) 
thrown [s\open\src\hotspot\share\interpreter\linkResolver.cpp, line 774]
Event: 0.127 Thread 0x000001accdb4dfd0 Exception <a 'java/lang/NoSuchMethodError'{0x0000000715328548}: 'java.lang.Object java.lang.invoke.DirectMethodHandle$Holder.invokeStaticInit(java.lang.Object, long, java.lang.Object)'> (0x0000000715328548) 
thrown [s\open\src\hotspot\share\interpreter\linkResolver.cpp, line 774]

VM Operations (8 events):
Event: 0.038 Executing VM operation: HandshakeAllThreads
Event: 0.038 Executing VM operation: HandshakeAllThreads done
Event: 0.106 Executing VM operation: HandshakeAllThreads
Event: 0.106 Executing VM operation: HandshakeAllThreads done
Event: 0.114 Executing VM operation: HandshakeAllThreads
Event: 0.114 Executing VM operation: HandshakeAllThreads done
Event: 0.164 Executing VM operation: HandshakeAllThreads
Event: 0.164 Executing VM operation: HandshakeAllThreads done

Events (19 events):
Event: 0.012 Thread 0x000001aca590e9b0 Thread added: 0x000001aca590e9b0
Event: 0.020 Thread 0x000001acc956a010 Thread added: 0x000001acc956a010
Event: 0.021 Thread 0x000001acc956aba0 Thread added: 0x000001acc956aba0
Event: 0.021 Thread 0x000001acc956dc20 Thread added: 0x000001acc956dc20
Event: 0.021 Thread 0x000001acc9572ae0 Thread added: 0x000001acc9572ae0
Event: 0.022 Thread 0x000001acc9574d60 Thread added: 0x000001acc9574d60
Event: 0.022 Thread 0x000001acc957b680 Thread added: 0x000001acc957b680
Event: 0.022 Thread 0x000001acc957cc20 Thread added: 0x000001acc957cc20
Event: 0.022 Thread 0x000001acc957e670 Thread added: 0x000001acc957e670
Event: 0.023 Thread 0x000001accd808070 Thread added: 0x000001accd808070
Event: 0.030 Thread 0x000001accd8fff00 Thread added: 0x000001accd8fff00
Event: 0.030 Thread 0x000001accd9084b0 Thread added: 0x000001accd9084b0
Event: 0.031 Thread 0x000001accd9280d0 Thread added: 0x000001accd9280d0
Event: 0.031 Thread 0x000001accd927640 Thread added: 0x000001accd927640
Event: 0.033 Thread 0x000001accd92dee0 Thread added: 0x000001accd92dee0
Event: 0.050 Thread 0x000001accd9b5740 Thread added: 0x000001accd9b5740
Event: 0.097 Thread 0x000001accdaafd90 Thread added: 0x000001accdaafd90
Event: 0.099 Thread 0x000001accdb9c800 Thread added: 0x000001accdb9c800
Event: 0.113 Thread 0x000001accdb4dfd0 Thread added: 0x000001accdb4dfd0


Dynamic libraries:
0x00007ff6029d0000 - 0x00007ff6029e0000 	C:\Program Files\Java\jdk-19\bin\java.exe
0x00007ff87c330000 - 0x00007ff87c547000 	C:\WINDOWS\SYSTEM32\ntdll.dll
0x00007ff87b770000 - 0x00007ff87b834000 	C:\WINDOWS\System32\KERNEL32.DLL
0x00007ff8799d0000 - 0x00007ff879d89000 	C:\WINDOWS\System32\KERNELBASE.dll
0x00007ff8797c0000 - 0x00007ff8798d1000 	C:\WINDOWS\System32\ucrtbase.dll
0x00007ff869e30000 - 0x00007ff869e48000 	C:\Program Files\Java\jdk-19\bin\jli.dll
0x00007ff87b0c0000 - 0x00007ff87b172000 	C:\WINDOWS\System32\ADVAPI32.dll
0x00007ff87ae50000 - 0x00007ff87aef7000 	C:\WINDOWS\System32\msvcrt.dll
0x00007ff87b840000 - 0x00007ff87b8e7000 	C:\WINDOWS\System32\sechost.dll
0x00007ff8799a0000 - 0x00007ff8799c8000 	C:\WINDOWS\System32\bcrypt.dll
0x00007ff87a0d0000 - 0x00007ff87a1e4000 	C:\WINDOWS\System32\RPCRT4.dll
0x00007ff869e10000 - 0x00007ff869e2b000 	C:\Program Files\Java\jdk-19\bin\VCRUNTIME140.dll
0x00007ff87af10000 - 0x00007ff87b0be000 	C:\WINDOWS\System32\USER32.dll
0x00007ff879600000 - 0x00007ff879626000 	C:\WINDOWS\System32\win32u.dll
0x00007ff87ad40000 - 0x00007ff87ad69000 	C:\WINDOWS\System32\GDI32.dll
0x00007ff866fb0000 - 0x00007ff867242000 	C:\WINDOWS\WinSxS\amd64_microsoft.windows.common-controls_6595b64144ccf1df_6.0.22621.4391_none_2715d37f73803e96\COMCTL32.dll
0x00007ff8796a0000 - 0x00007ff8797bb000 	C:\WINDOWS\System32\gdi32full.dll
0x00007ff879d90000 - 0x00007ff879e2a000 	C:\WINDOWS\System32\msvcp_win.dll
0x00007ff870fb0000 - 0x00007ff870fba000 	C:\WINDOWS\SYSTEM32\VERSION.dll
0x00007ff87b570000 - 0x00007ff87b5a1000 	C:\WINDOWS\System32\IMM32.DLL
0x00007ff872de0000 - 0x00007ff872dec000 	C:\Program Files\Java\jdk-19\bin\vcruntime140_1.dll
0x00007ff83a9e0000 - 0x00007ff83aa6e000 	C:\Program Files\Java\jdk-19\bin\msvcp140.dll
0x00007fffb50f0000 - 0x00007fffb5db0000 	C:\Program Files\Java\jdk-19\bin\server\jvm.dll
0x00007ff874600000 - 0x00007ff874609000 	C:\WINDOWS\SYSTEM32\WSOCK32.dll
0x00007ff87b8f0000 - 0x00007ff87b961000 	C:\WINDOWS\System32\WS2_32.dll
0x00007ff8719a0000 - 0x00007ff8719d4000 	C:\WINDOWS\SYSTEM32\WINMM.dll
0x00007ff878730000 - 0x00007ff878748000 	C:\WINDOWS\SYSTEM32\kernel.appcore.dll
0x00007ff871120000 - 0x00007ff87112a000 	C:\Program Files\Java\jdk-19\bin\jimage.dll
0x00007ff8768b0000 - 0x00007ff876ae2000 	C:\WINDOWS\SYSTEM32\DBGHELP.DLL
0x00007ff87b180000 - 0x00007ff87b50f000 	C:\WINDOWS\System32\combase.dll
0x00007ff87ad70000 - 0x00007ff87ae47000 	C:\WINDOWS\System32\OLEAUT32.dll
0x00007ff86e620000 - 0x00007ff86e652000 	C:\WINDOWS\SYSTEM32\dbgcore.DLL
0x00007ff879fa0000 - 0x00007ff87a01b000 	C:\WINDOWS\System32\bcryptPrimitives.dll
0x00007ff866bc0000 - 0x00007ff866be6000 	C:\Program Files\Java\jdk-19\bin\java.dll
0x00007ff83a490000 - 0x00007ff83a567000 	C:\Program Files\Java\jdk-19\bin\jsvml.dll
0x00007ff87ba40000 - 0x00007ff87c2b6000 	C:\WINDOWS\System32\SHELL32.dll
0x00007ff877510000 - 0x00007ff877e13000 	C:\WINDOWS\SYSTEM32\windows.storage.dll
0x00007ff8773d0000 - 0x00007ff87750f000 	C:\WINDOWS\SYSTEM32\wintypes.dll
0x00007ff87a440000 - 0x00007ff87a539000 	C:\WINDOWS\System32\SHCORE.dll
0x00007ff87b970000 - 0x00007ff87b9ce000 	C:\WINDOWS\System32\shlwapi.dll
0x00007ff879530000 - 0x00007ff87955b000 	C:\WINDOWS\SYSTEM32\profapi.dll
0x00007ff867de0000 - 0x00007ff867df3000 	C:\Program Files\Java\jdk-19\bin\net.dll
0x00007ff875050000 - 0x00007ff875186000 	C:\WINDOWS\SYSTEM32\WINHTTP.dll
0x00007ff878bb0000 - 0x00007ff878c19000 	C:\WINDOWS\system32\mswsock.dll
0x00007ff865f10000 - 0x00007ff865f26000 	C:\Program Files\Java\jdk-19\bin\nio.dll
0x00007ff85f0f0000 - 0x00007ff85f108000 	C:\Program Files\Java\jdk-19\bin\zip.dll
0x00007ff8685f0000 - 0x00007ff8685fa000 	C:\Program Files\Java\jdk-19\bin\management.dll
0x00007ff85f0e0000 - 0x00007ff85f0eb000 	C:\Program Files\Java\jdk-19\bin\management_ext.dll
0x00007ff87a3b0000 - 0x00007ff87a3b8000 	C:\WINDOWS\System32\PSAPI.DLL
0x00007ff867f20000 - 0x00007ff867f30000 	C:\Program Files\Java\jdk-19\bin\verify.dll

dbghelp: loaded successfully - version: 4.0.5 - missing functions: none
symbol engine: initialized successfully - sym options: 0x614 - pdb path: .;C:\Program Files\Java\jdk-19\bin;C:\WINDOWS\SYSTEM32;C:\WINDOWS\WinSxS\amd64_microsoft.windows.common-controls_6595b64144ccf1df_6.0.22621.4391_none_2715d37f73803e96;C:\Program Files\Java\jdk-19\bin\server

VM Arguments:
java_command: C:\Users\99293\AppData\Local\Temp\surefire2916751928237783095\surefirebooter14179403449602960581.jar C:\Users\99293\AppData\Local\Temp\surefire2916751928237783095 2024-12-04T21-34-14_197-jvmRun1 surefire18280742845935131694tmp surefire_04572839002016565666tmp
java_class_path (initial): C:\Users\99293\AppData\Local\Temp\surefire2916751928237783095\surefirebooter14179403449602960581.jar
Launcher Type: SUN_STANDARD

[Global flags]
     intx CICompilerCount                          = 12                                        {product} {ergonomic}
     uint ConcGCThreads                            = 3                                         {product} {ergonomic}
     uint G1ConcRefinementThreads                  = 13                                        {product} {ergonomic}
   size_t G1HeapRegionSize                         = 2097152                                   {product} {ergonomic}
    uintx GCDrainStackTargetSize                   = 64                                        {product} {ergonomic}
   size_t InitialHeapSize                          = 264241152                                 {product} {ergonomic}
   size_t MarkStackSize                            = 4194304                                   {product} {ergonomic}
   size_t MaxHeapSize                              = 4196401152                                {product} {ergonomic}
   size_t MaxNewSize                               = 2516582400                                {product} {ergonomic}
   size_t MinHeapDeltaBytes                        = 2097152                                   {product} {ergonomic}
   size_t MinHeapSize                              = 8388608                                   {product} {ergonomic}
    uintx NonNMethodCodeHeapSize                   = 7602480                                {pd product} {ergonomic}
    uintx NonProfiledCodeHeapSize                  = 122027880                              {pd product} {ergonomic}
    uintx ProfiledCodeHeapSize                     = 122027880                              {pd product} {ergonomic}
    uintx ReservedCodeCacheSize                    = 251658240                              {pd product} {ergonomic}
     bool SegmentedCodeCache                       = true                                      {product} {ergonomic}
   size_t SoftMaxHeapSize                          = 4196401152                             {manageable} {ergonomic}
     bool UseCompressedClassPointers               = true                           {product lp64_product} {ergonomic}
     bool UseCompressedOops                        = true                           {product lp64_product} {ergonomic}
     bool UseG1GC                                  = true                                      {product} {ergonomic}
     bool UseLargePagesIndividualAllocation        = false                                  {pd product} {ergonomic}

Logging:
Log output configuration:
 #0: stdout all=warning uptime,level,tags foldmultilines=false
 #1: stderr all=off uptime,level,tags foldmultilines=false

Environment Variables:
JAVA_HOME=C:\Program Files\Java\jdk-19
PATH=C:\Program Files\Common Files\Oracle\Java\javapath;C:\Windows\system32;C:\Windows;C:\Windows\System32\Wbem;C:\Windows\System32\WindowsPowerShell\v1.0\;C:\Windows\System32\OpenSSH\;C:\Program Files (x86)\NVIDIA Corporation\PhysX\Common;C:\Program Files\NVIDIA Corporation\NVIDIA NvDLISR;C:\Program Files (x86)\dotnet\;C:\WINDOWS\system32;C:\WINDOWS;C:\WINDOWS\System32\Wbem;C:\WINDOWS\System32\WindowsPowerShell\v1.0\;C:\WINDOWS\System32\OpenSSH\;C:\Program Files\Java\jdk-19\bin;C:\Program Files\Git\cmd;C:\Users\99293\AppData\Local\Programs\Python\Python311\Scripts\;C:\Users\99293\AppData\Local\Programs\Python\Python311\;C:\Users\99293\AppData\Local\Microsoft\WindowsApps;;C:\Program Files\JetBrains\IntelliJ IDEA 2022.1.2\bin;;C:\Program Files\heroku\bin
USERNAME=ASUS
OS=Windows_NT
PROCESSOR_IDENTIFIER=Intel64 Family 6 Model 154 Stepping 3, GenuineIntel
TMP=C:\Users\99293\AppData\Local\Temp
TEMP=C:\Users\99293\AppData\Local\Temp



---------------  S Y S T E M  ---------------

OS:
 Windows 11 , 64 bit Build 22621 (10.0.22621.4391)
OS uptime: 0 days 22:42 hours
Hyper-V role detected

CPU: total 16 (initial active 16) (8 cores per cpu, 2 threads per core) family 6 model 154 stepping 3 microcode 0x429, cx8, cmov, fxsr, ht, mmx, 3dnowpref, sse, sse2, sse3, ssse3, sse4.1, sse4.2, popcnt, lzcnt, tsc, tscinvbit, avx, avx2, aes, erms, clmul, bmi1, bmi2, adx, sha, fma, vzeroupper, clflush, clflushopt, clwb, hv, serialize, rdtscp, rdpid, fsrm

Memory: 4k page, system-wide physical 16004M (1558M free)
TotalPageFile size 18052M (AvailPageFile size 5M)
current process WorkingSet (physical memory assigned to process): 58M, peak: 58M
current process commit charge ("private bytes"): 360M, peak: 360M

vm_info: Java HotSpot(TM) 64-Bit Server VM (19.0.2+7-44) for windows-amd64 JRE (19.0.2+7-44), built on 2022-11-30T18:02:09Z by "mach5one" with MS VC++ 17.1 (VS2022)

END.
