#
# There is insufficient memory for the Java Runtime Environment to continue.
# Native memory allocation (mmap) failed to map 264241152 bytes for G1 virtual space
# Possible reasons:
#   The system is out of physical RAM or swap space
#   The process is running with CompressedOops enabled, and the Java Heap may be blocking the growth of the native heap
# Possible solutions:
#   Reduce memory load on the system
#   Increase physical memory or swap space
#   Check if swap backing store is full
#   Decrease Java heap size (-Xmx/-Xms)
#   Decrease number of Java threads
#   Decrease Java thread stack sizes (-Xss)
#   Set larger code cache with -XX:ReservedCodeCacheSize=
#   JVM is running with Zero Based Compressed Oops mode in which the Java heap is
#     placed in the first 32GB address space. The Java Heap base address is the
#     maximum limit for the native heap growth. Please use -XX:HeapBaseMinAddress
#     to set the Java Heap base and to place the Java Heap above 32GB virtual address.
# This output file may be truncated or incomplete.
#
#  Out of Memory Error (os_windows.cpp:3536), pid=6868, tid=15332
#
# JRE version:  (19.0.2+7) (build )
# Java VM: Java HotSpot(TM) 64-Bit Server VM (19.0.2+7-44, mixed mode, sharing, tiered, compressed oops, compressed class ptrs, g1 gc, windows-amd64)
# No core dump will be written. Minidumps are not enabled by default on client versions of Windows
#

---------------  S U M M A R Y ------------

Command Line: -Dmaven.multiModuleProjectDirectory=D:\unitedStates original storage\unitedStates duplicates original storage -Dmaven.home=C:\Users\99293\.m2\wrapper\dists\apache-maven-3.8.6-bin\1ks0nkde5v1pk9vtc31i9d0lcd\apache-maven-3.8.6 -Dclassworlds.conf=C:\Users\99293\.m2\wrapper\dists\apache-maven-3.8.6-bin\1ks0nkde5v1pk9vtc31i9d0lcd\apache-maven-3.8.6\bin\m2.conf -Dmaven.ext.class.path=C:\Program Files\JetBrains\IntelliJ IDEA 2022.1.2\plugins\maven\lib\maven-event-listener.jar -javaagent:C:\Program Files\JetBrains\IntelliJ IDEA 2022.1.2\lib\idea_rt.jar=62393:C:\Program Files\JetBrains\IntelliJ IDEA 2022.1.2\bin -Dfile.encoding=UTF-8 org.codehaus.classworlds.Launcher -Didea.version=2022.1.2 package

Host: 12th Gen Intel(R) Core(TM) i7-12650H, 16 cores, 15G,  Windows 11 , 64 bit Build 22621 (10.0.22621.3235)
Time: Sat Mar 30 17:38:38 2024  Windows 11 , 64 bit Build 22621 (10.0.22621.3235) elapsed time: 0.016475 seconds (0d 0h 0m 0s)

---------------  T H R E A D  ---------------

Current thread (0x000001175459cb00):  JavaThread "Unknown thread" [_thread_in_vm, id=15332, stack(0x0000000ab4a00000,0x0000000ab4b00000)]

Stack: [0x0000000ab4a00000,0x0000000ab4b00000]
Native frames: (J=compiled Java code, j=interpreted, Vv=VM code, C=native code)
V  [jvm.dll+0x6ee21a]
V  [jvm.dll+0x85765e]
V  [jvm.dll+0x85904e]
V  [jvm.dll+0x859703]
V  [jvm.dll+0x28298f]
V  [jvm.dll+0x6eb009]
V  [jvm.dll+0x6dfbaa]
V  [jvm.dll+0x3573f6]
V  [jvm.dll+0x35ee56]
V  [jvm.dll+0x3b541e]
V  [jvm.dll+0x3b564f]
V  [jvm.dll+0x32c9ea]
V  [jvm.dll+0x32d89e]
V  [jvm.dll+0x821780]
V  [jvm.dll+0x3c2661]
V  [jvm.dll+0x801f51]
V  [jvm.dll+0x44ae8f]
V  [jvm.dll+0x44c811]
C  [jli.dll+0x5287]
C  [ucrtbase.dll+0x29363]
C  [KERNEL32.DLL+0x1257d]
C  [ntdll.dll+0x5aa58]


---------------  P R O C E S S  ---------------

Threads class SMR info:
_java_thread_list=0x00007ffaae94d048, length=0, elements={
}

Java Threads: ( => current thread )

Other Threads:
  0x000001175460f6c0 WorkerThread "GC Thread#0" [stack: 0x0000000ab4b00000,0x0000000ab4c00000] [id=14468]
  0x00000117546201d0 ConcurrentGCThread "G1 Main Marker" [stack: 0x0000000ab4c00000,0x0000000ab4d00000] [id=11576]
  0x0000011754620c00 WorkerThread "G1 Conc#0" [stack: 0x0000000ab4d00000,0x0000000ab4e00000] [id=17748]

[error occurred during error reporting (printing all threads), id 0xc0000005, EXCEPTION_ACCESS_VIOLATION (0xc0000005) at pc=0x00007ffaae10d427]

VM state: not at safepoint (not fully initialized)

VM Mutex/Monitor currently owned by a thread:  ([mutex/lock_event])
[0x000001175459a0f0] Heap_lock - owner thread: 0x000001175459cb00

Heap address: 0x0000000705e00000, size: 4002 MB, Compressed Oops mode: Zero based, Oop shift amount: 3

CDS archive(s) mapped at: [0x0000000000000000-0x0000000000000000-0x0000000000000000), size 0, SharedBaseAddress: 0x0000000800000000, ArchiveRelocationMode: 0.
Narrow klass base: 0x0000000000000000, Narrow klass shift: 0, Narrow klass range: 0x0

GC Precious Log:
 CardTable entry size: 512
 Card Set container configuration: InlinePtr #cards 4 size 8 Array Of Cards #cards 16 size 48 Howl #buckets 8 coarsen threshold 3686 Howl Bitmap #cards 512 size 80 coarsen threshold 460 Card regions per heap region 1 cards per card region 4096

Heap:
 garbage-first heap   total 0K, used 0K [0x0000000705e00000, 0x0000000800000000)
  region size 2048K, 0 young (0K), 0 survivors (0K)

[error occurred during error reporting (printing heap information), id 0xc0000005, EXCEPTION_ACCESS_VIOLATION (0xc0000005) at pc=0x00007ffaae516649]

GC Heap History (0 events):
No events

Dll operation events (1 events):
Event: 0.009 Loaded shared library C:\Program Files\Java\jdk-19\bin\java.dll

Deoptimization events (0 events):
No events

Classes loaded (0 events):
No events

Classes unloaded (0 events):
No events

Classes redefined (0 events):
No events

Internal exceptions (0 events):
No events

VM Operations (0 events):
No events

Events (0 events):
No events


Dynamic libraries:
0x00007ff757d40000 - 0x00007ff757d50000 	C:\Program Files\Java\jdk-19\bin\java.exe
0x00007ffb2ea70000 - 0x00007ffb2ec86000 	C:\WINDOWS\SYSTEM32\ntdll.dll
0x00007ffb2c960000 - 0x00007ffb2ca24000 	C:\WINDOWS\System32\KERNEL32.DLL
0x00007ffb2c180000 - 0x00007ffb2c526000 	C:\WINDOWS\System32\KERNELBASE.dll
0x00007ffb2be90000 - 0x00007ffb2bfa1000 	C:\WINDOWS\System32\ucrtbase.dll
0x00007ffb17280000 - 0x00007ffb1729b000 	C:\Program Files\Java\jdk-19\bin\VCRUNTIME140.dll
0x00007ffb172d0000 - 0x00007ffb172e8000 	C:\Program Files\Java\jdk-19\bin\jli.dll
0x00007ffb2d840000 - 0x00007ffb2d8f2000 	C:\WINDOWS\System32\ADVAPI32.dll
0x00007ffb2e950000 - 0x00007ffb2e9f7000 	C:\WINDOWS\System32\msvcrt.dll
0x00007ffb2c8b0000 - 0x00007ffb2c958000 	C:\WINDOWS\System32\sechost.dll
0x00007ffb2c530000 - 0x00007ffb2c558000 	C:\WINDOWS\System32\bcrypt.dll
0x00007ffb2c790000 - 0x00007ffb2c8a5000 	C:\WINDOWS\System32\RPCRT4.dll
0x00007ffb2d4f0000 - 0x00007ffb2d69d000 	C:\WINDOWS\System32\USER32.dll
0x00007ffb0c710000 - 0x00007ffb0c9a3000 	C:\WINDOWS\WinSxS\amd64_microsoft.windows.common-controls_6595b64144ccf1df_6.0.22621.3235_none_270f74e173860f98\COMCTL32.dll
0x00007ffb2c150000 - 0x00007ffb2c176000 	C:\WINDOWS\System32\win32u.dll
0x00007ffb2d900000 - 0x00007ffb2d929000 	C:\WINDOWS\System32\GDI32.dll
0x00007ffb2c030000 - 0x00007ffb2c148000 	C:\WINDOWS\System32\gdi32full.dll
0x00007ffb2bdf0000 - 0x00007ffb2be8a000 	C:\WINDOWS\System32\msvcp_win.dll
0x00007ffb22fc0000 - 0x00007ffb22fca000 	C:\WINDOWS\SYSTEM32\VERSION.dll
0x00007ffb2ca30000 - 0x00007ffb2ca61000 	C:\WINDOWS\System32\IMM32.DLL
0x00007ffb26e30000 - 0x00007ffb26e3c000 	C:\Program Files\Java\jdk-19\bin\vcruntime140_1.dll
0x00007ffaf81b0000 - 0x00007ffaf823e000 	C:\Program Files\Java\jdk-19\bin\msvcp140.dll
0x00007ffaaddd0000 - 0x00007ffaaea90000 	C:\Program Files\Java\jdk-19\bin\server\jvm.dll
0x00007ffb26d90000 - 0x00007ffb26d99000 	C:\WINDOWS\SYSTEM32\WSOCK32.dll
0x00007ffb23af0000 - 0x00007ffb23b24000 	C:\WINDOWS\SYSTEM32\WINMM.dll
0x00007ffb2e770000 - 0x00007ffb2e7e1000 	C:\WINDOWS\System32\WS2_32.dll
0x00007ffb2aeb0000 - 0x00007ffb2aec8000 	C:\WINDOWS\SYSTEM32\kernel.appcore.dll
0x00007ffb26d50000 - 0x00007ffb26d5a000 	C:\Program Files\Java\jdk-19\bin\jimage.dll
0x00007ffb295c0000 - 0x00007ffb297f3000 	C:\WINDOWS\SYSTEM32\DBGHELP.DLL
0x00007ffb2e3c0000 - 0x00007ffb2e748000 	C:\WINDOWS\System32\combase.dll
0x00007ffb2d410000 - 0x00007ffb2d4e7000 	C:\WINDOWS\System32\OLEAUT32.dll
0x00007ffb22c90000 - 0x00007ffb22cc2000 	C:\WINDOWS\SYSTEM32\dbgcore.DLL
0x00007ffb2bfb0000 - 0x00007ffb2c02a000 	C:\WINDOWS\System32\bcryptPrimitives.dll
0x00007ffb26ef0000 - 0x00007ffb26efe000 	C:\Program Files\Java\jdk-19\bin\instrument.dll
0x00007ffb16930000 - 0x00007ffb16956000 	C:\Program Files\Java\jdk-19\bin\java.dll

dbghelp: loaded successfully - version: 4.0.5 - missing functions: none
symbol engine: initialized successfully - sym options: 0x614 - pdb path: .;C:\Program Files\Java\jdk-19\bin;C:\WINDOWS\SYSTEM32;C:\WINDOWS\WinSxS\amd64_microsoft.windows.common-controls_6595b64144ccf1df_6.0.22621.3235_none_270f74e173860f98;C:\Program Files\Java\jdk-19\bin\server

VM Arguments:
jvm_args: -Dmaven.multiModuleProjectDirectory=D:\unitedStates original storage\unitedStates duplicates original storage -Dmaven.home=C:\Users\99293\.m2\wrapper\dists\apache-maven-3.8.6-bin\1ks0nkde5v1pk9vtc31i9d0lcd\apache-maven-3.8.6 -Dclassworlds.conf=C:\Users\99293\.m2\wrapper\dists\apache-maven-3.8.6-bin\1ks0nkde5v1pk9vtc31i9d0lcd\apache-maven-3.8.6\bin\m2.conf -Dmaven.ext.class.path=C:\Program Files\JetBrains\IntelliJ IDEA 2022.1.2\plugins\maven\lib\maven-event-listener.jar -javaagent:C:\Program Files\JetBrains\IntelliJ IDEA 2022.1.2\lib\idea_rt.jar=62393:C:\Program Files\JetBrains\IntelliJ IDEA 2022.1.2\bin -Dfile.encoding=UTF-8 
java_command: org.codehaus.classworlds.Launcher -Didea.version=2022.1.2 package
java_class_path (initial): C:\Users\99293\.m2\wrapper\dists\apache-maven-3.8.6-bin\1ks0nkde5v1pk9vtc31i9d0lcd\apache-maven-3.8.6\boot\plexus-classworlds-2.6.0.jar;C:\Users\99293\.m2\wrapper\dists\apache-maven-3.8.6-bin\1ks0nkde5v1pk9vtc31i9d0lcd\apache-maven-3.8.6\boot\plexus-classworlds.license
Launcher Type: SUN_STANDARD

[Global flags]
     intx CICompilerCount                          = 12                                        {product} {ergonomic}
     uint ConcGCThreads                            = 3                                         {product} {ergonomic}
     uint G1ConcRefinementThreads                  = 13                                        {product} {ergonomic}
   size_t G1HeapRegionSize                         = 2097152                                   {product} {ergonomic}
    uintx GCDrainStackTargetSize                   = 64                                        {product} {ergonomic}
   size_t InitialHeapSize                          = 264241152                                 {product} {ergonomic}
   size_t MarkStackSize                            = 4194304                                   {product} {ergonomic}
   size_t MaxHeapSize                              = 4196401152                                {product} {ergonomic}
   size_t MinHeapDeltaBytes                        = 2097152                                   {product} {ergonomic}
   size_t MinHeapSize                              = 8388608                                   {product} {ergonomic}
    uintx NonNMethodCodeHeapSize                   = 7602480                                {pd product} {ergonomic}
    uintx NonProfiledCodeHeapSize                  = 122027880                              {pd product} {ergonomic}
    uintx ProfiledCodeHeapSize                     = 122027880                              {pd product} {ergonomic}
    uintx ReservedCodeCacheSize                    = 251658240                              {pd product} {ergonomic}
     bool SegmentedCodeCache                       = true                                      {product} {ergonomic}
   size_t SoftMaxHeapSize                          = 4196401152                             {manageable} {ergonomic}
     bool UseCompressedClassPointers               = true                           {product lp64_product} {ergonomic}
     bool UseCompressedOops                        = true                           {product lp64_product} {ergonomic}
     bool UseG1GC                                  = true                                      {product} {ergonomic}
     bool UseLargePagesIndividualAllocation        = false                                  {pd product} {ergonomic}

Logging:
Log output configuration:
 #0: stdout all=warning uptime,level,tags foldmultilines=false
 #1: stderr all=off uptime,level,tags foldmultilines=false

Environment Variables:
PATH=C:\Program Files\Common Files\Oracle\Java\javapath;C:\Windows\system32;C:\Windows;C:\Windows\System32\Wbem;C:\Windows\System32\WindowsPowerShell\v1.0\;C:\Windows\System32\OpenSSH\;C:\Program Files (x86)\NVIDIA Corporation\PhysX\Common;C:\Program Files\NVIDIA Corporation\NVIDIA NvDLISR;C:\Program Files\Git\cmd;C:\Program Files (x86)\dotnet\;%SystemRoot%\system32;%SystemRoot%;%SystemRoot%\System32\Wbem;%SYSTEMROOT%\System32\WindowsPowerShell\v1.0\;%SYSTEMROOT%\System32\OpenSSH\;C:\Users\99293\AppData\Local\Programs\Python\Python311\Scripts\;C:\Users\99293\AppData\Local\Programs\Python\Python311\;C:\Users\99293\AppData\Local\Microsoft\WindowsApps;;C:\Program Files\JetBrains\IntelliJ IDEA 2022.1.2\bin;;C:\Program Files\heroku\bin
USERNAME=ASUS
OS=Windows_NT
PROCESSOR_IDENTIFIER=Intel64 Family 6 Model 154 Stepping 3, GenuineIntel
TMP=C:\Users\99293\AppData\Local\Temp
TEMP=C:\Users\99293\AppData\Local\Temp



---------------  S Y S T E M  ---------------

OS:
 Windows 11 , 64 bit Build 22621 (10.0.22621.3235)
OS uptime: 0 days 20:39 hours
Hyper-V role detected

CPU: total 16 (initial active 16) (8 cores per cpu, 2 threads per core) family 6 model 154 stepping 3 microcode 0x41c, cx8, cmov, fxsr, ht, mmx, 3dnowpref, sse, sse2, sse3, ssse3, sse4.1, sse4.2, popcnt, lzcnt, tsc, tscinvbit, avx, avx2, aes, erms, clmul, bmi1, bmi2, adx, sha, fma, vzeroupper, clflush, clflushopt, clwb, hv, serialize, rdtscp, rdpid, fsrm

Memory: 4k page, system-wide physical 16005M (2932M free)
TotalPageFile size 17958M (AvailPageFile size 150M)
current process WorkingSet (physical memory assigned to process): 11M, peak: 11M
current process commit charge ("private bytes"): 71M, peak: 322M

vm_info: Java HotSpot(TM) 64-Bit Server VM (19.0.2+7-44) for windows-amd64 JRE (19.0.2+7-44), built on 2022-11-30T18:02:09Z by "mach5one" with MS VC++ 17.1 (VS2022)

END.
