#
# There is insufficient memory for the Java Runtime Environment to continue.
# Native memory allocation (mmap) failed to map 65536 bytes for Failed to commit metaspace.
# Possible reasons:
#   The system is out of physical RAM or swap space
#   The process is running with CompressedOops enabled, and the Java Heap may be blocking the growth of the native heap
# Possible solutions:
#   Reduce memory load on the system
#   Increase physical memory or swap space
#   Check if swap backing store is full
#   Decrease Java heap size (-Xmx/-Xms)
#   Decrease number of Java threads
#   Decrease Java thread stack sizes (-Xss)
#   Set larger code cache with -XX:ReservedCodeCacheSize=
#   JVM is running with Zero Based Compressed Oops mode in which the Java heap is
#     placed in the first 32GB address space. The Java Heap base address is the
#     maximum limit for the native heap growth. Please use -XX:HeapBaseMinAddress
#     to set the Java Heap base and to place the Java Heap above 32GB virtual address.
# This output file may be truncated or incomplete.
#
#  Out of Memory Error (virtualSpaceNode.cpp:110), pid=16488, tid=26412
#
# JRE version: Java(TM) SE Runtime Environment (19.0.2+7) (build 19.0.2+7-44)
# Java VM: Java HotSpot(TM) 64-Bit Server VM (19.0.2+7-44, mixed mode, sharing, tiered, compressed oops, compressed class ptrs, g1 gc, windows-amd64)
# No core dump will be written. Minidumps are not enabled by default on client versions of Windows
#

---------------  S U M M A R Y ------------

Command Line: -Dmaven.multiModuleProjectDirectory=D:\unitedStates_storage-master\unitedStates_storage -Dmaven.home=C:\Users\99293\.m2\wrapper\dists\apache-maven-3.8.6-bin\1ks0nkde5v1pk9vtc31i9d0lcd\apache-maven-3.8.6 -Dclassworlds.conf=C:\Users\99293\.m2\wrapper\dists\apache-maven-3.8.6-bin\1ks0nkde5v1pk9vtc31i9d0lcd\apache-maven-3.8.6\bin\m2.conf -Dmaven.ext.class.path=C:\Program Files\JetBrains\IntelliJ IDEA 2022.1.2\plugins\maven\lib\maven-event-listener.jar -javaagent:C:\Program Files\JetBrains\IntelliJ IDEA 2022.1.2\lib\idea_rt.jar=55932:C:\Program Files\JetBrains\IntelliJ IDEA 2022.1.2\bin -Dfile.encoding=UTF-8 org.codehaus.classworlds.Launcher -Didea.version=2022.1.2 clean

Host: 12th Gen Intel(R) Core(TM) i7-12650H, 16 cores, 15G,  Windows 11 , 64 bit Build 22621 (10.0.22621.3672)
Time: Sun Aug  4 01:10:35 2024  Windows 11 , 64 bit Build 22621 (10.0.22621.3672) elapsed time: 0.171415 seconds (0d 0h 0m 0s)

---------------  T H R E A D  ---------------

Current thread (0x000001c38f750430):  JavaThread "main" [_thread_in_vm, id=26412, stack(0x0000006927000000,0x0000006927100000)]

Stack: [0x0000006927000000,0x0000006927100000]
Native frames: (J=compiled Java code, j=interpreted, Vv=VM code, C=native code)
V  [jvm.dll+0x6ee21a]
V  [jvm.dll+0x85765e]
V  [jvm.dll+0x85904e]
V  [jvm.dll+0x859703]
V  [jvm.dll+0x28298f]
V  [jvm.dll+0x8532db]
V  [jvm.dll+0x692cb6]
V  [jvm.dll+0x1f2937]
V  [jvm.dll+0x6956f2]
V  [jvm.dll+0x6954de]
V  [jvm.dll+0x6936de]
V  [jvm.dll+0x26e12f]
V  [jvm.dll+0x69dcc5]
V  [jvm.dll+0x21e072]
V  [jvm.dll+0x21e5a5]
V  [jvm.dll+0x21ef01]
V  [jvm.dll+0x2146a1]
V  [jvm.dll+0x5a9cb6]
V  [jvm.dll+0x7cd423]
V  [jvm.dll+0x7cd504]
V  [jvm.dll+0x46ac34]
V  [jvm.dll+0x47021f]
C  [java.dll+0x17ec]

Java frames: (J=compiled Java code, j=interpreted, Vv=VM code)
j  java.lang.ClassLoader.defineClass1(Ljava/lang/ClassLoader;Ljava/lang/String;[BIILjava/security/ProtectionDomain;Ljava/lang/String;)Ljava/lang/Class;+0 java.base@19.0.2
j  java.lang.ClassLoader.defineClass(Ljava/lang/String;[BIILjava/security/ProtectionDomain;)Ljava/lang/Class;+27 java.base@19.0.2
j  java.security.SecureClassLoader.defineClass(Ljava/lang/String;[BIILjava/security/CodeSource;)Ljava/lang/Class;+12 java.base@19.0.2
j  java.net.URLClassLoader.defineClass(Ljava/lang/String;Ljdk/internal/loader/Resource;)Ljava/lang/Class;+220 java.base@19.0.2
j  java.net.URLClassLoader$1.run()Ljava/lang/Class;+43 java.base@19.0.2
j  java.net.URLClassLoader$1.run()Ljava/lang/Object;+1 java.base@19.0.2
j  java.security.AccessController.executePrivileged(Ljava/security/PrivilegedExceptionAction;Ljava/security/AccessControlContext;Ljava/lang/Class;)Ljava/lang/Object;+29 java.base@19.0.2
j  java.security.AccessController.doPrivileged(Ljava/security/PrivilegedExceptionAction;Ljava/security/AccessControlContext;)Ljava/lang/Object;+13 java.base@19.0.2
j  java.net.URLClassLoader.findClass(Ljava/lang/String;)Ljava/lang/Class;+13 java.base@19.0.2
j  org.codehaus.plexus.classworlds.realm.ClassRealm.loadClassFromSelf(Ljava/lang/String;)Ljava/lang/Class;+20
j  org.codehaus.plexus.classworlds.strategy.SelfFirstStrategy.loadClass(Ljava/lang/String;)Ljava/lang/Class;+18
j  org.codehaus.plexus.classworlds.realm.ClassRealm.unsynchronizedLoadClass(Ljava/lang/String;Z)Ljava/lang/Class;+13
j  org.codehaus.plexus.classworlds.realm.ClassRealm.loadClass(Ljava/lang/String;Z)Ljava/lang/Class;+9
j  org.codehaus.plexus.classworlds.realm.ClassRealm.loadClass(Ljava/lang/String;)Ljava/lang/Class;+3
v  ~StubRoutines::call_stub 0x000001c39eb0100e
j  org.apache.maven.cli.CLIReportingUtils.createMavenVersionString(Ljava/util/Properties;)Ljava/lang/String;+154
j  org.apache.maven.cli.MavenCli.populateProperties(Lorg/apache/commons/cli/CommandLine;Ljava/util/Properties;Ljava/util/Properties;)V+89
j  org.apache.maven.cli.MavenCli.properties(Lorg/apache/maven/cli/CliRequest;)V+12
j  org.apache.maven.cli.MavenCli.doMain(Lorg/apache/maven/cli/CliRequest;)I+14
j  org.apache.maven.cli.MavenCli.main([Ljava/lang/String;Lorg/codehaus/plexus/classworlds/ClassWorld;)I+24
j  java.lang.invoke.DirectMethodHandle$Holder.invokeStatic(Ljava/lang/Object;Ljava/lang/Object;Ljava/lang/Object;)I+11 java.base@19.0.2
j  java.lang.invoke.LambdaForm$MH+0x000000080100b000.invoke(Ljava/lang/Object;Ljava/lang/Object;Ljava/lang/Object;Ljava/lang/Object;)Ljava/lang/Object;+54 java.base@19.0.2
j  java.lang.invoke.LambdaForm$MH+0x0000000801002800.invokeExact_MT(Ljava/lang/Object;Ljava/lang/Object;Ljava/lang/Object;Ljava/lang/Object;Ljava/lang/Object;)Ljava/lang/Object;+22 java.base@19.0.2
j  jdk.internal.reflect.DirectMethodHandleAccessor.invokeImpl(Ljava/lang/Object;[Ljava/lang/Object;)Ljava/lang/Object;+72 java.base@19.0.2
j  jdk.internal.reflect.DirectMethodHandleAccessor.invoke(Ljava/lang/Object;[Ljava/lang/Object;)Ljava/lang/Object;+23 java.base@19.0.2
j  java.lang.reflect.Method.invoke(Ljava/lang/Object;[Ljava/lang/Object;)Ljava/lang/Object;+102 java.base@19.0.2
j  org.codehaus.plexus.classworlds.launcher.Launcher.launchEnhanced([Ljava/lang/String;)V+45
j  org.codehaus.plexus.classworlds.launcher.Launcher.launch([Ljava/lang/String;)V+2
j  org.codehaus.plexus.classworlds.launcher.Launcher.mainWithExitCode([Ljava/lang/String;)I+101
j  org.codehaus.plexus.classworlds.launcher.Launcher.main([Ljava/lang/String;)V+1
j  org.codehaus.classworlds.Launcher.main([Ljava/lang/String;)V+1
v  ~StubRoutines::call_stub 0x000001c39eb0100e

---------------  P R O C E S S  ---------------

Threads class SMR info:
_java_thread_list=0x000001c3b7736030, length=14, elements={
0x000001c38f750430, 0x000001c3b2a28f10, 0x000001c3b2a29d00, 0x000001c3b2a2aaf0,
0x000001c3b2a2e640, 0x000001c3b2a32090, 0x000001c3b2a329c0, 0x000001c3b2a33e40,
0x000001c3b2a36bd0, 0x000001c3b2a3d5b0, 0x000001c3b75a9dd0, 0x000001c3b766bad0,
0x000001c3b76f9a20, 0x000001c3b76ff480
}

Java Threads: ( => current thread )
=>0x000001c38f750430 JavaThread "main" [_thread_in_vm, id=26412, stack(0x0000006927000000,0x0000006927100000)]
  0x000001c3b2a28f10 JavaThread "Reference Handler" daemon [_thread_blocked, id=12892, stack(0x0000006927700000,0x0000006927800000)]
  0x000001c3b2a29d00 JavaThread "Finalizer" daemon [_thread_blocked, id=16072, stack(0x0000006927800000,0x0000006927900000)]
  0x000001c3b2a2aaf0 JavaThread "Signal Dispatcher" daemon [_thread_blocked, id=2024, stack(0x0000006927900000,0x0000006927a00000)]
  0x000001c3b2a2e640 JavaThread "Attach Listener" daemon [_thread_blocked, id=23892, stack(0x0000006927a00000,0x0000006927b00000)]
  0x000001c3b2a32090 JavaThread "Service Thread" daemon [_thread_blocked, id=23992, stack(0x0000006927b00000,0x0000006927c00000)]
  0x000001c3b2a329c0 JavaThread "Monitor Deflation Thread" daemon [_thread_blocked, id=9092, stack(0x0000006927c00000,0x0000006927d00000)]
  0x000001c3b2a33e40 JavaThread "C2 CompilerThread0" daemon [_thread_blocked, id=4468, stack(0x0000006927d00000,0x0000006927e00000)]
  0x000001c3b2a36bd0 JavaThread "C1 CompilerThread0" daemon [_thread_blocked, id=17872, stack(0x0000006927e00000,0x0000006927f00000)]
  0x000001c3b2a3d5b0 JavaThread "Sweeper thread" daemon [_thread_blocked, id=14808, stack(0x0000006927f00000,0x0000006928000000)]
  0x000001c3b75a9dd0 JavaThread "C1 CompilerThread1" daemon [_thread_blocked, id=14936, stack(0x0000006928000000,0x0000006928100000)]
  0x000001c3b766bad0 JavaThread "Common-Cleaner" daemon [_thread_blocked, id=14616, stack(0x0000006928100000,0x0000006928200000)]
  0x000001c3b76f9a20 JavaThread "Monitor Ctrl-Break" daemon [_thread_in_native, id=15076, stack(0x0000006928200000,0x0000006928300000)]
  0x000001c3b76ff480 JavaThread "Notification Thread" daemon [_thread_blocked, id=26472, stack(0x0000006928300000,0x0000006928400000)]

Other Threads:
  0x000001c3b2a10ec0 VMThread "VM Thread" [stack: 0x0000006927600000,0x0000006927700000] [id=17440]
  0x000001c3b7702a70 WatcherThread "VM Periodic Task Thread" [stack: 0x0000006928400000,0x0000006928500000] [id=20140]
  0x000001c38f7c2e00 WorkerThread "GC Thread#0" [stack: 0x0000006927100000,0x0000006927200000] [id=26500]
  0x000001c38f7d3770 ConcurrentGCThread "G1 Main Marker" [stack: 0x0000006927200000,0x0000006927300000] [id=19028]
  0x000001c38f7d41a0 WorkerThread "G1 Conc#0" [stack: 0x0000006927300000,0x0000006927400000] [id=16056]
  0x000001c3b28cc420 ConcurrentGCThread "G1 Refine#0" [stack: 0x0000006927400000,0x0000006927500000] [id=10004]
  0x000001c3b28ccd70 ConcurrentGCThread "G1 Service" [stack: 0x0000006927500000,0x0000006927600000] [id=13268]

Threads with active compile tasks:

VM state: not at safepoint (normal execution)

VM Mutex/Monitor currently owned by a thread:  ([mutex/lock_event])
[0x000001c38f748dd0] Metaspace_lock - owner thread: 0x000001c38f750430

Heap address: 0x0000000705e00000, size: 4002 MB, Compressed Oops mode: Zero based, Oop shift amount: 3

CDS archive(s) mapped at: [0x0000000800000000-0x0000000800c40000-0x0000000800c40000), size 12845056, SharedBaseAddress: 0x0000000800000000, ArchiveRelocationMode: 0.
Compressed class space mapped at: 0x0000000801000000-0x0000000841000000, reserved size: 1073741824
Narrow klass base: 0x0000000800000000, Narrow klass shift: 0, Narrow klass range: 0x100000000

GC Precious Log:
 CardTable entry size: 512
 Card Set container configuration: InlinePtr #cards 4 size 8 Array Of Cards #cards 16 size 48 Howl #buckets 8 coarsen threshold 3686 Howl Bitmap #cards 512 size 80 coarsen threshold 460 Card regions per heap region 1 cards per card region 4096
 CPUs: 16 total, 16 available
 Memory: 16005M
 Large Page Support: Disabled
 NUMA Support: Disabled
 Compressed Oops: Enabled (Zero based)
 Heap Region Size: 2M
 Heap Min Capacity: 8M
 Heap Initial Capacity: 252M
 Heap Max Capacity: 4002M
 Pre-touch: Disabled
 Parallel Workers: 13
 Concurrent Workers: 3
 Concurrent Refinement Workers: 13
 Periodic GC: Disabled

Heap:
 garbage-first heap   total 258048K, used 8192K [0x0000000705e00000, 0x0000000800000000)
  region size 2048K, 5 young (10240K), 0 survivors (0K)
 Metaspace       used 1851K, committed 1984K, reserved 1114112K
  class space    used 152K, committed 256K, reserved 1048576K

Heap Regions: E=young(eden), S=young(survivor), O=old, HS=humongous(starts), HC=humongous(continues), CS=collection set, F=free, OA=open archive, CA=closed archive, TAMS=top-at-mark-start (previous, next)
|   0|0x0000000705e00000, 0x0000000705e00000, 0x0000000706000000|  0%| F|  |TAMS 0x0000000705e00000, 0x0000000705e00000| Untracked 
|   1|0x0000000706000000, 0x0000000706000000, 0x0000000706200000|  0%| F|  |TAMS 0x0000000706000000, 0x0000000706000000| Untracked 
|   2|0x0000000706200000, 0x0000000706200000, 0x0000000706400000|  0%| F|  |TAMS 0x0000000706200000, 0x0000000706200000| Untracked 
|   3|0x0000000706400000, 0x0000000706400000, 0x0000000706600000|  0%| F|  |TAMS 0x0000000706400000, 0x0000000706400000| Untracked 
|   4|0x0000000706600000, 0x0000000706600000, 0x0000000706800000|  0%| F|  |TAMS 0x0000000706600000, 0x0000000706600000| Untracked 
|   5|0x0000000706800000, 0x0000000706800000, 0x0000000706a00000|  0%| F|  |TAMS 0x0000000706800000, 0x0000000706800000| Untracked 
|   6|0x0000000706a00000, 0x0000000706a00000, 0x0000000706c00000|  0%| F|  |TAMS 0x0000000706a00000, 0x0000000706a00000| Untracked 
|   7|0x0000000706c00000, 0x0000000706c00000, 0x0000000706e00000|  0%| F|  |TAMS 0x0000000706c00000, 0x0000000706c00000| Untracked 
|   8|0x0000000706e00000, 0x0000000706e00000, 0x0000000707000000|  0%| F|  |TAMS 0x0000000706e00000, 0x0000000706e00000| Untracked 
|   9|0x0000000707000000, 0x0000000707000000, 0x0000000707200000|  0%| F|  |TAMS 0x0000000707000000, 0x0000000707000000| Untracked 
|  10|0x0000000707200000, 0x0000000707200000, 0x0000000707400000|  0%| F|  |TAMS 0x0000000707200000, 0x0000000707200000| Untracked 
|  11|0x0000000707400000, 0x0000000707400000, 0x0000000707600000|  0%| F|  |TAMS 0x0000000707400000, 0x0000000707400000| Untracked 
|  12|0x0000000707600000, 0x0000000707600000, 0x0000000707800000|  0%| F|  |TAMS 0x0000000707600000, 0x0000000707600000| Untracked 
|  13|0x0000000707800000, 0x0000000707800000, 0x0000000707a00000|  0%| F|  |TAMS 0x0000000707800000, 0x0000000707800000| Untracked 
|  14|0x0000000707a00000, 0x0000000707a00000, 0x0000000707c00000|  0%| F|  |TAMS 0x0000000707a00000, 0x0000000707a00000| Untracked 
|  15|0x0000000707c00000, 0x0000000707c00000, 0x0000000707e00000|  0%| F|  |TAMS 0x0000000707c00000, 0x0000000707c00000| Untracked 
|  16|0x0000000707e00000, 0x0000000707e00000, 0x0000000708000000|  0%| F|  |TAMS 0x0000000707e00000, 0x0000000707e00000| Untracked 
|  17|0x0000000708000000, 0x0000000708000000, 0x0000000708200000|  0%| F|  |TAMS 0x0000000708000000, 0x0000000708000000| Untracked 
|  18|0x0000000708200000, 0x0000000708200000, 0x0000000708400000|  0%| F|  |TAMS 0x0000000708200000, 0x0000000708200000| Untracked 
|  19|0x0000000708400000, 0x0000000708400000, 0x0000000708600000|  0%| F|  |TAMS 0x0000000708400000, 0x0000000708400000| Untracked 
|  20|0x0000000708600000, 0x0000000708600000, 0x0000000708800000|  0%| F|  |TAMS 0x0000000708600000, 0x0000000708600000| Untracked 
|  21|0x0000000708800000, 0x0000000708800000, 0x0000000708a00000|  0%| F|  |TAMS 0x0000000708800000, 0x0000000708800000| Untracked 
|  22|0x0000000708a00000, 0x0000000708a00000, 0x0000000708c00000|  0%| F|  |TAMS 0x0000000708a00000, 0x0000000708a00000| Untracked 
|  23|0x0000000708c00000, 0x0000000708c00000, 0x0000000708e00000|  0%| F|  |TAMS 0x0000000708c00000, 0x0000000708c00000| Untracked 
|  24|0x0000000708e00000, 0x0000000708e00000, 0x0000000709000000|  0%| F|  |TAMS 0x0000000708e00000, 0x0000000708e00000| Untracked 
|  25|0x0000000709000000, 0x0000000709000000, 0x0000000709200000|  0%| F|  |TAMS 0x0000000709000000, 0x0000000709000000| Untracked 
|  26|0x0000000709200000, 0x0000000709200000, 0x0000000709400000|  0%| F|  |TAMS 0x0000000709200000, 0x0000000709200000| Untracked 
|  27|0x0000000709400000, 0x0000000709400000, 0x0000000709600000|  0%| F|  |TAMS 0x0000000709400000, 0x0000000709400000| Untracked 
|  28|0x0000000709600000, 0x0000000709600000, 0x0000000709800000|  0%| F|  |TAMS 0x0000000709600000, 0x0000000709600000| Untracked 
|  29|0x0000000709800000, 0x0000000709800000, 0x0000000709a00000|  0%| F|  |TAMS 0x0000000709800000, 0x0000000709800000| Untracked 
|  30|0x0000000709a00000, 0x0000000709a00000, 0x0000000709c00000|  0%| F|  |TAMS 0x0000000709a00000, 0x0000000709a00000| Untracked 
|  31|0x0000000709c00000, 0x0000000709c00000, 0x0000000709e00000|  0%| F|  |TAMS 0x0000000709c00000, 0x0000000709c00000| Untracked 
|  32|0x0000000709e00000, 0x0000000709e00000, 0x000000070a000000|  0%| F|  |TAMS 0x0000000709e00000, 0x0000000709e00000| Untracked 
|  33|0x000000070a000000, 0x000000070a000000, 0x000000070a200000|  0%| F|  |TAMS 0x000000070a000000, 0x000000070a000000| Untracked 
|  34|0x000000070a200000, 0x000000070a200000, 0x000000070a400000|  0%| F|  |TAMS 0x000000070a200000, 0x000000070a200000| Untracked 
|  35|0x000000070a400000, 0x000000070a400000, 0x000000070a600000|  0%| F|  |TAMS 0x000000070a400000, 0x000000070a400000| Untracked 
|  36|0x000000070a600000, 0x000000070a600000, 0x000000070a800000|  0%| F|  |TAMS 0x000000070a600000, 0x000000070a600000| Untracked 
|  37|0x000000070a800000, 0x000000070a800000, 0x000000070aa00000|  0%| F|  |TAMS 0x000000070a800000, 0x000000070a800000| Untracked 
|  38|0x000000070aa00000, 0x000000070aa00000, 0x000000070ac00000|  0%| F|  |TAMS 0x000000070aa00000, 0x000000070aa00000| Untracked 
|  39|0x000000070ac00000, 0x000000070ac00000, 0x000000070ae00000|  0%| F|  |TAMS 0x000000070ac00000, 0x000000070ac00000| Untracked 
|  40|0x000000070ae00000, 0x000000070ae00000, 0x000000070b000000|  0%| F|  |TAMS 0x000000070ae00000, 0x000000070ae00000| Untracked 
|  41|0x000000070b000000, 0x000000070b000000, 0x000000070b200000|  0%| F|  |TAMS 0x000000070b000000, 0x000000070b000000| Untracked 
|  42|0x000000070b200000, 0x000000070b200000, 0x000000070b400000|  0%| F|  |TAMS 0x000000070b200000, 0x000000070b200000| Untracked 
|  43|0x000000070b400000, 0x000000070b400000, 0x000000070b600000|  0%| F|  |TAMS 0x000000070b400000, 0x000000070b400000| Untracked 
|  44|0x000000070b600000, 0x000000070b600000, 0x000000070b800000|  0%| F|  |TAMS 0x000000070b600000, 0x000000070b600000| Untracked 
|  45|0x000000070b800000, 0x000000070b800000, 0x000000070ba00000|  0%| F|  |TAMS 0x000000070b800000, 0x000000070b800000| Untracked 
|  46|0x000000070ba00000, 0x000000070ba00000, 0x000000070bc00000|  0%| F|  |TAMS 0x000000070ba00000, 0x000000070ba00000| Untracked 
|  47|0x000000070bc00000, 0x000000070bc00000, 0x000000070be00000|  0%| F|  |TAMS 0x000000070bc00000, 0x000000070bc00000| Untracked 
|  48|0x000000070be00000, 0x000000070be00000, 0x000000070c000000|  0%| F|  |TAMS 0x000000070be00000, 0x000000070be00000| Untracked 
|  49|0x000000070c000000, 0x000000070c000000, 0x000000070c200000|  0%| F|  |TAMS 0x000000070c000000, 0x000000070c000000| Untracked 
|  50|0x000000070c200000, 0x000000070c200000, 0x000000070c400000|  0%| F|  |TAMS 0x000000070c200000, 0x000000070c200000| Untracked 
|  51|0x000000070c400000, 0x000000070c400000, 0x000000070c600000|  0%| F|  |TAMS 0x000000070c400000, 0x000000070c400000| Untracked 
|  52|0x000000070c600000, 0x000000070c600000, 0x000000070c800000|  0%| F|  |TAMS 0x000000070c600000, 0x000000070c600000| Untracked 
|  53|0x000000070c800000, 0x000000070c800000, 0x000000070ca00000|  0%| F|  |TAMS 0x000000070c800000, 0x000000070c800000| Untracked 
|  54|0x000000070ca00000, 0x000000070ca00000, 0x000000070cc00000|  0%| F|  |TAMS 0x000000070ca00000, 0x000000070ca00000| Untracked 
|  55|0x000000070cc00000, 0x000000070cc00000, 0x000000070ce00000|  0%| F|  |TAMS 0x000000070cc00000, 0x000000070cc00000| Untracked 
|  56|0x000000070ce00000, 0x000000070ce00000, 0x000000070d000000|  0%| F|  |TAMS 0x000000070ce00000, 0x000000070ce00000| Untracked 
|  57|0x000000070d000000, 0x000000070d000000, 0x000000070d200000|  0%| F|  |TAMS 0x000000070d000000, 0x000000070d000000| Untracked 
|  58|0x000000070d200000, 0x000000070d200000, 0x000000070d400000|  0%| F|  |TAMS 0x000000070d200000, 0x000000070d200000| Untracked 
|  59|0x000000070d400000, 0x000000070d400000, 0x000000070d600000|  0%| F|  |TAMS 0x000000070d400000, 0x000000070d400000| Untracked 
|  60|0x000000070d600000, 0x000000070d600000, 0x000000070d800000|  0%| F|  |TAMS 0x000000070d600000, 0x000000070d600000| Untracked 
|  61|0x000000070d800000, 0x000000070d800000, 0x000000070da00000|  0%| F|  |TAMS 0x000000070d800000, 0x000000070d800000| Untracked 
|  62|0x000000070da00000, 0x000000070da00000, 0x000000070dc00000|  0%| F|  |TAMS 0x000000070da00000, 0x000000070da00000| Untracked 
|  63|0x000000070dc00000, 0x000000070dc00000, 0x000000070de00000|  0%| F|  |TAMS 0x000000070dc00000, 0x000000070dc00000| Untracked 
|  64|0x000000070de00000, 0x000000070de00000, 0x000000070e000000|  0%| F|  |TAMS 0x000000070de00000, 0x000000070de00000| Untracked 
|  65|0x000000070e000000, 0x000000070e000000, 0x000000070e200000|  0%| F|  |TAMS 0x000000070e000000, 0x000000070e000000| Untracked 
|  66|0x000000070e200000, 0x000000070e200000, 0x000000070e400000|  0%| F|  |TAMS 0x000000070e200000, 0x000000070e200000| Untracked 
|  67|0x000000070e400000, 0x000000070e400000, 0x000000070e600000|  0%| F|  |TAMS 0x000000070e400000, 0x000000070e400000| Untracked 
|  68|0x000000070e600000, 0x000000070e600000, 0x000000070e800000|  0%| F|  |TAMS 0x000000070e600000, 0x000000070e600000| Untracked 
|  69|0x000000070e800000, 0x000000070e800000, 0x000000070ea00000|  0%| F|  |TAMS 0x000000070e800000, 0x000000070e800000| Untracked 
|  70|0x000000070ea00000, 0x000000070ea00000, 0x000000070ec00000|  0%| F|  |TAMS 0x000000070ea00000, 0x000000070ea00000| Untracked 
|  71|0x000000070ec00000, 0x000000070ec00000, 0x000000070ee00000|  0%| F|  |TAMS 0x000000070ec00000, 0x000000070ec00000| Untracked 
|  72|0x000000070ee00000, 0x000000070ee00000, 0x000000070f000000|  0%| F|  |TAMS 0x000000070ee00000, 0x000000070ee00000| Untracked 
|  73|0x000000070f000000, 0x000000070f000000, 0x000000070f200000|  0%| F|  |TAMS 0x000000070f000000, 0x000000070f000000| Untracked 
|  74|0x000000070f200000, 0x000000070f200000, 0x000000070f400000|  0%| F|  |TAMS 0x000000070f200000, 0x000000070f200000| Untracked 
|  75|0x000000070f400000, 0x000000070f400000, 0x000000070f600000|  0%| F|  |TAMS 0x000000070f400000, 0x000000070f400000| Untracked 
|  76|0x000000070f600000, 0x000000070f600000, 0x000000070f800000|  0%| F|  |TAMS 0x000000070f600000, 0x000000070f600000| Untracked 
|  77|0x000000070f800000, 0x000000070f800000, 0x000000070fa00000|  0%| F|  |TAMS 0x000000070f800000, 0x000000070f800000| Untracked 
|  78|0x000000070fa00000, 0x000000070fa00000, 0x000000070fc00000|  0%| F|  |TAMS 0x000000070fa00000, 0x000000070fa00000| Untracked 
|  79|0x000000070fc00000, 0x000000070fc00000, 0x000000070fe00000|  0%| F|  |TAMS 0x000000070fc00000, 0x000000070fc00000| Untracked 
|  80|0x000000070fe00000, 0x000000070fe00000, 0x0000000710000000|  0%| F|  |TAMS 0x000000070fe00000, 0x000000070fe00000| Untracked 
|  81|0x0000000710000000, 0x0000000710000000, 0x0000000710200000|  0%| F|  |TAMS 0x0000000710000000, 0x0000000710000000| Untracked 
|  82|0x0000000710200000, 0x0000000710200000, 0x0000000710400000|  0%| F|  |TAMS 0x0000000710200000, 0x0000000710200000| Untracked 
|  83|0x0000000710400000, 0x0000000710400000, 0x0000000710600000|  0%| F|  |TAMS 0x0000000710400000, 0x0000000710400000| Untracked 
|  84|0x0000000710600000, 0x0000000710600000, 0x0000000710800000|  0%| F|  |TAMS 0x0000000710600000, 0x0000000710600000| Untracked 
|  85|0x0000000710800000, 0x0000000710800000, 0x0000000710a00000|  0%| F|  |TAMS 0x0000000710800000, 0x0000000710800000| Untracked 
|  86|0x0000000710a00000, 0x0000000710a00000, 0x0000000710c00000|  0%| F|  |TAMS 0x0000000710a00000, 0x0000000710a00000| Untracked 
|  87|0x0000000710c00000, 0x0000000710c00000, 0x0000000710e00000|  0%| F|  |TAMS 0x0000000710c00000, 0x0000000710c00000| Untracked 
|  88|0x0000000710e00000, 0x0000000710e00000, 0x0000000711000000|  0%| F|  |TAMS 0x0000000710e00000, 0x0000000710e00000| Untracked 
|  89|0x0000000711000000, 0x0000000711000000, 0x0000000711200000|  0%| F|  |TAMS 0x0000000711000000, 0x0000000711000000| Untracked 
|  90|0x0000000711200000, 0x0000000711200000, 0x0000000711400000|  0%| F|  |TAMS 0x0000000711200000, 0x0000000711200000| Untracked 
|  91|0x0000000711400000, 0x0000000711400000, 0x0000000711600000|  0%| F|  |TAMS 0x0000000711400000, 0x0000000711400000| Untracked 
|  92|0x0000000711600000, 0x0000000711600000, 0x0000000711800000|  0%| F|  |TAMS 0x0000000711600000, 0x0000000711600000| Untracked 
|  93|0x0000000711800000, 0x0000000711800000, 0x0000000711a00000|  0%| F|  |TAMS 0x0000000711800000, 0x0000000711800000| Untracked 
|  94|0x0000000711a00000, 0x0000000711a00000, 0x0000000711c00000|  0%| F|  |TAMS 0x0000000711a00000, 0x0000000711a00000| Untracked 
|  95|0x0000000711c00000, 0x0000000711c00000, 0x0000000711e00000|  0%| F|  |TAMS 0x0000000711c00000, 0x0000000711c00000| Untracked 
|  96|0x0000000711e00000, 0x0000000711e00000, 0x0000000712000000|  0%| F|  |TAMS 0x0000000711e00000, 0x0000000711e00000| Untracked 
|  97|0x0000000712000000, 0x0000000712000000, 0x0000000712200000|  0%| F|  |TAMS 0x0000000712000000, 0x0000000712000000| Untracked 
|  98|0x0000000712200000, 0x0000000712200000, 0x0000000712400000|  0%| F|  |TAMS 0x0000000712200000, 0x0000000712200000| Untracked 
|  99|0x0000000712400000, 0x0000000712400000, 0x0000000712600000|  0%| F|  |TAMS 0x0000000712400000, 0x0000000712400000| Untracked 
| 100|0x0000000712600000, 0x0000000712600000, 0x0000000712800000|  0%| F|  |TAMS 0x0000000712600000, 0x0000000712600000| Untracked 
| 101|0x0000000712800000, 0x0000000712800000, 0x0000000712a00000|  0%| F|  |TAMS 0x0000000712800000, 0x0000000712800000| Untracked 
| 102|0x0000000712a00000, 0x0000000712a00000, 0x0000000712c00000|  0%| F|  |TAMS 0x0000000712a00000, 0x0000000712a00000| Untracked 
| 103|0x0000000712c00000, 0x0000000712c00000, 0x0000000712e00000|  0%| F|  |TAMS 0x0000000712c00000, 0x0000000712c00000| Untracked 
| 104|0x0000000712e00000, 0x0000000712e00000, 0x0000000713000000|  0%| F|  |TAMS 0x0000000712e00000, 0x0000000712e00000| Untracked 
| 105|0x0000000713000000, 0x0000000713000000, 0x0000000713200000|  0%| F|  |TAMS 0x0000000713000000, 0x0000000713000000| Untracked 
| 106|0x0000000713200000, 0x0000000713200000, 0x0000000713400000|  0%| F|  |TAMS 0x0000000713200000, 0x0000000713200000| Untracked 
| 107|0x0000000713400000, 0x0000000713400000, 0x0000000713600000|  0%| F|  |TAMS 0x0000000713400000, 0x0000000713400000| Untracked 
| 108|0x0000000713600000, 0x0000000713600000, 0x0000000713800000|  0%| F|  |TAMS 0x0000000713600000, 0x0000000713600000| Untracked 
| 109|0x0000000713800000, 0x0000000713800000, 0x0000000713a00000|  0%| F|  |TAMS 0x0000000713800000, 0x0000000713800000| Untracked 
| 110|0x0000000713a00000, 0x0000000713a00000, 0x0000000713c00000|  0%| F|  |TAMS 0x0000000713a00000, 0x0000000713a00000| Untracked 
| 111|0x0000000713c00000, 0x0000000713c00000, 0x0000000713e00000|  0%| F|  |TAMS 0x0000000713c00000, 0x0000000713c00000| Untracked 
| 112|0x0000000713e00000, 0x0000000713e00000, 0x0000000714000000|  0%| F|  |TAMS 0x0000000713e00000, 0x0000000713e00000| Untracked 
| 113|0x0000000714000000, 0x0000000714000000, 0x0000000714200000|  0%| F|  |TAMS 0x0000000714000000, 0x0000000714000000| Untracked 
| 114|0x0000000714200000, 0x0000000714200000, 0x0000000714400000|  0%| F|  |TAMS 0x0000000714200000, 0x0000000714200000| Untracked 
| 115|0x0000000714400000, 0x0000000714400000, 0x0000000714600000|  0%| F|  |TAMS 0x0000000714400000, 0x0000000714400000| Untracked 
| 116|0x0000000714600000, 0x0000000714600000, 0x0000000714800000|  0%| F|  |TAMS 0x0000000714600000, 0x0000000714600000| Untracked 
| 117|0x0000000714800000, 0x0000000714800000, 0x0000000714a00000|  0%| F|  |TAMS 0x0000000714800000, 0x0000000714800000| Untracked 
| 118|0x0000000714a00000, 0x0000000714a00000, 0x0000000714c00000|  0%| F|  |TAMS 0x0000000714a00000, 0x0000000714a00000| Untracked 
| 119|0x0000000714c00000, 0x0000000714c00000, 0x0000000714e00000|  0%| F|  |TAMS 0x0000000714c00000, 0x0000000714c00000| Untracked 
| 120|0x0000000714e00000, 0x0000000714e00000, 0x0000000715000000|  0%| F|  |TAMS 0x0000000714e00000, 0x0000000714e00000| Untracked 
| 121|0x0000000715000000, 0x0000000715071260, 0x0000000715200000| 22%| E|  |TAMS 0x0000000715000000, 0x0000000715000000| Complete 
| 122|0x0000000715200000, 0x0000000715400000, 0x0000000715400000|100%| E|CS|TAMS 0x0000000715200000, 0x0000000715200000| Complete 
| 123|0x0000000715400000, 0x0000000715600000, 0x0000000715600000|100%| E|CS|TAMS 0x0000000715400000, 0x0000000715400000| Complete 
| 124|0x0000000715600000, 0x0000000715800000, 0x0000000715800000|100%| E|CS|TAMS 0x0000000715600000, 0x0000000715600000| Complete 
| 125|0x0000000715800000, 0x0000000715a00000, 0x0000000715a00000|100%| E|CS|TAMS 0x0000000715800000, 0x0000000715800000| Complete 

Card table byte_map: [0x000001c3a7720000,0x000001c3a7f00000] _byte_map_base: 0x000001c3a3ef1000

Marking Bits (Prev, Next): (CMBitMap*) 0x000001c38f7c3430, (CMBitMap*) 0x000001c38f7c3470
 Prev Bits: [0x000001c3a86e0000, 0x000001c3ac568000)
 Next Bits: [0x000001c3ac570000, 0x000001c3b03f8000)

Polling page: 0x000001c38d680000

Metaspace:

Usage:
  Non-class:      1.66 MB used.
      Class:    152.84 KB used.
       Both:      1.81 MB used.

Virtual space:
  Non-class space:       64.00 MB reserved,       1.69 MB (  3%) committed,  1 nodes.
      Class space:        1.00 GB reserved,     256.00 KB ( <1%) committed,  1 nodes.
             Both:        1.06 GB reserved,       1.94 MB ( <1%) committed. 

Chunk freelists:
   Non-Class:  3.42 MB
       Class:  3.67 MB
        Both:  7.09 MB

MaxMetaspaceSize: unlimited
CompressedClassSpaceSize: 1.00 GB
Initial GC threshold: 21.00 MB
Current GC threshold: 21.00 MB
CDS: on
MetaspaceReclaimPolicy: balanced
 - commit_granule_bytes: 65536.
 - commit_granule_words: 8192.
 - virtual_space_node_default_size: 8388608.
 - enlarge_chunks_in_place: 1.
 - new_chunks_are_fully_committed: 0.
 - uncommit_free_chunks: 1.
 - use_allocation_guard: 0.


Internal statistics:

num_allocs_failed_limit: 0.
num_arena_births: 36.
num_arena_deaths: 0.
num_vsnodes_births: 2.
num_vsnodes_deaths: 0.
num_space_committed: 31.
num_space_uncommitted: 0.
num_chunks_returned_to_freelist: 0.
num_chunks_taken_from_freelist: 70.
num_chunk_merges: 0.
num_chunk_splits: 45.
num_chunks_enlarged: 32.
num_inconsistent_stats: 0.

CodeHeap 'non-profiled nmethods': size=119168Kb used=167Kb max_used=167Kb free=119000Kb
 bounds [0x000001c39f250000, 0x000001c39f4c0000, 0x000001c3a66b0000]
CodeHeap 'profiled nmethods': size=119104Kb used=802Kb max_used=802Kb free=118301Kb
 bounds [0x000001c3976b0000, 0x000001c397920000, 0x000001c39eb00000]
CodeHeap 'non-nmethods': size=7488Kb used=1789Kb max_used=1803Kb free=5698Kb
 bounds [0x000001c39eb00000, 0x000001c39ed70000, 0x000001c39f250000]
 total_blobs=960 nmethods=529 adapters=341
 compilation: enabled
              stopped_count=0, restarted_count=0
 full_count=0

Compilation events (20 events):
Event: 0.168 Thread 0x000001c3b2a36bd0  521       3       java.nio.DirectIntBufferU::ix (10 bytes)
Event: 0.168 Thread 0x000001c3b2a36bd0 nmethod 521 0x000001c39776eb90 code [0x000001c39776ed20, 0x000001c39776ee38]
Event: 0.168 Thread 0x000001c3b2a36bd0  522   !   3       jdk.internal.misc.ScopedMemoryAccess::getInt (16 bytes)
Event: 0.168 Thread 0x000001c3b2a36bd0 nmethod 522 0x000001c39776ef10 code [0x000001c39776f0e0, 0x000001c39776f4b8]
Event: 0.168 Thread 0x000001c3b2a36bd0  523   !   3       jdk.internal.misc.ScopedMemoryAccess::getIntInternal (34 bytes)
Event: 0.168 Thread 0x000001c3b2a36bd0 nmethod 523 0x000001c39776f690 code [0x000001c39776f840, 0x000001c39776faa8]
Event: 0.168 Thread 0x000001c3b2a36bd0  524       3       java.util.concurrent.ConcurrentHashMap$ValueIterator::next (34 bytes)
Event: 0.168 Thread 0x000001c3b75a9dd0 nmethod 520 0x000001c39776fc10 code [0x000001c39776fe60, 0x000001c397770818]
Event: 0.168 Thread 0x000001c3b75a9dd0  525       3       java.util.ImmutableCollections$List12::get (35 bytes)
Event: 0.168 Thread 0x000001c3b2a36bd0 nmethod 524 0x000001c397770d10 code [0x000001c397770ee0, 0x000001c397771158]
Event: 0.168 Thread 0x000001c3b75a9dd0 nmethod 525 0x000001c397771290 code [0x000001c397771440, 0x000001c397771708]
Event: 0.168 Thread 0x000001c3b2a36bd0  526       3       java.util.Properties$LineReader::readLine (584 bytes)
Event: 0.168 Thread 0x000001c3b75a9dd0  527       3       java.util.Properties::loadConvert (540 bytes)
Event: 0.168 Thread 0x000001c3b2a33e40  528       4       java.util.HashMap$Node::<init> (26 bytes)
Event: 0.169 Thread 0x000001c3b75a9dd0 nmethod 527 0x000001c397771810 code [0x000001c397771b00, 0x000001c397772ea8]
Event: 0.169 Thread 0x000001c3b75a9dd0  529       3       java.util.jar.Attributes$Name::hash (148 bytes)
Event: 0.169 Thread 0x000001c3b75a9dd0 nmethod 529 0x000001c397773510 code [0x000001c3977737a0, 0x000001c397774488]
Event: 0.169 Thread 0x000001c3b75a9dd0  530       3       java.util.LinkedHashMap::get (29 bytes)
Event: 0.169 Thread 0x000001c3b75a9dd0 nmethod 530 0x000001c397778590 code [0x000001c397778760, 0x000001c3977789b8]
Event: 0.169 Thread 0x000001c3b2a36bd0 nmethod 526 0x000001c397774910 code [0x000001c397774d00, 0x000001c397777898]

GC Heap History (0 events):
No events

Dll operation events (12 events):
Event: 0.005 Loaded shared library C:\Program Files\Java\jdk-19\bin\java.dll
Event: 0.010 Loaded shared library C:\Program Files\Java\jdk-19\bin\jsvml.dll
Event: 0.044 Loaded shared library C:\Program Files\Java\jdk-19\bin\zip.dll
Event: 0.046 Loaded shared library C:\Program Files\Java\jdk-19\bin\instrument.dll
Event: 0.050 Loaded shared library C:\Program Files\Java\jdk-19\bin\net.dll
Event: 0.050 Loaded shared library C:\Program Files\Java\jdk-19\bin\nio.dll
Event: 0.052 Loaded shared library C:\Program Files\Java\jdk-19\bin\zip.dll
Event: 0.060 Loaded shared library C:\Program Files\JetBrains\IntelliJ IDEA 2022.1.2\bin\breakgen64.dll
Event: 0.065 Loaded shared library C:\Program Files\Java\jdk-19\bin\extnet.dll
Event: 0.110 Loaded shared library C:\Program Files\Java\jdk-19\bin\jimage.dll
Event: 0.155 Loaded shared library C:\Users\99293\AppData\Local\Temp\jansi-2.4.0-c84e2a6d087495d5-jansi.dll
Event: 0.161 Loaded shared library C:\Program Files\Java\jdk-19\bin\verify.dll

Deoptimization events (20 events):
Event: 0.061 Thread 0x000001c38f750430 Uncommon trap: trap_request=0xffffff45 fr.pc=0x000001c39f261548 relative=0x00000000000000a8
Event: 0.061 Thread 0x000001c38f750430 Uncommon trap: reason=unstable_if action=reinterpret pc=0x000001c39f261548 method=java.lang.String.isLatin1()Z @ 10 c2
Event: 0.061 Thread 0x000001c38f750430 DEOPT PACKING pc=0x000001c39f261548 sp=0x00000069270ff2b0
Event: 0.061 Thread 0x000001c38f750430 DEOPT UNPACKING pc=0x000001c39eb66da3 sp=0x00000069270ff1f0 mode 2
Event: 0.108 Thread 0x000001c38f750430 Uncommon trap: trap_request=0xffffffc6 fr.pc=0x000001c39f25e274 relative=0x0000000000000b54
Event: 0.108 Thread 0x000001c38f750430 Uncommon trap: reason=bimorphic_or_optimized_type_check action=maybe_recompile pc=0x000001c39f25e274 method=java.util.HashMap.putVal(ILjava/lang/Object;Ljava/lang/Object;ZZ)Ljava/lang/Object; @ 56 c2
Event: 0.108 Thread 0x000001c38f750430 DEOPT PACKING pc=0x000001c39f25e274 sp=0x00000069270fd950
Event: 0.108 Thread 0x000001c38f750430 DEOPT UNPACKING pc=0x000001c39eb66da3 sp=0x00000069270fd8e8 mode 2
Event: 0.108 Thread 0x000001c38f750430 Uncommon trap: trap_request=0xffffffc6 fr.pc=0x000001c39f25e274 relative=0x0000000000000b54
Event: 0.108 Thread 0x000001c38f750430 Uncommon trap: reason=bimorphic_or_optimized_type_check action=maybe_recompile pc=0x000001c39f25e274 method=java.util.HashMap.putVal(ILjava/lang/Object;Ljava/lang/Object;ZZ)Ljava/lang/Object; @ 56 c2
Event: 0.108 Thread 0x000001c38f750430 DEOPT PACKING pc=0x000001c39f25e274 sp=0x00000069270fd950
Event: 0.108 Thread 0x000001c38f750430 DEOPT UNPACKING pc=0x000001c39eb66da3 sp=0x00000069270fd8e8 mode 2
Event: 0.108 Thread 0x000001c38f750430 Uncommon trap: trap_request=0xffffffc6 fr.pc=0x000001c39f25e274 relative=0x0000000000000b54
Event: 0.108 Thread 0x000001c38f750430 Uncommon trap: reason=bimorphic_or_optimized_type_check action=maybe_recompile pc=0x000001c39f25e274 method=java.util.HashMap.putVal(ILjava/lang/Object;Ljava/lang/Object;ZZ)Ljava/lang/Object; @ 56 c2
Event: 0.108 Thread 0x000001c38f750430 DEOPT PACKING pc=0x000001c39f25e274 sp=0x00000069270fd950
Event: 0.108 Thread 0x000001c38f750430 DEOPT UNPACKING pc=0x000001c39eb66da3 sp=0x00000069270fd8e8 mode 2
Event: 0.108 Thread 0x000001c38f750430 Uncommon trap: trap_request=0xffffffc6 fr.pc=0x000001c39f25e274 relative=0x0000000000000b54
Event: 0.108 Thread 0x000001c38f750430 Uncommon trap: reason=bimorphic_or_optimized_type_check action=maybe_recompile pc=0x000001c39f25e274 method=java.util.HashMap.putVal(ILjava/lang/Object;Ljava/lang/Object;ZZ)Ljava/lang/Object; @ 56 c2
Event: 0.108 Thread 0x000001c38f750430 DEOPT PACKING pc=0x000001c39f25e274 sp=0x00000069270fd950
Event: 0.108 Thread 0x000001c38f750430 DEOPT UNPACKING pc=0x000001c39eb66da3 sp=0x00000069270fd8e8 mode 2

Classes loaded (20 events):
Event: 0.162 Loading class java/lang/UnsupportedOperationException
Event: 0.162 Loading class java/lang/UnsupportedOperationException done
Event: 0.163 Loading class java/lang/CloneNotSupportedException
Event: 0.163 Loading class java/lang/CloneNotSupportedException done
Event: 0.165 Loading class java/util/LinkedHashMap$LinkedValues
Event: 0.165 Loading class java/util/LinkedHashMap$LinkedValues done
Event: 0.165 Loading class java/util/LinkedHashMap$LinkedValueIterator
Event: 0.165 Loading class java/util/LinkedHashMap$LinkedValueIterator done
Event: 0.166 Loading class java/util/AbstractList$ListItr
Event: 0.166 Loading class java/util/AbstractList$Itr
Event: 0.166 Loading class java/util/AbstractList$Itr done
Event: 0.166 Loading class java/util/AbstractList$ListItr done
Event: 0.166 Loading class java/util/LinkedList$Node
Event: 0.166 Loading class java/util/LinkedList$Node done
Event: 0.166 Loading class java/util/Collections$UnmodifiableMap$UnmodifiableEntrySet
Event: 0.166 Loading class java/util/Collections$UnmodifiableMap$UnmodifiableEntrySet done
Event: 0.166 Loading class java/util/Collections$UnmodifiableMap$UnmodifiableEntrySet$1
Event: 0.167 Loading class java/util/Collections$UnmodifiableMap$UnmodifiableEntrySet$1 done
Event: 0.167 Loading class java/util/Collections$UnmodifiableMap$UnmodifiableEntrySet$UnmodifiableEntry
Event: 0.167 Loading class java/util/Collections$UnmodifiableMap$UnmodifiableEntrySet$UnmodifiableEntry done

Classes unloaded (0 events):
No events

Classes redefined (0 events):
No events

Internal exceptions (12 events):
Event: 0.056 Thread 0x000001c38f750430 Exception <a 'java/lang/NoSuchMethodError'{0x00000007156ca968}: 'void java.lang.invoke.DirectMethodHandle$Holder.invokeStatic(java.lang.Object, java.lang.Object, java.lang.Object)'> (0x00000007156ca968) 
thrown [s\open\src\hotspot\share\interpreter\linkResolver.cpp, line 774]
Event: 0.058 Thread 0x000001c38f750430 Exception <a 'java/lang/NoSuchMethodError'{0x00000007156e31b8}: 'java.lang.Object java.lang.invoke.Invokers$Holder.invokeExact_MT(java.lang.Object, java.lang.Object, java.lang.Object, java.lang.Object, java.lang.Object)'> (0x00000007156e31b8) 
thrown [s\open\src\hotspot\share\interpreter\linkResolver.cpp, line 774]
Event: 0.066 Thread 0x000001c3b76f9a20 Exception <a 'java/lang/NoSuchMethodError'{0x0000000715759f58}: 'void java.lang.invoke.DirectMethodHandle$Holder.invokeStatic(java.lang.Object, java.lang.Object)'> (0x0000000715759f58) 
thrown [s\open\src\hotspot\share\interpreter\linkResolver.cpp, line 774]
Event: 0.108 Thread 0x000001c38f750430 Exception <a 'java/lang/NullPointerException'{0x00000007155a4530}> (0x00000007155a4530) 
thrown [s\open\src\hotspot\share\interpreter\linkResolver.cpp, line 1374]
Event: 0.156 Thread 0x000001c38f750430 Exception <a 'java/lang/NullPointerException'{0x000000071537d1f8}> (0x000000071537d1f8) 
thrown [s\open\src\hotspot\share\interpreter\linkResolver.cpp, line 1374]
Event: 0.156 Thread 0x000001c38f750430 Exception <a 'java/lang/NullPointerException'{0x000000071537d4d8}> (0x000000071537d4d8) 
thrown [s\open\src\hotspot\share\interpreter\linkResolver.cpp, line 1374]
Event: 0.156 Thread 0x000001c38f750430 Exception <a 'java/lang/NullPointerException'{0x000000071537d7b8}> (0x000000071537d7b8) 
thrown [s\open\src\hotspot\share\interpreter\linkResolver.cpp, line 1374]
Event: 0.157 Thread 0x000001c38f750430 Exception <a 'java/lang/NullPointerException'{0x0000000715382a98}> (0x0000000715382a98) 
thrown [s\open\src\hotspot\share\interpreter\linkResolver.cpp, line 1374]
Event: 0.158 Thread 0x000001c38f750430 Exception <a 'java/lang/NullPointerException'{0x0000000715396000}> (0x0000000715396000) 
thrown [s\open\src\hotspot\share\interpreter\linkResolver.cpp, line 1374]
Event: 0.158 Thread 0x000001c38f750430 Exception <a 'java/lang/NullPointerException'{0x00000007153962e0}> (0x00000007153962e0) 
thrown [s\open\src\hotspot\share\interpreter\linkResolver.cpp, line 1374]
Event: 0.158 Thread 0x000001c38f750430 Exception <a 'java/lang/NullPointerException'{0x00000007153965c0}> (0x00000007153965c0) 
thrown [s\open\src\hotspot\share\interpreter\linkResolver.cpp, line 1374]
Event: 0.158 Thread 0x000001c38f750430 Exception <a 'java/lang/NullPointerException'{0x00000007153968a0}> (0x00000007153968a0) 
thrown [s\open\src\hotspot\share\interpreter\linkResolver.cpp, line 1374]

VM Operations (8 events):
Event: 0.035 Executing VM operation: HandshakeAllThreads
Event: 0.035 Executing VM operation: HandshakeAllThreads done
Event: 0.062 Executing VM operation: HandshakeAllThreads
Event: 0.062 Executing VM operation: HandshakeAllThreads done
Event: 0.108 Executing VM operation: HandshakeAllThreads
Event: 0.108 Executing VM operation: HandshakeAllThreads done
Event: 0.112 Executing VM operation: HandshakeAllThreads
Event: 0.112 Executing VM operation: HandshakeAllThreads done

Events (14 events):
Event: 0.010 Thread 0x000001c38f750430 Thread added: 0x000001c38f750430
Event: 0.017 Thread 0x000001c3b2a28f10 Thread added: 0x000001c3b2a28f10
Event: 0.017 Thread 0x000001c3b2a29d00 Thread added: 0x000001c3b2a29d00
Event: 0.017 Thread 0x000001c3b2a2aaf0 Thread added: 0x000001c3b2a2aaf0
Event: 0.017 Thread 0x000001c3b2a2e640 Thread added: 0x000001c3b2a2e640
Event: 0.017 Thread 0x000001c3b2a32090 Thread added: 0x000001c3b2a32090
Event: 0.017 Thread 0x000001c3b2a329c0 Thread added: 0x000001c3b2a329c0
Event: 0.017 Thread 0x000001c3b2a33e40 Thread added: 0x000001c3b2a33e40
Event: 0.017 Thread 0x000001c3b2a36bd0 Thread added: 0x000001c3b2a36bd0
Event: 0.017 Thread 0x000001c3b2a3d5b0 Thread added: 0x000001c3b2a3d5b0
Event: 0.019 Thread 0x000001c3b75a9dd0 Thread added: 0x000001c3b75a9dd0
Event: 0.030 Thread 0x000001c3b766bad0 Thread added: 0x000001c3b766bad0
Event: 0.060 Thread 0x000001c3b76f9a20 Thread added: 0x000001c3b76f9a20
Event: 0.061 Thread 0x000001c3b76ff480 Thread added: 0x000001c3b76ff480


Dynamic libraries:
0x00007ff6c0fc0000 - 0x00007ff6c0fd0000 	C:\Program Files\Java\jdk-19\bin\java.exe
0x00007ffc2c450000 - 0x00007ffc2c667000 	C:\WINDOWS\SYSTEM32\ntdll.dll
0x00007ffc2ab30000 - 0x00007ffc2abf4000 	C:\WINDOWS\System32\KERNEL32.DLL
0x00007ffc298c0000 - 0x00007ffc29c6d000 	C:\WINDOWS\System32\KERNELBASE.dll
0x00007ffc29f50000 - 0x00007ffc2a061000 	C:\WINDOWS\System32\ucrtbase.dll
0x00007ffc1a4b0000 - 0x00007ffc1a4c8000 	C:\Program Files\Java\jdk-19\bin\jli.dll
0x00007ffc19870000 - 0x00007ffc1988b000 	C:\Program Files\Java\jdk-19\bin\VCRUNTIME140.dll
0x00007ffc2baa0000 - 0x00007ffc2bb52000 	C:\WINDOWS\System32\ADVAPI32.dll
0x00007ffc2aa80000 - 0x00007ffc2ab27000 	C:\WINDOWS\System32\msvcrt.dll
0x00007ffc2b1b0000 - 0x00007ffc2b259000 	C:\WINDOWS\System32\sechost.dll
0x00007ffc29f20000 - 0x00007ffc29f48000 	C:\WINDOWS\System32\bcrypt.dll
0x00007ffc2adc0000 - 0x00007ffc2aed4000 	C:\WINDOWS\System32\RPCRT4.dll
0x00007ffc2aee0000 - 0x00007ffc2b08e000 	C:\WINDOWS\System32\USER32.dll
0x00007ffc2a130000 - 0x00007ffc2a156000 	C:\WINDOWS\System32\win32u.dll
0x00007ffc16660000 - 0x00007ffc168f3000 	C:\WINDOWS\WinSxS\amd64_microsoft.windows.common-controls_6595b64144ccf1df_6.0.22621.3672_none_2713b9d173822955\COMCTL32.dll
0x00007ffc2a160000 - 0x00007ffc2a189000 	C:\WINDOWS\System32\GDI32.dll
0x00007ffc29ce0000 - 0x00007ffc29df9000 	C:\WINDOWS\System32\gdi32full.dll
0x00007ffc29e00000 - 0x00007ffc29e9a000 	C:\WINDOWS\System32\msvcp_win.dll
0x00007ffc23870000 - 0x00007ffc2387a000 	C:\WINDOWS\SYSTEM32\VERSION.dll
0x00007ffc2bef0000 - 0x00007ffc2bf21000 	C:\WINDOWS\System32\IMM32.DLL
0x00007ffc21670000 - 0x00007ffc2167c000 	C:\Program Files\Java\jdk-19\bin\vcruntime140_1.dll
0x00007ffbeece0000 - 0x00007ffbeed6e000 	C:\Program Files\Java\jdk-19\bin\msvcp140.dll
0x00007ffb9bb60000 - 0x00007ffb9c820000 	C:\Program Files\Java\jdk-19\bin\server\jvm.dll
0x00007ffc1b9a0000 - 0x00007ffc1b9a9000 	C:\WINDOWS\SYSTEM32\WSOCK32.dll
0x00007ffc233c0000 - 0x00007ffc233f4000 	C:\WINDOWS\SYSTEM32\WINMM.dll
0x00007ffc2bf30000 - 0x00007ffc2bfa1000 	C:\WINDOWS\System32\WS2_32.dll
0x00007ffc28870000 - 0x00007ffc28888000 	C:\WINDOWS\SYSTEM32\kernel.appcore.dll
0x00007ffc1afe0000 - 0x00007ffc1afea000 	C:\Program Files\Java\jdk-19\bin\jimage.dll
0x00007ffc26a40000 - 0x00007ffc26c72000 	C:\WINDOWS\SYSTEM32\DBGHELP.DLL
0x00007ffc2bfd0000 - 0x00007ffc2c358000 	C:\WINDOWS\System32\combase.dll
0x00007ffc2b410000 - 0x00007ffc2b4e7000 	C:\WINDOWS\System32\OLEAUT32.dll
0x00007ffc1e830000 - 0x00007ffc1e862000 	C:\WINDOWS\SYSTEM32\dbgcore.DLL
0x00007ffc29ea0000 - 0x00007ffc29f1b000 	C:\WINDOWS\System32\bcryptPrimitives.dll
0x00007ffc26160000 - 0x00007ffc2616e000 	C:\Program Files\Java\jdk-19\bin\instrument.dll
0x00007ffc17890000 - 0x00007ffc178b6000 	C:\Program Files\Java\jdk-19\bin\java.dll
0x00007ffbed8d0000 - 0x00007ffbed9a7000 	C:\Program Files\Java\jdk-19\bin\jsvml.dll
0x00007ffc2a190000 - 0x00007ffc2a9ef000 	C:\WINDOWS\System32\SHELL32.dll
0x00007ffc27670000 - 0x00007ffc27f6c000 	C:\WINDOWS\SYSTEM32\windows.storage.dll
0x00007ffc27530000 - 0x00007ffc2766f000 	C:\WINDOWS\SYSTEM32\wintypes.dll
0x00007ffc2b0b0000 - 0x00007ffc2b1a4000 	C:\WINDOWS\System32\SHCORE.dll
0x00007ffc2b500000 - 0x00007ffc2b55e000 	C:\WINDOWS\System32\shlwapi.dll
0x00007ffc29680000 - 0x00007ffc296a1000 	C:\WINDOWS\SYSTEM32\profapi.dll
0x00007ffc17790000 - 0x00007ffc177a8000 	C:\Program Files\Java\jdk-19\bin\zip.dll
0x00007ffc197d0000 - 0x00007ffc197e3000 	C:\Program Files\Java\jdk-19\bin\net.dll
0x00007ffc24f50000 - 0x00007ffc25086000 	C:\WINDOWS\SYSTEM32\WINHTTP.dll
0x00007ffc28ce0000 - 0x00007ffc28d49000 	C:\WINDOWS\system32\mswsock.dll
0x00007ffc17850000 - 0x00007ffc17866000 	C:\Program Files\Java\jdk-19\bin\nio.dll
0x00007ffc198a0000 - 0x00007ffc198ba000 	C:\Program Files\JetBrains\IntelliJ IDEA 2022.1.2\bin\breakgen64.dll
0x00007ffc17a20000 - 0x00007ffc17a28000 	C:\Program Files\Java\jdk-19\bin\extnet.dll
0x0000000069ac0000 - 0x0000000069ae4000 	C:\Users\99293\AppData\Local\Temp\jansi-2.4.0-c84e2a6d087495d5-jansi.dll
0x00007ffc1a5d0000 - 0x00007ffc1a5e0000 	C:\Program Files\Java\jdk-19\bin\verify.dll

dbghelp: loaded successfully - version: 4.0.5 - missing functions: none
symbol engine: initialized successfully - sym options: 0x614 - pdb path: .;C:\Program Files\Java\jdk-19\bin;C:\WINDOWS\SYSTEM32;C:\WINDOWS\WinSxS\amd64_microsoft.windows.common-controls_6595b64144ccf1df_6.0.22621.3672_none_2713b9d173822955;C:\Program Files\Java\jdk-19\bin\server;C:\Program Files\JetBrains\IntelliJ IDEA 2022.1.2\bin;C:\Users\99293\AppData\Local\Temp

VM Arguments:
jvm_args: -Dmaven.multiModuleProjectDirectory=D:\unitedStates_storage-master\unitedStates_storage -Dmaven.home=C:\Users\99293\.m2\wrapper\dists\apache-maven-3.8.6-bin\1ks0nkde5v1pk9vtc31i9d0lcd\apache-maven-3.8.6 -Dclassworlds.conf=C:\Users\99293\.m2\wrapper\dists\apache-maven-3.8.6-bin\1ks0nkde5v1pk9vtc31i9d0lcd\apache-maven-3.8.6\bin\m2.conf -Dmaven.ext.class.path=C:\Program Files\JetBrains\IntelliJ IDEA 2022.1.2\plugins\maven\lib\maven-event-listener.jar -javaagent:C:\Program Files\JetBrains\IntelliJ IDEA 2022.1.2\lib\idea_rt.jar=55932:C:\Program Files\JetBrains\IntelliJ IDEA 2022.1.2\bin -Dfile.encoding=UTF-8 
java_command: org.codehaus.classworlds.Launcher -Didea.version=2022.1.2 clean
java_class_path (initial): C:\Users\99293\.m2\wrapper\dists\apache-maven-3.8.6-bin\1ks0nkde5v1pk9vtc31i9d0lcd\apache-maven-3.8.6\boot\plexus-classworlds-2.6.0.jar;C:\Users\99293\.m2\wrapper\dists\apache-maven-3.8.6-bin\1ks0nkde5v1pk9vtc31i9d0lcd\apache-maven-3.8.6\boot\plexus-classworlds.license
Launcher Type: SUN_STANDARD

[Global flags]
     intx CICompilerCount                          = 12                                        {product} {ergonomic}
     uint ConcGCThreads                            = 3                                         {product} {ergonomic}
     uint G1ConcRefinementThreads                  = 13                                        {product} {ergonomic}
   size_t G1HeapRegionSize                         = 2097152                                   {product} {ergonomic}
    uintx GCDrainStackTargetSize                   = 64                                        {product} {ergonomic}
   size_t InitialHeapSize                          = 264241152                                 {product} {ergonomic}
   size_t MarkStackSize                            = 4194304                                   {product} {ergonomic}
   size_t MaxHeapSize                              = 4196401152                                {product} {ergonomic}
   size_t MaxNewSize                               = 2516582400                                {product} {ergonomic}
   size_t MinHeapDeltaBytes                        = 2097152                                   {product} {ergonomic}
   size_t MinHeapSize                              = 8388608                                   {product} {ergonomic}
    uintx NonNMethodCodeHeapSize                   = 7602480                                {pd product} {ergonomic}
    uintx NonProfiledCodeHeapSize                  = 122027880                              {pd product} {ergonomic}
    uintx ProfiledCodeHeapSize                     = 122027880                              {pd product} {ergonomic}
    uintx ReservedCodeCacheSize                    = 251658240                              {pd product} {ergonomic}
     bool SegmentedCodeCache                       = true                                      {product} {ergonomic}
   size_t SoftMaxHeapSize                          = 4196401152                             {manageable} {ergonomic}
     bool UseCompressedClassPointers               = true                           {product lp64_product} {ergonomic}
     bool UseCompressedOops                        = true                           {product lp64_product} {ergonomic}
     bool UseG1GC                                  = true                                      {product} {ergonomic}
     bool UseLargePagesIndividualAllocation        = false                                  {pd product} {ergonomic}

Logging:
Log output configuration:
 #0: stdout all=warning uptime,level,tags foldmultilines=false
 #1: stderr all=off uptime,level,tags foldmultilines=false

Environment Variables:
JAVA_HOME=C:\Program Files\Java\jdk-19
PATH=C:\Program Files\Common Files\Oracle\Java\javapath;C:\Windows\system32;C:\Windows;C:\Windows\System32\Wbem;C:\Windows\System32\WindowsPowerShell\v1.0\;C:\Windows\System32\OpenSSH\;C:\Program Files (x86)\NVIDIA Corporation\PhysX\Common;C:\Program Files\NVIDIA Corporation\NVIDIA NvDLISR;C:\Program Files\Git\cmd;C:\Program Files (x86)\dotnet\;C:\WINDOWS\system32;C:\WINDOWS;C:\WINDOWS\System32\Wbem;C:\WINDOWS\System32\WindowsPowerShell\v1.0\;C:\WINDOWS\System32\OpenSSH\;C:\Program Files\Java\jdk-19\bin;C:\Users\99293\AppData\Local\Programs\Python\Python311\Scripts\;C:\Users\99293\AppData\Local\Programs\Python\Python311\;C:\Users\99293\AppData\Local\Microsoft\WindowsApps;;C:\Program Files\JetBrains\IntelliJ IDEA 2022.1.2\bin;;C:\Program Files\heroku\bin
USERNAME=ASUS
OS=Windows_NT
PROCESSOR_IDENTIFIER=Intel64 Family 6 Model 154 Stepping 3, GenuineIntel
TMP=C:\Users\99293\AppData\Local\Temp
TEMP=C:\Users\99293\AppData\Local\Temp



---------------  S Y S T E M  ---------------

OS:
 Windows 11 , 64 bit Build 22621 (10.0.22621.3672)
OS uptime: 1 days 3:18 hours
Hyper-V role detected

CPU: total 16 (initial active 16) (8 cores per cpu, 2 threads per core) family 6 model 154 stepping 3 microcode 0x41c, cx8, cmov, fxsr, ht, mmx, 3dnowpref, sse, sse2, sse3, ssse3, sse4.1, sse4.2, popcnt, lzcnt, tsc, tscinvbit, avx, avx2, aes, erms, clmul, bmi1, bmi2, adx, sha, fma, vzeroupper, clflush, clflushopt, clwb, hv, serialize, rdtscp, rdpid, fsrm

Memory: 4k page, system-wide physical 16005M (2243M free)
TotalPageFile size 18053M (AvailPageFile size 3M)
current process WorkingSet (physical memory assigned to process): 47M, peak: 47M
current process commit charge ("private bytes"): 356M, peak: 356M

vm_info: Java HotSpot(TM) 64-Bit Server VM (19.0.2+7-44) for windows-amd64 JRE (19.0.2+7-44), built on 2022-11-30T18:02:09Z by "mach5one" with MS VC++ 17.1 (VS2022)

END.
