#
# There is insufficient memory for the Java Runtime Environment to continue.
# Native memory allocation (mmap) failed to map 132120576 bytes for G1 virtual space
# Possible reasons:
#   The system is out of physical RAM or swap space
#   The process is running with CompressedOops enabled, and the Java Heap may be blocking the growth of the native heap
# Possible solutions:
#   Reduce memory load on the system
#   Increase physical memory or swap space
#   Check if swap backing store is full
#   Decrease Java heap size (-Xmx/-Xms)
#   Decrease number of Java threads
#   Decrease Java thread stack sizes (-Xss)
#   Set larger code cache with -XX:ReservedCodeCacheSize=
#   JVM is running with Zero Based Compressed Oops mode in which the Java heap is
#     placed in the first 32GB address space. The Java Heap base address is the
#     maximum limit for the native heap growth. Please use -XX:HeapBaseMinAddress
#     to set the Java Heap base and to place the Java Heap above 32GB virtual address.
# This output file may be truncated or incomplete.
#
#  Out of Memory Error (os_windows.cpp:3536), pid=3944, tid=8384
#
# JRE version: Java(TM) SE Runtime Environment (19.0.2+7) (build 19.0.2+7-44)
# Java VM: Java HotSpot(TM) 64-Bit Server VM (19.0.2+7-44, mixed mode, sharing, tiered, compressed oops, compressed class ptrs, g1 gc, windows-amd64)
# No core dump will be written. Minidumps are not enabled by default on client versions of Windows
#

---------------  S U M M A R Y ------------

Command Line: -Dmaven.multiModuleProjectDirectory=D:\unitedStates original storage\unitedStates duplicates original storage -Dmaven.home=C:\Users\99293\.m2\wrapper\dists\apache-maven-3.8.6-bin\1ks0nkde5v1pk9vtc31i9d0lcd\apache-maven-3.8.6 -Dclassworlds.conf=C:\Users\99293\.m2\wrapper\dists\apache-maven-3.8.6-bin\1ks0nkde5v1pk9vtc31i9d0lcd\apache-maven-3.8.6\bin\m2.conf -Dmaven.ext.class.path=C:\Program Files\JetBrains\IntelliJ IDEA 2022.1.2\plugins\maven\lib\maven-event-listener.jar -javaagent:C:\Program Files\JetBrains\IntelliJ IDEA 2022.1.2\lib\idea_rt.jar=64976:C:\Program Files\JetBrains\IntelliJ IDEA 2022.1.2\bin -Dfile.encoding=UTF-8 org.codehaus.classworlds.Launcher -Didea.version=2022.1.2 package

Host: 12th Gen Intel(R) Core(TM) i7-12650H, 16 cores, 15G,  Windows 11 , 64 bit Build 22621 (10.0.22621.1635)
Time: Mon Jun 26 23:06:37 2023  Windows 11 , 64 bit Build 22621 (10.0.22621.1635) elapsed time: 5.274566 seconds (0d 0h 0m 5s)

---------------  T H R E A D  ---------------

Current thread (0x0000020e6f681620):  VMThread "VM Thread" [stack: 0x000000658dc00000,0x000000658dd00000] [id=8384]

Stack: [0x000000658dc00000,0x000000658dd00000]
Native frames: (J=compiled Java code, j=interpreted, Vv=VM code, C=native code)
V  [jvm.dll+0x6ee21a]
V  [jvm.dll+0x85765e]
V  [jvm.dll+0x85904e]
V  [jvm.dll+0x859703]
V  [jvm.dll+0x28298f]
V  [jvm.dll+0x6eb009]
V  [jvm.dll+0x6dfbaa]
V  [jvm.dll+0x3573f6]
V  [jvm.dll+0x35ee56]
V  [jvm.dll+0x3b541e]
V  [jvm.dll+0x3b564f]
V  [jvm.dll+0x32c9ea]
V  [jvm.dll+0x32ca97]
V  [jvm.dll+0x374cd2]
V  [jvm.dll+0x37340f]
V  [jvm.dll+0x32c210]
V  [jvm.dll+0x3729ab]
V  [jvm.dll+0x85ebc3]
V  [jvm.dll+0x85f989]
V  [jvm.dll+0x85febd]
V  [jvm.dll+0x86034b]
V  [jvm.dll+0x860407]
V  [jvm.dll+0x80125a]
V  [jvm.dll+0x6ecf0b]
C  [ucrtbase.dll+0x29363]
C  [KERNEL32.DLL+0x126ad]
C  [ntdll.dll+0x5a9f8]

VM_Operation (0x00000065906fe9a0): G1CollectForAllocation, mode: safepoint, requested by thread 0x0000020e6f68a140


---------------  P R O C E S S  ---------------

Threads class SMR info:
_java_thread_list=0x0000020e768de940, length=39, elements={
0x0000020e4ba57e10, 0x0000020e6f69bc80, 0x0000020e6f69c5b0, 0x0000020e6f69cee0,
0x0000020e6f6a1fd0, 0x0000020e6f6a30a0, 0x0000020e6f6a69f0, 0x0000020e6f6ab290,
0x0000020e6f6ae840, 0x0000020e6f68b130, 0x0000020e73876d90, 0x0000020e738a1390,
0x0000020e738a3920, 0x0000020e6f6896a0, 0x0000020e6f689150, 0x0000020e6f6886b0,
0x0000020e73dead50, 0x0000020e7433fa10, 0x0000020e740855f0, 0x0000020e741df970,
0x0000020e7503a010, 0x0000020e78296710, 0x0000020e74463f50, 0x0000020e7697dab0,
0x0000020e7697e000, 0x0000020e7697aae0, 0x0000020e7697eff0, 0x0000020e6f68a140,
0x0000020e790a7ea0, 0x0000020e790a9e80, 0x0000020e790aa3d0, 0x0000020e790aa920,
0x0000020e790a7400, 0x0000020e790a9930, 0x0000020e790a7950, 0x0000020e790a83f0,
0x0000020e790a8940, 0x0000020e790a8e90, 0x0000020e790a93e0
}

Java Threads: ( => current thread )
  0x0000020e4ba57e10 JavaThread "main" [_thread_blocked, id=8816, stack(0x000000658d600000,0x000000658d700000)]
  0x0000020e6f69bc80 JavaThread "Reference Handler" daemon [_thread_blocked, id=20364, stack(0x000000658dd00000,0x000000658de00000)]
  0x0000020e6f69c5b0 JavaThread "Finalizer" daemon [_thread_blocked, id=16376, stack(0x000000658de00000,0x000000658df00000)]
  0x0000020e6f69cee0 JavaThread "Signal Dispatcher" daemon [_thread_blocked, id=17420, stack(0x000000658df00000,0x000000658e000000)]
  0x0000020e6f6a1fd0 JavaThread "Attach Listener" daemon [_thread_blocked, id=12860, stack(0x000000658e000000,0x000000658e100000)]
  0x0000020e6f6a30a0 JavaThread "Service Thread" daemon [_thread_blocked, id=8104, stack(0x000000658e100000,0x000000658e200000)]
  0x0000020e6f6a69f0 JavaThread "Monitor Deflation Thread" daemon [_thread_blocked, id=20580, stack(0x000000658e200000,0x000000658e300000)]
  0x0000020e6f6ab290 JavaThread "C2 CompilerThread0" daemon [_thread_blocked, id=19088, stack(0x000000658e300000,0x000000658e400000)]
  0x0000020e6f6ae840 JavaThread "C1 CompilerThread0" daemon [_thread_blocked, id=15680, stack(0x000000658e400000,0x000000658e500000)]
  0x0000020e6f68b130 JavaThread "Sweeper thread" daemon [_thread_blocked, id=10896, stack(0x000000658e500000,0x000000658e600000)]
  0x0000020e73876d90 JavaThread "C1 CompilerThread1" daemon [_thread_blocked, id=16480, stack(0x000000658e600000,0x000000658e700000)]
  0x0000020e738a1390 JavaThread "C1 CompilerThread2" daemon [_thread_blocked, id=20980, stack(0x000000658e700000,0x000000658e800000)]
  0x0000020e738a3920 JavaThread "C1 CompilerThread3" daemon [_thread_blocked, id=16404, stack(0x000000658e800000,0x000000658e900000)]
  0x0000020e6f6896a0 JavaThread "Common-Cleaner" daemon [_thread_blocked, id=21560, stack(0x000000658e900000,0x000000658ea00000)]
  0x0000020e6f689150 JavaThread "Monitor Ctrl-Break" daemon [_thread_in_native, id=18844, stack(0x000000658ea00000,0x000000658eb00000)]
  0x0000020e6f6886b0 JavaThread "Notification Thread" daemon [_thread_blocked, id=17816, stack(0x000000658eb00000,0x000000658ec00000)]
  0x0000020e73dead50 JavaThread "C2 CompilerThread1" daemon [_thread_blocked, id=21616, stack(0x000000658ed00000,0x000000658ee00000)]
  0x0000020e7433fa10 JavaThread "C2 CompilerThread2" daemon [_thread_in_native, id=5772, stack(0x000000658ee00000,0x000000658ef00000)]
  0x0000020e740855f0 JavaThread "C2 CompilerThread3" daemon [_thread_blocked, id=10844, stack(0x000000658ef00000,0x000000658f000000)]
  0x0000020e741df970 JavaThread "C2 CompilerThread4" daemon [_thread_blocked, id=16476, stack(0x000000658f000000,0x000000658f100000)]
  0x0000020e7503a010 JavaThread "C2 CompilerThread5" daemon [_thread_blocked, id=11056, stack(0x000000658f100000,0x000000658f200000)]
  0x0000020e78296710 JavaThread "C2 CompilerThread6" daemon [_thread_blocked, id=18300, stack(0x000000658f200000,0x000000658f300000)]
  0x0000020e74463f50 JavaThread "C2 CompilerThread7" daemon [_thread_blocked, id=14748, stack(0x000000658f300000,0x000000658f400000)]
  0x0000020e7697dab0 JavaThread "pool-1-thread-1" [_thread_blocked, id=21296, stack(0x0000006590200000,0x0000006590300000)]
  0x0000020e7697e000 JavaThread "pool-1-thread-2" [_thread_blocked, id=16124, stack(0x0000006590300000,0x0000006590400000)]
  0x0000020e7697aae0 JavaThread "pool-1-thread-3" [_thread_blocked, id=22188, stack(0x0000006590400000,0x0000006590500000)]
  0x0000020e7697eff0 JavaThread "pool-1-thread-4" [_thread_blocked, id=20944, stack(0x0000006590500000,0x0000006590600000)]
  0x0000020e6f68a140 JavaThread "pool-1-thread-5" [_thread_blocked, id=2492, stack(0x0000006590600000,0x0000006590700000)]
  0x0000020e790a7ea0 JavaThread "pool-1-thread-6" [_thread_blocked, id=5260, stack(0x0000006590700000,0x0000006590800000)]
  0x0000020e790a9e80 JavaThread "pool-1-thread-7" [_thread_blocked, id=21572, stack(0x0000006590800000,0x0000006590900000)]
  0x0000020e790aa3d0 JavaThread "pool-1-thread-8" [_thread_blocked, id=20560, stack(0x0000006590900000,0x0000006590a00000)]
  0x0000020e790aa920 JavaThread "pool-1-thread-9" [_thread_blocked, id=4080, stack(0x0000006590a00000,0x0000006590b00000)]
  0x0000020e790a7400 JavaThread "pool-1-thread-10" [_thread_blocked, id=9392, stack(0x0000006590b00000,0x0000006590c00000)]
  0x0000020e790a9930 JavaThread "pool-1-thread-11" [_thread_blocked, id=21512, stack(0x0000006590c00000,0x0000006590d00000)]
  0x0000020e790a7950 JavaThread "pool-1-thread-12" [_thread_blocked, id=14364, stack(0x0000006590d00000,0x0000006590e00000)]
  0x0000020e790a83f0 JavaThread "pool-1-thread-13" [_thread_blocked, id=19960, stack(0x0000006590e00000,0x0000006590f00000)]
  0x0000020e790a8940 JavaThread "pool-1-thread-14" [_thread_blocked, id=10720, stack(0x0000006590f00000,0x0000006591000000)]
  0x0000020e790a8e90 JavaThread "pool-1-thread-15" [_thread_blocked, id=1184, stack(0x0000006591000000,0x0000006591100000)]
  0x0000020e790a93e0 JavaThread "pool-1-thread-16" [_thread_blocked, id=5936, stack(0x0000006591100000,0x0000006591200000)]

Other Threads:
=>0x0000020e6f681620 VMThread "VM Thread" [stack: 0x000000658dc00000,0x000000658dd00000] [id=8384]
  0x0000020e73a84960 WatcherThread "VM Periodic Task Thread" [stack: 0x000000658ec00000,0x000000658ed00000] [id=22092]
  0x0000020e4baca9d0 WorkerThread "GC Thread#0" [stack: 0x000000658d700000,0x000000658d800000] [id=8736]
  0x0000020e73ce4310 WorkerThread "GC Thread#1" [stack: 0x000000658f400000,0x000000658f500000] [id=10664]
  0x0000020e73ce45e0 WorkerThread "GC Thread#2" [stack: 0x000000658f500000,0x000000658f600000] [id=10104]
  0x0000020e73ce56c0 WorkerThread "GC Thread#3" [stack: 0x000000658f600000,0x000000658f700000] [id=16780]
  0x0000020e73ce4b80 WorkerThread "GC Thread#4" [stack: 0x000000658f700000,0x000000658f800000] [id=14040]
  0x0000020e73ce48b0 WorkerThread "GC Thread#5" [stack: 0x000000658f800000,0x000000658f900000] [id=22324]
  0x0000020e73ce5c60 WorkerThread "GC Thread#6" [stack: 0x000000658f900000,0x000000658fa00000] [id=7368]
  0x0000020e73ce4e50 WorkerThread "GC Thread#7" [stack: 0x000000658fa00000,0x000000658fb00000] [id=18116]
  0x0000020e74f717a0 WorkerThread "GC Thread#8" [stack: 0x000000658fb00000,0x000000658fc00000] [id=11428]
  0x0000020e74f6f5e0 WorkerThread "GC Thread#9" [stack: 0x000000658fc00000,0x000000658fd00000] [id=8572]
  0x0000020e74f71a70 WorkerThread "GC Thread#10" [stack: 0x000000658fd00000,0x000000658fe00000] [id=22036]
  0x0000020e74f70990 WorkerThread "GC Thread#11" [stack: 0x000000658fe00000,0x000000658ff00000] [id=15108]
  0x0000020e74f703f0 WorkerThread "GC Thread#12" [stack: 0x000000658ff00000,0x0000006590000000] [id=11460]
  0x0000020e4badb340 ConcurrentGCThread "G1 Main Marker" [stack: 0x000000658d800000,0x000000658d900000] [id=4216]
  0x0000020e4badbd70 WorkerThread "G1 Conc#0" [stack: 0x000000658d900000,0x000000658da00000] [id=16508]
  0x0000020e74f6f040 WorkerThread "G1 Conc#1" [stack: 0x0000006590000000,0x0000006590100000] [id=7756]
  0x0000020e74f725b0 WorkerThread "G1 Conc#2" [stack: 0x0000006590100000,0x0000006590200000] [id=13992]
  0x0000020e6f538410 ConcurrentGCThread "G1 Refine#0" [stack: 0x000000658da00000,0x000000658db00000] [id=5836]
  0x0000020e6f53bd80 ConcurrentGCThread "G1 Service" [stack: 0x000000658db00000,0x000000658dc00000] [id=7384]

Threads with active compile tasks:
C2 CompilerThread0     5289 10606   !   4       java.lang.ClassLoader::loadClass (121 bytes)
C2 CompilerThread2     5289 10485       4       org.apache.maven.model.inheritance.DefaultInheritanceAssembler$InheritanceModelMerger::mergePluginContainer_Plugins (430 bytes)

VM state: at safepoint (normal execution)

VM Mutex/Monitor currently owned by a thread:  ([mutex/lock_event])
[0x0000020e4ba536c0] Threads_lock - owner thread: 0x0000020e6f681620
[0x0000020e4ba54050] Heap_lock - owner thread: 0x0000020e6f68a140

Heap address: 0x0000000705e00000, size: 4002 MB, Compressed Oops mode: Zero based, Oop shift amount: 3

CDS archive(s) mapped at: [0x0000000800000000-0x0000000800c40000-0x0000000800c40000), size 12845056, SharedBaseAddress: 0x0000000800000000, ArchiveRelocationMode: 0.
Compressed class space mapped at: 0x0000000801000000-0x0000000841000000, reserved size: 1073741824
Narrow klass base: 0x0000000800000000, Narrow klass shift: 0, Narrow klass range: 0x100000000

GC Precious Log:
 CardTable entry size: 512
 Card Set container configuration: InlinePtr #cards 4 size 8 Array Of Cards #cards 16 size 48 Howl #buckets 8 coarsen threshold 3686 Howl Bitmap #cards 512 size 80 coarsen threshold 460 Card regions per heap region 1 cards per card region 4096
 CPUs: 16 total, 16 available
 Memory: 16005M
 Large Page Support: Disabled
 NUMA Support: Disabled
 Compressed Oops: Enabled (Zero based)
 Heap Region Size: 2M
 Heap Min Capacity: 8M
 Heap Initial Capacity: 252M
 Heap Max Capacity: 4002M
 Pre-touch: Disabled
 Parallel Workers: 13
 Concurrent Workers: 3
 Concurrent Refinement Workers: 13
 Periodic GC: Disabled

Heap:
 garbage-first heap   total 131072K, used 64337K [0x0000000705e00000, 0x0000000800000000)
  region size 2048K, 4 young (8192K), 4 survivors (8192K)
 Metaspace       used 33985K, committed 34624K, reserved 1114112K
  class space    used 3522K, committed 3840K, reserved 1048576K

Heap Regions: E=young(eden), S=young(survivor), O=old, HS=humongous(starts), HC=humongous(continues), CS=collection set, F=free, OA=open archive, CA=closed archive, TAMS=top-at-mark-start (previous, next)
|   0|0x0000000705e00000, 0x0000000706000000, 0x0000000706000000|100%| O|  |TAMS 0x0000000706000000, 0x0000000705e00000| Untracked 
|   1|0x0000000706000000, 0x0000000706200000, 0x0000000706200000|100%| O|  |TAMS 0x0000000706200000, 0x0000000706000000| Untracked 
|   2|0x0000000706200000, 0x0000000706400000, 0x0000000706400000|100%| O|  |TAMS 0x0000000706400000, 0x0000000706200000| Untracked 
|   3|0x0000000706400000, 0x0000000706600000, 0x0000000706600000|100%| O|  |TAMS 0x0000000706600000, 0x0000000706400000| Untracked 
|   4|0x0000000706600000, 0x0000000706800000, 0x0000000706800000|100%| O|  |TAMS 0x0000000706800000, 0x0000000706600000| Untracked 
|   5|0x0000000706800000, 0x0000000706a00000, 0x0000000706a00000|100%| O|  |TAMS 0x0000000706a00000, 0x0000000706800000| Untracked 
|   6|0x0000000706a00000, 0x0000000706c00000, 0x0000000706c00000|100%| O|  |TAMS 0x0000000706c00000, 0x0000000706a00000| Untracked 
|   7|0x0000000706c00000, 0x0000000706e00000, 0x0000000706e00000|100%| O|  |TAMS 0x0000000706e00000, 0x0000000706c00000| Untracked 
|   8|0x0000000706e00000, 0x0000000707000000, 0x0000000707000000|100%| O|  |TAMS 0x0000000707000000, 0x0000000706e00000| Untracked 
|   9|0x0000000707000000, 0x0000000707200000, 0x0000000707200000|100%| O|  |TAMS 0x0000000707107c00, 0x0000000707000000| Untracked 
|  10|0x0000000707200000, 0x0000000707400000, 0x0000000707400000|100%| O|  |TAMS 0x0000000707200000, 0x0000000707200000| Untracked 
|  11|0x0000000707400000, 0x0000000707600000, 0x0000000707600000|100%| O|  |TAMS 0x0000000707600000, 0x0000000707400000| Untracked 
|  12|0x0000000707600000, 0x0000000707800000, 0x0000000707800000|100%| O|  |TAMS 0x0000000707800000, 0x0000000707600000| Untracked 
|  13|0x0000000707800000, 0x0000000707a00000, 0x0000000707a00000|100%| O|  |TAMS 0x0000000707a00000, 0x0000000707800000| Untracked 
|  14|0x0000000707a00000, 0x0000000707c00000, 0x0000000707c00000|100%| O|  |TAMS 0x0000000707c00000, 0x0000000707a00000| Untracked 
|  15|0x0000000707c00000, 0x0000000707e00000, 0x0000000707e00000|100%| O|  |TAMS 0x0000000707c00000, 0x0000000707c00000| Untracked 
|  16|0x0000000707e00000, 0x0000000708000000, 0x0000000708000000|100%| O|  |TAMS 0x0000000707e00000, 0x0000000707e00000| Untracked 
|  17|0x0000000708000000, 0x0000000708200000, 0x0000000708200000|100%| O|  |TAMS 0x0000000708000000, 0x0000000708000000| Untracked 
|  18|0x0000000708200000, 0x0000000708400000, 0x0000000708400000|100%| O|  |TAMS 0x0000000708200000, 0x0000000708200000| Untracked 
|  19|0x0000000708400000, 0x0000000708600000, 0x0000000708600000|100%| O|  |TAMS 0x0000000708400000, 0x0000000708400000| Untracked 
|  20|0x0000000708600000, 0x0000000708800000, 0x0000000708800000|100%|HS|  |TAMS 0x0000000708600000, 0x0000000708600000| Complete 
|  21|0x0000000708800000, 0x0000000708a00000, 0x0000000708a00000|100%|HC|  |TAMS 0x0000000708800000, 0x0000000708800000| Complete 
|  22|0x0000000708a00000, 0x0000000708c00000, 0x0000000708c00000|100%| O|  |TAMS 0x0000000708a00000, 0x0000000708a00000| Untracked 
|  23|0x0000000708c00000, 0x0000000708e00000, 0x0000000708e00000|100%| O|  |TAMS 0x0000000708c00000, 0x0000000708c00000| Untracked 
|  24|0x0000000708e00000, 0x0000000709000000, 0x0000000709000000|100%| O|  |TAMS 0x0000000708e00000, 0x0000000708e00000| Untracked 
|  25|0x0000000709000000, 0x0000000709200000, 0x0000000709200000|100%| O|  |TAMS 0x0000000709000000, 0x0000000709000000| Untracked 
|  26|0x0000000709200000, 0x00000007092d4600, 0x0000000709400000| 41%| O|  |TAMS 0x0000000709200000, 0x0000000709200000| Untracked 
|  27|0x0000000709400000, 0x0000000709400000, 0x0000000709600000|  0%| F|  |TAMS 0x0000000709400000, 0x0000000709400000| Untracked 
|  28|0x0000000709600000, 0x0000000709600000, 0x0000000709800000|  0%| F|  |TAMS 0x0000000709600000, 0x0000000709600000| Untracked 
|  29|0x0000000709800000, 0x0000000709a00000, 0x0000000709a00000|100%| S|CS|TAMS 0x0000000709800000, 0x0000000709800000| Complete 
|  30|0x0000000709a00000, 0x0000000709c00000, 0x0000000709c00000|100%| S|CS|TAMS 0x0000000709a00000, 0x0000000709a00000| Complete 
|  31|0x0000000709c00000, 0x0000000709c00000, 0x0000000709e00000|  0%| F|  |TAMS 0x0000000709c00000, 0x0000000709c00000| Untracked 
|  32|0x0000000709e00000, 0x0000000709e00000, 0x000000070a000000|  0%| F|  |TAMS 0x0000000709e00000, 0x0000000709e00000| Untracked 
|  33|0x000000070a000000, 0x000000070a200000, 0x000000070a200000|100%| S|CS|TAMS 0x000000070a000000, 0x000000070a000000| Complete 
|  34|0x000000070a200000, 0x000000070a200000, 0x000000070a400000|  0%| F|  |TAMS 0x000000070a200000, 0x000000070a200000| Untracked 
|  35|0x000000070a400000, 0x000000070a600000, 0x000000070a600000|100%| S|CS|TAMS 0x000000070a400000, 0x000000070a400000| Complete 
|  36|0x000000070a600000, 0x000000070a600000, 0x000000070a800000|  0%| F|  |TAMS 0x000000070a600000, 0x000000070a600000| Untracked 
|  37|0x000000070a800000, 0x000000070a800000, 0x000000070aa00000|  0%| F|  |TAMS 0x000000070a800000, 0x000000070a800000| Untracked 
|  38|0x000000070aa00000, 0x000000070aa00000, 0x000000070ac00000|  0%| F|  |TAMS 0x000000070aa00000, 0x000000070aa00000| Untracked 
|  39|0x000000070ac00000, 0x000000070ac00000, 0x000000070ae00000|  0%| F|  |TAMS 0x000000070ac00000, 0x000000070ac00000| Untracked 
|  40|0x000000070ae00000, 0x000000070ae00000, 0x000000070b000000|  0%| F|  |TAMS 0x000000070ae00000, 0x000000070ae00000| Untracked 
|  41|0x000000070b000000, 0x000000070b000000, 0x000000070b200000|  0%| F|  |TAMS 0x000000070b000000, 0x000000070b000000| Untracked 
|  42|0x000000070b200000, 0x000000070b200000, 0x000000070b400000|  0%| F|  |TAMS 0x000000070b200000, 0x000000070b200000| Untracked 
|  43|0x000000070b400000, 0x000000070b400000, 0x000000070b600000|  0%| F|  |TAMS 0x000000070b400000, 0x000000070b400000| Untracked 
|  44|0x000000070b600000, 0x000000070b600000, 0x000000070b800000|  0%| F|  |TAMS 0x000000070b600000, 0x000000070b600000| Untracked 
|  45|0x000000070b800000, 0x000000070b800000, 0x000000070ba00000|  0%| F|  |TAMS 0x000000070b800000, 0x000000070b800000| Untracked 
|  46|0x000000070ba00000, 0x000000070ba00000, 0x000000070bc00000|  0%| F|  |TAMS 0x000000070ba00000, 0x000000070ba00000| Untracked 
|  47|0x000000070bc00000, 0x000000070bc00000, 0x000000070be00000|  0%| F|  |TAMS 0x000000070bc00000, 0x000000070bc00000| Untracked 
|  48|0x000000070be00000, 0x000000070be00000, 0x000000070c000000|  0%| F|  |TAMS 0x000000070be00000, 0x000000070be00000| Untracked 
|  49|0x000000070c000000, 0x000000070c000000, 0x000000070c200000|  0%| F|  |TAMS 0x000000070c000000, 0x000000070c000000| Untracked 
|  50|0x000000070c200000, 0x000000070c200000, 0x000000070c400000|  0%| F|  |TAMS 0x000000070c200000, 0x000000070c200000| Untracked 
|  51|0x000000070c400000, 0x000000070c400000, 0x000000070c600000|  0%| F|  |TAMS 0x000000070c400000, 0x000000070c400000| Untracked 
|  52|0x000000070c600000, 0x000000070c600000, 0x000000070c800000|  0%| F|  |TAMS 0x000000070c600000, 0x000000070c600000| Untracked 
|  53|0x000000070c800000, 0x000000070c800000, 0x000000070ca00000|  0%| F|  |TAMS 0x000000070c800000, 0x000000070c800000| Untracked 
|  54|0x000000070ca00000, 0x000000070ca00000, 0x000000070cc00000|  0%| F|  |TAMS 0x000000070ca00000, 0x000000070ca00000| Untracked 
|  55|0x000000070cc00000, 0x000000070cc00000, 0x000000070ce00000|  0%| F|  |TAMS 0x000000070cc00000, 0x000000070cc00000| Untracked 
|  56|0x000000070ce00000, 0x000000070ce00000, 0x000000070d000000|  0%| F|  |TAMS 0x000000070ce00000, 0x000000070ce00000| Untracked 
|  57|0x000000070d000000, 0x000000070d000000, 0x000000070d200000|  0%| F|  |TAMS 0x000000070d000000, 0x000000070d000000| Untracked 
|  58|0x000000070d200000, 0x000000070d200000, 0x000000070d400000|  0%| F|  |TAMS 0x000000070d200000, 0x000000070d200000| Untracked 
|  59|0x000000070d400000, 0x000000070d400000, 0x000000070d600000|  0%| F|  |TAMS 0x000000070d400000, 0x000000070d400000| Untracked 
|  60|0x000000070d600000, 0x000000070d600000, 0x000000070d800000|  0%| F|  |TAMS 0x000000070d600000, 0x000000070d600000| Untracked 
|  61|0x000000070d800000, 0x000000070d800000, 0x000000070da00000|  0%| F|  |TAMS 0x000000070d800000, 0x000000070d800000| Untracked 
| 125|0x0000000715800000, 0x0000000715800000, 0x0000000715a00000|  0%| F|  |TAMS 0x0000000715800000, 0x0000000715800000| Untracked 
|2000|0x00000007ffe00000, 0x0000000800000000, 0x0000000800000000|100%| O|  |TAMS 0x0000000800000000, 0x00000007ffe00000| Untracked 

Card table byte_map: [0x0000020e63a20000,0x0000020e64200000] _byte_map_base: 0x0000020e601f1000

Marking Bits (Prev, Next): (CMBitMap*) 0x0000020e4bacb000, (CMBitMap*) 0x0000020e4bacb040
 Prev Bits: [0x0000020e649e0000, 0x0000020e68868000)
 Next Bits: [0x0000020e68870000, 0x0000020e6c6f8000)

Polling page: 0x0000020e499d0000

Metaspace:

Usage:
  Non-class:     29.75 MB used.
      Class:      3.44 MB used.
       Both:     33.19 MB used.

Virtual space:
  Non-class space:       64.00 MB reserved,      30.06 MB ( 47%) committed,  1 nodes.
      Class space:        1.00 GB reserved,       3.75 MB ( <1%) committed,  1 nodes.
             Both:        1.06 GB reserved,      33.81 MB (  3%) committed. 

Chunk freelists:
   Non-Class:  1.95 MB
       Class:  256.00 KB
        Both:  2.20 MB

MaxMetaspaceSize: unlimited
CompressedClassSpaceSize: 1.00 GB
Initial GC threshold: 21.00 MB
Current GC threshold: 41.50 MB
CDS: on
MetaspaceReclaimPolicy: balanced
 - commit_granule_bytes: 65536.
 - commit_granule_words: 8192.
 - virtual_space_node_default_size: 8388608.
 - enlarge_chunks_in_place: 1.
 - new_chunks_are_fully_committed: 0.
 - uncommit_free_chunks: 1.
 - use_allocation_guard: 0.


Internal statistics:

num_allocs_failed_limit: 3.
num_arena_births: 722.
num_arena_deaths: 0.
num_vsnodes_births: 2.
num_vsnodes_deaths: 0.
num_space_committed: 541.
num_space_uncommitted: 0.
num_chunks_returned_to_freelist: 3.
num_chunks_taken_from_freelist: 2032.
num_chunk_merges: 3.
num_chunk_splits: 1400.
num_chunks_enlarged: 1000.
num_inconsistent_stats: 0.

CodeHeap 'non-profiled nmethods': size=119168Kb used=5689Kb max_used=5689Kb free=113478Kb
 bounds [0x0000020e5b560000, 0x0000020e5baf0000, 0x0000020e629c0000]
CodeHeap 'profiled nmethods': size=119104Kb used=20708Kb max_used=20708Kb free=98395Kb
 bounds [0x0000020e539c0000, 0x0000020e54e00000, 0x0000020e5ae10000]
CodeHeap 'non-nmethods': size=7488Kb used=3030Kb max_used=3156Kb free=4457Kb
 bounds [0x0000020e5ae10000, 0x0000020e5b130000, 0x0000020e5b560000]
 total_blobs=9827 nmethods=9255 adapters=479
 compilation: enabled
              stopped_count=0, restarted_count=0
 full_count=0

Compilation events (20 events):
Event: 5.239 Thread 0x0000020e738a3920 nmethod 10743 0x0000020e54df1a90 code [0x0000020e54df1ee0, 0x0000020e54df3d78]
Event: 5.239 Thread 0x0000020e738a1390 nmethod 10749 0x0000020e54df4710 code [0x0000020e54df48e0, 0x0000020e54df4ce8]
Event: 5.239 Thread 0x0000020e73876d90 nmethod 10746 0x0000020e54df4e90 code [0x0000020e54df5300, 0x0000020e54df7a18]
Event: 5.249 Thread 0x0000020e738a1390 10750       3       java.util.jar.Manifest::getTrustedAttributes (57 bytes)
Event: 5.250 Thread 0x0000020e738a1390 nmethod 10750 0x0000020e54df8310 code [0x0000020e54df8560, 0x0000020e54df8f88]
Event: 5.260 Thread 0x0000020e6f6ae840 10752       1       org.codehaus.plexus.archiver.ArchiveEntry::getName (5 bytes)
Event: 5.260 Thread 0x0000020e6f6ae840 nmethod 10752 0x0000020e5badea90 code [0x0000020e5badec20, 0x0000020e5badecf8]
Event: 5.263 Thread 0x0000020e73876d90 10754       1       org.codehaus.plexus.components.io.resources.PlexusIoFileResource::getAttributes (5 bytes)
Event: 5.263 Thread 0x0000020e738a3920 10755       1       org.codehaus.plexus.archiver.ArchiveEntry::getResource (5 bytes)
Event: 5.264 Thread 0x0000020e73876d90 nmethod 10754 0x0000020e5baed290 code [0x0000020e5baed420, 0x0000020e5baed4f8]
Event: 5.264 Thread 0x0000020e738a3920 nmethod 10755 0x0000020e5baed590 code [0x0000020e5baed720, 0x0000020e5baed7f8]
Event: 5.264 Thread 0x0000020e74463f50 nmethod 10613 0x0000020e5badf090 code [0x0000020e5badf880, 0x0000020e5bae8c80]
Event: 5.264 Thread 0x0000020e73876d90 10756       1       java.util.zip.Deflater$DeflaterZStreamRef::address (5 bytes)
Event: 5.264 Thread 0x0000020e73876d90 nmethod 10756 0x0000020e5baed890 code [0x0000020e5baeda20, 0x0000020e5baedad8]
Event: 5.265 Thread 0x0000020e740855f0 10757       4       java.io.InputStream::<init> (5 bytes)
Event: 5.265 Thread 0x0000020e740855f0 nmethod 10757 0x0000020e5baedb90 code [0x0000020e5baedd00, 0x0000020e5baedd78]
Event: 5.265 Thread 0x0000020e74463f50 10758       4       java.time.temporal.ChronoField::checkValidValue (10 bytes)
Event: 5.266 Thread 0x0000020e74463f50 nmethod 10758 0x0000020e5baede90 code [0x0000020e5baee020, 0x0000020e5baee118]
Event: 5.266 Thread 0x0000020e73dead50 10759       4       jdk.internal.util.Preconditions::checkFromIndexSize (25 bytes)
Event: 5.266 Thread 0x0000020e73dead50 nmethod 10759 0x0000020e5baee210 code [0x0000020e5baee3a0, 0x0000020e5baee458]

GC Heap History (20 events):
Event: 2.444 GC heap after
{Heap after GC invocations=7 (full 0):
 garbage-first heap   total 63488K, used 29302K [0x0000000705e00000, 0x0000000800000000)
  region size 2048K, 2 young (4096K), 2 survivors (4096K)
 Metaspace       used 24284K, committed 24640K, reserved 1114112K
  class space    used 2581K, committed 2752K, reserved 1048576K
}
Event: 2.536 GC heap before
{Heap before GC invocations=7 (full 0):
 garbage-first heap   total 63488K, used 43638K [0x0000000705e00000, 0x0000000800000000)
  region size 2048K, 9 young (18432K), 2 survivors (4096K)
 Metaspace       used 24690K, committed 24960K, reserved 1114112K
  class space    used 2630K, committed 2752K, reserved 1048576K
}
Event: 2.540 GC heap after
{Heap after GC invocations=8 (full 0):
 garbage-first heap   total 63488K, used 31661K [0x0000000705e00000, 0x0000000800000000)
  region size 2048K, 1 young (2048K), 1 survivors (2048K)
 Metaspace       used 24690K, committed 24960K, reserved 1114112K
  class space    used 2630K, committed 2752K, reserved 1048576K
}
Event: 2.614 GC heap before
{Heap before GC invocations=8 (full 0):
 garbage-first heap   total 63488K, used 43949K [0x0000000705e00000, 0x0000000800000000)
  region size 2048K, 8 young (16384K), 1 survivors (2048K)
 Metaspace       used 25021K, committed 25472K, reserved 1114112K
  class space    used 2643K, committed 2880K, reserved 1048576K
}
Event: 2.618 GC heap after
{Heap after GC invocations=9 (full 0):
 garbage-first heap   total 161792K, used 35112K [0x0000000705e00000, 0x0000000800000000)
  region size 2048K, 1 young (2048K), 1 survivors (2048K)
 Metaspace       used 25021K, committed 25472K, reserved 1114112K
  class space    used 2643K, committed 2880K, reserved 1048576K
}
Event: 3.214 GC heap before
{Heap before GC invocations=10 (full 0):
 garbage-first heap   total 131072K, used 110888K [0x0000000705e00000, 0x0000000800000000)
  region size 2048K, 38 young (77824K), 1 survivors (2048K)
 Metaspace       used 27319K, committed 27776K, reserved 1114112K
  class space    used 2862K, committed 3136K, reserved 1048576K
}
Event: 3.219 GC heap after
{Heap after GC invocations=11 (full 0):
 garbage-first heap   total 131072K, used 40256K [0x0000000705e00000, 0x0000000800000000)
  region size 2048K, 3 young (6144K), 3 survivors (6144K)
 Metaspace       used 27319K, committed 27776K, reserved 1114112K
  class space    used 2862K, committed 3136K, reserved 1048576K
}
Event: 3.223 GC heap before
{Heap before GC invocations=11 (full 0):
 garbage-first heap   total 131072K, used 42304K [0x0000000705e00000, 0x0000000800000000)
  region size 2048K, 4 young (8192K), 3 survivors (6144K)
 Metaspace       used 27319K, committed 27776K, reserved 1114112K
  class space    used 2862K, committed 3136K, reserved 1048576K
}
Event: 3.227 GC heap after
{Heap after GC invocations=12 (full 0):
 garbage-first heap   total 131072K, used 40413K [0x0000000705e00000, 0x0000000800000000)
  region size 2048K, 1 young (2048K), 1 survivors (2048K)
 Metaspace       used 27319K, committed 27776K, reserved 1114112K
  class space    used 2862K, committed 3136K, reserved 1048576K
}
Event: 3.455 GC heap before
{Heap before GC invocations=12 (full 0):
 garbage-first heap   total 131072K, used 91613K [0x0000000705e00000, 0x0000000800000000)
  region size 2048K, 27 young (55296K), 1 survivors (2048K)
 Metaspace       used 27997K, committed 28480K, reserved 1114112K
  class space    used 2942K, committed 3200K, reserved 1048576K
}
Event: 3.457 GC heap after
{Heap after GC invocations=13 (full 0):
 garbage-first heap   total 131072K, used 41117K [0x0000000705e00000, 0x0000000800000000)
  region size 2048K, 1 young (2048K), 1 survivors (2048K)
 Metaspace       used 27997K, committed 28480K, reserved 1114112K
  class space    used 2942K, committed 3200K, reserved 1048576K
}
Event: 3.602 GC heap before
{Heap before GC invocations=13 (full 0):
 garbage-first heap   total 131072K, used 96413K [0x0000000705e00000, 0x0000000800000000)
  region size 2048K, 28 young (57344K), 1 survivors (2048K)
 Metaspace       used 28218K, committed 28736K, reserved 1114112K
  class space    used 2953K, committed 3200K, reserved 1048576K
}
Event: 3.605 GC heap after
{Heap after GC invocations=14 (full 0):
 garbage-first heap   total 131072K, used 42008K [0x0000000705e00000, 0x0000000800000000)
  region size 2048K, 2 young (4096K), 2 survivors (4096K)
 Metaspace       used 28218K, committed 28736K, reserved 1114112K
  class space    used 2953K, committed 3200K, reserved 1048576K
}
Event: 3.760 GC heap before
{Heap before GC invocations=14 (full 0):
 garbage-first heap   total 131072K, used 99352K [0x0000000705e00000, 0x0000000800000000)
  region size 2048K, 30 young (61440K), 2 survivors (4096K)
 Metaspace       used 28452K, committed 29056K, reserved 1114112K
  class space    used 2969K, committed 3264K, reserved 1048576K
}
Event: 3.763 GC heap after
{Heap after GC invocations=15 (full 0):
 garbage-first heap   total 131072K, used 42173K [0x0000000705e00000, 0x0000000800000000)
  region size 2048K, 2 young (4096K), 2 survivors (4096K)
 Metaspace       used 28452K, committed 29056K, reserved 1114112K
  class space    used 2969K, committed 3264K, reserved 1048576K
}
Event: 4.536 GC heap before
{Heap before GC invocations=15 (full 0):
 garbage-first heap   total 131072K, used 101565K [0x0000000705e00000, 0x0000000800000000)
  region size 2048K, 31 young (63488K), 2 survivors (4096K)
 Metaspace       used 30948K, committed 31552K, reserved 1114112K
  class space    used 3196K, committed 3456K, reserved 1048576K
}
Event: 4.541 GC heap after
{Heap after GC invocations=16 (full 0):
 garbage-first heap   total 131072K, used 44655K [0x0000000705e00000, 0x0000000800000000)
  region size 2048K, 3 young (6144K), 3 survivors (6144K)
 Metaspace       used 30948K, committed 31552K, reserved 1114112K
  class space    used 3196K, committed 3456K, reserved 1048576K
}
Event: 4.912 GC heap before
{Heap before GC invocations=16 (full 0):
 garbage-first heap   total 131072K, used 106095K [0x0000000705e00000, 0x0000000800000000)
  region size 2048K, 31 young (63488K), 3 survivors (6144K)
 Metaspace       used 32348K, committed 33024K, reserved 1114112K
  class space    used 3306K, committed 3648K, reserved 1048576K
}
Event: 4.917 GC heap after
{Heap after GC invocations=17 (full 0):
 garbage-first heap   total 131072K, used 49579K [0x0000000705e00000, 0x0000000800000000)
  region size 2048K, 4 young (8192K), 4 survivors (8192K)
 Metaspace       used 32348K, committed 33024K, reserved 1114112K
  class space    used 3306K, committed 3648K, reserved 1048576K
}
Event: 5.266 GC heap before
{Heap before GC invocations=17 (full 0):
 garbage-first heap   total 131072K, used 102827K [0x0000000705e00000, 0x0000000800000000)
  region size 2048K, 31 young (63488K), 4 survivors (8192K)
 Metaspace       used 33985K, committed 34624K, reserved 1114112K
  class space    used 3522K, committed 3840K, reserved 1048576K
}

Dll operation events (12 events):
Event: 0.005 Loaded shared library C:\Program Files\Java\jdk-19\bin\java.dll
Event: 0.009 Loaded shared library C:\Program Files\Java\jdk-19\bin\jsvml.dll
Event: 0.037 Loaded shared library C:\Program Files\Java\jdk-19\bin\zip.dll
Event: 0.039 Loaded shared library C:\Program Files\Java\jdk-19\bin\instrument.dll
Event: 0.041 Loaded shared library C:\Program Files\Java\jdk-19\bin\net.dll
Event: 0.042 Loaded shared library C:\Program Files\Java\jdk-19\bin\nio.dll
Event: 0.043 Loaded shared library C:\Program Files\Java\jdk-19\bin\zip.dll
Event: 0.050 Loaded shared library C:\Program Files\JetBrains\IntelliJ IDEA 2022.1.2\bin\breakgen64.dll
Event: 0.055 Loaded shared library C:\Program Files\Java\jdk-19\bin\extnet.dll
Event: 0.102 Loaded shared library C:\Program Files\Java\jdk-19\bin\jimage.dll
Event: 0.138 Loaded shared library C:\Users\99293\AppData\Local\Temp\jansi-2.4.0-ccd25b7fad1ea4ed-jansi.dll
Event: 0.144 Loaded shared library C:\Program Files\Java\jdk-19\bin\verify.dll

Deoptimization events (20 events):
Event: 5.209 Thread 0x0000020e4ba57e10 Uncommon trap: trap_request=0xffffff45 fr.pc=0x0000020e5bad90dc relative=0x00000000000005fc
Event: 5.209 Thread 0x0000020e4ba57e10 Uncommon trap: reason=unstable_if action=reinterpret pc=0x0000020e5bad90dc method=org.codehaus.plexus.util.SelectorUtils.matchAntPathPattern([[C[[CZ)Z @ 27 c2
Event: 5.209 Thread 0x0000020e4ba57e10 DEOPT PACKING pc=0x0000020e5bad90dc sp=0x000000658d6fdc60
Event: 5.209 Thread 0x0000020e4ba57e10 DEOPT UNPACKING pc=0x0000020e5ae76da3 sp=0x000000658d6fdbb0 mode 2
Event: 5.262 Thread 0x0000020e7697dab0 Uncommon trap: trap_request=0xffffffc6 fr.pc=0x0000020e5b5c6654 relative=0x0000000000000214
Event: 5.262 Thread 0x0000020e7697dab0 Uncommon trap: reason=bimorphic_or_optimized_type_check action=maybe_recompile pc=0x0000020e5b5c6654 method=java.util.concurrent.locks.AbstractQueuedSynchronizer.release(I)Z @ 2 c2
Event: 5.262 Thread 0x0000020e7697dab0 DEOPT PACKING pc=0x0000020e5b5c6654 sp=0x00000065902ff260
Event: 5.262 Thread 0x0000020e7697dab0 DEOPT UNPACKING pc=0x0000020e5ae76da3 sp=0x00000065902ff228 mode 2
Event: 5.263 Thread 0x0000020e7697e000 Uncommon trap: trap_request=0xffffffc6 fr.pc=0x0000020e5b5c6654 relative=0x0000000000000214
Event: 5.263 Thread 0x0000020e7697e000 Uncommon trap: reason=bimorphic_or_optimized_type_check action=maybe_recompile pc=0x0000020e5b5c6654 method=java.util.concurrent.locks.AbstractQueuedSynchronizer.release(I)Z @ 2 c2
Event: 5.263 Thread 0x0000020e7697e000 DEOPT PACKING pc=0x0000020e5b5c6654 sp=0x00000065903ff4e0
Event: 5.263 Thread 0x0000020e7697e000 DEOPT UNPACKING pc=0x0000020e5ae76da3 sp=0x00000065903ff4a8 mode 2
Event: 5.263 Thread 0x0000020e7697aae0 Uncommon trap: trap_request=0xffffffc6 fr.pc=0x0000020e5b5c6654 relative=0x0000000000000214
Event: 5.263 Thread 0x0000020e7697aae0 Uncommon trap: reason=bimorphic_or_optimized_type_check action=maybe_recompile pc=0x0000020e5b5c6654 method=java.util.concurrent.locks.AbstractQueuedSynchronizer.release(I)Z @ 2 c2
Event: 5.263 Thread 0x0000020e7697eff0 Uncommon trap: trap_request=0xffffffc6 fr.pc=0x0000020e5b5c6654 relative=0x0000000000000214
Event: 5.263 Thread 0x0000020e7697eff0 Uncommon trap: reason=bimorphic_or_optimized_type_check action=maybe_recompile pc=0x0000020e5b5c6654 method=java.util.concurrent.locks.AbstractQueuedSynchronizer.release(I)Z @ 2 c2
Event: 5.263 Thread 0x0000020e7697aae0 DEOPT PACKING pc=0x0000020e5b5c6654 sp=0x00000065904fef60
Event: 5.263 Thread 0x0000020e7697aae0 DEOPT UNPACKING pc=0x0000020e5ae76da3 sp=0x00000065904fef28 mode 2
Event: 5.263 Thread 0x0000020e7697eff0 DEOPT PACKING pc=0x0000020e5b5c6654 sp=0x00000065905ff2e0
Event: 5.263 Thread 0x0000020e7697eff0 DEOPT UNPACKING pc=0x0000020e5ae76da3 sp=0x00000065905ff2a8 mode 2

Classes loaded (20 events):
Event: 5.164 Loading class sun/nio/fs/WindowsUserPrincipals$User
Event: 5.164 Loading class java/nio/file/attribute/UserPrincipal
Event: 5.164 Loading class java/nio/file/attribute/UserPrincipal done
Event: 5.164 Loading class sun/nio/fs/WindowsUserPrincipals$User done
Event: 5.166 Loading class java/util/Vector$Itr
Event: 5.166 Loading class java/util/Vector$Itr done
Event: 5.250 Loading class java/util/zip/Deflater
Event: 5.250 Loading class java/util/zip/Deflater done
Event: 5.250 Loading class java/util/zip/Deflater$DeflaterZStreamRef
Event: 5.251 Loading class java/util/zip/Deflater$DeflaterZStreamRef done
Event: 5.253 Loading class java/io/SequenceInputStream
Event: 5.253 Loading class java/io/SequenceInputStream done
Event: 5.254 Loading class java/util/concurrent/Executors$DefaultThreadFactory
Event: 5.254 Loading class java/util/concurrent/Executors$DefaultThreadFactory done
Event: 5.254 Loading class java/util/concurrent/ConcurrentLinkedDeque
Event: 5.254 Loading class java/util/concurrent/ConcurrentLinkedDeque done
Event: 5.254 Loading class java/util/concurrent/ConcurrentLinkedDeque$Node
Event: 5.254 Loading class java/util/concurrent/ConcurrentLinkedDeque$Node done
Event: 5.262 Loading class java/util/concurrent/ThreadPoolExecutor$Worker
Event: 5.262 Loading class java/util/concurrent/ThreadPoolExecutor$Worker done

Classes unloaded (0 events):
No events

Classes redefined (0 events):
No events

Internal exceptions (20 events):
Event: 4.682 Thread 0x0000020e4ba57e10 Exception <a 'sun/nio/fs/WindowsException'{0x000000070c33ed80}> (0x000000070c33ed80) 
thrown [s\open\src\hotspot\share\prims\jni.cpp, line 517]
Event: 4.682 Thread 0x0000020e4ba57e10 Exception <a 'sun/nio/fs/WindowsException'{0x000000070c340020}> (0x000000070c340020) 
thrown [s\open\src\hotspot\share\prims\jni.cpp, line 517]
Event: 4.688 Thread 0x0000020e4ba57e10 Exception <a 'sun/nio/fs/WindowsException'{0x000000070c37df30}> (0x000000070c37df30) 
thrown [s\open\src\hotspot\share\prims\jni.cpp, line 517]
Event: 4.688 Thread 0x0000020e4ba57e10 Exception <a 'sun/nio/fs/WindowsException'{0x000000070c37e648}> (0x000000070c37e648) 
thrown [s\open\src\hotspot\share\prims\jni.cpp, line 517]
Event: 4.688 Thread 0x0000020e4ba57e10 Exception <a 'sun/nio/fs/WindowsException'{0x000000070c37f918}> (0x000000070c37f918) 
thrown [s\open\src\hotspot\share\prims\jni.cpp, line 517]
Event: 4.689 Thread 0x0000020e4ba57e10 Exception <a 'sun/nio/fs/WindowsException'{0x000000070c387718}> (0x000000070c387718) 
thrown [s\open\src\hotspot\share\prims\jni.cpp, line 517]
Event: 4.689 Thread 0x0000020e4ba57e10 Exception <a 'sun/nio/fs/WindowsException'{0x000000070c387e30}> (0x000000070c387e30) 
thrown [s\open\src\hotspot\share\prims\jni.cpp, line 517]
Event: 4.689 Thread 0x0000020e4ba57e10 Exception <a 'sun/nio/fs/WindowsException'{0x000000070c3890f8}> (0x000000070c3890f8) 
thrown [s\open\src\hotspot\share\prims\jni.cpp, line 517]
Event: 4.692 Thread 0x0000020e4ba57e10 Exception <a 'sun/nio/fs/WindowsException'{0x000000070c3f1578}> (0x000000070c3f1578) 
thrown [s\open\src\hotspot\share\prims\jni.cpp, line 517]
Event: 4.692 Thread 0x0000020e4ba57e10 Exception <a 'sun/nio/fs/WindowsException'{0x000000070c3f1c78}> (0x000000070c3f1c78) 
thrown [s\open\src\hotspot\share\prims\jni.cpp, line 517]
Event: 4.692 Thread 0x0000020e4ba57e10 Exception <a 'sun/nio/fs/WindowsException'{0x000000070c3f2e78}> (0x000000070c3f2e78) 
thrown [s\open\src\hotspot\share\prims\jni.cpp, line 517]
Event: 4.693 Thread 0x0000020e4ba57e10 Exception <a 'sun/nio/fs/WindowsException'{0x000000070c010580}> (0x000000070c010580) 
thrown [s\open\src\hotspot\share\prims\jni.cpp, line 517]
Event: 4.693 Thread 0x0000020e4ba57e10 Exception <a 'sun/nio/fs/WindowsException'{0x000000070c010ce0}> (0x000000070c010ce0) 
thrown [s\open\src\hotspot\share\prims\jni.cpp, line 517]
Event: 4.693 Thread 0x0000020e4ba57e10 Exception <a 'sun/nio/fs/WindowsException'{0x000000070c0121d8}> (0x000000070c0121d8) 
thrown [s\open\src\hotspot\share\prims\jni.cpp, line 517]
Event: 4.874 Thread 0x0000020e7697eff0 Exception <a 'java/lang/NoSuchMethodError'{0x000000070a839068}: 'java.lang.Object java.lang.invoke.DirectMethodHandle$Holder.invokeStatic(java.lang.Object, long, java.lang.Object)'> (0x000000070a839068) 
thrown [s\open\src\hotspot\share\interpreter\linkResolver.cpp, line 774]
Event: 4.874 Thread 0x0000020e7697eff0 Exception <a 'java/lang/NoSuchMethodError'{0x000000070a602d60}: 'java.lang.Object java.lang.invoke.DirectMethodHandle$Holder.invokeStaticInit(java.lang.Object, long, java.lang.Object)'> (0x000000070a602d60) 
thrown [s\open\src\hotspot\share\interpreter\linkResolver.cpp, line 774]
Event: 4.875 Thread 0x0000020e7697eff0 Exception <a 'java/lang/NoSuchMethodError'{0x000000070a6089b0}: 'java.lang.Object java.lang.invoke.DirectMethodHandle$Holder.newInvokeSpecial(java.lang.Object, long)'> (0x000000070a6089b0) 
thrown [s\open\src\hotspot\share\interpreter\linkResolver.cpp, line 774]
Event: 4.877 Thread 0x0000020e7697eff0 Exception <a 'java/lang/NoSuchMethodError'{0x000000070a60d240}: 'long java.lang.invoke.DirectMethodHandle$Holder.invokeInterface(java.lang.Object, java.lang.Object)'> (0x000000070a60d240) 
thrown [s\open\src\hotspot\share\interpreter\linkResolver.cpp, line 774]
Event: 4.877 Thread 0x0000020e7697eff0 Exception <a 'java/lang/NoSuchMethodError'{0x000000070a610ba8}: 'long java.lang.invoke.DelegatingMethodHandle$Holder.reinvoke_L(java.lang.Object, java.lang.Object)'> (0x000000070a610ba8) 
thrown [s\open\src\hotspot\share\interpreter\linkResolver.cpp, line 774]
Event: 4.879 Thread 0x0000020e4ba57e10 Exception <a 'java/lang/NoSuchMethodError'{0x000000070a9e5450}: 'java.lang.String org.apache.maven.execution.MavenExecutionRequest.getFailureBehavior()'> (0x000000070a9e5450) 
thrown [s\open\src\hotspot\share\interpreter\linkResolver.cpp, line 870]

VM Operations (20 events):
Event: 4.748 Executing VM operation: ICBufferFull done
Event: 4.836 Executing VM operation: HandshakeAllThreads
Event: 4.836 Executing VM operation: HandshakeAllThreads done
Event: 4.846 Executing VM operation: ICBufferFull
Event: 4.847 Executing VM operation: ICBufferFull done
Event: 4.863 Executing VM operation: HandshakeAllThreads
Event: 4.863 Executing VM operation: HandshakeAllThreads done
Event: 4.911 Executing VM operation: G1CollectForAllocation
Event: 4.917 Executing VM operation: G1CollectForAllocation done
Event: 5.083 Executing VM operation: HandshakeAllThreads
Event: 5.083 Executing VM operation: HandshakeAllThreads done
Event: 5.087 Executing VM operation: HandshakeAllThreads
Event: 5.087 Executing VM operation: HandshakeAllThreads done
Event: 5.162 Executing VM operation: HandshakeAllThreads
Event: 5.162 Executing VM operation: HandshakeAllThreads done
Event: 5.256 Executing VM operation: HandshakeAllThreads
Event: 5.256 Executing VM operation: HandshakeAllThreads done
Event: 5.266 Executing VM operation: G1CollectForAllocation
Event: 5.266 Executing VM operation: G1CollectForAllocation done
Event: 5.266 Executing VM operation: G1CollectForAllocation

Events (20 events):
Event: 4.846 Thread 0x0000020e6f68b130 flushing nmethod 0x0000020e54a42990
Event: 4.846 Thread 0x0000020e6f68b130 flushing nmethod 0x0000020e54a7b510
Event: 4.865 Thread 0x0000020e7697eff0 Thread added: 0x0000020e7697eff0
Event: 4.879 Thread 0x0000020e7697eff0 Thread exited: 0x0000020e7697eff0
Event: 5.262 Thread 0x0000020e7697dab0 Thread added: 0x0000020e7697dab0
Event: 5.262 Thread 0x0000020e7697e000 Thread added: 0x0000020e7697e000
Event: 5.263 Thread 0x0000020e7697aae0 Thread added: 0x0000020e7697aae0
Event: 5.263 Thread 0x0000020e7697eff0 Thread added: 0x0000020e7697eff0
Event: 5.263 Thread 0x0000020e6f68a140 Thread added: 0x0000020e6f68a140
Event: 5.263 Thread 0x0000020e790a7ea0 Thread added: 0x0000020e790a7ea0
Event: 5.264 Thread 0x0000020e790a9e80 Thread added: 0x0000020e790a9e80
Event: 5.264 Thread 0x0000020e790aa3d0 Thread added: 0x0000020e790aa3d0
Event: 5.264 Thread 0x0000020e790aa920 Thread added: 0x0000020e790aa920
Event: 5.265 Thread 0x0000020e790a7400 Thread added: 0x0000020e790a7400
Event: 5.265 Thread 0x0000020e790a9930 Thread added: 0x0000020e790a9930
Event: 5.265 Thread 0x0000020e790a7950 Thread added: 0x0000020e790a7950
Event: 5.265 Thread 0x0000020e790a83f0 Thread added: 0x0000020e790a83f0
Event: 5.266 Thread 0x0000020e790a8940 Thread added: 0x0000020e790a8940
Event: 5.266 Thread 0x0000020e790a8e90 Thread added: 0x0000020e790a8e90
Event: 5.266 Thread 0x0000020e790a93e0 Thread added: 0x0000020e790a93e0


Dynamic libraries:
0x00007ff64de70000 - 0x00007ff64de80000 	C:\Program Files\Java\jdk-19\bin\java.exe
0x00007fff8ff70000 - 0x00007fff90184000 	C:\WINDOWS\SYSTEM32\ntdll.dll
0x00007fff8f410000 - 0x00007fff8f4d2000 	C:\WINDOWS\System32\KERNEL32.DLL
0x00007fff8d360000 - 0x00007fff8d703000 	C:\WINDOWS\System32\KERNELBASE.dll
0x00007fff6b910000 - 0x00007fff6b928000 	C:\Program Files\Java\jdk-19\bin\jli.dll
0x00007fff8da40000 - 0x00007fff8db51000 	C:\WINDOWS\System32\ucrtbase.dll
0x00007fff4e180000 - 0x00007fff4e19b000 	C:\Program Files\Java\jdk-19\bin\VCRUNTIME140.dll
0x00007fff8f8d0000 - 0x00007fff8f97e000 	C:\WINDOWS\System32\ADVAPI32.dll
0x00007fff8e1e0000 - 0x00007fff8e287000 	C:\WINDOWS\System32\msvcrt.dll
0x00007fff8f0d0000 - 0x00007fff8f174000 	C:\WINDOWS\System32\sechost.dll
0x00007fff8df70000 - 0x00007fff8e087000 	C:\WINDOWS\System32\RPCRT4.dll
0x00007fff75000000 - 0x00007fff7528e000 	C:\WINDOWS\WinSxS\amd64_microsoft.windows.common-controls_6595b64144ccf1df_6.0.22621.1635_none_270f70857386168e\COMCTL32.dll
0x00007fff8ddc0000 - 0x00007fff8df6b000 	C:\WINDOWS\System32\USER32.dll
0x00007fff8d830000 - 0x00007fff8d856000 	C:\WINDOWS\System32\win32u.dll
0x00007fff8f1e0000 - 0x00007fff8f209000 	C:\WINDOWS\System32\GDI32.dll
0x00007fff8dc20000 - 0x00007fff8dd38000 	C:\WINDOWS\System32\gdi32full.dll
0x00007fff85320000 - 0x00007fff8532a000 	C:\WINDOWS\SYSTEM32\VERSION.dll
0x00007fff8d710000 - 0x00007fff8d7aa000 	C:\WINDOWS\System32\msvcp_win.dll
0x00007fff8f4e0000 - 0x00007fff8f511000 	C:\WINDOWS\System32\IMM32.DLL
0x00007fff63ab0000 - 0x00007fff63abc000 	C:\Program Files\Java\jdk-19\bin\vcruntime140_1.dll
0x00007fff4c3a0000 - 0x00007fff4c42e000 	C:\Program Files\Java\jdk-19\bin\msvcp140.dll
0x00007fff10840000 - 0x00007fff11500000 	C:\Program Files\Java\jdk-19\bin\server\jvm.dll
0x00007fff86c10000 - 0x00007fff86c19000 	C:\WINDOWS\SYSTEM32\WSOCK32.dll
0x00007fff8e2a0000 - 0x00007fff8e311000 	C:\WINDOWS\System32\WS2_32.dll
0x00007fff85b70000 - 0x00007fff85ba4000 	C:\WINDOWS\SYSTEM32\WINMM.dll
0x00007fff8c4a0000 - 0x00007fff8c4b8000 	C:\WINDOWS\SYSTEM32\kernel.appcore.dll
0x00007fff61f10000 - 0x00007fff61f1a000 	C:\Program Files\Java\jdk-19\bin\jimage.dll
0x00007fff8ac40000 - 0x00007fff8ae6e000 	C:\WINDOWS\SYSTEM32\DBGHELP.DLL
0x00007fff8eb20000 - 0x00007fff8eea9000 	C:\WINDOWS\System32\combase.dll
0x00007fff8e0f0000 - 0x00007fff8e1c7000 	C:\WINDOWS\System32\OLEAUT32.dll
0x00007fff83850000 - 0x00007fff83882000 	C:\WINDOWS\SYSTEM32\dbgcore.DLL
0x00007fff8d7b0000 - 0x00007fff8d82b000 	C:\WINDOWS\System32\bcryptPrimitives.dll
0x00007fff7c7a0000 - 0x00007fff7c7ae000 	C:\Program Files\Java\jdk-19\bin\instrument.dll
0x00007fff4e150000 - 0x00007fff4e176000 	C:\Program Files\Java\jdk-19\bin\java.dll
0x00007fff48e30000 - 0x00007fff48f07000 	C:\Program Files\Java\jdk-19\bin\jsvml.dll
0x00007fff8e320000 - 0x00007fff8eb1a000 	C:\WINDOWS\System32\SHELL32.dll
0x00007fff8b330000 - 0x00007fff8bbfe000 	C:\WINDOWS\SYSTEM32\windows.storage.dll
0x00007fff8b1f0000 - 0x00007fff8b32e000 	C:\WINDOWS\SYSTEM32\wintypes.dll
0x00007fff8f700000 - 0x00007fff8f7f1000 	C:\WINDOWS\System32\SHCORE.dll
0x00007fff8f3b0000 - 0x00007fff8f40e000 	C:\WINDOWS\System32\shlwapi.dll
0x00007fff8d290000 - 0x00007fff8d2b1000 	C:\WINDOWS\SYSTEM32\profapi.dll
0x00007fff4c380000 - 0x00007fff4c398000 	C:\Program Files\Java\jdk-19\bin\zip.dll
0x00007fff4e130000 - 0x00007fff4e143000 	C:\Program Files\Java\jdk-19\bin\net.dll
0x00007fff87530000 - 0x00007fff87667000 	C:\WINDOWS\SYSTEM32\WINHTTP.dll
0x00007fff8c910000 - 0x00007fff8c979000 	C:\WINDOWS\system32\mswsock.dll
0x00007fff4c470000 - 0x00007fff4c486000 	C:\Program Files\Java\jdk-19\bin\nio.dll
0x00007fff62c30000 - 0x00007fff62c4a000 	C:\Program Files\JetBrains\IntelliJ IDEA 2022.1.2\bin\breakgen64.dll
0x00007fff60500000 - 0x00007fff60508000 	C:\Program Files\Java\jdk-19\bin\extnet.dll
0x0000000069ac0000 - 0x0000000069ae4000 	C:\Users\99293\AppData\Local\Temp\jansi-2.4.0-ccd25b7fad1ea4ed-jansi.dll
0x00007fff5f770000 - 0x00007fff5f780000 	C:\Program Files\Java\jdk-19\bin\verify.dll

dbghelp: loaded successfully - version: 4.0.5 - missing functions: none
symbol engine: initialized successfully - sym options: 0x614 - pdb path: .;C:\Program Files\Java\jdk-19\bin;C:\WINDOWS\SYSTEM32;C:\WINDOWS\WinSxS\amd64_microsoft.windows.common-controls_6595b64144ccf1df_6.0.22621.1635_none_270f70857386168e;C:\Program Files\Java\jdk-19\bin\server;C:\Program Files\JetBrains\IntelliJ IDEA 2022.1.2\bin;C:\Users\99293\AppData\Local\Temp

VM Arguments:
jvm_args: -Dmaven.multiModuleProjectDirectory=D:\unitedStates original storage\unitedStates duplicates original storage -Dmaven.home=C:\Users\99293\.m2\wrapper\dists\apache-maven-3.8.6-bin\1ks0nkde5v1pk9vtc31i9d0lcd\apache-maven-3.8.6 -Dclassworlds.conf=C:\Users\99293\.m2\wrapper\dists\apache-maven-3.8.6-bin\1ks0nkde5v1pk9vtc31i9d0lcd\apache-maven-3.8.6\bin\m2.conf -Dmaven.ext.class.path=C:\Program Files\JetBrains\IntelliJ IDEA 2022.1.2\plugins\maven\lib\maven-event-listener.jar -javaagent:C:\Program Files\JetBrains\IntelliJ IDEA 2022.1.2\lib\idea_rt.jar=64976:C:\Program Files\JetBrains\IntelliJ IDEA 2022.1.2\bin -Dfile.encoding=UTF-8 
java_command: org.codehaus.classworlds.Launcher -Didea.version=2022.1.2 package
java_class_path (initial): C:\Users\99293\.m2\wrapper\dists\apache-maven-3.8.6-bin\1ks0nkde5v1pk9vtc31i9d0lcd\apache-maven-3.8.6\boot\plexus-classworlds-2.6.0.jar;C:\Users\99293\.m2\wrapper\dists\apache-maven-3.8.6-bin\1ks0nkde5v1pk9vtc31i9d0lcd\apache-maven-3.8.6\boot\plexus-classworlds.license
Launcher Type: SUN_STANDARD

[Global flags]
     intx CICompilerCount                          = 12                                        {product} {ergonomic}
     uint ConcGCThreads                            = 3                                         {product} {ergonomic}
     uint G1ConcRefinementThreads                  = 13                                        {product} {ergonomic}
   size_t G1HeapRegionSize                         = 2097152                                   {product} {ergonomic}
    uintx GCDrainStackTargetSize                   = 64                                        {product} {ergonomic}
   size_t InitialHeapSize                          = 264241152                                 {product} {ergonomic}
   size_t MarkStackSize                            = 4194304                                   {product} {ergonomic}
   size_t MaxHeapSize                              = 4196401152                                {product} {ergonomic}
   size_t MaxNewSize                               = 2516582400                                {product} {ergonomic}
   size_t MinHeapDeltaBytes                        = 2097152                                   {product} {ergonomic}
   size_t MinHeapSize                              = 8388608                                   {product} {ergonomic}
    uintx NonNMethodCodeHeapSize                   = 7602480                                {pd product} {ergonomic}
    uintx NonProfiledCodeHeapSize                  = 122027880                              {pd product} {ergonomic}
    uintx ProfiledCodeHeapSize                     = 122027880                              {pd product} {ergonomic}
    uintx ReservedCodeCacheSize                    = 251658240                              {pd product} {ergonomic}
     bool SegmentedCodeCache                       = true                                      {product} {ergonomic}
   size_t SoftMaxHeapSize                          = 4196401152                             {manageable} {ergonomic}
     bool UseCompressedClassPointers               = true                           {product lp64_product} {ergonomic}
     bool UseCompressedOops                        = true                           {product lp64_product} {ergonomic}
     bool UseG1GC                                  = true                                      {product} {ergonomic}
     bool UseLargePagesIndividualAllocation        = false                                  {pd product} {ergonomic}

Logging:
Log output configuration:
 #0: stdout all=warning uptime,level,tags foldmultilines=false
 #1: stderr all=off uptime,level,tags foldmultilines=false

Environment Variables:
PATH=C:\Program Files\Common Files\Oracle\Java\javapath;C:\Windows\system32;C:\Windows;C:\Windows\System32\Wbem;C:\Windows\System32\WindowsPowerShell\v1.0\;C:\Windows\System32\OpenSSH\;C:\Program Files (x86)\NVIDIA Corporation\PhysX\Common;C:\Program Files\NVIDIA Corporation\NVIDIA NvDLISR;C:\Program Files\Git\cmd;C:\Program Files (x86)\dotnet\;%SystemRoot%\system32;%SystemRoot%;%SystemRoot%\System32\Wbem;%SYSTEMROOT%\System32\WindowsPowerShell\v1.0\;%SYSTEMROOT%\System32\OpenSSH\;C:\Users\99293\AppData\Local\Programs\Python\Python311\Scripts\;C:\Users\99293\AppData\Local\Programs\Python\Python311\;C:\Users\99293\AppData\Local\Microsoft\WindowsApps;;C:\Program Files\JetBrains\IntelliJ IDEA 2022.1.2\bin;;C:\Program Files\heroku\bin
USERNAME=ASUS
OS=Windows_NT
PROCESSOR_IDENTIFIER=Intel64 Family 6 Model 154 Stepping 3, GenuineIntel
TMP=C:\Users\99293\AppData\Local\Temp
TEMP=C:\Users\99293\AppData\Local\Temp



---------------  S Y S T E M  ---------------

OS:
 Windows 11 , 64 bit Build 22621 (10.0.22621.1635)
OS uptime: 1 days 23:14 hours
Hyper-V role detected

CPU: total 16 (initial active 16) (8 cores per cpu, 2 threads per core) family 6 model 154 stepping 3 microcode 0x41c, cx8, cmov, fxsr, ht, mmx, 3dnowpref, sse, sse2, sse3, ssse3, sse4.1, sse4.2, popcnt, lzcnt, tsc, tscinvbit, avx, avx2, aes, erms, clmul, bmi1, bmi2, adx, sha, fma, vzeroupper, clflush, clflushopt, clwb, hv, serialize, rdtscp, rdpid, fsrm

Memory: 4k page, system-wide physical 16005M (3259M free)
TotalPageFile size 18053M (AvailPageFile size 104M)
current process WorkingSet (physical memory assigned to process): 335M, peak: 391M
current process commit charge ("private bytes"): 380M, peak: 506M

vm_info: Java HotSpot(TM) 64-Bit Server VM (19.0.2+7-44) for windows-amd64 JRE (19.0.2+7-44), built on 2022-11-30T18:02:09Z by "mach5one" with MS VC++ 17.1 (VS2022)

END.
