#
# There is insufficient memory for the Java Runtime Environment to continue.
# Native memory allocation (malloc) failed to allocate 575712 bytes for Chunk::new
# Possible reasons:
#   The system is out of physical RAM or swap space
#   The process is running with CompressedOops enabled, and the Java Heap may be blocking the growth of the native heap
# Possible solutions:
#   Reduce memory load on the system
#   Increase physical memory or swap space
#   Check if swap backing store is full
#   Decrease Java heap size (-Xmx/-Xms)
#   Decrease number of Java threads
#   Decrease Java thread stack sizes (-Xss)
#   Set larger code cache with -XX:ReservedCodeCacheSize=
#   JVM is running with Zero Based Compressed Oops mode in which the Java heap is
#     placed in the first 32GB address space. The Java Heap base address is the
#     maximum limit for the native heap growth. Please use -XX:HeapBaseMinAddress
#     to set the Java Heap base and to place the Java Heap above 32GB virtual address.
# This output file may be truncated or incomplete.
#
#  Out of Memory Error (arena.cpp:184), pid=6636, tid=25856
#
# JRE version: Java(TM) SE Runtime Environment (19.0.2+7) (build 19.0.2+7-44)
# Java VM: Java HotSpot(TM) 64-Bit Server VM (19.0.2+7-44, mixed mode, sharing, tiered, compressed oops, compressed class ptrs, g1 gc, windows-amd64)
# No core dump will be written. Minidumps are not enabled by default on client versions of Windows
#

---------------  S U M M A R Y ------------

Command Line: -Dmaven.multiModuleProjectDirectory=D:\unitedStates_storage-master\unitedStates_storage -Dmaven.home=C:\Users\99293\.m2\wrapper\dists\apache-maven-3.8.6-bin\1ks0nkde5v1pk9vtc31i9d0lcd\apache-maven-3.8.6 -Dclassworlds.conf=C:\Users\99293\.m2\wrapper\dists\apache-maven-3.8.6-bin\1ks0nkde5v1pk9vtc31i9d0lcd\apache-maven-3.8.6\bin\m2.conf -Dmaven.ext.class.path=C:\Program Files\JetBrains\IntelliJ IDEA 2022.1.2\plugins\maven\lib\maven-event-listener.jar -javaagent:C:\Program Files\JetBrains\IntelliJ IDEA 2022.1.2\lib\idea_rt.jar=51315:C:\Program Files\JetBrains\IntelliJ IDEA 2022.1.2\bin -Dfile.encoding=UTF-8 org.codehaus.classworlds.Launcher -Didea.version=2022.1.2 clean

Host: 12th Gen Intel(R) Core(TM) i7-12650H, 16 cores, 15G,  Windows 11 , 64 bit Build 22621 (10.0.22621.3672)
Time: Wed Jul 17 00:25:12 2024  Windows 11 , 64 bit Build 22621 (10.0.22621.3672) elapsed time: 0.425474 seconds (0d 0h 0m 0s)

---------------  T H R E A D  ---------------

Current thread (0x0000021238d27dd0):  JavaThread "C2 CompilerThread3" daemon [_thread_in_native, id=25856, stack(0x0000007fc5000000,0x0000007fc5100000)]


Current CompileTask:
C2:    425 1131       4       org.codehaus.plexus.util.xml.XmlReader::read (11 bytes)

Stack: [0x0000007fc5000000,0x0000007fc5100000]
Native frames: (J=compiled Java code, j=interpreted, Vv=VM code, C=native code)
V  [jvm.dll+0x6ee21a]
V  [jvm.dll+0x85765e]
V  [jvm.dll+0x85904e]
V  [jvm.dll+0x859703]
V  [jvm.dll+0x28298f]
V  [jvm.dll+0xc9adf]
V  [jvm.dll+0xc9e65]
V  [jvm.dll+0x3bca4c]
V  [jvm.dll+0x1ee0aa]
V  [jvm.dll+0x24c52b]
V  [jvm.dll+0x24b781]
V  [jvm.dll+0x1d6ce1]
V  [jvm.dll+0x25b25a]
V  [jvm.dll+0x2596e8]
V  [jvm.dll+0x807588]
V  [jvm.dll+0x80125a]
V  [jvm.dll+0x6ecf0b]
C  [ucrtbase.dll+0x29333]
C  [KERNEL32.DLL+0x1257d]
C  [ntdll.dll+0x5af28]


---------------  P R O C E S S  ---------------

Threads class SMR info:
_java_thread_list=0x00000212398a3200, length=23, elements={
0x000002121004fe20, 0x000002123342cdd0, 0x000002123342dbc0, 0x00000212334311e0,
0x0000021233432d20, 0x0000021233435a70, 0x00000212334373b0, 0x0000021233438c30,
0x000002123343b5d0, 0x000002123343db60, 0x00000212334054c0, 0x0000021238108de0,
0x0000021238109b70, 0x000002123810a0f0, 0x0000021238149140, 0x00000212382144a0,
0x00000212382149e0, 0x0000021238cb5fe0, 0x0000021238d27dd0, 0x0000021238d25c70,
0x0000021238d25150, 0x0000021238d28360, 0x0000021238d26200
}

Java Threads: ( => current thread )
  0x000002121004fe20 JavaThread "main" [_thread_in_vm, id=13984, stack(0x0000007fc3700000,0x0000007fc3800000)]
  0x000002123342cdd0 JavaThread "Reference Handler" daemon [_thread_blocked, id=14584, stack(0x0000007fc3e00000,0x0000007fc3f00000)]
  0x000002123342dbc0 JavaThread "Finalizer" daemon [_thread_blocked, id=11988, stack(0x0000007fc3f00000,0x0000007fc4000000)]
  0x00000212334311e0 JavaThread "Signal Dispatcher" daemon [_thread_blocked, id=17872, stack(0x0000007fc4000000,0x0000007fc4100000)]
  0x0000021233432d20 JavaThread "Attach Listener" daemon [_thread_blocked, id=18192, stack(0x0000007fc4100000,0x0000007fc4200000)]
  0x0000021233435a70 JavaThread "Service Thread" daemon [_thread_blocked, id=4212, stack(0x0000007fc4200000,0x0000007fc4300000)]
  0x00000212334373b0 JavaThread "Monitor Deflation Thread" daemon [_thread_blocked, id=21264, stack(0x0000007fc4300000,0x0000007fc4400000)]
  0x0000021233438c30 JavaThread "C2 CompilerThread0" daemon [_thread_in_native, id=7768, stack(0x0000007fc4400000,0x0000007fc4500000)]
  0x000002123343b5d0 JavaThread "C1 CompilerThread0" daemon [_thread_in_vm, id=24548, stack(0x0000007fc4500000,0x0000007fc4600000)]
  0x000002123343db60 JavaThread "Sweeper thread" daemon [_thread_blocked, id=12712, stack(0x0000007fc4600000,0x0000007fc4700000)]
  0x00000212334054c0 JavaThread "Common-Cleaner" daemon [_thread_blocked, id=22720, stack(0x0000007fc4700000,0x0000007fc4800000)]
  0x0000021238108de0 JavaThread "C1 CompilerThread1" daemon [_thread_blocked, id=13544, stack(0x0000007fc4800000,0x0000007fc4900000)]
  0x0000021238109b70 JavaThread "C1 CompilerThread2" daemon [_thread_blocked, id=16652, stack(0x0000007fc4900000,0x0000007fc4a00000)]
  0x000002123810a0f0 JavaThread "C1 CompilerThread3" daemon [_thread_blocked, id=26152, stack(0x0000007fc4a00000,0x0000007fc4b00000)]
  0x0000021238149140 JavaThread "C2 CompilerThread1" daemon [_thread_in_native, id=3812, stack(0x0000007fc4b00000,0x0000007fc4c00000)]
  0x00000212382144a0 JavaThread "Monitor Ctrl-Break" daemon [_thread_in_native, id=10892, stack(0x0000007fc4c00000,0x0000007fc4d00000)]
  0x00000212382149e0 JavaThread "Notification Thread" daemon [_thread_blocked, id=21444, stack(0x0000007fc4d00000,0x0000007fc4e00000)]
  0x0000021238cb5fe0 JavaThread "C2 CompilerThread2" daemon [_thread_in_vm, id=15984, stack(0x0000007fc4f00000,0x0000007fc5000000)]
=>0x0000021238d27dd0 JavaThread "C2 CompilerThread3" daemon [_thread_in_native, id=25856, stack(0x0000007fc5000000,0x0000007fc5100000)]
  0x0000021238d25c70 JavaThread "C2 CompilerThread4" daemon [_thread_in_native, id=4280, stack(0x0000007fc5100000,0x0000007fc5200000)]
  0x0000021238d25150 JavaThread "C2 CompilerThread5" daemon [_thread_in_native, id=25072, stack(0x0000007fc5200000,0x0000007fc5300000)]
  0x0000021238d28360 JavaThread "C2 CompilerThread6" daemon [_thread_in_native, id=23344, stack(0x0000007fc5300000,0x0000007fc5400000)]
  0x0000021238d26200 JavaThread "C2 CompilerThread7" daemon [_thread_in_native, id=16188, stack(0x0000007fc5400000,0x0000007fc5500000)]

Other Threads:
  0x0000021233414620 VMThread "VM Thread" [stack: 0x0000007fc3d00000,0x0000007fc3e00000] [id=26376]
  0x0000021238218450 WatcherThread "VM Periodic Task Thread" [stack: 0x0000007fc4e00000,0x0000007fc4f00000] [id=24300]
  0x00000212100c1e10 WorkerThread "GC Thread#0" [stack: 0x0000007fc3800000,0x0000007fc3900000] [id=1348]
  0x00000212384f3540 WorkerThread "GC Thread#1" [stack: 0x0000007fc5500000,0x0000007fc5600000] [id=12092]
  0x00000212384f3810 WorkerThread "GC Thread#2" [stack: 0x0000007fc5600000,0x0000007fc5700000] [id=14816]
  0x00000212384f3ae0 WorkerThread "GC Thread#3" [stack: 0x0000007fc5700000,0x0000007fc5800000] [id=25460]
  0x00000212384f3db0 WorkerThread "GC Thread#4" [stack: 0x0000007fc5800000,0x0000007fc5900000] [id=19436]
  0x00000212384f2730 WorkerThread "GC Thread#5" [stack: 0x0000007fc5900000,0x0000007fc5a00000] [id=20620]
  0x00000212384f2190 WorkerThread "GC Thread#6" [stack: 0x0000007fc5a00000,0x0000007fc5b00000] [id=25100]
  0x00000212384f2460 WorkerThread "GC Thread#7" [stack: 0x0000007fc5b00000,0x0000007fc5c00000] [id=19120]
  0x00000212100d3790 ConcurrentGCThread "G1 Main Marker" [stack: 0x0000007fc3900000,0x0000007fc3a00000] [id=2836]
  0x00000212100d41c0 WorkerThread "G1 Conc#0" [stack: 0x0000007fc3a00000,0x0000007fc3b00000] [id=17796]
  0x000002121010e910 ConcurrentGCThread "G1 Refine#0" [stack: 0x0000007fc3b00000,0x0000007fc3c00000] [id=14244]
  0x00000212332ce580 ConcurrentGCThread "G1 Service" [stack: 0x0000007fc3c00000,0x0000007fc3d00000] [id=11508]

Threads with active compile tasks:
C2 CompilerThread0      434 1182       4       sun.nio.cs.StreamDecoder::lockedRead (189 bytes)
C1 CompilerThread0      434 1194       3       org.codehaus.plexus.util.xml.pull.MXParser::nextImpl (1202 bytes)
C2 CompilerThread1      434 1181   !   4       sun.nio.cs.StreamDecoder::read (78 bytes)
C2 CompilerThread2      434 1132       4       org.codehaus.plexus.util.InterpolationFilterReader::read (477 bytes)
C2 CompilerThread3      434 1131       4       org.codehaus.plexus.util.xml.XmlReader::read (11 bytes)
C2 CompilerThread4      434 1150   !   4       java.nio.charset.CharsetDecoder::decode (275 bytes)
C2 CompilerThread5      434 1133       4       java.io.Reader::read (21 bytes)
C2 CompilerThread6      434 1146   !   4       sun.nio.cs.StreamDecoder::read0 (59 bytes)
C2 CompilerThread7      434 1160       4       sun.nio.cs.StreamDecoder::lockedRead0 (95 bytes)

VM state: not at safepoint (normal execution)

VM Mutex/Monitor currently owned by a thread: None

Heap address: 0x0000000705e00000, size: 4002 MB, Compressed Oops mode: Zero based, Oop shift amount: 3

CDS archive(s) mapped at: [0x0000000800000000-0x0000000800c40000-0x0000000800c40000), size 12845056, SharedBaseAddress: 0x0000000800000000, ArchiveRelocationMode: 0.
Compressed class space mapped at: 0x0000000801000000-0x0000000841000000, reserved size: 1073741824
Narrow klass base: 0x0000000800000000, Narrow klass shift: 0, Narrow klass range: 0x100000000

GC Precious Log:
 CardTable entry size: 512
 Card Set container configuration: InlinePtr #cards 4 size 8 Array Of Cards #cards 16 size 48 Howl #buckets 8 coarsen threshold 3686 Howl Bitmap #cards 512 size 80 coarsen threshold 460 Card regions per heap region 1 cards per card region 4096
 CPUs: 16 total, 16 available
 Memory: 16005M
 Large Page Support: Disabled
 NUMA Support: Disabled
 Compressed Oops: Enabled (Zero based)
 Heap Region Size: 2M
 Heap Min Capacity: 8M
 Heap Initial Capacity: 252M
 Heap Max Capacity: 4002M
 Pre-touch: Disabled
 Parallel Workers: 13
 Concurrent Workers: 3
 Concurrent Refinement Workers: 13
 Periodic GC: Disabled

Heap:
 garbage-first heap   total 258048K, used 9856K [0x0000000705e00000, 0x0000000800000000)
  region size 2048K, 6 young (12288K), 2 survivors (4096K)
 Metaspace       used 5469K, committed 5568K, reserved 1114112K
  class space    used 608K, committed 640K, reserved 1048576K

Heap Regions: E=young(eden), S=young(survivor), O=old, HS=humongous(starts), HC=humongous(continues), CS=collection set, F=free, OA=open archive, CA=closed archive, TAMS=top-at-mark-start (previous, next)
|   0|0x0000000705e00000, 0x0000000705e00000, 0x0000000706000000|  0%| F|  |TAMS 0x0000000705e00000, 0x0000000705e00000| Untracked 
|   1|0x0000000706000000, 0x0000000706000000, 0x0000000706200000|  0%| F|  |TAMS 0x0000000706000000, 0x0000000706000000| Untracked 
|   2|0x0000000706200000, 0x0000000706200000, 0x0000000706400000|  0%| F|  |TAMS 0x0000000706200000, 0x0000000706200000| Untracked 
|   3|0x0000000706400000, 0x0000000706400000, 0x0000000706600000|  0%| F|  |TAMS 0x0000000706400000, 0x0000000706400000| Untracked 
|   4|0x0000000706600000, 0x0000000706600000, 0x0000000706800000|  0%| F|  |TAMS 0x0000000706600000, 0x0000000706600000| Untracked 
|   5|0x0000000706800000, 0x0000000706800000, 0x0000000706a00000|  0%| F|  |TAMS 0x0000000706800000, 0x0000000706800000| Untracked 
|   6|0x0000000706a00000, 0x0000000706a00000, 0x0000000706c00000|  0%| F|  |TAMS 0x0000000706a00000, 0x0000000706a00000| Untracked 
|   7|0x0000000706c00000, 0x0000000706c00000, 0x0000000706e00000|  0%| F|  |TAMS 0x0000000706c00000, 0x0000000706c00000| Untracked 
|   8|0x0000000706e00000, 0x0000000706e00000, 0x0000000707000000|  0%| F|  |TAMS 0x0000000706e00000, 0x0000000706e00000| Untracked 
|   9|0x0000000707000000, 0x0000000707000000, 0x0000000707200000|  0%| F|  |TAMS 0x0000000707000000, 0x0000000707000000| Untracked 
|  10|0x0000000707200000, 0x0000000707200000, 0x0000000707400000|  0%| F|  |TAMS 0x0000000707200000, 0x0000000707200000| Untracked 
|  11|0x0000000707400000, 0x0000000707400000, 0x0000000707600000|  0%| F|  |TAMS 0x0000000707400000, 0x0000000707400000| Untracked 
|  12|0x0000000707600000, 0x0000000707600000, 0x0000000707800000|  0%| F|  |TAMS 0x0000000707600000, 0x0000000707600000| Untracked 
|  13|0x0000000707800000, 0x0000000707800000, 0x0000000707a00000|  0%| F|  |TAMS 0x0000000707800000, 0x0000000707800000| Untracked 
|  14|0x0000000707a00000, 0x0000000707a00000, 0x0000000707c00000|  0%| F|  |TAMS 0x0000000707a00000, 0x0000000707a00000| Untracked 
|  15|0x0000000707c00000, 0x0000000707c00000, 0x0000000707e00000|  0%| F|  |TAMS 0x0000000707c00000, 0x0000000707c00000| Untracked 
|  16|0x0000000707e00000, 0x0000000707e00000, 0x0000000708000000|  0%| F|  |TAMS 0x0000000707e00000, 0x0000000707e00000| Untracked 
|  17|0x0000000708000000, 0x0000000708000000, 0x0000000708200000|  0%| F|  |TAMS 0x0000000708000000, 0x0000000708000000| Untracked 
|  18|0x0000000708200000, 0x0000000708200000, 0x0000000708400000|  0%| F|  |TAMS 0x0000000708200000, 0x0000000708200000| Untracked 
|  19|0x0000000708400000, 0x0000000708400000, 0x0000000708600000|  0%| F|  |TAMS 0x0000000708400000, 0x0000000708400000| Untracked 
|  20|0x0000000708600000, 0x0000000708600000, 0x0000000708800000|  0%| F|  |TAMS 0x0000000708600000, 0x0000000708600000| Untracked 
|  21|0x0000000708800000, 0x0000000708800000, 0x0000000708a00000|  0%| F|  |TAMS 0x0000000708800000, 0x0000000708800000| Untracked 
|  22|0x0000000708a00000, 0x0000000708a00000, 0x0000000708c00000|  0%| F|  |TAMS 0x0000000708a00000, 0x0000000708a00000| Untracked 
|  23|0x0000000708c00000, 0x0000000708c00000, 0x0000000708e00000|  0%| F|  |TAMS 0x0000000708c00000, 0x0000000708c00000| Untracked 
|  24|0x0000000708e00000, 0x0000000708e00000, 0x0000000709000000|  0%| F|  |TAMS 0x0000000708e00000, 0x0000000708e00000| Untracked 
|  25|0x0000000709000000, 0x0000000709000000, 0x0000000709200000|  0%| F|  |TAMS 0x0000000709000000, 0x0000000709000000| Untracked 
|  26|0x0000000709200000, 0x0000000709200000, 0x0000000709400000|  0%| F|  |TAMS 0x0000000709200000, 0x0000000709200000| Untracked 
|  27|0x0000000709400000, 0x0000000709400000, 0x0000000709600000|  0%| F|  |TAMS 0x0000000709400000, 0x0000000709400000| Untracked 
|  28|0x0000000709600000, 0x0000000709600000, 0x0000000709800000|  0%| F|  |TAMS 0x0000000709600000, 0x0000000709600000| Untracked 
|  29|0x0000000709800000, 0x0000000709800000, 0x0000000709a00000|  0%| F|  |TAMS 0x0000000709800000, 0x0000000709800000| Untracked 
|  30|0x0000000709a00000, 0x0000000709a00000, 0x0000000709c00000|  0%| F|  |TAMS 0x0000000709a00000, 0x0000000709a00000| Untracked 
|  31|0x0000000709c00000, 0x0000000709c00000, 0x0000000709e00000|  0%| F|  |TAMS 0x0000000709c00000, 0x0000000709c00000| Untracked 
|  32|0x0000000709e00000, 0x0000000709e00000, 0x000000070a000000|  0%| F|  |TAMS 0x0000000709e00000, 0x0000000709e00000| Untracked 
|  33|0x000000070a000000, 0x000000070a000000, 0x000000070a200000|  0%| F|  |TAMS 0x000000070a000000, 0x000000070a000000| Untracked 
|  34|0x000000070a200000, 0x000000070a200000, 0x000000070a400000|  0%| F|  |TAMS 0x000000070a200000, 0x000000070a200000| Untracked 
|  35|0x000000070a400000, 0x000000070a400000, 0x000000070a600000|  0%| F|  |TAMS 0x000000070a400000, 0x000000070a400000| Untracked 
|  36|0x000000070a600000, 0x000000070a600000, 0x000000070a800000|  0%| F|  |TAMS 0x000000070a600000, 0x000000070a600000| Untracked 
|  37|0x000000070a800000, 0x000000070a800000, 0x000000070aa00000|  0%| F|  |TAMS 0x000000070a800000, 0x000000070a800000| Untracked 
|  38|0x000000070aa00000, 0x000000070aa00000, 0x000000070ac00000|  0%| F|  |TAMS 0x000000070aa00000, 0x000000070aa00000| Untracked 
|  39|0x000000070ac00000, 0x000000070ac00000, 0x000000070ae00000|  0%| F|  |TAMS 0x000000070ac00000, 0x000000070ac00000| Untracked 
|  40|0x000000070ae00000, 0x000000070ae00000, 0x000000070b000000|  0%| F|  |TAMS 0x000000070ae00000, 0x000000070ae00000| Untracked 
|  41|0x000000070b000000, 0x000000070b000000, 0x000000070b200000|  0%| F|  |TAMS 0x000000070b000000, 0x000000070b000000| Untracked 
|  42|0x000000070b200000, 0x000000070b200000, 0x000000070b400000|  0%| F|  |TAMS 0x000000070b200000, 0x000000070b200000| Untracked 
|  43|0x000000070b400000, 0x000000070b400000, 0x000000070b600000|  0%| F|  |TAMS 0x000000070b400000, 0x000000070b400000| Untracked 
|  44|0x000000070b600000, 0x000000070b600000, 0x000000070b800000|  0%| F|  |TAMS 0x000000070b600000, 0x000000070b600000| Untracked 
|  45|0x000000070b800000, 0x000000070b800000, 0x000000070ba00000|  0%| F|  |TAMS 0x000000070b800000, 0x000000070b800000| Untracked 
|  46|0x000000070ba00000, 0x000000070ba00000, 0x000000070bc00000|  0%| F|  |TAMS 0x000000070ba00000, 0x000000070ba00000| Untracked 
|  47|0x000000070bc00000, 0x000000070bc00000, 0x000000070be00000|  0%| F|  |TAMS 0x000000070bc00000, 0x000000070bc00000| Untracked 
|  48|0x000000070be00000, 0x000000070be00000, 0x000000070c000000|  0%| F|  |TAMS 0x000000070be00000, 0x000000070be00000| Untracked 
|  49|0x000000070c000000, 0x000000070c000000, 0x000000070c200000|  0%| F|  |TAMS 0x000000070c000000, 0x000000070c000000| Untracked 
|  50|0x000000070c200000, 0x000000070c200000, 0x000000070c400000|  0%| F|  |TAMS 0x000000070c200000, 0x000000070c200000| Untracked 
|  51|0x000000070c400000, 0x000000070c400000, 0x000000070c600000|  0%| F|  |TAMS 0x000000070c400000, 0x000000070c400000| Untracked 
|  52|0x000000070c600000, 0x000000070c600000, 0x000000070c800000|  0%| F|  |TAMS 0x000000070c600000, 0x000000070c600000| Untracked 
|  53|0x000000070c800000, 0x000000070c800000, 0x000000070ca00000|  0%| F|  |TAMS 0x000000070c800000, 0x000000070c800000| Untracked 
|  54|0x000000070ca00000, 0x000000070ca00000, 0x000000070cc00000|  0%| F|  |TAMS 0x000000070ca00000, 0x000000070ca00000| Untracked 
|  55|0x000000070cc00000, 0x000000070cc00000, 0x000000070ce00000|  0%| F|  |TAMS 0x000000070cc00000, 0x000000070cc00000| Untracked 
|  56|0x000000070ce00000, 0x000000070ce00000, 0x000000070d000000|  0%| F|  |TAMS 0x000000070ce00000, 0x000000070ce00000| Untracked 
|  57|0x000000070d000000, 0x000000070d000000, 0x000000070d200000|  0%| F|  |TAMS 0x000000070d000000, 0x000000070d000000| Untracked 
|  58|0x000000070d200000, 0x000000070d200000, 0x000000070d400000|  0%| F|  |TAMS 0x000000070d200000, 0x000000070d200000| Untracked 
|  59|0x000000070d400000, 0x000000070d400000, 0x000000070d600000|  0%| F|  |TAMS 0x000000070d400000, 0x000000070d400000| Untracked 
|  60|0x000000070d600000, 0x000000070d600000, 0x000000070d800000|  0%| F|  |TAMS 0x000000070d600000, 0x000000070d600000| Untracked 
|  61|0x000000070d800000, 0x000000070d800000, 0x000000070da00000|  0%| F|  |TAMS 0x000000070d800000, 0x000000070d800000| Untracked 
|  62|0x000000070da00000, 0x000000070da00000, 0x000000070dc00000|  0%| F|  |TAMS 0x000000070da00000, 0x000000070da00000| Untracked 
|  63|0x000000070dc00000, 0x000000070dc00000, 0x000000070de00000|  0%| F|  |TAMS 0x000000070dc00000, 0x000000070dc00000| Untracked 
|  64|0x000000070de00000, 0x000000070de00000, 0x000000070e000000|  0%| F|  |TAMS 0x000000070de00000, 0x000000070de00000| Untracked 
|  65|0x000000070e000000, 0x000000070e000000, 0x000000070e200000|  0%| F|  |TAMS 0x000000070e000000, 0x000000070e000000| Untracked 
|  66|0x000000070e200000, 0x000000070e200000, 0x000000070e400000|  0%| F|  |TAMS 0x000000070e200000, 0x000000070e200000| Untracked 
|  67|0x000000070e400000, 0x000000070e400000, 0x000000070e600000|  0%| F|  |TAMS 0x000000070e400000, 0x000000070e400000| Untracked 
|  68|0x000000070e600000, 0x000000070e600000, 0x000000070e800000|  0%| F|  |TAMS 0x000000070e600000, 0x000000070e600000| Untracked 
|  69|0x000000070e800000, 0x000000070e800000, 0x000000070ea00000|  0%| F|  |TAMS 0x000000070e800000, 0x000000070e800000| Untracked 
|  70|0x000000070ea00000, 0x000000070ea00000, 0x000000070ec00000|  0%| F|  |TAMS 0x000000070ea00000, 0x000000070ea00000| Untracked 
|  71|0x000000070ec00000, 0x000000070ec00000, 0x000000070ee00000|  0%| F|  |TAMS 0x000000070ec00000, 0x000000070ec00000| Untracked 
|  72|0x000000070ee00000, 0x000000070ee00000, 0x000000070f000000|  0%| F|  |TAMS 0x000000070ee00000, 0x000000070ee00000| Untracked 
|  73|0x000000070f000000, 0x000000070f000000, 0x000000070f200000|  0%| F|  |TAMS 0x000000070f000000, 0x000000070f000000| Untracked 
|  74|0x000000070f200000, 0x000000070f200000, 0x000000070f400000|  0%| F|  |TAMS 0x000000070f200000, 0x000000070f200000| Untracked 
|  75|0x000000070f400000, 0x000000070f400000, 0x000000070f600000|  0%| F|  |TAMS 0x000000070f400000, 0x000000070f400000| Untracked 
|  76|0x000000070f600000, 0x000000070f600000, 0x000000070f800000|  0%| F|  |TAMS 0x000000070f600000, 0x000000070f600000| Untracked 
|  77|0x000000070f800000, 0x000000070f800000, 0x000000070fa00000|  0%| F|  |TAMS 0x000000070f800000, 0x000000070f800000| Untracked 
|  78|0x000000070fa00000, 0x000000070fa00000, 0x000000070fc00000|  0%| F|  |TAMS 0x000000070fa00000, 0x000000070fa00000| Untracked 
|  79|0x000000070fc00000, 0x000000070fc00000, 0x000000070fe00000|  0%| F|  |TAMS 0x000000070fc00000, 0x000000070fc00000| Untracked 
|  80|0x000000070fe00000, 0x000000070fe00000, 0x0000000710000000|  0%| F|  |TAMS 0x000000070fe00000, 0x000000070fe00000| Untracked 
|  81|0x0000000710000000, 0x0000000710000000, 0x0000000710200000|  0%| F|  |TAMS 0x0000000710000000, 0x0000000710000000| Untracked 
|  82|0x0000000710200000, 0x0000000710200000, 0x0000000710400000|  0%| F|  |TAMS 0x0000000710200000, 0x0000000710200000| Untracked 
|  83|0x0000000710400000, 0x0000000710400000, 0x0000000710600000|  0%| F|  |TAMS 0x0000000710400000, 0x0000000710400000| Untracked 
|  84|0x0000000710600000, 0x0000000710600000, 0x0000000710800000|  0%| F|  |TAMS 0x0000000710600000, 0x0000000710600000| Untracked 
|  85|0x0000000710800000, 0x0000000710800000, 0x0000000710a00000|  0%| F|  |TAMS 0x0000000710800000, 0x0000000710800000| Untracked 
|  86|0x0000000710a00000, 0x0000000710a00000, 0x0000000710c00000|  0%| F|  |TAMS 0x0000000710a00000, 0x0000000710a00000| Untracked 
|  87|0x0000000710c00000, 0x0000000710c00000, 0x0000000710e00000|  0%| F|  |TAMS 0x0000000710c00000, 0x0000000710c00000| Untracked 
|  88|0x0000000710e00000, 0x0000000710e00000, 0x0000000711000000|  0%| F|  |TAMS 0x0000000710e00000, 0x0000000710e00000| Untracked 
|  89|0x0000000711000000, 0x0000000711000000, 0x0000000711200000|  0%| F|  |TAMS 0x0000000711000000, 0x0000000711000000| Untracked 
|  90|0x0000000711200000, 0x0000000711200000, 0x0000000711400000|  0%| F|  |TAMS 0x0000000711200000, 0x0000000711200000| Untracked 
|  91|0x0000000711400000, 0x0000000711400000, 0x0000000711600000|  0%| F|  |TAMS 0x0000000711400000, 0x0000000711400000| Untracked 
|  92|0x0000000711600000, 0x0000000711600000, 0x0000000711800000|  0%| F|  |TAMS 0x0000000711600000, 0x0000000711600000| Untracked 
|  93|0x0000000711800000, 0x0000000711800000, 0x0000000711a00000|  0%| F|  |TAMS 0x0000000711800000, 0x0000000711800000| Untracked 
|  94|0x0000000711a00000, 0x0000000711a00000, 0x0000000711c00000|  0%| F|  |TAMS 0x0000000711a00000, 0x0000000711a00000| Untracked 
|  95|0x0000000711c00000, 0x0000000711c00000, 0x0000000711e00000|  0%| F|  |TAMS 0x0000000711c00000, 0x0000000711c00000| Untracked 
|  96|0x0000000711e00000, 0x0000000711e00000, 0x0000000712000000|  0%| F|  |TAMS 0x0000000711e00000, 0x0000000711e00000| Untracked 
|  97|0x0000000712000000, 0x0000000712000000, 0x0000000712200000|  0%| F|  |TAMS 0x0000000712000000, 0x0000000712000000| Untracked 
|  98|0x0000000712200000, 0x0000000712200000, 0x0000000712400000|  0%| F|  |TAMS 0x0000000712200000, 0x0000000712200000| Untracked 
|  99|0x0000000712400000, 0x0000000712400000, 0x0000000712600000|  0%| F|  |TAMS 0x0000000712400000, 0x0000000712400000| Untracked 
| 100|0x0000000712600000, 0x0000000712600000, 0x0000000712800000|  0%| F|  |TAMS 0x0000000712600000, 0x0000000712600000| Untracked 
| 101|0x0000000712800000, 0x0000000712800000, 0x0000000712a00000|  0%| F|  |TAMS 0x0000000712800000, 0x0000000712800000| Untracked 
| 102|0x0000000712a00000, 0x0000000712a00000, 0x0000000712c00000|  0%| F|  |TAMS 0x0000000712a00000, 0x0000000712a00000| Untracked 
| 103|0x0000000712c00000, 0x0000000712c00000, 0x0000000712e00000|  0%| F|  |TAMS 0x0000000712c00000, 0x0000000712c00000| Untracked 
| 104|0x0000000712e00000, 0x0000000712e00000, 0x0000000713000000|  0%| F|  |TAMS 0x0000000712e00000, 0x0000000712e00000| Untracked 
| 105|0x0000000713000000, 0x0000000713000000, 0x0000000713200000|  0%| F|  |TAMS 0x0000000713000000, 0x0000000713000000| Untracked 
| 106|0x0000000713200000, 0x0000000713200000, 0x0000000713400000|  0%| F|  |TAMS 0x0000000713200000, 0x0000000713200000| Untracked 
| 107|0x0000000713400000, 0x0000000713400000, 0x0000000713600000|  0%| F|  |TAMS 0x0000000713400000, 0x0000000713400000| Untracked 
| 108|0x0000000713600000, 0x0000000713600000, 0x0000000713800000|  0%| F|  |TAMS 0x0000000713600000, 0x0000000713600000| Untracked 
| 109|0x0000000713800000, 0x0000000713800000, 0x0000000713a00000|  0%| F|  |TAMS 0x0000000713800000, 0x0000000713800000| Untracked 
| 110|0x0000000713a00000, 0x0000000713a00000, 0x0000000713c00000|  0%| F|  |TAMS 0x0000000713a00000, 0x0000000713a00000| Untracked 
| 111|0x0000000713c00000, 0x0000000713c00000, 0x0000000713e00000|  0%| F|  |TAMS 0x0000000713c00000, 0x0000000713c00000| Untracked 
| 112|0x0000000713e00000, 0x0000000713e00000, 0x0000000714000000|  0%| F|  |TAMS 0x0000000713e00000, 0x0000000713e00000| Untracked 
| 113|0x0000000714000000, 0x00000007141a03d0, 0x0000000714200000| 81%| S|CS|TAMS 0x0000000714000000, 0x0000000714000000| Complete 
| 114|0x0000000714200000, 0x0000000714400000, 0x0000000714400000|100%| S|CS|TAMS 0x0000000714200000, 0x0000000714200000| Complete 
| 115|0x0000000714400000, 0x0000000714400000, 0x0000000714600000|  0%| F|  |TAMS 0x0000000714400000, 0x0000000714400000| Untracked 
| 116|0x0000000714600000, 0x0000000714600000, 0x0000000714800000|  0%| F|  |TAMS 0x0000000714600000, 0x0000000714600000| Untracked 
| 117|0x0000000714800000, 0x0000000714800000, 0x0000000714a00000|  0%| F|  |TAMS 0x0000000714800000, 0x0000000714800000| Untracked 
| 118|0x0000000714a00000, 0x0000000714a00000, 0x0000000714c00000|  0%| F|  |TAMS 0x0000000714a00000, 0x0000000714a00000| Untracked 
| 119|0x0000000714c00000, 0x0000000714c00000, 0x0000000714e00000|  0%| F|  |TAMS 0x0000000714c00000, 0x0000000714c00000| Untracked 
| 120|0x0000000714e00000, 0x0000000714e00000, 0x0000000715000000|  0%| F|  |TAMS 0x0000000714e00000, 0x0000000714e00000| Untracked 
| 121|0x0000000715000000, 0x0000000715000000, 0x0000000715200000|  0%| F|  |TAMS 0x0000000715000000, 0x0000000715000000| Untracked 
| 122|0x0000000715200000, 0x0000000715256010, 0x0000000715400000| 16%| E|  |TAMS 0x0000000715200000, 0x0000000715200000| Complete 
| 123|0x0000000715400000, 0x0000000715600000, 0x0000000715600000|100%| E|CS|TAMS 0x0000000715400000, 0x0000000715400000| Complete 
| 124|0x0000000715600000, 0x0000000715800000, 0x0000000715800000|100%| E|CS|TAMS 0x0000000715600000, 0x0000000715600000| Complete 
| 125|0x0000000715800000, 0x0000000715a00000, 0x0000000715a00000|100%| E|CS|TAMS 0x0000000715800000, 0x0000000715800000| Complete 

Card table byte_map: [0x0000021228010000,0x00000212287f0000] _byte_map_base: 0x00000212247e1000

Marking Bits (Prev, Next): (CMBitMap*) 0x00000212100c3450, (CMBitMap*) 0x00000212100c3490
 Prev Bits: [0x0000021228fd0000, 0x000002122ce58000)
 Next Bits: [0x000002122ce60000, 0x0000021230ce8000)

Polling page: 0x000002120dfd0000

Metaspace:

Usage:
  Non-class:      4.78 MB used.
      Class:    610.70 KB used.
       Both:      5.37 MB used.

Virtual space:
  Non-class space:       64.00 MB reserved,       4.88 MB (  8%) committed,  1 nodes.
      Class space:        1.00 GB reserved,     640.00 KB ( <1%) committed,  1 nodes.
             Both:        1.06 GB reserved,       5.50 MB ( <1%) committed. 

Chunk freelists:
   Non-Class:  1.28 MB
       Class:  3.31 MB
        Both:  4.59 MB

MaxMetaspaceSize: unlimited
CompressedClassSpaceSize: 1.00 GB
Initial GC threshold: 21.00 MB
Current GC threshold: 21.00 MB
CDS: on
MetaspaceReclaimPolicy: balanced
 - commit_granule_bytes: 65536.
 - commit_granule_words: 8192.
 - virtual_space_node_default_size: 8388608.
 - enlarge_chunks_in_place: 1.
 - new_chunks_are_fully_committed: 0.
 - uncommit_free_chunks: 1.
 - use_allocation_guard: 0.


Internal statistics:

num_allocs_failed_limit: 0.
num_arena_births: 46.
num_arena_deaths: 0.
num_vsnodes_births: 2.
num_vsnodes_deaths: 0.
num_space_committed: 88.
num_space_uncommitted: 0.
num_chunks_returned_to_freelist: 0.
num_chunks_taken_from_freelist: 181.
num_chunk_merges: 0.
num_chunk_splits: 128.
num_chunks_enlarged: 109.
num_inconsistent_stats: 0.

CodeHeap 'non-profiled nmethods': size=119168Kb used=371Kb max_used=371Kb free=118796Kb
 bounds [0x000002121fb50000, 0x000002121fdc0000, 0x0000021226fb0000]
CodeHeap 'profiled nmethods': size=119104Kb used=2314Kb max_used=2314Kb free=116790Kb
 bounds [0x0000021217fb0000, 0x0000021218220000, 0x000002121f400000]
CodeHeap 'non-nmethods': size=7488Kb used=2938Kb max_used=2979Kb free=4549Kb
 bounds [0x000002121f400000, 0x000002121f6f0000, 0x000002121fb50000]
 total_blobs=1639 nmethods=1177 adapters=370
 compilation: enabled
              stopped_count=0, restarted_count=0
 full_count=0

Compilation events (20 events):
Event: 0.404 Thread 0x0000021233438c30 nmethod 1166 0x000002121fba8510 code [0x000002121fba86a0, 0x000002121fba8a58]
Event: 0.404 Thread 0x0000021233438c30 1182       4       sun.nio.cs.StreamDecoder::lockedRead (189 bytes)
Event: 0.404 Thread 0x000002123343b5d0 1184       3       org.codehaus.plexus.util.xml.pull.MXParser::require (443 bytes)
Event: 0.405 Thread 0x0000021238108de0 1185       3       java.util.Collections::emptyMap (4 bytes)
Event: 0.405 Thread 0x0000021238108de0 nmethod 1185 0x00000212181e5f10 code [0x00000212181e60a0, 0x00000212181e6198]
Event: 0.407 Thread 0x0000021238108de0 1186       3       org.codehaus.plexus.util.InterpolationFilterReader::read (48 bytes)
Event: 0.408 Thread 0x0000021238108de0 nmethod 1186 0x00000212181eb590 code [0x00000212181eb760, 0x00000212181eba88]
Event: 0.408 Thread 0x000002123343b5d0 nmethod 1184 0x00000212181e6210 code [0x00000212181e6a20, 0x00000212181ea168]
Event: 0.413 Thread 0x0000021238d28360 nmethod 1177 0x000002121fba8d10 code [0x000002121fba8fc0, 0x000002121fba9a78]
Event: 0.413 Thread 0x000002123810a0f0 1187       3       java.lang.Float::isNaN (12 bytes)
Event: 0.413 Thread 0x0000021238d28360 1146   !   4       sun.nio.cs.StreamDecoder::read0 (59 bytes)
Event: 0.414 Thread 0x000002123810a0f0 nmethod 1187 0x00000212181ebc10 code [0x00000212181ebda0, 0x00000212181ebf18]
Event: 0.416 Thread 0x0000021238d26200 nmethod 1179 0x000002121fbaa690 code [0x000002121fbaa8e0, 0x000002121fbab448]
Event: 0.416 Thread 0x0000021238109b70 1188       3       org.eclipse.sisu.space.URLClassSpace::deferLoadClass (10 bytes)
Event: 0.416 Thread 0x000002123810a0f0 1189       3       org.eclipse.sisu.space.NamedClass::<init> (15 bytes)
Event: 0.416 Thread 0x000002123343b5d0 1190       3       org.eclipse.sisu.space.AbstractDeferredClass::<init> (5 bytes)
Event: 0.416 Thread 0x000002123343b5d0 nmethod 1190 0x00000212181ebf90 code [0x00000212181ec140, 0x00000212181ec298]
Event: 0.416 Thread 0x000002123810a0f0 nmethod 1189 0x00000212181ec390 code [0x00000212181ec540, 0x00000212181ec7d8]
Event: 0.416 Thread 0x0000021238109b70 nmethod 1188 0x00000212181ec890 code [0x00000212181eca40, 0x00000212181ecd98]
Event: 0.417 Thread 0x0000021238d26200 1160       4       sun.nio.cs.StreamDecoder::lockedRead0 (95 bytes)

GC Heap History (2 events):
Event: 0.372 GC heap before
{Heap before GC invocations=0 (full 0):
 garbage-first heap   total 258048K, used 22528K [0x0000000705e00000, 0x0000000800000000)
  region size 2048K, 11 young (22528K), 0 survivors (0K)
 Metaspace       used 5285K, committed 5440K, reserved 1114112K
  class space    used 575K, committed 640K, reserved 1048576K
}
Event: 0.375 GC heap after
{Heap after GC invocations=1 (full 0):
 garbage-first heap   total 258048K, used 3712K [0x0000000705e00000, 0x0000000800000000)
  region size 2048K, 2 young (4096K), 2 survivors (4096K)
 Metaspace       used 5285K, committed 5440K, reserved 1114112K
  class space    used 575K, committed 640K, reserved 1048576K
}

Dll operation events (12 events):
Event: 0.005 Loaded shared library C:\Program Files\Java\jdk-19\bin\java.dll
Event: 0.011 Loaded shared library C:\Program Files\Java\jdk-19\bin\jsvml.dll
Event: 0.039 Loaded shared library C:\Program Files\Java\jdk-19\bin\zip.dll
Event: 0.040 Loaded shared library C:\Program Files\Java\jdk-19\bin\instrument.dll
Event: 0.044 Loaded shared library C:\Program Files\Java\jdk-19\bin\net.dll
Event: 0.045 Loaded shared library C:\Program Files\Java\jdk-19\bin\nio.dll
Event: 0.047 Loaded shared library C:\Program Files\Java\jdk-19\bin\zip.dll
Event: 0.057 Loaded shared library C:\Program Files\JetBrains\IntelliJ IDEA 2022.1.2\bin\breakgen64.dll
Event: 0.063 Loaded shared library C:\Program Files\Java\jdk-19\bin\extnet.dll
Event: 0.116 Loaded shared library C:\Program Files\Java\jdk-19\bin\jimage.dll
Event: 0.159 Loaded shared library C:\Users\99293\AppData\Local\Temp\jansi-2.4.0-b637321554a25eca-jansi.dll
Event: 0.165 Loaded shared library C:\Program Files\Java\jdk-19\bin\verify.dll

Deoptimization events (20 events):
Event: 0.339 Thread 0x000002121004fe20 DEOPT PACKING pc=0x000002121fb805ec sp=0x0000007fc37fdf80
Event: 0.339 Thread 0x000002121004fe20 DEOPT UNPACKING pc=0x000002121f466da3 sp=0x0000007fc37fdf20 mode 2
Event: 0.340 Thread 0x000002121004fe20 Uncommon trap: trap_request=0xffffff45 fr.pc=0x000002121fb897ec relative=0x000000000000066c
Event: 0.340 Thread 0x000002121004fe20 Uncommon trap: reason=unstable_if action=reinterpret pc=0x000002121fb897ec method=java.util.regex.Matcher.search(I)Z @ 30 c2
Event: 0.340 Thread 0x000002121004fe20 DEOPT PACKING pc=0x000002121fb897ec sp=0x0000007fc37fde90
Event: 0.340 Thread 0x000002121004fe20 DEOPT UNPACKING pc=0x000002121f466da3 sp=0x0000007fc37fde70 mode 2
Event: 0.340 Thread 0x000002121004fe20 Uncommon trap: trap_request=0xffffff76 fr.pc=0x000002121fb873ec relative=0x00000000000002ac
Event: 0.340 Thread 0x000002121004fe20 Uncommon trap: reason=predicate action=maybe_recompile pc=0x000002121fb873ec method=java.util.regex.Pattern$BmpCharPropertyGreedy.match(Ljava/util/regex/Matcher;ILjava/lang/CharSequence;)Z @ 12 c2
Event: 0.340 Thread 0x000002121004fe20 DEOPT PACKING pc=0x000002121fb873ec sp=0x0000007fc37fdc50
Event: 0.340 Thread 0x000002121004fe20 DEOPT UNPACKING pc=0x000002121f466da3 sp=0x0000007fc37fdc08 mode 2
Event: 0.340 Thread 0x000002121004fe20 Uncommon trap: trap_request=0xffffff45 fr.pc=0x000002121fb7e050 relative=0x00000000000000b0
Event: 0.340 Thread 0x000002121004fe20 Uncommon trap: reason=unstable_if action=reinterpret pc=0x000002121fb7e050 method=org.codehaus.plexus.util.xml.pull.MXParser.more()C @ 8 c2
Event: 0.340 Thread 0x000002121004fe20 DEOPT PACKING pc=0x000002121fb7e050 sp=0x0000007fc37fe0d0
Event: 0.340 Thread 0x000002121004fe20 DEOPT UNPACKING pc=0x000002121f466da3 sp=0x0000007fc37fe060 mode 2
Event: 0.364 Thread 0x000002121004fe20 Uncommon trap: trap_request=0xffffff45 fr.pc=0x000002121fba3fc4 relative=0x00000000000004a4
Event: 0.364 Thread 0x000002121004fe20 Uncommon trap: reason=unstable_if action=reinterpret pc=0x000002121fba3fc4 method=sun.nio.cs.StreamDecoder.implRead([CII)I @ 197 c2
Event: 0.364 Thread 0x000002121004fe20 DEOPT PACKING pc=0x000002121fba3fc4 sp=0x0000007fc37fd690
Event: 0.364 Thread 0x000002121004fe20 DEOPT UNPACKING pc=0x000002121f466da3 sp=0x0000007fc37fd630 mode 2
Event: 0.377 Thread 0x000002121004fe20 DEOPT PACKING pc=0x000002121801985e sp=0x0000007fc37fdda0
Event: 0.377 Thread 0x000002121004fe20 DEOPT UNPACKING pc=0x000002121f467543 sp=0x0000007fc37fd278 mode 0

Classes loaded (20 events):
Event: 0.330 Loading class java/lang/reflect/TypeVariable
Event: 0.330 Loading class java/lang/reflect/TypeVariable done
Event: 0.330 Loading class sun/reflect/generics/tree/FormalTypeParameter
Event: 0.330 Loading class sun/reflect/generics/tree/FormalTypeParameter done
Event: 0.330 Loading class sun/reflect/generics/tree/ClassSignature
Event: 0.330 Loading class sun/reflect/generics/tree/Signature
Event: 0.330 Loading class sun/reflect/generics/tree/Signature done
Event: 0.330 Loading class sun/reflect/generics/tree/ClassSignature done
Event: 0.330 Loading class java/lang/reflect/WildcardType
Event: 0.330 Loading class java/lang/reflect/WildcardType done
Event: 0.331 Loading class sun/reflect/generics/tree/TypeVariableSignature
Event: 0.331 Loading class sun/reflect/generics/tree/TypeVariableSignature done
Event: 0.337 Loading class java/lang/annotation/IncompleteAnnotationException
Event: 0.337 Loading class java/lang/annotation/IncompleteAnnotationException done
Event: 0.352 Loading class java/lang/foreign/MemorySegment
Event: 0.352 Loading class java/lang/foreign/Addressable
Event: 0.352 Loading class java/lang/foreign/Addressable done
Event: 0.352 Loading class java/lang/foreign/MemorySegment done
Event: 0.375 Loading class java/util/concurrent/locks/AbstractQueuedSynchronizer$ExclusiveNode
Event: 0.376 Loading class java/util/concurrent/locks/AbstractQueuedSynchronizer$ExclusiveNode done

Classes unloaded (0 events):
No events

Classes redefined (0 events):
No events

Internal exceptions (14 events):
Event: 0.051 Thread 0x000002121004fe20 Exception <a 'java/lang/NoSuchMethodError'{0x00000007156ca8e0}: 'void java.lang.invoke.DirectMethodHandle$Holder.invokeStatic(java.lang.Object, java.lang.Object, java.lang.Object)'> (0x00000007156ca8e0) 
thrown [s\open\src\hotspot\share\interpreter\linkResolver.cpp, line 774]
Event: 0.055 Thread 0x000002121004fe20 Exception <a 'java/lang/NoSuchMethodError'{0x00000007157c45e0}: 'java.lang.Object java.lang.invoke.Invokers$Holder.invokeExact_MT(java.lang.Object, java.lang.Object, java.lang.Object, java.lang.Object, java.lang.Object)'> (0x00000007157c45e0) 
thrown [s\open\src\hotspot\share\interpreter\linkResolver.cpp, line 774]
Event: 0.063 Thread 0x00000212382144a0 Exception <a 'java/lang/NoSuchMethodError'{0x0000000715407da0}: 'void java.lang.invoke.DirectMethodHandle$Holder.invokeStatic(java.lang.Object, java.lang.Object)'> (0x0000000715407da0) 
thrown [s\open\src\hotspot\share\interpreter\linkResolver.cpp, line 774]
Event: 0.114 Thread 0x000002121004fe20 Exception <a 'java/lang/NullPointerException'{0x0000000715286958}> (0x0000000715286958) 
thrown [s\open\src\hotspot\share\interpreter\linkResolver.cpp, line 1374]
Event: 0.160 Thread 0x000002121004fe20 Exception <a 'java/lang/NullPointerException'{0x000000071504bf70}> (0x000000071504bf70) 
thrown [s\open\src\hotspot\share\interpreter\linkResolver.cpp, line 1374]
Event: 0.160 Thread 0x000002121004fe20 Exception <a 'java/lang/NullPointerException'{0x000000071504c250}> (0x000000071504c250) 
thrown [s\open\src\hotspot\share\interpreter\linkResolver.cpp, line 1374]
Event: 0.160 Thread 0x000002121004fe20 Exception <a 'java/lang/NullPointerException'{0x000000071504c530}> (0x000000071504c530) 
thrown [s\open\src\hotspot\share\interpreter\linkResolver.cpp, line 1374]
Event: 0.161 Thread 0x000002121004fe20 Exception <a 'java/lang/NullPointerException'{0x0000000715051810}> (0x0000000715051810) 
thrown [s\open\src\hotspot\share\interpreter\linkResolver.cpp, line 1374]
Event: 0.162 Thread 0x000002121004fe20 Exception <a 'java/lang/NullPointerException'{0x0000000715064d78}> (0x0000000715064d78) 
thrown [s\open\src\hotspot\share\interpreter\linkResolver.cpp, line 1374]
Event: 0.162 Thread 0x000002121004fe20 Exception <a 'java/lang/NullPointerException'{0x0000000715065058}> (0x0000000715065058) 
thrown [s\open\src\hotspot\share\interpreter\linkResolver.cpp, line 1374]
Event: 0.162 Thread 0x000002121004fe20 Exception <a 'java/lang/NullPointerException'{0x0000000715065338}> (0x0000000715065338) 
thrown [s\open\src\hotspot\share\interpreter\linkResolver.cpp, line 1374]
Event: 0.162 Thread 0x000002121004fe20 Exception <a 'java/lang/NullPointerException'{0x0000000715065618}> (0x0000000715065618) 
thrown [s\open\src\hotspot\share\interpreter\linkResolver.cpp, line 1374]
Event: 0.317 Thread 0x000002121004fe20 Exception <a 'java/lang/NoSuchMethodError'{0x0000000714660470}: 'java.lang.Object java.lang.invoke.DirectMethodHandle$Holder.newInvokeSpecial(java.lang.Object, java.lang.Object, java.lang.Object, java.lang.Object, java.lang.Object)'> (0x0000000714660470) 
thrown [s\open\src\hotspot\share\interpreter\linkResolver.cpp, line 774]
Event: 0.337 Thread 0x000002121004fe20 Exception <a 'java/lang/NoClassDefFoundError'{0x00000007147bae68}: javax/enterprise/inject/Typed> (0x00000007147bae68) 
thrown [s\open\src\hotspot\share\classfile\systemDictionary.cpp, line 244]

VM Operations (12 events):
Event: 0.059 Executing VM operation: HandshakeAllThreads
Event: 0.059 Executing VM operation: HandshakeAllThreads done
Event: 0.114 Executing VM operation: HandshakeAllThreads
Event: 0.114 Executing VM operation: HandshakeAllThreads done
Event: 0.118 Executing VM operation: HandshakeAllThreads
Event: 0.118 Executing VM operation: HandshakeAllThreads done
Event: 0.339 Executing VM operation: ICBufferFull
Event: 0.339 Executing VM operation: ICBufferFull done
Event: 0.372 Executing VM operation: G1CollectForAllocation
Event: 0.375 Executing VM operation: G1CollectForAllocation done
Event: 0.376 Executing VM operation: HandshakeAllThreads
Event: 0.376 Executing VM operation: HandshakeAllThreads done

Events (20 events):
Event: 0.018 Thread 0x00000212334311e0 Thread added: 0x00000212334311e0
Event: 0.019 Thread 0x0000021233432d20 Thread added: 0x0000021233432d20
Event: 0.019 Thread 0x0000021233435a70 Thread added: 0x0000021233435a70
Event: 0.019 Thread 0x00000212334373b0 Thread added: 0x00000212334373b0
Event: 0.019 Thread 0x0000021233438c30 Thread added: 0x0000021233438c30
Event: 0.019 Thread 0x000002123343b5d0 Thread added: 0x000002123343b5d0
Event: 0.019 Thread 0x000002123343db60 Thread added: 0x000002123343db60
Event: 0.029 Thread 0x00000212334054c0 Thread added: 0x00000212334054c0
Event: 0.033 Thread 0x0000021238108de0 Thread added: 0x0000021238108de0
Event: 0.033 Thread 0x0000021238109b70 Thread added: 0x0000021238109b70
Event: 0.033 Thread 0x000002123810a0f0 Thread added: 0x000002123810a0f0
Event: 0.035 Thread 0x0000021238149140 Thread added: 0x0000021238149140
Event: 0.057 Thread 0x00000212382144a0 Thread added: 0x00000212382144a0
Event: 0.058 Thread 0x00000212382149e0 Thread added: 0x00000212382149e0
Event: 0.350 Thread 0x0000021238cb5fe0 Thread added: 0x0000021238cb5fe0
Event: 0.353 Thread 0x0000021238d27dd0 Thread added: 0x0000021238d27dd0
Event: 0.353 Thread 0x0000021238d25c70 Thread added: 0x0000021238d25c70
Event: 0.370 Thread 0x0000021238d25150 Thread added: 0x0000021238d25150
Event: 0.370 Thread 0x0000021238d28360 Thread added: 0x0000021238d28360
Event: 0.370 Thread 0x0000021238d26200 Thread added: 0x0000021238d26200


Dynamic libraries:
0x00007ff7dfe70000 - 0x00007ff7dfe80000 	C:\Program Files\Java\jdk-19\bin\java.exe
0x00007ffc8fbf0000 - 0x00007ffc8fe07000 	C:\WINDOWS\SYSTEM32\ntdll.dll
0x00007ffc8f310000 - 0x00007ffc8f3d4000 	C:\WINDOWS\System32\KERNEL32.DLL
0x00007ffc8d4b0000 - 0x00007ffc8d85c000 	C:\WINDOWS\System32\KERNELBASE.dll
0x00007ffc8d1b0000 - 0x00007ffc8d2c1000 	C:\WINDOWS\System32\ucrtbase.dll
0x00007ffc7d530000 - 0x00007ffc7d548000 	C:\Program Files\Java\jdk-19\bin\jli.dll
0x00007ffc7d620000 - 0x00007ffc7d63b000 	C:\Program Files\Java\jdk-19\bin\VCRUNTIME140.dll
0x00007ffc8d900000 - 0x00007ffc8d9b2000 	C:\WINDOWS\System32\ADVAPI32.dll
0x00007ffc8f780000 - 0x00007ffc8f827000 	C:\WINDOWS\System32\msvcrt.dll
0x00007ffc8dc40000 - 0x00007ffc8dcea000 	C:\WINDOWS\System32\sechost.dll
0x00007ffc8d390000 - 0x00007ffc8d3b8000 	C:\WINDOWS\System32\bcrypt.dll
0x00007ffc8fa60000 - 0x00007ffc8fb75000 	C:\WINDOWS\System32\RPCRT4.dll
0x00007ffc8f0d0000 - 0x00007ffc8f27e000 	C:\WINDOWS\System32\USER32.dll
0x00007ffc8d180000 - 0x00007ffc8d1a6000 	C:\WINDOWS\System32\win32u.dll
0x00007ffc8e580000 - 0x00007ffc8e5a9000 	C:\WINDOWS\System32\GDI32.dll
0x00007ffc7a110000 - 0x00007ffc7a3a3000 	C:\WINDOWS\WinSxS\amd64_microsoft.windows.common-controls_6595b64144ccf1df_6.0.22621.3672_none_2713b9d173822955\COMCTL32.dll
0x00007ffc8cef0000 - 0x00007ffc8d009000 	C:\WINDOWS\System32\gdi32full.dll
0x00007ffc8d860000 - 0x00007ffc8d8fa000 	C:\WINDOWS\System32\msvcp_win.dll
0x00007ffc84870000 - 0x00007ffc8487a000 	C:\WINDOWS\SYSTEM32\VERSION.dll
0x00007ffc8f540000 - 0x00007ffc8f571000 	C:\WINDOWS\System32\IMM32.DLL
0x00007ffc84480000 - 0x00007ffc8448c000 	C:\Program Files\Java\jdk-19\bin\vcruntime140_1.dll
0x00007ffc75320000 - 0x00007ffc753ae000 	C:\Program Files\Java\jdk-19\bin\msvcp140.dll
0x00007ffc09110000 - 0x00007ffc09dd0000 	C:\Program Files\Java\jdk-19\bin\server\jvm.dll
0x00007ffc89950000 - 0x00007ffc89959000 	C:\WINDOWS\SYSTEM32\WSOCK32.dll
0x00007ffc85160000 - 0x00007ffc85194000 	C:\WINDOWS\SYSTEM32\WINMM.dll
0x00007ffc8e760000 - 0x00007ffc8e7d1000 	C:\WINDOWS\System32\WS2_32.dll
0x00007ffc8c010000 - 0x00007ffc8c028000 	C:\WINDOWS\SYSTEM32\kernel.appcore.dll
0x00007ffc7d650000 - 0x00007ffc7d65a000 	C:\Program Files\Java\jdk-19\bin\jimage.dll
0x00007ffc8a1e0000 - 0x00007ffc8a412000 	C:\WINDOWS\SYSTEM32\DBGHELP.DLL
0x00007ffc8e190000 - 0x00007ffc8e518000 	C:\WINDOWS\System32\combase.dll
0x00007ffc8f6a0000 - 0x00007ffc8f777000 	C:\WINDOWS\System32\OLEAUT32.dll
0x00007ffc842b0000 - 0x00007ffc842e2000 	C:\WINDOWS\SYSTEM32\dbgcore.DLL
0x00007ffc8d430000 - 0x00007ffc8d4ab000 	C:\WINDOWS\System32\bcryptPrimitives.dll
0x00007ffc87ac0000 - 0x00007ffc87ace000 	C:\Program Files\Java\jdk-19\bin\instrument.dll
0x00007ffc7bfb0000 - 0x00007ffc7bfd6000 	C:\Program Files\Java\jdk-19\bin\java.dll
0x00007ffc5c000000 - 0x00007ffc5c0d7000 	C:\Program Files\Java\jdk-19\bin\jsvml.dll
0x00007ffc8e7e0000 - 0x00007ffc8f03c000 	C:\WINDOWS\System32\SHELL32.dll
0x00007ffc8ae10000 - 0x00007ffc8b707000 	C:\WINDOWS\SYSTEM32\windows.storage.dll
0x00007ffc8acd0000 - 0x00007ffc8ae0f000 	C:\WINDOWS\SYSTEM32\wintypes.dll
0x00007ffc8f580000 - 0x00007ffc8f674000 	C:\WINDOWS\System32\SHCORE.dll
0x00007ffc8e520000 - 0x00007ffc8e57e000 	C:\WINDOWS\System32\shlwapi.dll
0x00007ffc8ce20000 - 0x00007ffc8ce41000 	C:\WINDOWS\SYSTEM32\profapi.dll
0x00007ffc7c670000 - 0x00007ffc7c688000 	C:\Program Files\Java\jdk-19\bin\zip.dll
0x00007ffc7d320000 - 0x00007ffc7d333000 	C:\Program Files\Java\jdk-19\bin\net.dll
0x00007ffc886f0000 - 0x00007ffc88826000 	C:\WINDOWS\SYSTEM32\WINHTTP.dll
0x00007ffc8c480000 - 0x00007ffc8c4e9000 	C:\WINDOWS\system32\mswsock.dll
0x00007ffc7d090000 - 0x00007ffc7d0a6000 	C:\Program Files\Java\jdk-19\bin\nio.dll
0x00007ffc7d430000 - 0x00007ffc7d44a000 	C:\Program Files\JetBrains\IntelliJ IDEA 2022.1.2\bin\breakgen64.dll
0x00007ffc7d400000 - 0x00007ffc7d408000 	C:\Program Files\Java\jdk-19\bin\extnet.dll
0x0000000069ac0000 - 0x0000000069ae4000 	C:\Users\99293\AppData\Local\Temp\jansi-2.4.0-b637321554a25eca-jansi.dll
0x00007ffc7c500000 - 0x00007ffc7c510000 	C:\Program Files\Java\jdk-19\bin\verify.dll

dbghelp: loaded successfully - version: 4.0.5 - missing functions: none
symbol engine: initialized successfully - sym options: 0x614 - pdb path: .;C:\Program Files\Java\jdk-19\bin;C:\WINDOWS\SYSTEM32;C:\WINDOWS\WinSxS\amd64_microsoft.windows.common-controls_6595b64144ccf1df_6.0.22621.3672_none_2713b9d173822955;C:\Program Files\Java\jdk-19\bin\server;C:\Program Files\JetBrains\IntelliJ IDEA 2022.1.2\bin;C:\Users\99293\AppData\Local\Temp

VM Arguments:
jvm_args: -Dmaven.multiModuleProjectDirectory=D:\unitedStates_storage-master\unitedStates_storage -Dmaven.home=C:\Users\99293\.m2\wrapper\dists\apache-maven-3.8.6-bin\1ks0nkde5v1pk9vtc31i9d0lcd\apache-maven-3.8.6 -Dclassworlds.conf=C:\Users\99293\.m2\wrapper\dists\apache-maven-3.8.6-bin\1ks0nkde5v1pk9vtc31i9d0lcd\apache-maven-3.8.6\bin\m2.conf -Dmaven.ext.class.path=C:\Program Files\JetBrains\IntelliJ IDEA 2022.1.2\plugins\maven\lib\maven-event-listener.jar -javaagent:C:\Program Files\JetBrains\IntelliJ IDEA 2022.1.2\lib\idea_rt.jar=51315:C:\Program Files\JetBrains\IntelliJ IDEA 2022.1.2\bin -Dfile.encoding=UTF-8 
java_command: org.codehaus.classworlds.Launcher -Didea.version=2022.1.2 clean
java_class_path (initial): C:\Users\99293\.m2\wrapper\dists\apache-maven-3.8.6-bin\1ks0nkde5v1pk9vtc31i9d0lcd\apache-maven-3.8.6\boot\plexus-classworlds-2.6.0.jar;C:\Users\99293\.m2\wrapper\dists\apache-maven-3.8.6-bin\1ks0nkde5v1pk9vtc31i9d0lcd\apache-maven-3.8.6\boot\plexus-classworlds.license
Launcher Type: SUN_STANDARD

[Global flags]
     intx CICompilerCount                          = 12                                        {product} {ergonomic}
     uint ConcGCThreads                            = 3                                         {product} {ergonomic}
     uint G1ConcRefinementThreads                  = 13                                        {product} {ergonomic}
   size_t G1HeapRegionSize                         = 2097152                                   {product} {ergonomic}
    uintx GCDrainStackTargetSize                   = 64                                        {product} {ergonomic}
   size_t InitialHeapSize                          = 264241152                                 {product} {ergonomic}
   size_t MarkStackSize                            = 4194304                                   {product} {ergonomic}
   size_t MaxHeapSize                              = 4196401152                                {product} {ergonomic}
   size_t MaxNewSize                               = 2516582400                                {product} {ergonomic}
   size_t MinHeapDeltaBytes                        = 2097152                                   {product} {ergonomic}
   size_t MinHeapSize                              = 8388608                                   {product} {ergonomic}
    uintx NonNMethodCodeHeapSize                   = 7602480                                {pd product} {ergonomic}
    uintx NonProfiledCodeHeapSize                  = 122027880                              {pd product} {ergonomic}
    uintx ProfiledCodeHeapSize                     = 122027880                              {pd product} {ergonomic}
    uintx ReservedCodeCacheSize                    = 251658240                              {pd product} {ergonomic}
     bool SegmentedCodeCache                       = true                                      {product} {ergonomic}
   size_t SoftMaxHeapSize                          = 4196401152                             {manageable} {ergonomic}
     bool UseCompressedClassPointers               = true                           {product lp64_product} {ergonomic}
     bool UseCompressedOops                        = true                           {product lp64_product} {ergonomic}
     bool UseG1GC                                  = true                                      {product} {ergonomic}
     bool UseLargePagesIndividualAllocation        = false                                  {pd product} {ergonomic}

Logging:
Log output configuration:
 #0: stdout all=warning uptime,level,tags foldmultilines=false
 #1: stderr all=off uptime,level,tags foldmultilines=false

Environment Variables:
JAVA_HOME=C:\Program Files\Java\jdk-19
PATH=C:\Program Files\Common Files\Oracle\Java\javapath;C:\Windows\system32;C:\Windows;C:\Windows\System32\Wbem;C:\Windows\System32\WindowsPowerShell\v1.0\;C:\Windows\System32\OpenSSH\;C:\Program Files (x86)\NVIDIA Corporation\PhysX\Common;C:\Program Files\NVIDIA Corporation\NVIDIA NvDLISR;C:\Program Files\Git\cmd;C:\Program Files (x86)\dotnet\;C:\WINDOWS\system32;C:\WINDOWS;C:\WINDOWS\System32\Wbem;C:\WINDOWS\System32\WindowsPowerShell\v1.0\;C:\WINDOWS\System32\OpenSSH\;C:\Program Files\Java\jdk-19\bin;C:\Users\99293\AppData\Local\Programs\Python\Python311\Scripts\;C:\Users\99293\AppData\Local\Programs\Python\Python311\;C:\Users\99293\AppData\Local\Microsoft\WindowsApps;;C:\Program Files\JetBrains\IntelliJ IDEA 2022.1.2\bin;;C:\Program Files\heroku\bin
USERNAME=ASUS
OS=Windows_NT
PROCESSOR_IDENTIFIER=Intel64 Family 6 Model 154 Stepping 3, GenuineIntel
TMP=C:\Users\99293\AppData\Local\Temp
TEMP=C:\Users\99293\AppData\Local\Temp



---------------  S Y S T E M  ---------------

OS:
 Windows 11 , 64 bit Build 22621 (10.0.22621.3672)
OS uptime: 1 days 0:42 hours
Hyper-V role detected

CPU: total 16 (initial active 16) (8 cores per cpu, 2 threads per core) family 6 model 154 stepping 3 microcode 0x41c, cx8, cmov, fxsr, ht, mmx, 3dnowpref, sse, sse2, sse3, ssse3, sse4.1, sse4.2, popcnt, lzcnt, tsc, tscinvbit, avx, avx2, aes, erms, clmul, bmi1, bmi2, adx, sha, fma, vzeroupper, clflush, clflushopt, clwb, hv, serialize, rdtscp, rdpid, fsrm

Memory: 4k page, system-wide physical 16005M (1793M free)
TotalPageFile size 18053M (AvailPageFile size 5M)
current process WorkingSet (physical memory assigned to process): 109M, peak: 109M
current process commit charge ("private bytes"): 398M, peak: 398M

vm_info: Java HotSpot(TM) 64-Bit Server VM (19.0.2+7-44) for windows-amd64 JRE (19.0.2+7-44), built on 2022-11-30T18:02:09Z by "mach5one" with MS VC++ 17.1 (VS2022)

END.
