#
# There is insufficient memory for the Java Runtime Environment to continue.
# Native memory allocation (malloc) failed to allocate 2097936 bytes for Chunk::new
# Possible reasons:
#   The system is out of physical RAM or swap space
#   The process is running with CompressedOops enabled, and the Java Heap may be blocking the growth of the native heap
# Possible solutions:
#   Reduce memory load on the system
#   Increase physical memory or swap space
#   Check if swap backing store is full
#   Decrease Java heap size (-Xmx/-Xms)
#   Decrease number of Java threads
#   Decrease Java thread stack sizes (-Xss)
#   Set larger code cache with -XX:ReservedCodeCacheSize=
#   JVM is running with Zero Based Compressed Oops mode in which the Java heap is
#     placed in the first 32GB address space. The Java Heap base address is the
#     maximum limit for the native heap growth. Please use -XX:HeapBaseMinAddress
#     to set the Java Heap base and to place the Java Heap above 32GB virtual address.
# This output file may be truncated or incomplete.
#
#  Out of Memory Error (arena.cpp:184), pid=4208, tid=4712
#
# JRE version: Java(TM) SE Runtime Environment (19.0.2+7) (build 19.0.2+7-44)
# Java VM: Java HotSpot(TM) 64-Bit Server VM (19.0.2+7-44, mixed mode, sharing, tiered, compressed oops, compressed class ptrs, g1 gc, windows-amd64)
# No core dump will be written. Minidumps are not enabled by default on client versions of Windows
#

---------------  S U M M A R Y ------------

Command Line: -Dmaven.multiModuleProjectDirectory=D:\unitedStates_storage-master\unitedStates_storage -Dmaven.home=C:\Users\99293\.m2\wrapper\dists\apache-maven-3.8.6-bin\1ks0nkde5v1pk9vtc31i9d0lcd\apache-maven-3.8.6 -Dclassworlds.conf=C:\Users\99293\.m2\wrapper\dists\apache-maven-3.8.6-bin\1ks0nkde5v1pk9vtc31i9d0lcd\apache-maven-3.8.6\bin\m2.conf -Dmaven.ext.class.path=C:\Program Files\JetBrains\IntelliJ IDEA 2022.1.2\plugins\maven\lib\maven-event-listener.jar -javaagent:C:\Program Files\JetBrains\IntelliJ IDEA 2022.1.2\lib\idea_rt.jar=54033:C:\Program Files\JetBrains\IntelliJ IDEA 2022.1.2\bin -Dfile.encoding=UTF-8 org.codehaus.classworlds.Launcher -Didea.version=2022.1.2 package

Host: 12th Gen Intel(R) Core(TM) i7-12650H, 16 cores, 15G,  Windows 11 , 64 bit Build 22621 (10.0.22621.3672)
Time: Mon Aug 26 12:39:02 2024  Windows 11 , 64 bit Build 22621 (10.0.22621.3672) elapsed time: 3.643326 seconds (0d 0h 0m 3s)

---------------  T H R E A D  ---------------

Current thread (0x000001bcc4313e50):  JavaThread "C2 CompilerThread5" daemon [_thread_in_native, id=4712, stack(0x00000046bcd00000,0x00000046bce00000)]


Current CompileTask:
C2:   3643 7442       4       lombok.core.AST::buildWithField (21 bytes)

Stack: [0x00000046bcd00000,0x00000046bce00000]
Native frames: (J=compiled Java code, j=interpreted, Vv=VM code, C=native code)
V  [jvm.dll+0x6ee21a]
V  [jvm.dll+0x85765e]
V  [jvm.dll+0x85904e]
V  [jvm.dll+0x859703]
V  [jvm.dll+0x28298f]
V  [jvm.dll+0xc9adf]
V  [jvm.dll+0xc9e65]
V  [jvm.dll+0x3bca12]
V  [jvm.dll+0x1ee29a]
V  [jvm.dll+0x24c52b]
V  [jvm.dll+0x24b781]
V  [jvm.dll+0x1d6ce1]
V  [jvm.dll+0x25b25a]
V  [jvm.dll+0x2596e8]
V  [jvm.dll+0x807588]
V  [jvm.dll+0x80125a]
V  [jvm.dll+0x6ecf0b]
C  [ucrtbase.dll+0x29333]
C  [KERNEL32.DLL+0x1257d]
C  [ntdll.dll+0x5af28]


---------------  P R O C E S S  ---------------

Threads class SMR info:
_java_thread_list=0x000001bcc4a0d550, length=23, elements={
0x000001bc994cf900, 0x000001bcbd13bc60, 0x000001bcbd13ca50, 0x000001bcbd140860,
0x000001bcbd1443b0, 0x000001bcbd146df0, 0x000001bcbd147a80, 0x000001bcbd151430,
0x000001bcbd15deb0, 0x000001bcbd164850, 0x000001bcc150fad0, 0x000001bcc15134e0,
0x000001bcc1513a60, 0x000001bcc15145b0, 0x000001bcc152ce00, 0x000001bcc16e7470,
0x000001bcc16e79b0, 0x000001bcc1fec9b0, 0x000001bcc1ffd850, 0x000001bcc234acc0,
0x000001bcc4313e50, 0x000001bcc43143d0, 0x000001bcc40c6f90
}

Java Threads: ( => current thread )
  0x000001bc994cf900 JavaThread "main" [_thread_in_native, id=2868, stack(0x00000046ba400000,0x00000046ba500000)]
  0x000001bcbd13bc60 JavaThread "Reference Handler" daemon [_thread_blocked, id=15676, stack(0x00000046bab00000,0x00000046bac00000)]
  0x000001bcbd13ca50 JavaThread "Finalizer" daemon [_thread_blocked, id=20328, stack(0x00000046bac00000,0x00000046bad00000)]
  0x000001bcbd140860 JavaThread "Signal Dispatcher" daemon [_thread_blocked, id=18052, stack(0x00000046bad00000,0x00000046bae00000)]
  0x000001bcbd1443b0 JavaThread "Attach Listener" daemon [_thread_blocked, id=6960, stack(0x00000046bae00000,0x00000046baf00000)]
  0x000001bcbd146df0 JavaThread "Service Thread" daemon [_thread_blocked, id=18752, stack(0x00000046baf00000,0x00000046bb000000)]
  0x000001bcbd147a80 JavaThread "Monitor Deflation Thread" daemon [_thread_blocked, id=19664, stack(0x00000046bb000000,0x00000046bb100000)]
  0x000001bcbd151430 JavaThread "C2 CompilerThread0" daemon [_thread_in_native, id=22876, stack(0x00000046bb100000,0x00000046bb200000)]
  0x000001bcbd15deb0 JavaThread "C1 CompilerThread0" daemon [_thread_blocked, id=16880, stack(0x00000046bb200000,0x00000046bb300000)]
  0x000001bcbd164850 JavaThread "Sweeper thread" daemon [_thread_blocked, id=22116, stack(0x00000046bb300000,0x00000046bb400000)]
  0x000001bcc150fad0 JavaThread "Common-Cleaner" daemon [_thread_blocked, id=12056, stack(0x00000046bb400000,0x00000046bb500000)]
  0x000001bcc15134e0 JavaThread "C1 CompilerThread1" daemon [_thread_blocked, id=23840, stack(0x00000046bb500000,0x00000046bb600000)]
  0x000001bcc1513a60 JavaThread "C1 CompilerThread2" daemon [_thread_blocked, id=20704, stack(0x00000046bb600000,0x00000046bb700000)]
  0x000001bcc15145b0 JavaThread "C1 CompilerThread3" daemon [_thread_blocked, id=19812, stack(0x00000046bb700000,0x00000046bb800000)]
  0x000001bcc152ce00 JavaThread "C2 CompilerThread1" daemon [_thread_in_native, id=10056, stack(0x00000046bb800000,0x00000046bb900000)]
  0x000001bcc16e7470 JavaThread "Monitor Ctrl-Break" daemon [_thread_in_native, id=18636, stack(0x00000046bb900000,0x00000046bba00000)]
  0x000001bcc16e79b0 JavaThread "Notification Thread" daemon [_thread_blocked, id=15384, stack(0x00000046bba00000,0x00000046bbb00000)]
  0x000001bcc1fec9b0 JavaThread "C2 CompilerThread2" daemon [_thread_in_native, id=9040, stack(0x00000046bbc00000,0x00000046bbd00000)]
  0x000001bcc1ffd850 JavaThread "C2 CompilerThread3" daemon [_thread_in_native, id=18596, stack(0x00000046bbd00000,0x00000046bbe00000)]
  0x000001bcc234acc0 JavaThread "C2 CompilerThread4" daemon [_thread_in_native, id=19304, stack(0x00000046bbe00000,0x00000046bbf00000)]
=>0x000001bcc4313e50 JavaThread "C2 CompilerThread5" daemon [_thread_in_native, id=4712, stack(0x00000046bcd00000,0x00000046bce00000)]
  0x000001bcc43143d0 JavaThread "C2 CompilerThread6" daemon [_thread_in_native, id=6376, stack(0x00000046bce00000,0x00000046bcf00000)]
  0x000001bcc40c6f90 JavaThread "C2 CompilerThread7" daemon [_thread_in_native, id=5152, stack(0x00000046bcf00000,0x00000046bd000000)]

Other Threads:
  0x000001bcbd124ce0 VMThread "VM Thread" [stack: 0x00000046baa00000,0x00000046bab00000] [id=5500]
  0x000001bcc16159a0 WatcherThread "VM Periodic Task Thread" [stack: 0x00000046bbb00000,0x00000046bbc00000] [id=3880]
  0x000001bc995424c0 WorkerThread "GC Thread#0" [stack: 0x00000046ba500000,0x00000046ba600000] [id=24376]
  0x000001bcc195dc40 WorkerThread "GC Thread#1" [stack: 0x00000046bc200000,0x00000046bc300000] [id=18272]
  0x000001bcc195f590 WorkerThread "GC Thread#2" [stack: 0x00000046bc300000,0x00000046bc400000] [id=10520]
  0x000001bcc195e1e0 WorkerThread "GC Thread#3" [stack: 0x00000046bc400000,0x00000046bc500000] [id=4564]
  0x000001bcc195ed20 WorkerThread "GC Thread#4" [stack: 0x00000046bc500000,0x00000046bc600000] [id=15568]
  0x000001bcc195eff0 WorkerThread "GC Thread#5" [stack: 0x00000046bc600000,0x00000046bc700000] [id=18580]
  0x000001bcc195f2c0 WorkerThread "GC Thread#6" [stack: 0x00000046bc700000,0x00000046bc800000] [id=20608]
  0x000001bcc195e4b0 WorkerThread "GC Thread#7" [stack: 0x00000046bc800000,0x00000046bc900000] [id=18948]
  0x000001bcc3f58a70 WorkerThread "GC Thread#8" [stack: 0x00000046bbf00000,0x00000046bc000000] [id=5140]
  0x000001bcc3f55230 WorkerThread "GC Thread#9" [stack: 0x00000046bc000000,0x00000046bc100000] [id=21272]
  0x000001bcc3f587a0 WorkerThread "GC Thread#10" [stack: 0x00000046bc100000,0x00000046bc200000] [id=11008]
  0x000001bcc3f55d70 WorkerThread "GC Thread#11" [stack: 0x00000046bc900000,0x00000046bca00000] [id=22564]
  0x000001bcc3f58d40 WorkerThread "GC Thread#12" [stack: 0x00000046bca00000,0x00000046bcb00000] [id=2224]
  0x000001bc99552fd0 ConcurrentGCThread "G1 Main Marker" [stack: 0x00000046ba600000,0x00000046ba700000] [id=23304]
  0x000001bc99553a00 WorkerThread "G1 Conc#0" [stack: 0x00000046ba700000,0x00000046ba800000] [id=8320]
  0x000001bcc3f57c60 WorkerThread "G1 Conc#1" [stack: 0x00000046bcb00000,0x00000046bcc00000] [id=10864]
  0x000001bcc3f557d0 WorkerThread "G1 Conc#2" [stack: 0x00000046bcc00000,0x00000046bcd00000] [id=19972]
  0x000001bcbcfe0f90 ConcurrentGCThread "G1 Refine#0" [stack: 0x00000046ba800000,0x00000046ba900000] [id=5432]
  0x000001bcbcfe1ad0 ConcurrentGCThread "G1 Service" [stack: 0x00000046ba900000,0x00000046baa00000] [id=11380]

Threads with active compile tasks:
C2 CompilerThread0     3652 7453       4       lombok.javac.JavacAST::buildTree (176 bytes)
C2 CompilerThread1     3652 7446   !   4       lombok.javac.JavacAST::drill (146 bytes)
C2 CompilerThread2     3652 7693       4       java.lang.Class::copyMethods (36 bytes)
C2 CompilerThread3     3652 7649       4       lombok.javac.JavacAST::buildLocalVar (109 bytes)
C2 CompilerThread4     3652 7449       4       lombok.javac.JavacAST::buildStatementOrExpression (104 bytes)
C2 CompilerThread5     3652 7442       4       lombok.core.AST::buildWithField (21 bytes)
C2 CompilerThread6     3652 7474       4       lombok.core.AST::buildWithCollection (128 bytes)
C2 CompilerThread7     3652 7448   !   4       lombok.core.AST::buildWithField0 (121 bytes)

VM state: not at safepoint (normal execution)

VM Mutex/Monitor currently owned by a thread: None

Heap address: 0x0000000705e00000, size: 4002 MB, Compressed Oops mode: Zero based, Oop shift amount: 3

CDS archive(s) mapped at: [0x0000000800000000-0x0000000800c40000-0x0000000800c40000), size 12845056, SharedBaseAddress: 0x0000000800000000, ArchiveRelocationMode: 0.
Compressed class space mapped at: 0x0000000801000000-0x0000000841000000, reserved size: 1073741824
Narrow klass base: 0x0000000800000000, Narrow klass shift: 0, Narrow klass range: 0x100000000

GC Precious Log:
 CardTable entry size: 512
 Card Set container configuration: InlinePtr #cards 4 size 8 Array Of Cards #cards 16 size 48 Howl #buckets 8 coarsen threshold 3686 Howl Bitmap #cards 512 size 80 coarsen threshold 460 Card regions per heap region 1 cards per card region 4096
 CPUs: 16 total, 16 available
 Memory: 16005M
 Large Page Support: Disabled
 NUMA Support: Disabled
 Compressed Oops: Enabled (Zero based)
 Heap Region Size: 2M
 Heap Min Capacity: 8M
 Heap Initial Capacity: 252M
 Heap Max Capacity: 4002M
 Pre-touch: Disabled
 Parallel Workers: 13
 Concurrent Workers: 3
 Concurrent Refinement Workers: 13
 Periodic GC: Disabled

Heap:
 garbage-first heap   total 245760K, used 53765K [0x0000000705e00000, 0x0000000800000000)
  region size 2048K, 3 young (6144K), 1 survivors (2048K)
 Metaspace       used 27924K, committed 28416K, reserved 1114112K
  class space    used 2916K, committed 3136K, reserved 1048576K

Heap Regions: E=young(eden), S=young(survivor), O=old, HS=humongous(starts), HC=humongous(continues), CS=collection set, F=free, OA=open archive, CA=closed archive, TAMS=top-at-mark-start (previous, next)
|   0|0x0000000705e00000, 0x0000000706000000, 0x0000000706000000|100%| O|  |TAMS 0x0000000706000000, 0x0000000705e00000| Untracked 
|   1|0x0000000706000000, 0x0000000706200000, 0x0000000706200000|100%| O|  |TAMS 0x0000000706200000, 0x0000000706000000| Untracked 
|   2|0x0000000706200000, 0x0000000706400000, 0x0000000706400000|100%| O|  |TAMS 0x0000000706400000, 0x0000000706200000| Untracked 
|   3|0x0000000706400000, 0x0000000706600000, 0x0000000706600000|100%| O|  |TAMS 0x0000000706600000, 0x0000000706400000| Untracked 
|   4|0x0000000706600000, 0x0000000706800000, 0x0000000706800000|100%| O|  |TAMS 0x0000000706800000, 0x0000000706600000| Untracked 
|   5|0x0000000706800000, 0x0000000706a00000, 0x0000000706a00000|100%| O|  |TAMS 0x0000000706a00000, 0x0000000706800000| Untracked 
|   6|0x0000000706a00000, 0x0000000706c00000, 0x0000000706c00000|100%| O|  |TAMS 0x0000000706c00000, 0x0000000706a00000| Untracked 
|   7|0x0000000706c00000, 0x0000000706e00000, 0x0000000706e00000|100%| O|  |TAMS 0x0000000706e00000, 0x0000000706c00000| Untracked 
|   8|0x0000000706e00000, 0x0000000707000000, 0x0000000707000000|100%| O|  |TAMS 0x0000000707000000, 0x0000000706e00000| Untracked 
|   9|0x0000000707000000, 0x0000000707200000, 0x0000000707200000|100%| O|  |TAMS 0x0000000707200000, 0x0000000707000000| Untracked 
|  10|0x0000000707200000, 0x0000000707200000, 0x0000000707400000|  0%| F|  |TAMS 0x0000000707200000, 0x0000000707200000| Untracked 
|  11|0x0000000707400000, 0x0000000707600000, 0x0000000707600000|100%| O|  |TAMS 0x0000000707600000, 0x0000000707400000| Untracked 
|  12|0x0000000707600000, 0x0000000707600000, 0x0000000707800000|  0%| F|  |TAMS 0x0000000707600000, 0x0000000707600000| Untracked 
|  13|0x0000000707800000, 0x0000000707a00000, 0x0000000707a00000|100%|HS|  |TAMS 0x0000000707a00000, 0x0000000707800000| Complete 
|  14|0x0000000707a00000, 0x0000000707c00000, 0x0000000707c00000|100%| O|  |TAMS 0x0000000707c00000, 0x0000000707a00000| Untracked 
|  15|0x0000000707c00000, 0x0000000707e00000, 0x0000000707e00000|100%| O|  |TAMS 0x0000000707e00000, 0x0000000707c00000| Untracked 
|  16|0x0000000707e00000, 0x0000000708000000, 0x0000000708000000|100%| O|  |TAMS 0x0000000708000000, 0x0000000707e00000| Untracked 
|  17|0x0000000708000000, 0x0000000708200000, 0x0000000708200000|100%| O|  |TAMS 0x0000000708200000, 0x0000000708000000| Untracked 
|  18|0x0000000708200000, 0x00000007083f4800, 0x0000000708400000| 97%| O|  |TAMS 0x000000070829d800, 0x0000000708200000| Untracked 
|  19|0x0000000708400000, 0x0000000708400000, 0x0000000708600000|  0%| F|  |TAMS 0x0000000708400000, 0x0000000708400000| Untracked 
|  20|0x0000000708600000, 0x0000000708600000, 0x0000000708800000|  0%| F|  |TAMS 0x0000000708600000, 0x0000000708600000| Untracked 
|  21|0x0000000708800000, 0x0000000708800000, 0x0000000708a00000|  0%| F|  |TAMS 0x0000000708800000, 0x0000000708800000| Untracked 
|  22|0x0000000708a00000, 0x0000000708a00000, 0x0000000708c00000|  0%| F|  |TAMS 0x0000000708a00000, 0x0000000708a00000| Untracked 
|  23|0x0000000708c00000, 0x0000000708c00000, 0x0000000708e00000|  0%| F|  |TAMS 0x0000000708c00000, 0x0000000708c00000| Untracked 
|  24|0x0000000708e00000, 0x0000000708e00000, 0x0000000709000000|  0%| F|  |TAMS 0x0000000708e00000, 0x0000000708e00000| Untracked 
|  25|0x0000000709000000, 0x0000000709000000, 0x0000000709200000|  0%| F|  |TAMS 0x0000000709000000, 0x0000000709000000| Untracked 
|  26|0x0000000709200000, 0x0000000709200000, 0x0000000709400000|  0%| F|  |TAMS 0x0000000709200000, 0x0000000709200000| Untracked 
|  27|0x0000000709400000, 0x0000000709400000, 0x0000000709600000|  0%| F|  |TAMS 0x0000000709400000, 0x0000000709400000| Untracked 
|  28|0x0000000709600000, 0x000000070968cc20, 0x0000000709800000| 27%| S|CS|TAMS 0x0000000709600000, 0x0000000709600000| Complete 
|  29|0x0000000709800000, 0x0000000709800000, 0x0000000709a00000|  0%| F|  |TAMS 0x0000000709800000, 0x0000000709800000| Untracked 
|  30|0x0000000709a00000, 0x0000000709a00000, 0x0000000709c00000|  0%| F|  |TAMS 0x0000000709a00000, 0x0000000709a00000| Untracked 
|  31|0x0000000709c00000, 0x0000000709c00000, 0x0000000709e00000|  0%| F|  |TAMS 0x0000000709c00000, 0x0000000709c00000| Untracked 
|  32|0x0000000709e00000, 0x0000000709e00000, 0x000000070a000000|  0%| F|  |TAMS 0x0000000709e00000, 0x0000000709e00000| Untracked 
|  33|0x000000070a000000, 0x000000070a000000, 0x000000070a200000|  0%| F|  |TAMS 0x000000070a000000, 0x000000070a000000| Untracked 
|  34|0x000000070a200000, 0x000000070a200000, 0x000000070a400000|  0%| F|  |TAMS 0x000000070a200000, 0x000000070a200000| Untracked 
|  35|0x000000070a400000, 0x000000070a400000, 0x000000070a600000|  0%| F|  |TAMS 0x000000070a400000, 0x000000070a400000| Untracked 
|  36|0x000000070a600000, 0x000000070a600000, 0x000000070a800000|  0%| F|  |TAMS 0x000000070a600000, 0x000000070a600000| Untracked 
|  37|0x000000070a800000, 0x000000070a800000, 0x000000070aa00000|  0%| F|  |TAMS 0x000000070a800000, 0x000000070a800000| Untracked 
|  38|0x000000070aa00000, 0x000000070aa00000, 0x000000070ac00000|  0%| F|  |TAMS 0x000000070aa00000, 0x000000070aa00000| Untracked 
|  39|0x000000070ac00000, 0x000000070ac00000, 0x000000070ae00000|  0%| F|  |TAMS 0x000000070ac00000, 0x000000070ac00000| Untracked 
|  40|0x000000070ae00000, 0x000000070ae00000, 0x000000070b000000|  0%| F|  |TAMS 0x000000070ae00000, 0x000000070ae00000| Untracked 
|  41|0x000000070b000000, 0x000000070b000000, 0x000000070b200000|  0%| F|  |TAMS 0x000000070b000000, 0x000000070b000000| Untracked 
|  42|0x000000070b200000, 0x000000070b200000, 0x000000070b400000|  0%| F|  |TAMS 0x000000070b200000, 0x000000070b200000| Untracked 
|  43|0x000000070b400000, 0x000000070b400000, 0x000000070b600000|  0%| F|  |TAMS 0x000000070b400000, 0x000000070b400000| Untracked 
|  44|0x000000070b600000, 0x000000070b600000, 0x000000070b800000|  0%| F|  |TAMS 0x000000070b600000, 0x000000070b600000| Untracked 
|  45|0x000000070b800000, 0x000000070b800000, 0x000000070ba00000|  0%| F|  |TAMS 0x000000070b800000, 0x000000070b800000| Untracked 
|  46|0x000000070ba00000, 0x000000070ba00000, 0x000000070bc00000|  0%| F|  |TAMS 0x000000070ba00000, 0x000000070ba00000| Untracked 
|  47|0x000000070bc00000, 0x000000070bc00000, 0x000000070be00000|  0%| F|  |TAMS 0x000000070bc00000, 0x000000070bc00000| Untracked 
|  48|0x000000070be00000, 0x000000070be00000, 0x000000070c000000|  0%| F|  |TAMS 0x000000070be00000, 0x000000070be00000| Untracked 
|  49|0x000000070c000000, 0x000000070c000000, 0x000000070c200000|  0%| F|  |TAMS 0x000000070c000000, 0x000000070c000000| Untracked 
|  50|0x000000070c200000, 0x000000070c200000, 0x000000070c400000|  0%| F|  |TAMS 0x000000070c200000, 0x000000070c200000| Untracked 
|  51|0x000000070c400000, 0x000000070c400000, 0x000000070c600000|  0%| F|  |TAMS 0x000000070c400000, 0x000000070c400000| Untracked 
|  52|0x000000070c600000, 0x000000070c600000, 0x000000070c800000|  0%| F|  |TAMS 0x000000070c600000, 0x000000070c600000| Untracked 
|  53|0x000000070c800000, 0x000000070c800000, 0x000000070ca00000|  0%| F|  |TAMS 0x000000070c800000, 0x000000070c800000| Untracked 
|  54|0x000000070ca00000, 0x000000070ca00000, 0x000000070cc00000|  0%| F|  |TAMS 0x000000070ca00000, 0x000000070ca00000| Untracked 
|  55|0x000000070cc00000, 0x000000070cc00000, 0x000000070ce00000|  0%| F|  |TAMS 0x000000070cc00000, 0x000000070cc00000| Untracked 
|  56|0x000000070ce00000, 0x000000070ce00000, 0x000000070d000000|  0%| F|  |TAMS 0x000000070ce00000, 0x000000070ce00000| Untracked 
|  57|0x000000070d000000, 0x000000070d000000, 0x000000070d200000|  0%| F|  |TAMS 0x000000070d000000, 0x000000070d000000| Untracked 
|  58|0x000000070d200000, 0x000000070d200000, 0x000000070d400000|  0%| F|  |TAMS 0x000000070d200000, 0x000000070d200000| Untracked 
|  59|0x000000070d400000, 0x000000070d400000, 0x000000070d600000|  0%| F|  |TAMS 0x000000070d400000, 0x000000070d400000| Untracked 
|  60|0x000000070d600000, 0x000000070d600000, 0x000000070d800000|  0%| F|  |TAMS 0x000000070d600000, 0x000000070d600000| Untracked 
|  61|0x000000070d800000, 0x000000070d800000, 0x000000070da00000|  0%| F|  |TAMS 0x000000070d800000, 0x000000070d800000| Untracked 
|  62|0x000000070da00000, 0x000000070da00000, 0x000000070dc00000|  0%| F|  |TAMS 0x000000070da00000, 0x000000070da00000| Untracked 
|  63|0x000000070dc00000, 0x000000070dc00000, 0x000000070de00000|  0%| F|  |TAMS 0x000000070dc00000, 0x000000070dc00000| Untracked 
|  64|0x000000070de00000, 0x000000070de00000, 0x000000070e000000|  0%| F|  |TAMS 0x000000070de00000, 0x000000070de00000| Untracked 
|  65|0x000000070e000000, 0x000000070e000000, 0x000000070e200000|  0%| F|  |TAMS 0x000000070e000000, 0x000000070e000000| Untracked 
|  66|0x000000070e200000, 0x000000070e200000, 0x000000070e400000|  0%| F|  |TAMS 0x000000070e200000, 0x000000070e200000| Untracked 
|  67|0x000000070e400000, 0x000000070e400000, 0x000000070e600000|  0%| F|  |TAMS 0x000000070e400000, 0x000000070e400000| Untracked 
|  68|0x000000070e600000, 0x000000070e600000, 0x000000070e800000|  0%| F|  |TAMS 0x000000070e600000, 0x000000070e600000| Untracked 
|  69|0x000000070e800000, 0x000000070e800000, 0x000000070ea00000|  0%| F|  |TAMS 0x000000070e800000, 0x000000070e800000| Untracked 
|  70|0x000000070ea00000, 0x000000070ea00000, 0x000000070ec00000|  0%| F|  |TAMS 0x000000070ea00000, 0x000000070ea00000| Untracked 
|  71|0x000000070ec00000, 0x000000070ec00000, 0x000000070ee00000|  0%| F|  |TAMS 0x000000070ec00000, 0x000000070ec00000| Untracked 
|  72|0x000000070ee00000, 0x000000070ee00000, 0x000000070f000000|  0%| F|  |TAMS 0x000000070ee00000, 0x000000070ee00000| Untracked 
|  73|0x000000070f000000, 0x000000070f000000, 0x000000070f200000|  0%| F|  |TAMS 0x000000070f000000, 0x000000070f000000| Untracked 
|  74|0x000000070f200000, 0x000000070f200000, 0x000000070f400000|  0%| F|  |TAMS 0x000000070f200000, 0x000000070f200000| Untracked 
|  75|0x000000070f400000, 0x000000070f400000, 0x000000070f600000|  0%| F|  |TAMS 0x000000070f400000, 0x000000070f400000| Untracked 
|  76|0x000000070f600000, 0x000000070f600000, 0x000000070f800000|  0%| F|  |TAMS 0x000000070f600000, 0x000000070f600000| Untracked 
|  77|0x000000070f800000, 0x000000070f800000, 0x000000070fa00000|  0%| F|  |TAMS 0x000000070f800000, 0x000000070f800000| Untracked 
|  78|0x000000070fa00000, 0x000000070fa00000, 0x000000070fc00000|  0%| F|  |TAMS 0x000000070fa00000, 0x000000070fa00000| Untracked 
|  79|0x000000070fc00000, 0x000000070fc00000, 0x000000070fe00000|  0%| F|  |TAMS 0x000000070fc00000, 0x000000070fc00000| Untracked 
|  80|0x000000070fe00000, 0x000000070fe00000, 0x0000000710000000|  0%| F|  |TAMS 0x000000070fe00000, 0x000000070fe00000| Untracked 
|  81|0x0000000710000000, 0x0000000710000000, 0x0000000710200000|  0%| F|  |TAMS 0x0000000710000000, 0x0000000710000000| Untracked 
|  82|0x0000000710200000, 0x0000000710200000, 0x0000000710400000|  0%| F|  |TAMS 0x0000000710200000, 0x0000000710200000| Untracked 
|  83|0x0000000710400000, 0x0000000710400000, 0x0000000710600000|  0%| F|  |TAMS 0x0000000710400000, 0x0000000710400000| Untracked 
|  84|0x0000000710600000, 0x0000000710600000, 0x0000000710800000|  0%| F|  |TAMS 0x0000000710600000, 0x0000000710600000| Untracked 
|  85|0x0000000710800000, 0x0000000710800000, 0x0000000710a00000|  0%| F|  |TAMS 0x0000000710800000, 0x0000000710800000| Untracked 
|  86|0x0000000710a00000, 0x0000000710a00000, 0x0000000710c00000|  0%| F|  |TAMS 0x0000000710a00000, 0x0000000710a00000| Untracked 
|  87|0x0000000710c00000, 0x0000000710c00000, 0x0000000710e00000|  0%| F|  |TAMS 0x0000000710c00000, 0x0000000710c00000| Untracked 
|  88|0x0000000710e00000, 0x0000000710e00000, 0x0000000711000000|  0%| F|  |TAMS 0x0000000710e00000, 0x0000000710e00000| Untracked 
|  89|0x0000000711000000, 0x0000000711000000, 0x0000000711200000|  0%| F|  |TAMS 0x0000000711000000, 0x0000000711000000| Untracked 
|  90|0x0000000711200000, 0x0000000711200000, 0x0000000711400000|  0%| F|  |TAMS 0x0000000711200000, 0x0000000711200000| Untracked 
|  91|0x0000000711400000, 0x0000000711400000, 0x0000000711600000|  0%| F|  |TAMS 0x0000000711400000, 0x0000000711400000| Untracked 
|  92|0x0000000711600000, 0x0000000711600000, 0x0000000711800000|  0%| F|  |TAMS 0x0000000711600000, 0x0000000711600000| Untracked 
|  93|0x0000000711800000, 0x0000000711800000, 0x0000000711a00000|  0%| F|  |TAMS 0x0000000711800000, 0x0000000711800000| Untracked 
|  94|0x0000000711a00000, 0x0000000711a00000, 0x0000000711c00000|  0%| F|  |TAMS 0x0000000711a00000, 0x0000000711a00000| Untracked 
|  95|0x0000000711c00000, 0x0000000711c00000, 0x0000000711e00000|  0%| F|  |TAMS 0x0000000711c00000, 0x0000000711c00000| Untracked 
|  96|0x0000000711e00000, 0x0000000711e00000, 0x0000000712000000|  0%| F|  |TAMS 0x0000000711e00000, 0x0000000711e00000| Untracked 
|  97|0x0000000712000000, 0x0000000712000000, 0x0000000712200000|  0%| F|  |TAMS 0x0000000712000000, 0x0000000712000000| Untracked 
|  98|0x0000000712200000, 0x0000000712200000, 0x0000000712400000|  0%| F|  |TAMS 0x0000000712200000, 0x0000000712200000| Untracked 
|  99|0x0000000712400000, 0x0000000712400000, 0x0000000712600000|  0%| F|  |TAMS 0x0000000712400000, 0x0000000712400000| Untracked 
| 100|0x0000000712600000, 0x0000000712600000, 0x0000000712800000|  0%| F|  |TAMS 0x0000000712600000, 0x0000000712600000| Untracked 
| 101|0x0000000712800000, 0x0000000712800000, 0x0000000712a00000|  0%| F|  |TAMS 0x0000000712800000, 0x0000000712800000| Untracked 
| 102|0x0000000712a00000, 0x0000000712a00000, 0x0000000712c00000|  0%| F|  |TAMS 0x0000000712a00000, 0x0000000712a00000| Untracked 
| 103|0x0000000712c00000, 0x0000000712c00000, 0x0000000712e00000|  0%| F|  |TAMS 0x0000000712c00000, 0x0000000712c00000| Untracked 
| 104|0x0000000712e00000, 0x0000000712e00000, 0x0000000713000000|  0%| F|  |TAMS 0x0000000712e00000, 0x0000000712e00000| Untracked 
| 105|0x0000000713000000, 0x0000000713000000, 0x0000000713200000|  0%| F|  |TAMS 0x0000000713000000, 0x0000000713000000| Untracked 
| 106|0x0000000713200000, 0x0000000713200000, 0x0000000713400000|  0%| F|  |TAMS 0x0000000713200000, 0x0000000713200000| Untracked 
| 107|0x0000000713400000, 0x0000000713400000, 0x0000000713600000|  0%| F|  |TAMS 0x0000000713400000, 0x0000000713400000| Untracked 
| 108|0x0000000713600000, 0x0000000713600000, 0x0000000713800000|  0%| F|  |TAMS 0x0000000713600000, 0x0000000713600000| Untracked 
| 109|0x0000000713800000, 0x0000000713800000, 0x0000000713a00000|  0%| F|  |TAMS 0x0000000713800000, 0x0000000713800000| Untracked 
| 110|0x0000000713a00000, 0x0000000713c00000, 0x0000000713c00000|100%| E|  |TAMS 0x0000000713a00000, 0x0000000713a00000| Complete 
| 125|0x0000000715800000, 0x0000000715a00000, 0x0000000715a00000|100%| E|CS|TAMS 0x0000000715800000, 0x0000000715800000| Complete 
|1993|0x00000007ff000000, 0x00000007ff200000, 0x00000007ff200000|100%| O|  |TAMS 0x00000007ff200000, 0x00000007ff000000| Untracked 
|1994|0x00000007ff200000, 0x00000007ff400000, 0x00000007ff400000|100%| O|  |TAMS 0x00000007ff400000, 0x00000007ff200000| Untracked 
|1995|0x00000007ff400000, 0x00000007ff600000, 0x00000007ff600000|100%| O|  |TAMS 0x00000007ff600000, 0x00000007ff400000| Untracked 
|1996|0x00000007ff600000, 0x00000007ff800000, 0x00000007ff800000|100%| O|  |TAMS 0x00000007ff800000, 0x00000007ff600000| Untracked 
|1997|0x00000007ff800000, 0x00000007ffa00000, 0x00000007ffa00000|100%| O|  |TAMS 0x00000007ffa00000, 0x00000007ff800000| Untracked 
|1998|0x00000007ffa00000, 0x00000007ffc00000, 0x00000007ffc00000|100%| O|  |TAMS 0x00000007ffc00000, 0x00000007ffa00000| Untracked 
|1999|0x00000007ffc00000, 0x00000007ffe00000, 0x00000007ffe00000|100%| O|  |TAMS 0x00000007ffe00000, 0x00000007ffc00000| Untracked 
|2000|0x00000007ffe00000, 0x0000000800000000, 0x0000000800000000|100%| O|  |TAMS 0x0000000800000000, 0x00000007ffe00000| Untracked 

Card table byte_map: [0x000001bcb14a0000,0x000001bcb1c80000] _byte_map_base: 0x000001bcadc71000

Marking Bits (Prev, Next): (CMBitMap*) 0x000001bc99542b30, (CMBitMap*) 0x000001bc99542af0
 Prev Bits: [0x000001bcb62f0000, 0x000001bcba178000)
 Next Bits: [0x000001bcb2460000, 0x000001bcb62e8000)

Polling page: 0x000001bc974b0000

Metaspace:

Usage:
  Non-class:     24.43 MB used.
      Class:      2.85 MB used.
       Both:     27.28 MB used.

Virtual space:
  Non-class space:       64.00 MB reserved,      24.69 MB ( 39%) committed,  1 nodes.
      Class space:        1.00 GB reserved,       3.12 MB ( <1%) committed,  1 nodes.
             Both:        1.06 GB reserved,      27.81 MB (  3%) committed. 

Chunk freelists:
   Non-Class:  2.60 MB
       Class:  895.00 KB
        Both:  3.48 MB

MaxMetaspaceSize: unlimited
CompressedClassSpaceSize: 1.00 GB
Initial GC threshold: 21.00 MB
Current GC threshold: 45.62 MB
CDS: on
MetaspaceReclaimPolicy: balanced
 - commit_granule_bytes: 65536.
 - commit_granule_words: 8192.
 - virtual_space_node_default_size: 8388608.
 - enlarge_chunks_in_place: 1.
 - new_chunks_are_fully_committed: 0.
 - uncommit_free_chunks: 1.
 - use_allocation_guard: 0.


Internal statistics:

num_allocs_failed_limit: 3.
num_arena_births: 490.
num_arena_deaths: 0.
num_vsnodes_births: 2.
num_vsnodes_deaths: 0.
num_space_committed: 445.
num_space_uncommitted: 0.
num_chunks_returned_to_freelist: 3.
num_chunks_taken_from_freelist: 1532.
num_chunk_merges: 3.
num_chunk_splits: 1061.
num_chunks_enlarged: 762.
num_inconsistent_stats: 0.

CodeHeap 'non-profiled nmethods': size=119168Kb used=3992Kb max_used=3992Kb free=115176Kb
 bounds [0x000001bca8fd0000, 0x000001bca93c0000, 0x000001bcb0430000]
CodeHeap 'profiled nmethods': size=119104Kb used=15101Kb max_used=15101Kb free=104002Kb
 bounds [0x000001bca1430000, 0x000001bca2300000, 0x000001bca8880000]
CodeHeap 'non-nmethods': size=7488Kb used=3004Kb max_used=3048Kb free=4484Kb
 bounds [0x000001bca8880000, 0x000001bca8b80000, 0x000001bca8fd0000]
 total_blobs=7397 nmethods=6858 adapters=446
 compilation: enabled
              stopped_count=0, restarted_count=0
 full_count=0

Compilation events (20 events):
Event: 3.608 Thread 0x000001bcc1fec9b0 nmethod 7669 0x000001bca93af590 code [0x000001bca93af720, 0x000001bca93af7b8]
Event: 3.608 Thread 0x000001bcc1fec9b0 7673       4       java.util.StringJoiner::checkAddLength (50 bytes)
Event: 3.609 Thread 0x000001bcc1fec9b0 nmethod 7673 0x000001bca93af910 code [0x000001bca93afaa0, 0x000001bca93afbb8]
Event: 3.609 Thread 0x000001bcc1fec9b0 7618       4       java.io.File::<init> (111 bytes)
Event: 3.619 Thread 0x000001bcc1fec9b0 nmethod 7618 0x000001bca93afd10 code [0x000001bca93aff20, 0x000001bca93b0790]
Event: 3.619 Thread 0x000001bcc1fec9b0 7614       4       java.io.File::getParent (65 bytes)
Event: 3.628 Thread 0x000001bcc1513a60 7678       3       java.lang.reflect.Method::isVarArgs (5 bytes)
Event: 3.629 Thread 0x000001bcc1513a60 nmethod 7678 0x000001bca22ef490 code [0x000001bca22ef640, 0x000001bca22ef818]
Event: 3.634 Thread 0x000001bcc1513a60 7682       1       lombok.javac.JavacTreeMaker$MethodId::access$2 (5 bytes)
Event: 3.634 Thread 0x000001bcc1513a60 nmethod 7682 0x000001bca93b1b90 code [0x000001bca93b1d20, 0x000001bca93b1dd8]
Event: 3.635 Thread 0x000001bcbd15deb0 7688   !   3       java.lang.invoke.LambdaForm::compileToBytecode (164 bytes)
Event: 3.636 Thread 0x000001bcbd15deb0 nmethod 7688 0x000001bca22ef910 code [0x000001bca22efb80, 0x000001bca22f0478]
Event: 3.636 Thread 0x000001bcc1fec9b0 nmethod 7614 0x000001bca93b3090 code [0x000001bca93b3240, 0x000001bca93b3888]
Event: 3.637 Thread 0x000001bcc1fec9b0 7580       4       lombok.javac.JavacASTAdapter::visitLocal (1 bytes)
Event: 3.638 Thread 0x000001bcc15145b0 7695       3       jdk.internal.org.objectweb.asm.Type::getType (10 bytes)
Event: 3.638 Thread 0x000001bcc1fec9b0 nmethod 7580 0x000001bca93b4210 code [0x000001bca93b4380, 0x000001bca93b43f8]
Event: 3.638 Thread 0x000001bcc1fec9b0 7693       4       java.lang.Class::copyMethods (36 bytes)
Event: 3.639 Thread 0x000001bcc15145b0 nmethod 7695 0x000001bca22f0790 code [0x000001bca22f0940, 0x000001bca22f0b68]
Event: 3.640 Thread 0x000001bcbd15deb0 7698       3       java.lang.invoke.LambdaFormBuffer::insertExpression (30 bytes)
Event: 3.641 Thread 0x000001bcbd15deb0 nmethod 7698 0x000001bca22f0c90 code [0x000001bca22f0e40, 0x000001bca22f0fa8]

GC Heap History (20 events):
Event: 2.391 GC heap before
{Heap before GC invocations=5 (full 0):
 garbage-first heap   total 83968K, used 30216K [0x0000000705e00000, 0x0000000800000000)
  region size 2048K, 5 young (10240K), 4 survivors (8192K)
 Metaspace       used 24373K, committed 24704K, reserved 1114112K
  class space    used 2576K, committed 2752K, reserved 1048576K
}
Event: 2.395 GC heap after
{Heap after GC invocations=6 (full 0):
 garbage-first heap   total 83968K, used 30307K [0x0000000705e00000, 0x0000000800000000)
  region size 2048K, 1 young (2048K), 1 survivors (2048K)
 Metaspace       used 24373K, committed 24704K, reserved 1114112K
  class space    used 2576K, committed 2752K, reserved 1048576K
}
Event: 2.575 GC heap before
{Heap before GC invocations=6 (full 0):
 garbage-first heap   total 83968K, used 56931K [0x0000000705e00000, 0x0000000800000000)
  region size 2048K, 15 young (30720K), 1 survivors (2048K)
 Metaspace       used 24454K, committed 24832K, reserved 1114112K
  class space    used 2578K, committed 2752K, reserved 1048576K
}
Event: 2.579 GC heap after
{Heap after GC invocations=7 (full 0):
 garbage-first heap   total 83968K, used 38292K [0x0000000705e00000, 0x0000000800000000)
  region size 2048K, 2 young (4096K), 2 survivors (4096K)
 Metaspace       used 24454K, committed 24832K, reserved 1114112K
  class space    used 2578K, committed 2752K, reserved 1048576K
}
Event: 2.691 GC heap before
{Heap before GC invocations=7 (full 0):
 garbage-first heap   total 83968K, used 58772K [0x0000000705e00000, 0x0000000800000000)
  region size 2048K, 12 young (24576K), 2 survivors (4096K)
 Metaspace       used 24874K, committed 25280K, reserved 1114112K
  class space    used 2619K, committed 2816K, reserved 1048576K
}
Event: 2.695 GC heap after
{Heap after GC invocations=8 (full 0):
 garbage-first heap   total 83968K, used 42459K [0x0000000705e00000, 0x0000000800000000)
  region size 2048K, 2 young (4096K), 2 survivors (4096K)
 Metaspace       used 24874K, committed 25280K, reserved 1114112K
  class space    used 2619K, committed 2816K, reserved 1048576K
}
Event: 2.809 GC heap before
{Heap before GC invocations=8 (full 0):
 garbage-first heap   total 83968K, used 60891K [0x0000000705e00000, 0x0000000800000000)
  region size 2048K, 11 young (22528K), 2 survivors (4096K)
 Metaspace       used 25293K, committed 25664K, reserved 1114112K
  class space    used 2644K, committed 2880K, reserved 1048576K
}
Event: 2.815 GC heap after
{Heap after GC invocations=9 (full 0):
 garbage-first heap   total 114688K, used 46705K [0x0000000705e00000, 0x0000000800000000)
  region size 2048K, 2 young (4096K), 2 survivors (4096K)
 Metaspace       used 25293K, committed 25664K, reserved 1114112K
  class space    used 2644K, committed 2880K, reserved 1048576K
}
Event: 3.130 GC heap before
{Heap before GC invocations=10 (full 0):
 garbage-first heap   total 114688K, used 81521K [0x0000000705e00000, 0x0000000800000000)
  region size 2048K, 19 young (38912K), 2 survivors (4096K)
 Metaspace       used 26490K, committed 26944K, reserved 1114112K
  class space    used 2765K, committed 3008K, reserved 1048576K
}
Event: 3.138 GC heap after
{Heap after GC invocations=11 (full 0):
 garbage-first heap   total 114688K, used 52353K [0x0000000705e00000, 0x0000000800000000)
  region size 2048K, 2 young (4096K), 2 survivors (4096K)
 Metaspace       used 26490K, committed 26944K, reserved 1114112K
  class space    used 2765K, committed 3008K, reserved 1048576K
}
Event: 3.191 GC heap before
{Heap before GC invocations=11 (full 0):
 garbage-first heap   total 114688K, used 54401K [0x0000000705e00000, 0x0000000800000000)
  region size 2048K, 3 young (6144K), 2 survivors (4096K)
 Metaspace       used 26591K, committed 27008K, reserved 1114112K
  class space    used 2775K, committed 3008K, reserved 1048576K
}
Event: 3.196 GC heap after
{Heap after GC invocations=12 (full 0):
 garbage-first heap   total 114688K, used 52547K [0x0000000705e00000, 0x0000000800000000)
  region size 2048K, 1 young (2048K), 1 survivors (2048K)
 Metaspace       used 26591K, committed 27008K, reserved 1114112K
  class space    used 2775K, committed 3008K, reserved 1048576K
}
Event: 3.433 GC heap before
{Heap before GC invocations=12 (full 0):
 garbage-first heap   total 114688K, used 81219K [0x0000000705e00000, 0x0000000800000000)
  region size 2048K, 16 young (32768K), 1 survivors (2048K)
 Metaspace       used 27560K, committed 27968K, reserved 1114112K
  class space    used 2866K, committed 3072K, reserved 1048576K
}
Event: 3.434 GC heap after
{Heap after GC invocations=13 (full 0):
 garbage-first heap   total 114688K, used 52337K [0x0000000705e00000, 0x0000000800000000)
  region size 2048K, 1 young (2048K), 1 survivors (2048K)
 Metaspace       used 27560K, committed 27968K, reserved 1114112K
  class space    used 2866K, committed 3072K, reserved 1048576K
}
Event: 3.519 GC heap before
{Heap before GC invocations=14 (full 0):
 garbage-first heap   total 114688K, used 85105K [0x0000000705e00000, 0x0000000800000000)
  region size 2048K, 17 young (34816K), 1 survivors (2048K)
 Metaspace       used 27653K, committed 28160K, reserved 1114112K
  class space    used 2869K, committed 3136K, reserved 1048576K
}
Event: 3.520 GC heap after
{Heap after GC invocations=15 (full 0):
 garbage-first heap   total 114688K, used 52306K [0x0000000705e00000, 0x0000000800000000)
  region size 2048K, 1 young (2048K), 1 survivors (2048K)
 Metaspace       used 27653K, committed 28160K, reserved 1114112K
  class space    used 2869K, committed 3136K, reserved 1048576K
}
Event: 3.523 GC heap before
{Heap before GC invocations=15 (full 0):
 garbage-first heap   total 114688K, used 54354K [0x0000000705e00000, 0x0000000800000000)
  region size 2048K, 2 young (4096K), 1 survivors (2048K)
 Metaspace       used 27653K, committed 28160K, reserved 1114112K
  class space    used 2869K, committed 3136K, reserved 1048576K
}
Event: 3.526 GC heap after
{Heap after GC invocations=16 (full 0):
 garbage-first heap   total 114688K, used 51625K [0x0000000705e00000, 0x0000000800000000)
  region size 2048K, 1 young (2048K), 1 survivors (2048K)
 Metaspace       used 27653K, committed 28160K, reserved 1114112K
  class space    used 2869K, committed 3136K, reserved 1048576K
}
Event: 3.579 GC heap before
{Heap before GC invocations=16 (full 0):
 garbage-first heap   total 114688K, used 86441K [0x0000000705e00000, 0x0000000800000000)
  region size 2048K, 19 young (38912K), 1 survivors (2048K)
 Metaspace       used 27678K, committed 28224K, reserved 1114112K
  class space    used 2873K, committed 3136K, reserved 1048576K
}
Event: 3.580 GC heap after
{Heap after GC invocations=17 (full 0):
 garbage-first heap   total 245760K, used 51717K [0x0000000705e00000, 0x0000000800000000)
  region size 2048K, 1 young (2048K), 1 survivors (2048K)
 Metaspace       used 27678K, committed 28224K, reserved 1114112K
  class space    used 2873K, committed 3136K, reserved 1048576K
}

Dll operation events (12 events):
Event: 0.004 Loaded shared library C:\Program Files\Java\jdk-19\bin\java.dll
Event: 0.010 Loaded shared library C:\Program Files\Java\jdk-19\bin\jsvml.dll
Event: 0.038 Loaded shared library C:\Program Files\Java\jdk-19\bin\zip.dll
Event: 0.039 Loaded shared library C:\Program Files\Java\jdk-19\bin\instrument.dll
Event: 0.042 Loaded shared library C:\Program Files\Java\jdk-19\bin\net.dll
Event: 0.043 Loaded shared library C:\Program Files\Java\jdk-19\bin\nio.dll
Event: 0.044 Loaded shared library C:\Program Files\Java\jdk-19\bin\zip.dll
Event: 0.054 Loaded shared library C:\Program Files\JetBrains\IntelliJ IDEA 2022.1.2\bin\breakgen64.dll
Event: 0.058 Loaded shared library C:\Program Files\Java\jdk-19\bin\extnet.dll
Event: 0.110 Loaded shared library C:\Program Files\Java\jdk-19\bin\jimage.dll
Event: 0.154 Loaded shared library C:\Users\99293\AppData\Local\Temp\jansi-2.4.0-26bad0c4407eee60-jansi.dll
Event: 0.160 Loaded shared library C:\Program Files\Java\jdk-19\bin\verify.dll

Deoptimization events (20 events):
Event: 3.598 Thread 0x000001bc994cf900 Uncommon trap: trap_request=0xffffff45 fr.pc=0x000001bca92e2770 relative=0x0000000000000350
Event: 3.598 Thread 0x000001bc994cf900 Uncommon trap: reason=unstable_if action=reinterpret pc=0x000001bca92e2770 method=java.util.regex.Pattern.newSlice([IIZ)Ljava/util/regex/Pattern$Node; @ 10 c2
Event: 3.599 Thread 0x000001bc994cf900 DEOPT PACKING pc=0x000001bca92e2770 sp=0x00000046ba4fc570
Event: 3.599 Thread 0x000001bc994cf900 DEOPT UNPACKING pc=0x000001bca88e6da3 sp=0x00000046ba4fc510 mode 2
Event: 3.629 Thread 0x000001bc994cf900 Uncommon trap: trap_request=0xffffffde fr.pc=0x000001bca8fe9ae4 relative=0x0000000000000044
Event: 3.629 Thread 0x000001bc994cf900 Uncommon trap: reason=class_check action=maybe_recompile pc=0x000001bca8fe9ae4 method=java.lang.invoke.DirectMethodHandle.internalMemberName(Ljava/lang/Object;)Ljava/lang/Object; @ 1 c2
Event: 3.629 Thread 0x000001bc994cf900 DEOPT PACKING pc=0x000001bca8fe9ae4 sp=0x00000046ba4fce80
Event: 3.630 Thread 0x000001bc994cf900 DEOPT UNPACKING pc=0x000001bca88e6da3 sp=0x00000046ba4fce10 mode 2
Event: 3.632 Thread 0x000001bc994cf900 Uncommon trap: trap_request=0xffffffde fr.pc=0x000001bca8fe9ae4 relative=0x0000000000000044
Event: 3.632 Thread 0x000001bc994cf900 Uncommon trap: reason=class_check action=maybe_recompile pc=0x000001bca8fe9ae4 method=java.lang.invoke.DirectMethodHandle.internalMemberName(Ljava/lang/Object;)Ljava/lang/Object; @ 1 c2
Event: 3.632 Thread 0x000001bc994cf900 DEOPT PACKING pc=0x000001bca8fe9ae4 sp=0x00000046ba4fcf40
Event: 3.632 Thread 0x000001bc994cf900 DEOPT UNPACKING pc=0x000001bca88e6da3 sp=0x00000046ba4fced0 mode 2
Event: 3.641 Thread 0x000001bc994cf900 Uncommon trap: trap_request=0xffffffde fr.pc=0x000001bca8fe9ae4 relative=0x0000000000000044
Event: 3.641 Thread 0x000001bc994cf900 Uncommon trap: reason=class_check action=maybe_recompile pc=0x000001bca8fe9ae4 method=java.lang.invoke.DirectMethodHandle.internalMemberName(Ljava/lang/Object;)Ljava/lang/Object; @ 1 c2
Event: 3.641 Thread 0x000001bc994cf900 DEOPT PACKING pc=0x000001bca8fe9ae4 sp=0x00000046ba4fcf00
Event: 3.641 Thread 0x000001bc994cf900 DEOPT UNPACKING pc=0x000001bca88e6da3 sp=0x00000046ba4fce90 mode 2
Event: 3.641 Thread 0x000001bc994cf900 Uncommon trap: trap_request=0xffffffde fr.pc=0x000001bca8fe9ae4 relative=0x0000000000000044
Event: 3.641 Thread 0x000001bc994cf900 Uncommon trap: reason=class_check action=maybe_recompile pc=0x000001bca8fe9ae4 method=java.lang.invoke.DirectMethodHandle.internalMemberName(Ljava/lang/Object;)Ljava/lang/Object; @ 1 c2
Event: 3.641 Thread 0x000001bc994cf900 DEOPT PACKING pc=0x000001bca8fe9ae4 sp=0x00000046ba4fcfc0
Event: 3.641 Thread 0x000001bc994cf900 DEOPT UNPACKING pc=0x000001bca88e6da3 sp=0x00000046ba4fcf50 mode 2

Classes loaded (20 events):
Event: 3.122 Loading class java/util/regex/Pattern$NotBehind
Event: 3.122 Loading class java/util/regex/Pattern$NotBehind done
Event: 3.144 Loading class java/util/Vector$1
Event: 3.144 Loading class java/util/Vector$1 done
Event: 3.146 Loading class java/io/PushbackInputStream
Event: 3.147 Loading class java/io/PushbackInputStream done
Event: 3.241 Loading class java/util/Collections$UnmodifiableSortedSet
Event: 3.241 Loading class java/util/Collections$UnmodifiableSortedSet done
Event: 3.318 Loading class java/util/IdentityHashMap$EntrySet
Event: 3.319 Loading class java/util/IdentityHashMap$EntrySet done
Event: 3.319 Loading class java/util/IdentityHashMap$EntryIterator
Event: 3.319 Loading class java/util/IdentityHashMap$EntryIterator done
Event: 3.319 Loading class java/util/IdentityHashMap$EntryIterator$Entry
Event: 3.319 Loading class java/util/IdentityHashMap$EntryIterator$Entry done
Event: 3.599 Loading class java/util/regex/Pattern$SliceI
Event: 3.599 Loading class java/util/regex/Pattern$SliceI done
Event: 3.637 Loading class java/util/regex/Pattern$Loop
Event: 3.637 Loading class java/util/regex/Pattern$Loop done
Event: 3.637 Loading class java/util/regex/Pattern$Prolog
Event: 3.637 Loading class java/util/regex/Pattern$Prolog done

Classes unloaded (0 events):
No events

Classes redefined (0 events):
No events

Internal exceptions (20 events):
Event: 2.904 Thread 0x000001bc994cf900 Exception <a 'sun/nio/fs/WindowsException'{0x000000070aa56dc0}> (0x000000070aa56dc0) 
thrown [s\open\src\hotspot\share\prims\jni.cpp, line 517]
Event: 2.904 Thread 0x000001bc994cf900 Exception <a 'sun/nio/fs/WindowsException'{0x000000070aa571d0}> (0x000000070aa571d0) 
thrown [s\open\src\hotspot\share\prims\jni.cpp, line 517]
Event: 2.908 Thread 0x000001bc994cf900 Exception <a 'sun/nio/fs/WindowsException'{0x000000070aae2528}> (0x000000070aae2528) 
thrown [s\open\src\hotspot\share\prims\jni.cpp, line 517]
Event: 2.908 Thread 0x000001bc994cf900 Exception <a 'sun/nio/fs/WindowsException'{0x000000070aae28b8}> (0x000000070aae28b8) 
thrown [s\open\src\hotspot\share\prims\jni.cpp, line 517]
Event: 2.909 Thread 0x000001bc994cf900 Exception <a 'sun/nio/fs/WindowsException'{0x000000070aaf0a28}> (0x000000070aaf0a28) 
thrown [s\open\src\hotspot\share\prims\jni.cpp, line 517]
Event: 2.909 Thread 0x000001bc994cf900 Exception <a 'sun/nio/fs/WindowsException'{0x000000070aaf0d78}> (0x000000070aaf0d78) 
thrown [s\open\src\hotspot\share\prims\jni.cpp, line 517]
Event: 2.909 Thread 0x000001bc994cf900 Exception <a 'sun/nio/fs/WindowsException'{0x000000070ab18958}> (0x000000070ab18958) 
thrown [s\open\src\hotspot\share\prims\jni.cpp, line 517]
Event: 2.909 Thread 0x000001bc994cf900 Exception <a 'sun/nio/fs/WindowsException'{0x000000070ab18ce8}> (0x000000070ab18ce8) 
thrown [s\open\src\hotspot\share\prims\jni.cpp, line 517]
Event: 2.909 Thread 0x000001bc994cf900 Exception <a 'sun/nio/fs/WindowsException'{0x000000070ab19cf8}> (0x000000070ab19cf8) 
thrown [s\open\src\hotspot\share\prims\jni.cpp, line 517]
Event: 2.909 Thread 0x000001bc994cf900 Exception <a 'sun/nio/fs/WindowsException'{0x000000070ab1a118}> (0x000000070ab1a118) 
thrown [s\open\src\hotspot\share\prims\jni.cpp, line 517]
Event: 3.014 Thread 0x000001bc994cf900 Implicit null exception at 0x000001bca910ba33 to 0x000001bca910be24
Event: 3.023 Thread 0x000001bc994cf900 Implicit null exception at 0x000001bca9104b6b to 0x000001bca9104d44
Event: 3.581 Thread 0x000001bc994cf900 Implicit null exception at 0x000001bca932c52d to 0x000001bca932cc7d
Event: 3.630 Thread 0x000001bc994cf900 Exception <a 'java/lang/NoSuchMethodError'{0x0000000713a87bd0}: 'void java.lang.invoke.DirectMethodHandle$Holder.invokeInterface(java.lang.Object, java.lang.Object, java.lang.Object, int)'> (0x0000000713a87bd0) 
thrown [s\open\src\hotspot\share\interpreter\linkResolver.cpp, line 774]
Event: 3.630 Thread 0x000001bc994cf900 Exception <a 'java/lang/NoSuchMethodError'{0x0000000713a8f6f8}: 'void java.lang.invoke.DelegatingMethodHandle$Holder.reinvoke_L(java.lang.Object, java.lang.Object, java.lang.Object, int)'> (0x0000000713a8f6f8) 
thrown [s\open\src\hotspot\share\interpreter\linkResolver.cpp, line 774]
Event: 3.634 Thread 0x000001bc994cf900 Exception <a 'java/lang/NoSuchMethodError'{0x0000000713aad590}: 'java.lang.Object java.lang.invoke.DirectMethodHandle$Holder.invokeVirtual(java.lang.Object, java.lang.Object, java.lang.Object, java.lang.Object)'> (0x0000000713aad590) 
thrown [s\open\src\hotspot\share\interpreter\linkResolver.cpp, line 774]
Event: 3.634 Thread 0x000001bc994cf900 Exception <a 'java/lang/NoSuchMethodError'{0x0000000713acb4b8}: 'long java.lang.invoke.DirectMethodHandle$Holder.invokeStatic(java.lang.Object, java.lang.Object, int)'> (0x0000000713acb4b8) 
thrown [s\open\src\hotspot\share\interpreter\linkResolver.cpp, line 774]
Event: 3.635 Thread 0x000001bc994cf900 Exception <a 'java/lang/NoSuchMethodError'{0x0000000713ad3578}: 'java.lang.Object java.lang.invoke.DirectMethodHandle$Holder.invokeSpecial(java.lang.Object, java.lang.Object, java.lang.Object, long, java.lang.Object)'> (0x0000000713ad3578) 
thrown [s\open\src\hotspot\share\interpreter\linkResolver.cpp, line 774]
Event: 3.635 Thread 0x000001bc994cf900 Exception <a 'java/lang/NoSuchMethodError'{0x0000000713ad74c8}: 'java.lang.Object java.lang.invoke.DelegatingMethodHandle$Holder.reinvoke_L(java.lang.Object, java.lang.Object, long, java.lang.Object)'> (0x0000000713ad74c8) 
thrown [s\open\src\hotspot\share\interpreter\linkResolver.cpp, line 774]
Event: 3.638 Thread 0x000001bc994cf900 Exception <a 'java/lang/NoSuchMethodError'{0x0000000713af0060}: 'java.lang.Object java.lang.invoke.DirectMethodHandle$Holder.invokeVirtual(java.lang.Object, java.lang.Object, java.lang.Object, java.lang.Object, java.lang.Object, java.lang.Object, java.lang.Object, java.lang.Object, java.lang.Object, java.lang.Object)'> (0x0000000713af0060) 
thrown [s\open\src\hotspot\share\interpreter\linkResolver.cpp, line 774]

VM Operations (20 events):
Event: 2.860 Executing VM operation: HandshakeAllThreads
Event: 2.860 Executing VM operation: HandshakeAllThreads done
Event: 2.919 Executing VM operation: ICBufferFull
Event: 2.919 Executing VM operation: ICBufferFull done
Event: 3.130 Executing VM operation: G1CollectForAllocation
Event: 3.138 Executing VM operation: G1CollectForAllocation done
Event: 3.191 Executing VM operation: G1CollectForAllocation
Event: 3.196 Executing VM operation: G1CollectForAllocation done
Event: 3.433 Executing VM operation: G1CollectForAllocation
Event: 3.434 Executing VM operation: G1CollectForAllocation done
Event: 3.450 Executing VM operation: G1PauseRemark
Event: 3.454 Executing VM operation: G1PauseRemark done
Event: 3.462 Executing VM operation: G1PauseCleanup
Event: 3.462 Executing VM operation: G1PauseCleanup done
Event: 3.519 Executing VM operation: G1CollectForAllocation
Event: 3.520 Executing VM operation: G1CollectForAllocation done
Event: 3.523 Executing VM operation: G1CollectForAllocation
Event: 3.526 Executing VM operation: G1CollectForAllocation done
Event: 3.579 Executing VM operation: G1CollectForAllocation
Event: 3.580 Executing VM operation: G1CollectForAllocation done

Events (20 events):
Event: 2.250 Thread 0x000001bcbd164850 flushing nmethod 0x000001bca1ee8810
Event: 2.250 Thread 0x000001bcbd164850 flushing nmethod 0x000001bca1ee8d90
Event: 2.250 Thread 0x000001bcbd164850 flushing nmethod 0x000001bca1eebe10
Event: 2.250 Thread 0x000001bcbd164850 flushing nmethod 0x000001bca1eeef10
Event: 2.250 Thread 0x000001bcbd164850 flushing nmethod 0x000001bca1eefd10
Event: 2.250 Thread 0x000001bcbd164850 flushing nmethod 0x000001bca1ef2910
Event: 2.250 Thread 0x000001bcbd164850 flushing nmethod 0x000001bca1f04790
Event: 2.250 Thread 0x000001bcbd164850 flushing nmethod 0x000001bca1f0db10
Event: 2.251 Thread 0x000001bcbd164850 flushing nmethod 0x000001bca1f53310
Event: 2.251 Thread 0x000001bcbd164850 flushing nmethod 0x000001bca1f8b690
Event: 2.251 Thread 0x000001bcbd164850 flushing nmethod 0x000001bca1f8f590
Event: 2.251 Thread 0x000001bcbd164850 flushing nmethod 0x000001bca1f98090
Event: 2.251 Thread 0x000001bcbd164850 flushing nmethod 0x000001bca1f98e10
Event: 2.251 Thread 0x000001bcbd164850 flushing nmethod 0x000001bca1fa3110
Event: 2.251 Thread 0x000001bcbd164850 flushing nmethod 0x000001bca1fbe510
Event: 2.874 Thread 0x000001bcbd164850 flushing nmethod 0x000001bca1ee0a90
Event: 2.874 Thread 0x000001bcbd164850 flushing nmethod 0x000001bca1ee1990
Event: 2.874 Thread 0x000001bcbd164850 flushing nmethod 0x000001bca1eee790
Event: 2.874 Thread 0x000001bcbd164850 flushing nmethod 0x000001bca1efb690
Event: 2.874 Thread 0x000001bcbd164850 flushing nmethod 0x000001bca1f3ea90


Dynamic libraries:
0x00007ff7d17a0000 - 0x00007ff7d17b0000 	C:\Program Files\Java\jdk-19\bin\java.exe
0x00007ff8634f0000 - 0x00007ff863707000 	C:\WINDOWS\SYSTEM32\ntdll.dll
0x00007ff861ba0000 - 0x00007ff861c64000 	C:\WINDOWS\System32\KERNEL32.DLL
0x00007ff860cc0000 - 0x00007ff86106d000 	C:\WINDOWS\System32\KERNELBASE.dll
0x00007ff8607f0000 - 0x00007ff860901000 	C:\WINDOWS\System32\ucrtbase.dll
0x00007ff850e40000 - 0x00007ff850e58000 	C:\Program Files\Java\jdk-19\bin\jli.dll
0x00007ff850e20000 - 0x00007ff850e3b000 	C:\Program Files\Java\jdk-19\bin\VCRUNTIME140.dll
0x00007ff862ef0000 - 0x00007ff862fa2000 	C:\WINDOWS\System32\ADVAPI32.dll
0x00007ff861860000 - 0x00007ff861907000 	C:\WINDOWS\System32\msvcrt.dll
0x00007ff861c70000 - 0x00007ff861d19000 	C:\WINDOWS\System32\sechost.dll
0x00007ff8611d0000 - 0x00007ff8611f8000 	C:\WINDOWS\System32\bcrypt.dll
0x00007ff862cf0000 - 0x00007ff862e04000 	C:\WINDOWS\System32\RPCRT4.dll
0x00007ff861200000 - 0x00007ff8613ae000 	C:\WINDOWS\System32\USER32.dll
0x00007ff860b20000 - 0x00007ff860b46000 	C:\WINDOWS\System32\win32u.dll
0x00007ff84de90000 - 0x00007ff84e123000 	C:\WINDOWS\WinSxS\amd64_microsoft.windows.common-controls_6595b64144ccf1df_6.0.22621.3672_none_2713b9d173822955\COMCTL32.dll
0x00007ff8614b0000 - 0x00007ff8614d9000 	C:\WINDOWS\System32\GDI32.dll
0x00007ff860910000 - 0x00007ff860a29000 	C:\WINDOWS\System32\gdi32full.dll
0x00007ff861130000 - 0x00007ff8611ca000 	C:\WINDOWS\System32\msvcp_win.dll
0x00007ff8581b0000 - 0x00007ff8581ba000 	C:\WINDOWS\SYSTEM32\VERSION.dll
0x00007ff863440000 - 0x00007ff863471000 	C:\WINDOWS\System32\IMM32.DLL
0x00007ff857550000 - 0x00007ff85755c000 	C:\Program Files\Java\jdk-19\bin\vcruntime140_1.dll
0x00007ff843ce0000 - 0x00007ff843d6e000 	C:\Program Files\Java\jdk-19\bin\msvcp140.dll
0x00007ffff3900000 - 0x00007ffff45c0000 	C:\Program Files\Java\jdk-19\bin\server\jvm.dll
0x00007ff85d220000 - 0x00007ff85d229000 	C:\WINDOWS\SYSTEM32\WSOCK32.dll
0x00007ff861b00000 - 0x00007ff861b71000 	C:\WINDOWS\System32\WS2_32.dll
0x00007ff85a3c0000 - 0x00007ff85a3f4000 	C:\WINDOWS\SYSTEM32\WINMM.dll
0x00007ff85f910000 - 0x00007ff85f928000 	C:\WINDOWS\SYSTEM32\kernel.appcore.dll
0x00007ff856c20000 - 0x00007ff856c2a000 	C:\Program Files\Java\jdk-19\bin\jimage.dll
0x00007ff85dff0000 - 0x00007ff85e222000 	C:\WINDOWS\SYSTEM32\DBGHELP.DLL
0x00007ff862030000 - 0x00007ff8623b8000 	C:\WINDOWS\System32\combase.dll
0x00007ff862e10000 - 0x00007ff862ee7000 	C:\WINDOWS\System32\OLEAUT32.dll
0x00007ff857d10000 - 0x00007ff857d42000 	C:\WINDOWS\SYSTEM32\dbgcore.DLL
0x00007ff860aa0000 - 0x00007ff860b1b000 	C:\WINDOWS\System32\bcryptPrimitives.dll
0x00007ff8575b0000 - 0x00007ff8575be000 	C:\Program Files\Java\jdk-19\bin\instrument.dll
0x00007ff850a70000 - 0x00007ff850a96000 	C:\Program Files\Java\jdk-19\bin\java.dll
0x00007ff843c00000 - 0x00007ff843cd7000 	C:\Program Files\Java\jdk-19\bin\jsvml.dll
0x00007ff8623c0000 - 0x00007ff862c1f000 	C:\WINDOWS\System32\SHELL32.dll
0x00007ff85e710000 - 0x00007ff85f00c000 	C:\WINDOWS\SYSTEM32\windows.storage.dll
0x00007ff85e5c0000 - 0x00007ff85e6ff000 	C:\WINDOWS\SYSTEM32\wintypes.dll
0x00007ff861760000 - 0x00007ff861854000 	C:\WINDOWS\System32\SHCORE.dll
0x00007ff861d90000 - 0x00007ff861dee000 	C:\WINDOWS\System32\shlwapi.dll
0x00007ff860720000 - 0x00007ff860741000 	C:\WINDOWS\SYSTEM32\profapi.dll
0x00007ff850230000 - 0x00007ff850248000 	C:\Program Files\Java\jdk-19\bin\zip.dll
0x00007ff850a50000 - 0x00007ff850a63000 	C:\Program Files\Java\jdk-19\bin\net.dll
0x00007ff85bff0000 - 0x00007ff85c126000 	C:\WINDOWS\SYSTEM32\WINHTTP.dll
0x00007ff85fd80000 - 0x00007ff85fde9000 	C:\WINDOWS\system32\mswsock.dll
0x00007ff850a30000 - 0x00007ff850a46000 	C:\Program Files\Java\jdk-19\bin\nio.dll
0x00007ff857590000 - 0x00007ff8575aa000 	C:\Program Files\JetBrains\IntelliJ IDEA 2022.1.2\bin\breakgen64.dll
0x00007ff855ee0000 - 0x00007ff855ee8000 	C:\Program Files\Java\jdk-19\bin\extnet.dll
0x0000000069ac0000 - 0x0000000069ae4000 	C:\Users\99293\AppData\Local\Temp\jansi-2.4.0-26bad0c4407eee60-jansi.dll
0x00007ff850a20000 - 0x00007ff850a30000 	C:\Program Files\Java\jdk-19\bin\verify.dll

dbghelp: loaded successfully - version: 4.0.5 - missing functions: none
symbol engine: initialized successfully - sym options: 0x614 - pdb path: .;C:\Program Files\Java\jdk-19\bin;C:\WINDOWS\SYSTEM32;C:\WINDOWS\WinSxS\amd64_microsoft.windows.common-controls_6595b64144ccf1df_6.0.22621.3672_none_2713b9d173822955;C:\Program Files\Java\jdk-19\bin\server;C:\Program Files\JetBrains\IntelliJ IDEA 2022.1.2\bin;C:\Users\99293\AppData\Local\Temp

VM Arguments:
jvm_args: -Dmaven.multiModuleProjectDirectory=D:\unitedStates_storage-master\unitedStates_storage -Dmaven.home=C:\Users\99293\.m2\wrapper\dists\apache-maven-3.8.6-bin\1ks0nkde5v1pk9vtc31i9d0lcd\apache-maven-3.8.6 -Dclassworlds.conf=C:\Users\99293\.m2\wrapper\dists\apache-maven-3.8.6-bin\1ks0nkde5v1pk9vtc31i9d0lcd\apache-maven-3.8.6\bin\m2.conf -Dmaven.ext.class.path=C:\Program Files\JetBrains\IntelliJ IDEA 2022.1.2\plugins\maven\lib\maven-event-listener.jar -javaagent:C:\Program Files\JetBrains\IntelliJ IDEA 2022.1.2\lib\idea_rt.jar=54033:C:\Program Files\JetBrains\IntelliJ IDEA 2022.1.2\bin -Dfile.encoding=UTF-8 
java_command: org.codehaus.classworlds.Launcher -Didea.version=2022.1.2 package
java_class_path (initial): C:\Users\99293\.m2\wrapper\dists\apache-maven-3.8.6-bin\1ks0nkde5v1pk9vtc31i9d0lcd\apache-maven-3.8.6\boot\plexus-classworlds-2.6.0.jar;C:\Users\99293\.m2\wrapper\dists\apache-maven-3.8.6-bin\1ks0nkde5v1pk9vtc31i9d0lcd\apache-maven-3.8.6\boot\plexus-classworlds.license
Launcher Type: SUN_STANDARD

[Global flags]
     intx CICompilerCount                          = 12                                        {product} {ergonomic}
     uint ConcGCThreads                            = 3                                         {product} {ergonomic}
     uint G1ConcRefinementThreads                  = 13                                        {product} {ergonomic}
   size_t G1HeapRegionSize                         = 2097152                                   {product} {ergonomic}
    uintx GCDrainStackTargetSize                   = 64                                        {product} {ergonomic}
   size_t InitialHeapSize                          = 264241152                                 {product} {ergonomic}
   size_t MarkStackSize                            = 4194304                                   {product} {ergonomic}
   size_t MaxHeapSize                              = 4196401152                                {product} {ergonomic}
   size_t MaxNewSize                               = 2516582400                                {product} {ergonomic}
   size_t MinHeapDeltaBytes                        = 2097152                                   {product} {ergonomic}
   size_t MinHeapSize                              = 8388608                                   {product} {ergonomic}
    uintx NonNMethodCodeHeapSize                   = 7602480                                {pd product} {ergonomic}
    uintx NonProfiledCodeHeapSize                  = 122027880                              {pd product} {ergonomic}
    uintx ProfiledCodeHeapSize                     = 122027880                              {pd product} {ergonomic}
    uintx ReservedCodeCacheSize                    = 251658240                              {pd product} {ergonomic}
     bool SegmentedCodeCache                       = true                                      {product} {ergonomic}
   size_t SoftMaxHeapSize                          = 4196401152                             {manageable} {ergonomic}
     bool UseCompressedClassPointers               = true                           {product lp64_product} {ergonomic}
     bool UseCompressedOops                        = true                           {product lp64_product} {ergonomic}
     bool UseG1GC                                  = true                                      {product} {ergonomic}
     bool UseLargePagesIndividualAllocation        = false                                  {pd product} {ergonomic}

Logging:
Log output configuration:
 #0: stdout all=warning uptime,level,tags foldmultilines=false
 #1: stderr all=off uptime,level,tags foldmultilines=false

Environment Variables:
JAVA_HOME=C:\Program Files\Java\jdk-19
PATH=C:\Program Files\Common Files\Oracle\Java\javapath;C:\Windows\system32;C:\Windows;C:\Windows\System32\Wbem;C:\Windows\System32\WindowsPowerShell\v1.0\;C:\Windows\System32\OpenSSH\;C:\Program Files (x86)\NVIDIA Corporation\PhysX\Common;C:\Program Files\NVIDIA Corporation\NVIDIA NvDLISR;C:\Program Files\Git\cmd;C:\Program Files (x86)\dotnet\;C:\WINDOWS\system32;C:\WINDOWS;C:\WINDOWS\System32\Wbem;C:\WINDOWS\System32\WindowsPowerShell\v1.0\;C:\WINDOWS\System32\OpenSSH\;C:\Program Files\Java\jdk-19\bin;C:\Users\99293\AppData\Local\Programs\Python\Python311\Scripts\;C:\Users\99293\AppData\Local\Programs\Python\Python311\;C:\Users\99293\AppData\Local\Microsoft\WindowsApps;;C:\Program Files\JetBrains\IntelliJ IDEA 2022.1.2\bin;;C:\Program Files\heroku\bin
USERNAME=ASUS
OS=Windows_NT
PROCESSOR_IDENTIFIER=Intel64 Family 6 Model 154 Stepping 3, GenuineIntel
TMP=C:\Users\99293\AppData\Local\Temp
TEMP=C:\Users\99293\AppData\Local\Temp



---------------  S Y S T E M  ---------------

OS:
 Windows 11 , 64 bit Build 22621 (10.0.22621.3672)
OS uptime: 0 days 15:25 hours
Hyper-V role detected

CPU: total 16 (initial active 16) (8 cores per cpu, 2 threads per core) family 6 model 154 stepping 3 microcode 0x41c, cx8, cmov, fxsr, ht, mmx, 3dnowpref, sse, sse2, sse3, ssse3, sse4.1, sse4.2, popcnt, lzcnt, tsc, tscinvbit, avx, avx2, aes, erms, clmul, bmi1, bmi2, adx, sha, fma, vzeroupper, clflush, clflushopt, clwb, hv, serialize, rdtscp, rdpid, fsrm

Memory: 4k page, system-wide physical 16005M (1805M free)
TotalPageFile size 18053M (AvailPageFile size 9M)
current process WorkingSet (physical memory assigned to process): 359M, peak: 362M
current process commit charge ("private bytes"): 545M, peak: 549M

vm_info: Java HotSpot(TM) 64-Bit Server VM (19.0.2+7-44) for windows-amd64 JRE (19.0.2+7-44), built on 2022-11-30T18:02:09Z by "mach5one" with MS VC++ 17.1 (VS2022)

END.
