#
# There is insufficient memory for the Java Runtime Environment to continue.
# Native memory allocation (malloc) failed to allocate 802736 bytes for Chunk::new
# Possible reasons:
#   The system is out of physical RAM or swap space
#   The process is running with CompressedOops enabled, and the Java Heap may be blocking the growth of the native heap
# Possible solutions:
#   Reduce memory load on the system
#   Increase physical memory or swap space
#   Check if swap backing store is full
#   Decrease Java heap size (-Xmx/-Xms)
#   Decrease number of Java threads
#   Decrease Java thread stack sizes (-Xss)
#   Set larger code cache with -XX:ReservedCodeCacheSize=
#   JVM is running with Zero Based Compressed Oops mode in which the Java heap is
#     placed in the first 32GB address space. The Java Heap base address is the
#     maximum limit for the native heap growth. Please use -XX:HeapBaseMinAddress
#     to set the Java Heap base and to place the Java Heap above 32GB virtual address.
# This output file may be truncated or incomplete.
#
#  Out of Memory Error (arena.cpp:184), pid=11500, tid=23560
#
# JRE version: Java(TM) SE Runtime Environment (19.0.2+7) (build 19.0.2+7-44)
# Java VM: Java HotSpot(TM) 64-Bit Server VM (19.0.2+7-44, mixed mode, sharing, tiered, compressed oops, compressed class ptrs, g1 gc, windows-amd64)
# No core dump will be written. Minidumps are not enabled by default on client versions of Windows
#

---------------  S U M M A R Y ------------

Command Line: -Dmaven.multiModuleProjectDirectory=D:\unitedStates_storage-master\unitedStates_storage -Dmaven.home=C:\Users\99293\.m2\wrapper\dists\apache-maven-3.8.6-bin\1ks0nkde5v1pk9vtc31i9d0lcd\apache-maven-3.8.6 -Dclassworlds.conf=C:\Users\99293\.m2\wrapper\dists\apache-maven-3.8.6-bin\1ks0nkde5v1pk9vtc31i9d0lcd\apache-maven-3.8.6\bin\m2.conf -Dmaven.ext.class.path=C:\Program Files\JetBrains\IntelliJ IDEA 2022.1.2\plugins\maven\lib\maven-event-listener.jar -javaagent:C:\Program Files\JetBrains\IntelliJ IDEA 2022.1.2\lib\idea_rt.jar=56544:C:\Program Files\JetBrains\IntelliJ IDEA 2022.1.2\bin -Dfile.encoding=UTF-8 org.codehaus.classworlds.Launcher -Didea.version=2022.1.2 package

Host: 12th Gen Intel(R) Core(TM) i7-12650H, 16 cores, 15G,  Windows 11 , 64 bit Build 22621 (10.0.22621.3672)
Time: Tue Jul 30 19:52:38 2024  Windows 11 , 64 bit Build 22621 (10.0.22621.3672) elapsed time: 5.122054 seconds (0d 0h 0m 5s)

---------------  T H R E A D  ---------------

Current thread (0x000001df97ffa700):  JavaThread "C2 CompilerThread6" daemon [_thread_in_native, id=23560, stack(0x000000b3abb00000,0x000000b3abc00000)]


Current CompileTask:
C2:   5122 8793   !   4       com.sun.tools.javac.code.Types$12::visitClassType (229 bytes)

Stack: [0x000000b3abb00000,0x000000b3abc00000]
Native frames: (J=compiled Java code, j=interpreted, Vv=VM code, C=native code)
V  [jvm.dll+0x6ee21a]
V  [jvm.dll+0x85765e]
V  [jvm.dll+0x85904e]
V  [jvm.dll+0x859703]
V  [jvm.dll+0x28298f]
V  [jvm.dll+0xc9adf]
V  [jvm.dll+0xc9e65]
V  [jvm.dll+0x3bca12]
V  [jvm.dll+0x3860e1]
V  [jvm.dll+0x38555a]
V  [jvm.dll+0x24c3d9]
V  [jvm.dll+0x24b781]
V  [jvm.dll+0x1d6ce1]
V  [jvm.dll+0x25b25a]
V  [jvm.dll+0x2596e8]
V  [jvm.dll+0x807588]
V  [jvm.dll+0x80125a]
V  [jvm.dll+0x6ecf0b]
C  [ucrtbase.dll+0x29333]
C  [KERNEL32.DLL+0x1257d]
C  [ntdll.dll+0x5af28]


---------------  P R O C E S S  ---------------

Threads class SMR info:
_java_thread_list=0x000001df9a180d10, length=23, elements={
0x000001dfeec70440, 0x000001dfffa2e5a0, 0x000001dfffa2f390, 0x000001dfffa32270,
0x000001dfffa36090, 0x000001dfffa375d0, 0x000001dfffa38b10, 0x000001dfffa42470,
0x000001dfffa4adf0, 0x000001dfffa37b20, 0x000001dfffa5e0e0, 0x000001dfffa365e0,
0x000001dfffa395b0, 0x000001dfffa39060, 0x000001df973b3e90, 0x000001df97639fb0,
0x000001df97637c70, 0x000001df97c3cc10, 0x000001df97d2d0f0, 0x000001df97d2e300,
0x000001df9841bfe0, 0x000001df97ffa700, 0x000001df97ffd910
}

Java Threads: ( => current thread )
  0x000001dfeec70440 JavaThread "main" [_thread_in_Java, id=4816, stack(0x000000b3a9f00000,0x000000b3aa000000)]
  0x000001dfffa2e5a0 JavaThread "Reference Handler" daemon [_thread_blocked, id=17696, stack(0x000000b3aa600000,0x000000b3aa700000)]
  0x000001dfffa2f390 JavaThread "Finalizer" daemon [_thread_blocked, id=15648, stack(0x000000b3aa700000,0x000000b3aa800000)]
  0x000001dfffa32270 JavaThread "Signal Dispatcher" daemon [_thread_blocked, id=10064, stack(0x000000b3aa800000,0x000000b3aa900000)]
  0x000001dfffa36090 JavaThread "Attach Listener" daemon [_thread_blocked, id=14540, stack(0x000000b3aa900000,0x000000b3aaa00000)]
  0x000001dfffa375d0 JavaThread "Service Thread" daemon [_thread_blocked, id=17632, stack(0x000000b3aaa00000,0x000000b3aab00000)]
  0x000001dfffa38b10 JavaThread "Monitor Deflation Thread" daemon [_thread_blocked, id=23800, stack(0x000000b3aab00000,0x000000b3aac00000)]
  0x000001dfffa42470 JavaThread "C2 CompilerThread0" daemon [_thread_in_native, id=1684, stack(0x000000b3aac00000,0x000000b3aad00000)]
  0x000001dfffa4adf0 JavaThread "C1 CompilerThread0" daemon [_thread_in_native, id=11092, stack(0x000000b3aad00000,0x000000b3aae00000)]
  0x000001dfffa37b20 JavaThread "Sweeper thread" daemon [_thread_blocked, id=7612, stack(0x000000b3aae00000,0x000000b3aaf00000)]
  0x000001dfffa5e0e0 JavaThread "C1 CompilerThread1" daemon [_thread_in_native, id=14980, stack(0x000000b3aaf00000,0x000000b3ab000000)]
  0x000001dfffa365e0 JavaThread "Common-Cleaner" daemon [_thread_blocked, id=20256, stack(0x000000b3ab000000,0x000000b3ab100000)]
  0x000001dfffa395b0 JavaThread "Monitor Ctrl-Break" daemon [_thread_in_native, id=15928, stack(0x000000b3ab100000,0x000000b3ab200000)]
  0x000001dfffa39060 JavaThread "Notification Thread" daemon [_thread_blocked, id=19412, stack(0x000000b3ab200000,0x000000b3ab300000)]
  0x000001df973b3e90 JavaThread "C2 CompilerThread1" daemon [_thread_in_native, id=8676, stack(0x000000b3ab400000,0x000000b3ab500000)]
  0x000001df97639fb0 JavaThread "C1 CompilerThread2" daemon [_thread_blocked, id=7144, stack(0x000000b3ab500000,0x000000b3ab600000)]
  0x000001df97637c70 JavaThread "C1 CompilerThread3" daemon [_thread_blocked, id=9756, stack(0x000000b3ab600000,0x000000b3ab700000)]
  0x000001df97c3cc10 JavaThread "C2 CompilerThread2" daemon [_thread_in_native, id=22604, stack(0x000000b3ab700000,0x000000b3ab800000)]
  0x000001df97d2d0f0 JavaThread "C2 CompilerThread3" daemon [_thread_in_native, id=23156, stack(0x000000b3ab800000,0x000000b3ab900000)]
  0x000001df97d2e300 JavaThread "C2 CompilerThread4" daemon [_thread_in_native, id=6820, stack(0x000000b3ab900000,0x000000b3aba00000)]
  0x000001df9841bfe0 JavaThread "C2 CompilerThread5" daemon [_thread_in_native, id=19664, stack(0x000000b3aba00000,0x000000b3abb00000)]
=>0x000001df97ffa700 JavaThread "C2 CompilerThread6" daemon [_thread_in_native, id=23560, stack(0x000000b3abb00000,0x000000b3abc00000)]
  0x000001df97ffd910 JavaThread "C2 CompilerThread7" daemon [_thread_in_native, id=24976, stack(0x000000b3aca00000,0x000000b3acb00000)]

Other Threads:
  0x000001dfffa144f0 VMThread "VM Thread" [stack: 0x000000b3aa500000,0x000000b3aa600000] [id=24452]
  0x000001df97235180 WatcherThread "VM Periodic Task Thread" [stack: 0x000000b3ab300000,0x000000b3ab400000] [id=18704]
  0x000001dfeece0fe0 WorkerThread "GC Thread#0" [stack: 0x000000b3aa000000,0x000000b3aa100000] [id=19168]
  0x000001df97503120 WorkerThread "GC Thread#1" [stack: 0x000000b3abd00000,0x000000b3abe00000] [id=17168]
  0x000001df97503c60 WorkerThread "GC Thread#2" [stack: 0x000000b3abe00000,0x000000b3abf00000] [id=16692]
  0x000001df975028b0 WorkerThread "GC Thread#3" [stack: 0x000000b3abf00000,0x000000b3ac000000] [id=25024]
  0x000001df97502b80 WorkerThread "GC Thread#4" [stack: 0x000000b3ac000000,0x000000b3ac100000] [id=22484]
  0x000001df975033f0 WorkerThread "GC Thread#5" [stack: 0x000000b3ac100000,0x000000b3ac200000] [id=12364]
  0x000001df975036c0 WorkerThread "GC Thread#6" [stack: 0x000000b3ac200000,0x000000b3ac300000] [id=13412]
  0x000001df97504200 WorkerThread "GC Thread#7" [stack: 0x000000b3ac300000,0x000000b3ac400000] [id=19072]
  0x000001df99431530 WorkerThread "GC Thread#8" [stack: 0x000000b3ac400000,0x000000b3ac500000] [id=18140]
  0x000001df9942f910 WorkerThread "GC Thread#9" [stack: 0x000000b3ac500000,0x000000b3ac600000] [id=19580]
  0x000001df99430f90 WorkerThread "GC Thread#10" [stack: 0x000000b3ac600000,0x000000b3ac700000] [id=7608]
  0x000001df99431ad0 WorkerThread "GC Thread#11" [stack: 0x000000b3abc00000,0x000000b3abd00000] [id=8036]
  0x000001df9942e560 WorkerThread "GC Thread#12" [stack: 0x000000b3ac700000,0x000000b3ac800000] [id=10916]
  0x000001dfeecf1af0 ConcurrentGCThread "G1 Main Marker" [stack: 0x000000b3aa100000,0x000000b3aa200000] [id=25224]
  0x000001dfeecf2520 WorkerThread "G1 Conc#0" [stack: 0x000000b3aa200000,0x000000b3aa300000] [id=16320]
  0x000001df99430450 WorkerThread "G1 Conc#1" [stack: 0x000000b3ac800000,0x000000b3ac900000] [id=11712]
  0x000001df99431da0 WorkerThread "G1 Conc#2" [stack: 0x000000b3ac900000,0x000000b3aca00000] [id=18460]
  0x000001dfff8cd3d0 ConcurrentGCThread "G1 Refine#0" [stack: 0x000000b3aa300000,0x000000b3aa400000] [id=11592]
  0x000001dfff8cdf10 ConcurrentGCThread "G1 Service" [stack: 0x000000b3aa400000,0x000000b3aa500000] [id=20088]

Threads with active compile tasks:
C2 CompilerThread0     5137 8878       4       jdk.internal.org.objectweb.asm.SymbolTable::addConstantMemberReference (147 bytes)
C1 CompilerThread0     5138 9006       3       com.sun.tools.javac.code.Type$WildcardType::getTag (4 bytes)
C1 CompilerThread1     5138 9007       3       com.sun.tools.javac.code.Types::intersect (326 bytes)
C2 CompilerThread1     5138 8792       4       com.sun.tools.javac.code.Types$12::visitClassType (10 bytes)
C1 CompilerThread2     5138 9008       3       com.sun.tools.javac.code.Types$TypePair::hashCode (27 bytes)
C1 CompilerThread3     5138 9009       3       com.sun.tools.javac.code.Types::asOuterSuper (114 bytes)
C2 CompilerThread2     5138 8996       4       com.sun.tools.javac.code.Types::wildLowerBound (43 bytes)
C2 CompilerThread3     5138 8959       4       com.sun.tools.javac.code.Type$ArrayType::isErroneous (8 bytes)
C2 CompilerThread4     5139 8908       4       com.sun.tools.javac.code.Types$5::visitClassType (387 bytes)
C2 CompilerThread5     5139 9004       4       com.sun.tools.javac.util.List::map (83 bytes)
C2 CompilerThread6     5139 8793   !   4       com.sun.tools.javac.code.Types$12::visitClassType (229 bytes)
C2 CompilerThread7     5139 8990       4       com.sun.tools.javac.comp.Resolve::findMethodInScope (71 bytes)

VM state: not at safepoint (normal execution)

VM Mutex/Monitor currently owned by a thread: None

Heap address: 0x0000000705e00000, size: 4002 MB, Compressed Oops mode: Zero based, Oop shift amount: 3

CDS archive(s) mapped at: [0x0000000800000000-0x0000000800c40000-0x0000000800c40000), size 12845056, SharedBaseAddress: 0x0000000800000000, ArchiveRelocationMode: 0.
Compressed class space mapped at: 0x0000000801000000-0x0000000841000000, reserved size: 1073741824
Narrow klass base: 0x0000000800000000, Narrow klass shift: 0, Narrow klass range: 0x100000000

GC Precious Log:
 CardTable entry size: 512
 Card Set container configuration: InlinePtr #cards 4 size 8 Array Of Cards #cards 16 size 48 Howl #buckets 8 coarsen threshold 3686 Howl Bitmap #cards 512 size 80 coarsen threshold 460 Card regions per heap region 1 cards per card region 4096
 CPUs: 16 total, 16 available
 Memory: 16005M
 Large Page Support: Disabled
 NUMA Support: Disabled
 Compressed Oops: Enabled (Zero based)
 Heap Region Size: 2M
 Heap Min Capacity: 8M
 Heap Initial Capacity: 252M
 Heap Max Capacity: 4002M
 Pre-touch: Disabled
 Parallel Workers: 13
 Concurrent Workers: 3
 Concurrent Refinement Workers: 13
 Periodic GC: Disabled

Heap:
 garbage-first heap   total 245760K, used 130700K [0x0000000705e00000, 0x0000000800000000)
  region size 2048K, 40 young (81920K), 2 survivors (4096K)
 Metaspace       used 30000K, committed 30528K, reserved 1114112K
  class space    used 3137K, committed 3392K, reserved 1048576K

Heap Regions: E=young(eden), S=young(survivor), O=old, HS=humongous(starts), HC=humongous(continues), CS=collection set, F=free, OA=open archive, CA=closed archive, TAMS=top-at-mark-start (previous, next)
|   0|0x0000000705e00000, 0x0000000706000000, 0x0000000706000000|100%| O|  |TAMS 0x0000000706000000, 0x0000000705e00000| Untracked 
|   1|0x0000000706000000, 0x0000000706200000, 0x0000000706200000|100%| O|  |TAMS 0x0000000706200000, 0x0000000706000000| Untracked 
|   2|0x0000000706200000, 0x0000000706400000, 0x0000000706400000|100%| O|  |TAMS 0x0000000706400000, 0x0000000706200000| Untracked 
|   3|0x0000000706400000, 0x0000000706600000, 0x0000000706600000|100%| O|  |TAMS 0x0000000706600000, 0x0000000706400000| Untracked 
|   4|0x0000000706600000, 0x0000000706600000, 0x0000000706800000|  0%| F|  |TAMS 0x0000000706600000, 0x0000000706600000| Untracked 
|   5|0x0000000706800000, 0x0000000706a00000, 0x0000000706a00000|100%| O|  |TAMS 0x0000000706a00000, 0x0000000706800000| Untracked 
|   6|0x0000000706a00000, 0x0000000706c00000, 0x0000000706c00000|100%| O|  |TAMS 0x0000000706c00000, 0x0000000706a00000| Untracked 
|   7|0x0000000706c00000, 0x0000000706e00000, 0x0000000706e00000|100%| O|  |TAMS 0x0000000706e00000, 0x0000000706c00000| Untracked 
|   8|0x0000000706e00000, 0x0000000707000000, 0x0000000707000000|100%| O|  |TAMS 0x0000000707000000, 0x0000000706e00000| Untracked 
|   9|0x0000000707000000, 0x0000000707200000, 0x0000000707200000|100%| O|  |TAMS 0x0000000707200000, 0x0000000707000000| Untracked 
|  10|0x0000000707200000, 0x0000000707400000, 0x0000000707400000|100%| O|  |TAMS 0x0000000707400000, 0x0000000707200000| Untracked 
|  11|0x0000000707400000, 0x0000000707600000, 0x0000000707600000|100%| O|  |TAMS 0x000000070745b000, 0x0000000707400000| Untracked 
|  12|0x0000000707600000, 0x0000000707800000, 0x0000000707800000|100%| O|  |TAMS 0x0000000707600000, 0x0000000707600000| Untracked 
|  13|0x0000000707800000, 0x0000000707a00000, 0x0000000707a00000|100%| O|  |TAMS 0x0000000707800000, 0x0000000707800000| Untracked 
|  14|0x0000000707a00000, 0x0000000707c00000, 0x0000000707c00000|100%|HS|  |TAMS 0x0000000707a00000, 0x0000000707a00000| Complete 
|  15|0x0000000707c00000, 0x0000000707e00000, 0x0000000707e00000|100%| O|  |TAMS 0x0000000707c00000, 0x0000000707c00000| Untracked 
|  16|0x0000000707e00000, 0x0000000708000000, 0x0000000708000000|100%| O|  |TAMS 0x0000000707e00000, 0x0000000707e00000| Untracked 
|  17|0x0000000708000000, 0x0000000708200000, 0x0000000708200000|100%| O|  |TAMS 0x0000000708000000, 0x0000000708000000| Untracked 
|  18|0x0000000708200000, 0x00000007083b3c00, 0x0000000708400000| 85%| O|  |TAMS 0x0000000708200000, 0x0000000708200000| Untracked 
|  19|0x0000000708400000, 0x0000000708400000, 0x0000000708600000|  0%| F|  |TAMS 0x0000000708400000, 0x0000000708400000| Untracked 
|  20|0x0000000708600000, 0x0000000708600000, 0x0000000708800000|  0%| F|  |TAMS 0x0000000708600000, 0x0000000708600000| Untracked 
|  21|0x0000000708800000, 0x0000000708800000, 0x0000000708a00000|  0%| F|  |TAMS 0x0000000708800000, 0x0000000708800000| Untracked 
|  22|0x0000000708a00000, 0x0000000708a00000, 0x0000000708c00000|  0%| F|  |TAMS 0x0000000708a00000, 0x0000000708a00000| Untracked 
|  23|0x0000000708c00000, 0x0000000708c00000, 0x0000000708e00000|  0%| F|  |TAMS 0x0000000708c00000, 0x0000000708c00000| Untracked 
|  24|0x0000000708e00000, 0x0000000708e00000, 0x0000000709000000|  0%| F|  |TAMS 0x0000000708e00000, 0x0000000708e00000| Untracked 
|  25|0x0000000709000000, 0x0000000709000000, 0x0000000709200000|  0%| F|  |TAMS 0x0000000709000000, 0x0000000709000000| Untracked 
|  26|0x0000000709200000, 0x0000000709200000, 0x0000000709400000|  0%| F|  |TAMS 0x0000000709200000, 0x0000000709200000| Untracked 
|  27|0x0000000709400000, 0x0000000709400000, 0x0000000709600000|  0%| F|  |TAMS 0x0000000709400000, 0x0000000709400000| Untracked 
|  28|0x0000000709600000, 0x0000000709600000, 0x0000000709800000|  0%| F|  |TAMS 0x0000000709600000, 0x0000000709600000| Untracked 
|  29|0x0000000709800000, 0x0000000709800000, 0x0000000709a00000|  0%| F|  |TAMS 0x0000000709800000, 0x0000000709800000| Untracked 
|  30|0x0000000709a00000, 0x0000000709a00000, 0x0000000709c00000|  0%| F|  |TAMS 0x0000000709a00000, 0x0000000709a00000| Untracked 
|  31|0x0000000709c00000, 0x0000000709c00000, 0x0000000709e00000|  0%| F|  |TAMS 0x0000000709c00000, 0x0000000709c00000| Untracked 
|  32|0x0000000709e00000, 0x0000000709e00000, 0x000000070a000000|  0%| F|  |TAMS 0x0000000709e00000, 0x0000000709e00000| Untracked 
|  33|0x000000070a000000, 0x000000070a000000, 0x000000070a200000|  0%| F|  |TAMS 0x000000070a000000, 0x000000070a000000| Untracked 
|  34|0x000000070a200000, 0x000000070a200000, 0x000000070a400000|  0%| F|  |TAMS 0x000000070a200000, 0x000000070a200000| Untracked 
|  35|0x000000070a400000, 0x000000070a400000, 0x000000070a600000|  0%| F|  |TAMS 0x000000070a400000, 0x000000070a400000| Untracked 
|  36|0x000000070a600000, 0x000000070a600000, 0x000000070a800000|  0%| F|  |TAMS 0x000000070a600000, 0x000000070a600000| Untracked 
|  37|0x000000070a800000, 0x000000070a800000, 0x000000070aa00000|  0%| F|  |TAMS 0x000000070a800000, 0x000000070a800000| Untracked 
|  38|0x000000070aa00000, 0x000000070aa00000, 0x000000070ac00000|  0%| F|  |TAMS 0x000000070aa00000, 0x000000070aa00000| Untracked 
|  39|0x000000070ac00000, 0x000000070ac00000, 0x000000070ae00000|  0%| F|  |TAMS 0x000000070ac00000, 0x000000070ac00000| Untracked 
|  40|0x000000070ae00000, 0x000000070ae00000, 0x000000070b000000|  0%| F|  |TAMS 0x000000070ae00000, 0x000000070ae00000| Untracked 
|  41|0x000000070b000000, 0x000000070b000000, 0x000000070b200000|  0%| F|  |TAMS 0x000000070b000000, 0x000000070b000000| Untracked 
|  42|0x000000070b200000, 0x000000070b200000, 0x000000070b400000|  0%| F|  |TAMS 0x000000070b200000, 0x000000070b200000| Untracked 
|  43|0x000000070b400000, 0x000000070b400000, 0x000000070b600000|  0%| F|  |TAMS 0x000000070b400000, 0x000000070b400000| Untracked 
|  44|0x000000070b600000, 0x000000070b7ef790, 0x000000070b800000| 96%| S|CS|TAMS 0x000000070b600000, 0x000000070b600000| Complete 
|  45|0x000000070b800000, 0x000000070ba00000, 0x000000070ba00000|100%| S|CS|TAMS 0x000000070b800000, 0x000000070b800000| Complete 
|  46|0x000000070ba00000, 0x000000070ba00000, 0x000000070bc00000|  0%| F|  |TAMS 0x000000070ba00000, 0x000000070ba00000| Untracked 
|  47|0x000000070bc00000, 0x000000070bc00000, 0x000000070be00000|  0%| F|  |TAMS 0x000000070bc00000, 0x000000070bc00000| Untracked 
|  48|0x000000070be00000, 0x000000070be00000, 0x000000070c000000|  0%| F|  |TAMS 0x000000070be00000, 0x000000070be00000| Untracked 
|  49|0x000000070c000000, 0x000000070c000000, 0x000000070c200000|  0%| F|  |TAMS 0x000000070c000000, 0x000000070c000000| Untracked 
|  50|0x000000070c200000, 0x000000070c200000, 0x000000070c400000|  0%| F|  |TAMS 0x000000070c200000, 0x000000070c200000| Untracked 
|  51|0x000000070c400000, 0x000000070c400000, 0x000000070c600000|  0%| F|  |TAMS 0x000000070c400000, 0x000000070c400000| Untracked 
|  52|0x000000070c600000, 0x000000070c600000, 0x000000070c800000|  0%| F|  |TAMS 0x000000070c600000, 0x000000070c600000| Untracked 
|  53|0x000000070c800000, 0x000000070c800000, 0x000000070ca00000|  0%| F|  |TAMS 0x000000070c800000, 0x000000070c800000| Untracked 
|  54|0x000000070ca00000, 0x000000070ca00000, 0x000000070cc00000|  0%| F|  |TAMS 0x000000070ca00000, 0x000000070ca00000| Untracked 
|  55|0x000000070cc00000, 0x000000070cc00000, 0x000000070ce00000|  0%| F|  |TAMS 0x000000070cc00000, 0x000000070cc00000| Untracked 
|  56|0x000000070ce00000, 0x000000070ce00000, 0x000000070d000000|  0%| F|  |TAMS 0x000000070ce00000, 0x000000070ce00000| Untracked 
|  57|0x000000070d000000, 0x000000070d000000, 0x000000070d200000|  0%| F|  |TAMS 0x000000070d000000, 0x000000070d000000| Untracked 
|  58|0x000000070d200000, 0x000000070d200000, 0x000000070d400000|  0%| F|  |TAMS 0x000000070d200000, 0x000000070d200000| Untracked 
|  59|0x000000070d400000, 0x000000070d400000, 0x000000070d600000|  0%| F|  |TAMS 0x000000070d400000, 0x000000070d400000| Untracked 
|  60|0x000000070d600000, 0x000000070d600000, 0x000000070d800000|  0%| F|  |TAMS 0x000000070d600000, 0x000000070d600000| Untracked 
|  61|0x000000070d800000, 0x000000070d800000, 0x000000070da00000|  0%| F|  |TAMS 0x000000070d800000, 0x000000070d800000| Untracked 
|  62|0x000000070da00000, 0x000000070da00000, 0x000000070dc00000|  0%| F|  |TAMS 0x000000070da00000, 0x000000070da00000| Untracked 
|  63|0x000000070dc00000, 0x000000070dc00000, 0x000000070de00000|  0%| F|  |TAMS 0x000000070dc00000, 0x000000070dc00000| Untracked 
|  64|0x000000070de00000, 0x000000070de00000, 0x000000070e000000|  0%| F|  |TAMS 0x000000070de00000, 0x000000070de00000| Untracked 
|  65|0x000000070e000000, 0x000000070e000000, 0x000000070e200000|  0%| F|  |TAMS 0x000000070e000000, 0x000000070e000000| Untracked 
|  66|0x000000070e200000, 0x000000070e200000, 0x000000070e400000|  0%| F|  |TAMS 0x000000070e200000, 0x000000070e200000| Untracked 
|  67|0x000000070e400000, 0x000000070e400000, 0x000000070e600000|  0%| F|  |TAMS 0x000000070e400000, 0x000000070e400000| Untracked 
|  68|0x000000070e600000, 0x000000070e600000, 0x000000070e800000|  0%| F|  |TAMS 0x000000070e600000, 0x000000070e600000| Untracked 
|  69|0x000000070e800000, 0x000000070e800000, 0x000000070ea00000|  0%| F|  |TAMS 0x000000070e800000, 0x000000070e800000| Untracked 
|  70|0x000000070ea00000, 0x000000070ea00000, 0x000000070ec00000|  0%| F|  |TAMS 0x000000070ea00000, 0x000000070ea00000| Untracked 
|  71|0x000000070ec00000, 0x000000070ec00000, 0x000000070ee00000|  0%| F|  |TAMS 0x000000070ec00000, 0x000000070ec00000| Untracked 
|  72|0x000000070ee00000, 0x000000070ee00000, 0x000000070f000000|  0%| F|  |TAMS 0x000000070ee00000, 0x000000070ee00000| Untracked 
|  73|0x000000070f000000, 0x000000070f000000, 0x000000070f200000|  0%| F|  |TAMS 0x000000070f000000, 0x000000070f000000| Untracked 
|  74|0x000000070f200000, 0x000000070f200000, 0x000000070f400000|  0%| F|  |TAMS 0x000000070f200000, 0x000000070f200000| Untracked 
|  75|0x000000070f400000, 0x000000070f500800, 0x000000070f600000| 50%| E|  |TAMS 0x000000070f400000, 0x000000070f400000| Complete 
|  76|0x000000070f600000, 0x000000070f800000, 0x000000070f800000|100%| E|CS|TAMS 0x000000070f600000, 0x000000070f600000| Complete 
|  77|0x000000070f800000, 0x000000070fa00000, 0x000000070fa00000|100%| E|CS|TAMS 0x000000070f800000, 0x000000070f800000| Complete 
|  78|0x000000070fa00000, 0x000000070fc00000, 0x000000070fc00000|100%| E|CS|TAMS 0x000000070fa00000, 0x000000070fa00000| Complete 
|  79|0x000000070fc00000, 0x000000070fe00000, 0x000000070fe00000|100%| E|CS|TAMS 0x000000070fc00000, 0x000000070fc00000| Complete 
|  80|0x000000070fe00000, 0x0000000710000000, 0x0000000710000000|100%| E|CS|TAMS 0x000000070fe00000, 0x000000070fe00000| Complete 
|  81|0x0000000710000000, 0x0000000710200000, 0x0000000710200000|100%| E|CS|TAMS 0x0000000710000000, 0x0000000710000000| Complete 
|  82|0x0000000710200000, 0x0000000710400000, 0x0000000710400000|100%| E|CS|TAMS 0x0000000710200000, 0x0000000710200000| Complete 
|  83|0x0000000710400000, 0x0000000710600000, 0x0000000710600000|100%| E|CS|TAMS 0x0000000710400000, 0x0000000710400000| Complete 
|  84|0x0000000710600000, 0x0000000710800000, 0x0000000710800000|100%| E|CS|TAMS 0x0000000710600000, 0x0000000710600000| Complete 
|  85|0x0000000710800000, 0x0000000710a00000, 0x0000000710a00000|100%| E|CS|TAMS 0x0000000710800000, 0x0000000710800000| Complete 
|  86|0x0000000710a00000, 0x0000000710c00000, 0x0000000710c00000|100%| E|CS|TAMS 0x0000000710a00000, 0x0000000710a00000| Complete 
|  87|0x0000000710c00000, 0x0000000710e00000, 0x0000000710e00000|100%| E|CS|TAMS 0x0000000710c00000, 0x0000000710c00000| Complete 
|  88|0x0000000710e00000, 0x0000000711000000, 0x0000000711000000|100%| E|CS|TAMS 0x0000000710e00000, 0x0000000710e00000| Complete 
|  89|0x0000000711000000, 0x0000000711200000, 0x0000000711200000|100%| E|CS|TAMS 0x0000000711000000, 0x0000000711000000| Complete 
|  90|0x0000000711200000, 0x0000000711400000, 0x0000000711400000|100%| E|CS|TAMS 0x0000000711200000, 0x0000000711200000| Complete 
|  91|0x0000000711400000, 0x0000000711600000, 0x0000000711600000|100%| E|CS|TAMS 0x0000000711400000, 0x0000000711400000| Complete 
|  92|0x0000000711600000, 0x0000000711800000, 0x0000000711800000|100%| E|CS|TAMS 0x0000000711600000, 0x0000000711600000| Complete 
|  93|0x0000000711800000, 0x0000000711a00000, 0x0000000711a00000|100%| E|CS|TAMS 0x0000000711800000, 0x0000000711800000| Complete 
|  94|0x0000000711a00000, 0x0000000711c00000, 0x0000000711c00000|100%| E|CS|TAMS 0x0000000711a00000, 0x0000000711a00000| Complete 
|  95|0x0000000711c00000, 0x0000000711e00000, 0x0000000711e00000|100%| E|CS|TAMS 0x0000000711c00000, 0x0000000711c00000| Complete 
|  96|0x0000000711e00000, 0x0000000712000000, 0x0000000712000000|100%| E|CS|TAMS 0x0000000711e00000, 0x0000000711e00000| Complete 
|  97|0x0000000712000000, 0x0000000712200000, 0x0000000712200000|100%| E|CS|TAMS 0x0000000712000000, 0x0000000712000000| Complete 
|  98|0x0000000712200000, 0x0000000712400000, 0x0000000712400000|100%| E|CS|TAMS 0x0000000712200000, 0x0000000712200000| Complete 
|  99|0x0000000712400000, 0x0000000712600000, 0x0000000712600000|100%| E|CS|TAMS 0x0000000712400000, 0x0000000712400000| Complete 
| 100|0x0000000712600000, 0x0000000712800000, 0x0000000712800000|100%| E|CS|TAMS 0x0000000712600000, 0x0000000712600000| Complete 
| 101|0x0000000712800000, 0x0000000712a00000, 0x0000000712a00000|100%| E|CS|TAMS 0x0000000712800000, 0x0000000712800000| Complete 
| 102|0x0000000712a00000, 0x0000000712c00000, 0x0000000712c00000|100%| E|CS|TAMS 0x0000000712a00000, 0x0000000712a00000| Complete 
| 103|0x0000000712c00000, 0x0000000712e00000, 0x0000000712e00000|100%| E|CS|TAMS 0x0000000712c00000, 0x0000000712c00000| Complete 
| 104|0x0000000712e00000, 0x0000000713000000, 0x0000000713000000|100%| E|CS|TAMS 0x0000000712e00000, 0x0000000712e00000| Complete 
| 105|0x0000000713000000, 0x0000000713200000, 0x0000000713200000|100%| E|CS|TAMS 0x0000000713000000, 0x0000000713000000| Complete 
| 106|0x0000000713200000, 0x0000000713400000, 0x0000000713400000|100%| E|CS|TAMS 0x0000000713200000, 0x0000000713200000| Complete 
| 107|0x0000000713400000, 0x0000000713600000, 0x0000000713600000|100%| E|CS|TAMS 0x0000000713400000, 0x0000000713400000| Complete 
| 108|0x0000000713600000, 0x0000000713800000, 0x0000000713800000|100%| E|CS|TAMS 0x0000000713600000, 0x0000000713600000| Complete 
| 109|0x0000000713800000, 0x0000000713a00000, 0x0000000713a00000|100%| E|CS|TAMS 0x0000000713800000, 0x0000000713800000| Complete 
| 110|0x0000000713a00000, 0x0000000713c00000, 0x0000000713c00000|100%| E|CS|TAMS 0x0000000713a00000, 0x0000000713a00000| Complete 
| 111|0x0000000713c00000, 0x0000000713e00000, 0x0000000713e00000|100%| E|CS|TAMS 0x0000000713c00000, 0x0000000713c00000| Complete 
| 125|0x0000000715800000, 0x0000000715a00000, 0x0000000715a00000|100%| E|CS|TAMS 0x0000000715800000, 0x0000000715800000| Complete 
|1994|0x00000007ff200000, 0x00000007ff400000, 0x00000007ff400000|100%| O|  |TAMS 0x00000007ff400000, 0x00000007ff200000| Untracked 
|1995|0x00000007ff400000, 0x00000007ff600000, 0x00000007ff600000|100%| O|  |TAMS 0x00000007ff600000, 0x00000007ff400000| Untracked 
|1996|0x00000007ff600000, 0x00000007ff800000, 0x00000007ff800000|100%| O|  |TAMS 0x00000007ff800000, 0x00000007ff600000| Untracked 
|1997|0x00000007ff800000, 0x00000007ffa00000, 0x00000007ffa00000|100%| O|  |TAMS 0x00000007ffa00000, 0x00000007ff800000| Untracked 
|1998|0x00000007ffa00000, 0x00000007ffc00000, 0x00000007ffc00000|100%| O|  |TAMS 0x00000007ffc00000, 0x00000007ffa00000| Untracked 
|1999|0x00000007ffc00000, 0x00000007ffe00000, 0x00000007ffe00000|100%| O|  |TAMS 0x00000007ffe00000, 0x00000007ffc00000| Untracked 
|2000|0x00000007ffe00000, 0x0000000800000000, 0x0000000800000000|100%| O|  |TAMS 0x0000000800000000, 0x00000007ffe00000| Untracked 

Card table byte_map: [0x000001dff7c30000,0x000001dff8410000] _byte_map_base: 0x000001dff4401000

Marking Bits (Prev, Next): (CMBitMap*) 0x000001dfeece1610, (CMBitMap*) 0x000001dfeece1650
 Prev Bits: [0x000001dff8bf0000, 0x000001dffca78000)
 Next Bits: [0x000001df8f000000, 0x000001df92e88000)

Polling page: 0x000001dfecc30000

Metaspace:

Usage:
  Non-class:     26.24 MB used.
      Class:      3.06 MB used.
       Both:     29.30 MB used.

Virtual space:
  Non-class space:       64.00 MB reserved,      26.50 MB ( 41%) committed,  1 nodes.
      Class space:        1.00 GB reserved,       3.31 MB ( <1%) committed,  1 nodes.
             Both:        1.06 GB reserved,      29.81 MB (  3%) committed. 

Chunk freelists:
   Non-Class:  992.00 KB
       Class:  641.00 KB
        Both:  1.59 MB

MaxMetaspaceSize: unlimited
CompressedClassSpaceSize: 1.00 GB
Initial GC threshold: 21.00 MB
Current GC threshold: 41.50 MB
CDS: on
MetaspaceReclaimPolicy: balanced
 - commit_granule_bytes: 65536.
 - commit_granule_words: 8192.
 - virtual_space_node_default_size: 8388608.
 - enlarge_chunks_in_place: 1.
 - new_chunks_are_fully_committed: 0.
 - uncommit_free_chunks: 1.
 - use_allocation_guard: 0.


Internal statistics:

num_allocs_failed_limit: 3.
num_arena_births: 666.
num_arena_deaths: 0.
num_vsnodes_births: 2.
num_vsnodes_deaths: 0.
num_space_committed: 477.
num_space_uncommitted: 0.
num_chunks_returned_to_freelist: 3.
num_chunks_taken_from_freelist: 1847.
num_chunk_merges: 3.
num_chunk_splits: 1256.
num_chunks_enlarged: 872.
num_inconsistent_stats: 0.

CodeHeap 'non-profiled nmethods': size=119168Kb used=5266Kb max_used=5266Kb free=113901Kb
 bounds [0x000001df87ba0000, 0x000001df880d0000, 0x000001df8f000000]
CodeHeap 'profiled nmethods': size=119104Kb used=16343Kb max_used=17445Kb free=102760Kb
 bounds [0x000001df80000000, 0x000001df81120000, 0x000001df87450000]
CodeHeap 'non-nmethods': size=7488Kb used=3003Kb max_used=3166Kb free=4484Kb
 bounds [0x000001df87450000, 0x000001df87780000, 0x000001df87ba0000]
 total_blobs=8024 nmethods=7484 adapters=447
 compilation: enabled
              stopped_count=0, restarted_count=0
 full_count=0

Compilation events (20 events):
Event: 5.117 Thread 0x000001dfffa4adf0 nmethod 8948 0x000001df80521510 code [0x000001df80521700, 0x000001df80521c08]
Event: 5.117 Thread 0x000001dfffa5e0e0 8950       3       com.sun.tools.javac.comp.Resolve$6::symbolFor (71 bytes)
Event: 5.117 Thread 0x000001df97639fb0 nmethod 8945 0x000001df80606110 code [0x000001df80606300, 0x000001df80606928]
Event: 5.118 Thread 0x000001dfffa4adf0 8951       3       com.sun.tools.javac.comp.AttrRecover::doRecovery (700 bytes)
Event: 5.118 Thread 0x000001df97637c70 nmethod 8949 0x000001df80bb1390 code [0x000001df80bb1580, 0x000001df80bb1ad8]
Event: 5.118 Thread 0x000001df97639fb0 8952       3       com.sun.tools.javac.comp.Infer$InferenceStep::filterBounds (27 bytes)
Event: 5.118 Thread 0x000001df97637c70 8953       3       java.util.stream.ReferencePipeline$$Lambda$86/0x00000008011d2528::apply (5 bytes)
Event: 5.118 Thread 0x000001df97637c70 nmethod 8953 0x000001df803c9390 code [0x000001df803c9540, 0x000001df803c9738]
Event: 5.118 Thread 0x000001df97637c70 8954       3       java.util.stream.ReferencePipeline::lambda$toArray$0 (5 bytes)
Event: 5.118 Thread 0x000001df97639fb0 nmethod 8952 0x000001df80abf010 code [0x000001df80abf200, 0x000001df80abf758]
Event: 5.118 Thread 0x000001df97639fb0 8957       3       com.sun.tools.javac.comp.InferenceContext::restvars (10 bytes)
Event: 5.118 Thread 0x000001df97637c70 nmethod 8954 0x000001df80584490 code [0x000001df80584620, 0x000001df805847b8]
Event: 5.119 Thread 0x000001df97637c70 8955       3       com.sun.tools.javac.comp.Attr::attribStat (41 bytes)
Event: 5.119 Thread 0x000001dfffa5e0e0 nmethod 8950 0x000001df80a17490 code [0x000001df80a17700, 0x000001df80a18608]
Event: 5.119 Thread 0x000001df97639fb0 nmethod 8957 0x000001df80590490 code [0x000001df80590660, 0x000001df805908e8]
Event: 5.119 Thread 0x000001df97639fb0 8956       3       com.sun.tools.javac.comp.Analyzer::copyEnvIfNeeded (161 bytes)
Event: 5.119 Thread 0x000001dfffa5e0e0 8958       1       com.sun.tools.javac.comp.InferenceContext::inferenceVars (5 bytes)
Event: 5.119 Thread 0x000001dfffa5e0e0 nmethod 8958 0x000001df87f99210 code [0x000001df87f993a0, 0x000001df87f99478]
Event: 5.120 Thread 0x000001df97637c70 nmethod 8955 0x000001df80cdc110 code [0x000001df80cdc300, 0x000001df80cdc758]
Event: 5.120 Thread 0x000001df97ffd910 8880       4       java.util.ArrayDeque::<init> (14 bytes)

GC Heap History (20 events):
Event: 2.975 GC heap before
{Heap before GC invocations=7 (full 0):
 garbage-first heap   total 77824K, used 54852K [0x0000000705e00000, 0x0000000800000000)
  region size 2048K, 11 young (22528K), 2 survivors (4096K)
 Metaspace       used 24818K, committed 25216K, reserved 1114112K
  class space    used 2614K, committed 2816K, reserved 1048576K
}
Event: 2.979 GC heap after
{Heap after GC invocations=8 (full 0):
 garbage-first heap   total 77824K, used 41324K [0x0000000705e00000, 0x0000000800000000)
  region size 2048K, 2 young (4096K), 2 survivors (4096K)
 Metaspace       used 24818K, committed 25216K, reserved 1114112K
  class space    used 2614K, committed 2816K, reserved 1048576K
}
Event: 3.033 GC heap before
{Heap before GC invocations=8 (full 0):
 garbage-first heap   total 77824K, used 55660K [0x0000000705e00000, 0x0000000800000000)
  region size 2048K, 9 young (18432K), 2 survivors (4096K)
 Metaspace       used 25001K, committed 25408K, reserved 1114112K
  class space    used 2627K, committed 2816K, reserved 1048576K
}
Event: 3.037 GC heap after
{Heap after GC invocations=9 (full 0):
 garbage-first heap   total 122880K, used 44360K [0x0000000705e00000, 0x0000000800000000)
  region size 2048K, 2 young (4096K), 2 survivors (4096K)
 Metaspace       used 25001K, committed 25408K, reserved 1114112K
  class space    used 2627K, committed 2816K, reserved 1048576K
}
Event: 3.427 GC heap before
{Heap before GC invocations=10 (full 0):
 garbage-first heap   total 122880K, used 85320K [0x0000000705e00000, 0x0000000800000000)
  region size 2048K, 21 young (43008K), 2 survivors (4096K)
 Metaspace       used 26261K, committed 26752K, reserved 1114112K
  class space    used 2713K, committed 2944K, reserved 1048576K
}
Event: 3.435 GC heap after
{Heap after GC invocations=11 (full 0):
 garbage-first heap   total 122880K, used 51530K [0x0000000705e00000, 0x0000000800000000)
  region size 2048K, 3 young (6144K), 3 survivors (6144K)
 Metaspace       used 26261K, committed 26752K, reserved 1114112K
  class space    used 2713K, committed 2944K, reserved 1048576K
}
Event: 3.448 GC heap before
{Heap before GC invocations=11 (full 0):
 garbage-first heap   total 122880K, used 53578K [0x0000000705e00000, 0x0000000800000000)
  region size 2048K, 4 young (8192K), 3 survivors (6144K)
 Metaspace       used 26331K, committed 26816K, reserved 1114112K
  class space    used 2727K, committed 2944K, reserved 1048576K
}
Event: 3.454 GC heap after
{Heap after GC invocations=12 (full 0):
 garbage-first heap   total 122880K, used 51930K [0x0000000705e00000, 0x0000000800000000)
  region size 2048K, 1 young (2048K), 1 survivors (2048K)
 Metaspace       used 26331K, committed 26816K, reserved 1114112K
  class space    used 2727K, committed 2944K, reserved 1048576K
}
Event: 3.775 GC heap before
{Heap before GC invocations=12 (full 0):
 garbage-first heap   total 122880K, used 86746K [0x0000000705e00000, 0x0000000800000000)
  region size 2048K, 19 young (38912K), 1 survivors (2048K)
 Metaspace       used 27549K, committed 27968K, reserved 1114112K
  class space    used 2866K, committed 3072K, reserved 1048576K
}
Event: 3.777 GC heap after
{Heap after GC invocations=13 (full 0):
 garbage-first heap   total 122880K, used 52194K [0x0000000705e00000, 0x0000000800000000)
  region size 2048K, 1 young (2048K), 1 survivors (2048K)
 Metaspace       used 27549K, committed 27968K, reserved 1114112K
  class space    used 2866K, committed 3072K, reserved 1048576K
}
Event: 3.873 GC heap before
{Heap before GC invocations=13 (full 0):
 garbage-first heap   total 122880K, used 91106K [0x0000000705e00000, 0x0000000800000000)
  region size 2048K, 20 young (40960K), 1 survivors (2048K)
 Metaspace       used 27654K, committed 28160K, reserved 1114112K
  class space    used 2871K, committed 3136K, reserved 1048576K
}
Event: 3.874 GC heap after
{Heap after GC invocations=14 (full 0):
 garbage-first heap   total 122880K, used 51513K [0x0000000705e00000, 0x0000000800000000)
  region size 2048K, 1 young (2048K), 1 survivors (2048K)
 Metaspace       used 27654K, committed 28160K, reserved 1114112K
  class space    used 2871K, committed 3136K, reserved 1048576K
}
Event: 4.062 GC heap before
{Heap before GC invocations=14 (full 0):
 garbage-first heap   total 122880K, used 92473K [0x0000000705e00000, 0x0000000800000000)
  region size 2048K, 21 young (43008K), 1 survivors (2048K)
 Metaspace       used 28161K, committed 28736K, reserved 1114112K
  class space    used 2950K, committed 3200K, reserved 1048576K
}
Event: 4.063 GC heap after
{Heap after GC invocations=15 (full 0):
 garbage-first heap   total 122880K, used 51799K [0x0000000705e00000, 0x0000000800000000)
  region size 2048K, 1 young (2048K), 1 survivors (2048K)
 Metaspace       used 28161K, committed 28736K, reserved 1114112K
  class space    used 2950K, committed 3200K, reserved 1048576K
}
Event: 4.209 GC heap before
{Heap before GC invocations=15 (full 0):
 garbage-first heap   total 122880K, used 94807K [0x0000000705e00000, 0x0000000800000000)
  region size 2048K, 22 young (45056K), 1 survivors (2048K)
 Metaspace       used 28388K, committed 28992K, reserved 1114112K
  class space    used 2962K, committed 3264K, reserved 1048576K
}
Event: 4.214 GC heap after
{Heap after GC invocations=16 (full 0):
 garbage-first heap   total 122880K, used 52683K [0x0000000705e00000, 0x0000000800000000)
  region size 2048K, 1 young (2048K), 1 survivors (2048K)
 Metaspace       used 28388K, committed 28992K, reserved 1114112K
  class space    used 2962K, committed 3264K, reserved 1048576K
}
Event: 4.329 GC heap before
{Heap before GC invocations=16 (full 0):
 garbage-first heap   total 122880K, used 97739K [0x0000000705e00000, 0x0000000800000000)
  region size 2048K, 23 young (47104K), 1 survivors (2048K)
 Metaspace       used 28557K, committed 29120K, reserved 1114112K
  class space    used 2968K, committed 3264K, reserved 1048576K
}
Event: 4.336 GC heap after
{Heap after GC invocations=17 (full 0):
 garbage-first heap   total 245760K, used 53672K [0x0000000705e00000, 0x0000000800000000)
  region size 2048K, 2 young (4096K), 2 survivors (4096K)
 Metaspace       used 28557K, committed 29120K, reserved 1114112K
  class space    used 2968K, committed 3264K, reserved 1048576K
}
Event: 4.698 GC heap before
{Heap before GC invocations=17 (full 0):
 garbage-first heap   total 245760K, used 190888K [0x0000000705e00000, 0x0000000800000000)
  region size 2048K, 69 young (141312K), 2 survivors (4096K)
 Metaspace       used 28756K, committed 29312K, reserved 1114112K
  class space    used 2973K, committed 3264K, reserved 1048576K
}
Event: 4.701 GC heap after
{Heap after GC invocations=18 (full 0):
 garbage-first heap   total 245760K, used 54924K [0x0000000705e00000, 0x0000000800000000)
  region size 2048K, 2 young (4096K), 2 survivors (4096K)
 Metaspace       used 28756K, committed 29312K, reserved 1114112K
  class space    used 2973K, committed 3264K, reserved 1048576K
}

Dll operation events (12 events):
Event: 0.005 Loaded shared library C:\Program Files\Java\jdk-19\bin\java.dll
Event: 0.011 Loaded shared library C:\Program Files\Java\jdk-19\bin\jsvml.dll
Event: 0.040 Loaded shared library C:\Program Files\Java\jdk-19\bin\zip.dll
Event: 0.042 Loaded shared library C:\Program Files\Java\jdk-19\bin\instrument.dll
Event: 0.044 Loaded shared library C:\Program Files\Java\jdk-19\bin\net.dll
Event: 0.045 Loaded shared library C:\Program Files\Java\jdk-19\bin\nio.dll
Event: 0.047 Loaded shared library C:\Program Files\Java\jdk-19\bin\zip.dll
Event: 0.057 Loaded shared library C:\Program Files\JetBrains\IntelliJ IDEA 2022.1.2\bin\breakgen64.dll
Event: 0.062 Loaded shared library C:\Program Files\Java\jdk-19\bin\extnet.dll
Event: 0.152 Loaded shared library C:\Program Files\Java\jdk-19\bin\jimage.dll
Event: 0.216 Loaded shared library C:\Users\99293\AppData\Local\Temp\jansi-2.4.0-86ced91cef9f0372-jansi.dll
Event: 0.223 Loaded shared library C:\Program Files\Java\jdk-19\bin\verify.dll

Deoptimization events (20 events):
Event: 5.093 Thread 0x000001dfeec70440 Uncommon trap: trap_request=0xffffffc6 fr.pc=0x000001df880882f4 relative=0x0000000000001b34
Event: 5.093 Thread 0x000001dfeec70440 Uncommon trap: reason=bimorphic_or_optimized_type_check action=maybe_recompile pc=0x000001df880882f4 method=com.sun.tools.javac.comp.Attr.selectSym(Lcom/sun/tools/javac/tree/JCTree$JCFieldAccess;Lcom/sun/tools/javac/code/Symbol;Lcom/sun/tools/javac/code/T
Event: 5.093 Thread 0x000001dfeec70440 DEOPT PACKING pc=0x000001df880882f4 sp=0x000000b3a9ffd160
Event: 5.093 Thread 0x000001dfeec70440 DEOPT UNPACKING pc=0x000001df874b6da3 sp=0x000000b3a9ffd158 mode 2
Event: 5.095 Thread 0x000001dfeec70440 Uncommon trap: trap_request=0xffffffde fr.pc=0x000001df87f4fd9c relative=0x00000000000008bc
Event: 5.095 Thread 0x000001dfeec70440 Uncommon trap: reason=class_check action=maybe_recompile pc=0x000001df87f4fd9c method=com.sun.tools.javac.code.Type.containsAny(Lcom/sun/tools/javac/util/List;)Z @ 20 c2
Event: 5.095 Thread 0x000001dfeec70440 DEOPT PACKING pc=0x000001df87f4fd9c sp=0x000000b3a9ffc440
Event: 5.095 Thread 0x000001dfeec70440 DEOPT UNPACKING pc=0x000001df874b6da3 sp=0x000000b3a9ffc320 mode 2
Event: 5.099 Thread 0x000001dfeec70440 Uncommon trap: trap_request=0xffffff45 fr.pc=0x000001df87f10f7c relative=0x00000000000012bc
Event: 5.099 Thread 0x000001dfeec70440 Uncommon trap: reason=unstable_if action=reinterpret pc=0x000001df87f10f7c method=com.sun.tools.javac.code.Symbol$TypeSymbol.formFullName(Lcom/sun/tools/javac/util/Name;Lcom/sun/tools/javac/code/Symbol;)Lcom/sun/tools/javac/util/Name; @ 26 c2
Event: 5.099 Thread 0x000001dfeec70440 DEOPT PACKING pc=0x000001df87f10f7c sp=0x000000b3a9ffc4a0
Event: 5.099 Thread 0x000001dfeec70440 DEOPT UNPACKING pc=0x000001df874b6da3 sp=0x000000b3a9ffc428 mode 2
Event: 5.101 Thread 0x000001dfeec70440 Uncommon trap: trap_request=0xffffff45 fr.pc=0x000001df87d60f58 relative=0x0000000000000198
Event: 5.101 Thread 0x000001dfeec70440 Uncommon trap: reason=unstable_if action=reinterpret pc=0x000001df87d60f58 method=java.util.WeakHashMap.matchesKey(Ljava/util/WeakHashMap$Entry;Ljava/lang/Object;)Z @ 24 c2
Event: 5.101 Thread 0x000001dfeec70440 DEOPT PACKING pc=0x000001df87d60f58 sp=0x000000b3a9ffc470
Event: 5.101 Thread 0x000001dfeec70440 DEOPT UNPACKING pc=0x000001df874b6da3 sp=0x000000b3a9ffc3c0 mode 2
Event: 5.101 Thread 0x000001dfeec70440 Uncommon trap: trap_request=0xffffff45 fr.pc=0x000001df87fc184c relative=0x0000000000000d0c
Event: 5.101 Thread 0x000001dfeec70440 Uncommon trap: reason=unstable_if action=reinterpret pc=0x000001df87fc184c method=java.util.WeakHashMap.matchesKey(Ljava/util/WeakHashMap$Entry;Ljava/lang/Object;)Z @ 24 c2
Event: 5.101 Thread 0x000001dfeec70440 DEOPT PACKING pc=0x000001df87fc184c sp=0x000000b3a9ffc440
Event: 5.101 Thread 0x000001dfeec70440 DEOPT UNPACKING pc=0x000001df874b6da3 sp=0x000000b3a9ffc3a8 mode 2

Classes loaded (20 events):
Event: 3.985 Loading class java/util/regex/Pattern$LazyLoop
Event: 3.985 Loading class java/util/regex/Pattern$LazyLoop done
Event: 4.925 Loading class java/util/EnumMap$EntrySet
Event: 4.925 Loading class java/util/EnumMap$EntrySet done
Event: 4.925 Loading class java/util/EnumMap$EntryIterator
Event: 4.925 Loading class java/util/EnumMap$EnumMapIterator
Event: 4.925 Loading class java/util/EnumMap$EnumMapIterator done
Event: 4.925 Loading class java/util/EnumMap$EntryIterator done
Event: 4.925 Loading class java/util/EnumMap$EntryIterator$Entry
Event: 4.925 Loading class java/util/EnumMap$EntryIterator$Entry done
Event: 5.006 Loading class java/util/function/ToIntBiFunction
Event: 5.007 Loading class java/util/function/ToIntBiFunction done
Event: 5.008 Loading class java/io/DataOutputStream
Event: 5.009 Loading class java/io/DataOutputStream done
Event: 5.013 Loading class sun/nio/ch/ChannelOutputStream
Event: 5.013 Loading class sun/nio/ch/ChannelOutputStream done
Event: 5.079 Loading class java/util/stream/ReduceOps$2
Event: 5.079 Loading class java/util/stream/ReduceOps$2 done
Event: 5.079 Loading class java/util/stream/ReduceOps$2ReducingSink
Event: 5.079 Loading class java/util/stream/ReduceOps$2ReducingSink done

Classes unloaded (0 events):
No events

Classes redefined (0 events):
No events

Internal exceptions (20 events):
Event: 4.743 Thread 0x000001dfeec70440 Exception <a 'sun/nio/fs/WindowsException'{0x0000000711c57c58}> (0x0000000711c57c58) 
thrown [s\open\src\hotspot\share\prims\jni.cpp, line 517]
Event: 4.744 Thread 0x000001dfeec70440 Exception <a 'sun/nio/fs/WindowsException'{0x0000000711c58c98}> (0x0000000711c58c98) 
thrown [s\open\src\hotspot\share\prims\jni.cpp, line 517]
Event: 4.744 Thread 0x000001dfeec70440 Exception <a 'sun/nio/fs/WindowsException'{0x0000000711c58fc8}> (0x0000000711c58fc8) 
thrown [s\open\src\hotspot\share\prims\jni.cpp, line 517]
Event: 4.820 Thread 0x000001dfeec70440 Exception <a 'sun/nio/fs/WindowsException'{0x0000000710d4d058}> (0x0000000710d4d058) 
thrown [s\open\src\hotspot\share\prims\jni.cpp, line 517]
Event: 4.820 Thread 0x000001dfeec70440 Exception <a 'sun/nio/fs/WindowsException'{0x0000000710d4d378}> (0x0000000710d4d378) 
thrown [s\open\src\hotspot\share\prims\jni.cpp, line 517]
Event: 4.820 Thread 0x000001dfeec70440 Exception <a 'sun/nio/fs/WindowsException'{0x0000000710d4e2d8}> (0x0000000710d4e2d8) 
thrown [s\open\src\hotspot\share\prims\jni.cpp, line 517]
Event: 4.820 Thread 0x000001dfeec70440 Exception <a 'sun/nio/fs/WindowsException'{0x0000000710d4e688}> (0x0000000710d4e688) 
thrown [s\open\src\hotspot\share\prims\jni.cpp, line 517]
Event: 4.820 Thread 0x000001dfeec70440 Exception <a 'sun/nio/fs/WindowsException'{0x0000000710d4f6c8}> (0x0000000710d4f6c8) 
thrown [s\open\src\hotspot\share\prims\jni.cpp, line 517]
Event: 4.820 Thread 0x000001dfeec70440 Exception <a 'sun/nio/fs/WindowsException'{0x0000000710d4f9f8}> (0x0000000710d4f9f8) 
thrown [s\open\src\hotspot\share\prims\jni.cpp, line 517]
Event: 4.862 Thread 0x000001dfeec70440 Exception <a 'java/lang/NoSuchMethodError'{0x000000070fdf3308}: 'int java.lang.invoke.DirectMethodHandle$Holder.invokeStatic(java.lang.Object, java.lang.Object, java.lang.Object, java.lang.Object)'> (0x000000070fdf3308) 
thrown [s\open\src\hotspot\share\interpreter\linkResolver.cpp, line 774]
Event: 4.905 Thread 0x000001dfeec70440 Exception <a 'java/lang/NoSuchMethodError'{0x000000070fa87d00}: 'int java.lang.invoke.DirectMethodHandle$Holder.invokeVirtual(java.lang.Object, java.lang.Object, java.lang.Object, java.lang.Object)'> (0x000000070fa87d00) 
thrown [s\open\src\hotspot\share\interpreter\linkResolver.cpp, line 774]
Event: 4.907 Thread 0x000001dfeec70440 Exception <a 'java/lang/NoSuchMethodError'{0x000000070fa92c88}: 'java.lang.Object java.lang.invoke.DirectMethodHandle$Holder.newInvokeSpecial(java.lang.Object, java.lang.Object, int, java.lang.Object)'> (0x000000070fa92c88) 
thrown [s\open\src\hotspot\share\interpreter\linkResolver.cpp, line 774]
Event: 4.907 Thread 0x000001dfeec70440 Exception <a 'java/lang/NoSuchMethodError'{0x000000070fa96f78}: 'java.lang.Object java.lang.invoke.DirectMethodHandle$Holder.invokeSpecial(java.lang.Object, java.lang.Object, java.lang.Object, int, java.lang.Object)'> (0x000000070fa96f78) 
thrown [s\open\src\hotspot\share\interpreter\linkResolver.cpp, line 774]
Event: 5.010 Thread 0x000001dfeec70440 Exception <a 'sun/nio/fs/WindowsException'{0x000000070fb891f8}> (0x000000070fb891f8) 
thrown [s\open\src\hotspot\share\prims\jni.cpp, line 517]
Event: 5.011 Thread 0x000001dfeec70440 Exception <a 'sun/nio/fs/WindowsException'{0x000000070fb9dc08}> (0x000000070fb9dc08) 
thrown [s\open\src\hotspot\share\prims\jni.cpp, line 517]
Event: 5.013 Thread 0x000001dfeec70440 Exception <a 'sun/nio/fs/WindowsException'{0x000000070fbb3e70}> (0x000000070fbb3e70) 
thrown [s\open\src\hotspot\share\prims\jni.cpp, line 517]
Event: 5.029 Thread 0x000001dfeec70440 Implicit null exception at 0x000001df87fb6eab to 0x000001df87fb79cc
Event: 5.063 Thread 0x000001dfeec70440 Exception <a 'java/lang/NoSuchMethodError'{0x000000070f98c260}: 'java.lang.Object java.lang.invoke.DirectMethodHandle$Holder.newInvokeSpecial(java.lang.Object, java.lang.Object, java.lang.Object, java.lang.Object, java.lang.Object, java.lang.Object, java.lang.Object, int)'> (0x000000070f98c260) 
thrown [s\open\src\hotspot\share\interpreter\linkResolver.cpp, line 774]
Event: 5.064 Thread 0x000001dfeec70440 Exception <a 'java/lang/NoSuchMethodError'{0x000000070f991b28}: 'java.lang.Object java.lang.invoke.DirectMethodHandle$Holder.invokeSpecial(java.lang.Object, java.lang.Object, java.lang.Object, java.lang.Object, java.lang.Object, java.lang.Object, java.lang.Object, java.lang.Object, int)'> (0x000000070f991b28) 
thrown [s\open\src\hotspot\share\interpreter\linkResolver.cpp, line 774]
Event: 5.075 Thread 0x000001dfeec70440 Exception <a 'java/lang/NoSuchMethodError'{0x000000070f9ea708}: 'java.lang.Object java.lang.invoke.DirectMethodHandle$Holder.newInvokeSpecial(java.lang.Object, java.lang.Object, java.lang.Object, java.lang.Object, java.lang.Object, java.lang.Object, java.lang.Object, java.lang.Object)'> (0x000000070f9ea708) 
thrown [s\open\src\hotspot\share\interpreter\linkResolver.cpp, line 774]

VM Operations (20 events):
Event: 4.897 Executing VM operation: HandshakeAllThreads
Event: 4.897 Executing VM operation: HandshakeAllThreads done
Event: 4.945 Executing VM operation: HandshakeAllThreads
Event: 4.945 Executing VM operation: HandshakeAllThreads done
Event: 4.950 Executing VM operation: HandshakeAllThreads
Event: 4.950 Executing VM operation: HandshakeAllThreads done
Event: 4.996 Executing VM operation: ICBufferFull
Event: 4.996 Executing VM operation: ICBufferFull done
Event: 5.016 Executing VM operation: HandshakeAllThreads
Event: 5.016 Executing VM operation: HandshakeAllThreads done
Event: 5.028 Executing VM operation: HandshakeAllThreads
Event: 5.028 Executing VM operation: HandshakeAllThreads done
Event: 5.045 Executing VM operation: HandshakeAllThreads
Event: 5.045 Executing VM operation: HandshakeAllThreads done
Event: 5.046 Executing VM operation: HandshakeAllThreads
Event: 5.046 Executing VM operation: HandshakeAllThreads done
Event: 5.047 Executing VM operation: ICBufferFull
Event: 5.047 Executing VM operation: ICBufferFull done
Event: 5.111 Executing VM operation: ICBufferFull
Event: 5.111 Executing VM operation: ICBufferFull done

Events (20 events):
Event: 4.794 Thread 0x000001dfffa37b20 flushing nmethod 0x000001df80ec1f10
Event: 4.794 Thread 0x000001dfffa37b20 flushing nmethod 0x000001df80ec3010
Event: 4.794 Thread 0x000001dfffa37b20 flushing nmethod 0x000001df80ec3610
Event: 4.794 Thread 0x000001dfffa37b20 flushing nmethod 0x000001df80ec3f10
Event: 4.794 Thread 0x000001dfffa37b20 flushing nmethod 0x000001df80ec4410
Event: 4.794 Thread 0x000001dfffa37b20 flushing nmethod 0x000001df80ed4890
Event: 4.794 Thread 0x000001dfffa37b20 flushing nmethod 0x000001df80f02590
Event: 4.794 Thread 0x000001dfffa37b20 flushing nmethod 0x000001df80f07910
Event: 4.794 Thread 0x000001dfffa37b20 flushing nmethod 0x000001df80f0a990
Event: 4.795 Thread 0x000001dfffa37b20 flushing nmethod 0x000001df80ff6e90
Event: 4.795 Thread 0x000001dfffa37b20 flushing nmethod 0x000001df8101e890
Event: 4.796 Thread 0x000001dfffa37b20 flushing nmethod 0x000001df81044490
Event: 4.796 Thread 0x000001dfffa37b20 flushing nmethod 0x000001df8104db90
Event: 4.796 Thread 0x000001dfffa37b20 flushing nmethod 0x000001df8104e190
Event: 4.796 Thread 0x000001dfffa37b20 flushing nmethod 0x000001df8104e610
Event: 4.796 Thread 0x000001dfffa37b20 flushing nmethod 0x000001df8104ed90
Event: 4.796 Thread 0x000001dfffa37b20 flushing nmethod 0x000001df8109a690
Event: 4.796 Thread 0x000001dfffa37b20 flushing nmethod 0x000001df810a9d10
Event: 4.796 Thread 0x000001dfffa37b20 flushing nmethod 0x000001df810dcf10
Event: 4.796 Thread 0x000001dfffa37b20 flushing nmethod 0x000001df810e5910


Dynamic libraries:
0x00007ff640c80000 - 0x00007ff640c90000 	C:\Program Files\Java\jdk-19\bin\java.exe
0x00007ffe27fd0000 - 0x00007ffe281e7000 	C:\WINDOWS\SYSTEM32\ntdll.dll
0x00007ffe27770000 - 0x00007ffe27834000 	C:\WINDOWS\System32\KERNEL32.DLL
0x00007ffe25530000 - 0x00007ffe258dd000 	C:\WINDOWS\System32\KERNELBASE.dll
0x00007ffe25410000 - 0x00007ffe25521000 	C:\WINDOWS\System32\ucrtbase.dll
0x00007ffdb8f40000 - 0x00007ffdb8f58000 	C:\Program Files\Java\jdk-19\bin\jli.dll
0x00007ffdc0c20000 - 0x00007ffdc0c3b000 	C:\Program Files\Java\jdk-19\bin\VCRUNTIME140.dll
0x00007ffe25f60000 - 0x00007ffe26012000 	C:\WINDOWS\System32\ADVAPI32.dll
0x00007ffe27550000 - 0x00007ffe275f7000 	C:\WINDOWS\System32\msvcrt.dll
0x00007ffe27eb0000 - 0x00007ffe27f59000 	C:\WINDOWS\System32\sechost.dll
0x00007ffe258e0000 - 0x00007ffe25908000 	C:\WINDOWS\System32\bcrypt.dll
0x00007ffe27650000 - 0x00007ffe27764000 	C:\WINDOWS\System32\RPCRT4.dll
0x00007ffe269e0000 - 0x00007ffe26b8e000 	C:\WINDOWS\System32\USER32.dll
0x00007ffe25340000 - 0x00007ffe25366000 	C:\WINDOWS\System32\win32u.dll
0x00007ffe12ba0000 - 0x00007ffe12e33000 	C:\WINDOWS\WinSxS\amd64_microsoft.windows.common-controls_6595b64144ccf1df_6.0.22621.3672_none_2713b9d173822955\COMCTL32.dll
0x00007ffe27600000 - 0x00007ffe27629000 	C:\WINDOWS\System32\GDI32.dll
0x00007ffe259d0000 - 0x00007ffe25ae9000 	C:\WINDOWS\System32\gdi32full.dll
0x00007ffe25370000 - 0x00007ffe2540a000 	C:\WINDOWS\System32\msvcp_win.dll
0x00007ffe1cc30000 - 0x00007ffe1cc3a000 	C:\WINDOWS\SYSTEM32\VERSION.dll
0x00007ffe25f20000 - 0x00007ffe25f51000 	C:\WINDOWS\System32\IMM32.DLL
0x00007ffdeb850000 - 0x00007ffdeb85c000 	C:\Program Files\Java\jdk-19\bin\vcruntime140_1.dll
0x00007ffd9d4e0000 - 0x00007ffd9d56e000 	C:\Program Files\Java\jdk-19\bin\msvcp140.dll
0x00007ffd55e00000 - 0x00007ffd56ac0000 	C:\Program Files\Java\jdk-19\bin\server\jvm.dll
0x00007ffe1eeb0000 - 0x00007ffe1eee4000 	C:\WINDOWS\SYSTEM32\WINMM.dll
0x00007ffdf9230000 - 0x00007ffdf9239000 	C:\WINDOWS\SYSTEM32\WSOCK32.dll
0x00007ffe274d0000 - 0x00007ffe27541000 	C:\WINDOWS\System32\ws2_32.DLL
0x00007ffe243f0000 - 0x00007ffe24408000 	C:\WINDOWS\SYSTEM32\kernel.appcore.dll
0x00007ffdeb370000 - 0x00007ffdeb37a000 	C:\Program Files\Java\jdk-19\bin\jimage.dll
0x00007ffe22ae0000 - 0x00007ffe22d12000 	C:\WINDOWS\SYSTEM32\DBGHELP.DLL
0x00007ffe27840000 - 0x00007ffe27bc8000 	C:\WINDOWS\System32\combase.dll
0x00007ffe273e0000 - 0x00007ffe274b7000 	C:\WINDOWS\System32\OLEAUT32.dll
0x00007ffe1a100000 - 0x00007ffe1a132000 	C:\WINDOWS\SYSTEM32\dbgcore.DLL
0x00007ffe25c60000 - 0x00007ffe25cdb000 	C:\WINDOWS\System32\bcryptPrimitives.dll
0x00007ffe188b0000 - 0x00007ffe188be000 	C:\Program Files\Java\jdk-19\bin\instrument.dll
0x00007ffda0330000 - 0x00007ffda0356000 	C:\Program Files\Java\jdk-19\bin\java.dll
0x00007ffd9d400000 - 0x00007ffd9d4d7000 	C:\Program Files\Java\jdk-19\bin\jsvml.dll
0x00007ffe26020000 - 0x00007ffe2687f000 	C:\WINDOWS\System32\SHELL32.dll
0x00007ffe231f0000 - 0x00007ffe23aec000 	C:\WINDOWS\SYSTEM32\windows.storage.dll
0x00007ffe230b0000 - 0x00007ffe231ef000 	C:\WINDOWS\SYSTEM32\wintypes.dll
0x00007ffe26880000 - 0x00007ffe26974000 	C:\WINDOWS\System32\SHCORE.dll
0x00007ffe27e50000 - 0x00007ffe27eae000 	C:\WINDOWS\System32\shlwapi.dll
0x00007ffe25200000 - 0x00007ffe25221000 	C:\WINDOWS\SYSTEM32\profapi.dll
0x00007ffdb77e0000 - 0x00007ffdb77f8000 	C:\Program Files\Java\jdk-19\bin\zip.dll
0x00007ffdb84b0000 - 0x00007ffdb84c3000 	C:\Program Files\Java\jdk-19\bin\net.dll
0x00007ffe20ad0000 - 0x00007ffe20c06000 	C:\WINDOWS\SYSTEM32\WINHTTP.dll
0x00007ffe24860000 - 0x00007ffe248c9000 	C:\WINDOWS\system32\mswsock.dll
0x00007ffdb7860000 - 0x00007ffdb7876000 	C:\Program Files\Java\jdk-19\bin\nio.dll
0x00007ffe14470000 - 0x00007ffe1448a000 	C:\Program Files\JetBrains\IntelliJ IDEA 2022.1.2\bin\breakgen64.dll
0x00007ffdeaea0000 - 0x00007ffdeaea8000 	C:\Program Files\Java\jdk-19\bin\extnet.dll
0x0000000069ac0000 - 0x0000000069ae4000 	C:\Users\99293\AppData\Local\Temp\jansi-2.4.0-86ced91cef9f0372-jansi.dll
0x00007ffdea300000 - 0x00007ffdea310000 	C:\Program Files\Java\jdk-19\bin\verify.dll

dbghelp: loaded successfully - version: 4.0.5 - missing functions: none
symbol engine: initialized successfully - sym options: 0x614 - pdb path: .;C:\Program Files\Java\jdk-19\bin;C:\WINDOWS\SYSTEM32;C:\WINDOWS\WinSxS\amd64_microsoft.windows.common-controls_6595b64144ccf1df_6.0.22621.3672_none_2713b9d173822955;C:\Program Files\Java\jdk-19\bin\server;C:\Program Files\JetBrains\IntelliJ IDEA 2022.1.2\bin;C:\Users\99293\AppData\Local\Temp

VM Arguments:
jvm_args: -Dmaven.multiModuleProjectDirectory=D:\unitedStates_storage-master\unitedStates_storage -Dmaven.home=C:\Users\99293\.m2\wrapper\dists\apache-maven-3.8.6-bin\1ks0nkde5v1pk9vtc31i9d0lcd\apache-maven-3.8.6 -Dclassworlds.conf=C:\Users\99293\.m2\wrapper\dists\apache-maven-3.8.6-bin\1ks0nkde5v1pk9vtc31i9d0lcd\apache-maven-3.8.6\bin\m2.conf -Dmaven.ext.class.path=C:\Program Files\JetBrains\IntelliJ IDEA 2022.1.2\plugins\maven\lib\maven-event-listener.jar -javaagent:C:\Program Files\JetBrains\IntelliJ IDEA 2022.1.2\lib\idea_rt.jar=56544:C:\Program Files\JetBrains\IntelliJ IDEA 2022.1.2\bin -Dfile.encoding=UTF-8 
java_command: org.codehaus.classworlds.Launcher -Didea.version=2022.1.2 package
java_class_path (initial): C:\Users\99293\.m2\wrapper\dists\apache-maven-3.8.6-bin\1ks0nkde5v1pk9vtc31i9d0lcd\apache-maven-3.8.6\boot\plexus-classworlds-2.6.0.jar;C:\Users\99293\.m2\wrapper\dists\apache-maven-3.8.6-bin\1ks0nkde5v1pk9vtc31i9d0lcd\apache-maven-3.8.6\boot\plexus-classworlds.license
Launcher Type: SUN_STANDARD

[Global flags]
     intx CICompilerCount                          = 12                                        {product} {ergonomic}
     uint ConcGCThreads                            = 3                                         {product} {ergonomic}
     uint G1ConcRefinementThreads                  = 13                                        {product} {ergonomic}
   size_t G1HeapRegionSize                         = 2097152                                   {product} {ergonomic}
    uintx GCDrainStackTargetSize                   = 64                                        {product} {ergonomic}
   size_t InitialHeapSize                          = 264241152                                 {product} {ergonomic}
   size_t MarkStackSize                            = 4194304                                   {product} {ergonomic}
   size_t MaxHeapSize                              = 4196401152                                {product} {ergonomic}
   size_t MaxNewSize                               = 2516582400                                {product} {ergonomic}
   size_t MinHeapDeltaBytes                        = 2097152                                   {product} {ergonomic}
   size_t MinHeapSize                              = 8388608                                   {product} {ergonomic}
    uintx NonNMethodCodeHeapSize                   = 7602480                                {pd product} {ergonomic}
    uintx NonProfiledCodeHeapSize                  = 122027880                              {pd product} {ergonomic}
    uintx ProfiledCodeHeapSize                     = 122027880                              {pd product} {ergonomic}
    uintx ReservedCodeCacheSize                    = 251658240                              {pd product} {ergonomic}
     bool SegmentedCodeCache                       = true                                      {product} {ergonomic}
   size_t SoftMaxHeapSize                          = 4196401152                             {manageable} {ergonomic}
     bool UseCompressedClassPointers               = true                           {product lp64_product} {ergonomic}
     bool UseCompressedOops                        = true                           {product lp64_product} {ergonomic}
     bool UseG1GC                                  = true                                      {product} {ergonomic}
     bool UseLargePagesIndividualAllocation        = false                                  {pd product} {ergonomic}

Logging:
Log output configuration:
 #0: stdout all=warning uptime,level,tags foldmultilines=false
 #1: stderr all=off uptime,level,tags foldmultilines=false

Environment Variables:
JAVA_HOME=C:\Program Files\Java\jdk-19
PATH=C:\Program Files\Common Files\Oracle\Java\javapath;C:\Windows\system32;C:\Windows;C:\Windows\System32\Wbem;C:\Windows\System32\WindowsPowerShell\v1.0\;C:\Windows\System32\OpenSSH\;C:\Program Files (x86)\NVIDIA Corporation\PhysX\Common;C:\Program Files\NVIDIA Corporation\NVIDIA NvDLISR;C:\Program Files\Git\cmd;C:\Program Files (x86)\dotnet\;C:\WINDOWS\system32;C:\WINDOWS;C:\WINDOWS\System32\Wbem;C:\WINDOWS\System32\WindowsPowerShell\v1.0\;C:\WINDOWS\System32\OpenSSH\;C:\Program Files\Java\jdk-19\bin;C:\Users\99293\AppData\Local\Programs\Python\Python311\Scripts\;C:\Users\99293\AppData\Local\Programs\Python\Python311\;C:\Users\99293\AppData\Local\Microsoft\WindowsApps;;C:\Program Files\JetBrains\IntelliJ IDEA 2022.1.2\bin;;C:\Program Files\heroku\bin
USERNAME=ASUS
OS=Windows_NT
PROCESSOR_IDENTIFIER=Intel64 Family 6 Model 154 Stepping 3, GenuineIntel
TMP=C:\Users\99293\AppData\Local\Temp
TEMP=C:\Users\99293\AppData\Local\Temp



---------------  S Y S T E M  ---------------

OS:
 Windows 11 , 64 bit Build 22621 (10.0.22621.3672)
OS uptime: 0 days 21:26 hours
Hyper-V role detected

CPU: total 16 (initial active 16) (8 cores per cpu, 2 threads per core) family 6 model 154 stepping 3 microcode 0x41c, cx8, cmov, fxsr, ht, mmx, 3dnowpref, sse, sse2, sse3, ssse3, sse4.1, sse4.2, popcnt, lzcnt, tsc, tscinvbit, avx, avx2, aes, erms, clmul, bmi1, bmi2, adx, sha, fma, vzeroupper, clflush, clflushopt, clwb, hv, serialize, rdtscp, rdpid, fsrm

Memory: 4k page, system-wide physical 16005M (1654M free)
TotalPageFile size 18053M (AvailPageFile size 0M)
current process WorkingSet (physical memory assigned to process): 470M, peak: 478M
current process commit charge ("private bytes"): 527M, peak: 543M

vm_info: Java HotSpot(TM) 64-Bit Server VM (19.0.2+7-44) for windows-amd64 JRE (19.0.2+7-44), built on 2022-11-30T18:02:09Z by "mach5one" with MS VC++ 17.1 (VS2022)

END.
