#
# There is insufficient memory for the Java Runtime Environment to continue.
# Native memory allocation (mmap) failed to map 264241152 bytes for G1 virtual space
# Possible reasons:
#   The system is out of physical RAM or swap space
#   The process is running with CompressedOops enabled, and the Java Heap may be blocking the growth of the native heap
# Possible solutions:
#   Reduce memory load on the system
#   Increase physical memory or swap space
#   Check if swap backing store is full
#   Decrease Java heap size (-Xmx/-Xms)
#   Decrease number of Java threads
#   Decrease Java thread stack sizes (-Xss)
#   Set larger code cache with -XX:ReservedCodeCacheSize=
#   JVM is running with Zero Based Compressed Oops mode in which the Java heap is
#     placed in the first 32GB address space. The Java Heap base address is the
#     maximum limit for the native heap growth. Please use -XX:HeapBaseMinAddress
#     to set the Java Heap base and to place the Java Heap above 32GB virtual address.
# This output file may be truncated or incomplete.
#
#  Out of Memory Error (os_windows.cpp:3536), pid=25168, tid=11824
#
# JRE version:  (19.0.2+7) (build )
# Java VM: Java HotSpot(TM) 64-Bit Server VM (19.0.2+7-44, mixed mode, sharing, tiered, compressed oops, compressed class ptrs, g1 gc, windows-amd64)
# No core dump will be written. Minidumps are not enabled by default on client versions of Windows
#

---------------  S U M M A R Y ------------

Command Line: -Dmaven.multiModuleProjectDirectory=D:\unitedStates_storage-master\unitedStates_storage -Dmaven.home=C:\Users\99293\.m2\wrapper\dists\apache-maven-3.8.6-bin\1ks0nkde5v1pk9vtc31i9d0lcd\apache-maven-3.8.6 -Dclassworlds.conf=C:\Users\99293\.m2\wrapper\dists\apache-maven-3.8.6-bin\1ks0nkde5v1pk9vtc31i9d0lcd\apache-maven-3.8.6\bin\m2.conf -Dmaven.ext.class.path=C:\Program Files\JetBrains\IntelliJ IDEA 2022.1.2\plugins\maven\lib\maven-event-listener.jar -javaagent:C:\Program Files\JetBrains\IntelliJ IDEA 2022.1.2\lib\idea_rt.jar=51245:C:\Program Files\JetBrains\IntelliJ IDEA 2022.1.2\bin -Dfile.encoding=UTF-8 org.codehaus.classworlds.Launcher -Didea.version=2022.1.2 package

Host: 12th Gen Intel(R) Core(TM) i7-12650H, 16 cores, 15G,  Windows 11 , 64 bit Build 22621 (10.0.22621.4974)
Time: Wed Mar 26 17:21:48 2025  Windows 11 , 64 bit Build 22621 (10.0.22621.4974) elapsed time: 0.007644 seconds (0d 0h 0m 0s)

---------------  T H R E A D  ---------------

Current thread (0x00000257035ba0c0):  JavaThread "Unknown thread" [_thread_in_vm, id=11824, stack(0x000000e6ff800000,0x000000e6ff900000)]

Stack: [0x000000e6ff800000,0x000000e6ff900000]
Native frames: (J=compiled Java code, j=interpreted, Vv=VM code, C=native code)
V  [jvm.dll+0x6ee21a]
V  [jvm.dll+0x85765e]
V  [jvm.dll+0x85904e]
V  [jvm.dll+0x859703]
V  [jvm.dll+0x28298f]
V  [jvm.dll+0x6eb009]
V  [jvm.dll+0x6dfbaa]
V  [jvm.dll+0x3573f6]
V  [jvm.dll+0x35ee56]
V  [jvm.dll+0x3b541e]
V  [jvm.dll+0x3b564f]
V  [jvm.dll+0x32c9ea]
V  [jvm.dll+0x32d89e]
V  [jvm.dll+0x821780]
V  [jvm.dll+0x3c2661]
V  [jvm.dll+0x801f51]
V  [jvm.dll+0x44ae8f]
V  [jvm.dll+0x44c811]
C  [jli.dll+0x5287]
C  [ucrtbase.dll+0x29333]
C  [KERNEL32.DLL+0x1259d]
C  [ntdll.dll+0x5af38]


---------------  P R O C E S S  ---------------

Threads class SMR info:
_java_thread_list=0x00007ff95c8dd048, length=0, elements={
}

Java Threads: ( => current thread )

Other Threads:
  0x0000025703642570 WorkerThread "GC Thread#0" [stack: 0x000000e6ff900000,0x000000e6ffa00000] [id=8712]
  0x0000025703652df0 ConcurrentGCThread "G1 Main Marker" [stack: 0x000000e6ffa00000,0x000000e6ffb00000] [id=17804]
  0x0000025703653730 WorkerThread "G1 Conc#0" [stack: 0x000000e6ffb00000,0x000000e6ffc00000] [id=9512]

[error occurred during error reporting (printing all threads), id 0xc0000005, EXCEPTION_ACCESS_VIOLATION (0xc0000005) at pc=0x00007ff95c09d427]

VM state: not at safepoint (not fully initialized)

VM Mutex/Monitor currently owned by a thread:  ([mutex/lock_event])
[0x00000257035cb700] Heap_lock - owner thread: 0x00000257035ba0c0

Heap address: 0x0000000705e00000, size: 4002 MB, Compressed Oops mode: Zero based, Oop shift amount: 3

CDS archive(s) mapped at: [0x0000000000000000-0x0000000000000000-0x0000000000000000), size 0, SharedBaseAddress: 0x0000000800000000, ArchiveRelocationMode: 0.
Narrow klass base: 0x0000000000000000, Narrow klass shift: 0, Narrow klass range: 0x0

GC Precious Log:
 CardTable entry size: 512
 Card Set container configuration: InlinePtr #cards 4 size 8 Array Of Cards #cards 16 size 48 Howl #buckets 8 coarsen threshold 3686 Howl Bitmap #cards 512 size 80 coarsen threshold 460 Card regions per heap region 1 cards per card region 4096

Heap:
 garbage-first heap   total 0K, used 0K [0x0000000705e00000, 0x0000000800000000)
  region size 2048K, 0 young (0K), 0 survivors (0K)

[error occurred during error reporting (printing heap information), id 0xc0000005, EXCEPTION_ACCESS_VIOLATION (0xc0000005) at pc=0x00007ff95c4a6649]

GC Heap History (0 events):
No events

Dll operation events (1 events):
Event: 0.005 Loaded shared library C:\Program Files\Java\jdk-19\bin\java.dll

Deoptimization events (0 events):
No events

Classes loaded (0 events):
No events

Classes unloaded (0 events):
No events

Classes redefined (0 events):
No events

Internal exceptions (0 events):
No events

VM Operations (0 events):
No events

Events (0 events):
No events


Dynamic libraries:
0x00007ff7e4b40000 - 0x00007ff7e4b50000 	C:\Program Files\Java\jdk-19\bin\java.exe
0x00007ff9c8850000 - 0x00007ff9c8a67000 	C:\WINDOWS\SYSTEM32\ntdll.dll
0x00007ff9c6900000 - 0x00007ff9c69c4000 	C:\WINDOWS\System32\KERNEL32.DLL
0x00007ff9c5b20000 - 0x00007ff9c5ef1000 	C:\WINDOWS\System32\KERNELBASE.dll
0x00007ff9c6020000 - 0x00007ff9c6131000 	C:\WINDOWS\System32\ucrtbase.dll
0x00007ff9bc280000 - 0x00007ff9bc298000 	C:\Program Files\Java\jdk-19\bin\jli.dll
0x00007ff9bcda0000 - 0x00007ff9bcdbb000 	C:\Program Files\Java\jdk-19\bin\VCRUNTIME140.dll
0x00007ff9c7a70000 - 0x00007ff9c7b21000 	C:\WINDOWS\System32\ADVAPI32.dll
0x00007ff9c64f0000 - 0x00007ff9c6597000 	C:\WINDOWS\System32\msvcrt.dll
0x00007ff9c7780000 - 0x00007ff9c7827000 	C:\WINDOWS\System32\sechost.dll
0x00007ff9c6280000 - 0x00007ff9c62a8000 	C:\WINDOWS\System32\bcrypt.dll
0x00007ff9c7bf0000 - 0x00007ff9c7d04000 	C:\WINDOWS\System32\RPCRT4.dll
0x00007ff9c82a0000 - 0x00007ff9c8451000 	C:\WINDOWS\System32\USER32.dll
0x00007ff9c6350000 - 0x00007ff9c6376000 	C:\WINDOWS\System32\win32u.dll
0x00007ff9b3170000 - 0x00007ff9b3402000 	C:\WINDOWS\WinSxS\amd64_microsoft.windows.common-controls_6595b64144ccf1df_6.0.22621.4830_none_270fe7d773858e80\COMCTL32.dll
0x00007ff9c7d20000 - 0x00007ff9c7d49000 	C:\WINDOWS\System32\GDI32.dll
0x00007ff9c5f00000 - 0x00007ff9c601b000 	C:\WINDOWS\System32\gdi32full.dll
0x00007ff9c62b0000 - 0x00007ff9c634a000 	C:\WINDOWS\System32\msvcp_win.dll
0x00007ff9bdb90000 - 0x00007ff9bdb9a000 	C:\WINDOWS\SYSTEM32\VERSION.dll
0x00007ff9c8250000 - 0x00007ff9c8281000 	C:\WINDOWS\System32\IMM32.DLL
0x00007ff9bd190000 - 0x00007ff9bd19c000 	C:\Program Files\Java\jdk-19\bin\vcruntime140_1.dll
0x00007ff99e650000 - 0x00007ff99e6de000 	C:\Program Files\Java\jdk-19\bin\msvcp140.dll
0x00007ff95bd60000 - 0x00007ff95ca20000 	C:\Program Files\Java\jdk-19\bin\server\jvm.dll
0x00007ff9c0450000 - 0x00007ff9c0459000 	C:\WINDOWS\SYSTEM32\WSOCK32.dll
0x00007ff9bf150000 - 0x00007ff9bf184000 	C:\WINDOWS\SYSTEM32\WINMM.dll
0x00007ff9c7d50000 - 0x00007ff9c7dc1000 	C:\WINDOWS\System32\WS2_32.dll
0x00007ff9c4aa0000 - 0x00007ff9c4ab8000 	C:\WINDOWS\SYSTEM32\kernel.appcore.dll
0x00007ff9bd030000 - 0x00007ff9bd03a000 	C:\Program Files\Java\jdk-19\bin\jimage.dll
0x00007ff9c32d0000 - 0x00007ff9c3502000 	C:\WINDOWS\SYSTEM32\DBGHELP.DLL
0x00007ff9c73f0000 - 0x00007ff9c7780000 	C:\WINDOWS\System32\combase.dll
0x00007ff9c69d0000 - 0x00007ff9c6aa7000 	C:\WINDOWS\System32\OLEAUT32.dll
0x00007ff9bcff0000 - 0x00007ff9bd022000 	C:\WINDOWS\SYSTEM32\dbgcore.DLL
0x00007ff9c5a20000 - 0x00007ff9c5a9b000 	C:\WINDOWS\System32\bcryptPrimitives.dll
0x00007ff9bf360000 - 0x00007ff9bf36e000 	C:\Program Files\Java\jdk-19\bin\instrument.dll
0x00007ff9a0300000 - 0x00007ff9a0326000 	C:\Program Files\Java\jdk-19\bin\java.dll

dbghelp: loaded successfully - version: 4.0.5 - missing functions: none
symbol engine: initialized successfully - sym options: 0x614 - pdb path: .;C:\Program Files\Java\jdk-19\bin;C:\WINDOWS\SYSTEM32;C:\WINDOWS\WinSxS\amd64_microsoft.windows.common-controls_6595b64144ccf1df_6.0.22621.4830_none_270fe7d773858e80;C:\Program Files\Java\jdk-19\bin\server

VM Arguments:
jvm_args: -Dmaven.multiModuleProjectDirectory=D:\unitedStates_storage-master\unitedStates_storage -Dmaven.home=C:\Users\99293\.m2\wrapper\dists\apache-maven-3.8.6-bin\1ks0nkde5v1pk9vtc31i9d0lcd\apache-maven-3.8.6 -Dclassworlds.conf=C:\Users\99293\.m2\wrapper\dists\apache-maven-3.8.6-bin\1ks0nkde5v1pk9vtc31i9d0lcd\apache-maven-3.8.6\bin\m2.conf -Dmaven.ext.class.path=C:\Program Files\JetBrains\IntelliJ IDEA 2022.1.2\plugins\maven\lib\maven-event-listener.jar -javaagent:C:\Program Files\JetBrains\IntelliJ IDEA 2022.1.2\lib\idea_rt.jar=51245:C:\Program Files\JetBrains\IntelliJ IDEA 2022.1.2\bin -Dfile.encoding=UTF-8 
java_command: org.codehaus.classworlds.Launcher -Didea.version=2022.1.2 package
java_class_path (initial): C:\Users\99293\.m2\wrapper\dists\apache-maven-3.8.6-bin\1ks0nkde5v1pk9vtc31i9d0lcd\apache-maven-3.8.6\boot\plexus-classworlds-2.6.0.jar;C:\Users\99293\.m2\wrapper\dists\apache-maven-3.8.6-bin\1ks0nkde5v1pk9vtc31i9d0lcd\apache-maven-3.8.6\boot\plexus-classworlds.license
Launcher Type: SUN_STANDARD

[Global flags]
     intx CICompilerCount                          = 12                                        {product} {ergonomic}
     uint ConcGCThreads                            = 3                                         {product} {ergonomic}
     uint G1ConcRefinementThreads                  = 13                                        {product} {ergonomic}
   size_t G1HeapRegionSize                         = 2097152                                   {product} {ergonomic}
    uintx GCDrainStackTargetSize                   = 64                                        {product} {ergonomic}
   size_t InitialHeapSize                          = 264241152                                 {product} {ergonomic}
   size_t MarkStackSize                            = 4194304                                   {product} {ergonomic}
   size_t MaxHeapSize                              = 4196401152                                {product} {ergonomic}
   size_t MinHeapDeltaBytes                        = 2097152                                   {product} {ergonomic}
   size_t MinHeapSize                              = 8388608                                   {product} {ergonomic}
    uintx NonNMethodCodeHeapSize                   = 7602480                                {pd product} {ergonomic}
    uintx NonProfiledCodeHeapSize                  = 122027880                              {pd product} {ergonomic}
    uintx ProfiledCodeHeapSize                     = 122027880                              {pd product} {ergonomic}
    uintx ReservedCodeCacheSize                    = 251658240                              {pd product} {ergonomic}
     bool SegmentedCodeCache                       = true                                      {product} {ergonomic}
   size_t SoftMaxHeapSize                          = 4196401152                             {manageable} {ergonomic}
     bool UseCompressedClassPointers               = true                           {product lp64_product} {ergonomic}
     bool UseCompressedOops                        = true                           {product lp64_product} {ergonomic}
     bool UseG1GC                                  = true                                      {product} {ergonomic}
     bool UseLargePagesIndividualAllocation        = false                                  {pd product} {ergonomic}

Logging:
Log output configuration:
 #0: stdout all=warning uptime,level,tags foldmultilines=false
 #1: stderr all=off uptime,level,tags foldmultilines=false

Environment Variables:
JAVA_HOME=C:\Program Files\Java\jdk-19
PATH=C:\Program Files\Common Files\Oracle\Java\javapath;C:\Windows\system32;C:\Windows;C:\Windows\System32\Wbem;C:\Windows\System32\WindowsPowerShell\v1.0\;C:\Windows\System32\OpenSSH\;C:\Program Files (x86)\NVIDIA Corporation\PhysX\Common;C:\Program Files\NVIDIA Corporation\NVIDIA NvDLISR;C:\Program Files (x86)\dotnet\;C:\WINDOWS\system32;C:\WINDOWS;C:\WINDOWS\System32\Wbem;C:\WINDOWS\System32\WindowsPowerShell\v1.0\;C:\WINDOWS\System32\OpenSSH\;C:\Program Files\Java\jdk-19\bin;C:\Program Files\Git\cmd;C:\Users\99293\AppData\Local\Programs\Python\Python311\Scripts\;C:\Users\99293\AppData\Local\Programs\Python\Python311\;C:\Users\99293\AppData\Local\Microsoft\WindowsApps;;C:\Program Files\JetBrains\IntelliJ IDEA 2022.1.2\bin;;C:\Program Files\heroku\bin
USERNAME=ASUS
OS=Windows_NT
PROCESSOR_IDENTIFIER=Intel64 Family 6 Model 154 Stepping 3, GenuineIntel
TMP=C:\Users\99293\AppData\Local\Temp
TEMP=C:\Users\99293\AppData\Local\Temp



---------------  S Y S T E M  ---------------

OS:
 Windows 11 , 64 bit Build 22621 (10.0.22621.4974)
OS uptime: 0 days 5:07 hours
Hyper-V role detected

CPU: total 16 (initial active 16) (8 cores per cpu, 2 threads per core) family 6 model 154 stepping 3 microcode 0x429, cx8, cmov, fxsr, ht, mmx, 3dnowpref, sse, sse2, sse3, ssse3, sse4.1, sse4.2, popcnt, lzcnt, tsc, tscinvbit, avx, avx2, aes, erms, clmul, bmi1, bmi2, adx, sha, fma, vzeroupper, clflush, clflushopt, clwb, hv, serialize, rdtscp, rdpid, fsrm

Memory: 4k page, system-wide physical 16004M (2366M free)
TotalPageFile size 18052M (AvailPageFile size 64M)
current process WorkingSet (physical memory assigned to process): 12M, peak: 12M
current process commit charge ("private bytes"): 71M, peak: 323M

vm_info: Java HotSpot(TM) 64-Bit Server VM (19.0.2+7-44) for windows-amd64 JRE (19.0.2+7-44), built on 2022-11-30T18:02:09Z by "mach5one" with MS VC++ 17.1 (VS2022)

END.
