#
# There is insufficient memory for the Java Runtime Environment to continue.
# Native memory allocation (malloc) failed to allocate 2015040 bytes for Chunk::new
# Possible reasons:
#   The system is out of physical RAM or swap space
#   The process is running with CompressedOops enabled, and the Java Heap may be blocking the growth of the native heap
# Possible solutions:
#   Reduce memory load on the system
#   Increase physical memory or swap space
#   Check if swap backing store is full
#   Decrease Java heap size (-Xmx/-Xms)
#   Decrease number of Java threads
#   Decrease Java thread stack sizes (-Xss)
#   Set larger code cache with -XX:ReservedCodeCacheSize=
#   JVM is running with Zero Based Compressed Oops mode in which the Java heap is
#     placed in the first 32GB address space. The Java Heap base address is the
#     maximum limit for the native heap growth. Please use -XX:HeapBaseMinAddress
#     to set the Java Heap base and to place the Java Heap above 32GB virtual address.
# This output file may be truncated or incomplete.
#
#  Out of Memory Error (arena.cpp:184), pid=22672, tid=1748
#
# JRE version: Java(TM) SE Runtime Environment (19.0.2+7) (build 19.0.2+7-44)
# Java VM: Java HotSpot(TM) 64-Bit Server VM (19.0.2+7-44, mixed mode, sharing, tiered, compressed oops, compressed class ptrs, g1 gc, windows-amd64)
# No core dump will be written. Minidumps are not enabled by default on client versions of Windows
#

---------------  S U M M A R Y ------------

Command Line: -Dmaven.multiModuleProjectDirectory=D:\unitedStates original storage\unitedStates duplicates original storage -Dmaven.home=C:\Users\99293\.m2\wrapper\dists\apache-maven-3.8.6-bin\1ks0nkde5v1pk9vtc31i9d0lcd\apache-maven-3.8.6 -Dclassworlds.conf=C:\Users\99293\.m2\wrapper\dists\apache-maven-3.8.6-bin\1ks0nkde5v1pk9vtc31i9d0lcd\apache-maven-3.8.6\bin\m2.conf -Dmaven.ext.class.path=C:\Program Files\JetBrains\IntelliJ IDEA 2022.1.2\plugins\maven\lib\maven-event-listener.jar -javaagent:C:\Program Files\JetBrains\IntelliJ IDEA 2022.1.2\lib\idea_rt.jar=61560:C:\Program Files\JetBrains\IntelliJ IDEA 2022.1.2\bin -Dfile.encoding=UTF-8 org.codehaus.classworlds.Launcher -Didea.version=2022.1.2 package

Host: 12th Gen Intel(R) Core(TM) i7-12650H, 16 cores, 15G,  Windows 11 , 64 bit Build 22621 (10.0.22621.3374)
Time: Sun Apr 14 21:14:13 2024  Windows 11 , 64 bit Build 22621 (10.0.22621.3374) elapsed time: 5.666579 seconds (0d 0h 0m 5s)

---------------  T H R E A D  ---------------

Current thread (0x000002da59126ca0):  JavaThread "C2 CompilerThread5" daemon [_thread_in_native, id=1748, stack(0x000000ea26500000,0x000000ea26600000)]


Current CompileTask:
C2:   5666 7686   !   4       lombok.core.AST::buildWithField0 (121 bytes)

Stack: [0x000000ea26500000,0x000000ea26600000]
Native frames: (J=compiled Java code, j=interpreted, Vv=VM code, C=native code)
V  [jvm.dll+0x6ee21a]
V  [jvm.dll+0x85765e]
V  [jvm.dll+0x85904e]
V  [jvm.dll+0x859703]
V  [jvm.dll+0x28298f]
V  [jvm.dll+0xc9adf]
V  [jvm.dll+0xc9e65]
V  [jvm.dll+0x3bca4c]
V  [jvm.dll+0x1ee29a]
V  [jvm.dll+0x24c52b]
V  [jvm.dll+0x24b781]
V  [jvm.dll+0x1d6ce1]
V  [jvm.dll+0x25b25a]
V  [jvm.dll+0x2596e8]
V  [jvm.dll+0x807588]
V  [jvm.dll+0x80125a]
V  [jvm.dll+0x6ecf0b]
C  [ucrtbase.dll+0x29333]
C  [KERNEL32.DLL+0x1257d]
C  [ntdll.dll+0x5aa48]


---------------  P R O C E S S  ---------------

Threads class SMR info:
_java_thread_list=0x000002da5a1513f0, length=23, elements={
0x000002da2d282700, 0x000002da52e93580, 0x000002da52e93eb0, 0x000002da52e94f50,
0x000002da52e99890, 0x000002da52e9a9e0, 0x000002da52e9b310, 0x000002da52ea98a0,
0x000002da52eaee80, 0x000002da57038070, 0x000002da57123d50, 0x000002da52eb0a50,
0x000002da52eae360, 0x000002da571e0040, 0x000002da571e0580, 0x000002da52ead2b0,
0x000002da52eb04c0, 0x000002da52eaf410, 0x000002da52ead840, 0x000002da591213a0,
0x000002da59126ca0, 0x000002da59123500, 0x000002da59124b40
}

Java Threads: ( => current thread )
  0x000002da2d282700 JavaThread "main" [_thread_in_vm, id=1948, stack(0x000000ea23c00000,0x000000ea23d00000)]
  0x000002da52e93580 JavaThread "Reference Handler" daemon [_thread_blocked, id=14460, stack(0x000000ea24300000,0x000000ea24400000)]
  0x000002da52e93eb0 JavaThread "Finalizer" daemon [_thread_blocked, id=7108, stack(0x000000ea24400000,0x000000ea24500000)]
  0x000002da52e94f50 JavaThread "Signal Dispatcher" daemon [_thread_blocked, id=5096, stack(0x000000ea24500000,0x000000ea24600000)]
  0x000002da52e99890 JavaThread "Attach Listener" daemon [_thread_blocked, id=6136, stack(0x000000ea24600000,0x000000ea24700000)]
  0x000002da52e9a9e0 JavaThread "Service Thread" daemon [_thread_blocked, id=5168, stack(0x000000ea24700000,0x000000ea24800000)]
  0x000002da52e9b310 JavaThread "Monitor Deflation Thread" daemon [_thread_blocked, id=15116, stack(0x000000ea24800000,0x000000ea24900000)]
  0x000002da52ea98a0 JavaThread "C2 CompilerThread0" daemon [_thread_in_native, id=16592, stack(0x000000ea24900000,0x000000ea24a00000)]
  0x000002da52eaee80 JavaThread "C1 CompilerThread0" daemon [_thread_blocked, id=22932, stack(0x000000ea24a00000,0x000000ea24b00000)]
  0x000002da57038070 JavaThread "Sweeper thread" daemon [_thread_blocked, id=21676, stack(0x000000ea24b00000,0x000000ea24c00000)]
  0x000002da57123d50 JavaThread "Common-Cleaner" daemon [_thread_blocked, id=23480, stack(0x000000ea24c00000,0x000000ea24d00000)]
  0x000002da52eb0a50 JavaThread "C1 CompilerThread1" daemon [_thread_blocked, id=22540, stack(0x000000ea24d00000,0x000000ea24e00000)]
  0x000002da52eae360 JavaThread "C1 CompilerThread2" daemon [_thread_blocked, id=4484, stack(0x000000ea24e00000,0x000000ea24f00000)]
  0x000002da571e0040 JavaThread "Monitor Ctrl-Break" daemon [_thread_in_native, id=22564, stack(0x000000ea24f00000,0x000000ea25000000)]
  0x000002da571e0580 JavaThread "Notification Thread" daemon [_thread_blocked, id=6708, stack(0x000000ea25000000,0x000000ea25100000)]
  0x000002da52ead2b0 JavaThread "C2 CompilerThread1" daemon [_thread_in_native, id=9772, stack(0x000000ea25200000,0x000000ea25300000)]
  0x000002da52eb04c0 JavaThread "C1 CompilerThread3" daemon [_thread_blocked, id=11472, stack(0x000000ea25300000,0x000000ea25400000)]
  0x000002da52eaf410 JavaThread "C2 CompilerThread2" daemon [_thread_in_native, id=22152, stack(0x000000ea25400000,0x000000ea25500000)]
  0x000002da52ead840 JavaThread "C2 CompilerThread3" daemon [_thread_in_native, id=22444, stack(0x000000ea25500000,0x000000ea25600000)]
  0x000002da591213a0 JavaThread "C2 CompilerThread4" daemon [_thread_in_native, id=23348, stack(0x000000ea25600000,0x000000ea25700000)]
=>0x000002da59126ca0 JavaThread "C2 CompilerThread5" daemon [_thread_in_native, id=1748, stack(0x000000ea26500000,0x000000ea26600000)]
  0x000002da59123500 JavaThread "C2 CompilerThread6" daemon [_thread_in_native, id=21040, stack(0x000000ea26600000,0x000000ea26700000)]
  0x000002da59124b40 JavaThread "C2 CompilerThread7" daemon [_thread_in_native, id=6272, stack(0x000000ea26700000,0x000000ea26800000)]

Other Threads:
  0x000002da52e7a300 VMThread "VM Thread" [stack: 0x000000ea24200000,0x000000ea24300000] [id=17168]
  0x000002da571e2b20 WatcherThread "VM Periodic Task Thread" [stack: 0x000000ea25100000,0x000000ea25200000] [id=17020]
  0x000002da2d2f1860 WorkerThread "GC Thread#0" [stack: 0x000000ea23d00000,0x000000ea23e00000] [id=8772]
  0x000002da57577e00 WorkerThread "GC Thread#1" [stack: 0x000000ea25a00000,0x000000ea25b00000] [id=9672]
  0x000002da575780d0 WorkerThread "GC Thread#2" [stack: 0x000000ea25b00000,0x000000ea25c00000] [id=18416]
  0x000002da57578670 WorkerThread "GC Thread#3" [stack: 0x000000ea25c00000,0x000000ea25d00000] [id=11228]
  0x000002da57577b30 WorkerThread "GC Thread#4" [stack: 0x000000ea25d00000,0x000000ea25e00000] [id=18296]
  0x000002da57577860 WorkerThread "GC Thread#5" [stack: 0x000000ea25e00000,0x000000ea25f00000] [id=19496]
  0x000002da57578c10 WorkerThread "GC Thread#6" [stack: 0x000000ea25f00000,0x000000ea26000000] [id=5192]
  0x000002da57578ee0 WorkerThread "GC Thread#7" [stack: 0x000000ea26000000,0x000000ea26100000] [id=19660]
  0x000002da594ab150 WorkerThread "GC Thread#8" [stack: 0x000000ea26100000,0x000000ea26200000] [id=13832]
  0x000002da594aabb0 WorkerThread "GC Thread#9" [stack: 0x000000ea26200000,0x000000ea26300000] [id=23044]
  0x000002da594aa610 WorkerThread "GC Thread#10" [stack: 0x000000ea26300000,0x000000ea26400000] [id=7660]
  0x000002da594ab6f0 WorkerThread "GC Thread#11" [stack: 0x000000ea25700000,0x000000ea25800000] [id=3456]
  0x000002da594a9800 WorkerThread "GC Thread#12" [stack: 0x000000ea25800000,0x000000ea25900000] [id=12388]
  0x000002da2d301ba0 ConcurrentGCThread "G1 Main Marker" [stack: 0x000000ea23e00000,0x000000ea23f00000] [id=21656]
  0x000002da2d01e350 WorkerThread "G1 Conc#0" [stack: 0x000000ea23f00000,0x000000ea24000000] [id=8112]
  0x000002da594ab9c0 WorkerThread "G1 Conc#1" [stack: 0x000000ea25900000,0x000000ea25a00000] [id=6440]
  0x000002da594a7eb0 WorkerThread "G1 Conc#2" [stack: 0x000000ea26400000,0x000000ea26500000] [id=13400]
  0x000002da52d31290 ConcurrentGCThread "G1 Refine#0" [stack: 0x000000ea24000000,0x000000ea24100000] [id=1464]
  0x000002da52d31cd0 ConcurrentGCThread "G1 Service" [stack: 0x000000ea24100000,0x000000ea24200000] [id=20332]

Threads with active compile tasks:
C2 CompilerThread0     5685 7695       4       lombok.javac.JavacAST::buildMethod (192 bytes)
C2 CompilerThread1     5685 7680       4       lombok.core.AST::buildWithField (21 bytes)
C2 CompilerThread2     5685 7668   !   4       lombok.javac.JavacAST::drill (146 bytes)
C2 CompilerThread3     5685 7656       4       lombok.javac.JavacAST::buildTree (176 bytes)
C2 CompilerThread4     5686 7742       4       com.sun.tools.javac.comp.Attr$ResultInfo::check (21 bytes)
C2 CompilerThread5     5686 7686   !   4       lombok.core.AST::buildWithField0 (121 bytes)
C2 CompilerThread6     5686 8041       4       lombok.javac.handlers.JavacHandlerUtil::typeMatches (132 bytes)
C2 CompilerThread7     5686 7741       4       com.sun.tools.javac.comp.Attr::check (219 bytes)

VM state: not at safepoint (normal execution)

VM Mutex/Monitor currently owned by a thread: None

Heap address: 0x0000000705e00000, size: 4002 MB, Compressed Oops mode: Zero based, Oop shift amount: 3

CDS archive(s) mapped at: [0x0000000800000000-0x0000000800c40000-0x0000000800c40000), size 12845056, SharedBaseAddress: 0x0000000800000000, ArchiveRelocationMode: 0.
Compressed class space mapped at: 0x0000000801000000-0x0000000841000000, reserved size: 1073741824
Narrow klass base: 0x0000000800000000, Narrow klass shift: 0, Narrow klass range: 0x100000000

GC Precious Log:
 CardTable entry size: 512
 Card Set container configuration: InlinePtr #cards 4 size 8 Array Of Cards #cards 16 size 48 Howl #buckets 8 coarsen threshold 3686 Howl Bitmap #cards 512 size 80 coarsen threshold 460 Card regions per heap region 1 cards per card region 4096
 CPUs: 16 total, 16 available
 Memory: 16005M
 Large Page Support: Disabled
 NUMA Support: Disabled
 Compressed Oops: Enabled (Zero based)
 Heap Region Size: 2M
 Heap Min Capacity: 8M
 Heap Initial Capacity: 252M
 Heap Max Capacity: 4002M
 Pre-touch: Disabled
 Parallel Workers: 13
 Concurrent Workers: 3
 Concurrent Refinement Workers: 13
 Periodic GC: Disabled

Heap:
 garbage-first heap   total 151552K, used 94209K [0x0000000705e00000, 0x0000000800000000)
  region size 2048K, 23 young (47104K), 1 survivors (2048K)
 Metaspace       used 28382K, committed 28928K, reserved 1114112K
  class space    used 2964K, committed 3264K, reserved 1048576K

Heap Regions: E=young(eden), S=young(survivor), O=old, HS=humongous(starts), HC=humongous(continues), CS=collection set, F=free, OA=open archive, CA=closed archive, TAMS=top-at-mark-start (previous, next)
|   0|0x0000000705e00000, 0x0000000706000000, 0x0000000706000000|100%| O|  |TAMS 0x0000000706000000, 0x0000000705e00000| Untracked 
|   1|0x0000000706000000, 0x0000000706200000, 0x0000000706200000|100%| O|  |TAMS 0x0000000706200000, 0x0000000706000000| Untracked 
|   2|0x0000000706200000, 0x0000000706400000, 0x0000000706400000|100%| O|  |TAMS 0x0000000706400000, 0x0000000706200000| Untracked 
|   3|0x0000000706400000, 0x0000000706600000, 0x0000000706600000|100%| O|  |TAMS 0x0000000706600000, 0x0000000706400000| Untracked 
|   4|0x0000000706600000, 0x0000000706800000, 0x0000000706800000|100%| O|  |TAMS 0x0000000706800000, 0x0000000706600000| Untracked 
|   5|0x0000000706800000, 0x0000000706a00000, 0x0000000706a00000|100%| O|  |TAMS 0x0000000706a00000, 0x0000000706800000| Untracked 
|   6|0x0000000706a00000, 0x0000000706c00000, 0x0000000706c00000|100%| O|  |TAMS 0x0000000706c00000, 0x0000000706a00000| Untracked 
|   7|0x0000000706c00000, 0x0000000706e00000, 0x0000000706e00000|100%| O|  |TAMS 0x0000000706e00000, 0x0000000706c00000| Untracked 
|   8|0x0000000706e00000, 0x0000000707000000, 0x0000000707000000|100%| O|  |TAMS 0x0000000707000000, 0x0000000706e00000| Untracked 
|   9|0x0000000707000000, 0x0000000707200000, 0x0000000707200000|100%| O|  |TAMS 0x0000000707200000, 0x0000000707000000| Untracked 
|  10|0x0000000707200000, 0x0000000707400000, 0x0000000707400000|100%| O|  |TAMS 0x0000000707345600, 0x0000000707200000| Untracked 
|  11|0x0000000707400000, 0x0000000707600000, 0x0000000707600000|100%| O|  |TAMS 0x0000000707400000, 0x0000000707400000| Untracked 
|  12|0x0000000707600000, 0x0000000707800000, 0x0000000707800000|100%| O|  |TAMS 0x0000000707800000, 0x0000000707600000| Untracked 
|  13|0x0000000707800000, 0x0000000707a00000, 0x0000000707a00000|100%| O|  |TAMS 0x0000000707a00000, 0x0000000707800000| Untracked 
|  14|0x0000000707a00000, 0x0000000707c00000, 0x0000000707c00000|100%| O|  |TAMS 0x0000000707c00000, 0x0000000707a00000| Untracked 
|  15|0x0000000707c00000, 0x0000000707c00000, 0x0000000707e00000|  0%| F|  |TAMS 0x0000000707c00000, 0x0000000707c00000| Untracked 
|  16|0x0000000707e00000, 0x0000000707f91800, 0x0000000708000000| 78%| O|  |TAMS 0x0000000707e00000, 0x0000000707e00000| Untracked 
|  17|0x0000000708000000, 0x0000000708200000, 0x0000000708200000|100%|HS|  |TAMS 0x0000000708000000, 0x0000000708000000| Complete 
|  18|0x0000000708200000, 0x0000000708400000, 0x0000000708400000|100%| O|  |TAMS 0x0000000708200000, 0x0000000708200000| Untracked 
|  19|0x0000000708400000, 0x0000000708600000, 0x0000000708600000|100%| O|  |TAMS 0x0000000708400000, 0x0000000708400000| Untracked 
|  20|0x0000000708600000, 0x0000000708800000, 0x0000000708800000|100%| O|  |TAMS 0x0000000708600000, 0x0000000708600000| Untracked 
|  21|0x0000000708800000, 0x0000000708a00000, 0x0000000708a00000|100%| O|  |TAMS 0x0000000708800000, 0x0000000708800000| Untracked 
|  22|0x0000000708a00000, 0x0000000708c00000, 0x0000000708c00000|100%| O|  |TAMS 0x0000000708a00000, 0x0000000708a00000| Untracked 
|  23|0x0000000708c00000, 0x0000000708e00000, 0x0000000708e00000|100%| O|  |TAMS 0x0000000708c00000, 0x0000000708c00000| Untracked 
|  24|0x0000000708e00000, 0x0000000708f8da00, 0x0000000709000000| 77%| O|  |TAMS 0x0000000708e00000, 0x0000000708e00000| Untracked 
|  25|0x0000000709000000, 0x0000000709000000, 0x0000000709200000|  0%| F|  |TAMS 0x0000000709000000, 0x0000000709000000| Untracked 
|  26|0x0000000709200000, 0x0000000709200000, 0x0000000709400000|  0%| F|  |TAMS 0x0000000709200000, 0x0000000709200000| Untracked 
|  27|0x0000000709400000, 0x0000000709400000, 0x0000000709600000|  0%| F|  |TAMS 0x0000000709400000, 0x0000000709400000| Untracked 
|  28|0x0000000709600000, 0x0000000709600000, 0x0000000709800000|  0%| F|  |TAMS 0x0000000709600000, 0x0000000709600000| Untracked 
|  29|0x0000000709800000, 0x0000000709800000, 0x0000000709a00000|  0%| F|  |TAMS 0x0000000709800000, 0x0000000709800000| Untracked 
|  30|0x0000000709a00000, 0x0000000709a00000, 0x0000000709c00000|  0%| F|  |TAMS 0x0000000709a00000, 0x0000000709a00000| Untracked 
|  31|0x0000000709c00000, 0x0000000709c00000, 0x0000000709e00000|  0%| F|  |TAMS 0x0000000709c00000, 0x0000000709c00000| Untracked 
|  32|0x0000000709e00000, 0x0000000709e00000, 0x000000070a000000|  0%| F|  |TAMS 0x0000000709e00000, 0x0000000709e00000| Untracked 
|  33|0x000000070a000000, 0x000000070a000000, 0x000000070a200000|  0%| F|  |TAMS 0x000000070a000000, 0x000000070a000000| Untracked 
|  34|0x000000070a200000, 0x000000070a200000, 0x000000070a400000|  0%| F|  |TAMS 0x000000070a200000, 0x000000070a200000| Untracked 
|  35|0x000000070a400000, 0x000000070a400000, 0x000000070a600000|  0%| F|  |TAMS 0x000000070a400000, 0x000000070a400000| Untracked 
|  36|0x000000070a600000, 0x000000070a600000, 0x000000070a800000|  0%| F|  |TAMS 0x000000070a600000, 0x000000070a600000| Untracked 
|  37|0x000000070a800000, 0x000000070a800000, 0x000000070aa00000|  0%| F|  |TAMS 0x000000070a800000, 0x000000070a800000| Untracked 
|  38|0x000000070aa00000, 0x000000070aa00000, 0x000000070ac00000|  0%| F|  |TAMS 0x000000070aa00000, 0x000000070aa00000| Untracked 
|  39|0x000000070ac00000, 0x000000070ac00000, 0x000000070ae00000|  0%| F|  |TAMS 0x000000070ac00000, 0x000000070ac00000| Untracked 
|  40|0x000000070ae00000, 0x000000070ae00000, 0x000000070b000000|  0%| F|  |TAMS 0x000000070ae00000, 0x000000070ae00000| Untracked 
|  41|0x000000070b000000, 0x000000070b000000, 0x000000070b200000|  0%| F|  |TAMS 0x000000070b000000, 0x000000070b000000| Untracked 
|  42|0x000000070b200000, 0x000000070b200000, 0x000000070b400000|  0%| F|  |TAMS 0x000000070b200000, 0x000000070b200000| Untracked 
|  43|0x000000070b400000, 0x000000070b4e14b0, 0x000000070b600000| 44%| S|CS|TAMS 0x000000070b400000, 0x000000070b400000| Complete 
|  44|0x000000070b600000, 0x000000070b600000, 0x000000070b800000|  0%| F|  |TAMS 0x000000070b600000, 0x000000070b600000| Untracked 
|  45|0x000000070b800000, 0x000000070b800000, 0x000000070ba00000|  0%| F|  |TAMS 0x000000070b800000, 0x000000070b800000| Untracked 
|  46|0x000000070ba00000, 0x000000070ba00000, 0x000000070bc00000|  0%| F|  |TAMS 0x000000070ba00000, 0x000000070ba00000| Untracked 
|  47|0x000000070bc00000, 0x000000070bc00000, 0x000000070be00000|  0%| F|  |TAMS 0x000000070bc00000, 0x000000070bc00000| Untracked 
|  48|0x000000070be00000, 0x000000070be00000, 0x000000070c000000|  0%| F|  |TAMS 0x000000070be00000, 0x000000070be00000| Untracked 
|  49|0x000000070c000000, 0x000000070c000000, 0x000000070c200000|  0%| F|  |TAMS 0x000000070c000000, 0x000000070c000000| Untracked 
|  50|0x000000070c200000, 0x000000070c200000, 0x000000070c400000|  0%| F|  |TAMS 0x000000070c200000, 0x000000070c200000| Untracked 
|  51|0x000000070c400000, 0x000000070c500800, 0x000000070c600000| 50%| E|  |TAMS 0x000000070c400000, 0x000000070c400000| Complete 
|  52|0x000000070c600000, 0x000000070c800000, 0x000000070c800000|100%| E|CS|TAMS 0x000000070c600000, 0x000000070c600000| Complete 
|  53|0x000000070c800000, 0x000000070ca00000, 0x000000070ca00000|100%| E|CS|TAMS 0x000000070c800000, 0x000000070c800000| Complete 
|  54|0x000000070ca00000, 0x000000070cc00000, 0x000000070cc00000|100%| E|CS|TAMS 0x000000070ca00000, 0x000000070ca00000| Complete 
|  55|0x000000070cc00000, 0x000000070ce00000, 0x000000070ce00000|100%| E|CS|TAMS 0x000000070cc00000, 0x000000070cc00000| Complete 
|  56|0x000000070ce00000, 0x000000070d000000, 0x000000070d000000|100%| E|CS|TAMS 0x000000070ce00000, 0x000000070ce00000| Complete 
|  57|0x000000070d000000, 0x000000070d200000, 0x000000070d200000|100%| E|CS|TAMS 0x000000070d000000, 0x000000070d000000| Complete 
|  58|0x000000070d200000, 0x000000070d400000, 0x000000070d400000|100%| E|CS|TAMS 0x000000070d200000, 0x000000070d200000| Complete 
|  59|0x000000070d400000, 0x000000070d600000, 0x000000070d600000|100%| E|CS|TAMS 0x000000070d400000, 0x000000070d400000| Complete 
|  60|0x000000070d600000, 0x000000070d800000, 0x000000070d800000|100%| E|CS|TAMS 0x000000070d600000, 0x000000070d600000| Complete 
|  61|0x000000070d800000, 0x000000070da00000, 0x000000070da00000|100%| E|CS|TAMS 0x000000070d800000, 0x000000070d800000| Complete 
|  62|0x000000070da00000, 0x000000070dc00000, 0x000000070dc00000|100%| E|CS|TAMS 0x000000070da00000, 0x000000070da00000| Complete 
|  63|0x000000070dc00000, 0x000000070de00000, 0x000000070de00000|100%| E|CS|TAMS 0x000000070dc00000, 0x000000070dc00000| Complete 
|  64|0x000000070de00000, 0x000000070e000000, 0x000000070e000000|100%| E|CS|TAMS 0x000000070de00000, 0x000000070de00000| Complete 
|  65|0x000000070e000000, 0x000000070e200000, 0x000000070e200000|100%| E|CS|TAMS 0x000000070e000000, 0x000000070e000000| Complete 
|  66|0x000000070e200000, 0x000000070e400000, 0x000000070e400000|100%| E|CS|TAMS 0x000000070e200000, 0x000000070e200000| Complete 
|  67|0x000000070e400000, 0x000000070e600000, 0x000000070e600000|100%| E|CS|TAMS 0x000000070e400000, 0x000000070e400000| Complete 
|  68|0x000000070e600000, 0x000000070e800000, 0x000000070e800000|100%| E|CS|TAMS 0x000000070e600000, 0x000000070e600000| Complete 
|  69|0x000000070e800000, 0x000000070ea00000, 0x000000070ea00000|100%| E|CS|TAMS 0x000000070e800000, 0x000000070e800000| Complete 
|  75|0x000000070f400000, 0x000000070f600000, 0x000000070f600000|100%| E|CS|TAMS 0x000000070f400000, 0x000000070f400000| Complete 
|  76|0x000000070f600000, 0x000000070f800000, 0x000000070f800000|100%| E|CS|TAMS 0x000000070f600000, 0x000000070f600000| Complete 
| 125|0x0000000715800000, 0x0000000715a00000, 0x0000000715a00000|100%| E|CS|TAMS 0x0000000715800000, 0x0000000715800000| Complete 
|2000|0x00000007ffe00000, 0x0000000800000000, 0x0000000800000000|100%| O|  |TAMS 0x0000000800000000, 0x00000007ffe00000| Untracked 

Card table byte_map: [0x000002da47150000,0x000002da47930000] _byte_map_base: 0x000002da43921000

Marking Bits (Prev, Next): (CMBitMap*) 0x000002da2d01d740, (CMBitMap*) 0x000002da2d01d780
 Prev Bits: [0x000002da48110000, 0x000002da4bf98000)
 Next Bits: [0x000002da4bfa0000, 0x000002da4fe28000)

Polling page: 0x000002da2d340000

Metaspace:

Usage:
  Non-class:     24.83 MB used.
      Class:      2.90 MB used.
       Both:     27.72 MB used.

Virtual space:
  Non-class space:       64.00 MB reserved,      25.06 MB ( 39%) committed,  1 nodes.
      Class space:        1.00 GB reserved,       3.19 MB ( <1%) committed,  1 nodes.
             Both:        1.06 GB reserved,      28.25 MB (  3%) committed. 

Chunk freelists:
   Non-Class:  2.26 MB
       Class:  823.00 KB
        Both:  3.07 MB

MaxMetaspaceSize: unlimited
CompressedClassSpaceSize: 1.00 GB
Initial GC threshold: 21.00 MB
Current GC threshold: 40.44 MB
CDS: on
MetaspaceReclaimPolicy: balanced
 - commit_granule_bytes: 65536.
 - commit_granule_words: 8192.
 - virtual_space_node_default_size: 8388608.
 - enlarge_chunks_in_place: 1.
 - new_chunks_are_fully_committed: 0.
 - uncommit_free_chunks: 1.
 - use_allocation_guard: 0.


Internal statistics:

num_allocs_failed_limit: 3.
num_arena_births: 608.
num_arena_deaths: 0.
num_vsnodes_births: 2.
num_vsnodes_deaths: 0.
num_space_committed: 452.
num_space_uncommitted: 0.
num_chunks_returned_to_freelist: 3.
num_chunks_taken_from_freelist: 1664.
num_chunk_merges: 3.
num_chunk_splits: 1152.
num_chunks_enlarged: 828.
num_inconsistent_stats: 0.

CodeHeap 'non-profiled nmethods': size=119168Kb used=4875Kb max_used=4875Kb free=114292Kb
 bounds [0x000002da3e550000, 0x000002da3ea20000, 0x000002da459b0000]
CodeHeap 'profiled nmethods': size=119104Kb used=16245Kb max_used=16245Kb free=102858Kb
 bounds [0x000002da369b0000, 0x000002da37990000, 0x000002da3de00000]
CodeHeap 'non-nmethods': size=7488Kb used=3059Kb max_used=3080Kb free=4428Kb
 bounds [0x000002da3de00000, 0x000002da3e110000, 0x000002da3e550000]
 total_blobs=7752 nmethods=7211 adapters=446
 compilation: enabled
              stopped_count=0, restarted_count=0
 full_count=0

Compilation events (20 events):
Event: 5.655 Thread 0x000002da52eb0a50 nmethod 8031 0x000002da37978010 code [0x000002da379781c0, 0x000002da379783f8]
Event: 5.656 Thread 0x000002da52eae360 nmethod 8028 0x000002da37978510 code [0x000002da379788c0, 0x000002da3797a778]
Event: 5.656 Thread 0x000002da52eaee80 8038       3       com.sun.tools.javac.tree.TreeScanner::visitBlock (9 bytes)
Event: 5.657 Thread 0x000002da52eaee80 nmethod 8038 0x000002da3797af90 code [0x000002da3797b160, 0x000002da3797b768]
Event: 5.657 Thread 0x000002da52eb0a50 8039       3       com.sun.tools.javac.code.Types$5::visitType (10 bytes)
Event: 5.657 Thread 0x000002da52eaee80 8040       3       com.sun.tools.javac.code.Types$5::visitType (219 bytes)
Event: 5.657 Thread 0x000002da52eb0a50 nmethod 8039 0x000002da3797b910 code [0x000002da3797bac0, 0x000002da3797bd08]
Event: 5.659 Thread 0x000002da52eaee80 nmethod 8040 0x000002da3797be10 code [0x000002da3797c220, 0x000002da3797e468]
Event: 5.659 Thread 0x000002da52eb04c0 8042       3       com.sun.tools.javac.comp.Check::validateAnnotations (40 bytes)
Event: 5.659 Thread 0x000002da52eb04c0 nmethod 8042 0x000002da3797ec10 code [0x000002da3797ee20, 0x000002da3797f628]
Event: 5.661 Thread 0x000002da52eaee80 8043       1       lombok.core.handlers.InclusionExclusionUtils$Included::isDefaultInclude (5 bytes)
Event: 5.661 Thread 0x000002da52eaee80 nmethod 8043 0x000002da3e9fb990 code [0x000002da3e9fbb20, 0x000002da3e9fbbf8]
Event: 5.661 Thread 0x000002da52eaee80 8044       3       lombok.javac.JavacTreeMaker::Binary (30 bytes)
Event: 5.662 Thread 0x000002da52eae360 8045       1       lombok.javac.handlers.JavacHandlerUtil$GetterMethod::access$0 (5 bytes)
Event: 5.662 Thread 0x000002da52eaee80 nmethod 8044 0x000002da3797f890 code [0x000002da3797fa80, 0x000002da379802a8]
Event: 5.662 Thread 0x000002da52eaee80 8046       3       com.sun.tools.javac.tree.TreeScanner::visitBinary (17 bytes)
Event: 5.662 Thread 0x000002da52eae360 nmethod 8045 0x000002da3e9fce90 code [0x000002da3e9fd020, 0x000002da3e9fd0d8]
Event: 5.662 Thread 0x000002da52eaee80 nmethod 8046 0x000002da37980490 code [0x000002da37980640, 0x000002da379808f8]
Event: 5.662 Thread 0x000002da59123500 nmethod 7739 0x000002da3e9fbc90 code [0x000002da3e9fbe40, 0x000002da3e9fcae8]
Event: 5.663 Thread 0x000002da59123500 8037       4       java.net.URI::equalIgnoringCase (68 bytes)

GC Heap History (20 events):
Event: 2.879 GC heap before
{Heap before GC invocations=2 (full 0):
 garbage-first heap   total 258048K, used 167662K [0x0000000705e00000, 0x0000000800000000)
  region size 2048K, 67 young (137216K), 2 survivors (4096K)
 Metaspace       used 21115K, committed 21504K, reserved 1114112K
  class space    used 2272K, committed 2496K, reserved 1048576K
}
Event: 2.886 GC heap after
{Heap after GC invocations=3 (full 0):
 garbage-first heap   total 258048K, used 15711K [0x0000000705e00000, 0x0000000800000000)
  region size 2048K, 6 young (12288K), 6 survivors (12288K)
 Metaspace       used 21115K, committed 21504K, reserved 1114112K
  class space    used 2272K, committed 2496K, reserved 1048576K
}
Event: 3.221 GC heap before
{Heap before GC invocations=4 (full 0):
 garbage-first heap   total 61440K, used 40287K [0x0000000705e00000, 0x0000000800000000)
  region size 2048K, 18 young (36864K), 6 survivors (12288K)
 Metaspace       used 23652K, committed 24064K, reserved 1114112K
  class space    used 2499K, committed 2688K, reserved 1048576K
}
Event: 3.229 GC heap after
{Heap after GC invocations=5 (full 0):
 garbage-first heap   total 63488K, used 24549K [0x0000000705e00000, 0x0000000800000000)
  region size 2048K, 3 young (6144K), 3 survivors (6144K)
 Metaspace       used 23652K, committed 24064K, reserved 1114112K
  class space    used 2499K, committed 2688K, reserved 1048576K
}
Event: 3.249 GC heap before
{Heap before GC invocations=5 (full 0):
 garbage-first heap   total 63488K, used 24549K [0x0000000705e00000, 0x0000000800000000)
  region size 2048K, 4 young (8192K), 3 survivors (6144K)
 Metaspace       used 23653K, committed 24064K, reserved 1114112K
  class space    used 2499K, committed 2688K, reserved 1048576K
}
Event: 3.252 GC heap after
{Heap after GC invocations=6 (full 0):
 garbage-first heap   total 63488K, used 26570K [0x0000000705e00000, 0x0000000800000000)
  region size 2048K, 1 young (2048K), 1 survivors (2048K)
 Metaspace       used 23653K, committed 24064K, reserved 1114112K
  class space    used 2499K, committed 2688K, reserved 1048576K
}
Event: 3.535 GC heap before
{Heap before GC invocations=6 (full 0):
 garbage-first heap   total 63488K, used 40906K [0x0000000705e00000, 0x0000000800000000)
  region size 2048K, 9 young (18432K), 1 survivors (2048K)
 Metaspace       used 24448K, committed 24832K, reserved 1114112K
  class space    used 2582K, committed 2752K, reserved 1048576K
}
Event: 3.540 GC heap after
{Heap after GC invocations=7 (full 0):
 garbage-first heap   total 63488K, used 30372K [0x0000000705e00000, 0x0000000800000000)
  region size 2048K, 2 young (4096K), 2 survivors (4096K)
 Metaspace       used 24448K, committed 24832K, reserved 1114112K
  class space    used 2582K, committed 2752K, reserved 1048576K
}
Event: 3.693 GC heap before
{Heap before GC invocations=7 (full 0):
 garbage-first heap   total 63488K, used 44708K [0x0000000705e00000, 0x0000000800000000)
  region size 2048K, 9 young (18432K), 2 survivors (4096K)
 Metaspace       used 24475K, committed 24832K, reserved 1114112K
  class space    used 2582K, committed 2752K, reserved 1048576K
}
Event: 3.699 GC heap after
{Heap after GC invocations=8 (full 0):
 garbage-first heap   total 63488K, used 36117K [0x0000000705e00000, 0x0000000800000000)
  region size 2048K, 2 young (4096K), 2 survivors (4096K)
 Metaspace       used 24475K, committed 24832K, reserved 1114112K
  class space    used 2582K, committed 2752K, reserved 1048576K
}
Event: 3.749 GC heap before
{Heap before GC invocations=8 (full 0):
 garbage-first heap   total 63488K, used 42261K [0x0000000705e00000, 0x0000000800000000)
  region size 2048K, 6 young (12288K), 2 survivors (4096K)
 Metaspace       used 24481K, committed 24832K, reserved 1114112K
  class space    used 2582K, committed 2752K, reserved 1048576K
}
Event: 3.752 GC heap after
{Heap after GC invocations=9 (full 0):
 garbage-first heap   total 161792K, used 37765K [0x0000000705e00000, 0x0000000800000000)
  region size 2048K, 1 young (2048K), 1 survivors (2048K)
 Metaspace       used 24481K, committed 24832K, reserved 1114112K
  class space    used 2582K, committed 2752K, reserved 1048576K
}
Event: 4.363 GC heap before
{Heap before GC invocations=10 (full 0):
 garbage-first heap   total 151552K, used 105349K [0x0000000705e00000, 0x0000000800000000)
  region size 2048K, 34 young (69632K), 1 survivors (2048K)
 Metaspace       used 26284K, committed 26752K, reserved 1114112K
  class space    used 2720K, committed 2944K, reserved 1048576K
}
Event: 4.374 GC heap after
{Heap after GC invocations=11 (full 0):
 garbage-first heap   total 151552K, used 50352K [0x0000000705e00000, 0x0000000800000000)
  region size 2048K, 5 young (10240K), 5 survivors (10240K)
 Metaspace       used 26284K, committed 26752K, reserved 1114112K
  class space    used 2720K, committed 2944K, reserved 1048576K
}
Event: 4.385 GC heap before
{Heap before GC invocations=11 (full 0):
 garbage-first heap   total 151552K, used 52400K [0x0000000705e00000, 0x0000000800000000)
  region size 2048K, 6 young (12288K), 5 survivors (10240K)
 Metaspace       used 26320K, committed 26752K, reserved 1114112K
  class space    used 2733K, committed 2944K, reserved 1048576K
}
Event: 4.392 GC heap after
{Heap after GC invocations=12 (full 0):
 garbage-first heap   total 151552K, used 51768K [0x0000000705e00000, 0x0000000800000000)
  region size 2048K, 1 young (2048K), 1 survivors (2048K)
 Metaspace       used 26320K, committed 26752K, reserved 1114112K
  class space    used 2733K, committed 2944K, reserved 1048576K
}
Event: 4.977 GC heap before
{Heap before GC invocations=12 (full 0):
 garbage-first heap   total 151552K, used 102968K [0x0000000705e00000, 0x0000000800000000)
  region size 2048K, 27 young (55296K), 1 survivors (2048K)
 Metaspace       used 27584K, committed 28096K, reserved 1114112K
  class space    used 2869K, committed 3136K, reserved 1048576K
}
Event: 4.978 GC heap after
{Heap after GC invocations=13 (full 0):
 garbage-first heap   total 151552K, used 51036K [0x0000000705e00000, 0x0000000800000000)
  region size 2048K, 1 young (2048K), 1 survivors (2048K)
 Metaspace       used 27584K, committed 28096K, reserved 1114112K
  class space    used 2869K, committed 3136K, reserved 1048576K
}
Event: 5.430 GC heap before
{Heap before GC invocations=13 (full 0):
 garbage-first heap   total 151552K, used 108380K [0x0000000705e00000, 0x0000000800000000)
  region size 2048K, 29 young (59392K), 1 survivors (2048K)
 Metaspace       used 28047K, committed 28608K, reserved 1114112K
  class space    used 2936K, committed 3200K, reserved 1048576K
}
Event: 5.431 GC heap after
{Heap after GC invocations=14 (full 0):
 garbage-first heap   total 151552K, used 51201K [0x0000000705e00000, 0x0000000800000000)
  region size 2048K, 1 young (2048K), 1 survivors (2048K)
 Metaspace       used 28047K, committed 28608K, reserved 1114112K
  class space    used 2936K, committed 3200K, reserved 1048576K
}

Dll operation events (12 events):
Event: 0.006 Loaded shared library C:\Program Files\Java\jdk-19\bin\java.dll
Event: 0.015 Loaded shared library C:\Program Files\Java\jdk-19\bin\jsvml.dll
Event: 0.048 Loaded shared library C:\Program Files\Java\jdk-19\bin\zip.dll
Event: 0.050 Loaded shared library C:\Program Files\Java\jdk-19\bin\instrument.dll
Event: 0.052 Loaded shared library C:\Program Files\Java\jdk-19\bin\net.dll
Event: 0.053 Loaded shared library C:\Program Files\Java\jdk-19\bin\nio.dll
Event: 0.055 Loaded shared library C:\Program Files\Java\jdk-19\bin\zip.dll
Event: 0.065 Loaded shared library C:\Program Files\JetBrains\IntelliJ IDEA 2022.1.2\bin\breakgen64.dll
Event: 0.070 Loaded shared library C:\Program Files\Java\jdk-19\bin\extnet.dll
Event: 0.127 Loaded shared library C:\Program Files\Java\jdk-19\bin\jimage.dll
Event: 0.174 Loaded shared library C:\Users\99293\AppData\Local\Temp\jansi-2.4.0-56bd70ecff7014ac-jansi.dll
Event: 0.180 Loaded shared library C:\Program Files\Java\jdk-19\bin\verify.dll

Deoptimization events (20 events):
Event: 5.375 Thread 0x000002da2d282700 Uncommon trap: trap_request=0xffffffde fr.pc=0x000002da3e8b8b78 relative=0x0000000000000f78
Event: 5.375 Thread 0x000002da2d282700 Uncommon trap: reason=class_check action=maybe_recompile pc=0x000002da3e8b8b78 method=com.sun.tools.javac.code.DeferredCompletionFailureHandler.classSymbolCompleteFailed(Lcom/sun/tools/javac/code/Symbol$ClassSymbol;Lcom/sun/tools/javac/code/Symbol$Complet
Event: 5.376 Thread 0x000002da2d282700 DEOPT PACKING pc=0x000002da3e8b8b78 sp=0x000000ea23cfc1b0
Event: 5.376 Thread 0x000002da2d282700 DEOPT UNPACKING pc=0x000002da3de66da3 sp=0x000000ea23cfc128 mode 2
Event: 5.451 Thread 0x000002da2d282700 Uncommon trap: trap_request=0xffffffbe fr.pc=0x000002da3e945130 relative=0x0000000000000390
Event: 5.451 Thread 0x000002da2d282700 Uncommon trap: reason=profile_predicate action=maybe_recompile pc=0x000002da3e945130 method=java.lang.Class.searchMethods([Ljava/lang/reflect/Method;Ljava/lang/String;[Ljava/lang/Class;)Ljava/lang/reflect/Method; @ 22 c2
Event: 5.451 Thread 0x000002da2d282700 DEOPT PACKING pc=0x000002da3e945130 sp=0x000000ea23cfd280
Event: 5.451 Thread 0x000002da2d282700 DEOPT UNPACKING pc=0x000002da3de66da3 sp=0x000000ea23cfd200 mode 2
Event: 5.451 Thread 0x000002da2d282700 Uncommon trap: trap_request=0xffffffbe fr.pc=0x000002da3e945130 relative=0x0000000000000390
Event: 5.451 Thread 0x000002da2d282700 Uncommon trap: reason=profile_predicate action=maybe_recompile pc=0x000002da3e945130 method=java.lang.Class.searchMethods([Ljava/lang/reflect/Method;Ljava/lang/String;[Ljava/lang/Class;)Ljava/lang/reflect/Method; @ 22 c2
Event: 5.452 Thread 0x000002da2d282700 DEOPT PACKING pc=0x000002da3e945130 sp=0x000000ea23cfd280
Event: 5.452 Thread 0x000002da2d282700 DEOPT UNPACKING pc=0x000002da3de66da3 sp=0x000000ea23cfd200 mode 2
Event: 5.459 Thread 0x000002da2d282700 Uncommon trap: trap_request=0xffffff45 fr.pc=0x000002da3e7f841c relative=0x00000000000002fc
Event: 5.459 Thread 0x000002da2d282700 Uncommon trap: reason=unstable_if action=reinterpret pc=0x000002da3e7f841c method=com.sun.tools.javac.tree.JCTree$JCMethodInvocation.<init>(Lcom/sun/tools/javac/util/List;Lcom/sun/tools/javac/tree/JCTree$JCExpression;Lcom/sun/tools/javac/util/List;)V @ 6 
Event: 5.459 Thread 0x000002da2d282700 DEOPT PACKING pc=0x000002da3e7f841c sp=0x000000ea23cfccb0
Event: 5.459 Thread 0x000002da2d282700 DEOPT UNPACKING pc=0x000002da3de66da3 sp=0x000000ea23cfcc10 mode 2
Event: 5.613 Thread 0x000002da2d282700 Uncommon trap: trap_request=0xffffffbe fr.pc=0x000002da3e9ed938 relative=0x0000000000003838
Event: 5.613 Thread 0x000002da2d282700 Uncommon trap: reason=profile_predicate action=maybe_recompile pc=0x000002da3e9ed938 method=java.lang.Class.searchMethods([Ljava/lang/reflect/Method;Ljava/lang/String;[Ljava/lang/Class;)Ljava/lang/reflect/Method; @ 22 c2
Event: 5.613 Thread 0x000002da2d282700 DEOPT PACKING pc=0x000002da3e9ed938 sp=0x000000ea23cfd330
Event: 5.613 Thread 0x000002da2d282700 DEOPT UNPACKING pc=0x000002da3de66da3 sp=0x000000ea23cfd280 mode 2

Classes loaded (20 events):
Event: 4.430 Loading class java/util/Vector$1
Event: 4.430 Loading class java/util/Vector$1 done
Event: 4.433 Loading class java/io/PushbackInputStream
Event: 4.433 Loading class java/io/PushbackInputStream done
Event: 4.556 Loading class java/util/Collections$UnmodifiableSortedSet
Event: 4.556 Loading class java/util/Collections$UnmodifiableSortedSet done
Event: 4.655 Loading class java/util/IdentityHashMap$EntrySet
Event: 4.655 Loading class java/util/IdentityHashMap$EntrySet done
Event: 4.655 Loading class java/util/IdentityHashMap$EntryIterator
Event: 4.655 Loading class java/util/IdentityHashMap$EntryIterator done
Event: 4.655 Loading class java/util/IdentityHashMap$EntryIterator$Entry
Event: 4.655 Loading class java/util/IdentityHashMap$EntryIterator$Entry done
Event: 5.279 Loading class java/util/regex/Pattern$SliceI
Event: 5.279 Loading class java/util/regex/Pattern$SliceI done
Event: 5.326 Loading class java/util/regex/Pattern$Loop
Event: 5.326 Loading class java/util/regex/Pattern$Loop done
Event: 5.326 Loading class java/util/regex/Pattern$Prolog
Event: 5.326 Loading class java/util/regex/Pattern$Prolog done
Event: 5.353 Loading class java/util/regex/Pattern$LazyLoop
Event: 5.354 Loading class java/util/regex/Pattern$LazyLoop done

Classes unloaded (0 events):
No events

Classes redefined (0 events):
No events

Internal exceptions (20 events):
Event: 4.122 Thread 0x000002da2d282700 Exception <a 'sun/nio/fs/WindowsException'{0x000000070b2be2f0}> (0x000000070b2be2f0) 
thrown [s\open\src\hotspot\share\prims\jni.cpp, line 517]
Event: 4.122 Thread 0x000002da2d282700 Exception <a 'sun/nio/fs/WindowsException'{0x000000070b2be680}> (0x000000070b2be680) 
thrown [s\open\src\hotspot\share\prims\jni.cpp, line 517]
Event: 4.123 Thread 0x000002da2d282700 Exception <a 'sun/nio/fs/WindowsException'{0x000000070b2c1900}> (0x000000070b2c1900) 
thrown [s\open\src\hotspot\share\prims\jni.cpp, line 517]
Event: 4.123 Thread 0x000002da2d282700 Exception <a 'sun/nio/fs/WindowsException'{0x000000070b2c1ce0}> (0x000000070b2c1ce0) 
thrown [s\open\src\hotspot\share\prims\jni.cpp, line 517]
Event: 4.123 Thread 0x000002da2d282700 Exception <a 'sun/nio/fs/WindowsException'{0x000000070b2c2d48}> (0x000000070b2c2d48) 
thrown [s\open\src\hotspot\share\prims\jni.cpp, line 517]
Event: 4.123 Thread 0x000002da2d282700 Exception <a 'sun/nio/fs/WindowsException'{0x000000070b2c31b8}> (0x000000070b2c31b8) 
thrown [s\open\src\hotspot\share\prims\jni.cpp, line 517]
Event: 4.240 Thread 0x000002da2d282700 Implicit null exception at 0x000002da3e67a033 to 0x000002da3e67a418
Event: 4.263 Thread 0x000002da2d282700 Implicit null exception at 0x000002da3e6704eb to 0x000002da3e6706c4
Event: 5.314 Thread 0x000002da2d282700 Exception <a 'java/lang/NoSuchMethodError'{0x000000070beabc40}: 'void java.lang.invoke.DirectMethodHandle$Holder.invokeInterface(java.lang.Object, java.lang.Object, java.lang.Object, int)'> (0x000000070beabc40) 
thrown [s\open\src\hotspot\share\interpreter\linkResolver.cpp, line 774]
Event: 5.315 Thread 0x000002da2d282700 Exception <a 'java/lang/NoSuchMethodError'{0x000000070beb3768}: 'void java.lang.invoke.DelegatingMethodHandle$Holder.reinvoke_L(java.lang.Object, java.lang.Object, java.lang.Object, int)'> (0x000000070beb3768) 
thrown [s\open\src\hotspot\share\interpreter\linkResolver.cpp, line 774]
Event: 5.320 Thread 0x000002da2d282700 Exception <a 'java/lang/NoSuchMethodError'{0x000000070bee3c40}: 'java.lang.Object java.lang.invoke.DirectMethodHandle$Holder.invokeVirtual(java.lang.Object, java.lang.Object, java.lang.Object, java.lang.Object)'> (0x000000070bee3c40) 
thrown [s\open\src\hotspot\share\interpreter\linkResolver.cpp, line 774]
Event: 5.321 Thread 0x000002da2d282700 Exception <a 'java/lang/NoSuchMethodError'{0x000000070bef1918}: 'long java.lang.invoke.DirectMethodHandle$Holder.invokeStatic(java.lang.Object, java.lang.Object, int)'> (0x000000070bef1918) 
thrown [s\open\src\hotspot\share\interpreter\linkResolver.cpp, line 774]
Event: 5.322 Thread 0x000002da2d282700 Exception <a 'java/lang/NoSuchMethodError'{0x000000070bef99d8}: 'java.lang.Object java.lang.invoke.DirectMethodHandle$Holder.invokeSpecial(java.lang.Object, java.lang.Object, java.lang.Object, long, java.lang.Object)'> (0x000000070bef99d8) 
thrown [s\open\src\hotspot\share\interpreter\linkResolver.cpp, line 774]
Event: 5.323 Thread 0x000002da2d282700 Exception <a 'java/lang/NoSuchMethodError'{0x000000070befd928}: 'java.lang.Object java.lang.invoke.DelegatingMethodHandle$Holder.reinvoke_L(java.lang.Object, java.lang.Object, long, java.lang.Object)'> (0x000000070befd928) 
thrown [s\open\src\hotspot\share\interpreter\linkResolver.cpp, line 774]
Event: 5.328 Thread 0x000002da2d282700 Exception <a 'java/lang/NoSuchMethodError'{0x000000070bf41528}: 'java.lang.Object java.lang.invoke.DirectMethodHandle$Holder.invokeVirtual(java.lang.Object, java.lang.Object, java.lang.Object, java.lang.Object, java.lang.Object, java.lang.Object, java.lang.Object, java.lang.Object, java.lang.Object, java.lang.Object)'> (0x000000070bf41528) 
thrown [s\open\src\hotspot\share\interpreter\linkResolver.cpp, line 774]
Event: 5.368 Thread 0x000002da2d282700 Exception <a 'java/lang/NoSuchMethodError'{0x000000070bc72db0}: 'void java.lang.invoke.DirectMethodHandle$Holder.invokeVirtual(java.lang.Object, java.lang.Object)'> (0x000000070bc72db0) 
thrown [s\open\src\hotspot\share\interpreter\linkResolver.cpp, line 774]
Event: 5.370 Thread 0x000002da2d282700 Exception <a 'java/lang/NoSuchMethodError'{0x000000070bc7d648}: 'void java.lang.invoke.DirectMethodHandle$Holder.invokeVirtual(java.lang.Object, java.lang.Object, java.lang.Object, java.lang.Object)'> (0x000000070bc7d648) 
thrown [s\open\src\hotspot\share\interpreter\linkResolver.cpp, line 774]
Event: 5.393 Thread 0x000002da2d282700 Exception <a 'java/lang/NoSuchMethodError'{0x000000070ba9e180}: 'java.lang.Object java.lang.invoke.DirectMethodHandle$Holder.invokeVirtual(java.lang.Object, java.lang.Object, java.lang.Object, java.lang.Object, java.lang.Object, java.lang.Object)'> (0x000000070ba9e180) 
thrown [s\open\src\hotspot\share\interpreter\linkResolver.cpp, line 774]
Event: 5.457 Thread 0x000002da2d282700 Exception <a 'java/lang/NoSuchMethodError'{0x00000007159da070}: 'java.lang.Object java.lang.invoke.DirectMethodHandle$Holder.invokeVirtual(java.lang.Object, java.lang.Object, java.lang.Object, java.lang.Object, java.lang.Object)'> (0x00000007159da070) 
thrown [s\open\src\hotspot\share\interpreter\linkResolver.cpp, line 774]
Event: 5.490 Thread 0x000002da2d282700 Exception <a 'java/lang/NoSuchMethodError'{0x000000070f5af148}: 'java.lang.Object java.lang.invoke.DirectMethodHandle$Holder.invokeVirtual(java.lang.Object, java.lang.Object, long)'> (0x000000070f5af148) 
thrown [s\open\src\hotspot\share\interpreter\linkResolver.cpp, line 774]

VM Operations (20 events):
Event: 3.855 Executing VM operation: HandshakeAllThreads
Event: 3.855 Executing VM operation: HandshakeAllThreads done
Event: 3.930 Executing VM operation: ICBufferFull
Event: 3.931 Executing VM operation: ICBufferFull done
Event: 3.995 Executing VM operation: HandshakeAllThreads
Event: 3.996 Executing VM operation: HandshakeAllThreads done
Event: 4.000 Executing VM operation: ICBufferFull
Event: 4.000 Executing VM operation: ICBufferFull done
Event: 4.106 Executing VM operation: ICBufferFull
Event: 4.106 Executing VM operation: ICBufferFull done
Event: 4.363 Executing VM operation: G1CollectForAllocation
Event: 4.374 Executing VM operation: G1CollectForAllocation done
Event: 4.385 Executing VM operation: G1CollectForAllocation
Event: 4.392 Executing VM operation: G1CollectForAllocation done
Event: 4.976 Executing VM operation: G1CollectForAllocation
Event: 4.978 Executing VM operation: G1CollectForAllocation done
Event: 5.430 Executing VM operation: G1CollectForAllocation
Event: 5.431 Executing VM operation: G1CollectForAllocation done
Event: 5.591 Executing VM operation: HandshakeAllThreads
Event: 5.592 Executing VM operation: HandshakeAllThreads done

Events (20 events):
Event: 3.861 Thread 0x000002da57038070 flushing nmethod 0x000002da3743ad10
Event: 3.861 Thread 0x000002da57038070 flushing nmethod 0x000002da37443990
Event: 3.861 Thread 0x000002da57038070 flushing nmethod 0x000002da37461790
Event: 3.861 Thread 0x000002da57038070 flushing nmethod 0x000002da3746ff90
Event: 3.861 Thread 0x000002da57038070 flushing nmethod 0x000002da374c5110
Event: 4.006 Thread 0x000002da59126ca0 Thread added: 0x000002da59126ca0
Event: 4.014 Thread 0x000002da59120e10 Thread added: 0x000002da59120e10
Event: 4.020 Thread 0x000002da591213a0 Thread added: 0x000002da591213a0
Event: 4.362 Thread 0x000002da591213a0 Thread exited: 0x000002da591213a0
Event: 4.362 Thread 0x000002da59120e10 Thread exited: 0x000002da59120e10
Event: 4.407 Thread 0x000002da59126ca0 Thread exited: 0x000002da59126ca0
Event: 4.559 Thread 0x000002da591277c0 Thread exited: 0x000002da591277c0
Event: 4.712 Thread 0x000002da591213a0 Thread added: 0x000002da591213a0
Event: 4.712 Thread 0x000002da59126ca0 Thread added: 0x000002da59126ca0
Event: 4.864 Thread 0x000002da59123500 Thread added: 0x000002da59123500
Event: 4.879 Thread 0x000002da59124b40 Thread added: 0x000002da59124b40
Event: 5.603 Thread 0x000002da57038070 flushing nmethod 0x000002da3742cb10
Event: 5.603 Thread 0x000002da57038070 flushing nmethod 0x000002da37439990
Event: 5.603 Thread 0x000002da57038070 flushing nmethod 0x000002da3745b190
Event: 5.603 Thread 0x000002da57038070 flushing nmethod 0x000002da3745d590


Dynamic libraries:
0x00007ff71b960000 - 0x00007ff71b970000 	C:\Program Files\Java\jdk-19\bin\java.exe
0x00007ff920190000 - 0x00007ff9203a6000 	C:\WINDOWS\SYSTEM32\ntdll.dll
0x00007ff91f560000 - 0x00007ff91f624000 	C:\WINDOWS\System32\KERNEL32.DLL
0x00007ff91d480000 - 0x00007ff91d827000 	C:\WINDOWS\System32\KERNELBASE.dll
0x00007ff91da10000 - 0x00007ff91db21000 	C:\WINDOWS\System32\ucrtbase.dll
0x00007ff8fc1a0000 - 0x00007ff8fc1b8000 	C:\Program Files\Java\jdk-19\bin\jli.dll
0x00007ff8fe990000 - 0x00007ff8fe9ab000 	C:\Program Files\Java\jdk-19\bin\VCRUNTIME140.dll
0x00007ff91fc20000 - 0x00007ff91fcd2000 	C:\WINDOWS\System32\ADVAPI32.dll
0x00007ff91f8b0000 - 0x00007ff91f957000 	C:\WINDOWS\System32\msvcrt.dll
0x00007ff91f800000 - 0x00007ff91f8a8000 	C:\WINDOWS\System32\sechost.dll
0x00007ff91dd90000 - 0x00007ff91ddb8000 	C:\WINDOWS\System32\bcrypt.dll
0x00007ff91ff40000 - 0x00007ff920055000 	C:\WINDOWS\System32\RPCRT4.dll
0x00007ff91f3b0000 - 0x00007ff91f55e000 	C:\WINDOWS\System32\USER32.dll
0x00007ff91ddc0000 - 0x00007ff91dde6000 	C:\WINDOWS\System32\win32u.dll
0x00007ff90b040000 - 0x00007ff90b2d3000 	C:\WINDOWS\WinSxS\amd64_microsoft.windows.common-controls_6595b64144ccf1df_6.0.22621.3235_none_270f74e173860f98\COMCTL32.dll
0x00007ff91efe0000 - 0x00007ff91f009000 	C:\WINDOWS\System32\GDI32.dll
0x00007ff91dc70000 - 0x00007ff91dd89000 	C:\WINDOWS\System32\gdi32full.dll
0x00007ff91ddf0000 - 0x00007ff91de8a000 	C:\WINDOWS\System32\msvcp_win.dll
0x00007ff914ee0000 - 0x00007ff914eea000 	C:\WINDOWS\SYSTEM32\VERSION.dll
0x00007ff91efa0000 - 0x00007ff91efd1000 	C:\WINDOWS\System32\IMM32.DLL
0x00007ff90e600000 - 0x00007ff90e60c000 	C:\Program Files\Java\jdk-19\bin\vcruntime140_1.dll
0x00007ff8dda70000 - 0x00007ff8ddafe000 	C:\Program Files\Java\jdk-19\bin\msvcp140.dll
0x00007ff890020000 - 0x00007ff890ce0000 	C:\Program Files\Java\jdk-19\bin\server\jvm.dll
0x00007ff916080000 - 0x00007ff916089000 	C:\WINDOWS\SYSTEM32\WSOCK32.dll
0x00007ff91e6f0000 - 0x00007ff91e761000 	C:\WINDOWS\System32\WS2_32.dll
0x00007ff9151f0000 - 0x00007ff915224000 	C:\WINDOWS\SYSTEM32\WINMM.dll
0x00007ff91c5b0000 - 0x00007ff91c5c8000 	C:\WINDOWS\SYSTEM32\kernel.appcore.dll
0x00007ff90e5c0000 - 0x00007ff90e5ca000 	C:\Program Files\Java\jdk-19\bin\jimage.dll
0x00007ff91a790000 - 0x00007ff91a9c3000 	C:\WINDOWS\SYSTEM32\DBGHELP.DLL
0x00007ff91f010000 - 0x00007ff91f398000 	C:\WINDOWS\System32\combase.dll
0x00007ff91eec0000 - 0x00007ff91ef97000 	C:\WINDOWS\System32\OLEAUT32.dll
0x00007ff913080000 - 0x00007ff9130b2000 	C:\WINDOWS\SYSTEM32\dbgcore.DLL
0x00007ff91db30000 - 0x00007ff91dba9000 	C:\WINDOWS\System32\bcryptPrimitives.dll
0x00007ff916010000 - 0x00007ff91601e000 	C:\Program Files\Java\jdk-19\bin\instrument.dll
0x00007ff8fc120000 - 0x00007ff8fc146000 	C:\Program Files\Java\jdk-19\bin\java.dll
0x00007ff8dd020000 - 0x00007ff8dd0f7000 	C:\Program Files\Java\jdk-19\bin\jsvml.dll
0x00007ff91de90000 - 0x00007ff91e6ec000 	C:\WINDOWS\System32\SHELL32.dll
0x00007ff91b3a0000 - 0x00007ff91bc99000 	C:\WINDOWS\SYSTEM32\windows.storage.dll
0x00007ff91b260000 - 0x00007ff91b39e000 	C:\WINDOWS\SYSTEM32\wintypes.dll
0x00007ff91f970000 - 0x00007ff91fa63000 	C:\WINDOWS\System32\SHCORE.dll
0x00007ff91fe60000 - 0x00007ff91febe000 	C:\WINDOWS\System32\shlwapi.dll
0x00007ff91d3b0000 - 0x00007ff91d3d1000 	C:\WINDOWS\SYSTEM32\profapi.dll
0x00007ff8fbc40000 - 0x00007ff8fbc58000 	C:\Program Files\Java\jdk-19\bin\zip.dll
0x00007ff8fbd90000 - 0x00007ff8fbda3000 	C:\Program Files\Java\jdk-19\bin\net.dll
0x00007ff916d70000 - 0x00007ff916ea6000 	C:\WINDOWS\SYSTEM32\WINHTTP.dll
0x00007ff91ca20000 - 0x00007ff91ca89000 	C:\WINDOWS\system32\mswsock.dll
0x00007ff8fbc60000 - 0x00007ff8fbc76000 	C:\Program Files\Java\jdk-19\bin\nio.dll
0x00007ff90e3b0000 - 0x00007ff90e3ca000 	C:\Program Files\JetBrains\IntelliJ IDEA 2022.1.2\bin\breakgen64.dll
0x00007ff90e130000 - 0x00007ff90e138000 	C:\Program Files\Java\jdk-19\bin\extnet.dll
0x0000000069ac0000 - 0x0000000069ae4000 	C:\Users\99293\AppData\Local\Temp\jansi-2.4.0-56bd70ecff7014ac-jansi.dll
0x00007ff905d00000 - 0x00007ff905d10000 	C:\Program Files\Java\jdk-19\bin\verify.dll

dbghelp: loaded successfully - version: 4.0.5 - missing functions: none
symbol engine: initialized successfully - sym options: 0x614 - pdb path: .;C:\Program Files\Java\jdk-19\bin;C:\WINDOWS\SYSTEM32;C:\WINDOWS\WinSxS\amd64_microsoft.windows.common-controls_6595b64144ccf1df_6.0.22621.3235_none_270f74e173860f98;C:\Program Files\Java\jdk-19\bin\server;C:\Program Files\JetBrains\IntelliJ IDEA 2022.1.2\bin;C:\Users\99293\AppData\Local\Temp

VM Arguments:
jvm_args: -Dmaven.multiModuleProjectDirectory=D:\unitedStates original storage\unitedStates duplicates original storage -Dmaven.home=C:\Users\99293\.m2\wrapper\dists\apache-maven-3.8.6-bin\1ks0nkde5v1pk9vtc31i9d0lcd\apache-maven-3.8.6 -Dclassworlds.conf=C:\Users\99293\.m2\wrapper\dists\apache-maven-3.8.6-bin\1ks0nkde5v1pk9vtc31i9d0lcd\apache-maven-3.8.6\bin\m2.conf -Dmaven.ext.class.path=C:\Program Files\JetBrains\IntelliJ IDEA 2022.1.2\plugins\maven\lib\maven-event-listener.jar -javaagent:C:\Program Files\JetBrains\IntelliJ IDEA 2022.1.2\lib\idea_rt.jar=61560:C:\Program Files\JetBrains\IntelliJ IDEA 2022.1.2\bin -Dfile.encoding=UTF-8 
java_command: org.codehaus.classworlds.Launcher -Didea.version=2022.1.2 package
java_class_path (initial): C:\Users\99293\.m2\wrapper\dists\apache-maven-3.8.6-bin\1ks0nkde5v1pk9vtc31i9d0lcd\apache-maven-3.8.6\boot\plexus-classworlds-2.6.0.jar;C:\Users\99293\.m2\wrapper\dists\apache-maven-3.8.6-bin\1ks0nkde5v1pk9vtc31i9d0lcd\apache-maven-3.8.6\boot\plexus-classworlds.license
Launcher Type: SUN_STANDARD

[Global flags]
     intx CICompilerCount                          = 12                                        {product} {ergonomic}
     uint ConcGCThreads                            = 3                                         {product} {ergonomic}
     uint G1ConcRefinementThreads                  = 13                                        {product} {ergonomic}
   size_t G1HeapRegionSize                         = 2097152                                   {product} {ergonomic}
    uintx GCDrainStackTargetSize                   = 64                                        {product} {ergonomic}
   size_t InitialHeapSize                          = 264241152                                 {product} {ergonomic}
   size_t MarkStackSize                            = 4194304                                   {product} {ergonomic}
   size_t MaxHeapSize                              = 4196401152                                {product} {ergonomic}
   size_t MaxNewSize                               = 2516582400                                {product} {ergonomic}
   size_t MinHeapDeltaBytes                        = 2097152                                   {product} {ergonomic}
   size_t MinHeapSize                              = 8388608                                   {product} {ergonomic}
    uintx NonNMethodCodeHeapSize                   = 7602480                                {pd product} {ergonomic}
    uintx NonProfiledCodeHeapSize                  = 122027880                              {pd product} {ergonomic}
    uintx ProfiledCodeHeapSize                     = 122027880                              {pd product} {ergonomic}
    uintx ReservedCodeCacheSize                    = 251658240                              {pd product} {ergonomic}
     bool SegmentedCodeCache                       = true                                      {product} {ergonomic}
   size_t SoftMaxHeapSize                          = 4196401152                             {manageable} {ergonomic}
     bool UseCompressedClassPointers               = true                           {product lp64_product} {ergonomic}
     bool UseCompressedOops                        = true                           {product lp64_product} {ergonomic}
     bool UseG1GC                                  = true                                      {product} {ergonomic}
     bool UseLargePagesIndividualAllocation        = false                                  {pd product} {ergonomic}

Logging:
Log output configuration:
 #0: stdout all=warning uptime,level,tags foldmultilines=false
 #1: stderr all=off uptime,level,tags foldmultilines=false

Environment Variables:
PATH=C:\Program Files\Common Files\Oracle\Java\javapath;C:\Windows\system32;C:\Windows;C:\Windows\System32\Wbem;C:\Windows\System32\WindowsPowerShell\v1.0\;C:\Windows\System32\OpenSSH\;C:\Program Files (x86)\NVIDIA Corporation\PhysX\Common;C:\Program Files\NVIDIA Corporation\NVIDIA NvDLISR;C:\Program Files\Git\cmd;C:\Program Files (x86)\dotnet\;%SystemRoot%\system32;%SystemRoot%;%SystemRoot%\System32\Wbem;%SYSTEMROOT%\System32\WindowsPowerShell\v1.0\;%SYSTEMROOT%\System32\OpenSSH\;C:\Users\99293\AppData\Local\Programs\Python\Python311\Scripts\;C:\Users\99293\AppData\Local\Programs\Python\Python311\;C:\Users\99293\AppData\Local\Microsoft\WindowsApps;;C:\Program Files\JetBrains\IntelliJ IDEA 2022.1.2\bin;;C:\Program Files\heroku\bin
USERNAME=ASUS
OS=Windows_NT
PROCESSOR_IDENTIFIER=Intel64 Family 6 Model 154 Stepping 3, GenuineIntel
TMP=C:\Users\99293\AppData\Local\Temp
TEMP=C:\Users\99293\AppData\Local\Temp



---------------  S Y S T E M  ---------------

OS:
 Windows 11 , 64 bit Build 22621 (10.0.22621.3374)
OS uptime: 0 days 11:01 hours
Hyper-V role detected

CPU: total 16 (initial active 16) (8 cores per cpu, 2 threads per core) family 6 model 154 stepping 3 microcode 0x41c, cx8, cmov, fxsr, ht, mmx, 3dnowpref, sse, sse2, sse3, ssse3, sse4.1, sse4.2, popcnt, lzcnt, tsc, tscinvbit, avx, avx2, aes, erms, clmul, bmi1, bmi2, adx, sha, fma, vzeroupper, clflush, clflushopt, clwb, hv, serialize, rdtscp, rdpid, fsrm

Memory: 4k page, system-wide physical 16005M (2735M free)
TotalPageFile size 18053M (AvailPageFile size 30M)
current process WorkingSet (physical memory assigned to process): 375M, peak: 403M
current process commit charge ("private bytes"): 440M, peak: 470M

vm_info: Java HotSpot(TM) 64-Bit Server VM (19.0.2+7-44) for windows-amd64 JRE (19.0.2+7-44), built on 2022-11-30T18:02:09Z by "mach5one" with MS VC++ 17.1 (VS2022)

END.
