#
# There is insufficient memory for the Java Runtime Environment to continue.
# Native memory allocation (malloc) failed to allocate 714400 bytes for Chunk::new
# Possible reasons:
#   The system is out of physical RAM or swap space
#   The process is running with CompressedOops enabled, and the Java Heap may be blocking the growth of the native heap
# Possible solutions:
#   Reduce memory load on the system
#   Increase physical memory or swap space
#   Check if swap backing store is full
#   Decrease Java heap size (-Xmx/-Xms)
#   Decrease number of Java threads
#   Decrease Java thread stack sizes (-Xss)
#   Set larger code cache with -XX:ReservedCodeCacheSize=
#   JVM is running with Zero Based Compressed Oops mode in which the Java heap is
#     placed in the first 32GB address space. The Java Heap base address is the
#     maximum limit for the native heap growth. Please use -XX:HeapBaseMinAddress
#     to set the Java Heap base and to place the Java Heap above 32GB virtual address.
# This output file may be truncated or incomplete.
#
#  Out of Memory Error (arena.cpp:184), pid=24624, tid=27160
#
# JRE version: Java(TM) SE Runtime Environment (19.0.2+7) (build 19.0.2+7-44)
# Java VM: Java HotSpot(TM) 64-Bit Server VM (19.0.2+7-44, mixed mode, sharing, tiered, compressed oops, compressed class ptrs, g1 gc, windows-amd64)
# No core dump will be written. Minidumps are not enabled by default on client versions of Windows
#

---------------  S U M M A R Y ------------

Command Line: -Dmaven.multiModuleProjectDirectory=D:\unitedStates_storage-master\unitedStates_storage -Dmaven.home=C:\Users\99293\.m2\wrapper\dists\apache-maven-3.8.6-bin\1ks0nkde5v1pk9vtc31i9d0lcd\apache-maven-3.8.6 -Dclassworlds.conf=C:\Users\99293\.m2\wrapper\dists\apache-maven-3.8.6-bin\1ks0nkde5v1pk9vtc31i9d0lcd\apache-maven-3.8.6\bin\m2.conf -Dmaven.ext.class.path=C:\Program Files\JetBrains\IntelliJ IDEA 2022.1.2\plugins\maven\lib\maven-event-listener.jar -javaagent:C:\Program Files\JetBrains\IntelliJ IDEA 2022.1.2\lib\idea_rt.jar=52580:C:\Program Files\JetBrains\IntelliJ IDEA 2022.1.2\bin -Dfile.encoding=UTF-8 org.codehaus.classworlds.Launcher -Didea.version=2022.1.2 clean

Host: 12th Gen Intel(R) Core(TM) i7-12650H, 16 cores, 15G,  Windows 11 , 64 bit Build 22621 (10.0.22621.3958)
Time: Tue Sep  3 22:42:23 2024  Windows 11 , 64 bit Build 22621 (10.0.22621.3958) elapsed time: 1.071516 seconds (0d 0h 0m 1s)

---------------  T H R E A D  ---------------

Current thread (0x0000029cbb00cbd0):  JavaThread "C2 CompilerThread7" daemon [_thread_in_native, id=27160, stack(0x000000dea1d00000,0x000000dea1e00000)]


Current CompileTask:
C2:   1071 1169       4       sun.nio.cs.StreamDecoder::lockedRead0 (95 bytes)

Stack: [0x000000dea1d00000,0x000000dea1e00000]
Native frames: (J=compiled Java code, j=interpreted, Vv=VM code, C=native code)
V  [jvm.dll+0x6ee21a]
V  [jvm.dll+0x85765e]
V  [jvm.dll+0x85904e]
V  [jvm.dll+0x859703]
V  [jvm.dll+0x28298f]
V  [jvm.dll+0xc9adf]
V  [jvm.dll+0xc9e65]
V  [jvm.dll+0x3bca4c]
V  [jvm.dll+0x3860e1]
V  [jvm.dll+0x38555a]
V  [jvm.dll+0x24c3d9]
V  [jvm.dll+0x24b781]
V  [jvm.dll+0x1d6ce1]
V  [jvm.dll+0x25b25a]
V  [jvm.dll+0x2596e8]
V  [jvm.dll+0x807588]
V  [jvm.dll+0x80125a]
V  [jvm.dll+0x6ecf0b]
C  [ucrtbase.dll+0x29333]
C  [KERNEL32.DLL+0x1257d]
C  [ntdll.dll+0x5af28]


---------------  P R O C E S S  ---------------

Threads class SMR info:
_java_thread_list=0x0000029cbb1fe650, length=23, elements={
0x0000029c92fa0280, 0x0000029cb643dfe0, 0x0000029cb643edd0, 0x0000029cb6444bf0,
0x0000029cb6446a90, 0x0000029cb64494d0, 0x0000029cb644be10, 0x0000029cb644e4f0,
0x0000029cbb00a4e0, 0x0000029cbb01cb00, 0x0000029cb6415440, 0x0000029cbb00aa70,
0x0000029cbb00b000, 0x0000029cbb00b590, 0x0000029cbb1dd920, 0x0000029cbb1dfa20,
0x0000029cbb00d160, 0x0000029cbb009f50, 0x0000029cbb00c0b0, 0x0000029cbb00d6f0,
0x0000029cbb00bb20, 0x0000029cbb00c640, 0x0000029cbb00cbd0
}

Java Threads: ( => current thread )
  0x0000029c92fa0280 JavaThread "main" [_thread_in_vm, id=2564, stack(0x000000dea0000000,0x000000dea0100000)]
  0x0000029cb643dfe0 JavaThread "Reference Handler" daemon [_thread_blocked, id=18436, stack(0x000000dea0700000,0x000000dea0800000)]
  0x0000029cb643edd0 JavaThread "Finalizer" daemon [_thread_blocked, id=22384, stack(0x000000dea0800000,0x000000dea0900000)]
  0x0000029cb6444bf0 JavaThread "Signal Dispatcher" daemon [_thread_blocked, id=1924, stack(0x000000dea0900000,0x000000dea0a00000)]
  0x0000029cb6446a90 JavaThread "Attach Listener" daemon [_thread_blocked, id=4296, stack(0x000000dea0a00000,0x000000dea0b00000)]
  0x0000029cb64494d0 JavaThread "Service Thread" daemon [_thread_blocked, id=20388, stack(0x000000dea0b00000,0x000000dea0c00000)]
  0x0000029cb644be10 JavaThread "Monitor Deflation Thread" daemon [_thread_blocked, id=26736, stack(0x000000dea0c00000,0x000000dea0d00000)]
  0x0000029cb644e4f0 JavaThread "C2 CompilerThread0" daemon [_thread_in_native, id=24400, stack(0x000000dea0d00000,0x000000dea0e00000)]
  0x0000029cbb00a4e0 JavaThread "C1 CompilerThread0" daemon [_thread_blocked, id=16552, stack(0x000000dea0e00000,0x000000dea0f00000)]
  0x0000029cbb01cb00 JavaThread "Sweeper thread" daemon [_thread_blocked, id=4212, stack(0x000000dea0f00000,0x000000dea1000000)]
  0x0000029cb6415440 JavaThread "Common-Cleaner" daemon [_thread_blocked, id=16864, stack(0x000000dea1000000,0x000000dea1100000)]
  0x0000029cbb00aa70 JavaThread "C1 CompilerThread1" daemon [_thread_blocked, id=2912, stack(0x000000dea1100000,0x000000dea1200000)]
  0x0000029cbb00b000 JavaThread "C1 CompilerThread2" daemon [_thread_blocked, id=11216, stack(0x000000dea1200000,0x000000dea1300000)]
  0x0000029cbb00b590 JavaThread "C1 CompilerThread3" daemon [_thread_blocked, id=27552, stack(0x000000dea1300000,0x000000dea1400000)]
  0x0000029cbb1dd920 JavaThread "Monitor Ctrl-Break" daemon [_thread_in_native, id=428, stack(0x000000dea1400000,0x000000dea1500000)]
  0x0000029cbb1dfa20 JavaThread "Notification Thread" daemon [_thread_blocked, id=2896, stack(0x000000dea1500000,0x000000dea1600000)]
  0x0000029cbb00d160 JavaThread "C2 CompilerThread1" daemon [_thread_in_native, id=1052, stack(0x000000dea1700000,0x000000dea1800000)]
  0x0000029cbb009f50 JavaThread "C2 CompilerThread2" daemon [_thread_blocked, id=19880, stack(0x000000dea1800000,0x000000dea1900000)]
  0x0000029cbb00c0b0 JavaThread "C2 CompilerThread3" daemon [_thread_in_native, id=27232, stack(0x000000dea1900000,0x000000dea1a00000)]
  0x0000029cbb00d6f0 JavaThread "C2 CompilerThread4" daemon [_thread_blocked, id=7652, stack(0x000000dea1a00000,0x000000dea1b00000)]
  0x0000029cbb00bb20 JavaThread "C2 CompilerThread5" daemon [_thread_blocked, id=27420, stack(0x000000dea1b00000,0x000000dea1c00000)]
  0x0000029cbb00c640 JavaThread "C2 CompilerThread6" daemon [_thread_in_native, id=2336, stack(0x000000dea1c00000,0x000000dea1d00000)]
=>0x0000029cbb00cbd0 JavaThread "C2 CompilerThread7" daemon [_thread_in_native, id=27160, stack(0x000000dea1d00000,0x000000dea1e00000)]

Other Threads:
  0x0000029cb6427de0 VMThread "VM Thread" [stack: 0x000000dea0600000,0x000000dea0700000] [id=24484]
  0x0000029cbb1e4040 WatcherThread "VM Periodic Task Thread" [stack: 0x000000dea1600000,0x000000dea1700000] [id=21116]
  0x0000029c93012c50 WorkerThread "GC Thread#0" [stack: 0x000000dea0100000,0x000000dea0200000] [id=25268]
  0x0000029cbb50e460 WorkerThread "GC Thread#1" [stack: 0x000000dea1e00000,0x000000dea1f00000] [id=25788]
  0x0000029cbb50f810 WorkerThread "GC Thread#2" [stack: 0x000000dea1f00000,0x000000dea2000000] [id=12536]
  0x0000029cbb50fae0 WorkerThread "GC Thread#3" [stack: 0x000000dea2000000,0x000000dea2100000] [id=2952]
  0x0000029cbb50e190 WorkerThread "GC Thread#4" [stack: 0x000000dea2100000,0x000000dea2200000] [id=24204]
  0x0000029cbb50fdb0 WorkerThread "GC Thread#5" [stack: 0x000000dea2200000,0x000000dea2300000] [id=16064]
  0x0000029cbb50ea00 WorkerThread "GC Thread#6" [stack: 0x000000dea2300000,0x000000dea2400000] [id=7548]
  0x0000029cbb50f270 WorkerThread "GC Thread#7" [stack: 0x000000dea2400000,0x000000dea2500000] [id=3184]
  0x0000029c93023760 ConcurrentGCThread "G1 Main Marker" [stack: 0x000000dea0200000,0x000000dea0300000] [id=22576]
  0x0000029c93024190 WorkerThread "G1 Conc#0" [stack: 0x000000dea0300000,0x000000dea0400000] [id=27376]
  0x0000029cb62e2830 ConcurrentGCThread "G1 Refine#0" [stack: 0x000000dea0400000,0x000000dea0500000] [id=20092]
  0x0000029cb62e3180 ConcurrentGCThread "G1 Service" [stack: 0x000000dea0500000,0x000000dea0600000] [id=4736]

Threads with active compile tasks:
C2 CompilerThread0     1095 1187       4       java.io.InputStreamReader::read (11 bytes)
C2 CompilerThread1     1095 1183       4       sun.nio.cs.StreamDecoder::lockedRead (189 bytes)
C2 CompilerThread3     1095 1186   !   4       sun.nio.cs.StreamDecoder::read (78 bytes)
C2 CompilerThread6     1095 1152   !   4       sun.nio.cs.StreamDecoder::read0 (59 bytes)
C2 CompilerThread7     1095 1169       4       sun.nio.cs.StreamDecoder::lockedRead0 (95 bytes)

VM state: not at safepoint (normal execution)

VM Mutex/Monitor currently owned by a thread: None

Heap address: 0x0000000705e00000, size: 4002 MB, Compressed Oops mode: Zero based, Oop shift amount: 3

CDS archive(s) mapped at: [0x0000000800000000-0x0000000800c40000-0x0000000800c40000), size 12845056, SharedBaseAddress: 0x0000000800000000, ArchiveRelocationMode: 0.
Compressed class space mapped at: 0x0000000801000000-0x0000000841000000, reserved size: 1073741824
Narrow klass base: 0x0000000800000000, Narrow klass shift: 0, Narrow klass range: 0x100000000

GC Precious Log:
 CardTable entry size: 512
 Card Set container configuration: InlinePtr #cards 4 size 8 Array Of Cards #cards 16 size 48 Howl #buckets 8 coarsen threshold 3686 Howl Bitmap #cards 512 size 80 coarsen threshold 460 Card regions per heap region 1 cards per card region 4096
 CPUs: 16 total, 16 available
 Memory: 16005M
 Large Page Support: Disabled
 NUMA Support: Disabled
 Compressed Oops: Enabled (Zero based)
 Heap Region Size: 2M
 Heap Min Capacity: 8M
 Heap Initial Capacity: 252M
 Heap Max Capacity: 4002M
 Pre-touch: Disabled
 Parallel Workers: 13
 Concurrent Workers: 3
 Concurrent Refinement Workers: 13
 Periodic GC: Disabled

Heap:
 garbage-first heap   total 258048K, used 5690K [0x0000000705e00000, 0x0000000800000000)
  region size 2048K, 4 young (8192K), 2 survivors (4096K)
 Metaspace       used 5356K, committed 5504K, reserved 1114112K
  class space    used 586K, committed 640K, reserved 1048576K

Heap Regions: E=young(eden), S=young(survivor), O=old, HS=humongous(starts), HC=humongous(continues), CS=collection set, F=free, OA=open archive, CA=closed archive, TAMS=top-at-mark-start (previous, next)
|   0|0x0000000705e00000, 0x0000000705e00000, 0x0000000706000000|  0%| F|  |TAMS 0x0000000705e00000, 0x0000000705e00000| Untracked 
|   1|0x0000000706000000, 0x0000000706000000, 0x0000000706200000|  0%| F|  |TAMS 0x0000000706000000, 0x0000000706000000| Untracked 
|   2|0x0000000706200000, 0x0000000706200000, 0x0000000706400000|  0%| F|  |TAMS 0x0000000706200000, 0x0000000706200000| Untracked 
|   3|0x0000000706400000, 0x0000000706400000, 0x0000000706600000|  0%| F|  |TAMS 0x0000000706400000, 0x0000000706400000| Untracked 
|   4|0x0000000706600000, 0x0000000706600000, 0x0000000706800000|  0%| F|  |TAMS 0x0000000706600000, 0x0000000706600000| Untracked 
|   5|0x0000000706800000, 0x0000000706800000, 0x0000000706a00000|  0%| F|  |TAMS 0x0000000706800000, 0x0000000706800000| Untracked 
|   6|0x0000000706a00000, 0x0000000706a00000, 0x0000000706c00000|  0%| F|  |TAMS 0x0000000706a00000, 0x0000000706a00000| Untracked 
|   7|0x0000000706c00000, 0x0000000706c00000, 0x0000000706e00000|  0%| F|  |TAMS 0x0000000706c00000, 0x0000000706c00000| Untracked 
|   8|0x0000000706e00000, 0x0000000706e00000, 0x0000000707000000|  0%| F|  |TAMS 0x0000000706e00000, 0x0000000706e00000| Untracked 
|   9|0x0000000707000000, 0x0000000707000000, 0x0000000707200000|  0%| F|  |TAMS 0x0000000707000000, 0x0000000707000000| Untracked 
|  10|0x0000000707200000, 0x0000000707200000, 0x0000000707400000|  0%| F|  |TAMS 0x0000000707200000, 0x0000000707200000| Untracked 
|  11|0x0000000707400000, 0x0000000707400000, 0x0000000707600000|  0%| F|  |TAMS 0x0000000707400000, 0x0000000707400000| Untracked 
|  12|0x0000000707600000, 0x0000000707600000, 0x0000000707800000|  0%| F|  |TAMS 0x0000000707600000, 0x0000000707600000| Untracked 
|  13|0x0000000707800000, 0x0000000707800000, 0x0000000707a00000|  0%| F|  |TAMS 0x0000000707800000, 0x0000000707800000| Untracked 
|  14|0x0000000707a00000, 0x0000000707a00000, 0x0000000707c00000|  0%| F|  |TAMS 0x0000000707a00000, 0x0000000707a00000| Untracked 
|  15|0x0000000707c00000, 0x0000000707c00000, 0x0000000707e00000|  0%| F|  |TAMS 0x0000000707c00000, 0x0000000707c00000| Untracked 
|  16|0x0000000707e00000, 0x0000000707e00000, 0x0000000708000000|  0%| F|  |TAMS 0x0000000707e00000, 0x0000000707e00000| Untracked 
|  17|0x0000000708000000, 0x0000000708000000, 0x0000000708200000|  0%| F|  |TAMS 0x0000000708000000, 0x0000000708000000| Untracked 
|  18|0x0000000708200000, 0x0000000708200000, 0x0000000708400000|  0%| F|  |TAMS 0x0000000708200000, 0x0000000708200000| Untracked 
|  19|0x0000000708400000, 0x0000000708400000, 0x0000000708600000|  0%| F|  |TAMS 0x0000000708400000, 0x0000000708400000| Untracked 
|  20|0x0000000708600000, 0x0000000708600000, 0x0000000708800000|  0%| F|  |TAMS 0x0000000708600000, 0x0000000708600000| Untracked 
|  21|0x0000000708800000, 0x0000000708800000, 0x0000000708a00000|  0%| F|  |TAMS 0x0000000708800000, 0x0000000708800000| Untracked 
|  22|0x0000000708a00000, 0x0000000708a00000, 0x0000000708c00000|  0%| F|  |TAMS 0x0000000708a00000, 0x0000000708a00000| Untracked 
|  23|0x0000000708c00000, 0x0000000708c00000, 0x0000000708e00000|  0%| F|  |TAMS 0x0000000708c00000, 0x0000000708c00000| Untracked 
|  24|0x0000000708e00000, 0x0000000708e00000, 0x0000000709000000|  0%| F|  |TAMS 0x0000000708e00000, 0x0000000708e00000| Untracked 
|  25|0x0000000709000000, 0x0000000709000000, 0x0000000709200000|  0%| F|  |TAMS 0x0000000709000000, 0x0000000709000000| Untracked 
|  26|0x0000000709200000, 0x0000000709200000, 0x0000000709400000|  0%| F|  |TAMS 0x0000000709200000, 0x0000000709200000| Untracked 
|  27|0x0000000709400000, 0x0000000709400000, 0x0000000709600000|  0%| F|  |TAMS 0x0000000709400000, 0x0000000709400000| Untracked 
|  28|0x0000000709600000, 0x0000000709600000, 0x0000000709800000|  0%| F|  |TAMS 0x0000000709600000, 0x0000000709600000| Untracked 
|  29|0x0000000709800000, 0x0000000709800000, 0x0000000709a00000|  0%| F|  |TAMS 0x0000000709800000, 0x0000000709800000| Untracked 
|  30|0x0000000709a00000, 0x0000000709a00000, 0x0000000709c00000|  0%| F|  |TAMS 0x0000000709a00000, 0x0000000709a00000| Untracked 
|  31|0x0000000709c00000, 0x0000000709c00000, 0x0000000709e00000|  0%| F|  |TAMS 0x0000000709c00000, 0x0000000709c00000| Untracked 
|  32|0x0000000709e00000, 0x0000000709e00000, 0x000000070a000000|  0%| F|  |TAMS 0x0000000709e00000, 0x0000000709e00000| Untracked 
|  33|0x000000070a000000, 0x000000070a000000, 0x000000070a200000|  0%| F|  |TAMS 0x000000070a000000, 0x000000070a000000| Untracked 
|  34|0x000000070a200000, 0x000000070a200000, 0x000000070a400000|  0%| F|  |TAMS 0x000000070a200000, 0x000000070a200000| Untracked 
|  35|0x000000070a400000, 0x000000070a400000, 0x000000070a600000|  0%| F|  |TAMS 0x000000070a400000, 0x000000070a400000| Untracked 
|  36|0x000000070a600000, 0x000000070a600000, 0x000000070a800000|  0%| F|  |TAMS 0x000000070a600000, 0x000000070a600000| Untracked 
|  37|0x000000070a800000, 0x000000070a800000, 0x000000070aa00000|  0%| F|  |TAMS 0x000000070a800000, 0x000000070a800000| Untracked 
|  38|0x000000070aa00000, 0x000000070aa00000, 0x000000070ac00000|  0%| F|  |TAMS 0x000000070aa00000, 0x000000070aa00000| Untracked 
|  39|0x000000070ac00000, 0x000000070ac00000, 0x000000070ae00000|  0%| F|  |TAMS 0x000000070ac00000, 0x000000070ac00000| Untracked 
|  40|0x000000070ae00000, 0x000000070ae00000, 0x000000070b000000|  0%| F|  |TAMS 0x000000070ae00000, 0x000000070ae00000| Untracked 
|  41|0x000000070b000000, 0x000000070b000000, 0x000000070b200000|  0%| F|  |TAMS 0x000000070b000000, 0x000000070b000000| Untracked 
|  42|0x000000070b200000, 0x000000070b200000, 0x000000070b400000|  0%| F|  |TAMS 0x000000070b200000, 0x000000070b200000| Untracked 
|  43|0x000000070b400000, 0x000000070b400000, 0x000000070b600000|  0%| F|  |TAMS 0x000000070b400000, 0x000000070b400000| Untracked 
|  44|0x000000070b600000, 0x000000070b600000, 0x000000070b800000|  0%| F|  |TAMS 0x000000070b600000, 0x000000070b600000| Untracked 
|  45|0x000000070b800000, 0x000000070b800000, 0x000000070ba00000|  0%| F|  |TAMS 0x000000070b800000, 0x000000070b800000| Untracked 
|  46|0x000000070ba00000, 0x000000070ba00000, 0x000000070bc00000|  0%| F|  |TAMS 0x000000070ba00000, 0x000000070ba00000| Untracked 
|  47|0x000000070bc00000, 0x000000070bc00000, 0x000000070be00000|  0%| F|  |TAMS 0x000000070bc00000, 0x000000070bc00000| Untracked 
|  48|0x000000070be00000, 0x000000070be00000, 0x000000070c000000|  0%| F|  |TAMS 0x000000070be00000, 0x000000070be00000| Untracked 
|  49|0x000000070c000000, 0x000000070c000000, 0x000000070c200000|  0%| F|  |TAMS 0x000000070c000000, 0x000000070c000000| Untracked 
|  50|0x000000070c200000, 0x000000070c200000, 0x000000070c400000|  0%| F|  |TAMS 0x000000070c200000, 0x000000070c200000| Untracked 
|  51|0x000000070c400000, 0x000000070c400000, 0x000000070c600000|  0%| F|  |TAMS 0x000000070c400000, 0x000000070c400000| Untracked 
|  52|0x000000070c600000, 0x000000070c600000, 0x000000070c800000|  0%| F|  |TAMS 0x000000070c600000, 0x000000070c600000| Untracked 
|  53|0x000000070c800000, 0x000000070c800000, 0x000000070ca00000|  0%| F|  |TAMS 0x000000070c800000, 0x000000070c800000| Untracked 
|  54|0x000000070ca00000, 0x000000070ca00000, 0x000000070cc00000|  0%| F|  |TAMS 0x000000070ca00000, 0x000000070ca00000| Untracked 
|  55|0x000000070cc00000, 0x000000070cc00000, 0x000000070ce00000|  0%| F|  |TAMS 0x000000070cc00000, 0x000000070cc00000| Untracked 
|  56|0x000000070ce00000, 0x000000070ce00000, 0x000000070d000000|  0%| F|  |TAMS 0x000000070ce00000, 0x000000070ce00000| Untracked 
|  57|0x000000070d000000, 0x000000070d000000, 0x000000070d200000|  0%| F|  |TAMS 0x000000070d000000, 0x000000070d000000| Untracked 
|  58|0x000000070d200000, 0x000000070d200000, 0x000000070d400000|  0%| F|  |TAMS 0x000000070d200000, 0x000000070d200000| Untracked 
|  59|0x000000070d400000, 0x000000070d400000, 0x000000070d600000|  0%| F|  |TAMS 0x000000070d400000, 0x000000070d400000| Untracked 
|  60|0x000000070d600000, 0x000000070d600000, 0x000000070d800000|  0%| F|  |TAMS 0x000000070d600000, 0x000000070d600000| Untracked 
|  61|0x000000070d800000, 0x000000070d800000, 0x000000070da00000|  0%| F|  |TAMS 0x000000070d800000, 0x000000070d800000| Untracked 
|  62|0x000000070da00000, 0x000000070da00000, 0x000000070dc00000|  0%| F|  |TAMS 0x000000070da00000, 0x000000070da00000| Untracked 
|  63|0x000000070dc00000, 0x000000070dc00000, 0x000000070de00000|  0%| F|  |TAMS 0x000000070dc00000, 0x000000070dc00000| Untracked 
|  64|0x000000070de00000, 0x000000070de00000, 0x000000070e000000|  0%| F|  |TAMS 0x000000070de00000, 0x000000070de00000| Untracked 
|  65|0x000000070e000000, 0x000000070e000000, 0x000000070e200000|  0%| F|  |TAMS 0x000000070e000000, 0x000000070e000000| Untracked 
|  66|0x000000070e200000, 0x000000070e200000, 0x000000070e400000|  0%| F|  |TAMS 0x000000070e200000, 0x000000070e200000| Untracked 
|  67|0x000000070e400000, 0x000000070e400000, 0x000000070e600000|  0%| F|  |TAMS 0x000000070e400000, 0x000000070e400000| Untracked 
|  68|0x000000070e600000, 0x000000070e600000, 0x000000070e800000|  0%| F|  |TAMS 0x000000070e600000, 0x000000070e600000| Untracked 
|  69|0x000000070e800000, 0x000000070e800000, 0x000000070ea00000|  0%| F|  |TAMS 0x000000070e800000, 0x000000070e800000| Untracked 
|  70|0x000000070ea00000, 0x000000070ea00000, 0x000000070ec00000|  0%| F|  |TAMS 0x000000070ea00000, 0x000000070ea00000| Untracked 
|  71|0x000000070ec00000, 0x000000070ec00000, 0x000000070ee00000|  0%| F|  |TAMS 0x000000070ec00000, 0x000000070ec00000| Untracked 
|  72|0x000000070ee00000, 0x000000070ee00000, 0x000000070f000000|  0%| F|  |TAMS 0x000000070ee00000, 0x000000070ee00000| Untracked 
|  73|0x000000070f000000, 0x000000070f000000, 0x000000070f200000|  0%| F|  |TAMS 0x000000070f000000, 0x000000070f000000| Untracked 
|  74|0x000000070f200000, 0x000000070f200000, 0x000000070f400000|  0%| F|  |TAMS 0x000000070f200000, 0x000000070f200000| Untracked 
|  75|0x000000070f400000, 0x000000070f400000, 0x000000070f600000|  0%| F|  |TAMS 0x000000070f400000, 0x000000070f400000| Untracked 
|  76|0x000000070f600000, 0x000000070f600000, 0x000000070f800000|  0%| F|  |TAMS 0x000000070f600000, 0x000000070f600000| Untracked 
|  77|0x000000070f800000, 0x000000070f800000, 0x000000070fa00000|  0%| F|  |TAMS 0x000000070f800000, 0x000000070f800000| Untracked 
|  78|0x000000070fa00000, 0x000000070fa00000, 0x000000070fc00000|  0%| F|  |TAMS 0x000000070fa00000, 0x000000070fa00000| Untracked 
|  79|0x000000070fc00000, 0x000000070fc00000, 0x000000070fe00000|  0%| F|  |TAMS 0x000000070fc00000, 0x000000070fc00000| Untracked 
|  80|0x000000070fe00000, 0x000000070fe00000, 0x0000000710000000|  0%| F|  |TAMS 0x000000070fe00000, 0x000000070fe00000| Untracked 
|  81|0x0000000710000000, 0x0000000710000000, 0x0000000710200000|  0%| F|  |TAMS 0x0000000710000000, 0x0000000710000000| Untracked 
|  82|0x0000000710200000, 0x0000000710200000, 0x0000000710400000|  0%| F|  |TAMS 0x0000000710200000, 0x0000000710200000| Untracked 
|  83|0x0000000710400000, 0x0000000710400000, 0x0000000710600000|  0%| F|  |TAMS 0x0000000710400000, 0x0000000710400000| Untracked 
|  84|0x0000000710600000, 0x0000000710600000, 0x0000000710800000|  0%| F|  |TAMS 0x0000000710600000, 0x0000000710600000| Untracked 
|  85|0x0000000710800000, 0x0000000710800000, 0x0000000710a00000|  0%| F|  |TAMS 0x0000000710800000, 0x0000000710800000| Untracked 
|  86|0x0000000710a00000, 0x0000000710a00000, 0x0000000710c00000|  0%| F|  |TAMS 0x0000000710a00000, 0x0000000710a00000| Untracked 
|  87|0x0000000710c00000, 0x0000000710c00000, 0x0000000710e00000|  0%| F|  |TAMS 0x0000000710c00000, 0x0000000710c00000| Untracked 
|  88|0x0000000710e00000, 0x0000000710e00000, 0x0000000711000000|  0%| F|  |TAMS 0x0000000710e00000, 0x0000000710e00000| Untracked 
|  89|0x0000000711000000, 0x0000000711000000, 0x0000000711200000|  0%| F|  |TAMS 0x0000000711000000, 0x0000000711000000| Untracked 
|  90|0x0000000711200000, 0x0000000711200000, 0x0000000711400000|  0%| F|  |TAMS 0x0000000711200000, 0x0000000711200000| Untracked 
|  91|0x0000000711400000, 0x0000000711400000, 0x0000000711600000|  0%| F|  |TAMS 0x0000000711400000, 0x0000000711400000| Untracked 
|  92|0x0000000711600000, 0x0000000711600000, 0x0000000711800000|  0%| F|  |TAMS 0x0000000711600000, 0x0000000711600000| Untracked 
|  93|0x0000000711800000, 0x0000000711800000, 0x0000000711a00000|  0%| F|  |TAMS 0x0000000711800000, 0x0000000711800000| Untracked 
|  94|0x0000000711a00000, 0x0000000711a00000, 0x0000000711c00000|  0%| F|  |TAMS 0x0000000711a00000, 0x0000000711a00000| Untracked 
|  95|0x0000000711c00000, 0x0000000711c00000, 0x0000000711e00000|  0%| F|  |TAMS 0x0000000711c00000, 0x0000000711c00000| Untracked 
|  96|0x0000000711e00000, 0x0000000711e00000, 0x0000000712000000|  0%| F|  |TAMS 0x0000000711e00000, 0x0000000711e00000| Untracked 
|  97|0x0000000712000000, 0x0000000712000000, 0x0000000712200000|  0%| F|  |TAMS 0x0000000712000000, 0x0000000712000000| Untracked 
|  98|0x0000000712200000, 0x0000000712200000, 0x0000000712400000|  0%| F|  |TAMS 0x0000000712200000, 0x0000000712200000| Untracked 
|  99|0x0000000712400000, 0x0000000712400000, 0x0000000712600000|  0%| F|  |TAMS 0x0000000712400000, 0x0000000712400000| Untracked 
| 100|0x0000000712600000, 0x0000000712600000, 0x0000000712800000|  0%| F|  |TAMS 0x0000000712600000, 0x0000000712600000| Untracked 
| 101|0x0000000712800000, 0x0000000712800000, 0x0000000712a00000|  0%| F|  |TAMS 0x0000000712800000, 0x0000000712800000| Untracked 
| 102|0x0000000712a00000, 0x0000000712a00000, 0x0000000712c00000|  0%| F|  |TAMS 0x0000000712a00000, 0x0000000712a00000| Untracked 
| 103|0x0000000712c00000, 0x0000000712c00000, 0x0000000712e00000|  0%| F|  |TAMS 0x0000000712c00000, 0x0000000712c00000| Untracked 
| 104|0x0000000712e00000, 0x0000000712e00000, 0x0000000713000000|  0%| F|  |TAMS 0x0000000712e00000, 0x0000000712e00000| Untracked 
| 105|0x0000000713000000, 0x0000000713000000, 0x0000000713200000|  0%| F|  |TAMS 0x0000000713000000, 0x0000000713000000| Untracked 
| 106|0x0000000713200000, 0x0000000713200000, 0x0000000713400000|  0%| F|  |TAMS 0x0000000713200000, 0x0000000713200000| Untracked 
| 107|0x0000000713400000, 0x0000000713400000, 0x0000000713600000|  0%| F|  |TAMS 0x0000000713400000, 0x0000000713400000| Untracked 
| 108|0x0000000713600000, 0x0000000713600000, 0x0000000713800000|  0%| F|  |TAMS 0x0000000713600000, 0x0000000713600000| Untracked 
| 109|0x0000000713800000, 0x0000000713800000, 0x0000000713a00000|  0%| F|  |TAMS 0x0000000713800000, 0x0000000713800000| Untracked 
| 110|0x0000000713a00000, 0x0000000713a00000, 0x0000000713c00000|  0%| F|  |TAMS 0x0000000713a00000, 0x0000000713a00000| Untracked 
| 111|0x0000000713c00000, 0x0000000713c00000, 0x0000000713e00000|  0%| F|  |TAMS 0x0000000713c00000, 0x0000000713c00000| Untracked 
| 112|0x0000000713e00000, 0x0000000713e00000, 0x0000000714000000|  0%| F|  |TAMS 0x0000000713e00000, 0x0000000713e00000| Untracked 
| 113|0x0000000714000000, 0x000000071418ea30, 0x0000000714200000| 77%| S|CS|TAMS 0x0000000714000000, 0x0000000714000000| Complete 
| 114|0x0000000714200000, 0x0000000714400000, 0x0000000714400000|100%| S|CS|TAMS 0x0000000714200000, 0x0000000714200000| Complete 
| 115|0x0000000714400000, 0x0000000714400000, 0x0000000714600000|  0%| F|  |TAMS 0x0000000714400000, 0x0000000714400000| Untracked 
| 116|0x0000000714600000, 0x0000000714600000, 0x0000000714800000|  0%| F|  |TAMS 0x0000000714600000, 0x0000000714600000| Untracked 
| 117|0x0000000714800000, 0x0000000714800000, 0x0000000714a00000|  0%| F|  |TAMS 0x0000000714800000, 0x0000000714800000| Untracked 
| 118|0x0000000714a00000, 0x0000000714a00000, 0x0000000714c00000|  0%| F|  |TAMS 0x0000000714a00000, 0x0000000714a00000| Untracked 
| 119|0x0000000714c00000, 0x0000000714c00000, 0x0000000714e00000|  0%| F|  |TAMS 0x0000000714c00000, 0x0000000714c00000| Untracked 
| 120|0x0000000714e00000, 0x0000000714e00000, 0x0000000715000000|  0%| F|  |TAMS 0x0000000714e00000, 0x0000000714e00000| Untracked 
| 121|0x0000000715000000, 0x0000000715000000, 0x0000000715200000|  0%| F|  |TAMS 0x0000000715000000, 0x0000000715000000| Untracked 
| 122|0x0000000715200000, 0x0000000715200000, 0x0000000715400000|  0%| F|  |TAMS 0x0000000715200000, 0x0000000715200000| Untracked 
| 123|0x0000000715400000, 0x0000000715400000, 0x0000000715600000|  0%| F|  |TAMS 0x0000000715400000, 0x0000000715400000| Untracked 
| 124|0x0000000715600000, 0x0000000715702fe8, 0x0000000715800000| 50%| E|  |TAMS 0x0000000715600000, 0x0000000715600000| Complete 
| 125|0x0000000715800000, 0x0000000715a00000, 0x0000000715a00000|100%| E|CS|TAMS 0x0000000715800000, 0x0000000715800000| Complete 

Card table byte_map: [0x0000029caaf60000,0x0000029cab740000] _byte_map_base: 0x0000029ca7731000

Marking Bits (Prev, Next): (CMBitMap*) 0x0000029c93013280, (CMBitMap*) 0x0000029c930132c0
 Prev Bits: [0x0000029cabf20000, 0x0000029cafda8000)
 Next Bits: [0x0000029cafdb0000, 0x0000029cb3c38000)

Polling page: 0x0000029c90f30000

Metaspace:

Usage:
  Non-class:      4.66 MB used.
      Class:    587.59 KB used.
       Both:      5.24 MB used.

Virtual space:
  Non-class space:       64.00 MB reserved,       4.75 MB (  7%) committed,  1 nodes.
      Class space:        1.00 GB reserved,     640.00 KB ( <1%) committed,  1 nodes.
             Both:        1.06 GB reserved,       5.38 MB ( <1%) committed. 

Chunk freelists:
   Non-Class:  1.38 MB
       Class:  3.33 MB
        Both:  4.70 MB

MaxMetaspaceSize: unlimited
CompressedClassSpaceSize: 1.00 GB
Initial GC threshold: 21.00 MB
Current GC threshold: 21.00 MB
CDS: on
MetaspaceReclaimPolicy: balanced
 - commit_granule_bytes: 65536.
 - commit_granule_words: 8192.
 - virtual_space_node_default_size: 8388608.
 - enlarge_chunks_in_place: 1.
 - new_chunks_are_fully_committed: 0.
 - uncommit_free_chunks: 1.
 - use_allocation_guard: 0.


Internal statistics:

num_allocs_failed_limit: 0.
num_arena_births: 46.
num_arena_deaths: 0.
num_vsnodes_births: 2.
num_vsnodes_deaths: 0.
num_space_committed: 86.
num_space_uncommitted: 0.
num_chunks_returned_to_freelist: 0.
num_chunks_taken_from_freelist: 178.
num_chunk_merges: 0.
num_chunk_splits: 125.
num_chunks_enlarged: 105.
num_inconsistent_stats: 0.

CodeHeap 'non-profiled nmethods': size=119168Kb used=389Kb max_used=389Kb free=118778Kb
 bounds [0x0000029ca2aa0000, 0x0000029ca2d10000, 0x0000029ca9f00000]
CodeHeap 'profiled nmethods': size=119104Kb used=2261Kb max_used=2261Kb free=116842Kb
 bounds [0x0000029c9af00000, 0x0000029c9b170000, 0x0000029ca2350000]
CodeHeap 'non-nmethods': size=7488Kb used=2939Kb max_used=2986Kb free=4548Kb
 bounds [0x0000029ca2350000, 0x0000029ca2640000, 0x0000029ca2aa0000]
 total_blobs=1637 nmethods=1175 adapters=370
 compilation: enabled
              stopped_count=0, restarted_count=0
 full_count=0

Compilation events (20 events):
Event: 1.013 Thread 0x0000029cbb00a4e0 1177       3       java.lang.AbstractStringBuilder::charAt (36 bytes)
Event: 1.014 Thread 0x0000029cbb00b000 nmethod 1176 0x0000029c9b12f410 code [0x0000029c9b12f5c0, 0x0000029c9b12f708]
Event: 1.014 Thread 0x0000029cbb00a4e0 nmethod 1177 0x0000029c9b12f790 code [0x0000029c9b12f960, 0x0000029c9b12fc98]
Event: 1.021 Thread 0x0000029cbb00aa70 nmethod 1175 0x0000029c9b12fe10 code [0x0000029c9b130340, 0x0000029c9b133388]
Event: 1.022 Thread 0x0000029cbb00b000 1178       3       sun.nio.cs.StreamDecoder::implRead (243 bytes)
Event: 1.034 Thread 0x0000029cbb00b000 nmethod 1178 0x0000029c9b134010 code [0x0000029c9b1342c0, 0x0000029c9b1350f8]
Event: 1.039 Thread 0x0000029cbb00d160 

Event: 1.041 Thread 0x0000029cbb00d160 1184       4       sun.nio.cs.StreamDecoder::implRead (243 bytes)
Event: 1.042 Thread 0x0000029cbb00b000 1185       1       org.codehaus.plexus.util.xml.pull.MXParser::getDepth (5 bytes)
Event: 1.042 Thread 0x0000029cbb00b000 nmethod 1185 0x0000029ca2afb410 code [0x0000029ca2afb5a0, 0x0000029ca2afb658]
Event: 1.042 Thread 0x0000029cb644e4f0 

Event: 1.043 Thread 0x0000029cb644e4f0 1180       4       java.util.concurrent.locks.AbstractQueuedSynchronizer::signalNext (34 bytes)
Event: 1.044 Thread 0x0000029cb644e4f0 nmethod 1180 0x0000029ca2afb710 code [0x0000029ca2afb8a0, 0x0000029ca2afb978]
Event: 1.044 Thread 0x0000029cb644e4f0 1182       4       org.codehaus.plexus.util.xml.pull.MXParser::nextImpl (1202 bytes)
Event: 1.056 Thread 0x0000029cbb00d160 nmethod 1184 0x0000029ca2afba90 code [0x0000029ca2afbd40, 0x0000029ca2afc818]
Event: 1.056 Thread 0x0000029cbb00d160 1183       4       sun.nio.cs.StreamDecoder::lockedRead (189 bytes)
Event: 1.061 Thread 0x0000029cbb00c0b0 

Event: 1.062 Thread 0x0000029cbb00c0b0 1186   !   4       sun.nio.cs.StreamDecoder::read (78 bytes)
Event: 1.063 Thread 0x0000029cb644e4f0 nmethod 1182 0x0000029ca2afd410 code [0x0000029ca2afd660, 0x0000029ca2afe1c8]
Event: 1.064 Thread 0x0000029cb644e4f0 1187       4       java.io.InputStreamReader::read (11 bytes)

GC Heap History (2 events):
Event: 1.015 GC heap before
{Heap before GC invocations=0 (full 0):
 garbage-first heap   total 258048K, used 22528K [0x0000000705e00000, 0x0000000800000000)
  region size 2048K, 11 young (22528K), 0 survivors (0K)
 Metaspace       used 5294K, committed 5440K, reserved 1114112K
  class space    used 576K, committed 640K, reserved 1048576K
}
Event: 1.021 GC heap after
{Heap after GC invocations=1 (full 0):
 garbage-first heap   total 258048K, used 3642K [0x0000000705e00000, 0x0000000800000000)
  region size 2048K, 2 young (4096K), 2 survivors (4096K)
 Metaspace       used 5294K, committed 5440K, reserved 1114112K
  class space    used 576K, committed 640K, reserved 1048576K
}

Dll operation events (12 events):
Event: 0.007 Loaded shared library C:\Program Files\Java\jdk-19\bin\java.dll
Event: 0.015 Loaded shared library C:\Program Files\Java\jdk-19\bin\jsvml.dll
Event: 0.050 Loaded shared library C:\Program Files\Java\jdk-19\bin\zip.dll
Event: 0.066 Loaded shared library C:\Program Files\Java\jdk-19\bin\instrument.dll
Event: 0.070 Loaded shared library C:\Program Files\Java\jdk-19\bin\net.dll
Event: 0.071 Loaded shared library C:\Program Files\Java\jdk-19\bin\nio.dll
Event: 0.074 Loaded shared library C:\Program Files\Java\jdk-19\bin\zip.dll
Event: 0.132 Loaded shared library C:\Program Files\JetBrains\IntelliJ IDEA 2022.1.2\bin\breakgen64.dll
Event: 0.140 Loaded shared library C:\Program Files\Java\jdk-19\bin\extnet.dll
Event: 0.312 Loaded shared library C:\Program Files\Java\jdk-19\bin\jimage.dll
Event: 0.534 Loaded shared library C:\Users\99293\AppData\Local\Temp\jansi-2.4.0-d53923f7e3958cc3-jansi.dll
Event: 0.561 Loaded shared library C:\Program Files\Java\jdk-19\bin\verify.dll

Deoptimization events (20 events):
Event: 0.954 Thread 0x0000029c92fa0280 DEOPT PACKING pc=0x0000029ca2ada46c sp=0x000000dea00fdd80
Event: 0.954 Thread 0x0000029c92fa0280 DEOPT UNPACKING pc=0x0000029ca23b6da3 sp=0x000000dea00fdd38 mode 2
Event: 0.954 Thread 0x0000029c92fa0280 Uncommon trap: trap_request=0xffffff45 fr.pc=0x0000029ca2acf450 relative=0x00000000000000b0
Event: 0.954 Thread 0x0000029c92fa0280 Uncommon trap: reason=unstable_if action=reinterpret pc=0x0000029ca2acf450 method=org.codehaus.plexus.util.xml.pull.MXParser.more()C @ 8 c2
Event: 0.954 Thread 0x0000029c92fa0280 DEOPT PACKING pc=0x0000029ca2acf450 sp=0x000000dea00fe200
Event: 0.954 Thread 0x0000029c92fa0280 DEOPT UNPACKING pc=0x0000029ca23b6da3 sp=0x000000dea00fe190 mode 2
Event: 0.989 Thread 0x0000029c92fa0280 Uncommon trap: trap_request=0xffffff45 fr.pc=0x0000029ca2af63c4 relative=0x00000000000004a4
Event: 0.989 Thread 0x0000029c92fa0280 Uncommon trap: reason=unstable_if action=reinterpret pc=0x0000029ca2af63c4 method=sun.nio.cs.StreamDecoder.implRead([CII)I @ 197 c2
Event: 0.989 Thread 0x0000029c92fa0280 DEOPT PACKING pc=0x0000029ca2af63c4 sp=0x000000dea00fd7c0
Event: 0.989 Thread 0x0000029c92fa0280 DEOPT UNPACKING pc=0x0000029ca23b6da3 sp=0x000000dea00fd760 mode 2
Event: 1.012 Thread 0x0000029c92fa0280 DEOPT PACKING pc=0x0000029c9af72fde sp=0x000000dea00fded0
Event: 1.013 Thread 0x0000029c92fa0280 DEOPT UNPACKING pc=0x0000029ca23b7543 sp=0x000000dea00fd3a8 mode 0
Event: 1.013 Thread 0x0000029c92fa0280 Uncommon trap: trap_request=0xffffffde fr.pc=0x0000029ca2add2f0 relative=0x0000000000000670
Event: 1.013 Thread 0x0000029c92fa0280 Uncommon trap: reason=class_check action=maybe_recompile pc=0x0000029ca2add2f0 method=java.util.regex.Matcher.search(I)Z @ 121 c2
Event: 1.013 Thread 0x0000029c92fa0280 DEOPT PACKING pc=0x0000029ca2add2f0 sp=0x000000dea00fdfc0
Event: 1.013 Thread 0x0000029c92fa0280 DEOPT UNPACKING pc=0x0000029ca23b6da3 sp=0x000000dea00fdf90 mode 2
Event: 1.014 Thread 0x0000029c92fa0280 Uncommon trap: trap_request=0xffffffde fr.pc=0x0000029ca2af84c8 relative=0x00000000000001a8
Event: 1.014 Thread 0x0000029c92fa0280 Uncommon trap: reason=class_check action=maybe_recompile pc=0x0000029ca2af84c8 method=java.nio.Buffer.<init>(IIIILjava/lang/foreign/MemorySegment;)V @ 39 c2
Event: 1.014 Thread 0x0000029c92fa0280 DEOPT PACKING pc=0x0000029ca2af84c8 sp=0x000000dea00fdcd0
Event: 1.014 Thread 0x0000029c92fa0280 DEOPT UNPACKING pc=0x0000029ca23b6da3 sp=0x000000dea00fdca8 mode 2

Classes loaded (20 events):
Event: 0.934 Loading class java/lang/reflect/TypeVariable
Event: 0.934 Loading class java/lang/reflect/TypeVariable done
Event: 0.934 Loading class sun/reflect/generics/tree/FormalTypeParameter
Event: 0.934 Loading class sun/reflect/generics/tree/FormalTypeParameter done
Event: 0.934 Loading class sun/reflect/generics/tree/ClassSignature
Event: 0.934 Loading class sun/reflect/generics/tree/Signature
Event: 0.934 Loading class sun/reflect/generics/tree/Signature done
Event: 0.934 Loading class sun/reflect/generics/tree/ClassSignature done
Event: 0.934 Loading class java/lang/reflect/WildcardType
Event: 0.934 Loading class java/lang/reflect/WildcardType done
Event: 0.936 Loading class sun/reflect/generics/tree/TypeVariableSignature
Event: 0.936 Loading class sun/reflect/generics/tree/TypeVariableSignature done
Event: 0.948 Loading class java/lang/annotation/IncompleteAnnotationException
Event: 0.948 Loading class java/lang/annotation/IncompleteAnnotationException done
Event: 0.976 Loading class java/lang/foreign/MemorySegment
Event: 0.976 Loading class java/lang/foreign/Addressable
Event: 0.976 Loading class java/lang/foreign/Addressable done
Event: 0.976 Loading class java/lang/foreign/MemorySegment done
Event: 1.022 Loading class java/util/concurrent/locks/AbstractQueuedSynchronizer$ExclusiveNode
Event: 1.022 Loading class java/util/concurrent/locks/AbstractQueuedSynchronizer$ExclusiveNode done

Classes unloaded (0 events):
No events

Classes redefined (0 events):
No events

Internal exceptions (14 events):
Event: 0.079 Thread 0x0000029c92fa0280 Exception <a 'java/lang/NoSuchMethodError'{0x00000007156ca8e0}: 'void java.lang.invoke.DirectMethodHandle$Holder.invokeStatic(java.lang.Object, java.lang.Object, java.lang.Object)'> (0x00000007156ca8e0) 
thrown [s\open\src\hotspot\share\interpreter\linkResolver.cpp, line 774]
Event: 0.083 Thread 0x0000029c92fa0280 Exception <a 'java/lang/NoSuchMethodError'{0x0000000715753b90}: 'java.lang.Object java.lang.invoke.Invokers$Holder.invokeExact_MT(java.lang.Object, java.lang.Object, java.lang.Object, java.lang.Object, java.lang.Object)'> (0x0000000715753b90) 
thrown [s\open\src\hotspot\share\interpreter\linkResolver.cpp, line 774]
Event: 0.141 Thread 0x0000029cbb1dd920 Exception <a 'java/lang/NoSuchMethodError'{0x00000007157ca968}: 'void java.lang.invoke.DirectMethodHandle$Holder.invokeStatic(java.lang.Object, java.lang.Object)'> (0x00000007157ca968) 
thrown [s\open\src\hotspot\share\interpreter\linkResolver.cpp, line 774]
Event: 0.286 Thread 0x0000029c92fa0280 Exception <a 'java/lang/NullPointerException'{0x00000007152722c8}> (0x00000007152722c8) 
thrown [s\open\src\hotspot\share\interpreter\linkResolver.cpp, line 1374]
Event: 0.539 Thread 0x0000029c92fa0280 Exception <a 'java/lang/NullPointerException'{0x000000071505f0c0}> (0x000000071505f0c0) 
thrown [s\open\src\hotspot\share\interpreter\linkResolver.cpp, line 1374]
Event: 0.539 Thread 0x0000029c92fa0280 Exception <a 'java/lang/NullPointerException'{0x000000071505f3a0}> (0x000000071505f3a0) 
thrown [s\open\src\hotspot\share\interpreter\linkResolver.cpp, line 1374]
Event: 0.539 Thread 0x0000029c92fa0280 Exception <a 'java/lang/NullPointerException'{0x000000071505f680}> (0x000000071505f680) 
thrown [s\open\src\hotspot\share\interpreter\linkResolver.cpp, line 1374]
Event: 0.550 Thread 0x0000029c92fa0280 Exception <a 'java/lang/NullPointerException'{0x0000000715064960}> (0x0000000715064960) 
thrown [s\open\src\hotspot\share\interpreter\linkResolver.cpp, line 1374]
Event: 0.554 Thread 0x0000029c92fa0280 Exception <a 'java/lang/NullPointerException'{0x0000000715078150}> (0x0000000715078150) 
thrown [s\open\src\hotspot\share\interpreter\linkResolver.cpp, line 1374]
Event: 0.554 Thread 0x0000029c92fa0280 Exception <a 'java/lang/NullPointerException'{0x0000000715078430}> (0x0000000715078430) 
thrown [s\open\src\hotspot\share\interpreter\linkResolver.cpp, line 1374]
Event: 0.554 Thread 0x0000029c92fa0280 Exception <a 'java/lang/NullPointerException'{0x0000000715078710}> (0x0000000715078710) 
thrown [s\open\src\hotspot\share\interpreter\linkResolver.cpp, line 1374]
Event: 0.554 Thread 0x0000029c92fa0280 Exception <a 'java/lang/NullPointerException'{0x00000007150789f0}> (0x00000007150789f0) 
thrown [s\open\src\hotspot\share\interpreter\linkResolver.cpp, line 1374]
Event: 0.904 Thread 0x0000029c92fa0280 Exception <a 'java/lang/NoSuchMethodError'{0x0000000714637220}: 'java.lang.Object java.lang.invoke.DirectMethodHandle$Holder.newInvokeSpecial(java.lang.Object, java.lang.Object, java.lang.Object, java.lang.Object, java.lang.Object)'> (0x0000000714637220) 
thrown [s\open\src\hotspot\share\interpreter\linkResolver.cpp, line 774]
Event: 0.948 Thread 0x0000029c92fa0280 Exception <a 'java/lang/NoClassDefFoundError'{0x00000007147915d8}: javax/enterprise/inject/Typed> (0x00000007147915d8) 
thrown [s\open\src\hotspot\share\classfile\systemDictionary.cpp, line 244]

VM Operations (12 events):
Event: 0.135 Executing VM operation: HandshakeAllThreads
Event: 0.135 Executing VM operation: HandshakeAllThreads done
Event: 0.269 Executing VM operation: HandshakeAllThreads
Event: 0.269 Executing VM operation: HandshakeAllThreads done
Event: 0.316 Executing VM operation: HandshakeAllThreads
Event: 0.317 Executing VM operation: HandshakeAllThreads done
Event: 0.960 Executing VM operation: ICBufferFull
Event: 0.960 Executing VM operation: ICBufferFull done
Event: 1.015 Executing VM operation: G1CollectForAllocation
Event: 1.022 Executing VM operation: G1CollectForAllocation done
Event: 1.022 Executing VM operation: HandshakeAllThreads
Event: 1.032 Executing VM operation: HandshakeAllThreads done

Events (20 events):
Event: 0.025 Thread 0x0000029cb6444bf0 Thread added: 0x0000029cb6444bf0
Event: 0.025 Thread 0x0000029cb6446a90 Thread added: 0x0000029cb6446a90
Event: 0.025 Thread 0x0000029cb64494d0 Thread added: 0x0000029cb64494d0
Event: 0.025 Thread 0x0000029cb644be10 Thread added: 0x0000029cb644be10
Event: 0.025 Thread 0x0000029cb644e4f0 Thread added: 0x0000029cb644e4f0
Event: 0.025 Thread 0x0000029cbb00a4e0 Thread added: 0x0000029cbb00a4e0
Event: 0.025 Thread 0x0000029cbb01cb00 Thread added: 0x0000029cbb01cb00
Event: 0.037 Thread 0x0000029cb6415440 Thread added: 0x0000029cb6415440
Event: 0.042 Thread 0x0000029cbb00aa70 Thread added: 0x0000029cbb00aa70
Event: 0.042 Thread 0x0000029cbb00b000 Thread added: 0x0000029cbb00b000
Event: 0.043 Thread 0x0000029cbb00b590 Thread added: 0x0000029cbb00b590
Event: 0.133 Thread 0x0000029cbb1dd920 Thread added: 0x0000029cbb1dd920
Event: 0.133 Thread 0x0000029cbb1dfa20 Thread added: 0x0000029cbb1dfa20
Event: 0.710 Thread 0x0000029cbb00d160 Thread added: 0x0000029cbb00d160
Event: 0.972 Thread 0x0000029cbb009f50 Thread added: 0x0000029cbb009f50
Event: 0.973 Thread 0x0000029cbb00c0b0 Thread added: 0x0000029cbb00c0b0
Event: 0.980 Thread 0x0000029cbb00d6f0 Thread added: 0x0000029cbb00d6f0
Event: 0.988 Thread 0x0000029cbb00bb20 Thread added: 0x0000029cbb00bb20
Event: 0.988 Thread 0x0000029cbb00c640 Thread added: 0x0000029cbb00c640
Event: 0.988 Thread 0x0000029cbb00cbd0 Thread added: 0x0000029cbb00cbd0


Dynamic libraries:
0x00007ff62f6f0000 - 0x00007ff62f700000 	C:\Program Files\Java\jdk-19\bin\java.exe
0x00007ff8edf30000 - 0x00007ff8ee147000 	C:\WINDOWS\SYSTEM32\ntdll.dll
0x00007ff8ebe50000 - 0x00007ff8ebf14000 	C:\WINDOWS\System32\KERNEL32.DLL
0x00007ff8eb4b0000 - 0x00007ff8eb85d000 	C:\WINDOWS\System32\KERNELBASE.dll
0x00007ff8eb860000 - 0x00007ff8eb971000 	C:\WINDOWS\System32\ucrtbase.dll
0x00007ff8da5e0000 - 0x00007ff8da5fb000 	C:\Program Files\Java\jdk-19\bin\VCRUNTIME140.dll
0x00007ff8da690000 - 0x00007ff8da6a8000 	C:\Program Files\Java\jdk-19\bin\jli.dll
0x00007ff8ec990000 - 0x00007ff8eca42000 	C:\WINDOWS\System32\ADVAPI32.dll
0x00007ff8ed860000 - 0x00007ff8ed907000 	C:\WINDOWS\System32\msvcrt.dll
0x00007ff8eced0000 - 0x00007ff8ecf79000 	C:\WINDOWS\System32\sechost.dll
0x00007ff8ebb60000 - 0x00007ff8ebb88000 	C:\WINDOWS\System32\bcrypt.dll
0x00007ff8ed910000 - 0x00007ff8eda24000 	C:\WINDOWS\System32\RPCRT4.dll
0x00007ff8edd10000 - 0x00007ff8edebe000 	C:\WINDOWS\System32\USER32.dll
0x00007ff8ebc00000 - 0x00007ff8ebc26000 	C:\WINDOWS\System32\win32u.dll
0x00007ff8d94d0000 - 0x00007ff8d9763000 	C:\WINDOWS\WinSxS\amd64_microsoft.windows.common-controls_6595b64144ccf1df_6.0.22621.3672_none_2713b9d173822955\COMCTL32.dll
0x00007ff8ec0f0000 - 0x00007ff8ec119000 	C:\WINDOWS\System32\GDI32.dll
0x00007ff8eb390000 - 0x00007ff8eb4a9000 	C:\WINDOWS\System32\gdi32full.dll
0x00007ff8ebac0000 - 0x00007ff8ebb5a000 	C:\WINDOWS\System32\msvcp_win.dll
0x00007ff8e2e00000 - 0x00007ff8e2e0a000 	C:\WINDOWS\SYSTEM32\VERSION.dll
0x00007ff8ec430000 - 0x00007ff8ec461000 	C:\WINDOWS\System32\IMM32.DLL
0x00007ff8e2e90000 - 0x00007ff8e2e9c000 	C:\Program Files\Java\jdk-19\bin\vcruntime140_1.dll
0x00007ff8ab410000 - 0x00007ff8ab49e000 	C:\Program Files\Java\jdk-19\bin\msvcp140.dll
0x00007ff8939c0000 - 0x00007ff894680000 	C:\Program Files\Java\jdk-19\bin\server\jvm.dll
0x00007ff8ddb10000 - 0x00007ff8ddb19000 	C:\WINDOWS\SYSTEM32\WSOCK32.dll
0x00007ff8ec800000 - 0x00007ff8ec871000 	C:\WINDOWS\System32\WS2_32.dll
0x00007ff8e4ec0000 - 0x00007ff8e4ef4000 	C:\WINDOWS\SYSTEM32\WINMM.dll
0x00007ff8ea340000 - 0x00007ff8ea358000 	C:\WINDOWS\SYSTEM32\kernel.appcore.dll
0x00007ff8dfc80000 - 0x00007ff8dfc8a000 	C:\Program Files\Java\jdk-19\bin\jimage.dll
0x00007ff8e85b0000 - 0x00007ff8e87e2000 	C:\WINDOWS\SYSTEM32\DBGHELP.DLL
0x00007ff8ec470000 - 0x00007ff8ec7fd000 	C:\WINDOWS\System32\combase.dll
0x00007ff8ebce0000 - 0x00007ff8ebdb7000 	C:\WINDOWS\System32\OLEAUT32.dll
0x00007ff8e0930000 - 0x00007ff8e0962000 	C:\WINDOWS\SYSTEM32\dbgcore.DLL
0x00007ff8eb980000 - 0x00007ff8eb9fb000 	C:\WINDOWS\System32\bcryptPrimitives.dll
0x00007ff8e4ff0000 - 0x00007ff8e4ffe000 	C:\Program Files\Java\jdk-19\bin\instrument.dll
0x00007ff8d8310000 - 0x00007ff8d8336000 	C:\Program Files\Java\jdk-19\bin\java.dll
0x00007ff8a57e0000 - 0x00007ff8a58b7000 	C:\Program Files\Java\jdk-19\bin\jsvml.dll
0x00007ff8ecff0000 - 0x00007ff8ed858000 	C:\WINDOWS\System32\SHELL32.dll
0x00007ff8e9140000 - 0x00007ff8e9a3e000 	C:\WINDOWS\SYSTEM32\windows.storage.dll
0x00007ff8e9000000 - 0x00007ff8e913f000 	C:\WINDOWS\SYSTEM32\wintypes.dll
0x00007ff8ec880000 - 0x00007ff8ec979000 	C:\WINDOWS\System32\SHCORE.dll
0x00007ff8ec080000 - 0x00007ff8ec0de000 	C:\WINDOWS\System32\shlwapi.dll
0x00007ff8eb150000 - 0x00007ff8eb171000 	C:\WINDOWS\SYSTEM32\profapi.dll
0x00007ff8d1580000 - 0x00007ff8d1598000 	C:\Program Files\Java\jdk-19\bin\zip.dll
0x00007ff8da4f0000 - 0x00007ff8da503000 	C:\Program Files\Java\jdk-19\bin\net.dll
0x00007ff8e6a20000 - 0x00007ff8e6b56000 	C:\WINDOWS\SYSTEM32\WINHTTP.dll
0x00007ff8ea7b0000 - 0x00007ff8ea819000 	C:\WINDOWS\system32\mswsock.dll
0x00007ff8d80d0000 - 0x00007ff8d80e6000 	C:\Program Files\Java\jdk-19\bin\nio.dll
0x00007ff8d8e00000 - 0x00007ff8d8e1a000 	C:\Program Files\JetBrains\IntelliJ IDEA 2022.1.2\bin\breakgen64.dll
0x00007ff8da260000 - 0x00007ff8da268000 	C:\Program Files\Java\jdk-19\bin\extnet.dll
0x0000000069ac0000 - 0x0000000069ae4000 	C:\Users\99293\AppData\Local\Temp\jansi-2.4.0-d53923f7e3958cc3-jansi.dll
0x00007ff8d99b0000 - 0x00007ff8d99c0000 	C:\Program Files\Java\jdk-19\bin\verify.dll

dbghelp: loaded successfully - version: 4.0.5 - missing functions: none
symbol engine: initialized successfully - sym options: 0x614 - pdb path: .;C:\Program Files\Java\jdk-19\bin;C:\WINDOWS\SYSTEM32;C:\WINDOWS\WinSxS\amd64_microsoft.windows.common-controls_6595b64144ccf1df_6.0.22621.3672_none_2713b9d173822955;C:\Program Files\Java\jdk-19\bin\server;C:\Program Files\JetBrains\IntelliJ IDEA 2022.1.2\bin;C:\Users\99293\AppData\Local\Temp

VM Arguments:
jvm_args: -Dmaven.multiModuleProjectDirectory=D:\unitedStates_storage-master\unitedStates_storage -Dmaven.home=C:\Users\99293\.m2\wrapper\dists\apache-maven-3.8.6-bin\1ks0nkde5v1pk9vtc31i9d0lcd\apache-maven-3.8.6 -Dclassworlds.conf=C:\Users\99293\.m2\wrapper\dists\apache-maven-3.8.6-bin\1ks0nkde5v1pk9vtc31i9d0lcd\apache-maven-3.8.6\bin\m2.conf -Dmaven.ext.class.path=C:\Program Files\JetBrains\IntelliJ IDEA 2022.1.2\plugins\maven\lib\maven-event-listener.jar -javaagent:C:\Program Files\JetBrains\IntelliJ IDEA 2022.1.2\lib\idea_rt.jar=52580:C:\Program Files\JetBrains\IntelliJ IDEA 2022.1.2\bin -Dfile.encoding=UTF-8 
java_command: org.codehaus.classworlds.Launcher -Didea.version=2022.1.2 clean
java_class_path (initial): C:\Users\99293\.m2\wrapper\dists\apache-maven-3.8.6-bin\1ks0nkde5v1pk9vtc31i9d0lcd\apache-maven-3.8.6\boot\plexus-classworlds-2.6.0.jar;C:\Users\99293\.m2\wrapper\dists\apache-maven-3.8.6-bin\1ks0nkde5v1pk9vtc31i9d0lcd\apache-maven-3.8.6\boot\plexus-classworlds.license
Launcher Type: SUN_STANDARD

[Global flags]
     intx CICompilerCount                          = 12                                        {product} {ergonomic}
     uint ConcGCThreads                            = 3                                         {product} {ergonomic}
     uint G1ConcRefinementThreads                  = 13                                        {product} {ergonomic}
   size_t G1HeapRegionSize                         = 2097152                                   {product} {ergonomic}
    uintx GCDrainStackTargetSize                   = 64                                        {product} {ergonomic}
   size_t InitialHeapSize                          = 264241152                                 {product} {ergonomic}
   size_t MarkStackSize                            = 4194304                                   {product} {ergonomic}
   size_t MaxHeapSize                              = 4196401152                                {product} {ergonomic}
   size_t MaxNewSize                               = 2516582400                                {product} {ergonomic}
   size_t MinHeapDeltaBytes                        = 2097152                                   {product} {ergonomic}
   size_t MinHeapSize                              = 8388608                                   {product} {ergonomic}
    uintx NonNMethodCodeHeapSize                   = 7602480                                {pd product} {ergonomic}
    uintx NonProfiledCodeHeapSize                  = 122027880                              {pd product} {ergonomic}
    uintx ProfiledCodeHeapSize                     = 122027880                              {pd product} {ergonomic}
    uintx ReservedCodeCacheSize                    = 251658240                              {pd product} {ergonomic}
     bool SegmentedCodeCache                       = true                                      {product} {ergonomic}
   size_t SoftMaxHeapSize                          = 4196401152                             {manageable} {ergonomic}
     bool UseCompressedClassPointers               = true                           {product lp64_product} {ergonomic}
     bool UseCompressedOops                        = true                           {product lp64_product} {ergonomic}
     bool UseG1GC                                  = true                                      {product} {ergonomic}
     bool UseLargePagesIndividualAllocation        = false                                  {pd product} {ergonomic}

Logging:
Log output configuration:
 #0: stdout all=warning uptime,level,tags foldmultilines=false
 #1: stderr all=off uptime,level,tags foldmultilines=false

Environment Variables:
JAVA_HOME=C:\Program Files\Java\jdk-19
PATH=C:\Program Files\Common Files\Oracle\Java\javapath;C:\Windows\system32;C:\Windows;C:\Windows\System32\Wbem;C:\Windows\System32\WindowsPowerShell\v1.0\;C:\Windows\System32\OpenSSH\;C:\Program Files (x86)\NVIDIA Corporation\PhysX\Common;C:\Program Files\NVIDIA Corporation\NVIDIA NvDLISR;C:\Program Files\Git\cmd;C:\Program Files (x86)\dotnet\;C:\WINDOWS\system32;C:\WINDOWS;C:\WINDOWS\System32\Wbem;C:\WINDOWS\System32\WindowsPowerShell\v1.0\;C:\WINDOWS\System32\OpenSSH\;C:\Program Files\Java\jdk-19\bin;C:\Users\99293\AppData\Local\Programs\Python\Python311\Scripts\;C:\Users\99293\AppData\Local\Programs\Python\Python311\;C:\Users\99293\AppData\Local\Microsoft\WindowsApps;;C:\Program Files\JetBrains\IntelliJ IDEA 2022.1.2\bin;;C:\Program Files\heroku\bin
USERNAME=ASUS
OS=Windows_NT
PROCESSOR_IDENTIFIER=Intel64 Family 6 Model 154 Stepping 3, GenuineIntel
TMP=C:\Users\99293\AppData\Local\Temp
TEMP=C:\Users\99293\AppData\Local\Temp



---------------  S Y S T E M  ---------------

OS:
 Windows 11 , 64 bit Build 22621 (10.0.22621.3958)
OS uptime: 1 days 0:25 hours
Hyper-V role detected

CPU: total 16 (initial active 16) (8 cores per cpu, 2 threads per core) family 6 model 154 stepping 3 microcode 0x41c, cx8, cmov, fxsr, ht, mmx, 3dnowpref, sse, sse2, sse3, ssse3, sse4.1, sse4.2, popcnt, lzcnt, tsc, tscinvbit, avx, avx2, aes, erms, clmul, bmi1, bmi2, adx, sha, fma, vzeroupper, clflush, clflushopt, clwb, hv, serialize, rdtscp, rdpid, fsrm

Memory: 4k page, system-wide physical 16005M (1567M free)
TotalPageFile size 18053M (AvailPageFile size 5M)
current process WorkingSet (physical memory assigned to process): 114M, peak: 115M
current process commit charge ("private bytes"): 404M, peak: 405M

vm_info: Java HotSpot(TM) 64-Bit Server VM (19.0.2+7-44) for windows-amd64 JRE (19.0.2+7-44), built on 2022-11-30T18:02:09Z by "mach5one" with MS VC++ 17.1 (VS2022)

END.
