#
# There is insufficient memory for the Java Runtime Environment to continue.
# Native memory allocation (mmap) failed to map 44040192 bytes for G1 virtual space
# Possible reasons:
#   The system is out of physical RAM or swap space
#   The process is running with CompressedOops enabled, and the Java Heap may be blocking the growth of the native heap
# Possible solutions:
#   Reduce memory load on the system
#   Increase physical memory or swap space
#   Check if swap backing store is full
#   Decrease Java heap size (-Xmx/-Xms)
#   Decrease number of Java threads
#   Decrease Java thread stack sizes (-Xss)
#   Set larger code cache with -XX:ReservedCodeCacheSize=
#   JVM is running with Zero Based Compressed Oops mode in which the Java heap is
#     placed in the first 32GB address space. The Java Heap base address is the
#     maximum limit for the native heap growth. Please use -XX:HeapBaseMinAddress
#     to set the Java Heap base and to place the Java Heap above 32GB virtual address.
# This output file may be truncated or incomplete.
#
#  Out of Memory Error (os_windows.cpp:3536), pid=21976, tid=2936
#
# JRE version: Java(TM) SE Runtime Environment (19.0.2+7) (build 19.0.2+7-44)
# Java VM: Java HotSpot(TM) 64-Bit Server VM (19.0.2+7-44, mixed mode, sharing, tiered, compressed oops, compressed class ptrs, g1 gc, windows-amd64)
# No core dump will be written. Minidumps are not enabled by default on client versions of Windows
#

---------------  S U M M A R Y ------------

Command Line: -Dmaven.multiModuleProjectDirectory=D:\unitedStates_storage-master\unitedStates_storage -Dmaven.home=C:\Users\99293\.m2\wrapper\dists\apache-maven-3.8.6-bin\1ks0nkde5v1pk9vtc31i9d0lcd\apache-maven-3.8.6 -Dclassworlds.conf=C:\Users\99293\.m2\wrapper\dists\apache-maven-3.8.6-bin\1ks0nkde5v1pk9vtc31i9d0lcd\apache-maven-3.8.6\bin\m2.conf -Dmaven.ext.class.path=C:\Program Files\JetBrains\IntelliJ IDEA 2022.1.2\plugins\maven\lib\maven-event-listener.jar -javaagent:C:\Program Files\JetBrains\IntelliJ IDEA 2022.1.2\lib\idea_rt.jar=57372:C:\Program Files\JetBrains\IntelliJ IDEA 2022.1.2\bin -Dfile.encoding=UTF-8 org.codehaus.classworlds.Launcher -Didea.version=2022.1.2 package

Host: 12th Gen Intel(R) Core(TM) i7-12650H, 16 cores, 15G,  Windows 11 , 64 bit Build 22621 (10.0.22621.3672)
Time: Mon Jul 29 00:37:21 2024  Windows 11 , 64 bit Build 22621 (10.0.22621.3672) elapsed time: 4.157536 seconds (0d 0h 0m 4s)

---------------  T H R E A D  ---------------

Current thread (0x000001cab0627f70):  VMThread "VM Thread" [stack: 0x000000415f300000,0x000000415f400000] [id=2936]

Stack: [0x000000415f300000,0x000000415f400000]
Native frames: (J=compiled Java code, j=interpreted, Vv=VM code, C=native code)
V  [jvm.dll+0x6ee21a]
V  [jvm.dll+0x85765e]
V  [jvm.dll+0x85904e]
V  [jvm.dll+0x859703]
V  [jvm.dll+0x28298f]
V  [jvm.dll+0x6eb009]
V  [jvm.dll+0x6dfbaa]
V  [jvm.dll+0x3573f6]
V  [jvm.dll+0x35ee56]
V  [jvm.dll+0x3b541e]
V  [jvm.dll+0x3b564f]
V  [jvm.dll+0x32c9ea]
V  [jvm.dll+0x32ca97]
V  [jvm.dll+0x374cd2]
V  [jvm.dll+0x37340f]
V  [jvm.dll+0x32c210]
V  [jvm.dll+0x3729ab]
V  [jvm.dll+0x85ebc3]
V  [jvm.dll+0x85f989]
V  [jvm.dll+0x85febd]
V  [jvm.dll+0x86034b]
V  [jvm.dll+0x860407]
V  [jvm.dll+0x80125a]
V  [jvm.dll+0x6ecf0b]
C  [ucrtbase.dll+0x29333]
C  [KERNEL32.DLL+0x1257d]
C  [ntdll.dll+0x5af28]

VM_Operation (0x000000415edfca10): G1CollectForAllocation, mode: safepoint, requested by thread 0x000001ca8c9df240


---------------  P R O C E S S  ---------------

Threads class SMR info:
_java_thread_list=0x000001cab8d3fe70, length=23, elements={
0x000001ca8c9df240, 0x000001cab063efd0, 0x000001cab063fdc0, 0x000001cab0640bb0,
0x000001cab0644700, 0x000001cab0647040, 0x000001cab0647970, 0x000001cab06485d0,
0x000001cab0648f40, 0x000001cab064fcf0, 0x000001cab48c3df0, 0x000001cab493a7a0,
0x000001cab493cc20, 0x000001cab49cf3f0, 0x000001cab49d4410, 0x000001cab49de610,
0x000001cab4d5e150, 0x000001cab4df66c0, 0x000001cab50721d0, 0x000001cab50753e0,
0x000001cab5072cf0, 0x000001cab5074e50, 0x000001cab76ce6a0
}

Java Threads: ( => current thread )
  0x000001ca8c9df240 JavaThread "main" [_thread_blocked, id=3608, stack(0x000000415ed00000,0x000000415ee00000)]
  0x000001cab063efd0 JavaThread "Reference Handler" daemon [_thread_blocked, id=14916, stack(0x000000415f400000,0x000000415f500000)]
  0x000001cab063fdc0 JavaThread "Finalizer" daemon [_thread_blocked, id=23608, stack(0x000000415f500000,0x000000415f600000)]
  0x000001cab0640bb0 JavaThread "Signal Dispatcher" daemon [_thread_blocked, id=19044, stack(0x000000415f600000,0x000000415f700000)]
  0x000001cab0644700 JavaThread "Attach Listener" daemon [_thread_blocked, id=21184, stack(0x000000415f700000,0x000000415f800000)]
  0x000001cab0647040 JavaThread "Service Thread" daemon [_thread_blocked, id=18800, stack(0x000000415f800000,0x000000415f900000)]
  0x000001cab0647970 JavaThread "Monitor Deflation Thread" daemon [_thread_blocked, id=23904, stack(0x000000415f900000,0x000000415fa00000)]
  0x000001cab06485d0 JavaThread "C2 CompilerThread0" daemon [_thread_blocked, id=8252, stack(0x000000415fa00000,0x000000415fb00000)]
  0x000001cab0648f40 JavaThread "C1 CompilerThread0" daemon [_thread_blocked, id=4336, stack(0x000000415fb00000,0x000000415fc00000)]
  0x000001cab064fcf0 JavaThread "Sweeper thread" daemon [_thread_blocked, id=12564, stack(0x000000415fc00000,0x000000415fd00000)]
  0x000001cab48c3df0 JavaThread "C1 CompilerThread1" daemon [_thread_blocked, id=20188, stack(0x000000415fd00000,0x000000415fe00000)]
  0x000001cab493a7a0 JavaThread "Common-Cleaner" daemon [_thread_blocked, id=21652, stack(0x000000415fe00000,0x000000415ff00000)]
  0x000001cab493cc20 JavaThread "C1 CompilerThread2" daemon [_thread_blocked, id=26056, stack(0x000000415ff00000,0x0000004160000000)]
  0x000001cab49cf3f0 JavaThread "Monitor Ctrl-Break" daemon [_thread_in_native, id=11656, stack(0x0000004160000000,0x0000004160100000)]
  0x000001cab49d4410 JavaThread "Notification Thread" daemon [_thread_blocked, id=24884, stack(0x0000004160100000,0x0000004160200000)]
  0x000001cab49de610 JavaThread "C2 CompilerThread1" daemon [_thread_blocked, id=15164, stack(0x0000004160300000,0x0000004160400000)]
  0x000001cab4d5e150 JavaThread "C2 CompilerThread2" daemon [_thread_blocked, id=5952, stack(0x0000004160400000,0x0000004160500000)]
  0x000001cab4df66c0 JavaThread "C1 CompilerThread3" daemon [_thread_blocked, id=19960, stack(0x0000004160500000,0x0000004160600000)]
  0x000001cab50721d0 JavaThread "C2 CompilerThread3" daemon [_thread_blocked, id=8924, stack(0x0000004160600000,0x0000004160700000)]
  0x000001cab50753e0 JavaThread "C2 CompilerThread4" daemon [_thread_blocked, id=26552, stack(0x0000004160700000,0x0000004160800000)]
  0x000001cab5072cf0 JavaThread "C2 CompilerThread5" daemon [_thread_blocked, id=3704, stack(0x0000004160800000,0x0000004160900000)]
  0x000001cab5074e50 JavaThread "C2 CompilerThread6" daemon [_thread_blocked, id=13376, stack(0x0000004161700000,0x0000004161800000)]
  0x000001cab76ce6a0 JavaThread "C2 CompilerThread7" daemon [_thread_blocked, id=12680, stack(0x0000004161800000,0x0000004161900000)]

Other Threads:
=>0x000001cab0627f70 VMThread "VM Thread" [stack: 0x000000415f300000,0x000000415f400000] [id=2936]
  0x000001cab49cf930 WatcherThread "VM Periodic Task Thread" [stack: 0x0000004160200000,0x0000004160300000] [id=16848]
  0x000001ca8ca50df0 WorkerThread "GC Thread#0" [stack: 0x000000415ee00000,0x000000415ef00000] [id=20016]
  0x000001cab4d5b430 WorkerThread "GC Thread#1" [stack: 0x0000004160900000,0x0000004160a00000] [id=22016]
  0x000001cab4d5b700 WorkerThread "GC Thread#2" [stack: 0x0000004160a00000,0x0000004160b00000] [id=7696]
  0x000001cab4d5b9d0 WorkerThread "GC Thread#3" [stack: 0x0000004160b00000,0x0000004160c00000] [id=25824]
  0x000001cab4d5c510 WorkerThread "GC Thread#4" [stack: 0x0000004160c00000,0x0000004160d00000] [id=16764]
  0x000001cab4d5a8f0 WorkerThread "GC Thread#5" [stack: 0x0000004160d00000,0x0000004160e00000] [id=19080]
  0x000001cab4d5bca0 WorkerThread "GC Thread#6" [stack: 0x0000004160e00000,0x0000004160f00000] [id=8940]
  0x000001cab4d5c240 WorkerThread "GC Thread#7" [stack: 0x0000004160f00000,0x0000004161000000] [id=12532]
  0x000001cab6571ea0 WorkerThread "GC Thread#8" [stack: 0x0000004161200000,0x0000004161300000] [id=22760]
  0x000001cab6571630 WorkerThread "GC Thread#9" [stack: 0x0000004161300000,0x0000004161400000] [id=13080]
  0x000001cab6571bd0 WorkerThread "GC Thread#10" [stack: 0x0000004161400000,0x0000004161500000] [id=25060]
  0x000001cab6572cb0 WorkerThread "GC Thread#11" [stack: 0x0000004161000000,0x0000004161100000] [id=6908]
  0x000001cab6572170 WorkerThread "GC Thread#12" [stack: 0x0000004161100000,0x0000004161200000] [id=26104]
  0x000001ca8ca61900 ConcurrentGCThread "G1 Main Marker" [stack: 0x000000415ef00000,0x000000415f000000] [id=26324]
  0x000001ca8ca62330 WorkerThread "G1 Conc#0" [stack: 0x000000415f000000,0x000000415f100000] [id=436]
  0x000001cab6574060 WorkerThread "G1 Conc#1" [stack: 0x0000004161500000,0x0000004161600000] [id=24168]
  0x000001cab65748d0 WorkerThread "G1 Conc#2" [stack: 0x0000004161600000,0x0000004161700000] [id=21028]
  0x000001cab04e1f80 ConcurrentGCThread "G1 Refine#0" [stack: 0x000000415f100000,0x000000415f200000] [id=19956]
  0x000001cab04e2ac0 ConcurrentGCThread "G1 Service" [stack: 0x000000415f200000,0x000000415f300000] [id=19884]

Threads with active compile tasks:
C2 CompilerThread0     4170 8135       4       lombok.javac.handlers.JavacHandlerUtil::getAccessorsForField (163 bytes)
C2 CompilerThread1     4170 8249       4       com.sun.tools.javac.comp.Attr::checkIdInternal (788 bytes)
C2 CompilerThread2     4170 8224   !   4       com.sun.tools.javac.code.ClassFinder::loadClass (127 bytes)
C2 CompilerThread3     4171 8110       4       com.sun.tools.javac.comp.Attr::check (219 bytes)
C2 CompilerThread4     4171 8414       4       lombok.javac.JavacNode::traverse (774 bytes)
C2 CompilerThread5     4171 8217   !   4       com.sun.tools.javac.comp.Resolve::loadClass (83 bytes)
C2 CompilerThread6     4171 8269       4       com.sun.tools.javac.comp.Resolve::findInheritedMemberType (186 bytes)
C2 CompilerThread7     4171 8223       4       com.sun.tools.javac.comp.Attr$ResultInfo::check (21 bytes)

VM state: at safepoint (normal execution)

VM Mutex/Monitor currently owned by a thread:  ([mutex/lock_event])
[0x000001ca8c9dbaf0] Threads_lock - owner thread: 0x000001cab0627f70
[0x000001ca8c9dcb40] Heap_lock - owner thread: 0x000001ca8c9df240

Heap address: 0x0000000705e00000, size: 4002 MB, Compressed Oops mode: Zero based, Oop shift amount: 3

CDS archive(s) mapped at: [0x0000000800000000-0x0000000800c40000-0x0000000800c40000), size 12845056, SharedBaseAddress: 0x0000000800000000, ArchiveRelocationMode: 0.
Compressed class space mapped at: 0x0000000801000000-0x0000000841000000, reserved size: 1073741824
Narrow klass base: 0x0000000800000000, Narrow klass shift: 0, Narrow klass range: 0x100000000

GC Precious Log:
 CardTable entry size: 512
 Card Set container configuration: InlinePtr #cards 4 size 8 Array Of Cards #cards 16 size 48 Howl #buckets 8 coarsen threshold 3686 Howl Bitmap #cards 512 size 80 coarsen threshold 460 Card regions per heap region 1 cards per card region 4096
 CPUs: 16 total, 16 available
 Memory: 16005M
 Large Page Support: Disabled
 NUMA Support: Disabled
 Compressed Oops: Enabled (Zero based)
 Heap Region Size: 2M
 Heap Min Capacity: 8M
 Heap Initial Capacity: 252M
 Heap Max Capacity: 4002M
 Pre-touch: Disabled
 Parallel Workers: 13
 Concurrent Workers: 3
 Concurrent Refinement Workers: 13
 Periodic GC: Disabled

Heap:
 garbage-first heap   total 149504K, used 56433K [0x0000000705e00000, 0x0000000800000000)
  region size 2048K, 3 young (6144K), 3 survivors (6144K)
 Metaspace       used 28776K, committed 29312K, reserved 1114112K
  class space    used 2975K, committed 3264K, reserved 1048576K

Heap Regions: E=young(eden), S=young(survivor), O=old, HS=humongous(starts), HC=humongous(continues), CS=collection set, F=free, OA=open archive, CA=closed archive, TAMS=top-at-mark-start (previous, next)
|   0|0x0000000705e00000, 0x0000000706000000, 0x0000000706000000|100%| O|  |TAMS 0x0000000706000000, 0x0000000705e00000| Untracked 
|   1|0x0000000706000000, 0x0000000706200000, 0x0000000706200000|100%| O|  |TAMS 0x0000000706000000, 0x0000000706000000| Untracked 
|   2|0x0000000706200000, 0x0000000706400000, 0x0000000706400000|100%| O|  |TAMS 0x0000000706200000, 0x0000000706200000| Untracked 
|   3|0x0000000706400000, 0x0000000706600000, 0x0000000706600000|100%| O|  |TAMS 0x0000000706400000, 0x0000000706400000| Untracked 
|   4|0x0000000706600000, 0x0000000706800000, 0x0000000706800000|100%| O|  |TAMS 0x0000000706600000, 0x0000000706600000| Untracked 
|   5|0x0000000706800000, 0x0000000706a00000, 0x0000000706a00000|100%| O|  |TAMS 0x0000000706800000, 0x0000000706800000| Untracked 
|   6|0x0000000706a00000, 0x0000000706c00000, 0x0000000706c00000|100%| O|  |TAMS 0x0000000706a00000, 0x0000000706a00000| Untracked 
|   7|0x0000000706c00000, 0x0000000706e00000, 0x0000000706e00000|100%| O|  |TAMS 0x0000000706c00000, 0x0000000706c00000| Untracked 
|   8|0x0000000706e00000, 0x0000000707000000, 0x0000000707000000|100%| O|  |TAMS 0x0000000706e00000, 0x0000000706e00000| Untracked 
|   9|0x0000000707000000, 0x0000000707200000, 0x0000000707200000|100%| O|  |TAMS 0x0000000707000000, 0x0000000707000000| Untracked 
|  10|0x0000000707200000, 0x0000000707400000, 0x0000000707400000|100%| O|  |TAMS 0x0000000707200000, 0x0000000707200000| Untracked 
|  11|0x0000000707400000, 0x0000000707600000, 0x0000000707600000|100%| O|  |TAMS 0x0000000707400000, 0x0000000707400000| Untracked 
|  12|0x0000000707600000, 0x0000000707800000, 0x0000000707800000|100%|HS|  |TAMS 0x0000000707600000, 0x0000000707600000| Complete 
|  13|0x0000000707800000, 0x0000000707a00000, 0x0000000707a00000|100%| O|  |TAMS 0x0000000707800000, 0x0000000707800000| Untracked 
|  14|0x0000000707a00000, 0x0000000707c00000, 0x0000000707c00000|100%| O|  |TAMS 0x0000000707a00000, 0x0000000707a00000| Untracked 
|  15|0x0000000707c00000, 0x0000000707e00000, 0x0000000707e00000|100%| O|  |TAMS 0x0000000707c00000, 0x0000000707c00000| Untracked 
|  16|0x0000000707e00000, 0x0000000708000000, 0x0000000708000000|100%| O|  |TAMS 0x0000000707e00000, 0x0000000707e00000| Untracked 
|  17|0x0000000708000000, 0x0000000708000000, 0x0000000708200000|  0%| F|  |TAMS 0x0000000708000000, 0x0000000708000000| Untracked 
|  18|0x0000000708200000, 0x0000000708200000, 0x0000000708400000|  0%| F|  |TAMS 0x0000000708200000, 0x0000000708200000| Untracked 
|  19|0x0000000708400000, 0x0000000708400000, 0x0000000708600000|  0%| F|  |TAMS 0x0000000708400000, 0x0000000708400000| Untracked 
|  20|0x0000000708600000, 0x0000000708600000, 0x0000000708800000|  0%| F|  |TAMS 0x0000000708600000, 0x0000000708600000| Untracked 
|  21|0x0000000708800000, 0x0000000708800000, 0x0000000708a00000|  0%| F|  |TAMS 0x0000000708800000, 0x0000000708800000| Untracked 
|  22|0x0000000708a00000, 0x0000000708a00000, 0x0000000708c00000|  0%| F|  |TAMS 0x0000000708a00000, 0x0000000708a00000| Untracked 
|  23|0x0000000708c00000, 0x0000000708c00000, 0x0000000708e00000|  0%| F|  |TAMS 0x0000000708c00000, 0x0000000708c00000| Untracked 
|  24|0x0000000708e00000, 0x0000000708e00000, 0x0000000709000000|  0%| F|  |TAMS 0x0000000708e00000, 0x0000000708e00000| Untracked 
|  25|0x0000000709000000, 0x0000000709000000, 0x0000000709200000|  0%| F|  |TAMS 0x0000000709000000, 0x0000000709000000| Untracked 
|  26|0x0000000709200000, 0x0000000709200000, 0x0000000709400000|  0%| F|  |TAMS 0x0000000709200000, 0x0000000709200000| Untracked 
|  27|0x0000000709400000, 0x0000000709400000, 0x0000000709600000|  0%| F|  |TAMS 0x0000000709400000, 0x0000000709400000| Untracked 
|  28|0x0000000709600000, 0x0000000709600000, 0x0000000709800000|  0%| F|  |TAMS 0x0000000709600000, 0x0000000709600000| Untracked 
|  29|0x0000000709800000, 0x0000000709800000, 0x0000000709a00000|  0%| F|  |TAMS 0x0000000709800000, 0x0000000709800000| Untracked 
|  30|0x0000000709a00000, 0x0000000709b1c440, 0x0000000709c00000| 55%| S|CS|TAMS 0x0000000709a00000, 0x0000000709a00000| Complete 
|  31|0x0000000709c00000, 0x0000000709e00000, 0x0000000709e00000|100%| S|CS|TAMS 0x0000000709c00000, 0x0000000709c00000| Complete 
|  32|0x0000000709e00000, 0x0000000709e00000, 0x000000070a000000|  0%| F|  |TAMS 0x0000000709e00000, 0x0000000709e00000| Untracked 
|  33|0x000000070a000000, 0x000000070a200000, 0x000000070a200000|100%| S|CS|TAMS 0x000000070a000000, 0x000000070a000000| Complete 
|  34|0x000000070a200000, 0x000000070a200000, 0x000000070a400000|  0%| F|  |TAMS 0x000000070a200000, 0x000000070a200000| Untracked 
|  35|0x000000070a400000, 0x000000070a400000, 0x000000070a600000|  0%| F|  |TAMS 0x000000070a400000, 0x000000070a400000| Untracked 
|  36|0x000000070a600000, 0x000000070a600000, 0x000000070a800000|  0%| F|  |TAMS 0x000000070a600000, 0x000000070a600000| Untracked 
|  37|0x000000070a800000, 0x000000070a800000, 0x000000070aa00000|  0%| F|  |TAMS 0x000000070a800000, 0x000000070a800000| Untracked 
|  38|0x000000070aa00000, 0x000000070aa00000, 0x000000070ac00000|  0%| F|  |TAMS 0x000000070aa00000, 0x000000070aa00000| Untracked 
|  39|0x000000070ac00000, 0x000000070ac00000, 0x000000070ae00000|  0%| F|  |TAMS 0x000000070ac00000, 0x000000070ac00000| Untracked 
|  40|0x000000070ae00000, 0x000000070ae00000, 0x000000070b000000|  0%| F|  |TAMS 0x000000070ae00000, 0x000000070ae00000| Untracked 
|  41|0x000000070b000000, 0x000000070b000000, 0x000000070b200000|  0%| F|  |TAMS 0x000000070b000000, 0x000000070b000000| Untracked 
|  42|0x000000070b200000, 0x000000070b200000, 0x000000070b400000|  0%| F|  |TAMS 0x000000070b200000, 0x000000070b200000| Untracked 
|  43|0x000000070b400000, 0x000000070b400000, 0x000000070b600000|  0%| F|  |TAMS 0x000000070b400000, 0x000000070b400000| Untracked 
|  44|0x000000070b600000, 0x000000070b600000, 0x000000070b800000|  0%| F|  |TAMS 0x000000070b600000, 0x000000070b600000| Untracked 
|  45|0x000000070b800000, 0x000000070b800000, 0x000000070ba00000|  0%| F|  |TAMS 0x000000070b800000, 0x000000070b800000| Untracked 
|  46|0x000000070ba00000, 0x000000070ba00000, 0x000000070bc00000|  0%| F|  |TAMS 0x000000070ba00000, 0x000000070ba00000| Untracked 
|  47|0x000000070bc00000, 0x000000070bc00000, 0x000000070be00000|  0%| F|  |TAMS 0x000000070bc00000, 0x000000070bc00000| Untracked 
|  48|0x000000070be00000, 0x000000070be00000, 0x000000070c000000|  0%| F|  |TAMS 0x000000070be00000, 0x000000070be00000| Untracked 
|  49|0x000000070c000000, 0x000000070c000000, 0x000000070c200000|  0%| F|  |TAMS 0x000000070c000000, 0x000000070c000000| Untracked 
|  50|0x000000070c200000, 0x000000070c200000, 0x000000070c400000|  0%| F|  |TAMS 0x000000070c200000, 0x000000070c200000| Untracked 
|  51|0x000000070c400000, 0x000000070c400000, 0x000000070c600000|  0%| F|  |TAMS 0x000000070c400000, 0x000000070c400000| Untracked 
|  52|0x000000070c600000, 0x000000070c600000, 0x000000070c800000|  0%| F|  |TAMS 0x000000070c600000, 0x000000070c600000| Untracked 
|  53|0x000000070c800000, 0x000000070c800000, 0x000000070ca00000|  0%| F|  |TAMS 0x000000070c800000, 0x000000070c800000| Untracked 
|  54|0x000000070ca00000, 0x000000070ca00000, 0x000000070cc00000|  0%| F|  |TAMS 0x000000070ca00000, 0x000000070ca00000| Untracked 
|  55|0x000000070cc00000, 0x000000070cc00000, 0x000000070ce00000|  0%| F|  |TAMS 0x000000070cc00000, 0x000000070cc00000| Untracked 
|  56|0x000000070ce00000, 0x000000070ce00000, 0x000000070d000000|  0%| F|  |TAMS 0x000000070ce00000, 0x000000070ce00000| Untracked 
|  57|0x000000070d000000, 0x000000070d000000, 0x000000070d200000|  0%| F|  |TAMS 0x000000070d000000, 0x000000070d000000| Untracked 
|  58|0x000000070d200000, 0x000000070d200000, 0x000000070d400000|  0%| F|  |TAMS 0x000000070d200000, 0x000000070d200000| Untracked 
|  59|0x000000070d400000, 0x000000070d400000, 0x000000070d600000|  0%| F|  |TAMS 0x000000070d400000, 0x000000070d400000| Untracked 
|  60|0x000000070d600000, 0x000000070d600000, 0x000000070d800000|  0%| F|  |TAMS 0x000000070d600000, 0x000000070d600000| Untracked 
|  61|0x000000070d800000, 0x000000070d800000, 0x000000070da00000|  0%| F|  |TAMS 0x000000070d800000, 0x000000070d800000| Untracked 
|  62|0x000000070da00000, 0x000000070da00000, 0x000000070dc00000|  0%| F|  |TAMS 0x000000070da00000, 0x000000070da00000| Untracked 
|  63|0x000000070dc00000, 0x000000070dc00000, 0x000000070de00000|  0%| F|  |TAMS 0x000000070dc00000, 0x000000070dc00000| Untracked 
| 125|0x0000000715800000, 0x0000000715800000, 0x0000000715a00000|  0%| F|  |TAMS 0x0000000715800000, 0x0000000715800000| Untracked 
|1993|0x00000007ff000000, 0x00000007ff200000, 0x00000007ff200000|100%| O|  |TAMS 0x00000007ff000000, 0x00000007ff000000| Untracked 
|1994|0x00000007ff200000, 0x00000007ff400000, 0x00000007ff400000|100%| O|  |TAMS 0x00000007ff200000, 0x00000007ff200000| Untracked 
|1995|0x00000007ff400000, 0x00000007ff600000, 0x00000007ff600000|100%| O|  |TAMS 0x00000007ff400000, 0x00000007ff400000| Untracked 
|1996|0x00000007ff600000, 0x00000007ff800000, 0x00000007ff800000|100%| O|  |TAMS 0x00000007ff600000, 0x00000007ff600000| Untracked 
|1997|0x00000007ff800000, 0x00000007ffa00000, 0x00000007ffa00000|100%| O|  |TAMS 0x00000007ff800000, 0x00000007ff800000| Untracked 
|1998|0x00000007ffa00000, 0x00000007ffc00000, 0x00000007ffc00000|100%| O|  |TAMS 0x00000007ffa00000, 0x00000007ffa00000| Untracked 
|1999|0x00000007ffc00000, 0x00000007ffe00000, 0x00000007ffe00000|100%| O|  |TAMS 0x00000007ffc00000, 0x00000007ffc00000| Untracked 
|2000|0x00000007ffe00000, 0x0000000800000000, 0x0000000800000000|100%| O|  |TAMS 0x00000007ffe00000, 0x00000007ffe00000| Untracked 

Card table byte_map: [0x000001caa49a0000,0x000001caa5180000] _byte_map_base: 0x000001caa1171000

Marking Bits (Prev, Next): (CMBitMap*) 0x000001ca8ca51460, (CMBitMap*) 0x000001ca8ca51420
 Prev Bits: [0x000001caa97f0000, 0x000001caad678000)
 Next Bits: [0x000001caa5960000, 0x000001caa97e8000)

Polling page: 0x000001ca8a910000

Metaspace:

Usage:
  Non-class:     25.20 MB used.
      Class:      2.91 MB used.
       Both:     28.10 MB used.

Virtual space:
  Non-class space:       64.00 MB reserved,      25.44 MB ( 40%) committed,  1 nodes.
      Class space:        1.00 GB reserved,       3.19 MB ( <1%) committed,  1 nodes.
             Both:        1.06 GB reserved,      28.62 MB (  3%) committed. 

Chunk freelists:
   Non-Class:  1.91 MB
       Class:  802.00 KB
        Both:  2.69 MB

MaxMetaspaceSize: unlimited
CompressedClassSpaceSize: 1.00 GB
Initial GC threshold: 21.00 MB
Current GC threshold: 35.25 MB
CDS: on
MetaspaceReclaimPolicy: balanced
 - commit_granule_bytes: 65536.
 - commit_granule_words: 8192.
 - virtual_space_node_default_size: 8388608.
 - enlarge_chunks_in_place: 1.
 - new_chunks_are_fully_committed: 0.
 - uncommit_free_chunks: 1.
 - use_allocation_guard: 0.


Internal statistics:

num_allocs_failed_limit: 3.
num_arena_births: 628.
num_arena_deaths: 0.
num_vsnodes_births: 2.
num_vsnodes_deaths: 0.
num_space_committed: 458.
num_space_uncommitted: 0.
num_chunks_returned_to_freelist: 3.
num_chunks_taken_from_freelist: 1744.
num_chunk_merges: 3.
num_chunk_splits: 1202.
num_chunks_enlarged: 838.
num_inconsistent_stats: 0.

CodeHeap 'non-profiled nmethods': size=119168Kb used=4943Kb max_used=4943Kb free=114224Kb
 bounds [0x000001ca9c4e0000, 0x000001ca9c9c0000, 0x000001caa3940000]
CodeHeap 'profiled nmethods': size=119104Kb used=17199Kb max_used=17199Kb free=101904Kb
 bounds [0x000001ca94940000, 0x000001ca95a10000, 0x000001ca9bd90000]
CodeHeap 'non-nmethods': size=7488Kb used=3005Kb max_used=3129Kb free=4482Kb
 bounds [0x000001ca9bd90000, 0x000001ca9c0b0000, 0x000001ca9c4e0000]
 total_blobs=8067 nmethods=7528 adapters=446
 compilation: enabled
              stopped_count=0, restarted_count=0
 full_count=0

Compilation events (20 events):
Event: 4.127 Thread 0x000001cab493cc20 nmethod 8419 0x000001ca95a0ad90 code [0x000001ca95a0af40, 0x000001ca95a0b068]
Event: 4.127 Thread 0x000001cab0648f40 nmethod 8418 0x000001ca95a0b110 code [0x000001ca95a0b320, 0x000001ca95a0b628]
Event: 4.128 Thread 0x000001cab4df66c0 nmethod 8416 0x000001ca95a04d90 code [0x000001ca95a055a0, 0x000001ca95a083f8]
Event: 4.128 Thread 0x000001cab4d5e150 nmethod 8235 0x000001ca9c9a8b90 code [0x000001ca9c9a8de0, 0x000001ca9c9a9520]
Event: 4.129 Thread 0x000001cab4d5e150 8236       4       com.sun.tools.javac.code.Types$15::visitClassType (130 bytes)
Event: 4.129 Thread 0x000001cab5072cf0 8217   !   4       com.sun.tools.javac.comp.Resolve::loadClass (83 bytes)
Event: 4.133 Thread 0x000001cab4df66c0 8421       3       lombok.javac.handlers.HandleVal::eq (58 bytes)
Event: 4.133 Thread 0x000001cab4df66c0 nmethod 8421 0x000001ca95a0b910 code [0x000001ca95a0bb80, 0x000001ca95a0c428]
Event: 4.137 Thread 0x000001cab49de610 nmethod 8153 0x000001ca9c9a9b10 code [0x000001ca9c9a9fe0, 0x000001ca9c9af670]
Event: 4.140 Thread 0x000001cab4d5e150 nmethod 8236 0x000001ca9c9b1990 code [0x000001ca9c9b1be0, 0x000001ca9c9b2300]
Event: 4.140 Thread 0x000001cab4d5e150 8224   !   4       com.sun.tools.javac.code.ClassFinder::loadClass (127 bytes)
Event: 4.140 Thread 0x000001cab49de610 8232       4       com.sun.tools.javac.code.Types$16::visitClassType (122 bytes)
Event: 4.145 Thread 0x000001cab0648f40 8422       2       java.lang.invoke.LambdaForm$MH/0x0000000801334400::invoke (42 bytes)
Event: 4.146 Thread 0x000001cab0648f40 nmethod 8422 0x000001ca95a0c790 code [0x000001ca95a0c980, 0x000001ca95a0ce08]
Event: 4.148 Thread 0x000001cab49de610 nmethod 8232 0x000001ca9c9b2890 code [0x000001ca9c9b2aa0, 0x000001ca9c9b3090]
Event: 4.148 Thread 0x000001cab49de610 8250       4       com.sun.tools.javac.code.Symbol::isDeprecated (19 bytes)
Event: 4.148 Thread 0x000001cab49de610 nmethod 8250 0x000001ca9c9b3510 code [0x000001ca9c9b3680, 0x000001ca9c9b3718]
Event: 4.148 Thread 0x000001cab49de610 8243       4       com.sun.tools.javac.comp.Attr::checkId (59 bytes)
Event: 4.150 Thread 0x000001cab49de610 nmethod 8243 0x000001ca9c9b3810 code [0x000001ca9c9b39c0, 0x000001ca9c9b3b68]
Event: 4.150 Thread 0x000001cab49de610 8249       4       com.sun.tools.javac.comp.Attr::checkIdInternal (788 bytes)

GC Heap History (20 events):
Event: 2.390 GC heap after
{Heap after GC invocations=6 (full 0):
 garbage-first heap   total 81920K, used 29907K [0x0000000705e00000, 0x0000000800000000)
  region size 2048K, 1 young (2048K), 1 survivors (2048K)
 Metaspace       used 24307K, committed 24640K, reserved 1114112K
  class space    used 2577K, committed 2752K, reserved 1048576K
}
Event: 2.609 GC heap before
{Heap before GC invocations=6 (full 0):
 garbage-first heap   total 81920K, used 58579K [0x0000000705e00000, 0x0000000800000000)
  region size 2048K, 15 young (30720K), 1 survivors (2048K)
 Metaspace       used 24480K, committed 24832K, reserved 1114112K
  class space    used 2579K, committed 2752K, reserved 1048576K
}
Event: 2.613 GC heap after
{Heap after GC invocations=7 (full 0):
 garbage-first heap   total 81920K, used 38912K [0x0000000705e00000, 0x0000000800000000)
  region size 2048K, 2 young (4096K), 2 survivors (4096K)
 Metaspace       used 24480K, committed 24832K, reserved 1114112K
  class space    used 2579K, committed 2752K, reserved 1048576K
}
Event: 2.721 GC heap before
{Heap before GC invocations=7 (full 0):
 garbage-first heap   total 81920K, used 59392K [0x0000000705e00000, 0x0000000800000000)
  region size 2048K, 12 young (24576K), 2 survivors (4096K)
 Metaspace       used 24908K, committed 25280K, reserved 1114112K
  class space    used 2620K, committed 2816K, reserved 1048576K
}
Event: 2.726 GC heap after
{Heap after GC invocations=8 (full 0):
 garbage-first heap   total 116736K, used 42847K [0x0000000705e00000, 0x0000000800000000)
  region size 2048K, 2 young (4096K), 2 survivors (4096K)
 Metaspace       used 24908K, committed 25280K, reserved 1114112K
  class space    used 2620K, committed 2816K, reserved 1048576K
}
Event: 2.951 GC heap before
{Heap before GC invocations=8 (full 0):
 garbage-first heap   total 116736K, used 81759K [0x0000000705e00000, 0x0000000800000000)
  region size 2048K, 20 young (40960K), 2 survivors (4096K)
 Metaspace       used 25422K, committed 25856K, reserved 1114112K
  class space    used 2646K, committed 2880K, reserved 1048576K
}
Event: 2.963 GC heap after
{Heap after GC invocations=9 (full 0):
 garbage-first heap   total 116736K, used 51107K [0x0000000705e00000, 0x0000000800000000)
  region size 2048K, 3 young (6144K), 3 survivors (6144K)
 Metaspace       used 25422K, committed 25856K, reserved 1114112K
  class space    used 2646K, committed 2880K, reserved 1048576K
}
Event: 3.382 GC heap before
{Heap before GC invocations=9 (full 0):
 garbage-first heap   total 116736K, used 81827K [0x0000000705e00000, 0x0000000800000000)
  region size 2048K, 19 young (38912K), 3 survivors (6144K)
 Metaspace       used 27426K, committed 27840K, reserved 1114112K
  class space    used 2857K, committed 3072K, reserved 1048576K
}
Event: 3.388 GC heap after
{Heap after GC invocations=10 (full 0):
 garbage-first heap   total 116736K, used 52801K [0x0000000705e00000, 0x0000000800000000)
  region size 2048K, 1 young (2048K), 1 survivors (2048K)
 Metaspace       used 27426K, committed 27840K, reserved 1114112K
  class space    used 2857K, committed 3072K, reserved 1048576K
}
Event: 3.514 GC heap before
{Heap before GC invocations=10 (full 0):
 garbage-first heap   total 116736K, used 87617K [0x0000000705e00000, 0x0000000800000000)
  region size 2048K, 18 young (36864K), 1 survivors (2048K)
 Metaspace       used 27629K, committed 28096K, reserved 1114112K
  class space    used 2871K, committed 3136K, reserved 1048576K
}
Event: 3.515 GC heap after
{Heap after GC invocations=11 (full 0):
 garbage-first heap   total 116736K, used 52799K [0x0000000705e00000, 0x0000000800000000)
  region size 2048K, 1 young (2048K), 1 survivors (2048K)
 Metaspace       used 27629K, committed 28096K, reserved 1114112K
  class space    used 2871K, committed 3136K, reserved 1048576K
}
Event: 3.567 GC heap before
{Heap before GC invocations=11 (full 0):
 garbage-first heap   total 116736K, used 87615K [0x0000000705e00000, 0x0000000800000000)
  region size 2048K, 19 young (38912K), 1 survivors (2048K)
 Metaspace       used 27675K, committed 28160K, reserved 1114112K
  class space    used 2876K, committed 3136K, reserved 1048576K
}
Event: 3.569 GC heap after
{Heap after GC invocations=12 (full 0):
 garbage-first heap   total 149504K, used 52538K [0x0000000705e00000, 0x0000000800000000)
  region size 2048K, 1 young (2048K), 1 survivors (2048K)
 Metaspace       used 27675K, committed 28160K, reserved 1114112K
  class space    used 2876K, committed 3136K, reserved 1048576K
}
Event: 3.832 GC heap before
{Heap before GC invocations=12 (full 0):
 garbage-first heap   total 149504K, used 113978K [0x0000000705e00000, 0x0000000800000000)
  region size 2048K, 31 young (63488K), 1 survivors (2048K)
 Metaspace       used 28412K, committed 28928K, reserved 1114112K
  class space    used 2966K, committed 3264K, reserved 1048576K
}
Event: 3.835 GC heap after
{Heap after GC invocations=13 (full 0):
 garbage-first heap   total 149504K, used 53689K [0x0000000705e00000, 0x0000000800000000)
  region size 2048K, 2 young (4096K), 2 survivors (4096K)
 Metaspace       used 28412K, committed 28928K, reserved 1114112K
  class space    used 2966K, committed 3264K, reserved 1048576K
}
Event: 3.932 GC heap before
{Heap before GC invocations=13 (full 0):
 garbage-first heap   total 149504K, used 117177K [0x0000000705e00000, 0x0000000800000000)
  region size 2048K, 33 young (67584K), 2 survivors (4096K)
 Metaspace       used 28577K, committed 29120K, reserved 1114112K
  class space    used 2971K, committed 3264K, reserved 1048576K
}
Event: 3.935 GC heap after
{Heap after GC invocations=14 (full 0):
 garbage-first heap   total 149504K, used 54994K [0x0000000705e00000, 0x0000000800000000)
  region size 2048K, 2 young (4096K), 2 survivors (4096K)
 Metaspace       used 28577K, committed 29120K, reserved 1114112K
  class space    used 2971K, committed 3264K, reserved 1048576K
}
Event: 4.038 GC heap before
{Heap before GC invocations=14 (full 0):
 garbage-first heap   total 149504K, used 120530K [0x0000000705e00000, 0x0000000800000000)
  region size 2048K, 34 young (69632K), 2 survivors (4096K)
 Metaspace       used 28655K, committed 29184K, reserved 1114112K
  class space    used 2975K, committed 3264K, reserved 1048576K
}
Event: 4.043 GC heap after
{Heap after GC invocations=15 (full 0):
 garbage-first heap   total 149504K, used 56150K [0x0000000705e00000, 0x0000000800000000)
  region size 2048K, 3 young (6144K), 3 survivors (6144K)
 Metaspace       used 28655K, committed 29184K, reserved 1114112K
  class space    used 2975K, committed 3264K, reserved 1048576K
}
Event: 4.151 GC heap before
{Heap before GC invocations=15 (full 0):
 garbage-first heap   total 149504K, used 119638K [0x0000000705e00000, 0x0000000800000000)
  region size 2048K, 34 young (69632K), 3 survivors (6144K)
 Metaspace       used 28776K, committed 29312K, reserved 1114112K
  class space    used 2975K, committed 3264K, reserved 1048576K
}

Dll operation events (12 events):
Event: 0.005 Loaded shared library C:\Program Files\Java\jdk-19\bin\java.dll
Event: 0.011 Loaded shared library C:\Program Files\Java\jdk-19\bin\jsvml.dll
Event: 0.039 Loaded shared library C:\Program Files\Java\jdk-19\bin\zip.dll
Event: 0.040 Loaded shared library C:\Program Files\Java\jdk-19\bin\instrument.dll
Event: 0.043 Loaded shared library C:\Program Files\Java\jdk-19\bin\net.dll
Event: 0.044 Loaded shared library C:\Program Files\Java\jdk-19\bin\nio.dll
Event: 0.046 Loaded shared library C:\Program Files\Java\jdk-19\bin\zip.dll
Event: 0.055 Loaded shared library C:\Program Files\JetBrains\IntelliJ IDEA 2022.1.2\bin\breakgen64.dll
Event: 0.060 Loaded shared library C:\Program Files\Java\jdk-19\bin\extnet.dll
Event: 0.105 Loaded shared library C:\Program Files\Java\jdk-19\bin\jimage.dll
Event: 0.149 Loaded shared library C:\Users\99293\AppData\Local\Temp\jansi-2.4.0-de6c80e2752af240-jansi.dll
Event: 0.156 Loaded shared library C:\Program Files\Java\jdk-19\bin\verify.dll

Deoptimization events (20 events):
Event: 4.114 Thread 0x000001ca8c9df240 Uncommon trap: trap_request=0xffffffc6 fr.pc=0x000001ca9c8d6340 relative=0x00000000000002e0
Event: 4.114 Thread 0x000001ca8c9df240 Uncommon trap: reason=bimorphic_or_optimized_type_check action=maybe_recompile pc=0x000001ca9c8d6340 method=lombok.javac.JavacNode.traverse(Llombok/javac/JavacASTVisitor;)V @ 73 c2
Event: 4.114 Thread 0x000001ca8c9df240 DEOPT PACKING pc=0x000001ca9c8d6340 sp=0x000000415edfd4c0
Event: 4.114 Thread 0x000001ca8c9df240 DEOPT UNPACKING pc=0x000001ca9bdf6da3 sp=0x000000415edfd448 mode 2
Event: 4.114 Thread 0x000001ca8c9df240 Uncommon trap: trap_request=0xffffffc6 fr.pc=0x000001ca9c8d6be4 relative=0x0000000000000b84
Event: 4.114 Thread 0x000001ca8c9df240 Uncommon trap: reason=bimorphic_or_optimized_type_check action=maybe_recompile pc=0x000001ca9c8d6be4 method=lombok.javac.JavacNode.traverse(Llombok/javac/JavacASTVisitor;)V @ 113 c2
Event: 4.114 Thread 0x000001ca8c9df240 DEOPT PACKING pc=0x000001ca9c8d6be4 sp=0x000000415edfd3e0
Event: 4.114 Thread 0x000001ca8c9df240 DEOPT UNPACKING pc=0x000001ca9bdf6da3 sp=0x000000415edfd368 mode 2
Event: 4.114 Thread 0x000001ca8c9df240 Uncommon trap: trap_request=0xffffffc6 fr.pc=0x000001ca9c8d6288 relative=0x0000000000000228
Event: 4.114 Thread 0x000001ca8c9df240 Uncommon trap: reason=bimorphic_or_optimized_type_check action=maybe_recompile pc=0x000001ca9c8d6288 method=lombok.javac.JavacNode.traverse(Llombok/javac/JavacASTVisitor;)V @ 193 c2
Event: 4.114 Thread 0x000001ca8c9df240 DEOPT PACKING pc=0x000001ca9c8d6288 sp=0x000000415edfd300
Event: 4.114 Thread 0x000001ca8c9df240 DEOPT UNPACKING pc=0x000001ca9bdf6da3 sp=0x000000415edfd288 mode 2
Event: 4.114 Thread 0x000001ca8c9df240 Uncommon trap: trap_request=0xffffffc6 fr.pc=0x000001ca9c8d6238 relative=0x00000000000001d8
Event: 4.114 Thread 0x000001ca8c9df240 Uncommon trap: reason=bimorphic_or_optimized_type_check action=maybe_recompile pc=0x000001ca9c8d6238 method=lombok.javac.JavacNode.traverse(Llombok/javac/JavacASTVisitor;)V @ 369 c2
Event: 4.114 Thread 0x000001ca8c9df240 DEOPT PACKING pc=0x000001ca9c8d6238 sp=0x000000415edfd220
Event: 4.114 Thread 0x000001ca8c9df240 DEOPT UNPACKING pc=0x000001ca9bdf6da3 sp=0x000000415edfd1a8 mode 2
Event: 4.114 Thread 0x000001ca8c9df240 Uncommon trap: trap_request=0xffffffc6 fr.pc=0x000001ca9c8d6238 relative=0x00000000000001d8
Event: 4.114 Thread 0x000001ca8c9df240 Uncommon trap: reason=bimorphic_or_optimized_type_check action=maybe_recompile pc=0x000001ca9c8d6238 method=lombok.javac.JavacNode.traverse(Llombok/javac/JavacASTVisitor;)V @ 369 c2
Event: 4.114 Thread 0x000001ca8c9df240 DEOPT PACKING pc=0x000001ca9c8d6238 sp=0x000000415edfd140
Event: 4.114 Thread 0x000001ca8c9df240 DEOPT UNPACKING pc=0x000001ca9bdf6da3 sp=0x000000415edfd0c8 mode 2

Classes loaded (20 events):
Event: 3.181 Loading class java/util/Vector$1
Event: 3.181 Loading class java/util/Vector$1 done
Event: 3.183 Loading class java/io/PushbackInputStream
Event: 3.184 Loading class java/io/PushbackInputStream done
Event: 3.268 Loading class java/util/Collections$UnmodifiableSortedSet
Event: 3.268 Loading class java/util/Collections$UnmodifiableSortedSet done
Event: 3.343 Loading class java/util/IdentityHashMap$EntrySet
Event: 3.344 Loading class java/util/IdentityHashMap$EntrySet done
Event: 3.344 Loading class java/util/IdentityHashMap$EntryIterator
Event: 3.344 Loading class java/util/IdentityHashMap$EntryIterator done
Event: 3.344 Loading class java/util/IdentityHashMap$EntryIterator$Entry
Event: 3.344 Loading class java/util/IdentityHashMap$EntryIterator$Entry done
Event: 3.608 Loading class java/util/regex/Pattern$SliceI
Event: 3.608 Loading class java/util/regex/Pattern$SliceI done
Event: 3.649 Loading class java/util/regex/Pattern$Loop
Event: 3.649 Loading class java/util/regex/Pattern$Loop done
Event: 3.649 Loading class java/util/regex/Pattern$Prolog
Event: 3.649 Loading class java/util/regex/Pattern$Prolog done
Event: 3.665 Loading class java/util/regex/Pattern$LazyLoop
Event: 3.665 Loading class java/util/regex/Pattern$LazyLoop done

Classes unloaded (0 events):
No events

Classes redefined (0 events):
No events

Internal exceptions (20 events):
Event: 3.647 Thread 0x000001ca8c9df240 Exception <a 'java/lang/NoSuchMethodError'{0x000000070d306f98}: 'java.lang.Object java.lang.invoke.DirectMethodHandle$Holder.invokeSpecial(java.lang.Object, java.lang.Object, java.lang.Object, long, java.lang.Object)'> (0x000000070d306f98) 
thrown [s\open\src\hotspot\share\interpreter\linkResolver.cpp, line 774]
Event: 3.647 Thread 0x000001ca8c9df240 Exception <a 'java/lang/NoSuchMethodError'{0x000000070d30aee8}: 'java.lang.Object java.lang.invoke.DelegatingMethodHandle$Holder.reinvoke_L(java.lang.Object, java.lang.Object, long, java.lang.Object)'> (0x000000070d30aee8) 
thrown [s\open\src\hotspot\share\interpreter\linkResolver.cpp, line 774]
Event: 3.652 Thread 0x000001ca8c9df240 Exception <a 'java/lang/NoSuchMethodError'{0x000000070d323a80}: 'java.lang.Object java.lang.invoke.DirectMethodHandle$Holder.invokeVirtual(java.lang.Object, java.lang.Object, java.lang.Object, java.lang.Object, java.lang.Object, java.lang.Object, java.lang.Object, java.lang.Object, java.lang.Object, java.lang.Object)'> (0x000000070d323a80) 
thrown [s\open\src\hotspot\share\interpreter\linkResolver.cpp, line 774]
Event: 3.677 Thread 0x000001ca8c9df240 Exception <a 'java/lang/NoSuchMethodError'{0x000000070d053a78}: 'void java.lang.invoke.DirectMethodHandle$Holder.invokeVirtual(java.lang.Object, java.lang.Object)'> (0x000000070d053a78) 
thrown [s\open\src\hotspot\share\interpreter\linkResolver.cpp, line 774]
Event: 3.678 Thread 0x000001ca8c9df240 Exception <a 'java/lang/NoSuchMethodError'{0x000000070d05e310}: 'void java.lang.invoke.DirectMethodHandle$Holder.invokeVirtual(java.lang.Object, java.lang.Object, java.lang.Object, java.lang.Object)'> (0x000000070d05e310) 
thrown [s\open\src\hotspot\share\interpreter\linkResolver.cpp, line 774]
Event: 3.689 Thread 0x000001ca8c9df240 Exception <a 'java/lang/NoSuchMethodError'{0x000000070d106248}: 'java.lang.Object java.lang.invoke.DirectMethodHandle$Holder.invokeVirtual(java.lang.Object, java.lang.Object, java.lang.Object, java.lang.Object, java.lang.Object, java.lang.Object)'> (0x000000070d106248) 
thrown [s\open\src\hotspot\share\interpreter\linkResolver.cpp, line 774]
Event: 3.710 Thread 0x000001ca8c9df240 Exception <a 'java/lang/NoSuchMethodError'{0x000000070cead868}: 'java.lang.Object java.lang.invoke.DirectMethodHandle$Holder.invokeVirtual(java.lang.Object, java.lang.Object, java.lang.Object, java.lang.Object, java.lang.Object)'> (0x000000070cead868) 
thrown [s\open\src\hotspot\share\interpreter\linkResolver.cpp, line 774]
Event: 3.722 Thread 0x000001ca8c9df240 Exception <a 'java/lang/NoSuchMethodError'{0x000000070cd42300}: 'java.lang.Object java.lang.invoke.DirectMethodHandle$Holder.invokeVirtual(java.lang.Object, java.lang.Object, long)'> (0x000000070cd42300) 
thrown [s\open\src\hotspot\share\interpreter\linkResolver.cpp, line 774]
Event: 3.995 Thread 0x000001ca8c9df240 Exception <a 'sun/nio/fs/WindowsException'{0x000000070ae2a358}> (0x000000070ae2a358) 
thrown [s\open\src\hotspot\share\prims\jni.cpp, line 517]
Event: 3.995 Thread 0x000001ca8c9df240 Exception <a 'sun/nio/fs/WindowsException'{0x000000070ae2a678}> (0x000000070ae2a678) 
thrown [s\open\src\hotspot\share\prims\jni.cpp, line 517]
Event: 3.995 Thread 0x000001ca8c9df240 Exception <a 'sun/nio/fs/WindowsException'{0x000000070ae2b5d8}> (0x000000070ae2b5d8) 
thrown [s\open\src\hotspot\share\prims\jni.cpp, line 517]
Event: 3.995 Thread 0x000001ca8c9df240 Exception <a 'sun/nio/fs/WindowsException'{0x000000070ae2b988}> (0x000000070ae2b988) 
thrown [s\open\src\hotspot\share\prims\jni.cpp, line 517]
Event: 3.995 Thread 0x000001ca8c9df240 Exception <a 'sun/nio/fs/WindowsException'{0x000000070ae2c9c8}> (0x000000070ae2c9c8) 
thrown [s\open\src\hotspot\share\prims\jni.cpp, line 517]
Event: 3.995 Thread 0x000001ca8c9df240 Exception <a 'sun/nio/fs/WindowsException'{0x000000070ae2ccf8}> (0x000000070ae2ccf8) 
thrown [s\open\src\hotspot\share\prims\jni.cpp, line 517]
Event: 4.073 Thread 0x000001ca8c9df240 Exception <a 'sun/nio/fs/WindowsException'{0x000000070ca3d1f8}> (0x000000070ca3d1f8) 
thrown [s\open\src\hotspot\share\prims\jni.cpp, line 517]
Event: 4.073 Thread 0x000001ca8c9df240 Exception <a 'sun/nio/fs/WindowsException'{0x000000070ca3d518}> (0x000000070ca3d518) 
thrown [s\open\src\hotspot\share\prims\jni.cpp, line 517]
Event: 4.073 Thread 0x000001ca8c9df240 Exception <a 'sun/nio/fs/WindowsException'{0x000000070ca3e478}> (0x000000070ca3e478) 
thrown [s\open\src\hotspot\share\prims\jni.cpp, line 517]
Event: 4.073 Thread 0x000001ca8c9df240 Exception <a 'sun/nio/fs/WindowsException'{0x000000070ca3e828}> (0x000000070ca3e828) 
thrown [s\open\src\hotspot\share\prims\jni.cpp, line 517]
Event: 4.073 Thread 0x000001ca8c9df240 Exception <a 'sun/nio/fs/WindowsException'{0x000000070ca3f868}> (0x000000070ca3f868) 
thrown [s\open\src\hotspot\share\prims\jni.cpp, line 517]
Event: 4.073 Thread 0x000001ca8c9df240 Exception <a 'sun/nio/fs/WindowsException'{0x000000070ca3fb98}> (0x000000070ca3fb98) 
thrown [s\open\src\hotspot\share\prims\jni.cpp, line 517]

VM Operations (20 events):
Event: 2.963 Executing VM operation: G1CollectForAllocation done
Event: 3.002 Executing VM operation: HandshakeAllThreads
Event: 3.002 Executing VM operation: HandshakeAllThreads done
Event: 3.018 Executing VM operation: ICBufferFull
Event: 3.018 Executing VM operation: ICBufferFull done
Event: 3.382 Executing VM operation: G1CollectForAllocation
Event: 3.388 Executing VM operation: G1CollectForAllocation done
Event: 3.513 Executing VM operation: G1CollectForAllocation
Event: 3.515 Executing VM operation: G1CollectForAllocation done
Event: 3.567 Executing VM operation: G1CollectForAllocation
Event: 3.569 Executing VM operation: G1CollectForAllocation done
Event: 3.831 Executing VM operation: G1CollectForAllocation
Event: 3.835 Executing VM operation: G1CollectForAllocation done
Event: 3.931 Executing VM operation: G1CollectForAllocation
Event: 3.935 Executing VM operation: G1CollectForAllocation done
Event: 4.036 Executing VM operation: ICBufferFull
Event: 4.036 Executing VM operation: ICBufferFull done
Event: 4.038 Executing VM operation: G1CollectForAllocation
Event: 4.043 Executing VM operation: G1CollectForAllocation done
Event: 4.151 Executing VM operation: G1CollectForAllocation

Events (20 events):
Event: 2.291 Thread 0x000001cab064fcf0 flushing nmethod 0x000001ca9541f910
Event: 2.291 Thread 0x000001cab064fcf0 flushing nmethod 0x000001ca95442210
Event: 2.291 Thread 0x000001cab064fcf0 flushing nmethod 0x000001ca95449610
Event: 2.291 Thread 0x000001cab064fcf0 flushing nmethod 0x000001ca9545d490
Event: 2.291 Thread 0x000001cab064fcf0 flushing nmethod 0x000001ca95466090
Event: 2.291 Thread 0x000001cab064fcf0 flushing nmethod 0x000001ca95483710
Event: 2.291 Thread 0x000001cab064fcf0 flushing nmethod 0x000001ca954add90
Event: 2.291 Thread 0x000001cab064fcf0 flushing nmethod 0x000001ca954ae690
Event: 2.291 Thread 0x000001cab064fcf0 flushing nmethod 0x000001ca954b1c90
Event: 2.291 Thread 0x000001cab064fcf0 flushing nmethod 0x000001ca954b2a10
Event: 2.291 Thread 0x000001cab064fcf0 flushing nmethod 0x000001ca954c0790
Event: 2.291 Thread 0x000001cab064fcf0 flushing nmethod 0x000001ca954d9c10
Event: 3.016 Thread 0x000001cab064fcf0 flushing nmethod 0x000001ca953bf590
Event: 3.016 Thread 0x000001cab064fcf0 flushing nmethod 0x000001ca95409410
Event: 3.016 Thread 0x000001cab064fcf0 flushing nmethod 0x000001ca9540c510
Event: 3.016 Thread 0x000001cab064fcf0 flushing nmethod 0x000001ca9540cc90
Event: 3.016 Thread 0x000001cab064fcf0 flushing nmethod 0x000001ca9541ec90
Event: 3.017 Thread 0x000001cab064fcf0 flushing nmethod 0x000001ca95483390
Event: 3.275 Thread 0x000001cab76d2960 Thread exited: 0x000001cab76d2960
Event: 3.516 Thread 0x000001cab76ce6a0 Thread added: 0x000001cab76ce6a0


Dynamic libraries:
0x00007ff7c15a0000 - 0x00007ff7c15b0000 	C:\Program Files\Java\jdk-19\bin\java.exe
0x00007ff9ebed0000 - 0x00007ff9ec0e7000 	C:\WINDOWS\SYSTEM32\ntdll.dll
0x00007ff9eabf0000 - 0x00007ff9eacb4000 	C:\WINDOWS\System32\KERNEL32.DLL
0x00007ff9e9520000 - 0x00007ff9e98cd000 	C:\WINDOWS\System32\KERNELBASE.dll
0x00007ff9e9900000 - 0x00007ff9e9a11000 	C:\WINDOWS\System32\ucrtbase.dll
0x00007ff9d93a0000 - 0x00007ff9d93b8000 	C:\Program Files\Java\jdk-19\bin\jli.dll
0x00007ff9ea2f0000 - 0x00007ff9ea3a2000 	C:\WINDOWS\System32\ADVAPI32.dll
0x00007ff9d8a40000 - 0x00007ff9d8a5b000 	C:\Program Files\Java\jdk-19\bin\VCRUNTIME140.dll
0x00007ff9ea400000 - 0x00007ff9ea4a7000 	C:\WINDOWS\System32\msvcrt.dll
0x00007ff9ebdb0000 - 0x00007ff9ebe59000 	C:\WINDOWS\System32\sechost.dll
0x00007ff9e9300000 - 0x00007ff9e9328000 	C:\WINDOWS\System32\bcrypt.dll
0x00007ff9ea1d0000 - 0x00007ff9ea2e4000 	C:\WINDOWS\System32\RPCRT4.dll
0x00007ff9eb6f0000 - 0x00007ff9eb89e000 	C:\WINDOWS\System32\USER32.dll
0x00007ff9e98d0000 - 0x00007ff9e98f6000 	C:\WINDOWS\System32\win32u.dll
0x00007ff9ea3b0000 - 0x00007ff9ea3d9000 	C:\WINDOWS\System32\GDI32.dll
0x00007ff9d6740000 - 0x00007ff9d69d3000 	C:\WINDOWS\WinSxS\amd64_microsoft.windows.common-controls_6595b64144ccf1df_6.0.22621.3672_none_2713b9d173822955\COMCTL32.dll
0x00007ff9e9ac0000 - 0x00007ff9e9bd9000 	C:\WINDOWS\System32\gdi32full.dll
0x00007ff9e9a20000 - 0x00007ff9e9aba000 	C:\WINDOWS\System32\msvcp_win.dll
0x00007ff9e0b20000 - 0x00007ff9e0b2a000 	C:\WINDOWS\SYSTEM32\VERSION.dll
0x00007ff9eadc0000 - 0x00007ff9eadf1000 	C:\WINDOWS\System32\IMM32.DLL
0x00007ff9e32a0000 - 0x00007ff9e32ac000 	C:\Program Files\Java\jdk-19\bin\vcruntime140_1.dll
0x00007ff9a2230000 - 0x00007ff9a22be000 	C:\Program Files\Java\jdk-19\bin\msvcp140.dll
0x00007ff95ed50000 - 0x00007ff95fa10000 	C:\Program Files\Java\jdk-19\bin\server\jvm.dll
0x00007ff9e2af0000 - 0x00007ff9e2af9000 	C:\WINDOWS\SYSTEM32\WSOCK32.dll
0x00007ff9e2e20000 - 0x00007ff9e2e54000 	C:\WINDOWS\SYSTEM32\WINMM.dll
0x00007ff9ebc30000 - 0x00007ff9ebca1000 	C:\WINDOWS\System32\WS2_32.dll
0x00007ff9e82f0000 - 0x00007ff9e8308000 	C:\WINDOWS\SYSTEM32\kernel.appcore.dll
0x00007ff9e3240000 - 0x00007ff9e324a000 	C:\Program Files\Java\jdk-19\bin\jimage.dll
0x00007ff9e6a30000 - 0x00007ff9e6c62000 	C:\WINDOWS\SYSTEM32\DBGHELP.DLL
0x00007ff9eb8a0000 - 0x00007ff9ebc28000 	C:\WINDOWS\System32\combase.dll
0x00007ff9ebcb0000 - 0x00007ff9ebd87000 	C:\WINDOWS\System32\OLEAUT32.dll
0x00007ff9ddbf0000 - 0x00007ff9ddc22000 	C:\WINDOWS\SYSTEM32\dbgcore.DLL
0x00007ff9e94a0000 - 0x00007ff9e951b000 	C:\WINDOWS\System32\bcryptPrimitives.dll
0x00007ff9e1110000 - 0x00007ff9e111e000 	C:\Program Files\Java\jdk-19\bin\instrument.dll
0x00007ff9cff60000 - 0x00007ff9cff86000 	C:\Program Files\Java\jdk-19\bin\java.dll
0x00007ff971df0000 - 0x00007ff971ec7000 	C:\Program Files\Java\jdk-19\bin\jsvml.dll
0x00007ff9eae90000 - 0x00007ff9eb6ef000 	C:\WINDOWS\System32\SHELL32.dll
0x00007ff9e70f0000 - 0x00007ff9e79ec000 	C:\WINDOWS\SYSTEM32\windows.storage.dll
0x00007ff9e6fa0000 - 0x00007ff9e70df000 	C:\WINDOWS\SYSTEM32\wintypes.dll
0x00007ff9ea0c0000 - 0x00007ff9ea1b4000 	C:\WINDOWS\System32\SHCORE.dll
0x00007ff9eab90000 - 0x00007ff9eabee000 	C:\WINDOWS\System32\shlwapi.dll
0x00007ff9e9100000 - 0x00007ff9e9121000 	C:\WINDOWS\SYSTEM32\profapi.dll
0x00007ff9d0d80000 - 0x00007ff9d0d98000 	C:\Program Files\Java\jdk-19\bin\zip.dll
0x00007ff9d8a20000 - 0x00007ff9d8a33000 	C:\Program Files\Java\jdk-19\bin\net.dll
0x00007ff9e49c0000 - 0x00007ff9e4af6000 	C:\WINDOWS\SYSTEM32\WINHTTP.dll
0x00007ff9e8760000 - 0x00007ff9e87c9000 	C:\WINDOWS\system32\mswsock.dll
0x00007ff9d7360000 - 0x00007ff9d7376000 	C:\Program Files\Java\jdk-19\bin\nio.dll
0x00007ff9ddcb0000 - 0x00007ff9ddcca000 	C:\Program Files\JetBrains\IntelliJ IDEA 2022.1.2\bin\breakgen64.dll
0x00007ff9e30e0000 - 0x00007ff9e30e8000 	C:\Program Files\Java\jdk-19\bin\extnet.dll
0x0000000069ac0000 - 0x0000000069ae4000 	C:\Users\99293\AppData\Local\Temp\jansi-2.4.0-de6c80e2752af240-jansi.dll
0x00007ff9e11c0000 - 0x00007ff9e11d0000 	C:\Program Files\Java\jdk-19\bin\verify.dll

dbghelp: loaded successfully - version: 4.0.5 - missing functions: none
symbol engine: initialized successfully - sym options: 0x614 - pdb path: .;C:\Program Files\Java\jdk-19\bin;C:\WINDOWS\SYSTEM32;C:\WINDOWS\WinSxS\amd64_microsoft.windows.common-controls_6595b64144ccf1df_6.0.22621.3672_none_2713b9d173822955;C:\Program Files\Java\jdk-19\bin\server;C:\Program Files\JetBrains\IntelliJ IDEA 2022.1.2\bin;C:\Users\99293\AppData\Local\Temp

VM Arguments:
jvm_args: -Dmaven.multiModuleProjectDirectory=D:\unitedStates_storage-master\unitedStates_storage -Dmaven.home=C:\Users\99293\.m2\wrapper\dists\apache-maven-3.8.6-bin\1ks0nkde5v1pk9vtc31i9d0lcd\apache-maven-3.8.6 -Dclassworlds.conf=C:\Users\99293\.m2\wrapper\dists\apache-maven-3.8.6-bin\1ks0nkde5v1pk9vtc31i9d0lcd\apache-maven-3.8.6\bin\m2.conf -Dmaven.ext.class.path=C:\Program Files\JetBrains\IntelliJ IDEA 2022.1.2\plugins\maven\lib\maven-event-listener.jar -javaagent:C:\Program Files\JetBrains\IntelliJ IDEA 2022.1.2\lib\idea_rt.jar=57372:C:\Program Files\JetBrains\IntelliJ IDEA 2022.1.2\bin -Dfile.encoding=UTF-8 
java_command: org.codehaus.classworlds.Launcher -Didea.version=2022.1.2 package
java_class_path (initial): C:\Users\99293\.m2\wrapper\dists\apache-maven-3.8.6-bin\1ks0nkde5v1pk9vtc31i9d0lcd\apache-maven-3.8.6\boot\plexus-classworlds-2.6.0.jar;C:\Users\99293\.m2\wrapper\dists\apache-maven-3.8.6-bin\1ks0nkde5v1pk9vtc31i9d0lcd\apache-maven-3.8.6\boot\plexus-classworlds.license
Launcher Type: SUN_STANDARD

[Global flags]
     intx CICompilerCount                          = 12                                        {product} {ergonomic}
     uint ConcGCThreads                            = 3                                         {product} {ergonomic}
     uint G1ConcRefinementThreads                  = 13                                        {product} {ergonomic}
   size_t G1HeapRegionSize                         = 2097152                                   {product} {ergonomic}
    uintx GCDrainStackTargetSize                   = 64                                        {product} {ergonomic}
   size_t InitialHeapSize                          = 264241152                                 {product} {ergonomic}
   size_t MarkStackSize                            = 4194304                                   {product} {ergonomic}
   size_t MaxHeapSize                              = 4196401152                                {product} {ergonomic}
   size_t MaxNewSize                               = 2516582400                                {product} {ergonomic}
   size_t MinHeapDeltaBytes                        = 2097152                                   {product} {ergonomic}
   size_t MinHeapSize                              = 8388608                                   {product} {ergonomic}
    uintx NonNMethodCodeHeapSize                   = 7602480                                {pd product} {ergonomic}
    uintx NonProfiledCodeHeapSize                  = 122027880                              {pd product} {ergonomic}
    uintx ProfiledCodeHeapSize                     = 122027880                              {pd product} {ergonomic}
    uintx ReservedCodeCacheSize                    = 251658240                              {pd product} {ergonomic}
     bool SegmentedCodeCache                       = true                                      {product} {ergonomic}
   size_t SoftMaxHeapSize                          = 4196401152                             {manageable} {ergonomic}
     bool UseCompressedClassPointers               = true                           {product lp64_product} {ergonomic}
     bool UseCompressedOops                        = true                           {product lp64_product} {ergonomic}
     bool UseG1GC                                  = true                                      {product} {ergonomic}
     bool UseLargePagesIndividualAllocation        = false                                  {pd product} {ergonomic}

Logging:
Log output configuration:
 #0: stdout all=warning uptime,level,tags foldmultilines=false
 #1: stderr all=off uptime,level,tags foldmultilines=false

Environment Variables:
JAVA_HOME=C:\Program Files\Java\jdk-19
PATH=C:\Program Files\Common Files\Oracle\Java\javapath;C:\Windows\system32;C:\Windows;C:\Windows\System32\Wbem;C:\Windows\System32\WindowsPowerShell\v1.0\;C:\Windows\System32\OpenSSH\;C:\Program Files (x86)\NVIDIA Corporation\PhysX\Common;C:\Program Files\NVIDIA Corporation\NVIDIA NvDLISR;C:\Program Files\Git\cmd;C:\Program Files (x86)\dotnet\;C:\WINDOWS\system32;C:\WINDOWS;C:\WINDOWS\System32\Wbem;C:\WINDOWS\System32\WindowsPowerShell\v1.0\;C:\WINDOWS\System32\OpenSSH\;C:\Program Files\Java\jdk-19\bin;C:\Users\99293\AppData\Local\Programs\Python\Python311\Scripts\;C:\Users\99293\AppData\Local\Programs\Python\Python311\;C:\Users\99293\AppData\Local\Microsoft\WindowsApps;;C:\Program Files\JetBrains\IntelliJ IDEA 2022.1.2\bin;;C:\Program Files\heroku\bin
USERNAME=ASUS
OS=Windows_NT
PROCESSOR_IDENTIFIER=Intel64 Family 6 Model 154 Stepping 3, GenuineIntel
TMP=C:\Users\99293\AppData\Local\Temp
TEMP=C:\Users\99293\AppData\Local\Temp



---------------  S Y S T E M  ---------------

OS:
 Windows 11 , 64 bit Build 22621 (10.0.22621.3672)
OS uptime: 1 days 1:42 hours
Hyper-V role detected

CPU: total 16 (initial active 16) (8 cores per cpu, 2 threads per core) family 6 model 154 stepping 3 microcode 0x41c, cx8, cmov, fxsr, ht, mmx, 3dnowpref, sse, sse2, sse3, ssse3, sse4.1, sse4.2, popcnt, lzcnt, tsc, tscinvbit, avx, avx2, aes, erms, clmul, bmi1, bmi2, adx, sha, fma, vzeroupper, clflush, clflushopt, clwb, hv, serialize, rdtscp, rdpid, fsrm

Memory: 4k page, system-wide physical 16005M (1807M free)
TotalPageFile size 18053M (AvailPageFile size 28M)
current process WorkingSet (physical memory assigned to process): 385M, peak: 399M
current process commit charge ("private bytes"): 438M, peak: 484M

vm_info: Java HotSpot(TM) 64-Bit Server VM (19.0.2+7-44) for windows-amd64 JRE (19.0.2+7-44), built on 2022-11-30T18:02:09Z by "mach5one" with MS VC++ 17.1 (VS2022)

END.
