#
# There is insufficient memory for the Java Runtime Environment to continue.
# Native memory allocation (malloc) failed to allocate 32744 bytes for Chunk::new
# Possible reasons:
#   The system is out of physical RAM or swap space
#   The process is running with CompressedOops enabled, and the Java Heap may be blocking the growth of the native heap
# Possible solutions:
#   Reduce memory load on the system
#   Increase physical memory or swap space
#   Check if swap backing store is full
#   Decrease Java heap size (-Xmx/-Xms)
#   Decrease number of Java threads
#   Decrease Java thread stack sizes (-Xss)
#   Set larger code cache with -XX:ReservedCodeCacheSize=
#   JVM is running with Zero Based Compressed Oops mode in which the Java heap is
#     placed in the first 32GB address space. The Java Heap base address is the
#     maximum limit for the native heap growth. Please use -XX:HeapBaseMinAddress
#     to set the Java Heap base and to place the Java Heap above 32GB virtual address.
# This output file may be truncated or incomplete.
#
#  Out of Memory Error (arena.cpp:184), pid=22752, tid=13920
#
# JRE version: Java(TM) SE Runtime Environment (19.0.2+7) (build 19.0.2+7-44)
# Java VM: Java HotSpot(TM) 64-Bit Server VM (19.0.2+7-44, mixed mode, sharing, tiered, compressed oops, compressed class ptrs, g1 gc, windows-amd64)
# No core dump will be written. Minidumps are not enabled by default on client versions of Windows
#

---------------  S U M M A R Y ------------

Command Line: C:\Users\99293\AppData\Local\Temp\surefire17470585904868132834\surefirebooter1859512139904968603.jar C:\Users\99293\AppData\Local\Temp\surefire17470585904868132834 2024-09-02T14-12-24_455-jvmRun1 surefire16019510958076167473tmp surefire_03497607272841555335tmp

Host: 12th Gen Intel(R) Core(TM) i7-12650H, 16 cores, 15G,  Windows 11 , 64 bit Build 22621 (10.0.22621.3958)
Time: Mon Sep  2 14:12:24 2024  Windows 11 , 64 bit Build 22621 (10.0.22621.3958) elapsed time: 0.026186 seconds (0d 0h 0m 0s)

---------------  T H R E A D  ---------------

Current thread (0x00000169b18b4900):  JavaThread "C1 CompilerThread0" daemon [_thread_in_native, id=13920, stack(0x0000002f88200000,0x0000002f88300000)]


Current CompileTask:
C1:     26   45   !   3       java.util.concurrent.ConcurrentHashMap::putVal (432 bytes)

Stack: [0x0000002f88200000,0x0000002f88300000]
Native frames: (J=compiled Java code, j=interpreted, Vv=VM code, C=native code)
V  [jvm.dll+0x6ee21a]
V  [jvm.dll+0x85765e]
V  [jvm.dll+0x85904e]
V  [jvm.dll+0x859703]
V  [jvm.dll+0x28298f]
V  [jvm.dll+0xc9adf]
V  [jvm.dll+0xc9e65]
V  [jvm.dll+0x17d3c4]
V  [jvm.dll+0x186b6d]
V  [jvm.dll+0x17e547]
V  [jvm.dll+0x17dc09]
V  [jvm.dll+0x17d827]
V  [jvm.dll+0x17d65b]
V  [jvm.dll+0x1614b9]
V  [jvm.dll+0x16101e]
V  [jvm.dll+0x161208]
V  [jvm.dll+0x160666]
V  [jvm.dll+0x16235d]
V  [jvm.dll+0x25b25a]
V  [jvm.dll+0x2596e8]
V  [jvm.dll+0x807588]
V  [jvm.dll+0x80125a]
V  [jvm.dll+0x6ecf0b]
C  [ucrtbase.dll+0x29333]
C  [KERNEL32.DLL+0x1257d]
C  [ntdll.dll+0x5af28]


---------------  P R O C E S S  ---------------

Threads class SMR info:
_java_thread_list=0x00000169b5cef0b0, length=15, elements={
0x000001698dc4ed10, 0x00000169b189c890, 0x00000169b189d580, 0x00000169b18a32d0,
0x00000169b188b570, 0x00000169b1889ae0, 0x00000169b188a030, 0x00000169b18b0bc0,
0x00000169b18b4900, 0x00000169b188bac0, 0x00000169b1889590, 0x00000169b188a580,
0x00000169b5d9b5b0, 0x00000169b5d9c660, 0x00000169b5d9e7c0
}

Java Threads: ( => current thread )
  0x000001698dc4ed10 JavaThread "main" [_thread_in_native, id=8620, stack(0x0000002f87400000,0x0000002f87500000)]
  0x00000169b189c890 JavaThread "Reference Handler" daemon [_thread_blocked, id=9840, stack(0x0000002f87b00000,0x0000002f87c00000)]
  0x00000169b189d580 JavaThread "Finalizer" daemon [_thread_blocked, id=25008, stack(0x0000002f87c00000,0x0000002f87d00000)]
  0x00000169b18a32d0 JavaThread "Signal Dispatcher" daemon [_thread_blocked, id=20524, stack(0x0000002f87d00000,0x0000002f87e00000)]
  0x00000169b188b570 JavaThread "Attach Listener" daemon [_thread_blocked, id=1448, stack(0x0000002f87e00000,0x0000002f87f00000)]
  0x00000169b1889ae0 JavaThread "Service Thread" daemon [_thread_blocked, id=14740, stack(0x0000002f87f00000,0x0000002f88000000)]
  0x00000169b188a030 JavaThread "Monitor Deflation Thread" daemon [_thread_blocked, id=10132, stack(0x0000002f88000000,0x0000002f88100000)]
  0x00000169b18b0bc0 JavaThread "C2 CompilerThread0" daemon [_thread_in_native, id=6620, stack(0x0000002f88100000,0x0000002f88200000)]
=>0x00000169b18b4900 JavaThread "C1 CompilerThread0" daemon [_thread_in_native, id=13920, stack(0x0000002f88200000,0x0000002f88300000)]
  0x00000169b188bac0 JavaThread "Sweeper thread" daemon [_thread_blocked, id=19988, stack(0x0000002f88300000,0x0000002f88400000)]
  0x00000169b1889590 JavaThread "Notification Thread" daemon [_thread_blocked, id=12444, stack(0x0000002f88400000,0x0000002f88500000)]
  0x00000169b188a580 JavaThread "Common-Cleaner" daemon [_thread_blocked, id=24924, stack(0x0000002f88600000,0x0000002f88700000)]
  0x00000169b5d9b5b0 JavaThread "C1 CompilerThread1" daemon [_thread_in_native, id=20540, stack(0x0000002f88700000,0x0000002f88800000)]
  0x00000169b5d9c660 JavaThread "C1 CompilerThread2" daemon [_thread_in_native, id=15616, stack(0x0000002f88800000,0x0000002f88900000)]
  0x00000169b5d9e7c0 JavaThread "C1 CompilerThread3" daemon [_thread_in_vm, id=23148, stack(0x0000002f88900000,0x0000002f88a00000)]

Other Threads:
  0x00000169b18811a0 VMThread "VM Thread" [stack: 0x0000002f87a00000,0x0000002f87b00000] [id=3260]
  0x00000169b5d1a7f0 WatcherThread "VM Periodic Task Thread" [stack: 0x0000002f88500000,0x0000002f88600000] [id=22036]
  0x000001698dcc18e0 WorkerThread "GC Thread#0" [stack: 0x0000002f87500000,0x0000002f87600000] [id=19628]
  0x000001698dcd2250 ConcurrentGCThread "G1 Main Marker" [stack: 0x0000002f87600000,0x0000002f87700000] [id=1372]
  0x000001698dcd2e20 WorkerThread "G1 Conc#0" [stack: 0x0000002f87700000,0x0000002f87800000] [id=25536]
  0x00000169b173b810 ConcurrentGCThread "G1 Refine#0" [stack: 0x0000002f87800000,0x0000002f87900000] [id=24592]
  0x00000169b173c000 ConcurrentGCThread "G1 Service" [stack: 0x0000002f87900000,0x0000002f87a00000] [id=3132]

Threads with active compile tasks:
C2 CompilerThread0       36   77       4       java.lang.StringLatin1::indexOfChar (33 bytes)
C1 CompilerThread0       36   45   !   3       java.util.concurrent.ConcurrentHashMap::putVal (432 bytes)
C1 CompilerThread1       36   42       3       java.util.ImmutableCollections$SetN::iterator (9 bytes)
C1 CompilerThread2       36   47       3       java.util.concurrent.ConcurrentHashMap::addCount (280 bytes)
C1 CompilerThread3       36   43       3       java.util.ImmutableCollections$SetN$SetNIterator::<init> (36 bytes)

VM state: not at safepoint (normal execution)

VM Mutex/Monitor currently owned by a thread: None

Heap address: 0x0000000705e00000, size: 4002 MB, Compressed Oops mode: Zero based, Oop shift amount: 3

CDS archive(s) mapped at: [0x0000000800000000-0x0000000800c40000-0x0000000800c40000), size 12845056, SharedBaseAddress: 0x0000000800000000, ArchiveRelocationMode: 0.
Compressed class space mapped at: 0x0000000801000000-0x0000000841000000, reserved size: 1073741824
Narrow klass base: 0x0000000800000000, Narrow klass shift: 0, Narrow klass range: 0x100000000

GC Precious Log:
 CardTable entry size: 512
 Card Set container configuration: InlinePtr #cards 4 size 8 Array Of Cards #cards 16 size 48 Howl #buckets 8 coarsen threshold 3686 Howl Bitmap #cards 512 size 80 coarsen threshold 460 Card regions per heap region 1 cards per card region 4096
 CPUs: 16 total, 16 available
 Memory: 16005M
 Large Page Support: Disabled
 NUMA Support: Disabled
 Compressed Oops: Enabled (Zero based)
 Heap Region Size: 2M
 Heap Min Capacity: 8M
 Heap Initial Capacity: 252M
 Heap Max Capacity: 4002M
 Pre-touch: Disabled
 Parallel Workers: 13
 Concurrent Workers: 3
 Concurrent Refinement Workers: 13
 Periodic GC: Disabled

Heap:
 garbage-first heap   total 258048K, used 2048K [0x0000000705e00000, 0x0000000800000000)
  region size 2048K, 2 young (4096K), 0 survivors (0K)
 Metaspace       used 175K, committed 256K, reserved 1114112K
  class space    used 7K, committed 64K, reserved 1048576K

Heap Regions: E=young(eden), S=young(survivor), O=old, HS=humongous(starts), HC=humongous(continues), CS=collection set, F=free, OA=open archive, CA=closed archive, TAMS=top-at-mark-start (previous, next)
|   0|0x0000000705e00000, 0x0000000705e00000, 0x0000000706000000|  0%| F|  |TAMS 0x0000000705e00000, 0x0000000705e00000| Untracked 
|   1|0x0000000706000000, 0x0000000706000000, 0x0000000706200000|  0%| F|  |TAMS 0x0000000706000000, 0x0000000706000000| Untracked 
|   2|0x0000000706200000, 0x0000000706200000, 0x0000000706400000|  0%| F|  |TAMS 0x0000000706200000, 0x0000000706200000| Untracked 
|   3|0x0000000706400000, 0x0000000706400000, 0x0000000706600000|  0%| F|  |TAMS 0x0000000706400000, 0x0000000706400000| Untracked 
|   4|0x0000000706600000, 0x0000000706600000, 0x0000000706800000|  0%| F|  |TAMS 0x0000000706600000, 0x0000000706600000| Untracked 
|   5|0x0000000706800000, 0x0000000706800000, 0x0000000706a00000|  0%| F|  |TAMS 0x0000000706800000, 0x0000000706800000| Untracked 
|   6|0x0000000706a00000, 0x0000000706a00000, 0x0000000706c00000|  0%| F|  |TAMS 0x0000000706a00000, 0x0000000706a00000| Untracked 
|   7|0x0000000706c00000, 0x0000000706c00000, 0x0000000706e00000|  0%| F|  |TAMS 0x0000000706c00000, 0x0000000706c00000| Untracked 
|   8|0x0000000706e00000, 0x0000000706e00000, 0x0000000707000000|  0%| F|  |TAMS 0x0000000706e00000, 0x0000000706e00000| Untracked 
|   9|0x0000000707000000, 0x0000000707000000, 0x0000000707200000|  0%| F|  |TAMS 0x0000000707000000, 0x0000000707000000| Untracked 
|  10|0x0000000707200000, 0x0000000707200000, 0x0000000707400000|  0%| F|  |TAMS 0x0000000707200000, 0x0000000707200000| Untracked 
|  11|0x0000000707400000, 0x0000000707400000, 0x0000000707600000|  0%| F|  |TAMS 0x0000000707400000, 0x0000000707400000| Untracked 
|  12|0x0000000707600000, 0x0000000707600000, 0x0000000707800000|  0%| F|  |TAMS 0x0000000707600000, 0x0000000707600000| Untracked 
|  13|0x0000000707800000, 0x0000000707800000, 0x0000000707a00000|  0%| F|  |TAMS 0x0000000707800000, 0x0000000707800000| Untracked 
|  14|0x0000000707a00000, 0x0000000707a00000, 0x0000000707c00000|  0%| F|  |TAMS 0x0000000707a00000, 0x0000000707a00000| Untracked 
|  15|0x0000000707c00000, 0x0000000707c00000, 0x0000000707e00000|  0%| F|  |TAMS 0x0000000707c00000, 0x0000000707c00000| Untracked 
|  16|0x0000000707e00000, 0x0000000707e00000, 0x0000000708000000|  0%| F|  |TAMS 0x0000000707e00000, 0x0000000707e00000| Untracked 
|  17|0x0000000708000000, 0x0000000708000000, 0x0000000708200000|  0%| F|  |TAMS 0x0000000708000000, 0x0000000708000000| Untracked 
|  18|0x0000000708200000, 0x0000000708200000, 0x0000000708400000|  0%| F|  |TAMS 0x0000000708200000, 0x0000000708200000| Untracked 
|  19|0x0000000708400000, 0x0000000708400000, 0x0000000708600000|  0%| F|  |TAMS 0x0000000708400000, 0x0000000708400000| Untracked 
|  20|0x0000000708600000, 0x0000000708600000, 0x0000000708800000|  0%| F|  |TAMS 0x0000000708600000, 0x0000000708600000| Untracked 
|  21|0x0000000708800000, 0x0000000708800000, 0x0000000708a00000|  0%| F|  |TAMS 0x0000000708800000, 0x0000000708800000| Untracked 
|  22|0x0000000708a00000, 0x0000000708a00000, 0x0000000708c00000|  0%| F|  |TAMS 0x0000000708a00000, 0x0000000708a00000| Untracked 
|  23|0x0000000708c00000, 0x0000000708c00000, 0x0000000708e00000|  0%| F|  |TAMS 0x0000000708c00000, 0x0000000708c00000| Untracked 
|  24|0x0000000708e00000, 0x0000000708e00000, 0x0000000709000000|  0%| F|  |TAMS 0x0000000708e00000, 0x0000000708e00000| Untracked 
|  25|0x0000000709000000, 0x0000000709000000, 0x0000000709200000|  0%| F|  |TAMS 0x0000000709000000, 0x0000000709000000| Untracked 
|  26|0x0000000709200000, 0x0000000709200000, 0x0000000709400000|  0%| F|  |TAMS 0x0000000709200000, 0x0000000709200000| Untracked 
|  27|0x0000000709400000, 0x0000000709400000, 0x0000000709600000|  0%| F|  |TAMS 0x0000000709400000, 0x0000000709400000| Untracked 
|  28|0x0000000709600000, 0x0000000709600000, 0x0000000709800000|  0%| F|  |TAMS 0x0000000709600000, 0x0000000709600000| Untracked 
|  29|0x0000000709800000, 0x0000000709800000, 0x0000000709a00000|  0%| F|  |TAMS 0x0000000709800000, 0x0000000709800000| Untracked 
|  30|0x0000000709a00000, 0x0000000709a00000, 0x0000000709c00000|  0%| F|  |TAMS 0x0000000709a00000, 0x0000000709a00000| Untracked 
|  31|0x0000000709c00000, 0x0000000709c00000, 0x0000000709e00000|  0%| F|  |TAMS 0x0000000709c00000, 0x0000000709c00000| Untracked 
|  32|0x0000000709e00000, 0x0000000709e00000, 0x000000070a000000|  0%| F|  |TAMS 0x0000000709e00000, 0x0000000709e00000| Untracked 
|  33|0x000000070a000000, 0x000000070a000000, 0x000000070a200000|  0%| F|  |TAMS 0x000000070a000000, 0x000000070a000000| Untracked 
|  34|0x000000070a200000, 0x000000070a200000, 0x000000070a400000|  0%| F|  |TAMS 0x000000070a200000, 0x000000070a200000| Untracked 
|  35|0x000000070a400000, 0x000000070a400000, 0x000000070a600000|  0%| F|  |TAMS 0x000000070a400000, 0x000000070a400000| Untracked 
|  36|0x000000070a600000, 0x000000070a600000, 0x000000070a800000|  0%| F|  |TAMS 0x000000070a600000, 0x000000070a600000| Untracked 
|  37|0x000000070a800000, 0x000000070a800000, 0x000000070aa00000|  0%| F|  |TAMS 0x000000070a800000, 0x000000070a800000| Untracked 
|  38|0x000000070aa00000, 0x000000070aa00000, 0x000000070ac00000|  0%| F|  |TAMS 0x000000070aa00000, 0x000000070aa00000| Untracked 
|  39|0x000000070ac00000, 0x000000070ac00000, 0x000000070ae00000|  0%| F|  |TAMS 0x000000070ac00000, 0x000000070ac00000| Untracked 
|  40|0x000000070ae00000, 0x000000070ae00000, 0x000000070b000000|  0%| F|  |TAMS 0x000000070ae00000, 0x000000070ae00000| Untracked 
|  41|0x000000070b000000, 0x000000070b000000, 0x000000070b200000|  0%| F|  |TAMS 0x000000070b000000, 0x000000070b000000| Untracked 
|  42|0x000000070b200000, 0x000000070b200000, 0x000000070b400000|  0%| F|  |TAMS 0x000000070b200000, 0x000000070b200000| Untracked 
|  43|0x000000070b400000, 0x000000070b400000, 0x000000070b600000|  0%| F|  |TAMS 0x000000070b400000, 0x000000070b400000| Untracked 
|  44|0x000000070b600000, 0x000000070b600000, 0x000000070b800000|  0%| F|  |TAMS 0x000000070b600000, 0x000000070b600000| Untracked 
|  45|0x000000070b800000, 0x000000070b800000, 0x000000070ba00000|  0%| F|  |TAMS 0x000000070b800000, 0x000000070b800000| Untracked 
|  46|0x000000070ba00000, 0x000000070ba00000, 0x000000070bc00000|  0%| F|  |TAMS 0x000000070ba00000, 0x000000070ba00000| Untracked 
|  47|0x000000070bc00000, 0x000000070bc00000, 0x000000070be00000|  0%| F|  |TAMS 0x000000070bc00000, 0x000000070bc00000| Untracked 
|  48|0x000000070be00000, 0x000000070be00000, 0x000000070c000000|  0%| F|  |TAMS 0x000000070be00000, 0x000000070be00000| Untracked 
|  49|0x000000070c000000, 0x000000070c000000, 0x000000070c200000|  0%| F|  |TAMS 0x000000070c000000, 0x000000070c000000| Untracked 
|  50|0x000000070c200000, 0x000000070c200000, 0x000000070c400000|  0%| F|  |TAMS 0x000000070c200000, 0x000000070c200000| Untracked 
|  51|0x000000070c400000, 0x000000070c400000, 0x000000070c600000|  0%| F|  |TAMS 0x000000070c400000, 0x000000070c400000| Untracked 
|  52|0x000000070c600000, 0x000000070c600000, 0x000000070c800000|  0%| F|  |TAMS 0x000000070c600000, 0x000000070c600000| Untracked 
|  53|0x000000070c800000, 0x000000070c800000, 0x000000070ca00000|  0%| F|  |TAMS 0x000000070c800000, 0x000000070c800000| Untracked 
|  54|0x000000070ca00000, 0x000000070ca00000, 0x000000070cc00000|  0%| F|  |TAMS 0x000000070ca00000, 0x000000070ca00000| Untracked 
|  55|0x000000070cc00000, 0x000000070cc00000, 0x000000070ce00000|  0%| F|  |TAMS 0x000000070cc00000, 0x000000070cc00000| Untracked 
|  56|0x000000070ce00000, 0x000000070ce00000, 0x000000070d000000|  0%| F|  |TAMS 0x000000070ce00000, 0x000000070ce00000| Untracked 
|  57|0x000000070d000000, 0x000000070d000000, 0x000000070d200000|  0%| F|  |TAMS 0x000000070d000000, 0x000000070d000000| Untracked 
|  58|0x000000070d200000, 0x000000070d200000, 0x000000070d400000|  0%| F|  |TAMS 0x000000070d200000, 0x000000070d200000| Untracked 
|  59|0x000000070d400000, 0x000000070d400000, 0x000000070d600000|  0%| F|  |TAMS 0x000000070d400000, 0x000000070d400000| Untracked 
|  60|0x000000070d600000, 0x000000070d600000, 0x000000070d800000|  0%| F|  |TAMS 0x000000070d600000, 0x000000070d600000| Untracked 
|  61|0x000000070d800000, 0x000000070d800000, 0x000000070da00000|  0%| F|  |TAMS 0x000000070d800000, 0x000000070d800000| Untracked 
|  62|0x000000070da00000, 0x000000070da00000, 0x000000070dc00000|  0%| F|  |TAMS 0x000000070da00000, 0x000000070da00000| Untracked 
|  63|0x000000070dc00000, 0x000000070dc00000, 0x000000070de00000|  0%| F|  |TAMS 0x000000070dc00000, 0x000000070dc00000| Untracked 
|  64|0x000000070de00000, 0x000000070de00000, 0x000000070e000000|  0%| F|  |TAMS 0x000000070de00000, 0x000000070de00000| Untracked 
|  65|0x000000070e000000, 0x000000070e000000, 0x000000070e200000|  0%| F|  |TAMS 0x000000070e000000, 0x000000070e000000| Untracked 
|  66|0x000000070e200000, 0x000000070e200000, 0x000000070e400000|  0%| F|  |TAMS 0x000000070e200000, 0x000000070e200000| Untracked 
|  67|0x000000070e400000, 0x000000070e400000, 0x000000070e600000|  0%| F|  |TAMS 0x000000070e400000, 0x000000070e400000| Untracked 
|  68|0x000000070e600000, 0x000000070e600000, 0x000000070e800000|  0%| F|  |TAMS 0x000000070e600000, 0x000000070e600000| Untracked 
|  69|0x000000070e800000, 0x000000070e800000, 0x000000070ea00000|  0%| F|  |TAMS 0x000000070e800000, 0x000000070e800000| Untracked 
|  70|0x000000070ea00000, 0x000000070ea00000, 0x000000070ec00000|  0%| F|  |TAMS 0x000000070ea00000, 0x000000070ea00000| Untracked 
|  71|0x000000070ec00000, 0x000000070ec00000, 0x000000070ee00000|  0%| F|  |TAMS 0x000000070ec00000, 0x000000070ec00000| Untracked 
|  72|0x000000070ee00000, 0x000000070ee00000, 0x000000070f000000|  0%| F|  |TAMS 0x000000070ee00000, 0x000000070ee00000| Untracked 
|  73|0x000000070f000000, 0x000000070f000000, 0x000000070f200000|  0%| F|  |TAMS 0x000000070f000000, 0x000000070f000000| Untracked 
|  74|0x000000070f200000, 0x000000070f200000, 0x000000070f400000|  0%| F|  |TAMS 0x000000070f200000, 0x000000070f200000| Untracked 
|  75|0x000000070f400000, 0x000000070f400000, 0x000000070f600000|  0%| F|  |TAMS 0x000000070f400000, 0x000000070f400000| Untracked 
|  76|0x000000070f600000, 0x000000070f600000, 0x000000070f800000|  0%| F|  |TAMS 0x000000070f600000, 0x000000070f600000| Untracked 
|  77|0x000000070f800000, 0x000000070f800000, 0x000000070fa00000|  0%| F|  |TAMS 0x000000070f800000, 0x000000070f800000| Untracked 
|  78|0x000000070fa00000, 0x000000070fa00000, 0x000000070fc00000|  0%| F|  |TAMS 0x000000070fa00000, 0x000000070fa00000| Untracked 
|  79|0x000000070fc00000, 0x000000070fc00000, 0x000000070fe00000|  0%| F|  |TAMS 0x000000070fc00000, 0x000000070fc00000| Untracked 
|  80|0x000000070fe00000, 0x000000070fe00000, 0x0000000710000000|  0%| F|  |TAMS 0x000000070fe00000, 0x000000070fe00000| Untracked 
|  81|0x0000000710000000, 0x0000000710000000, 0x0000000710200000|  0%| F|  |TAMS 0x0000000710000000, 0x0000000710000000| Untracked 
|  82|0x0000000710200000, 0x0000000710200000, 0x0000000710400000|  0%| F|  |TAMS 0x0000000710200000, 0x0000000710200000| Untracked 
|  83|0x0000000710400000, 0x0000000710400000, 0x0000000710600000|  0%| F|  |TAMS 0x0000000710400000, 0x0000000710400000| Untracked 
|  84|0x0000000710600000, 0x0000000710600000, 0x0000000710800000|  0%| F|  |TAMS 0x0000000710600000, 0x0000000710600000| Untracked 
|  85|0x0000000710800000, 0x0000000710800000, 0x0000000710a00000|  0%| F|  |TAMS 0x0000000710800000, 0x0000000710800000| Untracked 
|  86|0x0000000710a00000, 0x0000000710a00000, 0x0000000710c00000|  0%| F|  |TAMS 0x0000000710a00000, 0x0000000710a00000| Untracked 
|  87|0x0000000710c00000, 0x0000000710c00000, 0x0000000710e00000|  0%| F|  |TAMS 0x0000000710c00000, 0x0000000710c00000| Untracked 
|  88|0x0000000710e00000, 0x0000000710e00000, 0x0000000711000000|  0%| F|  |TAMS 0x0000000710e00000, 0x0000000710e00000| Untracked 
|  89|0x0000000711000000, 0x0000000711000000, 0x0000000711200000|  0%| F|  |TAMS 0x0000000711000000, 0x0000000711000000| Untracked 
|  90|0x0000000711200000, 0x0000000711200000, 0x0000000711400000|  0%| F|  |TAMS 0x0000000711200000, 0x0000000711200000| Untracked 
|  91|0x0000000711400000, 0x0000000711400000, 0x0000000711600000|  0%| F|  |TAMS 0x0000000711400000, 0x0000000711400000| Untracked 
|  92|0x0000000711600000, 0x0000000711600000, 0x0000000711800000|  0%| F|  |TAMS 0x0000000711600000, 0x0000000711600000| Untracked 
|  93|0x0000000711800000, 0x0000000711800000, 0x0000000711a00000|  0%| F|  |TAMS 0x0000000711800000, 0x0000000711800000| Untracked 
|  94|0x0000000711a00000, 0x0000000711a00000, 0x0000000711c00000|  0%| F|  |TAMS 0x0000000711a00000, 0x0000000711a00000| Untracked 
|  95|0x0000000711c00000, 0x0000000711c00000, 0x0000000711e00000|  0%| F|  |TAMS 0x0000000711c00000, 0x0000000711c00000| Untracked 
|  96|0x0000000711e00000, 0x0000000711e00000, 0x0000000712000000|  0%| F|  |TAMS 0x0000000711e00000, 0x0000000711e00000| Untracked 
|  97|0x0000000712000000, 0x0000000712000000, 0x0000000712200000|  0%| F|  |TAMS 0x0000000712000000, 0x0000000712000000| Untracked 
|  98|0x0000000712200000, 0x0000000712200000, 0x0000000712400000|  0%| F|  |TAMS 0x0000000712200000, 0x0000000712200000| Untracked 
|  99|0x0000000712400000, 0x0000000712400000, 0x0000000712600000|  0%| F|  |TAMS 0x0000000712400000, 0x0000000712400000| Untracked 
| 100|0x0000000712600000, 0x0000000712600000, 0x0000000712800000|  0%| F|  |TAMS 0x0000000712600000, 0x0000000712600000| Untracked 
| 101|0x0000000712800000, 0x0000000712800000, 0x0000000712a00000|  0%| F|  |TAMS 0x0000000712800000, 0x0000000712800000| Untracked 
| 102|0x0000000712a00000, 0x0000000712a00000, 0x0000000712c00000|  0%| F|  |TAMS 0x0000000712a00000, 0x0000000712a00000| Untracked 
| 103|0x0000000712c00000, 0x0000000712c00000, 0x0000000712e00000|  0%| F|  |TAMS 0x0000000712c00000, 0x0000000712c00000| Untracked 
| 104|0x0000000712e00000, 0x0000000712e00000, 0x0000000713000000|  0%| F|  |TAMS 0x0000000712e00000, 0x0000000712e00000| Untracked 
| 105|0x0000000713000000, 0x0000000713000000, 0x0000000713200000|  0%| F|  |TAMS 0x0000000713000000, 0x0000000713000000| Untracked 
| 106|0x0000000713200000, 0x0000000713200000, 0x0000000713400000|  0%| F|  |TAMS 0x0000000713200000, 0x0000000713200000| Untracked 
| 107|0x0000000713400000, 0x0000000713400000, 0x0000000713600000|  0%| F|  |TAMS 0x0000000713400000, 0x0000000713400000| Untracked 
| 108|0x0000000713600000, 0x0000000713600000, 0x0000000713800000|  0%| F|  |TAMS 0x0000000713600000, 0x0000000713600000| Untracked 
| 109|0x0000000713800000, 0x0000000713800000, 0x0000000713a00000|  0%| F|  |TAMS 0x0000000713800000, 0x0000000713800000| Untracked 
| 110|0x0000000713a00000, 0x0000000713a00000, 0x0000000713c00000|  0%| F|  |TAMS 0x0000000713a00000, 0x0000000713a00000| Untracked 
| 111|0x0000000713c00000, 0x0000000713c00000, 0x0000000713e00000|  0%| F|  |TAMS 0x0000000713c00000, 0x0000000713c00000| Untracked 
| 112|0x0000000713e00000, 0x0000000713e00000, 0x0000000714000000|  0%| F|  |TAMS 0x0000000713e00000, 0x0000000713e00000| Untracked 
| 113|0x0000000714000000, 0x0000000714000000, 0x0000000714200000|  0%| F|  |TAMS 0x0000000714000000, 0x0000000714000000| Untracked 
| 114|0x0000000714200000, 0x0000000714200000, 0x0000000714400000|  0%| F|  |TAMS 0x0000000714200000, 0x0000000714200000| Untracked 
| 115|0x0000000714400000, 0x0000000714400000, 0x0000000714600000|  0%| F|  |TAMS 0x0000000714400000, 0x0000000714400000| Untracked 
| 116|0x0000000714600000, 0x0000000714600000, 0x0000000714800000|  0%| F|  |TAMS 0x0000000714600000, 0x0000000714600000| Untracked 
| 117|0x0000000714800000, 0x0000000714800000, 0x0000000714a00000|  0%| F|  |TAMS 0x0000000714800000, 0x0000000714800000| Untracked 
| 118|0x0000000714a00000, 0x0000000714a00000, 0x0000000714c00000|  0%| F|  |TAMS 0x0000000714a00000, 0x0000000714a00000| Untracked 
| 119|0x0000000714c00000, 0x0000000714c00000, 0x0000000714e00000|  0%| F|  |TAMS 0x0000000714c00000, 0x0000000714c00000| Untracked 
| 120|0x0000000714e00000, 0x0000000714e00000, 0x0000000715000000|  0%| F|  |TAMS 0x0000000714e00000, 0x0000000714e00000| Untracked 
| 121|0x0000000715000000, 0x0000000715000000, 0x0000000715200000|  0%| F|  |TAMS 0x0000000715000000, 0x0000000715000000| Untracked 
| 122|0x0000000715200000, 0x0000000715200000, 0x0000000715400000|  0%| F|  |TAMS 0x0000000715200000, 0x0000000715200000| Untracked 
| 123|0x0000000715400000, 0x0000000715400000, 0x0000000715600000|  0%| F|  |TAMS 0x0000000715400000, 0x0000000715400000| Untracked 
| 124|0x0000000715600000, 0x00000007157c61b0, 0x0000000715800000| 88%| E|  |TAMS 0x0000000715600000, 0x0000000715600000| Complete 
| 125|0x0000000715800000, 0x0000000715a00000, 0x0000000715a00000|100%| E|CS|TAMS 0x0000000715800000, 0x0000000715800000| Complete 

Card table byte_map: [0x00000169a5c20000,0x00000169a6400000] _byte_map_base: 0x00000169a23f1000

Marking Bits (Prev, Next): (CMBitMap*) 0x000001698dcc1f10, (CMBitMap*) 0x000001698dcc1f50
 Prev Bits: [0x00000169a6be0000, 0x00000169aaa68000)
 Next Bits: [0x00000169aaa70000, 0x00000169ae8f8000)

Polling page: 0x000001698b930000

Metaspace:

Usage:
  Non-class:    206.29 KB used.
      Class:      8.23 KB used.
       Both:    214.52 KB used.

Virtual space:
  Non-class space:       64.00 MB reserved,     256.00 KB ( <1%) committed,  1 nodes.
      Class space:        1.00 GB reserved,     128.00 KB ( <1%) committed,  1 nodes.
             Both:        1.06 GB reserved,     384.00 KB ( <1%) committed. 

Chunk freelists:
   Non-Class:  3.98 MB
       Class:  3.75 MB
        Both:  7.73 MB

MaxMetaspaceSize: unlimited
CompressedClassSpaceSize: 1.00 GB
Initial GC threshold: 21.00 MB
Current GC threshold: 21.00 MB
CDS: on
MetaspaceReclaimPolicy: balanced
 - commit_granule_bytes: 65536.
 - commit_granule_words: 8192.
 - virtual_space_node_default_size: 8388608.
 - enlarge_chunks_in_place: 1.
 - new_chunks_are_fully_committed: 0.
 - uncommit_free_chunks: 1.
 - use_allocation_guard: 0.


Internal statistics:

num_allocs_failed_limit: 0.
num_arena_births: 4.
num_arena_deaths: 0.
num_vsnodes_births: 2.
num_vsnodes_deaths: 0.
num_space_committed: 7.
num_space_uncommitted: 0.
num_chunks_returned_to_freelist: 0.
num_chunks_taken_from_freelist: 6.
num_chunk_merges: 0.
num_chunk_splits: 3.
num_chunks_enlarged: 2.
num_inconsistent_stats: 0.

CodeHeap 'non-profiled nmethods': size=119168Kb used=19Kb max_used=19Kb free=119148Kb
 bounds [0x000001699d750000, 0x000001699d9c0000, 0x00000169a4bb0000]
CodeHeap 'profiled nmethods': size=119104Kb used=114Kb max_used=114Kb free=118989Kb
 bounds [0x0000016995bb0000, 0x0000016995e20000, 0x000001699d000000]
CodeHeap 'non-nmethods': size=7488Kb used=2837Kb max_used=2851Kb free=4650Kb
 bounds [0x000001699d000000, 0x000001699d2d0000, 0x000001699d750000]
 total_blobs=426 nmethods=96 adapters=238
 compilation: enabled
              stopped_count=0, restarted_count=0
 full_count=0

Compilation events (20 events):
Event: 0.022 Thread 0x00000169b18b4900   28       3       java.util.concurrent.ConcurrentHashMap::tabAt (22 bytes)
Event: 0.023 Thread 0x00000169b18b0bc0 nmethod 17 0x000001699d751010 code [0x000001699d751180, 0x000001699d7511f8]
Event: 0.023 Thread 0x00000169b18b4900 nmethod 28 0x0000016995bb7e10 code [0x0000016995bb7fc0, 0x0000016995bb8298]
Event: 0.023 Thread 0x00000169b18b4900   32       3       java.util.ImmutableCollections$SetN$SetNIterator::next (90 bytes)
Event: 0.023 Thread 0x00000169b18b4900 nmethod 32 0x0000016995bb8390 code [0x0000016995bb8560, 0x0000016995bb8868]
Event: 0.023 Thread 0x00000169b18b4900   29       3       jdk.internal.misc.Unsafe::getReferenceAcquire (7 bytes)
Event: 0.023 Thread 0x00000169b18b4900 nmethod 29 0x0000016995bb8a10 code [0x0000016995bb8ba0, 0x0000016995bb8d18]
Event: 0.023 Thread 0x00000169b18b4900   31       3       java.util.concurrent.ConcurrentHashMap::spread (10 bytes)
Event: 0.023 Thread 0x00000169b18b4900 nmethod 31 0x0000016995bb8d90 code [0x0000016995bb8f20, 0x0000016995bb9018]
Event: 0.023 Thread 0x00000169b18b4900   33       1       java.util.KeyValueHolder::getKey (5 bytes)
Event: 0.023 Thread 0x00000169b18b4900 nmethod 33 0x000001699d751310 code [0x000001699d7514a0, 0x000001699d751578]
Event: 0.023 Thread 0x00000169b18b4900   34       1       java.util.KeyValueHolder::getValue (5 bytes)
Event: 0.023 Thread 0x00000169b18b4900 nmethod 34 0x000001699d751610 code [0x000001699d7517a0, 0x000001699d751878]
Event: 0.023 Thread 0x00000169b18b4900   35       3       java.util.KeyValueHolder::<init> (21 bytes)
Event: 0.023 Thread 0x00000169b18b4900 nmethod 35 0x0000016995bb9090 code [0x0000016995bb9280, 0x0000016995bb9778]
Event: 0.023 Thread 0x00000169b18b4900   36       3       java.util.ImmutableCollections$MapN::probe (60 bytes)
Event: 0.023 Thread 0x00000169b18b4900 nmethod 36 0x0000016995bb9910 code [0x0000016995bb9b00, 0x0000016995bba078]
Event: 0.023 Thread 0x00000169b18b4900   37       3       java.util.Objects::equals (23 bytes)
Event: 0.023 Thread 0x00000169b18b4900 nmethod 37 0x0000016995bba290 code [0x0000016995bba440, 0x0000016995bba6c8]
Event: 0.023 Thread 0x00000169b18b4900   45   !   3       java.util.concurrent.ConcurrentHashMap::putVal (432 bytes)

GC Heap History (0 events):
No events

Dll operation events (2 events):
Event: 0.004 Loaded shared library C:\Program Files\Java\jdk-19\bin\java.dll
Event: 0.010 Loaded shared library C:\Program Files\Java\jdk-19\bin\jsvml.dll

Deoptimization events (0 events):
No events

Classes loaded (0 events):
No events

Classes unloaded (0 events):
No events

Classes redefined (0 events):
No events

Internal exceptions (0 events):
No events

VM Operations (0 events):
No events

Events (10 events):
Event: 0.011 Thread 0x000001698dc4ed10 Thread added: 0x000001698dc4ed10
Event: 0.017 Thread 0x00000169b189c890 Thread added: 0x00000169b189c890
Event: 0.017 Thread 0x00000169b189d580 Thread added: 0x00000169b189d580
Event: 0.018 Thread 0x00000169b18a32d0 Thread added: 0x00000169b18a32d0
Event: 0.018 Thread 0x00000169b188b570 Thread added: 0x00000169b188b570
Event: 0.018 Thread 0x00000169b1889ae0 Thread added: 0x00000169b1889ae0
Event: 0.018 Thread 0x00000169b188a030 Thread added: 0x00000169b188a030
Event: 0.018 Thread 0x00000169b18b0bc0 Thread added: 0x00000169b18b0bc0
Event: 0.018 Thread 0x00000169b18b4900 Thread added: 0x00000169b18b4900
Event: 0.018 Thread 0x00000169b188bac0 Thread added: 0x00000169b188bac0


Dynamic libraries:
0x00007ff6ddbc0000 - 0x00007ff6ddbd0000 	C:\Program Files\Java\jdk-19\bin\java.exe
0x00007ff8dedd0000 - 0x00007ff8defe7000 	C:\WINDOWS\SYSTEM32\ntdll.dll
0x00007ff8dcad0000 - 0x00007ff8dcb94000 	C:\WINDOWS\System32\KERNEL32.DLL
0x00007ff8dc450000 - 0x00007ff8dc7fd000 	C:\WINDOWS\System32\KERNELBASE.dll
0x00007ff8dc330000 - 0x00007ff8dc441000 	C:\WINDOWS\System32\ucrtbase.dll
0x00007ff8a77b0000 - 0x00007ff8a77cb000 	C:\Program Files\Java\jdk-19\bin\VCRUNTIME140.dll
0x00007ff8a81b0000 - 0x00007ff8a81c8000 	C:\Program Files\Java\jdk-19\bin\jli.dll
0x00007ff8de7d0000 - 0x00007ff8de882000 	C:\WINDOWS\System32\ADVAPI32.dll
0x00007ff8ddf60000 - 0x00007ff8de007000 	C:\WINDOWS\System32\msvcrt.dll
0x00007ff8dd480000 - 0x00007ff8dd529000 	C:\WINDOWS\System32\sechost.dll
0x00007ff8dc1e0000 - 0x00007ff8dc208000 	C:\WINDOWS\System32\bcrypt.dll
0x00007ff8dd530000 - 0x00007ff8dd644000 	C:\WINDOWS\System32\RPCRT4.dll
0x00007ff8de4a0000 - 0x00007ff8de64e000 	C:\WINDOWS\System32\USER32.dll
0x00007ff8dc1b0000 - 0x00007ff8dc1d6000 	C:\WINDOWS\System32\win32u.dll
0x00007ff8cb1e0000 - 0x00007ff8cb473000 	C:\WINDOWS\WinSxS\amd64_microsoft.windows.common-controls_6595b64144ccf1df_6.0.22621.3672_none_2713b9d173822955\COMCTL32.dll
0x00007ff8ded30000 - 0x00007ff8ded59000 	C:\WINDOWS\System32\GDI32.dll
0x00007ff8dc210000 - 0x00007ff8dc329000 	C:\WINDOWS\System32\gdi32full.dll
0x00007ff8dca30000 - 0x00007ff8dcaca000 	C:\WINDOWS\System32\msvcp_win.dll
0x00007ff8d3480000 - 0x00007ff8d348a000 	C:\WINDOWS\SYSTEM32\VERSION.dll
0x00007ff8de3a0000 - 0x00007ff8de3d1000 	C:\WINDOWS\System32\IMM32.DLL
0x00007ff8ca300000 - 0x00007ff8ca30c000 	C:\Program Files\Java\jdk-19\bin\vcruntime140_1.dll
0x00007ff87afb0000 - 0x00007ff87b03e000 	C:\Program Files\Java\jdk-19\bin\msvcp140.dll
0x00007ff82cb10000 - 0x00007ff82d7d0000 	C:\Program Files\Java\jdk-19\bin\server\jvm.dll
0x00007ff8d8ad0000 - 0x00007ff8d8ad9000 	C:\WINDOWS\SYSTEM32\WSOCK32.dll
0x00007ff8d4030000 - 0x00007ff8d4064000 	C:\WINDOWS\SYSTEM32\WINMM.dll
0x00007ff8de890000 - 0x00007ff8de901000 	C:\WINDOWS\System32\WS2_32.dll
0x00007ff8db1e0000 - 0x00007ff8db1f8000 	C:\WINDOWS\SYSTEM32\kernel.appcore.dll
0x00007ff8ca2a0000 - 0x00007ff8ca2aa000 	C:\Program Files\Java\jdk-19\bin\jimage.dll
0x00007ff8d9720000 - 0x00007ff8d9952000 	C:\WINDOWS\SYSTEM32\DBGHELP.DLL
0x00007ff8de010000 - 0x00007ff8de39d000 	C:\WINDOWS\System32\combase.dll
0x00007ff8dde80000 - 0x00007ff8ddf57000 	C:\WINDOWS\System32\OLEAUT32.dll
0x00007ff8cf5f0000 - 0x00007ff8cf622000 	C:\WINDOWS\SYSTEM32\dbgcore.DLL
0x00007ff8dc0c0000 - 0x00007ff8dc13b000 	C:\WINDOWS\System32\bcryptPrimitives.dll
0x00007ff89ae30000 - 0x00007ff89ae56000 	C:\Program Files\Java\jdk-19\bin\java.dll
0x00007ff87ab80000 - 0x00007ff87ac57000 	C:\Program Files\Java\jdk-19\bin\jsvml.dll
0x00007ff8dcc10000 - 0x00007ff8dd478000 	C:\WINDOWS\System32\SHELL32.dll
0x00007ff8d9fd0000 - 0x00007ff8da8ce000 	C:\WINDOWS\SYSTEM32\windows.storage.dll
0x00007ff8d9e90000 - 0x00007ff8d9fcf000 	C:\WINDOWS\SYSTEM32\wintypes.dll
0x00007ff8de6d0000 - 0x00007ff8de7c9000 	C:\WINDOWS\System32\SHCORE.dll
0x00007ff8dd670000 - 0x00007ff8dd6ce000 	C:\WINDOWS\System32\shlwapi.dll
0x00007ff8dbff0000 - 0x00007ff8dc011000 	C:\WINDOWS\SYSTEM32\profapi.dll
0x00007ff8935a0000 - 0x00007ff8935b3000 	C:\Program Files\Java\jdk-19\bin\net.dll
0x00007ff8d7830000 - 0x00007ff8d7966000 	C:\WINDOWS\SYSTEM32\WINHTTP.dll
0x00007ff8db650000 - 0x00007ff8db6b9000 	C:\WINDOWS\system32\mswsock.dll
0x00007ff8934a0000 - 0x00007ff8934b6000 	C:\Program Files\Java\jdk-19\bin\nio.dll
0x00007ff8931a0000 - 0x00007ff8931b8000 	C:\Program Files\Java\jdk-19\bin\zip.dll

dbghelp: loaded successfully - version: 4.0.5 - missing functions: none
symbol engine: initialized successfully - sym options: 0x614 - pdb path: .;C:\Program Files\Java\jdk-19\bin;C:\WINDOWS\SYSTEM32;C:\WINDOWS\WinSxS\amd64_microsoft.windows.common-controls_6595b64144ccf1df_6.0.22621.3672_none_2713b9d173822955;C:\Program Files\Java\jdk-19\bin\server

VM Arguments:
java_command: C:\Users\99293\AppData\Local\Temp\surefire17470585904868132834\surefirebooter1859512139904968603.jar C:\Users\99293\AppData\Local\Temp\surefire17470585904868132834 2024-09-02T14-12-24_455-jvmRun1 surefire16019510958076167473tmp surefire_03497607272841555335tmp
java_class_path (initial): C:\Users\99293\AppData\Local\Temp\surefire17470585904868132834\surefirebooter1859512139904968603.jar
Launcher Type: SUN_STANDARD

[Global flags]
     intx CICompilerCount                          = 12                                        {product} {ergonomic}
     uint ConcGCThreads                            = 3                                         {product} {ergonomic}
     uint G1ConcRefinementThreads                  = 13                                        {product} {ergonomic}
   size_t G1HeapRegionSize                         = 2097152                                   {product} {ergonomic}
    uintx GCDrainStackTargetSize                   = 64                                        {product} {ergonomic}
   size_t InitialHeapSize                          = 264241152                                 {product} {ergonomic}
   size_t MarkStackSize                            = 4194304                                   {product} {ergonomic}
   size_t MaxHeapSize                              = 4196401152                                {product} {ergonomic}
   size_t MaxNewSize                               = 2516582400                                {product} {ergonomic}
   size_t MinHeapDeltaBytes                        = 2097152                                   {product} {ergonomic}
   size_t MinHeapSize                              = 8388608                                   {product} {ergonomic}
    uintx NonNMethodCodeHeapSize                   = 7602480                                {pd product} {ergonomic}
    uintx NonProfiledCodeHeapSize                  = 122027880                              {pd product} {ergonomic}
    uintx ProfiledCodeHeapSize                     = 122027880                              {pd product} {ergonomic}
    uintx ReservedCodeCacheSize                    = 251658240                              {pd product} {ergonomic}
     bool SegmentedCodeCache                       = true                                      {product} {ergonomic}
   size_t SoftMaxHeapSize                          = 4196401152                             {manageable} {ergonomic}
     bool UseCompressedClassPointers               = true                           {product lp64_product} {ergonomic}
     bool UseCompressedOops                        = true                           {product lp64_product} {ergonomic}
     bool UseG1GC                                  = true                                      {product} {ergonomic}
     bool UseLargePagesIndividualAllocation        = false                                  {pd product} {ergonomic}

Logging:
Log output configuration:
 #0: stdout all=warning uptime,level,tags foldmultilines=false
 #1: stderr all=off uptime,level,tags foldmultilines=false

Environment Variables:
JAVA_HOME=C:\Program Files\Java\jdk-19
PATH=C:\Program Files\Common Files\Oracle\Java\javapath;C:\Windows\system32;C:\Windows;C:\Windows\System32\Wbem;C:\Windows\System32\WindowsPowerShell\v1.0\;C:\Windows\System32\OpenSSH\;C:\Program Files (x86)\NVIDIA Corporation\PhysX\Common;C:\Program Files\NVIDIA Corporation\NVIDIA NvDLISR;C:\Program Files\Git\cmd;C:\Program Files (x86)\dotnet\;C:\WINDOWS\system32;C:\WINDOWS;C:\WINDOWS\System32\Wbem;C:\WINDOWS\System32\WindowsPowerShell\v1.0\;C:\WINDOWS\System32\OpenSSH\;C:\Program Files\Java\jdk-19\bin;C:\Users\99293\AppData\Local\Programs\Python\Python311\Scripts\;C:\Users\99293\AppData\Local\Programs\Python\Python311\;C:\Users\99293\AppData\Local\Microsoft\WindowsApps;;C:\Program Files\JetBrains\IntelliJ IDEA 2022.1.2\bin;;C:\Program Files\heroku\bin
USERNAME=ASUS
OS=Windows_NT
PROCESSOR_IDENTIFIER=Intel64 Family 6 Model 154 Stepping 3, GenuineIntel
TMP=C:\Users\99293\AppData\Local\Temp
TEMP=C:\Users\99293\AppData\Local\Temp



---------------  S Y S T E M  ---------------

OS:
 Windows 11 , 64 bit Build 22621 (10.0.22621.3958)
OS uptime: 1 days 14:11 hours
Hyper-V role detected

CPU: total 16 (initial active 16) (8 cores per cpu, 2 threads per core) family 6 model 154 stepping 3 microcode 0x41c, cx8, cmov, fxsr, ht, mmx, 3dnowpref, sse, sse2, sse3, ssse3, sse4.1, sse4.2, popcnt, lzcnt, tsc, tscinvbit, avx, avx2, aes, erms, clmul, bmi1, bmi2, adx, sha, fma, vzeroupper, clflush, clflushopt, clwb, hv, serialize, rdtscp, rdpid, fsrm

Memory: 4k page, system-wide physical 16005M (2710M free)
TotalPageFile size 18053M (AvailPageFile size 5M)
current process WorkingSet (physical memory assigned to process): 32M, peak: 32M
current process commit charge ("private bytes"): 352M, peak: 352M

vm_info: Java HotSpot(TM) 64-Bit Server VM (19.0.2+7-44) for windows-amd64 JRE (19.0.2+7-44), built on 2022-11-30T18:02:09Z by "mach5one" with MS VC++ 17.1 (VS2022)

END.
