#
# There is insufficient memory for the Java Runtime Environment to continue.
# Native memory allocation (malloc) failed to allocate 32744 bytes for Chunk::new
# Possible reasons:
#   The system is out of physical RAM or swap space
#   The process is running with CompressedOops enabled, and the Java Heap may be blocking the growth of the native heap
# Possible solutions:
#   Reduce memory load on the system
#   Increase physical memory or swap space
#   Check if swap backing store is full
#   Decrease Java heap size (-Xmx/-Xms)
#   Decrease number of Java threads
#   Decrease Java thread stack sizes (-Xss)
#   Set larger code cache with -XX:ReservedCodeCacheSize=
#   JVM is running with Zero Based Compressed Oops mode in which the Java heap is
#     placed in the first 32GB address space. The Java Heap base address is the
#     maximum limit for the native heap growth. Please use -XX:HeapBaseMinAddress
#     to set the Java Heap base and to place the Java Heap above 32GB virtual address.
# This output file may be truncated or incomplete.
#
#  Out of Memory Error (arena.cpp:184), pid=2304, tid=4144
#
# JRE version: Java(TM) SE Runtime Environment (19.0.2+7) (build 19.0.2+7-44)
# Java VM: Java HotSpot(TM) 64-Bit Server VM (19.0.2+7-44, mixed mode, sharing, tiered, compressed oops, compressed class ptrs, g1 gc, windows-amd64)
# No core dump will be written. Minidumps are not enabled by default on client versions of Windows
#

---------------  S U M M A R Y ------------

Command Line: -Dmaven.multiModuleProjectDirectory=D:\unitedStates_storage-master\unitedStates_storage -Dmaven.home=C:\Users\99293\.m2\wrapper\dists\apache-maven-3.8.6-bin\1ks0nkde5v1pk9vtc31i9d0lcd\apache-maven-3.8.6 -Dclassworlds.conf=C:\Users\99293\.m2\wrapper\dists\apache-maven-3.8.6-bin\1ks0nkde5v1pk9vtc31i9d0lcd\apache-maven-3.8.6\bin\m2.conf -Dmaven.ext.class.path=C:\Program Files\JetBrains\IntelliJ IDEA 2022.1.2\plugins\maven\lib\maven-event-listener.jar -javaagent:C:\Program Files\JetBrains\IntelliJ IDEA 2022.1.2\lib\idea_rt.jar=51324:C:\Program Files\JetBrains\IntelliJ IDEA 2022.1.2\bin -Dfile.encoding=UTF-8 org.codehaus.classworlds.Launcher -Didea.version=2022.1.2 package

Host: 12th Gen Intel(R) Core(TM) i7-12650H, 16 cores, 15G,  Windows 11 , 64 bit Build 22621 (10.0.22621.3672)
Time: Wed Jul 17 00:25:23 2024  Windows 11 , 64 bit Build 22621 (10.0.22621.3672) elapsed time: 0.410326 seconds (0d 0h 0m 0s)

---------------  T H R E A D  ---------------

Current thread (0x0000020395502b60):  JavaThread "C2 CompilerThread1" daemon [_thread_in_native, id=4144, stack(0x000000a85fd00000,0x000000a85fe00000)]


Current CompileTask:
C2:    410 1128       4       sun.nio.cs.StreamDecoder::lockedRead (189 bytes)

Stack: [0x000000a85fd00000,0x000000a85fe00000]
Native frames: (J=compiled Java code, j=interpreted, Vv=VM code, C=native code)
V  [jvm.dll+0x6ee21a]
V  [jvm.dll+0x85765e]
V  [jvm.dll+0x85904e]
V  [jvm.dll+0x859703]
V  [jvm.dll+0x28298f]
V  [jvm.dll+0xc9adf]
V  [jvm.dll+0xc9e65]
V  [jvm.dll+0x15161e]
V  [jvm.dll+0x1506a2]
V  [jvm.dll+0x6f3630]
V  [jvm.dll+0x24c7a1]
V  [jvm.dll+0x24b781]
V  [jvm.dll+0x1d6ce1]
V  [jvm.dll+0x25b25a]
V  [jvm.dll+0x2596e8]
V  [jvm.dll+0x807588]
V  [jvm.dll+0x80125a]
V  [jvm.dll+0x6ecf0b]
C  [ucrtbase.dll+0x29333]
C  [KERNEL32.DLL+0x1257d]
C  [ntdll.dll+0x5af28]


---------------  P R O C E S S  ---------------

Threads class SMR info:
_java_thread_list=0x0000020396539c50, length=23, elements={
0x00000203ed0c0200, 0x0000020395002740, 0x0000020395003530, 0x0000020395006330,
0x0000020395007e70, 0x000002039500b8c0, 0x000002039500c1f0, 0x000002039500ce50,
0x00000203950107e0, 0x00000203950133e0, 0x00000203950cda50, 0x00000203950cefe0,
0x00000203951be6f0, 0x000002039524f370, 0x000002039524f8b0, 0x0000020395502b60,
0x0000020395631e10, 0x0000020395c404d0, 0x0000020395c14f40, 0x0000020395771080,
0x0000020395c14750, 0x00000203962eabb0, 0x000002039644e020
}

Java Threads: ( => current thread )
  0x00000203ed0c0200 JavaThread "main" [_thread_in_vm, id=17720, stack(0x000000a85e700000,0x000000a85e800000)]
  0x0000020395002740 JavaThread "Reference Handler" daemon [_thread_blocked, id=18032, stack(0x000000a85ee00000,0x000000a85ef00000)]
  0x0000020395003530 JavaThread "Finalizer" daemon [_thread_blocked, id=26496, stack(0x000000a85ef00000,0x000000a85f000000)]
  0x0000020395006330 JavaThread "Signal Dispatcher" daemon [_thread_blocked, id=24392, stack(0x000000a85f000000,0x000000a85f100000)]
  0x0000020395007e70 JavaThread "Attach Listener" daemon [_thread_blocked, id=11752, stack(0x000000a85f100000,0x000000a85f200000)]
  0x000002039500b8c0 JavaThread "Service Thread" daemon [_thread_blocked, id=2936, stack(0x000000a85f200000,0x000000a85f300000)]
  0x000002039500c1f0 JavaThread "Monitor Deflation Thread" daemon [_thread_blocked, id=23932, stack(0x000000a85f300000,0x000000a85f400000)]
  0x000002039500ce50 JavaThread "C2 CompilerThread0" daemon [_thread_in_native, id=18072, stack(0x000000a85f400000,0x000000a85f500000)]
  0x00000203950107e0 JavaThread "C1 CompilerThread0" daemon [_thread_blocked, id=10068, stack(0x000000a85f500000,0x000000a85f600000)]
  0x00000203950133e0 JavaThread "Sweeper thread" daemon [_thread_blocked, id=10760, stack(0x000000a85f600000,0x000000a85f700000)]
  0x00000203950cda50 JavaThread "C1 CompilerThread1" daemon [_thread_in_native, id=12176, stack(0x000000a85f700000,0x000000a85f800000)]
  0x00000203950cefe0 JavaThread "C1 CompilerThread2" daemon [_thread_in_native, id=23452, stack(0x000000a85f800000,0x000000a85f900000)]
  0x00000203951be6f0 JavaThread "Common-Cleaner" daemon [_thread_blocked, id=8756, stack(0x000000a85f900000,0x000000a85fa00000)]
  0x000002039524f370 JavaThread "Monitor Ctrl-Break" daemon [_thread_in_native, id=3176, stack(0x000000a85fa00000,0x000000a85fb00000)]
  0x000002039524f8b0 JavaThread "Notification Thread" daemon [_thread_blocked, id=22116, stack(0x000000a85fb00000,0x000000a85fc00000)]
=>0x0000020395502b60 JavaThread "C2 CompilerThread1" daemon [_thread_in_native, id=4144, stack(0x000000a85fd00000,0x000000a85fe00000)]
  0x0000020395631e10 JavaThread "C1 CompilerThread3" daemon [_thread_blocked, id=21896, stack(0x000000a85fe00000,0x000000a85ff00000)]
  0x0000020395c404d0 JavaThread "C2 CompilerThread2" daemon [_thread_in_native, id=25668, stack(0x000000a85ff00000,0x000000a860000000)]
  0x0000020395c14f40 JavaThread "C2 CompilerThread3" daemon [_thread_in_native, id=13600, stack(0x000000a860000000,0x000000a860100000)]
  0x0000020395771080 JavaThread "C2 CompilerThread4" daemon [_thread_in_native, id=25972, stack(0x000000a860100000,0x000000a860200000)]
  0x0000020395c14750 JavaThread "C2 CompilerThread5" daemon [_thread_in_native, id=24812, stack(0x000000a860200000,0x000000a860300000)]
  0x00000203962eabb0 JavaThread "C2 CompilerThread6" daemon [_thread_in_native, id=2696, stack(0x000000a860300000,0x000000a860400000)]
  0x000002039644e020 JavaThread "C2 CompilerThread7" daemon [_thread_in_native, id=13412, stack(0x000000a860400000,0x000000a860500000)]

Other Threads:
  0x00000203ff9e95c0 VMThread "VM Thread" [stack: 0x000000a85ed00000,0x000000a85ee00000] [id=11248]
  0x0000020395254aa0 WatcherThread "VM Periodic Task Thread" [stack: 0x000000a85fc00000,0x000000a85fd00000] [id=12408]
  0x00000203ed131bc0 WorkerThread "GC Thread#0" [stack: 0x000000a85e800000,0x000000a85e900000] [id=9724]
  0x0000020395528700 WorkerThread "GC Thread#1" [stack: 0x000000a860500000,0x000000a860600000] [id=8812]
  0x0000020395529240 WorkerThread "GC Thread#2" [stack: 0x000000a860600000,0x000000a860700000] [id=17208]
  0x0000020395527e90 WorkerThread "GC Thread#3" [stack: 0x000000a860700000,0x000000a860800000] [id=16848]
  0x0000020395528430 WorkerThread "GC Thread#4" [stack: 0x000000a860800000,0x000000a860900000] [id=13924]
  0x00000203955289d0 WorkerThread "GC Thread#5" [stack: 0x000000a860900000,0x000000a860a00000] [id=15176]
  0x0000020395528f70 WorkerThread "GC Thread#6" [stack: 0x000000a860a00000,0x000000a860b00000] [id=15888]
  0x0000020395528ca0 WorkerThread "GC Thread#7" [stack: 0x000000a860b00000,0x000000a860c00000] [id=15632]
  0x00000203ed143540 ConcurrentGCThread "G1 Main Marker" [stack: 0x000000a85e900000,0x000000a85ea00000] [id=10972]
  0x00000203ed144110 WorkerThread "G1 Conc#0" [stack: 0x000000a85ea00000,0x000000a85eb00000] [id=15512]
  0x00000203ff8a4ac0 ConcurrentGCThread "G1 Refine#0" [stack: 0x000000a85eb00000,0x000000a85ec00000] [id=25252]
  0x00000203ff8a5600 ConcurrentGCThread "G1 Service" [stack: 0x000000a85ec00000,0x000000a85ed00000] [id=24144]

Threads with active compile tasks:
C2 CompilerThread0      418 1127   !   4       sun.nio.cs.StreamDecoder::read (78 bytes)
C1 CompilerThread1      419 1189       3       java.util.HashMap::tableSizeFor (32 bytes)
C1 CompilerThread2      419 1187       3       sun.nio.cs.StreamDecoder::implRead (243 bytes)
C2 CompilerThread1      419 1128       4       sun.nio.cs.StreamDecoder::lockedRead (189 bytes)
C2 CompilerThread2      419 1131       4       java.io.InputStreamReader::read (11 bytes)
C2 CompilerThread3      419 1132       4       org.codehaus.plexus.util.xml.XmlReader::read (11 bytes)
C2 CompilerThread4      419 1167       4       sun.nio.cs.StreamDecoder::lockedRead0 (95 bytes)
C2 CompilerThread5      419 1133       4       org.codehaus.plexus.util.InterpolationFilterReader::read (477 bytes)
C2 CompilerThread6      419 1134       4       java.io.Reader::read (21 bytes)
C2 CompilerThread7      419 1146   !   4       sun.nio.cs.StreamDecoder::read0 (59 bytes)

VM state: not at safepoint (normal execution)

VM Mutex/Monitor currently owned by a thread:  ([mutex/lock_event])
[0x00000203ed0b8ba0] Metaspace_lock - owner thread: 0x00000203ed0c0200

OutOfMemory and StackOverflow Exception counts:
OutOfMemoryError java_heap_errors=1
LinkageErrors=5

Heap address: 0x0000000705e00000, size: 4002 MB, Compressed Oops mode: Zero based, Oop shift amount: 3

CDS archive(s) mapped at: [0x0000000800000000-0x0000000800c40000-0x0000000800c40000), size 12845056, SharedBaseAddress: 0x0000000800000000, ArchiveRelocationMode: 0.
Compressed class space mapped at: 0x0000000801000000-0x0000000841000000, reserved size: 1073741824
Narrow klass base: 0x0000000800000000, Narrow klass shift: 0, Narrow klass range: 0x100000000

GC Precious Log:
 CardTable entry size: 512
 Card Set container configuration: InlinePtr #cards 4 size 8 Array Of Cards #cards 16 size 48 Howl #buckets 8 coarsen threshold 3686 Howl Bitmap #cards 512 size 80 coarsen threshold 460 Card regions per heap region 1 cards per card region 4096
 CPUs: 16 total, 16 available
 Memory: 16005M
 Large Page Support: Disabled
 NUMA Support: Disabled
 Compressed Oops: Enabled (Zero based)
 Heap Region Size: 2M
 Heap Min Capacity: 8M
 Heap Initial Capacity: 252M
 Heap Max Capacity: 4002M
 Pre-touch: Disabled
 Parallel Workers: 13
 Concurrent Workers: 3
 Concurrent Refinement Workers: 13
 Periodic GC: Disabled

Heap:
 garbage-first heap   total 258048K, used 7899K [0x0000000705e00000, 0x0000000800000000)
  region size 2048K, 5 young (10240K), 2 survivors (4096K)
 Metaspace       used 5465K, committed 5568K, reserved 1114112K
  class space    used 608K, committed 640K, reserved 1048576K

Heap Regions: E=young(eden), S=young(survivor), O=old, HS=humongous(starts), HC=humongous(continues), CS=collection set, F=free, OA=open archive, CA=closed archive, TAMS=top-at-mark-start (previous, next)
|   0|0x0000000705e00000, 0x0000000705e00000, 0x0000000706000000|  0%| F|  |TAMS 0x0000000705e00000, 0x0000000705e00000| Untracked 
|   1|0x0000000706000000, 0x0000000706000000, 0x0000000706200000|  0%| F|  |TAMS 0x0000000706000000, 0x0000000706000000| Untracked 
|   2|0x0000000706200000, 0x0000000706200000, 0x0000000706400000|  0%| F|  |TAMS 0x0000000706200000, 0x0000000706200000| Untracked 
|   3|0x0000000706400000, 0x0000000706400000, 0x0000000706600000|  0%| F|  |TAMS 0x0000000706400000, 0x0000000706400000| Untracked 
|   4|0x0000000706600000, 0x0000000706600000, 0x0000000706800000|  0%| F|  |TAMS 0x0000000706600000, 0x0000000706600000| Untracked 
|   5|0x0000000706800000, 0x0000000706800000, 0x0000000706a00000|  0%| F|  |TAMS 0x0000000706800000, 0x0000000706800000| Untracked 
|   6|0x0000000706a00000, 0x0000000706a00000, 0x0000000706c00000|  0%| F|  |TAMS 0x0000000706a00000, 0x0000000706a00000| Untracked 
|   7|0x0000000706c00000, 0x0000000706c00000, 0x0000000706e00000|  0%| F|  |TAMS 0x0000000706c00000, 0x0000000706c00000| Untracked 
|   8|0x0000000706e00000, 0x0000000706e00000, 0x0000000707000000|  0%| F|  |TAMS 0x0000000706e00000, 0x0000000706e00000| Untracked 
|   9|0x0000000707000000, 0x0000000707000000, 0x0000000707200000|  0%| F|  |TAMS 0x0000000707000000, 0x0000000707000000| Untracked 
|  10|0x0000000707200000, 0x0000000707200000, 0x0000000707400000|  0%| F|  |TAMS 0x0000000707200000, 0x0000000707200000| Untracked 
|  11|0x0000000707400000, 0x0000000707400000, 0x0000000707600000|  0%| F|  |TAMS 0x0000000707400000, 0x0000000707400000| Untracked 
|  12|0x0000000707600000, 0x0000000707600000, 0x0000000707800000|  0%| F|  |TAMS 0x0000000707600000, 0x0000000707600000| Untracked 
|  13|0x0000000707800000, 0x0000000707800000, 0x0000000707a00000|  0%| F|  |TAMS 0x0000000707800000, 0x0000000707800000| Untracked 
|  14|0x0000000707a00000, 0x0000000707a00000, 0x0000000707c00000|  0%| F|  |TAMS 0x0000000707a00000, 0x0000000707a00000| Untracked 
|  15|0x0000000707c00000, 0x0000000707c00000, 0x0000000707e00000|  0%| F|  |TAMS 0x0000000707c00000, 0x0000000707c00000| Untracked 
|  16|0x0000000707e00000, 0x0000000707e00000, 0x0000000708000000|  0%| F|  |TAMS 0x0000000707e00000, 0x0000000707e00000| Untracked 
|  17|0x0000000708000000, 0x0000000708000000, 0x0000000708200000|  0%| F|  |TAMS 0x0000000708000000, 0x0000000708000000| Untracked 
|  18|0x0000000708200000, 0x0000000708200000, 0x0000000708400000|  0%| F|  |TAMS 0x0000000708200000, 0x0000000708200000| Untracked 
|  19|0x0000000708400000, 0x0000000708400000, 0x0000000708600000|  0%| F|  |TAMS 0x0000000708400000, 0x0000000708400000| Untracked 
|  20|0x0000000708600000, 0x0000000708600000, 0x0000000708800000|  0%| F|  |TAMS 0x0000000708600000, 0x0000000708600000| Untracked 
|  21|0x0000000708800000, 0x0000000708800000, 0x0000000708a00000|  0%| F|  |TAMS 0x0000000708800000, 0x0000000708800000| Untracked 
|  22|0x0000000708a00000, 0x0000000708a00000, 0x0000000708c00000|  0%| F|  |TAMS 0x0000000708a00000, 0x0000000708a00000| Untracked 
|  23|0x0000000708c00000, 0x0000000708c00000, 0x0000000708e00000|  0%| F|  |TAMS 0x0000000708c00000, 0x0000000708c00000| Untracked 
|  24|0x0000000708e00000, 0x0000000708e00000, 0x0000000709000000|  0%| F|  |TAMS 0x0000000708e00000, 0x0000000708e00000| Untracked 
|  25|0x0000000709000000, 0x0000000709000000, 0x0000000709200000|  0%| F|  |TAMS 0x0000000709000000, 0x0000000709000000| Untracked 
|  26|0x0000000709200000, 0x0000000709200000, 0x0000000709400000|  0%| F|  |TAMS 0x0000000709200000, 0x0000000709200000| Untracked 
|  27|0x0000000709400000, 0x0000000709400000, 0x0000000709600000|  0%| F|  |TAMS 0x0000000709400000, 0x0000000709400000| Untracked 
|  28|0x0000000709600000, 0x0000000709600000, 0x0000000709800000|  0%| F|  |TAMS 0x0000000709600000, 0x0000000709600000| Untracked 
|  29|0x0000000709800000, 0x0000000709800000, 0x0000000709a00000|  0%| F|  |TAMS 0x0000000709800000, 0x0000000709800000| Untracked 
|  30|0x0000000709a00000, 0x0000000709a00000, 0x0000000709c00000|  0%| F|  |TAMS 0x0000000709a00000, 0x0000000709a00000| Untracked 
|  31|0x0000000709c00000, 0x0000000709c00000, 0x0000000709e00000|  0%| F|  |TAMS 0x0000000709c00000, 0x0000000709c00000| Untracked 
|  32|0x0000000709e00000, 0x0000000709e00000, 0x000000070a000000|  0%| F|  |TAMS 0x0000000709e00000, 0x0000000709e00000| Untracked 
|  33|0x000000070a000000, 0x000000070a000000, 0x000000070a200000|  0%| F|  |TAMS 0x000000070a000000, 0x000000070a000000| Untracked 
|  34|0x000000070a200000, 0x000000070a200000, 0x000000070a400000|  0%| F|  |TAMS 0x000000070a200000, 0x000000070a200000| Untracked 
|  35|0x000000070a400000, 0x000000070a400000, 0x000000070a600000|  0%| F|  |TAMS 0x000000070a400000, 0x000000070a400000| Untracked 
|  36|0x000000070a600000, 0x000000070a600000, 0x000000070a800000|  0%| F|  |TAMS 0x000000070a600000, 0x000000070a600000| Untracked 
|  37|0x000000070a800000, 0x000000070a800000, 0x000000070aa00000|  0%| F|  |TAMS 0x000000070a800000, 0x000000070a800000| Untracked 
|  38|0x000000070aa00000, 0x000000070aa00000, 0x000000070ac00000|  0%| F|  |TAMS 0x000000070aa00000, 0x000000070aa00000| Untracked 
|  39|0x000000070ac00000, 0x000000070ac00000, 0x000000070ae00000|  0%| F|  |TAMS 0x000000070ac00000, 0x000000070ac00000| Untracked 
|  40|0x000000070ae00000, 0x000000070ae00000, 0x000000070b000000|  0%| F|  |TAMS 0x000000070ae00000, 0x000000070ae00000| Untracked 
|  41|0x000000070b000000, 0x000000070b000000, 0x000000070b200000|  0%| F|  |TAMS 0x000000070b000000, 0x000000070b000000| Untracked 
|  42|0x000000070b200000, 0x000000070b200000, 0x000000070b400000|  0%| F|  |TAMS 0x000000070b200000, 0x000000070b200000| Untracked 
|  43|0x000000070b400000, 0x000000070b400000, 0x000000070b600000|  0%| F|  |TAMS 0x000000070b400000, 0x000000070b400000| Untracked 
|  44|0x000000070b600000, 0x000000070b600000, 0x000000070b800000|  0%| F|  |TAMS 0x000000070b600000, 0x000000070b600000| Untracked 
|  45|0x000000070b800000, 0x000000070b800000, 0x000000070ba00000|  0%| F|  |TAMS 0x000000070b800000, 0x000000070b800000| Untracked 
|  46|0x000000070ba00000, 0x000000070ba00000, 0x000000070bc00000|  0%| F|  |TAMS 0x000000070ba00000, 0x000000070ba00000| Untracked 
|  47|0x000000070bc00000, 0x000000070bc00000, 0x000000070be00000|  0%| F|  |TAMS 0x000000070bc00000, 0x000000070bc00000| Untracked 
|  48|0x000000070be00000, 0x000000070be00000, 0x000000070c000000|  0%| F|  |TAMS 0x000000070be00000, 0x000000070be00000| Untracked 
|  49|0x000000070c000000, 0x000000070c000000, 0x000000070c200000|  0%| F|  |TAMS 0x000000070c000000, 0x000000070c000000| Untracked 
|  50|0x000000070c200000, 0x000000070c200000, 0x000000070c400000|  0%| F|  |TAMS 0x000000070c200000, 0x000000070c200000| Untracked 
|  51|0x000000070c400000, 0x000000070c400000, 0x000000070c600000|  0%| F|  |TAMS 0x000000070c400000, 0x000000070c400000| Untracked 
|  52|0x000000070c600000, 0x000000070c600000, 0x000000070c800000|  0%| F|  |TAMS 0x000000070c600000, 0x000000070c600000| Untracked 
|  53|0x000000070c800000, 0x000000070c800000, 0x000000070ca00000|  0%| F|  |TAMS 0x000000070c800000, 0x000000070c800000| Untracked 
|  54|0x000000070ca00000, 0x000000070ca00000, 0x000000070cc00000|  0%| F|  |TAMS 0x000000070ca00000, 0x000000070ca00000| Untracked 
|  55|0x000000070cc00000, 0x000000070cc00000, 0x000000070ce00000|  0%| F|  |TAMS 0x000000070cc00000, 0x000000070cc00000| Untracked 
|  56|0x000000070ce00000, 0x000000070ce00000, 0x000000070d000000|  0%| F|  |TAMS 0x000000070ce00000, 0x000000070ce00000| Untracked 
|  57|0x000000070d000000, 0x000000070d000000, 0x000000070d200000|  0%| F|  |TAMS 0x000000070d000000, 0x000000070d000000| Untracked 
|  58|0x000000070d200000, 0x000000070d200000, 0x000000070d400000|  0%| F|  |TAMS 0x000000070d200000, 0x000000070d200000| Untracked 
|  59|0x000000070d400000, 0x000000070d400000, 0x000000070d600000|  0%| F|  |TAMS 0x000000070d400000, 0x000000070d400000| Untracked 
|  60|0x000000070d600000, 0x000000070d600000, 0x000000070d800000|  0%| F|  |TAMS 0x000000070d600000, 0x000000070d600000| Untracked 
|  61|0x000000070d800000, 0x000000070d800000, 0x000000070da00000|  0%| F|  |TAMS 0x000000070d800000, 0x000000070d800000| Untracked 
|  62|0x000000070da00000, 0x000000070da00000, 0x000000070dc00000|  0%| F|  |TAMS 0x000000070da00000, 0x000000070da00000| Untracked 
|  63|0x000000070dc00000, 0x000000070dc00000, 0x000000070de00000|  0%| F|  |TAMS 0x000000070dc00000, 0x000000070dc00000| Untracked 
|  64|0x000000070de00000, 0x000000070de00000, 0x000000070e000000|  0%| F|  |TAMS 0x000000070de00000, 0x000000070de00000| Untracked 
|  65|0x000000070e000000, 0x000000070e000000, 0x000000070e200000|  0%| F|  |TAMS 0x000000070e000000, 0x000000070e000000| Untracked 
|  66|0x000000070e200000, 0x000000070e200000, 0x000000070e400000|  0%| F|  |TAMS 0x000000070e200000, 0x000000070e200000| Untracked 
|  67|0x000000070e400000, 0x000000070e400000, 0x000000070e600000|  0%| F|  |TAMS 0x000000070e400000, 0x000000070e400000| Untracked 
|  68|0x000000070e600000, 0x000000070e600000, 0x000000070e800000|  0%| F|  |TAMS 0x000000070e600000, 0x000000070e600000| Untracked 
|  69|0x000000070e800000, 0x000000070e800000, 0x000000070ea00000|  0%| F|  |TAMS 0x000000070e800000, 0x000000070e800000| Untracked 
|  70|0x000000070ea00000, 0x000000070ea00000, 0x000000070ec00000|  0%| F|  |TAMS 0x000000070ea00000, 0x000000070ea00000| Untracked 
|  71|0x000000070ec00000, 0x000000070ec00000, 0x000000070ee00000|  0%| F|  |TAMS 0x000000070ec00000, 0x000000070ec00000| Untracked 
|  72|0x000000070ee00000, 0x000000070ee00000, 0x000000070f000000|  0%| F|  |TAMS 0x000000070ee00000, 0x000000070ee00000| Untracked 
|  73|0x000000070f000000, 0x000000070f000000, 0x000000070f200000|  0%| F|  |TAMS 0x000000070f000000, 0x000000070f000000| Untracked 
|  74|0x000000070f200000, 0x000000070f200000, 0x000000070f400000|  0%| F|  |TAMS 0x000000070f200000, 0x000000070f200000| Untracked 
|  75|0x000000070f400000, 0x000000070f400000, 0x000000070f600000|  0%| F|  |TAMS 0x000000070f400000, 0x000000070f400000| Untracked 
|  76|0x000000070f600000, 0x000000070f600000, 0x000000070f800000|  0%| F|  |TAMS 0x000000070f600000, 0x000000070f600000| Untracked 
|  77|0x000000070f800000, 0x000000070f800000, 0x000000070fa00000|  0%| F|  |TAMS 0x000000070f800000, 0x000000070f800000| Untracked 
|  78|0x000000070fa00000, 0x000000070fa00000, 0x000000070fc00000|  0%| F|  |TAMS 0x000000070fa00000, 0x000000070fa00000| Untracked 
|  79|0x000000070fc00000, 0x000000070fc00000, 0x000000070fe00000|  0%| F|  |TAMS 0x000000070fc00000, 0x000000070fc00000| Untracked 
|  80|0x000000070fe00000, 0x000000070fe00000, 0x0000000710000000|  0%| F|  |TAMS 0x000000070fe00000, 0x000000070fe00000| Untracked 
|  81|0x0000000710000000, 0x0000000710000000, 0x0000000710200000|  0%| F|  |TAMS 0x0000000710000000, 0x0000000710000000| Untracked 
|  82|0x0000000710200000, 0x0000000710200000, 0x0000000710400000|  0%| F|  |TAMS 0x0000000710200000, 0x0000000710200000| Untracked 
|  83|0x0000000710400000, 0x0000000710400000, 0x0000000710600000|  0%| F|  |TAMS 0x0000000710400000, 0x0000000710400000| Untracked 
|  84|0x0000000710600000, 0x0000000710600000, 0x0000000710800000|  0%| F|  |TAMS 0x0000000710600000, 0x0000000710600000| Untracked 
|  85|0x0000000710800000, 0x0000000710800000, 0x0000000710a00000|  0%| F|  |TAMS 0x0000000710800000, 0x0000000710800000| Untracked 
|  86|0x0000000710a00000, 0x0000000710a00000, 0x0000000710c00000|  0%| F|  |TAMS 0x0000000710a00000, 0x0000000710a00000| Untracked 
|  87|0x0000000710c00000, 0x0000000710c00000, 0x0000000710e00000|  0%| F|  |TAMS 0x0000000710c00000, 0x0000000710c00000| Untracked 
|  88|0x0000000710e00000, 0x0000000710e00000, 0x0000000711000000|  0%| F|  |TAMS 0x0000000710e00000, 0x0000000710e00000| Untracked 
|  89|0x0000000711000000, 0x0000000711000000, 0x0000000711200000|  0%| F|  |TAMS 0x0000000711000000, 0x0000000711000000| Untracked 
|  90|0x0000000711200000, 0x0000000711200000, 0x0000000711400000|  0%| F|  |TAMS 0x0000000711200000, 0x0000000711200000| Untracked 
|  91|0x0000000711400000, 0x0000000711400000, 0x0000000711600000|  0%| F|  |TAMS 0x0000000711400000, 0x0000000711400000| Untracked 
|  92|0x0000000711600000, 0x0000000711600000, 0x0000000711800000|  0%| F|  |TAMS 0x0000000711600000, 0x0000000711600000| Untracked 
|  93|0x0000000711800000, 0x0000000711800000, 0x0000000711a00000|  0%| F|  |TAMS 0x0000000711800000, 0x0000000711800000| Untracked 
|  94|0x0000000711a00000, 0x0000000711a00000, 0x0000000711c00000|  0%| F|  |TAMS 0x0000000711a00000, 0x0000000711a00000| Untracked 
|  95|0x0000000711c00000, 0x0000000711c00000, 0x0000000711e00000|  0%| F|  |TAMS 0x0000000711c00000, 0x0000000711c00000| Untracked 
|  96|0x0000000711e00000, 0x0000000711e00000, 0x0000000712000000|  0%| F|  |TAMS 0x0000000711e00000, 0x0000000711e00000| Untracked 
|  97|0x0000000712000000, 0x0000000712000000, 0x0000000712200000|  0%| F|  |TAMS 0x0000000712000000, 0x0000000712000000| Untracked 
|  98|0x0000000712200000, 0x0000000712200000, 0x0000000712400000|  0%| F|  |TAMS 0x0000000712200000, 0x0000000712200000| Untracked 
|  99|0x0000000712400000, 0x0000000712400000, 0x0000000712600000|  0%| F|  |TAMS 0x0000000712400000, 0x0000000712400000| Untracked 
| 100|0x0000000712600000, 0x0000000712600000, 0x0000000712800000|  0%| F|  |TAMS 0x0000000712600000, 0x0000000712600000| Untracked 
| 101|0x0000000712800000, 0x0000000712800000, 0x0000000712a00000|  0%| F|  |TAMS 0x0000000712800000, 0x0000000712800000| Untracked 
| 102|0x0000000712a00000, 0x0000000712a00000, 0x0000000712c00000|  0%| F|  |TAMS 0x0000000712a00000, 0x0000000712a00000| Untracked 
| 103|0x0000000712c00000, 0x0000000712c00000, 0x0000000712e00000|  0%| F|  |TAMS 0x0000000712c00000, 0x0000000712c00000| Untracked 
| 104|0x0000000712e00000, 0x0000000712e00000, 0x0000000713000000|  0%| F|  |TAMS 0x0000000712e00000, 0x0000000712e00000| Untracked 
| 105|0x0000000713000000, 0x0000000713000000, 0x0000000713200000|  0%| F|  |TAMS 0x0000000713000000, 0x0000000713000000| Untracked 
| 106|0x0000000713200000, 0x0000000713200000, 0x0000000713400000|  0%| F|  |TAMS 0x0000000713200000, 0x0000000713200000| Untracked 
| 107|0x0000000713400000, 0x0000000713400000, 0x0000000713600000|  0%| F|  |TAMS 0x0000000713400000, 0x0000000713400000| Untracked 
| 108|0x0000000713600000, 0x0000000713600000, 0x0000000713800000|  0%| F|  |TAMS 0x0000000713600000, 0x0000000713600000| Untracked 
| 109|0x0000000713800000, 0x0000000713800000, 0x0000000713a00000|  0%| F|  |TAMS 0x0000000713800000, 0x0000000713800000| Untracked 
| 110|0x0000000713a00000, 0x0000000713a00000, 0x0000000713c00000|  0%| F|  |TAMS 0x0000000713a00000, 0x0000000713a00000| Untracked 
| 111|0x0000000713c00000, 0x0000000713c00000, 0x0000000713e00000|  0%| F|  |TAMS 0x0000000713c00000, 0x0000000713c00000| Untracked 
| 112|0x0000000713e00000, 0x0000000713e00000, 0x0000000714000000|  0%| F|  |TAMS 0x0000000713e00000, 0x0000000713e00000| Untracked 
| 113|0x0000000714000000, 0x00000007141b6d38, 0x0000000714200000| 85%| S|CS|TAMS 0x0000000714000000, 0x0000000714000000| Complete 
| 114|0x0000000714200000, 0x0000000714400000, 0x0000000714400000|100%| S|CS|TAMS 0x0000000714200000, 0x0000000714200000| Complete 
| 115|0x0000000714400000, 0x0000000714400000, 0x0000000714600000|  0%| F|  |TAMS 0x0000000714400000, 0x0000000714400000| Untracked 
| 116|0x0000000714600000, 0x0000000714600000, 0x0000000714800000|  0%| F|  |TAMS 0x0000000714600000, 0x0000000714600000| Untracked 
| 117|0x0000000714800000, 0x0000000714800000, 0x0000000714a00000|  0%| F|  |TAMS 0x0000000714800000, 0x0000000714800000| Untracked 
| 118|0x0000000714a00000, 0x0000000714a00000, 0x0000000714c00000|  0%| F|  |TAMS 0x0000000714a00000, 0x0000000714a00000| Untracked 
| 119|0x0000000714c00000, 0x0000000714c00000, 0x0000000714e00000|  0%| F|  |TAMS 0x0000000714c00000, 0x0000000714c00000| Untracked 
| 120|0x0000000714e00000, 0x0000000714e00000, 0x0000000715000000|  0%| F|  |TAMS 0x0000000714e00000, 0x0000000714e00000| Untracked 
| 121|0x0000000715000000, 0x0000000715000000, 0x0000000715200000|  0%| F|  |TAMS 0x0000000715000000, 0x0000000715000000| Untracked 
| 122|0x0000000715200000, 0x0000000715200000, 0x0000000715400000|  0%| F|  |TAMS 0x0000000715200000, 0x0000000715200000| Untracked 
| 123|0x0000000715400000, 0x00000007155068c0, 0x0000000715600000| 51%| E|  |TAMS 0x0000000715400000, 0x0000000715400000| Complete 
| 124|0x0000000715600000, 0x0000000715800000, 0x0000000715800000|100%| E|CS|TAMS 0x0000000715600000, 0x0000000715600000| Complete 
| 125|0x0000000715800000, 0x0000000715a00000, 0x0000000715a00000|100%| E|CS|TAMS 0x0000000715800000, 0x0000000715800000| Complete 

Card table byte_map: [0x00000203f6080000,0x00000203f6860000] _byte_map_base: 0x00000203f2851000

Marking Bits (Prev, Next): (CMBitMap*) 0x00000203ed133200, (CMBitMap*) 0x00000203ed133240
 Prev Bits: [0x00000203f7040000, 0x00000203faec8000)
 Next Bits: [0x00000203faed0000, 0x00000203fed58000)

Polling page: 0x00000203eb020000

Metaspace:

Usage:
  Non-class:      4.74 MB used.
      Class:    608.45 KB used.
       Both:      5.34 MB used.

Virtual space:
  Non-class space:       64.00 MB reserved,       4.81 MB (  8%) committed,  1 nodes.
      Class space:        1.00 GB reserved,     640.00 KB ( <1%) committed,  1 nodes.
             Both:        1.06 GB reserved,       5.44 MB ( <1%) committed. 

Chunk freelists:
   Non-Class:  1.28 MB
       Class:  3.31 MB
        Both:  4.59 MB

MaxMetaspaceSize: unlimited
CompressedClassSpaceSize: 1.00 GB
Initial GC threshold: 21.00 MB
Current GC threshold: 21.00 MB
CDS: on
MetaspaceReclaimPolicy: balanced
 - commit_granule_bytes: 65536.
 - commit_granule_words: 8192.
 - virtual_space_node_default_size: 8388608.
 - enlarge_chunks_in_place: 1.
 - new_chunks_are_fully_committed: 0.
 - uncommit_free_chunks: 1.
 - use_allocation_guard: 0.


Internal statistics:

num_allocs_failed_limit: 0.
num_arena_births: 46.
num_arena_deaths: 0.
num_vsnodes_births: 2.
num_vsnodes_deaths: 0.
num_space_committed: 87.
num_space_uncommitted: 0.
num_chunks_returned_to_freelist: 0.
num_chunks_taken_from_freelist: 181.
num_chunk_merges: 0.
num_chunk_splits: 128.
num_chunks_enlarged: 109.
num_inconsistent_stats: 0.

CodeHeap 'non-profiled nmethods': size=119168Kb used=350Kb max_used=350Kb free=118817Kb
 bounds [0x0000020387ba0000, 0x0000020387e10000, 0x000002038f000000]
CodeHeap 'profiled nmethods': size=119104Kb used=2293Kb max_used=2293Kb free=116810Kb
 bounds [0x0000020380000000, 0x0000020380270000, 0x0000020387450000]
CodeHeap 'non-nmethods': size=7488Kb used=2964Kb max_used=2968Kb free=4524Kb
 bounds [0x0000020387450000, 0x0000020387740000, 0x0000020387ba0000]
 total_blobs=1632 nmethods=1168 adapters=370
 compilation: enabled
              stopped_count=0, restarted_count=0
 full_count=0

Compilation events (20 events):
Event: 0.383 Thread 0x00000203950cefe0 nmethod 1178% 0x0000020380236010 code [0x00000203802361e0, 0x00000203802365c8]
Event: 0.384 Thread 0x000002039644e020 nmethod 1163 0x0000020387bf5190 code [0x0000020387bf5340, 0x0000020387bf5ae8]
Event: 0.384 Thread 0x000002039644e020 1146   !   4       sun.nio.cs.StreamDecoder::read0 (59 bytes)
Event: 0.385 Thread 0x0000020395631e10 1179       3       org.codehaus.plexus.util.xml.pull.MXParser::require (443 bytes)
Event: 0.386 Thread 0x00000203950cda50 1180       3       java.util.Collections::emptyMap (4 bytes)
Event: 0.386 Thread 0x00000203950cda50 nmethod 1180 0x0000020380236790 code [0x0000020380236920, 0x0000020380236a18]
Event: 0.388 Thread 0x00000203950cda50 1181       3       org.codehaus.plexus.util.InterpolationFilterReader::read (48 bytes)
Event: 0.389 Thread 0x00000203950cda50 nmethod 1181 0x000002038023be10 code [0x000002038023bfe0, 0x000002038023c308]
Event: 0.389 Thread 0x0000020395631e10 nmethod 1179 0x0000020380236a90 code [0x00000203802372a0, 0x000002038023a9e8]
Event: 0.393 Thread 0x00000203950cefe0 1182       3       java.lang.Float::isNaN (12 bytes)
Event: 0.394 Thread 0x00000203950cefe0 nmethod 1182 0x000002038023c490 code [0x000002038023c620, 0x000002038023c798]
Event: 0.395 Thread 0x0000020395631e10 1183       3       org.eclipse.sisu.space.URLClassSpace::deferLoadClass (10 bytes)
Event: 0.395 Thread 0x00000203950cefe0 1184       3       org.eclipse.sisu.space.NamedClass::<init> (15 bytes)
Event: 0.395 Thread 0x00000203950cda50 1185       3       org.eclipse.sisu.space.AbstractDeferredClass::<init> (5 bytes)
Event: 0.395 Thread 0x00000203950cda50 nmethod 1185 0x000002038023c810 code [0x000002038023c9c0, 0x000002038023cb18]
Event: 0.395 Thread 0x00000203950cefe0 nmethod 1184 0x000002038023cc10 code [0x000002038023cdc0, 0x000002038023d058]
Event: 0.395 Thread 0x0000020395631e10 nmethod 1183 0x000002038023d110 code [0x000002038023d2c0, 0x000002038023d618]
Event: 0.398 Thread 0x0000020395771080 nmethod 1177 0x0000020387bf6290 code [0x0000020387bf64e0, 0x0000020387bf7048]
Event: 0.399 Thread 0x0000020395771080 1167       4       sun.nio.cs.StreamDecoder::lockedRead0 (95 bytes)
Event: 0.407 Thread 0x00000203950cefe0 1187       3       sun.nio.cs.StreamDecoder::implRead (243 bytes)

GC Heap History (2 events):
Event: 0.363 GC heap before
{Heap before GC invocations=0 (full 0):
 garbage-first heap   total 258048K, used 22528K [0x0000000705e00000, 0x0000000800000000)
  region size 2048K, 11 young (22528K), 0 survivors (0K)
 Metaspace       used 5301K, committed 5440K, reserved 1114112K
  class space    used 578K, committed 640K, reserved 1048576K
}
Event: 0.366 GC heap after
{Heap after GC invocations=1 (full 0):
 garbage-first heap   total 258048K, used 3803K [0x0000000705e00000, 0x0000000800000000)
  region size 2048K, 2 young (4096K), 2 survivors (4096K)
 Metaspace       used 5301K, committed 5440K, reserved 1114112K
  class space    used 578K, committed 640K, reserved 1048576K
}

Dll operation events (12 events):
Event: 0.005 Loaded shared library C:\Program Files\Java\jdk-19\bin\java.dll
Event: 0.011 Loaded shared library C:\Program Files\Java\jdk-19\bin\jsvml.dll
Event: 0.038 Loaded shared library C:\Program Files\Java\jdk-19\bin\zip.dll
Event: 0.039 Loaded shared library C:\Program Files\Java\jdk-19\bin\instrument.dll
Event: 0.042 Loaded shared library C:\Program Files\Java\jdk-19\bin\net.dll
Event: 0.044 Loaded shared library C:\Program Files\Java\jdk-19\bin\nio.dll
Event: 0.046 Loaded shared library C:\Program Files\Java\jdk-19\bin\zip.dll
Event: 0.056 Loaded shared library C:\Program Files\JetBrains\IntelliJ IDEA 2022.1.2\bin\breakgen64.dll
Event: 0.061 Loaded shared library C:\Program Files\Java\jdk-19\bin\extnet.dll
Event: 0.107 Loaded shared library C:\Program Files\Java\jdk-19\bin\jimage.dll
Event: 0.153 Loaded shared library C:\Users\99293\AppData\Local\Temp\jansi-2.4.0-6dda794bf5f0da7d-jansi.dll
Event: 0.160 Loaded shared library C:\Program Files\Java\jdk-19\bin\verify.dll

Deoptimization events (20 events):
Event: 0.332 Thread 0x00000203ed0c0200 DEOPT PACKING pc=0x0000020387bd130c sp=0x000000a85e7fdde0
Event: 0.332 Thread 0x00000203ed0c0200 DEOPT UNPACKING pc=0x00000203874b6da3 sp=0x000000a85e7fdd80 mode 2
Event: 0.332 Thread 0x00000203ed0c0200 Uncommon trap: trap_request=0xffffff76 fr.pc=0x0000020387bd816c relative=0x00000000000002ac
Event: 0.332 Thread 0x00000203ed0c0200 Uncommon trap: reason=predicate action=maybe_recompile pc=0x0000020387bd816c method=java.util.regex.Pattern$BmpCharPropertyGreedy.match(Ljava/util/regex/Matcher;ILjava/lang/CharSequence;)Z @ 12 c2
Event: 0.332 Thread 0x00000203ed0c0200 DEOPT PACKING pc=0x0000020387bd816c sp=0x000000a85e7fdad0
Event: 0.332 Thread 0x00000203ed0c0200 DEOPT UNPACKING pc=0x00000203874b6da3 sp=0x000000a85e7fda88 mode 2
Event: 0.332 Thread 0x00000203ed0c0200 Uncommon trap: trap_request=0xffffff45 fr.pc=0x0000020387bced50 relative=0x00000000000000b0
Event: 0.332 Thread 0x00000203ed0c0200 Uncommon trap: reason=unstable_if action=reinterpret pc=0x0000020387bced50 method=org.codehaus.plexus.util.xml.pull.MXParser.more()C @ 8 c2
Event: 0.332 Thread 0x00000203ed0c0200 DEOPT PACKING pc=0x0000020387bced50 sp=0x000000a85e7fdf30
Event: 0.332 Thread 0x00000203ed0c0200 DEOPT UNPACKING pc=0x00000203874b6da3 sp=0x000000a85e7fdec0 mode 2
Event: 0.356 Thread 0x00000203ed0c0200 DEOPT PACKING pc=0x000002038006b85e sp=0x000000a85e7fdc00
Event: 0.356 Thread 0x00000203ed0c0200 DEOPT UNPACKING pc=0x00000203874b7543 sp=0x000000a85e7fd0d8 mode 0
Event: 0.401 Thread 0x00000203ed0c0200 Uncommon trap: trap_request=0xffffff45 fr.pc=0x0000020387bf31b8 relative=0x0000000000000598
Event: 0.401 Thread 0x00000203ed0c0200 Uncommon trap: reason=unstable_if action=reinterpret pc=0x0000020387bf31b8 method=sun.nio.cs.StreamDecoder.implRead([CII)I @ 197 c2
Event: 0.401 Thread 0x00000203ed0c0200 DEOPT PACKING pc=0x0000020387bf31b8 sp=0x000000a85e7fd5c0
Event: 0.401 Thread 0x00000203ed0c0200 DEOPT UNPACKING pc=0x00000203874b6da3 sp=0x000000a85e7fd580 mode 2
Event: 0.406 Thread 0x00000203ed0c0200 Uncommon trap: trap_request=0xffffff45 fr.pc=0x0000020387bf6ea4 relative=0x00000000000009c4
Event: 0.406 Thread 0x00000203ed0c0200 Uncommon trap: reason=unstable_if action=reinterpret pc=0x0000020387bf6ea4 method=org.codehaus.plexus.util.xml.pull.MXParser.nextImpl()I @ 241 c2
Event: 0.406 Thread 0x00000203ed0c0200 DEOPT PACKING pc=0x0000020387bf6ea4 sp=0x000000a85e7fe040
Event: 0.406 Thread 0x00000203ed0c0200 DEOPT UNPACKING pc=0x00000203874b6da3 sp=0x000000a85e7fdfb8 mode 2

Classes loaded (20 events):
Event: 0.323 Loading class java/lang/reflect/TypeVariable
Event: 0.323 Loading class java/lang/reflect/TypeVariable done
Event: 0.323 Loading class sun/reflect/generics/tree/FormalTypeParameter
Event: 0.323 Loading class sun/reflect/generics/tree/FormalTypeParameter done
Event: 0.323 Loading class sun/reflect/generics/tree/ClassSignature
Event: 0.323 Loading class sun/reflect/generics/tree/Signature
Event: 0.323 Loading class sun/reflect/generics/tree/Signature done
Event: 0.323 Loading class sun/reflect/generics/tree/ClassSignature done
Event: 0.323 Loading class java/lang/reflect/WildcardType
Event: 0.323 Loading class java/lang/reflect/WildcardType done
Event: 0.324 Loading class sun/reflect/generics/tree/TypeVariableSignature
Event: 0.324 Loading class sun/reflect/generics/tree/TypeVariableSignature done
Event: 0.329 Loading class java/lang/annotation/IncompleteAnnotationException
Event: 0.330 Loading class java/lang/annotation/IncompleteAnnotationException done
Event: 0.345 Loading class java/lang/foreign/MemorySegment
Event: 0.345 Loading class java/lang/foreign/Addressable
Event: 0.345 Loading class java/lang/foreign/Addressable done
Event: 0.345 Loading class java/lang/foreign/MemorySegment done
Event: 0.366 Loading class java/util/concurrent/locks/AbstractQueuedSynchronizer$ExclusiveNode
Event: 0.367 Loading class java/util/concurrent/locks/AbstractQueuedSynchronizer$ExclusiveNode done

Classes unloaded (0 events):
No events

Classes redefined (0 events):
No events

Internal exceptions (14 events):
Event: 0.050 Thread 0x00000203ed0c0200 Exception <a 'java/lang/NoSuchMethodError'{0x00000007156ca920}: 'void java.lang.invoke.DirectMethodHandle$Holder.invokeStatic(java.lang.Object, java.lang.Object, java.lang.Object)'> (0x00000007156ca920) 
thrown [s\open\src\hotspot\share\interpreter\linkResolver.cpp, line 774]
Event: 0.054 Thread 0x00000203ed0c0200 Exception <a 'java/lang/NoSuchMethodError'{0x0000000715753bd0}: 'java.lang.Object java.lang.invoke.Invokers$Holder.invokeExact_MT(java.lang.Object, java.lang.Object, java.lang.Object, java.lang.Object, java.lang.Object)'> (0x0000000715753bd0) 
thrown [s\open\src\hotspot\share\interpreter\linkResolver.cpp, line 774]
Event: 0.062 Thread 0x000002039524f370 Exception <a 'java/lang/NoSuchMethodError'{0x00000007157ca9a8}: 'void java.lang.invoke.DirectMethodHandle$Holder.invokeStatic(java.lang.Object, java.lang.Object)'> (0x00000007157ca9a8) 
thrown [s\open\src\hotspot\share\interpreter\linkResolver.cpp, line 774]
Event: 0.105 Thread 0x00000203ed0c0200 Exception <a 'java/lang/NullPointerException'{0x00000007155e18a8}> (0x00000007155e18a8) 
thrown [s\open\src\hotspot\share\interpreter\linkResolver.cpp, line 1374]
Event: 0.155 Thread 0x00000203ed0c0200 Exception <a 'java/lang/NullPointerException'{0x00000007153a76e8}> (0x00000007153a76e8) 
thrown [s\open\src\hotspot\share\interpreter\linkResolver.cpp, line 1374]
Event: 0.155 Thread 0x00000203ed0c0200 Exception <a 'java/lang/NullPointerException'{0x00000007153a79c8}> (0x00000007153a79c8) 
thrown [s\open\src\hotspot\share\interpreter\linkResolver.cpp, line 1374]
Event: 0.155 Thread 0x00000203ed0c0200 Exception <a 'java/lang/NullPointerException'{0x00000007153a7ca8}> (0x00000007153a7ca8) 
thrown [s\open\src\hotspot\share\interpreter\linkResolver.cpp, line 1374]
Event: 0.155 Thread 0x00000203ed0c0200 Exception <a 'java/lang/NullPointerException'{0x00000007153acf88}> (0x00000007153acf88) 
thrown [s\open\src\hotspot\share\interpreter\linkResolver.cpp, line 1374]
Event: 0.157 Thread 0x00000203ed0c0200 Exception <a 'java/lang/NullPointerException'{0x00000007153c04f0}> (0x00000007153c04f0) 
thrown [s\open\src\hotspot\share\interpreter\linkResolver.cpp, line 1374]
Event: 0.157 Thread 0x00000203ed0c0200 Exception <a 'java/lang/NullPointerException'{0x00000007153c07d0}> (0x00000007153c07d0) 
thrown [s\open\src\hotspot\share\interpreter\linkResolver.cpp, line 1374]
Event: 0.157 Thread 0x00000203ed0c0200 Exception <a 'java/lang/NullPointerException'{0x00000007153c0ab0}> (0x00000007153c0ab0) 
thrown [s\open\src\hotspot\share\interpreter\linkResolver.cpp, line 1374]
Event: 0.157 Thread 0x00000203ed0c0200 Exception <a 'java/lang/NullPointerException'{0x00000007153c0d90}> (0x00000007153c0d90) 
thrown [s\open\src\hotspot\share\interpreter\linkResolver.cpp, line 1374]
Event: 0.312 Thread 0x00000203ed0c0200 Exception <a 'java/lang/NoSuchMethodError'{0x000000071497f728}: 'java.lang.Object java.lang.invoke.DirectMethodHandle$Holder.newInvokeSpecial(java.lang.Object, java.lang.Object, java.lang.Object, java.lang.Object, java.lang.Object)'> (0x000000071497f728) 
thrown [s\open\src\hotspot\share\interpreter\linkResolver.cpp, line 774]
Event: 0.330 Thread 0x00000203ed0c0200 Exception <a 'java/lang/NoClassDefFoundError'{0x00000007146d9b50}: javax/enterprise/inject/Typed> (0x00000007146d9b50) 
thrown [s\open\src\hotspot\share\classfile\systemDictionary.cpp, line 244]

VM Operations (14 events):
Event: 0.033 Executing VM operation: HandshakeAllThreads
Event: 0.033 Executing VM operation: HandshakeAllThreads done
Event: 0.058 Executing VM operation: HandshakeAllThreads
Event: 0.058 Executing VM operation: HandshakeAllThreads done
Event: 0.105 Executing VM operation: HandshakeAllThreads
Event: 0.105 Executing VM operation: HandshakeAllThreads done
Event: 0.109 Executing VM operation: HandshakeAllThreads
Event: 0.109 Executing VM operation: HandshakeAllThreads done
Event: 0.334 Executing VM operation: ICBufferFull
Event: 0.335 Executing VM operation: ICBufferFull done
Event: 0.363 Executing VM operation: G1CollectForAllocation
Event: 0.366 Executing VM operation: G1CollectForAllocation done
Event: 0.367 Executing VM operation: HandshakeAllThreads
Event: 0.367 Executing VM operation: HandshakeAllThreads done

Events (20 events):
Event: 0.018 Thread 0x0000020395006330 Thread added: 0x0000020395006330
Event: 0.018 Thread 0x0000020395007e70 Thread added: 0x0000020395007e70
Event: 0.018 Thread 0x000002039500b8c0 Thread added: 0x000002039500b8c0
Event: 0.018 Thread 0x000002039500c1f0 Thread added: 0x000002039500c1f0
Event: 0.018 Thread 0x000002039500ce50 Thread added: 0x000002039500ce50
Event: 0.018 Thread 0x00000203950107e0 Thread added: 0x00000203950107e0
Event: 0.018 Thread 0x00000203950133e0 Thread added: 0x00000203950133e0
Event: 0.020 Thread 0x00000203950cda50 Thread added: 0x00000203950cda50
Event: 0.021 Thread 0x00000203950cefe0 Thread added: 0x00000203950cefe0
Event: 0.029 Thread 0x00000203951be6f0 Thread added: 0x00000203951be6f0
Event: 0.056 Thread 0x000002039524f370 Thread added: 0x000002039524f370
Event: 0.056 Thread 0x000002039524f8b0 Thread added: 0x000002039524f8b0
Event: 0.144 Thread 0x0000020395502b60 Thread added: 0x0000020395502b60
Event: 0.220 Thread 0x0000020395631e10 Thread added: 0x0000020395631e10
Event: 0.338 Thread 0x0000020395c404d0 Thread added: 0x0000020395c404d0
Event: 0.346 Thread 0x0000020395c14f40 Thread added: 0x0000020395c14f40
Event: 0.346 Thread 0x0000020395771080 Thread added: 0x0000020395771080
Event: 0.353 Thread 0x0000020395c14750 Thread added: 0x0000020395c14750
Event: 0.353 Thread 0x00000203962eabb0 Thread added: 0x00000203962eabb0
Event: 0.353 Thread 0x000002039644e020 Thread added: 0x000002039644e020


Dynamic libraries:
0x00007ff7dfe70000 - 0x00007ff7dfe80000 	C:\Program Files\Java\jdk-19\bin\java.exe
0x00007ffc8fbf0000 - 0x00007ffc8fe07000 	C:\WINDOWS\SYSTEM32\ntdll.dll
0x00007ffc8f310000 - 0x00007ffc8f3d4000 	C:\WINDOWS\System32\KERNEL32.DLL
0x00007ffc8d4b0000 - 0x00007ffc8d85c000 	C:\WINDOWS\System32\KERNELBASE.dll
0x00007ffc8d1b0000 - 0x00007ffc8d2c1000 	C:\WINDOWS\System32\ucrtbase.dll
0x00007ffc7d620000 - 0x00007ffc7d63b000 	C:\Program Files\Java\jdk-19\bin\VCRUNTIME140.dll
0x00007ffc7d530000 - 0x00007ffc7d548000 	C:\Program Files\Java\jdk-19\bin\jli.dll
0x00007ffc8d900000 - 0x00007ffc8d9b2000 	C:\WINDOWS\System32\ADVAPI32.dll
0x00007ffc8f780000 - 0x00007ffc8f827000 	C:\WINDOWS\System32\msvcrt.dll
0x00007ffc8dc40000 - 0x00007ffc8dcea000 	C:\WINDOWS\System32\sechost.dll
0x00007ffc8d390000 - 0x00007ffc8d3b8000 	C:\WINDOWS\System32\bcrypt.dll
0x00007ffc8fa60000 - 0x00007ffc8fb75000 	C:\WINDOWS\System32\RPCRT4.dll
0x00007ffc8f0d0000 - 0x00007ffc8f27e000 	C:\WINDOWS\System32\USER32.dll
0x00007ffc8d180000 - 0x00007ffc8d1a6000 	C:\WINDOWS\System32\win32u.dll
0x00007ffc7a110000 - 0x00007ffc7a3a3000 	C:\WINDOWS\WinSxS\amd64_microsoft.windows.common-controls_6595b64144ccf1df_6.0.22621.3672_none_2713b9d173822955\COMCTL32.dll
0x00007ffc8e580000 - 0x00007ffc8e5a9000 	C:\WINDOWS\System32\GDI32.dll
0x00007ffc8cef0000 - 0x00007ffc8d009000 	C:\WINDOWS\System32\gdi32full.dll
0x00007ffc8d860000 - 0x00007ffc8d8fa000 	C:\WINDOWS\System32\msvcp_win.dll
0x00007ffc84870000 - 0x00007ffc8487a000 	C:\WINDOWS\SYSTEM32\VERSION.dll
0x00007ffc8f540000 - 0x00007ffc8f571000 	C:\WINDOWS\System32\IMM32.DLL
0x00007ffc84480000 - 0x00007ffc8448c000 	C:\Program Files\Java\jdk-19\bin\vcruntime140_1.dll
0x00007ffc75320000 - 0x00007ffc753ae000 	C:\Program Files\Java\jdk-19\bin\msvcp140.dll
0x00007ffc09110000 - 0x00007ffc09dd0000 	C:\Program Files\Java\jdk-19\bin\server\jvm.dll
0x00007ffc85160000 - 0x00007ffc85194000 	C:\WINDOWS\SYSTEM32\WINMM.dll
0x00007ffc89950000 - 0x00007ffc89959000 	C:\WINDOWS\SYSTEM32\WSOCK32.dll
0x00007ffc8e760000 - 0x00007ffc8e7d1000 	C:\WINDOWS\System32\WS2_32.dll
0x00007ffc8c010000 - 0x00007ffc8c028000 	C:\WINDOWS\SYSTEM32\kernel.appcore.dll
0x00007ffc7d650000 - 0x00007ffc7d65a000 	C:\Program Files\Java\jdk-19\bin\jimage.dll
0x00007ffc8a1e0000 - 0x00007ffc8a412000 	C:\WINDOWS\SYSTEM32\DBGHELP.DLL
0x00007ffc8e190000 - 0x00007ffc8e518000 	C:\WINDOWS\System32\combase.dll
0x00007ffc8f6a0000 - 0x00007ffc8f777000 	C:\WINDOWS\System32\OLEAUT32.dll
0x00007ffc842b0000 - 0x00007ffc842e2000 	C:\WINDOWS\SYSTEM32\dbgcore.DLL
0x00007ffc8d430000 - 0x00007ffc8d4ab000 	C:\WINDOWS\System32\bcryptPrimitives.dll
0x00007ffc82b70000 - 0x00007ffc82b7e000 	C:\Program Files\Java\jdk-19\bin\instrument.dll
0x00007ffc7bfb0000 - 0x00007ffc7bfd6000 	C:\Program Files\Java\jdk-19\bin\java.dll
0x00007ffc5c000000 - 0x00007ffc5c0d7000 	C:\Program Files\Java\jdk-19\bin\jsvml.dll
0x00007ffc8e7e0000 - 0x00007ffc8f03c000 	C:\WINDOWS\System32\SHELL32.dll
0x00007ffc8ae10000 - 0x00007ffc8b707000 	C:\WINDOWS\SYSTEM32\windows.storage.dll
0x00007ffc8acd0000 - 0x00007ffc8ae0f000 	C:\WINDOWS\SYSTEM32\wintypes.dll
0x00007ffc8f580000 - 0x00007ffc8f674000 	C:\WINDOWS\System32\SHCORE.dll
0x00007ffc8e520000 - 0x00007ffc8e57e000 	C:\WINDOWS\System32\shlwapi.dll
0x00007ffc8ce20000 - 0x00007ffc8ce41000 	C:\WINDOWS\SYSTEM32\profapi.dll
0x00007ffc7c670000 - 0x00007ffc7c688000 	C:\Program Files\Java\jdk-19\bin\zip.dll
0x00007ffc7d320000 - 0x00007ffc7d333000 	C:\Program Files\Java\jdk-19\bin\net.dll
0x00007ffc886f0000 - 0x00007ffc88826000 	C:\WINDOWS\SYSTEM32\WINHTTP.dll
0x00007ffc8c480000 - 0x00007ffc8c4e9000 	C:\WINDOWS\system32\mswsock.dll
0x00007ffc7d090000 - 0x00007ffc7d0a6000 	C:\Program Files\Java\jdk-19\bin\nio.dll
0x00007ffc7d350000 - 0x00007ffc7d36a000 	C:\Program Files\JetBrains\IntelliJ IDEA 2022.1.2\bin\breakgen64.dll
0x00007ffc7d400000 - 0x00007ffc7d408000 	C:\Program Files\Java\jdk-19\bin\extnet.dll
0x0000000069ac0000 - 0x0000000069ae4000 	C:\Users\99293\AppData\Local\Temp\jansi-2.4.0-6dda794bf5f0da7d-jansi.dll
0x00007ffc7c500000 - 0x00007ffc7c510000 	C:\Program Files\Java\jdk-19\bin\verify.dll

dbghelp: loaded successfully - version: 4.0.5 - missing functions: none
symbol engine: initialized successfully - sym options: 0x614 - pdb path: .;C:\Program Files\Java\jdk-19\bin;C:\WINDOWS\SYSTEM32;C:\WINDOWS\WinSxS\amd64_microsoft.windows.common-controls_6595b64144ccf1df_6.0.22621.3672_none_2713b9d173822955;C:\Program Files\Java\jdk-19\bin\server;C:\Program Files\JetBrains\IntelliJ IDEA 2022.1.2\bin;C:\Users\99293\AppData\Local\Temp

VM Arguments:
jvm_args: -Dmaven.multiModuleProjectDirectory=D:\unitedStates_storage-master\unitedStates_storage -Dmaven.home=C:\Users\99293\.m2\wrapper\dists\apache-maven-3.8.6-bin\1ks0nkde5v1pk9vtc31i9d0lcd\apache-maven-3.8.6 -Dclassworlds.conf=C:\Users\99293\.m2\wrapper\dists\apache-maven-3.8.6-bin\1ks0nkde5v1pk9vtc31i9d0lcd\apache-maven-3.8.6\bin\m2.conf -Dmaven.ext.class.path=C:\Program Files\JetBrains\IntelliJ IDEA 2022.1.2\plugins\maven\lib\maven-event-listener.jar -javaagent:C:\Program Files\JetBrains\IntelliJ IDEA 2022.1.2\lib\idea_rt.jar=51324:C:\Program Files\JetBrains\IntelliJ IDEA 2022.1.2\bin -Dfile.encoding=UTF-8 
java_command: org.codehaus.classworlds.Launcher -Didea.version=2022.1.2 package
java_class_path (initial): C:\Users\99293\.m2\wrapper\dists\apache-maven-3.8.6-bin\1ks0nkde5v1pk9vtc31i9d0lcd\apache-maven-3.8.6\boot\plexus-classworlds-2.6.0.jar;C:\Users\99293\.m2\wrapper\dists\apache-maven-3.8.6-bin\1ks0nkde5v1pk9vtc31i9d0lcd\apache-maven-3.8.6\boot\plexus-classworlds.license
Launcher Type: SUN_STANDARD

[Global flags]
     intx CICompilerCount                          = 12                                        {product} {ergonomic}
     uint ConcGCThreads                            = 3                                         {product} {ergonomic}
     uint G1ConcRefinementThreads                  = 13                                        {product} {ergonomic}
   size_t G1HeapRegionSize                         = 2097152                                   {product} {ergonomic}
    uintx GCDrainStackTargetSize                   = 64                                        {product} {ergonomic}
   size_t InitialHeapSize                          = 264241152                                 {product} {ergonomic}
   size_t MarkStackSize                            = 4194304                                   {product} {ergonomic}
   size_t MaxHeapSize                              = 4196401152                                {product} {ergonomic}
   size_t MaxNewSize                               = 2516582400                                {product} {ergonomic}
   size_t MinHeapDeltaBytes                        = 2097152                                   {product} {ergonomic}
   size_t MinHeapSize                              = 8388608                                   {product} {ergonomic}
    uintx NonNMethodCodeHeapSize                   = 7602480                                {pd product} {ergonomic}
    uintx NonProfiledCodeHeapSize                  = 122027880                              {pd product} {ergonomic}
    uintx ProfiledCodeHeapSize                     = 122027880                              {pd product} {ergonomic}
    uintx ReservedCodeCacheSize                    = 251658240                              {pd product} {ergonomic}
     bool SegmentedCodeCache                       = true                                      {product} {ergonomic}
   size_t SoftMaxHeapSize                          = 4196401152                             {manageable} {ergonomic}
     bool UseCompressedClassPointers               = true                           {product lp64_product} {ergonomic}
     bool UseCompressedOops                        = true                           {product lp64_product} {ergonomic}
     bool UseG1GC                                  = true                                      {product} {ergonomic}
     bool UseLargePagesIndividualAllocation        = false                                  {pd product} {ergonomic}

Logging:
Log output configuration:
 #0: stdout all=warning uptime,level,tags foldmultilines=false
 #1: stderr all=off uptime,level,tags foldmultilines=false

Environment Variables:
JAVA_HOME=C:\Program Files\Java\jdk-19
PATH=C:\Program Files\Common Files\Oracle\Java\javapath;C:\Windows\system32;C:\Windows;C:\Windows\System32\Wbem;C:\Windows\System32\WindowsPowerShell\v1.0\;C:\Windows\System32\OpenSSH\;C:\Program Files (x86)\NVIDIA Corporation\PhysX\Common;C:\Program Files\NVIDIA Corporation\NVIDIA NvDLISR;C:\Program Files\Git\cmd;C:\Program Files (x86)\dotnet\;C:\WINDOWS\system32;C:\WINDOWS;C:\WINDOWS\System32\Wbem;C:\WINDOWS\System32\WindowsPowerShell\v1.0\;C:\WINDOWS\System32\OpenSSH\;C:\Program Files\Java\jdk-19\bin;C:\Users\99293\AppData\Local\Programs\Python\Python311\Scripts\;C:\Users\99293\AppData\Local\Programs\Python\Python311\;C:\Users\99293\AppData\Local\Microsoft\WindowsApps;;C:\Program Files\JetBrains\IntelliJ IDEA 2022.1.2\bin;;C:\Program Files\heroku\bin
USERNAME=ASUS
OS=Windows_NT
PROCESSOR_IDENTIFIER=Intel64 Family 6 Model 154 Stepping 3, GenuineIntel
TMP=C:\Users\99293\AppData\Local\Temp
TEMP=C:\Users\99293\AppData\Local\Temp



---------------  S Y S T E M  ---------------

OS:
 Windows 11 , 64 bit Build 22621 (10.0.22621.3672)
OS uptime: 1 days 0:42 hours
Hyper-V role detected

CPU: total 16 (initial active 16) (8 cores per cpu, 2 threads per core) family 6 model 154 stepping 3 microcode 0x41c, cx8, cmov, fxsr, ht, mmx, 3dnowpref, sse, sse2, sse3, ssse3, sse4.1, sse4.2, popcnt, lzcnt, tsc, tscinvbit, avx, avx2, aes, erms, clmul, bmi1, bmi2, adx, sha, fma, vzeroupper, clflush, clflushopt, clwb, hv, serialize, rdtscp, rdpid, fsrm

Memory: 4k page, system-wide physical 16005M (1787M free)
TotalPageFile size 18053M (AvailPageFile size 5M)
current process WorkingSet (physical memory assigned to process): 114M, peak: 114M
current process commit charge ("private bytes"): 403M, peak: 403M

vm_info: Java HotSpot(TM) 64-Bit Server VM (19.0.2+7-44) for windows-amd64 JRE (19.0.2+7-44), built on 2022-11-30T18:02:09Z by "mach5one" with MS VC++ 17.1 (VS2022)

END.
