#
# There is insufficient memory for the Java Runtime Environment to continue.
# Native memory allocation (malloc) failed to allocate 5173888 bytes for Chunk::new
# Possible reasons:
#   The system is out of physical RAM or swap space
#   The process is running with CompressedOops enabled, and the Java Heap may be blocking the growth of the native heap
# Possible solutions:
#   Reduce memory load on the system
#   Increase physical memory or swap space
#   Check if swap backing store is full
#   Decrease Java heap size (-Xmx/-Xms)
#   Decrease number of Java threads
#   Decrease Java thread stack sizes (-Xss)
#   Set larger code cache with -XX:ReservedCodeCacheSize=
#   JVM is running with Zero Based Compressed Oops mode in which the Java heap is
#     placed in the first 32GB address space. The Java Heap base address is the
#     maximum limit for the native heap growth. Please use -XX:HeapBaseMinAddress
#     to set the Java Heap base and to place the Java Heap above 32GB virtual address.
# This output file may be truncated or incomplete.
#
#  Out of Memory Error (arena.cpp:184), pid=7312, tid=19112
#
# JRE version: Java(TM) SE Runtime Environment (19.0.2+7) (build 19.0.2+7-44)
# Java VM: Java HotSpot(TM) 64-Bit Server VM (19.0.2+7-44, mixed mode, sharing, tiered, compressed oops, compressed class ptrs, g1 gc, windows-amd64)
# No core dump will be written. Minidumps are not enabled by default on client versions of Windows
#

---------------  S U M M A R Y ------------

Command Line: -Dmaven.multiModuleProjectDirectory=D:\unitedStates_storage-master\unitedStates_storage -Dmaven.home=C:\Users\99293\.m2\wrapper\dists\apache-maven-3.8.6-bin\1ks0nkde5v1pk9vtc31i9d0lcd\apache-maven-3.8.6 -Dclassworlds.conf=C:\Users\99293\.m2\wrapper\dists\apache-maven-3.8.6-bin\1ks0nkde5v1pk9vtc31i9d0lcd\apache-maven-3.8.6\bin\m2.conf -Dmaven.ext.class.path=C:\Program Files\JetBrains\IntelliJ IDEA 2022.1.2\plugins\maven\lib\maven-event-listener.jar -javaagent:C:\Program Files\JetBrains\IntelliJ IDEA 2022.1.2\lib\idea_rt.jar=57463:C:\Program Files\JetBrains\IntelliJ IDEA 2022.1.2\bin -Dfile.encoding=UTF-8 org.codehaus.classworlds.Launcher -Didea.version=2022.1.2 package

Host: 12th Gen Intel(R) Core(TM) i7-12650H, 16 cores, 15G,  Windows 11 , 64 bit Build 22621 (10.0.22621.3672)
Time: Mon Jul 29 16:44:14 2024  Windows 11 , 64 bit Build 22621 (10.0.22621.3672) elapsed time: 7.204326 seconds (0d 0h 0m 7s)

---------------  T H R E A D  ---------------

Current thread (0x00000299863f70e0):  JavaThread "C2 CompilerThread1" daemon [_thread_in_native, id=19112, stack(0x000000f4f7d00000,0x000000f4f7e00000)]


Current CompileTask:
C2:   7204 11432   !   4       java.lang.ClassLoader::loadClass (121 bytes)

Stack: [0x000000f4f7d00000,0x000000f4f7e00000]
Native frames: (J=compiled Java code, j=interpreted, Vv=VM code, C=native code)
V  [jvm.dll+0x6ee21a]
V  [jvm.dll+0x85765e]
V  [jvm.dll+0x85904e]
V  [jvm.dll+0x859703]
V  [jvm.dll+0x28298f]
V  [jvm.dll+0xc9adf]
V  [jvm.dll+0xc9e65]
V  [jvm.dll+0x3bca4c]
V  [jvm.dll+0x3860e1]
V  [jvm.dll+0x38555a]
V  [jvm.dll+0x24c3d9]
V  [jvm.dll+0x24b781]
V  [jvm.dll+0x1d6ce1]
V  [jvm.dll+0x25b25a]
V  [jvm.dll+0x2596e8]
V  [jvm.dll+0x807588]
V  [jvm.dll+0x80125a]
V  [jvm.dll+0x6ecf0b]
C  [ucrtbase.dll+0x29333]
C  [KERNEL32.DLL+0x1257d]
C  [ntdll.dll+0x5af28]


---------------  P R O C E S S  ---------------

Threads class SMR info:
_java_thread_list=0x000002998722fbd0, length=33, elements={
0x00000299de21f300, 0x00000299ffe7d0a0, 0x00000299ffe7dd90, 0x00000299ffe82ae0,
0x00000299ffe86990, 0x00000299ffe892d0, 0x00000299ffe89810, 0x00000299ffe8d930,
0x00000299ffe9a740, 0x00000299ffeaa4a0, 0x00000299ffeac9d0, 0x00000299ffe55760,
0x00000299ffe55ce0, 0x0000029986127f30, 0x00000299ffeaa9f0, 0x00000299ffeacf20,
0x00000299863f70e0, 0x000002998678af30, 0x0000029986ea2650, 0x0000029986ea2bd0,
0x00000299865375e0, 0x0000029986537b60, 0x00000299872352e0, 0x00000299872362d0,
0x00000299872372c0, 0x0000029987235830, 0x0000029987233300, 0x00000299872342f0,
0x0000029987237810, 0x0000029987238800, 0x00000299872392a0, 0x0000029987232860,
0x00000299872397f0
}

Java Threads: ( => current thread )
  0x00000299de21f300 JavaThread "main" [_thread_in_native, id=1476, stack(0x000000f4f6600000,0x000000f4f6700000)]
  0x00000299ffe7d0a0 JavaThread "Reference Handler" daemon [_thread_blocked, id=7056, stack(0x000000f4f6d00000,0x000000f4f6e00000)]
  0x00000299ffe7dd90 JavaThread "Finalizer" daemon [_thread_blocked, id=6592, stack(0x000000f4f6e00000,0x000000f4f6f00000)]
  0x00000299ffe82ae0 JavaThread "Signal Dispatcher" daemon [_thread_blocked, id=18384, stack(0x000000f4f6f00000,0x000000f4f7000000)]
  0x00000299ffe86990 JavaThread "Attach Listener" daemon [_thread_blocked, id=6864, stack(0x000000f4f7000000,0x000000f4f7100000)]
  0x00000299ffe892d0 JavaThread "Service Thread" daemon [_thread_blocked, id=13684, stack(0x000000f4f7100000,0x000000f4f7200000)]
  0x00000299ffe89810 JavaThread "Monitor Deflation Thread" daemon [_thread_blocked, id=6288, stack(0x000000f4f7200000,0x000000f4f7300000)]
  0x00000299ffe8d930 JavaThread "C2 CompilerThread0" daemon [_thread_blocked, id=8620, stack(0x000000f4f7300000,0x000000f4f7400000)]
  0x00000299ffe9a740 JavaThread "C1 CompilerThread0" daemon [_thread_blocked, id=25012, stack(0x000000f4f7400000,0x000000f4f7500000)]
  0x00000299ffeaa4a0 JavaThread "Sweeper thread" daemon [_thread_blocked, id=22420, stack(0x000000f4f7500000,0x000000f4f7600000)]
  0x00000299ffeac9d0 JavaThread "Common-Cleaner" daemon [_thread_blocked, id=14988, stack(0x000000f4f7600000,0x000000f4f7700000)]
  0x00000299ffe55760 JavaThread "C1 CompilerThread1" daemon [_thread_blocked, id=15756, stack(0x000000f4f7700000,0x000000f4f7800000)]
  0x00000299ffe55ce0 JavaThread "C1 CompilerThread2" daemon [_thread_blocked, id=11900, stack(0x000000f4f7800000,0x000000f4f7900000)]
  0x0000029986127f30 JavaThread "C1 CompilerThread3" daemon [_thread_blocked, id=18952, stack(0x000000f4f7900000,0x000000f4f7a00000)]
  0x00000299ffeaa9f0 JavaThread "Monitor Ctrl-Break" daemon [_thread_in_native, id=21692, stack(0x000000f4f7a00000,0x000000f4f7b00000)]
  0x00000299ffeacf20 JavaThread "Notification Thread" daemon [_thread_blocked, id=20592, stack(0x000000f4f7b00000,0x000000f4f7c00000)]
=>0x00000299863f70e0 JavaThread "C2 CompilerThread1" daemon [_thread_in_native, id=19112, stack(0x000000f4f7d00000,0x000000f4f7e00000)]
  0x000002998678af30 JavaThread "C2 CompilerThread2" daemon [_thread_blocked, id=1632, stack(0x000000f4f7e00000,0x000000f4f7f00000)]
  0x0000029986ea2650 JavaThread "C2 CompilerThread3" daemon [_thread_blocked, id=12492, stack(0x000000f4f7f00000,0x000000f4f8000000)]
  0x0000029986ea2bd0 JavaThread "C2 CompilerThread4" daemon [_thread_blocked, id=10740, stack(0x000000f4f8000000,0x000000f4f8100000)]
  0x00000299865375e0 JavaThread "C2 CompilerThread5" daemon [_thread_in_native, id=19900, stack(0x000000f4f8800000,0x000000f4f8900000)]
  0x0000029986537b60 JavaThread "C2 CompilerThread6" daemon [_thread_blocked, id=6176, stack(0x000000f4f8900000,0x000000f4f8a00000)]
  0x00000299872352e0 JavaThread "resolver-1" daemon [_thread_blocked, id=19044, stack(0x000000f4f8a00000,0x000000f4f8b00000)]
  0x00000299872362d0 JavaThread "resolver-2" daemon [_thread_blocked, id=10900, stack(0x000000f4f9200000,0x000000f4f9300000)]
  0x00000299872372c0 JavaThread "resolver-3" daemon [_thread_blocked, id=16520, stack(0x000000f4f9300000,0x000000f4f9400000)]
  0x0000029987235830 JavaThread "resolver-4" daemon [_thread_blocked, id=14632, stack(0x000000f4f9400000,0x000000f4f9500000)]
  0x0000029987233300 JavaThread "resolver-5" daemon [_thread_blocked, id=21472, stack(0x000000f4f9500000,0x000000f4f9600000)]
  0x00000299872342f0 JavaThread "timeout-check-timer" daemon [_thread_blocked, id=18896, stack(0x000000f4f9600000,0x000000f4f9700000)]
  0x0000029987237810 JavaThread "ping-timer-10s" daemon [_thread_blocked, id=25232, stack(0x000000f4f9700000,0x000000f4f9800000)]
  0x0000029987238800 JavaThread "ThreadedStreamConsumer" daemon [_thread_blocked, id=21032, stack(0x000000f4f9800000,0x000000f4f9900000)]
  0x00000299872392a0 JavaThread "Thread-2" [_thread_blocked, id=26180, stack(0x000000f4f9900000,0x000000f4f9a00000)]
  0x0000029987232860 JavaThread "Thread-3" [_thread_in_native, id=19988, stack(0x000000f4f9a00000,0x000000f4f9b00000)]
  0x00000299872397f0 JavaThread "Thread-4" [_thread_in_native, id=19740, stack(0x000000f4f9b00000,0x000000f4f9c00000)]

Other Threads:
  0x00000299ffe678a0 VMThread "VM Thread" [stack: 0x000000f4f6c00000,0x000000f4f6d00000] [id=21256]
  0x00000299861e12c0 WatcherThread "VM Periodic Task Thread" [stack: 0x000000f4f7c00000,0x000000f4f7d00000] [id=12936]
  0x00000299de290eb0 WorkerThread "GC Thread#0" [stack: 0x000000f4f6700000,0x000000f4f6800000] [id=20780]
  0x000002998654d230 WorkerThread "GC Thread#1" [stack: 0x000000f4f8100000,0x000000f4f8200000] [id=3420]
  0x000002998654e5e0 WorkerThread "GC Thread#2" [stack: 0x000000f4f8200000,0x000000f4f8300000] [id=12868]
  0x000002998654e8b0 WorkerThread "GC Thread#3" [stack: 0x000000f4f8300000,0x000000f4f8400000] [id=8416]
  0x000002998654ee50 WorkerThread "GC Thread#4" [stack: 0x000000f4f8400000,0x000000f4f8500000] [id=12088]
  0x000002998654d7d0 WorkerThread "GC Thread#5" [stack: 0x000000f4f8500000,0x000000f4f8600000] [id=17448]
  0x000002998654daa0 WorkerThread "GC Thread#6" [stack: 0x000000f4f8600000,0x000000f4f8700000] [id=7048]
  0x000002998654e310 WorkerThread "GC Thread#7" [stack: 0x000000f4f8700000,0x000000f4f8800000] [id=23904]
  0x0000029986f3cb30 WorkerThread "GC Thread#8" [stack: 0x000000f4f8b00000,0x000000f4f8c00000] [id=17536]
  0x0000029986f3fb00 WorkerThread "GC Thread#9" [stack: 0x000000f4f8c00000,0x000000f4f8d00000] [id=4456]
  0x0000029986f3d670 WorkerThread "GC Thread#10" [stack: 0x000000f4f8d00000,0x000000f4f8e00000] [id=23652]
  0x0000029986f3d3a0 WorkerThread "GC Thread#11" [stack: 0x000000f4f8e00000,0x000000f4f8f00000] [id=5776]
  0x0000029986f3f560 WorkerThread "GC Thread#12" [stack: 0x000000f4f8f00000,0x000000f4f9000000] [id=23832]
  0x00000299de2a29d0 ConcurrentGCThread "G1 Main Marker" [stack: 0x000000f4f6800000,0x000000f4f6900000] [id=13864]
  0x00000299de2a3ba0 WorkerThread "G1 Conc#0" [stack: 0x000000f4f6900000,0x000000f4f6a00000] [id=20268]
  0x0000029986f3dc10 WorkerThread "G1 Conc#1" [stack: 0x000000f4f9000000,0x000000f4f9100000] [id=13776]
  0x0000029986f3f830 WorkerThread "G1 Conc#2" [stack: 0x000000f4f9100000,0x000000f4f9200000] [id=13920]
  0x00000299ffd20b50 ConcurrentGCThread "G1 Refine#0" [stack: 0x000000f4f6a00000,0x000000f4f6b00000] [id=25184]
  0x00000299ffd21690 ConcurrentGCThread "G1 Service" [stack: 0x000000f4f6b00000,0x000000f4f6c00000] [id=18968]

Threads with active compile tasks:
C2 CompilerThread1     7215 11432   !   4       java.lang.ClassLoader::loadClass (121 bytes)
C2 CompilerThread5     7215 11572       4       org.apache.maven.model.inheritance.DefaultInheritanceAssembler$InheritanceModelMerger::mergePluginContainer_Plugins (430 bytes)

VM state: not at safepoint (normal execution)

VM Mutex/Monitor currently owned by a thread: None

Heap address: 0x0000000705e00000, size: 4002 MB, Compressed Oops mode: Zero based, Oop shift amount: 3

CDS archive(s) mapped at: [0x0000000800000000-0x0000000800c40000-0x0000000800c40000), size 12845056, SharedBaseAddress: 0x0000000800000000, ArchiveRelocationMode: 0.
Compressed class space mapped at: 0x0000000801000000-0x0000000841000000, reserved size: 1073741824
Narrow klass base: 0x0000000800000000, Narrow klass shift: 0, Narrow klass range: 0x100000000

GC Precious Log:
 CardTable entry size: 512
 Card Set container configuration: InlinePtr #cards 4 size 8 Array Of Cards #cards 16 size 48 Howl #buckets 8 coarsen threshold 3686 Howl Bitmap #cards 512 size 80 coarsen threshold 460 Card regions per heap region 1 cards per card region 4096
 CPUs: 16 total, 16 available
 Memory: 16005M
 Large Page Support: Disabled
 NUMA Support: Disabled
 Compressed Oops: Enabled (Zero based)
 Heap Region Size: 2M
 Heap Min Capacity: 8M
 Heap Initial Capacity: 252M
 Heap Max Capacity: 4002M
 Pre-touch: Disabled
 Parallel Workers: 13
 Concurrent Workers: 3
 Concurrent Refinement Workers: 13
 Periodic GC: Disabled

Heap:
 garbage-first heap   total 212992K, used 100974K [0x0000000705e00000, 0x0000000800000000)
  region size 2048K, 24 young (49152K), 8 survivors (16384K)
 Metaspace       used 35339K, committed 35968K, reserved 1114112K
  class space    used 3591K, committed 3904K, reserved 1048576K

Heap Regions: E=young(eden), S=young(survivor), O=old, HS=humongous(starts), HC=humongous(continues), CS=collection set, F=free, OA=open archive, CA=closed archive, TAMS=top-at-mark-start (previous, next)
|   0|0x0000000705e00000, 0x0000000706000000, 0x0000000706000000|100%| O|  |TAMS 0x0000000706000000, 0x0000000705e00000| Untracked 
|   1|0x0000000706000000, 0x0000000706200000, 0x0000000706200000|100%| O|  |TAMS 0x0000000706200000, 0x0000000706000000| Untracked 
|   2|0x0000000706200000, 0x0000000706400000, 0x0000000706400000|100%| O|  |TAMS 0x0000000706400000, 0x0000000706200000| Untracked 
|   3|0x0000000706400000, 0x0000000706600000, 0x0000000706600000|100%| O|  |TAMS 0x0000000706600000, 0x0000000706400000| Untracked 
|   4|0x0000000706600000, 0x0000000706800000, 0x0000000706800000|100%| O|  |TAMS 0x0000000706800000, 0x0000000706600000| Untracked 
|   5|0x0000000706800000, 0x0000000706a00000, 0x0000000706a00000|100%| O|  |TAMS 0x0000000706a00000, 0x0000000706800000| Untracked 
|   6|0x0000000706a00000, 0x0000000706c00000, 0x0000000706c00000|100%| O|  |TAMS 0x0000000706c00000, 0x0000000706a00000| Untracked 
|   7|0x0000000706c00000, 0x0000000706e00000, 0x0000000706e00000|100%| O|  |TAMS 0x0000000706e00000, 0x0000000706c00000| Untracked 
|   8|0x0000000706e00000, 0x0000000707000000, 0x0000000707000000|100%| O|  |TAMS 0x0000000707000000, 0x0000000706e00000| Untracked 
|   9|0x0000000707000000, 0x000000070709ba00, 0x0000000707200000| 30%| O|  |TAMS 0x0000000707000000, 0x0000000707000000| Untracked 
|  10|0x0000000707200000, 0x0000000707400000, 0x0000000707400000|100%| O|  |TAMS 0x0000000707400000, 0x0000000707200000| Untracked 
|  11|0x0000000707400000, 0x0000000707600000, 0x0000000707600000|100%| O|  |TAMS 0x0000000707522e00, 0x0000000707400000| Untracked 
|  12|0x0000000707600000, 0x0000000707800000, 0x0000000707800000|100%| O|  |TAMS 0x0000000707600000, 0x0000000707600000| Untracked 
|  13|0x0000000707800000, 0x0000000707a00000, 0x0000000707a00000|100%| O|  |TAMS 0x0000000707800000, 0x0000000707800000| Untracked 
|  14|0x0000000707a00000, 0x0000000707a00000, 0x0000000707c00000|  0%| F|  |TAMS 0x0000000707a00000, 0x0000000707a00000| Untracked 
|  15|0x0000000707c00000, 0x0000000707e00000, 0x0000000707e00000|100%| O|  |TAMS 0x0000000707c00000, 0x0000000707c00000| Untracked 
|  16|0x0000000707e00000, 0x0000000708000000, 0x0000000708000000|100%| O|  |TAMS 0x0000000707e00000, 0x0000000707e00000| Untracked 
|  17|0x0000000708000000, 0x0000000708200000, 0x0000000708200000|100%| O|  |TAMS 0x0000000708000000, 0x0000000708000000| Untracked 
|  18|0x0000000708200000, 0x0000000708400000, 0x0000000708400000|100%| O|  |TAMS 0x0000000708200000, 0x0000000708200000| Untracked 
|  19|0x0000000708400000, 0x0000000708600000, 0x0000000708600000|100%|HS|  |TAMS 0x0000000708400000, 0x0000000708400000| Complete 
|  20|0x0000000708600000, 0x0000000708800000, 0x0000000708800000|100%|HC|  |TAMS 0x0000000708600000, 0x0000000708600000| Complete 
|  21|0x0000000708800000, 0x0000000708800000, 0x0000000708a00000|  0%| F|  |TAMS 0x0000000708800000, 0x0000000708800000| Untracked 
|  22|0x0000000708a00000, 0x0000000708a00000, 0x0000000708c00000|  0%| F|  |TAMS 0x0000000708a00000, 0x0000000708a00000| Untracked 
|  23|0x0000000708c00000, 0x0000000708c00000, 0x0000000708e00000|  0%| F|  |TAMS 0x0000000708c00000, 0x0000000708c00000| Untracked 
|  24|0x0000000708e00000, 0x0000000708e00000, 0x0000000709000000|  0%| F|  |TAMS 0x0000000708e00000, 0x0000000708e00000| Untracked 
|  25|0x0000000709000000, 0x0000000709000000, 0x0000000709200000|  0%| F|  |TAMS 0x0000000709000000, 0x0000000709000000| Untracked 
|  26|0x0000000709200000, 0x0000000709200000, 0x0000000709400000|  0%| F|  |TAMS 0x0000000709200000, 0x0000000709200000| Untracked 
|  27|0x0000000709400000, 0x0000000709400000, 0x0000000709600000|  0%| F|  |TAMS 0x0000000709400000, 0x0000000709400000| Untracked 
|  28|0x0000000709600000, 0x0000000709600000, 0x0000000709800000|  0%| F|  |TAMS 0x0000000709600000, 0x0000000709600000| Untracked 
|  29|0x0000000709800000, 0x0000000709a00000, 0x0000000709a00000|100%| S|CS|TAMS 0x0000000709800000, 0x0000000709800000| Complete 
|  30|0x0000000709a00000, 0x0000000709c00000, 0x0000000709c00000|100%| S|CS|TAMS 0x0000000709a00000, 0x0000000709a00000| Complete 
|  31|0x0000000709c00000, 0x0000000709e00000, 0x0000000709e00000|100%| S|CS|TAMS 0x0000000709c00000, 0x0000000709c00000| Complete 
|  32|0x0000000709e00000, 0x000000070a000000, 0x000000070a000000|100%| S|CS|TAMS 0x0000000709e00000, 0x0000000709e00000| Complete 
|  33|0x000000070a000000, 0x000000070a200000, 0x000000070a200000|100%| S|CS|TAMS 0x000000070a000000, 0x000000070a000000| Complete 
|  34|0x000000070a200000, 0x000000070a400000, 0x000000070a400000|100%| S|CS|TAMS 0x000000070a200000, 0x000000070a200000| Complete 
|  35|0x000000070a400000, 0x000000070a400000, 0x000000070a600000|  0%| F|  |TAMS 0x000000070a400000, 0x000000070a400000| Untracked 
|  36|0x000000070a600000, 0x000000070a600000, 0x000000070a800000|  0%| F|  |TAMS 0x000000070a600000, 0x000000070a600000| Untracked 
|  37|0x000000070a800000, 0x000000070a800000, 0x000000070aa00000|  0%| F|  |TAMS 0x000000070a800000, 0x000000070a800000| Untracked 
|  38|0x000000070aa00000, 0x000000070aa00000, 0x000000070ac00000|  0%| F|  |TAMS 0x000000070aa00000, 0x000000070aa00000| Untracked 
|  39|0x000000070ac00000, 0x000000070ac00000, 0x000000070ae00000|  0%| F|  |TAMS 0x000000070ac00000, 0x000000070ac00000| Untracked 
|  40|0x000000070ae00000, 0x000000070b000000, 0x000000070b000000|100%| S|CS|TAMS 0x000000070ae00000, 0x000000070ae00000| Complete 
|  41|0x000000070b000000, 0x000000070b200000, 0x000000070b200000|100%| S|CS|TAMS 0x000000070b000000, 0x000000070b000000| Complete 
|  42|0x000000070b200000, 0x000000070b200000, 0x000000070b400000|  0%| F|  |TAMS 0x000000070b200000, 0x000000070b200000| Untracked 
|  43|0x000000070b400000, 0x000000070b400000, 0x000000070b600000|  0%| F|  |TAMS 0x000000070b400000, 0x000000070b400000| Untracked 
|  44|0x000000070b600000, 0x000000070b600000, 0x000000070b800000|  0%| F|  |TAMS 0x000000070b600000, 0x000000070b600000| Untracked 
|  45|0x000000070b800000, 0x000000070b800000, 0x000000070ba00000|  0%| F|  |TAMS 0x000000070b800000, 0x000000070b800000| Untracked 
|  46|0x000000070ba00000, 0x000000070ba00000, 0x000000070bc00000|  0%| F|  |TAMS 0x000000070ba00000, 0x000000070ba00000| Untracked 
|  47|0x000000070bc00000, 0x000000070bc00000, 0x000000070be00000|  0%| F|  |TAMS 0x000000070bc00000, 0x000000070bc00000| Untracked 
|  48|0x000000070be00000, 0x000000070be00000, 0x000000070c000000|  0%| F|  |TAMS 0x000000070be00000, 0x000000070be00000| Untracked 
|  49|0x000000070c000000, 0x000000070c000000, 0x000000070c200000|  0%| F|  |TAMS 0x000000070c000000, 0x000000070c000000| Untracked 
|  50|0x000000070c200000, 0x000000070c200000, 0x000000070c400000|  0%| F|  |TAMS 0x000000070c200000, 0x000000070c200000| Untracked 
|  51|0x000000070c400000, 0x000000070c400000, 0x000000070c600000|  0%| F|  |TAMS 0x000000070c400000, 0x000000070c400000| Untracked 
|  52|0x000000070c600000, 0x000000070c600000, 0x000000070c800000|  0%| F|  |TAMS 0x000000070c600000, 0x000000070c600000| Untracked 
|  53|0x000000070c800000, 0x000000070c800000, 0x000000070ca00000|  0%| F|  |TAMS 0x000000070c800000, 0x000000070c800000| Untracked 
|  54|0x000000070ca00000, 0x000000070ca00000, 0x000000070cc00000|  0%| F|  |TAMS 0x000000070ca00000, 0x000000070ca00000| Untracked 
|  55|0x000000070cc00000, 0x000000070cc00000, 0x000000070ce00000|  0%| F|  |TAMS 0x000000070cc00000, 0x000000070cc00000| Untracked 
|  56|0x000000070ce00000, 0x000000070ce00000, 0x000000070d000000|  0%| F|  |TAMS 0x000000070ce00000, 0x000000070ce00000| Untracked 
|  57|0x000000070d000000, 0x000000070d000000, 0x000000070d200000|  0%| F|  |TAMS 0x000000070d000000, 0x000000070d000000| Untracked 
|  58|0x000000070d200000, 0x000000070d200000, 0x000000070d400000|  0%| F|  |TAMS 0x000000070d200000, 0x000000070d200000| Untracked 
|  59|0x000000070d400000, 0x000000070d400000, 0x000000070d600000|  0%| F|  |TAMS 0x000000070d400000, 0x000000070d400000| Untracked 
|  60|0x000000070d600000, 0x000000070d600000, 0x000000070d800000|  0%| F|  |TAMS 0x000000070d600000, 0x000000070d600000| Untracked 
|  61|0x000000070d800000, 0x000000070d800000, 0x000000070da00000|  0%| F|  |TAMS 0x000000070d800000, 0x000000070d800000| Untracked 
|  62|0x000000070da00000, 0x000000070da00000, 0x000000070dc00000|  0%| F|  |TAMS 0x000000070da00000, 0x000000070da00000| Untracked 
|  63|0x000000070dc00000, 0x000000070dc00000, 0x000000070de00000|  0%| F|  |TAMS 0x000000070dc00000, 0x000000070dc00000| Untracked 
|  64|0x000000070de00000, 0x000000070de00000, 0x000000070e000000|  0%| F|  |TAMS 0x000000070de00000, 0x000000070de00000| Untracked 
|  65|0x000000070e000000, 0x000000070e000000, 0x000000070e200000|  0%| F|  |TAMS 0x000000070e000000, 0x000000070e000000| Untracked 
|  66|0x000000070e200000, 0x000000070e200000, 0x000000070e400000|  0%| F|  |TAMS 0x000000070e200000, 0x000000070e200000| Untracked 
|  67|0x000000070e400000, 0x000000070e400000, 0x000000070e600000|  0%| F|  |TAMS 0x000000070e400000, 0x000000070e400000| Untracked 
|  68|0x000000070e600000, 0x000000070e600000, 0x000000070e800000|  0%| F|  |TAMS 0x000000070e600000, 0x000000070e600000| Untracked 
|  69|0x000000070e800000, 0x000000070e800000, 0x000000070ea00000|  0%| F|  |TAMS 0x000000070e800000, 0x000000070e800000| Untracked 
|  70|0x000000070ea00000, 0x000000070ea00000, 0x000000070ec00000|  0%| F|  |TAMS 0x000000070ea00000, 0x000000070ea00000| Untracked 
|  71|0x000000070ec00000, 0x000000070ec00000, 0x000000070ee00000|  0%| F|  |TAMS 0x000000070ec00000, 0x000000070ec00000| Untracked 
|  72|0x000000070ee00000, 0x000000070ee00000, 0x000000070f000000|  0%| F|  |TAMS 0x000000070ee00000, 0x000000070ee00000| Untracked 
|  73|0x000000070f000000, 0x000000070f000000, 0x000000070f200000|  0%| F|  |TAMS 0x000000070f000000, 0x000000070f000000| Untracked 
|  74|0x000000070f200000, 0x000000070f200000, 0x000000070f400000|  0%| F|  |TAMS 0x000000070f200000, 0x000000070f200000| Untracked 
|  75|0x000000070f400000, 0x000000070f400000, 0x000000070f600000|  0%| F|  |TAMS 0x000000070f400000, 0x000000070f400000| Untracked 
|  76|0x000000070f600000, 0x000000070f600000, 0x000000070f800000|  0%| F|  |TAMS 0x000000070f600000, 0x000000070f600000| Untracked 
|  77|0x000000070f800000, 0x000000070f800000, 0x000000070fa00000|  0%| F|  |TAMS 0x000000070f800000, 0x000000070f800000| Untracked 
|  78|0x000000070fa00000, 0x000000070fa00000, 0x000000070fc00000|  0%| F|  |TAMS 0x000000070fa00000, 0x000000070fa00000| Untracked 
|  79|0x000000070fc00000, 0x000000070fc00000, 0x000000070fe00000|  0%| F|  |TAMS 0x000000070fc00000, 0x000000070fc00000| Untracked 
|  80|0x000000070fe00000, 0x000000070fe00000, 0x0000000710000000|  0%| F|  |TAMS 0x000000070fe00000, 0x000000070fe00000| Untracked 
|  81|0x0000000710000000, 0x000000071012d970, 0x0000000710200000| 58%| E|  |TAMS 0x0000000710000000, 0x0000000710000000| Complete 
|  82|0x0000000710200000, 0x0000000710400000, 0x0000000710400000|100%| E|CS|TAMS 0x0000000710200000, 0x0000000710200000| Complete 
|  83|0x0000000710400000, 0x0000000710600000, 0x0000000710600000|100%| E|CS|TAMS 0x0000000710400000, 0x0000000710400000| Complete 
|  84|0x0000000710600000, 0x0000000710800000, 0x0000000710800000|100%| E|CS|TAMS 0x0000000710600000, 0x0000000710600000| Complete 
|  85|0x0000000710800000, 0x0000000710a00000, 0x0000000710a00000|100%| E|CS|TAMS 0x0000000710800000, 0x0000000710800000| Complete 
|  86|0x0000000710a00000, 0x0000000710c00000, 0x0000000710c00000|100%| E|CS|TAMS 0x0000000710a00000, 0x0000000710a00000| Complete 
|  87|0x0000000710c00000, 0x0000000710e00000, 0x0000000710e00000|100%| E|CS|TAMS 0x0000000710c00000, 0x0000000710c00000| Complete 
|  88|0x0000000710e00000, 0x0000000711000000, 0x0000000711000000|100%| E|CS|TAMS 0x0000000710e00000, 0x0000000710e00000| Complete 
|  89|0x0000000711000000, 0x0000000711200000, 0x0000000711200000|100%| E|CS|TAMS 0x0000000711000000, 0x0000000711000000| Complete 
|  90|0x0000000711200000, 0x0000000711400000, 0x0000000711400000|100%| E|CS|TAMS 0x0000000711200000, 0x0000000711200000| Complete 
|  91|0x0000000711400000, 0x0000000711600000, 0x0000000711600000|100%| E|CS|TAMS 0x0000000711400000, 0x0000000711400000| Complete 
|  92|0x0000000711600000, 0x0000000711800000, 0x0000000711800000|100%| E|CS|TAMS 0x0000000711600000, 0x0000000711600000| Complete 
|  93|0x0000000711800000, 0x0000000711a00000, 0x0000000711a00000|100%| E|CS|TAMS 0x0000000711800000, 0x0000000711800000| Complete 
|  94|0x0000000711a00000, 0x0000000711c00000, 0x0000000711c00000|100%| E|CS|TAMS 0x0000000711a00000, 0x0000000711a00000| Complete 
|  95|0x0000000711c00000, 0x0000000711e00000, 0x0000000711e00000|100%| E|CS|TAMS 0x0000000711c00000, 0x0000000711c00000| Complete 
| 125|0x0000000715800000, 0x0000000715a00000, 0x0000000715a00000|100%| E|CS|TAMS 0x0000000715800000, 0x0000000715800000| Complete 
|1994|0x00000007ff200000, 0x00000007ff400000, 0x00000007ff400000|100%| O|  |TAMS 0x00000007ff400000, 0x00000007ff200000| Untracked 
|1995|0x00000007ff400000, 0x00000007ff600000, 0x00000007ff600000|100%| O|  |TAMS 0x00000007ff600000, 0x00000007ff400000| Untracked 
|1996|0x00000007ff600000, 0x00000007ff800000, 0x00000007ff800000|100%| O|  |TAMS 0x00000007ff800000, 0x00000007ff600000| Untracked 
|1997|0x00000007ff800000, 0x00000007ffa00000, 0x00000007ffa00000|100%| O|  |TAMS 0x00000007ffa00000, 0x00000007ff800000| Untracked 
|1998|0x00000007ffa00000, 0x00000007ffc00000, 0x00000007ffc00000|100%| O|  |TAMS 0x00000007ffc00000, 0x00000007ffa00000| Untracked 
|1999|0x00000007ffc00000, 0x00000007ffe00000, 0x00000007ffe00000|100%| O|  |TAMS 0x00000007ffe00000, 0x00000007ffc00000| Untracked 
|2000|0x00000007ffe00000, 0x0000000800000000, 0x0000000800000000|100%| O|  |TAMS 0x0000000800000000, 0x00000007ffe00000| Untracked 

Card table byte_map: [0x00000299f61f0000,0x00000299f69d0000] _byte_map_base: 0x00000299f29c1000

Marking Bits (Prev, Next): (CMBitMap*) 0x00000299de2924f0, (CMBitMap*) 0x00000299de292530
 Prev Bits: [0x00000299f71b0000, 0x00000299fb038000)
 Next Bits: [0x00000299fb040000, 0x00000299feec8000)

Polling page: 0x00000299dc190000

Metaspace:

Usage:
  Non-class:     31.00 MB used.
      Class:      3.51 MB used.
       Both:     34.51 MB used.

Virtual space:
  Non-class space:       64.00 MB reserved,      31.31 MB ( 49%) committed,  1 nodes.
      Class space:        1.00 GB reserved,       3.81 MB ( <1%) committed,  1 nodes.
             Both:        1.06 GB reserved,      35.12 MB (  3%) committed. 

Chunk freelists:
   Non-Class:  3.97 MB
       Class:  199.00 KB
        Both:  4.16 MB

MaxMetaspaceSize: unlimited
CompressedClassSpaceSize: 1.00 GB
Initial GC threshold: 21.00 MB
Current GC threshold: 41.69 MB
CDS: on
MetaspaceReclaimPolicy: balanced
 - commit_granule_bytes: 65536.
 - commit_granule_words: 8192.
 - virtual_space_node_default_size: 8388608.
 - enlarge_chunks_in_place: 1.
 - new_chunks_are_fully_committed: 0.
 - uncommit_free_chunks: 1.
 - use_allocation_guard: 0.


Internal statistics:

num_allocs_failed_limit: 3.
num_arena_births: 784.
num_arena_deaths: 0.
num_vsnodes_births: 2.
num_vsnodes_deaths: 0.
num_space_committed: 562.
num_space_uncommitted: 0.
num_chunks_returned_to_freelist: 3.
num_chunks_taken_from_freelist: 2161.
num_chunk_merges: 3.
num_chunk_splits: 1489.
num_chunks_enlarged: 1055.
num_inconsistent_stats: 0.

CodeHeap 'non-profiled nmethods': size=119168Kb used=7202Kb max_used=7202Kb free=111965Kb
 bounds [0x00000299edd20000, 0x00000299ee430000, 0x00000299f5180000]
CodeHeap 'profiled nmethods': size=119104Kb used=21367Kb max_used=21367Kb free=97737Kb
 bounds [0x00000299e6180000, 0x00000299e7670000, 0x00000299ed5d0000]
CodeHeap 'non-nmethods': size=7488Kb used=3036Kb max_used=3143Kb free=4451Kb
 bounds [0x00000299ed5d0000, 0x00000299ed8f0000, 0x00000299edd20000]
 total_blobs=10163 nmethods=9583 adapters=487
 compilation: enabled
              stopped_count=0, restarted_count=0
 full_count=0

Compilation events (20 events):
Event: 7.083 Thread 0x00000299ffe9a740 11676       3       java.util.zip.DeflaterOutputStream::write (21 bytes)
Event: 7.083 Thread 0x0000029986127f30 nmethod 11674 0x00000299e765a290 code [0x00000299e765a460, 0x00000299e765a848]
Event: 7.083 Thread 0x00000299ffe9a740 nmethod 11676 0x00000299e765aa10 code [0x00000299e765abc0, 0x00000299e765ae48]
Event: 7.083 Thread 0x00000299ffe55760 nmethod 11672 0x00000299e765af10 code [0x00000299e765b180, 0x00000299e765bcd8]
Event: 7.083 Thread 0x00000299ffe55ce0 nmethod 11669 0x00000299e765c090 code [0x00000299e765c360, 0x00000299e765d608]
Event: 7.086 Thread 0x00000299ffe9a740 11678       3       java.util.Arrays::binarySearch (9 bytes)
Event: 7.086 Thread 0x00000299ffe55ce0 11679       3       java.util.Arrays::binarySearch0 (72 bytes)
Event: 7.086 Thread 0x00000299ffe9a740 nmethod 11678 0x00000299e7418810 code [0x00000299e74189c0, 0x00000299e7418ae8]
Event: 7.086 Thread 0x00000299ffe55ce0 nmethod 11679 0x00000299e765df10 code [0x00000299e765e0c0, 0x00000299e765e358]
Event: 7.088 Thread 0x00000299ffe9a740 11680       3       java.lang.ProcessEnvironment$CheckedEntrySet$1::next (20 bytes)
Event: 7.088 Thread 0x00000299ffe9a740 nmethod 11680 0x00000299e765e490 code [0x00000299e765e660, 0x00000299e765eac8]
Event: 7.088 Thread 0x00000299ffe55ce0 11681       3       java.lang.ProcessEnvironment$CheckedEntry::getKey (13 bytes)
Event: 7.088 Thread 0x00000299ffe55760 11682       3       java.lang.ProcessEnvironment$CheckedEntry::getKey (5 bytes)
Event: 7.088 Thread 0x00000299ffe9a740 11683       3       java.lang.ProcessEnvironment$CheckedEntry::getValue (13 bytes)
Event: 7.088 Thread 0x00000299ffe55ce0 nmethod 11681 0x00000299e765ec10 code [0x00000299e765edc0, 0x00000299e765f088]
Event: 7.088 Thread 0x00000299ffe55760 nmethod 11682 0x00000299e765f190 code [0x00000299e765f340, 0x00000299e765f688]
Event: 7.088 Thread 0x00000299ffe9a740 nmethod 11683 0x00000299e765f790 code [0x00000299e765f940, 0x00000299e765fc08]
Event: 7.098 Thread 0x00000299ffe55ce0 11685       3       java.io.BufferedReader::<init> (62 bytes)
Event: 7.098 Thread 0x00000299ffe55ce0 nmethod 11685 0x00000299e765fd10 code [0x00000299e765fee0, 0x00000299e76602d8]
Event: 7.118 Thread 0x0000029986ea2bd0 nmethod 11659 0x00000299ee421e10 code [0x00000299ee4222c0, 0x00000299ee426428]

GC Heap History (20 events):
Event: 3.765 GC heap before
{Heap before GC invocations=13 (full 0):
 garbage-first heap   total 114688K, used 82233K [0x0000000705e00000, 0x0000000800000000)
  region size 2048K, 16 young (32768K), 1 survivors (2048K)
 Metaspace       used 27642K, committed 28096K, reserved 1114112K
  class space    used 2876K, committed 3072K, reserved 1048576K
}
Event: 3.766 GC heap after
{Heap after GC invocations=14 (full 0):
 garbage-first heap   total 114688K, used 51316K [0x0000000705e00000, 0x0000000800000000)
  region size 2048K, 1 young (2048K), 1 survivors (2048K)
 Metaspace       used 27642K, committed 28096K, reserved 1114112K
  class space    used 2876K, committed 3072K, reserved 1048576K
}
Event: 3.817 GC heap before
{Heap before GC invocations=14 (full 0):
 garbage-first heap   total 114688K, used 84084K [0x0000000705e00000, 0x0000000800000000)
  region size 2048K, 17 young (34816K), 1 survivors (2048K)
 Metaspace       used 27702K, committed 28160K, reserved 1114112K
  class space    used 2881K, committed 3072K, reserved 1048576K
}
Event: 3.818 GC heap after
{Heap after GC invocations=15 (full 0):
 garbage-first heap   total 114688K, used 51329K [0x0000000705e00000, 0x0000000800000000)
  region size 2048K, 1 young (2048K), 1 survivors (2048K)
 Metaspace       used 27702K, committed 28160K, reserved 1114112K
  class space    used 2881K, committed 3072K, reserved 1048576K
}
Event: 3.985 GC heap before
{Heap before GC invocations=15 (full 0):
 garbage-first heap   total 114688K, used 86145K [0x0000000705e00000, 0x0000000800000000)
  region size 2048K, 19 young (38912K), 1 survivors (2048K)
 Metaspace       used 28246K, committed 28800K, reserved 1114112K
  class space    used 2951K, committed 3200K, reserved 1048576K
}
Event: 3.987 GC heap after
{Heap after GC invocations=16 (full 0):
 garbage-first heap   total 114688K, used 51896K [0x0000000705e00000, 0x0000000800000000)
  region size 2048K, 1 young (2048K), 1 survivors (2048K)
 Metaspace       used 28246K, committed 28800K, reserved 1114112K
  class space    used 2951K, committed 3200K, reserved 1048576K
}
Event: 4.065 GC heap before
{Heap before GC invocations=16 (full 0):
 garbage-first heap   total 114688K, used 88760K [0x0000000705e00000, 0x0000000800000000)
  region size 2048K, 19 young (38912K), 1 survivors (2048K)
 Metaspace       used 28419K, committed 28992K, reserved 1114112K
  class space    used 2968K, committed 3264K, reserved 1048576K
}
Event: 4.067 GC heap after
{Heap after GC invocations=17 (full 0):
 garbage-first heap   total 169984K, used 52457K [0x0000000705e00000, 0x0000000800000000)
  region size 2048K, 1 young (2048K), 1 survivors (2048K)
 Metaspace       used 28419K, committed 28992K, reserved 1114112K
  class space    used 2968K, committed 3264K, reserved 1048576K
}
Event: 4.209 GC heap before
{Heap before GC invocations=17 (full 0):
 garbage-first heap   total 169984K, used 132329K [0x0000000705e00000, 0x0000000800000000)
  region size 2048K, 40 young (81920K), 1 survivors (2048K)
 Metaspace       used 28573K, committed 29120K, reserved 1114112K
  class space    used 2971K, committed 3264K, reserved 1048576K
}
Event: 4.212 GC heap after
{Heap after GC invocations=18 (full 0):
 garbage-first heap   total 169984K, used 54501K [0x0000000705e00000, 0x0000000800000000)
  region size 2048K, 2 young (4096K), 2 survivors (4096K)
 Metaspace       used 28573K, committed 29120K, reserved 1114112K
  class space    used 2971K, committed 3264K, reserved 1048576K
}
Event: 4.379 GC heap before
{Heap before GC invocations=18 (full 0):
 garbage-first heap   total 169984K, used 134373K [0x0000000705e00000, 0x0000000800000000)
  region size 2048K, 41 young (83968K), 2 survivors (4096K)
 Metaspace       used 28763K, committed 29312K, reserved 1114112K
  class space    used 2975K, committed 3264K, reserved 1048576K
}
Event: 4.382 GC heap after
{Heap after GC invocations=19 (full 0):
 garbage-first heap   total 169984K, used 54796K [0x0000000705e00000, 0x0000000800000000)
  region size 2048K, 2 young (4096K), 2 survivors (4096K)
 Metaspace       used 28763K, committed 29312K, reserved 1114112K
  class space    used 2975K, committed 3264K, reserved 1048576K
}
Event: 4.499 GC heap before
{Heap before GC invocations=19 (full 0):
 garbage-first heap   total 169984K, used 136716K [0x0000000705e00000, 0x0000000800000000)
  region size 2048K, 42 young (86016K), 2 survivors (4096K)
 Metaspace       used 28832K, committed 29376K, reserved 1114112K
  class space    used 2975K, committed 3264K, reserved 1048576K
}
Event: 4.504 GC heap after
{Heap after GC invocations=20 (full 0):
 garbage-first heap   total 169984K, used 55525K [0x0000000705e00000, 0x0000000800000000)
  region size 2048K, 3 young (6144K), 3 survivors (6144K)
 Metaspace       used 28832K, committed 29376K, reserved 1114112K
  class space    used 2975K, committed 3264K, reserved 1048576K
}
Event: 5.388 GC heap before
{Heap before GC invocations=20 (full 0):
 garbage-first heap   total 169984K, used 137445K [0x0000000705e00000, 0x0000000800000000)
  region size 2048K, 43 young (88064K), 3 survivors (6144K)
 Metaspace       used 31495K, committed 32128K, reserved 1114112K
  class space    used 3234K, committed 3520K, reserved 1048576K
}
Event: 5.394 GC heap after
{Heap after GC invocations=21 (full 0):
 garbage-first heap   total 212992K, used 56844K [0x0000000705e00000, 0x0000000800000000)
  region size 2048K, 3 young (6144K), 3 survivors (6144K)
 Metaspace       used 31495K, committed 32128K, reserved 1114112K
  class space    used 3234K, committed 3520K, reserved 1048576K
}
Event: 6.089 GC heap before
{Heap before GC invocations=21 (full 0):
 garbage-first heap   total 212992K, used 177676K [0x0000000705e00000, 0x0000000800000000)
  region size 2048K, 60 young (122880K), 3 survivors (6144K)
 Metaspace       used 31916K, committed 32512K, reserved 1114112K
  class space    used 3254K, committed 3584K, reserved 1048576K
}
Event: 6.094 GC heap after
{Heap after GC invocations=22 (full 0):
 garbage-first heap   total 212992K, used 62457K [0x0000000705e00000, 0x0000000800000000)
  region size 2048K, 5 young (10240K), 5 survivors (10240K)
 Metaspace       used 31916K, committed 32512K, reserved 1114112K
  class space    used 3254K, committed 3584K, reserved 1048576K
}
Event: 6.895 GC heap before
{Heap before GC invocations=22 (full 0):
 garbage-first heap   total 212992K, used 175097K [0x0000000705e00000, 0x0000000800000000)
  region size 2048K, 60 young (122880K), 5 survivors (10240K)
 Metaspace       used 33524K, committed 34112K, reserved 1114112K
  class space    used 3418K, committed 3712K, reserved 1048576K
}
Event: 6.901 GC heap after
{Heap after GC invocations=23 (full 0):
 garbage-first heap   total 212992K, used 70254K [0x0000000705e00000, 0x0000000800000000)
  region size 2048K, 8 young (16384K), 8 survivors (16384K)
 Metaspace       used 33524K, committed 34112K, reserved 1114112K
  class space    used 3418K, committed 3712K, reserved 1048576K
}

Dll operation events (12 events):
Event: 0.005 Loaded shared library C:\Program Files\Java\jdk-19\bin\java.dll
Event: 0.010 Loaded shared library C:\Program Files\Java\jdk-19\bin\jsvml.dll
Event: 0.038 Loaded shared library C:\Program Files\Java\jdk-19\bin\zip.dll
Event: 0.040 Loaded shared library C:\Program Files\Java\jdk-19\bin\instrument.dll
Event: 0.042 Loaded shared library C:\Program Files\Java\jdk-19\bin\net.dll
Event: 0.043 Loaded shared library C:\Program Files\Java\jdk-19\bin\nio.dll
Event: 0.045 Loaded shared library C:\Program Files\Java\jdk-19\bin\zip.dll
Event: 0.054 Loaded shared library C:\Program Files\JetBrains\IntelliJ IDEA 2022.1.2\bin\breakgen64.dll
Event: 0.060 Loaded shared library C:\Program Files\Java\jdk-19\bin\extnet.dll
Event: 0.130 Loaded shared library C:\Program Files\Java\jdk-19\bin\jimage.dll
Event: 0.416 Loaded shared library C:\Users\99293\AppData\Local\Temp\jansi-2.4.0-eec1a2b8825690ed-jansi.dll
Event: 0.423 Loaded shared library C:\Program Files\Java\jdk-19\bin\verify.dll

Deoptimization events (20 events):
Event: 7.018 Thread 0x00000299872352e0 DEOPT PACKING pc=0x00000299ede0dd54 sp=0x000000f4f8aff450
Event: 7.018 Thread 0x00000299872352e0 DEOPT UNPACKING pc=0x00000299ed636da3 sp=0x000000f4f8aff418 mode 2
Event: 7.018 Thread 0x00000299872362d0 Uncommon trap: trap_request=0xffffffc6 fr.pc=0x00000299ede0dd54 relative=0x0000000000000214
Event: 7.018 Thread 0x00000299872362d0 Uncommon trap: reason=bimorphic_or_optimized_type_check action=maybe_recompile pc=0x00000299ede0dd54 method=java.util.concurrent.locks.AbstractQueuedSynchronizer.release(I)Z @ 2 c2
Event: 7.018 Thread 0x00000299872362d0 DEOPT PACKING pc=0x00000299ede0dd54 sp=0x000000f4f92fef00
Event: 7.018 Thread 0x00000299872362d0 DEOPT UNPACKING pc=0x00000299ed636da3 sp=0x000000f4f92feec8 mode 2
Event: 7.018 Thread 0x00000299872352e0 Uncommon trap: trap_request=0xffffffc6 fr.pc=0x00000299ede0dd54 relative=0x0000000000000214
Event: 7.018 Thread 0x00000299872352e0 Uncommon trap: reason=bimorphic_or_optimized_type_check action=maybe_recompile pc=0x00000299ede0dd54 method=java.util.concurrent.locks.AbstractQueuedSynchronizer.release(I)Z @ 2 c2
Event: 7.018 Thread 0x00000299872352e0 DEOPT PACKING pc=0x00000299ede0dd54 sp=0x000000f4f8aff450
Event: 7.018 Thread 0x00000299872352e0 DEOPT UNPACKING pc=0x00000299ed636da3 sp=0x000000f4f8aff418 mode 2
Event: 7.018 Thread 0x00000299872372c0 Uncommon trap: trap_request=0xffffffc6 fr.pc=0x00000299ede0dd54 relative=0x0000000000000214
Event: 7.018 Thread 0x00000299872372c0 Uncommon trap: reason=bimorphic_or_optimized_type_check action=maybe_recompile pc=0x00000299ede0dd54 method=java.util.concurrent.locks.AbstractQueuedSynchronizer.release(I)Z @ 2 c2
Event: 7.018 Thread 0x00000299872372c0 DEOPT PACKING pc=0x00000299ede0dd54 sp=0x000000f4f93fef40
Event: 7.018 Thread 0x00000299872372c0 DEOPT UNPACKING pc=0x00000299ed636da3 sp=0x000000f4f93fef08 mode 2
Event: 7.032 Thread 0x00000299de21f300 DEOPT PACKING pc=0x00000299e6b75cff sp=0x000000f4f66fc8a0
Event: 7.032 Thread 0x00000299de21f300 DEOPT UNPACKING pc=0x00000299ed637543 sp=0x000000f4f66fbd40 mode 0
Event: 7.068 Thread 0x0000029987237810 Uncommon trap: trap_request=0xffffffc6 fr.pc=0x00000299ee41d40c relative=0x000000000000024c
Event: 7.068 Thread 0x0000029987237810 Uncommon trap: reason=bimorphic_or_optimized_type_check action=maybe_recompile pc=0x00000299ee41d40c method=java.util.concurrent.locks.AbstractQueuedSynchronizer.releaseShared(I)Z @ 2 c2
Event: 7.068 Thread 0x0000029987237810 DEOPT PACKING pc=0x00000299ee41d40c sp=0x000000f4f97ff0f0
Event: 7.068 Thread 0x0000029987237810 DEOPT UNPACKING pc=0x00000299ed636da3 sp=0x000000f4f97ff0b8 mode 2

Classes loaded (20 events):
Event: 7.084 Loading class java/util/concurrent/ArrayBlockingQueue
Event: 7.084 Loading class java/util/concurrent/ArrayBlockingQueue done
Event: 7.085 Loading class java/util/DualPivotQuicksort
Event: 7.086 Loading class java/util/DualPivotQuicksort done
Event: 7.087 Loading class java/lang/IllegalThreadStateException
Event: 7.087 Loading class java/lang/IllegalThreadStateException done
Event: 7.087 Loading class java/lang/ProcessBuilder
Event: 7.087 Loading class java/lang/ProcessBuilder done
Event: 7.087 Loading class java/lang/ProcessImpl
Event: 7.087 Loading class java/lang/Process
Event: 7.088 Loading class java/lang/Process done
Event: 7.088 Loading class java/lang/ProcessImpl done
Event: 7.095 Loading class java/lang/ProcessImpl$2
Event: 7.095 Loading class java/lang/ProcessImpl$2 done
Event: 7.095 Loading class java/lang/Process$PipeInputStream
Event: 7.095 Loading class java/lang/Process$PipeInputStream done
Event: 7.096 Loading class jdk/internal/event/ProcessStartEvent
Event: 7.096 Loading class jdk/internal/event/Event
Event: 7.096 Loading class jdk/internal/event/Event done
Event: 7.096 Loading class jdk/internal/event/ProcessStartEvent done

Classes unloaded (0 events):
No events

Classes redefined (0 events):
No events

Internal exceptions (20 events):
Event: 6.711 Thread 0x00000299de21f300 Exception <a 'sun/nio/fs/WindowsException'{0x000000070c68d088}> (0x000000070c68d088) 
thrown [s\open\src\hotspot\share\prims\jni.cpp, line 517]
Event: 6.711 Thread 0x00000299de21f300 Exception <a 'sun/nio/fs/WindowsException'{0x000000070c68e020}> (0x000000070c68e020) 
thrown [s\open\src\hotspot\share\prims\jni.cpp, line 517]
Event: 6.711 Thread 0x00000299de21f300 Exception <a 'sun/nio/fs/WindowsException'{0x000000070c68e408}> (0x000000070c68e408) 
thrown [s\open\src\hotspot\share\prims\jni.cpp, line 517]
Event: 6.711 Thread 0x00000299de21f300 Exception <a 'sun/nio/fs/WindowsException'{0x000000070c68f468}> (0x000000070c68f468) 
thrown [s\open\src\hotspot\share\prims\jni.cpp, line 517]
Event: 6.711 Thread 0x00000299de21f300 Exception <a 'sun/nio/fs/WindowsException'{0x000000070c68f7b8}> (0x000000070c68f7b8) 
thrown [s\open\src\hotspot\share\prims\jni.cpp, line 517]
Event: 6.724 Thread 0x00000299de21f300 Exception <a 'sun/nio/fs/WindowsException'{0x000000070c4657a0}> (0x000000070c4657a0) 
thrown [s\open\src\hotspot\share\prims\jni.cpp, line 517]
Event: 6.729 Thread 0x00000299de21f300 Exception <a 'sun/nio/fs/WindowsException'{0x000000070c47a618}> (0x000000070c47a618) 
thrown [s\open\src\hotspot\share\prims\jni.cpp, line 517]
Event: 6.732 Thread 0x00000299de21f300 Exception <a 'sun/nio/fs/WindowsException'{0x000000070c4910a0}> (0x000000070c4910a0) 
thrown [s\open\src\hotspot\share\prims\jni.cpp, line 517]
Event: 6.784 Thread 0x00000299de21f300 Implicit null exception at 0x00000299edf79b5a to 0x00000299edf7f550
Event: 6.785 Thread 0x00000299de21f300 Implicit null exception at 0x00000299edf87f76 to 0x00000299edf8d2a0
Event: 6.785 Thread 0x00000299de21f300 Implicit null exception at 0x00000299edf7030a to 0x00000299edf74558
Event: 6.807 Thread 0x00000299de21f300 Implicit null exception at 0x00000299edf53e96 to 0x00000299edf550f0
Event: 6.949 Thread 0x00000299de21f300 Exception <a 'java/lang/NoSuchMethodError'{0x0000000711876820}: 'java.lang.String org.apache.maven.execution.MavenExecutionRequest.getFailureBehavior()'> (0x0000000711876820) 
thrown [s\open\src\hotspot\share\interpreter\linkResolver.cpp, line 870]
Event: 6.950 Thread 0x00000299872342f0 Exception <a 'java/lang/NoSuchMethodError'{0x0000000711b3bd80}: 'java.lang.Object java.lang.invoke.DirectMethodHandle$Holder.invokeStatic(java.lang.Object, long, java.lang.Object)'> (0x0000000711b3bd80) 
thrown [s\open\src\hotspot\share\interpreter\linkResolver.cpp, line 774]
Event: 6.950 Thread 0x00000299872342f0 Exception <a 'java/lang/NoSuchMethodError'{0x0000000711b3f3d0}: 'java.lang.Object java.lang.invoke.DirectMethodHandle$Holder.invokeStaticInit(java.lang.Object, long, java.lang.Object)'> (0x0000000711b3f3d0) 
thrown [s\open\src\hotspot\share\interpreter\linkResolver.cpp, line 774]
Event: 6.950 Thread 0x00000299872342f0 Exception <a 'java/lang/NoSuchMethodError'{0x0000000711b45020}: 'java.lang.Object java.lang.invoke.DirectMethodHandle$Holder.newInvokeSpecial(java.lang.Object, long)'> (0x0000000711b45020) 
thrown [s\open\src\hotspot\share\interpreter\linkResolver.cpp, line 774]
Event: 6.951 Thread 0x00000299872342f0 Exception <a 'java/lang/NoSuchMethodError'{0x0000000711b498b0}: 'long java.lang.invoke.DirectMethodHandle$Holder.invokeInterface(java.lang.Object, java.lang.Object)'> (0x0000000711b498b0) 
thrown [s\open\src\hotspot\share\interpreter\linkResolver.cpp, line 774]
Event: 6.951 Thread 0x00000299872342f0 Exception <a 'java/lang/NoSuchMethodError'{0x0000000711b4d218}: 'long java.lang.invoke.DelegatingMethodHandle$Holder.reinvoke_L(java.lang.Object, java.lang.Object)'> (0x0000000711b4d218) 
thrown [s\open\src\hotspot\share\interpreter\linkResolver.cpp, line 774]
Event: 6.986 Thread 0x00000299de21f300 Exception <a 'java/lang/NoSuchMethodError'{0x00000007119f0900}: 'java.lang.Object java.lang.invoke.DirectMethodHandle$Holder.invokeStaticInit(java.lang.Object, java.lang.Object, int, int, int, int)'> (0x00000007119f0900) 
thrown [s\open\src\hotspot\share\interpreter\linkResolver.cpp, line 774]
Event: 7.095 Thread 0x00000299de21f300 Exception <a 'java/lang/NoSuchMethodError'{0x00000007103adf78}: 'void java.lang.invoke.DirectMethodHandle$Holder.invokeStatic(java.lang.Object, long)'> (0x00000007103adf78) 
thrown [s\open\src\hotspot\share\interpreter\linkResolver.cpp, line 774]

VM Operations (20 events):
Event: 5.953 Executing VM operation: HandshakeAllThreads
Event: 5.953 Executing VM operation: HandshakeAllThreads done
Event: 5.994 Executing VM operation: ICBufferFull
Event: 5.994 Executing VM operation: ICBufferFull done
Event: 6.089 Executing VM operation: G1CollectForAllocation
Event: 6.095 Executing VM operation: G1CollectForAllocation done
Event: 6.714 Executing VM operation: ICBufferFull
Event: 6.714 Executing VM operation: ICBufferFull done
Event: 6.810 Executing VM operation: HandshakeAllThreads
Event: 6.810 Executing VM operation: HandshakeAllThreads done
Event: 6.832 Executing VM operation: ICBufferFull
Event: 6.832 Executing VM operation: ICBufferFull done
Event: 6.895 Executing VM operation: G1CollectForAllocation
Event: 6.901 Executing VM operation: G1CollectForAllocation done
Event: 6.935 Executing VM operation: HandshakeAllThreads
Event: 6.935 Executing VM operation: HandshakeAllThreads done
Event: 7.067 Executing VM operation: HandshakeAllThreads
Event: 7.067 Executing VM operation: HandshakeAllThreads done
Event: 7.096 Executing VM operation: HandshakeAllThreads
Event: 7.096 Executing VM operation: HandshakeAllThreads done

Events (20 events):
Event: 6.831 Thread 0x00000299ffeaa4a0 flushing nmethod 0x00000299e70a5c10
Event: 6.831 Thread 0x00000299ffeaa4a0 flushing nmethod 0x00000299e711b090
Event: 6.831 Thread 0x00000299ffeaa4a0 flushing nmethod 0x00000299e712aa90
Event: 6.832 Thread 0x00000299ffeaa4a0 flushing nmethod 0x00000299e7229410
Event: 6.832 Thread 0x00000299ffeaa4a0 flushing nmethod 0x00000299e7240e10
Event: 6.832 Thread 0x00000299ffeaa4a0 flushing nmethod 0x00000299e728c790
Event: 6.836 Thread 0x00000299ffeaa4a0 flushing nmethod 0x00000299e7630390
Event: 6.936 Thread 0x00000299872342f0 Thread added: 0x00000299872342f0
Event: 6.952 Thread 0x00000299872342f0 Thread exited: 0x00000299872342f0
Event: 7.018 Thread 0x00000299872352e0 Thread added: 0x00000299872352e0
Event: 7.018 Thread 0x00000299872362d0 Thread added: 0x00000299872362d0
Event: 7.018 Thread 0x00000299872372c0 Thread added: 0x00000299872372c0
Event: 7.054 Thread 0x0000029987235830 Thread added: 0x0000029987235830
Event: 7.054 Thread 0x0000029987233300 Thread added: 0x0000029987233300
Event: 7.064 Thread 0x00000299872342f0 Thread added: 0x00000299872342f0
Event: 7.066 Thread 0x0000029987237810 Thread added: 0x0000029987237810
Event: 7.085 Thread 0x0000029987238800 Thread added: 0x0000029987238800
Event: 7.098 Thread 0x00000299872392a0 Thread added: 0x00000299872392a0
Event: 7.098 Thread 0x0000029987232860 Thread added: 0x0000029987232860
Event: 7.098 Thread 0x00000299872397f0 Thread added: 0x00000299872397f0


Dynamic libraries:
0x00007ff628c50000 - 0x00007ff628c60000 	C:\Program Files\Java\jdk-19\bin\java.exe
0x00007ff9ebed0000 - 0x00007ff9ec0e7000 	C:\WINDOWS\SYSTEM32\ntdll.dll
0x00007ff9eabf0000 - 0x00007ff9eacb4000 	C:\WINDOWS\System32\KERNEL32.DLL
0x00007ff9e9520000 - 0x00007ff9e98cd000 	C:\WINDOWS\System32\KERNELBASE.dll
0x00007ff9e9900000 - 0x00007ff9e9a11000 	C:\WINDOWS\System32\ucrtbase.dll
0x00007ff9e2b00000 - 0x00007ff9e2b18000 	C:\Program Files\Java\jdk-19\bin\jli.dll
0x00007ff9ddd20000 - 0x00007ff9ddd3b000 	C:\Program Files\Java\jdk-19\bin\VCRUNTIME140.dll
0x00007ff9ea2f0000 - 0x00007ff9ea3a2000 	C:\WINDOWS\System32\ADVAPI32.dll
0x00007ff9ea400000 - 0x00007ff9ea4a7000 	C:\WINDOWS\System32\msvcrt.dll
0x00007ff9ebdb0000 - 0x00007ff9ebe59000 	C:\WINDOWS\System32\sechost.dll
0x00007ff9e9300000 - 0x00007ff9e9328000 	C:\WINDOWS\System32\bcrypt.dll
0x00007ff9ea1d0000 - 0x00007ff9ea2e4000 	C:\WINDOWS\System32\RPCRT4.dll
0x00007ff9eb6f0000 - 0x00007ff9eb89e000 	C:\WINDOWS\System32\USER32.dll
0x00007ff9e98d0000 - 0x00007ff9e98f6000 	C:\WINDOWS\System32\win32u.dll
0x00007ff9d6740000 - 0x00007ff9d69d3000 	C:\WINDOWS\WinSxS\amd64_microsoft.windows.common-controls_6595b64144ccf1df_6.0.22621.3672_none_2713b9d173822955\COMCTL32.dll
0x00007ff9ea3b0000 - 0x00007ff9ea3d9000 	C:\WINDOWS\System32\GDI32.dll
0x00007ff9e9ac0000 - 0x00007ff9e9bd9000 	C:\WINDOWS\System32\gdi32full.dll
0x00007ff9e9a20000 - 0x00007ff9e9aba000 	C:\WINDOWS\System32\msvcp_win.dll
0x00007ff9e0b20000 - 0x00007ff9e0b2a000 	C:\WINDOWS\SYSTEM32\VERSION.dll
0x00007ff9eadc0000 - 0x00007ff9eadf1000 	C:\WINDOWS\System32\IMM32.DLL
0x00007ff9ddcb0000 - 0x00007ff9ddcbc000 	C:\Program Files\Java\jdk-19\bin\vcruntime140_1.dll
0x00007ff987b30000 - 0x00007ff987bbe000 	C:\Program Files\Java\jdk-19\bin\msvcp140.dll
0x00007ff9642f0000 - 0x00007ff964fb0000 	C:\Program Files\Java\jdk-19\bin\server\jvm.dll
0x00007ff9e2e20000 - 0x00007ff9e2e54000 	C:\WINDOWS\SYSTEM32\WINMM.dll
0x00007ff9e30e0000 - 0x00007ff9e30e9000 	C:\WINDOWS\SYSTEM32\WSOCK32.dll
0x00007ff9ebc30000 - 0x00007ff9ebca1000 	C:\WINDOWS\System32\WS2_32.dll
0x00007ff9e82f0000 - 0x00007ff9e8308000 	C:\WINDOWS\SYSTEM32\kernel.appcore.dll
0x00007ff9ddca0000 - 0x00007ff9ddcaa000 	C:\Program Files\Java\jdk-19\bin\jimage.dll
0x00007ff9e6a30000 - 0x00007ff9e6c62000 	C:\WINDOWS\SYSTEM32\DBGHELP.DLL
0x00007ff9eb8a0000 - 0x00007ff9ebc28000 	C:\WINDOWS\System32\combase.dll
0x00007ff9ebcb0000 - 0x00007ff9ebd87000 	C:\WINDOWS\System32\OLEAUT32.dll
0x00007ff9ddbf0000 - 0x00007ff9ddc22000 	C:\WINDOWS\SYSTEM32\dbgcore.DLL
0x00007ff9e94a0000 - 0x00007ff9e951b000 	C:\WINDOWS\System32\bcryptPrimitives.dll
0x00007ff9e2fe0000 - 0x00007ff9e2fee000 	C:\Program Files\Java\jdk-19\bin\instrument.dll
0x00007ff9cfe80000 - 0x00007ff9cfea6000 	C:\Program Files\Java\jdk-19\bin\java.dll
0x00007ff987a50000 - 0x00007ff987b27000 	C:\Program Files\Java\jdk-19\bin\jsvml.dll
0x00007ff9eae90000 - 0x00007ff9eb6ef000 	C:\WINDOWS\System32\SHELL32.dll
0x00007ff9e70f0000 - 0x00007ff9e79ec000 	C:\WINDOWS\SYSTEM32\windows.storage.dll
0x00007ff9e6fa0000 - 0x00007ff9e70df000 	C:\WINDOWS\SYSTEM32\wintypes.dll
0x00007ff9ea0c0000 - 0x00007ff9ea1b4000 	C:\WINDOWS\System32\SHCORE.dll
0x00007ff9eab90000 - 0x00007ff9eabee000 	C:\WINDOWS\System32\shlwapi.dll
0x00007ff9e9100000 - 0x00007ff9e9121000 	C:\WINDOWS\SYSTEM32\profapi.dll
0x00007ff9cfad0000 - 0x00007ff9cfae8000 	C:\Program Files\Java\jdk-19\bin\zip.dll
0x00007ff9d9e60000 - 0x00007ff9d9e73000 	C:\Program Files\Java\jdk-19\bin\net.dll
0x00007ff9e49c0000 - 0x00007ff9e4af6000 	C:\WINDOWS\SYSTEM32\WINHTTP.dll
0x00007ff9e8760000 - 0x00007ff9e87c9000 	C:\WINDOWS\system32\mswsock.dll
0x00007ff9d7140000 - 0x00007ff9d7156000 	C:\Program Files\Java\jdk-19\bin\nio.dll
0x00007ff9d7360000 - 0x00007ff9d737a000 	C:\Program Files\JetBrains\IntelliJ IDEA 2022.1.2\bin\breakgen64.dll
0x00007ff9d7120000 - 0x00007ff9d7128000 	C:\Program Files\Java\jdk-19\bin\extnet.dll
0x0000000069ac0000 - 0x0000000069ae4000 	C:\Users\99293\AppData\Local\Temp\jansi-2.4.0-eec1a2b8825690ed-jansi.dll
0x00007ff9c92b0000 - 0x00007ff9c92c0000 	C:\Program Files\Java\jdk-19\bin\verify.dll
0x00007ff9e89c0000 - 0x00007ff9e89db000 	C:\WINDOWS\SYSTEM32\CRYPTSP.dll
0x00007ff9e8250000 - 0x00007ff9e8285000 	C:\WINDOWS\system32\rsaenh.dll
0x00007ff9e8860000 - 0x00007ff9e8888000 	C:\WINDOWS\SYSTEM32\USERENV.dll
0x00007ff9e89e0000 - 0x00007ff9e89ec000 	C:\WINDOWS\SYSTEM32\CRYPTBASE.dll
0x00007ff9e7cc0000 - 0x00007ff9e7ced000 	C:\WINDOWS\SYSTEM32\IPHLPAPI.DLL
0x00007ff9eab00000 - 0x00007ff9eab09000 	C:\WINDOWS\System32\NSI.dll
0x00007ff9e4720000 - 0x00007ff9e4739000 	C:\WINDOWS\SYSTEM32\dhcpcsvc6.DLL
0x00007ff9e4700000 - 0x00007ff9e471f000 	C:\WINDOWS\SYSTEM32\dhcpcsvc.DLL
0x00007ff9e7cf0000 - 0x00007ff9e7de8000 	C:\WINDOWS\SYSTEM32\DNSAPI.dll

dbghelp: loaded successfully - version: 4.0.5 - missing functions: none
symbol engine: initialized successfully - sym options: 0x614 - pdb path: .;C:\Program Files\Java\jdk-19\bin;C:\WINDOWS\SYSTEM32;C:\WINDOWS\WinSxS\amd64_microsoft.windows.common-controls_6595b64144ccf1df_6.0.22621.3672_none_2713b9d173822955;C:\Program Files\Java\jdk-19\bin\server;C:\Program Files\JetBrains\IntelliJ IDEA 2022.1.2\bin;C:\Users\99293\AppData\Local\Temp

VM Arguments:
jvm_args: -Dmaven.multiModuleProjectDirectory=D:\unitedStates_storage-master\unitedStates_storage -Dmaven.home=C:\Users\99293\.m2\wrapper\dists\apache-maven-3.8.6-bin\1ks0nkde5v1pk9vtc31i9d0lcd\apache-maven-3.8.6 -Dclassworlds.conf=C:\Users\99293\.m2\wrapper\dists\apache-maven-3.8.6-bin\1ks0nkde5v1pk9vtc31i9d0lcd\apache-maven-3.8.6\bin\m2.conf -Dmaven.ext.class.path=C:\Program Files\JetBrains\IntelliJ IDEA 2022.1.2\plugins\maven\lib\maven-event-listener.jar -javaagent:C:\Program Files\JetBrains\IntelliJ IDEA 2022.1.2\lib\idea_rt.jar=57463:C:\Program Files\JetBrains\IntelliJ IDEA 2022.1.2\bin -Dfile.encoding=UTF-8 
java_command: org.codehaus.classworlds.Launcher -Didea.version=2022.1.2 package
java_class_path (initial): C:\Users\99293\.m2\wrapper\dists\apache-maven-3.8.6-bin\1ks0nkde5v1pk9vtc31i9d0lcd\apache-maven-3.8.6\boot\plexus-classworlds-2.6.0.jar;C:\Users\99293\.m2\wrapper\dists\apache-maven-3.8.6-bin\1ks0nkde5v1pk9vtc31i9d0lcd\apache-maven-3.8.6\boot\plexus-classworlds.license
Launcher Type: SUN_STANDARD

[Global flags]
     intx CICompilerCount                          = 12                                        {product} {ergonomic}
     uint ConcGCThreads                            = 3                                         {product} {ergonomic}
     uint G1ConcRefinementThreads                  = 13                                        {product} {ergonomic}
   size_t G1HeapRegionSize                         = 2097152                                   {product} {ergonomic}
    uintx GCDrainStackTargetSize                   = 64                                        {product} {ergonomic}
   size_t InitialHeapSize                          = 264241152                                 {product} {ergonomic}
   size_t MarkStackSize                            = 4194304                                   {product} {ergonomic}
   size_t MaxHeapSize                              = 4196401152                                {product} {ergonomic}
   size_t MaxNewSize                               = 2516582400                                {product} {ergonomic}
   size_t MinHeapDeltaBytes                        = 2097152                                   {product} {ergonomic}
   size_t MinHeapSize                              = 8388608                                   {product} {ergonomic}
    uintx NonNMethodCodeHeapSize                   = 7602480                                {pd product} {ergonomic}
    uintx NonProfiledCodeHeapSize                  = 122027880                              {pd product} {ergonomic}
    uintx ProfiledCodeHeapSize                     = 122027880                              {pd product} {ergonomic}
    uintx ReservedCodeCacheSize                    = 251658240                              {pd product} {ergonomic}
     bool SegmentedCodeCache                       = true                                      {product} {ergonomic}
   size_t SoftMaxHeapSize                          = 4196401152                             {manageable} {ergonomic}
     bool UseCompressedClassPointers               = true                           {product lp64_product} {ergonomic}
     bool UseCompressedOops                        = true                           {product lp64_product} {ergonomic}
     bool UseG1GC                                  = true                                      {product} {ergonomic}
     bool UseLargePagesIndividualAllocation        = false                                  {pd product} {ergonomic}

Logging:
Log output configuration:
 #0: stdout all=warning uptime,level,tags foldmultilines=false
 #1: stderr all=off uptime,level,tags foldmultilines=false

Environment Variables:
JAVA_HOME=C:\Program Files\Java\jdk-19
PATH=C:\Program Files\Common Files\Oracle\Java\javapath;C:\Windows\system32;C:\Windows;C:\Windows\System32\Wbem;C:\Windows\System32\WindowsPowerShell\v1.0\;C:\Windows\System32\OpenSSH\;C:\Program Files (x86)\NVIDIA Corporation\PhysX\Common;C:\Program Files\NVIDIA Corporation\NVIDIA NvDLISR;C:\Program Files\Git\cmd;C:\Program Files (x86)\dotnet\;C:\WINDOWS\system32;C:\WINDOWS;C:\WINDOWS\System32\Wbem;C:\WINDOWS\System32\WindowsPowerShell\v1.0\;C:\WINDOWS\System32\OpenSSH\;C:\Program Files\Java\jdk-19\bin;C:\Users\99293\AppData\Local\Programs\Python\Python311\Scripts\;C:\Users\99293\AppData\Local\Programs\Python\Python311\;C:\Users\99293\AppData\Local\Microsoft\WindowsApps;;C:\Program Files\JetBrains\IntelliJ IDEA 2022.1.2\bin;;C:\Program Files\heroku\bin
USERNAME=ASUS
OS=Windows_NT
PROCESSOR_IDENTIFIER=Intel64 Family 6 Model 154 Stepping 3, GenuineIntel
TMP=C:\Users\99293\AppData\Local\Temp
TEMP=C:\Users\99293\AppData\Local\Temp



---------------  S Y S T E M  ---------------

OS:
 Windows 11 , 64 bit Build 22621 (10.0.22621.3672)
OS uptime: 1 days 17:49 hours
Hyper-V role detected

CPU: total 16 (initial active 16) (8 cores per cpu, 2 threads per core) family 6 model 154 stepping 3 microcode 0x41c, cx8, cmov, fxsr, ht, mmx, 3dnowpref, sse, sse2, sse3, ssse3, sse4.1, sse4.2, popcnt, lzcnt, tsc, tscinvbit, avx, avx2, aes, erms, clmul, bmi1, bmi2, adx, sha, fma, vzeroupper, clflush, clflushopt, clwb, hv, serialize, rdtscp, rdpid, fsrm

Memory: 4k page, system-wide physical 16005M (2931M free)
TotalPageFile size 18053M (AvailPageFile size 7M)
current process WorkingSet (physical memory assigned to process): 433M, peak: 436M
current process commit charge ("private bytes"): 491M, peak: 497M

vm_info: Java HotSpot(TM) 64-Bit Server VM (19.0.2+7-44) for windows-amd64 JRE (19.0.2+7-44), built on 2022-11-30T18:02:09Z by "mach5one" with MS VC++ 17.1 (VS2022)

END.
