#
# There is insufficient memory for the Java Runtime Environment to continue.
# Native memory allocation (malloc) failed to allocate 760656 bytes for Chunk::new
# Possible reasons:
#   The system is out of physical RAM or swap space
#   The process is running with CompressedOops enabled, and the Java Heap may be blocking the growth of the native heap
# Possible solutions:
#   Reduce memory load on the system
#   Increase physical memory or swap space
#   Check if swap backing store is full
#   Decrease Java heap size (-Xmx/-Xms)
#   Decrease number of Java threads
#   Decrease Java thread stack sizes (-Xss)
#   Set larger code cache with -XX:ReservedCodeCacheSize=
#   JVM is running with Zero Based Compressed Oops mode in which the Java heap is
#     placed in the first 32GB address space. The Java Heap base address is the
#     maximum limit for the native heap growth. Please use -XX:HeapBaseMinAddress
#     to set the Java Heap base and to place the Java Heap above 32GB virtual address.
# This output file may be truncated or incomplete.
#
#  Out of Memory Error (arena.cpp:184), pid=22148, tid=23028
#
# JRE version: Java(TM) SE Runtime Environment (19.0.2+7) (build 19.0.2+7-44)
# Java VM: Java HotSpot(TM) 64-Bit Server VM (19.0.2+7-44, mixed mode, sharing, tiered, compressed oops, compressed class ptrs, g1 gc, windows-amd64)
# No core dump will be written. Minidumps are not enabled by default on client versions of Windows
#

---------------  S U M M A R Y ------------

Command Line: -Dmaven.multiModuleProjectDirectory=D:\unitedStates_storage-master\unitedStates_storage -Dmaven.home=C:\Users\99293\.m2\wrapper\dists\apache-maven-3.8.6-bin\1ks0nkde5v1pk9vtc31i9d0lcd\apache-maven-3.8.6 -Dclassworlds.conf=C:\Users\99293\.m2\wrapper\dists\apache-maven-3.8.6-bin\1ks0nkde5v1pk9vtc31i9d0lcd\apache-maven-3.8.6\bin\m2.conf -Dmaven.ext.class.path=C:\Program Files\JetBrains\IntelliJ IDEA 2022.1.2\plugins\maven\lib\maven-event-listener.jar -javaagent:C:\Program Files\JetBrains\IntelliJ IDEA 2022.1.2\lib\idea_rt.jar=51320:C:\Program Files\JetBrains\IntelliJ IDEA 2022.1.2\bin -Dfile.encoding=UTF-8 org.codehaus.classworlds.Launcher -Didea.version=2022.1.2 package

Host: 12th Gen Intel(R) Core(TM) i7-12650H, 16 cores, 15G,  Windows 11 , 64 bit Build 22621 (10.0.22621.4391)
Time: Sat Nov 30 22:58:17 2024  Windows 11 , 64 bit Build 22621 (10.0.22621.4391) elapsed time: 1.408916 seconds (0d 0h 0m 1s)

---------------  T H R E A D  ---------------

Current thread (0x000001dcaa719350):  JavaThread "C2 CompilerThread7" daemon [_thread_in_native, id=23028, stack(0x000000b313b00000,0x000000b313c00000)]


Current CompileTask:
C2:   1408 3836   !   4       org.apache.maven.model.ConfigurationContainer::clone (98 bytes)

Stack: [0x000000b313b00000,0x000000b313c00000]
Native frames: (J=compiled Java code, j=interpreted, Vv=VM code, C=native code)
V  [jvm.dll+0x6ee21a]
V  [jvm.dll+0x85765e]
V  [jvm.dll+0x85904e]
V  [jvm.dll+0x859703]
V  [jvm.dll+0x28298f]
V  [jvm.dll+0xc9adf]
V  [jvm.dll+0xc9e65]
V  [jvm.dll+0x2f7caf]
V  [jvm.dll+0x5f076b]
V  [jvm.dll+0x25590c]
V  [jvm.dll+0x24e1a7]
V  [jvm.dll+0x24b673]
V  [jvm.dll+0x1d6ce1]
V  [jvm.dll+0x25b25a]
V  [jvm.dll+0x2596e8]
V  [jvm.dll+0x807588]
V  [jvm.dll+0x80125a]
V  [jvm.dll+0x6ecf0b]
C  [ucrtbase.dll+0x29333]
C  [KERNEL32.DLL+0x1259d]
C  [ntdll.dll+0x5af38]


---------------  P R O C E S S  ---------------

Threads class SMR info:
_java_thread_list=0x000001dcaa60d7e0, length=23, elements={
0x000001dc81451000, 0x000001dca940a3c0, 0x000001dca940b1b0, 0x000001dca940dfb0,
0x000001dca9411a00, 0x000001dca9412eb0, 0x000001dca9415a60, 0x000001dca9418ee0,
0x000001dca9441870, 0x000001dca9444600, 0x000001dca94f7d90, 0x000001dca95876b0,
0x000001dca9591240, 0x000001dca95866c0, 0x000001dca9589140, 0x000001dca97a54e0,
0x000001dca9a3afd0, 0x000001dca9c6d770, 0x000001dca9fdeec0, 0x000001dca9fdfd40,
0x000001dcaa7cdcf0, 0x000001dcaa67f590, 0x000001dcaa719350
}

Java Threads: ( => current thread )
  0x000001dc81451000 JavaThread "main" [_thread_in_Java, id=2588, stack(0x000000b311e00000,0x000000b311f00000)]
  0x000001dca940a3c0 JavaThread "Reference Handler" daemon [_thread_blocked, id=22856, stack(0x000000b312500000,0x000000b312600000)]
  0x000001dca940b1b0 JavaThread "Finalizer" daemon [_thread_blocked, id=15956, stack(0x000000b312600000,0x000000b312700000)]
  0x000001dca940dfb0 JavaThread "Signal Dispatcher" daemon [_thread_blocked, id=23172, stack(0x000000b312700000,0x000000b312800000)]
  0x000001dca9411a00 JavaThread "Attach Listener" daemon [_thread_blocked, id=12520, stack(0x000000b312800000,0x000000b312900000)]
  0x000001dca9412eb0 JavaThread "Service Thread" daemon [_thread_blocked, id=15040, stack(0x000000b312900000,0x000000b312a00000)]
  0x000001dca9415a60 JavaThread "Monitor Deflation Thread" daemon [_thread_blocked, id=9552, stack(0x000000b312a00000,0x000000b312b00000)]
  0x000001dca9418ee0 JavaThread "C2 CompilerThread0" daemon [_thread_in_native, id=14992, stack(0x000000b312b00000,0x000000b312c00000)]
  0x000001dca9441870 JavaThread "C1 CompilerThread0" daemon [_thread_blocked, id=15688, stack(0x000000b312c00000,0x000000b312d00000)]
  0x000001dca9444600 JavaThread "Sweeper thread" daemon [_thread_blocked, id=13392, stack(0x000000b312d00000,0x000000b312e00000)]
  0x000001dca94f7d90 JavaThread "C1 CompilerThread1" daemon [_thread_in_native, id=23012, stack(0x000000b312e00000,0x000000b312f00000)]
  0x000001dca95876b0 JavaThread "Common-Cleaner" daemon [_thread_blocked, id=12136, stack(0x000000b312f00000,0x000000b313000000)]
  0x000001dca9591240 JavaThread "C1 CompilerThread2" daemon [_thread_blocked, id=8664, stack(0x000000b313000000,0x000000b313100000)]
  0x000001dca95866c0 JavaThread "Monitor Ctrl-Break" daemon [_thread_in_native, id=8364, stack(0x000000b313100000,0x000000b313200000)]
  0x000001dca9589140 JavaThread "Notification Thread" daemon [_thread_blocked, id=8040, stack(0x000000b313200000,0x000000b313300000)]
  0x000001dca97a54e0 JavaThread "C2 CompilerThread1" daemon [_thread_in_native, id=4440, stack(0x000000b313400000,0x000000b313500000)]
  0x000001dca9a3afd0 JavaThread "C1 CompilerThread3" daemon [_thread_in_native, id=13416, stack(0x000000b313500000,0x000000b313600000)]
  0x000001dca9c6d770 JavaThread "C2 CompilerThread2" daemon [_thread_blocked, id=10224, stack(0x000000b313600000,0x000000b313700000)]
  0x000001dca9fdeec0 JavaThread "C2 CompilerThread3" daemon [_thread_in_native, id=10396, stack(0x000000b313700000,0x000000b313800000)]
  0x000001dca9fdfd40 JavaThread "C2 CompilerThread4" daemon [_thread_in_native, id=9324, stack(0x000000b313800000,0x000000b313900000)]
  0x000001dcaa7cdcf0 JavaThread "C2 CompilerThread5" daemon [_thread_blocked, id=10592, stack(0x000000b313900000,0x000000b313a00000)]
  0x000001dcaa67f590 JavaThread "C2 CompilerThread6" daemon [_thread_in_native, id=3200, stack(0x000000b313a00000,0x000000b313b00000)]
=>0x000001dcaa719350 JavaThread "C2 CompilerThread7" daemon [_thread_in_native, id=23028, stack(0x000000b313b00000,0x000000b313c00000)]

Other Threads:
  0x000001dca4f51c90 VMThread "VM Thread" [stack: 0x000000b312400000,0x000000b312500000] [id=23404]
  0x000001dca963e680 WatcherThread "VM Periodic Task Thread" [stack: 0x000000b313300000,0x000000b313400000] [id=22052]
  0x000001dc814c1ba0 WorkerThread "GC Thread#0" [stack: 0x000000b311f00000,0x000000b312000000] [id=12248]
  0x000001dca9a04130 WorkerThread "GC Thread#1" [stack: 0x000000b313c00000,0x000000b313d00000] [id=9432]
  0x000001dca9a03e60 WorkerThread "GC Thread#2" [stack: 0x000000b313d00000,0x000000b313e00000] [id=4436]
  0x000001dca9a04400 WorkerThread "GC Thread#3" [stack: 0x000000b313e00000,0x000000b313f00000] [id=13744]
  0x000001dca9a046d0 WorkerThread "GC Thread#4" [stack: 0x000000b313f00000,0x000000b314000000] [id=2612]
  0x000001dca9a049a0 WorkerThread "GC Thread#5" [stack: 0x000000b314000000,0x000000b314100000] [id=20456]
  0x000001dca9a04c70 WorkerThread "GC Thread#6" [stack: 0x000000b314100000,0x000000b314200000] [id=23016]
  0x000001dca9a05210 WorkerThread "GC Thread#7" [stack: 0x000000b314200000,0x000000b314300000] [id=5876]
  0x000001dcaa14b140 WorkerThread "GC Thread#8" [stack: 0x000000b314300000,0x000000b314400000] [id=4316]
  0x000001dcaa149520 WorkerThread "GC Thread#9" [stack: 0x000000b314400000,0x000000b314500000] [id=2700]
  0x000001dcaa149ac0 WorkerThread "GC Thread#10" [stack: 0x000000b314500000,0x000000b314600000] [id=14468]
  0x000001dc814d2510 ConcurrentGCThread "G1 Main Marker" [stack: 0x000000b312000000,0x000000b312100000] [id=14216]
  0x000001dc814d2f40 WorkerThread "G1 Conc#0" [stack: 0x000000b312100000,0x000000b312200000] [id=5840]
  0x000001dca4e0c060 ConcurrentGCThread "G1 Refine#0" [stack: 0x000000b312200000,0x000000b312300000] [id=300]
  0x000001dca4e0c9b0 ConcurrentGCThread "G1 Service" [stack: 0x000000b312300000,0x000000b312400000] [id=14804]

Threads with active compile tasks:
C2 CompilerThread0     1422 3792       4       org.codehaus.plexus.util.xml.XmlReader::read (11 bytes)
C1 CompilerThread0     1422 4028       3       org.eclipse.aether.util.graph.transformer.ConflictResolver::gatherConflictItems (111 bytes)
C1 CompilerThread1     1422 4031       1       org.eclipse.aether.graph.DefaultDependencyNode::getManagedBits (5 bytes)
C1 CompilerThread2     1422 4032       3       org.eclipse.aether.graph.Dependency::isOptional (11 bytes)
C2 CompilerThread1     1422 3849       4       org.apache.maven.model.interpolation.StringVisitorModelInterpolator$ModelVisitor::visit (117 bytes)
C1 CompilerThread3     1422 4030       3       org.eclipse.aether.util.graph.transformer.ConflictResolver$State::push (447 bytes)
C2 CompilerThread2     1422 4040       4       java.util.IdentityHashMap::hash (18 bytes)
C2 CompilerThread3     1422 4026       4       java.util.IdentityHashMap::get (60 bytes)
C2 CompilerThread4     1422 3643   !   4       org.codehaus.plexus.interpolation.StringSearchInterpolator::interpolate (668 bytes)
C2 CompilerThread5     1423 4034       4       java.util.IdentityHashMap::maskNull (12 bytes)
C2 CompilerThread6     1423 3853       4       java.util.concurrent.ConcurrentHashMap::putAll (63 bytes)
C2 CompilerThread7     1423 3836   !   4       org.apache.maven.model.ConfigurationContainer::clone (98 bytes)

VM state: not at safepoint (normal execution)

VM Mutex/Monitor currently owned by a thread: None

Heap address: 0x0000000705e00000, size: 4002 MB, Compressed Oops mode: Zero based, Oop shift amount: 3

CDS archive(s) mapped at: [0x0000000800000000-0x0000000800c40000-0x0000000800c40000), size 12845056, SharedBaseAddress: 0x0000000800000000, ArchiveRelocationMode: 0.
Compressed class space mapped at: 0x0000000801000000-0x0000000841000000, reserved size: 1073741824
Narrow klass base: 0x0000000800000000, Narrow klass shift: 0, Narrow klass range: 0x100000000

GC Precious Log:
 CardTable entry size: 512
 Card Set container configuration: InlinePtr #cards 4 size 8 Array Of Cards #cards 16 size 48 Howl #buckets 8 coarsen threshold 3686 Howl Bitmap #cards 512 size 80 coarsen threshold 460 Card regions per heap region 1 cards per card region 4096
 CPUs: 16 total, 16 available
 Memory: 16004M
 Large Page Support: Disabled
 NUMA Support: Disabled
 Compressed Oops: Enabled (Zero based)
 Heap Region Size: 2M
 Heap Min Capacity: 8M
 Heap Initial Capacity: 252M
 Heap Max Capacity: 4002M
 Pre-touch: Disabled
 Parallel Workers: 13
 Concurrent Workers: 3
 Concurrent Refinement Workers: 13
 Periodic GC: Disabled

Heap:
 garbage-first heap   total 258048K, used 81542K [0x0000000705e00000, 0x0000000800000000)
  region size 2048K, 41 young (83968K), 2 survivors (4096K)
 Metaspace       used 14504K, committed 14784K, reserved 1114112K
  class space    used 1530K, committed 1664K, reserved 1048576K

Heap Regions: E=young(eden), S=young(survivor), O=old, HS=humongous(starts), HC=humongous(continues), CS=collection set, F=free, OA=open archive, CA=closed archive, TAMS=top-at-mark-start (previous, next)
|   0|0x0000000705e00000, 0x0000000706000000, 0x0000000706000000|100%| O|  |TAMS 0x0000000705e00000, 0x0000000705e00000| Untracked 
|   1|0x0000000706000000, 0x0000000706156a00, 0x0000000706200000| 66%| O|  |TAMS 0x0000000706000000, 0x0000000706000000| Untracked 
|   2|0x0000000706200000, 0x0000000706200000, 0x0000000706400000|  0%| F|  |TAMS 0x0000000706200000, 0x0000000706200000| Untracked 
|   3|0x0000000706400000, 0x0000000706400000, 0x0000000706600000|  0%| F|  |TAMS 0x0000000706400000, 0x0000000706400000| Untracked 
|   4|0x0000000706600000, 0x0000000706600000, 0x0000000706800000|  0%| F|  |TAMS 0x0000000706600000, 0x0000000706600000| Untracked 
|   5|0x0000000706800000, 0x0000000706800000, 0x0000000706a00000|  0%| F|  |TAMS 0x0000000706800000, 0x0000000706800000| Untracked 
|   6|0x0000000706a00000, 0x0000000706a00000, 0x0000000706c00000|  0%| F|  |TAMS 0x0000000706a00000, 0x0000000706a00000| Untracked 
|   7|0x0000000706c00000, 0x0000000706c00000, 0x0000000706e00000|  0%| F|  |TAMS 0x0000000706c00000, 0x0000000706c00000| Untracked 
|   8|0x0000000706e00000, 0x0000000706e00000, 0x0000000707000000|  0%| F|  |TAMS 0x0000000706e00000, 0x0000000706e00000| Untracked 
|   9|0x0000000707000000, 0x0000000707000000, 0x0000000707200000|  0%| F|  |TAMS 0x0000000707000000, 0x0000000707000000| Untracked 
|  10|0x0000000707200000, 0x0000000707200000, 0x0000000707400000|  0%| F|  |TAMS 0x0000000707200000, 0x0000000707200000| Untracked 
|  11|0x0000000707400000, 0x0000000707400000, 0x0000000707600000|  0%| F|  |TAMS 0x0000000707400000, 0x0000000707400000| Untracked 
|  12|0x0000000707600000, 0x0000000707600000, 0x0000000707800000|  0%| F|  |TAMS 0x0000000707600000, 0x0000000707600000| Untracked 
|  13|0x0000000707800000, 0x0000000707800000, 0x0000000707a00000|  0%| F|  |TAMS 0x0000000707800000, 0x0000000707800000| Untracked 
|  14|0x0000000707a00000, 0x0000000707a00000, 0x0000000707c00000|  0%| F|  |TAMS 0x0000000707a00000, 0x0000000707a00000| Untracked 
|  15|0x0000000707c00000, 0x0000000707c00000, 0x0000000707e00000|  0%| F|  |TAMS 0x0000000707c00000, 0x0000000707c00000| Untracked 
|  16|0x0000000707e00000, 0x0000000707e00000, 0x0000000708000000|  0%| F|  |TAMS 0x0000000707e00000, 0x0000000707e00000| Untracked 
|  17|0x0000000708000000, 0x0000000708000000, 0x0000000708200000|  0%| F|  |TAMS 0x0000000708000000, 0x0000000708000000| Untracked 
|  18|0x0000000708200000, 0x0000000708200000, 0x0000000708400000|  0%| F|  |TAMS 0x0000000708200000, 0x0000000708200000| Untracked 
|  19|0x0000000708400000, 0x0000000708400000, 0x0000000708600000|  0%| F|  |TAMS 0x0000000708400000, 0x0000000708400000| Untracked 
|  20|0x0000000708600000, 0x0000000708600000, 0x0000000708800000|  0%| F|  |TAMS 0x0000000708600000, 0x0000000708600000| Untracked 
|  21|0x0000000708800000, 0x0000000708800000, 0x0000000708a00000|  0%| F|  |TAMS 0x0000000708800000, 0x0000000708800000| Untracked 
|  22|0x0000000708a00000, 0x0000000708a00000, 0x0000000708c00000|  0%| F|  |TAMS 0x0000000708a00000, 0x0000000708a00000| Untracked 
|  23|0x0000000708c00000, 0x0000000708c00000, 0x0000000708e00000|  0%| F|  |TAMS 0x0000000708c00000, 0x0000000708c00000| Untracked 
|  24|0x0000000708e00000, 0x0000000708e00000, 0x0000000709000000|  0%| F|  |TAMS 0x0000000708e00000, 0x0000000708e00000| Untracked 
|  25|0x0000000709000000, 0x0000000709000000, 0x0000000709200000|  0%| F|  |TAMS 0x0000000709000000, 0x0000000709000000| Untracked 
|  26|0x0000000709200000, 0x0000000709200000, 0x0000000709400000|  0%| F|  |TAMS 0x0000000709200000, 0x0000000709200000| Untracked 
|  27|0x0000000709400000, 0x0000000709400000, 0x0000000709600000|  0%| F|  |TAMS 0x0000000709400000, 0x0000000709400000| Untracked 
|  28|0x0000000709600000, 0x0000000709600000, 0x0000000709800000|  0%| F|  |TAMS 0x0000000709600000, 0x0000000709600000| Untracked 
|  29|0x0000000709800000, 0x0000000709800000, 0x0000000709a00000|  0%| F|  |TAMS 0x0000000709800000, 0x0000000709800000| Untracked 
|  30|0x0000000709a00000, 0x0000000709a00000, 0x0000000709c00000|  0%| F|  |TAMS 0x0000000709a00000, 0x0000000709a00000| Untracked 
|  31|0x0000000709c00000, 0x0000000709c00000, 0x0000000709e00000|  0%| F|  |TAMS 0x0000000709c00000, 0x0000000709c00000| Untracked 
|  32|0x0000000709e00000, 0x0000000709e00000, 0x000000070a000000|  0%| F|  |TAMS 0x0000000709e00000, 0x0000000709e00000| Untracked 
|  33|0x000000070a000000, 0x000000070a000000, 0x000000070a200000|  0%| F|  |TAMS 0x000000070a000000, 0x000000070a000000| Untracked 
|  34|0x000000070a200000, 0x000000070a200000, 0x000000070a400000|  0%| F|  |TAMS 0x000000070a200000, 0x000000070a200000| Untracked 
|  35|0x000000070a400000, 0x000000070a400000, 0x000000070a600000|  0%| F|  |TAMS 0x000000070a400000, 0x000000070a400000| Untracked 
|  36|0x000000070a600000, 0x000000070a600000, 0x000000070a800000|  0%| F|  |TAMS 0x000000070a600000, 0x000000070a600000| Untracked 
|  37|0x000000070a800000, 0x000000070a800000, 0x000000070aa00000|  0%| F|  |TAMS 0x000000070a800000, 0x000000070a800000| Untracked 
|  38|0x000000070aa00000, 0x000000070aa00000, 0x000000070ac00000|  0%| F|  |TAMS 0x000000070aa00000, 0x000000070aa00000| Untracked 
|  39|0x000000070ac00000, 0x000000070ac00000, 0x000000070ae00000|  0%| F|  |TAMS 0x000000070ac00000, 0x000000070ac00000| Untracked 
|  40|0x000000070ae00000, 0x000000070ae00000, 0x000000070b000000|  0%| F|  |TAMS 0x000000070ae00000, 0x000000070ae00000| Untracked 
|  41|0x000000070b000000, 0x000000070b000000, 0x000000070b200000|  0%| F|  |TAMS 0x000000070b000000, 0x000000070b000000| Untracked 
|  42|0x000000070b200000, 0x000000070b200000, 0x000000070b400000|  0%| F|  |TAMS 0x000000070b200000, 0x000000070b200000| Untracked 
|  43|0x000000070b400000, 0x000000070b400000, 0x000000070b600000|  0%| F|  |TAMS 0x000000070b400000, 0x000000070b400000| Untracked 
|  44|0x000000070b600000, 0x000000070b600000, 0x000000070b800000|  0%| F|  |TAMS 0x000000070b600000, 0x000000070b600000| Untracked 
|  45|0x000000070b800000, 0x000000070b800000, 0x000000070ba00000|  0%| F|  |TAMS 0x000000070b800000, 0x000000070b800000| Untracked 
|  46|0x000000070ba00000, 0x000000070ba00000, 0x000000070bc00000|  0%| F|  |TAMS 0x000000070ba00000, 0x000000070ba00000| Untracked 
|  47|0x000000070bc00000, 0x000000070bc00000, 0x000000070be00000|  0%| F|  |TAMS 0x000000070bc00000, 0x000000070bc00000| Untracked 
|  48|0x000000070be00000, 0x000000070be00000, 0x000000070c000000|  0%| F|  |TAMS 0x000000070be00000, 0x000000070be00000| Untracked 
|  49|0x000000070c000000, 0x000000070c000000, 0x000000070c200000|  0%| F|  |TAMS 0x000000070c000000, 0x000000070c000000| Untracked 
|  50|0x000000070c200000, 0x000000070c200000, 0x000000070c400000|  0%| F|  |TAMS 0x000000070c200000, 0x000000070c200000| Untracked 
|  51|0x000000070c400000, 0x000000070c400000, 0x000000070c600000|  0%| F|  |TAMS 0x000000070c400000, 0x000000070c400000| Untracked 
|  52|0x000000070c600000, 0x000000070c600000, 0x000000070c800000|  0%| F|  |TAMS 0x000000070c600000, 0x000000070c600000| Untracked 
|  53|0x000000070c800000, 0x000000070c800000, 0x000000070ca00000|  0%| F|  |TAMS 0x000000070c800000, 0x000000070c800000| Untracked 
|  54|0x000000070ca00000, 0x000000070ca00000, 0x000000070cc00000|  0%| F|  |TAMS 0x000000070ca00000, 0x000000070ca00000| Untracked 
|  55|0x000000070cc00000, 0x000000070cc00000, 0x000000070ce00000|  0%| F|  |TAMS 0x000000070cc00000, 0x000000070cc00000| Untracked 
|  56|0x000000070ce00000, 0x000000070ce00000, 0x000000070d000000|  0%| F|  |TAMS 0x000000070ce00000, 0x000000070ce00000| Untracked 
|  57|0x000000070d000000, 0x000000070d000000, 0x000000070d200000|  0%| F|  |TAMS 0x000000070d000000, 0x000000070d000000| Untracked 
|  58|0x000000070d200000, 0x000000070d200000, 0x000000070d400000|  0%| F|  |TAMS 0x000000070d200000, 0x000000070d200000| Untracked 
|  59|0x000000070d400000, 0x000000070d400000, 0x000000070d600000|  0%| F|  |TAMS 0x000000070d400000, 0x000000070d400000| Untracked 
|  60|0x000000070d600000, 0x000000070d600000, 0x000000070d800000|  0%| F|  |TAMS 0x000000070d600000, 0x000000070d600000| Untracked 
|  61|0x000000070d800000, 0x000000070d800000, 0x000000070da00000|  0%| F|  |TAMS 0x000000070d800000, 0x000000070d800000| Untracked 
|  62|0x000000070da00000, 0x000000070da00000, 0x000000070dc00000|  0%| F|  |TAMS 0x000000070da00000, 0x000000070da00000| Untracked 
|  63|0x000000070dc00000, 0x000000070dc00000, 0x000000070de00000|  0%| F|  |TAMS 0x000000070dc00000, 0x000000070dc00000| Untracked 
|  64|0x000000070de00000, 0x000000070de00000, 0x000000070e000000|  0%| F|  |TAMS 0x000000070de00000, 0x000000070de00000| Untracked 
|  65|0x000000070e000000, 0x000000070e000000, 0x000000070e200000|  0%| F|  |TAMS 0x000000070e000000, 0x000000070e000000| Untracked 
|  66|0x000000070e200000, 0x000000070e200000, 0x000000070e400000|  0%| F|  |TAMS 0x000000070e200000, 0x000000070e200000| Untracked 
|  67|0x000000070e400000, 0x000000070e400000, 0x000000070e600000|  0%| F|  |TAMS 0x000000070e400000, 0x000000070e400000| Untracked 
|  68|0x000000070e600000, 0x000000070e600000, 0x000000070e800000|  0%| F|  |TAMS 0x000000070e600000, 0x000000070e600000| Untracked 
|  69|0x000000070e800000, 0x000000070e800000, 0x000000070ea00000|  0%| F|  |TAMS 0x000000070e800000, 0x000000070e800000| Untracked 
|  70|0x000000070ea00000, 0x000000070ea00000, 0x000000070ec00000|  0%| F|  |TAMS 0x000000070ea00000, 0x000000070ea00000| Untracked 
|  71|0x000000070ec00000, 0x000000070ec00000, 0x000000070ee00000|  0%| F|  |TAMS 0x000000070ec00000, 0x000000070ec00000| Untracked 
|  72|0x000000070ee00000, 0x000000070ee00000, 0x000000070f000000|  0%| F|  |TAMS 0x000000070ee00000, 0x000000070ee00000| Untracked 
|  73|0x000000070f000000, 0x000000070f000000, 0x000000070f200000|  0%| F|  |TAMS 0x000000070f000000, 0x000000070f000000| Untracked 
|  74|0x000000070f200000, 0x000000070f200000, 0x000000070f400000|  0%| F|  |TAMS 0x000000070f200000, 0x000000070f200000| Untracked 
|  75|0x000000070f400000, 0x000000070f400000, 0x000000070f600000|  0%| F|  |TAMS 0x000000070f400000, 0x000000070f400000| Untracked 
|  76|0x000000070f600000, 0x000000070f600000, 0x000000070f800000|  0%| F|  |TAMS 0x000000070f600000, 0x000000070f600000| Untracked 
|  77|0x000000070f800000, 0x000000070f800000, 0x000000070fa00000|  0%| F|  |TAMS 0x000000070f800000, 0x000000070f800000| Untracked 
|  78|0x000000070fa00000, 0x000000070fa00000, 0x000000070fc00000|  0%| F|  |TAMS 0x000000070fa00000, 0x000000070fa00000| Untracked 
|  79|0x000000070fc00000, 0x000000070fc00000, 0x000000070fe00000|  0%| F|  |TAMS 0x000000070fc00000, 0x000000070fc00000| Untracked 
|  80|0x000000070fe00000, 0x000000070fe00000, 0x0000000710000000|  0%| F|  |TAMS 0x000000070fe00000, 0x000000070fe00000| Untracked 
|  81|0x0000000710000000, 0x0000000710000000, 0x0000000710200000|  0%| F|  |TAMS 0x0000000710000000, 0x0000000710000000| Untracked 
|  82|0x0000000710200000, 0x0000000710200000, 0x0000000710400000|  0%| F|  |TAMS 0x0000000710200000, 0x0000000710200000| Untracked 
|  83|0x0000000710400000, 0x0000000710400000, 0x0000000710600000|  0%| F|  |TAMS 0x0000000710400000, 0x0000000710400000| Untracked 
|  84|0x0000000710600000, 0x0000000710600000, 0x0000000710800000|  0%| F|  |TAMS 0x0000000710600000, 0x0000000710600000| Untracked 
|  85|0x0000000710800000, 0x00000007108a5e00, 0x0000000710a00000| 32%| E|  |TAMS 0x0000000710800000, 0x0000000710800000| Complete 
|  86|0x0000000710a00000, 0x0000000710c00000, 0x0000000710c00000|100%| E|CS|TAMS 0x0000000710a00000, 0x0000000710a00000| Complete 
|  87|0x0000000710c00000, 0x0000000710e00000, 0x0000000710e00000|100%| E|CS|TAMS 0x0000000710c00000, 0x0000000710c00000| Complete 
|  88|0x0000000710e00000, 0x0000000711000000, 0x0000000711000000|100%| E|CS|TAMS 0x0000000710e00000, 0x0000000710e00000| Complete 
|  89|0x0000000711000000, 0x0000000711200000, 0x0000000711200000|100%| E|CS|TAMS 0x0000000711000000, 0x0000000711000000| Complete 
|  90|0x0000000711200000, 0x0000000711400000, 0x0000000711400000|100%| E|CS|TAMS 0x0000000711200000, 0x0000000711200000| Complete 
|  91|0x0000000711400000, 0x0000000711600000, 0x0000000711600000|100%| E|CS|TAMS 0x0000000711400000, 0x0000000711400000| Complete 
|  92|0x0000000711600000, 0x0000000711800000, 0x0000000711800000|100%| E|CS|TAMS 0x0000000711600000, 0x0000000711600000| Complete 
|  93|0x0000000711800000, 0x0000000711a00000, 0x0000000711a00000|100%| E|CS|TAMS 0x0000000711800000, 0x0000000711800000| Complete 
|  94|0x0000000711a00000, 0x0000000711c00000, 0x0000000711c00000|100%| E|CS|TAMS 0x0000000711a00000, 0x0000000711a00000| Complete 
|  95|0x0000000711c00000, 0x0000000711e00000, 0x0000000711e00000|100%| E|  |TAMS 0x0000000711c00000, 0x0000000711c00000| Complete 
|  96|0x0000000711e00000, 0x0000000712000000, 0x0000000712000000|100%| E|CS|TAMS 0x0000000711e00000, 0x0000000711e00000| Complete 
|  97|0x0000000712000000, 0x0000000712200000, 0x0000000712200000|100%| E|CS|TAMS 0x0000000712000000, 0x0000000712000000| Complete 
|  98|0x0000000712200000, 0x0000000712400000, 0x0000000712400000|100%| E|CS|TAMS 0x0000000712200000, 0x0000000712200000| Complete 
|  99|0x0000000712400000, 0x0000000712600000, 0x0000000712600000|100%| E|CS|TAMS 0x0000000712400000, 0x0000000712400000| Complete 
| 100|0x0000000712600000, 0x0000000712800000, 0x0000000712800000|100%| E|CS|TAMS 0x0000000712600000, 0x0000000712600000| Complete 
| 101|0x0000000712800000, 0x0000000712a00000, 0x0000000712a00000|100%| E|CS|TAMS 0x0000000712800000, 0x0000000712800000| Complete 
| 102|0x0000000712a00000, 0x0000000712c00000, 0x0000000712c00000|100%| E|CS|TAMS 0x0000000712a00000, 0x0000000712a00000| Complete 
| 103|0x0000000712c00000, 0x0000000712e00000, 0x0000000712e00000|100%| E|CS|TAMS 0x0000000712c00000, 0x0000000712c00000| Complete 
| 104|0x0000000712e00000, 0x0000000713000000, 0x0000000713000000|100%| E|CS|TAMS 0x0000000712e00000, 0x0000000712e00000| Complete 
| 105|0x0000000713000000, 0x000000071304af28, 0x0000000713200000| 14%| S|CS|TAMS 0x0000000713000000, 0x0000000713000000| Complete 
| 106|0x0000000713200000, 0x0000000713400000, 0x0000000713400000|100%| S|CS|TAMS 0x0000000713200000, 0x0000000713200000| Complete 
| 107|0x0000000713400000, 0x0000000713600000, 0x0000000713600000|100%| E|CS|TAMS 0x0000000713400000, 0x0000000713400000| Complete 
| 108|0x0000000713600000, 0x0000000713800000, 0x0000000713800000|100%| E|CS|TAMS 0x0000000713600000, 0x0000000713600000| Complete 
| 109|0x0000000713800000, 0x0000000713a00000, 0x0000000713a00000|100%| E|CS|TAMS 0x0000000713800000, 0x0000000713800000| Complete 
| 110|0x0000000713a00000, 0x0000000713c00000, 0x0000000713c00000|100%| E|CS|TAMS 0x0000000713a00000, 0x0000000713a00000| Complete 
| 111|0x0000000713c00000, 0x0000000713e00000, 0x0000000713e00000|100%| E|CS|TAMS 0x0000000713c00000, 0x0000000713c00000| Complete 
| 112|0x0000000713e00000, 0x0000000714000000, 0x0000000714000000|100%| E|CS|TAMS 0x0000000713e00000, 0x0000000713e00000| Complete 
| 113|0x0000000714000000, 0x0000000714200000, 0x0000000714200000|100%| E|CS|TAMS 0x0000000714000000, 0x0000000714000000| Complete 
| 114|0x0000000714200000, 0x0000000714400000, 0x0000000714400000|100%| E|CS|TAMS 0x0000000714200000, 0x0000000714200000| Complete 
| 115|0x0000000714400000, 0x0000000714600000, 0x0000000714600000|100%| E|CS|TAMS 0x0000000714400000, 0x0000000714400000| Complete 
| 116|0x0000000714600000, 0x0000000714800000, 0x0000000714800000|100%| E|CS|TAMS 0x0000000714600000, 0x0000000714600000| Complete 
| 117|0x0000000714800000, 0x0000000714a00000, 0x0000000714a00000|100%| E|CS|TAMS 0x0000000714800000, 0x0000000714800000| Complete 
| 118|0x0000000714a00000, 0x0000000714c00000, 0x0000000714c00000|100%| E|CS|TAMS 0x0000000714a00000, 0x0000000714a00000| Complete 
| 119|0x0000000714c00000, 0x0000000714e00000, 0x0000000714e00000|100%| E|CS|TAMS 0x0000000714c00000, 0x0000000714c00000| Complete 
| 120|0x0000000714e00000, 0x0000000715000000, 0x0000000715000000|100%| E|CS|TAMS 0x0000000714e00000, 0x0000000714e00000| Complete 
| 121|0x0000000715000000, 0x0000000715200000, 0x0000000715200000|100%| E|CS|TAMS 0x0000000715000000, 0x0000000715000000| Complete 
| 122|0x0000000715200000, 0x0000000715400000, 0x0000000715400000|100%| E|CS|TAMS 0x0000000715200000, 0x0000000715200000| Complete 
| 123|0x0000000715400000, 0x0000000715600000, 0x0000000715600000|100%| E|CS|TAMS 0x0000000715400000, 0x0000000715400000| Complete 
| 124|0x0000000715600000, 0x0000000715800000, 0x0000000715800000|100%| E|CS|TAMS 0x0000000715600000, 0x0000000715600000| Complete 
| 125|0x0000000715800000, 0x0000000715a00000, 0x0000000715a00000|100%| E|CS|TAMS 0x0000000715800000, 0x0000000715800000| Complete 

Card table byte_map: [0x000001dc99300000,0x000001dc99ae0000] _byte_map_base: 0x000001dc95ad1000

Marking Bits (Prev, Next): (CMBitMap*) 0x000001dc814c21d0, (CMBitMap*) 0x000001dc814c2210
 Prev Bits: [0x000001dc9a2c0000, 0x000001dc9e148000)
 Next Bits: [0x000001dc9e150000, 0x000001dca1fd8000)

Polling page: 0x000001dcff360000

Metaspace:

Usage:
  Non-class:     12.67 MB used.
      Class:      1.49 MB used.
       Both:     14.16 MB used.

Virtual space:
  Non-class space:       64.00 MB reserved,      12.81 MB ( 20%) committed,  1 nodes.
      Class space:        1.00 GB reserved,       1.62 MB ( <1%) committed,  1 nodes.
             Both:        1.06 GB reserved,      14.44 MB (  1%) committed. 

Chunk freelists:
   Non-Class:  2.97 MB
       Class:  2.20 MB
        Both:  5.17 MB

MaxMetaspaceSize: unlimited
CompressedClassSpaceSize: 1.00 GB
Initial GC threshold: 21.00 MB
Current GC threshold: 21.00 MB
CDS: on
MetaspaceReclaimPolicy: balanced
 - commit_granule_bytes: 65536.
 - commit_granule_words: 8192.
 - virtual_space_node_default_size: 8388608.
 - enlarge_chunks_in_place: 1.
 - new_chunks_are_fully_committed: 0.
 - uncommit_free_chunks: 1.
 - use_allocation_guard: 0.


Internal statistics:

num_allocs_failed_limit: 0.
num_arena_births: 260.
num_arena_deaths: 0.
num_vsnodes_births: 2.
num_vsnodes_deaths: 0.
num_space_committed: 231.
num_space_uncommitted: 0.
num_chunks_returned_to_freelist: 0.
num_chunks_taken_from_freelist: 736.
num_chunk_merges: 0.
num_chunk_splits: 517.
num_chunks_enlarged: 380.
num_inconsistent_stats: 0.

CodeHeap 'non-profiled nmethods': size=119168Kb used=1778Kb max_used=1778Kb free=117389Kb
 bounds [0x000001dc90f50000, 0x000001dc911c0000, 0x000001dc983b0000]
CodeHeap 'profiled nmethods': size=119104Kb used=8377Kb max_used=8377Kb free=110726Kb
 bounds [0x000001dc893b0000, 0x000001dc89be0000, 0x000001dc90800000]
CodeHeap 'non-nmethods': size=7488Kb used=2968Kb max_used=3012Kb free=4519Kb
 bounds [0x000001dc90800000, 0x000001dc90b00000, 0x000001dc90f50000]
 total_blobs=4526 nmethods=4032 adapters=401
 compilation: enabled
              stopped_count=0, restarted_count=0
 full_count=0

Compilation events (20 events):
Event: 1.403 Thread 0x000001dca94f7d90 4003       3       org.eclipse.aether.util.graph.selector.OptionalDependencySelector::selectDependency (21 bytes)
Event: 1.403 Thread 0x000001dca94f7d90 nmethod 4003 0x000001dc89baf490 code [0x000001dc89baf660, 0x000001dc89bafa98]
Event: 1.403 Thread 0x000001dca9591240 nmethod 4001 0x000001dc89bae710 code [0x000001dc89bae920, 0x000001dc89baf248]
Event: 1.403 Thread 0x000001dca94f7d90 4004   !   3       java.util.Collections$SynchronizedMap::get (25 bytes)
Event: 1.403 Thread 0x000001dca9591240 3997       3       org.apache.maven.model.building.DefaultModelBuilder::readParent (284 bytes)
Event: 1.404 Thread 0x000001dca94f7d90 nmethod 4004 0x000001dc89bb2890 code [0x000001dc89bb2a40, 0x000001dc89bb2d08]
Event: 1.404 Thread 0x000001dca94f7d90 3998       3       org.apache.maven.model.inheritance.DefaultInheritanceAssembler::assembleModelInheritance (67 bytes)
Event: 1.404 Thread 0x000001dca9441870 nmethod 3999 0x000001dc89bafc10 code [0x000001dc89bb0060, 0x000001dc89bb1d08]
Event: 1.405 Thread 0x000001dca9441870 4005       3       java.util.regex.Pattern::bitsOrSingle (106 bytes)
Event: 1.405 Thread 0x000001dca9c6d770 nmethod 3953 0x000001dc91100f90 code [0x000001dc91101120, 0x000001dc911013d8]
Event: 1.405 Thread 0x000001dca94f7d90 nmethod 3998 0x000001dc89bb2e90 code [0x000001dc89bb30e0, 0x000001dc89bb3b78]
Event: 1.405 Thread 0x000001dca94f7d90 4006       3       java.util.WeakHashMap::newTable (5 bytes)
Event: 1.405 Thread 0x000001dca9c6d770 3954       4       java.io.FilterOutputStream::write (51 bytes)
Event: 1.406 Thread 0x000001dca9441870 nmethod 4005 0x000001dc89bb3f10 code [0x000001dc89bb4100, 0x000001dc89bb4758]
Event: 1.406 Thread 0x000001dca94f7d90 nmethod 4006 0x000001dc89bb4890 code [0x000001dc89bb4a20, 0x000001dc89bb4bd8]
Event: 1.406 Thread 0x000001dca9441870 4009       3       java.util.AbstractSet::hashCode (39 bytes)
Event: 1.406 Thread 0x000001dca94f7d90 4007       3       java.util.WeakHashMap::<init> (124 bytes)
Event: 1.406 Thread 0x000001dca9441870 nmethod 4009 0x000001dc89bb8110 code [0x000001dc89bb8300, 0x000001dc89bb8818]
Event: 1.407 Thread 0x000001dca9441870 4000       3       org.apache.maven.model.merge.ModelMerger::merge (45 bytes)
Event: 1.407 Thread 0x000001dca9591240 nmethod 3997 0x000001dc89bb4c90 code [0x000001dc89bb5120, 0x000001dc89bb74d8]

GC Heap History (4 events):
Event: 0.415 GC heap before
{Heap before GC invocations=0 (full 0):
 garbage-first heap   total 258048K, used 22528K [0x0000000705e00000, 0x0000000800000000)
  region size 2048K, 11 young (22528K), 0 survivors (0K)
 Metaspace       used 5291K, committed 5440K, reserved 1114112K
  class space    used 576K, committed 640K, reserved 1048576K
}
Event: 0.419 GC heap after
{Heap after GC invocations=1 (full 0):
 garbage-first heap   total 258048K, used 3749K [0x0000000705e00000, 0x0000000800000000)
  region size 2048K, 2 young (4096K), 2 survivors (4096K)
 Metaspace       used 5291K, committed 5440K, reserved 1114112K
  class space    used 576K, committed 640K, reserved 1048576K
}
Event: 0.877 GC heap before
{Heap before GC invocations=1 (full 0):
 garbage-first heap   total 258048K, used 38565K [0x0000000705e00000, 0x0000000800000000)
  region size 2048K, 19 young (38912K), 2 survivors (4096K)
 Metaspace       used 10545K, committed 10752K, reserved 1114112K
  class space    used 1227K, committed 1344K, reserved 1048576K
}
Event: 0.880 GC heap after
{Heap after GC invocations=2 (full 0):
 garbage-first heap   total 258048K, used 5766K [0x0000000705e00000, 0x0000000800000000)
  region size 2048K, 2 young (4096K), 2 survivors (4096K)
 Metaspace       used 10545K, committed 10752K, reserved 1114112K
  class space    used 1227K, committed 1344K, reserved 1048576K
}

Dll operation events (12 events):
Event: 0.004 Loaded shared library C:\Program Files\Java\jdk-19\bin\java.dll
Event: 0.009 Loaded shared library C:\Program Files\Java\jdk-19\bin\jsvml.dll
Event: 0.037 Loaded shared library C:\Program Files\Java\jdk-19\bin\zip.dll
Event: 0.038 Loaded shared library C:\Program Files\Java\jdk-19\bin\instrument.dll
Event: 0.041 Loaded shared library C:\Program Files\Java\jdk-19\bin\net.dll
Event: 0.042 Loaded shared library C:\Program Files\Java\jdk-19\bin\nio.dll
Event: 0.044 Loaded shared library C:\Program Files\Java\jdk-19\bin\zip.dll
Event: 0.053 Loaded shared library C:\Program Files\JetBrains\IntelliJ IDEA 2022.1.2\bin\breakgen64.dll
Event: 0.060 Loaded shared library C:\Program Files\Java\jdk-19\bin\extnet.dll
Event: 0.098 Loaded shared library C:\Program Files\Java\jdk-19\bin\jimage.dll
Event: 0.205 Loaded shared library C:\Users\99293\AppData\Local\Temp\jansi-2.4.0-ff1ae1080a928744-jansi.dll
Event: 0.211 Loaded shared library C:\Program Files\Java\jdk-19\bin\verify.dll

Deoptimization events (20 events):
Event: 1.286 Thread 0x000001dc81451000 DEOPT PACKING pc=0x000001dc910c74c4 sp=0x000000b311efd270
Event: 1.286 Thread 0x000001dc81451000 DEOPT UNPACKING pc=0x000001dc90866da3 sp=0x000000b311efd210 mode 2
Event: 1.287 Thread 0x000001dc81451000 Uncommon trap: trap_request=0xffffffbe fr.pc=0x000001dc910c74c4 relative=0x0000000000000c44
Event: 1.287 Thread 0x000001dc81451000 Uncommon trap: reason=profile_predicate action=maybe_recompile pc=0x000001dc910c74c4 method=java.util.regex.Pattern$CharPropertyGreedy.match(Ljava/util/regex/Matcher;ILjava/lang/CharSequence;)Z @ 103 c2
Event: 1.287 Thread 0x000001dc81451000 DEOPT PACKING pc=0x000001dc910c74c4 sp=0x000000b311efd2d0
Event: 1.287 Thread 0x000001dc81451000 DEOPT UNPACKING pc=0x000001dc90866da3 sp=0x000000b311efd270 mode 2
Event: 1.309 Thread 0x000001dc81451000 Uncommon trap: trap_request=0xffffff76 fr.pc=0x000001dc90fb7d08 relative=0x0000000000000328
Event: 1.309 Thread 0x000001dc81451000 Uncommon trap: reason=predicate action=maybe_recompile pc=0x000001dc90fb7d08 method=java.nio.charset.CharsetDecoder.decode(Ljava/nio/ByteBuffer;Ljava/nio/CharBuffer;Z)Ljava/nio/charset/CoderResult; @ 54 c2
Event: 1.309 Thread 0x000001dc81451000 DEOPT PACKING pc=0x000001dc90fb7d08 sp=0x000000b311efce60
Event: 1.309 Thread 0x000001dc81451000 DEOPT UNPACKING pc=0x000001dc90866da3 sp=0x000000b311efce00 mode 2
Event: 1.309 Thread 0x000001dc81451000 Uncommon trap: trap_request=0xffffff45 fr.pc=0x000001dc910d1544 relative=0x0000000000002264
Event: 1.309 Thread 0x000001dc81451000 Uncommon trap: reason=unstable_if action=reinterpret pc=0x000001dc910d1544 method=org.codehaus.plexus.util.xml.pull.MXParser.parseAttribute()C @ 995 c2
Event: 1.310 Thread 0x000001dc81451000 DEOPT PACKING pc=0x000001dc910d1544 sp=0x000000b311efd180
Event: 1.310 Thread 0x000001dc81451000 DEOPT UNPACKING pc=0x000001dc90866da3 sp=0x000000b311efd108 mode 2
Event: 1.336 Thread 0x000001dc81451000 DEOPT PACKING pc=0x000001dc894574d1 sp=0x000000b311efd6c0
Event: 1.336 Thread 0x000001dc81451000 DEOPT UNPACKING pc=0x000001dc90867543 sp=0x000000b311efcbc0 mode 0
Event: 1.388 Thread 0x000001dc81451000 DEOPT PACKING pc=0x000001dc89978903 sp=0x000000b311efc290
Event: 1.388 Thread 0x000001dc81451000 DEOPT UNPACKING pc=0x000001dc90867543 sp=0x000000b311efb700 mode 0
Event: 1.388 Thread 0x000001dc81451000 DEOPT PACKING pc=0x000001dc8997900e sp=0x000000b311efc5f0
Event: 1.388 Thread 0x000001dc81451000 DEOPT UNPACKING pc=0x000001dc90867543 sp=0x000000b311efbaa0 mode 0

Classes loaded (20 events):
Event: 1.274 Loading class java/time/zone/ZoneRulesProvider
Event: 1.274 Loading class java/time/zone/ZoneRulesProvider done
Event: 1.274 Loading class java/time/zone/ZoneRulesProvider$1
Event: 1.274 Loading class java/time/zone/ZoneRulesProvider$1 done
Event: 1.274 Loading class java/time/zone/TzdbZoneRulesProvider
Event: 1.274 Loading class java/time/zone/TzdbZoneRulesProvider done
Event: 1.275 Loading class java/time/zone/Ser
Event: 1.275 Loading class java/io/Externalizable
Event: 1.275 Loading class java/io/Externalizable done
Event: 1.275 Loading class java/time/zone/Ser done
Event: 1.276 Loading class java/time/zone/ZoneOffsetTransition
Event: 1.276 Loading class java/time/zone/ZoneOffsetTransition done
Event: 1.277 Loading class sun/util/cldr/CLDRBaseLocaleDataMetaInfo$TZCanonicalIDMapHolder
Event: 1.277 Loading class sun/util/cldr/CLDRBaseLocaleDataMetaInfo$TZCanonicalIDMapHolder done
Event: 1.278 Loading class sun/util/resources/TimeZoneNames
Event: 1.278 Loading class sun/util/resources/TimeZoneNames done
Event: 1.279 Loading class sun/util/resources/TimeZoneNames_en
Event: 1.279 Loading class sun/util/resources/TimeZoneNames_en done
Event: 1.309 Loading class sun/nio/cs/ISO_8859_1$Decoder
Event: 1.309 Loading class sun/nio/cs/ISO_8859_1$Decoder done

Classes unloaded (0 events):
No events

Classes redefined (0 events):
No events

Internal exceptions (20 events):
Event: 0.861 Thread 0x000001dc81451000 Exception <a 'java/lang/NoClassDefFoundError'{0x000000071353fa00}: com/google/inject/servlet/ServletModuleTargetVisitor> (0x000000071353fa00) 
thrown [s\open\src\hotspot\share\classfile\systemDictionary.cpp, line 244]
Event: 0.884 Thread 0x000001dc81451000 Exception <a 'java/lang/NoSuchMethodError'{0x0000000715821bd8}: 'java.lang.Object java.lang.invoke.DirectMethodHandle$Holder.invokeStatic(java.lang.Object, java.lang.Object, int)'> (0x0000000715821bd8) 
thrown [s\open\src\hotspot\share\interpreter\linkResolver.cpp, line 774]
Event: 0.884 Thread 0x000001dc81451000 Exception <a 'java/lang/NoSuchMethodError'{0x0000000715826e60}: 'void java.lang.invoke.DirectMethodHandle$Holder.invokeStatic(java.lang.Object, java.lang.Object, int, java.lang.Object)'> (0x0000000715826e60) 
thrown [s\open\src\hotspot\share\interpreter\linkResolver.cpp, line 774]
Event: 0.885 Thread 0x000001dc81451000 Exception <a 'java/lang/NoSuchMethodError'{0x000000071582ee28}: 'void java.lang.invoke.DelegatingMethodHandle$Holder.delegate(java.lang.Object, java.lang.Object, int, java.lang.Object)'> (0x000000071582ee28) 
thrown [s\open\src\hotspot\share\interpreter\linkResolver.cpp, line 774]
Event: 0.885 Thread 0x000001dc81451000 Exception <a 'java/lang/NoSuchMethodError'{0x0000000715833708}: 'int java.lang.invoke.DirectMethodHandle$Holder.invokeSpecial(java.lang.Object, java.lang.Object, java.lang.Object)'> (0x0000000715833708) 
thrown [s\open\src\hotspot\share\interpreter\linkResolver.cpp, line 774]
Event: 0.901 Thread 0x000001dc81451000 Exception <a 'java/lang/NoSuchMethodError'{0x0000000715634990}: 'java.lang.Object java.lang.invoke.DirectMethodHandle$Holder.newInvokeSpecial(java.lang.Object, java.lang.Object, java.lang.Object, java.lang.Object, java.lang.Object, java.lang.Object, java.lang.Object)'> (0x0000000715634990) 
thrown [s\open\src\hotspot\share\interpreter\linkResolver.cpp, line 774]
Event: 0.906 Thread 0x000001dc81451000 Exception <a 'java/lang/NoSuchMethodError'{0x0000000715671e90}: 'java.lang.Object java.lang.invoke.DirectMethodHandle$Holder.newInvokeSpecial(java.lang.Object, java.lang.Object, java.lang.Object, java.lang.Object, java.lang.Object, java.lang.Object, java.lang.Object, java.lang.Object, java.lang.Object)'> (0x0000000715671e90) 
thrown [s\open\src\hotspot\share\interpreter\linkResolver.cpp, line 774]
Event: 0.918 Thread 0x000001dc81451000 Exception <a 'java/lang/NoSuchMethodError'{0x000000071575f218}: 'java.lang.Object java.lang.invoke.DirectMethodHandle$Holder.newInvokeSpecial(java.lang.Object, java.lang.Object, java.lang.Object, java.lang.Object, java.lang.Object, java.lang.Object, java.lang.Object, java.lang.Object, java.lang.Object, java.lang.Object, java.lang.Object, java.lang.Object)'> (0x000000071575f218) 
thrown [s\open\src\hotspot\share\interpreter\linkResolver.cpp, line 774]
Event: 0.921 Thread 0x000001dc81451000 Exception <a 'java/lang/NoSuchMethodError'{0x00000007157a7138}: 'java.lang.Object java.lang.invoke.DirectMethodHandle$Holder.invokeStatic(java.lang.Object, java.lang.Object, java.lang.Object, java.lang.Object, java.lang.Object, java.lang.Object, java.lang.Object, java.lang.Object, java.lang.Object, java.lang.Object, java.lang.Object, java.lang.Object, java.lang.Object)'> (0x00000007157a7138) 
thrown [s\open\src\hotspot\share\interpreter\linkResolver.cpp, line 774]
Event: 0.922 Thread 0x000001dc81451000 Exception <a 'java/lang/NoSuchMethodError'{0x00000007157c6bd8}: 'java.lang.Object java.lang.invoke.DirectMethodHandle$Holder.invokeStatic(java.lang.Object, java.lang.Object, java.lang.Object, java.lang.Object, java.lang.Object, java.lang.Object, java.lang.Object, java.lang.Object, java.lang.Object, java.lang.Object, java.lang.Object, java.lang.Object, java.lang.Object, java.lang.Object)'> (0x00000007157c6bd8) 
thrown [s\open\src\hotspot\share\interpreter\linkResolver.cpp, line 774]
Event: 0.924 Thread 0x000001dc81451000 Exception <a 'java/lang/NoSuchMethodError'{0x00000007157e8060}: 'java.lang.Object java.lang.invoke.DirectMethodHandle$Holder.invokeStatic(java.lang.Object, java.lang.Object, java.lang.Object, java.lang.Object, java.lang.Object, java.lang.Object, java.lang.Object, java.lang.Object, java.lang.Object, java.lang.Object, java.lang.Object, java.lang.Object, java.lang.Object, java.lang.Object, java.lang.Object)'> (0x00000007157e8060) 
thrown [s\open\src\hotspot\share\interpreter\linkResolver.cpp, line 774]
Event: 0.934 Thread 0x000001dc81451000 Exception <a 'java/lang/NoSuchMethodError'{0x000000071545fee0}: 'java.lang.Object java.lang.invoke.DirectMethodHandle$Holder.invokeStaticInit(java.lang.Object, int, int, int, int)'> (0x000000071545fee0) 
thrown [s\open\src\hotspot\share\interpreter\linkResolver.cpp, line 774]
Event: 0.987 Thread 0x000001dc81451000 Implicit null exception at 0x000001dc90fb91f2 to 0x000001dc90fb96f0
Event: 0.987 Thread 0x000001dc81451000 Implicit null exception at 0x000001dc90f94df2 to 0x000001dc90f952e4
Event: 0.994 Thread 0x000001dc81451000 Implicit null exception at 0x000001dc91019220 to 0x000001dc910193e4
Event: 1.030 Thread 0x000001dc81451000 Exception <a 'java/lang/NoSuchMethodError'{0x0000000714fbd500}: 'void java.lang.invoke.DirectMethodHandle$Holder.invokeVirtual(java.lang.Object, java.lang.Object, int)'> (0x0000000714fbd500) 
thrown [s\open\src\hotspot\share\interpreter\linkResolver.cpp, line 774]
Event: 1.031 Thread 0x000001dc81451000 Exception <a 'java/lang/NoSuchMethodError'{0x0000000714fc1918}: 'int java.lang.invoke.DirectMethodHandle$Holder.invokeSpecial(java.lang.Object, java.lang.Object, java.lang.Object, int)'> (0x0000000714fc1918) 
thrown [s\open\src\hotspot\share\interpreter\linkResolver.cpp, line 774]
Event: 1.031 Thread 0x000001dc81451000 Exception <a 'java/lang/NoSuchMethodError'{0x0000000714fd1d20}: 'java.lang.Object java.lang.invoke.DirectMethodHandle$Holder.invokeStatic(java.lang.Object, java.lang.Object, java.lang.Object, java.lang.Object, int)'> (0x0000000714fd1d20) 
thrown [s\open\src\hotspot\share\interpreter\linkResolver.cpp, line 774]
Event: 1.032 Thread 0x000001dc81451000 Exception <a 'java/lang/NoSuchMethodError'{0x0000000714fdd5e0}: 'void java.lang.invoke.DelegatingMethodHandle$Holder.reinvoke_L(java.lang.Object, java.lang.Object, int)'> (0x0000000714fdd5e0) 
thrown [s\open\src\hotspot\share\interpreter\linkResolver.cpp, line 774]
Event: 1.280 Thread 0x000001dca9411a00 Exception <a 'java/lang/NoSuchMethodError'{0x0000000712aa9d00}: 'java.lang.Object java.lang.invoke.Invokers$Holder.invokeExact_MT(java.lang.Object, java.lang.Object, java.lang.Object, java.lang.Object, java.lang.Object, java.lang.Object)'> (0x0000000712aa9d00) 
thrown [s\open\src\hotspot\share\interpreter\linkResolver.cpp, line 774]

VM Operations (20 events):
Event: 0.943 Executing VM operation: HandshakeAllThreads
Event: 0.943 Executing VM operation: HandshakeAllThreads done
Event: 0.958 Executing VM operation: HandshakeAllThreads
Event: 0.958 Executing VM operation: HandshakeAllThreads done
Event: 0.976 Executing VM operation: HandshakeAllThreads
Event: 0.976 Executing VM operation: HandshakeAllThreads done
Event: 0.977 Executing VM operation: HandshakeAllThreads
Event: 0.977 Executing VM operation: HandshakeAllThreads done
Event: 1.035 Executing VM operation: ICBufferFull
Event: 1.035 Executing VM operation: ICBufferFull done
Event: 1.143 Executing VM operation: HandshakeAllThreads
Event: 1.143 Executing VM operation: HandshakeAllThreads done
Event: 1.143 Executing VM operation: HandshakeAllThreads
Event: 1.143 Executing VM operation: HandshakeAllThreads done
Event: 1.226 Executing VM operation: ICBufferFull
Event: 1.226 Executing VM operation: ICBufferFull done
Event: 1.245 Executing VM operation: HandshakeAllThreads
Event: 1.245 Executing VM operation: HandshakeAllThreads done
Event: 1.401 Executing VM operation: ICBufferFull
Event: 1.401 Executing VM operation: ICBufferFull done

Events (20 events):
Event: 0.016 Thread 0x000001dca940dfb0 Thread added: 0x000001dca940dfb0
Event: 0.016 Thread 0x000001dca9411a00 Thread added: 0x000001dca9411a00
Event: 0.016 Thread 0x000001dca9412eb0 Thread added: 0x000001dca9412eb0
Event: 0.016 Thread 0x000001dca9415a60 Thread added: 0x000001dca9415a60
Event: 0.016 Thread 0x000001dca9418ee0 Thread added: 0x000001dca9418ee0
Event: 0.016 Thread 0x000001dca9441870 Thread added: 0x000001dca9441870
Event: 0.016 Thread 0x000001dca9444600 Thread added: 0x000001dca9444600
Event: 0.019 Thread 0x000001dca94f7d90 Thread added: 0x000001dca94f7d90
Event: 0.027 Thread 0x000001dca95876b0 Thread added: 0x000001dca95876b0
Event: 0.031 Thread 0x000001dca9591240 Thread added: 0x000001dca9591240
Event: 0.053 Thread 0x000001dca95866c0 Thread added: 0x000001dca95866c0
Event: 0.053 Thread 0x000001dca9589140 Thread added: 0x000001dca9589140
Event: 0.078 Thread 0x000001dca97a54e0 Thread added: 0x000001dca97a54e0
Event: 0.269 Thread 0x000001dca9a3afd0 Thread added: 0x000001dca9a3afd0
Event: 0.388 Thread 0x000001dca9c6d770 Thread added: 0x000001dca9c6d770
Event: 0.399 Thread 0x000001dca9fdeec0 Thread added: 0x000001dca9fdeec0
Event: 0.399 Thread 0x000001dca9fdfd40 Thread added: 0x000001dca9fdfd40
Event: 0.411 Thread 0x000001dcaa7cdcf0 Thread added: 0x000001dcaa7cdcf0
Event: 0.411 Thread 0x000001dcaa67f590 Thread added: 0x000001dcaa67f590
Event: 0.411 Thread 0x000001dcaa719350 Thread added: 0x000001dcaa719350


Dynamic libraries:
0x00007ff6cc8a0000 - 0x00007ff6cc8b0000 	C:\Program Files\Java\jdk-19\bin\java.exe
0x00007ffc2be70000 - 0x00007ffc2c087000 	C:\WINDOWS\SYSTEM32\ntdll.dll
0x00007ffc2aec0000 - 0x00007ffc2af84000 	C:\WINDOWS\System32\KERNEL32.DLL
0x00007ffc29300000 - 0x00007ffc296b9000 	C:\WINDOWS\System32\KERNELBASE.dll
0x00007ffc296f0000 - 0x00007ffc29801000 	C:\WINDOWS\System32\ucrtbase.dll
0x00007ffc07e80000 - 0x00007ffc07e9b000 	C:\Program Files\Java\jdk-19\bin\VCRUNTIME140.dll
0x00007ffc05ef0000 - 0x00007ffc05f08000 	C:\Program Files\Java\jdk-19\bin\jli.dll
0x00007ffc29ec0000 - 0x00007ffc29f72000 	C:\WINDOWS\System32\ADVAPI32.dll
0x00007ffc2b280000 - 0x00007ffc2b327000 	C:\WINDOWS\System32\msvcrt.dll
0x00007ffc2b170000 - 0x00007ffc2b217000 	C:\WINDOWS\System32\sechost.dll
0x00007ffc29230000 - 0x00007ffc29258000 	C:\WINDOWS\System32\bcrypt.dll
0x00007ffc2b360000 - 0x00007ffc2b474000 	C:\WINDOWS\System32\RPCRT4.dll
0x00007ffc2af90000 - 0x00007ffc2b13e000 	C:\WINDOWS\System32\USER32.dll
0x00007ffc12a50000 - 0x00007ffc12ce2000 	C:\WINDOWS\WinSxS\amd64_microsoft.windows.common-controls_6595b64144ccf1df_6.0.22621.4391_none_2715d37f73803e96\COMCTL32.dll
0x00007ffc296c0000 - 0x00007ffc296e6000 	C:\WINDOWS\System32\win32u.dll
0x00007ffc2b330000 - 0x00007ffc2b359000 	C:\WINDOWS\System32\GDI32.dll
0x00007ffc298d0000 - 0x00007ffc299eb000 	C:\WINDOWS\System32\gdi32full.dll
0x00007ffc29260000 - 0x00007ffc292fa000 	C:\WINDOWS\System32\msvcp_win.dll
0x00007ffc20860000 - 0x00007ffc2086a000 	C:\WINDOWS\SYSTEM32\VERSION.dll
0x00007ffc2ae80000 - 0x00007ffc2aeb1000 	C:\WINDOWS\System32\IMM32.DLL
0x00007ffc05ee0000 - 0x00007ffc05eec000 	C:\Program Files\Java\jdk-19\bin\vcruntime140_1.dll
0x00007ffbec610000 - 0x00007ffbec69e000 	C:\Program Files\Java\jdk-19\bin\msvcp140.dll
0x00007ffbb43a0000 - 0x00007ffbb5060000 	C:\Program Files\Java\jdk-19\bin\server\jvm.dll
0x00007ffc214c0000 - 0x00007ffc214c9000 	C:\WINDOWS\SYSTEM32\WSOCK32.dll
0x00007ffc215b0000 - 0x00007ffc215e4000 	C:\WINDOWS\SYSTEM32\WINMM.dll
0x00007ffc2a460000 - 0x00007ffc2a4d1000 	C:\WINDOWS\System32\WS2_32.dll
0x00007ffc28270000 - 0x00007ffc28288000 	C:\WINDOWS\SYSTEM32\kernel.appcore.dll
0x00007ffc05ac0000 - 0x00007ffc05aca000 	C:\Program Files\Java\jdk-19\bin\jimage.dll
0x00007ffc26930000 - 0x00007ffc26b62000 	C:\WINDOWS\SYSTEM32\DBGHELP.DLL
0x00007ffc2b480000 - 0x00007ffc2b80f000 	C:\WINDOWS\System32\combase.dll
0x00007ffc2baa0000 - 0x00007ffc2bb77000 	C:\WINDOWS\System32\OLEAUT32.dll
0x00007ffc1b690000 - 0x00007ffc1b6c2000 	C:\WINDOWS\SYSTEM32\dbgcore.DLL
0x00007ffc29140000 - 0x00007ffc291bb000 	C:\WINDOWS\System32\bcryptPrimitives.dll
0x00007ffc20ba0000 - 0x00007ffc20bae000 	C:\Program Files\Java\jdk-19\bin\instrument.dll
0x00007ffc02610000 - 0x00007ffc02636000 	C:\Program Files\Java\jdk-19\bin\java.dll
0x00007ffbe8fb0000 - 0x00007ffbe9087000 	C:\Program Files\Java\jdk-19\bin\jsvml.dll
0x00007ffc2a4e0000 - 0x00007ffc2ad56000 	C:\WINDOWS\System32\SHELL32.dll
0x00007ffc27050000 - 0x00007ffc27953000 	C:\WINDOWS\SYSTEM32\windows.storage.dll
0x00007ffc26f10000 - 0x00007ffc2704f000 	C:\WINDOWS\SYSTEM32\wintypes.dll
0x00007ffc2bba0000 - 0x00007ffc2bc99000 	C:\WINDOWS\System32\SHCORE.dll
0x00007ffc29d20000 - 0x00007ffc29d7e000 	C:\WINDOWS\System32\shlwapi.dll
0x00007ffc29070000 - 0x00007ffc2909b000 	C:\WINDOWS\SYSTEM32\profapi.dll
0x00007ffbfe170000 - 0x00007ffbfe188000 	C:\Program Files\Java\jdk-19\bin\zip.dll
0x00007ffbfe1b0000 - 0x00007ffbfe1c3000 	C:\Program Files\Java\jdk-19\bin\net.dll
0x00007ffc24b90000 - 0x00007ffc24cc6000 	C:\WINDOWS\SYSTEM32\WINHTTP.dll
0x00007ffc286f0000 - 0x00007ffc28759000 	C:\WINDOWS\system32\mswsock.dll
0x00007ffbfe190000 - 0x00007ffbfe1a6000 	C:\Program Files\Java\jdk-19\bin\nio.dll
0x00007ffc20b80000 - 0x00007ffc20b9a000 	C:\Program Files\JetBrains\IntelliJ IDEA 2022.1.2\bin\breakgen64.dll
0x00007ffbfecf0000 - 0x00007ffbfecf8000 	C:\Program Files\Java\jdk-19\bin\extnet.dll
0x0000000069ac0000 - 0x0000000069ae4000 	C:\Users\99293\AppData\Local\Temp\jansi-2.4.0-ff1ae1080a928744-jansi.dll
0x00007ffbfb720000 - 0x00007ffbfb730000 	C:\Program Files\Java\jdk-19\bin\verify.dll

dbghelp: loaded successfully - version: 4.0.5 - missing functions: none
symbol engine: initialized successfully - sym options: 0x614 - pdb path: .;C:\Program Files\Java\jdk-19\bin;C:\WINDOWS\SYSTEM32;C:\WINDOWS\WinSxS\amd64_microsoft.windows.common-controls_6595b64144ccf1df_6.0.22621.4391_none_2715d37f73803e96;C:\Program Files\Java\jdk-19\bin\server;C:\Program Files\JetBrains\IntelliJ IDEA 2022.1.2\bin;C:\Users\99293\AppData\Local\Temp

VM Arguments:
jvm_args: -Dmaven.multiModuleProjectDirectory=D:\unitedStates_storage-master\unitedStates_storage -Dmaven.home=C:\Users\99293\.m2\wrapper\dists\apache-maven-3.8.6-bin\1ks0nkde5v1pk9vtc31i9d0lcd\apache-maven-3.8.6 -Dclassworlds.conf=C:\Users\99293\.m2\wrapper\dists\apache-maven-3.8.6-bin\1ks0nkde5v1pk9vtc31i9d0lcd\apache-maven-3.8.6\bin\m2.conf -Dmaven.ext.class.path=C:\Program Files\JetBrains\IntelliJ IDEA 2022.1.2\plugins\maven\lib\maven-event-listener.jar -javaagent:C:\Program Files\JetBrains\IntelliJ IDEA 2022.1.2\lib\idea_rt.jar=51320:C:\Program Files\JetBrains\IntelliJ IDEA 2022.1.2\bin -Dfile.encoding=UTF-8 
java_command: org.codehaus.classworlds.Launcher -Didea.version=2022.1.2 package
java_class_path (initial): C:\Users\99293\.m2\wrapper\dists\apache-maven-3.8.6-bin\1ks0nkde5v1pk9vtc31i9d0lcd\apache-maven-3.8.6\boot\plexus-classworlds-2.6.0.jar;C:\Users\99293\.m2\wrapper\dists\apache-maven-3.8.6-bin\1ks0nkde5v1pk9vtc31i9d0lcd\apache-maven-3.8.6\boot\plexus-classworlds.license
Launcher Type: SUN_STANDARD

[Global flags]
     intx CICompilerCount                          = 12                                        {product} {ergonomic}
     uint ConcGCThreads                            = 3                                         {product} {ergonomic}
     uint G1ConcRefinementThreads                  = 13                                        {product} {ergonomic}
   size_t G1HeapRegionSize                         = 2097152                                   {product} {ergonomic}
    uintx GCDrainStackTargetSize                   = 64                                        {product} {ergonomic}
   size_t InitialHeapSize                          = 264241152                                 {product} {ergonomic}
   size_t MarkStackSize                            = 4194304                                   {product} {ergonomic}
   size_t MaxHeapSize                              = 4196401152                                {product} {ergonomic}
   size_t MaxNewSize                               = 2516582400                                {product} {ergonomic}
   size_t MinHeapDeltaBytes                        = 2097152                                   {product} {ergonomic}
   size_t MinHeapSize                              = 8388608                                   {product} {ergonomic}
    uintx NonNMethodCodeHeapSize                   = 7602480                                {pd product} {ergonomic}
    uintx NonProfiledCodeHeapSize                  = 122027880                              {pd product} {ergonomic}
    uintx ProfiledCodeHeapSize                     = 122027880                              {pd product} {ergonomic}
    uintx ReservedCodeCacheSize                    = 251658240                              {pd product} {ergonomic}
     bool SegmentedCodeCache                       = true                                      {product} {ergonomic}
   size_t SoftMaxHeapSize                          = 4196401152                             {manageable} {ergonomic}
     bool UseCompressedClassPointers               = true                           {product lp64_product} {ergonomic}
     bool UseCompressedOops                        = true                           {product lp64_product} {ergonomic}
     bool UseG1GC                                  = true                                      {product} {ergonomic}
     bool UseLargePagesIndividualAllocation        = false                                  {pd product} {ergonomic}

Logging:
Log output configuration:
 #0: stdout all=warning uptime,level,tags foldmultilines=false
 #1: stderr all=off uptime,level,tags foldmultilines=false

Environment Variables:
JAVA_HOME=C:\Program Files\Java\jdk-19
PATH=C:\Program Files\Common Files\Oracle\Java\javapath;C:\Windows\system32;C:\Windows;C:\Windows\System32\Wbem;C:\Windows\System32\WindowsPowerShell\v1.0\;C:\Windows\System32\OpenSSH\;C:\Program Files (x86)\NVIDIA Corporation\PhysX\Common;C:\Program Files\NVIDIA Corporation\NVIDIA NvDLISR;C:\Program Files (x86)\dotnet\;C:\WINDOWS\system32;C:\WINDOWS;C:\WINDOWS\System32\Wbem;C:\WINDOWS\System32\WindowsPowerShell\v1.0\;C:\WINDOWS\System32\OpenSSH\;C:\Program Files\Java\jdk-19\bin;C:\Program Files\Git\cmd;C:\Users\99293\AppData\Local\Programs\Python\Python311\Scripts\;C:\Users\99293\AppData\Local\Programs\Python\Python311\;C:\Users\99293\AppData\Local\Microsoft\WindowsApps;;C:\Program Files\JetBrains\IntelliJ IDEA 2022.1.2\bin;;C:\Program Files\heroku\bin
USERNAME=ASUS
OS=Windows_NT
PROCESSOR_IDENTIFIER=Intel64 Family 6 Model 154 Stepping 3, GenuineIntel
TMP=C:\Users\99293\AppData\Local\Temp
TEMP=C:\Users\99293\AppData\Local\Temp



---------------  S Y S T E M  ---------------

OS:
 Windows 11 , 64 bit Build 22621 (10.0.22621.4391)
OS uptime: 0 days 6:06 hours
Hyper-V role detected

CPU: total 16 (initial active 16) (8 cores per cpu, 2 threads per core) family 6 model 154 stepping 3 microcode 0x429, cx8, cmov, fxsr, ht, mmx, 3dnowpref, sse, sse2, sse3, ssse3, sse4.1, sse4.2, popcnt, lzcnt, tsc, tscinvbit, avx, avx2, aes, erms, clmul, bmi1, bmi2, adx, sha, fma, vzeroupper, clflush, clflushopt, clwb, hv, serialize, rdtscp, rdpid, fsrm

Memory: 4k page, system-wide physical 16004M (2510M free)
TotalPageFile size 18052M (AvailPageFile size 5M)
current process WorkingSet (physical memory assigned to process): 194M, peak: 194M
current process commit charge ("private bytes"): 424M, peak: 425M

vm_info: Java HotSpot(TM) 64-Bit Server VM (19.0.2+7-44) for windows-amd64 JRE (19.0.2+7-44), built on 2022-11-30T18:02:09Z by "mach5one" with MS VC++ 17.1 (VS2022)

END.
