#
# There is insufficient memory for the Java Runtime Environment to continue.
# Native memory allocation (malloc) failed to allocate 32744 bytes for Chunk::new
# Possible reasons:
#   The system is out of physical RAM or swap space
#   The process is running with CompressedOops enabled, and the Java Heap may be blocking the growth of the native heap
# Possible solutions:
#   Reduce memory load on the system
#   Increase physical memory or swap space
#   Check if swap backing store is full
#   Decrease Java heap size (-Xmx/-Xms)
#   Decrease number of Java threads
#   Decrease Java thread stack sizes (-Xss)
#   Set larger code cache with -XX:ReservedCodeCacheSize=
#   JVM is running with Zero Based Compressed Oops mode in which the Java heap is
#     placed in the first 32GB address space. The Java Heap base address is the
#     maximum limit for the native heap growth. Please use -XX:HeapBaseMinAddress
#     to set the Java Heap base and to place the Java Heap above 32GB virtual address.
# This output file may be truncated or incomplete.
#
#  Out of Memory Error (arena.cpp:184), pid=16452, tid=12628
#
# JRE version: Java(TM) SE Runtime Environment (19.0.2+7) (build 19.0.2+7-44)
# Java VM: Java HotSpot(TM) 64-Bit Server VM (19.0.2+7-44, mixed mode, sharing, tiered, compressed oops, compressed class ptrs, g1 gc, windows-amd64)
# No core dump will be written. Minidumps are not enabled by default on client versions of Windows
#

---------------  S U M M A R Y ------------

Command Line: -Dmaven.multiModuleProjectDirectory=D:\unitedStates_storage-master\unitedStates_storage -Dmaven.home=C:\Users\99293\.m2\wrapper\dists\apache-maven-3.8.6-bin\1ks0nkde5v1pk9vtc31i9d0lcd\apache-maven-3.8.6 -Dclassworlds.conf=C:\Users\99293\.m2\wrapper\dists\apache-maven-3.8.6-bin\1ks0nkde5v1pk9vtc31i9d0lcd\apache-maven-3.8.6\bin\m2.conf -Dmaven.ext.class.path=C:\Program Files\JetBrains\IntelliJ IDEA 2022.1.2\plugins\maven\lib\maven-event-listener.jar -javaagent:C:\Program Files\JetBrains\IntelliJ IDEA 2022.1.2\lib\idea_rt.jar=65217:C:\Program Files\JetBrains\IntelliJ IDEA 2022.1.2\bin -Dfile.encoding=UTF-8 org.codehaus.classworlds.Launcher -Didea.version=2022.1.2 package

Host: 12th Gen Intel(R) Core(TM) i7-12650H, 16 cores, 15G,  Windows 11 , 64 bit Build 22621 (10.0.22621.3958)
Time: Wed Oct  2 17:50:53 2024  Windows 11 , 64 bit Build 22621 (10.0.22621.3958) elapsed time: 11.609480 seconds (0d 0h 0m 11s)

---------------  T H R E A D  ---------------

Current thread (0x000001d6608d0450):  JavaThread "C2 CompilerThread0" daemon [_thread_in_native, id=12628, stack(0x00000044d2e00000,0x00000044d2f00000)]


Current CompileTask:
C2:  11609 11472   !   4       java.lang.ClassLoader::loadClass (121 bytes)

Stack: [0x00000044d2e00000,0x00000044d2f00000]
Native frames: (J=compiled Java code, j=interpreted, Vv=VM code, C=native code)
V  [jvm.dll+0x6ee21a]
V  [jvm.dll+0x85765e]
V  [jvm.dll+0x85904e]
V  [jvm.dll+0x859703]
V  [jvm.dll+0x28298f]
V  [jvm.dll+0xc9adf]
V  [jvm.dll+0xc9e65]
V  [jvm.dll+0x3c233d]
V  [jvm.dll+0x3c19e1]
V  [jvm.dll+0x3c1a24]
V  [jvm.dll+0x5d0c45]
V  [jvm.dll+0x5d13bb]
V  [jvm.dll+0x1ee2b0]
V  [jvm.dll+0x24c52b]
V  [jvm.dll+0x24b781]
V  [jvm.dll+0x1d6ce1]
V  [jvm.dll+0x25b25a]
V  [jvm.dll+0x2596e8]
V  [jvm.dll+0x807588]
V  [jvm.dll+0x80125a]
V  [jvm.dll+0x6ecf0b]
C  [ucrtbase.dll+0x29333]
C  [KERNEL32.DLL+0x1257d]
C  [ntdll.dll+0x5af28]


---------------  P R O C E S S  ---------------

Threads class SMR info:
_java_thread_list=0x000001d66772b330, length=27, elements={
0x000001d63ac4fec0, 0x000001d6608b2c40, 0x000001d6608b3930, 0x000001d6608b7740,
0x000001d6608bd1a0, 0x000001d6608bde30, 0x000001d6608c2a60, 0x000001d6608d0450,
0x000001d6608d0dc0, 0x000001d6608c0fd0, 0x000001d664ce73f0, 0x000001d6608c1520,
0x000001d664d82ac0, 0x000001d664d83040, 0x000001d6608c2510, 0x000001d6608c1fc0,
0x000001d666ca9460, 0x000001d666ca24d0, 0x000001d666ca2a20, 0x000001d666ca2f70,
0x000001d666ca34c0, 0x000001d666ca3f60, 0x000001d666ca4a00, 0x000001d6608c1a70,
0x000001d665d2be20, 0x000001d665d31320, 0x000001d665d29e40
}

Java Threads: ( => current thread )
  0x000001d63ac4fec0 JavaThread "main" [_thread_in_native, id=20624, stack(0x00000044d2100000,0x00000044d2200000)]
  0x000001d6608b2c40 JavaThread "Reference Handler" daemon [_thread_blocked, id=26496, stack(0x00000044d2800000,0x00000044d2900000)]
  0x000001d6608b3930 JavaThread "Finalizer" daemon [_thread_blocked, id=23088, stack(0x00000044d2900000,0x00000044d2a00000)]
  0x000001d6608b7740 JavaThread "Signal Dispatcher" daemon [_thread_blocked, id=17616, stack(0x00000044d2a00000,0x00000044d2b00000)]
  0x000001d6608bd1a0 JavaThread "Attach Listener" daemon [_thread_blocked, id=25756, stack(0x00000044d2b00000,0x00000044d2c00000)]
  0x000001d6608bde30 JavaThread "Service Thread" daemon [_thread_blocked, id=9304, stack(0x00000044d2c00000,0x00000044d2d00000)]
  0x000001d6608c2a60 JavaThread "Monitor Deflation Thread" daemon [_thread_blocked, id=10316, stack(0x00000044d2d00000,0x00000044d2e00000)]
=>0x000001d6608d0450 JavaThread "C2 CompilerThread0" daemon [_thread_in_native, id=12628, stack(0x00000044d2e00000,0x00000044d2f00000)]
  0x000001d6608d0dc0 JavaThread "C1 CompilerThread0" daemon [_thread_blocked, id=9760, stack(0x00000044d2f00000,0x00000044d3000000)]
  0x000001d6608c0fd0 JavaThread "Sweeper thread" daemon [_thread_blocked, id=19200, stack(0x00000044d3000000,0x00000044d3100000)]
  0x000001d664ce73f0 JavaThread "C1 CompilerThread1" daemon [_thread_blocked, id=22492, stack(0x00000044d3100000,0x00000044d3200000)]
  0x000001d6608c1520 JavaThread "Common-Cleaner" daemon [_thread_blocked, id=20620, stack(0x00000044d3200000,0x00000044d3300000)]
  0x000001d664d82ac0 JavaThread "C1 CompilerThread2" daemon [_thread_blocked, id=23596, stack(0x00000044d3300000,0x00000044d3400000)]
  0x000001d664d83040 JavaThread "C1 CompilerThread3" daemon [_thread_blocked, id=16248, stack(0x00000044d3400000,0x00000044d3500000)]
  0x000001d6608c2510 JavaThread "Monitor Ctrl-Break" daemon [_thread_in_native, id=12680, stack(0x00000044d3600000,0x00000044d3700000)]
  0x000001d6608c1fc0 JavaThread "Notification Thread" daemon [_thread_blocked, id=6988, stack(0x00000044d3700000,0x00000044d3800000)]
  0x000001d666ca9460 JavaThread "resolver-1" daemon [_thread_blocked, id=17808, stack(0x00000044d3e00000,0x00000044d3f00000)]
  0x000001d666ca24d0 JavaThread "resolver-2" daemon [_thread_blocked, id=6652, stack(0x00000044d4900000,0x00000044d4a00000)]
  0x000001d666ca2a20 JavaThread "resolver-3" daemon [_thread_blocked, id=18116, stack(0x00000044d4a00000,0x00000044d4b00000)]
  0x000001d666ca2f70 JavaThread "resolver-4" daemon [_thread_blocked, id=23212, stack(0x00000044d4b00000,0x00000044d4c00000)]
  0x000001d666ca34c0 JavaThread "resolver-5" daemon [_thread_blocked, id=25828, stack(0x00000044d4c00000,0x00000044d4d00000)]
  0x000001d666ca3f60 JavaThread "timeout-check-timer" daemon [_thread_blocked, id=10308, stack(0x00000044d4d00000,0x00000044d4e00000)]
  0x000001d666ca4a00 JavaThread "ping-timer-10s" daemon [_thread_blocked, id=4048, stack(0x00000044d4e00000,0x00000044d4f00000)]
  0x000001d6608c1a70 JavaThread "ThreadedStreamConsumer" daemon [_thread_blocked, id=13316, stack(0x00000044d4f00000,0x00000044d5000000)]
  0x000001d665d2be20 JavaThread "Thread-2" [_thread_blocked, id=980, stack(0x00000044d5000000,0x00000044d5100000)]
  0x000001d665d31320 JavaThread "Thread-3" [_thread_in_native, id=11744, stack(0x00000044d5100000,0x00000044d5200000)]
  0x000001d665d29e40 JavaThread "Thread-4" [_thread_in_native, id=10628, stack(0x00000044d5200000,0x00000044d5300000)]

Other Threads:
  0x000001d664c42010 VMThread "VM Thread" [stack: 0x00000044d2700000,0x00000044d2800000] [id=11004]
  0x000001d664e23bc0 WatcherThread "VM Periodic Task Thread" [stack: 0x00000044d3800000,0x00000044d3900000] [id=17884]
  0x000001d63acc2900 WorkerThread "GC Thread#0" [stack: 0x00000044d2200000,0x00000044d2300000] [id=15660]
  0x000001d665197d90 WorkerThread "GC Thread#1" [stack: 0x00000044d3f00000,0x00000044d4000000] [id=16368]
  0x000001d665197ac0 WorkerThread "GC Thread#2" [stack: 0x00000044d4000000,0x00000044d4100000] [id=12344]
  0x000001d665196cb0 WorkerThread "GC Thread#3" [stack: 0x00000044d4100000,0x00000044d4200000] [id=13596]
  0x000001d665196f80 WorkerThread "GC Thread#4" [stack: 0x00000044d4200000,0x00000044d4300000] [id=23480]
  0x000001d665196440 WorkerThread "GC Thread#5" [stack: 0x00000044d4300000,0x00000044d4400000] [id=4476]
  0x000001d665196710 WorkerThread "GC Thread#6" [stack: 0x00000044d4400000,0x00000044d4500000] [id=17216]
  0x000001d665197250 WorkerThread "GC Thread#7" [stack: 0x00000044d4500000,0x00000044d4600000] [id=12892]
  0x000001d665ea2310 WorkerThread "GC Thread#8" [stack: 0x00000044d4600000,0x00000044d4700000] [id=11892]
  0x000001d665ea1500 WorkerThread "GC Thread#9" [stack: 0x00000044d4700000,0x00000044d4800000] [id=17696]
  0x000001d665ea25e0 WorkerThread "GC Thread#10" [stack: 0x00000044d4800000,0x00000044d4900000] [id=20540]
  0x000001d665e9f070 WorkerThread "GC Thread#11" [stack: 0x00000044d3900000,0x00000044d3a00000] [id=17324]
  0x000001d665ea0420 WorkerThread "GC Thread#12" [stack: 0x00000044d3a00000,0x00000044d3b00000] [id=16412]
  0x000001d63acd3270 ConcurrentGCThread "G1 Main Marker" [stack: 0x00000044d2300000,0x00000044d2400000] [id=17572]
  0x000001d63acd3ca0 WorkerThread "G1 Conc#0" [stack: 0x00000044d2400000,0x00000044d2500000] [id=24432]
  0x000001d665ea2b80 WorkerThread "G1 Conc#1" [stack: 0x00000044d3b00000,0x00000044d3c00000] [id=25140]
  0x000001d665ea1d70 WorkerThread "G1 Conc#2" [stack: 0x00000044d3c00000,0x00000044d3d00000] [id=12660]
  0x000001d660754270 ConcurrentGCThread "G1 Refine#0" [stack: 0x00000044d2500000,0x00000044d2600000] [id=12028]
  0x000001d660754db0 ConcurrentGCThread "G1 Service" [stack: 0x00000044d2600000,0x00000044d2700000] [id=2672]

Threads with active compile tasks:
C2 CompilerThread0    11628 11472   !   4       java.lang.ClassLoader::loadClass (121 bytes)

VM state: not at safepoint (normal execution)

VM Mutex/Monitor currently owned by a thread: None

Heap address: 0x0000000705e00000, size: 4002 MB, Compressed Oops mode: Zero based, Oop shift amount: 3

CDS archive(s) mapped at: [0x0000000800000000-0x0000000800c40000-0x0000000800c40000), size 12845056, SharedBaseAddress: 0x0000000800000000, ArchiveRelocationMode: 0.
Compressed class space mapped at: 0x0000000801000000-0x0000000841000000, reserved size: 1073741824
Narrow klass base: 0x0000000800000000, Narrow klass shift: 0, Narrow klass range: 0x100000000

GC Precious Log:
 CardTable entry size: 512
 Card Set container configuration: InlinePtr #cards 4 size 8 Array Of Cards #cards 16 size 48 Howl #buckets 8 coarsen threshold 3686 Howl Bitmap #cards 512 size 80 coarsen threshold 460 Card regions per heap region 1 cards per card region 4096
 CPUs: 16 total, 16 available
 Memory: 16005M
 Large Page Support: Disabled
 NUMA Support: Disabled
 Compressed Oops: Enabled (Zero based)
 Heap Region Size: 2M
 Heap Min Capacity: 8M
 Heap Initial Capacity: 252M
 Heap Max Capacity: 4002M
 Pre-touch: Disabled
 Parallel Workers: 13
 Concurrent Workers: 3
 Concurrent Refinement Workers: 13
 Periodic GC: Disabled

Heap:
 garbage-first heap   total 233472K, used 92787K [0x0000000705e00000, 0x0000000800000000)
  region size 2048K, 14 young (28672K), 4 survivors (8192K)
 Metaspace       used 35420K, committed 36032K, reserved 1114112K
  class space    used 3597K, committed 3904K, reserved 1048576K

Heap Regions: E=young(eden), S=young(survivor), O=old, HS=humongous(starts), HC=humongous(continues), CS=collection set, F=free, OA=open archive, CA=closed archive, TAMS=top-at-mark-start (previous, next)
|   0|0x0000000705e00000, 0x0000000706000000, 0x0000000706000000|100%| O|  |TAMS 0x0000000706000000, 0x0000000705e00000| Untracked 
|   1|0x0000000706000000, 0x0000000706200000, 0x0000000706200000|100%| O|  |TAMS 0x0000000706000000, 0x0000000706000000| Untracked 
|   2|0x0000000706200000, 0x0000000706400000, 0x0000000706400000|100%| O|  |TAMS 0x0000000706200000, 0x0000000706200000| Untracked 
|   3|0x0000000706400000, 0x0000000706600000, 0x0000000706600000|100%| O|  |TAMS 0x0000000706400000, 0x0000000706400000| Untracked 
|   4|0x0000000706600000, 0x0000000706800000, 0x0000000706800000|100%| O|  |TAMS 0x0000000706600000, 0x0000000706600000| Untracked 
|   5|0x0000000706800000, 0x0000000706a00000, 0x0000000706a00000|100%| O|  |TAMS 0x0000000706800000, 0x0000000706800000| Untracked 
|   6|0x0000000706a00000, 0x0000000706c00000, 0x0000000706c00000|100%| O|  |TAMS 0x0000000706a00000, 0x0000000706a00000| Untracked 
|   7|0x0000000706c00000, 0x0000000706e00000, 0x0000000706e00000|100%| O|  |TAMS 0x0000000706c00000, 0x0000000706c00000| Untracked 
|   8|0x0000000706e00000, 0x0000000707000000, 0x0000000707000000|100%| O|  |TAMS 0x0000000706e00000, 0x0000000706e00000| Untracked 
|   9|0x0000000707000000, 0x0000000707200000, 0x0000000707200000|100%| O|  |TAMS 0x0000000707000000, 0x0000000707000000| Untracked 
|  10|0x0000000707200000, 0x0000000707400000, 0x0000000707400000|100%| O|  |TAMS 0x0000000707200000, 0x0000000707200000| Untracked 
|  11|0x0000000707400000, 0x0000000707600000, 0x0000000707600000|100%| O|  |TAMS 0x0000000707400000, 0x0000000707400000| Untracked 
|  12|0x0000000707600000, 0x0000000707800000, 0x0000000707800000|100%| O|  |TAMS 0x0000000707600000, 0x0000000707600000| Untracked 
|  13|0x0000000707800000, 0x0000000707a00000, 0x0000000707a00000|100%| O|  |TAMS 0x0000000707800000, 0x0000000707800000| Untracked 
|  14|0x0000000707a00000, 0x0000000707c00000, 0x0000000707c00000|100%| O|  |TAMS 0x0000000707a00000, 0x0000000707a00000| Untracked 
|  15|0x0000000707c00000, 0x0000000707e00000, 0x0000000707e00000|100%| O|  |TAMS 0x0000000707c00000, 0x0000000707c00000| Untracked 
|  16|0x0000000707e00000, 0x0000000708000000, 0x0000000708000000|100%| O|  |TAMS 0x0000000707e00000, 0x0000000707e00000| Untracked 
|  17|0x0000000708000000, 0x0000000708200000, 0x0000000708200000|100%| O|  |TAMS 0x0000000708000000, 0x0000000708000000| Untracked 
|  18|0x0000000708200000, 0x0000000708400000, 0x0000000708400000|100%| O|  |TAMS 0x0000000708200000, 0x0000000708200000| Untracked 
|  19|0x0000000708400000, 0x0000000708600000, 0x0000000708600000|100%| O|  |TAMS 0x0000000708400000, 0x0000000708400000| Untracked 
|  20|0x0000000708600000, 0x0000000708800000, 0x0000000708800000|100%| O|  |TAMS 0x0000000708600000, 0x0000000708600000| Untracked 
|  21|0x0000000708800000, 0x0000000708a00000, 0x0000000708a00000|100%| O|  |TAMS 0x0000000708800000, 0x0000000708800000| Untracked 
|  22|0x0000000708a00000, 0x0000000708c00000, 0x0000000708c00000|100%| O|  |TAMS 0x0000000708a00000, 0x0000000708a00000| Untracked 
|  23|0x0000000708c00000, 0x0000000708e00000, 0x0000000708e00000|100%| O|  |TAMS 0x0000000708c00000, 0x0000000708c00000| Untracked 
|  24|0x0000000708e00000, 0x0000000709000000, 0x0000000709000000|100%|HS|  |TAMS 0x0000000708e00000, 0x0000000708e00000| Complete 
|  25|0x0000000709000000, 0x0000000709200000, 0x0000000709200000|100%|HC|  |TAMS 0x0000000709000000, 0x0000000709000000| Complete 
|  26|0x0000000709200000, 0x0000000709400000, 0x0000000709400000|100%| O|  |TAMS 0x0000000709200000, 0x0000000709200000| Untracked 
|  27|0x0000000709400000, 0x0000000709600000, 0x0000000709600000|100%| O|  |TAMS 0x0000000709400000, 0x0000000709400000| Untracked 
|  28|0x0000000709600000, 0x0000000709800000, 0x0000000709800000|100%| O|  |TAMS 0x0000000709600000, 0x0000000709600000| Untracked 
|  29|0x0000000709800000, 0x0000000709a00000, 0x0000000709a00000|100%| O|  |TAMS 0x0000000709800000, 0x0000000709800000| Untracked 
|  30|0x0000000709a00000, 0x0000000709c00000, 0x0000000709c00000|100%| O|  |TAMS 0x0000000709a00000, 0x0000000709a00000| Untracked 
|  31|0x0000000709c00000, 0x0000000709d7c200, 0x0000000709e00000| 74%| O|  |TAMS 0x0000000709c00000, 0x0000000709c00000| Untracked 
|  32|0x0000000709e00000, 0x0000000709e00000, 0x000000070a000000|  0%| F|  |TAMS 0x0000000709e00000, 0x0000000709e00000| Untracked 
|  33|0x000000070a000000, 0x000000070a000000, 0x000000070a200000|  0%| F|  |TAMS 0x000000070a000000, 0x000000070a000000| Untracked 
|  34|0x000000070a200000, 0x000000070a200000, 0x000000070a400000|  0%| F|  |TAMS 0x000000070a200000, 0x000000070a200000| Untracked 
|  35|0x000000070a400000, 0x000000070a400000, 0x000000070a600000|  0%| F|  |TAMS 0x000000070a400000, 0x000000070a400000| Untracked 
|  36|0x000000070a600000, 0x000000070a600000, 0x000000070a800000|  0%| F|  |TAMS 0x000000070a600000, 0x000000070a600000| Untracked 
|  37|0x000000070a800000, 0x000000070a800000, 0x000000070aa00000|  0%| F|  |TAMS 0x000000070a800000, 0x000000070a800000| Untracked 
|  38|0x000000070aa00000, 0x000000070aa00000, 0x000000070ac00000|  0%| F|  |TAMS 0x000000070aa00000, 0x000000070aa00000| Untracked 
|  39|0x000000070ac00000, 0x000000070ac00000, 0x000000070ae00000|  0%| F|  |TAMS 0x000000070ac00000, 0x000000070ac00000| Untracked 
|  40|0x000000070ae00000, 0x000000070ae00000, 0x000000070b000000|  0%| F|  |TAMS 0x000000070ae00000, 0x000000070ae00000| Untracked 
|  41|0x000000070b000000, 0x000000070b000000, 0x000000070b200000|  0%| F|  |TAMS 0x000000070b000000, 0x000000070b000000| Untracked 
|  42|0x000000070b200000, 0x000000070b200000, 0x000000070b400000|  0%| F|  |TAMS 0x000000070b200000, 0x000000070b200000| Untracked 
|  43|0x000000070b400000, 0x000000070b400000, 0x000000070b600000|  0%| F|  |TAMS 0x000000070b400000, 0x000000070b400000| Untracked 
|  44|0x000000070b600000, 0x000000070b600000, 0x000000070b800000|  0%| F|  |TAMS 0x000000070b600000, 0x000000070b600000| Untracked 
|  45|0x000000070b800000, 0x000000070b800000, 0x000000070ba00000|  0%| F|  |TAMS 0x000000070b800000, 0x000000070b800000| Untracked 
|  46|0x000000070ba00000, 0x000000070ba00000, 0x000000070bc00000|  0%| F|  |TAMS 0x000000070ba00000, 0x000000070ba00000| Untracked 
|  47|0x000000070bc00000, 0x000000070bc00000, 0x000000070be00000|  0%| F|  |TAMS 0x000000070bc00000, 0x000000070bc00000| Untracked 
|  48|0x000000070be00000, 0x000000070be00000, 0x000000070c000000|  0%| F|  |TAMS 0x000000070be00000, 0x000000070be00000| Untracked 
|  49|0x000000070c000000, 0x000000070c000000, 0x000000070c200000|  0%| F|  |TAMS 0x000000070c000000, 0x000000070c000000| Untracked 
|  50|0x000000070c200000, 0x000000070c200000, 0x000000070c400000|  0%| F|  |TAMS 0x000000070c200000, 0x000000070c200000| Untracked 
|  51|0x000000070c400000, 0x000000070c400000, 0x000000070c600000|  0%| F|  |TAMS 0x000000070c400000, 0x000000070c400000| Untracked 
|  52|0x000000070c600000, 0x000000070c600000, 0x000000070c800000|  0%| F|  |TAMS 0x000000070c600000, 0x000000070c600000| Untracked 
|  53|0x000000070c800000, 0x000000070c800000, 0x000000070ca00000|  0%| F|  |TAMS 0x000000070c800000, 0x000000070c800000| Untracked 
|  54|0x000000070ca00000, 0x000000070ca00000, 0x000000070cc00000|  0%| F|  |TAMS 0x000000070ca00000, 0x000000070ca00000| Untracked 
|  55|0x000000070cc00000, 0x000000070cc00000, 0x000000070ce00000|  0%| F|  |TAMS 0x000000070cc00000, 0x000000070cc00000| Untracked 
|  56|0x000000070ce00000, 0x000000070ce00000, 0x000000070d000000|  0%| F|  |TAMS 0x000000070ce00000, 0x000000070ce00000| Untracked 
|  57|0x000000070d000000, 0x000000070d120c38, 0x000000070d200000| 56%| S|CS|TAMS 0x000000070d000000, 0x000000070d000000| Complete 
|  58|0x000000070d200000, 0x000000070d400000, 0x000000070d400000|100%| S|CS|TAMS 0x000000070d200000, 0x000000070d200000| Complete 
|  59|0x000000070d400000, 0x000000070d600000, 0x000000070d600000|100%| S|CS|TAMS 0x000000070d400000, 0x000000070d400000| Complete 
|  60|0x000000070d600000, 0x000000070d800000, 0x000000070d800000|100%| S|CS|TAMS 0x000000070d600000, 0x000000070d600000| Complete 
|  61|0x000000070d800000, 0x000000070d800000, 0x000000070da00000|  0%| F|  |TAMS 0x000000070d800000, 0x000000070d800000| Untracked 
|  62|0x000000070da00000, 0x000000070da00000, 0x000000070dc00000|  0%| F|  |TAMS 0x000000070da00000, 0x000000070da00000| Untracked 
|  63|0x000000070dc00000, 0x000000070dc00000, 0x000000070de00000|  0%| F|  |TAMS 0x000000070dc00000, 0x000000070dc00000| Untracked 
|  64|0x000000070de00000, 0x000000070de00000, 0x000000070e000000|  0%| F|  |TAMS 0x000000070de00000, 0x000000070de00000| Untracked 
|  65|0x000000070e000000, 0x000000070e000000, 0x000000070e200000|  0%| F|  |TAMS 0x000000070e000000, 0x000000070e000000| Untracked 
|  66|0x000000070e200000, 0x000000070e200000, 0x000000070e400000|  0%| F|  |TAMS 0x000000070e200000, 0x000000070e200000| Untracked 
|  67|0x000000070e400000, 0x000000070e400000, 0x000000070e600000|  0%| F|  |TAMS 0x000000070e400000, 0x000000070e400000| Untracked 
|  68|0x000000070e600000, 0x000000070e600000, 0x000000070e800000|  0%| F|  |TAMS 0x000000070e600000, 0x000000070e600000| Untracked 
|  69|0x000000070e800000, 0x000000070e800000, 0x000000070ea00000|  0%| F|  |TAMS 0x000000070e800000, 0x000000070e800000| Untracked 
|  70|0x000000070ea00000, 0x000000070ea00000, 0x000000070ec00000|  0%| F|  |TAMS 0x000000070ea00000, 0x000000070ea00000| Untracked 
|  71|0x000000070ec00000, 0x000000070ec00000, 0x000000070ee00000|  0%| F|  |TAMS 0x000000070ec00000, 0x000000070ec00000| Untracked 
|  72|0x000000070ee00000, 0x000000070ee00000, 0x000000070f000000|  0%| F|  |TAMS 0x000000070ee00000, 0x000000070ee00000| Untracked 
|  73|0x000000070f000000, 0x000000070f000000, 0x000000070f200000|  0%| F|  |TAMS 0x000000070f000000, 0x000000070f000000| Untracked 
|  74|0x000000070f200000, 0x000000070f200000, 0x000000070f400000|  0%| F|  |TAMS 0x000000070f200000, 0x000000070f200000| Untracked 
|  75|0x000000070f400000, 0x000000070f400000, 0x000000070f600000|  0%| F|  |TAMS 0x000000070f400000, 0x000000070f400000| Untracked 
|  76|0x000000070f600000, 0x000000070f600000, 0x000000070f800000|  0%| F|  |TAMS 0x000000070f600000, 0x000000070f600000| Untracked 
|  77|0x000000070f800000, 0x000000070f800000, 0x000000070fa00000|  0%| F|  |TAMS 0x000000070f800000, 0x000000070f800000| Untracked 
|  78|0x000000070fa00000, 0x000000070fa00000, 0x000000070fc00000|  0%| F|  |TAMS 0x000000070fa00000, 0x000000070fa00000| Untracked 
|  79|0x000000070fc00000, 0x000000070fc00000, 0x000000070fe00000|  0%| F|  |TAMS 0x000000070fc00000, 0x000000070fc00000| Untracked 
|  80|0x000000070fe00000, 0x000000070fe00000, 0x0000000710000000|  0%| F|  |TAMS 0x000000070fe00000, 0x000000070fe00000| Untracked 
|  81|0x0000000710000000, 0x0000000710000000, 0x0000000710200000|  0%| F|  |TAMS 0x0000000710000000, 0x0000000710000000| Untracked 
|  82|0x0000000710200000, 0x0000000710200000, 0x0000000710400000|  0%| F|  |TAMS 0x0000000710200000, 0x0000000710200000| Untracked 
|  83|0x0000000710400000, 0x0000000710400000, 0x0000000710600000|  0%| F|  |TAMS 0x0000000710400000, 0x0000000710400000| Untracked 
|  84|0x0000000710600000, 0x0000000710600000, 0x0000000710800000|  0%| F|  |TAMS 0x0000000710600000, 0x0000000710600000| Untracked 
|  85|0x0000000710800000, 0x0000000710800000, 0x0000000710a00000|  0%| F|  |TAMS 0x0000000710800000, 0x0000000710800000| Untracked 
|  86|0x0000000710a00000, 0x0000000710a00000, 0x0000000710c00000|  0%| F|  |TAMS 0x0000000710a00000, 0x0000000710a00000| Untracked 
|  87|0x0000000710c00000, 0x0000000710c00000, 0x0000000710e00000|  0%| F|  |TAMS 0x0000000710c00000, 0x0000000710c00000| Untracked 
|  88|0x0000000710e00000, 0x0000000710e00000, 0x0000000711000000|  0%| F|  |TAMS 0x0000000710e00000, 0x0000000710e00000| Untracked 
|  89|0x0000000711000000, 0x0000000711000000, 0x0000000711200000|  0%| F|  |TAMS 0x0000000711000000, 0x0000000711000000| Untracked 
|  90|0x0000000711200000, 0x0000000711200000, 0x0000000711400000|  0%| F|  |TAMS 0x0000000711200000, 0x0000000711200000| Untracked 
|  91|0x0000000711400000, 0x0000000711400000, 0x0000000711600000|  0%| F|  |TAMS 0x0000000711400000, 0x0000000711400000| Untracked 
|  92|0x0000000711600000, 0x0000000711600000, 0x0000000711800000|  0%| F|  |TAMS 0x0000000711600000, 0x0000000711600000| Untracked 
|  93|0x0000000711800000, 0x0000000711800000, 0x0000000711a00000|  0%| F|  |TAMS 0x0000000711800000, 0x0000000711800000| Untracked 
|  94|0x0000000711a00000, 0x0000000711a00000, 0x0000000711c00000|  0%| F|  |TAMS 0x0000000711a00000, 0x0000000711a00000| Untracked 
|  95|0x0000000711c00000, 0x0000000711c00000, 0x0000000711e00000|  0%| F|  |TAMS 0x0000000711c00000, 0x0000000711c00000| Untracked 
|  96|0x0000000711e00000, 0x0000000711e00000, 0x0000000712000000|  0%| F|  |TAMS 0x0000000711e00000, 0x0000000711e00000| Untracked 
|  97|0x0000000712000000, 0x0000000712000000, 0x0000000712200000|  0%| F|  |TAMS 0x0000000712000000, 0x0000000712000000| Untracked 
|  98|0x0000000712200000, 0x0000000712200000, 0x0000000712400000|  0%| F|  |TAMS 0x0000000712200000, 0x0000000712200000| Untracked 
|  99|0x0000000712400000, 0x0000000712400000, 0x0000000712600000|  0%| F|  |TAMS 0x0000000712400000, 0x0000000712400000| Untracked 
| 100|0x0000000712600000, 0x0000000712600000, 0x0000000712800000|  0%| F|  |TAMS 0x0000000712600000, 0x0000000712600000| Untracked 
| 101|0x0000000712800000, 0x0000000712800000, 0x0000000712a00000|  0%| F|  |TAMS 0x0000000712800000, 0x0000000712800000| Untracked 
| 102|0x0000000712a00000, 0x0000000712a00000, 0x0000000712c00000|  0%| F|  |TAMS 0x0000000712a00000, 0x0000000712a00000| Untracked 
| 103|0x0000000712c00000, 0x0000000712caed88, 0x0000000712e00000| 34%| E|  |TAMS 0x0000000712c00000, 0x0000000712c00000| Complete 
| 104|0x0000000712e00000, 0x0000000713000000, 0x0000000713000000|100%| E|CS|TAMS 0x0000000712e00000, 0x0000000712e00000| Complete 
| 105|0x0000000713000000, 0x0000000713200000, 0x0000000713200000|100%| E|CS|TAMS 0x0000000713000000, 0x0000000713000000| Complete 
| 106|0x0000000713200000, 0x0000000713400000, 0x0000000713400000|100%| E|CS|TAMS 0x0000000713200000, 0x0000000713200000| Complete 
| 107|0x0000000713400000, 0x0000000713600000, 0x0000000713600000|100%| E|CS|TAMS 0x0000000713400000, 0x0000000713400000| Complete 
| 108|0x0000000713600000, 0x0000000713800000, 0x0000000713800000|100%| E|CS|TAMS 0x0000000713600000, 0x0000000713600000| Complete 
| 109|0x0000000713800000, 0x0000000713a00000, 0x0000000713a00000|100%| E|CS|TAMS 0x0000000713800000, 0x0000000713800000| Complete 
| 110|0x0000000713a00000, 0x0000000713c00000, 0x0000000713c00000|100%| E|CS|TAMS 0x0000000713a00000, 0x0000000713a00000| Complete 
| 111|0x0000000713c00000, 0x0000000713e00000, 0x0000000713e00000|100%| E|CS|TAMS 0x0000000713c00000, 0x0000000713c00000| Complete 
| 125|0x0000000715800000, 0x0000000715a00000, 0x0000000715a00000|100%| E|CS|TAMS 0x0000000715800000, 0x0000000715800000| Complete 
|2000|0x00000007ffe00000, 0x0000000800000000, 0x0000000800000000|100%| O|  |TAMS 0x00000007ffe00000, 0x00000007ffe00000| Untracked 

Card table byte_map: [0x000001d654b60000,0x000001d655340000] _byte_map_base: 0x000001d651331000

Marking Bits (Prev, Next): (CMBitMap*) 0x000001d63acc2f70, (CMBitMap*) 0x000001d63acc2f30
 Prev Bits: [0x000001d6599b0000, 0x000001d65d838000)
 Next Bits: [0x000001d655b20000, 0x000001d6599a8000)

Polling page: 0x000001d63ad10000

Metaspace:

Usage:
  Non-class:     31.08 MB used.
      Class:      3.51 MB used.
       Both:     34.59 MB used.

Virtual space:
  Non-class space:       64.00 MB reserved,      31.38 MB ( 49%) committed,  1 nodes.
      Class space:        1.00 GB reserved,       3.81 MB ( <1%) committed,  1 nodes.
             Both:        1.06 GB reserved,      35.19 MB (  3%) committed. 

Chunk freelists:
   Non-Class:  3.91 MB
       Class:  223.00 KB
        Both:  4.13 MB

MaxMetaspaceSize: unlimited
CompressedClassSpaceSize: 1.00 GB
Initial GC threshold: 21.00 MB
Current GC threshold: 35.31 MB
CDS: on
MetaspaceReclaimPolicy: balanced
 - commit_granule_bytes: 65536.
 - commit_granule_words: 8192.
 - virtual_space_node_default_size: 8388608.
 - enlarge_chunks_in_place: 1.
 - new_chunks_are_fully_committed: 0.
 - uncommit_free_chunks: 1.
 - use_allocation_guard: 0.


Internal statistics:

num_allocs_failed_limit: 3.
num_arena_births: 780.
num_arena_deaths: 0.
num_vsnodes_births: 2.
num_vsnodes_deaths: 0.
num_space_committed: 563.
num_space_uncommitted: 0.
num_chunks_returned_to_freelist: 3.
num_chunks_taken_from_freelist: 2170.
num_chunk_merges: 0.
num_chunk_splits: 1486.
num_chunks_enlarged: 1034.
num_inconsistent_stats: 0.

CodeHeap 'non-profiled nmethods': size=119168Kb used=7496Kb max_used=7496Kb free=111671Kb
 bounds [0x000001d64bf60000, 0x000001d64c6c0000, 0x000001d6533c0000]
CodeHeap 'profiled nmethods': size=119104Kb used=21399Kb max_used=21480Kb free=97704Kb
 bounds [0x000001d6443c0000, 0x000001d6458f0000, 0x000001d64b810000]
CodeHeap 'non-nmethods': size=7488Kb used=3034Kb max_used=3137Kb free=4454Kb
 bounds [0x000001d64b810000, 0x000001d64bb30000, 0x000001d64bf60000]
 total_blobs=10147 nmethods=9567 adapters=487
 compilation: enabled
              stopped_count=0, restarted_count=0
 full_count=0

Compilation events (20 events):
Event: 11.080 Thread 0x000001d664d83040 nmethod 11699 0x000001d644e7d310 code [0x000001d644e7d4c0, 0x000001d644e7d758]
Event: 11.080 Thread 0x000001d6677473c0 11700       4       jdk.internal.loader.URLClassPath::getResource (74 bytes)
Event: 11.086 Thread 0x000001d664ce73f0 11702       3       java.lang.ProcessEnvironment$CheckedEntrySet$1::next (20 bytes)
Event: 11.087 Thread 0x000001d664ce73f0 nmethod 11702 0x000001d644e7cb90 code [0x000001d644e7cd60, 0x000001d644e7d1c8]
Event: 11.087 Thread 0x000001d664d83040 11703       3       java.lang.ProcessEnvironment$CheckedEntry::getKey (13 bytes)
Event: 11.087 Thread 0x000001d664d83040 nmethod 11703 0x000001d644e7c610 code [0x000001d644e7c7c0, 0x000001d644e7ca88]
Event: 11.087 Thread 0x000001d664d82ac0 11704       3       java.lang.ProcessEnvironment$CheckedEntry::getKey (5 bytes)
Event: 11.087 Thread 0x000001d664d82ac0 nmethod 11704 0x000001d644ca2090 code [0x000001d644ca2240, 0x000001d644ca2588]
Event: 11.087 Thread 0x000001d664ce73f0 11705       3       java.lang.ProcessEnvironment$CheckedEntry::getValue (13 bytes)
Event: 11.088 Thread 0x000001d664ce73f0 nmethod 11705 0x000001d644ca1b10 code [0x000001d644ca1cc0, 0x000001d644ca1f88]
Event: 11.135 Thread 0x000001d6677473c0 nmethod 11700 0x000001d64c69fc10 code [0x000001d64c69ffa0, 0x000001d64c6a2940]
Event: 11.135 Thread 0x000001d6677473c0 11701       4       java.util.concurrent.ConcurrentHashMap$KeyIterator::next (34 bytes)
Event: 11.143 Thread 0x000001d6677473c0 nmethod 11701 0x000001d64c6a4390 code [0x000001d64c6a4520, 0x000001d64c6a4958]
Event: 11.147 Thread 0x000001d66756bf80 nmethod 11378 0x000001d64c6a4b90 code [0x000001d64c6a51a0, 0x000001d64c6ad440]
Event: 11.431 Thread 0x000001d664d82ac0 11707       3       java.io.BufferedReader::implReadLine (302 bytes)
Event: 11.432 Thread 0x000001d664ce73f0 11708       3       org.apache.maven.surefire.util.internal.StringUtils::digit (33 bytes)
Event: 11.432 Thread 0x000001d664ce73f0 nmethod 11708 0x000001d644e7c190 code [0x000001d644e7c340, 0x000001d644e7c518]
Event: 11.432 Thread 0x000001d664d82ac0 nmethod 11707 0x000001d644ca0090 code [0x000001d644ca0380, 0x000001d644ca1418]
Event: 11.435 Thread 0x000001d664d82ac0 11710       3       org.apache.maven.surefire.util.internal.StringUtils::unescapeString (130 bytes)
Event: 11.436 Thread 0x000001d664d82ac0 nmethod 11710 0x000001d644c9ed10 code [0x000001d644c9efa0, 0x000001d644c9fd08]

GC Heap History (20 events):
Event: 4.941 GC heap before
{Heap before GC invocations=8 (full 0):
 garbage-first heap   total 161792K, used 104095K [0x0000000705e00000, 0x0000000800000000)
  region size 2048K, 35 young (71680K), 2 survivors (4096K)
 Metaspace       used 25465K, committed 25856K, reserved 1114112K
  class space    used 2655K, committed 2880K, reserved 1048576K
}
Event: 4.951 GC heap after
{Heap after GC invocations=9 (full 0):
 garbage-first heap   total 161792K, used 49391K [0x0000000705e00000, 0x0000000800000000)
  region size 2048K, 5 young (10240K), 5 survivors (10240K)
 Metaspace       used 25465K, committed 25856K, reserved 1114112K
  class space    used 2655K, committed 2880K, reserved 1048576K
}
Event: 5.514 GC heap before
{Heap before GC invocations=9 (full 0):
 garbage-first heap   total 161792K, used 106735K [0x0000000705e00000, 0x0000000800000000)
  region size 2048K, 33 young (67584K), 5 survivors (10240K)
 Metaspace       used 27653K, committed 28096K, reserved 1114112K
  class space    used 2877K, committed 3136K, reserved 1048576K
}
Event: 5.520 GC heap after
{Heap after GC invocations=10 (full 0):
 garbage-first heap   total 161792K, used 51306K [0x0000000705e00000, 0x0000000800000000)
  region size 2048K, 1 young (2048K), 1 survivors (2048K)
 Metaspace       used 27653K, committed 28096K, reserved 1114112K
  class space    used 2877K, committed 3136K, reserved 1048576K
}
Event: 5.677 GC heap before
{Heap before GC invocations=10 (full 0):
 garbage-first heap   total 161792K, used 112746K [0x0000000705e00000, 0x0000000800000000)
  region size 2048K, 31 young (63488K), 1 survivors (2048K)
 Metaspace       used 27854K, committed 28288K, reserved 1114112K
  class space    used 2897K, committed 3136K, reserved 1048576K
}
Event: 5.679 GC heap after
{Heap after GC invocations=11 (full 0):
 garbage-first heap   total 161792K, used 51084K [0x0000000705e00000, 0x0000000800000000)
  region size 2048K, 1 young (2048K), 1 survivors (2048K)
 Metaspace       used 27854K, committed 28288K, reserved 1114112K
  class space    used 2897K, committed 3136K, reserved 1048576K
}
Event: 5.932 GC heap before
{Heap before GC invocations=11 (full 0):
 garbage-first heap   total 161792K, used 116620K [0x0000000705e00000, 0x0000000800000000)
  region size 2048K, 33 young (67584K), 1 survivors (2048K)
 Metaspace       used 28498K, committed 28992K, reserved 1114112K
  class space    used 2970K, committed 3264K, reserved 1048576K
}
Event: 5.936 GC heap after
{Heap after GC invocations=12 (full 0):
 garbage-first heap   total 194560K, used 52500K [0x0000000705e00000, 0x0000000800000000)
  region size 2048K, 2 young (4096K), 2 survivors (4096K)
 Metaspace       used 28498K, committed 28992K, reserved 1114112K
  class space    used 2970K, committed 3264K, reserved 1048576K
}
Event: 6.101 GC heap before
{Heap before GC invocations=12 (full 0):
 garbage-first heap   total 194560K, used 138516K [0x0000000705e00000, 0x0000000800000000)
  region size 2048K, 44 young (90112K), 2 survivors (4096K)
 Metaspace       used 28615K, committed 29120K, reserved 1114112K
  class space    used 2975K, committed 3264K, reserved 1048576K
}
Event: 6.104 GC heap after
{Heap after GC invocations=13 (full 0):
 garbage-first heap   total 194560K, used 53219K [0x0000000705e00000, 0x0000000800000000)
  region size 2048K, 2 young (4096K), 2 survivors (4096K)
 Metaspace       used 28615K, committed 29120K, reserved 1114112K
  class space    used 2975K, committed 3264K, reserved 1048576K
}
Event: 6.305 GC heap before
{Heap before GC invocations=13 (full 0):
 garbage-first heap   total 194560K, used 143331K [0x0000000705e00000, 0x0000000800000000)
  region size 2048K, 46 young (94208K), 2 survivors (4096K)
 Metaspace       used 28795K, committed 29376K, reserved 1114112K
  class space    used 2977K, committed 3264K, reserved 1048576K
}
Event: 6.309 GC heap after
{Heap after GC invocations=14 (full 0):
 garbage-first heap   total 194560K, used 54551K [0x0000000705e00000, 0x0000000800000000)
  region size 2048K, 3 young (6144K), 3 survivors (6144K)
 Metaspace       used 28795K, committed 29376K, reserved 1114112K
  class space    used 2977K, committed 3264K, reserved 1048576K
}
Event: 7.032 GC heap before
{Heap before GC invocations=14 (full 0):
 garbage-first heap   total 194560K, used 146711K [0x0000000705e00000, 0x0000000800000000)
  region size 2048K, 48 young (98304K), 3 survivors (6144K)
 Metaspace       used 31099K, committed 31616K, reserved 1114112K
  class space    used 3234K, committed 3520K, reserved 1048576K
}
Event: 7.037 GC heap after
{Heap after GC invocations=15 (full 0):
 garbage-first heap   total 194560K, used 55654K [0x0000000705e00000, 0x0000000800000000)
  region size 2048K, 4 young (8192K), 4 survivors (8192K)
 Metaspace       used 31099K, committed 31616K, reserved 1114112K
  class space    used 3234K, committed 3520K, reserved 1048576K
}
Event: 7.600 GC heap before
{Heap before GC invocations=15 (full 0):
 garbage-first heap   total 194560K, used 149862K [0x0000000705e00000, 0x0000000800000000)
  region size 2048K, 50 young (102400K), 4 survivors (8192K)
 Metaspace       used 31700K, committed 32256K, reserved 1114112K
  class space    used 3248K, committed 3520K, reserved 1048576K
}
Event: 7.607 GC heap after
{Heap after GC invocations=16 (full 0):
 garbage-first heap   total 194560K, used 57756K [0x0000000705e00000, 0x0000000800000000)
  region size 2048K, 5 young (10240K), 5 survivors (10240K)
 Metaspace       used 31700K, committed 32256K, reserved 1114112K
  class space    used 3248K, committed 3520K, reserved 1048576K
}
Event: 8.647 GC heap before
{Heap before GC invocations=16 (full 0):
 garbage-first heap   total 194560K, used 156060K [0x0000000705e00000, 0x0000000800000000)
  region size 2048K, 51 young (104448K), 5 survivors (10240K)
 Metaspace       used 32026K, committed 32640K, reserved 1114112K
  class space    used 3261K, committed 3584K, reserved 1048576K
}
Event: 8.660 GC heap after
{Heap after GC invocations=17 (full 0):
 garbage-first heap   total 233472K, used 72904K [0x0000000705e00000, 0x0000000800000000)
  region size 2048K, 7 young (14336K), 7 survivors (14336K)
 Metaspace       used 32026K, committed 32640K, reserved 1114112K
  class space    used 3261K, committed 3584K, reserved 1048576K
}
Event: 10.858 GC heap before
{Heap before GC invocations=17 (full 0):
 garbage-first heap   total 233472K, used 179400K [0x0000000705e00000, 0x0000000800000000)
  region size 2048K, 59 young (120832K), 7 survivors (14336K)
 Metaspace       used 34658K, committed 35264K, reserved 1114112K
  class space    used 3529K, committed 3840K, reserved 1048576K
}
Event: 10.868 GC heap after
{Heap after GC invocations=18 (full 0):
 garbage-first heap   total 233472K, used 74355K [0x0000000705e00000, 0x0000000800000000)
  region size 2048K, 4 young (8192K), 4 survivors (8192K)
 Metaspace       used 34658K, committed 35264K, reserved 1114112K
  class space    used 3529K, committed 3840K, reserved 1048576K
}

Dll operation events (12 events):
Event: 0.004 Loaded shared library C:\Program Files\Java\jdk-19\bin\java.dll
Event: 0.010 Loaded shared library C:\Program Files\Java\jdk-19\bin\jsvml.dll
Event: 0.038 Loaded shared library C:\Program Files\Java\jdk-19\bin\zip.dll
Event: 0.039 Loaded shared library C:\Program Files\Java\jdk-19\bin\instrument.dll
Event: 0.042 Loaded shared library C:\Program Files\Java\jdk-19\bin\net.dll
Event: 0.043 Loaded shared library C:\Program Files\Java\jdk-19\bin\nio.dll
Event: 0.045 Loaded shared library C:\Program Files\Java\jdk-19\bin\zip.dll
Event: 0.053 Loaded shared library C:\Program Files\JetBrains\IntelliJ IDEA 2022.1.2\bin\breakgen64.dll
Event: 0.057 Loaded shared library C:\Program Files\Java\jdk-19\bin\extnet.dll
Event: 0.108 Loaded shared library C:\Program Files\Java\jdk-19\bin\jimage.dll
Event: 0.195 Loaded shared library C:\Users\99293\AppData\Local\Temp\jansi-2.4.0-efa594f6cb69f2af-jansi.dll
Event: 0.205 Loaded shared library C:\Program Files\Java\jdk-19\bin\verify.dll

Deoptimization events (20 events):
Event: 10.902 Thread 0x000001d666ca9460 Uncommon trap: trap_request=0xffffffc6 fr.pc=0x000001d64c1a91d4 relative=0x0000000000000214
Event: 10.902 Thread 0x000001d666ca9460 Uncommon trap: reason=bimorphic_or_optimized_type_check action=maybe_recompile pc=0x000001d64c1a91d4 method=java.util.concurrent.locks.AbstractQueuedSynchronizer.release(I)Z @ 2 c2
Event: 10.902 Thread 0x000001d666ca9460 DEOPT PACKING pc=0x000001d64c1a91d4 sp=0x00000044d3eff070
Event: 10.902 Thread 0x000001d666ca9460 DEOPT UNPACKING pc=0x000001d64b876da3 sp=0x00000044d3eff038 mode 2
Event: 10.902 Thread 0x000001d666ca24d0 Uncommon trap: trap_request=0xffffffc6 fr.pc=0x000001d64c1a91d4 relative=0x0000000000000214
Event: 10.902 Thread 0x000001d666ca24d0 Uncommon trap: reason=bimorphic_or_optimized_type_check action=maybe_recompile pc=0x000001d64c1a91d4 method=java.util.concurrent.locks.AbstractQueuedSynchronizer.release(I)Z @ 2 c2
Event: 10.902 Thread 0x000001d666ca24d0 DEOPT PACKING pc=0x000001d64c1a91d4 sp=0x00000044d49ff440
Event: 10.902 Thread 0x000001d666ca24d0 DEOPT UNPACKING pc=0x000001d64b876da3 sp=0x00000044d49ff408 mode 2
Event: 10.903 Thread 0x000001d666ca9460 Uncommon trap: trap_request=0xffffffc6 fr.pc=0x000001d64c1a91d4 relative=0x0000000000000214
Event: 10.903 Thread 0x000001d666ca9460 Uncommon trap: reason=bimorphic_or_optimized_type_check action=maybe_recompile pc=0x000001d64c1a91d4 method=java.util.concurrent.locks.AbstractQueuedSynchronizer.release(I)Z @ 2 c2
Event: 10.903 Thread 0x000001d666ca9460 DEOPT PACKING pc=0x000001d64c1a91d4 sp=0x00000044d3eff070
Event: 10.903 Thread 0x000001d666ca9460 DEOPT UNPACKING pc=0x000001d64b876da3 sp=0x00000044d3eff038 mode 2
Event: 10.903 Thread 0x000001d666ca2a20 Uncommon trap: trap_request=0xffffffc6 fr.pc=0x000001d64c1a91d4 relative=0x0000000000000214
Event: 10.903 Thread 0x000001d666ca2a20 Uncommon trap: reason=bimorphic_or_optimized_type_check action=maybe_recompile pc=0x000001d64c1a91d4 method=java.util.concurrent.locks.AbstractQueuedSynchronizer.release(I)Z @ 2 c2
Event: 10.903 Thread 0x000001d666ca2a20 DEOPT PACKING pc=0x000001d64c1a91d4 sp=0x00000044d4aff630
Event: 10.903 Thread 0x000001d666ca2a20 DEOPT UNPACKING pc=0x000001d64b876da3 sp=0x00000044d4aff5f8 mode 2
Event: 11.431 Thread 0x000001d665d31320 Uncommon trap: trap_request=0xffffff45 fr.pc=0x000001d64c695340 relative=0x0000000000001880
Event: 11.431 Thread 0x000001d665d31320 Uncommon trap: reason=unstable_if action=reinterpret pc=0x000001d64c695340 method=java.io.BufferedReader.implReadLine(Z[Z)Ljava/lang/String; @ 269 c2
Event: 11.431 Thread 0x000001d665d31320 DEOPT PACKING pc=0x000001d64c695340 sp=0x00000044d51ff4e0
Event: 11.431 Thread 0x000001d665d31320 DEOPT UNPACKING pc=0x000001d64b876da3 sp=0x00000044d51ff4a0 mode 2

Classes loaded (20 events):
Event: 11.076 Loading class java/util/concurrent/ArrayBlockingQueue
Event: 11.078 Loading class java/util/concurrent/ArrayBlockingQueue done
Event: 11.079 Loading class java/util/DualPivotQuicksort
Event: 11.080 Loading class java/util/DualPivotQuicksort done
Event: 11.085 Loading class java/lang/IllegalThreadStateException
Event: 11.085 Loading class java/lang/IllegalThreadStateException done
Event: 11.085 Loading class java/lang/ProcessBuilder
Event: 11.085 Loading class java/lang/ProcessBuilder done
Event: 11.086 Loading class java/lang/ProcessImpl
Event: 11.086 Loading class java/lang/Process
Event: 11.086 Loading class java/lang/Process done
Event: 11.086 Loading class java/lang/ProcessImpl done
Event: 11.110 Loading class java/lang/ProcessImpl$2
Event: 11.111 Loading class java/lang/ProcessImpl$2 done
Event: 11.111 Loading class java/lang/Process$PipeInputStream
Event: 11.111 Loading class java/lang/Process$PipeInputStream done
Event: 11.112 Loading class jdk/internal/event/ProcessStartEvent
Event: 11.113 Loading class jdk/internal/event/Event
Event: 11.113 Loading class jdk/internal/event/Event done
Event: 11.113 Loading class jdk/internal/event/ProcessStartEvent done

Classes unloaded (0 events):
No events

Classes redefined (0 events):
No events

Internal exceptions (20 events):
Event: 9.801 Thread 0x000001d63ac4fec0 Exception <a 'sun/nio/fs/WindowsException'{0x000000070fb055c0}> (0x000000070fb055c0) 
thrown [s\open\src\hotspot\share\prims\jni.cpp, line 517]
Event: 9.801 Thread 0x000001d63ac4fec0 Exception <a 'sun/nio/fs/WindowsException'{0x000000070fb059a8}> (0x000000070fb059a8) 
thrown [s\open\src\hotspot\share\prims\jni.cpp, line 517]
Event: 9.801 Thread 0x000001d63ac4fec0 Exception <a 'sun/nio/fs/WindowsException'{0x000000070fb06a08}> (0x000000070fb06a08) 
thrown [s\open\src\hotspot\share\prims\jni.cpp, line 517]
Event: 9.801 Thread 0x000001d63ac4fec0 Exception <a 'sun/nio/fs/WindowsException'{0x000000070fb06d58}> (0x000000070fb06d58) 
thrown [s\open\src\hotspot\share\prims\jni.cpp, line 517]
Event: 9.835 Thread 0x000001d63ac4fec0 Exception <a 'sun/nio/fs/WindowsException'{0x000000070f9c5ae8}> (0x000000070f9c5ae8) 
thrown [s\open\src\hotspot\share\prims\jni.cpp, line 517]
Event: 9.862 Thread 0x000001d63ac4fec0 Exception <a 'sun/nio/fs/WindowsException'{0x000000070f9da970}> (0x000000070f9da970) 
thrown [s\open\src\hotspot\share\prims\jni.cpp, line 517]
Event: 9.883 Thread 0x000001d63ac4fec0 Exception <a 'sun/nio/fs/WindowsException'{0x000000070f9f1450}> (0x000000070f9f1450) 
thrown [s\open\src\hotspot\share\prims\jni.cpp, line 517]
Event: 9.997 Thread 0x000001d63ac4fec0 Exception <a 'sun/nio/fs/WindowsException'{0x000000070f745190}> (0x000000070f745190) 
thrown [s\open\src\hotspot\share\prims\jni.cpp, line 517]
Event: 9.997 Thread 0x000001d63ac4fec0 Exception <a 'sun/nio/fs/WindowsException'{0x000000070f745830}> (0x000000070f745830) 
thrown [s\open\src\hotspot\share\prims\jni.cpp, line 517]
Event: 9.997 Thread 0x000001d63ac4fec0 Exception <a 'sun/nio/fs/WindowsException'{0x000000070f745fc0}> (0x000000070f745fc0) 
thrown [s\open\src\hotspot\share\prims\jni.cpp, line 517]
Event: 10.062 Thread 0x000001d63ac4fec0 Implicit null exception at 0x000001d64c176772 to 0x000001d64c17a874
Event: 10.064 Thread 0x000001d63ac4fec0 Implicit null exception at 0x000001d64c1706fa to 0x000001d64c171990
Event: 10.718 Thread 0x000001d63ac4fec0 Exception <a 'java/lang/NoSuchMethodError'{0x000000070dc0e368}: 'java.lang.String org.apache.maven.execution.MavenExecutionRequest.getFailureBehavior()'> (0x000000070dc0e368) 
thrown [s\open\src\hotspot\share\interpreter\linkResolver.cpp, line 870]
Event: 10.730 Thread 0x000001d666ca2a20 Exception <a 'java/lang/NoSuchMethodError'{0x000000070df3bca8}: 'java.lang.Object java.lang.invoke.DirectMethodHandle$Holder.invokeStatic(java.lang.Object, long, java.lang.Object)'> (0x000000070df3bca8) 
thrown [s\open\src\hotspot\share\interpreter\linkResolver.cpp, line 774]
Event: 10.730 Thread 0x000001d666ca2a20 Exception <a 'java/lang/NoSuchMethodError'{0x000000070df3f2f8}: 'java.lang.Object java.lang.invoke.DirectMethodHandle$Holder.invokeStaticInit(java.lang.Object, long, java.lang.Object)'> (0x000000070df3f2f8) 
thrown [s\open\src\hotspot\share\interpreter\linkResolver.cpp, line 774]
Event: 10.731 Thread 0x000001d666ca2a20 Exception <a 'java/lang/NoSuchMethodError'{0x000000070df44f48}: 'java.lang.Object java.lang.invoke.DirectMethodHandle$Holder.newInvokeSpecial(java.lang.Object, long)'> (0x000000070df44f48) 
thrown [s\open\src\hotspot\share\interpreter\linkResolver.cpp, line 774]
Event: 10.732 Thread 0x000001d666ca2a20 Exception <a 'java/lang/NoSuchMethodError'{0x000000070df497d8}: 'long java.lang.invoke.DirectMethodHandle$Holder.invokeInterface(java.lang.Object, java.lang.Object)'> (0x000000070df497d8) 
thrown [s\open\src\hotspot\share\interpreter\linkResolver.cpp, line 774]
Event: 10.732 Thread 0x000001d666ca2a20 Exception <a 'java/lang/NoSuchMethodError'{0x000000070df4d140}: 'long java.lang.invoke.DelegatingMethodHandle$Holder.reinvoke_L(java.lang.Object, java.lang.Object)'> (0x000000070df4d140) 
thrown [s\open\src\hotspot\share\interpreter\linkResolver.cpp, line 774]
Event: 10.812 Thread 0x000001d63ac4fec0 Exception <a 'java/lang/NoSuchMethodError'{0x000000070dd88b88}: 'java.lang.Object java.lang.invoke.DirectMethodHandle$Holder.invokeStaticInit(java.lang.Object, java.lang.Object, int, int, int, int)'> (0x000000070dd88b88) 
thrown [s\open\src\hotspot\share\interpreter\linkResolver.cpp, line 774]
Event: 11.110 Thread 0x000001d63ac4fec0 Exception <a 'java/lang/NoSuchMethodError'{0x0000000712ef25f8}: 'void java.lang.invoke.DirectMethodHandle$Holder.invokeStatic(java.lang.Object, long)'> (0x0000000712ef25f8) 
thrown [s\open\src\hotspot\share\interpreter\linkResolver.cpp, line 774]

VM Operations (20 events):
Event: 7.921 Executing VM operation: HandshakeAllThreads
Event: 7.921 Executing VM operation: HandshakeAllThreads done
Event: 7.949 Executing VM operation: HandshakeAllThreads
Event: 7.949 Executing VM operation: HandshakeAllThreads done
Event: 8.647 Executing VM operation: G1CollectForAllocation
Event: 8.660 Executing VM operation: G1CollectForAllocation done
Event: 9.663 Executing VM operation: Cleanup
Event: 9.663 Executing VM operation: Cleanup done
Event: 9.910 Executing VM operation: HandshakeAllThreads
Event: 9.910 Executing VM operation: HandshakeAllThreads done
Event: 10.329 Executing VM operation: ICBufferFull
Event: 10.329 Executing VM operation: ICBufferFull done
Event: 10.689 Executing VM operation: HandshakeAllThreads
Event: 10.689 Executing VM operation: HandshakeAllThreads done
Event: 10.858 Executing VM operation: G1CollectForAllocation
Event: 10.868 Executing VM operation: G1CollectForAllocation done
Event: 11.041 Executing VM operation: HandshakeAllThreads
Event: 11.041 Executing VM operation: HandshakeAllThreads done
Event: 11.112 Executing VM operation: HandshakeAllThreads
Event: 11.112 Executing VM operation: HandshakeAllThreads done

Events (20 events):
Event: 10.241 Thread 0x000001d6670ff630 Thread exited: 0x000001d6670ff630
Event: 10.597 Thread 0x000001d667101790 Thread exited: 0x000001d667101790
Event: 10.597 Thread 0x000001d667746310 Thread exited: 0x000001d667746310
Event: 10.612 Thread 0x000001d667747950 Thread exited: 0x000001d667747950
Event: 10.613 Thread 0x000001d6677468a0 Thread exited: 0x000001d6677468a0
Event: 10.690 Thread 0x000001d666ca2a20 Thread added: 0x000001d666ca2a20
Event: 10.733 Thread 0x000001d666ca2a20 Thread exited: 0x000001d666ca2a20
Event: 10.901 Thread 0x000001d666ca9460 Thread added: 0x000001d666ca9460
Event: 10.901 Thread 0x000001d666ca24d0 Thread added: 0x000001d666ca24d0
Event: 10.901 Thread 0x000001d666ca2a20 Thread added: 0x000001d666ca2a20
Event: 11.016 Thread 0x000001d666ca2f70 Thread added: 0x000001d666ca2f70
Event: 11.017 Thread 0x000001d666ca34c0 Thread added: 0x000001d666ca34c0
Event: 11.036 Thread 0x000001d666ca3f60 Thread added: 0x000001d666ca3f60
Event: 11.040 Thread 0x000001d666ca4a00 Thread added: 0x000001d666ca4a00
Event: 11.079 Thread 0x000001d6608c1a70 Thread added: 0x000001d6608c1a70
Event: 11.116 Thread 0x000001d665d2be20 Thread added: 0x000001d665d2be20
Event: 11.116 Thread 0x000001d665d31320 Thread added: 0x000001d665d31320
Event: 11.116 Thread 0x000001d665d29e40 Thread added: 0x000001d665d29e40
Event: 11.432 Thread 0x000001d6677473c0 Thread exited: 0x000001d6677473c0
Event: 11.432 Thread 0x000001d66756bf80 Thread exited: 0x000001d66756bf80


Dynamic libraries:
0x00007ff7dda80000 - 0x00007ff7dda90000 	C:\Program Files\Java\jdk-19\bin\java.exe
0x00007ffd6b990000 - 0x00007ffd6bba7000 	C:\WINDOWS\SYSTEM32\ntdll.dll
0x00007ffd6a2a0000 - 0x00007ffd6a364000 	C:\WINDOWS\System32\KERNEL32.DLL
0x00007ffd68c80000 - 0x00007ffd6902d000 	C:\WINDOWS\System32\KERNELBASE.dll
0x00007ffd691b0000 - 0x00007ffd692c1000 	C:\WINDOWS\System32\ucrtbase.dll
0x00007ffd57cf0000 - 0x00007ffd57d08000 	C:\Program Files\Java\jdk-19\bin\jli.dll
0x00007ffd69a70000 - 0x00007ffd69b22000 	C:\WINDOWS\System32\ADVAPI32.dll
0x00007ffd56a90000 - 0x00007ffd56aab000 	C:\Program Files\Java\jdk-19\bin\VCRUNTIME140.dll
0x00007ffd6ad30000 - 0x00007ffd6add7000 	C:\WINDOWS\System32\msvcrt.dll
0x00007ffd69dd0000 - 0x00007ffd69e79000 	C:\WINDOWS\System32\sechost.dll
0x00007ffd69060000 - 0x00007ffd69088000 	C:\WINDOWS\System32\bcrypt.dll
0x00007ffd69ca0000 - 0x00007ffd69db4000 	C:\WINDOWS\System32\RPCRT4.dll
0x00007ffd696a0000 - 0x00007ffd6984e000 	C:\WINDOWS\System32\USER32.dll
0x00007ffd69030000 - 0x00007ffd69056000 	C:\WINDOWS\System32\win32u.dll
0x00007ffd56e50000 - 0x00007ffd570e3000 	C:\WINDOWS\WinSxS\amd64_microsoft.windows.common-controls_6595b64144ccf1df_6.0.22621.3672_none_2713b9d173822955\COMCTL32.dll
0x00007ffd6b080000 - 0x00007ffd6b0a9000 	C:\WINDOWS\System32\GDI32.dll
0x00007ffd69090000 - 0x00007ffd691a9000 	C:\WINDOWS\System32\gdi32full.dll
0x00007ffd692d0000 - 0x00007ffd6936a000 	C:\WINDOWS\System32\msvcp_win.dll
0x00007ffd60530000 - 0x00007ffd6053a000 	C:\WINDOWS\SYSTEM32\VERSION.dll
0x00007ffd6a1b0000 - 0x00007ffd6a1e1000 	C:\WINDOWS\System32\IMM32.DLL
0x00007ffd57ce0000 - 0x00007ffd57cec000 	C:\Program Files\Java\jdk-19\bin\vcruntime140_1.dll
0x00007ffd29f60000 - 0x00007ffd29fee000 	C:\Program Files\Java\jdk-19\bin\msvcp140.dll
0x00007ffcd1f40000 - 0x00007ffcd2c00000 	C:\Program Files\Java\jdk-19\bin\server\jvm.dll
0x00007ffd656c0000 - 0x00007ffd656c9000 	C:\WINDOWS\SYSTEM32\WSOCK32.dll
0x00007ffd699e0000 - 0x00007ffd69a51000 	C:\WINDOWS\System32\WS2_32.dll
0x00007ffd60b80000 - 0x00007ffd60bb4000 	C:\WINDOWS\SYSTEM32\WINMM.dll
0x00007ffd67dc0000 - 0x00007ffd67dd8000 	C:\WINDOWS\SYSTEM32\kernel.appcore.dll
0x00007ffd576c0000 - 0x00007ffd576ca000 	C:\Program Files\Java\jdk-19\bin\jimage.dll
0x00007ffd66310000 - 0x00007ffd66542000 	C:\WINDOWS\SYSTEM32\DBGHELP.DLL
0x00007ffd6a390000 - 0x00007ffd6a71e000 	C:\WINDOWS\System32\combase.dll
0x00007ffd6afa0000 - 0x00007ffd6b077000 	C:\WINDOWS\System32\OLEAUT32.dll
0x00007ffd54c10000 - 0x00007ffd54c42000 	C:\WINDOWS\SYSTEM32\dbgcore.DLL
0x00007ffd69610000 - 0x00007ffd6968b000 	C:\WINDOWS\System32\bcryptPrimitives.dll
0x00007ffd63820000 - 0x00007ffd6382e000 	C:\Program Files\Java\jdk-19\bin\instrument.dll
0x00007ffd56800000 - 0x00007ffd56826000 	C:\Program Files\Java\jdk-19\bin\java.dll
0x00007ffd282a0000 - 0x00007ffd28377000 	C:\Program Files\Java\jdk-19\bin\jsvml.dll
0x00007ffd6b0b0000 - 0x00007ffd6b917000 	C:\WINDOWS\System32\SHELL32.dll
0x00007ffd66bc0000 - 0x00007ffd674bf000 	C:\WINDOWS\SYSTEM32\windows.storage.dll
0x00007ffd66a80000 - 0x00007ffd66bbf000 	C:\WINDOWS\SYSTEM32\wintypes.dll
0x00007ffd698e0000 - 0x00007ffd699d9000 	C:\WINDOWS\System32\SHCORE.dll
0x00007ffd6a720000 - 0x00007ffd6a77e000 	C:\WINDOWS\System32\shlwapi.dll
0x00007ffd68bb0000 - 0x00007ffd68bd7000 	C:\WINDOWS\SYSTEM32\profapi.dll
0x00007ffd562d0000 - 0x00007ffd562e8000 	C:\Program Files\Java\jdk-19\bin\zip.dll
0x00007ffd56a40000 - 0x00007ffd56a53000 	C:\Program Files\Java\jdk-19\bin\net.dll
0x00007ffd64490000 - 0x00007ffd645c6000 	C:\WINDOWS\SYSTEM32\WINHTTP.dll
0x00007ffd68230000 - 0x00007ffd68299000 	C:\WINDOWS\system32\mswsock.dll
0x00007ffd562f0000 - 0x00007ffd56306000 	C:\Program Files\Java\jdk-19\bin\nio.dll
0x00007ffd4f850000 - 0x00007ffd4f86a000 	C:\Program Files\JetBrains\IntelliJ IDEA 2022.1.2\bin\breakgen64.dll
0x00007ffd570f0000 - 0x00007ffd570f8000 	C:\Program Files\Java\jdk-19\bin\extnet.dll
0x0000000069ac0000 - 0x0000000069ae4000 	C:\Users\99293\AppData\Local\Temp\jansi-2.4.0-efa594f6cb69f2af-jansi.dll
0x00007ffd55b10000 - 0x00007ffd55b20000 	C:\Program Files\Java\jdk-19\bin\verify.dll
0x00007ffd68480000 - 0x00007ffd6849b000 	C:\WINDOWS\SYSTEM32\CRYPTSP.dll
0x00007ffd67d20000 - 0x00007ffd67d55000 	C:\WINDOWS\system32\rsaenh.dll
0x00007ffd68320000 - 0x00007ffd68348000 	C:\WINDOWS\SYSTEM32\USERENV.dll
0x00007ffd684a0000 - 0x00007ffd684ac000 	C:\WINDOWS\SYSTEM32\CRYPTBASE.dll
0x00007ffd67720000 - 0x00007ffd6774d000 	C:\WINDOWS\SYSTEM32\IPHLPAPI.DLL
0x00007ffd69690000 - 0x00007ffd69699000 	C:\WINDOWS\System32\NSI.dll
0x00007ffd643c0000 - 0x00007ffd643d9000 	C:\WINDOWS\SYSTEM32\dhcpcsvc6.DLL
0x00007ffd643a0000 - 0x00007ffd643bf000 	C:\WINDOWS\SYSTEM32\dhcpcsvc.DLL
0x00007ffd67750000 - 0x00007ffd67848000 	C:\WINDOWS\SYSTEM32\DNSAPI.dll

dbghelp: loaded successfully - version: 4.0.5 - missing functions: none
symbol engine: initialized successfully - sym options: 0x614 - pdb path: .;C:\Program Files\Java\jdk-19\bin;C:\WINDOWS\SYSTEM32;C:\WINDOWS\WinSxS\amd64_microsoft.windows.common-controls_6595b64144ccf1df_6.0.22621.3672_none_2713b9d173822955;C:\Program Files\Java\jdk-19\bin\server;C:\Program Files\JetBrains\IntelliJ IDEA 2022.1.2\bin;C:\Users\99293\AppData\Local\Temp

VM Arguments:
jvm_args: -Dmaven.multiModuleProjectDirectory=D:\unitedStates_storage-master\unitedStates_storage -Dmaven.home=C:\Users\99293\.m2\wrapper\dists\apache-maven-3.8.6-bin\1ks0nkde5v1pk9vtc31i9d0lcd\apache-maven-3.8.6 -Dclassworlds.conf=C:\Users\99293\.m2\wrapper\dists\apache-maven-3.8.6-bin\1ks0nkde5v1pk9vtc31i9d0lcd\apache-maven-3.8.6\bin\m2.conf -Dmaven.ext.class.path=C:\Program Files\JetBrains\IntelliJ IDEA 2022.1.2\plugins\maven\lib\maven-event-listener.jar -javaagent:C:\Program Files\JetBrains\IntelliJ IDEA 2022.1.2\lib\idea_rt.jar=65217:C:\Program Files\JetBrains\IntelliJ IDEA 2022.1.2\bin -Dfile.encoding=UTF-8 
java_command: org.codehaus.classworlds.Launcher -Didea.version=2022.1.2 package
java_class_path (initial): C:\Users\99293\.m2\wrapper\dists\apache-maven-3.8.6-bin\1ks0nkde5v1pk9vtc31i9d0lcd\apache-maven-3.8.6\boot\plexus-classworlds-2.6.0.jar;C:\Users\99293\.m2\wrapper\dists\apache-maven-3.8.6-bin\1ks0nkde5v1pk9vtc31i9d0lcd\apache-maven-3.8.6\boot\plexus-classworlds.license
Launcher Type: SUN_STANDARD

[Global flags]
     intx CICompilerCount                          = 12                                        {product} {ergonomic}
     uint ConcGCThreads                            = 3                                         {product} {ergonomic}
     uint G1ConcRefinementThreads                  = 13                                        {product} {ergonomic}
   size_t G1HeapRegionSize                         = 2097152                                   {product} {ergonomic}
    uintx GCDrainStackTargetSize                   = 64                                        {product} {ergonomic}
   size_t InitialHeapSize                          = 264241152                                 {product} {ergonomic}
   size_t MarkStackSize                            = 4194304                                   {product} {ergonomic}
   size_t MaxHeapSize                              = 4196401152                                {product} {ergonomic}
   size_t MaxNewSize                               = 2516582400                                {product} {ergonomic}
   size_t MinHeapDeltaBytes                        = 2097152                                   {product} {ergonomic}
   size_t MinHeapSize                              = 8388608                                   {product} {ergonomic}
    uintx NonNMethodCodeHeapSize                   = 7602480                                {pd product} {ergonomic}
    uintx NonProfiledCodeHeapSize                  = 122027880                              {pd product} {ergonomic}
    uintx ProfiledCodeHeapSize                     = 122027880                              {pd product} {ergonomic}
    uintx ReservedCodeCacheSize                    = 251658240                              {pd product} {ergonomic}
     bool SegmentedCodeCache                       = true                                      {product} {ergonomic}
   size_t SoftMaxHeapSize                          = 4196401152                             {manageable} {ergonomic}
     bool UseCompressedClassPointers               = true                           {product lp64_product} {ergonomic}
     bool UseCompressedOops                        = true                           {product lp64_product} {ergonomic}
     bool UseG1GC                                  = true                                      {product} {ergonomic}
     bool UseLargePagesIndividualAllocation        = false                                  {pd product} {ergonomic}

Logging:
Log output configuration:
 #0: stdout all=warning uptime,level,tags foldmultilines=false
 #1: stderr all=off uptime,level,tags foldmultilines=false

Environment Variables:
JAVA_HOME=C:\Program Files\Java\jdk-19
PATH=C:\Program Files\Common Files\Oracle\Java\javapath;C:\Windows\system32;C:\Windows;C:\Windows\System32\Wbem;C:\Windows\System32\WindowsPowerShell\v1.0\;C:\Windows\System32\OpenSSH\;C:\Program Files (x86)\NVIDIA Corporation\PhysX\Common;C:\Program Files\NVIDIA Corporation\NVIDIA NvDLISR;C:\Program Files\Git\cmd;C:\Program Files (x86)\dotnet\;C:\WINDOWS\system32;C:\WINDOWS;C:\WINDOWS\System32\Wbem;C:\WINDOWS\System32\WindowsPowerShell\v1.0\;C:\WINDOWS\System32\OpenSSH\;C:\Program Files\Java\jdk-19\bin;C:\Users\99293\AppData\Local\Programs\Python\Python311\Scripts\;C:\Users\99293\AppData\Local\Programs\Python\Python311\;C:\Users\99293\AppData\Local\Microsoft\WindowsApps;;C:\Program Files\JetBrains\IntelliJ IDEA 2022.1.2\bin;;C:\Program Files\heroku\bin
USERNAME=ASUS
OS=Windows_NT
PROCESSOR_IDENTIFIER=Intel64 Family 6 Model 154 Stepping 3, GenuineIntel
TMP=C:\Users\99293\AppData\Local\Temp
TEMP=C:\Users\99293\AppData\Local\Temp



---------------  S Y S T E M  ---------------

OS:
 Windows 11 , 64 bit Build 22621 (10.0.22621.3958)
OS uptime: 3 days 17:44 hours
Hyper-V role detected

CPU: total 16 (initial active 16) (8 cores per cpu, 2 threads per core) family 6 model 154 stepping 3 microcode 0x41c, cx8, cmov, fxsr, ht, mmx, 3dnowpref, sse, sse2, sse3, ssse3, sse4.1, sse4.2, popcnt, lzcnt, tsc, tscinvbit, avx, avx2, aes, erms, clmul, bmi1, bmi2, adx, sha, fma, vzeroupper, clflush, clflushopt, clwb, hv, serialize, rdtscp, rdpid, fsrm

Memory: 4k page, system-wide physical 16005M (2440M free)
TotalPageFile size 18053M (AvailPageFile size 5M)
current process WorkingSet (physical memory assigned to process): 472M, peak: 490M
current process commit charge ("private bytes"): 533M, peak: 557M

vm_info: Java HotSpot(TM) 64-Bit Server VM (19.0.2+7-44) for windows-amd64 JRE (19.0.2+7-44), built on 2022-11-30T18:02:09Z by "mach5one" with MS VC++ 17.1 (VS2022)

END.
