#
# There is insufficient memory for the Java Runtime Environment to continue.
# Native memory allocation (malloc) failed to allocate 1188656 bytes for Chunk::new
# Possible reasons:
#   The system is out of physical RAM or swap space
#   The process is running with CompressedOops enabled, and the Java Heap may be blocking the growth of the native heap
# Possible solutions:
#   Reduce memory load on the system
#   Increase physical memory or swap space
#   Check if swap backing store is full
#   Decrease Java heap size (-Xmx/-Xms)
#   Decrease number of Java threads
#   Decrease Java thread stack sizes (-Xss)
#   Set larger code cache with -XX:ReservedCodeCacheSize=
#   JVM is running with Zero Based Compressed Oops mode in which the Java heap is
#     placed in the first 32GB address space. The Java Heap base address is the
#     maximum limit for the native heap growth. Please use -XX:HeapBaseMinAddress
#     to set the Java Heap base and to place the Java Heap above 32GB virtual address.
# This output file may be truncated or incomplete.
#
#  Out of Memory Error (arena.cpp:184), pid=12996, tid=18744
#
# JRE version: Java(TM) SE Runtime Environment (19.0.2+7) (build 19.0.2+7-44)
# Java VM: Java HotSpot(TM) 64-Bit Server VM (19.0.2+7-44, mixed mode, sharing, tiered, compressed oops, compressed class ptrs, g1 gc, windows-amd64)
# No core dump will be written. Minidumps are not enabled by default on client versions of Windows
#

---------------  S U M M A R Y ------------

Command Line: -Dmaven.multiModuleProjectDirectory=D:\unitedStates original storage\unitedStates duplicates original storage -Dmaven.home=C:\Users\99293\.m2\wrapper\dists\apache-maven-3.8.6-bin\1ks0nkde5v1pk9vtc31i9d0lcd\apache-maven-3.8.6 -Dclassworlds.conf=C:\Users\99293\.m2\wrapper\dists\apache-maven-3.8.6-bin\1ks0nkde5v1pk9vtc31i9d0lcd\apache-maven-3.8.6\bin\m2.conf -Dmaven.ext.class.path=C:\Program Files\JetBrains\IntelliJ IDEA 2022.1.2\plugins\maven\lib\maven-event-listener.jar -javaagent:C:\Program Files\JetBrains\IntelliJ IDEA 2022.1.2\lib\idea_rt.jar=65374:C:\Program Files\JetBrains\IntelliJ IDEA 2022.1.2\bin -Dfile.encoding=UTF-8 org.codehaus.classworlds.Launcher -Didea.version=2022.1.2 package

Host: 12th Gen Intel(R) Core(TM) i7-12650H, 16 cores, 15G,  Windows 11 , 64 bit Build 22621 (10.0.22621.3374)
Time: Sun May  5 22:20:40 2024  Windows 11 , 64 bit Build 22621 (10.0.22621.3374) elapsed time: 4.583543 seconds (0d 0h 0m 4s)

---------------  T H R E A D  ---------------

Current thread (0x0000015f6c990540):  JavaThread "C2 CompilerThread3" daemon [_thread_in_native, id=18744, stack(0x000000190f100000,0x000000190f200000)]


Current CompileTask:
C2:   4583 8124       4       java.lang.Class::getDeclaredMethod (63 bytes)

Stack: [0x000000190f100000,0x000000190f200000]
Native frames: (J=compiled Java code, j=interpreted, Vv=VM code, C=native code)
V  [jvm.dll+0x6ee21a]
V  [jvm.dll+0x85765e]
V  [jvm.dll+0x85904e]
V  [jvm.dll+0x859703]
V  [jvm.dll+0x28298f]
V  [jvm.dll+0xc9adf]
V  [jvm.dll+0xc9e65]
V  [jvm.dll+0x3bca12]
V  [jvm.dll+0x3860e1]
V  [jvm.dll+0x38555a]
V  [jvm.dll+0x24c3d9]
V  [jvm.dll+0x24b781]
V  [jvm.dll+0x1d6ce1]
V  [jvm.dll+0x25b25a]
V  [jvm.dll+0x2596e8]
V  [jvm.dll+0x807588]
V  [jvm.dll+0x80125a]
V  [jvm.dll+0x6ecf0b]
C  [ucrtbase.dll+0x29333]
C  [KERNEL32.DLL+0x1257d]
C  [ntdll.dll+0x5aa48]


---------------  P R O C E S S  ---------------

Threads class SMR info:
_java_thread_list=0x0000015f700d4e10, length=23, elements={
0x0000015f42b9d520, 0x0000015f683bb460, 0x0000015f683bc250, 0x0000015f683bd040,
0x0000015f683bea80, 0x0000015f6c974490, 0x0000015f6c979e30, 0x0000015f6c985fa0,
0x0000015f6c98fa20, 0x0000015f6c99d500, 0x0000015f68394240, 0x0000015f6c990ad0,
0x0000015f6c98ffb0, 0x0000015f6cb7b150, 0x0000015f6cb7b690, 0x0000015f6c991060,
0x0000015f6c992110, 0x0000015f6c991b80, 0x0000015f6c990540, 0x0000015f6c98ef00,
0x0000015f6c9915f0, 0x0000015f6c98e970, 0x0000015f6e190f30
}

Java Threads: ( => current thread )
  0x0000015f42b9d520 JavaThread "main" [_thread_in_Java, id=8312, stack(0x000000190d800000,0x000000190d900000)]
  0x0000015f683bb460 JavaThread "Reference Handler" daemon [_thread_blocked, id=7468, stack(0x000000190df00000,0x000000190e000000)]
  0x0000015f683bc250 JavaThread "Finalizer" daemon [_thread_blocked, id=23476, stack(0x000000190e000000,0x000000190e100000)]
  0x0000015f683bd040 JavaThread "Signal Dispatcher" daemon [_thread_blocked, id=22600, stack(0x000000190e100000,0x000000190e200000)]
  0x0000015f683bea80 JavaThread "Attach Listener" daemon [_thread_blocked, id=20624, stack(0x000000190e200000,0x000000190e300000)]
  0x0000015f6c974490 JavaThread "Service Thread" daemon [_thread_blocked, id=23828, stack(0x000000190e300000,0x000000190e400000)]
  0x0000015f6c979e30 JavaThread "Monitor Deflation Thread" daemon [_thread_blocked, id=20784, stack(0x000000190e400000,0x000000190e500000)]
  0x0000015f6c985fa0 JavaThread "C2 CompilerThread0" daemon [_thread_in_native, id=25556, stack(0x000000190e500000,0x000000190e600000)]
  0x0000015f6c98fa20 JavaThread "C1 CompilerThread0" daemon [_thread_in_native, id=18812, stack(0x000000190e600000,0x000000190e700000)]
  0x0000015f6c99d500 JavaThread "Sweeper thread" daemon [_thread_blocked, id=9680, stack(0x000000190e700000,0x000000190e800000)]
  0x0000015f68394240 JavaThread "Common-Cleaner" daemon [_thread_blocked, id=4732, stack(0x000000190e800000,0x000000190e900000)]
  0x0000015f6c990ad0 JavaThread "C1 CompilerThread1" daemon [_thread_in_vm, id=4044, stack(0x000000190e900000,0x000000190ea00000)]
  0x0000015f6c98ffb0 JavaThread "C1 CompilerThread2" daemon [_thread_in_native, id=2492, stack(0x000000190ea00000,0x000000190eb00000)]
  0x0000015f6cb7b150 JavaThread "Monitor Ctrl-Break" daemon [_thread_in_native, id=18548, stack(0x000000190eb00000,0x000000190ec00000)]
  0x0000015f6cb7b690 JavaThread "Notification Thread" daemon [_thread_blocked, id=15872, stack(0x000000190ec00000,0x000000190ed00000)]
  0x0000015f6c991060 JavaThread "C2 CompilerThread1" daemon [_thread_in_native, id=21244, stack(0x000000190ee00000,0x000000190ef00000)]
  0x0000015f6c992110 JavaThread "C1 CompilerThread3" daemon [_thread_in_native, id=24992, stack(0x000000190ef00000,0x000000190f000000)]
  0x0000015f6c991b80 JavaThread "C2 CompilerThread2" daemon [_thread_in_native, id=15540, stack(0x000000190f000000,0x000000190f100000)]
=>0x0000015f6c990540 JavaThread "C2 CompilerThread3" daemon [_thread_in_native, id=18744, stack(0x000000190f100000,0x000000190f200000)]
  0x0000015f6c98ef00 JavaThread "C2 CompilerThread4" daemon [_thread_in_native, id=11652, stack(0x000000190f200000,0x000000190f300000)]
  0x0000015f6c9915f0 JavaThread "C2 CompilerThread5" daemon [_thread_in_native, id=25140, stack(0x000000190f300000,0x000000190f400000)]
  0x0000015f6c98e970 JavaThread "C2 CompilerThread6" daemon [_thread_in_native, id=9460, stack(0x000000190f400000,0x000000190f500000)]
  0x0000015f6e190f30 JavaThread "C2 CompilerThread7" daemon [_thread_in_native, id=24968, stack(0x000000190f500000,0x000000190f600000)]

Other Threads:
  0x0000015f683a4f70 VMThread "VM Thread" [stack: 0x000000190de00000,0x000000190df00000] [id=2124]
  0x0000015f6cb7f080 WatcherThread "VM Periodic Task Thread" [stack: 0x000000190ed00000,0x000000190ee00000] [id=13352]
  0x0000015f42c100e0 WorkerThread "GC Thread#0" [stack: 0x000000190d900000,0x000000190da00000] [id=23716]
  0x0000015f6cefb650 WorkerThread "GC Thread#1" [stack: 0x000000190f600000,0x000000190f700000] [id=24796]
  0x0000015f6cefb920 WorkerThread "GC Thread#2" [stack: 0x000000190f700000,0x000000190f800000] [id=20328]
  0x0000015f6cefbbf0 WorkerThread "GC Thread#3" [stack: 0x000000190f800000,0x000000190f900000] [id=6488]
  0x0000015f6cefab10 WorkerThread "GC Thread#4" [stack: 0x000000190f900000,0x000000190fa00000] [id=22120]
  0x0000015f6cefbec0 WorkerThread "GC Thread#5" [stack: 0x000000190fa00000,0x000000190fb00000] [id=9316]
  0x0000015f6cefc190 WorkerThread "GC Thread#6" [stack: 0x000000190fb00000,0x000000190fc00000] [id=23284]
  0x0000015f6cefade0 WorkerThread "GC Thread#7" [stack: 0x000000190fc00000,0x000000190fd00000] [id=24524]
  0x0000015f6e436b60 WorkerThread "GC Thread#8" [stack: 0x000000190fd00000,0x000000190fe00000] [id=21744]
  0x0000015f6e4381e0 WorkerThread "GC Thread#9" [stack: 0x000000190fe00000,0x000000190ff00000] [id=13488]
  0x0000015f6e4384b0 WorkerThread "GC Thread#10" [stack: 0x000000190ff00000,0x0000001910000000] [id=4460]
  0x0000015f6e43a0d0 WorkerThread "GC Thread#11" [stack: 0x0000001910000000,0x0000001910100000] [id=19548]
  0x0000015f6e439860 WorkerThread "GC Thread#12" [stack: 0x0000001910100000,0x0000001910200000] [id=24288]
  0x0000015f42c20bf0 ConcurrentGCThread "G1 Main Marker" [stack: 0x000000190da00000,0x000000190db00000] [id=1976]
  0x0000015f42c22630 WorkerThread "G1 Conc#0" [stack: 0x000000190db00000,0x000000190dc00000] [id=13972]
  0x0000015f6e439b30 WorkerThread "G1 Conc#1" [stack: 0x0000001910200000,0x0000001910300000] [id=11648]
  0x0000015f6e439590 WorkerThread "G1 Conc#2" [stack: 0x0000001910300000,0x0000001910400000] [id=7632]
  0x0000015f42c5e8f0 ConcurrentGCThread "G1 Refine#0" [stack: 0x000000190dc00000,0x000000190dd00000] [id=9404]
  0x0000015f6825c5a0 ConcurrentGCThread "G1 Service" [stack: 0x000000190dd00000,0x000000190de00000] [id=18380]

Threads with active compile tasks:
C2 CompilerThread0     4593 8766       4       com.sun.tools.javac.code.Types$16::visitClassType (10 bytes)
C1 CompilerThread0     4593 8769       3       com.sun.tools.javac.code.Symbol::getRawTypeAttributes (21 bytes)
C1 CompilerThread1     4593 8772       3       com.sun.tools.javac.model.FilteredMemberList::lambda$iterator$0 (13 bytes)
C1 CompilerThread2     4593 8771       3       com.sun.tools.javac.model.FilteredMemberList$$Lambda$268/0x00000008013494d0::test (8 bytes)
C2 CompilerThread1     4593 8745   !   4       com.sun.tools.javac.code.Types$12::visitClassType (229 bytes)
C1 CompilerThread3     4593 8753       3       com.sun.tools.javac.comp.AttrRecover::doRecovery (700 bytes)
C2 CompilerThread2     4594 8723       4       java.util.EnumSet::noneOf (63 bytes)
C2 CompilerThread3     4594 8124       4       java.lang.Class::getDeclaredMethod (63 bytes)
C2 CompilerThread4     4594 8733       4       com.sun.tools.javac.code.Types::capture (556 bytes)
C2 CompilerThread5     4594 8744       4       com.sun.tools.javac.code.Types$12::visitClassType (10 bytes)
C2 CompilerThread6     4594 8734       4       com.sun.tools.javac.code.Types::isSubtypeUnchecked (25 bytes)
C2 CompilerThread7     4594 8694       4       com.sun.tools.javac.util.Warner::<init> (38 bytes)

VM state: not at safepoint (normal execution)

VM Mutex/Monitor currently owned by a thread:  ([mutex/lock_event])
[0x0000015f42b999e0] MethodCompileQueue_lock - owner thread: 0x0000015f6c98ffb0

Heap address: 0x0000000705e00000, size: 4002 MB, Compressed Oops mode: Zero based, Oop shift amount: 3

CDS archive(s) mapped at: [0x0000000800000000-0x0000000800c40000-0x0000000800c40000), size 12845056, SharedBaseAddress: 0x0000000800000000, ArchiveRelocationMode: 0.
Compressed class space mapped at: 0x0000000801000000-0x0000000841000000, reserved size: 1073741824
Narrow klass base: 0x0000000800000000, Narrow klass shift: 0, Narrow klass range: 0x100000000

GC Precious Log:
 CardTable entry size: 512
 Card Set container configuration: InlinePtr #cards 4 size 8 Array Of Cards #cards 16 size 48 Howl #buckets 8 coarsen threshold 3686 Howl Bitmap #cards 512 size 80 coarsen threshold 460 Card regions per heap region 1 cards per card region 4096
 CPUs: 16 total, 16 available
 Memory: 16005M
 Large Page Support: Disabled
 NUMA Support: Disabled
 Compressed Oops: Enabled (Zero based)
 Heap Region Size: 2M
 Heap Min Capacity: 8M
 Heap Initial Capacity: 252M
 Heap Max Capacity: 4002M
 Pre-touch: Disabled
 Parallel Workers: 13
 Concurrent Workers: 3
 Concurrent Refinement Workers: 13
 Periodic GC: Disabled

Heap:
 garbage-first heap   total 235520K, used 123646K [0x0000000705e00000, 0x0000000800000000)
  region size 2048K, 37 young (75776K), 2 survivors (4096K)
 Metaspace       used 29876K, committed 30400K, reserved 1114112K
  class space    used 3132K, committed 3392K, reserved 1048576K

Heap Regions: E=young(eden), S=young(survivor), O=old, HS=humongous(starts), HC=humongous(continues), CS=collection set, F=free, OA=open archive, CA=closed archive, TAMS=top-at-mark-start (previous, next)
|   0|0x0000000705e00000, 0x0000000706000000, 0x0000000706000000|100%| O|  |TAMS 0x0000000706000000, 0x0000000705e00000| Untracked 
|   1|0x0000000706000000, 0x0000000706200000, 0x0000000706200000|100%| O|  |TAMS 0x0000000706200000, 0x0000000706000000| Untracked 
|   2|0x0000000706200000, 0x0000000706400000, 0x0000000706400000|100%| O|  |TAMS 0x0000000706400000, 0x0000000706200000| Untracked 
|   3|0x0000000706400000, 0x0000000706600000, 0x0000000706600000|100%| O|  |TAMS 0x0000000706600000, 0x0000000706400000| Untracked 
|   4|0x0000000706600000, 0x0000000706600000, 0x0000000706800000|  0%| F|  |TAMS 0x0000000706600000, 0x0000000706600000| Untracked 
|   5|0x0000000706800000, 0x0000000706a00000, 0x0000000706a00000|100%| O|  |TAMS 0x0000000706a00000, 0x0000000706800000| Untracked 
|   6|0x0000000706a00000, 0x0000000706c00000, 0x0000000706c00000|100%| O|  |TAMS 0x0000000706c00000, 0x0000000706a00000| Untracked 
|   7|0x0000000706c00000, 0x0000000706e00000, 0x0000000706e00000|100%| O|  |TAMS 0x0000000706e00000, 0x0000000706c00000| Untracked 
|   8|0x0000000706e00000, 0x0000000707000000, 0x0000000707000000|100%| O|  |TAMS 0x0000000707000000, 0x0000000706e00000| Untracked 
|   9|0x0000000707000000, 0x0000000707200000, 0x0000000707200000|100%| O|  |TAMS 0x0000000707200000, 0x0000000707000000| Untracked 
|  10|0x0000000707200000, 0x0000000707400000, 0x0000000707400000|100%| O|  |TAMS 0x0000000707400000, 0x0000000707200000| Untracked 
|  11|0x0000000707400000, 0x0000000707600000, 0x0000000707600000|100%| O|  |TAMS 0x0000000707600000, 0x0000000707400000| Untracked 
|  12|0x0000000707600000, 0x0000000707800000, 0x0000000707800000|100%| O|  |TAMS 0x0000000707800000, 0x0000000707600000| Untracked 
|  13|0x0000000707800000, 0x0000000707a00000, 0x0000000707a00000|100%|HS|  |TAMS 0x0000000707a00000, 0x0000000707800000| Complete 
|  14|0x0000000707a00000, 0x0000000707c00000, 0x0000000707c00000|100%| O|  |TAMS 0x0000000707c00000, 0x0000000707a00000| Untracked 
|  15|0x0000000707c00000, 0x0000000707e00000, 0x0000000707e00000|100%| O|  |TAMS 0x0000000707e00000, 0x0000000707c00000| Untracked 
|  16|0x0000000707e00000, 0x0000000708000000, 0x0000000708000000|100%| O|  |TAMS 0x0000000707f52800, 0x0000000707e00000| Untracked 
|  17|0x0000000708000000, 0x0000000708200000, 0x0000000708200000|100%| O|  |TAMS 0x0000000708000000, 0x0000000708000000| Untracked 
|  18|0x0000000708200000, 0x00000007082d9e00, 0x0000000708400000| 42%| O|  |TAMS 0x0000000708200000, 0x0000000708200000| Untracked 
|  19|0x0000000708400000, 0x0000000708400000, 0x0000000708600000|  0%| F|  |TAMS 0x0000000708400000, 0x0000000708400000| Untracked 
|  20|0x0000000708600000, 0x0000000708600000, 0x0000000708800000|  0%| F|  |TAMS 0x0000000708600000, 0x0000000708600000| Untracked 
|  21|0x0000000708800000, 0x0000000708800000, 0x0000000708a00000|  0%| F|  |TAMS 0x0000000708800000, 0x0000000708800000| Untracked 
|  22|0x0000000708a00000, 0x0000000708a00000, 0x0000000708c00000|  0%| F|  |TAMS 0x0000000708a00000, 0x0000000708a00000| Untracked 
|  23|0x0000000708c00000, 0x0000000708c00000, 0x0000000708e00000|  0%| F|  |TAMS 0x0000000708c00000, 0x0000000708c00000| Untracked 
|  24|0x0000000708e00000, 0x0000000708e00000, 0x0000000709000000|  0%| F|  |TAMS 0x0000000708e00000, 0x0000000708e00000| Untracked 
|  25|0x0000000709000000, 0x0000000709000000, 0x0000000709200000|  0%| F|  |TAMS 0x0000000709000000, 0x0000000709000000| Untracked 
|  26|0x0000000709200000, 0x0000000709200000, 0x0000000709400000|  0%| F|  |TAMS 0x0000000709200000, 0x0000000709200000| Untracked 
|  27|0x0000000709400000, 0x00000007095e5a60, 0x0000000709600000| 94%| S|CS|TAMS 0x0000000709400000, 0x0000000709400000| Complete 
|  28|0x0000000709600000, 0x0000000709600000, 0x0000000709800000|  0%| F|  |TAMS 0x0000000709600000, 0x0000000709600000| Untracked 
|  29|0x0000000709800000, 0x0000000709a00000, 0x0000000709a00000|100%| S|CS|TAMS 0x0000000709800000, 0x0000000709800000| Complete 
|  30|0x0000000709a00000, 0x0000000709a00000, 0x0000000709c00000|  0%| F|  |TAMS 0x0000000709a00000, 0x0000000709a00000| Untracked 
|  31|0x0000000709c00000, 0x0000000709c00000, 0x0000000709e00000|  0%| F|  |TAMS 0x0000000709c00000, 0x0000000709c00000| Untracked 
|  32|0x0000000709e00000, 0x0000000709e00000, 0x000000070a000000|  0%| F|  |TAMS 0x0000000709e00000, 0x0000000709e00000| Untracked 
|  33|0x000000070a000000, 0x000000070a000000, 0x000000070a200000|  0%| F|  |TAMS 0x000000070a000000, 0x000000070a000000| Untracked 
|  34|0x000000070a200000, 0x000000070a200000, 0x000000070a400000|  0%| F|  |TAMS 0x000000070a200000, 0x000000070a200000| Untracked 
|  35|0x000000070a400000, 0x000000070a400000, 0x000000070a600000|  0%| F|  |TAMS 0x000000070a400000, 0x000000070a400000| Untracked 
|  36|0x000000070a600000, 0x000000070a600000, 0x000000070a800000|  0%| F|  |TAMS 0x000000070a600000, 0x000000070a600000| Untracked 
|  37|0x000000070a800000, 0x000000070a800000, 0x000000070aa00000|  0%| F|  |TAMS 0x000000070a800000, 0x000000070a800000| Untracked 
|  38|0x000000070aa00000, 0x000000070aa00000, 0x000000070ac00000|  0%| F|  |TAMS 0x000000070aa00000, 0x000000070aa00000| Untracked 
|  39|0x000000070ac00000, 0x000000070ac00000, 0x000000070ae00000|  0%| F|  |TAMS 0x000000070ac00000, 0x000000070ac00000| Untracked 
|  40|0x000000070ae00000, 0x000000070ae00000, 0x000000070b000000|  0%| F|  |TAMS 0x000000070ae00000, 0x000000070ae00000| Untracked 
|  41|0x000000070b000000, 0x000000070b000000, 0x000000070b200000|  0%| F|  |TAMS 0x000000070b000000, 0x000000070b000000| Untracked 
|  42|0x000000070b200000, 0x000000070b200000, 0x000000070b400000|  0%| F|  |TAMS 0x000000070b200000, 0x000000070b200000| Untracked 
|  43|0x000000070b400000, 0x000000070b400000, 0x000000070b600000|  0%| F|  |TAMS 0x000000070b400000, 0x000000070b400000| Untracked 
|  44|0x000000070b600000, 0x000000070b600000, 0x000000070b800000|  0%| F|  |TAMS 0x000000070b600000, 0x000000070b600000| Untracked 
|  45|0x000000070b800000, 0x000000070b800000, 0x000000070ba00000|  0%| F|  |TAMS 0x000000070b800000, 0x000000070b800000| Untracked 
|  46|0x000000070ba00000, 0x000000070ba00000, 0x000000070bc00000|  0%| F|  |TAMS 0x000000070ba00000, 0x000000070ba00000| Untracked 
|  47|0x000000070bc00000, 0x000000070bc00000, 0x000000070be00000|  0%| F|  |TAMS 0x000000070bc00000, 0x000000070bc00000| Untracked 
|  48|0x000000070be00000, 0x000000070be00000, 0x000000070c000000|  0%| F|  |TAMS 0x000000070be00000, 0x000000070be00000| Untracked 
|  49|0x000000070c000000, 0x000000070c000000, 0x000000070c200000|  0%| F|  |TAMS 0x000000070c000000, 0x000000070c000000| Untracked 
|  50|0x000000070c200000, 0x000000070c200000, 0x000000070c400000|  0%| F|  |TAMS 0x000000070c200000, 0x000000070c200000| Untracked 
|  51|0x000000070c400000, 0x000000070c400000, 0x000000070c600000|  0%| F|  |TAMS 0x000000070c400000, 0x000000070c400000| Untracked 
|  52|0x000000070c600000, 0x000000070c600000, 0x000000070c800000|  0%| F|  |TAMS 0x000000070c600000, 0x000000070c600000| Untracked 
|  53|0x000000070c800000, 0x000000070c800000, 0x000000070ca00000|  0%| F|  |TAMS 0x000000070c800000, 0x000000070c800000| Untracked 
|  54|0x000000070ca00000, 0x000000070ca00000, 0x000000070cc00000|  0%| F|  |TAMS 0x000000070ca00000, 0x000000070ca00000| Untracked 
|  55|0x000000070cc00000, 0x000000070cc00000, 0x000000070ce00000|  0%| F|  |TAMS 0x000000070cc00000, 0x000000070cc00000| Untracked 
|  56|0x000000070ce00000, 0x000000070ce00000, 0x000000070d000000|  0%| F|  |TAMS 0x000000070ce00000, 0x000000070ce00000| Untracked 
|  57|0x000000070d000000, 0x000000070d000000, 0x000000070d200000|  0%| F|  |TAMS 0x000000070d000000, 0x000000070d000000| Untracked 
|  58|0x000000070d200000, 0x000000070d200000, 0x000000070d400000|  0%| F|  |TAMS 0x000000070d200000, 0x000000070d200000| Untracked 
|  59|0x000000070d400000, 0x000000070d400000, 0x000000070d600000|  0%| F|  |TAMS 0x000000070d400000, 0x000000070d400000| Untracked 
|  60|0x000000070d600000, 0x000000070d600000, 0x000000070d800000|  0%| F|  |TAMS 0x000000070d600000, 0x000000070d600000| Untracked 
|  61|0x000000070d800000, 0x000000070d800000, 0x000000070da00000|  0%| F|  |TAMS 0x000000070d800000, 0x000000070d800000| Untracked 
|  62|0x000000070da00000, 0x000000070da00000, 0x000000070dc00000|  0%| F|  |TAMS 0x000000070da00000, 0x000000070da00000| Untracked 
|  63|0x000000070dc00000, 0x000000070dc00000, 0x000000070de00000|  0%| F|  |TAMS 0x000000070dc00000, 0x000000070dc00000| Untracked 
|  64|0x000000070de00000, 0x000000070de00000, 0x000000070e000000|  0%| F|  |TAMS 0x000000070de00000, 0x000000070de00000| Untracked 
|  65|0x000000070e000000, 0x000000070e000000, 0x000000070e200000|  0%| F|  |TAMS 0x000000070e000000, 0x000000070e000000| Untracked 
|  66|0x000000070e200000, 0x000000070e200000, 0x000000070e400000|  0%| F|  |TAMS 0x000000070e200000, 0x000000070e200000| Untracked 
|  67|0x000000070e400000, 0x000000070e400000, 0x000000070e600000|  0%| F|  |TAMS 0x000000070e400000, 0x000000070e400000| Untracked 
|  68|0x000000070e600000, 0x000000070e600000, 0x000000070e800000|  0%| F|  |TAMS 0x000000070e600000, 0x000000070e600000| Untracked 
|  69|0x000000070e800000, 0x000000070e800000, 0x000000070ea00000|  0%| F|  |TAMS 0x000000070e800000, 0x000000070e800000| Untracked 
|  70|0x000000070ea00000, 0x000000070ea00000, 0x000000070ec00000|  0%| F|  |TAMS 0x000000070ea00000, 0x000000070ea00000| Untracked 
|  71|0x000000070ec00000, 0x000000070ec00000, 0x000000070ee00000|  0%| F|  |TAMS 0x000000070ec00000, 0x000000070ec00000| Untracked 
|  72|0x000000070ee00000, 0x000000070ee00000, 0x000000070f000000|  0%| F|  |TAMS 0x000000070ee00000, 0x000000070ee00000| Untracked 
|  73|0x000000070f000000, 0x000000070f100800, 0x000000070f200000| 50%| E|  |TAMS 0x000000070f000000, 0x000000070f000000| Complete 
|  74|0x000000070f200000, 0x000000070f400000, 0x000000070f400000|100%| E|CS|TAMS 0x000000070f200000, 0x000000070f200000| Complete 
|  75|0x000000070f400000, 0x000000070f600000, 0x000000070f600000|100%| E|CS|TAMS 0x000000070f400000, 0x000000070f400000| Complete 
|  76|0x000000070f600000, 0x000000070f800000, 0x000000070f800000|100%| E|CS|TAMS 0x000000070f600000, 0x000000070f600000| Complete 
|  77|0x000000070f800000, 0x000000070fa00000, 0x000000070fa00000|100%| E|CS|TAMS 0x000000070f800000, 0x000000070f800000| Complete 
|  78|0x000000070fa00000, 0x000000070fc00000, 0x000000070fc00000|100%| E|CS|TAMS 0x000000070fa00000, 0x000000070fa00000| Complete 
|  79|0x000000070fc00000, 0x000000070fe00000, 0x000000070fe00000|100%| E|CS|TAMS 0x000000070fc00000, 0x000000070fc00000| Complete 
|  80|0x000000070fe00000, 0x0000000710000000, 0x0000000710000000|100%| E|CS|TAMS 0x000000070fe00000, 0x000000070fe00000| Complete 
|  81|0x0000000710000000, 0x0000000710200000, 0x0000000710200000|100%| E|CS|TAMS 0x0000000710000000, 0x0000000710000000| Complete 
|  82|0x0000000710200000, 0x0000000710400000, 0x0000000710400000|100%| E|CS|TAMS 0x0000000710200000, 0x0000000710200000| Complete 
|  83|0x0000000710400000, 0x0000000710600000, 0x0000000710600000|100%| E|CS|TAMS 0x0000000710400000, 0x0000000710400000| Complete 
|  84|0x0000000710600000, 0x0000000710800000, 0x0000000710800000|100%| E|CS|TAMS 0x0000000710600000, 0x0000000710600000| Complete 
|  85|0x0000000710800000, 0x0000000710a00000, 0x0000000710a00000|100%| E|CS|TAMS 0x0000000710800000, 0x0000000710800000| Complete 
|  86|0x0000000710a00000, 0x0000000710c00000, 0x0000000710c00000|100%| E|CS|TAMS 0x0000000710a00000, 0x0000000710a00000| Complete 
|  87|0x0000000710c00000, 0x0000000710e00000, 0x0000000710e00000|100%| E|CS|TAMS 0x0000000710c00000, 0x0000000710c00000| Complete 
|  88|0x0000000710e00000, 0x0000000711000000, 0x0000000711000000|100%| E|CS|TAMS 0x0000000710e00000, 0x0000000710e00000| Complete 
|  89|0x0000000711000000, 0x0000000711200000, 0x0000000711200000|100%| E|CS|TAMS 0x0000000711000000, 0x0000000711000000| Complete 
|  90|0x0000000711200000, 0x0000000711400000, 0x0000000711400000|100%| E|CS|TAMS 0x0000000711200000, 0x0000000711200000| Complete 
|  91|0x0000000711400000, 0x0000000711600000, 0x0000000711600000|100%| E|CS|TAMS 0x0000000711400000, 0x0000000711400000| Complete 
|  92|0x0000000711600000, 0x0000000711800000, 0x0000000711800000|100%| E|CS|TAMS 0x0000000711600000, 0x0000000711600000| Complete 
|  93|0x0000000711800000, 0x0000000711a00000, 0x0000000711a00000|100%| E|CS|TAMS 0x0000000711800000, 0x0000000711800000| Complete 
|  94|0x0000000711a00000, 0x0000000711c00000, 0x0000000711c00000|100%| E|CS|TAMS 0x0000000711a00000, 0x0000000711a00000| Complete 
|  95|0x0000000711c00000, 0x0000000711e00000, 0x0000000711e00000|100%| E|CS|TAMS 0x0000000711c00000, 0x0000000711c00000| Complete 
|  96|0x0000000711e00000, 0x0000000712000000, 0x0000000712000000|100%| E|CS|TAMS 0x0000000711e00000, 0x0000000711e00000| Complete 
|  97|0x0000000712000000, 0x0000000712200000, 0x0000000712200000|100%| E|CS|TAMS 0x0000000712000000, 0x0000000712000000| Complete 
|  98|0x0000000712200000, 0x0000000712400000, 0x0000000712400000|100%| E|CS|TAMS 0x0000000712200000, 0x0000000712200000| Complete 
|  99|0x0000000712400000, 0x0000000712600000, 0x0000000712600000|100%| E|CS|TAMS 0x0000000712400000, 0x0000000712400000| Complete 
| 100|0x0000000712600000, 0x0000000712800000, 0x0000000712800000|100%| E|CS|TAMS 0x0000000712600000, 0x0000000712600000| Complete 
| 101|0x0000000712800000, 0x0000000712a00000, 0x0000000712a00000|100%| E|CS|TAMS 0x0000000712800000, 0x0000000712800000| Complete 
| 102|0x0000000712a00000, 0x0000000712c00000, 0x0000000712c00000|100%| E|CS|TAMS 0x0000000712a00000, 0x0000000712a00000| Complete 
| 103|0x0000000712c00000, 0x0000000712e00000, 0x0000000712e00000|100%| E|CS|TAMS 0x0000000712c00000, 0x0000000712c00000| Complete 
| 104|0x0000000712e00000, 0x0000000713000000, 0x0000000713000000|100%| E|CS|TAMS 0x0000000712e00000, 0x0000000712e00000| Complete 
| 105|0x0000000713000000, 0x0000000713200000, 0x0000000713200000|100%| E|CS|TAMS 0x0000000713000000, 0x0000000713000000| Complete 
| 106|0x0000000713200000, 0x0000000713400000, 0x0000000713400000|100%| E|CS|TAMS 0x0000000713200000, 0x0000000713200000| Complete 
| 125|0x0000000715800000, 0x0000000715a00000, 0x0000000715a00000|100%| E|CS|TAMS 0x0000000715800000, 0x0000000715800000| Complete 
|1994|0x00000007ff200000, 0x00000007ff400000, 0x00000007ff400000|100%| O|  |TAMS 0x00000007ff400000, 0x00000007ff200000| Untracked 
|1995|0x00000007ff400000, 0x00000007ff600000, 0x00000007ff600000|100%| O|  |TAMS 0x00000007ff600000, 0x00000007ff400000| Untracked 
|1996|0x00000007ff600000, 0x00000007ff800000, 0x00000007ff800000|100%| O|  |TAMS 0x00000007ff800000, 0x00000007ff600000| Untracked 
|1997|0x00000007ff800000, 0x00000007ffa00000, 0x00000007ffa00000|100%| O|  |TAMS 0x00000007ffa00000, 0x00000007ff800000| Untracked 
|1998|0x00000007ffa00000, 0x00000007ffc00000, 0x00000007ffc00000|100%| O|  |TAMS 0x00000007ffc00000, 0x00000007ffa00000| Untracked 
|1999|0x00000007ffc00000, 0x00000007ffe00000, 0x00000007ffe00000|100%| O|  |TAMS 0x00000007ffe00000, 0x00000007ffc00000| Untracked 
|2000|0x00000007ffe00000, 0x0000000800000000, 0x0000000800000000|100%| O|  |TAMS 0x0000000800000000, 0x00000007ffe00000| Untracked 

Card table byte_map: [0x0000015f5ca70000,0x0000015f5d250000] _byte_map_base: 0x0000015f59241000

Marking Bits (Prev, Next): (CMBitMap*) 0x0000015f42c10710, (CMBitMap*) 0x0000015f42c10750
 Prev Bits: [0x0000015f5da30000, 0x0000015f618b8000)
 Next Bits: [0x0000015f618c0000, 0x0000015f65748000)

Polling page: 0x0000015f429e0000

Metaspace:

Usage:
  Non-class:     26.14 MB used.
      Class:      3.06 MB used.
       Both:     29.20 MB used.

Virtual space:
  Non-class space:       64.00 MB reserved,      26.44 MB ( 41%) committed,  1 nodes.
      Class space:        1.00 GB reserved,       3.31 MB ( <1%) committed,  1 nodes.
             Both:        1.06 GB reserved,      29.75 MB (  3%) committed. 

Chunk freelists:
   Non-Class:  1.05 MB
       Class:  651.00 KB
        Both:  1.68 MB

MaxMetaspaceSize: unlimited
CompressedClassSpaceSize: 1.00 GB
Initial GC threshold: 21.00 MB
Current GC threshold: 45.56 MB
CDS: on
MetaspaceReclaimPolicy: balanced
 - commit_granule_bytes: 65536.
 - commit_granule_words: 8192.
 - virtual_space_node_default_size: 8388608.
 - enlarge_chunks_in_place: 1.
 - new_chunks_are_fully_committed: 0.
 - uncommit_free_chunks: 1.
 - use_allocation_guard: 0.


Internal statistics:

num_allocs_failed_limit: 3.
num_arena_births: 682.
num_arena_deaths: 0.
num_vsnodes_births: 2.
num_vsnodes_deaths: 0.
num_space_committed: 476.
num_space_uncommitted: 0.
num_chunks_returned_to_freelist: 3.
num_chunks_taken_from_freelist: 1859.
num_chunk_merges: 3.
num_chunk_splits: 1263.
num_chunks_enlarged: 881.
num_inconsistent_stats: 0.

CodeHeap 'non-profiled nmethods': size=119168Kb used=5045Kb max_used=5206Kb free=114122Kb
 bounds [0x0000015f53e70000, 0x0000015f54390000, 0x0000015f5b2d0000]
CodeHeap 'profiled nmethods': size=119104Kb used=15683Kb max_used=17579Kb free=103420Kb
 bounds [0x0000015f4c2d0000, 0x0000015f4d400000, 0x0000015f53720000]
CodeHeap 'non-nmethods': size=7488Kb used=3004Kb max_used=3134Kb free=4483Kb
 bounds [0x0000015f53720000, 0x0000015f53a40000, 0x0000015f53e70000]
 total_blobs=7784 nmethods=7243 adapters=448
 compilation: enabled
              stopped_count=0, restarted_count=0
 full_count=0

Compilation events (20 events):
Event: 4.580 Thread 0x0000015f6c992110 8708       3       java.util.EnumMap::put (51 bytes)
Event: 4.580 Thread 0x0000015f6c990ad0 nmethod 8706 0x0000015f4c88e390 code [0x0000015f4c88e540, 0x0000015f4c88e728]
Event: 4.580 Thread 0x0000015f6c98fa20 nmethod 8707 0x0000015f4c6c6690 code [0x0000015f4c6c6840, 0x0000015f4c6c6a88]
Event: 4.580 Thread 0x0000015f6c990ad0 8709       3       java.util.EnumMap::typeCheck (59 bytes)
Event: 4.580 Thread 0x0000015f6c98fa20 8710       3       java.util.EnumMap::maskNull (12 bytes)
Event: 4.581 Thread 0x0000015f6c98ffb0 nmethod 8705 0x0000015f4c532a10 code [0x0000015f4c532c20, 0x0000015f4c5334f8]
Event: 4.581 Thread 0x0000015f6c98fa20 nmethod 8710 0x0000015f4c500910 code [0x0000015f4c500aa0, 0x0000015f4c500bf8]
Event: 4.581 Thread 0x0000015f6c992110 nmethod 8708 0x0000015f4c582d10 code [0x0000015f4c582f00, 0x0000015f4c583408]
Event: 4.581 Thread 0x0000015f6c98ffb0 8711       3       com.sun.tools.javac.code.Types::subst (15 bytes)
Event: 4.581 Thread 0x0000015f6c98fa20 8712       3       com.sun.tools.javac.code.Type$StructuralTypeMapping::visitClassType (67 bytes)
Event: 4.581 Thread 0x0000015f6c98ffb0 nmethod 8711 0x0000015f4c882310 code [0x0000015f4c8824e0, 0x0000015f4c8829b8]
Event: 4.581 Thread 0x0000015f6c990ad0 nmethod 8709 0x0000015f4c36f710 code [0x0000015f4c36f9a0, 0x0000015f4c370408]
Event: 4.581 Thread 0x0000015f6c992110 8713       3       com.sun.tools.javac.code.Types$HashCodeVisitor::visitClassType (10 bytes)
Event: 4.581 Thread 0x0000015f6c990ad0 8714       3       com.sun.tools.javac.code.Types$HashCodeVisitor::visitClassType (92 bytes)
Event: 4.581 Thread 0x0000015f6c98ffb0 8715       1       java.util.stream.Node::getChildCount (2 bytes)
Event: 4.581 Thread 0x0000015f6c992110 nmethod 8713 0x0000015f4c5c8510 code [0x0000015f4c5c86c0, 0x0000015f4c5c8968]
Event: 4.581 Thread 0x0000015f6c98fa20 nmethod 8712 0x0000015f4d08fc90 code [0x0000015f4d08ff00, 0x0000015f4d090c38]
Event: 4.581 Thread 0x0000015f6c992110 8716       1       com.sun.tools.javac.code.Type$UndetVar::getInst (5 bytes)
Event: 4.581 Thread 0x0000015f6c98ffb0 nmethod 8715 0x0000015f5419e490 code [0x0000015f5419e620, 0x0000015f5419e6f8]
Event: 4.581 Thread 0x0000015f6c992110 nmethod 8716 0x0000015f5419e190 code [0x0000015f5419e320, 0x0000015f5419e3f8]

GC Heap History (20 events):
Event: 2.965 GC heap before
{Heap before GC invocations=8 (full 0):
 garbage-first heap   total 106496K, used 70852K [0x0000000705e00000, 0x0000000800000000)
  region size 2048K, 17 young (34816K), 2 survivors (4096K)
 Metaspace       used 25345K, committed 25792K, reserved 1114112K
  class space    used 2645K, committed 2880K, reserved 1048576K
}
Event: 2.972 GC heap after
{Heap after GC invocations=9 (full 0):
 garbage-first heap   total 106496K, used 47018K [0x0000000705e00000, 0x0000000800000000)
  region size 2048K, 3 young (6144K), 3 survivors (6144K)
 Metaspace       used 25345K, committed 25792K, reserved 1114112K
  class space    used 2645K, committed 2880K, reserved 1048576K
}
Event: 3.306 GC heap before
{Heap before GC invocations=9 (full 0):
 garbage-first heap   total 106496K, used 75690K [0x0000000705e00000, 0x0000000800000000)
  region size 2048K, 17 young (34816K), 3 survivors (6144K)
 Metaspace       used 26817K, committed 27200K, reserved 1114112K
  class space    used 2794K, committed 3008K, reserved 1048576K
}
Event: 3.313 GC heap after
{Heap after GC invocations=10 (full 0):
 garbage-first heap   total 106496K, used 51473K [0x0000000705e00000, 0x0000000800000000)
  region size 2048K, 2 young (4096K), 2 survivors (4096K)
 Metaspace       used 26817K, committed 27200K, reserved 1114112K
  class space    used 2794K, committed 3008K, reserved 1048576K
}
Event: 3.552 GC heap before
{Heap before GC invocations=10 (full 0):
 garbage-first heap   total 106496K, used 76049K [0x0000000705e00000, 0x0000000800000000)
  region size 2048K, 15 young (30720K), 2 survivors (4096K)
 Metaspace       used 27501K, committed 27904K, reserved 1114112K
  class space    used 2865K, committed 3072K, reserved 1048576K
}
Event: 3.555 GC heap after
{Heap after GC invocations=11 (full 0):
 garbage-first heap   total 106496K, used 51877K [0x0000000705e00000, 0x0000000800000000)
  region size 2048K, 1 young (2048K), 1 survivors (2048K)
 Metaspace       used 27501K, committed 27904K, reserved 1114112K
  class space    used 2865K, committed 3072K, reserved 1048576K
}
Event: 3.625 GC heap before
{Heap before GC invocations=12 (full 0):
 garbage-first heap   total 106496K, used 80549K [0x0000000705e00000, 0x0000000800000000)
  region size 2048K, 15 young (30720K), 1 survivors (2048K)
 Metaspace       used 27600K, committed 28096K, reserved 1114112K
  class space    used 2868K, committed 3072K, reserved 1048576K
}
Event: 3.626 GC heap after
{Heap after GC invocations=13 (full 0):
 garbage-first heap   total 106496K, used 51469K [0x0000000705e00000, 0x0000000800000000)
  region size 2048K, 1 young (2048K), 1 survivors (2048K)
 Metaspace       used 27600K, committed 28096K, reserved 1114112K
  class space    used 2868K, committed 3072K, reserved 1048576K
}
Event: 3.633 GC heap before
{Heap before GC invocations=13 (full 0):
 garbage-first heap   total 106496K, used 53517K [0x0000000705e00000, 0x0000000800000000)
  region size 2048K, 2 young (4096K), 1 survivors (2048K)
 Metaspace       used 27608K, committed 28096K, reserved 1114112K
  class space    used 2870K, committed 3072K, reserved 1048576K
}
Event: 3.635 GC heap after
{Heap after GC invocations=14 (full 0):
 garbage-first heap   total 135168K, used 50587K [0x0000000705e00000, 0x0000000800000000)
  region size 2048K, 1 young (2048K), 1 survivors (2048K)
 Metaspace       used 27608K, committed 28096K, reserved 1114112K
  class space    used 2870K, committed 3072K, reserved 1048576K
}
Event: 3.842 GC heap before
{Heap before GC invocations=14 (full 0):
 garbage-first heap   total 135168K, used 99739K [0x0000000705e00000, 0x0000000800000000)
  region size 2048K, 26 young (53248K), 1 survivors (2048K)
 Metaspace       used 28135K, committed 28672K, reserved 1114112K
  class space    used 2951K, committed 3264K, reserved 1048576K
}
Event: 3.843 GC heap after
{Heap after GC invocations=15 (full 0):
 garbage-first heap   total 135168K, used 50812K [0x0000000705e00000, 0x0000000800000000)
  region size 2048K, 1 young (2048K), 1 survivors (2048K)
 Metaspace       used 28135K, committed 28672K, reserved 1114112K
  class space    used 2951K, committed 3264K, reserved 1048576K
}
Event: 3.945 GC heap before
{Heap before GC invocations=15 (full 0):
 garbage-first heap   total 135168K, used 104060K [0x0000000705e00000, 0x0000000800000000)
  region size 2048K, 27 young (55296K), 1 survivors (2048K)
 Metaspace       used 28383K, committed 28992K, reserved 1114112K
  class space    used 2964K, committed 3264K, reserved 1048576K
}
Event: 3.947 GC heap after
{Heap after GC invocations=16 (full 0):
 garbage-first heap   total 135168K, used 51836K [0x0000000705e00000, 0x0000000800000000)
  region size 2048K, 1 young (2048K), 1 survivors (2048K)
 Metaspace       used 28383K, committed 28992K, reserved 1114112K
  class space    used 2964K, committed 3264K, reserved 1048576K
}
Event: 4.033 GC heap before
{Heap before GC invocations=16 (full 0):
 garbage-first heap   total 135168K, used 107132K [0x0000000705e00000, 0x0000000800000000)
  region size 2048K, 28 young (57344K), 1 survivors (2048K)
 Metaspace       used 28518K, committed 29120K, reserved 1114112K
  class space    used 2968K, committed 3264K, reserved 1048576K
}
Event: 4.035 GC heap after
{Heap after GC invocations=17 (full 0):
 garbage-first heap   total 135168K, used 52607K [0x0000000705e00000, 0x0000000800000000)
  region size 2048K, 2 young (4096K), 2 survivors (4096K)
 Metaspace       used 28518K, committed 29120K, reserved 1114112K
  class space    used 2968K, committed 3264K, reserved 1048576K
}
Event: 4.135 GC heap before
{Heap before GC invocations=17 (full 0):
 garbage-first heap   total 135168K, used 107903K [0x0000000705e00000, 0x0000000800000000)
  region size 2048K, 29 young (59392K), 2 survivors (4096K)
 Metaspace       used 28594K, committed 29184K, reserved 1114112K
  class space    used 2970K, committed 3264K, reserved 1048576K
}
Event: 4.138 GC heap after
{Heap after GC invocations=18 (full 0):
 garbage-first heap   total 135168K, used 53923K [0x0000000705e00000, 0x0000000800000000)
  region size 2048K, 2 young (4096K), 2 survivors (4096K)
 Metaspace       used 28594K, committed 29184K, reserved 1114112K
  class space    used 2970K, committed 3264K, reserved 1048576K
}
Event: 4.231 GC heap before
{Heap before GC invocations=18 (full 0):
 garbage-first heap   total 135168K, used 111267K [0x0000000705e00000, 0x0000000800000000)
  region size 2048K, 30 young (61440K), 2 survivors (4096K)
 Metaspace       used 28691K, committed 29248K, reserved 1114112K
  class space    used 2970K, committed 3264K, reserved 1048576K
}
Event: 4.236 GC heap after
{Heap after GC invocations=19 (full 0):
 garbage-first heap   total 235520K, used 54014K [0x0000000705e00000, 0x0000000800000000)
  region size 2048K, 2 young (4096K), 2 survivors (4096K)
 Metaspace       used 28691K, committed 29248K, reserved 1114112K
  class space    used 2970K, committed 3264K, reserved 1048576K
}

Dll operation events (12 events):
Event: 0.005 Loaded shared library C:\Program Files\Java\jdk-19\bin\java.dll
Event: 0.011 Loaded shared library C:\Program Files\Java\jdk-19\bin\jsvml.dll
Event: 0.041 Loaded shared library C:\Program Files\Java\jdk-19\bin\zip.dll
Event: 0.043 Loaded shared library C:\Program Files\Java\jdk-19\bin\instrument.dll
Event: 0.046 Loaded shared library C:\Program Files\Java\jdk-19\bin\net.dll
Event: 0.047 Loaded shared library C:\Program Files\Java\jdk-19\bin\nio.dll
Event: 0.049 Loaded shared library C:\Program Files\Java\jdk-19\bin\zip.dll
Event: 0.058 Loaded shared library C:\Program Files\JetBrains\IntelliJ IDEA 2022.1.2\bin\breakgen64.dll
Event: 0.063 Loaded shared library C:\Program Files\Java\jdk-19\bin\extnet.dll
Event: 0.114 Loaded shared library C:\Program Files\Java\jdk-19\bin\jimage.dll
Event: 0.150 Loaded shared library C:\Users\99293\AppData\Local\Temp\jansi-2.4.0-7bbb9448ae052645-jansi.dll
Event: 0.156 Loaded shared library C:\Program Files\Java\jdk-19\bin\verify.dll

Deoptimization events (20 events):
Event: 4.577 Thread 0x0000015f42b9d520 Uncommon trap: trap_request=0xffffffc6 fr.pc=0x0000015f5436c7c8 relative=0x0000000000000968
Event: 4.577 Thread 0x0000015f42b9d520 Uncommon trap: reason=bimorphic_or_optimized_type_check action=maybe_recompile pc=0x0000015f5436c7c8 method=com.sun.tools.javac.code.Types.capture(Lcom/sun/tools/javac/code/Type;)Lcom/sun/tools/javac/code/Type; @ 13 c2
Event: 4.577 Thread 0x0000015f42b9d520 DEOPT PACKING pc=0x0000015f5436c7c8 sp=0x000000190d8fc540
Event: 4.577 Thread 0x0000015f42b9d520 DEOPT UNPACKING pc=0x0000015f53786da3 sp=0x000000190d8fc4e0 mode 2
Event: 4.578 Thread 0x0000015f42b9d520 Uncommon trap: trap_request=0xffffffc6 fr.pc=0x0000015f5436c7c8 relative=0x0000000000000968
Event: 4.578 Thread 0x0000015f42b9d520 Uncommon trap: reason=bimorphic_or_optimized_type_check action=maybe_recompile pc=0x0000015f5436c7c8 method=com.sun.tools.javac.code.Types.capture(Lcom/sun/tools/javac/code/Type;)Lcom/sun/tools/javac/code/Type; @ 13 c2
Event: 4.578 Thread 0x0000015f42b9d520 DEOPT PACKING pc=0x0000015f5436c7c8 sp=0x000000190d8fd210
Event: 4.578 Thread 0x0000015f42b9d520 DEOPT UNPACKING pc=0x0000015f53786da3 sp=0x000000190d8fd1b0 mode 2
Event: 4.578 Thread 0x0000015f42b9d520 Uncommon trap: trap_request=0xffffffde fr.pc=0x0000015f5436c820 relative=0x00000000000009c0
Event: 4.578 Thread 0x0000015f42b9d520 Uncommon trap: reason=class_check action=maybe_recompile pc=0x0000015f5436c820 method=com.sun.tools.javac.code.Type$ClassType.isRaw()Z @ 31 c2
Event: 4.578 Thread 0x0000015f42b9d520 DEOPT PACKING pc=0x0000015f5436c820 sp=0x000000190d8fd450
Event: 4.578 Thread 0x0000015f42b9d520 DEOPT UNPACKING pc=0x0000015f53786da3 sp=0x000000190d8fd380 mode 2
Event: 4.579 Thread 0x0000015f42b9d520 Uncommon trap: trap_request=0xffffffc6 fr.pc=0x0000015f5436c7c8 relative=0x0000000000000968
Event: 4.579 Thread 0x0000015f42b9d520 Uncommon trap: reason=bimorphic_or_optimized_type_check action=maybe_recompile pc=0x0000015f5436c7c8 method=com.sun.tools.javac.code.Types.capture(Lcom/sun/tools/javac/code/Type;)Lcom/sun/tools/javac/code/Type; @ 13 c2
Event: 4.580 Thread 0x0000015f42b9d520 DEOPT PACKING pc=0x0000015f5436c7c8 sp=0x000000190d8fc850
Event: 4.580 Thread 0x0000015f42b9d520 DEOPT UNPACKING pc=0x0000015f53786da3 sp=0x000000190d8fc7f0 mode 2
Event: 4.580 Thread 0x0000015f42b9d520 Uncommon trap: trap_request=0xffffffc6 fr.pc=0x0000015f5436c7c8 relative=0x0000000000000968
Event: 4.580 Thread 0x0000015f42b9d520 Uncommon trap: reason=bimorphic_or_optimized_type_check action=maybe_recompile pc=0x0000015f5436c7c8 method=com.sun.tools.javac.code.Types.capture(Lcom/sun/tools/javac/code/Type;)Lcom/sun/tools/javac/code/Type; @ 13 c2
Event: 4.580 Thread 0x0000015f42b9d520 DEOPT PACKING pc=0x0000015f5436c7c8 sp=0x000000190d8fd560
Event: 4.580 Thread 0x0000015f42b9d520 DEOPT UNPACKING pc=0x0000015f53786da3 sp=0x000000190d8fd500 mode 2

Classes loaded (20 events):
Event: 4.518 Loading class java/lang/invoke/MethodHandleImpl$Makers$1
Event: 4.518 Loading class java/lang/invoke/MethodHandleImpl$Makers$1 done
Event: 4.518 Loading class java/lang/invoke/MethodHandleImpl$Makers$2
Event: 4.519 Loading class java/lang/invoke/MethodHandleImpl$Makers$2 done
Event: 4.519 Loading class java/lang/invoke/MethodHandleImpl$Makers$3
Event: 4.519 Loading class java/lang/invoke/MethodHandleImpl$Makers$3 done
Event: 4.522 Loading class java/lang/runtime/ObjectMethods$1
Event: 4.523 Loading class java/lang/runtime/ObjectMethods$1 done
Event: 4.527 Loading class java/lang/invoke/DirectMethodHandle$1
Event: 4.527 Loading class java/lang/invoke/DirectMethodHandle$1 done
Event: 4.536 Loading class sun/nio/ch/ChannelOutputStream
Event: 4.536 Loading class sun/nio/ch/ChannelOutputStream done
Event: 4.576 Loading class java/util/EnumMap$EntrySet
Event: 4.576 Loading class java/util/EnumMap$EntrySet done
Event: 4.576 Loading class java/util/EnumMap$EntryIterator
Event: 4.576 Loading class java/util/EnumMap$EnumMapIterator
Event: 4.576 Loading class java/util/EnumMap$EnumMapIterator done
Event: 4.576 Loading class java/util/EnumMap$EntryIterator done
Event: 4.576 Loading class java/util/EnumMap$EntryIterator$Entry
Event: 4.576 Loading class java/util/EnumMap$EntryIterator$Entry done

Classes unloaded (0 events):
No events

Classes redefined (0 events):
No events

Internal exceptions (20 events):
Event: 4.284 Thread 0x0000015f42b9d520 Exception <a 'sun/nio/fs/WindowsException'{0x00000007117aa668}> (0x00000007117aa668) 
thrown [s\open\src\hotspot\share\prims\jni.cpp, line 517]
Event: 4.324 Thread 0x0000015f42b9d520 Exception <a 'sun/nio/fs/WindowsException'{0x00000007107d0400}> (0x00000007107d0400) 
thrown [s\open\src\hotspot\share\prims\jni.cpp, line 517]
Event: 4.324 Thread 0x0000015f42b9d520 Exception <a 'sun/nio/fs/WindowsException'{0x00000007107d07a8}> (0x00000007107d07a8) 
thrown [s\open\src\hotspot\share\prims\jni.cpp, line 517]
Event: 4.324 Thread 0x0000015f42b9d520 Exception <a 'sun/nio/fs/WindowsException'{0x00000007107d1780}> (0x00000007107d1780) 
thrown [s\open\src\hotspot\share\prims\jni.cpp, line 517]
Event: 4.324 Thread 0x0000015f42b9d520 Exception <a 'sun/nio/fs/WindowsException'{0x00000007107d1bb0}> (0x00000007107d1bb0) 
thrown [s\open\src\hotspot\share\prims\jni.cpp, line 517]
Event: 4.324 Thread 0x0000015f42b9d520 Exception <a 'sun/nio/fs/WindowsException'{0x00000007107d2c78}> (0x00000007107d2c78) 
thrown [s\open\src\hotspot\share\prims\jni.cpp, line 517]
Event: 4.324 Thread 0x0000015f42b9d520 Exception <a 'sun/nio/fs/WindowsException'{0x00000007107d3028}> (0x00000007107d3028) 
thrown [s\open\src\hotspot\share\prims\jni.cpp, line 517]
Event: 4.378 Thread 0x0000015f42b9d520 Exception <a 'java/lang/NoSuchMethodError'{0x000000070f7e47c8}: 'int java.lang.invoke.DirectMethodHandle$Holder.invokeStatic(java.lang.Object, java.lang.Object, java.lang.Object, java.lang.Object)'> (0x000000070f7e47c8) 
thrown [s\open\src\hotspot\share\interpreter\linkResolver.cpp, line 774]
Event: 4.517 Thread 0x0000015f42b9d520 Exception <a 'java/lang/NoSuchMethodError'{0x000000070f58f840}: 'java.lang.Object java.lang.invoke.DirectMethodHandle$Holder.invokeStaticInit(java.lang.Object, java.lang.Object, java.lang.Object, java.lang.Object, java.lang.Object, java.lang.Object, java.lang.Object)'> (0x000000070f58f840) 
thrown [s\open\src\hotspot\share\interpreter\linkResolver.cpp, line 774]
Event: 4.518 Thread 0x0000015f42b9d520 Exception <a 'java/lang/NoSuchMethodError'{0x000000070f594f18}: 'java.lang.Object java.lang.invoke.Invokers$Holder.invoke_MT(java.lang.Object, java.lang.Object, java.lang.Object, java.lang.Object, java.lang.Object, java.lang.Object, java.lang.Object, java.lang.Object, java.lang.Object, java.lang.Object)'> (0x000000070f594f18) 
thrown [s\open\src\hotspot\share\interpreter\linkResolver.cpp, line 774]
Event: 4.523 Thread 0x0000015f42b9d520 Exception <a 'java/lang/NoSuchMethodError'{0x000000070f5bcb88}: 'int java.lang.invoke.DirectMethodHandle$Holder.invokeStaticInit(java.lang.Object, java.lang.Object, java.lang.Object)'> (0x000000070f5bcb88) 
thrown [s\open\src\hotspot\share\interpreter\linkResolver.cpp, line 774]
Event: 4.523 Thread 0x0000015f42b9d520 Exception <a 'java/lang/NoSuchMethodError'{0x000000070f5c0780}: 'int java.lang.invoke.DirectMethodHandle$Holder.invokeStaticInit(java.lang.Object, int, int)'> (0x000000070f5c0780) 
thrown [s\open\src\hotspot\share\interpreter\linkResolver.cpp, line 774]
Event: 4.524 Thread 0x0000015f42b9d520 Exception <a 'java/lang/NoSuchMethodError'{0x000000070f5c8248}: 'int java.lang.invoke.DirectMethodHandle$Holder.invokeStaticInit(java.lang.Object, long, long)'> (0x000000070f5c8248) 
thrown [s\open\src\hotspot\share\interpreter\linkResolver.cpp, line 774]
Event: 4.525 Thread 0x0000015f42b9d520 Exception <a 'java/lang/NoSuchMethodError'{0x000000070f5cf360}: 'int java.lang.invoke.DirectMethodHandle$Holder.invokeStaticInit(java.lang.Object, float, float)'> (0x000000070f5cf360) 
thrown [s\open\src\hotspot\share\interpreter\linkResolver.cpp, line 774]
Event: 4.525 Thread 0x0000015f42b9d520 Exception <a 'java/lang/NoSuchMethodError'{0x000000070f5d6470}: 'int java.lang.invoke.DirectMethodHandle$Holder.invokeStaticInit(java.lang.Object, double, double)'> (0x000000070f5d6470) 
thrown [s\open\src\hotspot\share\interpreter\linkResolver.cpp, line 774]
Event: 4.526 Thread 0x0000015f42b9d520 Exception <a 'java/lang/NoSuchMethodError'{0x000000070f5dad68}: 'int java.lang.invoke.DirectMethodHandle$Holder.invokeStatic(java.lang.Object, long)'> (0x000000070f5dad68) 
thrown [s\open\src\hotspot\share\interpreter\linkResolver.cpp, line 774]
Event: 4.529 Thread 0x0000015f42b9d520 Exception <a 'java/lang/NoSuchMethodError'{0x000000070f5fb028}: 'int java.lang.invoke.Invokers$Holder.linkToTargetMethod(java.lang.Object, java.lang.Object)'> (0x000000070f5fb028) 
thrown [s\open\src\hotspot\share\interpreter\linkResolver.cpp, line 774]
Event: 4.566 Thread 0x0000015f42b9d520 Exception <a 'java/lang/NoSuchMethodError'{0x000000070f34c730}: 'int java.lang.invoke.DirectMethodHandle$Holder.invokeVirtual(java.lang.Object, java.lang.Object, java.lang.Object, java.lang.Object)'> (0x000000070f34c730) 
thrown [s\open\src\hotspot\share\interpreter\linkResolver.cpp, line 774]
Event: 4.568 Thread 0x0000015f42b9d520 Exception <a 'java/lang/NoSuchMethodError'{0x000000070f357478}: 'java.lang.Object java.lang.invoke.DirectMethodHandle$Holder.newInvokeSpecial(java.lang.Object, java.lang.Object, int, java.lang.Object)'> (0x000000070f357478) 
thrown [s\open\src\hotspot\share\interpreter\linkResolver.cpp, line 774]
Event: 4.568 Thread 0x0000015f42b9d520 Exception <a 'java/lang/NoSuchMethodError'{0x000000070f35b768}: 'java.lang.Object java.lang.invoke.DirectMethodHandle$Holder.invokeSpecial(java.lang.Object, java.lang.Object, java.lang.Object, int, java.lang.Object)'> (0x000000070f35b768) 
thrown [s\open\src\hotspot\share\interpreter\linkResolver.cpp, line 774]

VM Operations (20 events):
Event: 4.372 Executing VM operation: HandshakeAllThreads
Event: 4.372 Executing VM operation: HandshakeAllThreads done
Event: 4.391 Executing VM operation: ICBufferFull
Event: 4.391 Executing VM operation: ICBufferFull done
Event: 4.396 Executing VM operation: HandshakeAllThreads
Event: 4.408 Executing VM operation: HandshakeAllThreads done
Event: 4.419 Executing VM operation: HandshakeAllThreads
Event: 4.419 Executing VM operation: HandshakeAllThreads done
Event: 4.419 Executing VM operation: HandshakeAllThreads
Event: 4.419 Executing VM operation: HandshakeAllThreads done
Event: 4.438 Executing VM operation: HandshakeAllThreads
Event: 4.438 Executing VM operation: HandshakeAllThreads done
Event: 4.441 Executing VM operation: HandshakeAllThreads
Event: 4.441 Executing VM operation: HandshakeAllThreads done
Event: 4.501 Executing VM operation: HandshakeAllThreads
Event: 4.501 Executing VM operation: HandshakeAllThreads done
Event: 4.539 Executing VM operation: HandshakeAllThreads
Event: 4.539 Executing VM operation: HandshakeAllThreads done
Event: 4.543 Executing VM operation: ICBufferFull
Event: 4.543 Executing VM operation: ICBufferFull done

Events (20 events):
Event: 4.436 Thread 0x0000015f6c99d500 flushing nmethod 0x0000015f4d1b2210
Event: 4.436 Thread 0x0000015f6c99d500 flushing nmethod 0x0000015f4d1baf10
Event: 4.436 Thread 0x0000015f6c99d500 flushing nmethod 0x0000015f4d1bc210
Event: 4.436 Thread 0x0000015f6c99d500 flushing nmethod 0x0000015f4d1c1390
Event: 4.436 Thread 0x0000015f6c99d500 flushing nmethod 0x0000015f4d1c5c90
Event: 4.436 Thread 0x0000015f6c99d500 flushing nmethod 0x0000015f4d1da910
Event: 4.436 Thread 0x0000015f6c99d500 flushing nmethod 0x0000015f4d2d3f90
Event: 4.437 Thread 0x0000015f6c99d500 flushing nmethod 0x0000015f4d318d10
Event: 4.437 Thread 0x0000015f6c99d500 flushing nmethod 0x0000015f4d319190
Event: 4.437 Thread 0x0000015f6c99d500 flushing nmethod 0x0000015f4d319790
Event: 4.437 Thread 0x0000015f6c99d500 flushing nmethod 0x0000015f4d31a810
Event: 4.437 Thread 0x0000015f6c99d500 flushing nmethod 0x0000015f4d346810
Event: 4.437 Thread 0x0000015f6c99d500 flushing nmethod 0x0000015f4d347590
Event: 4.437 Thread 0x0000015f6c99d500 flushing nmethod 0x0000015f4d348490
Event: 4.437 Thread 0x0000015f6c99d500 flushing nmethod 0x0000015f4d34ef90
Event: 4.437 Thread 0x0000015f6c99d500 flushing nmethod 0x0000015f4d350110
Event: 4.437 Thread 0x0000015f6c99d500 flushing nmethod 0x0000015f4d359a90
Event: 4.437 Thread 0x0000015f6c99d500 flushing nmethod 0x0000015f4d38ba90
Event: 4.437 Thread 0x0000015f6c99d500 flushing nmethod 0x0000015f4d396310
Event: 4.437 Thread 0x0000015f6c99d500 flushing nmethod 0x0000015f4d3a0b10


Dynamic libraries:
0x00007ff76b090000 - 0x00007ff76b0a0000 	C:\Program Files\Java\jdk-19\bin\java.exe
0x00007ff927710000 - 0x00007ff927926000 	C:\WINDOWS\SYSTEM32\ntdll.dll
0x00007ff925500000 - 0x00007ff9255c4000 	C:\WINDOWS\System32\KERNEL32.DLL
0x00007ff924c40000 - 0x00007ff924fe7000 	C:\WINDOWS\System32\KERNELBASE.dll
0x00007ff925280000 - 0x00007ff925391000 	C:\WINDOWS\System32\ucrtbase.dll
0x00007ff90d560000 - 0x00007ff90d57b000 	C:\Program Files\Java\jdk-19\bin\VCRUNTIME140.dll
0x00007ff919cd0000 - 0x00007ff919ce8000 	C:\Program Files\Java\jdk-19\bin\jli.dll
0x00007ff926740000 - 0x00007ff9267f2000 	C:\WINDOWS\System32\ADVAPI32.dll
0x00007ff925c50000 - 0x00007ff925cf7000 	C:\WINDOWS\System32\msvcrt.dll
0x00007ff925450000 - 0x00007ff9254f8000 	C:\WINDOWS\System32\sechost.dll
0x00007ff9250e0000 - 0x00007ff925108000 	C:\WINDOWS\System32\bcrypt.dll
0x00007ff9274a0000 - 0x00007ff9275b5000 	C:\WINDOWS\System32\RPCRT4.dll
0x00007ff925870000 - 0x00007ff925a1e000 	C:\WINDOWS\System32\USER32.dll
0x00007ff9250b0000 - 0x00007ff9250d6000 	C:\WINDOWS\System32\win32u.dll
0x00007ff927240000 - 0x00007ff927269000 	C:\WINDOWS\System32\GDI32.dll
0x00007ff923f50000 - 0x00007ff9241e3000 	C:\WINDOWS\WinSxS\amd64_microsoft.windows.common-controls_6595b64144ccf1df_6.0.22621.3235_none_270f74e173860f98\COMCTL32.dll
0x00007ff924aa0000 - 0x00007ff924bb9000 	C:\WINDOWS\System32\gdi32full.dll
0x00007ff924a00000 - 0x00007ff924a9a000 	C:\WINDOWS\System32\msvcp_win.dll
0x00007ff919f70000 - 0x00007ff919f7a000 	C:\WINDOWS\SYSTEM32\VERSION.dll
0x00007ff925410000 - 0x00007ff925441000 	C:\WINDOWS\System32\IMM32.DLL
0x00007ff91f590000 - 0x00007ff91f59c000 	C:\Program Files\Java\jdk-19\bin\vcruntime140_1.dll
0x00007ff8e4220000 - 0x00007ff8e42ae000 	C:\Program Files\Java\jdk-19\bin\msvcp140.dll
0x00007ff8a5370000 - 0x00007ff8a6030000 	C:\Program Files\Java\jdk-19\bin\server\jvm.dll
0x00007ff91bfd0000 - 0x00007ff91c004000 	C:\WINDOWS\SYSTEM32\WINMM.dll
0x00007ff91f500000 - 0x00007ff91f509000 	C:\WINDOWS\SYSTEM32\WSOCK32.dll
0x00007ff927270000 - 0x00007ff9272e1000 	C:\WINDOWS\System32\WS2_32.dll
0x00007ff9233e0000 - 0x00007ff9233f8000 	C:\WINDOWS\SYSTEM32\kernel.appcore.dll
0x00007ff91f400000 - 0x00007ff91f40a000 	C:\Program Files\Java\jdk-19\bin\jimage.dll
0x00007ff924450000 - 0x00007ff924683000 	C:\WINDOWS\SYSTEM32\DBGHELP.DLL
0x00007ff925e40000 - 0x00007ff9261c8000 	C:\WINDOWS\System32\combase.dll
0x00007ff9275c0000 - 0x00007ff927697000 	C:\WINDOWS\System32\OLEAUT32.dll
0x00007ff924210000 - 0x00007ff924242000 	C:\WINDOWS\SYSTEM32\dbgcore.DLL
0x00007ff924bc0000 - 0x00007ff924c39000 	C:\WINDOWS\System32\bcryptPrimitives.dll
0x00007ff91f410000 - 0x00007ff91f41e000 	C:\Program Files\Java\jdk-19\bin\instrument.dll
0x00007ff90c1a0000 - 0x00007ff90c1c6000 	C:\Program Files\Java\jdk-19\bin\java.dll
0x00007ff8e3e50000 - 0x00007ff8e3f27000 	C:\Program Files\Java\jdk-19\bin\jsvml.dll
0x00007ff926800000 - 0x00007ff92705c000 	C:\WINDOWS\System32\SHELL32.dll
0x00007ff922250000 - 0x00007ff922b49000 	C:\WINDOWS\SYSTEM32\windows.storage.dll
0x00007ff922110000 - 0x00007ff92224e000 	C:\WINDOWS\SYSTEM32\wintypes.dll
0x00007ff9256d0000 - 0x00007ff9257c3000 	C:\WINDOWS\System32\SHCORE.dll
0x00007ff9266e0000 - 0x00007ff92673e000 	C:\WINDOWS\System32\shlwapi.dll
0x00007ff924930000 - 0x00007ff924951000 	C:\WINDOWS\SYSTEM32\profapi.dll
0x00007ff8f4a80000 - 0x00007ff8f4a98000 	C:\Program Files\Java\jdk-19\bin\zip.dll
0x00007ff90b700000 - 0x00007ff90b713000 	C:\Program Files\Java\jdk-19\bin\net.dll
0x00007ff91d730000 - 0x00007ff91d866000 	C:\WINDOWS\SYSTEM32\WINHTTP.dll
0x00007ff923800000 - 0x00007ff923869000 	C:\WINDOWS\system32\mswsock.dll
0x00007ff90b6e0000 - 0x00007ff90b6f6000 	C:\Program Files\Java\jdk-19\bin\nio.dll
0x00007ff909480000 - 0x00007ff90949a000 	C:\Program Files\JetBrains\IntelliJ IDEA 2022.1.2\bin\breakgen64.dll
0x00007ff91f3b0000 - 0x00007ff91f3b8000 	C:\Program Files\Java\jdk-19\bin\extnet.dll
0x0000000069ac0000 - 0x0000000069ae4000 	C:\Users\99293\AppData\Local\Temp\jansi-2.4.0-7bbb9448ae052645-jansi.dll
0x00007ff90c160000 - 0x00007ff90c170000 	C:\Program Files\Java\jdk-19\bin\verify.dll

dbghelp: loaded successfully - version: 4.0.5 - missing functions: none
symbol engine: initialized successfully - sym options: 0x614 - pdb path: .;C:\Program Files\Java\jdk-19\bin;C:\WINDOWS\SYSTEM32;C:\WINDOWS\WinSxS\amd64_microsoft.windows.common-controls_6595b64144ccf1df_6.0.22621.3235_none_270f74e173860f98;C:\Program Files\Java\jdk-19\bin\server;C:\Program Files\JetBrains\IntelliJ IDEA 2022.1.2\bin;C:\Users\99293\AppData\Local\Temp

VM Arguments:
jvm_args: -Dmaven.multiModuleProjectDirectory=D:\unitedStates original storage\unitedStates duplicates original storage -Dmaven.home=C:\Users\99293\.m2\wrapper\dists\apache-maven-3.8.6-bin\1ks0nkde5v1pk9vtc31i9d0lcd\apache-maven-3.8.6 -Dclassworlds.conf=C:\Users\99293\.m2\wrapper\dists\apache-maven-3.8.6-bin\1ks0nkde5v1pk9vtc31i9d0lcd\apache-maven-3.8.6\bin\m2.conf -Dmaven.ext.class.path=C:\Program Files\JetBrains\IntelliJ IDEA 2022.1.2\plugins\maven\lib\maven-event-listener.jar -javaagent:C:\Program Files\JetBrains\IntelliJ IDEA 2022.1.2\lib\idea_rt.jar=65374:C:\Program Files\JetBrains\IntelliJ IDEA 2022.1.2\bin -Dfile.encoding=UTF-8 
java_command: org.codehaus.classworlds.Launcher -Didea.version=2022.1.2 package
java_class_path (initial): C:\Users\99293\.m2\wrapper\dists\apache-maven-3.8.6-bin\1ks0nkde5v1pk9vtc31i9d0lcd\apache-maven-3.8.6\boot\plexus-classworlds-2.6.0.jar;C:\Users\99293\.m2\wrapper\dists\apache-maven-3.8.6-bin\1ks0nkde5v1pk9vtc31i9d0lcd\apache-maven-3.8.6\boot\plexus-classworlds.license
Launcher Type: SUN_STANDARD

[Global flags]
     intx CICompilerCount                          = 12                                        {product} {ergonomic}
     uint ConcGCThreads                            = 3                                         {product} {ergonomic}
     uint G1ConcRefinementThreads                  = 13                                        {product} {ergonomic}
   size_t G1HeapRegionSize                         = 2097152                                   {product} {ergonomic}
    uintx GCDrainStackTargetSize                   = 64                                        {product} {ergonomic}
   size_t InitialHeapSize                          = 264241152                                 {product} {ergonomic}
   size_t MarkStackSize                            = 4194304                                   {product} {ergonomic}
   size_t MaxHeapSize                              = 4196401152                                {product} {ergonomic}
   size_t MaxNewSize                               = 2516582400                                {product} {ergonomic}
   size_t MinHeapDeltaBytes                        = 2097152                                   {product} {ergonomic}
   size_t MinHeapSize                              = 8388608                                   {product} {ergonomic}
    uintx NonNMethodCodeHeapSize                   = 7602480                                {pd product} {ergonomic}
    uintx NonProfiledCodeHeapSize                  = 122027880                              {pd product} {ergonomic}
    uintx ProfiledCodeHeapSize                     = 122027880                              {pd product} {ergonomic}
    uintx ReservedCodeCacheSize                    = 251658240                              {pd product} {ergonomic}
     bool SegmentedCodeCache                       = true                                      {product} {ergonomic}
   size_t SoftMaxHeapSize                          = 4196401152                             {manageable} {ergonomic}
     bool UseCompressedClassPointers               = true                           {product lp64_product} {ergonomic}
     bool UseCompressedOops                        = true                           {product lp64_product} {ergonomic}
     bool UseG1GC                                  = true                                      {product} {ergonomic}
     bool UseLargePagesIndividualAllocation        = false                                  {pd product} {ergonomic}

Logging:
Log output configuration:
 #0: stdout all=warning uptime,level,tags foldmultilines=false
 #1: stderr all=off uptime,level,tags foldmultilines=false

Environment Variables:
PATH=C:\Program Files\Common Files\Oracle\Java\javapath;C:\Windows\system32;C:\Windows;C:\Windows\System32\Wbem;C:\Windows\System32\WindowsPowerShell\v1.0\;C:\Windows\System32\OpenSSH\;C:\Program Files (x86)\NVIDIA Corporation\PhysX\Common;C:\Program Files\NVIDIA Corporation\NVIDIA NvDLISR;C:\Program Files\Git\cmd;C:\Program Files (x86)\dotnet\;%SystemRoot%\system32;%SystemRoot%;%SystemRoot%\System32\Wbem;%SYSTEMROOT%\System32\WindowsPowerShell\v1.0\;%SYSTEMROOT%\System32\OpenSSH\;C:\Users\99293\AppData\Local\Programs\Python\Python311\Scripts\;C:\Users\99293\AppData\Local\Programs\Python\Python311\;C:\Users\99293\AppData\Local\Microsoft\WindowsApps;;C:\Program Files\JetBrains\IntelliJ IDEA 2022.1.2\bin;;C:\Program Files\heroku\bin
USERNAME=ASUS
OS=Windows_NT
PROCESSOR_IDENTIFIER=Intel64 Family 6 Model 154 Stepping 3, GenuineIntel
TMP=C:\Users\99293\AppData\Local\Temp
TEMP=C:\Users\99293\AppData\Local\Temp



---------------  S Y S T E M  ---------------

OS:
 Windows 11 , 64 bit Build 22621 (10.0.22621.3374)
OS uptime: 1 days 3:28 hours
Hyper-V role detected

CPU: total 16 (initial active 16) (8 cores per cpu, 2 threads per core) family 6 model 154 stepping 3 microcode 0x41c, cx8, cmov, fxsr, ht, mmx, 3dnowpref, sse, sse2, sse3, ssse3, sse4.1, sse4.2, popcnt, lzcnt, tsc, tscinvbit, avx, avx2, aes, erms, clmul, bmi1, bmi2, adx, sha, fma, vzeroupper, clflush, clflushopt, clwb, hv, serialize, rdtscp, rdpid, fsrm

Memory: 4k page, system-wide physical 16005M (3197M free)
TotalPageFile size 18053M (AvailPageFile size 4M)
current process WorkingSet (physical memory assigned to process): 462M, peak: 462M
current process commit charge ("private bytes"): 545M, peak: 547M

vm_info: Java HotSpot(TM) 64-Bit Server VM (19.0.2+7-44) for windows-amd64 JRE (19.0.2+7-44), built on 2022-11-30T18:02:09Z by "mach5one" with MS VC++ 17.1 (VS2022)

END.
