#
# There is insufficient memory for the Java Runtime Environment to continue.
# Native memory allocation (mmap) failed to map 65536 bytes for Failed to commit metaspace.
# Possible reasons:
#   The system is out of physical RAM or swap space
#   The process is running with CompressedOops enabled, and the Java Heap may be blocking the growth of the native heap
# Possible solutions:
#   Reduce memory load on the system
#   Increase physical memory or swap space
#   Check if swap backing store is full
#   Decrease Java heap size (-Xmx/-Xms)
#   Decrease number of Java threads
#   Decrease Java thread stack sizes (-Xss)
#   Set larger code cache with -XX:ReservedCodeCacheSize=
#   JVM is running with Zero Based Compressed Oops mode in which the Java heap is
#     placed in the first 32GB address space. The Java Heap base address is the
#     maximum limit for the native heap growth. Please use -XX:HeapBaseMinAddress
#     to set the Java Heap base and to place the Java Heap above 32GB virtual address.
# This output file may be truncated or incomplete.
#
#  Out of Memory Error (virtualSpaceNode.cpp:110), pid=21004, tid=25044
#
# JRE version: Java(TM) SE Runtime Environment (19.0.2+7) (build 19.0.2+7-44)
# Java VM: Java HotSpot(TM) 64-Bit Server VM (19.0.2+7-44, mixed mode, sharing, tiered, compressed oops, compressed class ptrs, g1 gc, windows-amd64)
# No core dump will be written. Minidumps are not enabled by default on client versions of Windows
#

---------------  S U M M A R Y ------------

Command Line: C:\Users\99293\AppData\Local\Temp\surefire5311236900556620684\surefirebooter12956171987657987615.jar C:\Users\99293\AppData\Local\Temp\surefire5311236900556620684 2024-11-11T18-03-12_457-jvmRun1 surefire10743292069308674382tmp surefire_012630385943369086322tmp

Host: 12th Gen Intel(R) Core(TM) i7-12650H, 16 cores, 15G,  Windows 11 , 64 bit Build 22621 (10.0.22621.3958)
Time: Mon Nov 11 18:03:14 2024  Windows 11 , 64 bit Build 22621 (10.0.22621.3958) elapsed time: 0.149311 seconds (0d 0h 0m 0s)

---------------  T H R E A D  ---------------

Current thread (0x000001bb9fa6de30):  JavaThread "main" [_thread_in_vm, id=25044, stack(0x00000004e6800000,0x00000004e6900000)]

Stack: [0x00000004e6800000,0x00000004e6900000]
Native frames: (J=compiled Java code, j=interpreted, Vv=VM code, C=native code)
V  [jvm.dll+0x6ee21a]
V  [jvm.dll+0x85765e]
V  [jvm.dll+0x85904e]
V  [jvm.dll+0x859703]
V  [jvm.dll+0x28298f]
V  [jvm.dll+0x8532db]
V  [jvm.dll+0x692cb6]
V  [jvm.dll+0x1f2937]
V  [jvm.dll+0x6956f2]
V  [jvm.dll+0x6954de]
V  [jvm.dll+0x6936de]
V  [jvm.dll+0x26e12f]
V  [jvm.dll+0x69dcc5]
V  [jvm.dll+0x21e072]
V  [jvm.dll+0x21e5a5]
V  [jvm.dll+0x21ef01]
V  [jvm.dll+0x2146a1]
V  [jvm.dll+0x5a9cb6]
V  [jvm.dll+0x7cd423]
V  [jvm.dll+0x7cd504]
V  [jvm.dll+0x46ac34]
V  [jvm.dll+0x47021f]
C  [java.dll+0x17ec]

Java frames: (J=compiled Java code, j=interpreted, Vv=VM code)
j  java.lang.ClassLoader.defineClass1(Ljava/lang/ClassLoader;Ljava/lang/String;[BIILjava/security/ProtectionDomain;Ljava/lang/String;)Ljava/lang/Class;+0 java.base@19.0.2
j  java.lang.ClassLoader.defineClass(Ljava/lang/String;[BIILjava/security/ProtectionDomain;)Ljava/lang/Class;+27 java.base@19.0.2
j  java.security.SecureClassLoader.defineClass(Ljava/lang/String;[BIILjava/security/CodeSource;)Ljava/lang/Class;+12 java.base@19.0.2
j  jdk.internal.loader.BuiltinClassLoader.defineClass(Ljava/lang/String;Ljdk/internal/loader/Resource;)Ljava/lang/Class;+117 java.base@19.0.2
j  jdk.internal.loader.BuiltinClassLoader.findClassOnClassPathOrNull(Ljava/lang/String;)Ljava/lang/Class;+37 java.base@19.0.2
J 488 c1 jdk.internal.loader.BuiltinClassLoader.loadClassOrNull(Ljava/lang/String;Z)Ljava/lang/Class; java.base@19.0.2 (143 bytes) @ 0x000001bba7a8e7ec [0x000001bba7a8dd60+0x0000000000000a8c]
j  jdk.internal.loader.BuiltinClassLoader.loadClass(Ljava/lang/String;Z)Ljava/lang/Class;+3 java.base@19.0.2
j  jdk.internal.loader.ClassLoaders$AppClassLoader.loadClass(Ljava/lang/String;Z)Ljava/lang/Class;+36 java.base@19.0.2
j  java.lang.ClassLoader.loadClass(Ljava/lang/String;)Ljava/lang/Class;+3 java.base@19.0.2
v  ~StubRoutines::call_stub 0x000001bbaee2100e
j  org.apache.maven.surefire.booter.ForkedBooter.execute()V+87
j  org.apache.maven.surefire.booter.ForkedBooter.main([Ljava/lang/String;)V+35
v  ~StubRoutines::call_stub 0x000001bbaee2100e

Compiled method (c1)     158  488   !   3       jdk.internal.loader.BuiltinClassLoader::loadClassOrNull (143 bytes)
 total in heap  [0x000001bba7a8da90,0x000001bba7a8f2f8] = 6248
 relocation     [0x000001bba7a8dbf0,0x000001bba7a8dd48] = 344
 main code      [0x000001bba7a8dd60,0x000001bba7a8ec40] = 3808
 stub code      [0x000001bba7a8ec40,0x000001bba7a8ed08] = 200
 metadata       [0x000001bba7a8ed08,0x000001bba7a8ed68] = 96
 scopes data    [0x000001bba7a8ed68,0x000001bba7a8ef90] = 552
 scopes pcs     [0x000001bba7a8ef90,0x000001bba7a8f170] = 480
 dependencies   [0x000001bba7a8f170,0x000001bba7a8f180] = 16
 handler table  [0x000001bba7a8f180,0x000001bba7a8f2d0] = 336
 nul chk table  [0x000001bba7a8f2d0,0x000001bba7a8f2f8] = 40

[Constant Pool (empty)]

[MachCode]
[Entry Point]
  # {method} {0x0000000800082e90} 'loadClassOrNull' '(Ljava/lang/String;Z)Ljava/lang/Class;' in 'jdk/internal/loader/BuiltinClassLoader'
  # this:     rdx:rdx   = 'jdk/internal/loader/BuiltinClassLoader'
  # parm0:    r8:r8     = 'java/lang/String'
  # parm1:    r9        = boolean
  #           [sp+0xd0]  (sp of caller)
  0x000001bba7a8dd60: 448b 5208 | 49bb 0000 | 0000 0800 | 0000 4d03 | d34c 3bd0 

  0x000001bba7a8dd74: ;   {runtime_call ic_miss_stub}
  0x000001bba7a8dd74: 0f85 063a | 3f07 660f | 1f44 0000 
[Verified Entry Point]
  0x000001bba7a8dd80: 8984 2400 | 90ff ff55 | 4881 ecc0 | 0000 0048 | 8954 2468 

  0x000001bba7a8dd94: ;   {metadata(method data for {method} {0x0000000800082e90} 'loadClassOrNull' '(Ljava/lang/String;Z)Ljava/lang/Class;' in 'jdk/internal/loader/BuiltinClassLoader')}
  0x000001bba7a8dd94: 48be 584e | 92c3 bb01 | 0000 8bbe | cc00 0000 | 83c7 0289 | becc 0000 | 0081 e7fe | 0700 0083 
  0x000001bba7a8ddb4: ff00 0f84 | 510c 0000 | 4489 4c24 | 7848 8bf2 

  0x000001bba7a8ddc4: ;   {metadata(method data for {method} {0x0000000800082e90} 'loadClassOrNull' '(Ljava/lang/String;Z)Ljava/lang/Class;' in 'jdk/internal/loader/BuiltinClassLoader')}
  0x000001bba7a8ddc4: 48bf 584e | 92c3 bb01 | 0000 8b76 | 0849 ba00 | 0000 0008 | 0000 0049 | 03f2 483b | b720 0100 
  0x000001bba7a8dde4: 0075 0d48 | 8387 2801 | 0000 01e9 | 6600 0000 | 483b b730 | 0100 0075 | 0d48 8387 | 3801 0000 
  0x000001bba7a8de04: 01e9 5000 | 0000 4881 | bf20 0100 | 0000 0000 | 0075 1748 | 89b7 2001 | 0000 48c7 | 8728 0100 
  0x000001bba7a8de24: 0001 0000 | 00e9 2c00 | 0000 4881 | bf30 0100 | 0000 0000 | 0075 1748 | 89b7 3001 | 0000 48c7 
  0x000001bba7a8de44: 8738 0100 | 0001 0000 | 00e9 0800 | 0000 4883 | 8710 0100 | 0001 498b | f04c 8bc6 | 488b fa48 
  0x000001bba7a8de64: 8bd7 4889 | 7424 700f 

  0x000001bba7a8de6c: ;   {optimized virtual_call}
  0x000001bba7a8de6c: 1f40 00e8 

  0x000001bba7a8de70: ; ImmutableOopMap {[104]=Oop [112]=Oop }
                      ;*invokevirtual getClassLoadingLock {reexecute=0 rethrow=0 return_oop=0}
                      ; - jdk.internal.loader.BuiltinClassLoader::loadClassOrNull@2 (line 651)
  0x000001bba7a8de70: 8ce8 ffff | 4889 8424 | 8000 0000 | 488d 9424 | a000 0000 | 488b f048 | 8972 0848 | 8b06 4883 
  0x000001bba7a8de90: c801 4889 | 02f0 480f | b116 0f84 | 1200 0000 | 482b c448 | 2507 f0ff | ff48 8902 | 0f85 810b 
  0x000001bba7a8deb0: 0000 488b 

  0x000001bba7a8deb4: ;   {metadata(method data for {method} {0x0000000800082e90} 'loadClassOrNull' '(Ljava/lang/String;Z)Ljava/lang/Class;' in 'jdk/internal/loader/BuiltinClassLoader')}
  0x000001bba7a8deb4: 5424 6848 | be58 4e92 | c3bb 0100 | 0048 8386 | 4801 0000 

  0x000001bba7a8dec8: ;   {metadata(method data for {method} {0x00000008004360a8} 'findLoadedClass' '(Ljava/lang/String;)Ljava/lang/Class;' in 'java/lang/ClassLoader')}
  0x000001bba7a8dec8: 0148 ba28 | 3e92 c3bb | 0100 008b | b2cc 0000 | 0083 c602 | 89b2 cc00 | 0000 81e6 | feff 1f00 
  0x000001bba7a8dee8: 83fe 000f | 8455 0b00 

  0x000001bba7a8def0: ;   {metadata(method data for {method} {0x00000008004360a8} 'findLoadedClass' '(Ljava/lang/String;)Ljava/lang/Class;' in 'java/lang/ClassLoader')}
  0x000001bba7a8def0: 0048 ba28 | 3e92 c3bb | 0100 0048 | 8382 1001 | 0000 0148 | 8b54 2470 | 0f1f 8000 

  0x000001bba7a8df0c: ;   {static_call}
  0x000001bba7a8df0c: 0000 00e8 

  0x000001bba7a8df10: ; ImmutableOopMap {[104]=Oop [112]=Oop [128]=Oop [168]=Oop }
                      ;*invokestatic checkName {reexecute=0 rethrow=0 return_oop=0}
                      ; - java.lang.ClassLoader::findLoadedClass@1 (line 1284)
                      ; - jdk.internal.loader.BuiltinClassLoader::loadClassOrNull@10 (line 653)
  0x000001bba7a8df10: cc44 faff 

  0x000001bba7a8df14: ;   {metadata(method data for {method} {0x00000008004360a8} 'findLoadedClass' '(Ljava/lang/String;)Ljava/lang/Class;' in 'java/lang/ClassLoader')}
  0x000001bba7a8df14: 83f8 0049 | b828 3e92 | c3bb 0100 | 0048 ba20 | 0100 0000 | 0000 000f | 850a 0000 | 0048 ba30 
  0x000001bba7a8df34: 0100 0000 | 0000 0049 | 8b34 1048 | 8d76 0149 | 8934 100f | 850f 0000 

  0x000001bba7a8df4c: ;   {oop(NULL)}
  0x000001bba7a8df4c: 0048 be00 | 0000 0000 | 0000 00e9 | 2b00 0000 | 488b 5424 

  0x000001bba7a8df60: ;   {metadata(method data for {method} {0x00000008004360a8} 'findLoadedClass' '(Ljava/lang/String;)Ljava/lang/Class;' in 'java/lang/ClassLoader')}
  0x000001bba7a8df60: 6849 b828 | 3e92 c3bb | 0100 0049 | 8380 4001 | 0000 014c | 8b44 2470 | 488b 5424 

  0x000001bba7a8df7c: ;   {optimized virtual_call}
  0x000001bba7a8df7c: 6866 90e8 

  0x000001bba7a8df80: ; ImmutableOopMap {[104]=Oop [112]=Oop [128]=Oop [168]=Oop }
                      ;*invokevirtual findLoadedClass0 {reexecute=0 rethrow=0 return_oop=0}
                      ; - java.lang.ClassLoader::findLoadedClass@11 (line 1286)
                      ; - jdk.internal.loader.BuiltinClassLoader::loadClassOrNull@10 (line 653)
  0x000001bba7a8df80: 5c2a b007 | 488b f048 

  0x000001bba7a8df88: ;   {metadata(method data for {method} {0x0000000800082e90} 'loadClassOrNull' '(Ljava/lang/String;Z)Ljava/lang/Class;' in 'jdk/internal/loader/BuiltinClassLoader')}
  0x000001bba7a8df88: 83fe 0049 | b858 4e92 | c3bb 0100 | 0048 ba80 | 0100 0000 | 0000 000f | 850a 0000 | 0048 ba90 
  0x000001bba7a8dfa8: 0100 0000 | 0000 0049 | 8b3c 1048 | 8d7f 0149 | 893c 100f | 852e 0800 | 0048 89b4 | 2488 0000 
  0x000001bba7a8dfc8: 0048 8b54 

  0x000001bba7a8dfcc: ;   {metadata(method data for {method} {0x0000000800082e90} 'loadClassOrNull' '(Ljava/lang/String;Z)Ljava/lang/Class;' in 'jdk/internal/loader/BuiltinClassLoader')}
  0x000001bba7a8dfcc: 2468 49b8 | 584e 92c3 | bb01 0000 | 4983 80a0 | 0100 0001 | 4c8b 4424 | 7048 8b54 | 2468 0f1f 
  0x000001bba7a8dfec: ;   {optimized virtual_call}
  0x000001bba7a8dfec: 4400 00e8 

  0x000001bba7a8dff0: ; ImmutableOopMap {[104]=Oop [112]=Oop [128]=Oop [136]=Oop [168]=Oop }
                      ;*invokevirtual findLoadedModule {reexecute=0 rethrow=0 return_oop=0}
                      ; - jdk.internal.loader.BuiltinClassLoader::loadClassOrNull@22 (line 658)
  0x000001bba7a8dff0: eced ffff | 4883 f800 

  0x000001bba7a8dff8: ;   {metadata(method data for {method} {0x0000000800082e90} 'loadClassOrNull' '(Ljava/lang/String;Z)Ljava/lang/Class;' in 'jdk/internal/loader/BuiltinClassLoader')}
  0x000001bba7a8dff8: 49b8 584e | 92c3 bb01 | 0000 49b9 | d801 0000 | 0000 0000 | 0f84 0a00 | 0000 49b9 | e801 0000 
  0x000001bba7a8e018: 0000 0000 | 4b8b 1408 | 488d 5201 | 4b89 1408 | 488b 5424 | 680f 84b2 | 0300 0048 | 3b00 4c8b 
  0x000001bba7a8e038: ;   {metadata(method data for {method} {0x0000000800082e90} 'loadClassOrNull' '(Ljava/lang/String;Z)Ljava/lang/Class;' in 'jdk/internal/loader/BuiltinClassLoader')}
  0x000001bba7a8e038: c049 b958 | 4e92 c3bb 

  0x000001bba7a8e040: ;   {metadata('jdk/internal/loader/BuiltinClassLoader$LoadedModule')}
  0x000001bba7a8e040: 0100 0049 | ba50 d719 | 0008 0000 | 004d 8991 | 0802 0000 | 4983 8110 | 0200 0001 | 8b70 0c48 
  0x000001bba7a8e060: c1e6 0348 

  0x000001bba7a8e064: ;   {metadata(method data for {method} {0x0000000800082e90} 'loadClassOrNull' '(Ljava/lang/String;Z)Ljava/lang/Class;' in 'jdk/internal/loader/BuiltinClassLoader')}
  0x000001bba7a8e064: 3bf2 49b8 | 584e 92c3 | bb01 0000 | 49b9 3002 | 0000 0000 | 0000 0f85 | 0a00 0000 | 49b9 4002 
  0x000001bba7a8e084: 0000 0000 | 0000 4b8b | 3c08 488d | 7f01 4b89 | 3c08 0f85 | 3102 0000 

  0x000001bba7a8e09c: ;   {metadata(method data for {method} {0x0000000800082e90} 'loadClassOrNull' '(Ljava/lang/String;Z)Ljava/lang/Class;' in 'jdk/internal/loader/BuiltinClassLoader')}
  0x000001bba7a8e09c: 49b8 584e | 92c3 bb01 | 0000 4983 | 8050 0200 

  0x000001bba7a8e0ac: ;   {metadata(method data for {method} {0x000000080044ef90} 'isModuleSystemInited' '()Z' in 'jdk/internal/misc/VM')}
  0x000001bba7a8e0ac: 0001 49b8 | 4055 92c3 | bb01 0000 | 458b 88cc | 0000 0041 | 83c1 0245 | 8988 cc00 | 0000 4181 
  0x000001bba7a8e0cc: e1fe ff1f | 0041 83f9 | 000f 8491 

  0x000001bba7a8e0d8: ;   {oop(a 'java/lang/Class'{0x000000071580a360} = 'jdk/internal/misc/VM')}
  0x000001bba7a8e0d8: 0900 0049 | b860 a380 | 1507 0000 | 0045 8b80 | 9400 0000 | 4183 f802 

  0x000001bba7a8e0f0: ;   {metadata(method data for {method} {0x000000080044ef90} 'isModuleSystemInited' '()Z' in 'jdk/internal/misc/VM')}
  0x000001bba7a8e0f0: 49b8 4055 | 92c3 bb01 | 0000 49b9 | 1001 0000 | 0000 0000 | 0f8c 0a00 | 0000 49b9 | 2001 0000 
  0x000001bba7a8e110: 0000 0000 | 4b8b 3408 | 488d 7601 | 4b89 3408 | 0f8c 1c00 

  0x000001bba7a8e124: ;   {metadata(method data for {method} {0x000000080044ef90} 'isModuleSystemInited' '()Z' in 'jdk/internal/misc/VM')}
  0x000001bba7a8e124: 0000 49b8 | 4055 92c3 | bb01 0000 | 41ff 8030 | 0100 0041 | b801 0000 | 00e9 0600 | 0000 41b8 
  0x000001bba7a8e144: 0000 0000 | 4183 e001 | 4183 f800 

  0x000001bba7a8e150: ;   {metadata(method data for {method} {0x0000000800082e90} 'loadClassOrNull' '(Ljava/lang/String;Z)Ljava/lang/Class;' in 'jdk/internal/loader/BuiltinClassLoader')}
  0x000001bba7a8e150: 49b8 584e | 92c3 bb01 | 0000 49b9 | 7002 0000 | 0000 0000 | 0f85 0a00 | 0000 49b9 | 6002 0000 
  0x000001bba7a8e170: 0000 0000 | 4b8b 3408 | 488d 7601 | 4b89 3408 | 0f85 0d00 | 0000 488b | b424 8800 | 0000 e93c 
  0x000001bba7a8e190: 0200 004c 

  0x000001bba7a8e194: ;   {metadata(method data for {method} {0x0000000800082e90} 'loadClassOrNull' '(Ljava/lang/String;Z)Ljava/lang/Class;' in 'jdk/internal/loader/BuiltinClassLoader')}
  0x000001bba7a8e194: 8bc2 49b9 | 584e 92c3 | bb01 0000 | 4983 8180 | 0200 0001 

  0x000001bba7a8e1a8: ;   {metadata(method data for {method} {0x00000008000835c8} 'findClassInModuleOrNull' '(Ljdk/internal/loader/BuiltinClassLoader$LoadedModule;Ljava/lang/String;)Ljava/lang/Class;' in 'jdk/internal/loader/BuiltinClassLoader')}
  0x000001bba7a8e1a8: 49b8 a056 | 92c3 bb01 | 0000 458b | 88cc 0000 | 0041 83c1 | 0245 8988 | cc00 0000 | 4181 e1fe 
  0x000001bba7a8e1c8: ff1f 0041 | 83f9 000f | 84b8 0800 

  0x000001bba7a8e1d4: ;   {metadata(method data for {method} {0x00000008000835c8} 'findClassInModuleOrNull' '(Ljdk/internal/loader/BuiltinClassLoader$LoadedModule;Ljava/lang/String;)Ljava/lang/Class;' in 'jdk/internal/loader/BuiltinClassLoader')}
  0x000001bba7a8e1d4: 0049 b8a0 | 5692 c3bb | 0100 0049 | 8380 1001 

  0x000001bba7a8e1e4: ;   {metadata(method data for {method} {0x0000000800012e80} 'getSecurityManager' '()Ljava/lang/SecurityManager;' in 'java/lang/System')}
  0x000001bba7a8e1e4: 0000 0149 | b870 5484 | c3bb 0100 | 0045 8b88 | cc00 0000 | 4183 c102 | 4589 88cc | 0000 0041 
  0x000001bba7a8e204: 81e1 feff | 1f00 4183 | f900 0f84 | 9a08 0000 

  0x000001bba7a8e214: ;   {metadata(method data for {method} {0x0000000800012e80} 'getSecurityManager' '()Ljava/lang/SecurityManager;' in 'java/lang/System')}
  0x000001bba7a8e214: 49b8 7054 | 84c3 bb01 | 0000 4983 | 8010 0100 

  0x000001bba7a8e224: ;   {metadata(method data for {method} {0x0000000800012f98} 'allowSecurityManager' '()Z' in 'java/lang/System')}
  0x000001bba7a8e224: 0001 49b8 | e855 84c3 | bb01 0000 | 458b 88cc | 0000 0041 | 83c1 0245 | 8988 cc00 | 0000 4181 
  0x000001bba7a8e244: e1fe ff1f | 0041 83f9 | 000f 847c 

  0x000001bba7a8e250: ;   {metadata(method data for {method} {0x0000000800012f98} 'allowSecurityManager' '()Z' in 'java/lang/System')}
  0x000001bba7a8e250: 0800 0049 | b8e8 5584 | c3bb 0100 | 0041 ff80 | 1001 0000 

  0x000001bba7a8e264: ;   {metadata(method data for {method} {0x0000000800012e80} 'getSecurityManager' '()Ljava/lang/SecurityManager;' in 'java/lang/System')}
  0x000001bba7a8e264: 49b8 7054 | 84c3 bb01 | 0000 41ff | 8020 0100 

  0x000001bba7a8e274: ;   {metadata(method data for {method} {0x00000008000835c8} 'findClassInModuleOrNull' '(Ljdk/internal/loader/BuiltinClassLoader$LoadedModule;Ljava/lang/String;)Ljava/lang/Class;' in 'jdk/internal/loader/BuiltinClassLoader')}
  0x000001bba7a8e274: 0049 b8a0 | 5692 c3bb | 0100 0041 | ff80 3001 | 0000 4c8b 

  0x000001bba7a8e288: ;   {metadata(method data for {method} {0x00000008000835c8} 'findClassInModuleOrNull' '(Ljdk/internal/loader/BuiltinClassLoader$LoadedModule;Ljava/lang/String;)Ljava/lang/Class;' in 'jdk/internal/loader/BuiltinClassLoader')}
  0x000001bba7a8e288: c249 b9a0 | 5692 c3bb | 0100 0049 | 8381 4001 | 0000 014c | 8b44 2470 | 4c8b c848 | 8bf2 488b 
  0x000001bba7a8e2a8: d666 0f1f 

  0x000001bba7a8e2ac: ;   {optimized virtual_call}
  0x000001bba7a8e2ac: 4400 00e8 

  0x000001bba7a8e2b0: ; ImmutableOopMap {[104]=Oop [128]=Oop [168]=Oop }
                      ;*invokevirtual defineClass {reexecute=0 rethrow=0 return_oop=0}
                      ; - jdk.internal.loader.BuiltinClassLoader::findClassInModuleOrNull@9 (line 741)
                      ; - jdk.internal.loader.BuiltinClassLoader::loadClassOrNull@55 (line 665)
  0x000001bba7a8e2b0: cc37 3f07 

  0x000001bba7a8e2b4: ;   {metadata(method data for {method} {0x0000000800082e90} 'loadClassOrNull' '(Ljava/lang/String;Z)Ljava/lang/Class;' in 'jdk/internal/loader/BuiltinClassLoader')}
  0x000001bba7a8e2b4: 49b8 584e | 92c3 bb01 | 0000 41ff | 80b8 0200 | 0048 8bf0 | e902 0100 | 0048 3b06 

  0x000001bba7a8e2d0: ;   {metadata(method data for {method} {0x0000000800082e90} 'loadClassOrNull' '(Ljava/lang/String;Z)Ljava/lang/Class;' in 'jdk/internal/loader/BuiltinClassLoader')}
  0x000001bba7a8e2d0: 4c8b c649 | b958 4e92 | c3bb 0100 | 0049 8381 | d002 0000 

  0x000001bba7a8e2e4: ;   {metadata(method data for {method} {0x0000000800083678} 'loadClassOrNull' '(Ljava/lang/String;)Ljava/lang/Class;' in 'jdk/internal/loader/BuiltinClassLoader')}
  0x000001bba7a8e2e4: 0149 b8b0 | 5392 c3bb | 0100 0045 | 8b88 cc00 | 0000 4183 | c102 4589 | 88cc 0000 | 0041 81e1 
  0x000001bba7a8e304: feff 1f00 | 4183 f900 | 0f84 e307 | 0000 4c8b 

  0x000001bba7a8e314: ;   {metadata(method data for {method} {0x0000000800083678} 'loadClassOrNull' '(Ljava/lang/String;)Ljava/lang/Class;' in 'jdk/internal/loader/BuiltinClassLoader')}
  0x000001bba7a8e314: c649 b9b0 | 5392 c3bb | 0100 0045 | 8b40 0849 | ba00 0000 | 0008 0000 | 004d 03c2 | 4d3b 8120 
  0x000001bba7a8e334: 0100 0075 | 0d49 8381 | 2801 0000 | 01e9 6600 | 0000 4d3b | 8130 0100 | 0075 0d49 | 8381 3801 
  0x000001bba7a8e354: 0000 01e9 | 5000 0000 | 4981 b920 | 0100 0000 | 0000 0075 | 174d 8981 | 2001 0000 | 49c7 8128 
  0x000001bba7a8e374: 0100 0001 | 0000 00e9 | 2c00 0000 | 4981 b930 | 0100 0000 | 0000 0075 | 174d 8981 | 3001 0000 
  0x000001bba7a8e394: 49c7 8138 | 0100 0001 | 0000 00e9 | 0800 0000 | 4983 8110 | 0100 0001 | 4c8b 4424 | 7041 b900 
  0x000001bba7a8e3b4: 0000 0048 | 8bd6 6666 | 9048 b8ff | ffff ffff 

  0x000001bba7a8e3c4: ;   {virtual_call}
  0x000001bba7a8e3c4: ffff ffe8 

  0x000001bba7a8e3c8: ; ImmutableOopMap {[104]=Oop [128]=Oop [168]=Oop }
                      ;*invokevirtual loadClassOrNull {reexecute=0 rethrow=0 return_oop=0}
                      ; - jdk.internal.loader.BuiltinClassLoader::loadClassOrNull@3 (line 700)
                      ; - jdk.internal.loader.BuiltinClassLoader::loadClassOrNull@66 (line 669)
  0x000001bba7a8e3c8: 1415 3f07 

  0x000001bba7a8e3cc: ;   {metadata(method data for {method} {0x0000000800082e90} 'loadClassOrNull' '(Ljava/lang/String;Z)Ljava/lang/Class;' in 'jdk/internal/loader/BuiltinClassLoader')}
  0x000001bba7a8e3cc: 488b f049 | b858 4e92 | c3bb 0100 | 0041 ff80 | 0803 0000 | e90a 0400 | 008b 7254 | 48c1 e603 
  0x000001bba7a8e3ec: 4883 fe00 

  0x000001bba7a8e3f0: ;   {metadata(method data for {method} {0x0000000800082e90} 'loadClassOrNull' '(Ljava/lang/String;Z)Ljava/lang/Class;' in 'jdk/internal/loader/BuiltinClassLoader')}
  0x000001bba7a8e3f0: 49b8 584e | 92c3 bb01 | 0000 49b9 | 3003 0000 | 0000 0000 | 0f85 0a00 | 0000 49b9 | 2003 0000 
  0x000001bba7a8e410: 0000 0000 | 4b8b 3c08 | 488d 7f01 | 4b89 3c08 | 0f85 0d00 | 0000 488b | b424 8800 | 0000 e904 
  0x000001bba7a8e430: 0100 0048 | 3b06 4c8b 

  0x000001bba7a8e438: ;   {metadata(method data for {method} {0x0000000800082e90} 'loadClassOrNull' '(Ljava/lang/String;Z)Ljava/lang/Class;' in 'jdk/internal/loader/BuiltinClassLoader')}
  0x000001bba7a8e438: c649 b958 | 4e92 c3bb | 0100 0049 | 8381 4003 

  0x000001bba7a8e448: ;   {metadata(method data for {method} {0x0000000800083678} 'loadClassOrNull' '(Ljava/lang/String;)Ljava/lang/Class;' in 'jdk/internal/loader/BuiltinClassLoader')}
  0x000001bba7a8e448: 0000 0149 | b8b0 5392 | c3bb 0100 | 0045 8b88 | cc00 0000 | 4183 c102 | 4589 88cc | 0000 0041 
  0x000001bba7a8e468: 81e1 feff | 1f00 4183 | f900 0f84 | a306 0000 

  0x000001bba7a8e478: ;   {metadata(method data for {method} {0x0000000800083678} 'loadClassOrNull' '(Ljava/lang/String;)Ljava/lang/Class;' in 'jdk/internal/loader/BuiltinClassLoader')}
  0x000001bba7a8e478: 4c8b c649 | b9b0 5392 | c3bb 0100 | 0045 8b40 | 0849 ba00 | 0000 0008 | 0000 004d | 03c2 4d3b 
  0x000001bba7a8e498: 8120 0100 | 0075 0d49 | 8381 2801 | 0000 01e9 | 6600 0000 | 4d3b 8130 | 0100 0075 | 0d49 8381 
  0x000001bba7a8e4b8: 3801 0000 | 01e9 5000 | 0000 4981 | b920 0100 | 0000 0000 | 0075 174d | 8981 2001 | 0000 49c7 
  0x000001bba7a8e4d8: 8128 0100 | 0001 0000 | 00e9 2c00 | 0000 4981 | b930 0100 | 0000 0000 | 0075 174d | 8981 3001 
  0x000001bba7a8e4f8: 0000 49c7 | 8138 0100 | 0001 0000 | 00e9 0800 | 0000 4983 | 8110 0100 | 0001 4c8b | 4424 7041 
  0x000001bba7a8e518: b900 0000 | 0048 8bd6 | 0f1f 4400 | 0048 b800 | 4108 0008 

  0x000001bba7a8e52c: ;   {virtual_call}
  0x000001bba7a8e52c: 0000 00e8 

  0x000001bba7a8e530: ; ImmutableOopMap {[104]=Oop [112]=Oop [128]=Oop [168]=Oop }
                      ;*invokevirtual loadClassOrNull {reexecute=0 rethrow=0 return_oop=0}
                      ; - jdk.internal.loader.BuiltinClassLoader::loadClassOrNull@3 (line 700)
                      ; - jdk.internal.loader.BuiltinClassLoader::loadClassOrNull@86 (line 676)
  0x000001bba7a8e530: ec13 3f07 | 488b f048 

  0x000001bba7a8e538: ;   {metadata(method data for {method} {0x0000000800082e90} 'loadClassOrNull' '(Ljava/lang/String;Z)Ljava/lang/Class;' in 'jdk/internal/loader/BuiltinClassLoader')}
  0x000001bba7a8e538: 83fe 0049 | b858 4e92 | c3bb 0100 | 0048 ba78 | 0300 0000 | 0000 000f | 850a 0000 | 0048 ba88 
  0x000001bba7a8e558: 0300 0000 | 0000 0049 | 8b3c 1048 | 8d7f 0149 | 893c 100f | 857e 0200 | 0048 8b54 | 2468 4c8b 
  0x000001bba7a8e578: ;   {metadata(method data for {method} {0x0000000800082e90} 'loadClassOrNull' '(Ljava/lang/String;Z)Ljava/lang/Class;' in 'jdk/internal/loader/BuiltinClassLoader')}
  0x000001bba7a8e578: c248 bf58 | 4e92 c3bb | 0100 0045 | 8b40 0849 | ba00 0000 | 0008 0000 | 004d 03c2 | 4c3b 87a8 
  0x000001bba7a8e598: 0300 0075 | 0d48 8387 | b003 0000 | 01e9 6600 | 0000 4c3b | 87b8 0300 | 0075 0d48 | 8387 c003 
  0x000001bba7a8e5b8: 0000 01e9 | 5000 0000 | 4881 bfa8 | 0300 0000 | 0000 0075 | 174c 8987 | a803 0000 | 48c7 87b0 
  0x000001bba7a8e5d8: 0300 0001 | 0000 00e9 | 2c00 0000 | 4881 bfb8 | 0300 0000 | 0000 0075 | 174c 8987 | b803 0000 
  0x000001bba7a8e5f8: 48c7 87c0 | 0300 0001 | 0000 00e9 | 0800 0000 | 4883 8798 | 0300 0001 

  0x000001bba7a8e610: ;   {metadata(method data for {method} {0x0000000800082e38} 'hasClassPath' '()Z' in 'jdk/internal/loader/BuiltinClassLoader')}
  0x000001bba7a8e610: 49b8 905e | 92c3 bb01 | 0000 418b | b8cc 0000 | 0083 c702 | 4189 b8cc | 0000 0081 | e7fe ff1f 
  0x000001bba7a8e630: 0083 ff00 | 0f84 0205 | 0000 448b | 4258 49c1 | e003 4983 

  0x000001bba7a8e644: ;   {metadata(method data for {method} {0x0000000800082e38} 'hasClassPath' '()Z' in 'jdk/internal/loader/BuiltinClassLoader')}
  0x000001bba7a8e644: f800 49b8 | 905e 92c3 | bb01 0000 | 48bf 1001 | 0000 0000 | 0000 0f84 | 0a00 0000 | 48bf 2001 
  0x000001bba7a8e664: 0000 0000 | 0000 498b | 1c38 488d | 5b01 4989 | 1c38 0f84 | 1c00 0000 

  0x000001bba7a8e67c: ;   {metadata(method data for {method} {0x0000000800082e38} 'hasClassPath' '()Z' in 'jdk/internal/loader/BuiltinClassLoader')}
  0x000001bba7a8e67c: 49b8 905e | 92c3 bb01 | 0000 41ff | 8030 0100 | 0041 b801 | 0000 00e9 | 0600 0000 | 41b8 0000 
  0x000001bba7a8e69c: 0000 4183 | e001 4183 

  0x000001bba7a8e6a4: ;   {metadata(method data for {method} {0x0000000800082e90} 'loadClassOrNull' '(Ljava/lang/String;Z)Ljava/lang/Class;' in 'jdk/internal/loader/BuiltinClassLoader')}
  0x000001bba7a8e6a4: f800 49b8 | 584e 92c3 | bb01 0000 | 48bf d003 | 0000 0000 | 0000 0f84 | 0a00 0000 | 48bf e003 
  0x000001bba7a8e6c4: 0000 0000 | 0000 498b | 1c38 488d | 5b01 4989 | 1c38 0f84 | 1301 0000 

  0x000001bba7a8e6dc: ;   {metadata(method data for {method} {0x0000000800082e90} 'loadClassOrNull' '(Ljava/lang/String;Z)Ljava/lang/Class;' in 'jdk/internal/loader/BuiltinClassLoader')}
  0x000001bba7a8e6dc: 49b8 584e | 92c3 bb01 | 0000 4983 | 80f0 0300 

  0x000001bba7a8e6ec: ;   {metadata(method data for {method} {0x000000080044ef90} 'isModuleSystemInited' '()Z' in 'jdk/internal/misc/VM')}
  0x000001bba7a8e6ec: 0001 49b8 | 4055 92c3 | bb01 0000 | 418b b8cc | 0000 0083 | c702 4189 | b8cc 0000 | 0081 e7fe 
  0x000001bba7a8e70c: ff1f 0083 | ff00 0f84 | 4504 0000 

  0x000001bba7a8e718: ;   {oop(a 'java/lang/Class'{0x000000071580a360} = 'jdk/internal/misc/VM')}
  0x000001bba7a8e718: 49b8 60a3 | 8015 0700 | 0000 458b | 8094 0000 | 0041 83f8 

  0x000001bba7a8e72c: ;   {metadata(method data for {method} {0x000000080044ef90} 'isModuleSystemInited' '()Z' in 'jdk/internal/misc/VM')}
  0x000001bba7a8e72c: 0249 b840 | 5592 c3bb | 0100 0048 | bf10 0100 | 0000 0000 | 000f 8c0a | 0000 0048 | bf20 0100 
  0x000001bba7a8e74c: 0000 0000 | 0049 8b1c | 3848 8d5b | 0149 891c | 380f 8c1c 

  0x000001bba7a8e760: ;   {metadata(method data for {method} {0x000000080044ef90} 'isModuleSystemInited' '()Z' in 'jdk/internal/misc/VM')}
  0x000001bba7a8e760: 0000 0049 | b840 5592 | c3bb 0100 | 0041 ff80 | 3001 0000 | 41b8 0100 | 0000 e906 | 0000 0041 
  0x000001bba7a8e780: b800 0000 | 0041 83e0 | 0141 83f8 

  0x000001bba7a8e78c: ;   {metadata(method data for {method} {0x0000000800082e90} 'loadClassOrNull' '(Ljava/lang/String;Z)Ljava/lang/Class;' in 'jdk/internal/loader/BuiltinClassLoader')}
  0x000001bba7a8e78c: 0049 b858 | 4e92 c3bb | 0100 0048 | bf00 0400 | 0000 0000 | 000f 840a | 0000 0048 | bf10 0400 
  0x000001bba7a8e7ac: 0000 0000 | 0049 8b1c | 3848 8d5b | 0149 891c | 380f 842c | 0000 004c | 8b44 2470 

  0x000001bba7a8e7c8: ;   {metadata(method data for {method} {0x0000000800082e90} 'loadClassOrNull' '(Ljava/lang/String;Z)Ljava/lang/Class;' in 'jdk/internal/loader/BuiltinClassLoader')}
  0x000001bba7a8e7c8: 488b f248 | bf58 4e92 | c3bb 0100 | 0048 8387 | 2004 0000 | 0148 8bf2 | 488b d60f 

  0x000001bba7a8e7e4: ;   {optimized virtual_call}
  0x000001bba7a8e7e4: 1f40 00e8 

  0x000001bba7a8e7e8: ; ImmutableOopMap {[104]=Oop [128]=Oop [168]=Oop }
                      ;*invokevirtual findClassOnClassPathOrNull {reexecute=0 rethrow=0 return_oop=0}
                      ; - jdk.internal.loader.BuiltinClassLoader::loadClassOrNull@111 (line 681)
  0x000001bba7a8e7e8: c904 0000 | 488b f044 | 8b4c 2478 | 4183 f900 

  0x000001bba7a8e7f8: ;   {metadata(method data for {method} {0x0000000800082e90} 'loadClassOrNull' '(Ljava/lang/String;Z)Ljava/lang/Class;' in 'jdk/internal/loader/BuiltinClassLoader')}
  0x000001bba7a8e7f8: 48b8 584e | 92c3 bb01 | 0000 48ba | 5804 0000 | 0000 0000 | 0f84 0a00 | 0000 48ba | 6804 0000 
  0x000001bba7a8e818: 0000 0000 | 488b 3c10 | 488d 7f01 | 4889 3c10 | 0f84 b300 | 0000 4883 

  0x000001bba7a8e830: ;   {metadata(method data for {method} {0x0000000800082e90} 'loadClassOrNull' '(Ljava/lang/String;Z)Ljava/lang/Class;' in 'jdk/internal/loader/BuiltinClassLoader')}
  0x000001bba7a8e830: fe00 48b8 | 584e 92c3 | bb01 0000 | 48ba 7804 | 0000 0000 | 0000 0f84 | 0a00 0000 | 48ba 8804 
  0x000001bba7a8e850: 0000 0000 | 0000 488b | 3c10 488d | 7f01 4889 | 3c10 0f84 | 7900 0000 | 488b 5424 

  0x000001bba7a8e86c: ;   {metadata(method data for {method} {0x0000000800082e90} 'loadClassOrNull' '(Ljava/lang/String;Z)Ljava/lang/Class;' in 'jdk/internal/loader/BuiltinClassLoader')}
  0x000001bba7a8e86c: 6848 b858 | 4e92 c3bb | 0100 0048 | 8380 9804 

  0x000001bba7a8e87c: ;   {metadata(method data for {method} {0x0000000800435ff8} 'resolveClass' '(Ljava/lang/Class;)V' in 'java/lang/ClassLoader')}
  0x000001bba7a8e87c: 0000 0148 | b8f8 6292 | c3bb 0100 | 008b 90cc | 0000 0083 | c202 8990 | cc00 0000 | 81e2 feff 
  0x000001bba7a8e89c: 1f00 83fa | 000f 84d7 | 0200 0048 

  0x000001bba7a8e8a8: ;   {metadata(method data for {method} {0x0000000800435ff8} 'resolveClass' '(Ljava/lang/Class;)V' in 'java/lang/ClassLoader')}
  0x000001bba7a8e8a8: 83fe 0048 | b8f8 6292 | c3bb 0100 | 0048 ba20 | 0100 0000 | 0000 000f | 840a 0000 | 0048 ba10 
  0x000001bba7a8e8c8: 0100 0000 | 0000 0048 | 8b3c 1048 | 8d7f 0148 | 893c 100f | 843c 0000 | 0048 8d84 | 24a0 0000 
  0x000001bba7a8e8e8: 0048 8b10 | 4885 d20f | 840f 0000 | 0048 8b78 | 08f0 480f | b117 0f85 | 9b02 0000 | 488b c648 
  0x000001bba7a8e908: 81c4 c000 

  0x000001bba7a8e90c: ;   {poll_return}
  0x000001bba7a8e90c: 0000 5d49 | 3ba7 7803 | 0000 0f87 | 9902 0000 | c348 89b4 | 2498 0000 | 0066 6690 

  0x000001bba7a8e928: ;   {no_reloc}
  0x000001bba7a8e928: e9ad 0200 | 0000 0000 | 0000 498b | 87f8 0000 | 0048 8d78 | 3049 3bbf | 0801 0000 | 0f87 9a02 
  0x000001bba7a8e948: 0000 4989 | bff8 0000 | 0048 c700 | 0100 0000 | 488b ca49 | ba00 0000 | 0008 0000 | 0049 2bca 
  0x000001bba7a8e968: 8948 0848 | 33c9 8948 | 0c48 33c9 | 4889 4810 | 4889 4818 | 4889 4820 | 4889 4828 

  0x000001bba7a8e984: ;   {metadata(method data for {method} {0x0000000800435ff8} 'resolveClass' '(Ljava/lang/Class;)V' in 'java/lang/ClassLoader')}
  0x000001bba7a8e984: 488b d048 | bef8 6292 | c3bb 0100 | 0048 8386 | 3001 0000 | 0148 8bd0 | 4889 8424 | 9000 0000 
  0x000001bba7a8e9a4: ;   {optimized virtual_call}
  0x000001bba7a8e9a4: 6666 90e8 

  0x000001bba7a8e9a8: ; ImmutableOopMap {[128]=Oop [144]=Oop [152]=Oop [168]=Oop }
                      ;*invokespecial <init> {reexecute=0 rethrow=0 return_oop=0}
                      ; - java.lang.ClassLoader::resolveClass@8 (line 1224)
                      ; - jdk.internal.loader.BuiltinClassLoader::loadClassOrNull@128 (line 688)
  0x000001bba7a8e9a8: d430 3f07 | 488b 8424 

  0x000001bba7a8e9b0: ; ImmutableOopMap {rax=Oop [128]=Oop [152]=Oop [168]=Oop }
                      ;*athrow {reexecute=1 rethrow=0 return_oop=0}
                      ; - (reexecute) java.lang.ClassLoader::resolveClass@11 (line 1224)
                      ; - jdk.internal.loader.BuiltinClassLoader::loadClassOrNull@128 (line 688)
  0x000001bba7a8e9b0: 9000 0000 

  0x000001bba7a8e9b4: ;   {section_word}
  0x000001bba7a8e9b4: 48ba b4e9 | a8a7 bb01 

  0x000001bba7a8e9bc: ;   {runtime_call handle_exception_nofpu Runtime1 stub}
  0x000001bba7a8e9bc: 0000 e83d | c549 0790 | 498b 8720 | 0400 004d | 33d2 4d89 | 9720 0400 | 004d 33d2 | 4d89 9728 
  0x000001bba7a8e9dc: 0400 0048 | 8bf0 488d | 8424 a000 | 0000 488b | 3848 85ff | 0f84 0f00 | 0000 488b | 5808 f048 
  0x000001bba7a8e9fc: 0fb1 3b0f | 85ec 0100 | 0048 8bc6 | e917 0200 

  0x000001bba7a8ea0c: ;   {metadata({method} {0x0000000800082e90} 'loadClassOrNull' '(Ljava/lang/String;Z)Ljava/lang/Class;' in 'jdk/internal/loader/BuiltinClassLoader')}
  0x000001bba7a8ea0c: 0049 ba88 | 2e08 0008 | 0000 004c | 8954 2408 | 48c7 0424 | ffff ffff 

  0x000001bba7a8ea24: ;   {runtime_call counter_overflow Runtime1 stub}
  0x000001bba7a8ea24: e8d7 fd49 

  0x000001bba7a8ea28: ; ImmutableOopMap {rdx=Oop r8=Oop [104]=Oop }
                      ;*synchronization entry
                      ; - jdk.internal.loader.BuiltinClassLoader::loadClassOrNull@-1 (line 651)
  0x000001bba7a8ea28: 07e9 8ef3 

  0x000001bba7a8ea2c: ;   {runtime_call throw_null_pointer_exception Runtime1 stub}
  0x000001bba7a8ea2c: ffff e8ed 

  0x000001bba7a8ea30: ; ImmutableOopMap {rsi=Oop [104]=Oop [112]=Oop [128]=Oop }
                      ;*monitorenter {reexecute=0 rethrow=0 return_oop=0}
                      ; - jdk.internal.loader.BuiltinClassLoader::loadClassOrNull@7 (line 651)
  0x000001bba7a8ea30: ac49 0748 | 8974 2408 | 4889 1424 

  0x000001bba7a8ea3c: ;   {runtime_call monitorenter_nofpu Runtime1 stub}
  0x000001bba7a8ea3c: e8bf dc49 

  0x000001bba7a8ea40: ; ImmutableOopMap {rsi=Oop [104]=Oop [112]=Oop [128]=Oop [168]=Oop }
                      ;*monitorenter {reexecute=0 rethrow=0 return_oop=0}
                      ; - jdk.internal.loader.BuiltinClassLoader::loadClassOrNull@7 (line 651)
  0x000001bba7a8ea40: 07e9 6cf4 

  0x000001bba7a8ea44: ;   {metadata({method} {0x00000008004360a8} 'findLoadedClass' '(Ljava/lang/String;)Ljava/lang/Class;' in 'java/lang/ClassLoader')}
  0x000001bba7a8ea44: ffff 49ba | a060 4300 | 0800 0000 | 4c89 5424 | 0848 c704 | 24ff ffff 

  0x000001bba7a8ea5c: ;   {runtime_call counter_overflow Runtime1 stub}
  0x000001bba7a8ea5c: ffe8 9efd 

  0x000001bba7a8ea60: ; ImmutableOopMap {[104]=Oop [112]=Oop [128]=Oop [168]=Oop }
                      ;*synchronization entry
                      ; - java.lang.ClassLoader::findLoadedClass@-1 (line 1284)
                      ; - jdk.internal.loader.BuiltinClassLoader::loadClassOrNull@10 (line 653)
  0x000001bba7a8ea60: 4907 e98a 

  0x000001bba7a8ea64: ;   {runtime_call throw_null_pointer_exception Runtime1 stub}
  0x000001bba7a8ea64: f4ff ffe8 

  0x000001bba7a8ea68: ; ImmutableOopMap {rax=Oop rdx=Oop [104]=Oop [112]=Oop [128]=Oop [136]=Oop [168]=Oop }
                      ;*invokevirtual loader {reexecute=0 rethrow=0 return_oop=0}
                      ; - jdk.internal.loader.BuiltinClassLoader::loadClassOrNull@34 (line 662)
  0x000001bba7a8ea68: b4ac 4907 

  0x000001bba7a8ea6c: ;   {metadata({method} {0x000000080044ef90} 'isModuleSystemInited' '()Z' in 'jdk/internal/misc/VM')}
  0x000001bba7a8ea6c: 49ba 88ef | 4400 0800 | 0000 4c89 | 5424 0848 | c704 24ff 

  0x000001bba7a8ea80: ;   {runtime_call counter_overflow Runtime1 stub}
  0x000001bba7a8ea80: ffff ffe8 

  0x000001bba7a8ea84: ; ImmutableOopMap {rax=Oop rdx=Oop [104]=Oop [112]=Oop [128]=Oop [136]=Oop [168]=Oop }
                      ;*synchronization entry
                      ; - jdk.internal.misc.VM::isModuleSystemInited@-1 (line 91)
                      ; - jdk.internal.loader.BuiltinClassLoader::loadClassOrNull@45 (line 664)
  0x000001bba7a8ea84: 78fd 4907 | e94e f6ff 

  0x000001bba7a8ea8c: ;   {metadata({method} {0x00000008000835c8} 'findClassInModuleOrNull' '(Ljdk/internal/loader/BuiltinClassLoader$LoadedModule;Ljava/lang/String;)Ljava/lang/Class;' in 'jdk/internal/loader/BuiltinClassLoader')}
  0x000001bba7a8ea8c: ff49 bac0 | 3508 0008 | 0000 004c | 8954 2408 | 48c7 0424 | ffff ffff 

  0x000001bba7a8eaa4: ;   {runtime_call counter_overflow Runtime1 stub}
  0x000001bba7a8eaa4: e857 fd49 

  0x000001bba7a8eaa8: ; ImmutableOopMap {rdx=Oop rax=Oop [104]=Oop [112]=Oop [128]=Oop [168]=Oop }
                      ;*synchronization entry
                      ; - jdk.internal.loader.BuiltinClassLoader::findClassInModuleOrNull@-1 (line 740)
                      ; - jdk.internal.loader.BuiltinClassLoader::loadClassOrNull@55 (line 665)
  0x000001bba7a8eaa8: 07e9 27f7 

  0x000001bba7a8eaac: ;   {metadata({method} {0x0000000800012e80} 'getSecurityManager' '()Ljava/lang/SecurityManager;' in 'java/lang/System')}
  0x000001bba7a8eaac: ffff 49ba | 782e 0100 | 0800 0000 | 4c89 5424 | 0848 c704 | 24ff ffff 

  0x000001bba7a8eac4: ;   {runtime_call counter_overflow Runtime1 stub}
  0x000001bba7a8eac4: ffe8 36fd 

  0x000001bba7a8eac8: ; ImmutableOopMap {rdx=Oop rax=Oop [104]=Oop [112]=Oop [128]=Oop [168]=Oop }
                      ;*synchronization entry
                      ; - java.lang.System::getSecurityManager@-1 (line 499)
                      ; - jdk.internal.loader.BuiltinClassLoader::findClassInModuleOrNull@0 (line 740)
                      ; - jdk.internal.loader.BuiltinClassLoader::loadClassOrNull@55 (line 665)
  0x000001bba7a8eac8: 4907 e945 

  0x000001bba7a8eacc: ;   {metadata({method} {0x0000000800012f98} 'allowSecurityManager' '()Z' in 'java/lang/System')}
  0x000001bba7a8eacc: f7ff ff49 | ba90 2f01 | 0008 0000 | 004c 8954 | 2408 48c7 | 0424 ffff 

  0x000001bba7a8eae4: ;   {runtime_call counter_overflow Runtime1 stub}
  0x000001bba7a8eae4: ffff e815 

  0x000001bba7a8eae8: ; ImmutableOopMap {rdx=Oop rax=Oop [104]=Oop [112]=Oop [128]=Oop [168]=Oop }
                      ;*synchronization entry
                      ; - java.lang.System::allowSecurityManager@-1 (line 207)
                      ; - java.lang.System::getSecurityManager@0 (line 499)
                      ; - jdk.internal.loader.BuiltinClassLoader::findClassInModuleOrNull@0 (line 740)
                      ; - jdk.internal.loader.BuiltinClassLoader::loadClassOrNull@55 (line 665)
  0x000001bba7a8eae8: fd49 07e9 | 63f7 ffff 

  0x000001bba7a8eaf0: ;   {runtime_call throw_null_pointer_exception Runtime1 stub}
  0x000001bba7a8eaf0: e82b ac49 

  0x000001bba7a8eaf4: ; ImmutableOopMap {rsi=Oop [104]=Oop [112]=Oop [128]=Oop [168]=Oop }
                      ;*invokevirtual loadClassOrNull {reexecute=0 rethrow=0 return_oop=0}
                      ; - jdk.internal.loader.BuiltinClassLoader::loadClassOrNull@66 (line 669)
                      ;   {metadata({method} {0x0000000800083678} 'loadClassOrNull' '(Ljava/lang/String;)Ljava/lang/Class;' in 'jdk/internal/loader/BuiltinClassLoader')}
  0x000001bba7a8eaf4: 0749 ba70 | 3608 0008 | 0000 004c | 8954 2408 | 48c7 0424 | ffff ffff 

  0x000001bba7a8eb0c: ;   {runtime_call counter_overflow Runtime1 stub}
  0x000001bba7a8eb0c: e8ef fc49 

  0x000001bba7a8eb10: ; ImmutableOopMap {rsi=Oop [104]=Oop [112]=Oop [128]=Oop [168]=Oop }
                      ;*synchronization entry
                      ; - jdk.internal.loader.BuiltinClassLoader::loadClassOrNull@-1 (line 700)
                      ; - jdk.internal.loader.BuiltinClassLoader::loadClassOrNull@66 (line 669)
  0x000001bba7a8eb10: 07e9 fcf7 

  0x000001bba7a8eb14: ;   {runtime_call throw_null_pointer_exception Runtime1 stub}
  0x000001bba7a8eb14: ffff e805 

  0x000001bba7a8eb18: ; ImmutableOopMap {rsi=Oop [104]=Oop [112]=Oop [128]=Oop [168]=Oop }
                      ;*invokevirtual loadClassOrNull {reexecute=0 rethrow=0 return_oop=0}
                      ; - jdk.internal.loader.BuiltinClassLoader::loadClassOrNull@86 (line 676)
                      ;   {metadata({method} {0x0000000800083678} 'loadClassOrNull' '(Ljava/lang/String;)Ljava/lang/Class;' in 'jdk/internal/loader/BuiltinClassLoader')}
  0x000001bba7a8eb18: ac49 0749 | ba70 3608 | 0008 0000 | 004c 8954 | 2408 48c7 | 0424 ffff 

  0x000001bba7a8eb30: ;   {runtime_call counter_overflow Runtime1 stub}
  0x000001bba7a8eb30: ffff e8c9 

  0x000001bba7a8eb34: ; ImmutableOopMap {rsi=Oop [104]=Oop [112]=Oop [128]=Oop [168]=Oop }
                      ;*synchronization entry
                      ; - jdk.internal.loader.BuiltinClassLoader::loadClassOrNull@-1 (line 700)
                      ; - jdk.internal.loader.BuiltinClassLoader::loadClassOrNull@86 (line 676)
  0x000001bba7a8eb34: fc49 07e9 | 3cf9 ffff 

  0x000001bba7a8eb3c: ;   {metadata({method} {0x0000000800082e38} 'hasClassPath' '()Z' in 'jdk/internal/loader/BuiltinClassLoader')}
  0x000001bba7a8eb3c: 49ba 302e | 0800 0800 | 0000 4c89 | 5424 0848 | c704 24ff 

  0x000001bba7a8eb50: ;   {runtime_call counter_overflow Runtime1 stub}
  0x000001bba7a8eb50: ffff ffe8 

  0x000001bba7a8eb54: ; ImmutableOopMap {rdx=Oop rsi=Oop [104]=Oop [112]=Oop [128]=Oop [168]=Oop }
                      ;*synchronization entry
                      ; - jdk.internal.loader.BuiltinClassLoader::hasClassPath@-1 (line 223)
                      ; - jdk.internal.loader.BuiltinClassLoader::loadClassOrNull@97 (line 680)
  0x000001bba7a8eb54: a8fc 4907 | e9dd faff 

  0x000001bba7a8eb5c: ;   {metadata({method} {0x000000080044ef90} 'isModuleSystemInited' '()Z' in 'jdk/internal/misc/VM')}
  0x000001bba7a8eb5c: ff49 ba88 | ef44 0008 | 0000 004c | 8954 2408 | 48c7 0424 | ffff ffff 

  0x000001bba7a8eb74: ;   {runtime_call counter_overflow Runtime1 stub}
  0x000001bba7a8eb74: e887 fc49 

  0x000001bba7a8eb78: ; ImmutableOopMap {rdx=Oop rsi=Oop [104]=Oop [112]=Oop [128]=Oop [168]=Oop }
                      ;*synchronization entry
                      ; - jdk.internal.misc.VM::isModuleSystemInited@-1 (line 91)
                      ; - jdk.internal.loader.BuiltinClassLoader::loadClassOrNull@103 (line 680)
  0x000001bba7a8eb78: 07e9 9afb 

  0x000001bba7a8eb7c: ;   {metadata({method} {0x0000000800435ff8} 'resolveClass' '(Ljava/lang/Class;)V' in 'java/lang/ClassLoader')}
  0x000001bba7a8eb7c: ffff 49ba | f05f 4300 | 0800 0000 | 4c89 5424 | 0848 c704 | 24ff ffff 

  0x000001bba7a8eb94: ;   {runtime_call counter_overflow Runtime1 stub}
  0x000001bba7a8eb94: ffe8 66fc 

  0x000001bba7a8eb98: ; ImmutableOopMap {rsi=Oop [128]=Oop [168]=Oop }
                      ;*synchronization entry
                      ; - java.lang.ClassLoader::resolveClass@-1 (line 1223)
                      ; - jdk.internal.loader.BuiltinClassLoader::loadClassOrNull@128 (line 688)
  0x000001bba7a8eb98: 4907 e908 | fdff ff48 | 8d84 24a0 | 0000 0048 

  0x000001bba7a8eba8: ;   {runtime_call monitorexit_nofpu Runtime1 stub}
  0x000001bba7a8eba8: 8904 24e8 | 50e1 4907 | e94f fdff 

  0x000001bba7a8ebb4: ;   {internal_word}
  0x000001bba7a8ebb4: ff49 ba0f | e9a8 a7bb | 0100 004d | 8997 9003 

  0x000001bba7a8ebc4: ;   {runtime_call SafepointBlob}
  0x000001bba7a8ebc4: 0000 e935 

  0x000001bba7a8ebc8: ;   {metadata(NULL)}
  0x000001bba7a8ebc8: 923f 0748 | ba00 0000 | 0000 0000 | 00b8 000f 

  0x000001bba7a8ebd8: ;   {runtime_call load_klass_patching Runtime1 stub}
  0x000001bba7a8ebd8: 050a e8a1 

  0x000001bba7a8ebdc: ; ImmutableOopMap {[128]=Oop [152]=Oop [168]=Oop }
                      ;*new {reexecute=1 rethrow=0 return_oop=0}
                      ; - (reexecute) java.lang.ClassLoader::resolveClass@4 (line 1224)
                      ; - jdk.internal.loader.BuiltinClassLoader::loadClassOrNull@128 (line 688)
  0x000001bba7a8ebdc: eb49 07e9 | 44fd ffff 

  0x000001bba7a8ebe4: ;   {runtime_call fast_new_instance Runtime1 stub}
  0x000001bba7a8ebe4: 488b d2e8 

  0x000001bba7a8ebe8: ; ImmutableOopMap {[128]=Oop [152]=Oop [168]=Oop }
                      ;*new {reexecute=0 rethrow=0 return_oop=0}
                      ; - java.lang.ClassLoader::resolveClass@4 (line 1224)
                      ; - jdk.internal.loader.BuiltinClassLoader::loadClassOrNull@128 (line 688)
  0x000001bba7a8ebe8: 14b4 4907 | e993 fdff | ff48 8d84 | 24a0 0000 | 0048 8904 

  0x000001bba7a8ebfc: ;   {runtime_call monitorexit_nofpu Runtime1 stub}
  0x000001bba7a8ebfc: 24e8 fee0 | 4907 e9fe | fdff ff49 | 8b87 2004 | 0000 49c7 | 8720 0400 | 0000 0000 | 0049 c787 
  0x000001bba7a8ec1c: 2804 0000 | 0000 0000 | 4881 c4c0 | 0000 005d 

  0x000001bba7a8ec2c: ;   {runtime_call unwind_exception Runtime1 stub}
  0x000001bba7a8ec2c: e94f cb40 | 07f4 f4f4 | f4f4 f4f4 | f4f4 f4f4 | f4f4 f4f4 
[Stub Code]
  0x000001bba7a8ec40: ;   {no_reloc}
  0x000001bba7a8ec40: 0f1f 4400 

  0x000001bba7a8ec44: ;   {static_stub}
  0x000001bba7a8ec44: 0048 bb00 | 0000 0000 

  0x000001bba7a8ec4c: ;   {runtime_call}
  0x000001bba7a8ec4c: 0000 00e9 | fbff ffff 

  0x000001bba7a8ec54: ;   {static_stub}
  0x000001bba7a8ec54: 9048 bb00 | 0000 0000 

  0x000001bba7a8ec5c: ;   {runtime_call}
  0x000001bba7a8ec5c: 0000 00e9 | fbff ffff 

  0x000001bba7a8ec64: ;   {static_stub}
  0x000001bba7a8ec64: 9048 bb00 | 0000 0000 

  0x000001bba7a8ec6c: ;   {runtime_call}
  0x000001bba7a8ec6c: 0000 00e9 | fbff ffff 

  0x000001bba7a8ec74: ;   {static_stub}
  0x000001bba7a8ec74: 9048 bb00 | 0000 0000 

  0x000001bba7a8ec7c: ;   {runtime_call}
  0x000001bba7a8ec7c: 0000 00e9 | fbff ffff 

  0x000001bba7a8ec84: ;   {static_stub}
  0x000001bba7a8ec84: 9048 bb00 | 0000 0000 

  0x000001bba7a8ec8c: ;   {runtime_call}
  0x000001bba7a8ec8c: 0000 00e9 | fbff ffff 

  0x000001bba7a8ec94: ;   {static_stub}
  0x000001bba7a8ec94: 9048 bb00 | 0000 0000 

  0x000001bba7a8ec9c: ;   {runtime_call}
  0x000001bba7a8ec9c: 0000 00e9 | fbff ffff 

  0x000001bba7a8eca4: ;   {static_stub}
  0x000001bba7a8eca4: 9048 bb00 | 0000 0000 

  0x000001bba7a8ecac: ;   {runtime_call}
  0x000001bba7a8ecac: 0000 00e9 | fbff ffff 

  0x000001bba7a8ecb4: ;   {static_stub}
  0x000001bba7a8ecb4: 9048 bb18 | 3608 0008 

  0x000001bba7a8ecbc: ;   {runtime_call I2C/C2I adapters}
  0x000001bba7a8ecbc: 0000 00e9 | 997d 3f07 

  0x000001bba7a8ecc4: ;   {static_stub}
  0x000001bba7a8ecc4: 9048 bb00 | 0000 0000 

  0x000001bba7a8eccc: ;   {runtime_call}
  0x000001bba7a8eccc: 0000 00e9 | fbff ffff 
[Exception Handler]
  0x000001bba7a8ecd4: ;   {runtime_call handle_exception_from_callee Runtime1 stub}
  0x000001bba7a8ecd4: e827 c849 

  0x000001bba7a8ecd8: ;   {external_word}
  0x000001bba7a8ecd8: 0748 b928 | 4941 1ffd | 7f00 0048 

  0x000001bba7a8ece4: ;   {runtime_call}
  0x000001bba7a8ece4: 83e4 f049 | bab0 f80c | 1ffd 7f00 | 0041 ffd2 

  0x000001bba7a8ecf4: ;   {section_word}
  0x000001bba7a8ecf4: f449 baf5 | eca8 a7bb | 0100 0041 

  0x000001bba7a8ed00: ;   {runtime_call DeoptimizationBlob}
  0x000001bba7a8ed00: 52e9 9a83 | 3f07 f4f4 
[/MachCode]


---------------  P R O C E S S  ---------------

Threads class SMR info:
_java_thread_list=0x000001bbc7b53a90, length=17, elements={
0x000001bb9fa6de30, 0x000001bbc377cf90, 0x000001bbc377fc90, 0x000001bbc3786360,
0x000001bbc37848d0, 0x000001bbc3785370, 0x000001bbc3784e20, 0x000001bbc3794a40,
0x000001bbc379d3c0, 0x000001bbc37858c0, 0x000001bbc7a19950, 0x000001bbc7a1ff00,
0x000001bbc3785e10, 0x000001bbc3782e40, 0x000001bbc3783390, 0x000001bbc7c25140,
0x000001bbc37838e0
}

Java Threads: ( => current thread )
=>0x000001bb9fa6de30 JavaThread "main" [_thread_in_vm, id=25044, stack(0x00000004e6800000,0x00000004e6900000)]
  0x000001bbc377cf90 JavaThread "Reference Handler" daemon [_thread_blocked, id=2660, stack(0x00000004e6f00000,0x00000004e7000000)]
  0x000001bbc377fc90 JavaThread "Finalizer" daemon [_thread_blocked, id=15260, stack(0x00000004e7000000,0x00000004e7100000)]
  0x000001bbc3786360 JavaThread "Signal Dispatcher" daemon [_thread_blocked, id=20444, stack(0x00000004e7100000,0x00000004e7200000)]
  0x000001bbc37848d0 JavaThread "Attach Listener" daemon [_thread_blocked, id=17788, stack(0x00000004e7200000,0x00000004e7300000)]
  0x000001bbc3785370 JavaThread "Service Thread" daemon [_thread_blocked, id=22040, stack(0x00000004e7300000,0x00000004e7400000)]
  0x000001bbc3784e20 JavaThread "Monitor Deflation Thread" daemon [_thread_blocked, id=22556, stack(0x00000004e7400000,0x00000004e7500000)]
  0x000001bbc3794a40 JavaThread "C2 CompilerThread0" daemon [_thread_blocked, id=23628, stack(0x00000004e7500000,0x00000004e7600000)]
  0x000001bbc379d3c0 JavaThread "C1 CompilerThread0" daemon [_thread_blocked, id=7388, stack(0x00000004e7600000,0x00000004e7700000)]
  0x000001bbc37858c0 JavaThread "Sweeper thread" daemon [_thread_blocked, id=13496, stack(0x00000004e7700000,0x00000004e7800000)]
  0x000001bbc7a19950 JavaThread "C1 CompilerThread1" daemon [_thread_blocked, id=13344, stack(0x00000004e7800000,0x00000004e7900000)]
  0x000001bbc7a1ff00 JavaThread "C1 CompilerThread2" daemon [_thread_blocked, id=15328, stack(0x00000004e7900000,0x00000004e7a00000)]
  0x000001bbc3785e10 JavaThread "Notification Thread" daemon [_thread_blocked, id=23660, stack(0x00000004e7a00000,0x00000004e7b00000)]
  0x000001bbc3782e40 JavaThread "Common-Cleaner" daemon [_thread_blocked, id=1416, stack(0x00000004e7c00000,0x00000004e7d00000)]
  0x000001bbc3783390 JavaThread "surefire-forkedjvm-command-thread" daemon [_thread_in_native, id=22472, stack(0x00000004e7d00000,0x00000004e7e00000)]
  0x000001bbc7c25140 JavaThread "C2 CompilerThread1" daemon [_thread_blocked, id=28004, stack(0x00000004e7e00000,0x00000004e7f00000)]
  0x000001bbc37838e0 JavaThread "surefire-forkedjvm-ping-30s" daemon [_thread_blocked, id=1772, stack(0x00000004e7f00000,0x00000004e8000000)]

Other Threads:
  0x000001bbc3766d30 VMThread "VM Thread" [stack: 0x00000004e6e00000,0x00000004e6f00000] [id=10988]
  0x000001bbc7a2eea0 WatcherThread "VM Periodic Task Thread" [stack: 0x00000004e7b00000,0x00000004e7c00000] [id=19656]
  0x000001bb9fae09f0 WorkerThread "GC Thread#0" [stack: 0x00000004e6900000,0x00000004e6a00000] [id=2308]
  0x000001bb9faf1360 ConcurrentGCThread "G1 Main Marker" [stack: 0x00000004e6a00000,0x00000004e6b00000] [id=12700]
  0x000001bb9faf26d0 WorkerThread "G1 Conc#0" [stack: 0x00000004e6b00000,0x00000004e6c00000] [id=6220]
  0x000001bbc361da30 ConcurrentGCThread "G1 Refine#0" [stack: 0x00000004e6c00000,0x00000004e6d00000] [id=16716]
  0x000001bbc361f490 ConcurrentGCThread "G1 Service" [stack: 0x00000004e6d00000,0x00000004e6e00000] [id=20976]

Threads with active compile tasks:

VM state: not at safepoint (normal execution)

VM Mutex/Monitor currently owned by a thread:  ([mutex/lock_event])
[0x000001bb9fa68210] Metaspace_lock - owner thread: 0x000001bb9fa6de30

OutOfMemory and StackOverflow Exception counts:
OutOfMemoryError java_heap_errors=1
LinkageErrors=2

Heap address: 0x0000000705e00000, size: 4002 MB, Compressed Oops mode: Zero based, Oop shift amount: 3

CDS archive(s) mapped at: [0x0000000800000000-0x0000000800c40000-0x0000000800c40000), size 12845056, SharedBaseAddress: 0x0000000800000000, ArchiveRelocationMode: 0.
Compressed class space mapped at: 0x0000000801000000-0x0000000841000000, reserved size: 1073741824
Narrow klass base: 0x0000000800000000, Narrow klass shift: 0, Narrow klass range: 0x100000000

GC Precious Log:
 CardTable entry size: 512
 Card Set container configuration: InlinePtr #cards 4 size 8 Array Of Cards #cards 16 size 48 Howl #buckets 8 coarsen threshold 3686 Howl Bitmap #cards 512 size 80 coarsen threshold 460 Card regions per heap region 1 cards per card region 4096
 CPUs: 16 total, 16 available
 Memory: 16005M
 Large Page Support: Disabled
 NUMA Support: Disabled
 Compressed Oops: Enabled (Zero based)
 Heap Region Size: 2M
 Heap Min Capacity: 8M
 Heap Initial Capacity: 252M
 Heap Max Capacity: 4002M
 Pre-touch: Disabled
 Parallel Workers: 13
 Concurrent Workers: 3
 Concurrent Refinement Workers: 13
 Periodic GC: Disabled

Heap:
 garbage-first heap   total 258048K, used 8192K [0x0000000705e00000, 0x0000000800000000)
  region size 2048K, 5 young (10240K), 0 survivors (0K)
 Metaspace       used 1903K, committed 1984K, reserved 1114112K
  class space    used 163K, committed 192K, reserved 1048576K

Heap Regions: E=young(eden), S=young(survivor), O=old, HS=humongous(starts), HC=humongous(continues), CS=collection set, F=free, OA=open archive, CA=closed archive, TAMS=top-at-mark-start (previous, next)
|   0|0x0000000705e00000, 0x0000000705e00000, 0x0000000706000000|  0%| F|  |TAMS 0x0000000705e00000, 0x0000000705e00000| Untracked 
|   1|0x0000000706000000, 0x0000000706000000, 0x0000000706200000|  0%| F|  |TAMS 0x0000000706000000, 0x0000000706000000| Untracked 
|   2|0x0000000706200000, 0x0000000706200000, 0x0000000706400000|  0%| F|  |TAMS 0x0000000706200000, 0x0000000706200000| Untracked 
|   3|0x0000000706400000, 0x0000000706400000, 0x0000000706600000|  0%| F|  |TAMS 0x0000000706400000, 0x0000000706400000| Untracked 
|   4|0x0000000706600000, 0x0000000706600000, 0x0000000706800000|  0%| F|  |TAMS 0x0000000706600000, 0x0000000706600000| Untracked 
|   5|0x0000000706800000, 0x0000000706800000, 0x0000000706a00000|  0%| F|  |TAMS 0x0000000706800000, 0x0000000706800000| Untracked 
|   6|0x0000000706a00000, 0x0000000706a00000, 0x0000000706c00000|  0%| F|  |TAMS 0x0000000706a00000, 0x0000000706a00000| Untracked 
|   7|0x0000000706c00000, 0x0000000706c00000, 0x0000000706e00000|  0%| F|  |TAMS 0x0000000706c00000, 0x0000000706c00000| Untracked 
|   8|0x0000000706e00000, 0x0000000706e00000, 0x0000000707000000|  0%| F|  |TAMS 0x0000000706e00000, 0x0000000706e00000| Untracked 
|   9|0x0000000707000000, 0x0000000707000000, 0x0000000707200000|  0%| F|  |TAMS 0x0000000707000000, 0x0000000707000000| Untracked 
|  10|0x0000000707200000, 0x0000000707200000, 0x0000000707400000|  0%| F|  |TAMS 0x0000000707200000, 0x0000000707200000| Untracked 
|  11|0x0000000707400000, 0x0000000707400000, 0x0000000707600000|  0%| F|  |TAMS 0x0000000707400000, 0x0000000707400000| Untracked 
|  12|0x0000000707600000, 0x0000000707600000, 0x0000000707800000|  0%| F|  |TAMS 0x0000000707600000, 0x0000000707600000| Untracked 
|  13|0x0000000707800000, 0x0000000707800000, 0x0000000707a00000|  0%| F|  |TAMS 0x0000000707800000, 0x0000000707800000| Untracked 
|  14|0x0000000707a00000, 0x0000000707a00000, 0x0000000707c00000|  0%| F|  |TAMS 0x0000000707a00000, 0x0000000707a00000| Untracked 
|  15|0x0000000707c00000, 0x0000000707c00000, 0x0000000707e00000|  0%| F|  |TAMS 0x0000000707c00000, 0x0000000707c00000| Untracked 
|  16|0x0000000707e00000, 0x0000000707e00000, 0x0000000708000000|  0%| F|  |TAMS 0x0000000707e00000, 0x0000000707e00000| Untracked 
|  17|0x0000000708000000, 0x0000000708000000, 0x0000000708200000|  0%| F|  |TAMS 0x0000000708000000, 0x0000000708000000| Untracked 
|  18|0x0000000708200000, 0x0000000708200000, 0x0000000708400000|  0%| F|  |TAMS 0x0000000708200000, 0x0000000708200000| Untracked 
|  19|0x0000000708400000, 0x0000000708400000, 0x0000000708600000|  0%| F|  |TAMS 0x0000000708400000, 0x0000000708400000| Untracked 
|  20|0x0000000708600000, 0x0000000708600000, 0x0000000708800000|  0%| F|  |TAMS 0x0000000708600000, 0x0000000708600000| Untracked 
|  21|0x0000000708800000, 0x0000000708800000, 0x0000000708a00000|  0%| F|  |TAMS 0x0000000708800000, 0x0000000708800000| Untracked 
|  22|0x0000000708a00000, 0x0000000708a00000, 0x0000000708c00000|  0%| F|  |TAMS 0x0000000708a00000, 0x0000000708a00000| Untracked 
|  23|0x0000000708c00000, 0x0000000708c00000, 0x0000000708e00000|  0%| F|  |TAMS 0x0000000708c00000, 0x0000000708c00000| Untracked 
|  24|0x0000000708e00000, 0x0000000708e00000, 0x0000000709000000|  0%| F|  |TAMS 0x0000000708e00000, 0x0000000708e00000| Untracked 
|  25|0x0000000709000000, 0x0000000709000000, 0x0000000709200000|  0%| F|  |TAMS 0x0000000709000000, 0x0000000709000000| Untracked 
|  26|0x0000000709200000, 0x0000000709200000, 0x0000000709400000|  0%| F|  |TAMS 0x0000000709200000, 0x0000000709200000| Untracked 
|  27|0x0000000709400000, 0x0000000709400000, 0x0000000709600000|  0%| F|  |TAMS 0x0000000709400000, 0x0000000709400000| Untracked 
|  28|0x0000000709600000, 0x0000000709600000, 0x0000000709800000|  0%| F|  |TAMS 0x0000000709600000, 0x0000000709600000| Untracked 
|  29|0x0000000709800000, 0x0000000709800000, 0x0000000709a00000|  0%| F|  |TAMS 0x0000000709800000, 0x0000000709800000| Untracked 
|  30|0x0000000709a00000, 0x0000000709a00000, 0x0000000709c00000|  0%| F|  |TAMS 0x0000000709a00000, 0x0000000709a00000| Untracked 
|  31|0x0000000709c00000, 0x0000000709c00000, 0x0000000709e00000|  0%| F|  |TAMS 0x0000000709c00000, 0x0000000709c00000| Untracked 
|  32|0x0000000709e00000, 0x0000000709e00000, 0x000000070a000000|  0%| F|  |TAMS 0x0000000709e00000, 0x0000000709e00000| Untracked 
|  33|0x000000070a000000, 0x000000070a000000, 0x000000070a200000|  0%| F|  |TAMS 0x000000070a000000, 0x000000070a000000| Untracked 
|  34|0x000000070a200000, 0x000000070a200000, 0x000000070a400000|  0%| F|  |TAMS 0x000000070a200000, 0x000000070a200000| Untracked 
|  35|0x000000070a400000, 0x000000070a400000, 0x000000070a600000|  0%| F|  |TAMS 0x000000070a400000, 0x000000070a400000| Untracked 
|  36|0x000000070a600000, 0x000000070a600000, 0x000000070a800000|  0%| F|  |TAMS 0x000000070a600000, 0x000000070a600000| Untracked 
|  37|0x000000070a800000, 0x000000070a800000, 0x000000070aa00000|  0%| F|  |TAMS 0x000000070a800000, 0x000000070a800000| Untracked 
|  38|0x000000070aa00000, 0x000000070aa00000, 0x000000070ac00000|  0%| F|  |TAMS 0x000000070aa00000, 0x000000070aa00000| Untracked 
|  39|0x000000070ac00000, 0x000000070ac00000, 0x000000070ae00000|  0%| F|  |TAMS 0x000000070ac00000, 0x000000070ac00000| Untracked 
|  40|0x000000070ae00000, 0x000000070ae00000, 0x000000070b000000|  0%| F|  |TAMS 0x000000070ae00000, 0x000000070ae00000| Untracked 
|  41|0x000000070b000000, 0x000000070b000000, 0x000000070b200000|  0%| F|  |TAMS 0x000000070b000000, 0x000000070b000000| Untracked 
|  42|0x000000070b200000, 0x000000070b200000, 0x000000070b400000|  0%| F|  |TAMS 0x000000070b200000, 0x000000070b200000| Untracked 
|  43|0x000000070b400000, 0x000000070b400000, 0x000000070b600000|  0%| F|  |TAMS 0x000000070b400000, 0x000000070b400000| Untracked 
|  44|0x000000070b600000, 0x000000070b600000, 0x000000070b800000|  0%| F|  |TAMS 0x000000070b600000, 0x000000070b600000| Untracked 
|  45|0x000000070b800000, 0x000000070b800000, 0x000000070ba00000|  0%| F|  |TAMS 0x000000070b800000, 0x000000070b800000| Untracked 
|  46|0x000000070ba00000, 0x000000070ba00000, 0x000000070bc00000|  0%| F|  |TAMS 0x000000070ba00000, 0x000000070ba00000| Untracked 
|  47|0x000000070bc00000, 0x000000070bc00000, 0x000000070be00000|  0%| F|  |TAMS 0x000000070bc00000, 0x000000070bc00000| Untracked 
|  48|0x000000070be00000, 0x000000070be00000, 0x000000070c000000|  0%| F|  |TAMS 0x000000070be00000, 0x000000070be00000| Untracked 
|  49|0x000000070c000000, 0x000000070c000000, 0x000000070c200000|  0%| F|  |TAMS 0x000000070c000000, 0x000000070c000000| Untracked 
|  50|0x000000070c200000, 0x000000070c200000, 0x000000070c400000|  0%| F|  |TAMS 0x000000070c200000, 0x000000070c200000| Untracked 
|  51|0x000000070c400000, 0x000000070c400000, 0x000000070c600000|  0%| F|  |TAMS 0x000000070c400000, 0x000000070c400000| Untracked 
|  52|0x000000070c600000, 0x000000070c600000, 0x000000070c800000|  0%| F|  |TAMS 0x000000070c600000, 0x000000070c600000| Untracked 
|  53|0x000000070c800000, 0x000000070c800000, 0x000000070ca00000|  0%| F|  |TAMS 0x000000070c800000, 0x000000070c800000| Untracked 
|  54|0x000000070ca00000, 0x000000070ca00000, 0x000000070cc00000|  0%| F|  |TAMS 0x000000070ca00000, 0x000000070ca00000| Untracked 
|  55|0x000000070cc00000, 0x000000070cc00000, 0x000000070ce00000|  0%| F|  |TAMS 0x000000070cc00000, 0x000000070cc00000| Untracked 
|  56|0x000000070ce00000, 0x000000070ce00000, 0x000000070d000000|  0%| F|  |TAMS 0x000000070ce00000, 0x000000070ce00000| Untracked 
|  57|0x000000070d000000, 0x000000070d000000, 0x000000070d200000|  0%| F|  |TAMS 0x000000070d000000, 0x000000070d000000| Untracked 
|  58|0x000000070d200000, 0x000000070d200000, 0x000000070d400000|  0%| F|  |TAMS 0x000000070d200000, 0x000000070d200000| Untracked 
|  59|0x000000070d400000, 0x000000070d400000, 0x000000070d600000|  0%| F|  |TAMS 0x000000070d400000, 0x000000070d400000| Untracked 
|  60|0x000000070d600000, 0x000000070d600000, 0x000000070d800000|  0%| F|  |TAMS 0x000000070d600000, 0x000000070d600000| Untracked 
|  61|0x000000070d800000, 0x000000070d800000, 0x000000070da00000|  0%| F|  |TAMS 0x000000070d800000, 0x000000070d800000| Untracked 
|  62|0x000000070da00000, 0x000000070da00000, 0x000000070dc00000|  0%| F|  |TAMS 0x000000070da00000, 0x000000070da00000| Untracked 
|  63|0x000000070dc00000, 0x000000070dc00000, 0x000000070de00000|  0%| F|  |TAMS 0x000000070dc00000, 0x000000070dc00000| Untracked 
|  64|0x000000070de00000, 0x000000070de00000, 0x000000070e000000|  0%| F|  |TAMS 0x000000070de00000, 0x000000070de00000| Untracked 
|  65|0x000000070e000000, 0x000000070e000000, 0x000000070e200000|  0%| F|  |TAMS 0x000000070e000000, 0x000000070e000000| Untracked 
|  66|0x000000070e200000, 0x000000070e200000, 0x000000070e400000|  0%| F|  |TAMS 0x000000070e200000, 0x000000070e200000| Untracked 
|  67|0x000000070e400000, 0x000000070e400000, 0x000000070e600000|  0%| F|  |TAMS 0x000000070e400000, 0x000000070e400000| Untracked 
|  68|0x000000070e600000, 0x000000070e600000, 0x000000070e800000|  0%| F|  |TAMS 0x000000070e600000, 0x000000070e600000| Untracked 
|  69|0x000000070e800000, 0x000000070e800000, 0x000000070ea00000|  0%| F|  |TAMS 0x000000070e800000, 0x000000070e800000| Untracked 
|  70|0x000000070ea00000, 0x000000070ea00000, 0x000000070ec00000|  0%| F|  |TAMS 0x000000070ea00000, 0x000000070ea00000| Untracked 
|  71|0x000000070ec00000, 0x000000070ec00000, 0x000000070ee00000|  0%| F|  |TAMS 0x000000070ec00000, 0x000000070ec00000| Untracked 
|  72|0x000000070ee00000, 0x000000070ee00000, 0x000000070f000000|  0%| F|  |TAMS 0x000000070ee00000, 0x000000070ee00000| Untracked 
|  73|0x000000070f000000, 0x000000070f000000, 0x000000070f200000|  0%| F|  |TAMS 0x000000070f000000, 0x000000070f000000| Untracked 
|  74|0x000000070f200000, 0x000000070f200000, 0x000000070f400000|  0%| F|  |TAMS 0x000000070f200000, 0x000000070f200000| Untracked 
|  75|0x000000070f400000, 0x000000070f400000, 0x000000070f600000|  0%| F|  |TAMS 0x000000070f400000, 0x000000070f400000| Untracked 
|  76|0x000000070f600000, 0x000000070f600000, 0x000000070f800000|  0%| F|  |TAMS 0x000000070f600000, 0x000000070f600000| Untracked 
|  77|0x000000070f800000, 0x000000070f800000, 0x000000070fa00000|  0%| F|  |TAMS 0x000000070f800000, 0x000000070f800000| Untracked 
|  78|0x000000070fa00000, 0x000000070fa00000, 0x000000070fc00000|  0%| F|  |TAMS 0x000000070fa00000, 0x000000070fa00000| Untracked 
|  79|0x000000070fc00000, 0x000000070fc00000, 0x000000070fe00000|  0%| F|  |TAMS 0x000000070fc00000, 0x000000070fc00000| Untracked 
|  80|0x000000070fe00000, 0x000000070fe00000, 0x0000000710000000|  0%| F|  |TAMS 0x000000070fe00000, 0x000000070fe00000| Untracked 
|  81|0x0000000710000000, 0x0000000710000000, 0x0000000710200000|  0%| F|  |TAMS 0x0000000710000000, 0x0000000710000000| Untracked 
|  82|0x0000000710200000, 0x0000000710200000, 0x0000000710400000|  0%| F|  |TAMS 0x0000000710200000, 0x0000000710200000| Untracked 
|  83|0x0000000710400000, 0x0000000710400000, 0x0000000710600000|  0%| F|  |TAMS 0x0000000710400000, 0x0000000710400000| Untracked 
|  84|0x0000000710600000, 0x0000000710600000, 0x0000000710800000|  0%| F|  |TAMS 0x0000000710600000, 0x0000000710600000| Untracked 
|  85|0x0000000710800000, 0x0000000710800000, 0x0000000710a00000|  0%| F|  |TAMS 0x0000000710800000, 0x0000000710800000| Untracked 
|  86|0x0000000710a00000, 0x0000000710a00000, 0x0000000710c00000|  0%| F|  |TAMS 0x0000000710a00000, 0x0000000710a00000| Untracked 
|  87|0x0000000710c00000, 0x0000000710c00000, 0x0000000710e00000|  0%| F|  |TAMS 0x0000000710c00000, 0x0000000710c00000| Untracked 
|  88|0x0000000710e00000, 0x0000000710e00000, 0x0000000711000000|  0%| F|  |TAMS 0x0000000710e00000, 0x0000000710e00000| Untracked 
|  89|0x0000000711000000, 0x0000000711000000, 0x0000000711200000|  0%| F|  |TAMS 0x0000000711000000, 0x0000000711000000| Untracked 
|  90|0x0000000711200000, 0x0000000711200000, 0x0000000711400000|  0%| F|  |TAMS 0x0000000711200000, 0x0000000711200000| Untracked 
|  91|0x0000000711400000, 0x0000000711400000, 0x0000000711600000|  0%| F|  |TAMS 0x0000000711400000, 0x0000000711400000| Untracked 
|  92|0x0000000711600000, 0x0000000711600000, 0x0000000711800000|  0%| F|  |TAMS 0x0000000711600000, 0x0000000711600000| Untracked 
|  93|0x0000000711800000, 0x0000000711800000, 0x0000000711a00000|  0%| F|  |TAMS 0x0000000711800000, 0x0000000711800000| Untracked 
|  94|0x0000000711a00000, 0x0000000711a00000, 0x0000000711c00000|  0%| F|  |TAMS 0x0000000711a00000, 0x0000000711a00000| Untracked 
|  95|0x0000000711c00000, 0x0000000711c00000, 0x0000000711e00000|  0%| F|  |TAMS 0x0000000711c00000, 0x0000000711c00000| Untracked 
|  96|0x0000000711e00000, 0x0000000711e00000, 0x0000000712000000|  0%| F|  |TAMS 0x0000000711e00000, 0x0000000711e00000| Untracked 
|  97|0x0000000712000000, 0x0000000712000000, 0x0000000712200000|  0%| F|  |TAMS 0x0000000712000000, 0x0000000712000000| Untracked 
|  98|0x0000000712200000, 0x0000000712200000, 0x0000000712400000|  0%| F|  |TAMS 0x0000000712200000, 0x0000000712200000| Untracked 
|  99|0x0000000712400000, 0x0000000712400000, 0x0000000712600000|  0%| F|  |TAMS 0x0000000712400000, 0x0000000712400000| Untracked 
| 100|0x0000000712600000, 0x0000000712600000, 0x0000000712800000|  0%| F|  |TAMS 0x0000000712600000, 0x0000000712600000| Untracked 
| 101|0x0000000712800000, 0x0000000712800000, 0x0000000712a00000|  0%| F|  |TAMS 0x0000000712800000, 0x0000000712800000| Untracked 
| 102|0x0000000712a00000, 0x0000000712a00000, 0x0000000712c00000|  0%| F|  |TAMS 0x0000000712a00000, 0x0000000712a00000| Untracked 
| 103|0x0000000712c00000, 0x0000000712c00000, 0x0000000712e00000|  0%| F|  |TAMS 0x0000000712c00000, 0x0000000712c00000| Untracked 
| 104|0x0000000712e00000, 0x0000000712e00000, 0x0000000713000000|  0%| F|  |TAMS 0x0000000712e00000, 0x0000000712e00000| Untracked 
| 105|0x0000000713000000, 0x0000000713000000, 0x0000000713200000|  0%| F|  |TAMS 0x0000000713000000, 0x0000000713000000| Untracked 
| 106|0x0000000713200000, 0x0000000713200000, 0x0000000713400000|  0%| F|  |TAMS 0x0000000713200000, 0x0000000713200000| Untracked 
| 107|0x0000000713400000, 0x0000000713400000, 0x0000000713600000|  0%| F|  |TAMS 0x0000000713400000, 0x0000000713400000| Untracked 
| 108|0x0000000713600000, 0x0000000713600000, 0x0000000713800000|  0%| F|  |TAMS 0x0000000713600000, 0x0000000713600000| Untracked 
| 109|0x0000000713800000, 0x0000000713800000, 0x0000000713a00000|  0%| F|  |TAMS 0x0000000713800000, 0x0000000713800000| Untracked 
| 110|0x0000000713a00000, 0x0000000713a00000, 0x0000000713c00000|  0%| F|  |TAMS 0x0000000713a00000, 0x0000000713a00000| Untracked 
| 111|0x0000000713c00000, 0x0000000713c00000, 0x0000000713e00000|  0%| F|  |TAMS 0x0000000713c00000, 0x0000000713c00000| Untracked 
| 112|0x0000000713e00000, 0x0000000713e00000, 0x0000000714000000|  0%| F|  |TAMS 0x0000000713e00000, 0x0000000713e00000| Untracked 
| 113|0x0000000714000000, 0x0000000714000000, 0x0000000714200000|  0%| F|  |TAMS 0x0000000714000000, 0x0000000714000000| Untracked 
| 114|0x0000000714200000, 0x0000000714200000, 0x0000000714400000|  0%| F|  |TAMS 0x0000000714200000, 0x0000000714200000| Untracked 
| 115|0x0000000714400000, 0x0000000714400000, 0x0000000714600000|  0%| F|  |TAMS 0x0000000714400000, 0x0000000714400000| Untracked 
| 116|0x0000000714600000, 0x0000000714600000, 0x0000000714800000|  0%| F|  |TAMS 0x0000000714600000, 0x0000000714600000| Untracked 
| 117|0x0000000714800000, 0x0000000714800000, 0x0000000714a00000|  0%| F|  |TAMS 0x0000000714800000, 0x0000000714800000| Untracked 
| 118|0x0000000714a00000, 0x0000000714a00000, 0x0000000714c00000|  0%| F|  |TAMS 0x0000000714a00000, 0x0000000714a00000| Untracked 
| 119|0x0000000714c00000, 0x0000000714c00000, 0x0000000714e00000|  0%| F|  |TAMS 0x0000000714c00000, 0x0000000714c00000| Untracked 
| 120|0x0000000714e00000, 0x0000000714e00000, 0x0000000715000000|  0%| F|  |TAMS 0x0000000714e00000, 0x0000000714e00000| Untracked 
| 121|0x0000000715000000, 0x0000000715200000, 0x0000000715200000|100%| E|  |TAMS 0x0000000715000000, 0x0000000715000000| Complete 
| 122|0x0000000715200000, 0x0000000715400000, 0x0000000715400000|100%| E|CS|TAMS 0x0000000715200000, 0x0000000715200000| Complete 
| 123|0x0000000715400000, 0x0000000715600000, 0x0000000715600000|100%| E|CS|TAMS 0x0000000715400000, 0x0000000715400000| Complete 
| 124|0x0000000715600000, 0x0000000715800000, 0x0000000715800000|100%| E|CS|TAMS 0x0000000715600000, 0x0000000715600000| Complete 
| 125|0x0000000715800000, 0x0000000715a00000, 0x0000000715a00000|100%| E|CS|TAMS 0x0000000715800000, 0x0000000715800000| Complete 

Card table byte_map: [0x000001bbb7a30000,0x000001bbb8210000] _byte_map_base: 0x000001bbb4201000

Marking Bits (Prev, Next): (CMBitMap*) 0x000001bb9fae1020, (CMBitMap*) 0x000001bb9fae1060
 Prev Bits: [0x000001bbb89f0000, 0x000001bbbc878000)
 Next Bits: [0x000001bbbc880000, 0x000001bbc0708000)

Polling page: 0x000001bb9f230000

Metaspace:

Usage:
  Non-class:      1.70 MB used.
      Class:    163.57 KB used.
       Both:      1.86 MB used.

Virtual space:
  Non-class space:       64.00 MB reserved,       1.75 MB (  3%) committed,  1 nodes.
      Class space:        1.00 GB reserved,     192.00 KB ( <1%) committed,  1 nodes.
             Both:        1.06 GB reserved,       1.94 MB ( <1%) committed. 

Chunk freelists:
   Non-Class:  3.55 MB
       Class:  3.69 MB
        Both:  7.23 MB

MaxMetaspaceSize: unlimited
CompressedClassSpaceSize: 1.00 GB
Initial GC threshold: 21.00 MB
Current GC threshold: 21.00 MB
CDS: on
MetaspaceReclaimPolicy: balanced
 - commit_granule_bytes: 65536.
 - commit_granule_words: 8192.
 - virtual_space_node_default_size: 8388608.
 - enlarge_chunks_in_place: 1.
 - new_chunks_are_fully_committed: 0.
 - uncommit_free_chunks: 1.
 - use_allocation_guard: 0.


Internal statistics:

num_allocs_failed_limit: 0.
num_arena_births: 14.
num_arena_deaths: 0.
num_vsnodes_births: 2.
num_vsnodes_deaths: 0.
num_space_committed: 31.
num_space_uncommitted: 0.
num_chunks_returned_to_freelist: 0.
num_chunks_taken_from_freelist: 39.
num_chunk_merges: 0.
num_chunk_splits: 26.
num_chunks_enlarged: 21.
num_inconsistent_stats: 0.

CodeHeap 'non-profiled nmethods': size=119168Kb used=169Kb max_used=169Kb free=118998Kb
 bounds [0x000001bbaf570000, 0x000001bbaf7e0000, 0x000001bbb69d0000]
CodeHeap 'profiled nmethods': size=119104Kb used=949Kb max_used=949Kb free=118154Kb
 bounds [0x000001bba79d0000, 0x000001bba7c40000, 0x000001bbaee20000]
CodeHeap 'non-nmethods': size=7488Kb used=2365Kb max_used=2385Kb free=5122Kb
 bounds [0x000001bbaee20000, 0x000001bbaf090000, 0x000001bbaf570000]
 total_blobs=1038 nmethods=592 adapters=355
 compilation: enabled
              stopped_count=0, restarted_count=0
 full_count=0

Compilation events (20 events):
Event: 0.145 Thread 0x000001bbc7a1ff00 nmethod 584 0x000001bba7ab9e10 code [0x000001bba7ab9fa0, 0x000001bba7aba0b8]
Event: 0.145 Thread 0x000001bbc7a1ff00  585       3       java.lang.Math::abs (13 bytes)
Event: 0.145 Thread 0x000001bbc7a1ff00 nmethod 585 0x000001bba7aba190 code [0x000001bba7aba340, 0x000001bba7aba4b8]
Event: 0.145 Thread 0x000001bbc7a1ff00  586       3       java.nio.DirectLongBufferU::ix (10 bytes)
Event: 0.145 Thread 0x000001bbc379d3c0 nmethod 582 0x000001bba7aba590 code [0x000001bba7aba780, 0x000001bba7ababc8]
Event: 0.145 Thread 0x000001bbc7a1ff00 nmethod 586 0x000001bba7abad90 code [0x000001bba7abaf20, 0x000001bba7abb038]
Event: 0.145 Thread 0x000001bbc7a19950 nmethod 583 0x000001bba7abb110 code [0x000001bba7abb2e0, 0x000001bba7abb6b8]
Event: 0.145 Thread 0x000001bbc3794a40 nmethod 578 0x000001bbaf599c90 code [0x000001bbaf599e20, 0x000001bbaf599fd8]
Event: 0.145 Thread 0x000001bbc379d3c0  587       3       java.lang.StringLatin1::indexOf (121 bytes)
Event: 0.145 Thread 0x000001bbc379d3c0 nmethod 587 0x000001bba7abb890 code [0x000001bba7abba60, 0x000001bba7abbf58]
Event: 0.146 Thread 0x000001bbc7a1ff00  588       3       java.util.concurrent.locks.ReentrantLock$NonfairSync::initialTryLock (58 bytes)
Event: 0.146 Thread 0x000001bbc7a1ff00 nmethod 588 0x000001bba7abc190 code [0x000001bba7abc380, 0x000001bba7abc798]
Event: 0.147 Thread 0x000001bbc7a1ff00  589       1       java.nio.Buffer::limit (5 bytes)
Event: 0.147 Thread 0x000001bbc7a19950  590       1       java.nio.Buffer::position (5 bytes)
Event: 0.147 Thread 0x000001bbc379d3c0  591       3       java.lang.String::<init> (99 bytes)
Event: 0.147 Thread 0x000001bbc7a1ff00 nmethod 589 0x000001bbaf59a110 code [0x000001bbaf59a2a0, 0x000001bbaf59a358]
Event: 0.147 Thread 0x000001bbc7a19950 nmethod 590 0x000001bbaf59a410 code [0x000001bbaf59a5a0, 0x000001bbaf59a658]
Event: 0.147 Thread 0x000001bbc7a1ff00  592       3       java.lang.StringLatin1::inflate (34 bytes)
Event: 0.147 Thread 0x000001bbc7a1ff00 nmethod 592 0x000001bba7abc890 code [0x000001bba7abca40, 0x000001bba7abcc38]
Event: 0.147 Thread 0x000001bbc379d3c0 nmethod 591 0x000001bba7abcd90 code [0x000001bba7abcfa0, 0x000001bba7abd5f8]

GC Heap History (0 events):
No events

Dll operation events (9 events):
Event: 0.004 Loaded shared library C:\Program Files\Java\jdk-19\bin\java.dll
Event: 0.015 Loaded shared library C:\Program Files\Java\jdk-19\bin\jsvml.dll
Event: 0.048 Loaded shared library C:\Program Files\Java\jdk-19\bin\net.dll
Event: 0.049 Loaded shared library C:\Program Files\Java\jdk-19\bin\nio.dll
Event: 0.050 Loaded shared library C:\Program Files\Java\jdk-19\bin\zip.dll
Event: 0.071 Loaded shared library C:\Program Files\Java\jdk-19\bin\management.dll
Event: 0.073 Loaded shared library C:\Program Files\Java\jdk-19\bin\management_ext.dll
Event: 0.092 Loaded shared library C:\Program Files\Java\jdk-19\bin\jimage.dll
Event: 0.119 Loaded shared library C:\Program Files\Java\jdk-19\bin\verify.dll

Deoptimization events (20 events):
Event: 0.107 Thread 0x000001bb9fa6de30 Uncommon trap: trap_request=0xffffff45 fr.pc=0x000001bbaf589bbc relative=0x00000000000006bc
Event: 0.107 Thread 0x000001bb9fa6de30 Uncommon trap: reason=unstable_if action=reinterpret pc=0x000001bbaf589bbc method=java.util.regex.Matcher.search(I)Z @ 30 c2
Event: 0.107 Thread 0x000001bb9fa6de30 DEOPT PACKING pc=0x000001bbaf589bbc sp=0x00000004e68fdf10
Event: 0.107 Thread 0x000001bb9fa6de30 DEOPT UNPACKING pc=0x000001bbaee86da3 sp=0x00000004e68fdef0 mode 2
Event: 0.108 Thread 0x000001bb9fa6de30 Uncommon trap: trap_request=0xffffff45 fr.pc=0x000001bbaf5793a4 relative=0x00000000000001e4
Event: 0.108 Thread 0x000001bb9fa6de30 Uncommon trap: reason=unstable_if action=reinterpret pc=0x000001bbaf5793a4 method=java.lang.StringLatin1.canEncode(I)Z @ 4 c2
Event: 0.108 Thread 0x000001bb9fa6de30 DEOPT PACKING pc=0x000001bbaf5793a4 sp=0x00000004e68fe500
Event: 0.108 Thread 0x000001bb9fa6de30 DEOPT UNPACKING pc=0x000001bbaee86da3 sp=0x00000004e68fe418 mode 2
Event: 0.108 Thread 0x000001bb9fa6de30 Uncommon trap: trap_request=0xffffff45 fr.pc=0x000001bbaf57abac relative=0x00000000000001ec
Event: 0.108 Thread 0x000001bb9fa6de30 Uncommon trap: reason=unstable_if action=reinterpret pc=0x000001bbaf57abac method=java.lang.AbstractStringBuilder.isLatin1()Z @ 10 c2
Event: 0.108 Thread 0x000001bb9fa6de30 DEOPT PACKING pc=0x000001bbaf57abac sp=0x00000004e68fe4a0
Event: 0.108 Thread 0x000001bb9fa6de30 DEOPT UNPACKING pc=0x000001bbaee86da3 sp=0x00000004e68fe410 mode 2
Event: 0.114 Thread 0x000001bb9fa6de30 Uncommon trap: trap_request=0xffffff45 fr.pc=0x000001bbaf582d64 relative=0x0000000000000144
Event: 0.114 Thread 0x000001bb9fa6de30 Uncommon trap: reason=unstable_if action=reinterpret pc=0x000001bbaf582d64 method=java.util.concurrent.locks.ReentrantLock$NonfairSync.initialTryLock()Z @ 10 c2
Event: 0.114 Thread 0x000001bb9fa6de30 DEOPT PACKING pc=0x000001bbaf582d64 sp=0x00000004e68fec70
Event: 0.114 Thread 0x000001bb9fa6de30 DEOPT UNPACKING pc=0x000001bbaee86da3 sp=0x00000004e68fec18 mode 2
Event: 0.114 Thread 0x000001bbc37838e0 DEOPT PACKING pc=0x000001bba79edd67 sp=0x00000004e7ffdff0
Event: 0.114 Thread 0x000001bbc37838e0 DEOPT UNPACKING pc=0x000001bbaee87543 sp=0x00000004e7ffd410 mode 0
Event: 0.120 Thread 0x000001bb9fa6de30 DEOPT PACKING pc=0x000001bba79e65d1 sp=0x00000004e68fd990
Event: 0.120 Thread 0x000001bb9fa6de30 DEOPT UNPACKING pc=0x000001bbaee87543 sp=0x00000004e68fce08 mode 0

Classes loaded (20 events):
Event: 0.145 Loading class java/util/zip/DataFormatException
Event: 0.145 Loading class java/util/zip/DataFormatException done
Event: 0.146 Loading class java/nio/charset/CharacterCodingException
Event: 0.146 Loading class java/nio/charset/CharacterCodingException done
Event: 0.146 Loading class sun/nio/cs/UTF_8$Encoder
Event: 0.146 Loading class sun/nio/cs/UTF_8$Encoder done
Event: 0.146 Loading class java/io/PrintWriter
Event: 0.146 Loading class java/io/PrintWriter done
Event: 0.146 Loading class java/io/PrintWriter$1
Event: 0.146 Loading class jdk/internal/access/JavaIOPrintWriterAccess
Event: 0.146 Loading class jdk/internal/access/JavaIOPrintWriterAccess done
Event: 0.146 Loading class java/io/PrintWriter$1 done
Event: 0.146 Loading class java/lang/Throwable$WrappedPrintWriter
Event: 0.146 Loading class java/lang/Throwable$PrintStreamOrWriter
Event: 0.146 Loading class java/lang/Throwable$PrintStreamOrWriter done
Event: 0.146 Loading class java/lang/Throwable$WrappedPrintWriter done
Event: 0.147 Loading class java/lang/StackTraceElement$HashedModules
Event: 0.147 Loading class java/lang/StackTraceElement$HashedModules done
Event: 0.148 Loading class java/io/FileOutputStream$1
Event: 0.148 Loading class java/io/FileOutputStream$1 done

Classes unloaded (0 events):
No events

Classes redefined (0 events):
No events

Internal exceptions (4 events):
Event: 0.067 Thread 0x000001bb9fa6de30 Exception <a 'java/lang/NoSuchMethodError'{0x0000000715774568}: 'java.lang.Object java.lang.invoke.DirectMethodHandle$Holder.invokeStaticInit(java.lang.Object)'> (0x0000000715774568) 
thrown [s\open\src\hotspot\share\interpreter\linkResolver.cpp, line 774]
Event: 0.079 Thread 0x000001bb9fa6de30 Exception <a 'java/lang/NoSuchMethodError'{0x00000007157ac230}: 'int java.lang.invoke.DirectMethodHandle$Holder.invokeSpecial(java.lang.Object, java.lang.Object, java.lang.Object)'> (0x00000007157ac230) 
thrown [s\open\src\hotspot\share\interpreter\linkResolver.cpp, line 774]
Event: 0.119 Thread 0x000001bbc37838e0 Exception <a 'java/io/IOException'{0x00000007155f8d08}: CreateProcess error=1455,       > (0x00000007155f8d08) 
thrown [s\open\src\hotspot\share\prims\jni.cpp, line 536]
Event: 0.145 Thread 0x000001bb9fa6de30 Exception <a 'java/lang/OutOfMemoryError'{0x00000007151759a0}> (0x00000007151759a0) 
thrown [s\open\src\hotspot\share\prims\jni.cpp, line 536]

VM Operations (10 events):
Event: 0.051 Executing VM operation: HandshakeAllThreads
Event: 0.051 Executing VM operation: HandshakeAllThreads done
Event: 0.105 Executing VM operation: HandshakeAllThreads
Event: 0.105 Executing VM operation: HandshakeAllThreads done
Event: 0.114 Executing VM operation: HandshakeAllThreads
Event: 0.114 Executing VM operation: HandshakeAllThreads done
Event: 0.114 Executing VM operation: HandshakeAllThreads
Event: 0.114 Executing VM operation: HandshakeAllThreads done
Event: 0.146 Executing VM operation: HandshakeAllThreads
Event: 0.146 Executing VM operation: HandshakeAllThreads done

Events (17 events):
Event: 0.015 Thread 0x000001bb9fa6de30 Thread added: 0x000001bb9fa6de30
Event: 0.022 Thread 0x000001bbc377cf90 Thread added: 0x000001bbc377cf90
Event: 0.022 Thread 0x000001bbc377fc90 Thread added: 0x000001bbc377fc90
Event: 0.023 Thread 0x000001bbc3786360 Thread added: 0x000001bbc3786360
Event: 0.024 Thread 0x000001bbc37848d0 Thread added: 0x000001bbc37848d0
Event: 0.024 Thread 0x000001bbc3785370 Thread added: 0x000001bbc3785370
Event: 0.024 Thread 0x000001bbc3784e20 Thread added: 0x000001bbc3784e20
Event: 0.025 Thread 0x000001bbc3794a40 Thread added: 0x000001bbc3794a40
Event: 0.025 Thread 0x000001bbc379d3c0 Thread added: 0x000001bbc379d3c0
Event: 0.025 Thread 0x000001bbc37858c0 Thread added: 0x000001bbc37858c0
Event: 0.040 Thread 0x000001bbc7a19950 Thread added: 0x000001bbc7a19950
Event: 0.041 Thread 0x000001bbc7a1ff00 Thread added: 0x000001bbc7a1ff00
Event: 0.043 Thread 0x000001bbc3785e10 Thread added: 0x000001bbc3785e10
Event: 0.045 Thread 0x000001bbc3782e40 Thread added: 0x000001bbc3782e40
Event: 0.063 Thread 0x000001bbc3783390 Thread added: 0x000001bbc3783390
Event: 0.098 Thread 0x000001bbc7c25140 Thread added: 0x000001bbc7c25140
Event: 0.113 Thread 0x000001bbc37838e0 Thread added: 0x000001bbc37838e0


Dynamic libraries:
0x00007ff6ddc50000 - 0x00007ff6ddc60000 	C:\Program Files\Java\jdk-19\bin\java.exe
0x00007ffda14f0000 - 0x00007ffda1707000 	C:\WINDOWS\SYSTEM32\ntdll.dll
0x00007ffd9f9d0000 - 0x00007ffd9fa94000 	C:\WINDOWS\System32\KERNEL32.DLL
0x00007ffd9ec60000 - 0x00007ffd9f017000 	C:\WINDOWS\System32\KERNELBASE.dll
0x00007ffd9e7d0000 - 0x00007ffd9e8e1000 	C:\WINDOWS\System32\ucrtbase.dll
0x00007ffd8bc50000 - 0x00007ffd8bc68000 	C:\Program Files\Java\jdk-19\bin\jli.dll
0x00007ffd9f680000 - 0x00007ffd9f732000 	C:\WINDOWS\System32\ADVAPI32.dll
0x00007ffd9f5d0000 - 0x00007ffd9f677000 	C:\WINDOWS\System32\msvcrt.dll
0x00007ffda0a10000 - 0x00007ffda0ab8000 	C:\WINDOWS\System32\sechost.dll
0x00007ffd9e960000 - 0x00007ffd9e988000 	C:\WINDOWS\System32\bcrypt.dll
0x00007ffd9f8b0000 - 0x00007ffd9f9c4000 	C:\WINDOWS\System32\RPCRT4.dll
0x00007ffd9f420000 - 0x00007ffd9f5cf000 	C:\WINDOWS\System32\USER32.dll
0x00007ffd9f020000 - 0x00007ffd9f046000 	C:\WINDOWS\System32\win32u.dll
0x00007ffda09e0000 - 0x00007ffda0a09000 	C:\WINDOWS\System32\GDI32.dll
0x00007ffd9f0d0000 - 0x00007ffd9f1e8000 	C:\WINDOWS\System32\gdi32full.dll
0x00007ffd9ea50000 - 0x00007ffd9eaea000 	C:\WINDOWS\System32\msvcp_win.dll
0x00007ffd887b0000 - 0x00007ffd887cb000 	C:\Program Files\Java\jdk-19\bin\VCRUNTIME140.dll
0x00007ffd84e10000 - 0x00007ffd850a3000 	C:\WINDOWS\WinSxS\amd64_microsoft.windows.common-controls_6595b64144ccf1df_6.0.22621.3672_none_2713b9d173822955\COMCTL32.dll
0x00007ffd94830000 - 0x00007ffd9483a000 	C:\WINDOWS\SYSTEM32\VERSION.dll
0x00007ffd9fb50000 - 0x00007ffd9fb81000 	C:\WINDOWS\System32\IMM32.DLL
0x00007ffd8c5e0000 - 0x00007ffd8c5ec000 	C:\Program Files\Java\jdk-19\bin\vcruntime140_1.dll
0x00007ffd5b1c0000 - 0x00007ffd5b24e000 	C:\Program Files\Java\jdk-19\bin\msvcp140.dll
0x00007ffd1eab0000 - 0x00007ffd1f770000 	C:\Program Files\Java\jdk-19\bin\server\jvm.dll
0x00007ffd98a50000 - 0x00007ffd98a59000 	C:\WINDOWS\SYSTEM32\WSOCK32.dll
0x00007ffda1400000 - 0x00007ffda1471000 	C:\WINDOWS\System32\WS2_32.dll
0x00007ffd967d0000 - 0x00007ffd96804000 	C:\WINDOWS\SYSTEM32\WINMM.dll
0x00007ffd9d910000 - 0x00007ffd9d928000 	C:\WINDOWS\SYSTEM32\kernel.appcore.dll
0x00007ffd8c2f0000 - 0x00007ffd8c2fa000 	C:\Program Files\Java\jdk-19\bin\jimage.dll
0x00007ffd9bff0000 - 0x00007ffd9c222000 	C:\WINDOWS\SYSTEM32\DBGHELP.DLL
0x00007ffda05f0000 - 0x00007ffda097e000 	C:\WINDOWS\System32\combase.dll
0x00007ffd9fec0000 - 0x00007ffd9ff97000 	C:\WINDOWS\System32\OLEAUT32.dll
0x00007ffd946a0000 - 0x00007ffd946d2000 	C:\WINDOWS\SYSTEM32\dbgcore.DLL
0x00007ffd9f050000 - 0x00007ffd9f0cb000 	C:\WINDOWS\System32\bcryptPrimitives.dll
0x00007ffd88710000 - 0x00007ffd88736000 	C:\Program Files\Java\jdk-19\bin\java.dll
0x00007ffd5a7a0000 - 0x00007ffd5a877000 	C:\Program Files\Java\jdk-19\bin\jsvml.dll
0x00007ffda0b90000 - 0x00007ffda13f9000 	C:\WINDOWS\System32\SHELL32.dll
0x00007ffd9c700000 - 0x00007ffd9cfff000 	C:\WINDOWS\SYSTEM32\windows.storage.dll
0x00007ffd9c5c0000 - 0x00007ffd9c6ff000 	C:\WINDOWS\SYSTEM32\wintypes.dll
0x00007ffd9fdc0000 - 0x00007ffd9feb9000 	C:\WINDOWS\System32\SHCORE.dll
0x00007ffda0980000 - 0x00007ffda09de000 	C:\WINDOWS\System32\shlwapi.dll
0x00007ffd9e700000 - 0x00007ffd9e727000 	C:\WINDOWS\SYSTEM32\profapi.dll
0x00007ffd83920000 - 0x00007ffd83933000 	C:\Program Files\Java\jdk-19\bin\net.dll
0x00007ffd9a240000 - 0x00007ffd9a376000 	C:\WINDOWS\SYSTEM32\WINHTTP.dll
0x00007ffd9dd80000 - 0x00007ffd9dde9000 	C:\WINDOWS\system32\mswsock.dll
0x00007ffd7ad40000 - 0x00007ffd7ad56000 	C:\Program Files\Java\jdk-19\bin\nio.dll
0x00007ffd77ce0000 - 0x00007ffd77cf8000 	C:\Program Files\Java\jdk-19\bin\zip.dll
0x00007ffd7c0f0000 - 0x00007ffd7c0fa000 	C:\Program Files\Java\jdk-19\bin\management.dll
0x00007ffd7b140000 - 0x00007ffd7b14b000 	C:\Program Files\Java\jdk-19\bin\management_ext.dll
0x00007ffd9f250000 - 0x00007ffd9f258000 	C:\WINDOWS\System32\PSAPI.DLL
0x00007ffd88800000 - 0x00007ffd88810000 	C:\Program Files\Java\jdk-19\bin\verify.dll

dbghelp: loaded successfully - version: 4.0.5 - missing functions: none
symbol engine: initialized successfully - sym options: 0x614 - pdb path: .;C:\Program Files\Java\jdk-19\bin;C:\WINDOWS\SYSTEM32;C:\WINDOWS\WinSxS\amd64_microsoft.windows.common-controls_6595b64144ccf1df_6.0.22621.3672_none_2713b9d173822955;C:\Program Files\Java\jdk-19\bin\server

VM Arguments:
java_command: C:\Users\99293\AppData\Local\Temp\surefire5311236900556620684\surefirebooter12956171987657987615.jar C:\Users\99293\AppData\Local\Temp\surefire5311236900556620684 2024-11-11T18-03-12_457-jvmRun1 surefire10743292069308674382tmp surefire_012630385943369086322tmp
java_class_path (initial): C:\Users\99293\AppData\Local\Temp\surefire5311236900556620684\surefirebooter12956171987657987615.jar
Launcher Type: SUN_STANDARD

[Global flags]
     intx CICompilerCount                          = 12                                        {product} {ergonomic}
     uint ConcGCThreads                            = 3                                         {product} {ergonomic}
     uint G1ConcRefinementThreads                  = 13                                        {product} {ergonomic}
   size_t G1HeapRegionSize                         = 2097152                                   {product} {ergonomic}
    uintx GCDrainStackTargetSize                   = 64                                        {product} {ergonomic}
   size_t InitialHeapSize                          = 264241152                                 {product} {ergonomic}
   size_t MarkStackSize                            = 4194304                                   {product} {ergonomic}
   size_t MaxHeapSize                              = 4196401152                                {product} {ergonomic}
   size_t MaxNewSize                               = 2516582400                                {product} {ergonomic}
   size_t MinHeapDeltaBytes                        = 2097152                                   {product} {ergonomic}
   size_t MinHeapSize                              = 8388608                                   {product} {ergonomic}
    uintx NonNMethodCodeHeapSize                   = 7602480                                {pd product} {ergonomic}
    uintx NonProfiledCodeHeapSize                  = 122027880                              {pd product} {ergonomic}
    uintx ProfiledCodeHeapSize                     = 122027880                              {pd product} {ergonomic}
    uintx ReservedCodeCacheSize                    = 251658240                              {pd product} {ergonomic}
     bool SegmentedCodeCache                       = true                                      {product} {ergonomic}
   size_t SoftMaxHeapSize                          = 4196401152                             {manageable} {ergonomic}
     bool UseCompressedClassPointers               = true                           {product lp64_product} {ergonomic}
     bool UseCompressedOops                        = true                           {product lp64_product} {ergonomic}
     bool UseG1GC                                  = true                                      {product} {ergonomic}
     bool UseLargePagesIndividualAllocation        = false                                  {pd product} {ergonomic}

Logging:
Log output configuration:
 #0: stdout all=warning uptime,level,tags foldmultilines=false
 #1: stderr all=off uptime,level,tags foldmultilines=false

Environment Variables:
JAVA_HOME=C:\Program Files\Java\jdk-19
PATH=C:\Program Files\Common Files\Oracle\Java\javapath;C:\Windows\system32;C:\Windows;C:\Windows\System32\Wbem;C:\Windows\System32\WindowsPowerShell\v1.0\;C:\Windows\System32\OpenSSH\;C:\Program Files (x86)\NVIDIA Corporation\PhysX\Common;C:\Program Files\NVIDIA Corporation\NVIDIA NvDLISR;C:\Program Files (x86)\dotnet\;C:\WINDOWS\system32;C:\WINDOWS;C:\WINDOWS\System32\Wbem;C:\WINDOWS\System32\WindowsPowerShell\v1.0\;C:\WINDOWS\System32\OpenSSH\;C:\Program Files\Java\jdk-19\bin;C:\Program Files\Git\cmd;C:\Users\99293\AppData\Local\Programs\Python\Python311\Scripts\;C:\Users\99293\AppData\Local\Programs\Python\Python311\;C:\Users\99293\AppData\Local\Microsoft\WindowsApps;;C:\Program Files\JetBrains\IntelliJ IDEA 2022.1.2\bin;;C:\Program Files\heroku\bin
USERNAME=ASUS
OS=Windows_NT
PROCESSOR_IDENTIFIER=Intel64 Family 6 Model 154 Stepping 3, GenuineIntel
TMP=C:\Users\99293\AppData\Local\Temp
TEMP=C:\Users\99293\AppData\Local\Temp



---------------  S Y S T E M  ---------------

OS:
 Windows 11 , 64 bit Build 22621 (10.0.22621.3958)
OS uptime: 2 days 1:53 hours
Hyper-V role detected

CPU: total 16 (initial active 16) (8 cores per cpu, 2 threads per core) family 6 model 154 stepping 3 microcode 0x41c, cx8, cmov, fxsr, ht, mmx, 3dnowpref, sse, sse2, sse3, ssse3, sse4.1, sse4.2, popcnt, lzcnt, tsc, tscinvbit, avx, avx2, aes, erms, clmul, bmi1, bmi2, adx, sha, fma, vzeroupper, clflush, clflushopt, clwb, hv, serialize, rdtscp, rdpid, fsrm

Memory: 4k page, system-wide physical 16005M (1704M free)
TotalPageFile size 18053M (AvailPageFile size 4M)
current process WorkingSet (physical memory assigned to process): 50M, peak: 50M
current process commit charge ("private bytes"): 357M, peak: 357M

vm_info: Java HotSpot(TM) 64-Bit Server VM (19.0.2+7-44) for windows-amd64 JRE (19.0.2+7-44), built on 2022-11-30T18:02:09Z by "mach5one" with MS VC++ 17.1 (VS2022)

END.
