#
# There is insufficient memory for the Java Runtime Environment to continue.
# Native memory allocation (malloc) failed to allocate 110256 bytes for Chunk::new
# Possible reasons:
#   The system is out of physical RAM or swap space
#   The process is running with CompressedOops enabled, and the Java Heap may be blocking the growth of the native heap
# Possible solutions:
#   Reduce memory load on the system
#   Increase physical memory or swap space
#   Check if swap backing store is full
#   Decrease Java heap size (-Xmx/-Xms)
#   Decrease number of Java threads
#   Decrease Java thread stack sizes (-Xss)
#   Set larger code cache with -XX:ReservedCodeCacheSize=
#   JVM is running with Zero Based Compressed Oops mode in which the Java heap is
#     placed in the first 32GB address space. The Java Heap base address is the
#     maximum limit for the native heap growth. Please use -XX:HeapBaseMinAddress
#     to set the Java Heap base and to place the Java Heap above 32GB virtual address.
# This output file may be truncated or incomplete.
#
#  Out of Memory Error (arena.cpp:184), pid=18048, tid=13864
#
# JRE version: Java(TM) SE Runtime Environment (19.0.2+7) (build 19.0.2+7-44)
# Java VM: Java HotSpot(TM) 64-Bit Server VM (19.0.2+7-44, mixed mode, sharing, tiered, compressed oops, compressed class ptrs, g1 gc, windows-amd64)
# No core dump will be written. Minidumps are not enabled by default on client versions of Windows
#

---------------  S U M M A R Y ------------

Command Line: C:\Users\99293\AppData\Local\Temp\surefire9178208460603046136\surefirebooter10900665343682989863.jar C:\Users\99293\AppData\Local\Temp\surefire9178208460603046136 2024-09-28T23-28-43_504-jvmRun1 surefire7713497660132371311tmp surefire_014522339258309863470tmp

Host: 12th Gen Intel(R) Core(TM) i7-12650H, 16 cores, 15G,  Windows 11 , 64 bit Build 22621 (10.0.22621.3958)
Time: Sat Sep 28 23:28:43 2024  Windows 11 , 64 bit Build 22621 (10.0.22621.3958) elapsed time: 0.110183 seconds (0d 0h 0m 0s)

---------------  T H R E A D  ---------------

Current thread (0x000001f7ff42b7a0):  JavaThread "C2 CompilerThread0" daemon [_thread_in_native, id=13864, stack(0x000000721c200000,0x000000721c300000)]


Current CompileTask:
C2:    110  311       4       java.util.regex.Matcher::search (154 bytes)

Stack: [0x000000721c200000,0x000000721c300000]
Native frames: (J=compiled Java code, j=interpreted, Vv=VM code, C=native code)
V  [jvm.dll+0x6ee21a]
V  [jvm.dll+0x85765e]
V  [jvm.dll+0x85904e]
V  [jvm.dll+0x859703]
V  [jvm.dll+0x28298f]
V  [jvm.dll+0xc9adf]
V  [jvm.dll+0xc9e65]
V  [jvm.dll+0x3bca12]
V  [jvm.dll+0x3860e1]
V  [jvm.dll+0x38555a]
V  [jvm.dll+0x24c3d9]
V  [jvm.dll+0x24b781]
V  [jvm.dll+0x1d6ce1]
V  [jvm.dll+0x25b25a]
V  [jvm.dll+0x2596e8]
V  [jvm.dll+0x807588]
V  [jvm.dll+0x80125a]
V  [jvm.dll+0x6ecf0b]
C  [ucrtbase.dll+0x29333]
C  [KERNEL32.DLL+0x1257d]
C  [ntdll.dll+0x5af28]


---------------  P R O C E S S  ---------------

Threads class SMR info:
_java_thread_list=0x000001f7d74f2580, length=17, elements={
0x000001f7d747f670, 0x000001f7ff40efa0, 0x000001f7ff40fc90, 0x000001f7ff412ea0,
0x000001f7ff418b80, 0x000001f7ff41a4c0, 0x000001f7ff41d210, 0x000001f7ff42b7a0,
0x000001f7ff42c110, 0x000001f7ff438270, 0x000001f7ff5448b0, 0x000001f7ff55c7c0,
0x000001f7ff569240, 0x000001f7ff56fc70, 0x000001f7ff641890, 0x000001f7ff66b170,
0x000001f7ff7bb740
}

Java Threads: ( => current thread )
  0x000001f7d747f670 JavaThread "main" [_thread_blocked, id=18424, stack(0x000000721b500000,0x000000721b600000)]
  0x000001f7ff40efa0 JavaThread "Reference Handler" daemon [_thread_blocked, id=12628, stack(0x000000721bc00000,0x000000721bd00000)]
  0x000001f7ff40fc90 JavaThread "Finalizer" daemon [_thread_blocked, id=21432, stack(0x000000721bd00000,0x000000721be00000)]
  0x000001f7ff412ea0 JavaThread "Signal Dispatcher" daemon [_thread_blocked, id=5088, stack(0x000000721be00000,0x000000721bf00000)]
  0x000001f7ff418b80 JavaThread "Attach Listener" daemon [_thread_blocked, id=7792, stack(0x000000721bf00000,0x000000721c000000)]
  0x000001f7ff41a4c0 JavaThread "Service Thread" daemon [_thread_blocked, id=11984, stack(0x000000721c000000,0x000000721c100000)]
  0x000001f7ff41d210 JavaThread "Monitor Deflation Thread" daemon [_thread_blocked, id=16288, stack(0x000000721c100000,0x000000721c200000)]
=>0x000001f7ff42b7a0 JavaThread "C2 CompilerThread0" daemon [_thread_in_native, id=13864, stack(0x000000721c200000,0x000000721c300000)]
  0x000001f7ff42c110 JavaThread "C1 CompilerThread0" daemon [_thread_in_vm, id=1028, stack(0x000000721c300000,0x000000721c400000)]
  0x000001f7ff438270 JavaThread "Sweeper thread" daemon [_thread_blocked, id=10752, stack(0x000000721c400000,0x000000721c500000)]
  0x000001f7ff5448b0 JavaThread "C1 CompilerThread1" daemon [_thread_blocked, id=17788, stack(0x000000721c500000,0x000000721c600000)]
  0x000001f7ff55c7c0 JavaThread "C1 CompilerThread2" daemon [_thread_blocked, id=21796, stack(0x000000721c600000,0x000000721c700000)]
  0x000001f7ff569240 JavaThread "Notification Thread" daemon [_thread_blocked, id=11156, stack(0x000000721c700000,0x000000721c800000)]
  0x000001f7ff56fc70 JavaThread "Common-Cleaner" daemon [_thread_blocked, id=16048, stack(0x000000721c900000,0x000000721ca00000)]
  0x000001f7ff641890 JavaThread "surefire-forkedjvm-command-thread" daemon [_thread_in_native, id=11036, stack(0x000000721ca00000,0x000000721cb00000)]
  0x000001f7ff66b170 JavaThread "C2 CompilerThread1" daemon [_thread_blocked, id=11744, stack(0x000000721cb00000,0x000000721cc00000)]
  0x000001f7ff7bb740 JavaThread "C1 CompilerThread3" daemon [_thread_blocked, id=13760, stack(0x000000721cc00000,0x000000721cd00000)]

Other Threads:
  0x000001f7f8316950 VMThread "VM Thread" [stack: 0x000000721bb00000,0x000000721bc00000] [id=17252]
  0x000001f7ff56d1e0 WatcherThread "VM Periodic Task Thread" [stack: 0x000000721c800000,0x000000721c900000] [id=19052]
  0x000001f7d74f0130 WorkerThread "GC Thread#0" [stack: 0x000000721b600000,0x000000721b700000] [id=19808]
  0x000001f7f8162010 ConcurrentGCThread "G1 Main Marker" [stack: 0x000000721b700000,0x000000721b800000] [id=19384]
  0x000001f7f8163170 WorkerThread "G1 Conc#0" [stack: 0x000000721b800000,0x000000721b900000] [id=9184]
  0x000001f7f81d0a90 ConcurrentGCThread "G1 Refine#0" [stack: 0x000000721b900000,0x000000721ba00000] [id=2976]
  0x000001f7f81d18f0 ConcurrentGCThread "G1 Service" [stack: 0x000000721ba00000,0x000000721bb00000] [id=17232]

Threads with active compile tasks:
C2 CompilerThread0      121  311       4       java.util.regex.Matcher::search (154 bytes)
C1 CompilerThread0      121  387       3       sun.util.locale.provider.LocaleProviderAdapter$$Lambda$65/0x80000006b::apply (8 bytes)
C1 CompilerThread1      122  398       3       sun.util.locale.InternalLocaleBuilder::getBaseLocale (187 bytes)
C1 CompilerThread2      122  397       3       sun.util.locale.InternalLocaleBuilder::setLanguageTag (173 bytes)
C1 CompilerThread3      122  388       3       sun.util.locale.provider.LocaleProviderAdapter::lambda$toLocaleArray$0 (135 bytes)

VM state: not at safepoint (normal execution)

VM Mutex/Monitor currently owned by a thread:  ([mutex/lock_event])
[0x000001f7d74791a0] Metaspace_lock - owner thread: 0x000001f7ff42c110
[0x000001f7d747b4d0] MethodData_lock - owner thread: 0x000001f7ff42c110

Heap address: 0x0000000705e00000, size: 4002 MB, Compressed Oops mode: Zero based, Oop shift amount: 3

CDS archive(s) mapped at: [0x0000000800000000-0x0000000800c40000-0x0000000800c40000), size 12845056, SharedBaseAddress: 0x0000000800000000, ArchiveRelocationMode: 0.
Compressed class space mapped at: 0x0000000801000000-0x0000000841000000, reserved size: 1073741824
Narrow klass base: 0x0000000800000000, Narrow klass shift: 0, Narrow klass range: 0x100000000

GC Precious Log:
 CardTable entry size: 512
 Card Set container configuration: InlinePtr #cards 4 size 8 Array Of Cards #cards 16 size 48 Howl #buckets 8 coarsen threshold 3686 Howl Bitmap #cards 512 size 80 coarsen threshold 460 Card regions per heap region 1 cards per card region 4096
 CPUs: 16 total, 16 available
 Memory: 16005M
 Large Page Support: Disabled
 NUMA Support: Disabled
 Compressed Oops: Enabled (Zero based)
 Heap Region Size: 2M
 Heap Min Capacity: 8M
 Heap Initial Capacity: 252M
 Heap Max Capacity: 4002M
 Pre-touch: Disabled
 Parallel Workers: 13
 Concurrent Workers: 3
 Concurrent Refinement Workers: 13
 Periodic GC: Disabled

Heap:
 garbage-first heap   total 258048K, used 4096K [0x0000000705e00000, 0x0000000800000000)
  region size 2048K, 3 young (6144K), 0 survivors (0K)
 Metaspace       used 1230K, committed 1344K, reserved 1114112K
  class space    used 107K, committed 192K, reserved 1048576K

Heap Regions: E=young(eden), S=young(survivor), O=old, HS=humongous(starts), HC=humongous(continues), CS=collection set, F=free, OA=open archive, CA=closed archive, TAMS=top-at-mark-start (previous, next)
|   0|0x0000000705e00000, 0x0000000705e00000, 0x0000000706000000|  0%| F|  |TAMS 0x0000000705e00000, 0x0000000705e00000| Untracked 
|   1|0x0000000706000000, 0x0000000706000000, 0x0000000706200000|  0%| F|  |TAMS 0x0000000706000000, 0x0000000706000000| Untracked 
|   2|0x0000000706200000, 0x0000000706200000, 0x0000000706400000|  0%| F|  |TAMS 0x0000000706200000, 0x0000000706200000| Untracked 
|   3|0x0000000706400000, 0x0000000706400000, 0x0000000706600000|  0%| F|  |TAMS 0x0000000706400000, 0x0000000706400000| Untracked 
|   4|0x0000000706600000, 0x0000000706600000, 0x0000000706800000|  0%| F|  |TAMS 0x0000000706600000, 0x0000000706600000| Untracked 
|   5|0x0000000706800000, 0x0000000706800000, 0x0000000706a00000|  0%| F|  |TAMS 0x0000000706800000, 0x0000000706800000| Untracked 
|   6|0x0000000706a00000, 0x0000000706a00000, 0x0000000706c00000|  0%| F|  |TAMS 0x0000000706a00000, 0x0000000706a00000| Untracked 
|   7|0x0000000706c00000, 0x0000000706c00000, 0x0000000706e00000|  0%| F|  |TAMS 0x0000000706c00000, 0x0000000706c00000| Untracked 
|   8|0x0000000706e00000, 0x0000000706e00000, 0x0000000707000000|  0%| F|  |TAMS 0x0000000706e00000, 0x0000000706e00000| Untracked 
|   9|0x0000000707000000, 0x0000000707000000, 0x0000000707200000|  0%| F|  |TAMS 0x0000000707000000, 0x0000000707000000| Untracked 
|  10|0x0000000707200000, 0x0000000707200000, 0x0000000707400000|  0%| F|  |TAMS 0x0000000707200000, 0x0000000707200000| Untracked 
|  11|0x0000000707400000, 0x0000000707400000, 0x0000000707600000|  0%| F|  |TAMS 0x0000000707400000, 0x0000000707400000| Untracked 
|  12|0x0000000707600000, 0x0000000707600000, 0x0000000707800000|  0%| F|  |TAMS 0x0000000707600000, 0x0000000707600000| Untracked 
|  13|0x0000000707800000, 0x0000000707800000, 0x0000000707a00000|  0%| F|  |TAMS 0x0000000707800000, 0x0000000707800000| Untracked 
|  14|0x0000000707a00000, 0x0000000707a00000, 0x0000000707c00000|  0%| F|  |TAMS 0x0000000707a00000, 0x0000000707a00000| Untracked 
|  15|0x0000000707c00000, 0x0000000707c00000, 0x0000000707e00000|  0%| F|  |TAMS 0x0000000707c00000, 0x0000000707c00000| Untracked 
|  16|0x0000000707e00000, 0x0000000707e00000, 0x0000000708000000|  0%| F|  |TAMS 0x0000000707e00000, 0x0000000707e00000| Untracked 
|  17|0x0000000708000000, 0x0000000708000000, 0x0000000708200000|  0%| F|  |TAMS 0x0000000708000000, 0x0000000708000000| Untracked 
|  18|0x0000000708200000, 0x0000000708200000, 0x0000000708400000|  0%| F|  |TAMS 0x0000000708200000, 0x0000000708200000| Untracked 
|  19|0x0000000708400000, 0x0000000708400000, 0x0000000708600000|  0%| F|  |TAMS 0x0000000708400000, 0x0000000708400000| Untracked 
|  20|0x0000000708600000, 0x0000000708600000, 0x0000000708800000|  0%| F|  |TAMS 0x0000000708600000, 0x0000000708600000| Untracked 
|  21|0x0000000708800000, 0x0000000708800000, 0x0000000708a00000|  0%| F|  |TAMS 0x0000000708800000, 0x0000000708800000| Untracked 
|  22|0x0000000708a00000, 0x0000000708a00000, 0x0000000708c00000|  0%| F|  |TAMS 0x0000000708a00000, 0x0000000708a00000| Untracked 
|  23|0x0000000708c00000, 0x0000000708c00000, 0x0000000708e00000|  0%| F|  |TAMS 0x0000000708c00000, 0x0000000708c00000| Untracked 
|  24|0x0000000708e00000, 0x0000000708e00000, 0x0000000709000000|  0%| F|  |TAMS 0x0000000708e00000, 0x0000000708e00000| Untracked 
|  25|0x0000000709000000, 0x0000000709000000, 0x0000000709200000|  0%| F|  |TAMS 0x0000000709000000, 0x0000000709000000| Untracked 
|  26|0x0000000709200000, 0x0000000709200000, 0x0000000709400000|  0%| F|  |TAMS 0x0000000709200000, 0x0000000709200000| Untracked 
|  27|0x0000000709400000, 0x0000000709400000, 0x0000000709600000|  0%| F|  |TAMS 0x0000000709400000, 0x0000000709400000| Untracked 
|  28|0x0000000709600000, 0x0000000709600000, 0x0000000709800000|  0%| F|  |TAMS 0x0000000709600000, 0x0000000709600000| Untracked 
|  29|0x0000000709800000, 0x0000000709800000, 0x0000000709a00000|  0%| F|  |TAMS 0x0000000709800000, 0x0000000709800000| Untracked 
|  30|0x0000000709a00000, 0x0000000709a00000, 0x0000000709c00000|  0%| F|  |TAMS 0x0000000709a00000, 0x0000000709a00000| Untracked 
|  31|0x0000000709c00000, 0x0000000709c00000, 0x0000000709e00000|  0%| F|  |TAMS 0x0000000709c00000, 0x0000000709c00000| Untracked 
|  32|0x0000000709e00000, 0x0000000709e00000, 0x000000070a000000|  0%| F|  |TAMS 0x0000000709e00000, 0x0000000709e00000| Untracked 
|  33|0x000000070a000000, 0x000000070a000000, 0x000000070a200000|  0%| F|  |TAMS 0x000000070a000000, 0x000000070a000000| Untracked 
|  34|0x000000070a200000, 0x000000070a200000, 0x000000070a400000|  0%| F|  |TAMS 0x000000070a200000, 0x000000070a200000| Untracked 
|  35|0x000000070a400000, 0x000000070a400000, 0x000000070a600000|  0%| F|  |TAMS 0x000000070a400000, 0x000000070a400000| Untracked 
|  36|0x000000070a600000, 0x000000070a600000, 0x000000070a800000|  0%| F|  |TAMS 0x000000070a600000, 0x000000070a600000| Untracked 
|  37|0x000000070a800000, 0x000000070a800000, 0x000000070aa00000|  0%| F|  |TAMS 0x000000070a800000, 0x000000070a800000| Untracked 
|  38|0x000000070aa00000, 0x000000070aa00000, 0x000000070ac00000|  0%| F|  |TAMS 0x000000070aa00000, 0x000000070aa00000| Untracked 
|  39|0x000000070ac00000, 0x000000070ac00000, 0x000000070ae00000|  0%| F|  |TAMS 0x000000070ac00000, 0x000000070ac00000| Untracked 
|  40|0x000000070ae00000, 0x000000070ae00000, 0x000000070b000000|  0%| F|  |TAMS 0x000000070ae00000, 0x000000070ae00000| Untracked 
|  41|0x000000070b000000, 0x000000070b000000, 0x000000070b200000|  0%| F|  |TAMS 0x000000070b000000, 0x000000070b000000| Untracked 
|  42|0x000000070b200000, 0x000000070b200000, 0x000000070b400000|  0%| F|  |TAMS 0x000000070b200000, 0x000000070b200000| Untracked 
|  43|0x000000070b400000, 0x000000070b400000, 0x000000070b600000|  0%| F|  |TAMS 0x000000070b400000, 0x000000070b400000| Untracked 
|  44|0x000000070b600000, 0x000000070b600000, 0x000000070b800000|  0%| F|  |TAMS 0x000000070b600000, 0x000000070b600000| Untracked 
|  45|0x000000070b800000, 0x000000070b800000, 0x000000070ba00000|  0%| F|  |TAMS 0x000000070b800000, 0x000000070b800000| Untracked 
|  46|0x000000070ba00000, 0x000000070ba00000, 0x000000070bc00000|  0%| F|  |TAMS 0x000000070ba00000, 0x000000070ba00000| Untracked 
|  47|0x000000070bc00000, 0x000000070bc00000, 0x000000070be00000|  0%| F|  |TAMS 0x000000070bc00000, 0x000000070bc00000| Untracked 
|  48|0x000000070be00000, 0x000000070be00000, 0x000000070c000000|  0%| F|  |TAMS 0x000000070be00000, 0x000000070be00000| Untracked 
|  49|0x000000070c000000, 0x000000070c000000, 0x000000070c200000|  0%| F|  |TAMS 0x000000070c000000, 0x000000070c000000| Untracked 
|  50|0x000000070c200000, 0x000000070c200000, 0x000000070c400000|  0%| F|  |TAMS 0x000000070c200000, 0x000000070c200000| Untracked 
|  51|0x000000070c400000, 0x000000070c400000, 0x000000070c600000|  0%| F|  |TAMS 0x000000070c400000, 0x000000070c400000| Untracked 
|  52|0x000000070c600000, 0x000000070c600000, 0x000000070c800000|  0%| F|  |TAMS 0x000000070c600000, 0x000000070c600000| Untracked 
|  53|0x000000070c800000, 0x000000070c800000, 0x000000070ca00000|  0%| F|  |TAMS 0x000000070c800000, 0x000000070c800000| Untracked 
|  54|0x000000070ca00000, 0x000000070ca00000, 0x000000070cc00000|  0%| F|  |TAMS 0x000000070ca00000, 0x000000070ca00000| Untracked 
|  55|0x000000070cc00000, 0x000000070cc00000, 0x000000070ce00000|  0%| F|  |TAMS 0x000000070cc00000, 0x000000070cc00000| Untracked 
|  56|0x000000070ce00000, 0x000000070ce00000, 0x000000070d000000|  0%| F|  |TAMS 0x000000070ce00000, 0x000000070ce00000| Untracked 
|  57|0x000000070d000000, 0x000000070d000000, 0x000000070d200000|  0%| F|  |TAMS 0x000000070d000000, 0x000000070d000000| Untracked 
|  58|0x000000070d200000, 0x000000070d200000, 0x000000070d400000|  0%| F|  |TAMS 0x000000070d200000, 0x000000070d200000| Untracked 
|  59|0x000000070d400000, 0x000000070d400000, 0x000000070d600000|  0%| F|  |TAMS 0x000000070d400000, 0x000000070d400000| Untracked 
|  60|0x000000070d600000, 0x000000070d600000, 0x000000070d800000|  0%| F|  |TAMS 0x000000070d600000, 0x000000070d600000| Untracked 
|  61|0x000000070d800000, 0x000000070d800000, 0x000000070da00000|  0%| F|  |TAMS 0x000000070d800000, 0x000000070d800000| Untracked 
|  62|0x000000070da00000, 0x000000070da00000, 0x000000070dc00000|  0%| F|  |TAMS 0x000000070da00000, 0x000000070da00000| Untracked 
|  63|0x000000070dc00000, 0x000000070dc00000, 0x000000070de00000|  0%| F|  |TAMS 0x000000070dc00000, 0x000000070dc00000| Untracked 
|  64|0x000000070de00000, 0x000000070de00000, 0x000000070e000000|  0%| F|  |TAMS 0x000000070de00000, 0x000000070de00000| Untracked 
|  65|0x000000070e000000, 0x000000070e000000, 0x000000070e200000|  0%| F|  |TAMS 0x000000070e000000, 0x000000070e000000| Untracked 
|  66|0x000000070e200000, 0x000000070e200000, 0x000000070e400000|  0%| F|  |TAMS 0x000000070e200000, 0x000000070e200000| Untracked 
|  67|0x000000070e400000, 0x000000070e400000, 0x000000070e600000|  0%| F|  |TAMS 0x000000070e400000, 0x000000070e400000| Untracked 
|  68|0x000000070e600000, 0x000000070e600000, 0x000000070e800000|  0%| F|  |TAMS 0x000000070e600000, 0x000000070e600000| Untracked 
|  69|0x000000070e800000, 0x000000070e800000, 0x000000070ea00000|  0%| F|  |TAMS 0x000000070e800000, 0x000000070e800000| Untracked 
|  70|0x000000070ea00000, 0x000000070ea00000, 0x000000070ec00000|  0%| F|  |TAMS 0x000000070ea00000, 0x000000070ea00000| Untracked 
|  71|0x000000070ec00000, 0x000000070ec00000, 0x000000070ee00000|  0%| F|  |TAMS 0x000000070ec00000, 0x000000070ec00000| Untracked 
|  72|0x000000070ee00000, 0x000000070ee00000, 0x000000070f000000|  0%| F|  |TAMS 0x000000070ee00000, 0x000000070ee00000| Untracked 
|  73|0x000000070f000000, 0x000000070f000000, 0x000000070f200000|  0%| F|  |TAMS 0x000000070f000000, 0x000000070f000000| Untracked 
|  74|0x000000070f200000, 0x000000070f200000, 0x000000070f400000|  0%| F|  |TAMS 0x000000070f200000, 0x000000070f200000| Untracked 
|  75|0x000000070f400000, 0x000000070f400000, 0x000000070f600000|  0%| F|  |TAMS 0x000000070f400000, 0x000000070f400000| Untracked 
|  76|0x000000070f600000, 0x000000070f600000, 0x000000070f800000|  0%| F|  |TAMS 0x000000070f600000, 0x000000070f600000| Untracked 
|  77|0x000000070f800000, 0x000000070f800000, 0x000000070fa00000|  0%| F|  |TAMS 0x000000070f800000, 0x000000070f800000| Untracked 
|  78|0x000000070fa00000, 0x000000070fa00000, 0x000000070fc00000|  0%| F|  |TAMS 0x000000070fa00000, 0x000000070fa00000| Untracked 
|  79|0x000000070fc00000, 0x000000070fc00000, 0x000000070fe00000|  0%| F|  |TAMS 0x000000070fc00000, 0x000000070fc00000| Untracked 
|  80|0x000000070fe00000, 0x000000070fe00000, 0x0000000710000000|  0%| F|  |TAMS 0x000000070fe00000, 0x000000070fe00000| Untracked 
|  81|0x0000000710000000, 0x0000000710000000, 0x0000000710200000|  0%| F|  |TAMS 0x0000000710000000, 0x0000000710000000| Untracked 
|  82|0x0000000710200000, 0x0000000710200000, 0x0000000710400000|  0%| F|  |TAMS 0x0000000710200000, 0x0000000710200000| Untracked 
|  83|0x0000000710400000, 0x0000000710400000, 0x0000000710600000|  0%| F|  |TAMS 0x0000000710400000, 0x0000000710400000| Untracked 
|  84|0x0000000710600000, 0x0000000710600000, 0x0000000710800000|  0%| F|  |TAMS 0x0000000710600000, 0x0000000710600000| Untracked 
|  85|0x0000000710800000, 0x0000000710800000, 0x0000000710a00000|  0%| F|  |TAMS 0x0000000710800000, 0x0000000710800000| Untracked 
|  86|0x0000000710a00000, 0x0000000710a00000, 0x0000000710c00000|  0%| F|  |TAMS 0x0000000710a00000, 0x0000000710a00000| Untracked 
|  87|0x0000000710c00000, 0x0000000710c00000, 0x0000000710e00000|  0%| F|  |TAMS 0x0000000710c00000, 0x0000000710c00000| Untracked 
|  88|0x0000000710e00000, 0x0000000710e00000, 0x0000000711000000|  0%| F|  |TAMS 0x0000000710e00000, 0x0000000710e00000| Untracked 
|  89|0x0000000711000000, 0x0000000711000000, 0x0000000711200000|  0%| F|  |TAMS 0x0000000711000000, 0x0000000711000000| Untracked 
|  90|0x0000000711200000, 0x0000000711200000, 0x0000000711400000|  0%| F|  |TAMS 0x0000000711200000, 0x0000000711200000| Untracked 
|  91|0x0000000711400000, 0x0000000711400000, 0x0000000711600000|  0%| F|  |TAMS 0x0000000711400000, 0x0000000711400000| Untracked 
|  92|0x0000000711600000, 0x0000000711600000, 0x0000000711800000|  0%| F|  |TAMS 0x0000000711600000, 0x0000000711600000| Untracked 
|  93|0x0000000711800000, 0x0000000711800000, 0x0000000711a00000|  0%| F|  |TAMS 0x0000000711800000, 0x0000000711800000| Untracked 
|  94|0x0000000711a00000, 0x0000000711a00000, 0x0000000711c00000|  0%| F|  |TAMS 0x0000000711a00000, 0x0000000711a00000| Untracked 
|  95|0x0000000711c00000, 0x0000000711c00000, 0x0000000711e00000|  0%| F|  |TAMS 0x0000000711c00000, 0x0000000711c00000| Untracked 
|  96|0x0000000711e00000, 0x0000000711e00000, 0x0000000712000000|  0%| F|  |TAMS 0x0000000711e00000, 0x0000000711e00000| Untracked 
|  97|0x0000000712000000, 0x0000000712000000, 0x0000000712200000|  0%| F|  |TAMS 0x0000000712000000, 0x0000000712000000| Untracked 
|  98|0x0000000712200000, 0x0000000712200000, 0x0000000712400000|  0%| F|  |TAMS 0x0000000712200000, 0x0000000712200000| Untracked 
|  99|0x0000000712400000, 0x0000000712400000, 0x0000000712600000|  0%| F|  |TAMS 0x0000000712400000, 0x0000000712400000| Untracked 
| 100|0x0000000712600000, 0x0000000712600000, 0x0000000712800000|  0%| F|  |TAMS 0x0000000712600000, 0x0000000712600000| Untracked 
| 101|0x0000000712800000, 0x0000000712800000, 0x0000000712a00000|  0%| F|  |TAMS 0x0000000712800000, 0x0000000712800000| Untracked 
| 102|0x0000000712a00000, 0x0000000712a00000, 0x0000000712c00000|  0%| F|  |TAMS 0x0000000712a00000, 0x0000000712a00000| Untracked 
| 103|0x0000000712c00000, 0x0000000712c00000, 0x0000000712e00000|  0%| F|  |TAMS 0x0000000712c00000, 0x0000000712c00000| Untracked 
| 104|0x0000000712e00000, 0x0000000712e00000, 0x0000000713000000|  0%| F|  |TAMS 0x0000000712e00000, 0x0000000712e00000| Untracked 
| 105|0x0000000713000000, 0x0000000713000000, 0x0000000713200000|  0%| F|  |TAMS 0x0000000713000000, 0x0000000713000000| Untracked 
| 106|0x0000000713200000, 0x0000000713200000, 0x0000000713400000|  0%| F|  |TAMS 0x0000000713200000, 0x0000000713200000| Untracked 
| 107|0x0000000713400000, 0x0000000713400000, 0x0000000713600000|  0%| F|  |TAMS 0x0000000713400000, 0x0000000713400000| Untracked 
| 108|0x0000000713600000, 0x0000000713600000, 0x0000000713800000|  0%| F|  |TAMS 0x0000000713600000, 0x0000000713600000| Untracked 
| 109|0x0000000713800000, 0x0000000713800000, 0x0000000713a00000|  0%| F|  |TAMS 0x0000000713800000, 0x0000000713800000| Untracked 
| 110|0x0000000713a00000, 0x0000000713a00000, 0x0000000713c00000|  0%| F|  |TAMS 0x0000000713a00000, 0x0000000713a00000| Untracked 
| 111|0x0000000713c00000, 0x0000000713c00000, 0x0000000713e00000|  0%| F|  |TAMS 0x0000000713c00000, 0x0000000713c00000| Untracked 
| 112|0x0000000713e00000, 0x0000000713e00000, 0x0000000714000000|  0%| F|  |TAMS 0x0000000713e00000, 0x0000000713e00000| Untracked 
| 113|0x0000000714000000, 0x0000000714000000, 0x0000000714200000|  0%| F|  |TAMS 0x0000000714000000, 0x0000000714000000| Untracked 
| 114|0x0000000714200000, 0x0000000714200000, 0x0000000714400000|  0%| F|  |TAMS 0x0000000714200000, 0x0000000714200000| Untracked 
| 115|0x0000000714400000, 0x0000000714400000, 0x0000000714600000|  0%| F|  |TAMS 0x0000000714400000, 0x0000000714400000| Untracked 
| 116|0x0000000714600000, 0x0000000714600000, 0x0000000714800000|  0%| F|  |TAMS 0x0000000714600000, 0x0000000714600000| Untracked 
| 117|0x0000000714800000, 0x0000000714800000, 0x0000000714a00000|  0%| F|  |TAMS 0x0000000714800000, 0x0000000714800000| Untracked 
| 118|0x0000000714a00000, 0x0000000714a00000, 0x0000000714c00000|  0%| F|  |TAMS 0x0000000714a00000, 0x0000000714a00000| Untracked 
| 119|0x0000000714c00000, 0x0000000714c00000, 0x0000000714e00000|  0%| F|  |TAMS 0x0000000714c00000, 0x0000000714c00000| Untracked 
| 120|0x0000000714e00000, 0x0000000714e00000, 0x0000000715000000|  0%| F|  |TAMS 0x0000000714e00000, 0x0000000714e00000| Untracked 
| 121|0x0000000715000000, 0x0000000715000000, 0x0000000715200000|  0%| F|  |TAMS 0x0000000715000000, 0x0000000715000000| Untracked 
| 122|0x0000000715200000, 0x0000000715200000, 0x0000000715400000|  0%| F|  |TAMS 0x0000000715200000, 0x0000000715200000| Untracked 
| 123|0x0000000715400000, 0x00000007155c3550, 0x0000000715600000| 88%| E|  |TAMS 0x0000000715400000, 0x0000000715400000| Complete 
| 124|0x0000000715600000, 0x0000000715800000, 0x0000000715800000|100%| E|CS|TAMS 0x0000000715600000, 0x0000000715600000| Complete 
| 125|0x0000000715800000, 0x0000000715a00000, 0x0000000715a00000|100%| E|CS|TAMS 0x0000000715800000, 0x0000000715800000| Complete 

Card table byte_map: [0x000001f7ef440000,0x000001f7efc20000] _byte_map_base: 0x000001f7ebc11000

Marking Bits (Prev, Next): (CMBitMap*) 0x000001f7d74f2680, (CMBitMap*) 0x000001f7d74f26c0
 Prev Bits: [0x000001f7f0400000, 0x000001f7f4288000)
 Next Bits: [0x000001f7f4290000, 0x000001f7f8118000)

Polling page: 0x000001f7d53d0000

Metaspace:

Usage:
  Non-class:      1.10 MB used.
      Class:    107.24 KB used.
       Both:      1.20 MB used.

Virtual space:
  Non-class space:       64.00 MB reserved,       1.12 MB (  2%) committed,  1 nodes.
      Class space:        1.00 GB reserved,     192.00 KB ( <1%) committed,  1 nodes.
             Both:        1.06 GB reserved,       1.31 MB ( <1%) committed. 

Chunk freelists:
   Non-Class:  3.82 MB
       Class:  3.72 MB
        Both:  7.54 MB

MaxMetaspaceSize: unlimited
CompressedClassSpaceSize: 1.00 GB
Initial GC threshold: 21.00 MB
Current GC threshold: 21.00 MB
CDS: on
MetaspaceReclaimPolicy: balanced
 - commit_granule_bytes: 65536.
 - commit_granule_words: 8192.
 - virtual_space_node_default_size: 8388608.
 - enlarge_chunks_in_place: 1.
 - new_chunks_are_fully_committed: 0.
 - uncommit_free_chunks: 1.
 - use_allocation_guard: 0.


Internal statistics:

num_allocs_failed_limit: 0.
num_arena_births: 14.
num_arena_deaths: 0.
num_vsnodes_births: 2.
num_vsnodes_deaths: 0.
num_space_committed: 21.
num_space_uncommitted: 0.
num_chunks_returned_to_freelist: 0.
num_chunks_taken_from_freelist: 27.
num_chunk_merges: 0.
num_chunk_splits: 16.
num_chunks_enlarged: 12.
num_inconsistent_stats: 0.

CodeHeap 'non-profiled nmethods': size=119168Kb used=664Kb max_used=664Kb free=118503Kb
 bounds [0x000001f7e6f80000, 0x000001f7e71f0000, 0x000001f7ee3e0000]
CodeHeap 'profiled nmethods': size=119104Kb used=603Kb max_used=603Kb free=118500Kb
 bounds [0x000001f7df3e0000, 0x000001f7df650000, 0x000001f7e6830000]
CodeHeap 'non-nmethods': size=7488Kb used=2350Kb max_used=2365Kb free=5137Kb
 bounds [0x000001f7e6830000, 0x000001f7e6ae0000, 0x000001f7e6f80000]
 total_blobs=817 nmethods=388 adapters=337
 compilation: enabled
              stopped_count=0, restarted_count=0
 full_count=0

Compilation events (20 events):
Event: 0.108 Thread 0x000001f7ff42c110 nmethod 362 0x000001f7df460a90 code [0x000001f7df460c60, 0x000001f7df460f98]
Event: 0.108 Thread 0x000001f7ff42c110  364       3       java.util.Locale::getInstance (55 bytes)
Event: 0.108 Thread 0x000001f7ff55c7c0 nmethod 357 0x000001f7df461090 code [0x000001f7df4612a0, 0x000001f7df461998]
Event: 0.108 Thread 0x000001f7ff5448b0 nmethod 363 0x000001f7df461b90 code [0x000001f7df461d40, 0x000001f7df461f78]
Event: 0.108 Thread 0x000001f7ff55c7c0  365       3       sun.util.locale.InternalLocaleBuilder::<init> (29 bytes)
Event: 0.108 Thread 0x000001f7ff5448b0  366       3       java.util.Locale::forLanguageTag (74 bytes)
Event: 0.109 Thread 0x000001f7ff55c7c0 nmethod 365 0x000001f7df462010 code [0x000001f7df4621e0, 0x000001f7df462538]
Event: 0.109 Thread 0x000001f7ff55c7c0  373       3       sun.util.locale.BaseLocale::convertOldISOCodes (238 bytes)
Event: 0.109 Thread 0x000001f7ff42c110 nmethod 364 0x000001f7df462610 code [0x000001f7df462840, 0x000001f7df463058]
Event: 0.109 Thread 0x000001f7ff42c110  367       3       sun.util.locale.LanguageTag::parse (205 bytes)
Event: 0.109 Thread 0x000001f7ff55c7c0 nmethod 373 0x000001f7df463210 code [0x000001f7df463440, 0x000001f7df463b88]
Event: 0.109 Thread 0x000001f7ff55c7c0  368       3       sun.util.locale.ParseStatus::<init> (9 bytes)
Event: 0.109 Thread 0x000001f7ff5448b0 nmethod 366 0x000001f7df463d10 code [0x000001f7df463f60, 0x000001f7df464678]
Event: 0.109 Thread 0x000001f7ff5448b0  369       3       sun.util.locale.ParseStatus::reset (16 bytes)
Event: 0.109 Thread 0x000001f7ff55c7c0 nmethod 368 0x000001f7df464890 code [0x000001f7df464a40, 0x000001f7df464c58]
Event: 0.109 Thread 0x000001f7ff55c7c0  370       3       sun.util.locale.StringTokenIterator::<init> (41 bytes)
Event: 0.109 Thread 0x000001f7ff5448b0 nmethod 369 0x000001f7df464d10 code [0x000001f7df464ea0, 0x000001f7df464fd8]
Event: 0.109 Thread 0x000001f7ff5448b0  371       3       sun.util.locale.BaseLocale$Key::getBaseLocale (25 bytes)
Event: 0.109 Thread 0x000001f7ff5448b0 nmethod 371 0x000001f7df465090 code [0x000001f7df465240, 0x000001f7df465588]
Event: 0.109 Thread 0x000001f7ff5448b0  372       3       java.util.stream.Nodes$FixedNodeBuilder::accept (61 bytes)

GC Heap History (0 events):
No events

Dll operation events (8 events):
Event: 0.004 Loaded shared library C:\Program Files\Java\jdk-19\bin\java.dll
Event: 0.037 Loaded shared library C:\Program Files\Java\jdk-19\bin\jsvml.dll
Event: 0.057 Loaded shared library C:\Program Files\Java\jdk-19\bin\net.dll
Event: 0.057 Loaded shared library C:\Program Files\Java\jdk-19\bin\nio.dll
Event: 0.059 Loaded shared library C:\Program Files\Java\jdk-19\bin\zip.dll
Event: 0.078 Loaded shared library C:\Program Files\Java\jdk-19\bin\management.dll
Event: 0.080 Loaded shared library C:\Program Files\Java\jdk-19\bin\management_ext.dll
Event: 0.100 Loaded shared library C:\Program Files\Java\jdk-19\bin\jimage.dll

Deoptimization events (0 events):
No events

Classes loaded (20 events):
Event: 0.094 Loading class jdk/internal/math/FloatingDecimal$ExceptionalBinaryToASCIIBuffer
Event: 0.094 Loading class jdk/internal/math/FloatingDecimal$BinaryToASCIIConverter
Event: 0.094 Loading class jdk/internal/math/FloatingDecimal$BinaryToASCIIConverter done
Event: 0.094 Loading class jdk/internal/math/FloatingDecimal$ExceptionalBinaryToASCIIBuffer done
Event: 0.094 Loading class jdk/internal/math/FloatingDecimal$BinaryToASCIIBuffer
Event: 0.095 Loading class jdk/internal/math/FloatingDecimal$BinaryToASCIIBuffer done
Event: 0.095 Loading class jdk/internal/math/FloatingDecimal$1
Event: 0.095 Loading class jdk/internal/math/FloatingDecimal$1 done
Event: 0.095 Loading class jdk/internal/math/FloatingDecimal$PreparedASCIIToBinaryBuffer
Event: 0.095 Loading class jdk/internal/math/FloatingDecimal$ASCIIToBinaryConverter
Event: 0.095 Loading class jdk/internal/math/FloatingDecimal$ASCIIToBinaryConverter done
Event: 0.095 Loading class jdk/internal/math/FloatingDecimal$PreparedASCIIToBinaryBuffer done
Event: 0.095 Loading class jdk/internal/math/FloatingDecimal$ASCIIToBinaryBuffer
Event: 0.095 Loading class jdk/internal/math/FloatingDecimal$ASCIIToBinaryBuffer done
Event: 0.098 Loading class sun/util/calendar/ZoneInfoFile$Checksum
Event: 0.098 Loading class sun/util/calendar/ZoneInfoFile$Checksum done
Event: 0.099 Loading class jdk/internal/module/ModulePatcher$PatchedModuleReader
Event: 0.099 Loading class jdk/internal/module/ModulePatcher$PatchedModuleReader done
Event: 0.100 Loading class sun/net/www/protocol/jrt/Handler
Event: 0.100 Loading class sun/net/www/protocol/jrt/Handler done

Classes unloaded (0 events):
No events

Classes redefined (0 events):
No events

Internal exceptions (2 events):
Event: 0.075 Thread 0x000001f7d747f670 Exception <a 'java/lang/NoSuchMethodError'{0x00000007157e5060}: 'java.lang.Object java.lang.invoke.DirectMethodHandle$Holder.invokeStaticInit(java.lang.Object)'> (0x00000007157e5060) 
thrown [s\open\src\hotspot\share\interpreter\linkResolver.cpp, line 774]
Event: 0.086 Thread 0x000001f7d747f670 Exception <a 'java/lang/NoSuchMethodError'{0x000000071541d218}: 'int java.lang.invoke.DirectMethodHandle$Holder.invokeSpecial(java.lang.Object, java.lang.Object, java.lang.Object)'> (0x000000071541d218) 
thrown [s\open\src\hotspot\share\interpreter\linkResolver.cpp, line 774]

VM Operations (2 events):
Event: 0.059 Executing VM operation: HandshakeAllThreads
Event: 0.059 Executing VM operation: HandshakeAllThreads done

Events (16 events):
Event: 0.037 Thread 0x000001f7d747f670 Thread added: 0x000001f7d747f670
Event: 0.045 Thread 0x000001f7ff40efa0 Thread added: 0x000001f7ff40efa0
Event: 0.045 Thread 0x000001f7ff40fc90 Thread added: 0x000001f7ff40fc90
Event: 0.045 Thread 0x000001f7ff412ea0 Thread added: 0x000001f7ff412ea0
Event: 0.045 Thread 0x000001f7ff418b80 Thread added: 0x000001f7ff418b80
Event: 0.045 Thread 0x000001f7ff41a4c0 Thread added: 0x000001f7ff41a4c0
Event: 0.046 Thread 0x000001f7ff41d210 Thread added: 0x000001f7ff41d210
Event: 0.046 Thread 0x000001f7ff42b7a0 Thread added: 0x000001f7ff42b7a0
Event: 0.046 Thread 0x000001f7ff42c110 Thread added: 0x000001f7ff42c110
Event: 0.046 Thread 0x000001f7ff438270 Thread added: 0x000001f7ff438270
Event: 0.052 Thread 0x000001f7ff5448b0 Thread added: 0x000001f7ff5448b0
Event: 0.053 Thread 0x000001f7ff55c7c0 Thread added: 0x000001f7ff55c7c0
Event: 0.054 Thread 0x000001f7ff569240 Thread added: 0x000001f7ff569240
Event: 0.055 Thread 0x000001f7ff56fc70 Thread added: 0x000001f7ff56fc70
Event: 0.070 Thread 0x000001f7ff641890 Thread added: 0x000001f7ff641890
Event: 0.106 Thread 0x000001f7ff66b170 Thread added: 0x000001f7ff66b170


Dynamic libraries:
0x00007ff7238f0000 - 0x00007ff723900000 	C:\Program Files\Java\jdk-19\bin\java.exe
0x00007ff8ccf70000 - 0x00007ff8cd187000 	C:\WINDOWS\SYSTEM32\ntdll.dll
0x00007ff8cc3a0000 - 0x00007ff8cc464000 	C:\WINDOWS\System32\KERNEL32.DLL
0x00007ff8ca820000 - 0x00007ff8cabcd000 	C:\WINDOWS\System32\KERNELBASE.dll
0x00007ff8ca2e0000 - 0x00007ff8ca3f1000 	C:\WINDOWS\System32\ucrtbase.dll
0x00007ff8b86f0000 - 0x00007ff8b8708000 	C:\Program Files\Java\jdk-19\bin\jli.dll
0x00007ff8b7ef0000 - 0x00007ff8b7f0b000 	C:\Program Files\Java\jdk-19\bin\VCRUNTIME140.dll
0x00007ff8cc8c0000 - 0x00007ff8cc972000 	C:\WINDOWS\System32\ADVAPI32.dll
0x00007ff8cc7c0000 - 0x00007ff8cc867000 	C:\WINDOWS\System32\msvcrt.dll
0x00007ff8cc4b0000 - 0x00007ff8cc559000 	C:\WINDOWS\System32\sechost.dll
0x00007ff8ca550000 - 0x00007ff8ca578000 	C:\WINDOWS\System32\bcrypt.dll
0x00007ff8cb0b0000 - 0x00007ff8cb1c4000 	C:\WINDOWS\System32\RPCRT4.dll
0x00007ff8ccd50000 - 0x00007ff8ccefe000 	C:\WINDOWS\System32\USER32.dll
0x00007ff8ca400000 - 0x00007ff8ca426000 	C:\WINDOWS\System32\win32u.dll
0x00007ff8b89b0000 - 0x00007ff8b8c43000 	C:\WINDOWS\WinSxS\amd64_microsoft.windows.common-controls_6595b64144ccf1df_6.0.22621.3672_none_2713b9d173822955\COMCTL32.dll
0x00007ff8cace0000 - 0x00007ff8cad09000 	C:\WINDOWS\System32\GDI32.dll
0x00007ff8ca430000 - 0x00007ff8ca549000 	C:\WINDOWS\System32\gdi32full.dll
0x00007ff8cabd0000 - 0x00007ff8cac6a000 	C:\WINDOWS\System32\msvcp_win.dll
0x00007ff8c1b20000 - 0x00007ff8c1b2a000 	C:\WINDOWS\SYSTEM32\VERSION.dll
0x00007ff8cc470000 - 0x00007ff8cc4a1000 	C:\WINDOWS\System32\IMM32.DLL
0x00007ff8b9550000 - 0x00007ff8b955c000 	C:\Program Files\Java\jdk-19\bin\vcruntime140_1.dll
0x00007ff888080000 - 0x00007ff88810e000 	C:\Program Files\Java\jdk-19\bin\msvcp140.dll
0x00007ff83c110000 - 0x00007ff83cdd0000 	C:\Program Files\Java\jdk-19\bin\server\jvm.dll
0x00007ff8c6c40000 - 0x00007ff8c6c49000 	C:\WINDOWS\SYSTEM32\WSOCK32.dll
0x00007ff8cbb00000 - 0x00007ff8cbb71000 	C:\WINDOWS\System32\WS2_32.dll
0x00007ff8c3eb0000 - 0x00007ff8c3ee4000 	C:\WINDOWS\SYSTEM32\WINMM.dll
0x00007ff8c93a0000 - 0x00007ff8c93b8000 	C:\WINDOWS\SYSTEM32\kernel.appcore.dll
0x00007ff8b9450000 - 0x00007ff8b945a000 	C:\Program Files\Java\jdk-19\bin\jimage.dll
0x00007ff8c7a30000 - 0x00007ff8c7c62000 	C:\WINDOWS\SYSTEM32\DBGHELP.DLL
0x00007ff8cbb80000 - 0x00007ff8cbf0e000 	C:\WINDOWS\System32\combase.dll
0x00007ff8cca50000 - 0x00007ff8ccb27000 	C:\WINDOWS\System32\OLEAUT32.dll
0x00007ff8bc800000 - 0x00007ff8bc832000 	C:\WINDOWS\SYSTEM32\dbgcore.DLL
0x00007ff8ca260000 - 0x00007ff8ca2db000 	C:\WINDOWS\System32\bcryptPrimitives.dll
0x00007ff8b0380000 - 0x00007ff8b03a6000 	C:\Program Files\Java\jdk-19\bin\java.dll
0x00007ff878c40000 - 0x00007ff878d17000 	C:\Program Files\Java\jdk-19\bin\jsvml.dll
0x00007ff8cb1e0000 - 0x00007ff8cba47000 	C:\WINDOWS\System32\SHELL32.dll
0x00007ff8c81b0000 - 0x00007ff8c8aaf000 	C:\WINDOWS\SYSTEM32\windows.storage.dll
0x00007ff8c8070000 - 0x00007ff8c81af000 	C:\WINDOWS\SYSTEM32\wintypes.dll
0x00007ff8cafb0000 - 0x00007ff8cb0a9000 	C:\WINDOWS\System32\SHCORE.dll
0x00007ff8ccb30000 - 0x00007ff8ccb8e000 	C:\WINDOWS\System32\shlwapi.dll
0x00007ff8ca190000 - 0x00007ff8ca1b7000 	C:\WINDOWS\SYSTEM32\profapi.dll
0x00007ff8b72c0000 - 0x00007ff8b72d3000 	C:\Program Files\Java\jdk-19\bin\net.dll
0x00007ff8c5a70000 - 0x00007ff8c5ba6000 	C:\WINDOWS\SYSTEM32\WINHTTP.dll
0x00007ff8c9810000 - 0x00007ff8c9879000 	C:\WINDOWS\system32\mswsock.dll
0x00007ff8b7100000 - 0x00007ff8b7116000 	C:\Program Files\Java\jdk-19\bin\nio.dll
0x00007ff8b67e0000 - 0x00007ff8b67f8000 	C:\Program Files\Java\jdk-19\bin\zip.dll
0x00007ff8ace60000 - 0x00007ff8ace6a000 	C:\Program Files\Java\jdk-19\bin\management.dll
0x00007ff8ace50000 - 0x00007ff8ace5b000 	C:\Program Files\Java\jdk-19\bin\management_ext.dll
0x00007ff8cba50000 - 0x00007ff8cba58000 	C:\WINDOWS\System32\PSAPI.DLL

dbghelp: loaded successfully - version: 4.0.5 - missing functions: none
symbol engine: initialized successfully - sym options: 0x614 - pdb path: .;C:\Program Files\Java\jdk-19\bin;C:\WINDOWS\SYSTEM32;C:\WINDOWS\WinSxS\amd64_microsoft.windows.common-controls_6595b64144ccf1df_6.0.22621.3672_none_2713b9d173822955;C:\Program Files\Java\jdk-19\bin\server

VM Arguments:
java_command: C:\Users\99293\AppData\Local\Temp\surefire9178208460603046136\surefirebooter10900665343682989863.jar C:\Users\99293\AppData\Local\Temp\surefire9178208460603046136 2024-09-28T23-28-43_504-jvmRun1 surefire7713497660132371311tmp surefire_014522339258309863470tmp
java_class_path (initial): C:\Users\99293\AppData\Local\Temp\surefire9178208460603046136\surefirebooter10900665343682989863.jar
Launcher Type: SUN_STANDARD

[Global flags]
     intx CICompilerCount                          = 12                                        {product} {ergonomic}
     uint ConcGCThreads                            = 3                                         {product} {ergonomic}
     uint G1ConcRefinementThreads                  = 13                                        {product} {ergonomic}
   size_t G1HeapRegionSize                         = 2097152                                   {product} {ergonomic}
    uintx GCDrainStackTargetSize                   = 64                                        {product} {ergonomic}
   size_t InitialHeapSize                          = 264241152                                 {product} {ergonomic}
   size_t MarkStackSize                            = 4194304                                   {product} {ergonomic}
   size_t MaxHeapSize                              = 4196401152                                {product} {ergonomic}
   size_t MaxNewSize                               = 2516582400                                {product} {ergonomic}
   size_t MinHeapDeltaBytes                        = 2097152                                   {product} {ergonomic}
   size_t MinHeapSize                              = 8388608                                   {product} {ergonomic}
    uintx NonNMethodCodeHeapSize                   = 7602480                                {pd product} {ergonomic}
    uintx NonProfiledCodeHeapSize                  = 122027880                              {pd product} {ergonomic}
    uintx ProfiledCodeHeapSize                     = 122027880                              {pd product} {ergonomic}
    uintx ReservedCodeCacheSize                    = 251658240                              {pd product} {ergonomic}
     bool SegmentedCodeCache                       = true                                      {product} {ergonomic}
   size_t SoftMaxHeapSize                          = 4196401152                             {manageable} {ergonomic}
     bool UseCompressedClassPointers               = true                           {product lp64_product} {ergonomic}
     bool UseCompressedOops                        = true                           {product lp64_product} {ergonomic}
     bool UseG1GC                                  = true                                      {product} {ergonomic}
     bool UseLargePagesIndividualAllocation        = false                                  {pd product} {ergonomic}

Logging:
Log output configuration:
 #0: stdout all=warning uptime,level,tags foldmultilines=false
 #1: stderr all=off uptime,level,tags foldmultilines=false

Environment Variables:
JAVA_HOME=C:\Program Files\Java\jdk-19
PATH=C:\Program Files\Common Files\Oracle\Java\javapath;C:\Windows\system32;C:\Windows;C:\Windows\System32\Wbem;C:\Windows\System32\WindowsPowerShell\v1.0\;C:\Windows\System32\OpenSSH\;C:\Program Files (x86)\NVIDIA Corporation\PhysX\Common;C:\Program Files\NVIDIA Corporation\NVIDIA NvDLISR;C:\Program Files\Git\cmd;C:\Program Files (x86)\dotnet\;C:\WINDOWS\system32;C:\WINDOWS;C:\WINDOWS\System32\Wbem;C:\WINDOWS\System32\WindowsPowerShell\v1.0\;C:\WINDOWS\System32\OpenSSH\;C:\Program Files\Java\jdk-19\bin;C:\Users\99293\AppData\Local\Programs\Python\Python311\Scripts\;C:\Users\99293\AppData\Local\Programs\Python\Python311\;C:\Users\99293\AppData\Local\Microsoft\WindowsApps;;C:\Program Files\JetBrains\IntelliJ IDEA 2022.1.2\bin;;C:\Program Files\heroku\bin
USERNAME=ASUS
OS=Windows_NT
PROCESSOR_IDENTIFIER=Intel64 Family 6 Model 154 Stepping 3, GenuineIntel
TMP=C:\Users\99293\AppData\Local\Temp
TEMP=C:\Users\99293\AppData\Local\Temp



---------------  S Y S T E M  ---------------

OS:
 Windows 11 , 64 bit Build 22621 (10.0.22621.3958)
OS uptime: 2 days 3:35 hours
Hyper-V role detected

CPU: total 16 (initial active 16) (8 cores per cpu, 2 threads per core) family 6 model 154 stepping 3 microcode 0x41c, cx8, cmov, fxsr, ht, mmx, 3dnowpref, sse, sse2, sse3, ssse3, sse4.1, sse4.2, popcnt, lzcnt, tsc, tscinvbit, avx, avx2, aes, erms, clmul, bmi1, bmi2, adx, sha, fma, vzeroupper, clflush, clflushopt, clwb, hv, serialize, rdtscp, rdpid, fsrm

Memory: 4k page, system-wide physical 16005M (2416M free)
TotalPageFile size 18053M (AvailPageFile size 3M)
current process WorkingSet (physical memory assigned to process): 40M, peak: 40M
current process commit charge ("private bytes"): 354M, peak: 354M

vm_info: Java HotSpot(TM) 64-Bit Server VM (19.0.2+7-44) for windows-amd64 JRE (19.0.2+7-44), built on 2022-11-30T18:02:09Z by "mach5one" with MS VC++ 17.1 (VS2022)

END.
