#
# There is insufficient memory for the Java Runtime Environment to continue.
# Native memory allocation (malloc) failed to allocate 1707536 bytes for Chunk::new
# Possible reasons:
#   The system is out of physical RAM or swap space
#   The process is running with CompressedOops enabled, and the Java Heap may be blocking the growth of the native heap
# Possible solutions:
#   Reduce memory load on the system
#   Increase physical memory or swap space
#   Check if swap backing store is full
#   Decrease Java heap size (-Xmx/-Xms)
#   Decrease number of Java threads
#   Decrease Java thread stack sizes (-Xss)
#   Set larger code cache with -XX:ReservedCodeCacheSize=
#   JVM is running with Zero Based Compressed Oops mode in which the Java heap is
#     placed in the first 32GB address space. The Java Heap base address is the
#     maximum limit for the native heap growth. Please use -XX:HeapBaseMinAddress
#     to set the Java Heap base and to place the Java Heap above 32GB virtual address.
# This output file may be truncated or incomplete.
#
#  Out of Memory Error (arena.cpp:184), pid=15908, tid=12056
#
# JRE version: Java(TM) SE Runtime Environment (19.0.2+7) (build 19.0.2+7-44)
# Java VM: Java HotSpot(TM) 64-Bit Server VM (19.0.2+7-44, mixed mode, sharing, tiered, compressed oops, compressed class ptrs, g1 gc, windows-amd64)
# No core dump will be written. Minidumps are not enabled by default on client versions of Windows
#

---------------  S U M M A R Y ------------

Command Line: -Dmaven.multiModuleProjectDirectory=D:\unitedStates original storage\unitedStates duplicates original storage -Dmaven.home=C:\Users\99293\.m2\wrapper\dists\apache-maven-3.8.6-bin\1ks0nkde5v1pk9vtc31i9d0lcd\apache-maven-3.8.6 -Dclassworlds.conf=C:\Users\99293\.m2\wrapper\dists\apache-maven-3.8.6-bin\1ks0nkde5v1pk9vtc31i9d0lcd\apache-maven-3.8.6\bin\m2.conf -Dmaven.ext.class.path=C:\Program Files\JetBrains\IntelliJ IDEA 2022.1.2\plugins\maven\lib\maven-event-listener.jar -javaagent:C:\Program Files\JetBrains\IntelliJ IDEA 2022.1.2\lib\idea_rt.jar=56076:C:\Program Files\JetBrains\IntelliJ IDEA 2022.1.2\bin -Dfile.encoding=UTF-8 org.codehaus.classworlds.Launcher -Didea.version=2022.1.2 package

Host: 12th Gen Intel(R) Core(TM) i7-12650H, 16 cores, 15G,  Windows 11 , 64 bit Build 22621 (10.0.22621.3235)
Time: Tue Apr  2 17:16:04 2024  Windows 11 , 64 bit Build 22621 (10.0.22621.3235) elapsed time: 3.918307 seconds (0d 0h 0m 3s)

---------------  T H R E A D  ---------------

Current thread (0x00000271fe94efa0):  JavaThread "C2 CompilerThread3" daemon [_thread_in_native, id=12056, stack(0x000000abc4100000,0x000000abc4200000)]


Current CompileTask:
C2:   3918 7407       4       lombok.core.AST::buildWithCollection (128 bytes)

Stack: [0x000000abc4100000,0x000000abc4200000]
Native frames: (J=compiled Java code, j=interpreted, Vv=VM code, C=native code)
V  [jvm.dll+0x6ee21a]
V  [jvm.dll+0x85765e]
V  [jvm.dll+0x85904e]
V  [jvm.dll+0x859703]
V  [jvm.dll+0x28298f]
V  [jvm.dll+0xc9adf]
V  [jvm.dll+0xc9e65]
V  [jvm.dll+0x3bca12]
V  [jvm.dll+0x1ee0aa]
V  [jvm.dll+0x24c52b]
V  [jvm.dll+0x24b781]
V  [jvm.dll+0x1d6ce1]
V  [jvm.dll+0x25b25a]
V  [jvm.dll+0x2596e8]
V  [jvm.dll+0x807588]
V  [jvm.dll+0x80125a]
V  [jvm.dll+0x6ecf0b]
C  [ucrtbase.dll+0x29363]
C  [KERNEL32.DLL+0x1257d]
C  [ntdll.dll+0x5aa58]


---------------  P R O C E S S  ---------------

Threads class SMR info:
_java_thread_list=0x00000271861d8cd0, length=23, elements={
0x00000271da37d6c0, 0x00000271fe07e730, 0x00000271fe07f520, 0x00000271fe080310,
0x00000271fe084260, 0x00000271fe089f20, 0x00000271fe08a460, 0x00000271fe08e9f0,
0x00000271fe09a3b0, 0x00000271fe0a0b60, 0x00000271fe25efa0, 0x00000271fe300160,
0x00000271fe302800, 0x00000271fe392390, 0x00000271fe393fd0, 0x00000271fe743020,
0x00000271fe802dd0, 0x00000271fe9376b0, 0x00000271fe94efa0, 0x00000271fe934860,
0x00000271ff51cf60, 0x00000271ff622850, 0x00000271ff3ae180
}

Java Threads: ( => current thread )
  0x00000271da37d6c0 JavaThread "main" [_thread_in_Java, id=7244, stack(0x000000abc2800000,0x000000abc2900000)]
  0x00000271fe07e730 JavaThread "Reference Handler" daemon [_thread_blocked, id=12920, stack(0x000000abc2f00000,0x000000abc3000000)]
  0x00000271fe07f520 JavaThread "Finalizer" daemon [_thread_blocked, id=11368, stack(0x000000abc3000000,0x000000abc3100000)]
  0x00000271fe080310 JavaThread "Signal Dispatcher" daemon [_thread_blocked, id=19264, stack(0x000000abc3100000,0x000000abc3200000)]
  0x00000271fe084260 JavaThread "Attach Listener" daemon [_thread_blocked, id=5536, stack(0x000000abc3200000,0x000000abc3300000)]
  0x00000271fe089f20 JavaThread "Service Thread" daemon [_thread_blocked, id=3144, stack(0x000000abc3300000,0x000000abc3400000)]
  0x00000271fe08a460 JavaThread "Monitor Deflation Thread" daemon [_thread_blocked, id=17032, stack(0x000000abc3400000,0x000000abc3500000)]
  0x00000271fe08e9f0 JavaThread "C2 CompilerThread0" daemon [_thread_in_native, id=9868, stack(0x000000abc3500000,0x000000abc3600000)]
  0x00000271fe09a3b0 JavaThread "C1 CompilerThread0" daemon [_thread_in_native, id=10376, stack(0x000000abc3600000,0x000000abc3700000)]
  0x00000271fe0a0b60 JavaThread "Sweeper thread" daemon [_thread_blocked, id=17580, stack(0x000000abc3700000,0x000000abc3800000)]
  0x00000271fe25efa0 JavaThread "C1 CompilerThread1" daemon [_thread_in_native, id=19360, stack(0x000000abc3800000,0x000000abc3900000)]
  0x00000271fe300160 JavaThread "Common-Cleaner" daemon [_thread_blocked, id=11832, stack(0x000000abc3900000,0x000000abc3a00000)]
  0x00000271fe302800 JavaThread "C1 CompilerThread2" daemon [_thread_in_native, id=11848, stack(0x000000abc3a00000,0x000000abc3b00000)]
  0x00000271fe392390 JavaThread "Monitor Ctrl-Break" daemon [_thread_in_native, id=11352, stack(0x000000abc3b00000,0x000000abc3c00000)]
  0x00000271fe393fd0 JavaThread "Notification Thread" daemon [_thread_blocked, id=19168, stack(0x000000abc3c00000,0x000000abc3d00000)]
  0x00000271fe743020 JavaThread "C2 CompilerThread1" daemon [_thread_in_native, id=9168, stack(0x000000abc3e00000,0x000000abc3f00000)]
  0x00000271fe802dd0 JavaThread "C1 CompilerThread3" daemon [_thread_in_native, id=5816, stack(0x000000abc3f00000,0x000000abc4000000)]
  0x00000271fe9376b0 JavaThread "C2 CompilerThread2" daemon [_thread_in_native, id=15696, stack(0x000000abc4000000,0x000000abc4100000)]
=>0x00000271fe94efa0 JavaThread "C2 CompilerThread3" daemon [_thread_in_native, id=12056, stack(0x000000abc4100000,0x000000abc4200000)]
  0x00000271fe934860 JavaThread "C2 CompilerThread4" daemon [_thread_in_native, id=4776, stack(0x000000abc4200000,0x000000abc4300000)]
  0x00000271ff51cf60 JavaThread "C2 CompilerThread5" daemon [_thread_in_native, id=20228, stack(0x000000abc4300000,0x000000abc4400000)]
  0x00000271ff622850 JavaThread "C2 CompilerThread6" daemon [_thread_in_native, id=17604, stack(0x000000abc4400000,0x000000abc4500000)]
  0x00000271ff3ae180 JavaThread "C2 CompilerThread7" daemon [_thread_in_native, id=13096, stack(0x000000abc4500000,0x000000abc4600000)]

Other Threads:
  0x00000271fe064db0 VMThread "VM Thread" [stack: 0x000000abc2e00000,0x000000abc2f00000] [id=11260]
  0x00000271fe3928d0 WatcherThread "VM Periodic Task Thread" [stack: 0x000000abc3d00000,0x000000abc3e00000] [id=9080]
  0x00000271da3f0280 WorkerThread "GC Thread#0" [stack: 0x000000abc2900000,0x000000abc2a00000] [id=8424]
  0x00000271fe750350 WorkerThread "GC Thread#1" [stack: 0x000000abc4600000,0x000000abc4700000] [id=11592]
  0x00000271fe74fdb0 WorkerThread "GC Thread#2" [stack: 0x000000abc4700000,0x000000abc4800000] [id=13932]
  0x00000271fe750620 WorkerThread "GC Thread#3" [stack: 0x000000abc4800000,0x000000abc4900000] [id=4320]
  0x00000271fe7508f0 WorkerThread "GC Thread#4" [stack: 0x000000abc4900000,0x000000abc4a00000] [id=10372]
  0x00000271fe750bc0 WorkerThread "GC Thread#5" [stack: 0x000000abc4a00000,0x000000abc4b00000] [id=20332]
  0x00000271fe750e90 WorkerThread "GC Thread#6" [stack: 0x000000abc4b00000,0x000000abc4c00000] [id=14216]
  0x00000271fe751430 WorkerThread "GC Thread#7" [stack: 0x000000abc4c00000,0x000000abc4d00000] [id=21500]
  0x00000271fe7519d0 WorkerThread "GC Thread#8" [stack: 0x000000abc4d00000,0x000000abc4e00000] [id=18532]
  0x00000271847b1f50 WorkerThread "GC Thread#9" [stack: 0x000000abc4e00000,0x000000abc4f00000] [id=18200]
  0x00000271847b35d0 WorkerThread "GC Thread#10" [stack: 0x000000abc4f00000,0x000000abc5000000] [id=15964]
  0x00000271847b2d60 WorkerThread "GC Thread#11" [stack: 0x000000abc5000000,0x000000abc5100000] [id=19784]
  0x00000271847b3300 WorkerThread "GC Thread#12" [stack: 0x000000abc5100000,0x000000abc5200000] [id=9376]
  0x00000271da400bf0 ConcurrentGCThread "G1 Main Marker" [stack: 0x000000abc2a00000,0x000000abc2b00000] [id=18808]
  0x00000271da402630 WorkerThread "G1 Conc#0" [stack: 0x000000abc2b00000,0x000000abc2c00000] [id=13736]
  0x00000271847b2220 WorkerThread "G1 Conc#1" [stack: 0x000000abc5200000,0x000000abc5300000] [id=8004]
  0x00000271847b0e70 WorkerThread "G1 Conc#2" [stack: 0x000000abc5300000,0x000000abc5400000] [id=11588]
  0x00000271fdf219a0 ConcurrentGCThread "G1 Refine#0" [stack: 0x000000abc2c00000,0x000000abc2d00000] [id=13092]
  0x00000271fdf224e0 ConcurrentGCThread "G1 Service" [stack: 0x000000abc2d00000,0x000000abc2e00000] [id=1708]

Threads with active compile tasks:
C2 CompilerThread0     3937 7923 %     4       java.lang.Class::searchMethods @ 18 (104 bytes)
C1 CompilerThread0     3937 7926       3       com.sun.tools.javac.comp.Annotate::getAnnotationArrayValue (157 bytes)
C1 CompilerThread1     3937 7928       3       com.sun.tools.javac.comp.Attr::litType (30 bytes)
C1 CompilerThread2     3937 7925       3       com.sun.tools.javac.tree.TreeScanner::visitMethodDef (65 bytes)
C2 CompilerThread1     3937 7352       4       lombok.javac.JavacAST::buildStatementOrExpression (104 bytes)
C1 CompilerThread3     3937 7929       3       com.sun.tools.javac.comp.Annotate::getAnnotationPrimitiveValue (128 bytes)
C2 CompilerThread2     3937 7370   !   4       lombok.javac.JavacAST::drill (146 bytes)
C2 CompilerThread3     3937 7407       4       lombok.core.AST::buildWithCollection (128 bytes)
C2 CompilerThread4     3937 7364   !   4       lombok.core.AST::buildWithField0 (121 bytes)
C2 CompilerThread5     3937 7367       4       lombok.javac.JavacAST::buildTree (176 bytes)
C2 CompilerThread6     3938 7797       4       lombok.core.configuration.BubblingConfigurationResolver::resolve (429 bytes)
C2 CompilerThread7     3938 7581       4       lombok.javac.JavacAST::buildLocalVar (109 bytes)

VM state: not at safepoint (normal execution)

VM Mutex/Monitor currently owned by a thread: None

Heap address: 0x0000000705e00000, size: 4002 MB, Compressed Oops mode: Zero based, Oop shift amount: 3

CDS archive(s) mapped at: [0x0000000800000000-0x0000000800c40000-0x0000000800c40000), size 12845056, SharedBaseAddress: 0x0000000800000000, ArchiveRelocationMode: 0.
Compressed class space mapped at: 0x0000000801000000-0x0000000841000000, reserved size: 1073741824
Narrow klass base: 0x0000000800000000, Narrow klass shift: 0, Narrow klass range: 0x100000000

GC Precious Log:
 CardTable entry size: 512
 Card Set container configuration: InlinePtr #cards 4 size 8 Array Of Cards #cards 16 size 48 Howl #buckets 8 coarsen threshold 3686 Howl Bitmap #cards 512 size 80 coarsen threshold 460 Card regions per heap region 1 cards per card region 4096
 CPUs: 16 total, 16 available
 Memory: 16005M
 Large Page Support: Disabled
 NUMA Support: Disabled
 Compressed Oops: Enabled (Zero based)
 Heap Region Size: 2M
 Heap Min Capacity: 8M
 Heap Initial Capacity: 252M
 Heap Max Capacity: 4002M
 Pre-touch: Disabled
 Parallel Workers: 13
 Concurrent Workers: 3
 Concurrent Refinement Workers: 13
 Periodic GC: Disabled

Heap:
 garbage-first heap   total 145408K, used 69696K [0x0000000705e00000, 0x0000000800000000)
  region size 2048K, 11 young (22528K), 1 survivors (2048K)
 Metaspace       used 28326K, committed 28864K, reserved 1114112K
  class space    used 2960K, committed 3264K, reserved 1048576K

Heap Regions: E=young(eden), S=young(survivor), O=old, HS=humongous(starts), HC=humongous(continues), CS=collection set, F=free, OA=open archive, CA=closed archive, TAMS=top-at-mark-start (previous, next)
|   0|0x0000000705e00000, 0x0000000706000000, 0x0000000706000000|100%| O|  |TAMS 0x0000000706000000, 0x0000000705e00000| Untracked 
|   1|0x0000000706000000, 0x0000000706200000, 0x0000000706200000|100%| O|  |TAMS 0x0000000706200000, 0x0000000706000000| Untracked 
|   2|0x0000000706200000, 0x0000000706400000, 0x0000000706400000|100%| O|  |TAMS 0x0000000706400000, 0x0000000706200000| Untracked 
|   3|0x0000000706400000, 0x0000000706600000, 0x0000000706600000|100%| O|  |TAMS 0x0000000706600000, 0x0000000706400000| Untracked 
|   4|0x0000000706600000, 0x0000000706800000, 0x0000000706800000|100%| O|  |TAMS 0x0000000706800000, 0x0000000706600000| Untracked 
|   5|0x0000000706800000, 0x0000000706a00000, 0x0000000706a00000|100%| O|  |TAMS 0x0000000706a00000, 0x0000000706800000| Untracked 
|   6|0x0000000706a00000, 0x0000000706c00000, 0x0000000706c00000|100%| O|  |TAMS 0x0000000706c00000, 0x0000000706a00000| Untracked 
|   7|0x0000000706c00000, 0x0000000706e00000, 0x0000000706e00000|100%| O|  |TAMS 0x0000000706e00000, 0x0000000706c00000| Untracked 
|   8|0x0000000706e00000, 0x0000000707000000, 0x0000000707000000|100%| O|  |TAMS 0x0000000707000000, 0x0000000706e00000| Untracked 
|   9|0x0000000707000000, 0x0000000707000000, 0x0000000707200000|  0%| F|  |TAMS 0x0000000707000000, 0x0000000707000000| Untracked 
|  10|0x0000000707200000, 0x0000000707400000, 0x0000000707400000|100%| O|  |TAMS 0x0000000707400000, 0x0000000707200000| Untracked 
|  11|0x0000000707400000, 0x0000000707600000, 0x0000000707600000|100%| O|  |TAMS 0x0000000707600000, 0x0000000707400000| Untracked 
|  12|0x0000000707600000, 0x0000000707800000, 0x0000000707800000|100%|HS|  |TAMS 0x0000000707800000, 0x0000000707600000| Complete 
|  13|0x0000000707800000, 0x0000000707a00000, 0x0000000707a00000|100%| O|  |TAMS 0x0000000707a00000, 0x0000000707800000| Untracked 
|  14|0x0000000707a00000, 0x0000000707c00000, 0x0000000707c00000|100%| O|  |TAMS 0x0000000707c00000, 0x0000000707a00000| Untracked 
|  15|0x0000000707c00000, 0x0000000707e00000, 0x0000000707e00000|100%| O|  |TAMS 0x0000000707e00000, 0x0000000707c00000| Untracked 
|  16|0x0000000707e00000, 0x0000000708000000, 0x0000000708000000|100%| O|  |TAMS 0x0000000708000000, 0x0000000707e00000| Untracked 
|  17|0x0000000708000000, 0x0000000708118800, 0x0000000708200000| 54%| O|  |TAMS 0x0000000708000000, 0x0000000708000000| Untracked 
|  18|0x0000000708200000, 0x0000000708200000, 0x0000000708400000|  0%| F|  |TAMS 0x0000000708200000, 0x0000000708200000| Untracked 
|  19|0x0000000708400000, 0x0000000708400000, 0x0000000708600000|  0%| F|  |TAMS 0x0000000708400000, 0x0000000708400000| Untracked 
|  20|0x0000000708600000, 0x0000000708600000, 0x0000000708800000|  0%| F|  |TAMS 0x0000000708600000, 0x0000000708600000| Untracked 
|  21|0x0000000708800000, 0x0000000708800000, 0x0000000708a00000|  0%| F|  |TAMS 0x0000000708800000, 0x0000000708800000| Untracked 
|  22|0x0000000708a00000, 0x0000000708a00000, 0x0000000708c00000|  0%| F|  |TAMS 0x0000000708a00000, 0x0000000708a00000| Untracked 
|  23|0x0000000708c00000, 0x0000000708c00000, 0x0000000708e00000|  0%| F|  |TAMS 0x0000000708c00000, 0x0000000708c00000| Untracked 
|  24|0x0000000708e00000, 0x0000000708e00000, 0x0000000709000000|  0%| F|  |TAMS 0x0000000708e00000, 0x0000000708e00000| Untracked 
|  25|0x0000000709000000, 0x0000000709000000, 0x0000000709200000|  0%| F|  |TAMS 0x0000000709000000, 0x0000000709000000| Untracked 
|  26|0x0000000709200000, 0x0000000709200000, 0x0000000709400000|  0%| F|  |TAMS 0x0000000709200000, 0x0000000709200000| Untracked 
|  27|0x0000000709400000, 0x0000000709400000, 0x0000000709600000|  0%| F|  |TAMS 0x0000000709400000, 0x0000000709400000| Untracked 
|  28|0x0000000709600000, 0x0000000709600000, 0x0000000709800000|  0%| F|  |TAMS 0x0000000709600000, 0x0000000709600000| Untracked 
|  29|0x0000000709800000, 0x0000000709800000, 0x0000000709a00000|  0%| F|  |TAMS 0x0000000709800000, 0x0000000709800000| Untracked 
|  30|0x0000000709a00000, 0x0000000709a00000, 0x0000000709c00000|  0%| F|  |TAMS 0x0000000709a00000, 0x0000000709a00000| Untracked 
|  31|0x0000000709c00000, 0x0000000709c00000, 0x0000000709e00000|  0%| F|  |TAMS 0x0000000709c00000, 0x0000000709c00000| Untracked 
|  32|0x0000000709e00000, 0x0000000709e00000, 0x000000070a000000|  0%| F|  |TAMS 0x0000000709e00000, 0x0000000709e00000| Untracked 
|  33|0x000000070a000000, 0x000000070a000000, 0x000000070a200000|  0%| F|  |TAMS 0x000000070a000000, 0x000000070a000000| Untracked 
|  34|0x000000070a200000, 0x000000070a200000, 0x000000070a400000|  0%| F|  |TAMS 0x000000070a200000, 0x000000070a200000| Untracked 
|  35|0x000000070a400000, 0x000000070a400000, 0x000000070a600000|  0%| F|  |TAMS 0x000000070a400000, 0x000000070a400000| Untracked 
|  36|0x000000070a600000, 0x000000070a600000, 0x000000070a800000|  0%| F|  |TAMS 0x000000070a600000, 0x000000070a600000| Untracked 
|  37|0x000000070a800000, 0x000000070a800000, 0x000000070aa00000|  0%| F|  |TAMS 0x000000070a800000, 0x000000070a800000| Untracked 
|  38|0x000000070aa00000, 0x000000070aa00000, 0x000000070ac00000|  0%| F|  |TAMS 0x000000070aa00000, 0x000000070aa00000| Untracked 
|  39|0x000000070ac00000, 0x000000070ac00000, 0x000000070ae00000|  0%| F|  |TAMS 0x000000070ac00000, 0x000000070ac00000| Untracked 
|  40|0x000000070ae00000, 0x000000070ae00000, 0x000000070b000000|  0%| F|  |TAMS 0x000000070ae00000, 0x000000070ae00000| Untracked 
|  41|0x000000070b000000, 0x000000070b000000, 0x000000070b200000|  0%| F|  |TAMS 0x000000070b000000, 0x000000070b000000| Untracked 
|  42|0x000000070b200000, 0x000000070b200000, 0x000000070b400000|  0%| F|  |TAMS 0x000000070b200000, 0x000000070b200000| Untracked 
|  43|0x000000070b400000, 0x000000070b400000, 0x000000070b600000|  0%| F|  |TAMS 0x000000070b400000, 0x000000070b400000| Untracked 
|  44|0x000000070b600000, 0x000000070b600000, 0x000000070b800000|  0%| F|  |TAMS 0x000000070b600000, 0x000000070b600000| Untracked 
|  45|0x000000070b800000, 0x000000070b800000, 0x000000070ba00000|  0%| F|  |TAMS 0x000000070b800000, 0x000000070b800000| Untracked 
|  46|0x000000070ba00000, 0x000000070ba00000, 0x000000070bc00000|  0%| F|  |TAMS 0x000000070ba00000, 0x000000070ba00000| Untracked 
|  47|0x000000070bc00000, 0x000000070bc00000, 0x000000070be00000|  0%| F|  |TAMS 0x000000070bc00000, 0x000000070bc00000| Untracked 
|  48|0x000000070be00000, 0x000000070be00000, 0x000000070c000000|  0%| F|  |TAMS 0x000000070be00000, 0x000000070be00000| Untracked 
|  49|0x000000070c000000, 0x000000070c000000, 0x000000070c200000|  0%| F|  |TAMS 0x000000070c000000, 0x000000070c000000| Untracked 
|  50|0x000000070c200000, 0x000000070c200000, 0x000000070c400000|  0%| F|  |TAMS 0x000000070c200000, 0x000000070c200000| Untracked 
|  51|0x000000070c400000, 0x000000070c400000, 0x000000070c600000|  0%| F|  |TAMS 0x000000070c400000, 0x000000070c400000| Untracked 
|  52|0x000000070c600000, 0x000000070c729c70, 0x000000070c800000| 58%| E|  |TAMS 0x000000070c600000, 0x000000070c600000| Complete 
|  53|0x000000070c800000, 0x000000070ca00000, 0x000000070ca00000|100%| E|CS|TAMS 0x000000070c800000, 0x000000070c800000| Complete 
|  54|0x000000070ca00000, 0x000000070cc00000, 0x000000070cc00000|100%| E|CS|TAMS 0x000000070ca00000, 0x000000070ca00000| Complete 
|  55|0x000000070cc00000, 0x000000070ce00000, 0x000000070ce00000|100%| E|CS|TAMS 0x000000070cc00000, 0x000000070cc00000| Complete 
|  56|0x000000070ce00000, 0x000000070d000000, 0x000000070d000000|100%| E|CS|TAMS 0x000000070ce00000, 0x000000070ce00000| Complete 
|  57|0x000000070d000000, 0x000000070d200000, 0x000000070d200000|100%| E|CS|TAMS 0x000000070d000000, 0x000000070d000000| Complete 
|  58|0x000000070d200000, 0x000000070d400000, 0x000000070d400000|100%| E|CS|TAMS 0x000000070d200000, 0x000000070d200000| Complete 
|  59|0x000000070d400000, 0x000000070d600000, 0x000000070d600000|100%| E|CS|TAMS 0x000000070d400000, 0x000000070d400000| Complete 
|  60|0x000000070d600000, 0x000000070d6f7ac8, 0x000000070d800000| 48%| S|CS|TAMS 0x000000070d600000, 0x000000070d600000| Complete 
|  61|0x000000070d800000, 0x000000070da00000, 0x000000070da00000|100%| E|CS|TAMS 0x000000070d800000, 0x000000070d800000| Complete 
| 125|0x0000000715800000, 0x0000000715a00000, 0x0000000715a00000|100%| E|CS|TAMS 0x0000000715800000, 0x0000000715800000| Complete 
|1993|0x00000007ff000000, 0x00000007ff200000, 0x00000007ff200000|100%| O|  |TAMS 0x00000007ff200000, 0x00000007ff000000| Untracked 
|1994|0x00000007ff200000, 0x00000007ff400000, 0x00000007ff400000|100%| O|  |TAMS 0x00000007ff400000, 0x00000007ff200000| Untracked 
|1995|0x00000007ff400000, 0x00000007ff600000, 0x00000007ff600000|100%| O|  |TAMS 0x00000007ff600000, 0x00000007ff400000| Untracked 
|1996|0x00000007ff600000, 0x00000007ff800000, 0x00000007ff800000|100%| O|  |TAMS 0x00000007ff800000, 0x00000007ff600000| Untracked 
|1997|0x00000007ff800000, 0x00000007ffa00000, 0x00000007ffa00000|100%| O|  |TAMS 0x00000007ffa00000, 0x00000007ff800000| Untracked 
|1998|0x00000007ffa00000, 0x00000007ffc00000, 0x00000007ffc00000|100%| O|  |TAMS 0x00000007ffc00000, 0x00000007ffa00000| Untracked 
|1999|0x00000007ffc00000, 0x00000007ffe00000, 0x00000007ffe00000|100%| O|  |TAMS 0x00000007ffe00000, 0x00000007ffc00000| Untracked 
|2000|0x00000007ffe00000, 0x0000000800000000, 0x0000000800000000|100%| O|  |TAMS 0x0000000800000000, 0x00000007ffe00000| Untracked 

Card table byte_map: [0x00000271f2340000,0x00000271f2b20000] _byte_map_base: 0x00000271eeb11000

Marking Bits (Prev, Next): (CMBitMap*) 0x00000271da3f08b0, (CMBitMap*) 0x00000271da3f08f0
 Prev Bits: [0x00000271f3300000, 0x00000271f7188000)
 Next Bits: [0x00000271f7190000, 0x00000271fb018000)

Polling page: 0x00000271d8380000

Metaspace:

Usage:
  Non-class:     24.77 MB used.
      Class:      2.89 MB used.
       Both:     27.66 MB used.

Virtual space:
  Non-class space:       64.00 MB reserved,      25.00 MB ( 39%) committed,  1 nodes.
      Class space:        1.00 GB reserved,       3.19 MB ( <1%) committed,  1 nodes.
             Both:        1.06 GB reserved,      28.19 MB (  3%) committed. 

Chunk freelists:
   Non-Class:  2.33 MB
       Class:  814.00 KB
        Both:  3.12 MB

MaxMetaspaceSize: unlimited
CompressedClassSpaceSize: 1.00 GB
Initial GC threshold: 21.00 MB
Current GC threshold: 45.75 MB
CDS: on
MetaspaceReclaimPolicy: balanced
 - commit_granule_bytes: 65536.
 - commit_granule_words: 8192.
 - virtual_space_node_default_size: 8388608.
 - enlarge_chunks_in_place: 1.
 - new_chunks_are_fully_committed: 0.
 - uncommit_free_chunks: 1.
 - use_allocation_guard: 0.


Internal statistics:

num_allocs_failed_limit: 3.
num_arena_births: 592.
num_arena_deaths: 0.
num_vsnodes_births: 2.
num_vsnodes_deaths: 0.
num_space_committed: 451.
num_space_uncommitted: 0.
num_chunks_returned_to_freelist: 3.
num_chunks_taken_from_freelist: 1643.
num_chunk_merges: 3.
num_chunk_splits: 1144.
num_chunks_enlarged: 822.
num_inconsistent_stats: 0.

CodeHeap 'non-profiled nmethods': size=119168Kb used=4035Kb max_used=4035Kb free=115132Kb
 bounds [0x00000271e9e80000, 0x00000271ea280000, 0x00000271f12e0000]
CodeHeap 'profiled nmethods': size=119104Kb used=15816Kb max_used=15816Kb free=103287Kb
 bounds [0x00000271e22e0000, 0x00000271e3260000, 0x00000271e9730000]
CodeHeap 'non-nmethods': size=7488Kb used=3002Kb max_used=3061Kb free=4485Kb
 bounds [0x00000271e9730000, 0x00000271e9a40000, 0x00000271e9e80000]
 total_blobs=7582 nmethods=7042 adapters=446
 compilation: enabled
              stopped_count=0, restarted_count=0
 full_count=0

Compilation events (20 events):
Event: 3.913 Thread 0x00000271fe802dd0 nmethod 7879 0x00000271e3224510 code [0x00000271e32246e0, 0x00000271e3224978]
Event: 3.913 Thread 0x00000271fe302800 7880       2       lombok.javac.handlers.JavacHandlerUtil::createFieldAccessor (190 bytes)
Event: 3.914 Thread 0x00000271fe09a3b0 nmethod 7877 0x00000271e3224b90 code [0x00000271e3224f00, 0x00000271e3225aa8]
Event: 3.914 Thread 0x00000271fe08e9f0 7653       4       java.lang.invoke.DirectMethodHandle::internalMemberName (8 bytes)
Event: 3.914 Thread 0x00000271fe09a3b0 7881       3       lombok.core.handlers.HandlerUtil::toAllGetterNames (15 bytes)
Event: 3.914 Thread 0x00000271fe09a3b0 nmethod 7881 0x00000271e3229610 code [0x00000271e32297c0, 0x00000271e32298e8]
Event: 3.915 Thread 0x00000271fe302800 nmethod 7880 0x00000271e3228590 code [0x00000271e3228820, 0x00000271e3228f68]
Event: 3.915 Thread 0x00000271fe25efa0 nmethod 7878 0x00000271e3226290 code [0x00000271e3226660, 0x00000271e3227b68]
Event: 3.915 Thread 0x00000271fe08e9f0 nmethod 7653 0x00000271ea26eb90 code [0x00000271ea26ed20, 0x00000271ea26edb8]
Event: 3.915 Thread 0x00000271fe08e9f0 7679       4       java.lang.reflect.Field::get (39 bytes)
Event: 3.916 Thread 0x00000271fe302800 7883       3       lombok.javac.JavacTreeMaker::Literal (19 bytes)
Event: 3.916 Thread 0x00000271fe802dd0 7884       3       com.sun.tools.javac.tree.TreeMaker::Literal (362 bytes)
Event: 3.916 Thread 0x00000271fe25efa0 7885       3       com.sun.tools.javac.tree.JCTree$JCLiteral::setType (8 bytes)
Event: 3.916 Thread 0x00000271fe302800 nmethod 7883 0x00000271e3229990 code [0x00000271e3229b60, 0x00000271e322a048]
Event: 3.916 Thread 0x00000271fe25efa0 nmethod 7885 0x00000271e322a190 code [0x00000271e322a340, 0x00000271e322a578]
Event: 3.917 Thread 0x00000271fe25efa0 7887       3       lombok.javac.handlers.JavacHandlerUtil::chainDots (172 bytes)
Event: 3.917 Thread 0x00000271fe302800 7886       3       lombok.javac.handlers.JavacHandlerUtil::chainDots (9 bytes)
Event: 3.917 Thread 0x00000271fe09a3b0 7888       3       lombok.javac.handlers.JavacHandlerUtil::genJavaLangTypeRef (36 bytes)
Event: 3.917 Thread 0x00000271fe302800 nmethod 7886 0x00000271e322a690 code [0x00000271e322a840, 0x00000271e322a968]
Event: 3.917 Thread 0x00000271fe302800 7889       3       lombok.javac.JavacTreeMaker::Binary (30 bytes)

GC Heap History (20 events):
Event: 2.561 GC heap before
{Heap before GC invocations=4 (full 0):
 garbage-first heap   total 61440K, used 52523K [0x0000000705e00000, 0x0000000800000000)
  region size 2048K, 24 young (49152K), 6 survivors (12288K)
 Metaspace       used 23897K, committed 24256K, reserved 1114112K
  class space    used 2531K, committed 2688K, reserved 1048576K
}
Event: 2.569 GC heap after
{Heap after GC invocations=5 (full 0):
 garbage-first heap   total 77824K, used 27411K [0x0000000705e00000, 0x0000000800000000)
  region size 2048K, 3 young (6144K), 3 survivors (6144K)
 Metaspace       used 23897K, committed 24256K, reserved 1114112K
  class space    used 2531K, committed 2688K, reserved 1048576K
}
Event: 2.602 GC heap before
{Heap before GC invocations=5 (full 0):
 garbage-first heap   total 77824K, used 29459K [0x0000000705e00000, 0x0000000800000000)
  region size 2048K, 4 young (8192K), 3 survivors (6144K)
 Metaspace       used 24315K, committed 24640K, reserved 1114112K
  class space    used 2575K, committed 2752K, reserved 1048576K
}
Event: 2.606 GC heap after
{Heap after GC invocations=6 (full 0):
 garbage-first heap   total 77824K, used 29102K [0x0000000705e00000, 0x0000000800000000)
  region size 2048K, 1 young (2048K), 1 survivors (2048K)
 Metaspace       used 24315K, committed 24640K, reserved 1114112K
  class space    used 2575K, committed 2752K, reserved 1048576K
}
Event: 2.767 GC heap before
{Heap before GC invocations=6 (full 0):
 garbage-first heap   total 77824K, used 51630K [0x0000000705e00000, 0x0000000800000000)
  region size 2048K, 13 young (26624K), 1 survivors (2048K)
 Metaspace       used 24418K, committed 24768K, reserved 1114112K
  class space    used 2578K, committed 2752K, reserved 1048576K
}
Event: 2.770 GC heap after
{Heap after GC invocations=7 (full 0):
 garbage-first heap   total 77824K, used 36597K [0x0000000705e00000, 0x0000000800000000)
  region size 2048K, 2 young (4096K), 2 survivors (4096K)
 Metaspace       used 24418K, committed 24768K, reserved 1114112K
  class space    used 2578K, committed 2752K, reserved 1048576K
}
Event: 2.896 GC heap before
{Heap before GC invocations=7 (full 0):
 garbage-first heap   total 77824K, used 55029K [0x0000000705e00000, 0x0000000800000000)
  region size 2048K, 11 young (22528K), 2 survivors (4096K)
 Metaspace       used 24912K, committed 25344K, reserved 1114112K
  class space    used 2634K, committed 2880K, reserved 1048576K
}
Event: 2.900 GC heap after
{Heap after GC invocations=8 (full 0):
 garbage-first heap   total 112640K, used 40693K [0x0000000705e00000, 0x0000000800000000)
  region size 2048K, 2 young (4096K), 2 survivors (4096K)
 Metaspace       used 24912K, committed 25344K, reserved 1114112K
  class space    used 2634K, committed 2880K, reserved 1048576K
}
Event: 3.017 GC heap before
{Heap before GC invocations=8 (full 0):
 garbage-first heap   total 112640K, used 71413K [0x0000000705e00000, 0x0000000800000000)
  region size 2048K, 18 young (36864K), 2 survivors (4096K)
 Metaspace       used 25301K, committed 25728K, reserved 1114112K
  class space    used 2641K, committed 2880K, reserved 1048576K
}
Event: 3.024 GC heap after
{Heap after GC invocations=9 (full 0):
 garbage-first heap   total 112640K, used 46552K [0x0000000705e00000, 0x0000000800000000)
  region size 2048K, 3 young (6144K), 3 survivors (6144K)
 Metaspace       used 25301K, committed 25728K, reserved 1114112K
  class space    used 2641K, committed 2880K, reserved 1048576K
}
Event: 3.355 GC heap before
{Heap before GC invocations=9 (full 0):
 garbage-first heap   total 112640K, used 77272K [0x0000000705e00000, 0x0000000800000000)
  region size 2048K, 18 young (36864K), 3 survivors (6144K)
 Metaspace       used 26814K, committed 27200K, reserved 1114112K
  class space    used 2800K, committed 3008K, reserved 1048576K
}
Event: 3.361 GC heap after
{Heap after GC invocations=10 (full 0):
 garbage-first heap   total 112640K, used 51384K [0x0000000705e00000, 0x0000000800000000)
  region size 2048K, 2 young (4096K), 2 survivors (4096K)
 Metaspace       used 26814K, committed 27200K, reserved 1114112K
  class space    used 2800K, committed 3008K, reserved 1048576K
}
Event: 3.575 GC heap before
{Heap before GC invocations=10 (full 0):
 garbage-first heap   total 112640K, used 78008K [0x0000000705e00000, 0x0000000800000000)
  region size 2048K, 16 young (32768K), 2 survivors (4096K)
 Metaspace       used 27496K, committed 27904K, reserved 1114112K
  class space    used 2863K, committed 3072K, reserved 1048576K
}
Event: 3.578 GC heap after
{Heap after GC invocations=11 (full 0):
 garbage-first heap   total 112640K, used 51798K [0x0000000705e00000, 0x0000000800000000)
  region size 2048K, 1 young (2048K), 1 survivors (2048K)
 Metaspace       used 27496K, committed 27904K, reserved 1114112K
  class space    used 2863K, committed 3072K, reserved 1048576K
}
Event: 3.642 GC heap before
{Heap before GC invocations=11 (full 0):
 garbage-first heap   total 112640K, used 82518K [0x0000000705e00000, 0x0000000800000000)
  region size 2048K, 16 young (32768K), 1 survivors (2048K)
 Metaspace       used 27574K, committed 28032K, reserved 1114112K
  class space    used 2868K, committed 3136K, reserved 1048576K
}
Event: 3.643 GC heap after
{Heap after GC invocations=12 (full 0):
 garbage-first heap   total 145408K, used 51608K [0x0000000705e00000, 0x0000000800000000)
  region size 2048K, 1 young (2048K), 1 survivors (2048K)
 Metaspace       used 27574K, committed 28032K, reserved 1114112K
  class space    used 2868K, committed 3136K, reserved 1048576K
}
Event: 3.873 GC heap before
{Heap before GC invocations=13 (full 0):
 garbage-first heap   total 145408K, used 102808K [0x0000000705e00000, 0x0000000800000000)
  region size 2048K, 27 young (55296K), 1 survivors (2048K)
 Metaspace       used 28187K, committed 28736K, reserved 1114112K
  class space    used 2950K, committed 3264K, reserved 1048576K
}
Event: 3.875 GC heap after
{Heap after GC invocations=14 (full 0):
 garbage-first heap   total 145408K, used 52375K [0x0000000705e00000, 0x0000000800000000)
  region size 2048K, 1 young (2048K), 1 survivors (2048K)
 Metaspace       used 28187K, committed 28736K, reserved 1114112K
  class space    used 2950K, committed 3264K, reserved 1048576K
}
Event: 3.884 GC heap before
{Heap before GC invocations=14 (full 0):
 garbage-first heap   total 145408K, used 56471K [0x0000000705e00000, 0x0000000800000000)
  region size 2048K, 3 young (6144K), 1 survivors (2048K)
 Metaspace       used 28208K, committed 28736K, reserved 1114112K
  class space    used 2951K, committed 3264K, reserved 1048576K
}
Event: 3.887 GC heap after
{Heap after GC invocations=15 (full 0):
 garbage-first heap   total 145408K, used 51264K [0x0000000705e00000, 0x0000000800000000)
  region size 2048K, 1 young (2048K), 1 survivors (2048K)
 Metaspace       used 28208K, committed 28736K, reserved 1114112K
  class space    used 2951K, committed 3264K, reserved 1048576K
}

Dll operation events (12 events):
Event: 0.005 Loaded shared library C:\Program Files\Java\jdk-19\bin\java.dll
Event: 0.036 Loaded shared library C:\Program Files\Java\jdk-19\bin\jsvml.dll
Event: 0.073 Loaded shared library C:\Program Files\Java\jdk-19\bin\zip.dll
Event: 0.075 Loaded shared library C:\Program Files\Java\jdk-19\bin\instrument.dll
Event: 0.079 Loaded shared library C:\Program Files\Java\jdk-19\bin\net.dll
Event: 0.080 Loaded shared library C:\Program Files\Java\jdk-19\bin\nio.dll
Event: 0.081 Loaded shared library C:\Program Files\Java\jdk-19\bin\zip.dll
Event: 0.091 Loaded shared library C:\Program Files\JetBrains\IntelliJ IDEA 2022.1.2\bin\breakgen64.dll
Event: 0.096 Loaded shared library C:\Program Files\Java\jdk-19\bin\extnet.dll
Event: 0.139 Loaded shared library C:\Program Files\Java\jdk-19\bin\jimage.dll
Event: 0.178 Loaded shared library C:\Users\99293\AppData\Local\Temp\jansi-2.4.0-635a41f158c27c28-jansi.dll
Event: 0.184 Loaded shared library C:\Program Files\Java\jdk-19\bin\verify.dll

Deoptimization events (20 events):
Event: 3.772 Thread 0x00000271da37d6c0 Uncommon trap: trap_request=0xffffffde fr.pc=0x00000271ea1b98f8 relative=0x0000000000000f78
Event: 3.772 Thread 0x00000271da37d6c0 Uncommon trap: reason=class_check action=maybe_recompile pc=0x00000271ea1b98f8 method=com.sun.tools.javac.code.DeferredCompletionFailureHandler.classSymbolCompleteFailed(Lcom/sun/tools/javac/code/Symbol$ClassSymbol;Lcom/sun/tools/javac/code/Symbol$Complet
Event: 3.772 Thread 0x00000271da37d6c0 DEOPT PACKING pc=0x00000271ea1b98f8 sp=0x000000abc28fc2c0
Event: 3.772 Thread 0x00000271da37d6c0 DEOPT UNPACKING pc=0x00000271e9796da3 sp=0x000000abc28fc238 mode 2
Event: 3.774 Thread 0x00000271da37d6c0 Uncommon trap: trap_request=0xffffffde fr.pc=0x00000271ea1b98f8 relative=0x0000000000000f78
Event: 3.774 Thread 0x00000271da37d6c0 Uncommon trap: reason=class_check action=maybe_recompile pc=0x00000271ea1b98f8 method=com.sun.tools.javac.code.DeferredCompletionFailureHandler.classSymbolCompleteFailed(Lcom/sun/tools/javac/code/Symbol$ClassSymbol;Lcom/sun/tools/javac/code/Symbol$Complet
Event: 3.774 Thread 0x00000271da37d6c0 DEOPT PACKING pc=0x00000271ea1b98f8 sp=0x000000abc28fc2c0
Event: 3.774 Thread 0x00000271da37d6c0 DEOPT UNPACKING pc=0x00000271e9796da3 sp=0x000000abc28fc238 mode 2
Event: 3.774 Thread 0x00000271da37d6c0 Uncommon trap: trap_request=0xffffffde fr.pc=0x00000271ea1b98f8 relative=0x0000000000000f78
Event: 3.774 Thread 0x00000271da37d6c0 Uncommon trap: reason=class_check action=maybe_recompile pc=0x00000271ea1b98f8 method=com.sun.tools.javac.code.DeferredCompletionFailureHandler.classSymbolCompleteFailed(Lcom/sun/tools/javac/code/Symbol$ClassSymbol;Lcom/sun/tools/javac/code/Symbol$Complet
Event: 3.774 Thread 0x00000271da37d6c0 DEOPT PACKING pc=0x00000271ea1b98f8 sp=0x000000abc28fc2c0
Event: 3.774 Thread 0x00000271da37d6c0 DEOPT UNPACKING pc=0x00000271e9796da3 sp=0x000000abc28fc238 mode 2
Event: 3.829 Thread 0x00000271da37d6c0 Uncommon trap: trap_request=0xffffffbe fr.pc=0x00000271ea23cdc4 relative=0x0000000000000404
Event: 3.829 Thread 0x00000271da37d6c0 Uncommon trap: reason=profile_predicate action=maybe_recompile pc=0x00000271ea23cdc4 method=java.lang.Class.searchMethods([Ljava/lang/reflect/Method;Ljava/lang/String;[Ljava/lang/Class;)Ljava/lang/reflect/Method; @ 22 c2
Event: 3.829 Thread 0x00000271da37d6c0 DEOPT PACKING pc=0x00000271ea23cdc4 sp=0x000000abc28fd390
Event: 3.829 Thread 0x00000271da37d6c0 DEOPT UNPACKING pc=0x00000271e9796da3 sp=0x000000abc28fd310 mode 2
Event: 3.829 Thread 0x00000271da37d6c0 Uncommon trap: trap_request=0xffffffbe fr.pc=0x00000271ea23cdc4 relative=0x0000000000000404
Event: 3.829 Thread 0x00000271da37d6c0 Uncommon trap: reason=profile_predicate action=maybe_recompile pc=0x00000271ea23cdc4 method=java.lang.Class.searchMethods([Ljava/lang/reflect/Method;Ljava/lang/String;[Ljava/lang/Class;)Ljava/lang/reflect/Method; @ 22 c2
Event: 3.829 Thread 0x00000271da37d6c0 DEOPT PACKING pc=0x00000271ea23cdc4 sp=0x000000abc28fd390
Event: 3.829 Thread 0x00000271da37d6c0 DEOPT UNPACKING pc=0x00000271e9796da3 sp=0x000000abc28fd310 mode 2

Classes loaded (20 events):
Event: 3.281 Loading class java/util/Vector$1
Event: 3.281 Loading class java/util/Vector$1 done
Event: 3.283 Loading class java/io/PushbackInputStream
Event: 3.283 Loading class java/io/PushbackInputStream done
Event: 3.380 Loading class java/util/Collections$UnmodifiableSortedSet
Event: 3.380 Loading class java/util/Collections$UnmodifiableSortedSet done
Event: 3.455 Loading class java/util/IdentityHashMap$EntrySet
Event: 3.456 Loading class java/util/IdentityHashMap$EntrySet done
Event: 3.456 Loading class java/util/IdentityHashMap$EntryIterator
Event: 3.456 Loading class java/util/IdentityHashMap$EntryIterator done
Event: 3.456 Loading class java/util/IdentityHashMap$EntryIterator$Entry
Event: 3.456 Loading class java/util/IdentityHashMap$EntryIterator$Entry done
Event: 3.711 Loading class java/util/regex/Pattern$SliceI
Event: 3.711 Loading class java/util/regex/Pattern$SliceI done
Event: 3.741 Loading class java/util/regex/Pattern$Loop
Event: 3.741 Loading class java/util/regex/Pattern$Loop done
Event: 3.741 Loading class java/util/regex/Pattern$Prolog
Event: 3.741 Loading class java/util/regex/Pattern$Prolog done
Event: 3.757 Loading class java/util/regex/Pattern$LazyLoop
Event: 3.757 Loading class java/util/regex/Pattern$LazyLoop done

Classes unloaded (0 events):
No events

Classes redefined (0 events):
No events

Internal exceptions (20 events):
Event: 3.085 Thread 0x00000271da37d6c0 Exception <a 'sun/nio/fs/WindowsException'{0x000000070c878d28}> (0x000000070c878d28) 
thrown [s\open\src\hotspot\share\prims\jni.cpp, line 517]
Event: 3.085 Thread 0x00000271da37d6c0 Exception <a 'sun/nio/fs/WindowsException'{0x000000070c8790b8}> (0x000000070c8790b8) 
thrown [s\open\src\hotspot\share\prims\jni.cpp, line 517]
Event: 3.085 Thread 0x00000271da37d6c0 Exception <a 'sun/nio/fs/WindowsException'{0x000000070c87bf28}> (0x000000070c87bf28) 
thrown [s\open\src\hotspot\share\prims\jni.cpp, line 517]
Event: 3.085 Thread 0x00000271da37d6c0 Exception <a 'sun/nio/fs/WindowsException'{0x000000070c87c308}> (0x000000070c87c308) 
thrown [s\open\src\hotspot\share\prims\jni.cpp, line 517]
Event: 3.085 Thread 0x00000271da37d6c0 Exception <a 'sun/nio/fs/WindowsException'{0x000000070c87d370}> (0x000000070c87d370) 
thrown [s\open\src\hotspot\share\prims\jni.cpp, line 517]
Event: 3.085 Thread 0x00000271da37d6c0 Exception <a 'sun/nio/fs/WindowsException'{0x000000070c87d7e0}> (0x000000070c87d7e0) 
thrown [s\open\src\hotspot\share\prims\jni.cpp, line 517]
Event: 3.158 Thread 0x00000271da37d6c0 Implicit null exception at 0x00000271e9fa8eb3 to 0x00000271e9fa9298
Event: 3.168 Thread 0x00000271da37d6c0 Implicit null exception at 0x00000271e9f9cc6b to 0x00000271e9f9ce44
Event: 3.734 Thread 0x00000271da37d6c0 Exception <a 'java/lang/NoSuchMethodError'{0x000000070c3eac38}: 'void java.lang.invoke.DirectMethodHandle$Holder.invokeInterface(java.lang.Object, java.lang.Object, java.lang.Object, int)'> (0x000000070c3eac38) 
thrown [s\open\src\hotspot\share\interpreter\linkResolver.cpp, line 774]
Event: 3.735 Thread 0x00000271da37d6c0 Exception <a 'java/lang/NoSuchMethodError'{0x000000070c3f2760}: 'void java.lang.invoke.DelegatingMethodHandle$Holder.reinvoke_L(java.lang.Object, java.lang.Object, java.lang.Object, int)'> (0x000000070c3f2760) 
thrown [s\open\src\hotspot\share\interpreter\linkResolver.cpp, line 774]
Event: 3.738 Thread 0x00000271da37d6c0 Exception <a 'java/lang/NoSuchMethodError'{0x000000070c023298}: 'java.lang.Object java.lang.invoke.DirectMethodHandle$Holder.invokeVirtual(java.lang.Object, java.lang.Object, java.lang.Object, java.lang.Object)'> (0x000000070c023298) 
thrown [s\open\src\hotspot\share\interpreter\linkResolver.cpp, line 774]
Event: 3.738 Thread 0x00000271da37d6c0 Exception <a 'java/lang/NoSuchMethodError'{0x000000070c030f70}: 'long java.lang.invoke.DirectMethodHandle$Holder.invokeStatic(java.lang.Object, java.lang.Object, int)'> (0x000000070c030f70) 
thrown [s\open\src\hotspot\share\interpreter\linkResolver.cpp, line 774]
Event: 3.739 Thread 0x00000271da37d6c0 Exception <a 'java/lang/NoSuchMethodError'{0x000000070c039030}: 'java.lang.Object java.lang.invoke.DirectMethodHandle$Holder.invokeSpecial(java.lang.Object, java.lang.Object, java.lang.Object, long, java.lang.Object)'> (0x000000070c039030) 
thrown [s\open\src\hotspot\share\interpreter\linkResolver.cpp, line 774]
Event: 3.739 Thread 0x00000271da37d6c0 Exception <a 'java/lang/NoSuchMethodError'{0x000000070c03cf80}: 'java.lang.Object java.lang.invoke.DelegatingMethodHandle$Holder.reinvoke_L(java.lang.Object, java.lang.Object, long, java.lang.Object)'> (0x000000070c03cf80) 
thrown [s\open\src\hotspot\share\interpreter\linkResolver.cpp, line 774]
Event: 3.743 Thread 0x00000271da37d6c0 Exception <a 'java/lang/NoSuchMethodError'{0x000000070c09be78}: 'java.lang.Object java.lang.invoke.DirectMethodHandle$Holder.invokeVirtual(java.lang.Object, java.lang.Object, java.lang.Object, java.lang.Object, java.lang.Object, java.lang.Object, java.lang.Object, java.lang.Object, java.lang.Object, java.lang.Object)'> (0x000000070c09be78) 
thrown [s\open\src\hotspot\share\interpreter\linkResolver.cpp, line 774]
Event: 3.768 Thread 0x00000271da37d6c0 Exception <a 'java/lang/NoSuchMethodError'{0x000000070c1ceb60}: 'void java.lang.invoke.DirectMethodHandle$Holder.invokeVirtual(java.lang.Object, java.lang.Object)'> (0x000000070c1ceb60) 
thrown [s\open\src\hotspot\share\interpreter\linkResolver.cpp, line 774]
Event: 3.769 Thread 0x00000271da37d6c0 Exception <a 'java/lang/NoSuchMethodError'{0x000000070c1d93f8}: 'void java.lang.invoke.DirectMethodHandle$Holder.invokeVirtual(java.lang.Object, java.lang.Object, java.lang.Object, java.lang.Object)'> (0x000000070c1d93f8) 
thrown [s\open\src\hotspot\share\interpreter\linkResolver.cpp, line 774]
Event: 3.782 Thread 0x00000271da37d6c0 Exception <a 'java/lang/NoSuchMethodError'{0x000000070bfb3a38}: 'java.lang.Object java.lang.invoke.DirectMethodHandle$Holder.invokeVirtual(java.lang.Object, java.lang.Object, java.lang.Object, java.lang.Object, java.lang.Object, java.lang.Object)'> (0x000000070bfb3a38) 
thrown [s\open\src\hotspot\share\interpreter\linkResolver.cpp, line 774]
Event: 3.816 Thread 0x00000271da37d6c0 Exception <a 'java/lang/NoSuchMethodError'{0x000000070b84ed08}: 'java.lang.Object java.lang.invoke.DirectMethodHandle$Holder.invokeVirtual(java.lang.Object, java.lang.Object, java.lang.Object, java.lang.Object, java.lang.Object)'> (0x000000070b84ed08) 
thrown [s\open\src\hotspot\share\interpreter\linkResolver.cpp, line 774]
Event: 3.821 Thread 0x00000271da37d6c0 Exception <a 'java/lang/NoSuchMethodError'{0x000000070b887298}: 'java.lang.Object java.lang.invoke.DirectMethodHandle$Holder.invokeVirtual(java.lang.Object, java.lang.Object, long)'> (0x000000070b887298) 
thrown [s\open\src\hotspot\share\interpreter\linkResolver.cpp, line 774]

VM Operations (20 events):
Event: 3.017 Executing VM operation: G1CollectForAllocation
Event: 3.024 Executing VM operation: G1CollectForAllocation done
Event: 3.102 Executing VM operation: ICBufferFull
Event: 3.103 Executing VM operation: ICBufferFull done
Event: 3.355 Executing VM operation: G1CollectForAllocation
Event: 3.362 Executing VM operation: G1CollectForAllocation done
Event: 3.552 Executing VM operation: HandshakeAllThreads
Event: 3.552 Executing VM operation: HandshakeAllThreads done
Event: 3.575 Executing VM operation: G1CollectForAllocation
Event: 3.578 Executing VM operation: G1CollectForAllocation done
Event: 3.642 Executing VM operation: G1CollectForAllocation
Event: 3.643 Executing VM operation: G1CollectForAllocation done
Event: 3.654 Executing VM operation: G1PauseRemark
Event: 3.660 Executing VM operation: G1PauseRemark done
Event: 3.667 Executing VM operation: G1PauseCleanup
Event: 3.668 Executing VM operation: G1PauseCleanup done
Event: 3.873 Executing VM operation: G1CollectForAllocation
Event: 3.875 Executing VM operation: G1CollectForAllocation done
Event: 3.884 Executing VM operation: G1CollectForAllocation
Event: 3.887 Executing VM operation: G1CollectForAllocation done

Events (20 events):
Event: 2.536 Thread 0x00000271fe0a0b60 flushing nmethod 0x00000271e2d96690
Event: 2.536 Thread 0x00000271fe0a0b60 flushing nmethod 0x00000271e2d9fd10
Event: 2.536 Thread 0x00000271fe0a0b60 flushing nmethod 0x00000271e2dbcb10
Event: 2.536 Thread 0x00000271fe0a0b60 flushing nmethod 0x00000271e2dc3a10
Event: 2.536 Thread 0x00000271fe0a0b60 flushing nmethod 0x00000271e2dd9c90
Event: 2.536 Thread 0x00000271fe0a0b60 flushing nmethod 0x00000271e2ddc810
Event: 2.536 Thread 0x00000271fe0a0b60 flushing nmethod 0x00000271e2defc90
Event: 2.536 Thread 0x00000271fe0a0b60 flushing nmethod 0x00000271e2df4c90
Event: 2.536 Thread 0x00000271fe0a0b60 flushing nmethod 0x00000271e2e0b710
Event: 2.536 Thread 0x00000271fe0a0b60 flushing nmethod 0x00000271e2e0c490
Event: 2.536 Thread 0x00000271fe0a0b60 flushing nmethod 0x00000271e2e18490
Event: 2.536 Thread 0x00000271fe0a0b60 flushing nmethod 0x00000271e2e22d10
Event: 2.536 Thread 0x00000271fe0a0b60 flushing nmethod 0x00000271e2e24e10
Event: 2.537 Thread 0x00000271fe0a0b60 flushing nmethod 0x00000271e2e53990
Event: 2.537 Thread 0x00000271fe0a0b60 flushing nmethod 0x00000271e2e89410
Event: 2.537 Thread 0x00000271fe0a0b60 flushing nmethod 0x00000271e2e89a10
Event: 2.537 Thread 0x00000271fe0a0b60 flushing nmethod 0x00000271e2e8b610
Event: 3.379 Thread 0x00000271ff3ad0d0 Thread exited: 0x00000271ff3ad0d0
Event: 3.560 Thread 0x00000271fe0a0b60 flushing nmethod 0x00000271e2d0a210
Event: 3.601 Thread 0x00000271ff3ae180 Thread added: 0x00000271ff3ae180


Dynamic libraries:
0x00007ff6573f0000 - 0x00007ff657400000 	C:\Program Files\Java\jdk-19\bin\java.exe
0x00007ffb2ee70000 - 0x00007ffb2f086000 	C:\WINDOWS\SYSTEM32\ntdll.dll
0x00007ffb2e330000 - 0x00007ffb2e3f4000 	C:\WINDOWS\System32\KERNEL32.DLL
0x00007ffb2c600000 - 0x00007ffb2c9a6000 	C:\WINDOWS\System32\KERNELBASE.dll
0x00007ffb2c2d0000 - 0x00007ffb2c3e1000 	C:\WINDOWS\System32\ucrtbase.dll
0x00007ffb21b40000 - 0x00007ffb21b58000 	C:\Program Files\Java\jdk-19\bin\jli.dll
0x00007ffb2cc40000 - 0x00007ffb2ccf2000 	C:\WINDOWS\System32\ADVAPI32.dll
0x00007ffb2ed30000 - 0x00007ffb2edd7000 	C:\WINDOWS\System32\msvcrt.dll
0x00007ffb2cb90000 - 0x00007ffb2cc38000 	C:\WINDOWS\System32\sechost.dll
0x00007ffb188a0000 - 0x00007ffb188bb000 	C:\Program Files\Java\jdk-19\bin\VCRUNTIME140.dll
0x00007ffb2c5d0000 - 0x00007ffb2c5f8000 	C:\WINDOWS\System32\bcrypt.dll
0x00007ffb2dc00000 - 0x00007ffb2dd15000 	C:\WINDOWS\System32\RPCRT4.dll
0x00007ffb2dd30000 - 0x00007ffb2dedd000 	C:\WINDOWS\System32\USER32.dll
0x00007ffb2c220000 - 0x00007ffb2c246000 	C:\WINDOWS\System32\win32u.dll
0x00007ffb0ee40000 - 0x00007ffb0f0d3000 	C:\WINDOWS\WinSxS\amd64_microsoft.windows.common-controls_6595b64144ccf1df_6.0.22621.3235_none_270f74e173860f98\COMCTL32.dll
0x00007ffb2e720000 - 0x00007ffb2e749000 	C:\WINDOWS\System32\GDI32.dll
0x00007ffb2c9b0000 - 0x00007ffb2cac8000 	C:\WINDOWS\System32\gdi32full.dll
0x00007ffb2c180000 - 0x00007ffb2c21a000 	C:\WINDOWS\System32\msvcp_win.dll
0x00007ffb23a50000 - 0x00007ffb23a5a000 	C:\WINDOWS\SYSTEM32\VERSION.dll
0x00007ffb2d7c0000 - 0x00007ffb2d7f1000 	C:\WINDOWS\System32\IMM32.DLL
0x00007ffb27d50000 - 0x00007ffb27d5c000 	C:\Program Files\Java\jdk-19\bin\vcruntime140_1.dll
0x00007ffb16cc0000 - 0x00007ffb16d4e000 	C:\Program Files\Java\jdk-19\bin\msvcp140.dll
0x00007ffab67e0000 - 0x00007ffab74a0000 	C:\Program Files\Java\jdk-19\bin\server\jvm.dll
0x00007ffb250b0000 - 0x00007ffb250b9000 	C:\WINDOWS\SYSTEM32\WSOCK32.dll
0x00007ffb2e4e0000 - 0x00007ffb2e551000 	C:\WINDOWS\System32\WS2_32.dll
0x00007ffb23fb0000 - 0x00007ffb23fe4000 	C:\WINDOWS\SYSTEM32\WINMM.dll
0x00007ffb2b2b0000 - 0x00007ffb2b2c8000 	C:\WINDOWS\SYSTEM32\kernel.appcore.dll
0x00007ffb25060000 - 0x00007ffb2506a000 	C:\Program Files\Java\jdk-19\bin\jimage.dll
0x00007ffb299f0000 - 0x00007ffb29c23000 	C:\WINDOWS\SYSTEM32\DBGHELP.DLL
0x00007ffb2d860000 - 0x00007ffb2dbe8000 	C:\WINDOWS\System32\combase.dll
0x00007ffb2e400000 - 0x00007ffb2e4d7000 	C:\WINDOWS\System32\OLEAUT32.dll
0x00007ffb21aa0000 - 0x00007ffb21ad2000 	C:\WINDOWS\SYSTEM32\dbgcore.DLL
0x00007ffb2c250000 - 0x00007ffb2c2ca000 	C:\WINDOWS\System32\bcryptPrimitives.dll
0x00007ffb18780000 - 0x00007ffb1878e000 	C:\Program Files\Java\jdk-19\bin\instrument.dll
0x00007ffb18870000 - 0x00007ffb18896000 	C:\Program Files\Java\jdk-19\bin\java.dll
0x00007ffb03510000 - 0x00007ffb035e7000 	C:\Program Files\Java\jdk-19\bin\jsvml.dll
0x00007ffb2cf50000 - 0x00007ffb2d7ad000 	C:\WINDOWS\System32\SHELL32.dll
0x00007ffb2a0a0000 - 0x00007ffb2a998000 	C:\WINDOWS\SYSTEM32\windows.storage.dll
0x00007ffb29f60000 - 0x00007ffb2a09e000 	C:\WINDOWS\SYSTEM32\wintypes.dll
0x00007ffb2df00000 - 0x00007ffb2dff3000 	C:\WINDOWS\System32\SHCORE.dll
0x00007ffb2d800000 - 0x00007ffb2d85e000 	C:\WINDOWS\System32\shlwapi.dll
0x00007ffb2c0b0000 - 0x00007ffb2c0d6000 	C:\WINDOWS\SYSTEM32\profapi.dll
0x00007ffb17520000 - 0x00007ffb17538000 	C:\Program Files\Java\jdk-19\bin\zip.dll
0x00007ffb18850000 - 0x00007ffb18863000 	C:\Program Files\Java\jdk-19\bin\net.dll
0x00007ffb25bf0000 - 0x00007ffb25d27000 	C:\WINDOWS\SYSTEM32\WINHTTP.dll
0x00007ffb2b730000 - 0x00007ffb2b799000 	C:\WINDOWS\system32\mswsock.dll
0x00007ffb18830000 - 0x00007ffb18846000 	C:\Program Files\Java\jdk-19\bin\nio.dll
0x00007ffb17500000 - 0x00007ffb1751a000 	C:\Program Files\JetBrains\IntelliJ IDEA 2022.1.2\bin\breakgen64.dll
0x00007ffb17bb0000 - 0x00007ffb17bb8000 	C:\Program Files\Java\jdk-19\bin\extnet.dll
0x0000000069ac0000 - 0x0000000069ae4000 	C:\Users\99293\AppData\Local\Temp\jansi-2.4.0-635a41f158c27c28-jansi.dll
0x00007ffb24640000 - 0x00007ffb24650000 	C:\Program Files\Java\jdk-19\bin\verify.dll

dbghelp: loaded successfully - version: 4.0.5 - missing functions: none
symbol engine: initialized successfully - sym options: 0x614 - pdb path: .;C:\Program Files\Java\jdk-19\bin;C:\WINDOWS\SYSTEM32;C:\WINDOWS\WinSxS\amd64_microsoft.windows.common-controls_6595b64144ccf1df_6.0.22621.3235_none_270f74e173860f98;C:\Program Files\Java\jdk-19\bin\server;C:\Program Files\JetBrains\IntelliJ IDEA 2022.1.2\bin;C:\Users\99293\AppData\Local\Temp

VM Arguments:
jvm_args: -Dmaven.multiModuleProjectDirectory=D:\unitedStates original storage\unitedStates duplicates original storage -Dmaven.home=C:\Users\99293\.m2\wrapper\dists\apache-maven-3.8.6-bin\1ks0nkde5v1pk9vtc31i9d0lcd\apache-maven-3.8.6 -Dclassworlds.conf=C:\Users\99293\.m2\wrapper\dists\apache-maven-3.8.6-bin\1ks0nkde5v1pk9vtc31i9d0lcd\apache-maven-3.8.6\bin\m2.conf -Dmaven.ext.class.path=C:\Program Files\JetBrains\IntelliJ IDEA 2022.1.2\plugins\maven\lib\maven-event-listener.jar -javaagent:C:\Program Files\JetBrains\IntelliJ IDEA 2022.1.2\lib\idea_rt.jar=56076:C:\Program Files\JetBrains\IntelliJ IDEA 2022.1.2\bin -Dfile.encoding=UTF-8 
java_command: org.codehaus.classworlds.Launcher -Didea.version=2022.1.2 package
java_class_path (initial): C:\Users\99293\.m2\wrapper\dists\apache-maven-3.8.6-bin\1ks0nkde5v1pk9vtc31i9d0lcd\apache-maven-3.8.6\boot\plexus-classworlds-2.6.0.jar;C:\Users\99293\.m2\wrapper\dists\apache-maven-3.8.6-bin\1ks0nkde5v1pk9vtc31i9d0lcd\apache-maven-3.8.6\boot\plexus-classworlds.license
Launcher Type: SUN_STANDARD

[Global flags]
     intx CICompilerCount                          = 12                                        {product} {ergonomic}
     uint ConcGCThreads                            = 3                                         {product} {ergonomic}
     uint G1ConcRefinementThreads                  = 13                                        {product} {ergonomic}
   size_t G1HeapRegionSize                         = 2097152                                   {product} {ergonomic}
    uintx GCDrainStackTargetSize                   = 64                                        {product} {ergonomic}
   size_t InitialHeapSize                          = 264241152                                 {product} {ergonomic}
   size_t MarkStackSize                            = 4194304                                   {product} {ergonomic}
   size_t MaxHeapSize                              = 4196401152                                {product} {ergonomic}
   size_t MaxNewSize                               = 2516582400                                {product} {ergonomic}
   size_t MinHeapDeltaBytes                        = 2097152                                   {product} {ergonomic}
   size_t MinHeapSize                              = 8388608                                   {product} {ergonomic}
    uintx NonNMethodCodeHeapSize                   = 7602480                                {pd product} {ergonomic}
    uintx NonProfiledCodeHeapSize                  = 122027880                              {pd product} {ergonomic}
    uintx ProfiledCodeHeapSize                     = 122027880                              {pd product} {ergonomic}
    uintx ReservedCodeCacheSize                    = 251658240                              {pd product} {ergonomic}
     bool SegmentedCodeCache                       = true                                      {product} {ergonomic}
   size_t SoftMaxHeapSize                          = 4196401152                             {manageable} {ergonomic}
     bool UseCompressedClassPointers               = true                           {product lp64_product} {ergonomic}
     bool UseCompressedOops                        = true                           {product lp64_product} {ergonomic}
     bool UseG1GC                                  = true                                      {product} {ergonomic}
     bool UseLargePagesIndividualAllocation        = false                                  {pd product} {ergonomic}

Logging:
Log output configuration:
 #0: stdout all=warning uptime,level,tags foldmultilines=false
 #1: stderr all=off uptime,level,tags foldmultilines=false

Environment Variables:
PATH=C:\Program Files\Common Files\Oracle\Java\javapath;C:\Windows\system32;C:\Windows;C:\Windows\System32\Wbem;C:\Windows\System32\WindowsPowerShell\v1.0\;C:\Windows\System32\OpenSSH\;C:\Program Files (x86)\NVIDIA Corporation\PhysX\Common;C:\Program Files\NVIDIA Corporation\NVIDIA NvDLISR;C:\Program Files\Git\cmd;C:\Program Files (x86)\dotnet\;%SystemRoot%\system32;%SystemRoot%;%SystemRoot%\System32\Wbem;%SYSTEMROOT%\System32\WindowsPowerShell\v1.0\;%SYSTEMROOT%\System32\OpenSSH\;C:\Users\99293\AppData\Local\Programs\Python\Python311\Scripts\;C:\Users\99293\AppData\Local\Programs\Python\Python311\;C:\Users\99293\AppData\Local\Microsoft\WindowsApps;;C:\Program Files\JetBrains\IntelliJ IDEA 2022.1.2\bin;;C:\Program Files\heroku\bin
USERNAME=ASUS
OS=Windows_NT
PROCESSOR_IDENTIFIER=Intel64 Family 6 Model 154 Stepping 3, GenuineIntel
TMP=C:\Users\99293\AppData\Local\Temp
TEMP=C:\Users\99293\AppData\Local\Temp



---------------  S Y S T E M  ---------------

OS:
 Windows 11 , 64 bit Build 22621 (10.0.22621.3235)
OS uptime: 0 days 17:40 hours
Hyper-V role detected

CPU: total 16 (initial active 16) (8 cores per cpu, 2 threads per core) family 6 model 154 stepping 3 microcode 0x41c, cx8, cmov, fxsr, ht, mmx, 3dnowpref, sse, sse2, sse3, ssse3, sse4.1, sse4.2, popcnt, lzcnt, tsc, tscinvbit, avx, avx2, aes, erms, clmul, bmi1, bmi2, adx, sha, fma, vzeroupper, clflush, clflushopt, clwb, hv, serialize, rdtscp, rdpid, fsrm

Memory: 4k page, system-wide physical 16005M (2062M free)
TotalPageFile size 18053M (AvailPageFile size 12M)
current process WorkingSet (physical memory assigned to process): 387M, peak: 393M
current process commit charge ("private bytes"): 446M, peak: 455M

vm_info: Java HotSpot(TM) 64-Bit Server VM (19.0.2+7-44) for windows-amd64 JRE (19.0.2+7-44), built on 2022-11-30T18:02:09Z by "mach5one" with MS VC++ 17.1 (VS2022)

END.
