#
# There is insufficient memory for the Java Runtime Environment to continue.
# Native memory allocation (malloc) failed to allocate 412208 bytes for Chunk::new
# Possible reasons:
#   The system is out of physical RAM or swap space
#   The process is running with CompressedOops enabled, and the Java Heap may be blocking the growth of the native heap
# Possible solutions:
#   Reduce memory load on the system
#   Increase physical memory or swap space
#   Check if swap backing store is full
#   Decrease Java heap size (-Xmx/-Xms)
#   Decrease number of Java threads
#   Decrease Java thread stack sizes (-Xss)
#   Set larger code cache with -XX:ReservedCodeCacheSize=
#   JVM is running with Zero Based Compressed Oops mode in which the Java heap is
#     placed in the first 32GB address space. The Java Heap base address is the
#     maximum limit for the native heap growth. Please use -XX:HeapBaseMinAddress
#     to set the Java Heap base and to place the Java Heap above 32GB virtual address.
# This output file may be truncated or incomplete.
#
#  Out of Memory Error (arena.cpp:184), pid=2360, tid=11144
#
# JRE version: Java(TM) SE Runtime Environment (19.0.2+7) (build 19.0.2+7-44)
# Java VM: Java HotSpot(TM) 64-Bit Server VM (19.0.2+7-44, mixed mode, sharing, tiered, compressed oops, compressed class ptrs, g1 gc, windows-amd64)
# No core dump will be written. Minidumps are not enabled by default on client versions of Windows
#

---------------  S U M M A R Y ------------

Command Line: -Dmaven.multiModuleProjectDirectory=D:\unitedStates original storage\unitedStates duplicates original storage -Dmaven.home=C:\Users\99293\.m2\wrapper\dists\apache-maven-3.8.6-bin\1ks0nkde5v1pk9vtc31i9d0lcd\apache-maven-3.8.6 -Dclassworlds.conf=C:\Users\99293\.m2\wrapper\dists\apache-maven-3.8.6-bin\1ks0nkde5v1pk9vtc31i9d0lcd\apache-maven-3.8.6\bin\m2.conf -Dmaven.ext.class.path=C:\Program Files\JetBrains\IntelliJ IDEA 2022.1.2\plugins\maven\lib\maven-event-listener.jar -javaagent:C:\Program Files\JetBrains\IntelliJ IDEA 2022.1.2\lib\idea_rt.jar=60978:C:\Program Files\JetBrains\IntelliJ IDEA 2022.1.2\bin -Dfile.encoding=UTF-8 org.codehaus.classworlds.Launcher -Didea.version=2022.1.2 package

Host: 12th Gen Intel(R) Core(TM) i7-12650H, 16 cores, 15G,  Windows 11 , 64 bit Build 22621 (10.0.22621.3374)
Time: Sat May 11 18:50:14 2024  Windows 11 , 64 bit Build 22621 (10.0.22621.3374) elapsed time: 0.579362 seconds (0d 0h 0m 0s)

---------------  T H R E A D  ---------------

Current thread (0x0000020b88538dd0):  JavaThread "C2 CompilerThread0" daemon [_thread_in_native, id=11144, stack(0x000000fcf2f00000,0x000000fcf3000000)]


Current CompileTask:
C2:    579 1495       4       jdk.internal.module.SystemModuleFinders$SystemModuleReader::find (59 bytes)

Stack: [0x000000fcf2f00000,0x000000fcf3000000]
Native frames: (J=compiled Java code, j=interpreted, Vv=VM code, C=native code)
V  [jvm.dll+0x6ee21a]
V  [jvm.dll+0x85765e]
V  [jvm.dll+0x85904e]
V  [jvm.dll+0x859703]
V  [jvm.dll+0x28298f]
V  [jvm.dll+0xc9adf]
V  [jvm.dll+0xc9e65]
V  [jvm.dll+0x3bca4c]
V  [jvm.dll+0x3860e1]
V  [jvm.dll+0x38555a]
V  [jvm.dll+0x24c3d9]
V  [jvm.dll+0x24b781]
V  [jvm.dll+0x1d6ce1]
V  [jvm.dll+0x25b25a]
V  [jvm.dll+0x2596e8]
V  [jvm.dll+0x807588]
V  [jvm.dll+0x80125a]
V  [jvm.dll+0x6ecf0b]
C  [ucrtbase.dll+0x29333]
C  [KERNEL32.DLL+0x1257d]
C  [ntdll.dll+0x5aa48]


---------------  P R O C E S S  ---------------

Threads class SMR info:
_java_thread_list=0x0000020b890ee610, length=23, elements={
0x0000020be06ddd30, 0x0000020b8438c5c0, 0x0000020b8438d3b0, 0x0000020b843911c0,
0x0000020b84393d00, 0x0000020b843b7ac0, 0x0000020b843b83f0, 0x0000020b88538dd0,
0x0000020b88541ba0, 0x0000020b843bd070, 0x0000020b88640970, 0x0000020b88544820,
0x0000020b88545340, 0x0000020b88739230, 0x0000020b88740450, 0x0000020b88544db0,
0x0000020b88543d00, 0x0000020b88542130, 0x0000020b88542c50, 0x0000020b885426c0,
0x0000020b88544290, 0x0000020b885431e0, 0x0000020b88543770
}

Java Threads: ( => current thread )
  0x0000020be06ddd30 JavaThread "main" [_thread_in_vm, id=4276, stack(0x000000fcf2200000,0x000000fcf2300000)]
  0x0000020b8438c5c0 JavaThread "Reference Handler" daemon [_thread_blocked, id=9588, stack(0x000000fcf2900000,0x000000fcf2a00000)]
  0x0000020b8438d3b0 JavaThread "Finalizer" daemon [_thread_blocked, id=19524, stack(0x000000fcf2a00000,0x000000fcf2b00000)]
  0x0000020b843911c0 JavaThread "Signal Dispatcher" daemon [_thread_blocked, id=3936, stack(0x000000fcf2b00000,0x000000fcf2c00000)]
  0x0000020b84393d00 JavaThread "Attach Listener" daemon [_thread_blocked, id=13452, stack(0x000000fcf2c00000,0x000000fcf2d00000)]
  0x0000020b843b7ac0 JavaThread "Service Thread" daemon [_thread_blocked, id=14116, stack(0x000000fcf2d00000,0x000000fcf2e00000)]
  0x0000020b843b83f0 JavaThread "Monitor Deflation Thread" daemon [_thread_blocked, id=15196, stack(0x000000fcf2e00000,0x000000fcf2f00000)]
=>0x0000020b88538dd0 JavaThread "C2 CompilerThread0" daemon [_thread_in_native, id=11144, stack(0x000000fcf2f00000,0x000000fcf3000000)]
  0x0000020b88541ba0 JavaThread "C1 CompilerThread0" daemon [_thread_blocked, id=6452, stack(0x000000fcf3000000,0x000000fcf3100000)]
  0x0000020b843bd070 JavaThread "Sweeper thread" daemon [_thread_blocked, id=6828, stack(0x000000fcf3100000,0x000000fcf3200000)]
  0x0000020b88640970 JavaThread "Common-Cleaner" daemon [_thread_blocked, id=15916, stack(0x000000fcf3200000,0x000000fcf3300000)]
  0x0000020b88544820 JavaThread "C1 CompilerThread1" daemon [_thread_blocked, id=15120, stack(0x000000fcf3300000,0x000000fcf3400000)]
  0x0000020b88545340 JavaThread "C1 CompilerThread2" daemon [_thread_blocked, id=20440, stack(0x000000fcf3400000,0x000000fcf3500000)]
  0x0000020b88739230 JavaThread "Monitor Ctrl-Break" daemon [_thread_in_native, id=6028, stack(0x000000fcf3500000,0x000000fcf3600000)]
  0x0000020b88740450 JavaThread "Notification Thread" daemon [_thread_blocked, id=7012, stack(0x000000fcf3600000,0x000000fcf3700000)]
  0x0000020b88544db0 JavaThread "C2 CompilerThread1" daemon [_thread_blocked, id=5976, stack(0x000000fcf3800000,0x000000fcf3900000)]
  0x0000020b88543d00 JavaThread "C1 CompilerThread3" daemon [_thread_blocked, id=260, stack(0x000000fcf3900000,0x000000fcf3a00000)]
  0x0000020b88542130 JavaThread "C2 CompilerThread2" daemon [_thread_blocked, id=7680, stack(0x000000fcf3a00000,0x000000fcf3b00000)]
  0x0000020b88542c50 JavaThread "C2 CompilerThread3" daemon [_thread_blocked, id=10360, stack(0x000000fcf3b00000,0x000000fcf3c00000)]
  0x0000020b885426c0 JavaThread "C2 CompilerThread4" daemon [_thread_blocked, id=22916, stack(0x000000fcf3c00000,0x000000fcf3d00000)]
  0x0000020b88544290 JavaThread "C2 CompilerThread5" daemon [_thread_blocked, id=5108, stack(0x000000fcf3d00000,0x000000fcf3e00000)]
  0x0000020b885431e0 JavaThread "C2 CompilerThread6" daemon [_thread_blocked, id=2152, stack(0x000000fcf3e00000,0x000000fcf3f00000)]
  0x0000020b88543770 JavaThread "C2 CompilerThread7" daemon [_thread_blocked, id=10860, stack(0x000000fcf3f00000,0x000000fcf4000000)]

Other Threads:
  0x0000020b843770c0 VMThread "VM Thread" [stack: 0x000000fcf2800000,0x000000fcf2900000] [id=17392]
  0x0000020b88739770 WatcherThread "VM Periodic Task Thread" [stack: 0x000000fcf3700000,0x000000fcf3800000] [id=1796]
  0x0000020be074f8e0 WorkerThread "GC Thread#0" [stack: 0x000000fcf2300000,0x000000fcf2400000] [id=12152]
  0x0000020b8892a640 WorkerThread "GC Thread#1" [stack: 0x000000fcf4000000,0x000000fcf4100000] [id=18756]
  0x0000020b8892b720 WorkerThread "GC Thread#2" [stack: 0x000000fcf4100000,0x000000fcf4200000] [id=15380]
  0x0000020b8892b180 WorkerThread "GC Thread#3" [stack: 0x000000fcf4200000,0x000000fcf4300000] [id=2828]
  0x0000020b8892b450 WorkerThread "GC Thread#4" [stack: 0x000000fcf4300000,0x000000fcf4400000] [id=21900]
  0x0000020b8892a910 WorkerThread "GC Thread#5" [stack: 0x000000fcf4400000,0x000000fcf4500000] [id=10200]
  0x0000020b8892abe0 WorkerThread "GC Thread#6" [stack: 0x000000fcf4500000,0x000000fcf4600000] [id=12852]
  0x0000020b8892b9f0 WorkerThread "GC Thread#7" [stack: 0x000000fcf4600000,0x000000fcf4700000] [id=10728]
  0x0000020be0760250 ConcurrentGCThread "G1 Main Marker" [stack: 0x000000fcf2400000,0x000000fcf2500000] [id=416]
  0x0000020be0760c80 WorkerThread "G1 Conc#0" [stack: 0x000000fcf2500000,0x000000fcf2600000] [id=6840]
  0x0000020b842301b0 ConcurrentGCThread "G1 Refine#0" [stack: 0x000000fcf2600000,0x000000fcf2700000] [id=11000]
  0x0000020b84230cf0 ConcurrentGCThread "G1 Service" [stack: 0x000000fcf2700000,0x000000fcf2800000] [id=22476]

Threads with active compile tasks:
C2 CompilerThread0      589 1495       4       jdk.internal.module.SystemModuleFinders$SystemModuleReader::find (59 bytes)

VM state: not at safepoint (normal execution)

VM Mutex/Monitor currently owned by a thread: None

Heap address: 0x0000000705e00000, size: 4002 MB, Compressed Oops mode: Zero based, Oop shift amount: 3

CDS archive(s) mapped at: [0x0000000800000000-0x0000000800c40000-0x0000000800c40000), size 12845056, SharedBaseAddress: 0x0000000800000000, ArchiveRelocationMode: 0.
Compressed class space mapped at: 0x0000000801000000-0x0000000841000000, reserved size: 1073741824
Narrow klass base: 0x0000000800000000, Narrow klass shift: 0, Narrow klass range: 0x100000000

GC Precious Log:
 CardTable entry size: 512
 Card Set container configuration: InlinePtr #cards 4 size 8 Array Of Cards #cards 16 size 48 Howl #buckets 8 coarsen threshold 3686 Howl Bitmap #cards 512 size 80 coarsen threshold 460 Card regions per heap region 1 cards per card region 4096
 CPUs: 16 total, 16 available
 Memory: 16005M
 Large Page Support: Disabled
 NUMA Support: Disabled
 Compressed Oops: Enabled (Zero based)
 Heap Region Size: 2M
 Heap Min Capacity: 8M
 Heap Initial Capacity: 252M
 Heap Max Capacity: 4002M
 Pre-touch: Disabled
 Parallel Workers: 13
 Concurrent Workers: 3
 Concurrent Refinement Workers: 13
 Periodic GC: Disabled

Heap:
 garbage-first heap   total 258048K, used 20209K [0x0000000705e00000, 0x0000000800000000)
  region size 2048K, 11 young (22528K), 2 survivors (4096K)
 Metaspace       used 7017K, committed 7168K, reserved 1114112K
  class space    used 770K, committed 832K, reserved 1048576K

Heap Regions: E=young(eden), S=young(survivor), O=old, HS=humongous(starts), HC=humongous(continues), CS=collection set, F=free, OA=open archive, CA=closed archive, TAMS=top-at-mark-start (previous, next)
|   0|0x0000000705e00000, 0x0000000705e00000, 0x0000000706000000|  0%| F|  |TAMS 0x0000000705e00000, 0x0000000705e00000| Untracked 
|   1|0x0000000706000000, 0x0000000706000000, 0x0000000706200000|  0%| F|  |TAMS 0x0000000706000000, 0x0000000706000000| Untracked 
|   2|0x0000000706200000, 0x0000000706200000, 0x0000000706400000|  0%| F|  |TAMS 0x0000000706200000, 0x0000000706200000| Untracked 
|   3|0x0000000706400000, 0x0000000706400000, 0x0000000706600000|  0%| F|  |TAMS 0x0000000706400000, 0x0000000706400000| Untracked 
|   4|0x0000000706600000, 0x0000000706600000, 0x0000000706800000|  0%| F|  |TAMS 0x0000000706600000, 0x0000000706600000| Untracked 
|   5|0x0000000706800000, 0x0000000706800000, 0x0000000706a00000|  0%| F|  |TAMS 0x0000000706800000, 0x0000000706800000| Untracked 
|   6|0x0000000706a00000, 0x0000000706a00000, 0x0000000706c00000|  0%| F|  |TAMS 0x0000000706a00000, 0x0000000706a00000| Untracked 
|   7|0x0000000706c00000, 0x0000000706c00000, 0x0000000706e00000|  0%| F|  |TAMS 0x0000000706c00000, 0x0000000706c00000| Untracked 
|   8|0x0000000706e00000, 0x0000000706e00000, 0x0000000707000000|  0%| F|  |TAMS 0x0000000706e00000, 0x0000000706e00000| Untracked 
|   9|0x0000000707000000, 0x0000000707000000, 0x0000000707200000|  0%| F|  |TAMS 0x0000000707000000, 0x0000000707000000| Untracked 
|  10|0x0000000707200000, 0x0000000707200000, 0x0000000707400000|  0%| F|  |TAMS 0x0000000707200000, 0x0000000707200000| Untracked 
|  11|0x0000000707400000, 0x0000000707400000, 0x0000000707600000|  0%| F|  |TAMS 0x0000000707400000, 0x0000000707400000| Untracked 
|  12|0x0000000707600000, 0x0000000707600000, 0x0000000707800000|  0%| F|  |TAMS 0x0000000707600000, 0x0000000707600000| Untracked 
|  13|0x0000000707800000, 0x0000000707800000, 0x0000000707a00000|  0%| F|  |TAMS 0x0000000707800000, 0x0000000707800000| Untracked 
|  14|0x0000000707a00000, 0x0000000707a00000, 0x0000000707c00000|  0%| F|  |TAMS 0x0000000707a00000, 0x0000000707a00000| Untracked 
|  15|0x0000000707c00000, 0x0000000707c00000, 0x0000000707e00000|  0%| F|  |TAMS 0x0000000707c00000, 0x0000000707c00000| Untracked 
|  16|0x0000000707e00000, 0x0000000707e00000, 0x0000000708000000|  0%| F|  |TAMS 0x0000000707e00000, 0x0000000707e00000| Untracked 
|  17|0x0000000708000000, 0x0000000708000000, 0x0000000708200000|  0%| F|  |TAMS 0x0000000708000000, 0x0000000708000000| Untracked 
|  18|0x0000000708200000, 0x0000000708200000, 0x0000000708400000|  0%| F|  |TAMS 0x0000000708200000, 0x0000000708200000| Untracked 
|  19|0x0000000708400000, 0x0000000708400000, 0x0000000708600000|  0%| F|  |TAMS 0x0000000708400000, 0x0000000708400000| Untracked 
|  20|0x0000000708600000, 0x0000000708600000, 0x0000000708800000|  0%| F|  |TAMS 0x0000000708600000, 0x0000000708600000| Untracked 
|  21|0x0000000708800000, 0x0000000708800000, 0x0000000708a00000|  0%| F|  |TAMS 0x0000000708800000, 0x0000000708800000| Untracked 
|  22|0x0000000708a00000, 0x0000000708a00000, 0x0000000708c00000|  0%| F|  |TAMS 0x0000000708a00000, 0x0000000708a00000| Untracked 
|  23|0x0000000708c00000, 0x0000000708c00000, 0x0000000708e00000|  0%| F|  |TAMS 0x0000000708c00000, 0x0000000708c00000| Untracked 
|  24|0x0000000708e00000, 0x0000000708e00000, 0x0000000709000000|  0%| F|  |TAMS 0x0000000708e00000, 0x0000000708e00000| Untracked 
|  25|0x0000000709000000, 0x0000000709000000, 0x0000000709200000|  0%| F|  |TAMS 0x0000000709000000, 0x0000000709000000| Untracked 
|  26|0x0000000709200000, 0x0000000709200000, 0x0000000709400000|  0%| F|  |TAMS 0x0000000709200000, 0x0000000709200000| Untracked 
|  27|0x0000000709400000, 0x0000000709400000, 0x0000000709600000|  0%| F|  |TAMS 0x0000000709400000, 0x0000000709400000| Untracked 
|  28|0x0000000709600000, 0x0000000709600000, 0x0000000709800000|  0%| F|  |TAMS 0x0000000709600000, 0x0000000709600000| Untracked 
|  29|0x0000000709800000, 0x0000000709800000, 0x0000000709a00000|  0%| F|  |TAMS 0x0000000709800000, 0x0000000709800000| Untracked 
|  30|0x0000000709a00000, 0x0000000709a00000, 0x0000000709c00000|  0%| F|  |TAMS 0x0000000709a00000, 0x0000000709a00000| Untracked 
|  31|0x0000000709c00000, 0x0000000709c00000, 0x0000000709e00000|  0%| F|  |TAMS 0x0000000709c00000, 0x0000000709c00000| Untracked 
|  32|0x0000000709e00000, 0x0000000709e00000, 0x000000070a000000|  0%| F|  |TAMS 0x0000000709e00000, 0x0000000709e00000| Untracked 
|  33|0x000000070a000000, 0x000000070a000000, 0x000000070a200000|  0%| F|  |TAMS 0x000000070a000000, 0x000000070a000000| Untracked 
|  34|0x000000070a200000, 0x000000070a200000, 0x000000070a400000|  0%| F|  |TAMS 0x000000070a200000, 0x000000070a200000| Untracked 
|  35|0x000000070a400000, 0x000000070a400000, 0x000000070a600000|  0%| F|  |TAMS 0x000000070a400000, 0x000000070a400000| Untracked 
|  36|0x000000070a600000, 0x000000070a600000, 0x000000070a800000|  0%| F|  |TAMS 0x000000070a600000, 0x000000070a600000| Untracked 
|  37|0x000000070a800000, 0x000000070a800000, 0x000000070aa00000|  0%| F|  |TAMS 0x000000070a800000, 0x000000070a800000| Untracked 
|  38|0x000000070aa00000, 0x000000070aa00000, 0x000000070ac00000|  0%| F|  |TAMS 0x000000070aa00000, 0x000000070aa00000| Untracked 
|  39|0x000000070ac00000, 0x000000070ac00000, 0x000000070ae00000|  0%| F|  |TAMS 0x000000070ac00000, 0x000000070ac00000| Untracked 
|  40|0x000000070ae00000, 0x000000070ae00000, 0x000000070b000000|  0%| F|  |TAMS 0x000000070ae00000, 0x000000070ae00000| Untracked 
|  41|0x000000070b000000, 0x000000070b000000, 0x000000070b200000|  0%| F|  |TAMS 0x000000070b000000, 0x000000070b000000| Untracked 
|  42|0x000000070b200000, 0x000000070b200000, 0x000000070b400000|  0%| F|  |TAMS 0x000000070b200000, 0x000000070b200000| Untracked 
|  43|0x000000070b400000, 0x000000070b400000, 0x000000070b600000|  0%| F|  |TAMS 0x000000070b400000, 0x000000070b400000| Untracked 
|  44|0x000000070b600000, 0x000000070b600000, 0x000000070b800000|  0%| F|  |TAMS 0x000000070b600000, 0x000000070b600000| Untracked 
|  45|0x000000070b800000, 0x000000070b800000, 0x000000070ba00000|  0%| F|  |TAMS 0x000000070b800000, 0x000000070b800000| Untracked 
|  46|0x000000070ba00000, 0x000000070ba00000, 0x000000070bc00000|  0%| F|  |TAMS 0x000000070ba00000, 0x000000070ba00000| Untracked 
|  47|0x000000070bc00000, 0x000000070bc00000, 0x000000070be00000|  0%| F|  |TAMS 0x000000070bc00000, 0x000000070bc00000| Untracked 
|  48|0x000000070be00000, 0x000000070be00000, 0x000000070c000000|  0%| F|  |TAMS 0x000000070be00000, 0x000000070be00000| Untracked 
|  49|0x000000070c000000, 0x000000070c000000, 0x000000070c200000|  0%| F|  |TAMS 0x000000070c000000, 0x000000070c000000| Untracked 
|  50|0x000000070c200000, 0x000000070c200000, 0x000000070c400000|  0%| F|  |TAMS 0x000000070c200000, 0x000000070c200000| Untracked 
|  51|0x000000070c400000, 0x000000070c400000, 0x000000070c600000|  0%| F|  |TAMS 0x000000070c400000, 0x000000070c400000| Untracked 
|  52|0x000000070c600000, 0x000000070c600000, 0x000000070c800000|  0%| F|  |TAMS 0x000000070c600000, 0x000000070c600000| Untracked 
|  53|0x000000070c800000, 0x000000070c800000, 0x000000070ca00000|  0%| F|  |TAMS 0x000000070c800000, 0x000000070c800000| Untracked 
|  54|0x000000070ca00000, 0x000000070ca00000, 0x000000070cc00000|  0%| F|  |TAMS 0x000000070ca00000, 0x000000070ca00000| Untracked 
|  55|0x000000070cc00000, 0x000000070cc00000, 0x000000070ce00000|  0%| F|  |TAMS 0x000000070cc00000, 0x000000070cc00000| Untracked 
|  56|0x000000070ce00000, 0x000000070ce00000, 0x000000070d000000|  0%| F|  |TAMS 0x000000070ce00000, 0x000000070ce00000| Untracked 
|  57|0x000000070d000000, 0x000000070d000000, 0x000000070d200000|  0%| F|  |TAMS 0x000000070d000000, 0x000000070d000000| Untracked 
|  58|0x000000070d200000, 0x000000070d200000, 0x000000070d400000|  0%| F|  |TAMS 0x000000070d200000, 0x000000070d200000| Untracked 
|  59|0x000000070d400000, 0x000000070d400000, 0x000000070d600000|  0%| F|  |TAMS 0x000000070d400000, 0x000000070d400000| Untracked 
|  60|0x000000070d600000, 0x000000070d600000, 0x000000070d800000|  0%| F|  |TAMS 0x000000070d600000, 0x000000070d600000| Untracked 
|  61|0x000000070d800000, 0x000000070d800000, 0x000000070da00000|  0%| F|  |TAMS 0x000000070d800000, 0x000000070d800000| Untracked 
|  62|0x000000070da00000, 0x000000070da00000, 0x000000070dc00000|  0%| F|  |TAMS 0x000000070da00000, 0x000000070da00000| Untracked 
|  63|0x000000070dc00000, 0x000000070dc00000, 0x000000070de00000|  0%| F|  |TAMS 0x000000070dc00000, 0x000000070dc00000| Untracked 
|  64|0x000000070de00000, 0x000000070de00000, 0x000000070e000000|  0%| F|  |TAMS 0x000000070de00000, 0x000000070de00000| Untracked 
|  65|0x000000070e000000, 0x000000070e000000, 0x000000070e200000|  0%| F|  |TAMS 0x000000070e000000, 0x000000070e000000| Untracked 
|  66|0x000000070e200000, 0x000000070e200000, 0x000000070e400000|  0%| F|  |TAMS 0x000000070e200000, 0x000000070e200000| Untracked 
|  67|0x000000070e400000, 0x000000070e400000, 0x000000070e600000|  0%| F|  |TAMS 0x000000070e400000, 0x000000070e400000| Untracked 
|  68|0x000000070e600000, 0x000000070e600000, 0x000000070e800000|  0%| F|  |TAMS 0x000000070e600000, 0x000000070e600000| Untracked 
|  69|0x000000070e800000, 0x000000070e800000, 0x000000070ea00000|  0%| F|  |TAMS 0x000000070e800000, 0x000000070e800000| Untracked 
|  70|0x000000070ea00000, 0x000000070ea00000, 0x000000070ec00000|  0%| F|  |TAMS 0x000000070ea00000, 0x000000070ea00000| Untracked 
|  71|0x000000070ec00000, 0x000000070ec00000, 0x000000070ee00000|  0%| F|  |TAMS 0x000000070ec00000, 0x000000070ec00000| Untracked 
|  72|0x000000070ee00000, 0x000000070ee00000, 0x000000070f000000|  0%| F|  |TAMS 0x000000070ee00000, 0x000000070ee00000| Untracked 
|  73|0x000000070f000000, 0x000000070f000000, 0x000000070f200000|  0%| F|  |TAMS 0x000000070f000000, 0x000000070f000000| Untracked 
|  74|0x000000070f200000, 0x000000070f200000, 0x000000070f400000|  0%| F|  |TAMS 0x000000070f200000, 0x000000070f200000| Untracked 
|  75|0x000000070f400000, 0x000000070f400000, 0x000000070f600000|  0%| F|  |TAMS 0x000000070f400000, 0x000000070f400000| Untracked 
|  76|0x000000070f600000, 0x000000070f600000, 0x000000070f800000|  0%| F|  |TAMS 0x000000070f600000, 0x000000070f600000| Untracked 
|  77|0x000000070f800000, 0x000000070f800000, 0x000000070fa00000|  0%| F|  |TAMS 0x000000070f800000, 0x000000070f800000| Untracked 
|  78|0x000000070fa00000, 0x000000070fa00000, 0x000000070fc00000|  0%| F|  |TAMS 0x000000070fa00000, 0x000000070fa00000| Untracked 
|  79|0x000000070fc00000, 0x000000070fc00000, 0x000000070fe00000|  0%| F|  |TAMS 0x000000070fc00000, 0x000000070fc00000| Untracked 
|  80|0x000000070fe00000, 0x000000070fe00000, 0x0000000710000000|  0%| F|  |TAMS 0x000000070fe00000, 0x000000070fe00000| Untracked 
|  81|0x0000000710000000, 0x0000000710000000, 0x0000000710200000|  0%| F|  |TAMS 0x0000000710000000, 0x0000000710000000| Untracked 
|  82|0x0000000710200000, 0x0000000710200000, 0x0000000710400000|  0%| F|  |TAMS 0x0000000710200000, 0x0000000710200000| Untracked 
|  83|0x0000000710400000, 0x0000000710400000, 0x0000000710600000|  0%| F|  |TAMS 0x0000000710400000, 0x0000000710400000| Untracked 
|  84|0x0000000710600000, 0x0000000710600000, 0x0000000710800000|  0%| F|  |TAMS 0x0000000710600000, 0x0000000710600000| Untracked 
|  85|0x0000000710800000, 0x0000000710800000, 0x0000000710a00000|  0%| F|  |TAMS 0x0000000710800000, 0x0000000710800000| Untracked 
|  86|0x0000000710a00000, 0x0000000710a00000, 0x0000000710c00000|  0%| F|  |TAMS 0x0000000710a00000, 0x0000000710a00000| Untracked 
|  87|0x0000000710c00000, 0x0000000710c00000, 0x0000000710e00000|  0%| F|  |TAMS 0x0000000710c00000, 0x0000000710c00000| Untracked 
|  88|0x0000000710e00000, 0x0000000710e00000, 0x0000000711000000|  0%| F|  |TAMS 0x0000000710e00000, 0x0000000710e00000| Untracked 
|  89|0x0000000711000000, 0x0000000711000000, 0x0000000711200000|  0%| F|  |TAMS 0x0000000711000000, 0x0000000711000000| Untracked 
|  90|0x0000000711200000, 0x0000000711200000, 0x0000000711400000|  0%| F|  |TAMS 0x0000000711200000, 0x0000000711200000| Untracked 
|  91|0x0000000711400000, 0x0000000711400000, 0x0000000711600000|  0%| F|  |TAMS 0x0000000711400000, 0x0000000711400000| Untracked 
|  92|0x0000000711600000, 0x0000000711600000, 0x0000000711800000|  0%| F|  |TAMS 0x0000000711600000, 0x0000000711600000| Untracked 
|  93|0x0000000711800000, 0x0000000711800000, 0x0000000711a00000|  0%| F|  |TAMS 0x0000000711800000, 0x0000000711800000| Untracked 
|  94|0x0000000711a00000, 0x0000000711a00000, 0x0000000711c00000|  0%| F|  |TAMS 0x0000000711a00000, 0x0000000711a00000| Untracked 
|  95|0x0000000711c00000, 0x0000000711c00000, 0x0000000711e00000|  0%| F|  |TAMS 0x0000000711c00000, 0x0000000711c00000| Untracked 
|  96|0x0000000711e00000, 0x0000000711e00000, 0x0000000712000000|  0%| F|  |TAMS 0x0000000711e00000, 0x0000000711e00000| Untracked 
|  97|0x0000000712000000, 0x0000000712000000, 0x0000000712200000|  0%| F|  |TAMS 0x0000000712000000, 0x0000000712000000| Untracked 
|  98|0x0000000712200000, 0x0000000712200000, 0x0000000712400000|  0%| F|  |TAMS 0x0000000712200000, 0x0000000712200000| Untracked 
|  99|0x0000000712400000, 0x0000000712400000, 0x0000000712600000|  0%| F|  |TAMS 0x0000000712400000, 0x0000000712400000| Untracked 
| 100|0x0000000712600000, 0x0000000712600000, 0x0000000712800000|  0%| F|  |TAMS 0x0000000712600000, 0x0000000712600000| Untracked 
| 101|0x0000000712800000, 0x0000000712800000, 0x0000000712a00000|  0%| F|  |TAMS 0x0000000712800000, 0x0000000712800000| Untracked 
| 102|0x0000000712a00000, 0x0000000712a00000, 0x0000000712c00000|  0%| F|  |TAMS 0x0000000712a00000, 0x0000000712a00000| Untracked 
| 103|0x0000000712c00000, 0x0000000712c00000, 0x0000000712e00000|  0%| F|  |TAMS 0x0000000712c00000, 0x0000000712c00000| Untracked 
| 104|0x0000000712e00000, 0x0000000712e00000, 0x0000000713000000|  0%| F|  |TAMS 0x0000000712e00000, 0x0000000712e00000| Untracked 
| 105|0x0000000713000000, 0x0000000713000000, 0x0000000713200000|  0%| F|  |TAMS 0x0000000713000000, 0x0000000713000000| Untracked 
| 106|0x0000000713200000, 0x0000000713200000, 0x0000000713400000|  0%| F|  |TAMS 0x0000000713200000, 0x0000000713200000| Untracked 
| 107|0x0000000713400000, 0x0000000713400000, 0x0000000713600000|  0%| F|  |TAMS 0x0000000713400000, 0x0000000713400000| Untracked 
| 108|0x0000000713600000, 0x0000000713600000, 0x0000000713800000|  0%| F|  |TAMS 0x0000000713600000, 0x0000000713600000| Untracked 
| 109|0x0000000713800000, 0x0000000713800000, 0x0000000713a00000|  0%| F|  |TAMS 0x0000000713800000, 0x0000000713800000| Untracked 
| 110|0x0000000713a00000, 0x0000000713a00000, 0x0000000713c00000|  0%| F|  |TAMS 0x0000000713a00000, 0x0000000713a00000| Untracked 
| 111|0x0000000713c00000, 0x0000000713c00000, 0x0000000713e00000|  0%| F|  |TAMS 0x0000000713c00000, 0x0000000713c00000| Untracked 
| 112|0x0000000713e00000, 0x0000000713e00000, 0x0000000714000000|  0%| F|  |TAMS 0x0000000713e00000, 0x0000000713e00000| Untracked 
| 113|0x0000000714000000, 0x00000007141bc718, 0x0000000714200000| 86%| S|CS|TAMS 0x0000000714000000, 0x0000000714000000| Complete 
| 114|0x0000000714200000, 0x0000000714400000, 0x0000000714400000|100%| S|CS|TAMS 0x0000000714200000, 0x0000000714200000| Complete 
| 115|0x0000000714400000, 0x0000000714400000, 0x0000000714600000|  0%| F|  |TAMS 0x0000000714400000, 0x0000000714400000| Untracked 
| 116|0x0000000714600000, 0x0000000714600000, 0x0000000714800000|  0%| F|  |TAMS 0x0000000714600000, 0x0000000714600000| Untracked 
| 117|0x0000000714800000, 0x0000000714901a50, 0x0000000714a00000| 50%| E|  |TAMS 0x0000000714800000, 0x0000000714800000| Complete 
| 118|0x0000000714a00000, 0x0000000714c00000, 0x0000000714c00000|100%| E|CS|TAMS 0x0000000714a00000, 0x0000000714a00000| Complete 
| 119|0x0000000714c00000, 0x0000000714e00000, 0x0000000714e00000|100%| E|CS|TAMS 0x0000000714c00000, 0x0000000714c00000| Complete 
| 120|0x0000000714e00000, 0x0000000715000000, 0x0000000715000000|100%| E|CS|TAMS 0x0000000714e00000, 0x0000000714e00000| Complete 
| 121|0x0000000715000000, 0x0000000715200000, 0x0000000715200000|100%| E|CS|TAMS 0x0000000715000000, 0x0000000715000000| Complete 
| 122|0x0000000715200000, 0x0000000715400000, 0x0000000715400000|100%| E|CS|TAMS 0x0000000715200000, 0x0000000715200000| Complete 
| 123|0x0000000715400000, 0x0000000715600000, 0x0000000715600000|100%| E|CS|TAMS 0x0000000715400000, 0x0000000715400000| Complete 
| 124|0x0000000715600000, 0x0000000715800000, 0x0000000715800000|100%| E|CS|TAMS 0x0000000715600000, 0x0000000715600000| Complete 
| 125|0x0000000715800000, 0x0000000715a00000, 0x0000000715a00000|100%| E|CS|TAMS 0x0000000715800000, 0x0000000715800000| Complete 

Card table byte_map: [0x0000020bf86b0000,0x0000020bf8e90000] _byte_map_base: 0x0000020bf4e81000

Marking Bits (Prev, Next): (CMBitMap*) 0x0000020be074ff10, (CMBitMap*) 0x0000020be074ff50
 Prev Bits: [0x0000020bf9670000, 0x0000020bfd4f8000)
 Next Bits: [0x0000020b80000000, 0x0000020b83e88000)

Polling page: 0x0000020bde650000

Metaspace:

Usage:
  Non-class:      6.12 MB used.
      Class:    774.22 KB used.
       Both:      6.88 MB used.

Virtual space:
  Non-class space:       64.00 MB reserved,       6.25 MB ( 10%) committed,  1 nodes.
      Class space:        1.00 GB reserved,     832.00 KB ( <1%) committed,  1 nodes.
             Both:        1.06 GB reserved,       7.06 MB ( <1%) committed. 

Chunk freelists:
   Non-Class:  112.00 KB
       Class:  3.16 MB
        Both:  3.27 MB

MaxMetaspaceSize: unlimited
CompressedClassSpaceSize: 1.00 GB
Initial GC threshold: 21.00 MB
Current GC threshold: 21.00 MB
CDS: on
MetaspaceReclaimPolicy: balanced
 - commit_granule_bytes: 65536.
 - commit_granule_words: 8192.
 - virtual_space_node_default_size: 8388608.
 - enlarge_chunks_in_place: 1.
 - new_chunks_are_fully_committed: 0.
 - uncommit_free_chunks: 1.
 - use_allocation_guard: 0.


Internal statistics:

num_allocs_failed_limit: 0.
num_arena_births: 50.
num_arena_deaths: 0.
num_vsnodes_births: 2.
num_vsnodes_deaths: 0.
num_space_committed: 113.
num_space_uncommitted: 0.
num_chunks_returned_to_freelist: 0.
num_chunks_taken_from_freelist: 235.
num_chunk_merges: 0.
num_chunk_splits: 173.
num_chunks_enlarged: 148.
num_inconsistent_stats: 0.

CodeHeap 'non-profiled nmethods': size=119168Kb used=621Kb max_used=621Kb free=118546Kb
 bounds [0x0000020bf01e0000, 0x0000020bf0450000, 0x0000020bf7640000]
CodeHeap 'profiled nmethods': size=119104Kb used=2990Kb max_used=2990Kb free=116113Kb
 bounds [0x0000020be8640000, 0x0000020be8930000, 0x0000020befa90000]
CodeHeap 'non-nmethods': size=7488Kb used=2940Kb max_used=2988Kb free=4547Kb
 bounds [0x0000020befa90000, 0x0000020befd90000, 0x0000020bf01e0000]
 total_blobs=2032 nmethods=1568 adapters=372
 compilation: enabled
              stopped_count=0, restarted_count=0
 full_count=0

Compilation events (20 events):
Event: 0.573 Thread 0x0000020b88541ba0 1526       3       java.util.concurrent.atomic.AtomicReferenceArray::length (6 bytes)
Event: 0.573 Thread 0x0000020b88541ba0 nmethod 1526 0x0000020be890db10 code [0x0000020be890dca0, 0x0000020be890ddb8]
Event: 0.574 Thread 0x0000020b885431e0 1527       4       java.lang.CharacterDataLatin1::isWhitespace (23 bytes)
Event: 0.574 Thread 0x0000020b88541ba0 1528       3       sun.invoke.util.VerifyType::isNullConversion (157 bytes)
Event: 0.574 Thread 0x0000020b885431e0 nmethod 1527 0x0000020bf0276b90 code [0x0000020bf0276d20, 0x0000020bf0276dd8]
Event: 0.574 Thread 0x0000020b88545340 1529       3       jdk.internal.org.objectweb.asm.MethodWriter::visitFieldInsn (258 bytes)
Event: 0.575 Thread 0x0000020b88544820 1530       3       jdk.internal.org.objectweb.asm.SymbolTable::addConstantFieldref (10 bytes)
Event: 0.575 Thread 0x0000020b88543d00 1531       3       java.util.LinkedHashMap$LinkedValueIterator::next (8 bytes)
Event: 0.575 Thread 0x0000020b88544820 nmethod 1530 0x0000020be890de90 code [0x0000020be890e040, 0x0000020be890e188]
Event: 0.575 Thread 0x0000020b88544820 1532       3       jdk.internal.org.objectweb.asm.Attribute::computeAttributesSize (62 bytes)
Event: 0.575 Thread 0x0000020b88543d00 nmethod 1531 0x0000020be890e210 code [0x0000020be890e3c0, 0x0000020be890e508]
Event: 0.575 Thread 0x0000020b88543d00 1533       3       jdk.internal.org.objectweb.asm.AnnotationWriter::computeAnnotationsSize (66 bytes)
Event: 0.575 Thread 0x0000020b88544820 nmethod 1532 0x0000020be890e610 code [0x0000020be890e7e0, 0x0000020be890eb08]
Event: 0.575 Thread 0x0000020b88543d00 nmethod 1533 0x0000020be890ec90 code [0x0000020be890ee80, 0x0000020be890f1b8]
Event: 0.575 Thread 0x0000020b88544820 1534       3       jdk.internal.org.objectweb.asm.Attribute::putAttributes (78 bytes)
Event: 0.576 Thread 0x0000020b88541ba0 nmethod 1528 0x0000020be890f390 code [0x0000020be890f6c0, 0x0000020be8910ca8]
Event: 0.576 Thread 0x0000020b88545340 nmethod 1529 0x0000020be8911190 code [0x0000020be8911400, 0x0000020be8911fe8]
Event: 0.576 Thread 0x0000020b88544820 nmethod 1534 0x0000020be8912410 code [0x0000020be8912660, 0x0000020be8912b98]
Event: 0.576 Thread 0x0000020b88544820 1535       3       java.lang.Class::privateGetDeclaredFields (64 bytes)
Event: 0.577 Thread 0x0000020b88544820 nmethod 1535 0x0000020be8912e90 code [0x0000020be89130c0, 0x0000020be89138d8]

GC Heap History (2 events):
Event: 0.362 GC heap before
{Heap before GC invocations=0 (full 0):
 garbage-first heap   total 258048K, used 22528K [0x0000000705e00000, 0x0000000800000000)
  region size 2048K, 11 young (22528K), 0 survivors (0K)
 Metaspace       used 5292K, committed 5440K, reserved 1114112K
  class space    used 576K, committed 640K, reserved 1048576K
}
Event: 0.365 GC heap after
{Heap after GC invocations=1 (full 0):
 garbage-first heap   total 258048K, used 3825K [0x0000000705e00000, 0x0000000800000000)
  region size 2048K, 2 young (4096K), 2 survivors (4096K)
 Metaspace       used 5292K, committed 5440K, reserved 1114112K
  class space    used 576K, committed 640K, reserved 1048576K
}

Dll operation events (12 events):
Event: 0.004 Loaded shared library C:\Program Files\Java\jdk-19\bin\java.dll
Event: 0.010 Loaded shared library C:\Program Files\Java\jdk-19\bin\jsvml.dll
Event: 0.035 Loaded shared library C:\Program Files\Java\jdk-19\bin\zip.dll
Event: 0.037 Loaded shared library C:\Program Files\Java\jdk-19\bin\instrument.dll
Event: 0.039 Loaded shared library C:\Program Files\Java\jdk-19\bin\net.dll
Event: 0.040 Loaded shared library C:\Program Files\Java\jdk-19\bin\nio.dll
Event: 0.042 Loaded shared library C:\Program Files\Java\jdk-19\bin\zip.dll
Event: 0.050 Loaded shared library C:\Program Files\JetBrains\IntelliJ IDEA 2022.1.2\bin\breakgen64.dll
Event: 0.055 Loaded shared library C:\Program Files\Java\jdk-19\bin\extnet.dll
Event: 0.101 Loaded shared library C:\Program Files\Java\jdk-19\bin\jimage.dll
Event: 0.144 Loaded shared library C:\Users\99293\AppData\Local\Temp\jansi-2.4.0-2d33473d38491a49-jansi.dll
Event: 0.150 Loaded shared library C:\Program Files\Java\jdk-19\bin\verify.dll

Deoptimization events (20 events):
Event: 0.418 Thread 0x0000020be06ddd30 DEOPT PACKING pc=0x0000020bf0222624 sp=0x000000fcf22fd840
Event: 0.418 Thread 0x0000020be06ddd30 DEOPT UNPACKING pc=0x0000020befaf6da3 sp=0x000000fcf22fd7b0 mode 2
Event: 0.446 Thread 0x0000020be06ddd30 Uncommon trap: trap_request=0xffffff45 fr.pc=0x0000020bf02427a0 relative=0x00000000000002e0
Event: 0.446 Thread 0x0000020be06ddd30 Uncommon trap: reason=unstable_if action=reinterpret pc=0x0000020bf02427a0 method=java.nio.charset.CharsetDecoder.decode(Ljava/nio/ByteBuffer;Ljava/nio/CharBuffer;Z)Ljava/nio/charset/CoderResult; @ 1 c2
Event: 0.446 Thread 0x0000020be06ddd30 DEOPT PACKING pc=0x0000020bf02427a0 sp=0x000000fcf22fe100
Event: 0.446 Thread 0x0000020be06ddd30 DEOPT UNPACKING pc=0x0000020befaf6da3 sp=0x000000fcf22fe0b8 mode 2
Event: 0.462 Thread 0x0000020be06ddd30 Uncommon trap: trap_request=0xffffffc6 fr.pc=0x0000020bf0222624 relative=0x00000000000002e4
Event: 0.462 Thread 0x0000020be06ddd30 Uncommon trap: reason=bimorphic_or_optimized_type_check action=maybe_recompile pc=0x0000020bf0222624 method=java.util.concurrent.ConcurrentHashMap.get(Ljava/lang/Object;)Ljava/lang/Object; @ 149 c2
Event: 0.462 Thread 0x0000020be06ddd30 DEOPT PACKING pc=0x0000020bf0222624 sp=0x000000fcf22fd430
Event: 0.462 Thread 0x0000020be06ddd30 DEOPT UNPACKING pc=0x0000020befaf6da3 sp=0x000000fcf22fd3a0 mode 2
Event: 0.524 Thread 0x0000020be06ddd30 Uncommon trap: trap_request=0xffffff45 fr.pc=0x0000020bf025c93c relative=0x000000000000067c
Event: 0.524 Thread 0x0000020be06ddd30 Uncommon trap: reason=unstable_if action=reinterpret pc=0x0000020bf025c93c method=java.lang.String.<init>([CIILjava/lang/Void;)V @ 5 c2
Event: 0.524 Thread 0x0000020be06ddd30 DEOPT PACKING pc=0x0000020bf025c93c sp=0x000000fcf22fe1b0
Event: 0.524 Thread 0x0000020be06ddd30 DEOPT UNPACKING pc=0x0000020befaf6da3 sp=0x000000fcf22fe048 mode 2
Event: 0.543 Thread 0x0000020be06ddd30 Uncommon trap: trap_request=0xffffff45 fr.pc=0x0000020bf024c3bc relative=0x000000000000031c
Event: 0.543 Thread 0x0000020be06ddd30 Uncommon trap: reason=unstable_if action=reinterpret pc=0x0000020bf024c3bc method=java.lang.String.<init>([CIILjava/lang/Void;)V @ 5 c2
Event: 0.543 Thread 0x0000020be06ddd30 DEOPT PACKING pc=0x0000020bf024c3bc sp=0x000000fcf22fe080
Event: 0.543 Thread 0x0000020be06ddd30 DEOPT UNPACKING pc=0x0000020befaf6da3 sp=0x000000fcf22fe040 mode 2
Event: 0.546 Thread 0x0000020be06ddd30 DEOPT PACKING pc=0x0000020be88a43b4 sp=0x000000fcf22fe320
Event: 0.546 Thread 0x0000020be06ddd30 DEOPT UNPACKING pc=0x0000020befaf7543 sp=0x000000fcf22fd790 mode 0

Classes loaded (20 events):
Event: 0.327 Loading class java/lang/reflect/WildcardType
Event: 0.327 Loading class java/lang/reflect/WildcardType done
Event: 0.328 Loading class sun/reflect/generics/tree/TypeVariableSignature
Event: 0.328 Loading class sun/reflect/generics/tree/TypeVariableSignature done
Event: 0.333 Loading class java/lang/annotation/IncompleteAnnotationException
Event: 0.333 Loading class java/lang/annotation/IncompleteAnnotationException done
Event: 0.348 Loading class java/lang/foreign/MemorySegment
Event: 0.348 Loading class java/lang/foreign/Addressable
Event: 0.348 Loading class java/lang/foreign/Addressable done
Event: 0.348 Loading class java/lang/foreign/MemorySegment done
Event: 0.365 Loading class java/util/concurrent/locks/AbstractQueuedSynchronizer$ExclusiveNode
Event: 0.365 Loading class java/util/concurrent/locks/AbstractQueuedSynchronizer$ExclusiveNode done
Event: 0.412 Loading class sun/reflect/generics/reflectiveObjects/TypeVariableImpl
Event: 0.412 Loading class sun/reflect/generics/reflectiveObjects/LazyReflectiveObjectGenerator
Event: 0.412 Loading class sun/reflect/generics/reflectiveObjects/LazyReflectiveObjectGenerator done
Event: 0.412 Loading class sun/reflect/generics/reflectiveObjects/TypeVariableImpl done
Event: 0.412 Loading class sun/reflect/generics/reflectiveObjects/ParameterizedTypeImpl
Event: 0.412 Loading class sun/reflect/generics/reflectiveObjects/ParameterizedTypeImpl done
Event: 0.413 Loading class sun/reflect/misc/ReflectUtil
Event: 0.413 Loading class sun/reflect/misc/ReflectUtil done

Classes unloaded (0 events):
No events

Classes redefined (0 events):
No events

Internal exceptions (14 events):
Event: 0.045 Thread 0x0000020be06ddd30 Exception <a 'java/lang/NoSuchMethodError'{0x00000007156ca8d0}: 'void java.lang.invoke.DirectMethodHandle$Holder.invokeStatic(java.lang.Object, java.lang.Object, java.lang.Object)'> (0x00000007156ca8d0) 
thrown [s\open\src\hotspot\share\interpreter\linkResolver.cpp, line 774]
Event: 0.048 Thread 0x0000020be06ddd30 Exception <a 'java/lang/NoSuchMethodError'{0x00000007156e3108}: 'java.lang.Object java.lang.invoke.Invokers$Holder.invokeExact_MT(java.lang.Object, java.lang.Object, java.lang.Object, java.lang.Object, java.lang.Object)'> (0x00000007156e3108) 
thrown [s\open\src\hotspot\share\interpreter\linkResolver.cpp, line 774]
Event: 0.056 Thread 0x0000020b88739230 Exception <a 'java/lang/NoSuchMethodError'{0x0000000715759f18}: 'void java.lang.invoke.DirectMethodHandle$Holder.invokeStatic(java.lang.Object, java.lang.Object)'> (0x0000000715759f18) 
thrown [s\open\src\hotspot\share\interpreter\linkResolver.cpp, line 774]
Event: 0.100 Thread 0x0000020be06ddd30 Exception <a 'java/lang/NullPointerException'{0x0000000715252ef8}> (0x0000000715252ef8) 
thrown [s\open\src\hotspot\share\interpreter\linkResolver.cpp, line 1374]
Event: 0.146 Thread 0x0000020be06ddd30 Exception <a 'java/lang/NullPointerException'{0x00000007153cf6a0}> (0x00000007153cf6a0) 
thrown [s\open\src\hotspot\share\interpreter\linkResolver.cpp, line 1374]
Event: 0.146 Thread 0x0000020be06ddd30 Exception <a 'java/lang/NullPointerException'{0x00000007153cf980}> (0x00000007153cf980) 
thrown [s\open\src\hotspot\share\interpreter\linkResolver.cpp, line 1374]
Event: 0.146 Thread 0x0000020be06ddd30 Exception <a 'java/lang/NullPointerException'{0x00000007153cfc60}> (0x00000007153cfc60) 
thrown [s\open\src\hotspot\share\interpreter\linkResolver.cpp, line 1374]
Event: 0.146 Thread 0x0000020be06ddd30 Exception <a 'java/lang/NullPointerException'{0x00000007153d4f40}> (0x00000007153d4f40) 
thrown [s\open\src\hotspot\share\interpreter\linkResolver.cpp, line 1374]
Event: 0.148 Thread 0x0000020be06ddd30 Exception <a 'java/lang/NullPointerException'{0x00000007153e84a8}> (0x00000007153e84a8) 
thrown [s\open\src\hotspot\share\interpreter\linkResolver.cpp, line 1374]
Event: 0.148 Thread 0x0000020be06ddd30 Exception <a 'java/lang/NullPointerException'{0x00000007153e8788}> (0x00000007153e8788) 
thrown [s\open\src\hotspot\share\interpreter\linkResolver.cpp, line 1374]
Event: 0.148 Thread 0x0000020be06ddd30 Exception <a 'java/lang/NullPointerException'{0x00000007153e8a68}> (0x00000007153e8a68) 
thrown [s\open\src\hotspot\share\interpreter\linkResolver.cpp, line 1374]
Event: 0.148 Thread 0x0000020be06ddd30 Exception <a 'java/lang/NullPointerException'{0x00000007153e8d48}> (0x00000007153e8d48) 
thrown [s\open\src\hotspot\share\interpreter\linkResolver.cpp, line 1374]
Event: 0.313 Thread 0x0000020be06ddd30 Exception <a 'java/lang/NoSuchMethodError'{0x000000071461d4b8}: 'java.lang.Object java.lang.invoke.DirectMethodHandle$Holder.newInvokeSpecial(java.lang.Object, java.lang.Object, java.lang.Object, java.lang.Object, java.lang.Object)'> (0x000000071461d4b8) 
thrown [s\open\src\hotspot\share\interpreter\linkResolver.cpp, line 774]
Event: 0.333 Thread 0x0000020be06ddd30 Exception <a 'java/lang/NoClassDefFoundError'{0x00000007147775c8}: javax/enterprise/inject/Typed> (0x00000007147775c8) 
thrown [s\open\src\hotspot\share\classfile\systemDictionary.cpp, line 244]

VM Operations (12 events):
Event: 0.052 Executing VM operation: HandshakeAllThreads
Event: 0.052 Executing VM operation: HandshakeAllThreads done
Event: 0.099 Executing VM operation: HandshakeAllThreads
Event: 0.099 Executing VM operation: HandshakeAllThreads done
Event: 0.103 Executing VM operation: HandshakeAllThreads
Event: 0.103 Executing VM operation: HandshakeAllThreads done
Event: 0.338 Executing VM operation: ICBufferFull
Event: 0.338 Executing VM operation: ICBufferFull done
Event: 0.362 Executing VM operation: G1CollectForAllocation
Event: 0.365 Executing VM operation: G1CollectForAllocation done
Event: 0.365 Executing VM operation: HandshakeAllThreads
Event: 0.365 Executing VM operation: HandshakeAllThreads done

Events (20 events):
Event: 0.016 Thread 0x0000020b843911c0 Thread added: 0x0000020b843911c0
Event: 0.016 Thread 0x0000020b84393d00 Thread added: 0x0000020b84393d00
Event: 0.016 Thread 0x0000020b843b7ac0 Thread added: 0x0000020b843b7ac0
Event: 0.016 Thread 0x0000020b843b83f0 Thread added: 0x0000020b843b83f0
Event: 0.016 Thread 0x0000020b88538dd0 Thread added: 0x0000020b88538dd0
Event: 0.016 Thread 0x0000020b88541ba0 Thread added: 0x0000020b88541ba0
Event: 0.016 Thread 0x0000020b843bd070 Thread added: 0x0000020b843bd070
Event: 0.026 Thread 0x0000020b88640970 Thread added: 0x0000020b88640970
Event: 0.030 Thread 0x0000020b88544820 Thread added: 0x0000020b88544820
Event: 0.030 Thread 0x0000020b88545340 Thread added: 0x0000020b88545340
Event: 0.050 Thread 0x0000020b88739230 Thread added: 0x0000020b88739230
Event: 0.050 Thread 0x0000020b88740450 Thread added: 0x0000020b88740450
Event: 0.205 Thread 0x0000020b88544db0 Thread added: 0x0000020b88544db0
Event: 0.218 Thread 0x0000020b88543d00 Thread added: 0x0000020b88543d00
Event: 0.346 Thread 0x0000020b88542130 Thread added: 0x0000020b88542130
Event: 0.348 Thread 0x0000020b88542c50 Thread added: 0x0000020b88542c50
Event: 0.348 Thread 0x0000020b885426c0 Thread added: 0x0000020b885426c0
Event: 0.359 Thread 0x0000020b88544290 Thread added: 0x0000020b88544290
Event: 0.359 Thread 0x0000020b885431e0 Thread added: 0x0000020b885431e0
Event: 0.359 Thread 0x0000020b88543770 Thread added: 0x0000020b88543770


Dynamic libraries:
0x00007ff6d0af0000 - 0x00007ff6d0b00000 	C:\Program Files\Java\jdk-19\bin\java.exe
0x00007ffb11710000 - 0x00007ffb11926000 	C:\WINDOWS\SYSTEM32\ntdll.dll
0x00007ffb11160000 - 0x00007ffb11224000 	C:\WINDOWS\System32\KERNEL32.DLL
0x00007ffb0ee80000 - 0x00007ffb0f227000 	C:\WINDOWS\System32\KERNELBASE.dll
0x00007ffb0ebf0000 - 0x00007ffb0ed01000 	C:\WINDOWS\System32\ucrtbase.dll
0x00007ffb09970000 - 0x00007ffb09988000 	C:\Program Files\Java\jdk-19\bin\jli.dll
0x00007ffb07550000 - 0x00007ffb0756b000 	C:\Program Files\Java\jdk-19\bin\VCRUNTIME140.dll
0x00007ffb10290000 - 0x00007ffb10342000 	C:\WINDOWS\System32\ADVAPI32.dll
0x00007ffb10b70000 - 0x00007ffb10c17000 	C:\WINDOWS\System32\msvcrt.dll
0x00007ffb110b0000 - 0x00007ffb11158000 	C:\WINDOWS\System32\sechost.dll
0x00007ffb0ee50000 - 0x00007ffb0ee78000 	C:\WINDOWS\System32\bcrypt.dll
0x00007ffb106b0000 - 0x00007ffb107c5000 	C:\WINDOWS\System32\RPCRT4.dll
0x00007ffb103b0000 - 0x00007ffb1055e000 	C:\WINDOWS\System32\USER32.dll
0x00007ffb0eaa0000 - 0x00007ffb0eac6000 	C:\WINDOWS\System32\win32u.dll
0x00007ffaf6d90000 - 0x00007ffaf7023000 	C:\WINDOWS\WinSxS\amd64_microsoft.windows.common-controls_6595b64144ccf1df_6.0.22621.3235_none_270f74e173860f98\COMCTL32.dll
0x00007ffb11230000 - 0x00007ffb11259000 	C:\WINDOWS\System32\GDI32.dll
0x00007ffb0ead0000 - 0x00007ffb0ebe9000 	C:\WINDOWS\System32\gdi32full.dll
0x00007ffb0ea00000 - 0x00007ffb0ea9a000 	C:\WINDOWS\System32\msvcp_win.dll
0x00007ffb06670000 - 0x00007ffb0667a000 	C:\WINDOWS\SYSTEM32\VERSION.dll
0x00007ffb10ff0000 - 0x00007ffb11021000 	C:\WINDOWS\System32\IMM32.DLL
0x00007ffb09ac0000 - 0x00007ffb09acc000 	C:\Program Files\Java\jdk-19\bin\vcruntime140_1.dll
0x00007ffaf7c80000 - 0x00007ffaf7d0e000 	C:\Program Files\Java\jdk-19\bin\msvcp140.dll
0x00007ffabedb0000 - 0x00007ffabfa70000 	C:\Program Files\Java\jdk-19\bin\server\jvm.dll
0x00007ffb09a90000 - 0x00007ffb09a99000 	C:\WINDOWS\SYSTEM32\WSOCK32.dll
0x00007ffb06260000 - 0x00007ffb06294000 	C:\WINDOWS\SYSTEM32\WINMM.dll
0x00007ffb101b0000 - 0x00007ffb10221000 	C:\WINDOWS\System32\WS2_32.dll
0x00007ffb0db30000 - 0x00007ffb0db48000 	C:\WINDOWS\SYSTEM32\kernel.appcore.dll
0x00007ffb09a10000 - 0x00007ffb09a1a000 	C:\Program Files\Java\jdk-19\bin\jimage.dll
0x00007ffb0c240000 - 0x00007ffb0c473000 	C:\WINDOWS\SYSTEM32\DBGHELP.DLL
0x00007ffb107e0000 - 0x00007ffb10b68000 	C:\WINDOWS\System32\combase.dll
0x00007ffb10c20000 - 0x00007ffb10cf7000 	C:\WINDOWS\System32\OLEAUT32.dll
0x00007ffb041d0000 - 0x00007ffb04202000 	C:\WINDOWS\SYSTEM32\dbgcore.DLL
0x00007ffb0ed10000 - 0x00007ffb0ed89000 	C:\WINDOWS\System32\bcryptPrimitives.dll
0x00007ffb04120000 - 0x00007ffb0412e000 	C:\Program Files\Java\jdk-19\bin\instrument.dll
0x00007ffb07520000 - 0x00007ffb07546000 	C:\Program Files\Java\jdk-19\bin\java.dll
0x00007ffaf4e80000 - 0x00007ffaf4f57000 	C:\Program Files\Java\jdk-19\bin\jsvml.dll
0x00007ffb0f410000 - 0x00007ffb0fc6c000 	C:\WINDOWS\System32\SHELL32.dll
0x00007ffb0c930000 - 0x00007ffb0d229000 	C:\WINDOWS\SYSTEM32\windows.storage.dll
0x00007ffb0c7e0000 - 0x00007ffb0c91e000 	C:\WINDOWS\SYSTEM32\wintypes.dll
0x00007ffb10ef0000 - 0x00007ffb10fe3000 	C:\WINDOWS\System32\SHCORE.dll
0x00007ffb10230000 - 0x00007ffb1028e000 	C:\WINDOWS\System32\shlwapi.dll
0x00007ffb0e930000 - 0x00007ffb0e951000 	C:\WINDOWS\SYSTEM32\profapi.dll
0x00007ffb05da0000 - 0x00007ffb05db8000 	C:\Program Files\Java\jdk-19\bin\zip.dll
0x00007ffb06240000 - 0x00007ffb06253000 	C:\Program Files\Java\jdk-19\bin\net.dll
0x00007ffb082d0000 - 0x00007ffb08406000 	C:\WINDOWS\SYSTEM32\WINHTTP.dll
0x00007ffb0dfa0000 - 0x00007ffb0e009000 	C:\WINDOWS\system32\mswsock.dll
0x00007ffb05dc0000 - 0x00007ffb05dd6000 	C:\Program Files\Java\jdk-19\bin\nio.dll
0x00007ffaf5590000 - 0x00007ffaf55aa000 	C:\Program Files\JetBrains\IntelliJ IDEA 2022.1.2\bin\breakgen64.dll
0x00007ffb06ad0000 - 0x00007ffb06ad8000 	C:\Program Files\Java\jdk-19\bin\extnet.dll
0x0000000069ac0000 - 0x0000000069ae4000 	C:\Users\99293\AppData\Local\Temp\jansi-2.4.0-2d33473d38491a49-jansi.dll
0x00007ffb099e0000 - 0x00007ffb099f0000 	C:\Program Files\Java\jdk-19\bin\verify.dll

dbghelp: loaded successfully - version: 4.0.5 - missing functions: none
symbol engine: initialized successfully - sym options: 0x614 - pdb path: .;C:\Program Files\Java\jdk-19\bin;C:\WINDOWS\SYSTEM32;C:\WINDOWS\WinSxS\amd64_microsoft.windows.common-controls_6595b64144ccf1df_6.0.22621.3235_none_270f74e173860f98;C:\Program Files\Java\jdk-19\bin\server;C:\Program Files\JetBrains\IntelliJ IDEA 2022.1.2\bin;C:\Users\99293\AppData\Local\Temp

VM Arguments:
jvm_args: -Dmaven.multiModuleProjectDirectory=D:\unitedStates original storage\unitedStates duplicates original storage -Dmaven.home=C:\Users\99293\.m2\wrapper\dists\apache-maven-3.8.6-bin\1ks0nkde5v1pk9vtc31i9d0lcd\apache-maven-3.8.6 -Dclassworlds.conf=C:\Users\99293\.m2\wrapper\dists\apache-maven-3.8.6-bin\1ks0nkde5v1pk9vtc31i9d0lcd\apache-maven-3.8.6\bin\m2.conf -Dmaven.ext.class.path=C:\Program Files\JetBrains\IntelliJ IDEA 2022.1.2\plugins\maven\lib\maven-event-listener.jar -javaagent:C:\Program Files\JetBrains\IntelliJ IDEA 2022.1.2\lib\idea_rt.jar=60978:C:\Program Files\JetBrains\IntelliJ IDEA 2022.1.2\bin -Dfile.encoding=UTF-8 
java_command: org.codehaus.classworlds.Launcher -Didea.version=2022.1.2 package
java_class_path (initial): C:\Users\99293\.m2\wrapper\dists\apache-maven-3.8.6-bin\1ks0nkde5v1pk9vtc31i9d0lcd\apache-maven-3.8.6\boot\plexus-classworlds-2.6.0.jar;C:\Users\99293\.m2\wrapper\dists\apache-maven-3.8.6-bin\1ks0nkde5v1pk9vtc31i9d0lcd\apache-maven-3.8.6\boot\plexus-classworlds.license
Launcher Type: SUN_STANDARD

[Global flags]
     intx CICompilerCount                          = 12                                        {product} {ergonomic}
     uint ConcGCThreads                            = 3                                         {product} {ergonomic}
     uint G1ConcRefinementThreads                  = 13                                        {product} {ergonomic}
   size_t G1HeapRegionSize                         = 2097152                                   {product} {ergonomic}
    uintx GCDrainStackTargetSize                   = 64                                        {product} {ergonomic}
   size_t InitialHeapSize                          = 264241152                                 {product} {ergonomic}
   size_t MarkStackSize                            = 4194304                                   {product} {ergonomic}
   size_t MaxHeapSize                              = 4196401152                                {product} {ergonomic}
   size_t MaxNewSize                               = 2516582400                                {product} {ergonomic}
   size_t MinHeapDeltaBytes                        = 2097152                                   {product} {ergonomic}
   size_t MinHeapSize                              = 8388608                                   {product} {ergonomic}
    uintx NonNMethodCodeHeapSize                   = 7602480                                {pd product} {ergonomic}
    uintx NonProfiledCodeHeapSize                  = 122027880                              {pd product} {ergonomic}
    uintx ProfiledCodeHeapSize                     = 122027880                              {pd product} {ergonomic}
    uintx ReservedCodeCacheSize                    = 251658240                              {pd product} {ergonomic}
     bool SegmentedCodeCache                       = true                                      {product} {ergonomic}
   size_t SoftMaxHeapSize                          = 4196401152                             {manageable} {ergonomic}
     bool UseCompressedClassPointers               = true                           {product lp64_product} {ergonomic}
     bool UseCompressedOops                        = true                           {product lp64_product} {ergonomic}
     bool UseG1GC                                  = true                                      {product} {ergonomic}
     bool UseLargePagesIndividualAllocation        = false                                  {pd product} {ergonomic}

Logging:
Log output configuration:
 #0: stdout all=warning uptime,level,tags foldmultilines=false
 #1: stderr all=off uptime,level,tags foldmultilines=false

Environment Variables:
JAVA_HOME=C:\Program Files\Java\jdk-19
PATH=C:\Program Files\Common Files\Oracle\Java\javapath;C:\Windows\system32;C:\Windows;C:\Windows\System32\Wbem;C:\Windows\System32\WindowsPowerShell\v1.0\;C:\Windows\System32\OpenSSH\;C:\Program Files (x86)\NVIDIA Corporation\PhysX\Common;C:\Program Files\NVIDIA Corporation\NVIDIA NvDLISR;C:\Program Files\Git\cmd;C:\Program Files (x86)\dotnet\;%SystemRoot%\system32;%SystemRoot%;%SystemRoot%\System32\Wbem;%SYSTEMROOT%\System32\WindowsPowerShell\v1.0\;%SYSTEMROOT%\System32\OpenSSH\;C:\Users\99293\AppData\Local\Programs\Python\Python311\Scripts\;C:\Users\99293\AppData\Local\Programs\Python\Python311\;C:\Users\99293\AppData\Local\Microsoft\WindowsApps;;C:\Program Files\JetBrains\IntelliJ IDEA 2022.1.2\bin;;C:\Program Files\heroku\bin
USERNAME=ASUS
OS=Windows_NT
PROCESSOR_IDENTIFIER=Intel64 Family 6 Model 154 Stepping 3, GenuineIntel
TMP=C:\Users\99293\AppData\Local\Temp
TEMP=C:\Users\99293\AppData\Local\Temp



---------------  S Y S T E M  ---------------

OS:
 Windows 11 , 64 bit Build 22621 (10.0.22621.3374)
OS uptime: 0 days 22:57 hours
Hyper-V role detected

CPU: total 16 (initial active 16) (8 cores per cpu, 2 threads per core) family 6 model 154 stepping 3 microcode 0x41c, cx8, cmov, fxsr, ht, mmx, 3dnowpref, sse, sse2, sse3, ssse3, sse4.1, sse4.2, popcnt, lzcnt, tsc, tscinvbit, avx, avx2, aes, erms, clmul, bmi1, bmi2, adx, sha, fma, vzeroupper, clflush, clflushopt, clwb, hv, serialize, rdtscp, rdpid, fsrm

Memory: 4k page, system-wide physical 16005M (3255M free)
TotalPageFile size 18053M (AvailPageFile size 5M)
current process WorkingSet (physical memory assigned to process): 113M, peak: 114M
current process commit charge ("private bytes"): 401M, peak: 403M

vm_info: Java HotSpot(TM) 64-Bit Server VM (19.0.2+7-44) for windows-amd64 JRE (19.0.2+7-44), built on 2022-11-30T18:02:09Z by "mach5one" with MS VC++ 17.1 (VS2022)

END.
