#
# There is insufficient memory for the Java Runtime Environment to continue.
# Native memory allocation (malloc) failed to allocate 32744 bytes for Chunk::new
# Possible reasons:
#   The system is out of physical RAM or swap space
#   The process is running with CompressedOops enabled, and the Java Heap may be blocking the growth of the native heap
# Possible solutions:
#   Reduce memory load on the system
#   Increase physical memory or swap space
#   Check if swap backing store is full
#   Decrease Java heap size (-Xmx/-Xms)
#   Decrease number of Java threads
#   Decrease Java thread stack sizes (-Xss)
#   Set larger code cache with -XX:ReservedCodeCacheSize=
#   JVM is running with Zero Based Compressed Oops mode in which the Java heap is
#     placed in the first 32GB address space. The Java Heap base address is the
#     maximum limit for the native heap growth. Please use -XX:HeapBaseMinAddress
#     to set the Java Heap base and to place the Java Heap above 32GB virtual address.
# This output file may be truncated or incomplete.
#
#  Out of Memory Error (arena.cpp:184), pid=16908, tid=3492
#
# JRE version: Java(TM) SE Runtime Environment (19.0.2+7) (build 19.0.2+7-44)
# Java VM: Java HotSpot(TM) 64-Bit Server VM (19.0.2+7-44, mixed mode, sharing, tiered, compressed oops, compressed class ptrs, g1 gc, windows-amd64)
# No core dump will be written. Minidumps are not enabled by default on client versions of Windows
#

---------------  S U M M A R Y ------------

Command Line: -Dmaven.multiModuleProjectDirectory=D:\unitedStates original storage\unitedStates duplicates original storage -Dmaven.home=C:\Users\99293\.m2\wrapper\dists\apache-maven-3.8.6-bin\1ks0nkde5v1pk9vtc31i9d0lcd\apache-maven-3.8.6 -Dclassworlds.conf=C:\Users\99293\.m2\wrapper\dists\apache-maven-3.8.6-bin\1ks0nkde5v1pk9vtc31i9d0lcd\apache-maven-3.8.6\bin\m2.conf -Dmaven.ext.class.path=C:\Program Files\JetBrains\IntelliJ IDEA 2022.1.2\plugins\maven\lib\maven-event-listener.jar -javaagent:C:\Program Files\JetBrains\IntelliJ IDEA 2022.1.2\lib\idea_rt.jar=61017:C:\Program Files\JetBrains\IntelliJ IDEA 2022.1.2\bin -Dfile.encoding=UTF-8 org.codehaus.classworlds.Launcher -Didea.version=2022.1.2 package

Host: 12th Gen Intel(R) Core(TM) i7-12650H, 16 cores, 15G,  Windows 11 , 64 bit Build 22621 (10.0.22621.3374)
Time: Sat May 11 18:50:50 2024  Windows 11 , 64 bit Build 22621 (10.0.22621.3374) elapsed time: 6.692345 seconds (0d 0h 0m 6s)

---------------  T H R E A D  ---------------

Current thread (0x0000029d58147670):  JavaThread "C2 CompilerThread0" daemon [_thread_in_native, id=3492, stack(0x000000aa0e800000,0x000000aa0e900000)]


Current CompileTask:
C2:   6692 11912 % !   4       java.util.jar.Attributes::read @ 214 (494 bytes)

Stack: [0x000000aa0e800000,0x000000aa0e900000]
Native frames: (J=compiled Java code, j=interpreted, Vv=VM code, C=native code)
V  [jvm.dll+0x6ee21a]
V  [jvm.dll+0x85765e]
V  [jvm.dll+0x85904e]
V  [jvm.dll+0x859703]
V  [jvm.dll+0x28298f]
V  [jvm.dll+0xc9adf]
V  [jvm.dll+0xc9e65]
V  [jvm.dll+0x3c233d]
V  [jvm.dll+0x3c19e1]
V  [jvm.dll+0x3c1a24]
V  [jvm.dll+0x3baeac]
V  [jvm.dll+0x1ee2d8]
V  [jvm.dll+0x24c52b]
V  [jvm.dll+0x24b781]
V  [jvm.dll+0x1d6ce1]
V  [jvm.dll+0x25b25a]
V  [jvm.dll+0x2596e8]
V  [jvm.dll+0x807588]
V  [jvm.dll+0x80125a]
V  [jvm.dll+0x6ecf0b]
C  [ucrtbase.dll+0x29333]
C  [KERNEL32.DLL+0x1257d]
C  [ntdll.dll+0x5aa48]


---------------  P R O C E S S  ---------------

Threads class SMR info:
_java_thread_list=0x0000029d60aad340, length=22, elements={
0x0000029d34fcf530, 0x0000029d581347e0, 0x0000029d581355d0, 0x0000029d5813c3f0,
0x0000029d5813e290, 0x0000029d58140bd0, 0x0000029d58141500, 0x0000029d58147670,
0x0000029d5814a000, 0x0000029d5814e5a0, 0x0000029d5d0f50f0, 0x0000029d5d0fa280,
0x0000029d5d0fac10, 0x0000029d5d10d750, 0x0000029d5d115fe0, 0x0000029d5d0f5640,
0x0000029d5d0f5b90, 0x0000029d5dc72380, 0x0000029d5dbec680, 0x0000029d5dbfdfa0,
0x0000029d5e060ff0, 0x0000029d5e4964b0
}

Java Threads: ( => current thread )
  0x0000029d34fcf530 JavaThread "main" [_thread_in_vm, id=23272, stack(0x000000aa0db00000,0x000000aa0dc00000)]
  0x0000029d581347e0 JavaThread "Reference Handler" daemon [_thread_blocked, id=9808, stack(0x000000aa0e200000,0x000000aa0e300000)]
  0x0000029d581355d0 JavaThread "Finalizer" daemon [_thread_blocked, id=17940, stack(0x000000aa0e300000,0x000000aa0e400000)]
  0x0000029d5813c3f0 JavaThread "Signal Dispatcher" daemon [_thread_blocked, id=23240, stack(0x000000aa0e400000,0x000000aa0e500000)]
  0x0000029d5813e290 JavaThread "Attach Listener" daemon [_thread_blocked, id=13164, stack(0x000000aa0e500000,0x000000aa0e600000)]
  0x0000029d58140bd0 JavaThread "Service Thread" daemon [_thread_blocked, id=21348, stack(0x000000aa0e600000,0x000000aa0e700000)]
  0x0000029d58141500 JavaThread "Monitor Deflation Thread" daemon [_thread_blocked, id=6400, stack(0x000000aa0e700000,0x000000aa0e800000)]
=>0x0000029d58147670 JavaThread "C2 CompilerThread0" daemon [_thread_in_native, id=3492, stack(0x000000aa0e800000,0x000000aa0e900000)]
  0x0000029d5814a000 JavaThread "C1 CompilerThread0" daemon [_thread_blocked, id=7592, stack(0x000000aa0e900000,0x000000aa0ea00000)]
  0x0000029d5814e5a0 JavaThread "Sweeper thread" daemon [_thread_blocked, id=22292, stack(0x000000aa0ea00000,0x000000aa0eb00000)]
  0x0000029d5d0f50f0 JavaThread "Common-Cleaner" daemon [_thread_blocked, id=22276, stack(0x000000aa0eb00000,0x000000aa0ec00000)]
  0x0000029d5d0fa280 JavaThread "C1 CompilerThread1" daemon [_thread_blocked, id=372, stack(0x000000aa0ec00000,0x000000aa0ed00000)]
  0x0000029d5d0fac10 JavaThread "C1 CompilerThread2" daemon [_thread_blocked, id=20164, stack(0x000000aa0ed00000,0x000000aa0ee00000)]
  0x0000029d5d10d750 JavaThread "C1 CompilerThread3" daemon [_thread_blocked, id=13284, stack(0x000000aa0ee00000,0x000000aa0ef00000)]
  0x0000029d5d115fe0 JavaThread "C2 CompilerThread1" daemon [_thread_blocked, id=15456, stack(0x000000aa0ef00000,0x000000aa0f000000)]
  0x0000029d5d0f5640 JavaThread "Monitor Ctrl-Break" daemon [_thread_in_native, id=11188, stack(0x000000aa0f000000,0x000000aa0f100000)]
  0x0000029d5d0f5b90 JavaThread "Notification Thread" daemon [_thread_blocked, id=23300, stack(0x000000aa0f100000,0x000000aa0f200000)]
  0x0000029d5dc72380 JavaThread "C2 CompilerThread2" daemon [_thread_blocked, id=12672, stack(0x000000aa0f300000,0x000000aa0f400000)]
  0x0000029d5dbec680 JavaThread "C2 CompilerThread3" daemon [_thread_in_native, id=19076, stack(0x000000aa0f400000,0x000000aa0f500000)]
  0x0000029d5dbfdfa0 JavaThread "C2 CompilerThread4" daemon [_thread_in_native, id=1144, stack(0x000000aa0f500000,0x000000aa0f600000)]
  0x0000029d5e060ff0 JavaThread "C2 CompilerThread5" daemon [_thread_in_native, id=19912, stack(0x000000aa0f600000,0x000000aa0f700000)]
  0x0000029d5e4964b0 JavaThread "C2 CompilerThread6" daemon [_thread_in_native, id=3872, stack(0x000000aa0f700000,0x000000aa0f800000)]

Other Threads:
  0x0000029d581172c0 VMThread "VM Thread" [stack: 0x000000aa0e100000,0x000000aa0e200000] [id=7776]
  0x0000029d5d201ef0 WatcherThread "VM Periodic Task Thread" [stack: 0x000000aa0f200000,0x000000aa0f300000] [id=8572]
  0x0000029d35041130 WorkerThread "GC Thread#0" [stack: 0x000000aa0dc00000,0x000000aa0dd00000] [id=18300]
  0x0000029d5d449f30 WorkerThread "GC Thread#1" [stack: 0x000000aa0f900000,0x000000aa0fa00000] [id=22656]
  0x0000029d5d4496c0 WorkerThread "GC Thread#2" [stack: 0x000000aa0fa00000,0x000000aa0fb00000] [id=20788]
  0x0000029d5d44a4d0 WorkerThread "GC Thread#3" [stack: 0x000000aa0fb00000,0x000000aa0fc00000] [id=15796]
  0x0000029d5d44a200 WorkerThread "GC Thread#4" [stack: 0x000000aa0fc00000,0x000000aa0fd00000] [id=18280]
  0x0000029d5d44ad40 WorkerThread "GC Thread#5" [stack: 0x000000aa0fd00000,0x000000aa0fe00000] [id=11384]
  0x0000029d5d44b010 WorkerThread "GC Thread#6" [stack: 0x000000aa0fe00000,0x000000aa0ff00000] [id=16400]
  0x0000029d5d449990 WorkerThread "GC Thread#7" [stack: 0x000000aa0ff00000,0x000000aa10000000] [id=19940]
  0x0000029d5ef808a0 WorkerThread "GC Thread#8" [stack: 0x000000aa0f800000,0x000000aa0f900000] [id=20756]
  0x0000029d5ef7d8d0 WorkerThread "GC Thread#9" [stack: 0x000000aa10000000,0x000000aa10100000] [id=17376]
  0x0000029d5ef7cd90 WorkerThread "GC Thread#10" [stack: 0x000000aa10100000,0x000000aa10200000] [id=17984]
  0x0000029d5ef805d0 WorkerThread "GC Thread#11" [stack: 0x000000aa10200000,0x000000aa10300000] [id=23340]
  0x0000029d5ef7de70 WorkerThread "GC Thread#12" [stack: 0x000000aa10300000,0x000000aa10400000] [id=16900]
  0x0000029d35051aa0 ConcurrentGCThread "G1 Main Marker" [stack: 0x000000aa0dd00000,0x000000aa0de00000] [id=396]
  0x0000029d350524d0 WorkerThread "G1 Conc#0" [stack: 0x000000aa0de00000,0x000000aa0df00000] [id=1664]
  0x0000029d5ef7ec80 WorkerThread "G1 Conc#1" [stack: 0x000000aa10400000,0x000000aa10500000] [id=3276]
  0x0000029d5ef7d060 WorkerThread "G1 Conc#2" [stack: 0x000000aa10500000,0x000000aa10600000] [id=3104]
  0x0000029d3508e250 ConcurrentGCThread "G1 Refine#0" [stack: 0x000000aa0df00000,0x000000aa0e000000] [id=17660]
  0x0000029d57fd4010 ConcurrentGCThread "G1 Service" [stack: 0x000000aa0e000000,0x000000aa0e100000] [id=1952]

Threads with active compile tasks:
C2 CompilerThread0     6703 11912 % !   4       java.util.jar.Attributes::read @ 214 (494 bytes)
C2 CompilerThread3     6703 11876   !   4       org.codehaus.plexus.classworlds.realm.ClassRealm::loadClass (33 bytes)
C2 CompilerThread4     6703 11812   !   4       org.apache.maven.model.Model::clone (502 bytes)
C2 CompilerThread5     6703 11875       4       org.codehaus.plexus.classworlds.realm.ClassRealm::loadClass (7 bytes)
C2 CompilerThread6     6703 11336   !   4       java.lang.ClassLoader::loadClass (121 bytes)

VM state: not at safepoint (normal execution)

VM Mutex/Monitor currently owned by a thread: None

Heap address: 0x0000000705e00000, size: 4002 MB, Compressed Oops mode: Zero based, Oop shift amount: 3

CDS archive(s) mapped at: [0x0000000800000000-0x0000000800c40000-0x0000000800c40000), size 12845056, SharedBaseAddress: 0x0000000800000000, ArchiveRelocationMode: 0.
Compressed class space mapped at: 0x0000000801000000-0x0000000841000000, reserved size: 1073741824
Narrow klass base: 0x0000000800000000, Narrow klass shift: 0, Narrow klass range: 0x100000000

GC Precious Log:
 CardTable entry size: 512
 Card Set container configuration: InlinePtr #cards 4 size 8 Array Of Cards #cards 16 size 48 Howl #buckets 8 coarsen threshold 3686 Howl Bitmap #cards 512 size 80 coarsen threshold 460 Card regions per heap region 1 cards per card region 4096
 CPUs: 16 total, 16 available
 Memory: 16005M
 Large Page Support: Disabled
 NUMA Support: Disabled
 Compressed Oops: Enabled (Zero based)
 Heap Region Size: 2M
 Heap Min Capacity: 8M
 Heap Initial Capacity: 252M
 Heap Max Capacity: 4002M
 Pre-touch: Disabled
 Parallel Workers: 13
 Concurrent Workers: 3
 Concurrent Refinement Workers: 13
 Periodic GC: Disabled

Heap:
 garbage-first heap   total 198656K, used 84047K [0x0000000705e00000, 0x0000000800000000)
  region size 2048K, 16 young (32768K), 6 survivors (12288K)
 Metaspace       used 35885K, committed 36544K, reserved 1114112K
  class space    used 3699K, committed 4032K, reserved 1048576K

Heap Regions: E=young(eden), S=young(survivor), O=old, HS=humongous(starts), HC=humongous(continues), CS=collection set, F=free, OA=open archive, CA=closed archive, TAMS=top-at-mark-start (previous, next)
|   0|0x0000000705e00000, 0x0000000706000000, 0x0000000706000000|100%| O|  |TAMS 0x0000000706000000, 0x0000000705e00000| Untracked 
|   1|0x0000000706000000, 0x0000000706200000, 0x0000000706200000|100%| O|  |TAMS 0x0000000706200000, 0x0000000706000000| Untracked 
|   2|0x0000000706200000, 0x0000000706400000, 0x0000000706400000|100%| O|  |TAMS 0x0000000706400000, 0x0000000706200000| Untracked 
|   3|0x0000000706400000, 0x0000000706600000, 0x0000000706600000|100%| O|  |TAMS 0x0000000706400000, 0x0000000706400000| Untracked 
|   4|0x0000000706600000, 0x0000000706800000, 0x0000000706800000|100%| O|  |TAMS 0x0000000706800000, 0x0000000706600000| Untracked 
|   5|0x0000000706800000, 0x0000000706a00000, 0x0000000706a00000|100%| O|  |TAMS 0x0000000706a00000, 0x0000000706800000| Untracked 
|   6|0x0000000706a00000, 0x0000000706c00000, 0x0000000706c00000|100%| O|  |TAMS 0x0000000706c00000, 0x0000000706a00000| Untracked 
|   7|0x0000000706c00000, 0x0000000706e00000, 0x0000000706e00000|100%| O|  |TAMS 0x0000000706e00000, 0x0000000706c00000| Untracked 
|   8|0x0000000706e00000, 0x0000000706e00000, 0x0000000707000000|  0%| F|  |TAMS 0x0000000706e00000, 0x0000000706e00000| Untracked 
|   9|0x0000000707000000, 0x0000000707200000, 0x0000000707200000|100%| O|  |TAMS 0x0000000707200000, 0x0000000707000000| Untracked 
|  10|0x0000000707200000, 0x0000000707400000, 0x0000000707400000|100%| O|  |TAMS 0x0000000707400000, 0x0000000707200000| Untracked 
|  11|0x0000000707400000, 0x0000000707600000, 0x0000000707600000|100%| O|  |TAMS 0x0000000707600000, 0x0000000707400000| Untracked 
|  12|0x0000000707600000, 0x0000000707600000, 0x0000000707800000|  0%| F|  |TAMS 0x0000000707600000, 0x0000000707600000| Untracked 
|  13|0x0000000707800000, 0x0000000707a00000, 0x0000000707a00000|100%| O|  |TAMS 0x0000000707a00000, 0x0000000707800000| Untracked 
|  14|0x0000000707a00000, 0x0000000707c00000, 0x0000000707c00000|100%| O|  |TAMS 0x0000000707c00000, 0x0000000707a00000| Untracked 
|  15|0x0000000707c00000, 0x0000000707e00000, 0x0000000707e00000|100%| O|  |TAMS 0x0000000707e00000, 0x0000000707c00000| Untracked 
|  16|0x0000000707e00000, 0x0000000708000000, 0x0000000708000000|100%| O|  |TAMS 0x0000000708000000, 0x0000000707e00000| Untracked 
|  17|0x0000000708000000, 0x0000000708200000, 0x0000000708200000|100%| O|  |TAMS 0x0000000708200000, 0x0000000708000000| Untracked 
|  18|0x0000000708200000, 0x0000000708373800, 0x0000000708400000| 72%| O|  |TAMS 0x0000000708200000, 0x0000000708200000| Untracked 
|  19|0x0000000708400000, 0x0000000708600000, 0x0000000708600000|100%|HS|  |TAMS 0x0000000708400000, 0x0000000708400000| Complete 
|  20|0x0000000708600000, 0x0000000708800000, 0x0000000708800000|100%|HC|  |TAMS 0x0000000708600000, 0x0000000708600000| Complete 
|  21|0x0000000708800000, 0x0000000708800000, 0x0000000708a00000|  0%| F|  |TAMS 0x0000000708800000, 0x0000000708800000| Untracked 
|  22|0x0000000708a00000, 0x0000000708a00000, 0x0000000708c00000|  0%| F|  |TAMS 0x0000000708a00000, 0x0000000708a00000| Untracked 
|  23|0x0000000708c00000, 0x0000000708c00000, 0x0000000708e00000|  0%| F|  |TAMS 0x0000000708c00000, 0x0000000708c00000| Untracked 
|  24|0x0000000708e00000, 0x0000000708e00000, 0x0000000709000000|  0%| F|  |TAMS 0x0000000708e00000, 0x0000000708e00000| Untracked 
|  25|0x0000000709000000, 0x0000000709000000, 0x0000000709200000|  0%| F|  |TAMS 0x0000000709000000, 0x0000000709000000| Untracked 
|  26|0x0000000709200000, 0x0000000709200000, 0x0000000709400000|  0%| F|  |TAMS 0x0000000709200000, 0x0000000709200000| Untracked 
|  27|0x0000000709400000, 0x0000000709400000, 0x0000000709600000|  0%| F|  |TAMS 0x0000000709400000, 0x0000000709400000| Untracked 
|  28|0x0000000709600000, 0x0000000709600000, 0x0000000709800000|  0%| F|  |TAMS 0x0000000709600000, 0x0000000709600000| Untracked 
|  29|0x0000000709800000, 0x0000000709800000, 0x0000000709a00000|  0%| F|  |TAMS 0x0000000709800000, 0x0000000709800000| Untracked 
|  30|0x0000000709a00000, 0x0000000709aa0770, 0x0000000709c00000| 31%| S|CS|TAMS 0x0000000709a00000, 0x0000000709a00000| Complete 
|  31|0x0000000709c00000, 0x0000000709e00000, 0x0000000709e00000|100%| S|CS|TAMS 0x0000000709c00000, 0x0000000709c00000| Complete 
|  32|0x0000000709e00000, 0x0000000709e00000, 0x000000070a000000|  0%| F|  |TAMS 0x0000000709e00000, 0x0000000709e00000| Untracked 
|  33|0x000000070a000000, 0x000000070a200000, 0x000000070a200000|100%| S|CS|TAMS 0x000000070a000000, 0x000000070a000000| Complete 
|  34|0x000000070a200000, 0x000000070a400000, 0x000000070a400000|100%| S|CS|TAMS 0x000000070a200000, 0x000000070a200000| Complete 
|  35|0x000000070a400000, 0x000000070a600000, 0x000000070a600000|100%| S|CS|TAMS 0x000000070a400000, 0x000000070a400000| Complete 
|  36|0x000000070a600000, 0x000000070a600000, 0x000000070a800000|  0%| F|  |TAMS 0x000000070a600000, 0x000000070a600000| Untracked 
|  37|0x000000070a800000, 0x000000070a800000, 0x000000070aa00000|  0%| F|  |TAMS 0x000000070a800000, 0x000000070a800000| Untracked 
|  38|0x000000070aa00000, 0x000000070aa00000, 0x000000070ac00000|  0%| F|  |TAMS 0x000000070aa00000, 0x000000070aa00000| Untracked 
|  39|0x000000070ac00000, 0x000000070ae00000, 0x000000070ae00000|100%| S|CS|TAMS 0x000000070ac00000, 0x000000070ac00000| Complete 
|  40|0x000000070ae00000, 0x000000070ae00000, 0x000000070b000000|  0%| F|  |TAMS 0x000000070ae00000, 0x000000070ae00000| Untracked 
|  41|0x000000070b000000, 0x000000070b000000, 0x000000070b200000|  0%| F|  |TAMS 0x000000070b000000, 0x000000070b000000| Untracked 
|  42|0x000000070b200000, 0x000000070b200000, 0x000000070b400000|  0%| F|  |TAMS 0x000000070b200000, 0x000000070b200000| Untracked 
|  43|0x000000070b400000, 0x000000070b400000, 0x000000070b600000|  0%| F|  |TAMS 0x000000070b400000, 0x000000070b400000| Untracked 
|  44|0x000000070b600000, 0x000000070b600000, 0x000000070b800000|  0%| F|  |TAMS 0x000000070b600000, 0x000000070b600000| Untracked 
|  45|0x000000070b800000, 0x000000070b800000, 0x000000070ba00000|  0%| F|  |TAMS 0x000000070b800000, 0x000000070b800000| Untracked 
|  46|0x000000070ba00000, 0x000000070ba00000, 0x000000070bc00000|  0%| F|  |TAMS 0x000000070ba00000, 0x000000070ba00000| Untracked 
|  47|0x000000070bc00000, 0x000000070bc00000, 0x000000070be00000|  0%| F|  |TAMS 0x000000070bc00000, 0x000000070bc00000| Untracked 
|  48|0x000000070be00000, 0x000000070be00000, 0x000000070c000000|  0%| F|  |TAMS 0x000000070be00000, 0x000000070be00000| Untracked 
|  49|0x000000070c000000, 0x000000070c000000, 0x000000070c200000|  0%| F|  |TAMS 0x000000070c000000, 0x000000070c000000| Untracked 
|  50|0x000000070c200000, 0x000000070c200000, 0x000000070c400000|  0%| F|  |TAMS 0x000000070c200000, 0x000000070c200000| Untracked 
|  51|0x000000070c400000, 0x000000070c400000, 0x000000070c600000|  0%| F|  |TAMS 0x000000070c400000, 0x000000070c400000| Untracked 
|  52|0x000000070c600000, 0x000000070c600000, 0x000000070c800000|  0%| F|  |TAMS 0x000000070c600000, 0x000000070c600000| Untracked 
|  53|0x000000070c800000, 0x000000070c800000, 0x000000070ca00000|  0%| F|  |TAMS 0x000000070c800000, 0x000000070c800000| Untracked 
|  54|0x000000070ca00000, 0x000000070ca00000, 0x000000070cc00000|  0%| F|  |TAMS 0x000000070ca00000, 0x000000070ca00000| Untracked 
|  55|0x000000070cc00000, 0x000000070cc00000, 0x000000070ce00000|  0%| F|  |TAMS 0x000000070cc00000, 0x000000070cc00000| Untracked 
|  56|0x000000070ce00000, 0x000000070ce00000, 0x000000070d000000|  0%| F|  |TAMS 0x000000070ce00000, 0x000000070ce00000| Untracked 
|  57|0x000000070d000000, 0x000000070d000000, 0x000000070d200000|  0%| F|  |TAMS 0x000000070d000000, 0x000000070d000000| Untracked 
|  58|0x000000070d200000, 0x000000070d200000, 0x000000070d400000|  0%| F|  |TAMS 0x000000070d200000, 0x000000070d200000| Untracked 
|  59|0x000000070d400000, 0x000000070d400000, 0x000000070d600000|  0%| F|  |TAMS 0x000000070d400000, 0x000000070d400000| Untracked 
|  60|0x000000070d600000, 0x000000070d600000, 0x000000070d800000|  0%| F|  |TAMS 0x000000070d600000, 0x000000070d600000| Untracked 
|  61|0x000000070d800000, 0x000000070d800000, 0x000000070da00000|  0%| F|  |TAMS 0x000000070d800000, 0x000000070d800000| Untracked 
|  62|0x000000070da00000, 0x000000070da00000, 0x000000070dc00000|  0%| F|  |TAMS 0x000000070da00000, 0x000000070da00000| Untracked 
|  63|0x000000070dc00000, 0x000000070dc00000, 0x000000070de00000|  0%| F|  |TAMS 0x000000070dc00000, 0x000000070dc00000| Untracked 
|  64|0x000000070de00000, 0x000000070de00000, 0x000000070e000000|  0%| F|  |TAMS 0x000000070de00000, 0x000000070de00000| Untracked 
|  65|0x000000070e000000, 0x000000070e000000, 0x000000070e200000|  0%| F|  |TAMS 0x000000070e000000, 0x000000070e000000| Untracked 
|  66|0x000000070e200000, 0x000000070e200000, 0x000000070e400000|  0%| F|  |TAMS 0x000000070e200000, 0x000000070e200000| Untracked 
|  67|0x000000070e400000, 0x000000070e400000, 0x000000070e600000|  0%| F|  |TAMS 0x000000070e400000, 0x000000070e400000| Untracked 
|  68|0x000000070e600000, 0x000000070e600000, 0x000000070e800000|  0%| F|  |TAMS 0x000000070e600000, 0x000000070e600000| Untracked 
|  69|0x000000070e800000, 0x000000070e800000, 0x000000070ea00000|  0%| F|  |TAMS 0x000000070e800000, 0x000000070e800000| Untracked 
|  70|0x000000070ea00000, 0x000000070ea00000, 0x000000070ec00000|  0%| F|  |TAMS 0x000000070ea00000, 0x000000070ea00000| Untracked 
|  71|0x000000070ec00000, 0x000000070ec00000, 0x000000070ee00000|  0%| F|  |TAMS 0x000000070ec00000, 0x000000070ec00000| Untracked 
|  72|0x000000070ee00000, 0x000000070ee00000, 0x000000070f000000|  0%| F|  |TAMS 0x000000070ee00000, 0x000000070ee00000| Untracked 
|  73|0x000000070f000000, 0x000000070f000000, 0x000000070f200000|  0%| F|  |TAMS 0x000000070f000000, 0x000000070f000000| Untracked 
|  74|0x000000070f200000, 0x000000070f200000, 0x000000070f400000|  0%| F|  |TAMS 0x000000070f200000, 0x000000070f200000| Untracked 
|  75|0x000000070f400000, 0x000000070f400000, 0x000000070f600000|  0%| F|  |TAMS 0x000000070f400000, 0x000000070f400000| Untracked 
|  76|0x000000070f600000, 0x000000070f600000, 0x000000070f800000|  0%| F|  |TAMS 0x000000070f600000, 0x000000070f600000| Untracked 
|  77|0x000000070f800000, 0x000000070f800000, 0x000000070fa00000|  0%| F|  |TAMS 0x000000070f800000, 0x000000070f800000| Untracked 
|  78|0x000000070fa00000, 0x000000070fa00000, 0x000000070fc00000|  0%| F|  |TAMS 0x000000070fa00000, 0x000000070fa00000| Untracked 
|  79|0x000000070fc00000, 0x000000070fe00000, 0x000000070fe00000|100%| E|  |TAMS 0x000000070fc00000, 0x000000070fc00000| Complete 
|  80|0x000000070fe00000, 0x0000000710000000, 0x0000000710000000|100%| E|CS|TAMS 0x000000070fe00000, 0x000000070fe00000| Complete 
|  81|0x0000000710000000, 0x0000000710200000, 0x0000000710200000|100%| E|CS|TAMS 0x0000000710000000, 0x0000000710000000| Complete 
|  82|0x0000000710200000, 0x0000000710400000, 0x0000000710400000|100%| E|CS|TAMS 0x0000000710200000, 0x0000000710200000| Complete 
|  83|0x0000000710400000, 0x0000000710600000, 0x0000000710600000|100%| E|CS|TAMS 0x0000000710400000, 0x0000000710400000| Complete 
|  84|0x0000000710600000, 0x0000000710800000, 0x0000000710800000|100%| E|CS|TAMS 0x0000000710600000, 0x0000000710600000| Complete 
|  85|0x0000000710800000, 0x0000000710a00000, 0x0000000710a00000|100%| E|CS|TAMS 0x0000000710800000, 0x0000000710800000| Complete 
|  89|0x0000000711000000, 0x0000000711200000, 0x0000000711200000|100%| E|CS|TAMS 0x0000000711000000, 0x0000000711000000| Complete 
|  90|0x0000000711200000, 0x0000000711400000, 0x0000000711400000|100%| E|CS|TAMS 0x0000000711200000, 0x0000000711200000| Complete 
| 125|0x0000000715800000, 0x0000000715a00000, 0x0000000715a00000|100%| E|CS|TAMS 0x0000000715800000, 0x0000000715800000| Complete 
|1993|0x00000007ff000000, 0x00000007ff200000, 0x00000007ff200000|100%| O|  |TAMS 0x00000007ff200000, 0x00000007ff000000| Untracked 
|1994|0x00000007ff200000, 0x00000007ff400000, 0x00000007ff400000|100%| O|  |TAMS 0x00000007ff400000, 0x00000007ff200000| Untracked 
|1995|0x00000007ff400000, 0x00000007ff600000, 0x00000007ff600000|100%| O|  |TAMS 0x00000007ff600000, 0x00000007ff400000| Untracked 
|1996|0x00000007ff600000, 0x00000007ff800000, 0x00000007ff800000|100%| O|  |TAMS 0x00000007ff800000, 0x00000007ff600000| Untracked 
|1997|0x00000007ff800000, 0x00000007ffa00000, 0x00000007ffa00000|100%| O|  |TAMS 0x00000007ffa00000, 0x00000007ff800000| Untracked 
|1998|0x00000007ffa00000, 0x00000007ffc00000, 0x00000007ffc00000|100%| O|  |TAMS 0x00000007ffc00000, 0x00000007ffa00000| Untracked 
|1999|0x00000007ffc00000, 0x00000007ffe00000, 0x00000007ffe00000|100%| O|  |TAMS 0x00000007ffe00000, 0x00000007ffc00000| Untracked 
|2000|0x00000007ffe00000, 0x0000000800000000, 0x0000000800000000|100%| O|  |TAMS 0x0000000800000000, 0x00000007ffe00000| Untracked 

Card table byte_map: [0x0000029d4cf90000,0x0000029d4d770000] _byte_map_base: 0x0000029d49761000

Marking Bits (Prev, Next): (CMBitMap*) 0x0000029d35041760, (CMBitMap*) 0x0000029d350417a0
 Prev Bits: [0x0000029d4df50000, 0x0000029d51dd8000)
 Next Bits: [0x0000029d51de0000, 0x0000029d55c68000)

Polling page: 0x0000029d34790000

Metaspace:

Usage:
  Non-class:     31.43 MB used.
      Class:      3.61 MB used.
       Both:     35.04 MB used.

Virtual space:
  Non-class space:       64.00 MB reserved,      31.75 MB ( 50%) committed,  1 nodes.
      Class space:        1.00 GB reserved,       3.94 MB ( <1%) committed,  1 nodes.
             Both:        1.06 GB reserved,      35.69 MB (  3%) committed. 

Chunk freelists:
   Non-Class:  3.48 MB
       Class:  92.00 KB
        Both:  3.57 MB

MaxMetaspaceSize: unlimited
CompressedClassSpaceSize: 1.00 GB
Initial GC threshold: 21.00 MB
Current GC threshold: 45.88 MB
CDS: on
MetaspaceReclaimPolicy: balanced
 - commit_granule_bytes: 65536.
 - commit_granule_words: 8192.
 - virtual_space_node_default_size: 8388608.
 - enlarge_chunks_in_place: 1.
 - new_chunks_are_fully_committed: 0.
 - uncommit_free_chunks: 1.
 - use_allocation_guard: 0.


Internal statistics:

num_allocs_failed_limit: 3.
num_arena_births: 768.
num_arena_deaths: 0.
num_vsnodes_births: 2.
num_vsnodes_deaths: 0.
num_space_committed: 571.
num_space_uncommitted: 0.
num_chunks_returned_to_freelist: 3.
num_chunks_taken_from_freelist: 2215.
num_chunk_merges: 3.
num_chunk_splits: 1499.
num_chunks_enlarged: 1038.
num_inconsistent_stats: 0.

CodeHeap 'non-profiled nmethods': size=119168Kb used=6821Kb max_used=6821Kb free=112346Kb
 bounds [0x0000029d44ad0000, 0x0000029d451a0000, 0x0000029d4bf30000]
CodeHeap 'profiled nmethods': size=119104Kb used=22468Kb max_used=22468Kb free=96635Kb
 bounds [0x0000029d3cf30000, 0x0000029d3e530000, 0x0000029d44380000]
CodeHeap 'non-nmethods': size=7488Kb used=3038Kb max_used=3133Kb free=4449Kb
 bounds [0x0000029d44380000, 0x0000029d446b0000, 0x0000029d44ad0000]
 total_blobs=10325 nmethods=9748 adapters=483
 compilation: enabled
              stopped_count=0, restarted_count=0
 full_count=0

Compilation events (20 events):
Event: 6.641 Thread 0x0000029d5d10d750 11916       3       java.util.jar.Manifest::<init> (38 bytes)
Event: 6.641 Thread 0x0000029d5d10d750 nmethod 11916 0x0000029d3e51c210 code [0x0000029d3e51c480, 0x0000029d3e51ce08]
Event: 6.643 Thread 0x0000029d5dc72380 11917       4       java.util.jar.Attributes::get (11 bytes)
Event: 6.646 Thread 0x0000029d5dc72380 nmethod 11917 0x0000029d44fcf390 code [0x0000029d44fcf540, 0x0000029d44fcf8d8]
Event: 6.646 Thread 0x0000029d5d0fa280 11918       3       java.util.jar.Manifest$FastInputStream::readLine (296 bytes)
Event: 6.646 Thread 0x0000029d5d0fa280 nmethod 11918 0x0000029d3e51d190 code [0x0000029d3e51d3c0, 0x0000029d3e51dcc8]
Event: 6.646 Thread 0x0000029d5d115fe0 11919       4       java.util.zip.ZipFile::getZipEntry (322 bytes)
Event: 6.649 Thread 0x0000029d5d0fac10 11920       3       java.util.jar.JarFile::<init> (11 bytes)
Event: 6.649 Thread 0x0000029d5d0fac10 nmethod 11920 0x0000029d3e51e010 code [0x0000029d3e51e1c0, 0x0000029d3e51e308]
Event: 6.651 Thread 0x0000029d5d0fa280 11921       3       java.util.Hashtable::<init> (8 bytes)
Event: 6.651 Thread 0x0000029d5d0fa280 nmethod 11921 0x0000029d3e51e390 code [0x0000029d3e51e560, 0x0000029d3e51e6a8]
Event: 6.651 Thread 0x0000029d5dc72380 11922       4       java.util.jar.Manifest$FastInputStream::readLine (296 bytes)
Event: 6.651 Thread 0x0000029d5d0fa280 11923       3       java.util.jar.JarFile::<init> (8 bytes)
Event: 6.651 Thread 0x0000029d5d0fa280 nmethod 11923 0x0000029d3e51e790 code [0x0000029d3e51e940, 0x0000029d3e51ea88]
Event: 6.662 Thread 0x0000029d5dc72380 nmethod 11922 0x0000029d44ed3010 code [0x0000029d44ed31c0, 0x0000029d44ed38d8]
Event: 6.663 Thread 0x0000029d5d115fe0 nmethod 11919 0x0000029d44ed1010 code [0x0000029d44ed1200, 0x0000029d44ed2598]
Event: 6.671 Thread 0x0000029d5814a000 11924       3       org.codehaus.plexus.classworlds.realm.Entry::matches (282 bytes)
Event: 6.672 Thread 0x0000029d5dc72380 11927       4       java.lang.invoke.LambdaForm$BasicType::basicType (8 bytes)
Event: 6.674 Thread 0x0000029d5814a000 nmethod 11924 0x0000029d3e51eb10 code [0x0000029d3e51f200, 0x0000029d3e522cd8]
Event: 6.674 Thread 0x0000029d5dc72380 nmethod 11927 0x0000029d44ed0610 code [0x0000029d44ed07a0, 0x0000029d44ed08c8]

GC Heap History (20 events):
Event: 3.406 GC heap before
{Heap before GC invocations=14 (full 0):
 garbage-first heap   total 102400K, used 73334K [0x0000000705e00000, 0x0000000800000000)
  region size 2048K, 13 young (26624K), 1 survivors (2048K)
 Metaspace       used 27542K, committed 27904K, reserved 1114112K
  class space    used 2866K, committed 3072K, reserved 1048576K
}
Event: 3.408 GC heap after
{Heap after GC invocations=15 (full 0):
 garbage-first heap   total 102400K, used 51326K [0x0000000705e00000, 0x0000000800000000)
  region size 2048K, 1 young (2048K), 1 survivors (2048K)
 Metaspace       used 27542K, committed 27904K, reserved 1114112K
  class space    used 2866K, committed 3072K, reserved 1048576K
}
Event: 3.414 GC heap before
{Heap before GC invocations=15 (full 0):
 garbage-first heap   total 102400K, used 53374K [0x0000000705e00000, 0x0000000800000000)
  region size 2048K, 2 young (4096K), 1 survivors (2048K)
 Metaspace       used 27548K, committed 27968K, reserved 1114112K
  class space    used 2867K, committed 3136K, reserved 1048576K
}
Event: 3.417 GC heap after
{Heap after GC invocations=16 (full 0):
 garbage-first heap   total 102400K, used 50560K [0x0000000705e00000, 0x0000000800000000)
  region size 2048K, 1 young (2048K), 1 survivors (2048K)
 Metaspace       used 27548K, committed 27968K, reserved 1114112K
  class space    used 2867K, committed 3136K, reserved 1048576K
}
Event: 3.470 GC heap before
{Heap before GC invocations=16 (full 0):
 garbage-first heap   total 102400K, used 75136K [0x0000000705e00000, 0x0000000800000000)
  region size 2048K, 14 young (28672K), 1 survivors (2048K)
 Metaspace       used 27615K, committed 28096K, reserved 1114112K
  class space    used 2870K, committed 3136K, reserved 1048576K
}
Event: 3.471 GC heap after
{Heap after GC invocations=17 (full 0):
 garbage-first heap   total 204800K, used 50631K [0x0000000705e00000, 0x0000000800000000)
  region size 2048K, 1 young (2048K), 1 survivors (2048K)
 Metaspace       used 27615K, committed 28096K, reserved 1114112K
  class space    used 2870K, committed 3136K, reserved 1048576K
}
Event: 3.816 GC heap before
{Heap before GC invocations=18 (full 0):
 garbage-first heap   total 198656K, used 153031K [0x0000000705e00000, 0x0000000800000000)
  region size 2048K, 51 young (104448K), 1 survivors (2048K)
 Metaspace       used 28377K, committed 28928K, reserved 1114112K
  class space    used 2958K, committed 3264K, reserved 1048576K
}
Event: 3.818 GC heap after
{Heap after GC invocations=19 (full 0):
 garbage-first heap   total 198656K, used 51990K [0x0000000705e00000, 0x0000000800000000)
  region size 2048K, 2 young (4096K), 2 survivors (4096K)
 Metaspace       used 28377K, committed 28928K, reserved 1114112K
  class space    used 2958K, committed 3264K, reserved 1048576K
}
Event: 3.833 GC heap before
{Heap before GC invocations=19 (full 0):
 garbage-first heap   total 198656K, used 56086K [0x0000000705e00000, 0x0000000800000000)
  region size 2048K, 4 young (8192K), 2 survivors (4096K)
 Metaspace       used 28419K, committed 28992K, reserved 1114112K
  class space    used 2962K, committed 3264K, reserved 1048576K
}
Event: 3.835 GC heap after
{Heap after GC invocations=20 (full 0):
 garbage-first heap   total 198656K, used 52241K [0x0000000705e00000, 0x0000000800000000)
  region size 2048K, 1 young (2048K), 1 survivors (2048K)
 Metaspace       used 28419K, committed 28992K, reserved 1114112K
  class space    used 2962K, committed 3264K, reserved 1048576K
}
Event: 3.991 GC heap before
{Heap before GC invocations=20 (full 0):
 garbage-first heap   total 198656K, used 152593K [0x0000000705e00000, 0x0000000800000000)
  region size 2048K, 50 young (102400K), 1 survivors (2048K)
 Metaspace       used 28583K, committed 29120K, reserved 1114112K
  class space    used 2968K, committed 3264K, reserved 1048576K
}
Event: 3.993 GC heap after
{Heap after GC invocations=21 (full 0):
 garbage-first heap   total 198656K, used 54028K [0x0000000705e00000, 0x0000000800000000)
  region size 2048K, 2 young (4096K), 2 survivors (4096K)
 Metaspace       used 28583K, committed 29120K, reserved 1114112K
  class space    used 2968K, committed 3264K, reserved 1048576K
}
Event: 4.148 GC heap before
{Heap before GC invocations=21 (full 0):
 garbage-first heap   total 198656K, used 154380K [0x0000000705e00000, 0x0000000800000000)
  region size 2048K, 51 young (104448K), 2 survivors (4096K)
 Metaspace       used 28726K, committed 29248K, reserved 1114112K
  class space    used 2968K, committed 3264K, reserved 1048576K
}
Event: 4.150 GC heap after
{Heap after GC invocations=22 (full 0):
 garbage-first heap   total 198656K, used 53235K [0x0000000705e00000, 0x0000000800000000)
  region size 2048K, 1 young (2048K), 1 survivors (2048K)
 Metaspace       used 28726K, committed 29248K, reserved 1114112K
  class space    used 2968K, committed 3264K, reserved 1048576K
}
Event: 5.159 GC heap before
{Heap before GC invocations=22 (full 0):
 garbage-first heap   total 198656K, used 159731K [0x0000000705e00000, 0x0000000800000000)
  region size 2048K, 53 young (108544K), 1 survivors (2048K)
 Metaspace       used 31505K, committed 32064K, reserved 1114112K
  class space    used 3231K, committed 3520K, reserved 1048576K
}
Event: 5.163 GC heap after
{Heap after GC invocations=23 (full 0):
 garbage-first heap   total 198656K, used 56589K [0x0000000705e00000, 0x0000000800000000)
  region size 2048K, 3 young (6144K), 3 survivors (6144K)
 Metaspace       used 31505K, committed 32064K, reserved 1114112K
  class space    used 3231K, committed 3520K, reserved 1048576K
}
Event: 5.709 GC heap before
{Heap before GC invocations=23 (full 0):
 garbage-first heap   total 198656K, used 163085K [0x0000000705e00000, 0x0000000800000000)
  region size 2048K, 53 young (108544K), 3 survivors (6144K)
 Metaspace       used 31868K, committed 32384K, reserved 1114112K
  class space    used 3252K, committed 3520K, reserved 1048576K
}
Event: 5.713 GC heap after
{Heap after GC invocations=24 (full 0):
 garbage-first heap   total 198656K, used 61570K [0x0000000705e00000, 0x0000000800000000)
  region size 2048K, 4 young (8192K), 4 survivors (8192K)
 Metaspace       used 31868K, committed 32384K, reserved 1114112K
  class space    used 3252K, committed 3520K, reserved 1048576K
}
Event: 6.540 GC heap before
{Heap before GC invocations=24 (full 0):
 garbage-first heap   total 198656K, used 159874K [0x0000000705e00000, 0x0000000800000000)
  region size 2048K, 53 young (108544K), 4 survivors (8192K)
 Metaspace       used 35023K, committed 35648K, reserved 1114112K
  class space    used 3586K, committed 3904K, reserved 1048576K
}
Event: 6.546 GC heap after
{Heap after GC invocations=25 (full 0):
 garbage-first heap   total 198656K, used 65615K [0x0000000705e00000, 0x0000000800000000)
  region size 2048K, 6 young (12288K), 6 survivors (12288K)
 Metaspace       used 35023K, committed 35648K, reserved 1114112K
  class space    used 3586K, committed 3904K, reserved 1048576K
}

Dll operation events (12 events):
Event: 0.005 Loaded shared library C:\Program Files\Java\jdk-19\bin\java.dll
Event: 0.010 Loaded shared library C:\Program Files\Java\jdk-19\bin\jsvml.dll
Event: 0.040 Loaded shared library C:\Program Files\Java\jdk-19\bin\zip.dll
Event: 0.041 Loaded shared library C:\Program Files\Java\jdk-19\bin\instrument.dll
Event: 0.044 Loaded shared library C:\Program Files\Java\jdk-19\bin\net.dll
Event: 0.045 Loaded shared library C:\Program Files\Java\jdk-19\bin\nio.dll
Event: 0.047 Loaded shared library C:\Program Files\Java\jdk-19\bin\zip.dll
Event: 0.056 Loaded shared library C:\Program Files\JetBrains\IntelliJ IDEA 2022.1.2\bin\breakgen64.dll
Event: 0.061 Loaded shared library C:\Program Files\Java\jdk-19\bin\extnet.dll
Event: 0.114 Loaded shared library C:\Program Files\Java\jdk-19\bin\jimage.dll
Event: 0.150 Loaded shared library C:\Users\99293\AppData\Local\Temp\jansi-2.4.0-57fffb83c783ff8f-jansi.dll
Event: 0.156 Loaded shared library C:\Program Files\Java\jdk-19\bin\verify.dll

Deoptimization events (20 events):
Event: 6.671 Thread 0x0000029d34fcf530 Uncommon trap: trap_request=0xffffff45 fr.pc=0x0000029d44d2d2fc relative=0x000000000000073c
Event: 6.671 Thread 0x0000029d34fcf530 Uncommon trap: reason=unstable_if action=reinterpret pc=0x0000029d44d2d2fc method=org.codehaus.plexus.classworlds.realm.Entry.matches(Ljava/lang/String;)Z @ 20 c2
Event: 6.671 Thread 0x0000029d34fcf530 DEOPT PACKING pc=0x0000029d44d2d2fc sp=0x000000aa0dbfdc40
Event: 6.671 Thread 0x0000029d34fcf530 DEOPT UNPACKING pc=0x0000029d443e6da3 sp=0x000000aa0dbfdbc8 mode 2
Event: 6.671 Thread 0x0000029d34fcf530 Uncommon trap: trap_request=0xffffffc6 fr.pc=0x0000029d44fc0038 relative=0x0000000000000098
Event: 6.671 Thread 0x0000029d34fcf530 Uncommon trap: reason=bimorphic_or_optimized_type_check action=maybe_recompile pc=0x0000029d44fc0038 method=java.util.Collections$3.hasMoreElements()Z @ 4 c2
Event: 6.671 Thread 0x0000029d34fcf530 DEOPT PACKING pc=0x0000029d44fc0038 sp=0x000000aa0dbfdd70
Event: 6.671 Thread 0x0000029d34fcf530 DEOPT UNPACKING pc=0x0000029d443e6da3 sp=0x000000aa0dbfdd00 mode 2
Event: 6.671 Thread 0x0000029d34fcf530 Uncommon trap: trap_request=0xffffffc6 fr.pc=0x0000029d44fc0038 relative=0x0000000000000098
Event: 6.671 Thread 0x0000029d34fcf530 Uncommon trap: reason=bimorphic_or_optimized_type_check action=maybe_recompile pc=0x0000029d44fc0038 method=java.util.Collections$3.hasMoreElements()Z @ 4 c2
Event: 6.671 Thread 0x0000029d34fcf530 DEOPT PACKING pc=0x0000029d44fc0038 sp=0x000000aa0dbfddd0
Event: 6.671 Thread 0x0000029d34fcf530 DEOPT UNPACKING pc=0x0000029d443e6da3 sp=0x000000aa0dbfdd60 mode 2
Event: 6.671 Thread 0x0000029d34fcf530 Uncommon trap: trap_request=0xffffffc6 fr.pc=0x0000029d44fc0038 relative=0x0000000000000098
Event: 6.671 Thread 0x0000029d34fcf530 Uncommon trap: reason=bimorphic_or_optimized_type_check action=maybe_recompile pc=0x0000029d44fc0038 method=java.util.Collections$3.hasMoreElements()Z @ 4 c2
Event: 6.671 Thread 0x0000029d34fcf530 DEOPT PACKING pc=0x0000029d44fc0038 sp=0x000000aa0dbfdee0
Event: 6.671 Thread 0x0000029d34fcf530 DEOPT UNPACKING pc=0x0000029d443e6da3 sp=0x000000aa0dbfde70 mode 2
Event: 6.671 Thread 0x0000029d34fcf530 Uncommon trap: trap_request=0xffffffc6 fr.pc=0x0000029d44fc0038 relative=0x0000000000000098
Event: 6.671 Thread 0x0000029d34fcf530 Uncommon trap: reason=bimorphic_or_optimized_type_check action=maybe_recompile pc=0x0000029d44fc0038 method=java.util.Collections$3.hasMoreElements()Z @ 4 c2
Event: 6.671 Thread 0x0000029d34fcf530 DEOPT PACKING pc=0x0000029d44fc0038 sp=0x000000aa0dbfdfc0
Event: 6.671 Thread 0x0000029d34fcf530 DEOPT UNPACKING pc=0x0000029d443e6da3 sp=0x000000aa0dbfdf50 mode 2

Classes loaded (20 events):
Event: 6.336 Loading class java/util/concurrent/atomic/Striped64$Cell
Event: 6.337 Loading class java/util/concurrent/atomic/Striped64$Cell done
Event: 6.574 Loading class javax/management/ReflectionException
Event: 6.574 Loading class javax/management/JMException
Event: 6.574 Loading class javax/management/JMException done
Event: 6.574 Loading class javax/management/ReflectionException done
Event: 6.574 Loading class javax/management/MBeanServerConnection
Event: 6.574 Loading class javax/management/MBeanServerConnection done
Event: 6.580 Loading class javax/management/InstanceNotFoundException
Event: 6.580 Loading class javax/management/OperationsException
Event: 6.580 Loading class javax/management/OperationsException done
Event: 6.580 Loading class javax/management/InstanceNotFoundException done
Event: 6.593 Loading class java/util/jar/JarOutputStream
Event: 6.593 Loading class java/util/zip/ZipOutputStream
Event: 6.593 Loading class java/util/zip/ZipOutputStream done
Event: 6.593 Loading class java/util/jar/JarOutputStream done
Event: 6.672 Loading class java/lang/invoke/DirectMethodHandle$Special
Event: 6.672 Loading class java/lang/invoke/DirectMethodHandle$Special done
Event: 6.687 Loading class java/util/jar/JarInputStream
Event: 6.687 Loading class java/util/jar/JarInputStream done

Classes unloaded (0 events):
No events

Classes redefined (0 events):
No events

Internal exceptions (20 events):
Event: 5.588 Thread 0x0000029d34fcf530 Exception <a 'sun/nio/fs/WindowsException'{0x000000070b863be0}> (0x000000070b863be0) 
thrown [s\open\src\hotspot\share\prims\jni.cpp, line 517]
Event: 5.588 Thread 0x0000029d34fcf530 Exception <a 'sun/nio/fs/WindowsException'{0x000000070b873d98}> (0x000000070b873d98) 
thrown [s\open\src\hotspot\share\prims\jni.cpp, line 517]
Event: 5.588 Thread 0x0000029d34fcf530 Exception <a 'sun/nio/fs/WindowsException'{0x000000070b874180}> (0x000000070b874180) 
thrown [s\open\src\hotspot\share\prims\jni.cpp, line 517]
Event: 5.588 Thread 0x0000029d34fcf530 Exception <a 'sun/nio/fs/WindowsException'{0x000000070b875ca8}> (0x000000070b875ca8) 
thrown [s\open\src\hotspot\share\prims\jni.cpp, line 517]
Event: 5.589 Thread 0x0000029d34fcf530 Exception <a 'sun/nio/fs/WindowsException'{0x000000070b876118}> (0x000000070b876118) 
thrown [s\open\src\hotspot\share\prims\jni.cpp, line 517]
Event: 5.592 Thread 0x0000029d34fcf530 Exception <a 'sun/nio/fs/WindowsException'{0x000000070b945af8}> (0x000000070b945af8) 
thrown [s\open\src\hotspot\share\prims\jni.cpp, line 517]
Event: 5.592 Thread 0x0000029d34fcf530 Exception <a 'sun/nio/fs/WindowsException'{0x000000070b946208}> (0x000000070b946208) 
thrown [s\open\src\hotspot\share\prims\jni.cpp, line 517]
Event: 5.592 Thread 0x0000029d34fcf530 Exception <a 'sun/nio/fs/WindowsException'{0x000000070b9474a8}> (0x000000070b9474a8) 
thrown [s\open\src\hotspot\share\prims\jni.cpp, line 517]
Event: 5.594 Thread 0x0000029d34fcf530 Exception <a 'sun/nio/fs/WindowsException'{0x000000070b962678}> (0x000000070b962678) 
thrown [s\open\src\hotspot\share\prims\jni.cpp, line 517]
Event: 5.594 Thread 0x0000029d34fcf530 Exception <a 'sun/nio/fs/WindowsException'{0x000000070b962dd8}> (0x000000070b962dd8) 
thrown [s\open\src\hotspot\share\prims\jni.cpp, line 517]
Event: 5.594 Thread 0x0000029d34fcf530 Exception <a 'sun/nio/fs/WindowsException'{0x000000070b9642d0}> (0x000000070b9642d0) 
thrown [s\open\src\hotspot\share\prims\jni.cpp, line 517]
Event: 5.654 Thread 0x0000029d34fcf530 Implicit null exception at 0x0000029d44cd527a to 0x0000029d44cd6508
Event: 5.813 Thread 0x0000029d601ea6e0 Exception <a 'java/lang/NoSuchMethodError'{0x000000071023b878}: 'java.lang.Object java.lang.invoke.DirectMethodHandle$Holder.invokeStatic(java.lang.Object, long, java.lang.Object)'> (0x000000071023b878) 
thrown [s\open\src\hotspot\share\interpreter\linkResolver.cpp, line 774]
Event: 5.813 Thread 0x0000029d601ea6e0 Exception <a 'java/lang/NoSuchMethodError'{0x000000071023eec8}: 'java.lang.Object java.lang.invoke.DirectMethodHandle$Holder.invokeStaticInit(java.lang.Object, long, java.lang.Object)'> (0x000000071023eec8) 
thrown [s\open\src\hotspot\share\interpreter\linkResolver.cpp, line 774]
Event: 5.814 Thread 0x0000029d601ea6e0 Exception <a 'java/lang/NoSuchMethodError'{0x0000000710244b18}: 'java.lang.Object java.lang.invoke.DirectMethodHandle$Holder.newInvokeSpecial(java.lang.Object, long)'> (0x0000000710244b18) 
thrown [s\open\src\hotspot\share\interpreter\linkResolver.cpp, line 774]
Event: 5.816 Thread 0x0000029d601ea6e0 Exception <a 'java/lang/NoSuchMethodError'{0x00000007102493a8}: 'long java.lang.invoke.DirectMethodHandle$Holder.invokeInterface(java.lang.Object, java.lang.Object)'> (0x00000007102493a8) 
thrown [s\open\src\hotspot\share\interpreter\linkResolver.cpp, line 774]
Event: 5.816 Thread 0x0000029d601ea6e0 Exception <a 'java/lang/NoSuchMethodError'{0x000000071024cd10}: 'long java.lang.invoke.DelegatingMethodHandle$Holder.reinvoke_L(java.lang.Object, java.lang.Object)'> (0x000000071024cd10) 
thrown [s\open\src\hotspot\share\interpreter\linkResolver.cpp, line 774]
Event: 5.818 Thread 0x0000029d34fcf530 Exception <a 'java/lang/NoSuchMethodError'{0x00000007103e9118}: 'java.lang.String org.apache.maven.execution.MavenExecutionRequest.getFailureBehavior()'> (0x00000007103e9118) 
thrown [s\open\src\hotspot\share\interpreter\linkResolver.cpp, line 870]
Event: 6.072 Thread 0x0000029d34fcf530 Implicit null exception at 0x0000029d44efe7cb to 0x0000029d44efe9c0
Event: 6.585 Thread 0x0000029d34fcf530 Exception <a 'java/lang/NoClassDefFoundError'{0x00000007111f1888}: org/sonatype/aether/version/VersionConstraint> (0x00000007111f1888) 
thrown [s\open\src\hotspot\share\classfile\systemDictionary.cpp, line 244]

VM Operations (20 events):
Event: 6.045 Executing VM operation: HandshakeAllThreads
Event: 6.045 Executing VM operation: HandshakeAllThreads done
Event: 6.060 Executing VM operation: HandshakeAllThreads
Event: 6.060 Executing VM operation: HandshakeAllThreads done
Event: 6.097 Executing VM operation: HandshakeAllThreads
Event: 6.097 Executing VM operation: HandshakeAllThreads done
Event: 6.169 Executing VM operation: HandshakeAllThreads
Event: 6.169 Executing VM operation: HandshakeAllThreads done
Event: 6.206 Executing VM operation: HandshakeAllThreads
Event: 6.206 Executing VM operation: HandshakeAllThreads done
Event: 6.216 Executing VM operation: HandshakeAllThreads
Event: 6.216 Executing VM operation: HandshakeAllThreads done
Event: 6.216 Executing VM operation: HandshakeAllThreads
Event: 6.216 Executing VM operation: HandshakeAllThreads done
Event: 6.348 Executing VM operation: ICBufferFull
Event: 6.348 Executing VM operation: ICBufferFull done
Event: 6.540 Executing VM operation: G1CollectForAllocation
Event: 6.546 Executing VM operation: G1CollectForAllocation done
Event: 6.688 Executing VM operation: HandshakeAllThreads
Event: 6.688 Executing VM operation: HandshakeAllThreads done

Events (20 events):
Event: 6.180 Thread 0x0000029d601ecc10 Thread added: 0x0000029d601ecc10
Event: 6.180 Thread 0x0000029d601edc00 Thread added: 0x0000029d601edc00
Event: 6.180 Thread 0x0000029d601ee150 Thread added: 0x0000029d601ee150
Event: 6.336 Thread 0x0000029d601ec6c0 Thread exited: 0x0000029d601ec6c0
Event: 6.336 Thread 0x0000029d601ed6b0 Thread exited: 0x0000029d601ed6b0
Event: 6.336 Thread 0x0000029d605f6080 Thread exited: 0x0000029d605f6080
Event: 6.336 Thread 0x0000029d601ee6a0 Thread exited: 0x0000029d601ee6a0
Event: 6.336 Thread 0x0000029d601e96f0 Thread exited: 0x0000029d601e96f0
Event: 6.336 Thread 0x0000029d601ebc20 Thread exited: 0x0000029d601ebc20
Event: 6.336 Thread 0x0000029d601ec170 Thread exited: 0x0000029d601ec170
Event: 6.336 Thread 0x0000029d601ef690 Thread exited: 0x0000029d601ef690
Event: 6.336 Thread 0x0000029d601ea6e0 Thread exited: 0x0000029d601ea6e0
Event: 6.336 Thread 0x0000029d601ecc10 Thread exited: 0x0000029d601ecc10
Event: 6.337 Thread 0x0000029d601eac30 Thread exited: 0x0000029d601eac30
Event: 6.337 Thread 0x0000029d601eb6d0 Thread exited: 0x0000029d601eb6d0
Event: 6.337 Thread 0x0000029d601f0680 Thread exited: 0x0000029d601f0680
Event: 6.337 Thread 0x0000029d601ef140 Thread exited: 0x0000029d601ef140
Event: 6.337 Thread 0x0000029d601edc00 Thread exited: 0x0000029d601edc00
Event: 6.337 Thread 0x0000029d601ee150 Thread exited: 0x0000029d601ee150
Event: 6.337 Thread 0x0000029d601eb180 Thread exited: 0x0000029d601eb180


Dynamic libraries:
0x00007ff6d0af0000 - 0x00007ff6d0b00000 	C:\Program Files\Java\jdk-19\bin\java.exe
0x00007ffb11710000 - 0x00007ffb11926000 	C:\WINDOWS\SYSTEM32\ntdll.dll
0x00007ffb11160000 - 0x00007ffb11224000 	C:\WINDOWS\System32\KERNEL32.DLL
0x00007ffb0ee80000 - 0x00007ffb0f227000 	C:\WINDOWS\System32\KERNELBASE.dll
0x00007ffb0ebf0000 - 0x00007ffb0ed01000 	C:\WINDOWS\System32\ucrtbase.dll
0x00007ffb07550000 - 0x00007ffb0756b000 	C:\Program Files\Java\jdk-19\bin\VCRUNTIME140.dll
0x00007ffb09970000 - 0x00007ffb09988000 	C:\Program Files\Java\jdk-19\bin\jli.dll
0x00007ffb10290000 - 0x00007ffb10342000 	C:\WINDOWS\System32\ADVAPI32.dll
0x00007ffb10b70000 - 0x00007ffb10c17000 	C:\WINDOWS\System32\msvcrt.dll
0x00007ffb110b0000 - 0x00007ffb11158000 	C:\WINDOWS\System32\sechost.dll
0x00007ffb0ee50000 - 0x00007ffb0ee78000 	C:\WINDOWS\System32\bcrypt.dll
0x00007ffb106b0000 - 0x00007ffb107c5000 	C:\WINDOWS\System32\RPCRT4.dll
0x00007ffb103b0000 - 0x00007ffb1055e000 	C:\WINDOWS\System32\USER32.dll
0x00007ffb0eaa0000 - 0x00007ffb0eac6000 	C:\WINDOWS\System32\win32u.dll
0x00007ffaf6d90000 - 0x00007ffaf7023000 	C:\WINDOWS\WinSxS\amd64_microsoft.windows.common-controls_6595b64144ccf1df_6.0.22621.3235_none_270f74e173860f98\COMCTL32.dll
0x00007ffb11230000 - 0x00007ffb11259000 	C:\WINDOWS\System32\GDI32.dll
0x00007ffb0ead0000 - 0x00007ffb0ebe9000 	C:\WINDOWS\System32\gdi32full.dll
0x00007ffb0ea00000 - 0x00007ffb0ea9a000 	C:\WINDOWS\System32\msvcp_win.dll
0x00007ffb06670000 - 0x00007ffb0667a000 	C:\WINDOWS\SYSTEM32\VERSION.dll
0x00007ffb10ff0000 - 0x00007ffb11021000 	C:\WINDOWS\System32\IMM32.DLL
0x00007ffb09ac0000 - 0x00007ffb09acc000 	C:\Program Files\Java\jdk-19\bin\vcruntime140_1.dll
0x00007ffaf7c80000 - 0x00007ffaf7d0e000 	C:\Program Files\Java\jdk-19\bin\msvcp140.dll
0x00007ffabedb0000 - 0x00007ffabfa70000 	C:\Program Files\Java\jdk-19\bin\server\jvm.dll
0x00007ffb06260000 - 0x00007ffb06294000 	C:\WINDOWS\SYSTEM32\WINMM.dll
0x00007ffb09a90000 - 0x00007ffb09a99000 	C:\WINDOWS\SYSTEM32\WSOCK32.dll
0x00007ffb101b0000 - 0x00007ffb10221000 	C:\WINDOWS\System32\WS2_32.dll
0x00007ffb0db30000 - 0x00007ffb0db48000 	C:\WINDOWS\SYSTEM32\kernel.appcore.dll
0x00007ffb09a10000 - 0x00007ffb09a1a000 	C:\Program Files\Java\jdk-19\bin\jimage.dll
0x00007ffb0c240000 - 0x00007ffb0c473000 	C:\WINDOWS\SYSTEM32\DBGHELP.DLL
0x00007ffb107e0000 - 0x00007ffb10b68000 	C:\WINDOWS\System32\combase.dll
0x00007ffb10c20000 - 0x00007ffb10cf7000 	C:\WINDOWS\System32\OLEAUT32.dll
0x00007ffb041d0000 - 0x00007ffb04202000 	C:\WINDOWS\SYSTEM32\dbgcore.DLL
0x00007ffb0ed10000 - 0x00007ffb0ed89000 	C:\WINDOWS\System32\bcryptPrimitives.dll
0x00007ffaf6080000 - 0x00007ffaf608e000 	C:\Program Files\Java\jdk-19\bin\instrument.dll
0x00007ffb07520000 - 0x00007ffb07546000 	C:\Program Files\Java\jdk-19\bin\java.dll
0x00007ffaf4e80000 - 0x00007ffaf4f57000 	C:\Program Files\Java\jdk-19\bin\jsvml.dll
0x00007ffb0f410000 - 0x00007ffb0fc6c000 	C:\WINDOWS\System32\SHELL32.dll
0x00007ffb0c930000 - 0x00007ffb0d229000 	C:\WINDOWS\SYSTEM32\windows.storage.dll
0x00007ffb0c7e0000 - 0x00007ffb0c91e000 	C:\WINDOWS\SYSTEM32\wintypes.dll
0x00007ffb10ef0000 - 0x00007ffb10fe3000 	C:\WINDOWS\System32\SHCORE.dll
0x00007ffb10230000 - 0x00007ffb1028e000 	C:\WINDOWS\System32\shlwapi.dll
0x00007ffb0e930000 - 0x00007ffb0e951000 	C:\WINDOWS\SYSTEM32\profapi.dll
0x00007ffb05da0000 - 0x00007ffb05db8000 	C:\Program Files\Java\jdk-19\bin\zip.dll
0x00007ffb06240000 - 0x00007ffb06253000 	C:\Program Files\Java\jdk-19\bin\net.dll
0x00007ffb082d0000 - 0x00007ffb08406000 	C:\WINDOWS\SYSTEM32\WINHTTP.dll
0x00007ffb0dfa0000 - 0x00007ffb0e009000 	C:\WINDOWS\system32\mswsock.dll
0x00007ffb05dc0000 - 0x00007ffb05dd6000 	C:\Program Files\Java\jdk-19\bin\nio.dll
0x00007ffaf5590000 - 0x00007ffaf55aa000 	C:\Program Files\JetBrains\IntelliJ IDEA 2022.1.2\bin\breakgen64.dll
0x00007ffb06ad0000 - 0x00007ffb06ad8000 	C:\Program Files\Java\jdk-19\bin\extnet.dll
0x0000000069ac0000 - 0x0000000069ae4000 	C:\Users\99293\AppData\Local\Temp\jansi-2.4.0-57fffb83c783ff8f-jansi.dll
0x00007ffb099e0000 - 0x00007ffb099f0000 	C:\Program Files\Java\jdk-19\bin\verify.dll

dbghelp: loaded successfully - version: 4.0.5 - missing functions: none
symbol engine: initialized successfully - sym options: 0x614 - pdb path: .;C:\Program Files\Java\jdk-19\bin;C:\WINDOWS\SYSTEM32;C:\WINDOWS\WinSxS\amd64_microsoft.windows.common-controls_6595b64144ccf1df_6.0.22621.3235_none_270f74e173860f98;C:\Program Files\Java\jdk-19\bin\server;C:\Program Files\JetBrains\IntelliJ IDEA 2022.1.2\bin;C:\Users\99293\AppData\Local\Temp

VM Arguments:
jvm_args: -Dmaven.multiModuleProjectDirectory=D:\unitedStates original storage\unitedStates duplicates original storage -Dmaven.home=C:\Users\99293\.m2\wrapper\dists\apache-maven-3.8.6-bin\1ks0nkde5v1pk9vtc31i9d0lcd\apache-maven-3.8.6 -Dclassworlds.conf=C:\Users\99293\.m2\wrapper\dists\apache-maven-3.8.6-bin\1ks0nkde5v1pk9vtc31i9d0lcd\apache-maven-3.8.6\bin\m2.conf -Dmaven.ext.class.path=C:\Program Files\JetBrains\IntelliJ IDEA 2022.1.2\plugins\maven\lib\maven-event-listener.jar -javaagent:C:\Program Files\JetBrains\IntelliJ IDEA 2022.1.2\lib\idea_rt.jar=61017:C:\Program Files\JetBrains\IntelliJ IDEA 2022.1.2\bin -Dfile.encoding=UTF-8 
java_command: org.codehaus.classworlds.Launcher -Didea.version=2022.1.2 package
java_class_path (initial): C:\Users\99293\.m2\wrapper\dists\apache-maven-3.8.6-bin\1ks0nkde5v1pk9vtc31i9d0lcd\apache-maven-3.8.6\boot\plexus-classworlds-2.6.0.jar;C:\Users\99293\.m2\wrapper\dists\apache-maven-3.8.6-bin\1ks0nkde5v1pk9vtc31i9d0lcd\apache-maven-3.8.6\boot\plexus-classworlds.license
Launcher Type: SUN_STANDARD

[Global flags]
     intx CICompilerCount                          = 12                                        {product} {ergonomic}
     uint ConcGCThreads                            = 3                                         {product} {ergonomic}
     uint G1ConcRefinementThreads                  = 13                                        {product} {ergonomic}
   size_t G1HeapRegionSize                         = 2097152                                   {product} {ergonomic}
    uintx GCDrainStackTargetSize                   = 64                                        {product} {ergonomic}
   size_t InitialHeapSize                          = 264241152                                 {product} {ergonomic}
   size_t MarkStackSize                            = 4194304                                   {product} {ergonomic}
   size_t MaxHeapSize                              = 4196401152                                {product} {ergonomic}
   size_t MaxNewSize                               = 2516582400                                {product} {ergonomic}
   size_t MinHeapDeltaBytes                        = 2097152                                   {product} {ergonomic}
   size_t MinHeapSize                              = 8388608                                   {product} {ergonomic}
    uintx NonNMethodCodeHeapSize                   = 7602480                                {pd product} {ergonomic}
    uintx NonProfiledCodeHeapSize                  = 122027880                              {pd product} {ergonomic}
    uintx ProfiledCodeHeapSize                     = 122027880                              {pd product} {ergonomic}
    uintx ReservedCodeCacheSize                    = 251658240                              {pd product} {ergonomic}
     bool SegmentedCodeCache                       = true                                      {product} {ergonomic}
   size_t SoftMaxHeapSize                          = 4196401152                             {manageable} {ergonomic}
     bool UseCompressedClassPointers               = true                           {product lp64_product} {ergonomic}
     bool UseCompressedOops                        = true                           {product lp64_product} {ergonomic}
     bool UseG1GC                                  = true                                      {product} {ergonomic}
     bool UseLargePagesIndividualAllocation        = false                                  {pd product} {ergonomic}

Logging:
Log output configuration:
 #0: stdout all=warning uptime,level,tags foldmultilines=false
 #1: stderr all=off uptime,level,tags foldmultilines=false

Environment Variables:
JAVA_HOME=C:\Program Files\Java\jdk-19
PATH=C:\Program Files\Common Files\Oracle\Java\javapath;C:\Windows\system32;C:\Windows;C:\Windows\System32\Wbem;C:\Windows\System32\WindowsPowerShell\v1.0\;C:\Windows\System32\OpenSSH\;C:\Program Files (x86)\NVIDIA Corporation\PhysX\Common;C:\Program Files\NVIDIA Corporation\NVIDIA NvDLISR;C:\Program Files\Git\cmd;C:\Program Files (x86)\dotnet\;%SystemRoot%\system32;%SystemRoot%;%SystemRoot%\System32\Wbem;%SYSTEMROOT%\System32\WindowsPowerShell\v1.0\;%SYSTEMROOT%\System32\OpenSSH\;C:\Users\99293\AppData\Local\Programs\Python\Python311\Scripts\;C:\Users\99293\AppData\Local\Programs\Python\Python311\;C:\Users\99293\AppData\Local\Microsoft\WindowsApps;;C:\Program Files\JetBrains\IntelliJ IDEA 2022.1.2\bin;;C:\Program Files\heroku\bin
USERNAME=ASUS
OS=Windows_NT
PROCESSOR_IDENTIFIER=Intel64 Family 6 Model 154 Stepping 3, GenuineIntel
TMP=C:\Users\99293\AppData\Local\Temp
TEMP=C:\Users\99293\AppData\Local\Temp



---------------  S Y S T E M  ---------------

OS:
 Windows 11 , 64 bit Build 22621 (10.0.22621.3374)
OS uptime: 0 days 22:57 hours
Hyper-V role detected

CPU: total 16 (initial active 16) (8 cores per cpu, 2 threads per core) family 6 model 154 stepping 3 microcode 0x41c, cx8, cmov, fxsr, ht, mmx, 3dnowpref, sse, sse2, sse3, ssse3, sse4.1, sse4.2, popcnt, lzcnt, tsc, tscinvbit, avx, avx2, aes, erms, clmul, bmi1, bmi2, adx, sha, fma, vzeroupper, clflush, clflushopt, clwb, hv, serialize, rdtscp, rdpid, fsrm

Memory: 4k page, system-wide physical 16005M (2852M free)
TotalPageFile size 18053M (AvailPageFile size 13M)
current process WorkingSet (physical memory assigned to process): 550M, peak: 550M
current process commit charge ("private bytes"): 602M, peak: 602M

vm_info: Java HotSpot(TM) 64-Bit Server VM (19.0.2+7-44) for windows-amd64 JRE (19.0.2+7-44), built on 2022-11-30T18:02:09Z by "mach5one" with MS VC++ 17.1 (VS2022)

END.
