#
# There is insufficient memory for the Java Runtime Environment to continue.
# Native memory allocation (malloc) failed to allocate 584336 bytes for Chunk::new
# Possible reasons:
#   The system is out of physical RAM or swap space
#   The process is running with CompressedOops enabled, and the Java Heap may be blocking the growth of the native heap
# Possible solutions:
#   Reduce memory load on the system
#   Increase physical memory or swap space
#   Check if swap backing store is full
#   Decrease Java heap size (-Xmx/-Xms)
#   Decrease number of Java threads
#   Decrease Java thread stack sizes (-Xss)
#   Set larger code cache with -XX:ReservedCodeCacheSize=
#   JVM is running with Zero Based Compressed Oops mode in which the Java heap is
#     placed in the first 32GB address space. The Java Heap base address is the
#     maximum limit for the native heap growth. Please use -XX:HeapBaseMinAddress
#     to set the Java Heap base and to place the Java Heap above 32GB virtual address.
# This output file may be truncated or incomplete.
#
#  Out of Memory Error (arena.cpp:184), pid=25684, tid=23592
#
# JRE version: Java(TM) SE Runtime Environment (19.0.2+7) (build 19.0.2+7-44)
# Java VM: Java HotSpot(TM) 64-Bit Server VM (19.0.2+7-44, mixed mode, sharing, tiered, compressed oops, compressed class ptrs, g1 gc, windows-amd64)
# No core dump will be written. Minidumps are not enabled by default on client versions of Windows
#

---------------  S U M M A R Y ------------

Command Line: -Dmaven.multiModuleProjectDirectory=D:\unitedStates original storage\unitedStates duplicates original storage -Dmaven.home=C:\Users\99293\.m2\wrapper\dists\apache-maven-3.8.6-bin\1ks0nkde5v1pk9vtc31i9d0lcd\apache-maven-3.8.6 -Dclassworlds.conf=C:\Users\99293\.m2\wrapper\dists\apache-maven-3.8.6-bin\1ks0nkde5v1pk9vtc31i9d0lcd\apache-maven-3.8.6\bin\m2.conf -Dmaven.ext.class.path=C:\Program Files\JetBrains\IntelliJ IDEA 2022.1.2\plugins\maven\lib\maven-event-listener.jar -javaagent:C:\Program Files\JetBrains\IntelliJ IDEA 2022.1.2\lib\idea_rt.jar=62716:C:\Program Files\JetBrains\IntelliJ IDEA 2022.1.2\bin -Dfile.encoding=UTF-8 org.codehaus.classworlds.Launcher -Didea.version=2022.1.2 package

Host: 12th Gen Intel(R) Core(TM) i7-12650H, 16 cores, 15G,  Windows 11 , 64 bit Build 22621 (10.0.22621.3374)
Time: Tue Apr 30 15:53:19 2024  Windows 11 , 64 bit Build 22621 (10.0.22621.3374) elapsed time: 0.544271 seconds (0d 0h 0m 0s)

---------------  T H R E A D  ---------------

Current thread (0x000002888b67ba40):  JavaThread "C2 CompilerThread5" daemon [_thread_in_native, id=23592, stack(0x000000a3ba400000,0x000000a3ba500000)]


Current CompileTask:
C2:    544 1137       4       java.io.Reader::read (21 bytes)

Stack: [0x000000a3ba400000,0x000000a3ba500000]
Native frames: (J=compiled Java code, j=interpreted, Vv=VM code, C=native code)
V  [jvm.dll+0x6ee21a]
V  [jvm.dll+0x85765e]
V  [jvm.dll+0x85904e]
V  [jvm.dll+0x859703]
V  [jvm.dll+0x28298f]
V  [jvm.dll+0xc9adf]
V  [jvm.dll+0xc9e65]
V  [jvm.dll+0x3bca4c]
V  [jvm.dll+0x3860e1]
V  [jvm.dll+0x38555a]
V  [jvm.dll+0x24c3d9]
V  [jvm.dll+0x24b781]
V  [jvm.dll+0x1d6ce1]
V  [jvm.dll+0x25b25a]
V  [jvm.dll+0x2596e8]
V  [jvm.dll+0x807588]
V  [jvm.dll+0x80125a]
V  [jvm.dll+0x6ecf0b]
C  [ucrtbase.dll+0x29333]
C  [KERNEL32.DLL+0x1257d]
C  [ntdll.dll+0x5aa48]


---------------  P R O C E S S  ---------------

Threads class SMR info:
_java_thread_list=0x000002888b23cae0, length=23, elements={
0x00000288e1d5d6a0, 0x00000288ffb2c370, 0x00000288ffb2d160, 0x00000288ffb2df50,
0x00000288ffb32240, 0x00000288ffb34b80, 0x00000288ffb354b0, 0x00000288ffb38120,
0x00000288ffb38a90, 0x00000288ffb3fbd0, 0x000002888a0e7f70, 0x000002888a0ebac0,
0x000002888a0ec040, 0x000002888a0ec8c0, 0x000002888a1bdd50, 0x000002888a19bd60,
0x000002888a5be690, 0x000002888ab45740, 0x000002888ac74640, 0x000002888a684a50,
0x000002888b67ba40, 0x000002888b534770, 0x000002888aeaf610
}

Java Threads: ( => current thread )
  0x00000288e1d5d6a0 JavaThread "main" [_thread_in_Java, id=19880, stack(0x000000a3b8900000,0x000000a3b8a00000)]
  0x00000288ffb2c370 JavaThread "Reference Handler" daemon [_thread_blocked, id=7016, stack(0x000000a3b9000000,0x000000a3b9100000)]
  0x00000288ffb2d160 JavaThread "Finalizer" daemon [_thread_blocked, id=16924, stack(0x000000a3b9100000,0x000000a3b9200000)]
  0x00000288ffb2df50 JavaThread "Signal Dispatcher" daemon [_thread_blocked, id=3160, stack(0x000000a3b9200000,0x000000a3b9300000)]
  0x00000288ffb32240 JavaThread "Attach Listener" daemon [_thread_blocked, id=21076, stack(0x000000a3b9300000,0x000000a3b9400000)]
  0x00000288ffb34b80 JavaThread "Service Thread" daemon [_thread_blocked, id=23992, stack(0x000000a3b9400000,0x000000a3b9500000)]
  0x00000288ffb354b0 JavaThread "Monitor Deflation Thread" daemon [_thread_blocked, id=7692, stack(0x000000a3b9500000,0x000000a3b9600000)]
  0x00000288ffb38120 JavaThread "C2 CompilerThread0" daemon [_thread_in_native, id=23032, stack(0x000000a3b9600000,0x000000a3b9700000)]
  0x00000288ffb38a90 JavaThread "C1 CompilerThread0" daemon [_thread_blocked, id=5464, stack(0x000000a3b9700000,0x000000a3b9800000)]
  0x00000288ffb3fbd0 JavaThread "Sweeper thread" daemon [_thread_blocked, id=21692, stack(0x000000a3b9800000,0x000000a3b9900000)]
  0x000002888a0e7f70 JavaThread "Common-Cleaner" daemon [_thread_blocked, id=21160, stack(0x000000a3b9900000,0x000000a3b9a00000)]
  0x000002888a0ebac0 JavaThread "C1 CompilerThread1" daemon [_thread_in_native, id=23740, stack(0x000000a3b9a00000,0x000000a3b9b00000)]
  0x000002888a0ec040 JavaThread "C1 CompilerThread2" daemon [_thread_blocked, id=20588, stack(0x000000a3b9b00000,0x000000a3b9c00000)]
  0x000002888a0ec8c0 JavaThread "C1 CompilerThread3" daemon [_thread_in_native, id=25068, stack(0x000000a3b9c00000,0x000000a3b9d00000)]
  0x000002888a1bdd50 JavaThread "Monitor Ctrl-Break" daemon [_thread_in_native, id=10136, stack(0x000000a3b9d00000,0x000000a3b9e00000)]
  0x000002888a19bd60 JavaThread "Notification Thread" daemon [_thread_blocked, id=22296, stack(0x000000a3b9e00000,0x000000a3b9f00000)]
  0x000002888a5be690 JavaThread "C2 CompilerThread1" daemon [_thread_in_native, id=15956, stack(0x000000a3ba000000,0x000000a3ba100000)]
  0x000002888ab45740 JavaThread "C2 CompilerThread2" daemon [_thread_in_native, id=20048, stack(0x000000a3ba100000,0x000000a3ba200000)]
  0x000002888ac74640 JavaThread "C2 CompilerThread3" daemon [_thread_in_native, id=12408, stack(0x000000a3ba200000,0x000000a3ba300000)]
  0x000002888a684a50 JavaThread "C2 CompilerThread4" daemon [_thread_in_native, id=25696, stack(0x000000a3ba300000,0x000000a3ba400000)]
=>0x000002888b67ba40 JavaThread "C2 CompilerThread5" daemon [_thread_in_native, id=23592, stack(0x000000a3ba400000,0x000000a3ba500000)]
  0x000002888b534770 JavaThread "C2 CompilerThread6" daemon [_thread_in_vm, id=9092, stack(0x000000a3ba500000,0x000000a3ba600000)]
  0x000002888aeaf610 JavaThread "C2 CompilerThread7" daemon [_thread_in_native, id=10208, stack(0x000000a3ba600000,0x000000a3ba700000)]

Other Threads:
  0x00000288ffb126c0 VMThread "VM Thread" [stack: 0x000000a3b8f00000,0x000000a3b9000000] [id=5320]
  0x000002888a1de1e0 WatcherThread "VM Periodic Task Thread" [stack: 0x000000a3b9f00000,0x000000a3ba000000] [id=27436]
  0x00000288e1dd0260 WorkerThread "GC Thread#0" [stack: 0x000000a3b8a00000,0x000000a3b8b00000] [id=8552]
  0x000002888a532ae0 WorkerThread "GC Thread#1" [stack: 0x000000a3ba700000,0x000000a3ba800000] [id=7120]
  0x000002888a532db0 WorkerThread "GC Thread#2" [stack: 0x000000a3ba800000,0x000000a3ba900000] [id=21304]
  0x000002888a533080 WorkerThread "GC Thread#3" [stack: 0x000000a3ba900000,0x000000a3baa00000] [id=27632]
  0x000002888a533bc0 WorkerThread "GC Thread#4" [stack: 0x000000a3baa00000,0x000000a3bab00000] [id=16744]
  0x000002888a533e90 WorkerThread "GC Thread#5" [stack: 0x000000a3bab00000,0x000000a3bac00000] [id=23948]
  0x000002888a533620 WorkerThread "GC Thread#6" [stack: 0x000000a3bac00000,0x000000a3bad00000] [id=27492]
  0x000002888a532270 WorkerThread "GC Thread#7" [stack: 0x000000a3bad00000,0x000000a3bae00000] [id=14172]
  0x00000288e1de0d70 ConcurrentGCThread "G1 Main Marker" [stack: 0x000000a3b8b00000,0x000000a3b8c00000] [id=2728]
  0x00000288e1de2950 WorkerThread "G1 Conc#0" [stack: 0x000000a3b8c00000,0x000000a3b8d00000] [id=13936]
  0x00000288ff9cf720 ConcurrentGCThread "G1 Refine#0" [stack: 0x000000a3b8d00000,0x000000a3b8e00000] [id=16436]
  0x00000288ff9d0260 ConcurrentGCThread "G1 Service" [stack: 0x000000a3b8e00000,0x000000a3b8f00000] [id=1808]

Threads with active compile tasks:
C2 CompilerThread0      560 1173       4       sun.nio.cs.StreamDecoder::lockedRead0 (95 bytes)
C1 CompilerThread0      560 1251       3       java.lang.Integer::rotateLeft (9 bytes)
C1 CompilerThread1      560 1249       3       java.lang.reflect.Method::getParameterCount (6 bytes)
C1 CompilerThread2      560 1250       3       com.google.common.collect.Hashing::smear (19 bytes)
C1 CompilerThread3      561 1247       3       java.util.TimSort::sort (229 bytes)
C2 CompilerThread1      561 1195       4       sun.nio.cs.StreamDecoder::lockedRead (189 bytes)
C2 CompilerThread2      561 1136       4       org.codehaus.plexus.util.InterpolationFilterReader::read (477 bytes)
C2 CompilerThread3      561 1134       4       java.io.InputStreamReader::read (11 bytes)
C2 CompilerThread4      561 1135       4       org.codehaus.plexus.util.xml.XmlReader::read (11 bytes)
C2 CompilerThread5      561 1137       4       java.io.Reader::read (21 bytes)
C2 CompilerThread6      561 1197   !   4       sun.nio.cs.StreamDecoder::read (78 bytes)
C2 CompilerThread7      561 1153   !   4       sun.nio.cs.StreamDecoder::read0 (59 bytes)

VM state: not at safepoint (normal execution)

VM Mutex/Monitor currently owned by a thread: None

Heap address: 0x0000000705e00000, size: 4002 MB, Compressed Oops mode: Zero based, Oop shift amount: 3

CDS archive(s) mapped at: [0x0000000800000000-0x0000000800c40000-0x0000000800c40000), size 12845056, SharedBaseAddress: 0x0000000800000000, ArchiveRelocationMode: 0.
Compressed class space mapped at: 0x0000000801000000-0x0000000841000000, reserved size: 1073741824
Narrow klass base: 0x0000000800000000, Narrow klass shift: 0, Narrow klass range: 0x100000000

GC Precious Log:
 CardTable entry size: 512
 Card Set container configuration: InlinePtr #cards 4 size 8 Array Of Cards #cards 16 size 48 Howl #buckets 8 coarsen threshold 3686 Howl Bitmap #cards 512 size 80 coarsen threshold 460 Card regions per heap region 1 cards per card region 4096
 CPUs: 16 total, 16 available
 Memory: 16005M
 Large Page Support: Disabled
 NUMA Support: Disabled
 Compressed Oops: Enabled (Zero based)
 Heap Region Size: 2M
 Heap Min Capacity: 8M
 Heap Initial Capacity: 252M
 Heap Max Capacity: 4002M
 Pre-touch: Disabled
 Parallel Workers: 13
 Concurrent Workers: 3
 Concurrent Refinement Workers: 13
 Periodic GC: Disabled

Heap:
 garbage-first heap   total 258048K, used 10126K [0x0000000705e00000, 0x0000000800000000)
  region size 2048K, 6 young (12288K), 2 survivors (4096K)
 Metaspace       used 5569K, committed 5696K, reserved 1114112K
  class space    used 616K, committed 640K, reserved 1048576K

Heap Regions: E=young(eden), S=young(survivor), O=old, HS=humongous(starts), HC=humongous(continues), CS=collection set, F=free, OA=open archive, CA=closed archive, TAMS=top-at-mark-start (previous, next)
|   0|0x0000000705e00000, 0x0000000705e00000, 0x0000000706000000|  0%| F|  |TAMS 0x0000000705e00000, 0x0000000705e00000| Untracked 
|   1|0x0000000706000000, 0x0000000706000000, 0x0000000706200000|  0%| F|  |TAMS 0x0000000706000000, 0x0000000706000000| Untracked 
|   2|0x0000000706200000, 0x0000000706200000, 0x0000000706400000|  0%| F|  |TAMS 0x0000000706200000, 0x0000000706200000| Untracked 
|   3|0x0000000706400000, 0x0000000706400000, 0x0000000706600000|  0%| F|  |TAMS 0x0000000706400000, 0x0000000706400000| Untracked 
|   4|0x0000000706600000, 0x0000000706600000, 0x0000000706800000|  0%| F|  |TAMS 0x0000000706600000, 0x0000000706600000| Untracked 
|   5|0x0000000706800000, 0x0000000706800000, 0x0000000706a00000|  0%| F|  |TAMS 0x0000000706800000, 0x0000000706800000| Untracked 
|   6|0x0000000706a00000, 0x0000000706a00000, 0x0000000706c00000|  0%| F|  |TAMS 0x0000000706a00000, 0x0000000706a00000| Untracked 
|   7|0x0000000706c00000, 0x0000000706c00000, 0x0000000706e00000|  0%| F|  |TAMS 0x0000000706c00000, 0x0000000706c00000| Untracked 
|   8|0x0000000706e00000, 0x0000000706e00000, 0x0000000707000000|  0%| F|  |TAMS 0x0000000706e00000, 0x0000000706e00000| Untracked 
|   9|0x0000000707000000, 0x0000000707000000, 0x0000000707200000|  0%| F|  |TAMS 0x0000000707000000, 0x0000000707000000| Untracked 
|  10|0x0000000707200000, 0x0000000707200000, 0x0000000707400000|  0%| F|  |TAMS 0x0000000707200000, 0x0000000707200000| Untracked 
|  11|0x0000000707400000, 0x0000000707400000, 0x0000000707600000|  0%| F|  |TAMS 0x0000000707400000, 0x0000000707400000| Untracked 
|  12|0x0000000707600000, 0x0000000707600000, 0x0000000707800000|  0%| F|  |TAMS 0x0000000707600000, 0x0000000707600000| Untracked 
|  13|0x0000000707800000, 0x0000000707800000, 0x0000000707a00000|  0%| F|  |TAMS 0x0000000707800000, 0x0000000707800000| Untracked 
|  14|0x0000000707a00000, 0x0000000707a00000, 0x0000000707c00000|  0%| F|  |TAMS 0x0000000707a00000, 0x0000000707a00000| Untracked 
|  15|0x0000000707c00000, 0x0000000707c00000, 0x0000000707e00000|  0%| F|  |TAMS 0x0000000707c00000, 0x0000000707c00000| Untracked 
|  16|0x0000000707e00000, 0x0000000707e00000, 0x0000000708000000|  0%| F|  |TAMS 0x0000000707e00000, 0x0000000707e00000| Untracked 
|  17|0x0000000708000000, 0x0000000708000000, 0x0000000708200000|  0%| F|  |TAMS 0x0000000708000000, 0x0000000708000000| Untracked 
|  18|0x0000000708200000, 0x0000000708200000, 0x0000000708400000|  0%| F|  |TAMS 0x0000000708200000, 0x0000000708200000| Untracked 
|  19|0x0000000708400000, 0x0000000708400000, 0x0000000708600000|  0%| F|  |TAMS 0x0000000708400000, 0x0000000708400000| Untracked 
|  20|0x0000000708600000, 0x0000000708600000, 0x0000000708800000|  0%| F|  |TAMS 0x0000000708600000, 0x0000000708600000| Untracked 
|  21|0x0000000708800000, 0x0000000708800000, 0x0000000708a00000|  0%| F|  |TAMS 0x0000000708800000, 0x0000000708800000| Untracked 
|  22|0x0000000708a00000, 0x0000000708a00000, 0x0000000708c00000|  0%| F|  |TAMS 0x0000000708a00000, 0x0000000708a00000| Untracked 
|  23|0x0000000708c00000, 0x0000000708c00000, 0x0000000708e00000|  0%| F|  |TAMS 0x0000000708c00000, 0x0000000708c00000| Untracked 
|  24|0x0000000708e00000, 0x0000000708e00000, 0x0000000709000000|  0%| F|  |TAMS 0x0000000708e00000, 0x0000000708e00000| Untracked 
|  25|0x0000000709000000, 0x0000000709000000, 0x0000000709200000|  0%| F|  |TAMS 0x0000000709000000, 0x0000000709000000| Untracked 
|  26|0x0000000709200000, 0x0000000709200000, 0x0000000709400000|  0%| F|  |TAMS 0x0000000709200000, 0x0000000709200000| Untracked 
|  27|0x0000000709400000, 0x0000000709400000, 0x0000000709600000|  0%| F|  |TAMS 0x0000000709400000, 0x0000000709400000| Untracked 
|  28|0x0000000709600000, 0x0000000709600000, 0x0000000709800000|  0%| F|  |TAMS 0x0000000709600000, 0x0000000709600000| Untracked 
|  29|0x0000000709800000, 0x0000000709800000, 0x0000000709a00000|  0%| F|  |TAMS 0x0000000709800000, 0x0000000709800000| Untracked 
|  30|0x0000000709a00000, 0x0000000709a00000, 0x0000000709c00000|  0%| F|  |TAMS 0x0000000709a00000, 0x0000000709a00000| Untracked 
|  31|0x0000000709c00000, 0x0000000709c00000, 0x0000000709e00000|  0%| F|  |TAMS 0x0000000709c00000, 0x0000000709c00000| Untracked 
|  32|0x0000000709e00000, 0x0000000709e00000, 0x000000070a000000|  0%| F|  |TAMS 0x0000000709e00000, 0x0000000709e00000| Untracked 
|  33|0x000000070a000000, 0x000000070a000000, 0x000000070a200000|  0%| F|  |TAMS 0x000000070a000000, 0x000000070a000000| Untracked 
|  34|0x000000070a200000, 0x000000070a200000, 0x000000070a400000|  0%| F|  |TAMS 0x000000070a200000, 0x000000070a200000| Untracked 
|  35|0x000000070a400000, 0x000000070a400000, 0x000000070a600000|  0%| F|  |TAMS 0x000000070a400000, 0x000000070a400000| Untracked 
|  36|0x000000070a600000, 0x000000070a600000, 0x000000070a800000|  0%| F|  |TAMS 0x000000070a600000, 0x000000070a600000| Untracked 
|  37|0x000000070a800000, 0x000000070a800000, 0x000000070aa00000|  0%| F|  |TAMS 0x000000070a800000, 0x000000070a800000| Untracked 
|  38|0x000000070aa00000, 0x000000070aa00000, 0x000000070ac00000|  0%| F|  |TAMS 0x000000070aa00000, 0x000000070aa00000| Untracked 
|  39|0x000000070ac00000, 0x000000070ac00000, 0x000000070ae00000|  0%| F|  |TAMS 0x000000070ac00000, 0x000000070ac00000| Untracked 
|  40|0x000000070ae00000, 0x000000070ae00000, 0x000000070b000000|  0%| F|  |TAMS 0x000000070ae00000, 0x000000070ae00000| Untracked 
|  41|0x000000070b000000, 0x000000070b000000, 0x000000070b200000|  0%| F|  |TAMS 0x000000070b000000, 0x000000070b000000| Untracked 
|  42|0x000000070b200000, 0x000000070b200000, 0x000000070b400000|  0%| F|  |TAMS 0x000000070b200000, 0x000000070b200000| Untracked 
|  43|0x000000070b400000, 0x000000070b400000, 0x000000070b600000|  0%| F|  |TAMS 0x000000070b400000, 0x000000070b400000| Untracked 
|  44|0x000000070b600000, 0x000000070b600000, 0x000000070b800000|  0%| F|  |TAMS 0x000000070b600000, 0x000000070b600000| Untracked 
|  45|0x000000070b800000, 0x000000070b800000, 0x000000070ba00000|  0%| F|  |TAMS 0x000000070b800000, 0x000000070b800000| Untracked 
|  46|0x000000070ba00000, 0x000000070ba00000, 0x000000070bc00000|  0%| F|  |TAMS 0x000000070ba00000, 0x000000070ba00000| Untracked 
|  47|0x000000070bc00000, 0x000000070bc00000, 0x000000070be00000|  0%| F|  |TAMS 0x000000070bc00000, 0x000000070bc00000| Untracked 
|  48|0x000000070be00000, 0x000000070be00000, 0x000000070c000000|  0%| F|  |TAMS 0x000000070be00000, 0x000000070be00000| Untracked 
|  49|0x000000070c000000, 0x000000070c000000, 0x000000070c200000|  0%| F|  |TAMS 0x000000070c000000, 0x000000070c000000| Untracked 
|  50|0x000000070c200000, 0x000000070c200000, 0x000000070c400000|  0%| F|  |TAMS 0x000000070c200000, 0x000000070c200000| Untracked 
|  51|0x000000070c400000, 0x000000070c400000, 0x000000070c600000|  0%| F|  |TAMS 0x000000070c400000, 0x000000070c400000| Untracked 
|  52|0x000000070c600000, 0x000000070c600000, 0x000000070c800000|  0%| F|  |TAMS 0x000000070c600000, 0x000000070c600000| Untracked 
|  53|0x000000070c800000, 0x000000070c800000, 0x000000070ca00000|  0%| F|  |TAMS 0x000000070c800000, 0x000000070c800000| Untracked 
|  54|0x000000070ca00000, 0x000000070ca00000, 0x000000070cc00000|  0%| F|  |TAMS 0x000000070ca00000, 0x000000070ca00000| Untracked 
|  55|0x000000070cc00000, 0x000000070cc00000, 0x000000070ce00000|  0%| F|  |TAMS 0x000000070cc00000, 0x000000070cc00000| Untracked 
|  56|0x000000070ce00000, 0x000000070ce00000, 0x000000070d000000|  0%| F|  |TAMS 0x000000070ce00000, 0x000000070ce00000| Untracked 
|  57|0x000000070d000000, 0x000000070d000000, 0x000000070d200000|  0%| F|  |TAMS 0x000000070d000000, 0x000000070d000000| Untracked 
|  58|0x000000070d200000, 0x000000070d200000, 0x000000070d400000|  0%| F|  |TAMS 0x000000070d200000, 0x000000070d200000| Untracked 
|  59|0x000000070d400000, 0x000000070d400000, 0x000000070d600000|  0%| F|  |TAMS 0x000000070d400000, 0x000000070d400000| Untracked 
|  60|0x000000070d600000, 0x000000070d600000, 0x000000070d800000|  0%| F|  |TAMS 0x000000070d600000, 0x000000070d600000| Untracked 
|  61|0x000000070d800000, 0x000000070d800000, 0x000000070da00000|  0%| F|  |TAMS 0x000000070d800000, 0x000000070d800000| Untracked 
|  62|0x000000070da00000, 0x000000070da00000, 0x000000070dc00000|  0%| F|  |TAMS 0x000000070da00000, 0x000000070da00000| Untracked 
|  63|0x000000070dc00000, 0x000000070dc00000, 0x000000070de00000|  0%| F|  |TAMS 0x000000070dc00000, 0x000000070dc00000| Untracked 
|  64|0x000000070de00000, 0x000000070de00000, 0x000000070e000000|  0%| F|  |TAMS 0x000000070de00000, 0x000000070de00000| Untracked 
|  65|0x000000070e000000, 0x000000070e000000, 0x000000070e200000|  0%| F|  |TAMS 0x000000070e000000, 0x000000070e000000| Untracked 
|  66|0x000000070e200000, 0x000000070e200000, 0x000000070e400000|  0%| F|  |TAMS 0x000000070e200000, 0x000000070e200000| Untracked 
|  67|0x000000070e400000, 0x000000070e400000, 0x000000070e600000|  0%| F|  |TAMS 0x000000070e400000, 0x000000070e400000| Untracked 
|  68|0x000000070e600000, 0x000000070e600000, 0x000000070e800000|  0%| F|  |TAMS 0x000000070e600000, 0x000000070e600000| Untracked 
|  69|0x000000070e800000, 0x000000070e800000, 0x000000070ea00000|  0%| F|  |TAMS 0x000000070e800000, 0x000000070e800000| Untracked 
|  70|0x000000070ea00000, 0x000000070ea00000, 0x000000070ec00000|  0%| F|  |TAMS 0x000000070ea00000, 0x000000070ea00000| Untracked 
|  71|0x000000070ec00000, 0x000000070ec00000, 0x000000070ee00000|  0%| F|  |TAMS 0x000000070ec00000, 0x000000070ec00000| Untracked 
|  72|0x000000070ee00000, 0x000000070ee00000, 0x000000070f000000|  0%| F|  |TAMS 0x000000070ee00000, 0x000000070ee00000| Untracked 
|  73|0x000000070f000000, 0x000000070f000000, 0x000000070f200000|  0%| F|  |TAMS 0x000000070f000000, 0x000000070f000000| Untracked 
|  74|0x000000070f200000, 0x000000070f200000, 0x000000070f400000|  0%| F|  |TAMS 0x000000070f200000, 0x000000070f200000| Untracked 
|  75|0x000000070f400000, 0x000000070f400000, 0x000000070f600000|  0%| F|  |TAMS 0x000000070f400000, 0x000000070f400000| Untracked 
|  76|0x000000070f600000, 0x000000070f600000, 0x000000070f800000|  0%| F|  |TAMS 0x000000070f600000, 0x000000070f600000| Untracked 
|  77|0x000000070f800000, 0x000000070f800000, 0x000000070fa00000|  0%| F|  |TAMS 0x000000070f800000, 0x000000070f800000| Untracked 
|  78|0x000000070fa00000, 0x000000070fa00000, 0x000000070fc00000|  0%| F|  |TAMS 0x000000070fa00000, 0x000000070fa00000| Untracked 
|  79|0x000000070fc00000, 0x000000070fc00000, 0x000000070fe00000|  0%| F|  |TAMS 0x000000070fc00000, 0x000000070fc00000| Untracked 
|  80|0x000000070fe00000, 0x000000070fe00000, 0x0000000710000000|  0%| F|  |TAMS 0x000000070fe00000, 0x000000070fe00000| Untracked 
|  81|0x0000000710000000, 0x0000000710000000, 0x0000000710200000|  0%| F|  |TAMS 0x0000000710000000, 0x0000000710000000| Untracked 
|  82|0x0000000710200000, 0x0000000710200000, 0x0000000710400000|  0%| F|  |TAMS 0x0000000710200000, 0x0000000710200000| Untracked 
|  83|0x0000000710400000, 0x0000000710400000, 0x0000000710600000|  0%| F|  |TAMS 0x0000000710400000, 0x0000000710400000| Untracked 
|  84|0x0000000710600000, 0x0000000710600000, 0x0000000710800000|  0%| F|  |TAMS 0x0000000710600000, 0x0000000710600000| Untracked 
|  85|0x0000000710800000, 0x0000000710800000, 0x0000000710a00000|  0%| F|  |TAMS 0x0000000710800000, 0x0000000710800000| Untracked 
|  86|0x0000000710a00000, 0x0000000710a00000, 0x0000000710c00000|  0%| F|  |TAMS 0x0000000710a00000, 0x0000000710a00000| Untracked 
|  87|0x0000000710c00000, 0x0000000710c00000, 0x0000000710e00000|  0%| F|  |TAMS 0x0000000710c00000, 0x0000000710c00000| Untracked 
|  88|0x0000000710e00000, 0x0000000710e00000, 0x0000000711000000|  0%| F|  |TAMS 0x0000000710e00000, 0x0000000710e00000| Untracked 
|  89|0x0000000711000000, 0x0000000711000000, 0x0000000711200000|  0%| F|  |TAMS 0x0000000711000000, 0x0000000711000000| Untracked 
|  90|0x0000000711200000, 0x0000000711200000, 0x0000000711400000|  0%| F|  |TAMS 0x0000000711200000, 0x0000000711200000| Untracked 
|  91|0x0000000711400000, 0x0000000711400000, 0x0000000711600000|  0%| F|  |TAMS 0x0000000711400000, 0x0000000711400000| Untracked 
|  92|0x0000000711600000, 0x0000000711600000, 0x0000000711800000|  0%| F|  |TAMS 0x0000000711600000, 0x0000000711600000| Untracked 
|  93|0x0000000711800000, 0x0000000711800000, 0x0000000711a00000|  0%| F|  |TAMS 0x0000000711800000, 0x0000000711800000| Untracked 
|  94|0x0000000711a00000, 0x0000000711a00000, 0x0000000711c00000|  0%| F|  |TAMS 0x0000000711a00000, 0x0000000711a00000| Untracked 
|  95|0x0000000711c00000, 0x0000000711c00000, 0x0000000711e00000|  0%| F|  |TAMS 0x0000000711c00000, 0x0000000711c00000| Untracked 
|  96|0x0000000711e00000, 0x0000000711e00000, 0x0000000712000000|  0%| F|  |TAMS 0x0000000711e00000, 0x0000000711e00000| Untracked 
|  97|0x0000000712000000, 0x0000000712000000, 0x0000000712200000|  0%| F|  |TAMS 0x0000000712000000, 0x0000000712000000| Untracked 
|  98|0x0000000712200000, 0x0000000712200000, 0x0000000712400000|  0%| F|  |TAMS 0x0000000712200000, 0x0000000712200000| Untracked 
|  99|0x0000000712400000, 0x0000000712400000, 0x0000000712600000|  0%| F|  |TAMS 0x0000000712400000, 0x0000000712400000| Untracked 
| 100|0x0000000712600000, 0x0000000712600000, 0x0000000712800000|  0%| F|  |TAMS 0x0000000712600000, 0x0000000712600000| Untracked 
| 101|0x0000000712800000, 0x0000000712800000, 0x0000000712a00000|  0%| F|  |TAMS 0x0000000712800000, 0x0000000712800000| Untracked 
| 102|0x0000000712a00000, 0x0000000712a00000, 0x0000000712c00000|  0%| F|  |TAMS 0x0000000712a00000, 0x0000000712a00000| Untracked 
| 103|0x0000000712c00000, 0x0000000712c00000, 0x0000000712e00000|  0%| F|  |TAMS 0x0000000712c00000, 0x0000000712c00000| Untracked 
| 104|0x0000000712e00000, 0x0000000712e00000, 0x0000000713000000|  0%| F|  |TAMS 0x0000000712e00000, 0x0000000712e00000| Untracked 
| 105|0x0000000713000000, 0x0000000713000000, 0x0000000713200000|  0%| F|  |TAMS 0x0000000713000000, 0x0000000713000000| Untracked 
| 106|0x0000000713200000, 0x0000000713200000, 0x0000000713400000|  0%| F|  |TAMS 0x0000000713200000, 0x0000000713200000| Untracked 
| 107|0x0000000713400000, 0x0000000713400000, 0x0000000713600000|  0%| F|  |TAMS 0x0000000713400000, 0x0000000713400000| Untracked 
| 108|0x0000000713600000, 0x0000000713600000, 0x0000000713800000|  0%| F|  |TAMS 0x0000000713600000, 0x0000000713600000| Untracked 
| 109|0x0000000713800000, 0x0000000713800000, 0x0000000713a00000|  0%| F|  |TAMS 0x0000000713800000, 0x0000000713800000| Untracked 
| 110|0x0000000713a00000, 0x0000000713a00000, 0x0000000713c00000|  0%| F|  |TAMS 0x0000000713a00000, 0x0000000713a00000| Untracked 
| 111|0x0000000713c00000, 0x0000000713c00000, 0x0000000713e00000|  0%| F|  |TAMS 0x0000000713c00000, 0x0000000713c00000| Untracked 
| 112|0x0000000713e00000, 0x0000000713e00000, 0x0000000714000000|  0%| F|  |TAMS 0x0000000713e00000, 0x0000000713e00000| Untracked 
| 113|0x0000000714000000, 0x00000007141e3b98, 0x0000000714200000| 94%| S|CS|TAMS 0x0000000714000000, 0x0000000714000000| Complete 
| 114|0x0000000714200000, 0x0000000714400000, 0x0000000714400000|100%| S|CS|TAMS 0x0000000714200000, 0x0000000714200000| Complete 
| 115|0x0000000714400000, 0x0000000714400000, 0x0000000714600000|  0%| F|  |TAMS 0x0000000714400000, 0x0000000714400000| Untracked 
| 116|0x0000000714600000, 0x0000000714600000, 0x0000000714800000|  0%| F|  |TAMS 0x0000000714600000, 0x0000000714600000| Untracked 
| 117|0x0000000714800000, 0x0000000714800000, 0x0000000714a00000|  0%| F|  |TAMS 0x0000000714800000, 0x0000000714800000| Untracked 
| 118|0x0000000714a00000, 0x0000000714a00000, 0x0000000714c00000|  0%| F|  |TAMS 0x0000000714a00000, 0x0000000714a00000| Untracked 
| 119|0x0000000714c00000, 0x0000000714c00000, 0x0000000714e00000|  0%| F|  |TAMS 0x0000000714c00000, 0x0000000714c00000| Untracked 
| 120|0x0000000714e00000, 0x0000000714e00000, 0x0000000715000000|  0%| F|  |TAMS 0x0000000714e00000, 0x0000000714e00000| Untracked 
| 121|0x0000000715000000, 0x0000000715000000, 0x0000000715200000|  0%| F|  |TAMS 0x0000000715000000, 0x0000000715000000| Untracked 
| 122|0x0000000715200000, 0x00000007152b2930, 0x0000000715400000| 34%| E|  |TAMS 0x0000000715200000, 0x0000000715200000| Complete 
| 123|0x0000000715400000, 0x0000000715600000, 0x0000000715600000|100%| E|CS|TAMS 0x0000000715400000, 0x0000000715400000| Complete 
| 124|0x0000000715600000, 0x0000000715800000, 0x0000000715800000|100%| E|CS|TAMS 0x0000000715600000, 0x0000000715600000| Complete 
| 125|0x0000000715800000, 0x0000000715a00000, 0x0000000715a00000|100%| E|CS|TAMS 0x0000000715800000, 0x0000000715800000| Complete 

Card table byte_map: [0x00000288f9d30000,0x00000288fa510000] _byte_map_base: 0x00000288f6501000

Marking Bits (Prev, Next): (CMBitMap*) 0x00000288e1dd0890, (CMBitMap*) 0x00000288e1dd08d0
 Prev Bits: [0x00000288facf0000, 0x00000288feb78000)
 Next Bits: [0x0000028880000000, 0x0000028883e88000)

Polling page: 0x00000288dfcf0000

Metaspace:

Usage:
  Non-class:      4.86 MB used.
      Class:    616.96 KB used.
       Both:      5.46 MB used.

Virtual space:
  Non-class space:       64.00 MB reserved,       5.00 MB (  8%) committed,  1 nodes.
      Class space:        1.00 GB reserved,     640.00 KB ( <1%) committed,  1 nodes.
             Both:        1.06 GB reserved,       5.62 MB ( <1%) committed. 

Chunk freelists:
   Non-Class:  1.23 MB
       Class:  3.31 MB
        Both:  4.55 MB

MaxMetaspaceSize: unlimited
CompressedClassSpaceSize: 1.00 GB
Initial GC threshold: 21.00 MB
Current GC threshold: 21.00 MB
CDS: on
MetaspaceReclaimPolicy: balanced
 - commit_granule_bytes: 65536.
 - commit_granule_words: 8192.
 - virtual_space_node_default_size: 8388608.
 - enlarge_chunks_in_place: 1.
 - new_chunks_are_fully_committed: 0.
 - uncommit_free_chunks: 1.
 - use_allocation_guard: 0.


Internal statistics:

num_allocs_failed_limit: 0.
num_arena_births: 46.
num_arena_deaths: 0.
num_vsnodes_births: 2.
num_vsnodes_deaths: 0.
num_space_committed: 90.
num_space_uncommitted: 0.
num_chunks_returned_to_freelist: 0.
num_chunks_taken_from_freelist: 183.
num_chunk_merges: 0.
num_chunk_splits: 130.
num_chunks_enlarged: 110.
num_inconsistent_stats: 0.

CodeHeap 'non-profiled nmethods': size=119168Kb used=398Kb max_used=398Kb free=118769Kb
 bounds [0x00000288f1860000, 0x00000288f1ad0000, 0x00000288f8cc0000]
CodeHeap 'profiled nmethods': size=119104Kb used=2414Kb max_used=2414Kb free=116689Kb
 bounds [0x00000288e9cc0000, 0x00000288e9f30000, 0x00000288f1110000]
CodeHeap 'non-nmethods': size=7488Kb used=2939Kb max_used=2982Kb free=4548Kb
 bounds [0x00000288f1110000, 0x00000288f1400000, 0x00000288f1860000]
 total_blobs=1717 nmethods=1255 adapters=370
 compilation: enabled
              stopped_count=0, restarted_count=0
 full_count=0

Compilation events (20 events):
Event: 0.508 Thread 0x000002888a0ec8c0 nmethod 1181 0x00000288e9ef5310 code [0x00000288e9ef54e0, 0x00000288e9ef56e8]
Event: 0.508 Thread 0x000002888b534770 1160       4       java.nio.HeapCharBuffer::<init> (23 bytes)
Event: 0.509 Thread 0x000002888aeaf610 nmethod 1172 0x00000288f18b9190 code [0x00000288f18b9340, 0x00000288f18b9ae8]
Event: 0.510 Thread 0x000002888aeaf610 1153   !   4       sun.nio.cs.StreamDecoder::read0 (59 bytes)
Event: 0.516 Thread 0x000002888b534770 nmethod 1160 0x00000288f18ba290 code [0x00000288f18ba420, 0x00000288f18ba7d8]
Event: 0.516 Thread 0x000002888b534770 1185       4       sun.nio.cs.StreamDecoder::implRead (243 bytes)
Event: 0.516 Thread 0x00000288ffb38a90 1186       1       org.codehaus.plexus.util.xml.pull.MXParser::getDepth (5 bytes)
Event: 0.517 Thread 0x00000288ffb38a90 nmethod 1186 0x00000288f18baa90 code [0x00000288f18bac20, 0x00000288f18bacd8]
Event: 0.530 Thread 0x000002888a0ebac0 1187 %     3       org.codehaus.plexus.util.InterpolationFilterReader::read @ 3 (48 bytes)
Event: 0.531 Thread 0x000002888a0ebac0 nmethod 1187% 0x00000288e9ef5810 code [0x00000288e9ef59e0, 0x00000288e9ef5dc8]
Event: 0.532 Thread 0x000002888a0ebac0 1188       3       org.codehaus.plexus.util.xml.pull.MXParser::require (443 bytes)
Event: 0.533 Thread 0x000002888a0ec040 1189       3       java.util.Collections::emptyMap (4 bytes)
Event: 0.533 Thread 0x000002888a0ec040 nmethod 1189 0x00000288e9ef5f90 code [0x00000288e9ef6120, 0x00000288e9ef6218]
Event: 0.536 Thread 0x000002888a0ec040 1190       3       org.codehaus.plexus.util.InterpolationFilterReader::read (48 bytes)
Event: 0.536 Thread 0x000002888a0ebac0 nmethod 1188 0x00000288e9ef6290 code [0x00000288e9ef6aa0, 0x00000288e9efa1e8]
Event: 0.536 Thread 0x000002888a0ec040 nmethod 1190 0x00000288e9efb610 code [0x00000288e9efb7e0, 0x00000288e9efbb08]
Event: 0.539 Thread 0x000002888a5be690 

Event: 0.541 Thread 0x000002888a0ec040 1191       3       java.lang.Float::isNaN (12 bytes)
Event: 0.541 Thread 0x000002888a0ec040 nmethod 1191 0x00000288e9efbc90 code [0x00000288e9efbe20, 0x00000288e9efbf98]
Event: 0.541 Thread 0x000002888b534770 nmethod 1185 0x00000288f18bad90 code [0x00000288f18bb040, 0x00000288f18bbb18]

GC Heap History (2 events):
Event: 0.504 GC heap before
{Heap before GC invocations=0 (full 0):
 garbage-first heap   total 258048K, used 22528K [0x0000000705e00000, 0x0000000800000000)
  region size 2048K, 11 young (22528K), 0 survivors (0K)
 Metaspace       used 5294K, committed 5440K, reserved 1114112K
  class space    used 576K, committed 640K, reserved 1048576K
}
Event: 0.507 GC heap after
{Heap after GC invocations=1 (full 0):
 garbage-first heap   total 258048K, used 3982K [0x0000000705e00000, 0x0000000800000000)
  region size 2048K, 2 young (4096K), 2 survivors (4096K)
 Metaspace       used 5294K, committed 5440K, reserved 1114112K
  class space    used 576K, committed 640K, reserved 1048576K
}

Dll operation events (12 events):
Event: 0.006 Loaded shared library C:\Program Files\Java\jdk-19\bin\java.dll
Event: 0.012 Loaded shared library C:\Program Files\Java\jdk-19\bin\jsvml.dll
Event: 0.045 Loaded shared library C:\Program Files\Java\jdk-19\bin\zip.dll
Event: 0.048 Loaded shared library C:\Program Files\Java\jdk-19\bin\instrument.dll
Event: 0.052 Loaded shared library C:\Program Files\Java\jdk-19\bin\net.dll
Event: 0.053 Loaded shared library C:\Program Files\Java\jdk-19\bin\nio.dll
Event: 0.055 Loaded shared library C:\Program Files\Java\jdk-19\bin\zip.dll
Event: 0.066 Loaded shared library C:\Program Files\JetBrains\IntelliJ IDEA 2022.1.2\bin\breakgen64.dll
Event: 0.072 Loaded shared library C:\Program Files\Java\jdk-19\bin\extnet.dll
Event: 0.118 Loaded shared library C:\Program Files\Java\jdk-19\bin\jimage.dll
Event: 0.243 Loaded shared library C:\Users\99293\AppData\Local\Temp\jansi-2.4.0-dd39563328de40bc-jansi.dll
Event: 0.250 Loaded shared library C:\Program Files\Java\jdk-19\bin\verify.dll

Deoptimization events (20 events):
Event: 0.471 Thread 0x00000288e1d5d6a0 DEOPT PACKING pc=0x00000288f18966ec sp=0x000000a3b89fe000
Event: 0.471 Thread 0x00000288e1d5d6a0 DEOPT UNPACKING pc=0x00000288f1176da3 sp=0x000000a3b89fdfb8 mode 2
Event: 0.471 Thread 0x00000288e1d5d6a0 Uncommon trap: trap_request=0xffffff45 fr.pc=0x00000288f188dc50 relative=0x00000000000000b0
Event: 0.471 Thread 0x00000288e1d5d6a0 Uncommon trap: reason=unstable_if action=reinterpret pc=0x00000288f188dc50 method=org.codehaus.plexus.util.xml.pull.MXParser.more()C @ 8 c2
Event: 0.471 Thread 0x00000288e1d5d6a0 DEOPT PACKING pc=0x00000288f188dc50 sp=0x000000a3b89fe480
Event: 0.471 Thread 0x00000288e1d5d6a0 DEOPT UNPACKING pc=0x00000288f1176da3 sp=0x000000a3b89fe410 mode 2
Event: 0.492 Thread 0x00000288e1d5d6a0 Uncommon trap: trap_request=0xffffff45 fr.pc=0x00000288f18b5e40 relative=0x00000000000004a0
Event: 0.492 Thread 0x00000288e1d5d6a0 Uncommon trap: reason=unstable_if action=reinterpret pc=0x00000288f18b5e40 method=sun.nio.cs.StreamDecoder.implRead([CII)I @ 197 c2
Event: 0.492 Thread 0x00000288e1d5d6a0 DEOPT PACKING pc=0x00000288f18b5e40 sp=0x000000a3b89fda40
Event: 0.492 Thread 0x00000288e1d5d6a0 DEOPT UNPACKING pc=0x00000288f1176da3 sp=0x000000a3b89fd9e0 mode 2
Event: 0.500 Thread 0x00000288e1d5d6a0 DEOPT PACKING pc=0x00000288e9d2985e sp=0x000000a3b89fe150
Event: 0.500 Thread 0x00000288e1d5d6a0 DEOPT UNPACKING pc=0x00000288f1177543 sp=0x000000a3b89fd628 mode 0
Event: 0.501 Thread 0x00000288e1d5d6a0 Uncommon trap: trap_request=0xffffffde fr.pc=0x00000288f189c2f0 relative=0x0000000000000670
Event: 0.501 Thread 0x00000288e1d5d6a0 Uncommon trap: reason=class_check action=maybe_recompile pc=0x00000288f189c2f0 method=java.util.regex.Matcher.search(I)Z @ 121 c2
Event: 0.501 Thread 0x00000288e1d5d6a0 DEOPT PACKING pc=0x00000288f189c2f0 sp=0x000000a3b89fe240
Event: 0.501 Thread 0x00000288e1d5d6a0 DEOPT UNPACKING pc=0x00000288f1176da3 sp=0x000000a3b89fe210 mode 2
Event: 0.501 Thread 0x00000288e1d5d6a0 Uncommon trap: trap_request=0xffffffde fr.pc=0x00000288f18b7f48 relative=0x00000000000001a8
Event: 0.502 Thread 0x00000288e1d5d6a0 Uncommon trap: reason=class_check action=maybe_recompile pc=0x00000288f18b7f48 method=java.nio.Buffer.<init>(IIIILjava/lang/foreign/MemorySegment;)V @ 39 c2
Event: 0.502 Thread 0x00000288e1d5d6a0 DEOPT PACKING pc=0x00000288f18b7f48 sp=0x000000a3b89fdf50
Event: 0.502 Thread 0x00000288e1d5d6a0 DEOPT UNPACKING pc=0x00000288f1176da3 sp=0x000000a3b89fdf28 mode 2

Classes loaded (20 events):
Event: 0.460 Loading class java/lang/reflect/TypeVariable
Event: 0.460 Loading class java/lang/reflect/TypeVariable done
Event: 0.460 Loading class sun/reflect/generics/tree/FormalTypeParameter
Event: 0.460 Loading class sun/reflect/generics/tree/FormalTypeParameter done
Event: 0.460 Loading class sun/reflect/generics/tree/ClassSignature
Event: 0.460 Loading class sun/reflect/generics/tree/Signature
Event: 0.460 Loading class sun/reflect/generics/tree/Signature done
Event: 0.460 Loading class sun/reflect/generics/tree/ClassSignature done
Event: 0.460 Loading class java/lang/reflect/WildcardType
Event: 0.460 Loading class java/lang/reflect/WildcardType done
Event: 0.461 Loading class sun/reflect/generics/tree/TypeVariableSignature
Event: 0.461 Loading class sun/reflect/generics/tree/TypeVariableSignature done
Event: 0.467 Loading class java/lang/annotation/IncompleteAnnotationException
Event: 0.467 Loading class java/lang/annotation/IncompleteAnnotationException done
Event: 0.482 Loading class java/lang/foreign/MemorySegment
Event: 0.483 Loading class java/lang/foreign/Addressable
Event: 0.483 Loading class java/lang/foreign/Addressable done
Event: 0.483 Loading class java/lang/foreign/MemorySegment done
Event: 0.507 Loading class java/util/concurrent/locks/AbstractQueuedSynchronizer$ExclusiveNode
Event: 0.508 Loading class java/util/concurrent/locks/AbstractQueuedSynchronizer$ExclusiveNode done

Classes unloaded (0 events):
No events

Classes redefined (0 events):
No events

Internal exceptions (14 events):
Event: 0.059 Thread 0x00000288e1d5d6a0 Exception <a 'java/lang/NoSuchMethodError'{0x00000007156ca8a0}: 'void java.lang.invoke.DirectMethodHandle$Holder.invokeStatic(java.lang.Object, java.lang.Object, java.lang.Object)'> (0x00000007156ca8a0) 
thrown [s\open\src\hotspot\share\interpreter\linkResolver.cpp, line 774]
Event: 0.063 Thread 0x00000288e1d5d6a0 Exception <a 'java/lang/NoSuchMethodError'{0x0000000715753b58}: 'java.lang.Object java.lang.invoke.Invokers$Holder.invokeExact_MT(java.lang.Object, java.lang.Object, java.lang.Object, java.lang.Object, java.lang.Object)'> (0x0000000715753b58) 
thrown [s\open\src\hotspot\share\interpreter\linkResolver.cpp, line 774]
Event: 0.073 Thread 0x000002888a1bdd50 Exception <a 'java/lang/NoSuchMethodError'{0x00000007157ca968}: 'void java.lang.invoke.DirectMethodHandle$Holder.invokeStatic(java.lang.Object, java.lang.Object)'> (0x00000007157ca968) 
thrown [s\open\src\hotspot\share\interpreter\linkResolver.cpp, line 774]
Event: 0.116 Thread 0x00000288e1d5d6a0 Exception <a 'java/lang/NullPointerException'{0x0000000715253670}> (0x0000000715253670) 
thrown [s\open\src\hotspot\share\interpreter\linkResolver.cpp, line 1374]
Event: 0.244 Thread 0x00000288e1d5d6a0 Exception <a 'java/lang/NullPointerException'{0x00000007153cb480}> (0x00000007153cb480) 
thrown [s\open\src\hotspot\share\interpreter\linkResolver.cpp, line 1374]
Event: 0.244 Thread 0x00000288e1d5d6a0 Exception <a 'java/lang/NullPointerException'{0x00000007153cb760}> (0x00000007153cb760) 
thrown [s\open\src\hotspot\share\interpreter\linkResolver.cpp, line 1374]
Event: 0.244 Thread 0x00000288e1d5d6a0 Exception <a 'java/lang/NullPointerException'{0x00000007153cba40}> (0x00000007153cba40) 
thrown [s\open\src\hotspot\share\interpreter\linkResolver.cpp, line 1374]
Event: 0.245 Thread 0x00000288e1d5d6a0 Exception <a 'java/lang/NullPointerException'{0x00000007153d0d20}> (0x00000007153d0d20) 
thrown [s\open\src\hotspot\share\interpreter\linkResolver.cpp, line 1374]
Event: 0.246 Thread 0x00000288e1d5d6a0 Exception <a 'java/lang/NullPointerException'{0x00000007153e4288}> (0x00000007153e4288) 
thrown [s\open\src\hotspot\share\interpreter\linkResolver.cpp, line 1374]
Event: 0.246 Thread 0x00000288e1d5d6a0 Exception <a 'java/lang/NullPointerException'{0x00000007153e4568}> (0x00000007153e4568) 
thrown [s\open\src\hotspot\share\interpreter\linkResolver.cpp, line 1374]
Event: 0.246 Thread 0x00000288e1d5d6a0 Exception <a 'java/lang/NullPointerException'{0x00000007153e4848}> (0x00000007153e4848) 
thrown [s\open\src\hotspot\share\interpreter\linkResolver.cpp, line 1374]
Event: 0.246 Thread 0x00000288e1d5d6a0 Exception <a 'java/lang/NullPointerException'{0x00000007153e4b28}> (0x00000007153e4b28) 
thrown [s\open\src\hotspot\share\interpreter\linkResolver.cpp, line 1374]
Event: 0.443 Thread 0x00000288e1d5d6a0 Exception <a 'java/lang/NoSuchMethodError'{0x00000007149e1a50}: 'java.lang.Object java.lang.invoke.DirectMethodHandle$Holder.newInvokeSpecial(java.lang.Object, java.lang.Object, java.lang.Object, java.lang.Object, java.lang.Object)'> (0x00000007149e1a50) 
thrown [s\open\src\hotspot\share\interpreter\linkResolver.cpp, line 774]
Event: 0.467 Thread 0x00000288e1d5d6a0 Exception <a 'java/lang/NoClassDefFoundError'{0x000000071473b5b8}: javax/enterprise/inject/Typed> (0x000000071473b5b8) 
thrown [s\open\src\hotspot\share\classfile\systemDictionary.cpp, line 244]

VM Operations (12 events):
Event: 0.069 Executing VM operation: HandshakeAllThreads
Event: 0.069 Executing VM operation: HandshakeAllThreads done
Event: 0.116 Executing VM operation: HandshakeAllThreads
Event: 0.116 Executing VM operation: HandshakeAllThreads done
Event: 0.120 Executing VM operation: HandshakeAllThreads
Event: 0.120 Executing VM operation: HandshakeAllThreads done
Event: 0.465 Executing VM operation: ICBufferFull
Event: 0.465 Executing VM operation: ICBufferFull done
Event: 0.504 Executing VM operation: G1CollectForAllocation
Event: 0.507 Executing VM operation: G1CollectForAllocation done
Event: 0.508 Executing VM operation: HandshakeAllThreads
Event: 0.508 Executing VM operation: HandshakeAllThreads done

Events (20 events):
Event: 0.019 Thread 0x00000288ffb2df50 Thread added: 0x00000288ffb2df50
Event: 0.019 Thread 0x00000288ffb32240 Thread added: 0x00000288ffb32240
Event: 0.019 Thread 0x00000288ffb34b80 Thread added: 0x00000288ffb34b80
Event: 0.019 Thread 0x00000288ffb354b0 Thread added: 0x00000288ffb354b0
Event: 0.019 Thread 0x00000288ffb38120 Thread added: 0x00000288ffb38120
Event: 0.019 Thread 0x00000288ffb38a90 Thread added: 0x00000288ffb38a90
Event: 0.019 Thread 0x00000288ffb3fbd0 Thread added: 0x00000288ffb3fbd0
Event: 0.032 Thread 0x000002888a0e7f70 Thread added: 0x000002888a0e7f70
Event: 0.036 Thread 0x000002888a0ebac0 Thread added: 0x000002888a0ebac0
Event: 0.037 Thread 0x000002888a0ec040 Thread added: 0x000002888a0ec040
Event: 0.037 Thread 0x000002888a0ec8c0 Thread added: 0x000002888a0ec8c0
Event: 0.066 Thread 0x000002888a1bdd50 Thread added: 0x000002888a1bdd50
Event: 0.066 Thread 0x000002888a19bd60 Thread added: 0x000002888a19bd60
Event: 0.314 Thread 0x000002888a5be690 Thread added: 0x000002888a5be690
Event: 0.481 Thread 0x000002888ab45740 Thread added: 0x000002888ab45740
Event: 0.482 Thread 0x000002888ac74640 Thread added: 0x000002888ac74640
Event: 0.484 Thread 0x000002888a684a50 Thread added: 0x000002888a684a50
Event: 0.492 Thread 0x000002888b67ba40 Thread added: 0x000002888b67ba40
Event: 0.492 Thread 0x000002888b534770 Thread added: 0x000002888b534770
Event: 0.493 Thread 0x000002888aeaf610 Thread added: 0x000002888aeaf610


Dynamic libraries:
0x00007ff723020000 - 0x00007ff723030000 	C:\Program Files\Java\jdk-19\bin\java.exe
0x00007fff96db0000 - 0x00007fff96fc6000 	C:\WINDOWS\SYSTEM32\ntdll.dll
0x00007fff95bf0000 - 0x00007fff95cb4000 	C:\WINDOWS\System32\KERNEL32.DLL
0x00007fff94450000 - 0x00007fff947f7000 	C:\WINDOWS\System32\KERNELBASE.dll
0x00007fff94210000 - 0x00007fff94321000 	C:\WINDOWS\System32\ucrtbase.dll
0x00007fff6c300000 - 0x00007fff6c318000 	C:\Program Files\Java\jdk-19\bin\jli.dll
0x00007fff6c2e0000 - 0x00007fff6c2fb000 	C:\Program Files\Java\jdk-19\bin\VCRUNTIME140.dll
0x00007fff94b70000 - 0x00007fff94c22000 	C:\WINDOWS\System32\ADVAPI32.dll
0x00007fff94ac0000 - 0x00007fff94b67000 	C:\WINDOWS\System32\msvcrt.dll
0x00007fff95ff0000 - 0x00007fff96098000 	C:\WINDOWS\System32\sechost.dll
0x00007fff943a0000 - 0x00007fff943c8000 	C:\WINDOWS\System32\bcrypt.dll
0x00007fff95d80000 - 0x00007fff95e95000 	C:\WINDOWS\System32\RPCRT4.dll
0x00007fff95a30000 - 0x00007fff95bde000 	C:\WINDOWS\System32\USER32.dll
0x00007fff949c0000 - 0x00007fff949e6000 	C:\WINDOWS\System32\win32u.dll
0x00007fff959e0000 - 0x00007fff95a09000 	C:\WINDOWS\System32\GDI32.dll
0x00007fff75820000 - 0x00007fff75ab3000 	C:\WINDOWS\WinSxS\amd64_microsoft.windows.common-controls_6595b64144ccf1df_6.0.22621.3235_none_270f74e173860f98\COMCTL32.dll
0x00007fff948a0000 - 0x00007fff949b9000 	C:\WINDOWS\System32\gdi32full.dll
0x00007fff94800000 - 0x00007fff9489a000 	C:\WINDOWS\System32\msvcp_win.dll
0x00007fff8c220000 - 0x00007fff8c22a000 	C:\WINDOWS\SYSTEM32\VERSION.dll
0x00007fff96260000 - 0x00007fff96291000 	C:\WINDOWS\System32\IMM32.DLL
0x00007fff6e510000 - 0x00007fff6e51c000 	C:\Program Files\Java\jdk-19\bin\vcruntime140_1.dll
0x00007fff52b10000 - 0x00007fff52b9e000 	C:\Program Files\Java\jdk-19\bin\msvcp140.dll
0x00007fff12400000 - 0x00007fff130c0000 	C:\Program Files\Java\jdk-19\bin\server\jvm.dll
0x00007fff8b8a0000 - 0x00007fff8b8d4000 	C:\WINDOWS\SYSTEM32\WINMM.dll
0x00007fff852c0000 - 0x00007fff852c9000 	C:\WINDOWS\SYSTEM32\WSOCK32.dll
0x00007fff95cf0000 - 0x00007fff95d61000 	C:\WINDOWS\System32\WS2_32.dll
0x00007fff931d0000 - 0x00007fff931e8000 	C:\WINDOWS\SYSTEM32\kernel.appcore.dll
0x00007fff6c7b0000 - 0x00007fff6c7ba000 	C:\Program Files\Java\jdk-19\bin\jimage.dll
0x00007fff91870000 - 0x00007fff91aa3000 	C:\WINDOWS\SYSTEM32\DBGHELP.DLL
0x00007fff94df0000 - 0x00007fff95178000 	C:\WINDOWS\System32\combase.dll
0x00007fff95280000 - 0x00007fff95357000 	C:\WINDOWS\System32\OLEAUT32.dll
0x00007fff89c40000 - 0x00007fff89c72000 	C:\WINDOWS\SYSTEM32\dbgcore.DLL
0x00007fff943d0000 - 0x00007fff94449000 	C:\WINDOWS\System32\bcryptPrimitives.dll
0x00007fff85260000 - 0x00007fff8526e000 	C:\Program Files\Java\jdk-19\bin\instrument.dll
0x00007fff6af50000 - 0x00007fff6af76000 	C:\Program Files\Java\jdk-19\bin\java.dll
0x00007fff52100000 - 0x00007fff521d7000 	C:\Program Files\Java\jdk-19\bin\jsvml.dll
0x00007fff96330000 - 0x00007fff96b8c000 	C:\WINDOWS\System32\SHELL32.dll
0x00007fff91fc0000 - 0x00007fff928b9000 	C:\WINDOWS\SYSTEM32\windows.storage.dll
0x00007fff91e80000 - 0x00007fff91fbe000 	C:\WINDOWS\SYSTEM32\wintypes.dll
0x00007fff95180000 - 0x00007fff95273000 	C:\WINDOWS\System32\SHCORE.dll
0x00007fff96200000 - 0x00007fff9625e000 	C:\WINDOWS\System32\shlwapi.dll
0x00007fff93fd0000 - 0x00007fff93ff1000 	C:\WINDOWS\SYSTEM32\profapi.dll
0x00007fff52af0000 - 0x00007fff52b08000 	C:\Program Files\Java\jdk-19\bin\zip.dll
0x00007fff5a550000 - 0x00007fff5a563000 	C:\Program Files\Java\jdk-19\bin\net.dll
0x00007fff8d970000 - 0x00007fff8daa6000 	C:\WINDOWS\SYSTEM32\WINHTTP.dll
0x00007fff93640000 - 0x00007fff936a9000 	C:\WINDOWS\system32\mswsock.dll
0x00007fff52cd0000 - 0x00007fff52ce6000 	C:\Program Files\Java\jdk-19\bin\nio.dll
0x00007fff838c0000 - 0x00007fff838da000 	C:\Program Files\JetBrains\IntelliJ IDEA 2022.1.2\bin\breakgen64.dll
0x00007fff6a640000 - 0x00007fff6a648000 	C:\Program Files\Java\jdk-19\bin\extnet.dll
0x0000000069ac0000 - 0x0000000069ae4000 	C:\Users\99293\AppData\Local\Temp\jansi-2.4.0-dd39563328de40bc-jansi.dll
0x00007fff684f0000 - 0x00007fff68500000 	C:\Program Files\Java\jdk-19\bin\verify.dll

dbghelp: loaded successfully - version: 4.0.5 - missing functions: none
symbol engine: initialized successfully - sym options: 0x614 - pdb path: .;C:\Program Files\Java\jdk-19\bin;C:\WINDOWS\SYSTEM32;C:\WINDOWS\WinSxS\amd64_microsoft.windows.common-controls_6595b64144ccf1df_6.0.22621.3235_none_270f74e173860f98;C:\Program Files\Java\jdk-19\bin\server;C:\Program Files\JetBrains\IntelliJ IDEA 2022.1.2\bin;C:\Users\99293\AppData\Local\Temp

VM Arguments:
jvm_args: -Dmaven.multiModuleProjectDirectory=D:\unitedStates original storage\unitedStates duplicates original storage -Dmaven.home=C:\Users\99293\.m2\wrapper\dists\apache-maven-3.8.6-bin\1ks0nkde5v1pk9vtc31i9d0lcd\apache-maven-3.8.6 -Dclassworlds.conf=C:\Users\99293\.m2\wrapper\dists\apache-maven-3.8.6-bin\1ks0nkde5v1pk9vtc31i9d0lcd\apache-maven-3.8.6\bin\m2.conf -Dmaven.ext.class.path=C:\Program Files\JetBrains\IntelliJ IDEA 2022.1.2\plugins\maven\lib\maven-event-listener.jar -javaagent:C:\Program Files\JetBrains\IntelliJ IDEA 2022.1.2\lib\idea_rt.jar=62716:C:\Program Files\JetBrains\IntelliJ IDEA 2022.1.2\bin -Dfile.encoding=UTF-8 
java_command: org.codehaus.classworlds.Launcher -Didea.version=2022.1.2 package
java_class_path (initial): C:\Users\99293\.m2\wrapper\dists\apache-maven-3.8.6-bin\1ks0nkde5v1pk9vtc31i9d0lcd\apache-maven-3.8.6\boot\plexus-classworlds-2.6.0.jar;C:\Users\99293\.m2\wrapper\dists\apache-maven-3.8.6-bin\1ks0nkde5v1pk9vtc31i9d0lcd\apache-maven-3.8.6\boot\plexus-classworlds.license
Launcher Type: SUN_STANDARD

[Global flags]
     intx CICompilerCount                          = 12                                        {product} {ergonomic}
     uint ConcGCThreads                            = 3                                         {product} {ergonomic}
     uint G1ConcRefinementThreads                  = 13                                        {product} {ergonomic}
   size_t G1HeapRegionSize                         = 2097152                                   {product} {ergonomic}
    uintx GCDrainStackTargetSize                   = 64                                        {product} {ergonomic}
   size_t InitialHeapSize                          = 264241152                                 {product} {ergonomic}
   size_t MarkStackSize                            = 4194304                                   {product} {ergonomic}
   size_t MaxHeapSize                              = 4196401152                                {product} {ergonomic}
   size_t MaxNewSize                               = 2516582400                                {product} {ergonomic}
   size_t MinHeapDeltaBytes                        = 2097152                                   {product} {ergonomic}
   size_t MinHeapSize                              = 8388608                                   {product} {ergonomic}
    uintx NonNMethodCodeHeapSize                   = 7602480                                {pd product} {ergonomic}
    uintx NonProfiledCodeHeapSize                  = 122027880                              {pd product} {ergonomic}
    uintx ProfiledCodeHeapSize                     = 122027880                              {pd product} {ergonomic}
    uintx ReservedCodeCacheSize                    = 251658240                              {pd product} {ergonomic}
     bool SegmentedCodeCache                       = true                                      {product} {ergonomic}
   size_t SoftMaxHeapSize                          = 4196401152                             {manageable} {ergonomic}
     bool UseCompressedClassPointers               = true                           {product lp64_product} {ergonomic}
     bool UseCompressedOops                        = true                           {product lp64_product} {ergonomic}
     bool UseG1GC                                  = true                                      {product} {ergonomic}
     bool UseLargePagesIndividualAllocation        = false                                  {pd product} {ergonomic}

Logging:
Log output configuration:
 #0: stdout all=warning uptime,level,tags foldmultilines=false
 #1: stderr all=off uptime,level,tags foldmultilines=false

Environment Variables:
PATH=C:\Program Files\Common Files\Oracle\Java\javapath;C:\Windows\system32;C:\Windows;C:\Windows\System32\Wbem;C:\Windows\System32\WindowsPowerShell\v1.0\;C:\Windows\System32\OpenSSH\;C:\Program Files (x86)\NVIDIA Corporation\PhysX\Common;C:\Program Files\NVIDIA Corporation\NVIDIA NvDLISR;C:\Program Files\Git\cmd;C:\Program Files (x86)\dotnet\;%SystemRoot%\system32;%SystemRoot%;%SystemRoot%\System32\Wbem;%SYSTEMROOT%\System32\WindowsPowerShell\v1.0\;%SYSTEMROOT%\System32\OpenSSH\;C:\Users\99293\AppData\Local\Programs\Python\Python311\Scripts\;C:\Users\99293\AppData\Local\Programs\Python\Python311\;C:\Users\99293\AppData\Local\Microsoft\WindowsApps;;C:\Program Files\JetBrains\IntelliJ IDEA 2022.1.2\bin;;C:\Program Files\heroku\bin
USERNAME=ASUS
OS=Windows_NT
PROCESSOR_IDENTIFIER=Intel64 Family 6 Model 154 Stepping 3, GenuineIntel
TMP=C:\Users\99293\AppData\Local\Temp
TEMP=C:\Users\99293\AppData\Local\Temp



---------------  S Y S T E M  ---------------

OS:
 Windows 11 , 64 bit Build 22621 (10.0.22621.3374)
OS uptime: 1 days 15:51 hours
Hyper-V role detected

CPU: total 16 (initial active 16) (8 cores per cpu, 2 threads per core) family 6 model 154 stepping 3 microcode 0x41c, cx8, cmov, fxsr, ht, mmx, 3dnowpref, sse, sse2, sse3, ssse3, sse4.1, sse4.2, popcnt, lzcnt, tsc, tscinvbit, avx, avx2, aes, erms, clmul, bmi1, bmi2, adx, sha, fma, vzeroupper, clflush, clflushopt, clwb, hv, serialize, rdtscp, rdpid, fsrm

Memory: 4k page, system-wide physical 16005M (2587M free)
TotalPageFile size 18053M (AvailPageFile size 4M)
current process WorkingSet (physical memory assigned to process): 113M, peak: 113M
current process commit charge ("private bytes"): 402M, peak: 403M

vm_info: Java HotSpot(TM) 64-Bit Server VM (19.0.2+7-44) for windows-amd64 JRE (19.0.2+7-44), built on 2022-11-30T18:02:09Z by "mach5one" with MS VC++ 17.1 (VS2022)

END.
