#
# There is insufficient memory for the Java Runtime Environment to continue.
# Native memory allocation (malloc) failed to allocate 1688816 bytes for Chunk::new
# Possible reasons:
#   The system is out of physical RAM or swap space
#   The process is running with CompressedOops enabled, and the Java Heap may be blocking the growth of the native heap
# Possible solutions:
#   Reduce memory load on the system
#   Increase physical memory or swap space
#   Check if swap backing store is full
#   Decrease Java heap size (-Xmx/-Xms)
#   Decrease number of Java threads
#   Decrease Java thread stack sizes (-Xss)
#   Set larger code cache with -XX:ReservedCodeCacheSize=
#   JVM is running with Zero Based Compressed Oops mode in which the Java heap is
#     placed in the first 32GB address space. The Java Heap base address is the
#     maximum limit for the native heap growth. Please use -XX:HeapBaseMinAddress
#     to set the Java Heap base and to place the Java Heap above 32GB virtual address.
# This output file may be truncated or incomplete.
#
#  Out of Memory Error (arena.cpp:184), pid=2136, tid=1352
#
# JRE version: Java(TM) SE Runtime Environment (19.0.2+7) (build 19.0.2+7-44)
# Java VM: Java HotSpot(TM) 64-Bit Server VM (19.0.2+7-44, mixed mode, sharing, tiered, compressed oops, compressed class ptrs, g1 gc, windows-amd64)
# No core dump will be written. Minidumps are not enabled by default on client versions of Windows
#

---------------  S U M M A R Y ------------

Command Line: -Dmaven.multiModuleProjectDirectory=D:\unitedStates_storage-master\unitedStates_storage -Dmaven.home=C:\Users\99293\.m2\wrapper\dists\apache-maven-3.8.6-bin\1ks0nkde5v1pk9vtc31i9d0lcd\apache-maven-3.8.6 -Dclassworlds.conf=C:\Users\99293\.m2\wrapper\dists\apache-maven-3.8.6-bin\1ks0nkde5v1pk9vtc31i9d0lcd\apache-maven-3.8.6\bin\m2.conf -Dmaven.ext.class.path=C:\Program Files\JetBrains\IntelliJ IDEA 2022.1.2\plugins\maven\lib\maven-event-listener.jar -javaagent:C:\Program Files\JetBrains\IntelliJ IDEA 2022.1.2\lib\idea_rt.jar=49890:C:\Program Files\JetBrains\IntelliJ IDEA 2022.1.2\bin -Dfile.encoding=UTF-8 org.codehaus.classworlds.Launcher -Didea.version=2022.1.2 package

Host: 12th Gen Intel(R) Core(TM) i7-12650H, 16 cores, 15G,  Windows 11 , 64 bit Build 22621 (10.0.22621.3958)
Time: Wed Sep 11 22:48:23 2024  Windows 11 , 64 bit Build 22621 (10.0.22621.3958) elapsed time: 4.076540 seconds (0d 0h 0m 4s)

---------------  T H R E A D  ---------------

Current thread (0x00000202ffa3ec60):  JavaThread "C2 CompilerThread1" daemon [_thread_in_native, id=1352, stack(0x0000004b90200000,0x0000004b90300000)]


Current CompileTask:
C2:   4076 7633       4       lombok.javac.JavacAST::buildLocalVar (109 bytes)

Stack: [0x0000004b90200000,0x0000004b90300000]
Native frames: (J=compiled Java code, j=interpreted, Vv=VM code, C=native code)
V  [jvm.dll+0x6ee21a]
V  [jvm.dll+0x85765e]
V  [jvm.dll+0x85904e]
V  [jvm.dll+0x859703]
V  [jvm.dll+0x28298f]
V  [jvm.dll+0xc9adf]
V  [jvm.dll+0xc9e65]
V  [jvm.dll+0x3bca12]
V  [jvm.dll+0x1ee0aa]
V  [jvm.dll+0x24c52b]
V  [jvm.dll+0x24b781]
V  [jvm.dll+0x1d6ce1]
V  [jvm.dll+0x25b25a]
V  [jvm.dll+0x2596e8]
V  [jvm.dll+0x807588]
V  [jvm.dll+0x80125a]
V  [jvm.dll+0x6ecf0b]
C  [ucrtbase.dll+0x29333]
C  [KERNEL32.DLL+0x1257d]
C  [ntdll.dll+0x5af28]


---------------  P R O C E S S  ---------------

Threads class SMR info:
_java_thread_list=0x000002028f368360, length=23, elements={
0x00000202e1b08dc0, 0x00000202ffa20a60, 0x00000202ffa21850, 0x00000202ffa25c70,
0x00000202ffa2bad0, 0x00000202ffa2c760, 0x00000202ffa2d090, 0x00000202ffa328d0,
0x00000202ffa3e140, 0x00000202ffa4e800, 0x00000202ff9f9d70, 0x00000202ffa3f1f0,
0x00000202ffa3e6d0, 0x000002028c2e1570, 0x000002028c247190, 0x00000202ffa3ec60,
0x00000202ffa3c570, 0x00000202ffa3dbb0, 0x00000202ffa3d090, 0x00000202ffa3f780,
0x00000202ffa3bfe0, 0x000002028cefc7c0, 0x000002028cefb180
}

Java Threads: ( => current thread )
  0x00000202e1b08dc0 JavaThread "main" [_thread_in_vm, id=1720, stack(0x0000004b8ec00000,0x0000004b8ed00000)]
  0x00000202ffa20a60 JavaThread "Reference Handler" daemon [_thread_blocked, id=25580, stack(0x0000004b8f300000,0x0000004b8f400000)]
  0x00000202ffa21850 JavaThread "Finalizer" daemon [_thread_blocked, id=21404, stack(0x0000004b8f400000,0x0000004b8f500000)]
  0x00000202ffa25c70 JavaThread "Signal Dispatcher" daemon [_thread_blocked, id=16588, stack(0x0000004b8f500000,0x0000004b8f600000)]
  0x00000202ffa2bad0 JavaThread "Attach Listener" daemon [_thread_blocked, id=10440, stack(0x0000004b8f600000,0x0000004b8f700000)]
  0x00000202ffa2c760 JavaThread "Service Thread" daemon [_thread_blocked, id=22184, stack(0x0000004b8f700000,0x0000004b8f800000)]
  0x00000202ffa2d090 JavaThread "Monitor Deflation Thread" daemon [_thread_blocked, id=5504, stack(0x0000004b8f800000,0x0000004b8f900000)]
  0x00000202ffa328d0 JavaThread "C2 CompilerThread0" daemon [_thread_in_native, id=4344, stack(0x0000004b8f900000,0x0000004b8fa00000)]
  0x00000202ffa3e140 JavaThread "C1 CompilerThread0" daemon [_thread_in_vm, id=25584, stack(0x0000004b8fa00000,0x0000004b8fb00000)]
  0x00000202ffa4e800 JavaThread "Sweeper thread" daemon [_thread_blocked, id=6772, stack(0x0000004b8fb00000,0x0000004b8fc00000)]
  0x00000202ff9f9d70 JavaThread "Common-Cleaner" daemon [_thread_blocked, id=3856, stack(0x0000004b8fc00000,0x0000004b8fd00000)]
  0x00000202ffa3f1f0 JavaThread "C1 CompilerThread1" daemon [_thread_in_native, id=20220, stack(0x0000004b8fd00000,0x0000004b8fe00000)]
  0x00000202ffa3e6d0 JavaThread "C1 CompilerThread2" daemon [_thread_in_native, id=22768, stack(0x0000004b8fe00000,0x0000004b8ff00000)]
  0x000002028c2e1570 JavaThread "Monitor Ctrl-Break" daemon [_thread_in_native, id=24456, stack(0x0000004b8ff00000,0x0000004b90000000)]
  0x000002028c247190 JavaThread "Notification Thread" daemon [_thread_blocked, id=14652, stack(0x0000004b90000000,0x0000004b90100000)]
=>0x00000202ffa3ec60 JavaThread "C2 CompilerThread1" daemon [_thread_in_native, id=1352, stack(0x0000004b90200000,0x0000004b90300000)]
  0x00000202ffa3c570 JavaThread "C1 CompilerThread3" daemon [_thread_in_native, id=11212, stack(0x0000004b90300000,0x0000004b90400000)]
  0x00000202ffa3dbb0 JavaThread "C2 CompilerThread2" daemon [_thread_in_native, id=1056, stack(0x0000004b90400000,0x0000004b90500000)]
  0x00000202ffa3d090 JavaThread "C2 CompilerThread3" daemon [_thread_in_native, id=22556, stack(0x0000004b90500000,0x0000004b90600000)]
  0x00000202ffa3f780 JavaThread "C2 CompilerThread4" daemon [_thread_in_native, id=5480, stack(0x0000004b90600000,0x0000004b90700000)]
  0x00000202ffa3bfe0 JavaThread "C2 CompilerThread5" daemon [_thread_in_native, id=25244, stack(0x0000004b90700000,0x0000004b90800000)]
  0x000002028cefc7c0 JavaThread "C2 CompilerThread6" daemon [_thread_in_vm, id=26080, stack(0x0000004b91600000,0x0000004b91700000)]
  0x000002028cefb180 JavaThread "C2 CompilerThread7" daemon [_thread_in_native, id=8648, stack(0x0000004b91700000,0x0000004b91800000)]

Other Threads:
  0x00000202ffa0cc60 VMThread "VM Thread" [stack: 0x0000004b8f200000,0x0000004b8f300000] [id=24560]
  0x000002028c2de370 WatcherThread "VM Periodic Task Thread" [stack: 0x0000004b90100000,0x0000004b90200000] [id=22060]
  0x00000202e1b79620 WorkerThread "GC Thread#0" [stack: 0x0000004b8ed00000,0x0000004b8ee00000] [id=21736]
  0x000002028c59cfa0 WorkerThread "GC Thread#1" [stack: 0x0000004b90a00000,0x0000004b90b00000] [id=15616]
  0x000002028c59ca00 WorkerThread "GC Thread#2" [stack: 0x0000004b90b00000,0x0000004b90c00000] [id=24764]
  0x000002028c59bbf0 WorkerThread "GC Thread#3" [stack: 0x0000004b90c00000,0x0000004b90d00000] [id=16420]
  0x000002028c59c730 WorkerThread "GC Thread#4" [stack: 0x0000004b90d00000,0x0000004b90e00000] [id=13508]
  0x000002028c59d540 WorkerThread "GC Thread#5" [stack: 0x0000004b90e00000,0x0000004b90f00000] [id=24888]
  0x000002028c59d810 WorkerThread "GC Thread#6" [stack: 0x0000004b90f00000,0x0000004b91000000] [id=2372]
  0x000002028c59bec0 WorkerThread "GC Thread#7" [stack: 0x0000004b91000000,0x0000004b91100000] [id=5044]
  0x000002028cf29050 WorkerThread "GC Thread#8" [stack: 0x0000004b90900000,0x0000004b90a00000] [id=14148]
  0x000002028cf2ba80 WorkerThread "GC Thread#9" [stack: 0x0000004b91100000,0x0000004b91200000] [id=2868]
  0x000002028cf287e0 WorkerThread "GC Thread#10" [stack: 0x0000004b91200000,0x0000004b91300000] [id=26248]
  0x000002028cf28510 WorkerThread "GC Thread#11" [stack: 0x0000004b90800000,0x0000004b90900000] [id=20548]
  0x000002028cf2a400 WorkerThread "GC Thread#12" [stack: 0x0000004b91300000,0x0000004b91400000] [id=23716]
  0x00000202e1a1de00 ConcurrentGCThread "G1 Main Marker" [stack: 0x0000004b8ee00000,0x0000004b8ef00000] [id=21000]
  0x00000202e1a1e740 WorkerThread "G1 Conc#0" [stack: 0x0000004b8ef00000,0x0000004b8f000000] [id=4968]
  0x000002028cf2a9a0 WorkerThread "G1 Conc#1" [stack: 0x0000004b91400000,0x0000004b91500000] [id=24408]
  0x000002028cf29b90 WorkerThread "G1 Conc#2" [stack: 0x0000004b91500000,0x0000004b91600000] [id=23304]
  0x00000202ff8c0ab0 ConcurrentGCThread "G1 Refine#0" [stack: 0x0000004b8f000000,0x0000004b8f100000] [id=19744]
  0x00000202ff8c1500 ConcurrentGCThread "G1 Service" [stack: 0x0000004b8f100000,0x0000004b8f200000] [id=10328]

Threads with active compile tasks:
C2 CompilerThread0     4088 7709   !   4       com.sun.tools.javac.comp.Attr::attribTree (183 bytes)
C1 CompilerThread2     4088 8034       3       java.lang.Module::canRead (86 bytes)
C2 CompilerThread1     4088 7633       4       lombok.javac.JavacAST::buildLocalVar (109 bytes)
C1 CompilerThread3     4088 8037       3       java.lang.WeakPairMap$Pair$Lookup::hashCode (12 bytes)
C2 CompilerThread2     4088 7446       4       lombok.core.AST::buildWithCollection (128 bytes)
C2 CompilerThread3     4088 8001       4       com.sun.tools.javac.tree.JCTree$JCFieldAccess::accept (6 bytes)
C2 CompilerThread4     4088 7997       4       java.util.WeakHashMap::put (160 bytes)
C2 CompilerThread5     4088 7779       4       com.sun.tools.javac.comp.Attr$ResultInfo::<init> (18 bytes)
C2 CompilerThread6     4088 7999       4       java.util.stream.Sink$ChainedReference::end (10 bytes)
C2 CompilerThread7     4088 7394       4       lombok.javac.JavacAST::buildTree (176 bytes)

VM state: not at safepoint (normal execution)

VM Mutex/Monitor currently owned by a thread: None

Heap address: 0x0000000705e00000, size: 4002 MB, Compressed Oops mode: Zero based, Oop shift amount: 3

CDS archive(s) mapped at: [0x0000000800000000-0x0000000800c40000-0x0000000800c40000), size 12845056, SharedBaseAddress: 0x0000000800000000, ArchiveRelocationMode: 0.
Compressed class space mapped at: 0x0000000801000000-0x0000000841000000, reserved size: 1073741824
Narrow klass base: 0x0000000800000000, Narrow klass shift: 0, Narrow klass range: 0x100000000

GC Precious Log:
 CardTable entry size: 512
 Card Set container configuration: InlinePtr #cards 4 size 8 Array Of Cards #cards 16 size 48 Howl #buckets 8 coarsen threshold 3686 Howl Bitmap #cards 512 size 80 coarsen threshold 460 Card regions per heap region 1 cards per card region 4096
 CPUs: 16 total, 16 available
 Memory: 16005M
 Large Page Support: Disabled
 NUMA Support: Disabled
 Compressed Oops: Enabled (Zero based)
 Heap Region Size: 2M
 Heap Min Capacity: 8M
 Heap Initial Capacity: 252M
 Heap Max Capacity: 4002M
 Pre-touch: Disabled
 Parallel Workers: 13
 Concurrent Workers: 3
 Concurrent Refinement Workers: 13
 Periodic GC: Disabled

Heap:
 garbage-first heap   total 243712K, used 106922K [0x0000000705e00000, 0x0000000800000000)
  region size 2048K, 29 young (59392K), 1 survivors (2048K)
 Metaspace       used 28478K, committed 28992K, reserved 1114112K
  class space    used 2972K, committed 3264K, reserved 1048576K

Heap Regions: E=young(eden), S=young(survivor), O=old, HS=humongous(starts), HC=humongous(continues), CS=collection set, F=free, OA=open archive, CA=closed archive, TAMS=top-at-mark-start (previous, next)
|   0|0x0000000705e00000, 0x0000000706000000, 0x0000000706000000|100%| O|  |TAMS 0x0000000706000000, 0x0000000705e00000| Untracked 
|   1|0x0000000706000000, 0x0000000706200000, 0x0000000706200000|100%| O|  |TAMS 0x0000000706200000, 0x0000000706000000| Untracked 
|   2|0x0000000706200000, 0x0000000706400000, 0x0000000706400000|100%| O|  |TAMS 0x0000000706400000, 0x0000000706200000| Untracked 
|   3|0x0000000706400000, 0x0000000706600000, 0x0000000706600000|100%| O|  |TAMS 0x0000000706600000, 0x0000000706400000| Untracked 
|   4|0x0000000706600000, 0x0000000706800000, 0x0000000706800000|100%| O|  |TAMS 0x0000000706800000, 0x0000000706600000| Untracked 
|   5|0x0000000706800000, 0x0000000706a00000, 0x0000000706a00000|100%| O|  |TAMS 0x0000000706a00000, 0x0000000706800000| Untracked 
|   6|0x0000000706a00000, 0x0000000706c00000, 0x0000000706c00000|100%| O|  |TAMS 0x0000000706c00000, 0x0000000706a00000| Untracked 
|   7|0x0000000706c00000, 0x0000000706c00000, 0x0000000706e00000|  0%| F|  |TAMS 0x0000000706c00000, 0x0000000706c00000| Untracked 
|   8|0x0000000706e00000, 0x0000000707000000, 0x0000000707000000|100%| O|  |TAMS 0x0000000707000000, 0x0000000706e00000| Untracked 
|   9|0x0000000707000000, 0x0000000707200000, 0x0000000707200000|100%| O|  |TAMS 0x0000000707200000, 0x0000000707000000| Untracked 
|  10|0x0000000707200000, 0x0000000707400000, 0x0000000707400000|100%| O|  |TAMS 0x0000000707400000, 0x0000000707200000| Untracked 
|  11|0x0000000707400000, 0x0000000707600000, 0x0000000707600000|100%| O|  |TAMS 0x0000000707600000, 0x0000000707400000| Untracked 
|  12|0x0000000707600000, 0x0000000707800000, 0x0000000707800000|100%| O|  |TAMS 0x0000000707800000, 0x0000000707600000| Untracked 
|  13|0x0000000707800000, 0x0000000707a00000, 0x0000000707a00000|100%|HS|  |TAMS 0x0000000707a00000, 0x0000000707800000| Complete 
|  14|0x0000000707a00000, 0x0000000707c00000, 0x0000000707c00000|100%| O|  |TAMS 0x0000000707c00000, 0x0000000707a00000| Untracked 
|  15|0x0000000707c00000, 0x0000000707c00000, 0x0000000707e00000|  0%| F|  |TAMS 0x0000000707c00000, 0x0000000707c00000| Untracked 
|  16|0x0000000707e00000, 0x0000000708000000, 0x0000000708000000|100%| O|  |TAMS 0x0000000708000000, 0x0000000707e00000| Untracked 
|  17|0x0000000708000000, 0x0000000708200000, 0x0000000708200000|100%| O|  |TAMS 0x0000000708200000, 0x0000000708000000| Untracked 
|  18|0x0000000708200000, 0x00000007083be200, 0x0000000708400000| 87%| O|  |TAMS 0x000000070824be00, 0x0000000708200000| Untracked 
|  19|0x0000000708400000, 0x0000000708400000, 0x0000000708600000|  0%| F|  |TAMS 0x0000000708400000, 0x0000000708400000| Untracked 
|  20|0x0000000708600000, 0x0000000708600000, 0x0000000708800000|  0%| F|  |TAMS 0x0000000708600000, 0x0000000708600000| Untracked 
|  21|0x0000000708800000, 0x0000000708800000, 0x0000000708a00000|  0%| F|  |TAMS 0x0000000708800000, 0x0000000708800000| Untracked 
|  22|0x0000000708a00000, 0x0000000708a00000, 0x0000000708c00000|  0%| F|  |TAMS 0x0000000708a00000, 0x0000000708a00000| Untracked 
|  23|0x0000000708c00000, 0x0000000708c00000, 0x0000000708e00000|  0%| F|  |TAMS 0x0000000708c00000, 0x0000000708c00000| Untracked 
|  24|0x0000000708e00000, 0x0000000708e00000, 0x0000000709000000|  0%| F|  |TAMS 0x0000000708e00000, 0x0000000708e00000| Untracked 
|  25|0x0000000709000000, 0x0000000709000000, 0x0000000709200000|  0%| F|  |TAMS 0x0000000709000000, 0x0000000709000000| Untracked 
|  26|0x0000000709200000, 0x0000000709200000, 0x0000000709400000|  0%| F|  |TAMS 0x0000000709200000, 0x0000000709200000| Untracked 
|  27|0x0000000709400000, 0x0000000709400000, 0x0000000709600000|  0%| F|  |TAMS 0x0000000709400000, 0x0000000709400000| Untracked 
|  28|0x0000000709600000, 0x00000007096ac710, 0x0000000709800000| 33%| S|CS|TAMS 0x0000000709600000, 0x0000000709600000| Complete 
|  29|0x0000000709800000, 0x0000000709800000, 0x0000000709a00000|  0%| F|  |TAMS 0x0000000709800000, 0x0000000709800000| Untracked 
|  30|0x0000000709a00000, 0x0000000709a00000, 0x0000000709c00000|  0%| F|  |TAMS 0x0000000709a00000, 0x0000000709a00000| Untracked 
|  31|0x0000000709c00000, 0x0000000709c00000, 0x0000000709e00000|  0%| F|  |TAMS 0x0000000709c00000, 0x0000000709c00000| Untracked 
|  32|0x0000000709e00000, 0x0000000709e00000, 0x000000070a000000|  0%| F|  |TAMS 0x0000000709e00000, 0x0000000709e00000| Untracked 
|  33|0x000000070a000000, 0x000000070a000000, 0x000000070a200000|  0%| F|  |TAMS 0x000000070a000000, 0x000000070a000000| Untracked 
|  34|0x000000070a200000, 0x000000070a200000, 0x000000070a400000|  0%| F|  |TAMS 0x000000070a200000, 0x000000070a200000| Untracked 
|  35|0x000000070a400000, 0x000000070a400000, 0x000000070a600000|  0%| F|  |TAMS 0x000000070a400000, 0x000000070a400000| Untracked 
|  36|0x000000070a600000, 0x000000070a600000, 0x000000070a800000|  0%| F|  |TAMS 0x000000070a600000, 0x000000070a600000| Untracked 
|  37|0x000000070a800000, 0x000000070a800000, 0x000000070aa00000|  0%| F|  |TAMS 0x000000070a800000, 0x000000070a800000| Untracked 
|  38|0x000000070aa00000, 0x000000070aa00000, 0x000000070ac00000|  0%| F|  |TAMS 0x000000070aa00000, 0x000000070aa00000| Untracked 
|  39|0x000000070ac00000, 0x000000070ac00000, 0x000000070ae00000|  0%| F|  |TAMS 0x000000070ac00000, 0x000000070ac00000| Untracked 
|  40|0x000000070ae00000, 0x000000070ae00000, 0x000000070b000000|  0%| F|  |TAMS 0x000000070ae00000, 0x000000070ae00000| Untracked 
|  41|0x000000070b000000, 0x000000070b000000, 0x000000070b200000|  0%| F|  |TAMS 0x000000070b000000, 0x000000070b000000| Untracked 
|  42|0x000000070b200000, 0x000000070b200000, 0x000000070b400000|  0%| F|  |TAMS 0x000000070b200000, 0x000000070b200000| Untracked 
|  43|0x000000070b400000, 0x000000070b400000, 0x000000070b600000|  0%| F|  |TAMS 0x000000070b400000, 0x000000070b400000| Untracked 
|  44|0x000000070b600000, 0x000000070b600000, 0x000000070b800000|  0%| F|  |TAMS 0x000000070b600000, 0x000000070b600000| Untracked 
|  45|0x000000070b800000, 0x000000070b800000, 0x000000070ba00000|  0%| F|  |TAMS 0x000000070b800000, 0x000000070b800000| Untracked 
|  46|0x000000070ba00000, 0x000000070ba00000, 0x000000070bc00000|  0%| F|  |TAMS 0x000000070ba00000, 0x000000070ba00000| Untracked 
|  47|0x000000070bc00000, 0x000000070bc00000, 0x000000070be00000|  0%| F|  |TAMS 0x000000070bc00000, 0x000000070bc00000| Untracked 
|  48|0x000000070be00000, 0x000000070be00000, 0x000000070c000000|  0%| F|  |TAMS 0x000000070be00000, 0x000000070be00000| Untracked 
|  49|0x000000070c000000, 0x000000070c000000, 0x000000070c200000|  0%| F|  |TAMS 0x000000070c000000, 0x000000070c000000| Untracked 
|  50|0x000000070c200000, 0x000000070c200000, 0x000000070c400000|  0%| F|  |TAMS 0x000000070c200000, 0x000000070c200000| Untracked 
|  51|0x000000070c400000, 0x000000070c400000, 0x000000070c600000|  0%| F|  |TAMS 0x000000070c400000, 0x000000070c400000| Untracked 
|  52|0x000000070c600000, 0x000000070c600000, 0x000000070c800000|  0%| F|  |TAMS 0x000000070c600000, 0x000000070c600000| Untracked 
|  53|0x000000070c800000, 0x000000070c800000, 0x000000070ca00000|  0%| F|  |TAMS 0x000000070c800000, 0x000000070c800000| Untracked 
|  54|0x000000070ca00000, 0x000000070ca00000, 0x000000070cc00000|  0%| F|  |TAMS 0x000000070ca00000, 0x000000070ca00000| Untracked 
|  55|0x000000070cc00000, 0x000000070cc00000, 0x000000070ce00000|  0%| F|  |TAMS 0x000000070cc00000, 0x000000070cc00000| Untracked 
|  56|0x000000070ce00000, 0x000000070ce00000, 0x000000070d000000|  0%| F|  |TAMS 0x000000070ce00000, 0x000000070ce00000| Untracked 
|  57|0x000000070d000000, 0x000000070d000000, 0x000000070d200000|  0%| F|  |TAMS 0x000000070d000000, 0x000000070d000000| Untracked 
|  58|0x000000070d200000, 0x000000070d200000, 0x000000070d400000|  0%| F|  |TAMS 0x000000070d200000, 0x000000070d200000| Untracked 
|  59|0x000000070d400000, 0x000000070d400000, 0x000000070d600000|  0%| F|  |TAMS 0x000000070d400000, 0x000000070d400000| Untracked 
|  60|0x000000070d600000, 0x000000070d600000, 0x000000070d800000|  0%| F|  |TAMS 0x000000070d600000, 0x000000070d600000| Untracked 
|  61|0x000000070d800000, 0x000000070d800000, 0x000000070da00000|  0%| F|  |TAMS 0x000000070d800000, 0x000000070d800000| Untracked 
|  62|0x000000070da00000, 0x000000070da00000, 0x000000070dc00000|  0%| F|  |TAMS 0x000000070da00000, 0x000000070da00000| Untracked 
|  63|0x000000070dc00000, 0x000000070dc00000, 0x000000070de00000|  0%| F|  |TAMS 0x000000070dc00000, 0x000000070dc00000| Untracked 
|  64|0x000000070de00000, 0x000000070de00000, 0x000000070e000000|  0%| F|  |TAMS 0x000000070de00000, 0x000000070de00000| Untracked 
|  65|0x000000070e000000, 0x000000070e000000, 0x000000070e200000|  0%| F|  |TAMS 0x000000070e000000, 0x000000070e000000| Untracked 
|  66|0x000000070e200000, 0x000000070e200000, 0x000000070e400000|  0%| F|  |TAMS 0x000000070e200000, 0x000000070e200000| Untracked 
|  67|0x000000070e400000, 0x000000070e400000, 0x000000070e600000|  0%| F|  |TAMS 0x000000070e400000, 0x000000070e400000| Untracked 
|  68|0x000000070e600000, 0x000000070e600000, 0x000000070e800000|  0%| F|  |TAMS 0x000000070e600000, 0x000000070e600000| Untracked 
|  69|0x000000070e800000, 0x000000070e800000, 0x000000070ea00000|  0%| F|  |TAMS 0x000000070e800000, 0x000000070e800000| Untracked 
|  70|0x000000070ea00000, 0x000000070ea00000, 0x000000070ec00000|  0%| F|  |TAMS 0x000000070ea00000, 0x000000070ea00000| Untracked 
|  71|0x000000070ec00000, 0x000000070ec00000, 0x000000070ee00000|  0%| F|  |TAMS 0x000000070ec00000, 0x000000070ec00000| Untracked 
|  72|0x000000070ee00000, 0x000000070ee00000, 0x000000070f000000|  0%| F|  |TAMS 0x000000070ee00000, 0x000000070ee00000| Untracked 
|  73|0x000000070f000000, 0x000000070f000000, 0x000000070f200000|  0%| F|  |TAMS 0x000000070f000000, 0x000000070f000000| Untracked 
|  74|0x000000070f200000, 0x000000070f200000, 0x000000070f400000|  0%| F|  |TAMS 0x000000070f200000, 0x000000070f200000| Untracked 
|  75|0x000000070f400000, 0x000000070f400000, 0x000000070f600000|  0%| F|  |TAMS 0x000000070f400000, 0x000000070f400000| Untracked 
|  76|0x000000070f600000, 0x000000070f600000, 0x000000070f800000|  0%| F|  |TAMS 0x000000070f600000, 0x000000070f600000| Untracked 
|  77|0x000000070f800000, 0x000000070f800000, 0x000000070fa00000|  0%| F|  |TAMS 0x000000070f800000, 0x000000070f800000| Untracked 
|  78|0x000000070fa00000, 0x000000070fa00000, 0x000000070fc00000|  0%| F|  |TAMS 0x000000070fa00000, 0x000000070fa00000| Untracked 
|  79|0x000000070fc00000, 0x000000070fc00000, 0x000000070fe00000|  0%| F|  |TAMS 0x000000070fc00000, 0x000000070fc00000| Untracked 
|  80|0x000000070fe00000, 0x000000070fe00000, 0x0000000710000000|  0%| F|  |TAMS 0x000000070fe00000, 0x000000070fe00000| Untracked 
|  81|0x0000000710000000, 0x0000000710000000, 0x0000000710200000|  0%| F|  |TAMS 0x0000000710000000, 0x0000000710000000| Untracked 
|  82|0x0000000710200000, 0x0000000710200000, 0x0000000710400000|  0%| F|  |TAMS 0x0000000710200000, 0x0000000710200000| Untracked 
|  83|0x0000000710400000, 0x0000000710580ad8, 0x0000000710600000| 75%| E|  |TAMS 0x0000000710400000, 0x0000000710400000| Complete 
|  84|0x0000000710600000, 0x0000000710800000, 0x0000000710800000|100%| E|CS|TAMS 0x0000000710600000, 0x0000000710600000| Complete 
|  85|0x0000000710800000, 0x0000000710a00000, 0x0000000710a00000|100%| E|CS|TAMS 0x0000000710800000, 0x0000000710800000| Complete 
|  86|0x0000000710a00000, 0x0000000710c00000, 0x0000000710c00000|100%| E|CS|TAMS 0x0000000710a00000, 0x0000000710a00000| Complete 
|  87|0x0000000710c00000, 0x0000000710e00000, 0x0000000710e00000|100%| E|CS|TAMS 0x0000000710c00000, 0x0000000710c00000| Complete 
|  88|0x0000000710e00000, 0x0000000711000000, 0x0000000711000000|100%| E|CS|TAMS 0x0000000710e00000, 0x0000000710e00000| Complete 
|  89|0x0000000711000000, 0x0000000711200000, 0x0000000711200000|100%| E|CS|TAMS 0x0000000711000000, 0x0000000711000000| Complete 
|  90|0x0000000711200000, 0x0000000711400000, 0x0000000711400000|100%| E|CS|TAMS 0x0000000711200000, 0x0000000711200000| Complete 
|  91|0x0000000711400000, 0x0000000711600000, 0x0000000711600000|100%| E|CS|TAMS 0x0000000711400000, 0x0000000711400000| Complete 
|  92|0x0000000711600000, 0x0000000711800000, 0x0000000711800000|100%| E|CS|TAMS 0x0000000711600000, 0x0000000711600000| Complete 
|  93|0x0000000711800000, 0x0000000711a00000, 0x0000000711a00000|100%| E|CS|TAMS 0x0000000711800000, 0x0000000711800000| Complete 
|  94|0x0000000711a00000, 0x0000000711c00000, 0x0000000711c00000|100%| E|CS|TAMS 0x0000000711a00000, 0x0000000711a00000| Complete 
|  95|0x0000000711c00000, 0x0000000711e00000, 0x0000000711e00000|100%| E|CS|TAMS 0x0000000711c00000, 0x0000000711c00000| Complete 
|  96|0x0000000711e00000, 0x0000000712000000, 0x0000000712000000|100%| E|CS|TAMS 0x0000000711e00000, 0x0000000711e00000| Complete 
|  97|0x0000000712000000, 0x0000000712200000, 0x0000000712200000|100%| E|CS|TAMS 0x0000000712000000, 0x0000000712000000| Complete 
|  98|0x0000000712200000, 0x0000000712400000, 0x0000000712400000|100%| E|CS|TAMS 0x0000000712200000, 0x0000000712200000| Complete 
|  99|0x0000000712400000, 0x0000000712600000, 0x0000000712600000|100%| E|CS|TAMS 0x0000000712400000, 0x0000000712400000| Complete 
| 100|0x0000000712600000, 0x0000000712800000, 0x0000000712800000|100%| E|CS|TAMS 0x0000000712600000, 0x0000000712600000| Complete 
| 101|0x0000000712800000, 0x0000000712a00000, 0x0000000712a00000|100%| E|CS|TAMS 0x0000000712800000, 0x0000000712800000| Complete 
| 102|0x0000000712a00000, 0x0000000712c00000, 0x0000000712c00000|100%| E|CS|TAMS 0x0000000712a00000, 0x0000000712a00000| Complete 
| 103|0x0000000712c00000, 0x0000000712e00000, 0x0000000712e00000|100%| E|CS|TAMS 0x0000000712c00000, 0x0000000712c00000| Complete 
| 104|0x0000000712e00000, 0x0000000713000000, 0x0000000713000000|100%| E|CS|TAMS 0x0000000712e00000, 0x0000000712e00000| Complete 
| 105|0x0000000713000000, 0x0000000713200000, 0x0000000713200000|100%| E|CS|TAMS 0x0000000713000000, 0x0000000713000000| Complete 
| 106|0x0000000713200000, 0x0000000713400000, 0x0000000713400000|100%| E|CS|TAMS 0x0000000713200000, 0x0000000713200000| Complete 
| 107|0x0000000713400000, 0x0000000713600000, 0x0000000713600000|100%| E|CS|TAMS 0x0000000713400000, 0x0000000713400000| Complete 
| 108|0x0000000713600000, 0x0000000713800000, 0x0000000713800000|100%| E|CS|TAMS 0x0000000713600000, 0x0000000713600000| Complete 
| 109|0x0000000713800000, 0x0000000713a00000, 0x0000000713a00000|100%| E|CS|TAMS 0x0000000713800000, 0x0000000713800000| Complete 
| 125|0x0000000715800000, 0x0000000715a00000, 0x0000000715a00000|100%| E|CS|TAMS 0x0000000715800000, 0x0000000715800000| Complete 
|1993|0x00000007ff000000, 0x00000007ff200000, 0x00000007ff200000|100%| O|  |TAMS 0x00000007ff200000, 0x00000007ff000000| Untracked 
|1994|0x00000007ff200000, 0x00000007ff400000, 0x00000007ff400000|100%| O|  |TAMS 0x00000007ff400000, 0x00000007ff200000| Untracked 
|1995|0x00000007ff400000, 0x00000007ff600000, 0x00000007ff600000|100%| O|  |TAMS 0x00000007ff600000, 0x00000007ff400000| Untracked 
|1996|0x00000007ff600000, 0x00000007ff800000, 0x00000007ff800000|100%| O|  |TAMS 0x00000007ff800000, 0x00000007ff600000| Untracked 
|1997|0x00000007ff800000, 0x00000007ffa00000, 0x00000007ffa00000|100%| O|  |TAMS 0x00000007ffa00000, 0x00000007ff800000| Untracked 
|1998|0x00000007ffa00000, 0x00000007ffc00000, 0x00000007ffc00000|100%| O|  |TAMS 0x00000007ffc00000, 0x00000007ffa00000| Untracked 
|1999|0x00000007ffc00000, 0x00000007ffe00000, 0x00000007ffe00000|100%| O|  |TAMS 0x00000007ffe00000, 0x00000007ffc00000| Untracked 
|2000|0x00000007ffe00000, 0x0000000800000000, 0x0000000800000000|100%| O|  |TAMS 0x0000000800000000, 0x00000007ffe00000| Untracked 

Card table byte_map: [0x00000202fb9e0000,0x00000202fc1c0000] _byte_map_base: 0x00000202f81b1000

Marking Bits (Prev, Next): (CMBitMap*) 0x00000202e1b7abb0, (CMBitMap*) 0x00000202e1b7ab70
 Prev Bits: [0x0000020283e90000, 0x0000020287d18000)
 Next Bits: [0x0000020280000000, 0x0000020283e88000)

Polling page: 0x00000202e1bc0000

Metaspace:

Usage:
  Non-class:     24.91 MB used.
      Class:      2.90 MB used.
       Both:     27.81 MB used.

Virtual space:
  Non-class space:       64.00 MB reserved,      25.19 MB ( 39%) committed,  1 nodes.
      Class space:        1.00 GB reserved,       3.19 MB ( <1%) committed,  1 nodes.
             Both:        1.06 GB reserved,      28.38 MB (  3%) committed. 

Chunk freelists:
   Non-Class:  2.19 MB
       Class:  807.00 KB
        Both:  2.97 MB

MaxMetaspaceSize: unlimited
CompressedClassSpaceSize: 1.00 GB
Initial GC threshold: 21.00 MB
Current GC threshold: 45.88 MB
CDS: on
MetaspaceReclaimPolicy: balanced
 - commit_granule_bytes: 65536.
 - commit_granule_words: 8192.
 - virtual_space_node_default_size: 8388608.
 - enlarge_chunks_in_place: 1.
 - new_chunks_are_fully_committed: 0.
 - uncommit_free_chunks: 1.
 - use_allocation_guard: 0.


Internal statistics:

num_allocs_failed_limit: 3.
num_arena_births: 616.
num_arena_deaths: 0.
num_vsnodes_births: 2.
num_vsnodes_deaths: 0.
num_space_committed: 454.
num_space_uncommitted: 0.
num_chunks_returned_to_freelist: 3.
num_chunks_taken_from_freelist: 1688.
num_chunk_merges: 3.
num_chunk_splits: 1177.
num_chunks_enlarged: 821.
num_inconsistent_stats: 0.

CodeHeap 'non-profiled nmethods': size=119168Kb used=4491Kb max_used=4491Kb free=114676Kb
 bounds [0x00000202f2dd0000, 0x00000202f3240000, 0x00000202fa230000]
CodeHeap 'profiled nmethods': size=119104Kb used=16388Kb max_used=16388Kb free=102715Kb
 bounds [0x00000202eb230000, 0x00000202ec240000, 0x00000202f2680000]
CodeHeap 'non-nmethods': size=7488Kb used=3006Kb max_used=3120Kb free=4481Kb
 bounds [0x00000202f2680000, 0x00000202f29a0000, 0x00000202f2dd0000]
 total_blobs=7757 nmethods=7213 adapters=450
 compilation: enabled
              stopped_count=0, restarted_count=0
 full_count=0

Compilation events (20 events):
Event: 4.064 Thread 0x00000202ffa328d0 nmethod 7982 0x00000202f322b810 code [0x00000202f322b9a0, 0x00000202f322bab8]
Event: 4.064 Thread 0x00000202ffa328d0 7709   !   4       com.sun.tools.javac.comp.Attr::attribTree (183 bytes)
Event: 4.064 Thread 0x00000202ffa3f1f0 nmethod 7998 0x00000202ec20dd10 code [0x00000202ec20dfa0, 0x00000202ec20ef88]
Event: 4.066 Thread 0x000002028cefc7c0 nmethod 7984 0x00000202f322bc10 code [0x00000202f322bda0, 0x00000202f322be38]
Event: 4.066 Thread 0x000002028cefc7c0 8000       4       java.net.URI::equalIgnoringCase (68 bytes)
Event: 4.068 Thread 0x00000202ffa3f1f0 8005       3       com.sun.tools.javac.comp.Annotate::attributeAnnotationNameValuePair (269 bytes)
Event: 4.070 Thread 0x00000202ffa3f1f0 nmethod 8005 0x00000202ec20f410 code [0x00000202ec20f760, 0x00000202ec211218]
Event: 4.070 Thread 0x00000202ffa3e140 8006       3       com.sun.tools.javac.tree.JCTree$JCExpressionStatement::accept (6 bytes)
Event: 4.070 Thread 0x00000202ffa3e6d0 8007       3       com.sun.tools.javac.tree.TreeScanner::visitExec (9 bytes)
Event: 4.070 Thread 0x00000202ffa3e140 nmethod 8006 0x00000202ec211a10 code [0x00000202ec211bc0, 0x00000202ec211da8]
Event: 4.070 Thread 0x00000202ffa3e6d0 nmethod 8007 0x00000202ec211e90 code [0x00000202ec212040, 0x00000202ec212208]
Event: 4.071 Thread 0x00000202ffa3c570 8008   !   3       com.sun.tools.javac.comp.Resolve::selectBest (552 bytes)
Event: 4.071 Thread 0x00000202ffa3f1f0 8009       3       lombok.javac.JavacTreeMaker::Annotation (23 bytes)
Event: 4.072 Thread 0x00000202ffa3f1f0 nmethod 8009 0x00000202ec212310 code [0x00000202ec2124e0, 0x00000202ec212b48]
Event: 4.074 Thread 0x00000202ffa3f1f0 8010       3       lombok.javac.handlers.JavacHandlerUtil::upToTypeNode (39 bytes)
Event: 4.074 Thread 0x00000202ffa3e140 8011       3       java.lang.invoke.LambdaForm$MH/0x000000080132f400::invoke (45 bytes)
Event: 4.075 Thread 0x00000202ffa3c570 nmethod 8008 0x00000202ec212d10 code [0x00000202ec2131e0, 0x00000202ec215948]
Event: 4.075 Thread 0x00000202ffa3f1f0 nmethod 8010 0x00000202ec216690 code [0x00000202ec216880, 0x00000202ec217008]
Event: 4.075 Thread 0x00000202ffa3f1f0 8012       3       lombok.javac.handlers.JavacHandlerUtil::hasAnnotation (7 bytes)
Event: 4.076 Thread 0x00000202ffa3e140 nmethod 8011 0x00000202ec217210 code [0x00000202ec217440, 0x00000202ec217dd8]

GC Heap History (20 events):
Event: 2.557 GC heap before
{Heap before GC invocations=5 (full 0):
 garbage-first heap   total 83968K, used 30294K [0x0000000705e00000, 0x0000000800000000)
  region size 2048K, 5 young (10240K), 4 survivors (8192K)
 Metaspace       used 24461K, committed 24832K, reserved 1114112K
  class space    used 2589K, committed 2752K, reserved 1048576K
}
Event: 2.560 GC heap after
{Heap after GC invocations=6 (full 0):
 garbage-first heap   total 83968K, used 30779K [0x0000000705e00000, 0x0000000800000000)
  region size 2048K, 1 young (2048K), 1 survivors (2048K)
 Metaspace       used 24461K, committed 24832K, reserved 1114112K
  class space    used 2589K, committed 2752K, reserved 1048576K
}
Event: 2.755 GC heap before
{Heap before GC invocations=6 (full 0):
 garbage-first heap   total 83968K, used 55355K [0x0000000705e00000, 0x0000000800000000)
  region size 2048K, 14 young (28672K), 1 survivors (2048K)
 Metaspace       used 24534K, committed 24896K, reserved 1114112K
  class space    used 2589K, committed 2752K, reserved 1048576K
}
Event: 2.759 GC heap after
{Heap after GC invocations=7 (full 0):
 garbage-first heap   total 83968K, used 38912K [0x0000000705e00000, 0x0000000800000000)
  region size 2048K, 2 young (4096K), 2 survivors (4096K)
 Metaspace       used 24534K, committed 24896K, reserved 1114112K
  class space    used 2589K, committed 2752K, reserved 1048576K
}
Event: 2.862 GC heap before
{Heap before GC invocations=7 (full 0):
 garbage-first heap   total 83968K, used 59392K [0x0000000705e00000, 0x0000000800000000)
  region size 2048K, 12 young (24576K), 2 survivors (4096K)
 Metaspace       used 24937K, committed 25344K, reserved 1114112K
  class space    used 2629K, committed 2880K, reserved 1048576K
}
Event: 2.866 GC heap after
{Heap after GC invocations=8 (full 0):
 garbage-first heap   total 83968K, used 42305K [0x0000000705e00000, 0x0000000800000000)
  region size 2048K, 2 young (4096K), 2 survivors (4096K)
 Metaspace       used 24937K, committed 25344K, reserved 1114112K
  class space    used 2629K, committed 2880K, reserved 1048576K
}
Event: 2.990 GC heap before
{Heap before GC invocations=8 (full 0):
 garbage-first heap   total 83968K, used 60737K [0x0000000705e00000, 0x0000000800000000)
  region size 2048K, 11 young (22528K), 2 survivors (4096K)
 Metaspace       used 25298K, committed 25728K, reserved 1114112K
  class space    used 2650K, committed 2880K, reserved 1048576K
}
Event: 2.995 GC heap after
{Heap after GC invocations=9 (full 0):
 garbage-first heap   total 116736K, used 46022K [0x0000000705e00000, 0x0000000800000000)
  region size 2048K, 2 young (4096K), 2 survivors (4096K)
 Metaspace       used 25298K, committed 25728K, reserved 1114112K
  class space    used 2650K, committed 2880K, reserved 1048576K
}
Event: 3.326 GC heap before
{Heap before GC invocations=10 (full 0):
 garbage-first heap   total 116736K, used 84934K [0x0000000705e00000, 0x0000000800000000)
  region size 2048K, 20 young (40960K), 2 survivors (4096K)
 Metaspace       used 26594K, committed 27008K, reserved 1114112K
  class space    used 2781K, committed 3008K, reserved 1048576K
}
Event: 3.334 GC heap after
{Heap after GC invocations=11 (full 0):
 garbage-first heap   total 116736K, used 52342K [0x0000000705e00000, 0x0000000800000000)
  region size 2048K, 3 young (6144K), 3 survivors (6144K)
 Metaspace       used 26594K, committed 27008K, reserved 1114112K
  class space    used 2781K, committed 3008K, reserved 1048576K
}
Event: 3.387 GC heap before
{Heap before GC invocations=11 (full 0):
 garbage-first heap   total 116736K, used 54390K [0x0000000705e00000, 0x0000000800000000)
  region size 2048K, 4 young (8192K), 3 survivors (6144K)
 Metaspace       used 26738K, committed 27200K, reserved 1114112K
  class space    used 2792K, committed 3008K, reserved 1048576K
}
Event: 3.391 GC heap after
{Heap after GC invocations=12 (full 0):
 garbage-first heap   total 116736K, used 52265K [0x0000000705e00000, 0x0000000800000000)
  region size 2048K, 1 young (2048K), 1 survivors (2048K)
 Metaspace       used 26738K, committed 27200K, reserved 1114112K
  class space    used 2792K, committed 3008K, reserved 1048576K
}
Event: 3.635 GC heap before
{Heap before GC invocations=12 (full 0):
 garbage-first heap   total 116736K, used 82985K [0x0000000705e00000, 0x0000000800000000)
  region size 2048K, 17 young (34816K), 1 survivors (2048K)
 Metaspace       used 27625K, committed 28160K, reserved 1114112K
  class space    used 2877K, committed 3136K, reserved 1048576K
}
Event: 3.636 GC heap after
{Heap after GC invocations=13 (full 0):
 garbage-first heap   total 116736K, used 51894K [0x0000000705e00000, 0x0000000800000000)
  region size 2048K, 1 young (2048K), 1 survivors (2048K)
 Metaspace       used 27625K, committed 28160K, reserved 1114112K
  class space    used 2877K, committed 3136K, reserved 1048576K
}
Event: 3.729 GC heap before
{Heap before GC invocations=14 (full 0):
 garbage-first heap   total 116736K, used 86710K [0x0000000705e00000, 0x0000000800000000)
  region size 2048K, 18 young (36864K), 1 survivors (2048K)
 Metaspace       used 27717K, committed 28224K, reserved 1114112K
  class space    used 2883K, committed 3136K, reserved 1048576K
}
Event: 3.730 GC heap after
{Heap after GC invocations=15 (full 0):
 garbage-first heap   total 116736K, used 51921K [0x0000000705e00000, 0x0000000800000000)
  region size 2048K, 1 young (2048K), 1 survivors (2048K)
 Metaspace       used 27717K, committed 28224K, reserved 1114112K
  class space    used 2883K, committed 3136K, reserved 1048576K
}
Event: 3.733 GC heap before
{Heap before GC invocations=15 (full 0):
 garbage-first heap   total 116736K, used 53969K [0x0000000705e00000, 0x0000000800000000)
  region size 2048K, 2 young (4096K), 1 survivors (2048K)
 Metaspace       used 27721K, committed 28224K, reserved 1114112K
  class space    used 2883K, committed 3136K, reserved 1048576K
}
Event: 3.735 GC heap after
{Heap after GC invocations=16 (full 0):
 garbage-first heap   total 116736K, used 51446K [0x0000000705e00000, 0x0000000800000000)
  region size 2048K, 1 young (2048K), 1 survivors (2048K)
 Metaspace       used 27721K, committed 28224K, reserved 1114112K
  class space    used 2883K, committed 3136K, reserved 1048576K
}
Event: 3.902 GC heap before
{Heap before GC invocations=16 (full 0):
 garbage-first heap   total 116736K, used 88310K [0x0000000705e00000, 0x0000000800000000)
  region size 2048K, 20 young (40960K), 1 survivors (2048K)
 Metaspace       used 28167K, committed 28672K, reserved 1114112K
  class space    used 2954K, committed 3200K, reserved 1048576K
}
Event: 3.904 GC heap after
{Heap after GC invocations=17 (full 0):
 garbage-first heap   total 243712K, used 51626K [0x0000000705e00000, 0x0000000800000000)
  region size 2048K, 1 young (2048K), 1 survivors (2048K)
 Metaspace       used 28167K, committed 28672K, reserved 1114112K
  class space    used 2954K, committed 3200K, reserved 1048576K
}

Dll operation events (12 events):
Event: 0.005 Loaded shared library C:\Program Files\Java\jdk-19\bin\java.dll
Event: 0.011 Loaded shared library C:\Program Files\Java\jdk-19\bin\jsvml.dll
Event: 0.042 Loaded shared library C:\Program Files\Java\jdk-19\bin\zip.dll
Event: 0.044 Loaded shared library C:\Program Files\Java\jdk-19\bin\instrument.dll
Event: 0.047 Loaded shared library C:\Program Files\Java\jdk-19\bin\net.dll
Event: 0.048 Loaded shared library C:\Program Files\Java\jdk-19\bin\nio.dll
Event: 0.050 Loaded shared library C:\Program Files\Java\jdk-19\bin\zip.dll
Event: 0.063 Loaded shared library C:\Program Files\JetBrains\IntelliJ IDEA 2022.1.2\bin\breakgen64.dll
Event: 0.067 Loaded shared library C:\Program Files\Java\jdk-19\bin\extnet.dll
Event: 0.115 Loaded shared library C:\Program Files\Java\jdk-19\bin\jimage.dll
Event: 0.164 Loaded shared library C:\Users\99293\AppData\Local\Temp\jansi-2.4.0-874e6358de132ef8-jansi.dll
Event: 0.171 Loaded shared library C:\Program Files\Java\jdk-19\bin\verify.dll

Deoptimization events (20 events):
Event: 3.886 Thread 0x00000202e1b08dc0 DEOPT PACKING pc=0x00000202f31a5d30 sp=0x0000004b8ecfd440
Event: 3.886 Thread 0x00000202e1b08dc0 DEOPT UNPACKING pc=0x00000202f26e6da3 sp=0x0000004b8ecfd3c0 mode 2
Event: 3.922 Thread 0x00000202e1b08dc0 DEOPT PACKING pc=0x00000202ec05fd29 sp=0x0000004b8ecfda80
Event: 3.922 Thread 0x00000202e1b08dc0 DEOPT UNPACKING pc=0x00000202f26e7543 sp=0x0000004b8ecfcf60 mode 0
Event: 3.950 Thread 0x00000202e1b08dc0 Uncommon trap: trap_request=0xffffffbe fr.pc=0x00000202f31e4eac relative=0x000000000000820c
Event: 3.950 Thread 0x00000202e1b08dc0 Uncommon trap: reason=profile_predicate action=maybe_recompile pc=0x00000202f31e4eac method=lombok.core.AST.buildWithCollection(Ljava/lang/Class;Ljava/lang/Object;Ljava/util/Collection;I)V @ 69 c2
Event: 3.950 Thread 0x00000202e1b08dc0 DEOPT PACKING pc=0x00000202f31e4eac sp=0x0000004b8ecfd130
Event: 3.950 Thread 0x00000202e1b08dc0 DEOPT UNPACKING pc=0x00000202f26e6da3 sp=0x0000004b8ecfcd40 mode 2
Event: 3.950 Thread 0x00000202e1b08dc0 Uncommon trap: trap_request=0xffffffbe fr.pc=0x00000202f31e4eac relative=0x000000000000820c
Event: 3.950 Thread 0x00000202e1b08dc0 Uncommon trap: reason=profile_predicate action=maybe_recompile pc=0x00000202f31e4eac method=lombok.core.AST.buildWithCollection(Ljava/lang/Class;Ljava/lang/Object;Ljava/util/Collection;I)V @ 69 c2
Event: 3.950 Thread 0x00000202e1b08dc0 DEOPT PACKING pc=0x00000202f31e4eac sp=0x0000004b8ecfd290
Event: 3.950 Thread 0x00000202e1b08dc0 DEOPT UNPACKING pc=0x00000202f26e6da3 sp=0x0000004b8ecfcea0 mode 2
Event: 3.951 Thread 0x00000202e1b08dc0 Uncommon trap: trap_request=0xffffffbe fr.pc=0x00000202f31e4eac relative=0x000000000000820c
Event: 3.951 Thread 0x00000202e1b08dc0 Uncommon trap: reason=profile_predicate action=maybe_recompile pc=0x00000202f31e4eac method=lombok.core.AST.buildWithCollection(Ljava/lang/Class;Ljava/lang/Object;Ljava/util/Collection;I)V @ 69 c2
Event: 3.951 Thread 0x00000202e1b08dc0 DEOPT PACKING pc=0x00000202f31e4eac sp=0x0000004b8ecfd120
Event: 3.951 Thread 0x00000202e1b08dc0 DEOPT UNPACKING pc=0x00000202f26e6da3 sp=0x0000004b8ecfcd30 mode 2
Event: 3.951 Thread 0x00000202e1b08dc0 Uncommon trap: trap_request=0xffffffbe fr.pc=0x00000202f31e4eac relative=0x000000000000820c
Event: 3.951 Thread 0x00000202e1b08dc0 Uncommon trap: reason=profile_predicate action=maybe_recompile pc=0x00000202f31e4eac method=lombok.core.AST.buildWithCollection(Ljava/lang/Class;Ljava/lang/Object;Ljava/util/Collection;I)V @ 69 c2
Event: 3.951 Thread 0x00000202e1b08dc0 DEOPT PACKING pc=0x00000202f31e4eac sp=0x0000004b8ecfd120
Event: 3.951 Thread 0x00000202e1b08dc0 DEOPT UNPACKING pc=0x00000202f26e6da3 sp=0x0000004b8ecfcd30 mode 2

Classes loaded (20 events):
Event: 3.324 Loading class java/util/Vector$1
Event: 3.324 Loading class java/util/Vector$1 done
Event: 3.335 Loading class java/io/PushbackInputStream
Event: 3.335 Loading class java/io/PushbackInputStream done
Event: 3.430 Loading class java/util/Collections$UnmodifiableSortedSet
Event: 3.431 Loading class java/util/Collections$UnmodifiableSortedSet done
Event: 3.509 Loading class java/util/IdentityHashMap$EntrySet
Event: 3.509 Loading class java/util/IdentityHashMap$EntrySet done
Event: 3.509 Loading class java/util/IdentityHashMap$EntryIterator
Event: 3.509 Loading class java/util/IdentityHashMap$EntryIterator done
Event: 3.509 Loading class java/util/IdentityHashMap$EntryIterator$Entry
Event: 3.509 Loading class java/util/IdentityHashMap$EntryIterator$Entry done
Event: 3.792 Loading class java/util/regex/Pattern$SliceI
Event: 3.792 Loading class java/util/regex/Pattern$SliceI done
Event: 3.821 Loading class java/util/regex/Pattern$Loop
Event: 3.821 Loading class java/util/regex/Pattern$Loop done
Event: 3.821 Loading class java/util/regex/Pattern$Prolog
Event: 3.821 Loading class java/util/regex/Pattern$Prolog done
Event: 3.835 Loading class java/util/regex/Pattern$LazyLoop
Event: 3.835 Loading class java/util/regex/Pattern$LazyLoop done

Classes unloaded (0 events):
No events

Classes redefined (0 events):
No events

Internal exceptions (20 events):
Event: 3.101 Thread 0x00000202e1b08dc0 Exception <a 'sun/nio/fs/WindowsException'{0x000000070adf7330}> (0x000000070adf7330) 
thrown [s\open\src\hotspot\share\prims\jni.cpp, line 517]
Event: 3.102 Thread 0x00000202e1b08dc0 Exception <a 'sun/nio/fs/WindowsException'{0x000000070aa05970}> (0x000000070aa05970) 
thrown [s\open\src\hotspot\share\prims\jni.cpp, line 517]
Event: 3.102 Thread 0x00000202e1b08dc0 Exception <a 'sun/nio/fs/WindowsException'{0x000000070aa05cc0}> (0x000000070aa05cc0) 
thrown [s\open\src\hotspot\share\prims\jni.cpp, line 517]
Event: 3.102 Thread 0x00000202e1b08dc0 Exception <a 'sun/nio/fs/WindowsException'{0x000000070aa2d608}> (0x000000070aa2d608) 
thrown [s\open\src\hotspot\share\prims\jni.cpp, line 517]
Event: 3.102 Thread 0x00000202e1b08dc0 Exception <a 'sun/nio/fs/WindowsException'{0x000000070aa2d998}> (0x000000070aa2d998) 
thrown [s\open\src\hotspot\share\prims\jni.cpp, line 517]
Event: 3.102 Thread 0x00000202e1b08dc0 Exception <a 'sun/nio/fs/WindowsException'{0x000000070aa2e9a8}> (0x000000070aa2e9a8) 
thrown [s\open\src\hotspot\share\prims\jni.cpp, line 517]
Event: 3.102 Thread 0x00000202e1b08dc0 Exception <a 'sun/nio/fs/WindowsException'{0x000000070aa2edc8}> (0x000000070aa2edc8) 
thrown [s\open\src\hotspot\share\prims\jni.cpp, line 517]
Event: 3.211 Thread 0x00000202e1b08dc0 Implicit null exception at 0x00000202f2f0ccb3 to 0x00000202f2f0d098
Event: 3.219 Thread 0x00000202e1b08dc0 Implicit null exception at 0x00000202f2f05aeb to 0x00000202f2f05cc4
Event: 3.815 Thread 0x00000202e1b08dc0 Exception <a 'java/lang/NoSuchMethodError'{0x0000000709ecad50}: 'void java.lang.invoke.DirectMethodHandle$Holder.invokeInterface(java.lang.Object, java.lang.Object, java.lang.Object, int)'> (0x0000000709ecad50) 
thrown [s\open\src\hotspot\share\interpreter\linkResolver.cpp, line 774]
Event: 3.816 Thread 0x00000202e1b08dc0 Exception <a 'java/lang/NoSuchMethodError'{0x0000000709ed27e8}: 'void java.lang.invoke.DelegatingMethodHandle$Holder.reinvoke_L(java.lang.Object, java.lang.Object, java.lang.Object, int)'> (0x0000000709ed27e8) 
thrown [s\open\src\hotspot\share\interpreter\linkResolver.cpp, line 774]
Event: 3.819 Thread 0x00000202e1b08dc0 Exception <a 'java/lang/NoSuchMethodError'{0x0000000709f01120}: 'java.lang.Object java.lang.invoke.DirectMethodHandle$Holder.invokeVirtual(java.lang.Object, java.lang.Object, java.lang.Object, java.lang.Object)'> (0x0000000709f01120) 
thrown [s\open\src\hotspot\share\interpreter\linkResolver.cpp, line 774]
Event: 3.820 Thread 0x00000202e1b08dc0 Exception <a 'java/lang/NoSuchMethodError'{0x0000000709f0f440}: 'java.lang.Object java.lang.invoke.DirectMethodHandle$Holder.invokeSpecial(java.lang.Object, java.lang.Object, java.lang.Object, long, java.lang.Object)'> (0x0000000709f0f440) 
thrown [s\open\src\hotspot\share\interpreter\linkResolver.cpp, line 774]
Event: 3.820 Thread 0x00000202e1b08dc0 Exception <a 'java/lang/NoSuchMethodError'{0x0000000709f13390}: 'java.lang.Object java.lang.invoke.DelegatingMethodHandle$Holder.reinvoke_L(java.lang.Object, java.lang.Object, long, java.lang.Object)'> (0x0000000709f13390) 
thrown [s\open\src\hotspot\share\interpreter\linkResolver.cpp, line 774]
Event: 3.822 Thread 0x00000202e1b08dc0 Exception <a 'java/lang/NoSuchMethodError'{0x0000000709f54920}: 'java.lang.Object java.lang.invoke.DirectMethodHandle$Holder.invokeVirtual(java.lang.Object, java.lang.Object, java.lang.Object, java.lang.Object, java.lang.Object, java.lang.Object, java.lang.Object, java.lang.Object, java.lang.Object, java.lang.Object)'> (0x0000000709f54920) 
thrown [s\open\src\hotspot\share\interpreter\linkResolver.cpp, line 774]
Event: 3.844 Thread 0x00000202e1b08dc0 Exception <a 'java/lang/NoSuchMethodError'{0x0000000709c85700}: 'void java.lang.invoke.DirectMethodHandle$Holder.invokeVirtual(java.lang.Object, java.lang.Object)'> (0x0000000709c85700) 
thrown [s\open\src\hotspot\share\interpreter\linkResolver.cpp, line 774]
Event: 3.845 Thread 0x00000202e1b08dc0 Exception <a 'java/lang/NoSuchMethodError'{0x0000000709c901e8}: 'void java.lang.invoke.DirectMethodHandle$Holder.invokeVirtual(java.lang.Object, java.lang.Object, java.lang.Object, java.lang.Object)'> (0x0000000709c901e8) 
thrown [s\open\src\hotspot\share\interpreter\linkResolver.cpp, line 774]
Event: 3.853 Thread 0x00000202e1b08dc0 Exception <a 'java/lang/NoSuchMethodError'{0x0000000709d91358}: 'java.lang.Object java.lang.invoke.DirectMethodHandle$Holder.invokeVirtual(java.lang.Object, java.lang.Object, java.lang.Object, java.lang.Object, java.lang.Object, java.lang.Object)'> (0x0000000709d91358) 
thrown [s\open\src\hotspot\share\interpreter\linkResolver.cpp, line 774]
Event: 3.871 Thread 0x00000202e1b08dc0 Exception <a 'java/lang/NoSuchMethodError'{0x0000000709b12c48}: 'java.lang.Object java.lang.invoke.DirectMethodHandle$Holder.invokeVirtual(java.lang.Object, java.lang.Object, java.lang.Object, java.lang.Object, java.lang.Object)'> (0x0000000709b12c48) 
thrown [s\open\src\hotspot\share\interpreter\linkResolver.cpp, line 774]
Event: 3.875 Thread 0x00000202e1b08dc0 Exception <a 'java/lang/NoSuchMethodError'{0x0000000709b3ce10}: 'java.lang.Object java.lang.invoke.DirectMethodHandle$Holder.invokeVirtual(java.lang.Object, java.lang.Object, long)'> (0x0000000709b3ce10) 
thrown [s\open\src\hotspot\share\interpreter\linkResolver.cpp, line 774]

VM Operations (20 events):
Event: 3.025 Executing VM operation: HandshakeAllThreads
Event: 3.026 Executing VM operation: HandshakeAllThreads done
Event: 3.112 Executing VM operation: ICBufferFull
Event: 3.112 Executing VM operation: ICBufferFull done
Event: 3.326 Executing VM operation: G1CollectForAllocation
Event: 3.334 Executing VM operation: G1CollectForAllocation done
Event: 3.387 Executing VM operation: G1CollectForAllocation
Event: 3.391 Executing VM operation: G1CollectForAllocation done
Event: 3.635 Executing VM operation: G1CollectForAllocation
Event: 3.636 Executing VM operation: G1CollectForAllocation done
Event: 3.649 Executing VM operation: G1PauseRemark
Event: 3.654 Executing VM operation: G1PauseRemark done
Event: 3.663 Executing VM operation: G1PauseCleanup
Event: 3.664 Executing VM operation: G1PauseCleanup done
Event: 3.729 Executing VM operation: G1CollectForAllocation
Event: 3.730 Executing VM operation: G1CollectForAllocation done
Event: 3.733 Executing VM operation: G1CollectForAllocation
Event: 3.735 Executing VM operation: G1CollectForAllocation done
Event: 3.902 Executing VM operation: G1CollectForAllocation
Event: 3.904 Executing VM operation: G1CollectForAllocation done

Events (20 events):
Event: 2.369 Thread 0x00000202ffa4e800 flushing nmethod 0x00000202ebce8c90
Event: 2.369 Thread 0x00000202ffa4e800 flushing nmethod 0x00000202ebcf3e90
Event: 2.369 Thread 0x00000202ffa4e800 flushing nmethod 0x00000202ebcffd90
Event: 2.369 Thread 0x00000202ffa4e800 flushing nmethod 0x00000202ebd34b90
Event: 2.369 Thread 0x00000202ffa4e800 flushing nmethod 0x00000202ebd44b90
Event: 2.369 Thread 0x00000202ffa4e800 flushing nmethod 0x00000202ebd80a90
Event: 2.370 Thread 0x00000202ffa4e800 flushing nmethod 0x00000202ebd8a210
Event: 2.370 Thread 0x00000202ffa4e800 flushing nmethod 0x00000202ebd93990
Event: 2.980 Thread 0x00000202ffa4e800 flushing nmethod 0x00000202f30b9990
Event: 3.017 Thread 0x00000202ffa4e800 flushing nmethod 0x00000202ebcabd10
Event: 3.017 Thread 0x00000202ffa4e800 flushing nmethod 0x00000202ebcb8310
Event: 3.017 Thread 0x00000202ffa4e800 flushing nmethod 0x00000202ebcbee10
Event: 3.017 Thread 0x00000202ffa4e800 flushing nmethod 0x00000202ebcc0190
Event: 3.017 Thread 0x00000202ffa4e800 flushing nmethod 0x00000202ebcc0e90
Event: 3.017 Thread 0x00000202ffa4e800 flushing nmethod 0x00000202ebce1410
Event: 3.017 Thread 0x00000202ffa4e800 flushing nmethod 0x00000202ebcea790
Event: 3.017 Thread 0x00000202ffa4e800 flushing nmethod 0x00000202ebcebb10
Event: 3.017 Thread 0x00000202ffa4e800 flushing nmethod 0x00000202ebcfee90
Event: 3.018 Thread 0x00000202ffa4e800 flushing nmethod 0x00000202ebd73410
Event: 3.019 Thread 0x00000202ffa4e800 flushing nmethod 0x00000202ebdacc10


Dynamic libraries:
0x00007ff722f10000 - 0x00007ff722f20000 	C:\Program Files\Java\jdk-19\bin\java.exe
0x00007ffcac7f0000 - 0x00007ffcaca07000 	C:\WINDOWS\SYSTEM32\ntdll.dll
0x00007ffcabbd0000 - 0x00007ffcabc94000 	C:\WINDOWS\System32\KERNEL32.DLL
0x00007ffca9f70000 - 0x00007ffcaa31d000 	C:\WINDOWS\System32\KERNELBASE.dll
0x00007ffca9c40000 - 0x00007ffca9d51000 	C:\WINDOWS\System32\ucrtbase.dll
0x00007ffc97c10000 - 0x00007ffc97c2b000 	C:\Program Files\Java\jdk-19\bin\VCRUNTIME140.dll
0x00007ffc97d40000 - 0x00007ffc97d58000 	C:\Program Files\Java\jdk-19\bin\jli.dll
0x00007ffcaac30000 - 0x00007ffcaace2000 	C:\WINDOWS\System32\ADVAPI32.dll
0x00007ffcac330000 - 0x00007ffcac3d7000 	C:\WINDOWS\System32\msvcrt.dll
0x00007ffcabd20000 - 0x00007ffcabdc9000 	C:\WINDOWS\System32\sechost.dll
0x00007ffcaa3a0000 - 0x00007ffcaa3c8000 	C:\WINDOWS\System32\bcrypt.dll
0x00007ffcaaed0000 - 0x00007ffcaafe4000 	C:\WINDOWS\System32\RPCRT4.dll
0x00007ffcab1b0000 - 0x00007ffcab35e000 	C:\WINDOWS\System32\USER32.dll
0x00007ffca9d60000 - 0x00007ffca9d86000 	C:\WINDOWS\System32\win32u.dll
0x00007ffc97700000 - 0x00007ffc97993000 	C:\WINDOWS\WinSxS\amd64_microsoft.windows.common-controls_6595b64144ccf1df_6.0.22621.3672_none_2713b9d173822955\COMCTL32.dll
0x00007ffcac5a0000 - 0x00007ffcac5c9000 	C:\WINDOWS\System32\GDI32.dll
0x00007ffcaa3d0000 - 0x00007ffcaa4e9000 	C:\WINDOWS\System32\gdi32full.dll
0x00007ffca9ba0000 - 0x00007ffca9c3a000 	C:\WINDOWS\System32\msvcp_win.dll
0x00007ffca13b0000 - 0x00007ffca13ba000 	C:\WINDOWS\SYSTEM32\VERSION.dll
0x00007ffcaad80000 - 0x00007ffcaadb1000 	C:\WINDOWS\System32\IMM32.DLL
0x00007ffc988c0000 - 0x00007ffc988cc000 	C:\Program Files\Java\jdk-19\bin\vcruntime140_1.dll
0x00007ffc71690000 - 0x00007ffc7171e000 	C:\Program Files\Java\jdk-19\bin\msvcp140.dll
0x00007ffbf9090000 - 0x00007ffbf9d50000 	C:\Program Files\Java\jdk-19\bin\server\jvm.dll
0x00007ffca4760000 - 0x00007ffca4769000 	C:\WINDOWS\SYSTEM32\WSOCK32.dll
0x00007ffca3680000 - 0x00007ffca36b4000 	C:\WINDOWS\SYSTEM32\WINMM.dll
0x00007ffcaab90000 - 0x00007ffcaac01000 	C:\WINDOWS\System32\WS2_32.dll
0x00007ffca8c00000 - 0x00007ffca8c18000 	C:\WINDOWS\SYSTEM32\kernel.appcore.dll
0x00007ffc98660000 - 0x00007ffc9866a000 	C:\Program Files\Java\jdk-19\bin\jimage.dll
0x00007ffca72f0000 - 0x00007ffca7522000 	C:\WINDOWS\SYSTEM32\DBGHELP.DLL
0x00007ffcabec0000 - 0x00007ffcac24d000 	C:\WINDOWS\System32\combase.dll
0x00007ffcabdd0000 - 0x00007ffcabea7000 	C:\WINDOWS\System32\OLEAUT32.dll
0x00007ffc9eb90000 - 0x00007ffc9ebc2000 	C:\WINDOWS\SYSTEM32\dbgcore.DLL
0x00007ffcaa320000 - 0x00007ffcaa39b000 	C:\WINDOWS\System32\bcryptPrimitives.dll
0x00007ffc96630000 - 0x00007ffc9663e000 	C:\Program Files\Java\jdk-19\bin\instrument.dll
0x00007ffc97280000 - 0x00007ffc972a6000 	C:\Program Files\Java\jdk-19\bin\java.dll
0x00007ffc70b80000 - 0x00007ffc70c57000 	C:\Program Files\Java\jdk-19\bin\jsvml.dll
0x00007ffcab360000 - 0x00007ffcabbc8000 	C:\WINDOWS\System32\SHELL32.dll
0x00007ffca7a00000 - 0x00007ffca82fe000 	C:\WINDOWS\SYSTEM32\windows.storage.dll
0x00007ffca78c0000 - 0x00007ffca79ff000 	C:\WINDOWS\SYSTEM32\wintypes.dll
0x00007ffcaadd0000 - 0x00007ffcaaec9000 	C:\WINDOWS\System32\SHCORE.dll
0x00007ffcac3e0000 - 0x00007ffcac43e000 	C:\WINDOWS\System32\shlwapi.dll
0x00007ffca9a10000 - 0x00007ffca9a31000 	C:\WINDOWS\SYSTEM32\profapi.dll
0x00007ffc971e0000 - 0x00007ffc971f8000 	C:\Program Files\Java\jdk-19\bin\zip.dll
0x00007ffc97260000 - 0x00007ffc97273000 	C:\Program Files\Java\jdk-19\bin\net.dll
0x00007ffca52e0000 - 0x00007ffca5416000 	C:\WINDOWS\SYSTEM32\WINHTTP.dll
0x00007ffca9070000 - 0x00007ffca90d9000 	C:\WINDOWS\system32\mswsock.dll
0x00007ffc97200000 - 0x00007ffc97216000 	C:\Program Files\Java\jdk-19\bin\nio.dll
0x00007ffc950d0000 - 0x00007ffc950ea000 	C:\Program Files\JetBrains\IntelliJ IDEA 2022.1.2\bin\breakgen64.dll
0x00007ffc97db0000 - 0x00007ffc97db8000 	C:\Program Files\Java\jdk-19\bin\extnet.dll
0x0000000069ac0000 - 0x0000000069ae4000 	C:\Users\99293\AppData\Local\Temp\jansi-2.4.0-874e6358de132ef8-jansi.dll
0x00007ffc96870000 - 0x00007ffc96880000 	C:\Program Files\Java\jdk-19\bin\verify.dll

dbghelp: loaded successfully - version: 4.0.5 - missing functions: none
symbol engine: initialized successfully - sym options: 0x614 - pdb path: .;C:\Program Files\Java\jdk-19\bin;C:\WINDOWS\SYSTEM32;C:\WINDOWS\WinSxS\amd64_microsoft.windows.common-controls_6595b64144ccf1df_6.0.22621.3672_none_2713b9d173822955;C:\Program Files\Java\jdk-19\bin\server;C:\Program Files\JetBrains\IntelliJ IDEA 2022.1.2\bin;C:\Users\99293\AppData\Local\Temp

VM Arguments:
jvm_args: -Dmaven.multiModuleProjectDirectory=D:\unitedStates_storage-master\unitedStates_storage -Dmaven.home=C:\Users\99293\.m2\wrapper\dists\apache-maven-3.8.6-bin\1ks0nkde5v1pk9vtc31i9d0lcd\apache-maven-3.8.6 -Dclassworlds.conf=C:\Users\99293\.m2\wrapper\dists\apache-maven-3.8.6-bin\1ks0nkde5v1pk9vtc31i9d0lcd\apache-maven-3.8.6\bin\m2.conf -Dmaven.ext.class.path=C:\Program Files\JetBrains\IntelliJ IDEA 2022.1.2\plugins\maven\lib\maven-event-listener.jar -javaagent:C:\Program Files\JetBrains\IntelliJ IDEA 2022.1.2\lib\idea_rt.jar=49890:C:\Program Files\JetBrains\IntelliJ IDEA 2022.1.2\bin -Dfile.encoding=UTF-8 
java_command: org.codehaus.classworlds.Launcher -Didea.version=2022.1.2 package
java_class_path (initial): C:\Users\99293\.m2\wrapper\dists\apache-maven-3.8.6-bin\1ks0nkde5v1pk9vtc31i9d0lcd\apache-maven-3.8.6\boot\plexus-classworlds-2.6.0.jar;C:\Users\99293\.m2\wrapper\dists\apache-maven-3.8.6-bin\1ks0nkde5v1pk9vtc31i9d0lcd\apache-maven-3.8.6\boot\plexus-classworlds.license
Launcher Type: SUN_STANDARD

[Global flags]
     intx CICompilerCount                          = 12                                        {product} {ergonomic}
     uint ConcGCThreads                            = 3                                         {product} {ergonomic}
     uint G1ConcRefinementThreads                  = 13                                        {product} {ergonomic}
   size_t G1HeapRegionSize                         = 2097152                                   {product} {ergonomic}
    uintx GCDrainStackTargetSize                   = 64                                        {product} {ergonomic}
   size_t InitialHeapSize                          = 264241152                                 {product} {ergonomic}
   size_t MarkStackSize                            = 4194304                                   {product} {ergonomic}
   size_t MaxHeapSize                              = 4196401152                                {product} {ergonomic}
   size_t MaxNewSize                               = 2516582400                                {product} {ergonomic}
   size_t MinHeapDeltaBytes                        = 2097152                                   {product} {ergonomic}
   size_t MinHeapSize                              = 8388608                                   {product} {ergonomic}
    uintx NonNMethodCodeHeapSize                   = 7602480                                {pd product} {ergonomic}
    uintx NonProfiledCodeHeapSize                  = 122027880                              {pd product} {ergonomic}
    uintx ProfiledCodeHeapSize                     = 122027880                              {pd product} {ergonomic}
    uintx ReservedCodeCacheSize                    = 251658240                              {pd product} {ergonomic}
     bool SegmentedCodeCache                       = true                                      {product} {ergonomic}
   size_t SoftMaxHeapSize                          = 4196401152                             {manageable} {ergonomic}
     bool UseCompressedClassPointers               = true                           {product lp64_product} {ergonomic}
     bool UseCompressedOops                        = true                           {product lp64_product} {ergonomic}
     bool UseG1GC                                  = true                                      {product} {ergonomic}
     bool UseLargePagesIndividualAllocation        = false                                  {pd product} {ergonomic}

Logging:
Log output configuration:
 #0: stdout all=warning uptime,level,tags foldmultilines=false
 #1: stderr all=off uptime,level,tags foldmultilines=false

Environment Variables:
JAVA_HOME=C:\Program Files\Java\jdk-19
PATH=C:\Program Files\Common Files\Oracle\Java\javapath;C:\Windows\system32;C:\Windows;C:\Windows\System32\Wbem;C:\Windows\System32\WindowsPowerShell\v1.0\;C:\Windows\System32\OpenSSH\;C:\Program Files (x86)\NVIDIA Corporation\PhysX\Common;C:\Program Files\NVIDIA Corporation\NVIDIA NvDLISR;C:\Program Files\Git\cmd;C:\Program Files (x86)\dotnet\;C:\WINDOWS\system32;C:\WINDOWS;C:\WINDOWS\System32\Wbem;C:\WINDOWS\System32\WindowsPowerShell\v1.0\;C:\WINDOWS\System32\OpenSSH\;C:\Program Files\Java\jdk-19\bin;C:\Users\99293\AppData\Local\Programs\Python\Python311\Scripts\;C:\Users\99293\AppData\Local\Programs\Python\Python311\;C:\Users\99293\AppData\Local\Microsoft\WindowsApps;;C:\Program Files\JetBrains\IntelliJ IDEA 2022.1.2\bin;;C:\Program Files\heroku\bin
USERNAME=ASUS
OS=Windows_NT
PROCESSOR_IDENTIFIER=Intel64 Family 6 Model 154 Stepping 3, GenuineIntel
TMP=C:\Users\99293\AppData\Local\Temp
TEMP=C:\Users\99293\AppData\Local\Temp



---------------  S Y S T E M  ---------------

OS:
 Windows 11 , 64 bit Build 22621 (10.0.22621.3958)
OS uptime: 1 days 7:18 hours
Hyper-V role detected

CPU: total 16 (initial active 16) (8 cores per cpu, 2 threads per core) family 6 model 154 stepping 3 microcode 0x41c, cx8, cmov, fxsr, ht, mmx, 3dnowpref, sse, sse2, sse3, ssse3, sse4.1, sse4.2, popcnt, lzcnt, tsc, tscinvbit, avx, avx2, aes, erms, clmul, bmi1, bmi2, adx, sha, fma, vzeroupper, clflush, clflushopt, clwb, hv, serialize, rdtscp, rdpid, fsrm

Memory: 4k page, system-wide physical 16005M (2492M free)
TotalPageFile size 18053M (AvailPageFile size 9M)
current process WorkingSet (physical memory assigned to process): 419M, peak: 419M
current process commit charge ("private bytes"): 541M, peak: 565M

vm_info: Java HotSpot(TM) 64-Bit Server VM (19.0.2+7-44) for windows-amd64 JRE (19.0.2+7-44), built on 2022-11-30T18:02:09Z by "mach5one" with MS VC++ 17.1 (VS2022)

END.
