#
# There is insufficient memory for the Java Runtime Environment to continue.
# Native memory allocation (malloc) failed to allocate 122864 bytes for Chunk::new
# Possible reasons:
#   The system is out of physical RAM or swap space
#   The process is running with CompressedOops enabled, and the Java Heap may be blocking the growth of the native heap
# Possible solutions:
#   Reduce memory load on the system
#   Increase physical memory or swap space
#   Check if swap backing store is full
#   Decrease Java heap size (-Xmx/-Xms)
#   Decrease number of Java threads
#   Decrease Java thread stack sizes (-Xss)
#   Set larger code cache with -XX:ReservedCodeCacheSize=
#   JVM is running with Zero Based Compressed Oops mode in which the Java heap is
#     placed in the first 32GB address space. The Java Heap base address is the
#     maximum limit for the native heap growth. Please use -XX:HeapBaseMinAddress
#     to set the Java Heap base and to place the Java Heap above 32GB virtual address.
# This output file may be truncated or incomplete.
#
#  Out of Memory Error (arena.cpp:184), pid=15236, tid=18908
#
# JRE version: Java(TM) SE Runtime Environment (19.0.2+7) (build 19.0.2+7-44)
# Java VM: Java HotSpot(TM) 64-Bit Server VM (19.0.2+7-44, mixed mode, sharing, tiered, compressed oops, compressed class ptrs, g1 gc, windows-amd64)
# No core dump will be written. Minidumps are not enabled by default on client versions of Windows
#

---------------  S U M M A R Y ------------

Command Line: -Dmaven.multiModuleProjectDirectory=D:\unitedStates_storage-master\unitedStates_storage -Dmaven.home=C:\Users\99293\.m2\wrapper\dists\apache-maven-3.8.6-bin\1ks0nkde5v1pk9vtc31i9d0lcd\apache-maven-3.8.6 -Dclassworlds.conf=C:\Users\99293\.m2\wrapper\dists\apache-maven-3.8.6-bin\1ks0nkde5v1pk9vtc31i9d0lcd\apache-maven-3.8.6\bin\m2.conf -Dmaven.ext.class.path=C:\Program Files\JetBrains\IntelliJ IDEA 2022.1.2\plugins\maven\lib\maven-event-listener.jar -javaagent:C:\Program Files\JetBrains\IntelliJ IDEA 2022.1.2\lib\idea_rt.jar=56954:C:\Program Files\JetBrains\IntelliJ IDEA 2022.1.2\bin -Dfile.encoding=UTF-8 org.codehaus.classworlds.Launcher -Didea.version=2022.1.2 clean

Host: 12th Gen Intel(R) Core(TM) i7-12650H, 16 cores, 15G,  Windows 11 , 64 bit Build 22621 (10.0.22621.3672)
Time: Mon Aug 26 15:52:50 2024  Windows 11 , 64 bit Build 22621 (10.0.22621.3672) elapsed time: 0.281286 seconds (0d 0h 0m 0s)

---------------  T H R E A D  ---------------

Current thread (0x000001c29b53e340):  JavaThread "C2 CompilerThread1" daemon [_thread_in_native, id=18908, stack(0x0000005949b00000,0x0000005949c00000)]


Current CompileTask:
C2:    281  857  s!   4       jdk.internal.loader.URLClassPath::getLoader (194 bytes)

Stack: [0x0000005949b00000,0x0000005949c00000]
Native frames: (J=compiled Java code, j=interpreted, Vv=VM code, C=native code)
V  [jvm.dll+0x6ee21a]
V  [jvm.dll+0x85765e]
V  [jvm.dll+0x85904e]
V  [jvm.dll+0x859703]
V  [jvm.dll+0x28298f]
V  [jvm.dll+0xc9adf]
V  [jvm.dll+0xc9e65]
V  [jvm.dll+0x3bca4c]
V  [jvm.dll+0x3860e1]
V  [jvm.dll+0x38555a]
V  [jvm.dll+0x24c3d9]
V  [jvm.dll+0x24b781]
V  [jvm.dll+0x1d6ce1]
V  [jvm.dll+0x25b25a]
V  [jvm.dll+0x2596e8]
V  [jvm.dll+0x807588]
V  [jvm.dll+0x80125a]
V  [jvm.dll+0x6ecf0b]
C  [ucrtbase.dll+0x29333]
C  [KERNEL32.DLL+0x1257d]
C  [ntdll.dll+0x5af28]


---------------  P R O C E S S  ---------------

Threads class SMR info:
_java_thread_list=0x000001c29b6351b0, length=17, elements={
0x000001c2f2d603f0, 0x000001c2ffc41370, 0x000001c2ffc41f60, 0x000001c2ffc44b60,
0x000001c2ffc48730, 0x000001c2ffc4d070, 0x000001c2ffc4d9a0, 0x000001c2ffc4e600,
0x000001c2ffc52f90, 0x000001c2ffc5dd20, 0x000001c2ffc1a540, 0x000001c29b113250,
0x000001c29b1137d0, 0x000001c29b1cf630, 0x000001c29b1d2f30, 0x000001c29b53e340,
0x000001c29bc2b8c0
}

Java Threads: ( => current thread )
  0x000001c2f2d603f0 JavaThread "main" [_thread_in_vm, id=10196, stack(0x0000005948500000,0x0000005948600000)]
  0x000001c2ffc41370 JavaThread "Reference Handler" daemon [_thread_blocked, id=21192, stack(0x0000005948c00000,0x0000005948d00000)]
  0x000001c2ffc41f60 JavaThread "Finalizer" daemon [_thread_blocked, id=12992, stack(0x0000005948d00000,0x0000005948e00000)]
  0x000001c2ffc44b60 JavaThread "Signal Dispatcher" daemon [_thread_blocked, id=19272, stack(0x0000005948e00000,0x0000005948f00000)]
  0x000001c2ffc48730 JavaThread "Attach Listener" daemon [_thread_blocked, id=21892, stack(0x0000005948f00000,0x0000005949000000)]
  0x000001c2ffc4d070 JavaThread "Service Thread" daemon [_thread_blocked, id=3344, stack(0x0000005949000000,0x0000005949100000)]
  0x000001c2ffc4d9a0 JavaThread "Monitor Deflation Thread" daemon [_thread_blocked, id=4248, stack(0x0000005949100000,0x0000005949200000)]
  0x000001c2ffc4e600 JavaThread "C2 CompilerThread0" daemon [_thread_in_native, id=15920, stack(0x0000005949200000,0x0000005949300000)]
  0x000001c2ffc52f90 JavaThread "C1 CompilerThread0" daemon [_thread_blocked, id=10640, stack(0x0000005949300000,0x0000005949400000)]
  0x000001c2ffc5dd20 JavaThread "Sweeper thread" daemon [_thread_blocked, id=2980, stack(0x0000005949400000,0x0000005949500000)]
  0x000001c2ffc1a540 JavaThread "Common-Cleaner" daemon [_thread_blocked, id=6092, stack(0x0000005949500000,0x0000005949600000)]
  0x000001c29b113250 JavaThread "C1 CompilerThread1" daemon [_thread_blocked, id=1904, stack(0x0000005949600000,0x0000005949700000)]
  0x000001c29b1137d0 JavaThread "C1 CompilerThread2" daemon [_thread_blocked, id=12324, stack(0x0000005949700000,0x0000005949800000)]
  0x000001c29b1cf630 JavaThread "Monitor Ctrl-Break" daemon [_thread_in_native, id=22428, stack(0x0000005949800000,0x0000005949900000)]
  0x000001c29b1d2f30 JavaThread "Notification Thread" daemon [_thread_blocked, id=21924, stack(0x0000005949900000,0x0000005949a00000)]
=>0x000001c29b53e340 JavaThread "C2 CompilerThread1" daemon [_thread_in_native, id=18908, stack(0x0000005949b00000,0x0000005949c00000)]
  0x000001c29bc2b8c0 JavaThread "C1 CompilerThread3" daemon [_thread_in_vm, id=2776, stack(0x0000005949c00000,0x0000005949d00000)]

Other Threads:
  0x000001c2ffc29430 VMThread "VM Thread" [stack: 0x0000005948b00000,0x0000005948c00000] [id=21656]
  0x000001c29b1d4100 WatcherThread "VM Periodic Task Thread" [stack: 0x0000005949a00000,0x0000005949b00000] [id=19864]
  0x000001c2f2dd2a60 WorkerThread "GC Thread#0" [stack: 0x0000005948600000,0x0000005948700000] [id=12520]
  0x000001c2f2de32d0 ConcurrentGCThread "G1 Main Marker" [stack: 0x0000005948700000,0x0000005948800000] [id=7692]
  0x000001c2f2de3c00 WorkerThread "G1 Conc#0" [stack: 0x0000005948800000,0x0000005948900000] [id=22840]
  0x000001c2ffae5aa0 ConcurrentGCThread "G1 Refine#0" [stack: 0x0000005948900000,0x0000005948a00000] [id=1852]
  0x000001c2ffae64e0 ConcurrentGCThread "G1 Service" [stack: 0x0000005948a00000,0x0000005948b00000] [id=15500]

Threads with active compile tasks:
C2 CompilerThread0      298  913   !   4       java.util.concurrent.ConcurrentHashMap::putVal (432 bytes)
C1 CompilerThread0      298  928       3       org.codehaus.plexus.classworlds.realm.ClassRealm::getClassRealmLoadingLock (14 bytes)
C1 CompilerThread1      298  927   !   3       org.codehaus.plexus.classworlds.realm.ClassRealm::loadClassFromSelf (40 bytes)
C1 CompilerThread2      298  929   !   3       java.net.URLClassLoader::findClass (47 bytes)
C2 CompilerThread1      298  857  s!   4       jdk.internal.loader.URLClassPath::getLoader (194 bytes)
C1 CompilerThread3      298  926   !   3       org.codehaus.plexus.classworlds.realm.ClassRealm::loadClassFromImport (21 bytes)

VM state: not at safepoint (normal execution)

VM Mutex/Monitor currently owned by a thread: None

Heap address: 0x0000000705e00000, size: 4002 MB, Compressed Oops mode: Zero based, Oop shift amount: 3

CDS archive(s) mapped at: [0x0000000800000000-0x0000000800c40000-0x0000000800c40000), size 12845056, SharedBaseAddress: 0x0000000800000000, ArchiveRelocationMode: 0.
Compressed class space mapped at: 0x0000000801000000-0x0000000841000000, reserved size: 1073741824
Narrow klass base: 0x0000000800000000, Narrow klass shift: 0, Narrow klass range: 0x100000000

GC Precious Log:
 CardTable entry size: 512
 Card Set container configuration: InlinePtr #cards 4 size 8 Array Of Cards #cards 16 size 48 Howl #buckets 8 coarsen threshold 3686 Howl Bitmap #cards 512 size 80 coarsen threshold 460 Card regions per heap region 1 cards per card region 4096
 CPUs: 16 total, 16 available
 Memory: 16005M
 Large Page Support: Disabled
 NUMA Support: Disabled
 Compressed Oops: Enabled (Zero based)
 Heap Region Size: 2M
 Heap Min Capacity: 8M
 Heap Initial Capacity: 252M
 Heap Max Capacity: 4002M
 Pre-touch: Disabled
 Parallel Workers: 13
 Concurrent Workers: 3
 Concurrent Refinement Workers: 13
 Periodic GC: Disabled

Heap:
 garbage-first heap   total 258048K, used 14336K [0x0000000705e00000, 0x0000000800000000)
  region size 2048K, 8 young (16384K), 0 survivors (0K)
 Metaspace       used 3314K, committed 3392K, reserved 1114112K
  class space    used 303K, committed 320K, reserved 1048576K

Heap Regions: E=young(eden), S=young(survivor), O=old, HS=humongous(starts), HC=humongous(continues), CS=collection set, F=free, OA=open archive, CA=closed archive, TAMS=top-at-mark-start (previous, next)
|   0|0x0000000705e00000, 0x0000000705e00000, 0x0000000706000000|  0%| F|  |TAMS 0x0000000705e00000, 0x0000000705e00000| Untracked 
|   1|0x0000000706000000, 0x0000000706000000, 0x0000000706200000|  0%| F|  |TAMS 0x0000000706000000, 0x0000000706000000| Untracked 
|   2|0x0000000706200000, 0x0000000706200000, 0x0000000706400000|  0%| F|  |TAMS 0x0000000706200000, 0x0000000706200000| Untracked 
|   3|0x0000000706400000, 0x0000000706400000, 0x0000000706600000|  0%| F|  |TAMS 0x0000000706400000, 0x0000000706400000| Untracked 
|   4|0x0000000706600000, 0x0000000706600000, 0x0000000706800000|  0%| F|  |TAMS 0x0000000706600000, 0x0000000706600000| Untracked 
|   5|0x0000000706800000, 0x0000000706800000, 0x0000000706a00000|  0%| F|  |TAMS 0x0000000706800000, 0x0000000706800000| Untracked 
|   6|0x0000000706a00000, 0x0000000706a00000, 0x0000000706c00000|  0%| F|  |TAMS 0x0000000706a00000, 0x0000000706a00000| Untracked 
|   7|0x0000000706c00000, 0x0000000706c00000, 0x0000000706e00000|  0%| F|  |TAMS 0x0000000706c00000, 0x0000000706c00000| Untracked 
|   8|0x0000000706e00000, 0x0000000706e00000, 0x0000000707000000|  0%| F|  |TAMS 0x0000000706e00000, 0x0000000706e00000| Untracked 
|   9|0x0000000707000000, 0x0000000707000000, 0x0000000707200000|  0%| F|  |TAMS 0x0000000707000000, 0x0000000707000000| Untracked 
|  10|0x0000000707200000, 0x0000000707200000, 0x0000000707400000|  0%| F|  |TAMS 0x0000000707200000, 0x0000000707200000| Untracked 
|  11|0x0000000707400000, 0x0000000707400000, 0x0000000707600000|  0%| F|  |TAMS 0x0000000707400000, 0x0000000707400000| Untracked 
|  12|0x0000000707600000, 0x0000000707600000, 0x0000000707800000|  0%| F|  |TAMS 0x0000000707600000, 0x0000000707600000| Untracked 
|  13|0x0000000707800000, 0x0000000707800000, 0x0000000707a00000|  0%| F|  |TAMS 0x0000000707800000, 0x0000000707800000| Untracked 
|  14|0x0000000707a00000, 0x0000000707a00000, 0x0000000707c00000|  0%| F|  |TAMS 0x0000000707a00000, 0x0000000707a00000| Untracked 
|  15|0x0000000707c00000, 0x0000000707c00000, 0x0000000707e00000|  0%| F|  |TAMS 0x0000000707c00000, 0x0000000707c00000| Untracked 
|  16|0x0000000707e00000, 0x0000000707e00000, 0x0000000708000000|  0%| F|  |TAMS 0x0000000707e00000, 0x0000000707e00000| Untracked 
|  17|0x0000000708000000, 0x0000000708000000, 0x0000000708200000|  0%| F|  |TAMS 0x0000000708000000, 0x0000000708000000| Untracked 
|  18|0x0000000708200000, 0x0000000708200000, 0x0000000708400000|  0%| F|  |TAMS 0x0000000708200000, 0x0000000708200000| Untracked 
|  19|0x0000000708400000, 0x0000000708400000, 0x0000000708600000|  0%| F|  |TAMS 0x0000000708400000, 0x0000000708400000| Untracked 
|  20|0x0000000708600000, 0x0000000708600000, 0x0000000708800000|  0%| F|  |TAMS 0x0000000708600000, 0x0000000708600000| Untracked 
|  21|0x0000000708800000, 0x0000000708800000, 0x0000000708a00000|  0%| F|  |TAMS 0x0000000708800000, 0x0000000708800000| Untracked 
|  22|0x0000000708a00000, 0x0000000708a00000, 0x0000000708c00000|  0%| F|  |TAMS 0x0000000708a00000, 0x0000000708a00000| Untracked 
|  23|0x0000000708c00000, 0x0000000708c00000, 0x0000000708e00000|  0%| F|  |TAMS 0x0000000708c00000, 0x0000000708c00000| Untracked 
|  24|0x0000000708e00000, 0x0000000708e00000, 0x0000000709000000|  0%| F|  |TAMS 0x0000000708e00000, 0x0000000708e00000| Untracked 
|  25|0x0000000709000000, 0x0000000709000000, 0x0000000709200000|  0%| F|  |TAMS 0x0000000709000000, 0x0000000709000000| Untracked 
|  26|0x0000000709200000, 0x0000000709200000, 0x0000000709400000|  0%| F|  |TAMS 0x0000000709200000, 0x0000000709200000| Untracked 
|  27|0x0000000709400000, 0x0000000709400000, 0x0000000709600000|  0%| F|  |TAMS 0x0000000709400000, 0x0000000709400000| Untracked 
|  28|0x0000000709600000, 0x0000000709600000, 0x0000000709800000|  0%| F|  |TAMS 0x0000000709600000, 0x0000000709600000| Untracked 
|  29|0x0000000709800000, 0x0000000709800000, 0x0000000709a00000|  0%| F|  |TAMS 0x0000000709800000, 0x0000000709800000| Untracked 
|  30|0x0000000709a00000, 0x0000000709a00000, 0x0000000709c00000|  0%| F|  |TAMS 0x0000000709a00000, 0x0000000709a00000| Untracked 
|  31|0x0000000709c00000, 0x0000000709c00000, 0x0000000709e00000|  0%| F|  |TAMS 0x0000000709c00000, 0x0000000709c00000| Untracked 
|  32|0x0000000709e00000, 0x0000000709e00000, 0x000000070a000000|  0%| F|  |TAMS 0x0000000709e00000, 0x0000000709e00000| Untracked 
|  33|0x000000070a000000, 0x000000070a000000, 0x000000070a200000|  0%| F|  |TAMS 0x000000070a000000, 0x000000070a000000| Untracked 
|  34|0x000000070a200000, 0x000000070a200000, 0x000000070a400000|  0%| F|  |TAMS 0x000000070a200000, 0x000000070a200000| Untracked 
|  35|0x000000070a400000, 0x000000070a400000, 0x000000070a600000|  0%| F|  |TAMS 0x000000070a400000, 0x000000070a400000| Untracked 
|  36|0x000000070a600000, 0x000000070a600000, 0x000000070a800000|  0%| F|  |TAMS 0x000000070a600000, 0x000000070a600000| Untracked 
|  37|0x000000070a800000, 0x000000070a800000, 0x000000070aa00000|  0%| F|  |TAMS 0x000000070a800000, 0x000000070a800000| Untracked 
|  38|0x000000070aa00000, 0x000000070aa00000, 0x000000070ac00000|  0%| F|  |TAMS 0x000000070aa00000, 0x000000070aa00000| Untracked 
|  39|0x000000070ac00000, 0x000000070ac00000, 0x000000070ae00000|  0%| F|  |TAMS 0x000000070ac00000, 0x000000070ac00000| Untracked 
|  40|0x000000070ae00000, 0x000000070ae00000, 0x000000070b000000|  0%| F|  |TAMS 0x000000070ae00000, 0x000000070ae00000| Untracked 
|  41|0x000000070b000000, 0x000000070b000000, 0x000000070b200000|  0%| F|  |TAMS 0x000000070b000000, 0x000000070b000000| Untracked 
|  42|0x000000070b200000, 0x000000070b200000, 0x000000070b400000|  0%| F|  |TAMS 0x000000070b200000, 0x000000070b200000| Untracked 
|  43|0x000000070b400000, 0x000000070b400000, 0x000000070b600000|  0%| F|  |TAMS 0x000000070b400000, 0x000000070b400000| Untracked 
|  44|0x000000070b600000, 0x000000070b600000, 0x000000070b800000|  0%| F|  |TAMS 0x000000070b600000, 0x000000070b600000| Untracked 
|  45|0x000000070b800000, 0x000000070b800000, 0x000000070ba00000|  0%| F|  |TAMS 0x000000070b800000, 0x000000070b800000| Untracked 
|  46|0x000000070ba00000, 0x000000070ba00000, 0x000000070bc00000|  0%| F|  |TAMS 0x000000070ba00000, 0x000000070ba00000| Untracked 
|  47|0x000000070bc00000, 0x000000070bc00000, 0x000000070be00000|  0%| F|  |TAMS 0x000000070bc00000, 0x000000070bc00000| Untracked 
|  48|0x000000070be00000, 0x000000070be00000, 0x000000070c000000|  0%| F|  |TAMS 0x000000070be00000, 0x000000070be00000| Untracked 
|  49|0x000000070c000000, 0x000000070c000000, 0x000000070c200000|  0%| F|  |TAMS 0x000000070c000000, 0x000000070c000000| Untracked 
|  50|0x000000070c200000, 0x000000070c200000, 0x000000070c400000|  0%| F|  |TAMS 0x000000070c200000, 0x000000070c200000| Untracked 
|  51|0x000000070c400000, 0x000000070c400000, 0x000000070c600000|  0%| F|  |TAMS 0x000000070c400000, 0x000000070c400000| Untracked 
|  52|0x000000070c600000, 0x000000070c600000, 0x000000070c800000|  0%| F|  |TAMS 0x000000070c600000, 0x000000070c600000| Untracked 
|  53|0x000000070c800000, 0x000000070c800000, 0x000000070ca00000|  0%| F|  |TAMS 0x000000070c800000, 0x000000070c800000| Untracked 
|  54|0x000000070ca00000, 0x000000070ca00000, 0x000000070cc00000|  0%| F|  |TAMS 0x000000070ca00000, 0x000000070ca00000| Untracked 
|  55|0x000000070cc00000, 0x000000070cc00000, 0x000000070ce00000|  0%| F|  |TAMS 0x000000070cc00000, 0x000000070cc00000| Untracked 
|  56|0x000000070ce00000, 0x000000070ce00000, 0x000000070d000000|  0%| F|  |TAMS 0x000000070ce00000, 0x000000070ce00000| Untracked 
|  57|0x000000070d000000, 0x000000070d000000, 0x000000070d200000|  0%| F|  |TAMS 0x000000070d000000, 0x000000070d000000| Untracked 
|  58|0x000000070d200000, 0x000000070d200000, 0x000000070d400000|  0%| F|  |TAMS 0x000000070d200000, 0x000000070d200000| Untracked 
|  59|0x000000070d400000, 0x000000070d400000, 0x000000070d600000|  0%| F|  |TAMS 0x000000070d400000, 0x000000070d400000| Untracked 
|  60|0x000000070d600000, 0x000000070d600000, 0x000000070d800000|  0%| F|  |TAMS 0x000000070d600000, 0x000000070d600000| Untracked 
|  61|0x000000070d800000, 0x000000070d800000, 0x000000070da00000|  0%| F|  |TAMS 0x000000070d800000, 0x000000070d800000| Untracked 
|  62|0x000000070da00000, 0x000000070da00000, 0x000000070dc00000|  0%| F|  |TAMS 0x000000070da00000, 0x000000070da00000| Untracked 
|  63|0x000000070dc00000, 0x000000070dc00000, 0x000000070de00000|  0%| F|  |TAMS 0x000000070dc00000, 0x000000070dc00000| Untracked 
|  64|0x000000070de00000, 0x000000070de00000, 0x000000070e000000|  0%| F|  |TAMS 0x000000070de00000, 0x000000070de00000| Untracked 
|  65|0x000000070e000000, 0x000000070e000000, 0x000000070e200000|  0%| F|  |TAMS 0x000000070e000000, 0x000000070e000000| Untracked 
|  66|0x000000070e200000, 0x000000070e200000, 0x000000070e400000|  0%| F|  |TAMS 0x000000070e200000, 0x000000070e200000| Untracked 
|  67|0x000000070e400000, 0x000000070e400000, 0x000000070e600000|  0%| F|  |TAMS 0x000000070e400000, 0x000000070e400000| Untracked 
|  68|0x000000070e600000, 0x000000070e600000, 0x000000070e800000|  0%| F|  |TAMS 0x000000070e600000, 0x000000070e600000| Untracked 
|  69|0x000000070e800000, 0x000000070e800000, 0x000000070ea00000|  0%| F|  |TAMS 0x000000070e800000, 0x000000070e800000| Untracked 
|  70|0x000000070ea00000, 0x000000070ea00000, 0x000000070ec00000|  0%| F|  |TAMS 0x000000070ea00000, 0x000000070ea00000| Untracked 
|  71|0x000000070ec00000, 0x000000070ec00000, 0x000000070ee00000|  0%| F|  |TAMS 0x000000070ec00000, 0x000000070ec00000| Untracked 
|  72|0x000000070ee00000, 0x000000070ee00000, 0x000000070f000000|  0%| F|  |TAMS 0x000000070ee00000, 0x000000070ee00000| Untracked 
|  73|0x000000070f000000, 0x000000070f000000, 0x000000070f200000|  0%| F|  |TAMS 0x000000070f000000, 0x000000070f000000| Untracked 
|  74|0x000000070f200000, 0x000000070f200000, 0x000000070f400000|  0%| F|  |TAMS 0x000000070f200000, 0x000000070f200000| Untracked 
|  75|0x000000070f400000, 0x000000070f400000, 0x000000070f600000|  0%| F|  |TAMS 0x000000070f400000, 0x000000070f400000| Untracked 
|  76|0x000000070f600000, 0x000000070f600000, 0x000000070f800000|  0%| F|  |TAMS 0x000000070f600000, 0x000000070f600000| Untracked 
|  77|0x000000070f800000, 0x000000070f800000, 0x000000070fa00000|  0%| F|  |TAMS 0x000000070f800000, 0x000000070f800000| Untracked 
|  78|0x000000070fa00000, 0x000000070fa00000, 0x000000070fc00000|  0%| F|  |TAMS 0x000000070fa00000, 0x000000070fa00000| Untracked 
|  79|0x000000070fc00000, 0x000000070fc00000, 0x000000070fe00000|  0%| F|  |TAMS 0x000000070fc00000, 0x000000070fc00000| Untracked 
|  80|0x000000070fe00000, 0x000000070fe00000, 0x0000000710000000|  0%| F|  |TAMS 0x000000070fe00000, 0x000000070fe00000| Untracked 
|  81|0x0000000710000000, 0x0000000710000000, 0x0000000710200000|  0%| F|  |TAMS 0x0000000710000000, 0x0000000710000000| Untracked 
|  82|0x0000000710200000, 0x0000000710200000, 0x0000000710400000|  0%| F|  |TAMS 0x0000000710200000, 0x0000000710200000| Untracked 
|  83|0x0000000710400000, 0x0000000710400000, 0x0000000710600000|  0%| F|  |TAMS 0x0000000710400000, 0x0000000710400000| Untracked 
|  84|0x0000000710600000, 0x0000000710600000, 0x0000000710800000|  0%| F|  |TAMS 0x0000000710600000, 0x0000000710600000| Untracked 
|  85|0x0000000710800000, 0x0000000710800000, 0x0000000710a00000|  0%| F|  |TAMS 0x0000000710800000, 0x0000000710800000| Untracked 
|  86|0x0000000710a00000, 0x0000000710a00000, 0x0000000710c00000|  0%| F|  |TAMS 0x0000000710a00000, 0x0000000710a00000| Untracked 
|  87|0x0000000710c00000, 0x0000000710c00000, 0x0000000710e00000|  0%| F|  |TAMS 0x0000000710c00000, 0x0000000710c00000| Untracked 
|  88|0x0000000710e00000, 0x0000000710e00000, 0x0000000711000000|  0%| F|  |TAMS 0x0000000710e00000, 0x0000000710e00000| Untracked 
|  89|0x0000000711000000, 0x0000000711000000, 0x0000000711200000|  0%| F|  |TAMS 0x0000000711000000, 0x0000000711000000| Untracked 
|  90|0x0000000711200000, 0x0000000711200000, 0x0000000711400000|  0%| F|  |TAMS 0x0000000711200000, 0x0000000711200000| Untracked 
|  91|0x0000000711400000, 0x0000000711400000, 0x0000000711600000|  0%| F|  |TAMS 0x0000000711400000, 0x0000000711400000| Untracked 
|  92|0x0000000711600000, 0x0000000711600000, 0x0000000711800000|  0%| F|  |TAMS 0x0000000711600000, 0x0000000711600000| Untracked 
|  93|0x0000000711800000, 0x0000000711800000, 0x0000000711a00000|  0%| F|  |TAMS 0x0000000711800000, 0x0000000711800000| Untracked 
|  94|0x0000000711a00000, 0x0000000711a00000, 0x0000000711c00000|  0%| F|  |TAMS 0x0000000711a00000, 0x0000000711a00000| Untracked 
|  95|0x0000000711c00000, 0x0000000711c00000, 0x0000000711e00000|  0%| F|  |TAMS 0x0000000711c00000, 0x0000000711c00000| Untracked 
|  96|0x0000000711e00000, 0x0000000711e00000, 0x0000000712000000|  0%| F|  |TAMS 0x0000000711e00000, 0x0000000711e00000| Untracked 
|  97|0x0000000712000000, 0x0000000712000000, 0x0000000712200000|  0%| F|  |TAMS 0x0000000712000000, 0x0000000712000000| Untracked 
|  98|0x0000000712200000, 0x0000000712200000, 0x0000000712400000|  0%| F|  |TAMS 0x0000000712200000, 0x0000000712200000| Untracked 
|  99|0x0000000712400000, 0x0000000712400000, 0x0000000712600000|  0%| F|  |TAMS 0x0000000712400000, 0x0000000712400000| Untracked 
| 100|0x0000000712600000, 0x0000000712600000, 0x0000000712800000|  0%| F|  |TAMS 0x0000000712600000, 0x0000000712600000| Untracked 
| 101|0x0000000712800000, 0x0000000712800000, 0x0000000712a00000|  0%| F|  |TAMS 0x0000000712800000, 0x0000000712800000| Untracked 
| 102|0x0000000712a00000, 0x0000000712a00000, 0x0000000712c00000|  0%| F|  |TAMS 0x0000000712a00000, 0x0000000712a00000| Untracked 
| 103|0x0000000712c00000, 0x0000000712c00000, 0x0000000712e00000|  0%| F|  |TAMS 0x0000000712c00000, 0x0000000712c00000| Untracked 
| 104|0x0000000712e00000, 0x0000000712e00000, 0x0000000713000000|  0%| F|  |TAMS 0x0000000712e00000, 0x0000000712e00000| Untracked 
| 105|0x0000000713000000, 0x0000000713000000, 0x0000000713200000|  0%| F|  |TAMS 0x0000000713000000, 0x0000000713000000| Untracked 
| 106|0x0000000713200000, 0x0000000713200000, 0x0000000713400000|  0%| F|  |TAMS 0x0000000713200000, 0x0000000713200000| Untracked 
| 107|0x0000000713400000, 0x0000000713400000, 0x0000000713600000|  0%| F|  |TAMS 0x0000000713400000, 0x0000000713400000| Untracked 
| 108|0x0000000713600000, 0x0000000713600000, 0x0000000713800000|  0%| F|  |TAMS 0x0000000713600000, 0x0000000713600000| Untracked 
| 109|0x0000000713800000, 0x0000000713800000, 0x0000000713a00000|  0%| F|  |TAMS 0x0000000713800000, 0x0000000713800000| Untracked 
| 110|0x0000000713a00000, 0x0000000713a00000, 0x0000000713c00000|  0%| F|  |TAMS 0x0000000713a00000, 0x0000000713a00000| Untracked 
| 111|0x0000000713c00000, 0x0000000713c00000, 0x0000000713e00000|  0%| F|  |TAMS 0x0000000713c00000, 0x0000000713c00000| Untracked 
| 112|0x0000000713e00000, 0x0000000713e00000, 0x0000000714000000|  0%| F|  |TAMS 0x0000000713e00000, 0x0000000713e00000| Untracked 
| 113|0x0000000714000000, 0x0000000714000000, 0x0000000714200000|  0%| F|  |TAMS 0x0000000714000000, 0x0000000714000000| Untracked 
| 114|0x0000000714200000, 0x0000000714200000, 0x0000000714400000|  0%| F|  |TAMS 0x0000000714200000, 0x0000000714200000| Untracked 
| 115|0x0000000714400000, 0x0000000714400000, 0x0000000714600000|  0%| F|  |TAMS 0x0000000714400000, 0x0000000714400000| Untracked 
| 116|0x0000000714600000, 0x0000000714600000, 0x0000000714800000|  0%| F|  |TAMS 0x0000000714600000, 0x0000000714600000| Untracked 
| 117|0x0000000714800000, 0x0000000714800000, 0x0000000714a00000|  0%| F|  |TAMS 0x0000000714800000, 0x0000000714800000| Untracked 
| 118|0x0000000714a00000, 0x0000000714a71360, 0x0000000714c00000| 22%| E|  |TAMS 0x0000000714a00000, 0x0000000714a00000| Complete 
| 119|0x0000000714c00000, 0x0000000714e00000, 0x0000000714e00000|100%| E|CS|TAMS 0x0000000714c00000, 0x0000000714c00000| Complete 
| 120|0x0000000714e00000, 0x0000000715000000, 0x0000000715000000|100%| E|CS|TAMS 0x0000000714e00000, 0x0000000714e00000| Complete 
| 121|0x0000000715000000, 0x0000000715200000, 0x0000000715200000|100%| E|CS|TAMS 0x0000000715000000, 0x0000000715000000| Complete 
| 122|0x0000000715200000, 0x0000000715400000, 0x0000000715400000|100%| E|CS|TAMS 0x0000000715200000, 0x0000000715200000| Complete 
| 123|0x0000000715400000, 0x0000000715600000, 0x0000000715600000|100%| E|CS|TAMS 0x0000000715400000, 0x0000000715400000| Complete 
| 124|0x0000000715600000, 0x0000000715800000, 0x0000000715800000|100%| E|CS|TAMS 0x0000000715600000, 0x0000000715600000| Complete 
| 125|0x0000000715800000, 0x0000000715a00000, 0x0000000715a00000|100%| E|CS|TAMS 0x0000000715800000, 0x0000000715800000| Complete 

Card table byte_map: [0x000001c2fbd20000,0x000001c2fc500000] _byte_map_base: 0x000001c2f84f1000

Marking Bits (Prev, Next): (CMBitMap*) 0x000001c2f2dd2f90, (CMBitMap*) 0x000001c2f2dd2fd0
 Prev Bits: [0x000001c28f000000, 0x000001c292e88000)
 Next Bits: [0x000001c292e90000, 0x000001c296d18000)

Polling page: 0x000001c2f2520000

Metaspace:

Usage:
  Non-class:      2.97 MB used.
      Class:    311.52 KB used.
       Both:      3.27 MB used.

Virtual space:
  Non-class space:       64.00 MB reserved,       3.06 MB (  5%) committed,  1 nodes.
      Class space:        1.00 GB reserved,     448.00 KB ( <1%) committed,  1 nodes.
             Both:        1.06 GB reserved,       3.50 MB ( <1%) committed. 

Chunk freelists:
   Non-Class:  2.61 MB
       Class:  3.55 MB
        Both:  6.16 MB

MaxMetaspaceSize: unlimited
CompressedClassSpaceSize: 1.00 GB
Initial GC threshold: 21.00 MB
Current GC threshold: 21.00 MB
CDS: on
MetaspaceReclaimPolicy: balanced
 - commit_granule_bytes: 65536.
 - commit_granule_words: 8192.
 - virtual_space_node_default_size: 8388608.
 - enlarge_chunks_in_place: 1.
 - new_chunks_are_fully_committed: 0.
 - uncommit_free_chunks: 1.
 - use_allocation_guard: 0.


Internal statistics:

num_allocs_failed_limit: 0.
num_arena_births: 40.
num_arena_deaths: 0.
num_vsnodes_births: 2.
num_vsnodes_deaths: 0.
num_space_committed: 56.
num_space_uncommitted: 0.
num_chunks_returned_to_freelist: 0.
num_chunks_taken_from_freelist: 121.
num_chunk_merges: 0.
num_chunk_splits: 79.
num_chunks_enlarged: 57.
num_inconsistent_stats: 0.

CodeHeap 'non-profiled nmethods': size=119168Kb used=265Kb max_used=265Kb free=118902Kb
 bounds [0x000001c287ba0000, 0x000001c287e10000, 0x000001c28f000000]
CodeHeap 'profiled nmethods': size=119104Kb used=1789Kb max_used=1789Kb free=117314Kb
 bounds [0x000001c280000000, 0x000001c280270000, 0x000001c287450000]
CodeHeap 'non-nmethods': size=7488Kb used=2935Kb max_used=2945Kb free=4552Kb
 bounds [0x000001c287450000, 0x000001c287740000, 0x000001c287ba0000]
 total_blobs=1387 nmethods=931 adapters=364
 compilation: enabled
              stopped_count=0, restarted_count=0
 full_count=0

Compilation events (20 events):
Event: 0.275 Thread 0x000001c2ffc4e600  858       4       java.util.zip.ZipFile::ensureOpen (40 bytes)
Event: 0.275 Thread 0x000001c2ffc4e600 nmethod 858 0x000001c287bdde90 code [0x000001c287bde020, 0x000001c287bde0d8]
Event: 0.275 Thread 0x000001c2ffc4e600  859       4       java.util.zip.ZipCoder::hash (36 bytes)
Event: 0.277 Thread 0x000001c29b113250  861       3       java.lang.String::contains (19 bytes)
Event: 0.278 Thread 0x000001c2ffc4e600 nmethod 859 0x000001c287bde190 code [0x000001c287bde340, 0x000001c287bde558]
Event: 0.278 Thread 0x000001c2ffc4e600  860   !   4       jdk.internal.loader.URLClassPath$JarLoader::ensureOpen (36 bytes)
Event: 0.278 Thread 0x000001c29b113250 nmethod 861 0x000001c280188c10 code [0x000001c280188dc0, 0x000001c280189038]
Event: 0.278 Thread 0x000001c29bc2b8c0 nmethod 839 0x000001c280175590 code [0x000001c280176a40, 0x000001c280183d28]
Event: 0.278 Thread 0x000001c29b1137d0  864       3       jdk.internal.loader.Resource::<init> (5 bytes)
Event: 0.279 Thread 0x000001c29b1137d0 nmethod 864 0x000001c280189110 code [0x000001c2801892c0, 0x000001c280189418]
Event: 0.279 Thread 0x000001c29b1137d0  865   !   3       sun.nio.fs.WindowsPath::initOffsets (153 bytes)
Event: 0.279 Thread 0x000001c2ffc4e600 nmethod 860 0x000001c287bde790 code [0x000001c287bde940, 0x000001c287bdead8]
Event: 0.279 Thread 0x000001c2ffc4e600  863       4       java.lang.StringLatin1::inflate (34 bytes)
Event: 0.279 Thread 0x000001c29b113250  866       3       sun.net.www.protocol.jar.Handler::parseURL (173 bytes)
Event: 0.279 Thread 0x000001c2ffc52f90  867       3       sun.net.www.protocol.jar.Handler::parseContextSpec (150 bytes)
Event: 0.279 Thread 0x000001c29bc2b8c0  868       3       sun.net.www.protocol.jar.Handler::indexOfBangSlash (52 bytes)
Event: 0.280 Thread 0x000001c29bc2b8c0 nmethod 868 0x000001c280189510 code [0x000001c280189780, 0x000001c28018a278]
Event: 0.280 Thread 0x000001c29bc2b8c0  869       3       sun.net.www.protocol.jar.Handler::canonicalizeString (72 bytes)
Event: 0.280 Thread 0x000001c29b113250 nmethod 866 0x000001c28018a690 code [0x000001c28018a940, 0x000001c28018b4f8]
Event: 0.280 Thread 0x000001c29b113250  870       3       java.net.URLStreamHandler::setURL (159 bytes)

GC Heap History (0 events):
No events

Dll operation events (12 events):
Event: 0.005 Loaded shared library C:\Program Files\Java\jdk-19\bin\java.dll
Event: 0.021 Loaded shared library C:\Program Files\Java\jdk-19\bin\jsvml.dll
Event: 0.052 Loaded shared library C:\Program Files\Java\jdk-19\bin\zip.dll
Event: 0.055 Loaded shared library C:\Program Files\Java\jdk-19\bin\instrument.dll
Event: 0.058 Loaded shared library C:\Program Files\Java\jdk-19\bin\net.dll
Event: 0.059 Loaded shared library C:\Program Files\Java\jdk-19\bin\nio.dll
Event: 0.061 Loaded shared library C:\Program Files\Java\jdk-19\bin\zip.dll
Event: 0.071 Loaded shared library C:\Program Files\JetBrains\IntelliJ IDEA 2022.1.2\bin\breakgen64.dll
Event: 0.075 Loaded shared library C:\Program Files\Java\jdk-19\bin\extnet.dll
Event: 0.130 Loaded shared library C:\Program Files\Java\jdk-19\bin\jimage.dll
Event: 0.179 Loaded shared library C:\Users\99293\AppData\Local\Temp\jansi-2.4.0-33c0f76bb7f2ea03-jansi.dll
Event: 0.185 Loaded shared library C:\Program Files\Java\jdk-19\bin\verify.dll

Deoptimization events (20 events):
Event: 0.254 Thread 0x000001c2f2d603f0 DEOPT PACKING pc=0x000001c287bd863c sp=0x00000059485fdc80
Event: 0.254 Thread 0x000001c2f2d603f0 DEOPT UNPACKING pc=0x000001c2874b6da3 sp=0x00000059485fdc60 mode 2
Event: 0.256 Thread 0x000001c2f2d603f0 Uncommon trap: trap_request=0xffffff45 fr.pc=0x000001c287bb9cf4 relative=0x00000000000003b4
Event: 0.256 Thread 0x000001c2f2d603f0 Uncommon trap: reason=unstable_if action=reinterpret pc=0x000001c287bb9cf4 method=java.lang.StringLatin1.canEncode(I)Z @ 4 c2
Event: 0.256 Thread 0x000001c2f2d603f0 DEOPT PACKING pc=0x000001c287bb9cf4 sp=0x00000059485fe260
Event: 0.256 Thread 0x000001c2f2d603f0 DEOPT UNPACKING pc=0x000001c2874b6da3 sp=0x00000059485fe188 mode 2
Event: 0.256 Thread 0x000001c2f2d603f0 Uncommon trap: trap_request=0xffffff45 fr.pc=0x000001c287bba5dc relative=0x000000000000039c
Event: 0.256 Thread 0x000001c2f2d603f0 Uncommon trap: reason=unstable_if action=reinterpret pc=0x000001c287bba5dc method=java.lang.AbstractStringBuilder.isLatin1()Z @ 10 c2
Event: 0.256 Thread 0x000001c2f2d603f0 DEOPT PACKING pc=0x000001c287bba5dc sp=0x00000059485fe270
Event: 0.256 Thread 0x000001c2f2d603f0 DEOPT UNPACKING pc=0x000001c2874b6da3 sp=0x00000059485fe1f0 mode 2
Event: 0.256 Thread 0x000001c2f2d603f0 Uncommon trap: trap_request=0xffffff45 fr.pc=0x000001c287bb807c relative=0x000000000000005c
Event: 0.256 Thread 0x000001c2f2d603f0 Uncommon trap: reason=unstable_if action=reinterpret pc=0x000001c287bb807c method=java.lang.AbstractStringBuilder.isLatin1()Z @ 10 c2
Event: 0.256 Thread 0x000001c2f2d603f0 DEOPT PACKING pc=0x000001c287bb807c sp=0x00000059485fe250
Event: 0.256 Thread 0x000001c2f2d603f0 DEOPT UNPACKING pc=0x000001c2874b6da3 sp=0x00000059485fe1e0 mode 2
Event: 0.258 Thread 0x000001c2f2d603f0 Uncommon trap: trap_request=0xffffff45 fr.pc=0x000001c287bb69b8 relative=0x0000000000000038
Event: 0.258 Thread 0x000001c2f2d603f0 Uncommon trap: reason=unstable_if action=reinterpret pc=0x000001c287bb69b8 method=java.lang.StringLatin1.canEncode(I)Z @ 4 c2
Event: 0.258 Thread 0x000001c2f2d603f0 DEOPT PACKING pc=0x000001c287bb69b8 sp=0x00000059485fe1f0
Event: 0.258 Thread 0x000001c2f2d603f0 DEOPT UNPACKING pc=0x000001c2874b6da3 sp=0x00000059485fe180 mode 2
Event: 0.278 Thread 0x000001c2f2d603f0 DEOPT PACKING pc=0x000001c280044ebe sp=0x00000059485fa5c0
Event: 0.278 Thread 0x000001c2f2d603f0 DEOPT UNPACKING pc=0x000001c2874b7543 sp=0x00000059485f9a38 mode 0

Classes loaded (20 events):
Event: 0.226 Loading class java/lang/foreign/MemorySession done
Event: 0.226 Loading class jdk/internal/foreign/MemorySessionImpl done
Event: 0.230 Loading class java/util/concurrent/atomic/AtomicReference
Event: 0.230 Loading class java/util/concurrent/atomic/AtomicReference done
Event: 0.234 Loading class java/text/ParseException
Event: 0.234 Loading class java/text/ParseException done
Event: 0.238 Loading class sun/util/calendar/ZoneInfoFile$Checksum
Event: 0.238 Loading class sun/util/calendar/ZoneInfoFile$Checksum done
Event: 0.239 Loading class jdk/internal/module/ModulePatcher$PatchedModuleReader
Event: 0.239 Loading class jdk/internal/module/ModulePatcher$PatchedModuleReader done
Event: 0.240 Loading class sun/net/www/protocol/jrt/Handler
Event: 0.240 Loading class sun/net/www/protocol/jrt/Handler done
Event: 0.255 Loading class sun/text/resources/cldr/FormatData_en
Event: 0.255 Loading class sun/text/resources/cldr/FormatData_en done
Event: 0.255 Loading class sun/text/resources/cldr/FormatData_en_US
Event: 0.255 Loading class sun/text/resources/cldr/FormatData_en_US done
Event: 0.276 Loading class java/lang/ArrayIndexOutOfBoundsException
Event: 0.276 Loading class java/lang/ArrayIndexOutOfBoundsException done
Event: 0.279 Loading class java/io/FilterReader
Event: 0.279 Loading class java/io/FilterReader done

Classes unloaded (0 events):
No events

Classes redefined (0 events):
No events

Internal exceptions (12 events):
Event: 0.065 Thread 0x000001c2f2d603f0 Exception <a 'java/lang/NoSuchMethodError'{0x00000007156ca8e0}: 'void java.lang.invoke.DirectMethodHandle$Holder.invokeStatic(java.lang.Object, java.lang.Object, java.lang.Object)'> (0x00000007156ca8e0) 
thrown [s\open\src\hotspot\share\interpreter\linkResolver.cpp, line 774]
Event: 0.069 Thread 0x000001c2f2d603f0 Exception <a 'java/lang/NoSuchMethodError'{0x0000000715753b90}: 'java.lang.Object java.lang.invoke.Invokers$Holder.invokeExact_MT(java.lang.Object, java.lang.Object, java.lang.Object, java.lang.Object, java.lang.Object)'> (0x0000000715753b90) 
thrown [s\open\src\hotspot\share\interpreter\linkResolver.cpp, line 774]
Event: 0.077 Thread 0x000001c29b1cf630 Exception <a 'java/lang/NoSuchMethodError'{0x00000007154077f8}: 'void java.lang.invoke.DirectMethodHandle$Holder.invokeStatic(java.lang.Object, java.lang.Object)'> (0x00000007154077f8) 
thrown [s\open\src\hotspot\share\interpreter\linkResolver.cpp, line 774]
Event: 0.128 Thread 0x000001c2f2d603f0 Exception <a 'java/lang/NullPointerException'{0x0000000715254758}> (0x0000000715254758) 
thrown [s\open\src\hotspot\share\interpreter\linkResolver.cpp, line 1374]
Event: 0.180 Thread 0x000001c2f2d603f0 Exception <a 'java/lang/NullPointerException'{0x000000071503cbf8}> (0x000000071503cbf8) 
thrown [s\open\src\hotspot\share\interpreter\linkResolver.cpp, line 1374]
Event: 0.180 Thread 0x000001c2f2d603f0 Exception <a 'java/lang/NullPointerException'{0x000000071503ced8}> (0x000000071503ced8) 
thrown [s\open\src\hotspot\share\interpreter\linkResolver.cpp, line 1374]
Event: 0.180 Thread 0x000001c2f2d603f0 Exception <a 'java/lang/NullPointerException'{0x000000071503d1b8}> (0x000000071503d1b8) 
thrown [s\open\src\hotspot\share\interpreter\linkResolver.cpp, line 1374]
Event: 0.181 Thread 0x000001c2f2d603f0 Exception <a 'java/lang/NullPointerException'{0x0000000715042498}> (0x0000000715042498) 
thrown [s\open\src\hotspot\share\interpreter\linkResolver.cpp, line 1374]
Event: 0.182 Thread 0x000001c2f2d603f0 Exception <a 'java/lang/NullPointerException'{0x0000000715055a00}> (0x0000000715055a00) 
thrown [s\open\src\hotspot\share\interpreter\linkResolver.cpp, line 1374]
Event: 0.182 Thread 0x000001c2f2d603f0 Exception <a 'java/lang/NullPointerException'{0x0000000715055ce0}> (0x0000000715055ce0) 
thrown [s\open\src\hotspot\share\interpreter\linkResolver.cpp, line 1374]
Event: 0.182 Thread 0x000001c2f2d603f0 Exception <a 'java/lang/NullPointerException'{0x0000000715055fc0}> (0x0000000715055fc0) 
thrown [s\open\src\hotspot\share\interpreter\linkResolver.cpp, line 1374]
Event: 0.182 Thread 0x000001c2f2d603f0 Exception <a 'java/lang/NullPointerException'{0x00000007150562a0}> (0x00000007150562a0) 
thrown [s\open\src\hotspot\share\interpreter\linkResolver.cpp, line 1374]

VM Operations (6 events):
Event: 0.073 Executing VM operation: HandshakeAllThreads
Event: 0.073 Executing VM operation: HandshakeAllThreads done
Event: 0.127 Executing VM operation: HandshakeAllThreads
Event: 0.127 Executing VM operation: HandshakeAllThreads done
Event: 0.131 Executing VM operation: HandshakeAllThreads
Event: 0.131 Executing VM operation: HandshakeAllThreads done

Events (17 events):
Event: 0.021 Thread 0x000001c2f2d603f0 Thread added: 0x000001c2f2d603f0
Event: 0.028 Thread 0x000001c2ffc41370 Thread added: 0x000001c2ffc41370
Event: 0.028 Thread 0x000001c2ffc41f60 Thread added: 0x000001c2ffc41f60
Event: 0.029 Thread 0x000001c2ffc44b60 Thread added: 0x000001c2ffc44b60
Event: 0.029 Thread 0x000001c2ffc48730 Thread added: 0x000001c2ffc48730
Event: 0.029 Thread 0x000001c2ffc4d070 Thread added: 0x000001c2ffc4d070
Event: 0.029 Thread 0x000001c2ffc4d9a0 Thread added: 0x000001c2ffc4d9a0
Event: 0.029 Thread 0x000001c2ffc4e600 Thread added: 0x000001c2ffc4e600
Event: 0.029 Thread 0x000001c2ffc52f90 Thread added: 0x000001c2ffc52f90
Event: 0.029 Thread 0x000001c2ffc5dd20 Thread added: 0x000001c2ffc5dd20
Event: 0.041 Thread 0x000001c2ffc1a540 Thread added: 0x000001c2ffc1a540
Event: 0.045 Thread 0x000001c29b113250 Thread added: 0x000001c29b113250
Event: 0.045 Thread 0x000001c29b1137d0 Thread added: 0x000001c29b1137d0
Event: 0.071 Thread 0x000001c29b1cf630 Thread added: 0x000001c29b1cf630
Event: 0.071 Thread 0x000001c29b1d2f30 Thread added: 0x000001c29b1d2f30
Event: 0.236 Thread 0x000001c29b53e340 Thread added: 0x000001c29b53e340
Event: 0.247 Thread 0x000001c29bc2b8c0 Thread added: 0x000001c29bc2b8c0


Dynamic libraries:
0x00007ff6ce150000 - 0x00007ff6ce160000 	C:\Program Files\Java\jdk-19\bin\java.exe
0x00007fff24ff0000 - 0x00007fff25207000 	C:\WINDOWS\SYSTEM32\ntdll.dll
0x00007fff24800000 - 0x00007fff248c4000 	C:\WINDOWS\System32\KERNEL32.DLL
0x00007fff22880000 - 0x00007fff22c2d000 	C:\WINDOWS\System32\KERNELBASE.dll
0x00007fff22360000 - 0x00007fff22471000 	C:\WINDOWS\System32\ucrtbase.dll
0x00007fff1a1c0000 - 0x00007fff1a1db000 	C:\Program Files\Java\jdk-19\bin\VCRUNTIME140.dll
0x00007ffeb9250000 - 0x00007ffeb9268000 	C:\Program Files\Java\jdk-19\bin\jli.dll
0x00007fff23610000 - 0x00007fff236c2000 	C:\WINDOWS\System32\ADVAPI32.dll
0x00007fff23560000 - 0x00007fff23607000 	C:\WINDOWS\System32\msvcrt.dll
0x00007fff24720000 - 0x00007fff247c9000 	C:\WINDOWS\System32\sechost.dll
0x00007fff22cd0000 - 0x00007fff22cf8000 	C:\WINDOWS\System32\bcrypt.dll
0x00007fff23a30000 - 0x00007fff23b44000 	C:\WINDOWS\System32\RPCRT4.dll
0x00007fff23f50000 - 0x00007fff240fe000 	C:\WINDOWS\System32\USER32.dll
0x00007fff22480000 - 0x00007fff224a6000 	C:\WINDOWS\System32\win32u.dll
0x00007fff247d0000 - 0x00007fff247f9000 	C:\WINDOWS\System32\GDI32.dll
0x00007fff0b380000 - 0x00007fff0b613000 	C:\WINDOWS\WinSxS\amd64_microsoft.windows.common-controls_6595b64144ccf1df_6.0.22621.3672_none_2713b9d173822955\COMCTL32.dll
0x00007fff224b0000 - 0x00007fff225c9000 	C:\WINDOWS\System32\gdi32full.dll
0x00007fff22c30000 - 0x00007fff22cca000 	C:\WINDOWS\System32\msvcp_win.dll
0x00007fff19bb0000 - 0x00007fff19bba000 	C:\WINDOWS\SYSTEM32\VERSION.dll
0x00007fff23780000 - 0x00007fff237b1000 	C:\WINDOWS\System32\IMM32.DLL
0x00007fff1ece0000 - 0x00007fff1ecec000 	C:\Program Files\Java\jdk-19\bin\vcruntime140_1.dll
0x00007ffe79f00000 - 0x00007ffe79f8e000 	C:\Program Files\Java\jdk-19\bin\msvcp140.dll
0x00007ffe78ec0000 - 0x00007ffe79b80000 	C:\Program Files\Java\jdk-19\bin\server\jvm.dll
0x00007fff1bec0000 - 0x00007fff1bef4000 	C:\WINDOWS\SYSTEM32\WINMM.dll
0x00007fff1bf00000 - 0x00007fff1bf09000 	C:\WINDOWS\SYSTEM32\WSOCK32.dll
0x00007fff23b50000 - 0x00007fff23bc1000 	C:\WINDOWS\System32\WS2_32.dll
0x00007fff213b0000 - 0x00007fff213c8000 	C:\WINDOWS\SYSTEM32\kernel.appcore.dll
0x00007fff1a1b0000 - 0x00007fff1a1ba000 	C:\Program Files\Java\jdk-19\bin\jimage.dll
0x00007fff1fb00000 - 0x00007fff1fd32000 	C:\WINDOWS\SYSTEM32\DBGHELP.DLL
0x00007fff24b80000 - 0x00007fff24f08000 	C:\WINDOWS\System32\combase.dll
0x00007fff23930000 - 0x00007fff23a07000 	C:\WINDOWS\System32\OLEAUT32.dll
0x00007fff19500000 - 0x00007fff19532000 	C:\WINDOWS\SYSTEM32\dbgcore.DLL
0x00007fff22740000 - 0x00007fff227bb000 	C:\WINDOWS\System32\bcryptPrimitives.dll
0x00007fff1bf50000 - 0x00007fff1bf5e000 	C:\Program Files\Java\jdk-19\bin\instrument.dll
0x00007ffe7d380000 - 0x00007ffe7d3a6000 	C:\Program Files\Java\jdk-19\bin\java.dll
0x00007ffe79e20000 - 0x00007ffe79ef7000 	C:\Program Files\Java\jdk-19\bin\jsvml.dll
0x00007fff22d00000 - 0x00007fff2355f000 	C:\WINDOWS\System32\SHELL32.dll
0x00007fff20200000 - 0x00007fff20afc000 	C:\WINDOWS\SYSTEM32\windows.storage.dll
0x00007fff200c0000 - 0x00007fff201ff000 	C:\WINDOWS\SYSTEM32\wintypes.dll
0x00007fff248d0000 - 0x00007fff249c4000 	C:\WINDOWS\System32\SHCORE.dll
0x00007fff24f10000 - 0x00007fff24f6e000 	C:\WINDOWS\System32\shlwapi.dll
0x00007fff22220000 - 0x00007fff22241000 	C:\WINDOWS\SYSTEM32\profapi.dll
0x00007ffe7c610000 - 0x00007ffe7c628000 	C:\Program Files\Java\jdk-19\bin\zip.dll
0x00007ffe7c8c0000 - 0x00007ffe7c8d3000 	C:\Program Files\Java\jdk-19\bin\net.dll
0x00007fff1daf0000 - 0x00007fff1dc26000 	C:\WINDOWS\SYSTEM32\WINHTTP.dll
0x00007fff21880000 - 0x00007fff218e9000 	C:\WINDOWS\system32\mswsock.dll
0x00007ffe7c8a0000 - 0x00007ffe7c8b6000 	C:\Program Files\Java\jdk-19\bin\nio.dll
0x00007fff1a130000 - 0x00007fff1a14a000 	C:\Program Files\JetBrains\IntelliJ IDEA 2022.1.2\bin\breakgen64.dll
0x00007fff1ed10000 - 0x00007fff1ed18000 	C:\Program Files\Java\jdk-19\bin\extnet.dll
0x0000000069ac0000 - 0x0000000069ae4000 	C:\Users\99293\AppData\Local\Temp\jansi-2.4.0-33c0f76bb7f2ea03-jansi.dll
0x00007ffeb92a0000 - 0x00007ffeb92b0000 	C:\Program Files\Java\jdk-19\bin\verify.dll

dbghelp: loaded successfully - version: 4.0.5 - missing functions: none
symbol engine: initialized successfully - sym options: 0x614 - pdb path: .;C:\Program Files\Java\jdk-19\bin;C:\WINDOWS\SYSTEM32;C:\WINDOWS\WinSxS\amd64_microsoft.windows.common-controls_6595b64144ccf1df_6.0.22621.3672_none_2713b9d173822955;C:\Program Files\Java\jdk-19\bin\server;C:\Program Files\JetBrains\IntelliJ IDEA 2022.1.2\bin;C:\Users\99293\AppData\Local\Temp

VM Arguments:
jvm_args: -Dmaven.multiModuleProjectDirectory=D:\unitedStates_storage-master\unitedStates_storage -Dmaven.home=C:\Users\99293\.m2\wrapper\dists\apache-maven-3.8.6-bin\1ks0nkde5v1pk9vtc31i9d0lcd\apache-maven-3.8.6 -Dclassworlds.conf=C:\Users\99293\.m2\wrapper\dists\apache-maven-3.8.6-bin\1ks0nkde5v1pk9vtc31i9d0lcd\apache-maven-3.8.6\bin\m2.conf -Dmaven.ext.class.path=C:\Program Files\JetBrains\IntelliJ IDEA 2022.1.2\plugins\maven\lib\maven-event-listener.jar -javaagent:C:\Program Files\JetBrains\IntelliJ IDEA 2022.1.2\lib\idea_rt.jar=56954:C:\Program Files\JetBrains\IntelliJ IDEA 2022.1.2\bin -Dfile.encoding=UTF-8 
java_command: org.codehaus.classworlds.Launcher -Didea.version=2022.1.2 clean
java_class_path (initial): C:\Users\99293\.m2\wrapper\dists\apache-maven-3.8.6-bin\1ks0nkde5v1pk9vtc31i9d0lcd\apache-maven-3.8.6\boot\plexus-classworlds-2.6.0.jar;C:\Users\99293\.m2\wrapper\dists\apache-maven-3.8.6-bin\1ks0nkde5v1pk9vtc31i9d0lcd\apache-maven-3.8.6\boot\plexus-classworlds.license
Launcher Type: SUN_STANDARD

[Global flags]
     intx CICompilerCount                          = 12                                        {product} {ergonomic}
     uint ConcGCThreads                            = 3                                         {product} {ergonomic}
     uint G1ConcRefinementThreads                  = 13                                        {product} {ergonomic}
   size_t G1HeapRegionSize                         = 2097152                                   {product} {ergonomic}
    uintx GCDrainStackTargetSize                   = 64                                        {product} {ergonomic}
   size_t InitialHeapSize                          = 264241152                                 {product} {ergonomic}
   size_t MarkStackSize                            = 4194304                                   {product} {ergonomic}
   size_t MaxHeapSize                              = 4196401152                                {product} {ergonomic}
   size_t MaxNewSize                               = 2516582400                                {product} {ergonomic}
   size_t MinHeapDeltaBytes                        = 2097152                                   {product} {ergonomic}
   size_t MinHeapSize                              = 8388608                                   {product} {ergonomic}
    uintx NonNMethodCodeHeapSize                   = 7602480                                {pd product} {ergonomic}
    uintx NonProfiledCodeHeapSize                  = 122027880                              {pd product} {ergonomic}
    uintx ProfiledCodeHeapSize                     = 122027880                              {pd product} {ergonomic}
    uintx ReservedCodeCacheSize                    = 251658240                              {pd product} {ergonomic}
     bool SegmentedCodeCache                       = true                                      {product} {ergonomic}
   size_t SoftMaxHeapSize                          = 4196401152                             {manageable} {ergonomic}
     bool UseCompressedClassPointers               = true                           {product lp64_product} {ergonomic}
     bool UseCompressedOops                        = true                           {product lp64_product} {ergonomic}
     bool UseG1GC                                  = true                                      {product} {ergonomic}
     bool UseLargePagesIndividualAllocation        = false                                  {pd product} {ergonomic}

Logging:
Log output configuration:
 #0: stdout all=warning uptime,level,tags foldmultilines=false
 #1: stderr all=off uptime,level,tags foldmultilines=false

Environment Variables:
JAVA_HOME=C:\Program Files\Java\jdk-19
PATH=C:\Program Files\Common Files\Oracle\Java\javapath;C:\Windows\system32;C:\Windows;C:\Windows\System32\Wbem;C:\Windows\System32\WindowsPowerShell\v1.0\;C:\Windows\System32\OpenSSH\;C:\Program Files (x86)\NVIDIA Corporation\PhysX\Common;C:\Program Files\NVIDIA Corporation\NVIDIA NvDLISR;C:\Program Files\Git\cmd;C:\Program Files (x86)\dotnet\;C:\WINDOWS\system32;C:\WINDOWS;C:\WINDOWS\System32\Wbem;C:\WINDOWS\System32\WindowsPowerShell\v1.0\;C:\WINDOWS\System32\OpenSSH\;C:\Program Files\Java\jdk-19\bin;C:\Users\99293\AppData\Local\Programs\Python\Python311\Scripts\;C:\Users\99293\AppData\Local\Programs\Python\Python311\;C:\Users\99293\AppData\Local\Microsoft\WindowsApps;;C:\Program Files\JetBrains\IntelliJ IDEA 2022.1.2\bin;;C:\Program Files\heroku\bin
USERNAME=ASUS
OS=Windows_NT
PROCESSOR_IDENTIFIER=Intel64 Family 6 Model 154 Stepping 3, GenuineIntel
TMP=C:\Users\99293\AppData\Local\Temp
TEMP=C:\Users\99293\AppData\Local\Temp



---------------  S Y S T E M  ---------------

OS:
 Windows 11 , 64 bit Build 22621 (10.0.22621.3672)
OS uptime: 0 days 1:26 hours
Hyper-V role detected

CPU: total 16 (initial active 16) (8 cores per cpu, 2 threads per core) family 6 model 154 stepping 3 microcode 0x41c, cx8, cmov, fxsr, ht, mmx, 3dnowpref, sse, sse2, sse3, ssse3, sse4.1, sse4.2, popcnt, lzcnt, tsc, tscinvbit, avx, avx2, aes, erms, clmul, bmi1, bmi2, adx, sha, fma, vzeroupper, clflush, clflushopt, clwb, hv, serialize, rdtscp, rdpid, fsrm

Memory: 4k page, system-wide physical 16005M (1811M free)
TotalPageFile size 18053M (AvailPageFile size 0M)
current process WorkingSet (physical memory assigned to process): 63M, peak: 63M
current process commit charge ("private bytes"): 365M, peak: 365M

vm_info: Java HotSpot(TM) 64-Bit Server VM (19.0.2+7-44) for windows-amd64 JRE (19.0.2+7-44), built on 2022-11-30T18:02:09Z by "mach5one" with MS VC++ 17.1 (VS2022)

END.
