#
# There is insufficient memory for the Java Runtime Environment to continue.
# Native memory allocation (malloc) failed to allocate 32744 bytes for Chunk::new
# Possible reasons:
#   The system is out of physical RAM or swap space
#   The process is running with CompressedOops enabled, and the Java Heap may be blocking the growth of the native heap
# Possible solutions:
#   Reduce memory load on the system
#   Increase physical memory or swap space
#   Check if swap backing store is full
#   Decrease Java heap size (-Xmx/-Xms)
#   Decrease number of Java threads
#   Decrease Java thread stack sizes (-Xss)
#   Set larger code cache with -XX:ReservedCodeCacheSize=
#   JVM is running with Zero Based Compressed Oops mode in which the Java heap is
#     placed in the first 32GB address space. The Java Heap base address is the
#     maximum limit for the native heap growth. Please use -XX:HeapBaseMinAddress
#     to set the Java Heap base and to place the Java Heap above 32GB virtual address.
# This output file may be truncated or incomplete.
#
#  Out of Memory Error (arena.cpp:184), pid=2684, tid=20512
#
# JRE version: Java(TM) SE Runtime Environment (19.0.2+7) (build 19.0.2+7-44)
# Java VM: Java HotSpot(TM) 64-Bit Server VM (19.0.2+7-44, mixed mode, sharing, tiered, compressed oops, compressed class ptrs, g1 gc, windows-amd64)
# No core dump will be written. Minidumps are not enabled by default on client versions of Windows
#

---------------  S U M M A R Y ------------

Command Line: -Dmaven.multiModuleProjectDirectory=D:\unitedStates original storage\unitedStates duplicates original storage -Dmaven.home=C:\Users\99293\.m2\wrapper\dists\apache-maven-3.8.6-bin\1ks0nkde5v1pk9vtc31i9d0lcd\apache-maven-3.8.6 -Dclassworlds.conf=C:\Users\99293\.m2\wrapper\dists\apache-maven-3.8.6-bin\1ks0nkde5v1pk9vtc31i9d0lcd\apache-maven-3.8.6\bin\m2.conf -Dmaven.ext.class.path=C:\Program Files\JetBrains\IntelliJ IDEA 2022.1.2\plugins\maven\lib\maven-event-listener.jar -javaagent:C:\Program Files\JetBrains\IntelliJ IDEA 2022.1.2\lib\idea_rt.jar=52535:C:\Program Files\JetBrains\IntelliJ IDEA 2022.1.2\bin -Dfile.encoding=UTF-8 org.codehaus.classworlds.Launcher -Didea.version=2022.1.2 package

Host: 12th Gen Intel(R) Core(TM) i7-12650H, 16 cores, 15G,  Windows 11 , 64 bit Build 22621 (10.0.22621.2506)
Time: Thu Dec 14 12:47:27 2023  Windows 11 , 64 bit Build 22621 (10.0.22621.2506) elapsed time: 1.429613 seconds (0d 0h 0m 1s)

---------------  T H R E A D  ---------------

Current thread (0x00000265a86c81b0):  JavaThread "C2 CompilerThread5" daemon [_thread_in_native, id=20512, stack(0x000000cee4900000,0x000000cee4a00000)]


Current CompileTask:
C2:   1429 3824   !   4       org.codehaus.plexus.interpolation.StringSearchInterpolator::interpolate (668 bytes)

Stack: [0x000000cee4900000,0x000000cee4a00000]
Native frames: (J=compiled Java code, j=interpreted, Vv=VM code, C=native code)
V  [jvm.dll+0x6ee21a]
V  [jvm.dll+0x85765e]
V  [jvm.dll+0x85904e]
V  [jvm.dll+0x859703]
V  [jvm.dll+0x28298f]
V  [jvm.dll+0xc9adf]
V  [jvm.dll+0xc9e65]
V  [jvm.dll+0x67fb94]
V  [jvm.dll+0x680c0c]
V  [jvm.dll+0x67f064]
V  [jvm.dll+0x24c25e]
V  [jvm.dll+0x24b781]
V  [jvm.dll+0x1d6ce1]
V  [jvm.dll+0x25b25a]
V  [jvm.dll+0x2596e8]
V  [jvm.dll+0x807588]
V  [jvm.dll+0x80125a]
V  [jvm.dll+0x6ecf0b]
C  [ucrtbase.dll+0x29363]
C  [KERNEL32.DLL+0x1257d]
C  [ntdll.dll+0x5aa58]


---------------  P R O C E S S  ---------------

Threads class SMR info:
_java_thread_list=0x00000265a75ec230, length=23, elements={
0x00000265ff628c80, 0x00000265a3318ae0, 0x00000265a33198d0, 0x00000265a331d280,
0x00000265a3322480, 0x00000265a3324dc0, 0x00000265a332a250, 0x00000265a332aeb0,
0x00000265a332f830, 0x00000265a33341c0, 0x00000265a32eeb90, 0x00000265a75f1b20,
0x00000265a75f2cc0, 0x00000265a761bbe0, 0x00000265a7774860, 0x00000265a7774da0,
0x00000265a7861780, 0x00000265a7d33d80, 0x00000265a7d402f0, 0x00000265a815f060,
0x00000265a86c81b0, 0x00000265a86c8730, 0x00000265a86c8cb0
}

Java Threads: ( => current thread )
  0x00000265ff628c80 JavaThread "main" [_thread_in_Java, id=27416, stack(0x000000cee2e00000,0x000000cee2f00000)]
  0x00000265a3318ae0 JavaThread "Reference Handler" daemon [_thread_blocked, id=8040, stack(0x000000cee3500000,0x000000cee3600000)]
  0x00000265a33198d0 JavaThread "Finalizer" daemon [_thread_blocked, id=25436, stack(0x000000cee3600000,0x000000cee3700000)]
  0x00000265a331d280 JavaThread "Signal Dispatcher" daemon [_thread_blocked, id=13724, stack(0x000000cee3700000,0x000000cee3800000)]
  0x00000265a3322480 JavaThread "Attach Listener" daemon [_thread_blocked, id=11936, stack(0x000000cee3800000,0x000000cee3900000)]
  0x00000265a3324dc0 JavaThread "Service Thread" daemon [_thread_blocked, id=9764, stack(0x000000cee3900000,0x000000cee3a00000)]
  0x00000265a332a250 JavaThread "Monitor Deflation Thread" daemon [_thread_blocked, id=25464, stack(0x000000cee3a00000,0x000000cee3b00000)]
  0x00000265a332aeb0 JavaThread "C2 CompilerThread0" daemon [_thread_in_native, id=14272, stack(0x000000cee3b00000,0x000000cee3c00000)]
  0x00000265a332f830 JavaThread "C1 CompilerThread0" daemon [_thread_in_native, id=9420, stack(0x000000cee3c00000,0x000000cee3d00000)]
  0x00000265a33341c0 JavaThread "Sweeper thread" daemon [_thread_blocked, id=7520, stack(0x000000cee3d00000,0x000000cee3e00000)]
  0x00000265a32eeb90 JavaThread "Common-Cleaner" daemon [_thread_blocked, id=25796, stack(0x000000cee3e00000,0x000000cee3f00000)]
  0x00000265a75f1b20 JavaThread "C1 CompilerThread1" daemon [_thread_in_native, id=23096, stack(0x000000cee3f00000,0x000000cee4000000)]
  0x00000265a75f2cc0 JavaThread "C1 CompilerThread2" daemon [_thread_in_native, id=15256, stack(0x000000cee4000000,0x000000cee4100000)]
  0x00000265a761bbe0 JavaThread "C1 CompilerThread3" daemon [_thread_in_native, id=18492, stack(0x000000cee4100000,0x000000cee4200000)]
  0x00000265a7774860 JavaThread "Monitor Ctrl-Break" daemon [_thread_in_native, id=16984, stack(0x000000cee4200000,0x000000cee4300000)]
  0x00000265a7774da0 JavaThread "Notification Thread" daemon [_thread_blocked, id=404, stack(0x000000cee4300000,0x000000cee4400000)]
  0x00000265a7861780 JavaThread "C2 CompilerThread1" daemon [_thread_in_native, id=27140, stack(0x000000cee4500000,0x000000cee4600000)]
  0x00000265a7d33d80 JavaThread "C2 CompilerThread2" daemon [_thread_in_native, id=18496, stack(0x000000cee4600000,0x000000cee4700000)]
  0x00000265a7d402f0 JavaThread "C2 CompilerThread3" daemon [_thread_in_native, id=10900, stack(0x000000cee4700000,0x000000cee4800000)]
  0x00000265a815f060 JavaThread "C2 CompilerThread4" daemon [_thread_in_native, id=20748, stack(0x000000cee4800000,0x000000cee4900000)]
=>0x00000265a86c81b0 JavaThread "C2 CompilerThread5" daemon [_thread_in_native, id=20512, stack(0x000000cee4900000,0x000000cee4a00000)]
  0x00000265a86c8730 JavaThread "C2 CompilerThread6" daemon [_thread_in_native, id=17600, stack(0x000000cee4a00000,0x000000cee4b00000)]
  0x00000265a86c8cb0 JavaThread "C2 CompilerThread7" daemon [_thread_in_native, id=13748, stack(0x000000cee4b00000,0x000000cee4c00000)]

Other Threads:
  0x00000265a32fdad0 VMThread "VM Thread" [stack: 0x000000cee3400000,0x000000cee3500000] [id=27620]
  0x00000265ff62aa80 WatcherThread "VM Periodic Task Thread" [stack: 0x000000cee4400000,0x000000cee4500000] [id=4268]
  0x00000265ff69c760 WorkerThread "GC Thread#0" [stack: 0x000000cee2f00000,0x000000cee3000000] [id=8220]
  0x00000265a7a51af0 WorkerThread "GC Thread#1" [stack: 0x000000cee4c00000,0x000000cee4d00000] [id=3756]
  0x00000265a7a52ea0 WorkerThread "GC Thread#2" [stack: 0x000000cee4d00000,0x000000cee4e00000] [id=1932]
  0x00000265a7a52090 WorkerThread "GC Thread#3" [stack: 0x000000cee4e00000,0x000000cee4f00000] [id=1680]
  0x00000265a7a51280 WorkerThread "GC Thread#4" [stack: 0x000000cee4f00000,0x000000cee5000000] [id=14380]
  0x00000265a7a51820 WorkerThread "GC Thread#5" [stack: 0x000000cee5000000,0x000000cee5100000] [id=24244]
  0x00000265a7a51dc0 WorkerThread "GC Thread#6" [stack: 0x000000cee5100000,0x000000cee5200000] [id=20100]
  0x00000265a7a52360 WorkerThread "GC Thread#7" [stack: 0x000000cee5200000,0x000000cee5300000] [id=20536]
  0x00000265a93f4370 WorkerThread "GC Thread#8" [stack: 0x000000cee5300000,0x000000cee5400000] [id=26876]
  0x00000265a93f13a0 WorkerThread "GC Thread#9" [stack: 0x000000cee5400000,0x000000cee5500000] [id=27008]
  0x00000265a93f4910 WorkerThread "GC Thread#10" [stack: 0x000000cee5500000,0x000000cee5600000] [id=3408]
  0x00000265ff6acfe0 ConcurrentGCThread "G1 Main Marker" [stack: 0x000000cee3000000,0x000000cee3100000] [id=5484]
  0x00000265ff6ad920 WorkerThread "G1 Conc#0" [stack: 0x000000cee3100000,0x000000cee3200000] [id=19232]
  0x00000265a31bb710 ConcurrentGCThread "G1 Refine#0" [stack: 0x000000cee3200000,0x000000cee3300000] [id=12604]
  0x00000265a31bc160 ConcurrentGCThread "G1 Service" [stack: 0x000000cee3300000,0x000000cee3400000] [id=19484]

Threads with active compile tasks:
C2 CompilerThread0     1440 3982   !   4       org.apache.maven.model.Plugin::clone (204 bytes)
C1 CompilerThread0     1440 4225   !   3       java.io.WinNTFileSystem::resolve (362 bytes)
C1 CompilerThread1     1440 4238       3       org.eclipse.aether.util.graph.manager.ClassicDependencyManager::hashCode (90 bytes)
C1 CompilerThread2     1440 4239       3       org.eclipse.aether.util.graph.traverser.FatArtifactTraverser::hashCode (8 bytes)
C1 CompilerThread3     1440 4249       3       org.apache.maven.model.management.DefaultPluginManagementInjector$ManagementModelMerger::mergePluginContainerPlugins (168 bytes)
C2 CompilerThread1     1440 4035       4       org.eclipse.aether.util.graph.transformer.ConflictResolver::gatherConflictItems (111 bytes)
C2 CompilerThread2     1440 4041       4       org.eclipse.aether.util.graph.transformer.ConflictResolver$State::push (447 bytes)
C2 CompilerThread3     1440 4097       4       java.util.concurrent.ConcurrentHashMap::putAll (63 bytes)
C2 CompilerThread4     1440 4106       4       org.apache.maven.model.validation.DefaultModelValidator::validateEffectiveDependency (616 bytes)
C2 CompilerThread5     1440 3824   !   4       org.codehaus.plexus.interpolation.StringSearchInterpolator::interpolate (668 bytes)
C2 CompilerThread6     1440 3759   !   4       org.apache.maven.model.ConfigurationContainer::clone (98 bytes)
C2 CompilerThread7     1440 4114       4       java.util.regex.Matcher::match (154 bytes)

VM state: not at safepoint (normal execution)

VM Mutex/Monitor currently owned by a thread:  ([mutex/lock_event])
[0x00000265ff6239b0] MethodCompileQueue_lock - owner thread: 0x0000000000000000

Heap address: 0x0000000705e00000, size: 4002 MB, Compressed Oops mode: Zero based, Oop shift amount: 3

CDS archive(s) mapped at: [0x0000000800000000-0x0000000800c40000-0x0000000800c40000), size 12845056, SharedBaseAddress: 0x0000000800000000, ArchiveRelocationMode: 0.
Compressed class space mapped at: 0x0000000801000000-0x0000000841000000, reserved size: 1073741824
Narrow klass base: 0x0000000800000000, Narrow klass shift: 0, Narrow klass range: 0x100000000

GC Precious Log:
 CardTable entry size: 512
 Card Set container configuration: InlinePtr #cards 4 size 8 Array Of Cards #cards 16 size 48 Howl #buckets 8 coarsen threshold 3686 Howl Bitmap #cards 512 size 80 coarsen threshold 460 Card regions per heap region 1 cards per card region 4096
 CPUs: 16 total, 16 available
 Memory: 16005M
 Large Page Support: Disabled
 NUMA Support: Disabled
 Compressed Oops: Enabled (Zero based)
 Heap Region Size: 2M
 Heap Min Capacity: 8M
 Heap Initial Capacity: 252M
 Heap Max Capacity: 4002M
 Pre-touch: Disabled
 Parallel Workers: 13
 Concurrent Workers: 3
 Concurrent Refinement Workers: 13
 Periodic GC: Disabled

Heap:
 garbage-first heap   total 258048K, used 100101K [0x0000000705e00000, 0x0000000800000000)
  region size 2048K, 49 young (100352K), 2 survivors (4096K)
 Metaspace       used 14681K, committed 14912K, reserved 1114112K
  class space    used 1536K, committed 1664K, reserved 1048576K

Heap Regions: E=young(eden), S=young(survivor), O=old, HS=humongous(starts), HC=humongous(continues), CS=collection set, F=free, OA=open archive, CA=closed archive, TAMS=top-at-mark-start (previous, next)
|   0|0x0000000705e00000, 0x0000000706000000, 0x0000000706000000|100%| O|  |TAMS 0x0000000705e00000, 0x0000000705e00000| Untracked 
|   1|0x0000000706000000, 0x0000000706157a00, 0x0000000706200000| 67%| O|  |TAMS 0x0000000706000000, 0x0000000706000000| Untracked 
|   2|0x0000000706200000, 0x0000000706200000, 0x0000000706400000|  0%| F|  |TAMS 0x0000000706200000, 0x0000000706200000| Untracked 
|   3|0x0000000706400000, 0x0000000706400000, 0x0000000706600000|  0%| F|  |TAMS 0x0000000706400000, 0x0000000706400000| Untracked 
|   4|0x0000000706600000, 0x0000000706600000, 0x0000000706800000|  0%| F|  |TAMS 0x0000000706600000, 0x0000000706600000| Untracked 
|   5|0x0000000706800000, 0x0000000706800000, 0x0000000706a00000|  0%| F|  |TAMS 0x0000000706800000, 0x0000000706800000| Untracked 
|   6|0x0000000706a00000, 0x0000000706a00000, 0x0000000706c00000|  0%| F|  |TAMS 0x0000000706a00000, 0x0000000706a00000| Untracked 
|   7|0x0000000706c00000, 0x0000000706c00000, 0x0000000706e00000|  0%| F|  |TAMS 0x0000000706c00000, 0x0000000706c00000| Untracked 
|   8|0x0000000706e00000, 0x0000000706e00000, 0x0000000707000000|  0%| F|  |TAMS 0x0000000706e00000, 0x0000000706e00000| Untracked 
|   9|0x0000000707000000, 0x0000000707000000, 0x0000000707200000|  0%| F|  |TAMS 0x0000000707000000, 0x0000000707000000| Untracked 
|  10|0x0000000707200000, 0x0000000707200000, 0x0000000707400000|  0%| F|  |TAMS 0x0000000707200000, 0x0000000707200000| Untracked 
|  11|0x0000000707400000, 0x0000000707400000, 0x0000000707600000|  0%| F|  |TAMS 0x0000000707400000, 0x0000000707400000| Untracked 
|  12|0x0000000707600000, 0x0000000707600000, 0x0000000707800000|  0%| F|  |TAMS 0x0000000707600000, 0x0000000707600000| Untracked 
|  13|0x0000000707800000, 0x0000000707800000, 0x0000000707a00000|  0%| F|  |TAMS 0x0000000707800000, 0x0000000707800000| Untracked 
|  14|0x0000000707a00000, 0x0000000707a00000, 0x0000000707c00000|  0%| F|  |TAMS 0x0000000707a00000, 0x0000000707a00000| Untracked 
|  15|0x0000000707c00000, 0x0000000707c00000, 0x0000000707e00000|  0%| F|  |TAMS 0x0000000707c00000, 0x0000000707c00000| Untracked 
|  16|0x0000000707e00000, 0x0000000707e00000, 0x0000000708000000|  0%| F|  |TAMS 0x0000000707e00000, 0x0000000707e00000| Untracked 
|  17|0x0000000708000000, 0x0000000708000000, 0x0000000708200000|  0%| F|  |TAMS 0x0000000708000000, 0x0000000708000000| Untracked 
|  18|0x0000000708200000, 0x0000000708200000, 0x0000000708400000|  0%| F|  |TAMS 0x0000000708200000, 0x0000000708200000| Untracked 
|  19|0x0000000708400000, 0x0000000708400000, 0x0000000708600000|  0%| F|  |TAMS 0x0000000708400000, 0x0000000708400000| Untracked 
|  20|0x0000000708600000, 0x0000000708600000, 0x0000000708800000|  0%| F|  |TAMS 0x0000000708600000, 0x0000000708600000| Untracked 
|  21|0x0000000708800000, 0x0000000708800000, 0x0000000708a00000|  0%| F|  |TAMS 0x0000000708800000, 0x0000000708800000| Untracked 
|  22|0x0000000708a00000, 0x0000000708a00000, 0x0000000708c00000|  0%| F|  |TAMS 0x0000000708a00000, 0x0000000708a00000| Untracked 
|  23|0x0000000708c00000, 0x0000000708c00000, 0x0000000708e00000|  0%| F|  |TAMS 0x0000000708c00000, 0x0000000708c00000| Untracked 
|  24|0x0000000708e00000, 0x0000000708e00000, 0x0000000709000000|  0%| F|  |TAMS 0x0000000708e00000, 0x0000000708e00000| Untracked 
|  25|0x0000000709000000, 0x0000000709000000, 0x0000000709200000|  0%| F|  |TAMS 0x0000000709000000, 0x0000000709000000| Untracked 
|  26|0x0000000709200000, 0x0000000709200000, 0x0000000709400000|  0%| F|  |TAMS 0x0000000709200000, 0x0000000709200000| Untracked 
|  27|0x0000000709400000, 0x0000000709400000, 0x0000000709600000|  0%| F|  |TAMS 0x0000000709400000, 0x0000000709400000| Untracked 
|  28|0x0000000709600000, 0x0000000709600000, 0x0000000709800000|  0%| F|  |TAMS 0x0000000709600000, 0x0000000709600000| Untracked 
|  29|0x0000000709800000, 0x0000000709800000, 0x0000000709a00000|  0%| F|  |TAMS 0x0000000709800000, 0x0000000709800000| Untracked 
|  30|0x0000000709a00000, 0x0000000709a00000, 0x0000000709c00000|  0%| F|  |TAMS 0x0000000709a00000, 0x0000000709a00000| Untracked 
|  31|0x0000000709c00000, 0x0000000709c00000, 0x0000000709e00000|  0%| F|  |TAMS 0x0000000709c00000, 0x0000000709c00000| Untracked 
|  32|0x0000000709e00000, 0x0000000709e00000, 0x000000070a000000|  0%| F|  |TAMS 0x0000000709e00000, 0x0000000709e00000| Untracked 
|  33|0x000000070a000000, 0x000000070a000000, 0x000000070a200000|  0%| F|  |TAMS 0x000000070a000000, 0x000000070a000000| Untracked 
|  34|0x000000070a200000, 0x000000070a200000, 0x000000070a400000|  0%| F|  |TAMS 0x000000070a200000, 0x000000070a200000| Untracked 
|  35|0x000000070a400000, 0x000000070a400000, 0x000000070a600000|  0%| F|  |TAMS 0x000000070a400000, 0x000000070a400000| Untracked 
|  36|0x000000070a600000, 0x000000070a600000, 0x000000070a800000|  0%| F|  |TAMS 0x000000070a600000, 0x000000070a600000| Untracked 
|  37|0x000000070a800000, 0x000000070a800000, 0x000000070aa00000|  0%| F|  |TAMS 0x000000070a800000, 0x000000070a800000| Untracked 
|  38|0x000000070aa00000, 0x000000070aa00000, 0x000000070ac00000|  0%| F|  |TAMS 0x000000070aa00000, 0x000000070aa00000| Untracked 
|  39|0x000000070ac00000, 0x000000070ac00000, 0x000000070ae00000|  0%| F|  |TAMS 0x000000070ac00000, 0x000000070ac00000| Untracked 
|  40|0x000000070ae00000, 0x000000070ae00000, 0x000000070b000000|  0%| F|  |TAMS 0x000000070ae00000, 0x000000070ae00000| Untracked 
|  41|0x000000070b000000, 0x000000070b000000, 0x000000070b200000|  0%| F|  |TAMS 0x000000070b000000, 0x000000070b000000| Untracked 
|  42|0x000000070b200000, 0x000000070b200000, 0x000000070b400000|  0%| F|  |TAMS 0x000000070b200000, 0x000000070b200000| Untracked 
|  43|0x000000070b400000, 0x000000070b400000, 0x000000070b600000|  0%| F|  |TAMS 0x000000070b400000, 0x000000070b400000| Untracked 
|  44|0x000000070b600000, 0x000000070b600000, 0x000000070b800000|  0%| F|  |TAMS 0x000000070b600000, 0x000000070b600000| Untracked 
|  45|0x000000070b800000, 0x000000070b800000, 0x000000070ba00000|  0%| F|  |TAMS 0x000000070b800000, 0x000000070b800000| Untracked 
|  46|0x000000070ba00000, 0x000000070ba00000, 0x000000070bc00000|  0%| F|  |TAMS 0x000000070ba00000, 0x000000070ba00000| Untracked 
|  47|0x000000070bc00000, 0x000000070bc00000, 0x000000070be00000|  0%| F|  |TAMS 0x000000070bc00000, 0x000000070bc00000| Untracked 
|  48|0x000000070be00000, 0x000000070be00000, 0x000000070c000000|  0%| F|  |TAMS 0x000000070be00000, 0x000000070be00000| Untracked 
|  49|0x000000070c000000, 0x000000070c000000, 0x000000070c200000|  0%| F|  |TAMS 0x000000070c000000, 0x000000070c000000| Untracked 
|  50|0x000000070c200000, 0x000000070c200000, 0x000000070c400000|  0%| F|  |TAMS 0x000000070c200000, 0x000000070c200000| Untracked 
|  51|0x000000070c400000, 0x000000070c400000, 0x000000070c600000|  0%| F|  |TAMS 0x000000070c400000, 0x000000070c400000| Untracked 
|  52|0x000000070c600000, 0x000000070c600000, 0x000000070c800000|  0%| F|  |TAMS 0x000000070c600000, 0x000000070c600000| Untracked 
|  53|0x000000070c800000, 0x000000070c800000, 0x000000070ca00000|  0%| F|  |TAMS 0x000000070c800000, 0x000000070c800000| Untracked 
|  54|0x000000070ca00000, 0x000000070ca00000, 0x000000070cc00000|  0%| F|  |TAMS 0x000000070ca00000, 0x000000070ca00000| Untracked 
|  55|0x000000070cc00000, 0x000000070cc00000, 0x000000070ce00000|  0%| F|  |TAMS 0x000000070cc00000, 0x000000070cc00000| Untracked 
|  56|0x000000070ce00000, 0x000000070ce00000, 0x000000070d000000|  0%| F|  |TAMS 0x000000070ce00000, 0x000000070ce00000| Untracked 
|  57|0x000000070d000000, 0x000000070d000000, 0x000000070d200000|  0%| F|  |TAMS 0x000000070d000000, 0x000000070d000000| Untracked 
|  58|0x000000070d200000, 0x000000070d200000, 0x000000070d400000|  0%| F|  |TAMS 0x000000070d200000, 0x000000070d200000| Untracked 
|  59|0x000000070d400000, 0x000000070d400000, 0x000000070d600000|  0%| F|  |TAMS 0x000000070d400000, 0x000000070d400000| Untracked 
|  60|0x000000070d600000, 0x000000070d600000, 0x000000070d800000|  0%| F|  |TAMS 0x000000070d600000, 0x000000070d600000| Untracked 
|  61|0x000000070d800000, 0x000000070d800000, 0x000000070da00000|  0%| F|  |TAMS 0x000000070d800000, 0x000000070d800000| Untracked 
|  62|0x000000070da00000, 0x000000070da00000, 0x000000070dc00000|  0%| F|  |TAMS 0x000000070da00000, 0x000000070da00000| Untracked 
|  63|0x000000070dc00000, 0x000000070dc00000, 0x000000070de00000|  0%| F|  |TAMS 0x000000070dc00000, 0x000000070dc00000| Untracked 
|  64|0x000000070de00000, 0x000000070de00000, 0x000000070e000000|  0%| F|  |TAMS 0x000000070de00000, 0x000000070de00000| Untracked 
|  65|0x000000070e000000, 0x000000070e000000, 0x000000070e200000|  0%| F|  |TAMS 0x000000070e000000, 0x000000070e000000| Untracked 
|  66|0x000000070e200000, 0x000000070e200000, 0x000000070e400000|  0%| F|  |TAMS 0x000000070e200000, 0x000000070e200000| Untracked 
|  67|0x000000070e400000, 0x000000070e400000, 0x000000070e600000|  0%| F|  |TAMS 0x000000070e400000, 0x000000070e400000| Untracked 
|  68|0x000000070e600000, 0x000000070e600000, 0x000000070e800000|  0%| F|  |TAMS 0x000000070e600000, 0x000000070e600000| Untracked 
|  69|0x000000070e800000, 0x000000070e800000, 0x000000070ea00000|  0%| F|  |TAMS 0x000000070e800000, 0x000000070e800000| Untracked 
|  70|0x000000070ea00000, 0x000000070ea00000, 0x000000070ec00000|  0%| F|  |TAMS 0x000000070ea00000, 0x000000070ea00000| Untracked 
|  71|0x000000070ec00000, 0x000000070ec00000, 0x000000070ee00000|  0%| F|  |TAMS 0x000000070ec00000, 0x000000070ec00000| Untracked 
|  72|0x000000070ee00000, 0x000000070ee00000, 0x000000070f000000|  0%| F|  |TAMS 0x000000070ee00000, 0x000000070ee00000| Untracked 
|  73|0x000000070f000000, 0x000000070f000000, 0x000000070f200000|  0%| F|  |TAMS 0x000000070f000000, 0x000000070f000000| Untracked 
|  74|0x000000070f200000, 0x000000070f200000, 0x000000070f400000|  0%| F|  |TAMS 0x000000070f200000, 0x000000070f200000| Untracked 
|  75|0x000000070f400000, 0x000000070f400000, 0x000000070f600000|  0%| F|  |TAMS 0x000000070f400000, 0x000000070f400000| Untracked 
|  76|0x000000070f600000, 0x000000070f600000, 0x000000070f800000|  0%| F|  |TAMS 0x000000070f600000, 0x000000070f600000| Untracked 
|  77|0x000000070f800000, 0x000000070f9ebd90, 0x000000070fa00000| 96%| E|  |TAMS 0x000000070f800000, 0x000000070f800000| Complete 
|  78|0x000000070fa00000, 0x000000070fc00000, 0x000000070fc00000|100%| E|CS|TAMS 0x000000070fa00000, 0x000000070fa00000| Complete 
|  79|0x000000070fc00000, 0x000000070fe00000, 0x000000070fe00000|100%| E|CS|TAMS 0x000000070fc00000, 0x000000070fc00000| Complete 
|  80|0x000000070fe00000, 0x0000000710000000, 0x0000000710000000|100%| E|CS|TAMS 0x000000070fe00000, 0x000000070fe00000| Complete 
|  81|0x0000000710000000, 0x0000000710200000, 0x0000000710200000|100%| E|CS|TAMS 0x0000000710000000, 0x0000000710000000| Complete 
|  82|0x0000000710200000, 0x0000000710400000, 0x0000000710400000|100%| E|CS|TAMS 0x0000000710200000, 0x0000000710200000| Complete 
|  83|0x0000000710400000, 0x0000000710600000, 0x0000000710600000|100%| E|CS|TAMS 0x0000000710400000, 0x0000000710400000| Complete 
|  84|0x0000000710600000, 0x0000000710800000, 0x0000000710800000|100%| E|CS|TAMS 0x0000000710600000, 0x0000000710600000| Complete 
|  85|0x0000000710800000, 0x0000000710a00000, 0x0000000710a00000|100%| E|CS|TAMS 0x0000000710800000, 0x0000000710800000| Complete 
|  86|0x0000000710a00000, 0x0000000710c00000, 0x0000000710c00000|100%| E|CS|TAMS 0x0000000710a00000, 0x0000000710a00000| Complete 
|  87|0x0000000710c00000, 0x0000000710e00000, 0x0000000710e00000|100%| E|CS|TAMS 0x0000000710c00000, 0x0000000710c00000| Complete 
|  88|0x0000000710e00000, 0x0000000711000000, 0x0000000711000000|100%| E|CS|TAMS 0x0000000710e00000, 0x0000000710e00000| Complete 
|  89|0x0000000711000000, 0x0000000711200000, 0x0000000711200000|100%| E|CS|TAMS 0x0000000711000000, 0x0000000711000000| Complete 
|  90|0x0000000711200000, 0x0000000711400000, 0x0000000711400000|100%| E|CS|TAMS 0x0000000711200000, 0x0000000711200000| Complete 
|  91|0x0000000711400000, 0x0000000711600000, 0x0000000711600000|100%| E|CS|TAMS 0x0000000711400000, 0x0000000711400000| Complete 
|  92|0x0000000711600000, 0x0000000711800000, 0x0000000711800000|100%| E|CS|TAMS 0x0000000711600000, 0x0000000711600000| Complete 
|  93|0x0000000711800000, 0x0000000711a00000, 0x0000000711a00000|100%| E|CS|TAMS 0x0000000711800000, 0x0000000711800000| Complete 
|  94|0x0000000711a00000, 0x0000000711c00000, 0x0000000711c00000|100%| E|CS|TAMS 0x0000000711a00000, 0x0000000711a00000| Complete 
|  95|0x0000000711c00000, 0x0000000711e00000, 0x0000000711e00000|100%| E|CS|TAMS 0x0000000711c00000, 0x0000000711c00000| Complete 
|  96|0x0000000711e00000, 0x0000000712000000, 0x0000000712000000|100%| E|CS|TAMS 0x0000000711e00000, 0x0000000711e00000| Complete 
|  97|0x0000000712000000, 0x0000000712200000, 0x0000000712200000|100%| E|CS|TAMS 0x0000000712000000, 0x0000000712000000| Complete 
|  98|0x0000000712200000, 0x0000000712400000, 0x0000000712400000|100%| E|CS|TAMS 0x0000000712200000, 0x0000000712200000| Complete 
|  99|0x0000000712400000, 0x0000000712600000, 0x0000000712600000|100%| E|CS|TAMS 0x0000000712400000, 0x0000000712400000| Complete 
| 100|0x0000000712600000, 0x0000000712800000, 0x0000000712800000|100%| E|CS|TAMS 0x0000000712600000, 0x0000000712600000| Complete 
| 101|0x0000000712800000, 0x0000000712a00000, 0x0000000712a00000|100%| E|CS|TAMS 0x0000000712800000, 0x0000000712800000| Complete 
| 102|0x0000000712a00000, 0x0000000712c00000, 0x0000000712c00000|100%| E|CS|TAMS 0x0000000712a00000, 0x0000000712a00000| Complete 
| 103|0x0000000712c00000, 0x0000000712e00000, 0x0000000712e00000|100%| E|CS|TAMS 0x0000000712c00000, 0x0000000712c00000| Complete 
| 104|0x0000000712e00000, 0x0000000713000000, 0x0000000713000000|100%| E|CS|TAMS 0x0000000712e00000, 0x0000000712e00000| Complete 
| 105|0x0000000713000000, 0x0000000713069df8, 0x0000000713200000| 20%| S|CS|TAMS 0x0000000713000000, 0x0000000713000000| Complete 
| 106|0x0000000713200000, 0x0000000713400000, 0x0000000713400000|100%| S|CS|TAMS 0x0000000713200000, 0x0000000713200000| Complete 
| 107|0x0000000713400000, 0x0000000713600000, 0x0000000713600000|100%| E|CS|TAMS 0x0000000713400000, 0x0000000713400000| Complete 
| 108|0x0000000713600000, 0x0000000713800000, 0x0000000713800000|100%| E|CS|TAMS 0x0000000713600000, 0x0000000713600000| Complete 
| 109|0x0000000713800000, 0x0000000713a00000, 0x0000000713a00000|100%| E|CS|TAMS 0x0000000713800000, 0x0000000713800000| Complete 
| 110|0x0000000713a00000, 0x0000000713c00000, 0x0000000713c00000|100%| E|CS|TAMS 0x0000000713a00000, 0x0000000713a00000| Complete 
| 111|0x0000000713c00000, 0x0000000713e00000, 0x0000000713e00000|100%| E|CS|TAMS 0x0000000713c00000, 0x0000000713c00000| Complete 
| 112|0x0000000713e00000, 0x0000000714000000, 0x0000000714000000|100%| E|CS|TAMS 0x0000000713e00000, 0x0000000713e00000| Complete 
| 113|0x0000000714000000, 0x0000000714200000, 0x0000000714200000|100%| E|CS|TAMS 0x0000000714000000, 0x0000000714000000| Complete 
| 114|0x0000000714200000, 0x0000000714400000, 0x0000000714400000|100%| E|CS|TAMS 0x0000000714200000, 0x0000000714200000| Complete 
| 115|0x0000000714400000, 0x0000000714600000, 0x0000000714600000|100%| E|CS|TAMS 0x0000000714400000, 0x0000000714400000| Complete 
| 116|0x0000000714600000, 0x0000000714800000, 0x0000000714800000|100%| E|CS|TAMS 0x0000000714600000, 0x0000000714600000| Complete 
| 117|0x0000000714800000, 0x0000000714a00000, 0x0000000714a00000|100%| E|CS|TAMS 0x0000000714800000, 0x0000000714800000| Complete 
| 118|0x0000000714a00000, 0x0000000714c00000, 0x0000000714c00000|100%| E|CS|TAMS 0x0000000714a00000, 0x0000000714a00000| Complete 
| 119|0x0000000714c00000, 0x0000000714e00000, 0x0000000714e00000|100%| E|CS|TAMS 0x0000000714c00000, 0x0000000714c00000| Complete 
| 120|0x0000000714e00000, 0x0000000715000000, 0x0000000715000000|100%| E|CS|TAMS 0x0000000714e00000, 0x0000000714e00000| Complete 
| 121|0x0000000715000000, 0x0000000715200000, 0x0000000715200000|100%| E|CS|TAMS 0x0000000715000000, 0x0000000715000000| Complete 
| 122|0x0000000715200000, 0x0000000715400000, 0x0000000715400000|100%| E|CS|TAMS 0x0000000715200000, 0x0000000715200000| Complete 
| 123|0x0000000715400000, 0x0000000715600000, 0x0000000715600000|100%| E|CS|TAMS 0x0000000715400000, 0x0000000715400000| Complete 
| 124|0x0000000715600000, 0x0000000715800000, 0x0000000715800000|100%| E|CS|TAMS 0x0000000715600000, 0x0000000715600000| Complete 
| 125|0x0000000715800000, 0x0000000715a00000, 0x0000000715a00000|100%| E|CS|TAMS 0x0000000715800000, 0x0000000715800000| Complete 

Card table byte_map: [0x0000026597680000,0x0000026597e60000] _byte_map_base: 0x0000026593e51000

Marking Bits (Prev, Next): (CMBitMap*) 0x00000265ff69cca0, (CMBitMap*) 0x00000265ff69cce0
 Prev Bits: [0x0000026598640000, 0x000002659c4c8000)
 Next Bits: [0x000002659c4d0000, 0x00000265a0358000)

Polling page: 0x00000265fd550000

Metaspace:

Usage:
  Non-class:     12.84 MB used.
      Class:      1.50 MB used.
       Both:     14.34 MB used.

Virtual space:
  Non-class space:       64.00 MB reserved,      12.94 MB ( 20%) committed,  1 nodes.
      Class space:        1.00 GB reserved,       1.62 MB ( <1%) committed,  1 nodes.
             Both:        1.06 GB reserved,      14.56 MB (  1%) committed. 

Chunk freelists:
   Non-Class:  2.81 MB
       Class:  2.19 MB
        Both:  5.00 MB

MaxMetaspaceSize: unlimited
CompressedClassSpaceSize: 1.00 GB
Initial GC threshold: 21.00 MB
Current GC threshold: 21.00 MB
CDS: on
MetaspaceReclaimPolicy: balanced
 - commit_granule_bytes: 65536.
 - commit_granule_words: 8192.
 - virtual_space_node_default_size: 8388608.
 - enlarge_chunks_in_place: 1.
 - new_chunks_are_fully_committed: 0.
 - uncommit_free_chunks: 1.
 - use_allocation_guard: 0.


Internal statistics:

num_allocs_failed_limit: 0.
num_arena_births: 260.
num_arena_deaths: 0.
num_vsnodes_births: 2.
num_vsnodes_deaths: 0.
num_space_committed: 233.
num_space_uncommitted: 0.
num_chunks_returned_to_freelist: 0.
num_chunks_taken_from_freelist: 736.
num_chunk_merges: 0.
num_chunk_splits: 517.
num_chunks_enlarged: 386.
num_inconsistent_stats: 0.

CodeHeap 'non-profiled nmethods': size=119168Kb used=1808Kb max_used=1808Kb free=117359Kb
 bounds [0x000002658fa40000, 0x000002658fcb0000, 0x0000026596ea0000]
CodeHeap 'profiled nmethods': size=119104Kb used=8891Kb max_used=8891Kb free=110212Kb
 bounds [0x0000026587ea0000, 0x0000026588750000, 0x000002658f2f0000]
CodeHeap 'non-nmethods': size=7488Kb used=2968Kb max_used=3023Kb free=4519Kb
 bounds [0x000002658f2f0000, 0x000002658f5f0000, 0x000002658fa40000]
 total_blobs=4719 nmethods=4225 adapters=401
 compilation: enabled
              stopped_count=0, restarted_count=0
 full_count=0

Compilation events (20 events):
Event: 1.424 Thread 0x00000265a332f830 4191       3       sun.nio.cs.UTF_8::newDecoder (9 bytes)
Event: 1.424 Thread 0x00000265a761bbe0 nmethod 4189 0x0000026588703190 code [0x0000026588703380, 0x0000026588703a18]
Event: 1.424 Thread 0x00000265a761bbe0 4196   !   3       org.apache.maven.model.Parent::clone (73 bytes)
Event: 1.424 Thread 0x00000265a332f830 nmethod 4191 0x0000026588703b90 code [0x0000026588703d60, 0x0000026588703f88]
Event: 1.424 Thread 0x00000265a332f830 4192       3       sun.nio.cs.UTF_8$Decoder::<init> (8 bytes)
Event: 1.424 Thread 0x00000265a75f2cc0 nmethod 4180 0x00000265886fcc90 code [0x00000265886fd2e0, 0x0000026588700538]
Event: 1.424 Thread 0x00000265a75f2cc0 4194       3       org.eclipse.aether.resolution.ArtifactDescriptorResult::<init> (75 bytes)
Event: 1.424 Thread 0x00000265a332f830 nmethod 4192 0x0000026588704090 code [0x0000026588704260, 0x00000265887043a8]
Event: 1.424 Thread 0x00000265a332f830 4199       3       org.eclipse.aether.util.graph.selector.AndDependencySelector::deriveChildSelector (219 bytes)
Event: 1.425 Thread 0x00000265a761bbe0 nmethod 4196 0x0000026588704490 code [0x0000026588704740, 0x0000026588705468]
Event: 1.425 Thread 0x00000265a75f2cc0 nmethod 4194 0x0000026588705990 code [0x0000026588705be0, 0x0000026588706568]
Event: 1.425 Thread 0x00000265a75f2cc0 4193   !   3       org.eclipse.aether.internal.impl.collect.DefaultDependencyCollector::filterVersions (196 bytes)
Event: 1.425 Thread 0x00000265a761bbe0 4197       3       org.eclipse.aether.resolution.ArtifactDescriptorRequest::<init> (18 bytes)
Event: 1.426 Thread 0x00000265a761bbe0 nmethod 4197 0x0000026588706790 code [0x0000026588706940, 0x0000026588706bf8]
Event: 1.426 Thread 0x00000265a761bbe0 4190       3       org.apache.maven.building.FileSource::getInputStream (12 bytes)
Event: 1.426 Thread 0x00000265a332f830 nmethod 4199 0x0000026588706d10 code [0x00000265887070a0, 0x0000026588708a68]
Event: 1.426 Thread 0x00000265a761bbe0 nmethod 4190 0x0000026588709010 code [0x00000265887091c0, 0x0000026588709368]
Event: 1.426 Thread 0x00000265a761bbe0 4198       3       org.eclipse.aether.graph.DefaultDependencyNode::setRepositories (29 bytes)
Event: 1.426 Thread 0x00000265a332f830 4195       3       org.apache.maven.model.building.DefaultModelProcessor::read (12 bytes)
Event: 1.427 Thread 0x00000265a332f830 nmethod 4195 0x0000026588709410 code [0x00000265887095c0, 0x00000265887097a8]

GC Heap History (4 events):
Event: 0.354 GC heap before
{Heap before GC invocations=0 (full 0):
 garbage-first heap   total 258048K, used 22528K [0x0000000705e00000, 0x0000000800000000)
  region size 2048K, 11 young (22528K), 0 survivors (0K)
 Metaspace       used 5299K, committed 5440K, reserved 1114112K
  class space    used 578K, committed 640K, reserved 1048576K
}
Event: 0.358 GC heap after
{Heap after GC invocations=1 (full 0):
 garbage-first heap   total 258048K, used 3788K [0x0000000705e00000, 0x0000000800000000)
  region size 2048K, 2 young (4096K), 2 survivors (4096K)
 Metaspace       used 5299K, committed 5440K, reserved 1114112K
  class space    used 578K, committed 640K, reserved 1048576K
}
Event: 0.794 GC heap before
{Heap before GC invocations=1 (full 0):
 garbage-first heap   total 258048K, used 38604K [0x0000000705e00000, 0x0000000800000000)
  region size 2048K, 19 young (38912K), 2 survivors (4096K)
 Metaspace       used 10599K, committed 10816K, reserved 1114112K
  class space    used 1234K, committed 1344K, reserved 1048576K
}
Event: 0.797 GC heap after
{Heap after GC invocations=2 (full 0):
 garbage-first heap   total 258048K, used 5893K [0x0000000705e00000, 0x0000000800000000)
  region size 2048K, 2 young (4096K), 2 survivors (4096K)
 Metaspace       used 10599K, committed 10816K, reserved 1114112K
  class space    used 1234K, committed 1344K, reserved 1048576K
}

Dll operation events (12 events):
Event: 0.005 Loaded shared library C:\Program Files\Java\jdk-19\bin\java.dll
Event: 0.010 Loaded shared library C:\Program Files\Java\jdk-19\bin\jsvml.dll
Event: 0.042 Loaded shared library C:\Program Files\Java\jdk-19\bin\zip.dll
Event: 0.044 Loaded shared library C:\Program Files\Java\jdk-19\bin\instrument.dll
Event: 0.047 Loaded shared library C:\Program Files\Java\jdk-19\bin\net.dll
Event: 0.048 Loaded shared library C:\Program Files\Java\jdk-19\bin\nio.dll
Event: 0.049 Loaded shared library C:\Program Files\Java\jdk-19\bin\zip.dll
Event: 0.057 Loaded shared library C:\Program Files\JetBrains\IntelliJ IDEA 2022.1.2\bin\breakgen64.dll
Event: 0.063 Loaded shared library C:\Program Files\Java\jdk-19\bin\extnet.dll
Event: 0.100 Loaded shared library C:\Program Files\Java\jdk-19\bin\jimage.dll
Event: 0.143 Loaded shared library C:\Users\99293\AppData\Local\Temp\jansi-2.4.0-3444db95b8ef904d-jansi.dll
Event: 0.150 Loaded shared library C:\Program Files\Java\jdk-19\bin\verify.dll

Deoptimization events (20 events):
Event: 1.370 Thread 0x00000265ff628c80 DEOPT PACKING pc=0x0000026588467503 sp=0x000000cee2efd110
Event: 1.370 Thread 0x00000265ff628c80 DEOPT UNPACKING pc=0x000002658f357543 sp=0x000000cee2efc580 mode 0
Event: 1.371 Thread 0x00000265ff628c80 DEOPT PACKING pc=0x0000026587f648a9 sp=0x000000cee2efd9e0
Event: 1.371 Thread 0x00000265ff628c80 DEOPT UNPACKING pc=0x000002658f357543 sp=0x000000cee2efcec0 mode 0
Event: 1.380 Thread 0x00000265ff628c80 Uncommon trap: trap_request=0xffffffbe fr.pc=0x000002658fbe8028 relative=0x00000000000010c8
Event: 1.380 Thread 0x00000265ff628c80 Uncommon trap: reason=profile_predicate action=maybe_recompile pc=0x000002658fbe8028 method=java.util.concurrent.ConcurrentHashMap.putAll(Ljava/util/Map;)V @ 28 c2
Event: 1.380 Thread 0x00000265ff628c80 DEOPT PACKING pc=0x000002658fbe8028 sp=0x000000cee2efda20
Event: 1.380 Thread 0x00000265ff628c80 DEOPT UNPACKING pc=0x000002658f356da3 sp=0x000000cee2efd9f0 mode 2
Event: 1.380 Thread 0x00000265ff628c80 Uncommon trap: trap_request=0xffffffbe fr.pc=0x000002658fbe8028 relative=0x00000000000010c8
Event: 1.380 Thread 0x00000265ff628c80 Uncommon trap: reason=profile_predicate action=maybe_recompile pc=0x000002658fbe8028 method=java.util.concurrent.ConcurrentHashMap.putAll(Ljava/util/Map;)V @ 28 c2
Event: 1.380 Thread 0x00000265ff628c80 DEOPT PACKING pc=0x000002658fbe8028 sp=0x000000cee2efda40
Event: 1.380 Thread 0x00000265ff628c80 DEOPT UNPACKING pc=0x000002658f356da3 sp=0x000000cee2efda10 mode 2
Event: 1.381 Thread 0x00000265ff628c80 Uncommon trap: trap_request=0xffffffbe fr.pc=0x000002658fbe8028 relative=0x00000000000010c8
Event: 1.381 Thread 0x00000265ff628c80 Uncommon trap: reason=profile_predicate action=maybe_recompile pc=0x000002658fbe8028 method=java.util.concurrent.ConcurrentHashMap.putAll(Ljava/util/Map;)V @ 28 c2
Event: 1.381 Thread 0x00000265ff628c80 DEOPT PACKING pc=0x000002658fbe8028 sp=0x000000cee2efd750
Event: 1.381 Thread 0x00000265ff628c80 DEOPT UNPACKING pc=0x000002658f356da3 sp=0x000000cee2efd720 mode 2
Event: 1.381 Thread 0x00000265ff628c80 Uncommon trap: trap_request=0xffffffbe fr.pc=0x000002658fbe8028 relative=0x00000000000010c8
Event: 1.381 Thread 0x00000265ff628c80 Uncommon trap: reason=profile_predicate action=maybe_recompile pc=0x000002658fbe8028 method=java.util.concurrent.ConcurrentHashMap.putAll(Ljava/util/Map;)V @ 28 c2
Event: 1.381 Thread 0x00000265ff628c80 DEOPT PACKING pc=0x000002658fbe8028 sp=0x000000cee2efd3b0
Event: 1.381 Thread 0x00000265ff628c80 DEOPT UNPACKING pc=0x000002658f356da3 sp=0x000000cee2efd380 mode 2

Classes loaded (20 events):
Event: 1.134 Loading class java/time/zone/ZoneRulesProvider$1
Event: 1.134 Loading class java/time/zone/ZoneRulesProvider$1 done
Event: 1.135 Loading class java/time/zone/TzdbZoneRulesProvider
Event: 1.135 Loading class java/time/zone/TzdbZoneRulesProvider done
Event: 1.136 Loading class java/time/zone/Ser
Event: 1.136 Loading class java/io/Externalizable
Event: 1.136 Loading class java/io/Externalizable done
Event: 1.136 Loading class java/time/zone/Ser done
Event: 1.136 Loading class java/time/zone/ZoneOffsetTransition
Event: 1.136 Loading class java/time/zone/ZoneOffsetTransition done
Event: 1.137 Loading class sun/util/cldr/CLDRBaseLocaleDataMetaInfo$TZCanonicalIDMapHolder
Event: 1.138 Loading class sun/util/cldr/CLDRBaseLocaleDataMetaInfo$TZCanonicalIDMapHolder done
Event: 1.139 Loading class sun/util/resources/TimeZoneNames
Event: 1.139 Loading class sun/util/resources/TimeZoneNames done
Event: 1.140 Loading class sun/util/resources/TimeZoneNames_en
Event: 1.140 Loading class sun/util/resources/TimeZoneNames_en done
Event: 1.222 Loading class sun/nio/cs/ISO_8859_1$Decoder
Event: 1.222 Loading class sun/nio/cs/ISO_8859_1$Decoder done
Event: 1.412 Loading class java/util/Collections$UnmodifiableList$1
Event: 1.412 Loading class java/util/Collections$UnmodifiableList$1 done

Classes unloaded (0 events):
No events

Classes redefined (0 events):
No events

Internal exceptions (20 events):
Event: 0.790 Thread 0x00000265ff628c80 Exception <a 'java/lang/NoSuchMethodError'{0x00000007135b74d0}: 'void java.lang.invoke.DelegatingMethodHandle$Holder.delegate(java.lang.Object, java.lang.Object, int, java.lang.Object)'> (0x00000007135b74d0) 
thrown [s\open\src\hotspot\share\interpreter\linkResolver.cpp, line 774]
Event: 0.790 Thread 0x00000265ff628c80 Exception <a 'java/lang/NoSuchMethodError'{0x00000007135bbdb0}: 'int java.lang.invoke.DirectMethodHandle$Holder.invokeSpecial(java.lang.Object, java.lang.Object, java.lang.Object)'> (0x00000007135bbdb0) 
thrown [s\open\src\hotspot\share\interpreter\linkResolver.cpp, line 774]
Event: 0.811 Thread 0x00000265ff628c80 Exception <a 'java/lang/NoSuchMethodError'{0x0000000715941850}: 'java.lang.Object java.lang.invoke.DirectMethodHandle$Holder.newInvokeSpecial(java.lang.Object, java.lang.Object, java.lang.Object, java.lang.Object, java.lang.Object, java.lang.Object, java.lang.Object)'> (0x0000000715941850) 
thrown [s\open\src\hotspot\share\interpreter\linkResolver.cpp, line 774]
Event: 0.817 Thread 0x00000265ff628c80 Exception <a 'java/lang/NoSuchMethodError'{0x000000071597ed50}: 'java.lang.Object java.lang.invoke.DirectMethodHandle$Holder.newInvokeSpecial(java.lang.Object, java.lang.Object, java.lang.Object, java.lang.Object, java.lang.Object, java.lang.Object, java.lang.Object, java.lang.Object, java.lang.Object)'> (0x000000071597ed50) 
thrown [s\open\src\hotspot\share\interpreter\linkResolver.cpp, line 774]
Event: 0.831 Thread 0x00000265ff628c80 Exception <a 'java/lang/NoSuchMethodError'{0x00000007156dda98}: 'java.lang.Object java.lang.invoke.DirectMethodHandle$Holder.newInvokeSpecial(java.lang.Object, java.lang.Object, java.lang.Object, java.lang.Object, java.lang.Object, java.lang.Object, java.lang.Object, java.lang.Object, java.lang.Object, java.lang.Object, java.lang.Object, java.lang.Object)'> (0x00000007156dda98) 
thrown [s\open\src\hotspot\share\interpreter\linkResolver.cpp, line 774]
Event: 0.833 Thread 0x00000265ff628c80 Exception <a 'java/lang/NoSuchMethodError'{0x0000000715725750}: 'java.lang.Object java.lang.invoke.DirectMethodHandle$Holder.invokeStatic(java.lang.Object, java.lang.Object, java.lang.Object, java.lang.Object, java.lang.Object, java.lang.Object, java.lang.Object, java.lang.Object, java.lang.Object, java.lang.Object, java.lang.Object, java.lang.Object, java.lang.Object)'> (0x0000000715725750) 
thrown [s\open\src\hotspot\share\interpreter\linkResolver.cpp, line 774]
Event: 0.834 Thread 0x00000265ff628c80 Exception <a 'java/lang/NoSuchMethodError'{0x00000007157451f0}: 'java.lang.Object java.lang.invoke.DirectMethodHandle$Holder.invokeStatic(java.lang.Object, java.lang.Object, java.lang.Object, java.lang.Object, java.lang.Object, java.lang.Object, java.lang.Object, java.lang.Object, java.lang.Object, java.lang.Object, java.lang.Object, java.lang.Object, java.lang.Object, java.lang.Object)'> (0x00000007157451f0) 
thrown [s\open\src\hotspot\share\interpreter\linkResolver.cpp, line 774]
Event: 0.835 Thread 0x00000265ff628c80 Exception <a 'java/lang/NoSuchMethodError'{0x0000000715766678}: 'java.lang.Object java.lang.invoke.DirectMethodHandle$Holder.invokeStatic(java.lang.Object, java.lang.Object, java.lang.Object, java.lang.Object, java.lang.Object, java.lang.Object, java.lang.Object, java.lang.Object, java.lang.Object, java.lang.Object, java.lang.Object, java.lang.Object, java.lang.Object, java.lang.Object, java.lang.Object)'> (0x0000000715766678) 
thrown [s\open\src\hotspot\share\interpreter\linkResolver.cpp, line 774]
Event: 0.847 Thread 0x00000265ff628c80 Exception <a 'java/lang/NoSuchMethodError'{0x0000000715417198}: 'java.lang.Object java.lang.invoke.DirectMethodHandle$Holder.invokeStaticInit(java.lang.Object, int, int, int, int)'> (0x0000000715417198) 
thrown [s\open\src\hotspot\share\interpreter\linkResolver.cpp, line 774]
Event: 0.900 Thread 0x00000265ff628c80 Implicit null exception at 0x000002658faa5c72 to 0x000002658faa6170
Event: 0.900 Thread 0x00000265ff628c80 Implicit null exception at 0x000002658fa831f2 to 0x000002658fa836e4
Event: 0.907 Thread 0x00000265ff628c80 Implicit null exception at 0x000002658fafcfb8 to 0x000002658fafd74c
Event: 0.945 Thread 0x00000265ff628c80 Exception <a 'java/lang/NoSuchMethodError'{0x0000000714f74740}: 'void java.lang.invoke.DirectMethodHandle$Holder.invokeVirtual(java.lang.Object, java.lang.Object, int)'> (0x0000000714f74740) 
thrown [s\open\src\hotspot\share\interpreter\linkResolver.cpp, line 774]
Event: 0.945 Thread 0x00000265ff628c80 Exception <a 'java/lang/NoSuchMethodError'{0x0000000714f78b58}: 'int java.lang.invoke.DirectMethodHandle$Holder.invokeSpecial(java.lang.Object, java.lang.Object, java.lang.Object, int)'> (0x0000000714f78b58) 
thrown [s\open\src\hotspot\share\interpreter\linkResolver.cpp, line 774]
Event: 0.945 Thread 0x00000265ff628c80 Exception <a 'java/lang/NoSuchMethodError'{0x0000000714f88f60}: 'java.lang.Object java.lang.invoke.DirectMethodHandle$Holder.invokeStatic(java.lang.Object, java.lang.Object, java.lang.Object, java.lang.Object, int)'> (0x0000000714f88f60) 
thrown [s\open\src\hotspot\share\interpreter\linkResolver.cpp, line 774]
Event: 0.946 Thread 0x00000265ff628c80 Exception <a 'java/lang/NoSuchMethodError'{0x0000000714f94820}: 'void java.lang.invoke.DelegatingMethodHandle$Holder.reinvoke_L(java.lang.Object, java.lang.Object, int)'> (0x0000000714f94820) 
thrown [s\open\src\hotspot\share\interpreter\linkResolver.cpp, line 774]
Event: 1.141 Thread 0x00000265a3322480 Exception <a 'java/lang/NoSuchMethodError'{0x00000007139f23f0}: 'java.lang.Object java.lang.invoke.Invokers$Holder.invokeExact_MT(java.lang.Object, java.lang.Object, java.lang.Object, java.lang.Object, java.lang.Object, java.lang.Object)'> (0x00000007139f23f0) 
thrown [s\open\src\hotspot\share\interpreter\linkResolver.cpp, line 774]
Event: 1.346 Thread 0x00000265ff628c80 Implicit null exception at 0x000002658facf2ed to 0x000002658facf4b8
Event: 1.346 Thread 0x00000265ff628c80 Implicit null exception at 0x000002658faebd6d to 0x000002658faebf28
Event: 1.347 Thread 0x00000265ff628c80 Implicit null exception at 0x000002658facfc2f to 0x000002658facfca9

VM Operations (20 events):
Event: 0.855 Executing VM operation: HandshakeAllThreads
Event: 0.855 Executing VM operation: HandshakeAllThreads done
Event: 0.871 Executing VM operation: HandshakeAllThreads
Event: 0.871 Executing VM operation: HandshakeAllThreads done
Event: 0.890 Executing VM operation: HandshakeAllThreads
Event: 0.890 Executing VM operation: HandshakeAllThreads done
Event: 0.891 Executing VM operation: HandshakeAllThreads
Event: 0.891 Executing VM operation: HandshakeAllThreads done
Event: 0.973 Executing VM operation: ICBufferFull
Event: 0.973 Executing VM operation: ICBufferFull done
Event: 1.043 Executing VM operation: HandshakeAllThreads
Event: 1.043 Executing VM operation: HandshakeAllThreads done
Event: 1.043 Executing VM operation: HandshakeAllThreads
Event: 1.043 Executing VM operation: HandshakeAllThreads done
Event: 1.132 Executing VM operation: ICBufferFull
Event: 1.132 Executing VM operation: ICBufferFull done
Event: 1.265 Executing VM operation: HandshakeAllThreads
Event: 1.265 Executing VM operation: HandshakeAllThreads done
Event: 1.324 Executing VM operation: ICBufferFull
Event: 1.324 Executing VM operation: ICBufferFull done

Events (20 events):
Event: 0.018 Thread 0x00000265a331d280 Thread added: 0x00000265a331d280
Event: 0.018 Thread 0x00000265a3322480 Thread added: 0x00000265a3322480
Event: 0.018 Thread 0x00000265a3324dc0 Thread added: 0x00000265a3324dc0
Event: 0.018 Thread 0x00000265a332a250 Thread added: 0x00000265a332a250
Event: 0.018 Thread 0x00000265a332aeb0 Thread added: 0x00000265a332aeb0
Event: 0.018 Thread 0x00000265a332f830 Thread added: 0x00000265a332f830
Event: 0.018 Thread 0x00000265a33341c0 Thread added: 0x00000265a33341c0
Event: 0.031 Thread 0x00000265a32eeb90 Thread added: 0x00000265a32eeb90
Event: 0.034 Thread 0x00000265a75f1b20 Thread added: 0x00000265a75f1b20
Event: 0.035 Thread 0x00000265a75f2cc0 Thread added: 0x00000265a75f2cc0
Event: 0.035 Thread 0x00000265a761bbe0 Thread added: 0x00000265a761bbe0
Event: 0.058 Thread 0x00000265a7774860 Thread added: 0x00000265a7774860
Event: 0.058 Thread 0x00000265a7774da0 Thread added: 0x00000265a7774da0
Event: 0.079 Thread 0x00000265a7861780 Thread added: 0x00000265a7861780
Event: 0.332 Thread 0x00000265a7d33d80 Thread added: 0x00000265a7d33d80
Event: 0.332 Thread 0x00000265a7d402f0 Thread added: 0x00000265a7d402f0
Event: 0.341 Thread 0x00000265a815f060 Thread added: 0x00000265a815f060
Event: 0.345 Thread 0x00000265a86c81b0 Thread added: 0x00000265a86c81b0
Event: 0.345 Thread 0x00000265a86c8730 Thread added: 0x00000265a86c8730
Event: 0.346 Thread 0x00000265a86c8cb0 Thread added: 0x00000265a86c8cb0


Dynamic libraries:
0x00007ff7a7630000 - 0x00007ff7a7640000 	C:\Program Files\Java\jdk-19\bin\java.exe
0x00007ffdcf410000 - 0x00007ffdcf627000 	C:\WINDOWS\SYSTEM32\ntdll.dll
0x00007ffdcd2c0000 - 0x00007ffdcd384000 	C:\WINDOWS\System32\KERNEL32.DLL
0x00007ffdccc60000 - 0x00007ffdcd005000 	C:\WINDOWS\System32\KERNELBASE.dll
0x00007ffdccb40000 - 0x00007ffdccc51000 	C:\WINDOWS\System32\ucrtbase.dll
0x00007ffdb8c80000 - 0x00007ffdb8c98000 	C:\Program Files\Java\jdk-19\bin\jli.dll
0x00007ffdb8ca0000 - 0x00007ffdb8cbb000 	C:\Program Files\Java\jdk-19\bin\VCRUNTIME140.dll
0x00007ffdcd200000 - 0x00007ffdcd2b1000 	C:\WINDOWS\System32\ADVAPI32.dll
0x00007ffdcec20000 - 0x00007ffdcecc7000 	C:\WINDOWS\System32\msvcrt.dll
0x00007ffdceb70000 - 0x00007ffdcec16000 	C:\WINDOWS\System32\sechost.dll
0x00007ffdce920000 - 0x00007ffdcea37000 	C:\WINDOWS\System32\RPCRT4.dll
0x00007ffdce740000 - 0x00007ffdce8ee000 	C:\WINDOWS\System32\USER32.dll
0x00007ffdb0e80000 - 0x00007ffdb1113000 	C:\WINDOWS\WinSxS\amd64_microsoft.windows.common-controls_6595b64144ccf1df_6.0.22621.2506_none_270c5ae97388e100\COMCTL32.dll
0x00007ffdcc750000 - 0x00007ffdcc776000 	C:\WINDOWS\System32\win32u.dll
0x00007ffdce8f0000 - 0x00007ffdce919000 	C:\WINDOWS\System32\GDI32.dll
0x00007ffdcd010000 - 0x00007ffdcd129000 	C:\WINDOWS\System32\gdi32full.dll
0x00007ffdccaa0000 - 0x00007ffdccb3a000 	C:\WINDOWS\System32\msvcp_win.dll
0x00007ffdc3ff0000 - 0x00007ffdc3ffa000 	C:\WINDOWS\SYSTEM32\VERSION.dll
0x00007ffdce6e0000 - 0x00007ffdce711000 	C:\WINDOWS\System32\IMM32.DLL
0x00007ffdb8c70000 - 0x00007ffdb8c7c000 	C:\Program Files\Java\jdk-19\bin\vcruntime140_1.dll
0x00007ffd564f0000 - 0x00007ffd5657e000 	C:\Program Files\Java\jdk-19\bin\msvcp140.dll
0x00007ffd44080000 - 0x00007ffd44d40000 	C:\Program Files\Java\jdk-19\bin\server\jvm.dll
0x00007ffdc5890000 - 0x00007ffdc58c4000 	C:\WINDOWS\SYSTEM32\WINMM.dll
0x00007ffdc78b0000 - 0x00007ffdc78b9000 	C:\WINDOWS\SYSTEM32\WSOCK32.dll
0x00007ffdce3d0000 - 0x00007ffdce441000 	C:\WINDOWS\System32\WS2_32.dll
0x00007ffdcb840000 - 0x00007ffdcb858000 	C:\WINDOWS\SYSTEM32\kernel.appcore.dll
0x00007ffdb8c60000 - 0x00007ffdb8c6a000 	C:\Program Files\Java\jdk-19\bin\jimage.dll
0x00007ffdc9a10000 - 0x00007ffdc9c43000 	C:\WINDOWS\SYSTEM32\DBGHELP.DLL
0x00007ffdcd390000 - 0x00007ffdcd719000 	C:\WINDOWS\System32\combase.dll
0x00007ffdcea40000 - 0x00007ffdceb17000 	C:\WINDOWS\System32\OLEAUT32.dll
0x00007ffdc32b0000 - 0x00007ffdc32e2000 	C:\WINDOWS\SYSTEM32\dbgcore.DLL
0x00007ffdcc8b0000 - 0x00007ffdcc92a000 	C:\WINDOWS\System32\bcryptPrimitives.dll
0x00007ffdc5d70000 - 0x00007ffdc5d7e000 	C:\Program Files\Java\jdk-19\bin\instrument.dll
0x00007ffda58c0000 - 0x00007ffda58e6000 	C:\Program Files\Java\jdk-19\bin\java.dll
0x00007ffdb8cc0000 - 0x00007ffdb8d97000 	C:\Program Files\Java\jdk-19\bin\jsvml.dll
0x00007ffdcd800000 - 0x00007ffdce059000 	C:\WINDOWS\System32\SHELL32.dll
0x00007ffdca640000 - 0x00007ffdcaf34000 	C:\WINDOWS\SYSTEM32\windows.storage.dll
0x00007ffdca500000 - 0x00007ffdca63e000 	C:\WINDOWS\SYSTEM32\wintypes.dll
0x00007ffdce2b0000 - 0x00007ffdce3a3000 	C:\WINDOWS\System32\SHCORE.dll
0x00007ffdcd1a0000 - 0x00007ffdcd1fe000 	C:\WINDOWS\System32\shlwapi.dll
0x00007ffdcc680000 - 0x00007ffdcc6a6000 	C:\WINDOWS\SYSTEM32\profapi.dll
0x00007ffda4520000 - 0x00007ffda4538000 	C:\Program Files\Java\jdk-19\bin\zip.dll
0x00007ffdba630000 - 0x00007ffdba643000 	C:\Program Files\Java\jdk-19\bin\net.dll
0x00007ffdc6a60000 - 0x00007ffdc6b97000 	C:\WINDOWS\SYSTEM32\WINHTTP.dll
0x00007ffdcbcc0000 - 0x00007ffdcbd29000 	C:\WINDOWS\system32\mswsock.dll
0x00007ffdba600000 - 0x00007ffdba616000 	C:\Program Files\Java\jdk-19\bin\nio.dll
0x00007ffdc30d0000 - 0x00007ffdc30ea000 	C:\Program Files\JetBrains\IntelliJ IDEA 2022.1.2\bin\breakgen64.dll
0x00007ffdba5f0000 - 0x00007ffdba5f8000 	C:\Program Files\Java\jdk-19\bin\extnet.dll
0x0000000069ac0000 - 0x0000000069ae4000 	C:\Users\99293\AppData\Local\Temp\jansi-2.4.0-3444db95b8ef904d-jansi.dll
0x00007ffdb8200000 - 0x00007ffdb8210000 	C:\Program Files\Java\jdk-19\bin\verify.dll

dbghelp: loaded successfully - version: 4.0.5 - missing functions: none
symbol engine: initialized successfully - sym options: 0x614 - pdb path: .;C:\Program Files\Java\jdk-19\bin;C:\WINDOWS\SYSTEM32;C:\WINDOWS\WinSxS\amd64_microsoft.windows.common-controls_6595b64144ccf1df_6.0.22621.2506_none_270c5ae97388e100;C:\Program Files\Java\jdk-19\bin\server;C:\Program Files\JetBrains\IntelliJ IDEA 2022.1.2\bin;C:\Users\99293\AppData\Local\Temp

VM Arguments:
jvm_args: -Dmaven.multiModuleProjectDirectory=D:\unitedStates original storage\unitedStates duplicates original storage -Dmaven.home=C:\Users\99293\.m2\wrapper\dists\apache-maven-3.8.6-bin\1ks0nkde5v1pk9vtc31i9d0lcd\apache-maven-3.8.6 -Dclassworlds.conf=C:\Users\99293\.m2\wrapper\dists\apache-maven-3.8.6-bin\1ks0nkde5v1pk9vtc31i9d0lcd\apache-maven-3.8.6\bin\m2.conf -Dmaven.ext.class.path=C:\Program Files\JetBrains\IntelliJ IDEA 2022.1.2\plugins\maven\lib\maven-event-listener.jar -javaagent:C:\Program Files\JetBrains\IntelliJ IDEA 2022.1.2\lib\idea_rt.jar=52535:C:\Program Files\JetBrains\IntelliJ IDEA 2022.1.2\bin -Dfile.encoding=UTF-8 
java_command: org.codehaus.classworlds.Launcher -Didea.version=2022.1.2 package
java_class_path (initial): C:\Users\99293\.m2\wrapper\dists\apache-maven-3.8.6-bin\1ks0nkde5v1pk9vtc31i9d0lcd\apache-maven-3.8.6\boot\plexus-classworlds-2.6.0.jar;C:\Users\99293\.m2\wrapper\dists\apache-maven-3.8.6-bin\1ks0nkde5v1pk9vtc31i9d0lcd\apache-maven-3.8.6\boot\plexus-classworlds.license
Launcher Type: SUN_STANDARD

[Global flags]
     intx CICompilerCount                          = 12                                        {product} {ergonomic}
     uint ConcGCThreads                            = 3                                         {product} {ergonomic}
     uint G1ConcRefinementThreads                  = 13                                        {product} {ergonomic}
   size_t G1HeapRegionSize                         = 2097152                                   {product} {ergonomic}
    uintx GCDrainStackTargetSize                   = 64                                        {product} {ergonomic}
   size_t InitialHeapSize                          = 264241152                                 {product} {ergonomic}
   size_t MarkStackSize                            = 4194304                                   {product} {ergonomic}
   size_t MaxHeapSize                              = 4196401152                                {product} {ergonomic}
   size_t MaxNewSize                               = 2516582400                                {product} {ergonomic}
   size_t MinHeapDeltaBytes                        = 2097152                                   {product} {ergonomic}
   size_t MinHeapSize                              = 8388608                                   {product} {ergonomic}
    uintx NonNMethodCodeHeapSize                   = 7602480                                {pd product} {ergonomic}
    uintx NonProfiledCodeHeapSize                  = 122027880                              {pd product} {ergonomic}
    uintx ProfiledCodeHeapSize                     = 122027880                              {pd product} {ergonomic}
    uintx ReservedCodeCacheSize                    = 251658240                              {pd product} {ergonomic}
     bool SegmentedCodeCache                       = true                                      {product} {ergonomic}
   size_t SoftMaxHeapSize                          = 4196401152                             {manageable} {ergonomic}
     bool UseCompressedClassPointers               = true                           {product lp64_product} {ergonomic}
     bool UseCompressedOops                        = true                           {product lp64_product} {ergonomic}
     bool UseG1GC                                  = true                                      {product} {ergonomic}
     bool UseLargePagesIndividualAllocation        = false                                  {pd product} {ergonomic}

Logging:
Log output configuration:
 #0: stdout all=warning uptime,level,tags foldmultilines=false
 #1: stderr all=off uptime,level,tags foldmultilines=false

Environment Variables:
PATH=C:\Program Files\Common Files\Oracle\Java\javapath;C:\Windows\system32;C:\Windows;C:\Windows\System32\Wbem;C:\Windows\System32\WindowsPowerShell\v1.0\;C:\Windows\System32\OpenSSH\;C:\Program Files (x86)\NVIDIA Corporation\PhysX\Common;C:\Program Files\NVIDIA Corporation\NVIDIA NvDLISR;C:\Program Files\Git\cmd;C:\Program Files (x86)\dotnet\;%SystemRoot%\system32;%SystemRoot%;%SystemRoot%\System32\Wbem;%SYSTEMROOT%\System32\WindowsPowerShell\v1.0\;%SYSTEMROOT%\System32\OpenSSH\;C:\Users\99293\AppData\Local\Programs\Python\Python311\Scripts\;C:\Users\99293\AppData\Local\Programs\Python\Python311\;C:\Users\99293\AppData\Local\Microsoft\WindowsApps;;C:\Program Files\JetBrains\IntelliJ IDEA 2022.1.2\bin;;C:\Program Files\heroku\bin
USERNAME=ASUS
OS=Windows_NT
PROCESSOR_IDENTIFIER=Intel64 Family 6 Model 154 Stepping 3, GenuineIntel
TMP=C:\Users\99293\AppData\Local\Temp
TEMP=C:\Users\99293\AppData\Local\Temp



---------------  S Y S T E M  ---------------

OS:
 Windows 11 , 64 bit Build 22621 (10.0.22621.2506)
OS uptime: 1 days 17:26 hours
Hyper-V role detected

CPU: total 16 (initial active 16) (8 cores per cpu, 2 threads per core) family 6 model 154 stepping 3 microcode 0x41c, cx8, cmov, fxsr, ht, mmx, 3dnowpref, sse, sse2, sse3, ssse3, sse4.1, sse4.2, popcnt, lzcnt, tsc, tscinvbit, avx, avx2, aes, erms, clmul, bmi1, bmi2, adx, sha, fma, vzeroupper, clflush, clflushopt, clwb, hv, serialize, rdtscp, rdpid, fsrm

Memory: 4k page, system-wide physical 16005M (2802M free)
TotalPageFile size 18053M (AvailPageFile size 5M)
current process WorkingSet (physical memory assigned to process): 220M, peak: 220M
current process commit charge ("private bytes"): 432M, peak: 432M

vm_info: Java HotSpot(TM) 64-Bit Server VM (19.0.2+7-44) for windows-amd64 JRE (19.0.2+7-44), built on 2022-11-30T18:02:09Z by "mach5one" with MS VC++ 17.1 (VS2022)

END.
