#
# There is insufficient memory for the Java Runtime Environment to continue.
# Native memory allocation (malloc) failed to allocate 696448 bytes for Chunk::new
# Possible reasons:
#   The system is out of physical RAM or swap space
#   The process is running with CompressedOops enabled, and the Java Heap may be blocking the growth of the native heap
# Possible solutions:
#   Reduce memory load on the system
#   Increase physical memory or swap space
#   Check if swap backing store is full
#   Decrease Java heap size (-Xmx/-Xms)
#   Decrease number of Java threads
#   Decrease Java thread stack sizes (-Xss)
#   Set larger code cache with -XX:ReservedCodeCacheSize=
#   JVM is running with Zero Based Compressed Oops mode in which the Java heap is
#     placed in the first 32GB address space. The Java Heap base address is the
#     maximum limit for the native heap growth. Please use -XX:HeapBaseMinAddress
#     to set the Java Heap base and to place the Java Heap above 32GB virtual address.
# This output file may be truncated or incomplete.
#
#  Out of Memory Error (arena.cpp:184), pid=18316, tid=8696
#
# JRE version: Java(TM) SE Runtime Environment (19.0.2+7) (build 19.0.2+7-44)
# Java VM: Java HotSpot(TM) 64-Bit Server VM (19.0.2+7-44, mixed mode, sharing, tiered, compressed oops, compressed class ptrs, g1 gc, windows-amd64)
# No core dump will be written. Minidumps are not enabled by default on client versions of Windows
#

---------------  S U M M A R Y ------------

Command Line: -Dmaven.multiModuleProjectDirectory=D:\unitedStates_storage-master\unitedStates_storage -Dmaven.home=C:\Users\99293\.m2\wrapper\dists\apache-maven-3.8.6-bin\1ks0nkde5v1pk9vtc31i9d0lcd\apache-maven-3.8.6 -Dclassworlds.conf=C:\Users\99293\.m2\wrapper\dists\apache-maven-3.8.6-bin\1ks0nkde5v1pk9vtc31i9d0lcd\apache-maven-3.8.6\bin\m2.conf -Dmaven.ext.class.path=C:\Program Files\JetBrains\IntelliJ IDEA 2022.1.2\plugins\maven\lib\maven-event-listener.jar -javaagent:C:\Program Files\JetBrains\IntelliJ IDEA 2022.1.2\lib\idea_rt.jar=55946:C:\Program Files\JetBrains\IntelliJ IDEA 2022.1.2\bin -Dfile.encoding=UTF-8 org.codehaus.classworlds.Launcher -Didea.version=2022.1.2 package

Host: 12th Gen Intel(R) Core(TM) i7-12650H, 16 cores, 15G,  Windows 11 , 64 bit Build 22621 (10.0.22621.3672)
Time: Sun Aug  4 01:10:58 2024  Windows 11 , 64 bit Build 22621 (10.0.22621.3672) elapsed time: 0.417079 seconds (0d 0h 0m 0s)

---------------  T H R E A D  ---------------

Current thread (0x0000018e6dc55d50):  JavaThread "C2 CompilerThread2" daemon [_thread_in_native, id=8696, stack(0x0000000a23c00000,0x0000000a23d00000)]


Current CompileTask:
C2:    417 1138       4       sun.nio.cs.StreamDecoder::lockedRead (189 bytes)

Stack: [0x0000000a23c00000,0x0000000a23d00000]
Native frames: (J=compiled Java code, j=interpreted, Vv=VM code, C=native code)
V  [jvm.dll+0x6ee21a]
V  [jvm.dll+0x85765e]
V  [jvm.dll+0x85904e]
V  [jvm.dll+0x859703]
V  [jvm.dll+0x28298f]
V  [jvm.dll+0xc9adf]
V  [jvm.dll+0xc9e65]
V  [jvm.dll+0x3bca4c]
V  [jvm.dll+0x3860e1]
V  [jvm.dll+0x38555a]
V  [jvm.dll+0x24c3d9]
V  [jvm.dll+0x24b781]
V  [jvm.dll+0x1d6ce1]
V  [jvm.dll+0x25b25a]
V  [jvm.dll+0x2596e8]
V  [jvm.dll+0x807588]
V  [jvm.dll+0x80125a]
V  [jvm.dll+0x6ecf0b]
C  [ucrtbase.dll+0x29333]
C  [KERNEL32.DLL+0x1257d]
C  [ntdll.dll+0x5af28]


---------------  P R O C E S S  ---------------

Threads class SMR info:
_java_thread_list=0x0000018e6e72e900, length=23, elements={
0x0000018e452bfa40, 0x0000018e6841ea80, 0x0000018e68420020, 0x0000018e68422fd0,
0x0000018e68427f40, 0x0000018e6842ac80, 0x0000018e6842d760, 0x0000018e6842ea60,
0x0000018e6d4203d0, 0x0000018e6d420d40, 0x0000018e6d4d5d90, 0x0000018e6d55ed10,
0x0000018e6d563330, 0x0000018e6d563fd0, 0x0000018e6d5fffa0, 0x0000018e6d6038a0,
0x0000018e6d90cf70, 0x0000018e6dc55d50, 0x0000018e6e0b3f50, 0x0000018e6e6b3570,
0x0000018e6e6aa0f0, 0x0000018e6e6aa910, 0x0000018e6e72db50
}

Java Threads: ( => current thread )
  0x0000018e452bfa40 JavaThread "main" [_thread_in_vm, id=21944, stack(0x0000000a22400000,0x0000000a22500000)]
  0x0000018e6841ea80 JavaThread "Reference Handler" daemon [_thread_blocked, id=24028, stack(0x0000000a22b00000,0x0000000a22c00000)]
  0x0000018e68420020 JavaThread "Finalizer" daemon [_thread_blocked, id=1104, stack(0x0000000a22c00000,0x0000000a22d00000)]
  0x0000018e68422fd0 JavaThread "Signal Dispatcher" daemon [_thread_blocked, id=19080, stack(0x0000000a22d00000,0x0000000a22e00000)]
  0x0000018e68427f40 JavaThread "Attach Listener" daemon [_thread_blocked, id=25088, stack(0x0000000a22e00000,0x0000000a22f00000)]
  0x0000018e6842ac80 JavaThread "Service Thread" daemon [_thread_blocked, id=19076, stack(0x0000000a22f00000,0x0000000a23000000)]
  0x0000018e6842d760 JavaThread "Monitor Deflation Thread" daemon [_thread_blocked, id=18024, stack(0x0000000a23000000,0x0000000a23100000)]
  0x0000018e6842ea60 JavaThread "C2 CompilerThread0" daemon [_thread_in_native, id=16336, stack(0x0000000a23100000,0x0000000a23200000)]
  0x0000018e6d4203d0 JavaThread "C1 CompilerThread0" daemon [_thread_blocked, id=21276, stack(0x0000000a23200000,0x0000000a23300000)]
  0x0000018e6d420d40 JavaThread "Sweeper thread" daemon [_thread_blocked, id=24012, stack(0x0000000a23300000,0x0000000a23400000)]
  0x0000018e6d4d5d90 JavaThread "C1 CompilerThread1" daemon [_thread_blocked, id=5192, stack(0x0000000a23400000,0x0000000a23500000)]
  0x0000018e6d55ed10 JavaThread "Common-Cleaner" daemon [_thread_blocked, id=16216, stack(0x0000000a23500000,0x0000000a23600000)]
  0x0000018e6d563330 JavaThread "C1 CompilerThread2" daemon [_thread_blocked, id=21228, stack(0x0000000a23600000,0x0000000a23700000)]
  0x0000018e6d563fd0 JavaThread "C1 CompilerThread3" daemon [_thread_blocked, id=23376, stack(0x0000000a23700000,0x0000000a23800000)]
  0x0000018e6d5fffa0 JavaThread "Monitor Ctrl-Break" daemon [_thread_in_native, id=26444, stack(0x0000000a23800000,0x0000000a23900000)]
  0x0000018e6d6038a0 JavaThread "Notification Thread" daemon [_thread_blocked, id=25236, stack(0x0000000a23900000,0x0000000a23a00000)]
  0x0000018e6d90cf70 JavaThread "C2 CompilerThread1" daemon [_thread_in_native, id=14080, stack(0x0000000a23b00000,0x0000000a23c00000)]
=>0x0000018e6dc55d50 JavaThread "C2 CompilerThread2" daemon [_thread_in_native, id=8696, stack(0x0000000a23c00000,0x0000000a23d00000)]
  0x0000018e6e0b3f50 JavaThread "C2 CompilerThread3" daemon [_thread_in_native, id=25096, stack(0x0000000a23d00000,0x0000000a23e00000)]
  0x0000018e6e6b3570 JavaThread "C2 CompilerThread4" daemon [_thread_in_vm, id=11080, stack(0x0000000a23e00000,0x0000000a23f00000)]
  0x0000018e6e6aa0f0 JavaThread "C2 CompilerThread5" daemon [_thread_in_native, id=8384, stack(0x0000000a23f00000,0x0000000a24000000)]
  0x0000018e6e6aa910 JavaThread "C2 CompilerThread6" daemon [_thread_in_native, id=17892, stack(0x0000000a24000000,0x0000000a24100000)]
  0x0000018e6e72db50 JavaThread "C2 CompilerThread7" daemon [_thread_in_native, id=26124, stack(0x0000000a24100000,0x0000000a24200000)]

Other Threads:
  0x0000018e684094e0 VMThread "VM Thread" [stack: 0x0000000a22a00000,0x0000000a22b00000] [id=14964]
  0x0000018e6d606a80 WatcherThread "VM Periodic Task Thread" [stack: 0x0000000a23a00000,0x0000000a23b00000] [id=25324]
  0x0000018e45332600 WorkerThread "GC Thread#0" [stack: 0x0000000a22500000,0x0000000a22600000] [id=22928]
  0x0000018e6d955fe0 WorkerThread "GC Thread#1" [stack: 0x0000000a24200000,0x0000000a24300000] [id=17464]
  0x0000018e6d9554a0 WorkerThread "GC Thread#2" [stack: 0x0000000a24300000,0x0000000a24400000] [id=18704]
  0x0000018e6d955d10 WorkerThread "GC Thread#3" [stack: 0x0000000a24400000,0x0000000a24500000] [id=15312]
  0x0000018e6d9562b0 WorkerThread "GC Thread#4" [stack: 0x0000000a24500000,0x0000000a24600000] [id=26292]
  0x0000018e6d956580 WorkerThread "GC Thread#5" [stack: 0x0000000a24600000,0x0000000a24700000] [id=25360]
  0x0000018e6d954c30 WorkerThread "GC Thread#6" [stack: 0x0000000a24700000,0x0000000a24800000] [id=18604]
  0x0000018e6d954f00 WorkerThread "GC Thread#7" [stack: 0x0000000a24800000,0x0000000a24900000] [id=14736]
  0x0000018e45343110 ConcurrentGCThread "G1 Main Marker" [stack: 0x0000000a22600000,0x0000000a22700000] [id=21768]
  0x0000018e45343b40 WorkerThread "G1 Conc#0" [stack: 0x0000000a22700000,0x0000000a22800000] [id=19228]
  0x0000018e4537e800 ConcurrentGCThread "G1 Refine#0" [stack: 0x0000000a22800000,0x0000000a22900000] [id=24048]
  0x0000018e682c4400 ConcurrentGCThread "G1 Service" [stack: 0x0000000a22900000,0x0000000a22a00000] [id=11600]

Threads with active compile tasks:
C2 CompilerThread0      429 1137   !   4       sun.nio.cs.StreamDecoder::read (78 bytes)
C2 CompilerThread1      429 1142       4       org.codehaus.plexus.util.xml.XmlReader::read (11 bytes)
C2 CompilerThread2      429 1138       4       sun.nio.cs.StreamDecoder::lockedRead (189 bytes)
C2 CompilerThread3      429 1141       4       java.io.InputStreamReader::read (11 bytes)
C2 CompilerThread4      429 1170       4       java.lang.String::decodeASCII (46 bytes)
C2 CompilerThread5      429 1186       4       org.codehaus.plexus.util.xml.pull.MXParser::nextImpl (1202 bytes)
C2 CompilerThread6      429 1143       4       org.codehaus.plexus.util.InterpolationFilterReader::read (477 bytes)
C2 CompilerThread7      429 1144       4       java.io.Reader::read (21 bytes)

VM state: not at safepoint (normal execution)

VM Mutex/Monitor currently owned by a thread: None

Heap address: 0x0000000705e00000, size: 4002 MB, Compressed Oops mode: Zero based, Oop shift amount: 3

CDS archive(s) mapped at: [0x0000000800000000-0x0000000800c40000-0x0000000800c40000), size 12845056, SharedBaseAddress: 0x0000000800000000, ArchiveRelocationMode: 0.
Compressed class space mapped at: 0x0000000801000000-0x0000000841000000, reserved size: 1073741824
Narrow klass base: 0x0000000800000000, Narrow klass shift: 0, Narrow klass range: 0x100000000

GC Precious Log:
 CardTable entry size: 512
 Card Set container configuration: InlinePtr #cards 4 size 8 Array Of Cards #cards 16 size 48 Howl #buckets 8 coarsen threshold 3686 Howl Bitmap #cards 512 size 80 coarsen threshold 460 Card regions per heap region 1 cards per card region 4096
 CPUs: 16 total, 16 available
 Memory: 16005M
 Large Page Support: Disabled
 NUMA Support: Disabled
 Compressed Oops: Enabled (Zero based)
 Heap Region Size: 2M
 Heap Min Capacity: 8M
 Heap Initial Capacity: 252M
 Heap Max Capacity: 4002M
 Pre-touch: Disabled
 Parallel Workers: 13
 Concurrent Workers: 3
 Concurrent Refinement Workers: 13
 Periodic GC: Disabled

Heap:
 garbage-first heap   total 258048K, used 7797K [0x0000000705e00000, 0x0000000800000000)
  region size 2048K, 5 young (10240K), 2 survivors (4096K)
 Metaspace       used 5419K, committed 5504K, reserved 1114112K
  class space    used 594K, committed 640K, reserved 1048576K

Heap Regions: E=young(eden), S=young(survivor), O=old, HS=humongous(starts), HC=humongous(continues), CS=collection set, F=free, OA=open archive, CA=closed archive, TAMS=top-at-mark-start (previous, next)
|   0|0x0000000705e00000, 0x0000000705e00000, 0x0000000706000000|  0%| F|  |TAMS 0x0000000705e00000, 0x0000000705e00000| Untracked 
|   1|0x0000000706000000, 0x0000000706000000, 0x0000000706200000|  0%| F|  |TAMS 0x0000000706000000, 0x0000000706000000| Untracked 
|   2|0x0000000706200000, 0x0000000706200000, 0x0000000706400000|  0%| F|  |TAMS 0x0000000706200000, 0x0000000706200000| Untracked 
|   3|0x0000000706400000, 0x0000000706400000, 0x0000000706600000|  0%| F|  |TAMS 0x0000000706400000, 0x0000000706400000| Untracked 
|   4|0x0000000706600000, 0x0000000706600000, 0x0000000706800000|  0%| F|  |TAMS 0x0000000706600000, 0x0000000706600000| Untracked 
|   5|0x0000000706800000, 0x0000000706800000, 0x0000000706a00000|  0%| F|  |TAMS 0x0000000706800000, 0x0000000706800000| Untracked 
|   6|0x0000000706a00000, 0x0000000706a00000, 0x0000000706c00000|  0%| F|  |TAMS 0x0000000706a00000, 0x0000000706a00000| Untracked 
|   7|0x0000000706c00000, 0x0000000706c00000, 0x0000000706e00000|  0%| F|  |TAMS 0x0000000706c00000, 0x0000000706c00000| Untracked 
|   8|0x0000000706e00000, 0x0000000706e00000, 0x0000000707000000|  0%| F|  |TAMS 0x0000000706e00000, 0x0000000706e00000| Untracked 
|   9|0x0000000707000000, 0x0000000707000000, 0x0000000707200000|  0%| F|  |TAMS 0x0000000707000000, 0x0000000707000000| Untracked 
|  10|0x0000000707200000, 0x0000000707200000, 0x0000000707400000|  0%| F|  |TAMS 0x0000000707200000, 0x0000000707200000| Untracked 
|  11|0x0000000707400000, 0x0000000707400000, 0x0000000707600000|  0%| F|  |TAMS 0x0000000707400000, 0x0000000707400000| Untracked 
|  12|0x0000000707600000, 0x0000000707600000, 0x0000000707800000|  0%| F|  |TAMS 0x0000000707600000, 0x0000000707600000| Untracked 
|  13|0x0000000707800000, 0x0000000707800000, 0x0000000707a00000|  0%| F|  |TAMS 0x0000000707800000, 0x0000000707800000| Untracked 
|  14|0x0000000707a00000, 0x0000000707a00000, 0x0000000707c00000|  0%| F|  |TAMS 0x0000000707a00000, 0x0000000707a00000| Untracked 
|  15|0x0000000707c00000, 0x0000000707c00000, 0x0000000707e00000|  0%| F|  |TAMS 0x0000000707c00000, 0x0000000707c00000| Untracked 
|  16|0x0000000707e00000, 0x0000000707e00000, 0x0000000708000000|  0%| F|  |TAMS 0x0000000707e00000, 0x0000000707e00000| Untracked 
|  17|0x0000000708000000, 0x0000000708000000, 0x0000000708200000|  0%| F|  |TAMS 0x0000000708000000, 0x0000000708000000| Untracked 
|  18|0x0000000708200000, 0x0000000708200000, 0x0000000708400000|  0%| F|  |TAMS 0x0000000708200000, 0x0000000708200000| Untracked 
|  19|0x0000000708400000, 0x0000000708400000, 0x0000000708600000|  0%| F|  |TAMS 0x0000000708400000, 0x0000000708400000| Untracked 
|  20|0x0000000708600000, 0x0000000708600000, 0x0000000708800000|  0%| F|  |TAMS 0x0000000708600000, 0x0000000708600000| Untracked 
|  21|0x0000000708800000, 0x0000000708800000, 0x0000000708a00000|  0%| F|  |TAMS 0x0000000708800000, 0x0000000708800000| Untracked 
|  22|0x0000000708a00000, 0x0000000708a00000, 0x0000000708c00000|  0%| F|  |TAMS 0x0000000708a00000, 0x0000000708a00000| Untracked 
|  23|0x0000000708c00000, 0x0000000708c00000, 0x0000000708e00000|  0%| F|  |TAMS 0x0000000708c00000, 0x0000000708c00000| Untracked 
|  24|0x0000000708e00000, 0x0000000708e00000, 0x0000000709000000|  0%| F|  |TAMS 0x0000000708e00000, 0x0000000708e00000| Untracked 
|  25|0x0000000709000000, 0x0000000709000000, 0x0000000709200000|  0%| F|  |TAMS 0x0000000709000000, 0x0000000709000000| Untracked 
|  26|0x0000000709200000, 0x0000000709200000, 0x0000000709400000|  0%| F|  |TAMS 0x0000000709200000, 0x0000000709200000| Untracked 
|  27|0x0000000709400000, 0x0000000709400000, 0x0000000709600000|  0%| F|  |TAMS 0x0000000709400000, 0x0000000709400000| Untracked 
|  28|0x0000000709600000, 0x0000000709600000, 0x0000000709800000|  0%| F|  |TAMS 0x0000000709600000, 0x0000000709600000| Untracked 
|  29|0x0000000709800000, 0x0000000709800000, 0x0000000709a00000|  0%| F|  |TAMS 0x0000000709800000, 0x0000000709800000| Untracked 
|  30|0x0000000709a00000, 0x0000000709a00000, 0x0000000709c00000|  0%| F|  |TAMS 0x0000000709a00000, 0x0000000709a00000| Untracked 
|  31|0x0000000709c00000, 0x0000000709c00000, 0x0000000709e00000|  0%| F|  |TAMS 0x0000000709c00000, 0x0000000709c00000| Untracked 
|  32|0x0000000709e00000, 0x0000000709e00000, 0x000000070a000000|  0%| F|  |TAMS 0x0000000709e00000, 0x0000000709e00000| Untracked 
|  33|0x000000070a000000, 0x000000070a000000, 0x000000070a200000|  0%| F|  |TAMS 0x000000070a000000, 0x000000070a000000| Untracked 
|  34|0x000000070a200000, 0x000000070a200000, 0x000000070a400000|  0%| F|  |TAMS 0x000000070a200000, 0x000000070a200000| Untracked 
|  35|0x000000070a400000, 0x000000070a400000, 0x000000070a600000|  0%| F|  |TAMS 0x000000070a400000, 0x000000070a400000| Untracked 
|  36|0x000000070a600000, 0x000000070a600000, 0x000000070a800000|  0%| F|  |TAMS 0x000000070a600000, 0x000000070a600000| Untracked 
|  37|0x000000070a800000, 0x000000070a800000, 0x000000070aa00000|  0%| F|  |TAMS 0x000000070a800000, 0x000000070a800000| Untracked 
|  38|0x000000070aa00000, 0x000000070aa00000, 0x000000070ac00000|  0%| F|  |TAMS 0x000000070aa00000, 0x000000070aa00000| Untracked 
|  39|0x000000070ac00000, 0x000000070ac00000, 0x000000070ae00000|  0%| F|  |TAMS 0x000000070ac00000, 0x000000070ac00000| Untracked 
|  40|0x000000070ae00000, 0x000000070ae00000, 0x000000070b000000|  0%| F|  |TAMS 0x000000070ae00000, 0x000000070ae00000| Untracked 
|  41|0x000000070b000000, 0x000000070b000000, 0x000000070b200000|  0%| F|  |TAMS 0x000000070b000000, 0x000000070b000000| Untracked 
|  42|0x000000070b200000, 0x000000070b200000, 0x000000070b400000|  0%| F|  |TAMS 0x000000070b200000, 0x000000070b200000| Untracked 
|  43|0x000000070b400000, 0x000000070b400000, 0x000000070b600000|  0%| F|  |TAMS 0x000000070b400000, 0x000000070b400000| Untracked 
|  44|0x000000070b600000, 0x000000070b600000, 0x000000070b800000|  0%| F|  |TAMS 0x000000070b600000, 0x000000070b600000| Untracked 
|  45|0x000000070b800000, 0x000000070b800000, 0x000000070ba00000|  0%| F|  |TAMS 0x000000070b800000, 0x000000070b800000| Untracked 
|  46|0x000000070ba00000, 0x000000070ba00000, 0x000000070bc00000|  0%| F|  |TAMS 0x000000070ba00000, 0x000000070ba00000| Untracked 
|  47|0x000000070bc00000, 0x000000070bc00000, 0x000000070be00000|  0%| F|  |TAMS 0x000000070bc00000, 0x000000070bc00000| Untracked 
|  48|0x000000070be00000, 0x000000070be00000, 0x000000070c000000|  0%| F|  |TAMS 0x000000070be00000, 0x000000070be00000| Untracked 
|  49|0x000000070c000000, 0x000000070c000000, 0x000000070c200000|  0%| F|  |TAMS 0x000000070c000000, 0x000000070c000000| Untracked 
|  50|0x000000070c200000, 0x000000070c200000, 0x000000070c400000|  0%| F|  |TAMS 0x000000070c200000, 0x000000070c200000| Untracked 
|  51|0x000000070c400000, 0x000000070c400000, 0x000000070c600000|  0%| F|  |TAMS 0x000000070c400000, 0x000000070c400000| Untracked 
|  52|0x000000070c600000, 0x000000070c600000, 0x000000070c800000|  0%| F|  |TAMS 0x000000070c600000, 0x000000070c600000| Untracked 
|  53|0x000000070c800000, 0x000000070c800000, 0x000000070ca00000|  0%| F|  |TAMS 0x000000070c800000, 0x000000070c800000| Untracked 
|  54|0x000000070ca00000, 0x000000070ca00000, 0x000000070cc00000|  0%| F|  |TAMS 0x000000070ca00000, 0x000000070ca00000| Untracked 
|  55|0x000000070cc00000, 0x000000070cc00000, 0x000000070ce00000|  0%| F|  |TAMS 0x000000070cc00000, 0x000000070cc00000| Untracked 
|  56|0x000000070ce00000, 0x000000070ce00000, 0x000000070d000000|  0%| F|  |TAMS 0x000000070ce00000, 0x000000070ce00000| Untracked 
|  57|0x000000070d000000, 0x000000070d000000, 0x000000070d200000|  0%| F|  |TAMS 0x000000070d000000, 0x000000070d000000| Untracked 
|  58|0x000000070d200000, 0x000000070d200000, 0x000000070d400000|  0%| F|  |TAMS 0x000000070d200000, 0x000000070d200000| Untracked 
|  59|0x000000070d400000, 0x000000070d400000, 0x000000070d600000|  0%| F|  |TAMS 0x000000070d400000, 0x000000070d400000| Untracked 
|  60|0x000000070d600000, 0x000000070d600000, 0x000000070d800000|  0%| F|  |TAMS 0x000000070d600000, 0x000000070d600000| Untracked 
|  61|0x000000070d800000, 0x000000070d800000, 0x000000070da00000|  0%| F|  |TAMS 0x000000070d800000, 0x000000070d800000| Untracked 
|  62|0x000000070da00000, 0x000000070da00000, 0x000000070dc00000|  0%| F|  |TAMS 0x000000070da00000, 0x000000070da00000| Untracked 
|  63|0x000000070dc00000, 0x000000070dc00000, 0x000000070de00000|  0%| F|  |TAMS 0x000000070dc00000, 0x000000070dc00000| Untracked 
|  64|0x000000070de00000, 0x000000070de00000, 0x000000070e000000|  0%| F|  |TAMS 0x000000070de00000, 0x000000070de00000| Untracked 
|  65|0x000000070e000000, 0x000000070e000000, 0x000000070e200000|  0%| F|  |TAMS 0x000000070e000000, 0x000000070e000000| Untracked 
|  66|0x000000070e200000, 0x000000070e200000, 0x000000070e400000|  0%| F|  |TAMS 0x000000070e200000, 0x000000070e200000| Untracked 
|  67|0x000000070e400000, 0x000000070e400000, 0x000000070e600000|  0%| F|  |TAMS 0x000000070e400000, 0x000000070e400000| Untracked 
|  68|0x000000070e600000, 0x000000070e600000, 0x000000070e800000|  0%| F|  |TAMS 0x000000070e600000, 0x000000070e600000| Untracked 
|  69|0x000000070e800000, 0x000000070e800000, 0x000000070ea00000|  0%| F|  |TAMS 0x000000070e800000, 0x000000070e800000| Untracked 
|  70|0x000000070ea00000, 0x000000070ea00000, 0x000000070ec00000|  0%| F|  |TAMS 0x000000070ea00000, 0x000000070ea00000| Untracked 
|  71|0x000000070ec00000, 0x000000070ec00000, 0x000000070ee00000|  0%| F|  |TAMS 0x000000070ec00000, 0x000000070ec00000| Untracked 
|  72|0x000000070ee00000, 0x000000070ee00000, 0x000000070f000000|  0%| F|  |TAMS 0x000000070ee00000, 0x000000070ee00000| Untracked 
|  73|0x000000070f000000, 0x000000070f000000, 0x000000070f200000|  0%| F|  |TAMS 0x000000070f000000, 0x000000070f000000| Untracked 
|  74|0x000000070f200000, 0x000000070f200000, 0x000000070f400000|  0%| F|  |TAMS 0x000000070f200000, 0x000000070f200000| Untracked 
|  75|0x000000070f400000, 0x000000070f400000, 0x000000070f600000|  0%| F|  |TAMS 0x000000070f400000, 0x000000070f400000| Untracked 
|  76|0x000000070f600000, 0x000000070f600000, 0x000000070f800000|  0%| F|  |TAMS 0x000000070f600000, 0x000000070f600000| Untracked 
|  77|0x000000070f800000, 0x000000070f800000, 0x000000070fa00000|  0%| F|  |TAMS 0x000000070f800000, 0x000000070f800000| Untracked 
|  78|0x000000070fa00000, 0x000000070fa00000, 0x000000070fc00000|  0%| F|  |TAMS 0x000000070fa00000, 0x000000070fa00000| Untracked 
|  79|0x000000070fc00000, 0x000000070fc00000, 0x000000070fe00000|  0%| F|  |TAMS 0x000000070fc00000, 0x000000070fc00000| Untracked 
|  80|0x000000070fe00000, 0x000000070fe00000, 0x0000000710000000|  0%| F|  |TAMS 0x000000070fe00000, 0x000000070fe00000| Untracked 
|  81|0x0000000710000000, 0x0000000710000000, 0x0000000710200000|  0%| F|  |TAMS 0x0000000710000000, 0x0000000710000000| Untracked 
|  82|0x0000000710200000, 0x0000000710200000, 0x0000000710400000|  0%| F|  |TAMS 0x0000000710200000, 0x0000000710200000| Untracked 
|  83|0x0000000710400000, 0x0000000710400000, 0x0000000710600000|  0%| F|  |TAMS 0x0000000710400000, 0x0000000710400000| Untracked 
|  84|0x0000000710600000, 0x0000000710600000, 0x0000000710800000|  0%| F|  |TAMS 0x0000000710600000, 0x0000000710600000| Untracked 
|  85|0x0000000710800000, 0x0000000710800000, 0x0000000710a00000|  0%| F|  |TAMS 0x0000000710800000, 0x0000000710800000| Untracked 
|  86|0x0000000710a00000, 0x0000000710a00000, 0x0000000710c00000|  0%| F|  |TAMS 0x0000000710a00000, 0x0000000710a00000| Untracked 
|  87|0x0000000710c00000, 0x0000000710c00000, 0x0000000710e00000|  0%| F|  |TAMS 0x0000000710c00000, 0x0000000710c00000| Untracked 
|  88|0x0000000710e00000, 0x0000000710e00000, 0x0000000711000000|  0%| F|  |TAMS 0x0000000710e00000, 0x0000000710e00000| Untracked 
|  89|0x0000000711000000, 0x0000000711000000, 0x0000000711200000|  0%| F|  |TAMS 0x0000000711000000, 0x0000000711000000| Untracked 
|  90|0x0000000711200000, 0x0000000711200000, 0x0000000711400000|  0%| F|  |TAMS 0x0000000711200000, 0x0000000711200000| Untracked 
|  91|0x0000000711400000, 0x0000000711400000, 0x0000000711600000|  0%| F|  |TAMS 0x0000000711400000, 0x0000000711400000| Untracked 
|  92|0x0000000711600000, 0x0000000711600000, 0x0000000711800000|  0%| F|  |TAMS 0x0000000711600000, 0x0000000711600000| Untracked 
|  93|0x0000000711800000, 0x0000000711800000, 0x0000000711a00000|  0%| F|  |TAMS 0x0000000711800000, 0x0000000711800000| Untracked 
|  94|0x0000000711a00000, 0x0000000711a00000, 0x0000000711c00000|  0%| F|  |TAMS 0x0000000711a00000, 0x0000000711a00000| Untracked 
|  95|0x0000000711c00000, 0x0000000711c00000, 0x0000000711e00000|  0%| F|  |TAMS 0x0000000711c00000, 0x0000000711c00000| Untracked 
|  96|0x0000000711e00000, 0x0000000711e00000, 0x0000000712000000|  0%| F|  |TAMS 0x0000000711e00000, 0x0000000711e00000| Untracked 
|  97|0x0000000712000000, 0x0000000712000000, 0x0000000712200000|  0%| F|  |TAMS 0x0000000712000000, 0x0000000712000000| Untracked 
|  98|0x0000000712200000, 0x0000000712200000, 0x0000000712400000|  0%| F|  |TAMS 0x0000000712200000, 0x0000000712200000| Untracked 
|  99|0x0000000712400000, 0x0000000712400000, 0x0000000712600000|  0%| F|  |TAMS 0x0000000712400000, 0x0000000712400000| Untracked 
| 100|0x0000000712600000, 0x0000000712600000, 0x0000000712800000|  0%| F|  |TAMS 0x0000000712600000, 0x0000000712600000| Untracked 
| 101|0x0000000712800000, 0x0000000712800000, 0x0000000712a00000|  0%| F|  |TAMS 0x0000000712800000, 0x0000000712800000| Untracked 
| 102|0x0000000712a00000, 0x0000000712a00000, 0x0000000712c00000|  0%| F|  |TAMS 0x0000000712a00000, 0x0000000712a00000| Untracked 
| 103|0x0000000712c00000, 0x0000000712c00000, 0x0000000712e00000|  0%| F|  |TAMS 0x0000000712c00000, 0x0000000712c00000| Untracked 
| 104|0x0000000712e00000, 0x0000000712e00000, 0x0000000713000000|  0%| F|  |TAMS 0x0000000712e00000, 0x0000000712e00000| Untracked 
| 105|0x0000000713000000, 0x0000000713000000, 0x0000000713200000|  0%| F|  |TAMS 0x0000000713000000, 0x0000000713000000| Untracked 
| 106|0x0000000713200000, 0x0000000713200000, 0x0000000713400000|  0%| F|  |TAMS 0x0000000713200000, 0x0000000713200000| Untracked 
| 107|0x0000000713400000, 0x0000000713400000, 0x0000000713600000|  0%| F|  |TAMS 0x0000000713400000, 0x0000000713400000| Untracked 
| 108|0x0000000713600000, 0x0000000713600000, 0x0000000713800000|  0%| F|  |TAMS 0x0000000713600000, 0x0000000713600000| Untracked 
| 109|0x0000000713800000, 0x0000000713800000, 0x0000000713a00000|  0%| F|  |TAMS 0x0000000713800000, 0x0000000713800000| Untracked 
| 110|0x0000000713a00000, 0x0000000713a00000, 0x0000000713c00000|  0%| F|  |TAMS 0x0000000713a00000, 0x0000000713a00000| Untracked 
| 111|0x0000000713c00000, 0x0000000713c00000, 0x0000000713e00000|  0%| F|  |TAMS 0x0000000713c00000, 0x0000000713c00000| Untracked 
| 112|0x0000000713e00000, 0x0000000713e00000, 0x0000000714000000|  0%| F|  |TAMS 0x0000000713e00000, 0x0000000713e00000| Untracked 
| 113|0x0000000714000000, 0x000000071419d510, 0x0000000714200000| 80%| S|CS|TAMS 0x0000000714000000, 0x0000000714000000| Complete 
| 114|0x0000000714200000, 0x0000000714400000, 0x0000000714400000|100%| S|CS|TAMS 0x0000000714200000, 0x0000000714200000| Complete 
| 115|0x0000000714400000, 0x0000000714400000, 0x0000000714600000|  0%| F|  |TAMS 0x0000000714400000, 0x0000000714400000| Untracked 
| 116|0x0000000714600000, 0x0000000714600000, 0x0000000714800000|  0%| F|  |TAMS 0x0000000714600000, 0x0000000714600000| Untracked 
| 117|0x0000000714800000, 0x0000000714800000, 0x0000000714a00000|  0%| F|  |TAMS 0x0000000714800000, 0x0000000714800000| Untracked 
| 118|0x0000000714a00000, 0x0000000714a00000, 0x0000000714c00000|  0%| F|  |TAMS 0x0000000714a00000, 0x0000000714a00000| Untracked 
| 119|0x0000000714c00000, 0x0000000714c00000, 0x0000000714e00000|  0%| F|  |TAMS 0x0000000714c00000, 0x0000000714c00000| Untracked 
| 120|0x0000000714e00000, 0x0000000714e00000, 0x0000000715000000|  0%| F|  |TAMS 0x0000000714e00000, 0x0000000714e00000| Untracked 
| 121|0x0000000715000000, 0x0000000715000000, 0x0000000715200000|  0%| F|  |TAMS 0x0000000715000000, 0x0000000715000000| Untracked 
| 122|0x0000000715200000, 0x0000000715200000, 0x0000000715400000|  0%| F|  |TAMS 0x0000000715200000, 0x0000000715200000| Untracked 
| 123|0x0000000715400000, 0x0000000715458b70, 0x0000000715600000| 17%| E|  |TAMS 0x0000000715400000, 0x0000000715400000| Complete 
| 124|0x0000000715600000, 0x0000000715800000, 0x0000000715800000|100%| E|CS|TAMS 0x0000000715600000, 0x0000000715600000| Complete 
| 125|0x0000000715800000, 0x0000000715a00000, 0x0000000715a00000|100%| E|CS|TAMS 0x0000000715800000, 0x0000000715800000| Complete 

Card table byte_map: [0x0000018e5d280000,0x0000018e5da60000] _byte_map_base: 0x0000018e59a51000

Marking Bits (Prev, Next): (CMBitMap*) 0x0000018e45332c30, (CMBitMap*) 0x0000018e45332c70
 Prev Bits: [0x0000018e5e240000, 0x0000018e620c8000)
 Next Bits: [0x0000018e620d0000, 0x0000018e65f58000)

Polling page: 0x0000018e44a80000

Metaspace:

Usage:
  Non-class:      4.72 MB used.
      Class:    597.87 KB used.
       Both:      5.31 MB used.

Virtual space:
  Non-class space:       64.00 MB reserved,       4.81 MB (  8%) committed,  1 nodes.
      Class space:        1.00 GB reserved,     640.00 KB ( <1%) committed,  1 nodes.
             Both:        1.06 GB reserved,       5.44 MB ( <1%) committed. 

Chunk freelists:
   Non-Class:  1.30 MB
       Class:  3.33 MB
        Both:  4.62 MB

MaxMetaspaceSize: unlimited
CompressedClassSpaceSize: 1.00 GB
Initial GC threshold: 21.00 MB
Current GC threshold: 21.00 MB
CDS: on
MetaspaceReclaimPolicy: balanced
 - commit_granule_bytes: 65536.
 - commit_granule_words: 8192.
 - virtual_space_node_default_size: 8388608.
 - enlarge_chunks_in_place: 1.
 - new_chunks_are_fully_committed: 0.
 - uncommit_free_chunks: 1.
 - use_allocation_guard: 0.


Internal statistics:

num_allocs_failed_limit: 0.
num_arena_births: 46.
num_arena_deaths: 0.
num_vsnodes_births: 2.
num_vsnodes_deaths: 0.
num_space_committed: 87.
num_space_uncommitted: 0.
num_chunks_returned_to_freelist: 0.
num_chunks_taken_from_freelist: 181.
num_chunk_merges: 0.
num_chunk_splits: 128.
num_chunks_enlarged: 107.
num_inconsistent_stats: 0.

CodeHeap 'non-profiled nmethods': size=119168Kb used=359Kb max_used=359Kb free=118809Kb
 bounds [0x0000018e54dc0000, 0x0000018e55030000, 0x0000018e5c220000]
CodeHeap 'profiled nmethods': size=119104Kb used=2307Kb max_used=2307Kb free=116797Kb
 bounds [0x0000018e4d220000, 0x0000018e4d490000, 0x0000018e54670000]
CodeHeap 'non-nmethods': size=7488Kb used=2938Kb max_used=2969Kb free=4549Kb
 bounds [0x0000018e54670000, 0x0000018e54960000, 0x0000018e54dc0000]
 total_blobs=1638 nmethods=1176 adapters=370
 compilation: enabled
              stopped_count=0, restarted_count=0
 full_count=0

Compilation events (20 events):
Event: 0.394 Thread 0x0000018e6e6aa910 1143       4       org.codehaus.plexus.util.InterpolationFilterReader::read (477 bytes)
Event: 0.394 Thread 0x0000018e6e72db50 1144       4       java.io.Reader::read (21 bytes)
Event: 0.395 Thread 0x0000018e6d4d5d90 1180   !   3       java.lang.String::<init> (884 bytes)
Event: 0.395 Thread 0x0000018e6d4203d0 1181       3       java.lang.StringBuilder::charAt (6 bytes)
Event: 0.395 Thread 0x0000018e6d563fd0 1182       3       java.lang.AbstractStringBuilder::charAt (36 bytes)
Event: 0.396 Thread 0x0000018e6d4203d0 nmethod 1181 0x0000018e4d454790 code [0x0000018e4d454940, 0x0000018e4d454a88]
Event: 0.396 Thread 0x0000018e6d563fd0 nmethod 1182 0x0000018e4d454b10 code [0x0000018e4d454ce0, 0x0000018e4d455018]
Event: 0.396 Thread 0x0000018e6e6aa0f0 nmethod 1153 0x0000018e54e14310 code [0x0000018e54e144a0, 0x0000018e54e14578]
Event: 0.399 Thread 0x0000018e6e6aa0f0 1156       4       java.nio.ByteBuffer::position (8 bytes)
Event: 0.399 Thread 0x0000018e6d563fd0 1183       2       java.util.concurrent.locks.AbstractQueuedSynchronizer::signalNext (34 bytes)
Event: 0.400 Thread 0x0000018e6d563fd0 nmethod 1183 0x0000018e4d455190 code [0x0000018e4d455360, 0x0000018e4d455568]
Event: 0.402 Thread 0x0000018e6e6aa0f0 nmethod 1156 0x0000018e54e14690 code [0x0000018e54e14820, 0x0000018e54e148f8]
Event: 0.402 Thread 0x0000018e6e6aa0f0 1157       4       java.nio.Buffer::limit (65 bytes)
Event: 0.403 Thread 0x0000018e6d4d5d90 nmethod 1180 0x0000018e4d455690 code [0x0000018e4d455bc0, 0x0000018e4d458c08]
Event: 0.404 Thread 0x0000018e6e6aa0f0 nmethod 1157 0x0000018e54e14a10 code [0x0000018e54e14ba0, 0x0000018e54e14c98]
Event: 0.404 Thread 0x0000018e6e6aa0f0 1184       4       java.util.concurrent.locks.AbstractQueuedSynchronizer::signalNext (34 bytes)
Event: 0.406 Thread 0x0000018e6d563330 1185       1       org.codehaus.plexus.util.xml.pull.MXParser::getDepth (5 bytes)
Event: 0.406 Thread 0x0000018e6d563330 nmethod 1185 0x0000018e54e14d90 code [0x0000018e54e14f20, 0x0000018e54e14fd8]
Event: 0.406 Thread 0x0000018e6e6aa0f0 nmethod 1184 0x0000018e54e15090 code [0x0000018e54e15220, 0x0000018e54e152f8]
Event: 0.407 Thread 0x0000018e6e6aa0f0 1186       4       org.codehaus.plexus.util.xml.pull.MXParser::nextImpl (1202 bytes)

GC Heap History (2 events):
Event: 0.396 GC heap before
{Heap before GC invocations=0 (full 0):
 garbage-first heap   total 258048K, used 22528K [0x0000000705e00000, 0x0000000800000000)
  region size 2048K, 11 young (22528K), 0 survivors (0K)
 Metaspace       used 5291K, committed 5440K, reserved 1114112K
  class space    used 576K, committed 640K, reserved 1048576K
}
Event: 0.399 GC heap after
{Heap after GC invocations=1 (full 0):
 garbage-first heap   total 258048K, used 3701K [0x0000000705e00000, 0x0000000800000000)
  region size 2048K, 2 young (4096K), 2 survivors (4096K)
 Metaspace       used 5291K, committed 5440K, reserved 1114112K
  class space    used 576K, committed 640K, reserved 1048576K
}

Dll operation events (12 events):
Event: 0.005 Loaded shared library C:\Program Files\Java\jdk-19\bin\java.dll
Event: 0.011 Loaded shared library C:\Program Files\Java\jdk-19\bin\jsvml.dll
Event: 0.039 Loaded shared library C:\Program Files\Java\jdk-19\bin\zip.dll
Event: 0.040 Loaded shared library C:\Program Files\Java\jdk-19\bin\instrument.dll
Event: 0.043 Loaded shared library C:\Program Files\Java\jdk-19\bin\net.dll
Event: 0.044 Loaded shared library C:\Program Files\Java\jdk-19\bin\nio.dll
Event: 0.045 Loaded shared library C:\Program Files\Java\jdk-19\bin\zip.dll
Event: 0.054 Loaded shared library C:\Program Files\JetBrains\IntelliJ IDEA 2022.1.2\bin\breakgen64.dll
Event: 0.059 Loaded shared library C:\Program Files\Java\jdk-19\bin\extnet.dll
Event: 0.111 Loaded shared library C:\Program Files\Java\jdk-19\bin\jimage.dll
Event: 0.162 Loaded shared library C:\Users\99293\AppData\Local\Temp\jansi-2.4.0-a59f8cb4ae8d9482-jansi.dll
Event: 0.169 Loaded shared library C:\Program Files\Java\jdk-19\bin\verify.dll

Deoptimization events (20 events):
Event: 0.327 Thread 0x0000018e452bfa40 Uncommon trap: trap_request=0xffffff45 fr.pc=0x0000018e54e03300 relative=0x00000000000001c0
Event: 0.327 Thread 0x0000018e452bfa40 Uncommon trap: reason=unstable_if action=reinterpret pc=0x0000018e54e03300 method=java.util.HashMap.getNode(Ljava/lang/Object;)Ljava/util/HashMap$Node; @ 66 c2
Event: 0.327 Thread 0x0000018e452bfa40 DEOPT PACKING pc=0x0000018e54e03300 sp=0x0000000a224feb90
Event: 0.327 Thread 0x0000018e452bfa40 DEOPT UNPACKING pc=0x0000018e546d6da3 sp=0x0000000a224feb00 mode 2
Event: 0.336 Thread 0x0000018e452bfa40 DEOPT PACKING pc=0x0000018e4d27eb57 sp=0x0000000a224fc440
Event: 0.336 Thread 0x0000018e452bfa40 DEOPT UNPACKING pc=0x0000018e546d7543 sp=0x0000000a224fb8c0 mode 0
Event: 0.367 Thread 0x0000018e452bfa40 Uncommon trap: trap_request=0xffffff45 fr.pc=0x0000018e54df130c relative=0x000000000000098c
Event: 0.367 Thread 0x0000018e452bfa40 Uncommon trap: reason=unstable_if action=reinterpret pc=0x0000018e54df130c method=java.util.HashMap.putVal(ILjava/lang/Object;Ljava/lang/Object;ZZ)Ljava/lang/Object; @ 181 c2
Event: 0.367 Thread 0x0000018e452bfa40 DEOPT PACKING pc=0x0000018e54df130c sp=0x0000000a224fe510
Event: 0.367 Thread 0x0000018e452bfa40 DEOPT UNPACKING pc=0x0000018e546d6da3 sp=0x0000000a224fe4b0 mode 2
Event: 0.368 Thread 0x0000018e452bfa40 Uncommon trap: trap_request=0xffffff45 fr.pc=0x0000018e54dfa9bc relative=0x00000000000006bc
Event: 0.368 Thread 0x0000018e452bfa40 Uncommon trap: reason=unstable_if action=reinterpret pc=0x0000018e54dfa9bc method=java.util.regex.Matcher.search(I)Z @ 30 c2
Event: 0.368 Thread 0x0000018e452bfa40 DEOPT PACKING pc=0x0000018e54dfa9bc sp=0x0000000a224fe420
Event: 0.368 Thread 0x0000018e452bfa40 DEOPT UNPACKING pc=0x0000018e546d6da3 sp=0x0000000a224fe400 mode 2
Event: 0.368 Thread 0x0000018e452bfa40 Uncommon trap: trap_request=0xffffff76 fr.pc=0x0000018e54df746c relative=0x00000000000002ac
Event: 0.368 Thread 0x0000018e452bfa40 Uncommon trap: reason=predicate action=maybe_recompile pc=0x0000018e54df746c method=java.util.regex.Pattern$BmpCharPropertyGreedy.match(Ljava/util/regex/Matcher;ILjava/lang/CharSequence;)Z @ 12 c2
Event: 0.368 Thread 0x0000018e452bfa40 DEOPT PACKING pc=0x0000018e54df746c sp=0x0000000a224fe1e0
Event: 0.368 Thread 0x0000018e452bfa40 DEOPT UNPACKING pc=0x0000018e546d6da3 sp=0x0000000a224fe198 mode 2
Event: 0.395 Thread 0x0000018e452bfa40 DEOPT PACKING pc=0x0000018e4d28d7de sp=0x0000000a224fe330
Event: 0.395 Thread 0x0000018e452bfa40 DEOPT UNPACKING pc=0x0000018e546d7543 sp=0x0000000a224fd808 mode 0

Classes loaded (20 events):
Event: 0.357 Loading class java/lang/reflect/TypeVariable
Event: 0.357 Loading class java/lang/reflect/TypeVariable done
Event: 0.357 Loading class sun/reflect/generics/tree/FormalTypeParameter
Event: 0.357 Loading class sun/reflect/generics/tree/FormalTypeParameter done
Event: 0.357 Loading class sun/reflect/generics/tree/ClassSignature
Event: 0.357 Loading class sun/reflect/generics/tree/Signature
Event: 0.357 Loading class sun/reflect/generics/tree/Signature done
Event: 0.357 Loading class sun/reflect/generics/tree/ClassSignature done
Event: 0.357 Loading class java/lang/reflect/WildcardType
Event: 0.358 Loading class java/lang/reflect/WildcardType done
Event: 0.358 Loading class sun/reflect/generics/tree/TypeVariableSignature
Event: 0.358 Loading class sun/reflect/generics/tree/TypeVariableSignature done
Event: 0.365 Loading class java/lang/annotation/IncompleteAnnotationException
Event: 0.365 Loading class java/lang/annotation/IncompleteAnnotationException done
Event: 0.383 Loading class java/lang/foreign/MemorySegment
Event: 0.383 Loading class java/lang/foreign/Addressable
Event: 0.383 Loading class java/lang/foreign/Addressable done
Event: 0.383 Loading class java/lang/foreign/MemorySegment done
Event: 0.399 Loading class java/util/concurrent/locks/AbstractQueuedSynchronizer$ExclusiveNode
Event: 0.399 Loading class java/util/concurrent/locks/AbstractQueuedSynchronizer$ExclusiveNode done

Classes unloaded (0 events):
No events

Classes redefined (0 events):
No events

Internal exceptions (14 events):
Event: 0.049 Thread 0x0000018e452bfa40 Exception <a 'java/lang/NoSuchMethodError'{0x00000007156ca920}: 'void java.lang.invoke.DirectMethodHandle$Holder.invokeStatic(java.lang.Object, java.lang.Object, java.lang.Object)'> (0x00000007156ca920) 
thrown [s\open\src\hotspot\share\interpreter\linkResolver.cpp, line 774]
Event: 0.052 Thread 0x0000018e452bfa40 Exception <a 'java/lang/NoSuchMethodError'{0x0000000715753bd0}: 'java.lang.Object java.lang.invoke.Invokers$Holder.invokeExact_MT(java.lang.Object, java.lang.Object, java.lang.Object, java.lang.Object, java.lang.Object)'> (0x0000000715753bd0) 
thrown [s\open\src\hotspot\share\interpreter\linkResolver.cpp, line 774]
Event: 0.060 Thread 0x0000018e6d5fffa0 Exception <a 'java/lang/NoSuchMethodError'{0x00000007157ca9a8}: 'void java.lang.invoke.DirectMethodHandle$Holder.invokeStatic(java.lang.Object, java.lang.Object)'> (0x00000007157ca9a8) 
thrown [s\open\src\hotspot\share\interpreter\linkResolver.cpp, line 774]
Event: 0.107 Thread 0x0000018e452bfa40 Exception <a 'java/lang/NullPointerException'{0x00000007155e34d8}> (0x00000007155e34d8) 
thrown [s\open\src\hotspot\share\interpreter\linkResolver.cpp, line 1374]
Event: 0.163 Thread 0x0000018e452bfa40 Exception <a 'java/lang/NullPointerException'{0x00000007153bb9d0}> (0x00000007153bb9d0) 
thrown [s\open\src\hotspot\share\interpreter\linkResolver.cpp, line 1374]
Event: 0.163 Thread 0x0000018e452bfa40 Exception <a 'java/lang/NullPointerException'{0x00000007153bbcb0}> (0x00000007153bbcb0) 
thrown [s\open\src\hotspot\share\interpreter\linkResolver.cpp, line 1374]
Event: 0.163 Thread 0x0000018e452bfa40 Exception <a 'java/lang/NullPointerException'{0x00000007153bbf90}> (0x00000007153bbf90) 
thrown [s\open\src\hotspot\share\interpreter\linkResolver.cpp, line 1374]
Event: 0.164 Thread 0x0000018e452bfa40 Exception <a 'java/lang/NullPointerException'{0x00000007153c1270}> (0x00000007153c1270) 
thrown [s\open\src\hotspot\share\interpreter\linkResolver.cpp, line 1374]
Event: 0.165 Thread 0x0000018e452bfa40 Exception <a 'java/lang/NullPointerException'{0x00000007153d47d8}> (0x00000007153d47d8) 
thrown [s\open\src\hotspot\share\interpreter\linkResolver.cpp, line 1374]
Event: 0.165 Thread 0x0000018e452bfa40 Exception <a 'java/lang/NullPointerException'{0x00000007153d4ab8}> (0x00000007153d4ab8) 
thrown [s\open\src\hotspot\share\interpreter\linkResolver.cpp, line 1374]
Event: 0.165 Thread 0x0000018e452bfa40 Exception <a 'java/lang/NullPointerException'{0x00000007153d4d98}> (0x00000007153d4d98) 
thrown [s\open\src\hotspot\share\interpreter\linkResolver.cpp, line 1374]
Event: 0.165 Thread 0x0000018e452bfa40 Exception <a 'java/lang/NullPointerException'{0x00000007153d5078}> (0x00000007153d5078) 
thrown [s\open\src\hotspot\share\interpreter\linkResolver.cpp, line 1374]
Event: 0.344 Thread 0x0000018e452bfa40 Exception <a 'java/lang/NoSuchMethodError'{0x00000007146054e8}: 'java.lang.Object java.lang.invoke.DirectMethodHandle$Holder.newInvokeSpecial(java.lang.Object, java.lang.Object, java.lang.Object, java.lang.Object, java.lang.Object)'> (0x00000007146054e8) 
thrown [s\open\src\hotspot\share\interpreter\linkResolver.cpp, line 774]
Event: 0.365 Thread 0x0000018e452bfa40 Exception <a 'java/lang/NoClassDefFoundError'{0x000000071475f130}: javax/enterprise/inject/Typed> (0x000000071475f130) 
thrown [s\open\src\hotspot\share\classfile\systemDictionary.cpp, line 244]

VM Operations (14 events):
Event: 0.033 Executing VM operation: HandshakeAllThreads
Event: 0.033 Executing VM operation: HandshakeAllThreads done
Event: 0.056 Executing VM operation: HandshakeAllThreads
Event: 0.056 Executing VM operation: HandshakeAllThreads done
Event: 0.105 Executing VM operation: HandshakeAllThreads
Event: 0.105 Executing VM operation: HandshakeAllThreads done
Event: 0.112 Executing VM operation: HandshakeAllThreads
Event: 0.112 Executing VM operation: HandshakeAllThreads done
Event: 0.367 Executing VM operation: ICBufferFull
Event: 0.368 Executing VM operation: ICBufferFull done
Event: 0.396 Executing VM operation: G1CollectForAllocation
Event: 0.399 Executing VM operation: G1CollectForAllocation done
Event: 0.399 Executing VM operation: HandshakeAllThreads
Event: 0.399 Executing VM operation: HandshakeAllThreads done

Events (20 events):
Event: 0.018 Thread 0x0000018e68422fd0 Thread added: 0x0000018e68422fd0
Event: 0.018 Thread 0x0000018e68427f40 Thread added: 0x0000018e68427f40
Event: 0.018 Thread 0x0000018e6842ac80 Thread added: 0x0000018e6842ac80
Event: 0.018 Thread 0x0000018e6842d760 Thread added: 0x0000018e6842d760
Event: 0.018 Thread 0x0000018e6842ea60 Thread added: 0x0000018e6842ea60
Event: 0.018 Thread 0x0000018e6d4203d0 Thread added: 0x0000018e6d4203d0
Event: 0.018 Thread 0x0000018e6d420d40 Thread added: 0x0000018e6d420d40
Event: 0.021 Thread 0x0000018e6d4d5d90 Thread added: 0x0000018e6d4d5d90
Event: 0.029 Thread 0x0000018e6d55ed10 Thread added: 0x0000018e6d55ed10
Event: 0.033 Thread 0x0000018e6d563330 Thread added: 0x0000018e6d563330
Event: 0.034 Thread 0x0000018e6d563fd0 Thread added: 0x0000018e6d563fd0
Event: 0.054 Thread 0x0000018e6d5fffa0 Thread added: 0x0000018e6d5fffa0
Event: 0.054 Thread 0x0000018e6d6038a0 Thread added: 0x0000018e6d6038a0
Event: 0.159 Thread 0x0000018e6d90cf70 Thread added: 0x0000018e6d90cf70
Event: 0.374 Thread 0x0000018e6dc55d50 Thread added: 0x0000018e6dc55d50
Event: 0.374 Thread 0x0000018e6e0b3f50 Thread added: 0x0000018e6e0b3f50
Event: 0.385 Thread 0x0000018e6e6b3570 Thread added: 0x0000018e6e6b3570
Event: 0.393 Thread 0x0000018e6e6aa0f0 Thread added: 0x0000018e6e6aa0f0
Event: 0.393 Thread 0x0000018e6e6aa910 Thread added: 0x0000018e6e6aa910
Event: 0.394 Thread 0x0000018e6e72db50 Thread added: 0x0000018e6e72db50


Dynamic libraries:
0x00007ff6c0fc0000 - 0x00007ff6c0fd0000 	C:\Program Files\Java\jdk-19\bin\java.exe
0x00007ffc2c450000 - 0x00007ffc2c667000 	C:\WINDOWS\SYSTEM32\ntdll.dll
0x00007ffc2ab30000 - 0x00007ffc2abf4000 	C:\WINDOWS\System32\KERNEL32.DLL
0x00007ffc298c0000 - 0x00007ffc29c6d000 	C:\WINDOWS\System32\KERNELBASE.dll
0x00007ffc29f50000 - 0x00007ffc2a061000 	C:\WINDOWS\System32\ucrtbase.dll
0x00007ffc19870000 - 0x00007ffc1988b000 	C:\Program Files\Java\jdk-19\bin\VCRUNTIME140.dll
0x00007ffc1a4b0000 - 0x00007ffc1a4c8000 	C:\Program Files\Java\jdk-19\bin\jli.dll
0x00007ffc2baa0000 - 0x00007ffc2bb52000 	C:\WINDOWS\System32\ADVAPI32.dll
0x00007ffc2aa80000 - 0x00007ffc2ab27000 	C:\WINDOWS\System32\msvcrt.dll
0x00007ffc2b1b0000 - 0x00007ffc2b259000 	C:\WINDOWS\System32\sechost.dll
0x00007ffc29f20000 - 0x00007ffc29f48000 	C:\WINDOWS\System32\bcrypt.dll
0x00007ffc2adc0000 - 0x00007ffc2aed4000 	C:\WINDOWS\System32\RPCRT4.dll
0x00007ffc2aee0000 - 0x00007ffc2b08e000 	C:\WINDOWS\System32\USER32.dll
0x00007ffc2a130000 - 0x00007ffc2a156000 	C:\WINDOWS\System32\win32u.dll
0x00007ffc2a160000 - 0x00007ffc2a189000 	C:\WINDOWS\System32\GDI32.dll
0x00007ffc16660000 - 0x00007ffc168f3000 	C:\WINDOWS\WinSxS\amd64_microsoft.windows.common-controls_6595b64144ccf1df_6.0.22621.3672_none_2713b9d173822955\COMCTL32.dll
0x00007ffc29ce0000 - 0x00007ffc29df9000 	C:\WINDOWS\System32\gdi32full.dll
0x00007ffc29e00000 - 0x00007ffc29e9a000 	C:\WINDOWS\System32\msvcp_win.dll
0x00007ffc23870000 - 0x00007ffc2387a000 	C:\WINDOWS\SYSTEM32\VERSION.dll
0x00007ffc2bef0000 - 0x00007ffc2bf21000 	C:\WINDOWS\System32\IMM32.DLL
0x00007ffc21670000 - 0x00007ffc2167c000 	C:\Program Files\Java\jdk-19\bin\vcruntime140_1.dll
0x00007ffbeece0000 - 0x00007ffbeed6e000 	C:\Program Files\Java\jdk-19\bin\msvcp140.dll
0x00007ffb9bb60000 - 0x00007ffb9c820000 	C:\Program Files\Java\jdk-19\bin\server\jvm.dll
0x00007ffc1b9a0000 - 0x00007ffc1b9a9000 	C:\WINDOWS\SYSTEM32\WSOCK32.dll
0x00007ffc2bf30000 - 0x00007ffc2bfa1000 	C:\WINDOWS\System32\WS2_32.dll
0x00007ffc233c0000 - 0x00007ffc233f4000 	C:\WINDOWS\SYSTEM32\WINMM.dll
0x00007ffc28870000 - 0x00007ffc28888000 	C:\WINDOWS\SYSTEM32\kernel.appcore.dll
0x00007ffc1afe0000 - 0x00007ffc1afea000 	C:\Program Files\Java\jdk-19\bin\jimage.dll
0x00007ffc26a40000 - 0x00007ffc26c72000 	C:\WINDOWS\SYSTEM32\DBGHELP.DLL
0x00007ffc2bfd0000 - 0x00007ffc2c358000 	C:\WINDOWS\System32\combase.dll
0x00007ffc2b410000 - 0x00007ffc2b4e7000 	C:\WINDOWS\System32\OLEAUT32.dll
0x00007ffc1e830000 - 0x00007ffc1e862000 	C:\WINDOWS\SYSTEM32\dbgcore.DLL
0x00007ffc29ea0000 - 0x00007ffc29f1b000 	C:\WINDOWS\System32\bcryptPrimitives.dll
0x00007ffc26160000 - 0x00007ffc2616e000 	C:\Program Files\Java\jdk-19\bin\instrument.dll
0x00007ffc17890000 - 0x00007ffc178b6000 	C:\Program Files\Java\jdk-19\bin\java.dll
0x00007ffbed8d0000 - 0x00007ffbed9a7000 	C:\Program Files\Java\jdk-19\bin\jsvml.dll
0x00007ffc2a190000 - 0x00007ffc2a9ef000 	C:\WINDOWS\System32\SHELL32.dll
0x00007ffc27670000 - 0x00007ffc27f6c000 	C:\WINDOWS\SYSTEM32\windows.storage.dll
0x00007ffc27530000 - 0x00007ffc2766f000 	C:\WINDOWS\SYSTEM32\wintypes.dll
0x00007ffc2b0b0000 - 0x00007ffc2b1a4000 	C:\WINDOWS\System32\SHCORE.dll
0x00007ffc2b500000 - 0x00007ffc2b55e000 	C:\WINDOWS\System32\shlwapi.dll
0x00007ffc29680000 - 0x00007ffc296a1000 	C:\WINDOWS\SYSTEM32\profapi.dll
0x00007ffc17790000 - 0x00007ffc177a8000 	C:\Program Files\Java\jdk-19\bin\zip.dll
0x00007ffc197d0000 - 0x00007ffc197e3000 	C:\Program Files\Java\jdk-19\bin\net.dll
0x00007ffc24f50000 - 0x00007ffc25086000 	C:\WINDOWS\SYSTEM32\WINHTTP.dll
0x00007ffc28ce0000 - 0x00007ffc28d49000 	C:\WINDOWS\system32\mswsock.dll
0x00007ffc17850000 - 0x00007ffc17866000 	C:\Program Files\Java\jdk-19\bin\nio.dll
0x00007ffc198a0000 - 0x00007ffc198ba000 	C:\Program Files\JetBrains\IntelliJ IDEA 2022.1.2\bin\breakgen64.dll
0x00007ffc17a20000 - 0x00007ffc17a28000 	C:\Program Files\Java\jdk-19\bin\extnet.dll
0x0000000069ac0000 - 0x0000000069ae4000 	C:\Users\99293\AppData\Local\Temp\jansi-2.4.0-a59f8cb4ae8d9482-jansi.dll
0x00007ffc1a5d0000 - 0x00007ffc1a5e0000 	C:\Program Files\Java\jdk-19\bin\verify.dll

dbghelp: loaded successfully - version: 4.0.5 - missing functions: none
symbol engine: initialized successfully - sym options: 0x614 - pdb path: .;C:\Program Files\Java\jdk-19\bin;C:\WINDOWS\SYSTEM32;C:\WINDOWS\WinSxS\amd64_microsoft.windows.common-controls_6595b64144ccf1df_6.0.22621.3672_none_2713b9d173822955;C:\Program Files\Java\jdk-19\bin\server;C:\Program Files\JetBrains\IntelliJ IDEA 2022.1.2\bin;C:\Users\99293\AppData\Local\Temp

VM Arguments:
jvm_args: -Dmaven.multiModuleProjectDirectory=D:\unitedStates_storage-master\unitedStates_storage -Dmaven.home=C:\Users\99293\.m2\wrapper\dists\apache-maven-3.8.6-bin\1ks0nkde5v1pk9vtc31i9d0lcd\apache-maven-3.8.6 -Dclassworlds.conf=C:\Users\99293\.m2\wrapper\dists\apache-maven-3.8.6-bin\1ks0nkde5v1pk9vtc31i9d0lcd\apache-maven-3.8.6\bin\m2.conf -Dmaven.ext.class.path=C:\Program Files\JetBrains\IntelliJ IDEA 2022.1.2\plugins\maven\lib\maven-event-listener.jar -javaagent:C:\Program Files\JetBrains\IntelliJ IDEA 2022.1.2\lib\idea_rt.jar=55946:C:\Program Files\JetBrains\IntelliJ IDEA 2022.1.2\bin -Dfile.encoding=UTF-8 
java_command: org.codehaus.classworlds.Launcher -Didea.version=2022.1.2 package
java_class_path (initial): C:\Users\99293\.m2\wrapper\dists\apache-maven-3.8.6-bin\1ks0nkde5v1pk9vtc31i9d0lcd\apache-maven-3.8.6\boot\plexus-classworlds-2.6.0.jar;C:\Users\99293\.m2\wrapper\dists\apache-maven-3.8.6-bin\1ks0nkde5v1pk9vtc31i9d0lcd\apache-maven-3.8.6\boot\plexus-classworlds.license
Launcher Type: SUN_STANDARD

[Global flags]
     intx CICompilerCount                          = 12                                        {product} {ergonomic}
     uint ConcGCThreads                            = 3                                         {product} {ergonomic}
     uint G1ConcRefinementThreads                  = 13                                        {product} {ergonomic}
   size_t G1HeapRegionSize                         = 2097152                                   {product} {ergonomic}
    uintx GCDrainStackTargetSize                   = 64                                        {product} {ergonomic}
   size_t InitialHeapSize                          = 264241152                                 {product} {ergonomic}
   size_t MarkStackSize                            = 4194304                                   {product} {ergonomic}
   size_t MaxHeapSize                              = 4196401152                                {product} {ergonomic}
   size_t MaxNewSize                               = 2516582400                                {product} {ergonomic}
   size_t MinHeapDeltaBytes                        = 2097152                                   {product} {ergonomic}
   size_t MinHeapSize                              = 8388608                                   {product} {ergonomic}
    uintx NonNMethodCodeHeapSize                   = 7602480                                {pd product} {ergonomic}
    uintx NonProfiledCodeHeapSize                  = 122027880                              {pd product} {ergonomic}
    uintx ProfiledCodeHeapSize                     = 122027880                              {pd product} {ergonomic}
    uintx ReservedCodeCacheSize                    = 251658240                              {pd product} {ergonomic}
     bool SegmentedCodeCache                       = true                                      {product} {ergonomic}
   size_t SoftMaxHeapSize                          = 4196401152                             {manageable} {ergonomic}
     bool UseCompressedClassPointers               = true                           {product lp64_product} {ergonomic}
     bool UseCompressedOops                        = true                           {product lp64_product} {ergonomic}
     bool UseG1GC                                  = true                                      {product} {ergonomic}
     bool UseLargePagesIndividualAllocation        = false                                  {pd product} {ergonomic}

Logging:
Log output configuration:
 #0: stdout all=warning uptime,level,tags foldmultilines=false
 #1: stderr all=off uptime,level,tags foldmultilines=false

Environment Variables:
JAVA_HOME=C:\Program Files\Java\jdk-19
PATH=C:\Program Files\Common Files\Oracle\Java\javapath;C:\Windows\system32;C:\Windows;C:\Windows\System32\Wbem;C:\Windows\System32\WindowsPowerShell\v1.0\;C:\Windows\System32\OpenSSH\;C:\Program Files (x86)\NVIDIA Corporation\PhysX\Common;C:\Program Files\NVIDIA Corporation\NVIDIA NvDLISR;C:\Program Files\Git\cmd;C:\Program Files (x86)\dotnet\;C:\WINDOWS\system32;C:\WINDOWS;C:\WINDOWS\System32\Wbem;C:\WINDOWS\System32\WindowsPowerShell\v1.0\;C:\WINDOWS\System32\OpenSSH\;C:\Program Files\Java\jdk-19\bin;C:\Users\99293\AppData\Local\Programs\Python\Python311\Scripts\;C:\Users\99293\AppData\Local\Programs\Python\Python311\;C:\Users\99293\AppData\Local\Microsoft\WindowsApps;;C:\Program Files\JetBrains\IntelliJ IDEA 2022.1.2\bin;;C:\Program Files\heroku\bin
USERNAME=ASUS
OS=Windows_NT
PROCESSOR_IDENTIFIER=Intel64 Family 6 Model 154 Stepping 3, GenuineIntel
TMP=C:\Users\99293\AppData\Local\Temp
TEMP=C:\Users\99293\AppData\Local\Temp



---------------  S Y S T E M  ---------------

OS:
 Windows 11 , 64 bit Build 22621 (10.0.22621.3672)
OS uptime: 1 days 3:19 hours
Hyper-V role detected

CPU: total 16 (initial active 16) (8 cores per cpu, 2 threads per core) family 6 model 154 stepping 3 microcode 0x41c, cx8, cmov, fxsr, ht, mmx, 3dnowpref, sse, sse2, sse3, ssse3, sse4.1, sse4.2, popcnt, lzcnt, tsc, tscinvbit, avx, avx2, aes, erms, clmul, bmi1, bmi2, adx, sha, fma, vzeroupper, clflush, clflushopt, clwb, hv, serialize, rdtscp, rdpid, fsrm

Memory: 4k page, system-wide physical 16005M (2242M free)
TotalPageFile size 18053M (AvailPageFile size 5M)
current process WorkingSet (physical memory assigned to process): 101M, peak: 101M
current process commit charge ("private bytes"): 391M, peak: 392M

vm_info: Java HotSpot(TM) 64-Bit Server VM (19.0.2+7-44) for windows-amd64 JRE (19.0.2+7-44), built on 2022-11-30T18:02:09Z by "mach5one" with MS VC++ 17.1 (VS2022)

END.
