#
# There is insufficient memory for the Java Runtime Environment to continue.
# Native memory allocation (malloc) failed to allocate 1090336 bytes for Chunk::new
# Possible reasons:
#   The system is out of physical RAM or swap space
#   The process is running with CompressedOops enabled, and the Java Heap may be blocking the growth of the native heap
# Possible solutions:
#   Reduce memory load on the system
#   Increase physical memory or swap space
#   Check if swap backing store is full
#   Decrease Java heap size (-Xmx/-Xms)
#   Decrease number of Java threads
#   Decrease Java thread stack sizes (-Xss)
#   Set larger code cache with -XX:ReservedCodeCacheSize=
#   JVM is running with Zero Based Compressed Oops mode in which the Java heap is
#     placed in the first 32GB address space. The Java Heap base address is the
#     maximum limit for the native heap growth. Please use -XX:HeapBaseMinAddress
#     to set the Java Heap base and to place the Java Heap above 32GB virtual address.
# This output file may be truncated or incomplete.
#
#  Out of Memory Error (arena.cpp:184), pid=1820, tid=3488
#
# JRE version: Java(TM) SE Runtime Environment (19.0.2+7) (build 19.0.2+7-44)
# Java VM: Java HotSpot(TM) 64-Bit Server VM (19.0.2+7-44, mixed mode, sharing, tiered, compressed oops, compressed class ptrs, g1 gc, windows-amd64)
# No core dump will be written. Minidumps are not enabled by default on client versions of Windows
#

---------------  S U M M A R Y ------------

Command Line: -Dmaven.multiModuleProjectDirectory=D:\unitedStates_storage-master\unitedStates_storage -Dmaven.home=C:\Users\99293\.m2\wrapper\dists\apache-maven-3.8.6-bin\1ks0nkde5v1pk9vtc31i9d0lcd\apache-maven-3.8.6 -Dclassworlds.conf=C:\Users\99293\.m2\wrapper\dists\apache-maven-3.8.6-bin\1ks0nkde5v1pk9vtc31i9d0lcd\apache-maven-3.8.6\bin\m2.conf -Dmaven.ext.class.path=C:\Program Files\JetBrains\IntelliJ IDEA 2022.1.2\plugins\maven\lib\maven-event-listener.jar -javaagent:C:\Program Files\JetBrains\IntelliJ IDEA 2022.1.2\lib\idea_rt.jar=60302:C:\Program Files\JetBrains\IntelliJ IDEA 2022.1.2\bin -Dfile.encoding=UTF-8 org.codehaus.classworlds.Launcher -Didea.version=2022.1.2 package

Host: 12th Gen Intel(R) Core(TM) i7-12650H, 16 cores, 15G,  Windows 11 , 64 bit Build 22621 (10.0.22621.3672)
Time: Wed Aug 28 23:58:29 2024  Windows 11 , 64 bit Build 22621 (10.0.22621.3672) elapsed time: 2.409299 seconds (0d 0h 0m 2s)

---------------  T H R E A D  ---------------

Current thread (0x000001fe8879aa50):  JavaThread "C2 CompilerThread3" daemon [_thread_in_native, id=3488, stack(0x0000009b8a100000,0x0000009b8a200000)]


Current CompileTask:
C2:   2409 4797       4       org.apache.maven.model.inheritance.DefaultInheritanceAssembler$InheritanceModelMerger::mergePluginContainer_Plugins (430 bytes)

Stack: [0x0000009b8a100000,0x0000009b8a200000]
Native frames: (J=compiled Java code, j=interpreted, Vv=VM code, C=native code)
V  [jvm.dll+0x6ee21a]
V  [jvm.dll+0x85765e]
V  [jvm.dll+0x85904e]
V  [jvm.dll+0x859703]
V  [jvm.dll+0x28298f]
V  [jvm.dll+0xc9adf]
V  [jvm.dll+0xc9e65]
V  [jvm.dll+0x2f7caf]
V  [jvm.dll+0x5f076b]
V  [jvm.dll+0x255483]
V  [jvm.dll+0x24de26]
V  [jvm.dll+0x24b673]
V  [jvm.dll+0x1d6ce1]
V  [jvm.dll+0x25b25a]
V  [jvm.dll+0x2596e8]
V  [jvm.dll+0x807588]
V  [jvm.dll+0x80125a]
V  [jvm.dll+0x6ecf0b]
C  [ucrtbase.dll+0x29333]
C  [KERNEL32.DLL+0x1257d]
C  [ntdll.dll+0x5af28]


---------------  P R O C E S S  ---------------

Threads class SMR info:
_java_thread_list=0x000001fe8949d510, length=33, elements={
0x000001fedfa50160, 0x000001fefec6e060, 0x000001fefec6ee50, 0x000001fefec723f0,
0x000001fefec73f80, 0x000001fefec744d0, 0x000001fefec76f50, 0x000001fefec7e610,
0x000001fefec81340, 0x000001fefec74a20, 0x000001fe880af1b0, 0x000001fefec74f70,
0x000001fe881343b0, 0x000001fe88159120, 0x000001fefec75a10, 0x000001fefec754c0,
0x000001fe886150d0, 0x000001fe888136f0, 0x000001fe8879aa50, 0x000001fe8904b100,
0x000001fe890d67f0, 0x000001fe890d6d70, 0x000001fe8a4dc840, 0x000001fe8a4d9dc0,
0x000001fe8a4dcd90, 0x000001fe8a4ddd80, 0x000001fe8a4d9870, 0x000001fe8a4db300,
0x000001fe8a4dc2f0, 0x000001fe8a4db850, 0x000001fe8a4ded70, 0x000001fe8a4dadb0,
0x000001fe8a4df2c0
}

Java Threads: ( => current thread )
  0x000001fedfa50160 JavaThread "main" [_thread_in_native, id=23052, stack(0x0000009b88800000,0x0000009b88900000)]
  0x000001fefec6e060 JavaThread "Reference Handler" daemon [_thread_blocked, id=3244, stack(0x0000009b88f00000,0x0000009b89000000)]
  0x000001fefec6ee50 JavaThread "Finalizer" daemon [_thread_blocked, id=17984, stack(0x0000009b89000000,0x0000009b89100000)]
  0x000001fefec723f0 JavaThread "Signal Dispatcher" daemon [_thread_blocked, id=19720, stack(0x0000009b89100000,0x0000009b89200000)]
  0x000001fefec73f80 JavaThread "Attach Listener" daemon [_thread_blocked, id=14592, stack(0x0000009b89200000,0x0000009b89300000)]
  0x000001fefec744d0 JavaThread "Service Thread" daemon [_thread_blocked, id=24052, stack(0x0000009b89300000,0x0000009b89400000)]
  0x000001fefec76f50 JavaThread "Monitor Deflation Thread" daemon [_thread_blocked, id=18940, stack(0x0000009b89400000,0x0000009b89500000)]
  0x000001fefec7e610 JavaThread "C2 CompilerThread0" daemon [_thread_blocked, id=18900, stack(0x0000009b89500000,0x0000009b89600000)]
  0x000001fefec81340 JavaThread "C1 CompilerThread0" daemon [_thread_blocked, id=23452, stack(0x0000009b89600000,0x0000009b89700000)]
  0x000001fefec74a20 JavaThread "Sweeper thread" daemon [_thread_blocked, id=19968, stack(0x0000009b89700000,0x0000009b89800000)]
  0x000001fe880af1b0 JavaThread "C1 CompilerThread1" daemon [_thread_blocked, id=8884, stack(0x0000009b89800000,0x0000009b89900000)]
  0x000001fefec74f70 JavaThread "Common-Cleaner" daemon [_thread_blocked, id=14524, stack(0x0000009b89900000,0x0000009b89a00000)]
  0x000001fe881343b0 JavaThread "C1 CompilerThread2" daemon [_thread_blocked, id=3740, stack(0x0000009b89a00000,0x0000009b89b00000)]
  0x000001fe88159120 JavaThread "C2 CompilerThread1" daemon [_thread_blocked, id=12840, stack(0x0000009b89b00000,0x0000009b89c00000)]
  0x000001fefec75a10 JavaThread "Monitor Ctrl-Break" daemon [_thread_in_native, id=8420, stack(0x0000009b89c00000,0x0000009b89d00000)]
  0x000001fefec754c0 JavaThread "Notification Thread" daemon [_thread_blocked, id=8212, stack(0x0000009b89d00000,0x0000009b89e00000)]
  0x000001fe886150d0 JavaThread "C1 CompilerThread3" daemon [_thread_blocked, id=18456, stack(0x0000009b89f00000,0x0000009b8a000000)]
  0x000001fe888136f0 JavaThread "C2 CompilerThread2" daemon [_thread_blocked, id=10972, stack(0x0000009b8a000000,0x0000009b8a100000)]
=>0x000001fe8879aa50 JavaThread "C2 CompilerThread3" daemon [_thread_in_native, id=3488, stack(0x0000009b8a100000,0x0000009b8a200000)]
  0x000001fe8904b100 JavaThread "C2 CompilerThread4" daemon [_thread_blocked, id=1648, stack(0x0000009b8a200000,0x0000009b8a300000)]
  0x000001fe890d67f0 JavaThread "C2 CompilerThread5" daemon [_thread_blocked, id=2948, stack(0x0000009b8a300000,0x0000009b8a400000)]
  0x000001fe890d6d70 JavaThread "C2 CompilerThread6" daemon [_thread_blocked, id=19332, stack(0x0000009b8a400000,0x0000009b8a500000)]
  0x000001fe8a4dc840 JavaThread "resolver-1" daemon [_thread_blocked, id=22768, stack(0x0000009b8b100000,0x0000009b8b200000)]
  0x000001fe8a4d9dc0 JavaThread "resolver-2" daemon [_thread_blocked, id=19168, stack(0x0000009b8b200000,0x0000009b8b300000)]
  0x000001fe8a4dcd90 JavaThread "resolver-3" daemon [_thread_blocked, id=20144, stack(0x0000009b8b300000,0x0000009b8b400000)]
  0x000001fe8a4ddd80 JavaThread "resolver-4" daemon [_thread_blocked, id=18620, stack(0x0000009b8b400000,0x0000009b8b500000)]
  0x000001fe8a4d9870 JavaThread "resolver-5" daemon [_thread_blocked, id=8088, stack(0x0000009b8b500000,0x0000009b8b600000)]
  0x000001fe8a4db300 JavaThread "timeout-check-timer" daemon [_thread_blocked, id=18504, stack(0x0000009b8b600000,0x0000009b8b700000)]
  0x000001fe8a4dc2f0 JavaThread "ping-timer-10s" daemon [_thread_blocked, id=24396, stack(0x0000009b8b700000,0x0000009b8b800000)]
  0x000001fe8a4db850 JavaThread "ThreadedStreamConsumer" daemon [_thread_blocked, id=12308, stack(0x0000009b8b800000,0x0000009b8b900000)]
  0x000001fe8a4ded70 JavaThread "Thread-2" [_thread_blocked, id=20272, stack(0x0000009b8b900000,0x0000009b8ba00000)]
  0x000001fe8a4dadb0 JavaThread "Thread-3" [_thread_in_native, id=20572, stack(0x0000009b8ba00000,0x0000009b8bb00000)]
  0x000001fe8a4df2c0 JavaThread "Thread-4" [_thread_in_native, id=14636, stack(0x0000009b8bb00000,0x0000009b8bc00000)]

Other Threads:
  0x000001fefec56940 VMThread "VM Thread" [stack: 0x0000009b88e00000,0x0000009b88f00000] [id=11156]
  0x000001fe881e0100 WatcherThread "VM Periodic Task Thread" [stack: 0x0000009b89e00000,0x0000009b89f00000] [id=17804]
  0x000001fedfac0d00 WorkerThread "GC Thread#0" [stack: 0x0000009b88900000,0x0000009b88a00000] [id=18616]
  0x000001fe8859ad50 WorkerThread "GC Thread#1" [stack: 0x0000009b8a600000,0x0000009b8a700000] [id=25016]
  0x000001fe8859b2f0 WorkerThread "GC Thread#2" [stack: 0x0000009b8a700000,0x0000009b8a800000] [id=24604]
  0x000001fe8859be30 WorkerThread "GC Thread#3" [stack: 0x0000009b8a800000,0x0000009b8a900000] [id=22300]
  0x000001fe8859b5c0 WorkerThread "GC Thread#4" [stack: 0x0000009b8a900000,0x0000009b8aa00000] [id=6312]
  0x000001fe8859c100 WorkerThread "GC Thread#5" [stack: 0x0000009b8aa00000,0x0000009b8ab00000] [id=22972]
  0x000001fe8859c3d0 WorkerThread "GC Thread#6" [stack: 0x0000009b8ab00000,0x0000009b8ac00000] [id=20024]
  0x000001fe8859c6a0 WorkerThread "GC Thread#7" [stack: 0x0000009b8ac00000,0x0000009b8ad00000] [id=11432]
  0x000001fe88c1acf0 WorkerThread "GC Thread#8" [stack: 0x0000009b8a500000,0x0000009b8a600000] [id=23544]
  0x000001fe88c1aa20 WorkerThread "GC Thread#9" [stack: 0x0000009b8ad00000,0x0000009b8ae00000] [id=25124]
  0x000001fe88c18e00 WorkerThread "GC Thread#10" [stack: 0x0000009b8ae00000,0x0000009b8af00000] [id=18532]
  0x000001fe88c1b290 WorkerThread "GC Thread#11" [stack: 0x0000009b8af00000,0x0000009b8b000000] [id=4064]
  0x000001fe88c19c10 WorkerThread "GC Thread#12" [stack: 0x0000009b8b000000,0x0000009b8b100000] [id=18248]
  0x000001fedfad2680 ConcurrentGCThread "G1 Main Marker" [stack: 0x0000009b88a00000,0x0000009b88b00000] [id=7724]
  0x000001fedfad30b0 WorkerThread "G1 Conc#0" [stack: 0x0000009b88b00000,0x0000009b88c00000] [id=10000]
  0x000001fefeb0ffd0 ConcurrentGCThread "G1 Refine#0" [stack: 0x0000009b88c00000,0x0000009b88d00000] [id=7996]
  0x000001fefeb107c0 ConcurrentGCThread "G1 Service" [stack: 0x0000009b88d00000,0x0000009b88e00000] [id=8200]

Threads with active compile tasks:
C2 CompilerThread3     2422 4797       4       org.apache.maven.model.inheritance.DefaultInheritanceAssembler$InheritanceModelMerger::mergePluginContainer_Plugins (430 bytes)

VM state: not at safepoint (normal execution)

VM Mutex/Monitor currently owned by a thread: None

Heap address: 0x0000000705e00000, size: 4002 MB, Compressed Oops mode: Zero based, Oop shift amount: 3

CDS archive(s) mapped at: [0x0000000800000000-0x0000000800c40000-0x0000000800c40000), size 12845056, SharedBaseAddress: 0x0000000800000000, ArchiveRelocationMode: 0.
Compressed class space mapped at: 0x0000000801000000-0x0000000841000000, reserved size: 1073741824
Narrow klass base: 0x0000000800000000, Narrow klass shift: 0, Narrow klass range: 0x100000000

GC Precious Log:
 CardTable entry size: 512
 Card Set container configuration: InlinePtr #cards 4 size 8 Array Of Cards #cards 16 size 48 Howl #buckets 8 coarsen threshold 3686 Howl Bitmap #cards 512 size 80 coarsen threshold 460 Card regions per heap region 1 cards per card region 4096
 CPUs: 16 total, 16 available
 Memory: 16005M
 Large Page Support: Disabled
 NUMA Support: Disabled
 Compressed Oops: Enabled (Zero based)
 Heap Region Size: 2M
 Heap Min Capacity: 8M
 Heap Initial Capacity: 252M
 Heap Max Capacity: 4002M
 Pre-touch: Disabled
 Parallel Workers: 13
 Concurrent Workers: 3
 Concurrent Refinement Workers: 13
 Periodic GC: Disabled

Heap:
 garbage-first heap   total 258048K, used 39586K [0x0000000705e00000, 0x0000000800000000)
  region size 2048K, 19 young (38912K), 7 survivors (14336K)
 Metaspace       used 18734K, committed 19136K, reserved 1114112K
  class space    used 1886K, committed 2048K, reserved 1048576K

Heap Regions: E=young(eden), S=young(survivor), O=old, HS=humongous(starts), HC=humongous(continues), CS=collection set, F=free, OA=open archive, CA=closed archive, TAMS=top-at-mark-start (previous, next)
|   0|0x0000000705e00000, 0x0000000706000000, 0x0000000706000000|100%| O|  |TAMS 0x0000000705e00000, 0x0000000705e00000| Untracked 
|   1|0x0000000706000000, 0x0000000706157200, 0x0000000706200000| 67%| O|  |TAMS 0x0000000706000000, 0x0000000706000000| Untracked 
|   2|0x0000000706200000, 0x0000000706200000, 0x0000000706400000|  0%| F|  |TAMS 0x0000000706200000, 0x0000000706200000| Untracked 
|   3|0x0000000706400000, 0x0000000706400000, 0x0000000706600000|  0%| F|  |TAMS 0x0000000706400000, 0x0000000706400000| Untracked 
|   4|0x0000000706600000, 0x0000000706600000, 0x0000000706800000|  0%| F|  |TAMS 0x0000000706600000, 0x0000000706600000| Untracked 
|   5|0x0000000706800000, 0x0000000706800000, 0x0000000706a00000|  0%| F|  |TAMS 0x0000000706800000, 0x0000000706800000| Untracked 
|   6|0x0000000706a00000, 0x0000000706a00000, 0x0000000706c00000|  0%| F|  |TAMS 0x0000000706a00000, 0x0000000706a00000| Untracked 
|   7|0x0000000706c00000, 0x0000000706c00000, 0x0000000706e00000|  0%| F|  |TAMS 0x0000000706c00000, 0x0000000706c00000| Untracked 
|   8|0x0000000706e00000, 0x0000000706e00000, 0x0000000707000000|  0%| F|  |TAMS 0x0000000706e00000, 0x0000000706e00000| Untracked 
|   9|0x0000000707000000, 0x0000000707000000, 0x0000000707200000|  0%| F|  |TAMS 0x0000000707000000, 0x0000000707000000| Untracked 
|  10|0x0000000707200000, 0x0000000707200000, 0x0000000707400000|  0%| F|  |TAMS 0x0000000707200000, 0x0000000707200000| Untracked 
|  11|0x0000000707400000, 0x0000000707400000, 0x0000000707600000|  0%| F|  |TAMS 0x0000000707400000, 0x0000000707400000| Untracked 
|  12|0x0000000707600000, 0x0000000707600000, 0x0000000707800000|  0%| F|  |TAMS 0x0000000707600000, 0x0000000707600000| Untracked 
|  13|0x0000000707800000, 0x0000000707800000, 0x0000000707a00000|  0%| F|  |TAMS 0x0000000707800000, 0x0000000707800000| Untracked 
|  14|0x0000000707a00000, 0x0000000707a00000, 0x0000000707c00000|  0%| F|  |TAMS 0x0000000707a00000, 0x0000000707a00000| Untracked 
|  15|0x0000000707c00000, 0x0000000707c00000, 0x0000000707e00000|  0%| F|  |TAMS 0x0000000707c00000, 0x0000000707c00000| Untracked 
|  16|0x0000000707e00000, 0x0000000707e00000, 0x0000000708000000|  0%| F|  |TAMS 0x0000000707e00000, 0x0000000707e00000| Untracked 
|  17|0x0000000708000000, 0x0000000708000000, 0x0000000708200000|  0%| F|  |TAMS 0x0000000708000000, 0x0000000708000000| Untracked 
|  18|0x0000000708200000, 0x0000000708200000, 0x0000000708400000|  0%| F|  |TAMS 0x0000000708200000, 0x0000000708200000| Untracked 
|  19|0x0000000708400000, 0x0000000708400000, 0x0000000708600000|  0%| F|  |TAMS 0x0000000708400000, 0x0000000708400000| Untracked 
|  20|0x0000000708600000, 0x0000000708600000, 0x0000000708800000|  0%| F|  |TAMS 0x0000000708600000, 0x0000000708600000| Untracked 
|  21|0x0000000708800000, 0x0000000708800000, 0x0000000708a00000|  0%| F|  |TAMS 0x0000000708800000, 0x0000000708800000| Untracked 
|  22|0x0000000708a00000, 0x0000000708a00000, 0x0000000708c00000|  0%| F|  |TAMS 0x0000000708a00000, 0x0000000708a00000| Untracked 
|  23|0x0000000708c00000, 0x0000000708c00000, 0x0000000708e00000|  0%| F|  |TAMS 0x0000000708c00000, 0x0000000708c00000| Untracked 
|  24|0x0000000708e00000, 0x0000000708e00000, 0x0000000709000000|  0%| F|  |TAMS 0x0000000708e00000, 0x0000000708e00000| Untracked 
|  25|0x0000000709000000, 0x0000000709000000, 0x0000000709200000|  0%| F|  |TAMS 0x0000000709000000, 0x0000000709000000| Untracked 
|  26|0x0000000709200000, 0x0000000709200000, 0x0000000709400000|  0%| F|  |TAMS 0x0000000709200000, 0x0000000709200000| Untracked 
|  27|0x0000000709400000, 0x0000000709400000, 0x0000000709600000|  0%| F|  |TAMS 0x0000000709400000, 0x0000000709400000| Untracked 
|  28|0x0000000709600000, 0x0000000709600000, 0x0000000709800000|  0%| F|  |TAMS 0x0000000709600000, 0x0000000709600000| Untracked 
|  29|0x0000000709800000, 0x0000000709800000, 0x0000000709a00000|  0%| F|  |TAMS 0x0000000709800000, 0x0000000709800000| Untracked 
|  30|0x0000000709a00000, 0x0000000709a00000, 0x0000000709c00000|  0%| F|  |TAMS 0x0000000709a00000, 0x0000000709a00000| Untracked 
|  31|0x0000000709c00000, 0x0000000709c00000, 0x0000000709e00000|  0%| F|  |TAMS 0x0000000709c00000, 0x0000000709c00000| Untracked 
|  32|0x0000000709e00000, 0x0000000709e00000, 0x000000070a000000|  0%| F|  |TAMS 0x0000000709e00000, 0x0000000709e00000| Untracked 
|  33|0x000000070a000000, 0x000000070a000000, 0x000000070a200000|  0%| F|  |TAMS 0x000000070a000000, 0x000000070a000000| Untracked 
|  34|0x000000070a200000, 0x000000070a200000, 0x000000070a400000|  0%| F|  |TAMS 0x000000070a200000, 0x000000070a200000| Untracked 
|  35|0x000000070a400000, 0x000000070a400000, 0x000000070a600000|  0%| F|  |TAMS 0x000000070a400000, 0x000000070a400000| Untracked 
|  36|0x000000070a600000, 0x000000070a600000, 0x000000070a800000|  0%| F|  |TAMS 0x000000070a600000, 0x000000070a600000| Untracked 
|  37|0x000000070a800000, 0x000000070a800000, 0x000000070aa00000|  0%| F|  |TAMS 0x000000070a800000, 0x000000070a800000| Untracked 
|  38|0x000000070aa00000, 0x000000070aa00000, 0x000000070ac00000|  0%| F|  |TAMS 0x000000070aa00000, 0x000000070aa00000| Untracked 
|  39|0x000000070ac00000, 0x000000070ac00000, 0x000000070ae00000|  0%| F|  |TAMS 0x000000070ac00000, 0x000000070ac00000| Untracked 
|  40|0x000000070ae00000, 0x000000070ae00000, 0x000000070b000000|  0%| F|  |TAMS 0x000000070ae00000, 0x000000070ae00000| Untracked 
|  41|0x000000070b000000, 0x000000070b000000, 0x000000070b200000|  0%| F|  |TAMS 0x000000070b000000, 0x000000070b000000| Untracked 
|  42|0x000000070b200000, 0x000000070b200000, 0x000000070b400000|  0%| F|  |TAMS 0x000000070b200000, 0x000000070b200000| Untracked 
|  43|0x000000070b400000, 0x000000070b400000, 0x000000070b600000|  0%| F|  |TAMS 0x000000070b400000, 0x000000070b400000| Untracked 
|  44|0x000000070b600000, 0x000000070b7516e0, 0x000000070b800000| 65%| S|CS|TAMS 0x000000070b600000, 0x000000070b600000| Complete 
|  45|0x000000070b800000, 0x000000070ba00000, 0x000000070ba00000|100%| S|CS|TAMS 0x000000070b800000, 0x000000070b800000| Complete 
|  46|0x000000070ba00000, 0x000000070bc00000, 0x000000070bc00000|100%| S|CS|TAMS 0x000000070ba00000, 0x000000070ba00000| Complete 
|  47|0x000000070bc00000, 0x000000070be00000, 0x000000070be00000|100%| S|CS|TAMS 0x000000070bc00000, 0x000000070bc00000| Complete 
|  48|0x000000070be00000, 0x000000070c000000, 0x000000070c000000|100%| S|CS|TAMS 0x000000070be00000, 0x000000070be00000| Complete 
|  49|0x000000070c000000, 0x000000070c200000, 0x000000070c200000|100%| S|CS|TAMS 0x000000070c000000, 0x000000070c000000| Complete 
|  50|0x000000070c200000, 0x000000070c400000, 0x000000070c400000|100%| S|CS|TAMS 0x000000070c200000, 0x000000070c200000| Complete 
|  51|0x000000070c400000, 0x000000070c400000, 0x000000070c600000|  0%| F|  |TAMS 0x000000070c400000, 0x000000070c400000| Untracked 
|  52|0x000000070c600000, 0x000000070c600000, 0x000000070c800000|  0%| F|  |TAMS 0x000000070c600000, 0x000000070c600000| Untracked 
|  53|0x000000070c800000, 0x000000070c800000, 0x000000070ca00000|  0%| F|  |TAMS 0x000000070c800000, 0x000000070c800000| Untracked 
|  54|0x000000070ca00000, 0x000000070ca00000, 0x000000070cc00000|  0%| F|  |TAMS 0x000000070ca00000, 0x000000070ca00000| Untracked 
|  55|0x000000070cc00000, 0x000000070cc00000, 0x000000070ce00000|  0%| F|  |TAMS 0x000000070cc00000, 0x000000070cc00000| Untracked 
|  56|0x000000070ce00000, 0x000000070ce00000, 0x000000070d000000|  0%| F|  |TAMS 0x000000070ce00000, 0x000000070ce00000| Untracked 
|  57|0x000000070d000000, 0x000000070d000000, 0x000000070d200000|  0%| F|  |TAMS 0x000000070d000000, 0x000000070d000000| Untracked 
|  58|0x000000070d200000, 0x000000070d200000, 0x000000070d400000|  0%| F|  |TAMS 0x000000070d200000, 0x000000070d200000| Untracked 
|  59|0x000000070d400000, 0x000000070d400000, 0x000000070d600000|  0%| F|  |TAMS 0x000000070d400000, 0x000000070d400000| Untracked 
|  60|0x000000070d600000, 0x000000070d600000, 0x000000070d800000|  0%| F|  |TAMS 0x000000070d600000, 0x000000070d600000| Untracked 
|  61|0x000000070d800000, 0x000000070d800000, 0x000000070da00000|  0%| F|  |TAMS 0x000000070d800000, 0x000000070d800000| Untracked 
|  62|0x000000070da00000, 0x000000070da00000, 0x000000070dc00000|  0%| F|  |TAMS 0x000000070da00000, 0x000000070da00000| Untracked 
|  63|0x000000070dc00000, 0x000000070dc00000, 0x000000070de00000|  0%| F|  |TAMS 0x000000070dc00000, 0x000000070dc00000| Untracked 
|  64|0x000000070de00000, 0x000000070de00000, 0x000000070e000000|  0%| F|  |TAMS 0x000000070de00000, 0x000000070de00000| Untracked 
|  65|0x000000070e000000, 0x000000070e000000, 0x000000070e200000|  0%| F|  |TAMS 0x000000070e000000, 0x000000070e000000| Untracked 
|  66|0x000000070e200000, 0x000000070e200000, 0x000000070e400000|  0%| F|  |TAMS 0x000000070e200000, 0x000000070e200000| Untracked 
|  67|0x000000070e400000, 0x000000070e400000, 0x000000070e600000|  0%| F|  |TAMS 0x000000070e400000, 0x000000070e400000| Untracked 
|  68|0x000000070e600000, 0x000000070e600000, 0x000000070e800000|  0%| F|  |TAMS 0x000000070e600000, 0x000000070e600000| Untracked 
|  69|0x000000070e800000, 0x000000070e800000, 0x000000070ea00000|  0%| F|  |TAMS 0x000000070e800000, 0x000000070e800000| Untracked 
|  70|0x000000070ea00000, 0x000000070ea00000, 0x000000070ec00000|  0%| F|  |TAMS 0x000000070ea00000, 0x000000070ea00000| Untracked 
|  71|0x000000070ec00000, 0x000000070ec00000, 0x000000070ee00000|  0%| F|  |TAMS 0x000000070ec00000, 0x000000070ec00000| Untracked 
|  72|0x000000070ee00000, 0x000000070ee00000, 0x000000070f000000|  0%| F|  |TAMS 0x000000070ee00000, 0x000000070ee00000| Untracked 
|  73|0x000000070f000000, 0x000000070f000000, 0x000000070f200000|  0%| F|  |TAMS 0x000000070f000000, 0x000000070f000000| Untracked 
|  74|0x000000070f200000, 0x000000070f200000, 0x000000070f400000|  0%| F|  |TAMS 0x000000070f200000, 0x000000070f200000| Untracked 
|  75|0x000000070f400000, 0x000000070f400000, 0x000000070f600000|  0%| F|  |TAMS 0x000000070f400000, 0x000000070f400000| Untracked 
|  76|0x000000070f600000, 0x000000070f600000, 0x000000070f800000|  0%| F|  |TAMS 0x000000070f600000, 0x000000070f600000| Untracked 
|  77|0x000000070f800000, 0x000000070f800000, 0x000000070fa00000|  0%| F|  |TAMS 0x000000070f800000, 0x000000070f800000| Untracked 
|  78|0x000000070fa00000, 0x000000070fa00000, 0x000000070fc00000|  0%| F|  |TAMS 0x000000070fa00000, 0x000000070fa00000| Untracked 
|  79|0x000000070fc00000, 0x000000070fc00000, 0x000000070fe00000|  0%| F|  |TAMS 0x000000070fc00000, 0x000000070fc00000| Untracked 
|  80|0x000000070fe00000, 0x000000070fe00000, 0x0000000710000000|  0%| F|  |TAMS 0x000000070fe00000, 0x000000070fe00000| Untracked 
|  81|0x0000000710000000, 0x0000000710000000, 0x0000000710200000|  0%| F|  |TAMS 0x0000000710000000, 0x0000000710000000| Untracked 
|  82|0x0000000710200000, 0x0000000710200000, 0x0000000710400000|  0%| F|  |TAMS 0x0000000710200000, 0x0000000710200000| Untracked 
|  83|0x0000000710400000, 0x0000000710400000, 0x0000000710600000|  0%| F|  |TAMS 0x0000000710400000, 0x0000000710400000| Untracked 
|  84|0x0000000710600000, 0x0000000710600000, 0x0000000710800000|  0%| F|  |TAMS 0x0000000710600000, 0x0000000710600000| Untracked 
|  85|0x0000000710800000, 0x0000000710800000, 0x0000000710a00000|  0%| F|  |TAMS 0x0000000710800000, 0x0000000710800000| Untracked 
|  86|0x0000000710a00000, 0x0000000710a00000, 0x0000000710c00000|  0%| F|  |TAMS 0x0000000710a00000, 0x0000000710a00000| Untracked 
|  87|0x0000000710c00000, 0x0000000710c00000, 0x0000000710e00000|  0%| F|  |TAMS 0x0000000710c00000, 0x0000000710c00000| Untracked 
|  88|0x0000000710e00000, 0x0000000710e00000, 0x0000000711000000|  0%| F|  |TAMS 0x0000000710e00000, 0x0000000710e00000| Untracked 
|  89|0x0000000711000000, 0x0000000711000000, 0x0000000711200000|  0%| F|  |TAMS 0x0000000711000000, 0x0000000711000000| Untracked 
|  90|0x0000000711200000, 0x0000000711200000, 0x0000000711400000|  0%| F|  |TAMS 0x0000000711200000, 0x0000000711200000| Untracked 
|  91|0x0000000711400000, 0x0000000711400000, 0x0000000711600000|  0%| F|  |TAMS 0x0000000711400000, 0x0000000711400000| Untracked 
|  92|0x0000000711600000, 0x0000000711600000, 0x0000000711800000|  0%| F|  |TAMS 0x0000000711600000, 0x0000000711600000| Untracked 
|  93|0x0000000711800000, 0x0000000711800000, 0x0000000711a00000|  0%| F|  |TAMS 0x0000000711800000, 0x0000000711800000| Untracked 
|  94|0x0000000711a00000, 0x0000000711a00000, 0x0000000711c00000|  0%| F|  |TAMS 0x0000000711a00000, 0x0000000711a00000| Untracked 
|  95|0x0000000711c00000, 0x0000000711c00000, 0x0000000711e00000|  0%| F|  |TAMS 0x0000000711c00000, 0x0000000711c00000| Untracked 
|  96|0x0000000711e00000, 0x0000000711e00000, 0x0000000712000000|  0%| F|  |TAMS 0x0000000711e00000, 0x0000000711e00000| Untracked 
|  97|0x0000000712000000, 0x0000000712000000, 0x0000000712200000|  0%| F|  |TAMS 0x0000000712000000, 0x0000000712000000| Untracked 
|  98|0x0000000712200000, 0x0000000712200000, 0x0000000712400000|  0%| F|  |TAMS 0x0000000712200000, 0x0000000712200000| Untracked 
|  99|0x0000000712400000, 0x0000000712400000, 0x0000000712600000|  0%| F|  |TAMS 0x0000000712400000, 0x0000000712400000| Untracked 
| 100|0x0000000712600000, 0x0000000712600000, 0x0000000712800000|  0%| F|  |TAMS 0x0000000712600000, 0x0000000712600000| Untracked 
| 101|0x0000000712800000, 0x0000000712800000, 0x0000000712a00000|  0%| F|  |TAMS 0x0000000712800000, 0x0000000712800000| Untracked 
| 102|0x0000000712a00000, 0x0000000712a00000, 0x0000000712c00000|  0%| F|  |TAMS 0x0000000712a00000, 0x0000000712a00000| Untracked 
| 103|0x0000000712c00000, 0x0000000712c00000, 0x0000000712e00000|  0%| F|  |TAMS 0x0000000712c00000, 0x0000000712c00000| Untracked 
| 104|0x0000000712e00000, 0x0000000712e00000, 0x0000000713000000|  0%| F|  |TAMS 0x0000000712e00000, 0x0000000712e00000| Untracked 
| 105|0x0000000713000000, 0x0000000713000000, 0x0000000713200000|  0%| F|  |TAMS 0x0000000713000000, 0x0000000713000000| Untracked 
| 106|0x0000000713200000, 0x0000000713200000, 0x0000000713400000|  0%| F|  |TAMS 0x0000000713200000, 0x0000000713200000| Untracked 
| 107|0x0000000713400000, 0x0000000713400000, 0x0000000713600000|  0%| F|  |TAMS 0x0000000713400000, 0x0000000713400000| Untracked 
| 108|0x0000000713600000, 0x0000000713600000, 0x0000000713800000|  0%| F|  |TAMS 0x0000000713600000, 0x0000000713600000| Untracked 
| 109|0x0000000713800000, 0x0000000713800000, 0x0000000713a00000|  0%| F|  |TAMS 0x0000000713800000, 0x0000000713800000| Untracked 
| 110|0x0000000713a00000, 0x0000000713a00000, 0x0000000713c00000|  0%| F|  |TAMS 0x0000000713a00000, 0x0000000713a00000| Untracked 
| 111|0x0000000713c00000, 0x0000000713c00000, 0x0000000713e00000|  0%| F|  |TAMS 0x0000000713c00000, 0x0000000713c00000| Untracked 
| 112|0x0000000713e00000, 0x0000000713e00000, 0x0000000714000000|  0%| F|  |TAMS 0x0000000713e00000, 0x0000000713e00000| Untracked 
| 113|0x0000000714000000, 0x0000000714000000, 0x0000000714200000|  0%| F|  |TAMS 0x0000000714000000, 0x0000000714000000| Untracked 
| 114|0x0000000714200000, 0x0000000714200800, 0x0000000714400000|  0%| E|  |TAMS 0x0000000714200000, 0x0000000714200000| Complete 
| 115|0x0000000714400000, 0x0000000714600000, 0x0000000714600000|100%| E|CS|TAMS 0x0000000714400000, 0x0000000714400000| Complete 
| 116|0x0000000714600000, 0x0000000714800000, 0x0000000714800000|100%| E|CS|TAMS 0x0000000714600000, 0x0000000714600000| Complete 
| 117|0x0000000714800000, 0x0000000714a00000, 0x0000000714a00000|100%| E|CS|TAMS 0x0000000714800000, 0x0000000714800000| Complete 
| 118|0x0000000714a00000, 0x0000000714c00000, 0x0000000714c00000|100%| E|CS|TAMS 0x0000000714a00000, 0x0000000714a00000| Complete 
| 119|0x0000000714c00000, 0x0000000714e00000, 0x0000000714e00000|100%| E|CS|TAMS 0x0000000714c00000, 0x0000000714c00000| Complete 
| 120|0x0000000714e00000, 0x0000000715000000, 0x0000000715000000|100%| E|CS|TAMS 0x0000000714e00000, 0x0000000714e00000| Complete 
| 121|0x0000000715000000, 0x0000000715200000, 0x0000000715200000|100%| E|CS|TAMS 0x0000000715000000, 0x0000000715000000| Complete 
| 122|0x0000000715200000, 0x0000000715400000, 0x0000000715400000|100%| E|CS|TAMS 0x0000000715200000, 0x0000000715200000| Complete 
| 123|0x0000000715400000, 0x0000000715600000, 0x0000000715600000|100%| E|CS|TAMS 0x0000000715400000, 0x0000000715400000| Complete 
| 124|0x0000000715600000, 0x0000000715800000, 0x0000000715800000|100%| E|CS|TAMS 0x0000000715600000, 0x0000000715600000| Complete 
| 125|0x0000000715800000, 0x0000000715a00000, 0x0000000715a00000|100%| E|CS|TAMS 0x0000000715800000, 0x0000000715800000| Complete 

Card table byte_map: [0x000001fef7a20000,0x000001fef8200000] _byte_map_base: 0x000001fef41f1000

Marking Bits (Prev, Next): (CMBitMap*) 0x000001fedfac2340, (CMBitMap*) 0x000001fedfac2380
 Prev Bits: [0x000001fef89e0000, 0x000001fefc868000)
 Next Bits: [0x000001fe80000000, 0x000001fe83e88000)

Polling page: 0x000001fedd890000

Metaspace:

Usage:
  Non-class:     16.45 MB used.
      Class:      1.84 MB used.
       Both:     18.30 MB used.

Virtual space:
  Non-class space:       64.00 MB reserved,      16.69 MB ( 26%) committed,  1 nodes.
      Class space:        1.00 GB reserved,       2.00 MB ( <1%) committed,  1 nodes.
             Both:        1.06 GB reserved,      18.69 MB (  2%) committed. 

Chunk freelists:
   Non-Class:  3.23 MB
       Class:  1.89 MB
        Both:  5.12 MB

MaxMetaspaceSize: unlimited
CompressedClassSpaceSize: 1.00 GB
Initial GC threshold: 21.00 MB
Current GC threshold: 21.00 MB
CDS: on
MetaspaceReclaimPolicy: balanced
 - commit_granule_bytes: 65536.
 - commit_granule_words: 8192.
 - virtual_space_node_default_size: 8388608.
 - enlarge_chunks_in_place: 1.
 - new_chunks_are_fully_committed: 0.
 - uncommit_free_chunks: 1.
 - use_allocation_guard: 0.


Internal statistics:

num_allocs_failed_limit: 0.
num_arena_births: 310.
num_arena_deaths: 0.
num_vsnodes_births: 2.
num_vsnodes_deaths: 0.
num_space_committed: 299.
num_space_uncommitted: 0.
num_chunks_returned_to_freelist: 0.
num_chunks_taken_from_freelist: 927.
num_chunk_merges: 0.
num_chunk_splits: 649.
num_chunks_enlarged: 490.
num_inconsistent_stats: 0.

CodeHeap 'non-profiled nmethods': size=119168Kb used=2856Kb max_used=2856Kb free=116311Kb
 bounds [0x000001feef550000, 0x000001feef820000, 0x000001fef69b0000]
CodeHeap 'profiled nmethods': size=119104Kb used=11353Kb max_used=11353Kb free=107750Kb
 bounds [0x000001fee79b0000, 0x000001fee84d0000, 0x000001feeee00000]
CodeHeap 'non-nmethods': size=7488Kb used=3004Kb max_used=3038Kb free=4483Kb
 bounds [0x000001feeee00000, 0x000001feef110000, 0x000001feef550000]
 total_blobs=5753 nmethods=5214 adapters=446
 compilation: enabled
              stopped_count=0, restarted_count=0
 full_count=0

Compilation events (20 events):
Event: 2.290 Thread 0x000001fe881343b0 nmethod 5210 0x000001fee84c2710 code [0x000001fee84c28c0, 0x000001fee84c2be8]
Event: 2.290 Thread 0x000001fe890d67f0 nmethod 5212 0x000001feef80fd90 code [0x000001feef80ff20, 0x000001feef80ffd8]
Event: 2.290 Thread 0x000001fefec81340 nmethod 5211 0x000001fee84c2d10 code [0x000001fee84c2ec0, 0x000001fee84c3148]
Event: 2.290 Thread 0x000001fe886150d0 nmethod 5203 0x000001fee84c3210 code [0x000001fee84c34e0, 0x000001fee84c4788]
Event: 2.290 Thread 0x000001fe8904b100 nmethod 5213 0x000001feef810090 code [0x000001feef810220, 0x000001feef8103f8]
Event: 2.293 Thread 0x000001fe881343b0 5214       3       java.util.Arrays::binarySearch (9 bytes)
Event: 2.293 Thread 0x000001fe880af1b0 5215       3       java.util.Arrays::binarySearch0 (72 bytes)
Event: 2.293 Thread 0x000001fe881343b0 nmethod 5214 0x000001fee84c5090 code [0x000001fee84c5240, 0x000001fee84c5368]
Event: 2.293 Thread 0x000001fe880af1b0 nmethod 5215 0x000001fee84c5410 code [0x000001fee84c55c0, 0x000001fee84c5858]
Event: 2.294 Thread 0x000001fefec7e610 5216       4       java.util.Collections$UnmodifiableMap$UnmodifiableEntrySet$1::next (5 bytes)
Event: 2.294 Thread 0x000001fe8904b100 5217       4       java.util.Collections$UnmodifiableMap$UnmodifiableEntrySet$UnmodifiableEntry::getKey (10 bytes)
Event: 2.294 Thread 0x000001fe890d67f0 5218       4       java.util.Collections$UnmodifiableMap$UnmodifiableEntrySet$UnmodifiableEntry::getValue (10 bytes)
Event: 2.295 Thread 0x000001fe8904b100 nmethod 5217 0x000001feef810490 code [0x000001feef810620, 0x000001feef810708]
Event: 2.295 Thread 0x000001fe890d67f0 nmethod 5218 0x000001feef810810 code [0x000001feef8109a0, 0x000001feef810a88]
Event: 2.295 Thread 0x000001fefec81340 5219       3       java.lang.ProcessEnvironment$CheckedEntry::getKey (5 bytes)
Event: 2.295 Thread 0x000001fe880af1b0 5220       3       java.lang.ProcessEnvironment$CheckedEntry::getKey (13 bytes)
Event: 2.295 Thread 0x000001fefec81340 nmethod 5219 0x000001fee84c5990 code [0x000001fee84c5b40, 0x000001fee84c5e88]
Event: 2.295 Thread 0x000001fe880af1b0 nmethod 5220 0x000001fee84c5f90 code [0x000001fee84c6140, 0x000001fee84c6408]
Event: 2.299 Thread 0x000001fefec7e610 nmethod 5216 0x000001feef810b90 code [0x000001feef810d40, 0x000001feef8113c8]
Event: 2.337 Thread 0x000001fe88159120 nmethod 5191 0x000001feef811a10 code [0x000001feef811fe0, 0x000001feef816e68]

GC Heap History (6 events):
Event: 0.403 GC heap before
{Heap before GC invocations=0 (full 0):
 garbage-first heap   total 258048K, used 22528K [0x0000000705e00000, 0x0000000800000000)
  region size 2048K, 11 young (22528K), 0 survivors (0K)
 Metaspace       used 5289K, committed 5440K, reserved 1114112K
  class space    used 576K, committed 640K, reserved 1048576K
}
Event: 0.406 GC heap after
{Heap after GC invocations=1 (full 0):
 garbage-first heap   total 258048K, used 3836K [0x0000000705e00000, 0x0000000800000000)
  region size 2048K, 2 young (4096K), 2 survivors (4096K)
 Metaspace       used 5289K, committed 5440K, reserved 1114112K
  class space    used 576K, committed 640K, reserved 1048576K
}
Event: 0.909 GC heap before
{Heap before GC invocations=1 (full 0):
 garbage-first heap   total 258048K, used 38652K [0x0000000705e00000, 0x0000000800000000)
  region size 2048K, 19 young (38912K), 2 survivors (4096K)
 Metaspace       used 10586K, committed 10816K, reserved 1114112K
  class space    used 1232K, committed 1344K, reserved 1048576K
}
Event: 0.912 GC heap after
{Heap after GC invocations=2 (full 0):
 garbage-first heap   total 258048K, used 5846K [0x0000000705e00000, 0x0000000800000000)
  region size 2048K, 2 young (4096K), 2 survivors (4096K)
 Metaspace       used 10586K, committed 10816K, reserved 1114112K
  class space    used 1232K, committed 1344K, reserved 1048576K
}
Event: 2.212 GC heap before
{Heap before GC invocations=2 (full 0):
 garbage-first heap   total 258048K, used 188118K [0x0000000705e00000, 0x0000000800000000)
  region size 2048K, 75 young (153600K), 2 survivors (4096K)
 Metaspace       used 17932K, committed 18304K, reserved 1114112K
  class space    used 1815K, committed 1984K, reserved 1048576K
}
Event: 2.218 GC heap after
{Heap after GC invocations=3 (full 0):
 garbage-first heap   total 258048K, used 17058K [0x0000000705e00000, 0x0000000800000000)
  region size 2048K, 7 young (14336K), 7 survivors (14336K)
 Metaspace       used 17932K, committed 18304K, reserved 1114112K
  class space    used 1815K, committed 1984K, reserved 1048576K
}

Dll operation events (12 events):
Event: 0.005 Loaded shared library C:\Program Files\Java\jdk-19\bin\java.dll
Event: 0.010 Loaded shared library C:\Program Files\Java\jdk-19\bin\jsvml.dll
Event: 0.038 Loaded shared library C:\Program Files\Java\jdk-19\bin\zip.dll
Event: 0.040 Loaded shared library C:\Program Files\Java\jdk-19\bin\instrument.dll
Event: 0.042 Loaded shared library C:\Program Files\Java\jdk-19\bin\net.dll
Event: 0.043 Loaded shared library C:\Program Files\Java\jdk-19\bin\nio.dll
Event: 0.045 Loaded shared library C:\Program Files\Java\jdk-19\bin\zip.dll
Event: 0.052 Loaded shared library C:\Program Files\JetBrains\IntelliJ IDEA 2022.1.2\bin\breakgen64.dll
Event: 0.057 Loaded shared library C:\Program Files\Java\jdk-19\bin\extnet.dll
Event: 0.116 Loaded shared library C:\Program Files\Java\jdk-19\bin\jimage.dll
Event: 0.166 Loaded shared library C:\Users\99293\AppData\Local\Temp\jansi-2.4.0-5d5827dae07fdda4-jansi.dll
Event: 0.172 Loaded shared library C:\Program Files\Java\jdk-19\bin\verify.dll

Deoptimization events (20 events):
Event: 2.294 Thread 0x000001fedfa50160 Uncommon trap: trap_request=0xffffffde fr.pc=0x000001feef6a4b10 relative=0x0000000000000070
Event: 2.294 Thread 0x000001fedfa50160 Uncommon trap: reason=class_check action=maybe_recompile pc=0x000001feef6a4b10 method=java.util.Collections$UnmodifiableMap$UnmodifiableEntrySet$UnmodifiableEntry.getValue()Ljava/lang/Object; @ 4 c2
Event: 2.294 Thread 0x000001fedfa50160 DEOPT PACKING pc=0x000001feef6a4b10 sp=0x0000009b888fdab0
Event: 2.294 Thread 0x000001fedfa50160 DEOPT UNPACKING pc=0x000001feeee66da3 sp=0x0000009b888fda40 mode 2
Event: 2.294 Thread 0x000001fedfa50160 Uncommon trap: trap_request=0xffffffde fr.pc=0x000001feef6a3e98 relative=0x0000000000000078
Event: 2.294 Thread 0x000001fedfa50160 Uncommon trap: reason=class_check action=maybe_recompile pc=0x000001feef6a3e98 method=java.util.Collections$UnmodifiableMap$UnmodifiableEntrySet$1.hasNext()Z @ 4 c2
Event: 2.294 Thread 0x000001fedfa50160 DEOPT PACKING pc=0x000001feef6a3e98 sp=0x0000009b888fdac0
Event: 2.294 Thread 0x000001fedfa50160 DEOPT UNPACKING pc=0x000001feeee66da3 sp=0x0000009b888fda50 mode 2
Event: 2.294 Thread 0x000001fedfa50160 Uncommon trap: trap_request=0xffffffde fr.pc=0x000001feef6a6790 relative=0x00000000000004d0
Event: 2.294 Thread 0x000001fedfa50160 Uncommon trap: reason=class_check action=maybe_recompile pc=0x000001feef6a6790 method=java.util.Collections$UnmodifiableMap$UnmodifiableEntrySet$1.next()Ljava/util/Map$Entry; @ 8 c2
Event: 2.294 Thread 0x000001fedfa50160 DEOPT PACKING pc=0x000001feef6a6790 sp=0x0000009b888fda70
Event: 2.294 Thread 0x000001fedfa50160 DEOPT UNPACKING pc=0x000001feeee66da3 sp=0x0000009b888fd9e0 mode 2
Event: 2.294 Thread 0x000001fedfa50160 Uncommon trap: trap_request=0xffffffde fr.pc=0x000001feef6a4810 relative=0x0000000000000070
Event: 2.294 Thread 0x000001fedfa50160 Uncommon trap: reason=class_check action=maybe_recompile pc=0x000001feef6a4810 method=java.util.Collections$UnmodifiableMap$UnmodifiableEntrySet$UnmodifiableEntry.getKey()Ljava/lang/Object; @ 4 c2
Event: 2.294 Thread 0x000001fedfa50160 DEOPT PACKING pc=0x000001feef6a4810 sp=0x0000009b888fdac0
Event: 2.294 Thread 0x000001fedfa50160 DEOPT UNPACKING pc=0x000001feeee66da3 sp=0x0000009b888fda50 mode 2
Event: 2.294 Thread 0x000001fedfa50160 Uncommon trap: trap_request=0xffffffde fr.pc=0x000001feef6a4b10 relative=0x0000000000000070
Event: 2.294 Thread 0x000001fedfa50160 Uncommon trap: reason=class_check action=maybe_recompile pc=0x000001feef6a4b10 method=java.util.Collections$UnmodifiableMap$UnmodifiableEntrySet$UnmodifiableEntry.getValue()Ljava/lang/Object; @ 4 c2
Event: 2.294 Thread 0x000001fedfa50160 DEOPT PACKING pc=0x000001feef6a4b10 sp=0x0000009b888fdab0
Event: 2.294 Thread 0x000001fedfa50160 DEOPT UNPACKING pc=0x000001feeee66da3 sp=0x0000009b888fda40 mode 2

Classes loaded (20 events):
Event: 2.292 Loading class java/util/DualPivotQuicksort
Event: 2.292 Loading class java/util/DualPivotQuicksort done
Event: 2.294 Loading class java/lang/IllegalThreadStateException
Event: 2.294 Loading class java/lang/IllegalThreadStateException done
Event: 2.294 Loading class java/lang/ProcessBuilder
Event: 2.294 Loading class java/lang/ProcessBuilder done
Event: 2.295 Loading class java/lang/ProcessImpl
Event: 2.295 Loading class java/lang/Process
Event: 2.295 Loading class java/lang/Process done
Event: 2.295 Loading class java/lang/ProcessImpl done
Event: 2.303 Loading class java/lang/ProcessImpl$2
Event: 2.303 Loading class java/lang/ProcessImpl$2 done
Event: 2.304 Loading class java/lang/Process$PipeInputStream
Event: 2.304 Loading class java/lang/Process$PipeInputStream done
Event: 2.304 Loading class jdk/internal/event/ProcessStartEvent
Event: 2.304 Loading class jdk/internal/event/Event
Event: 2.304 Loading class jdk/internal/event/Event done
Event: 2.304 Loading class jdk/internal/event/ProcessStartEvent done
Event: 2.305 Loading class java/io/PrintWriter
Event: 2.305 Loading class java/io/PrintWriter done

Classes unloaded (0 events):
No events

Classes redefined (0 events):
No events

Internal exceptions (20 events):
Event: 1.061 Thread 0x000001fedfa50160 Exception <a 'java/lang/NoSuchMethodError'{0x0000000714fb5200}: 'int java.lang.invoke.DirectMethodHandle$Holder.invokeSpecial(java.lang.Object, java.lang.Object, java.lang.Object, int)'> (0x0000000714fb5200) 
thrown [s\open\src\hotspot\share\interpreter\linkResolver.cpp, line 774]
Event: 1.062 Thread 0x000001fedfa50160 Exception <a 'java/lang/NoSuchMethodError'{0x0000000714fc5608}: 'java.lang.Object java.lang.invoke.DirectMethodHandle$Holder.invokeStatic(java.lang.Object, java.lang.Object, java.lang.Object, java.lang.Object, int)'> (0x0000000714fc5608) 
thrown [s\open\src\hotspot\share\interpreter\linkResolver.cpp, line 774]
Event: 1.062 Thread 0x000001fedfa50160 Exception <a 'java/lang/NoSuchMethodError'{0x0000000714fd0ec8}: 'void java.lang.invoke.DelegatingMethodHandle$Holder.reinvoke_L(java.lang.Object, java.lang.Object, int)'> (0x0000000714fd0ec8) 
thrown [s\open\src\hotspot\share\interpreter\linkResolver.cpp, line 774]
Event: 1.375 Thread 0x000001fefec73f80 Exception <a 'java/lang/NoSuchMethodError'{0x0000000712bf96f8}: 'java.lang.Object java.lang.invoke.Invokers$Holder.invokeExact_MT(java.lang.Object, java.lang.Object, java.lang.Object, java.lang.Object, java.lang.Object, java.lang.Object)'> (0x0000000712bf96f8) 
thrown [s\open\src\hotspot\share\interpreter\linkResolver.cpp, line 774]
Event: 1.606 Thread 0x000001fedfa50160 Implicit null exception at 0x000001feef5eeded to 0x000001feef5eefb8
Event: 1.606 Thread 0x000001fedfa50160 Implicit null exception at 0x000001feef60afed to 0x000001feef60b1b8
Event: 1.838 Thread 0x000001fedfa50160 Implicit null exception at 0x000001feef7187c2 to 0x000001feef719274
Event: 1.851 Thread 0x000001fedfa50160 Exception <a 'java/lang/NoSuchMethodError'{0x000000070efdd2e8}: 'void java.lang.invoke.Invokers$Holder.invokeExact_MT(java.lang.Object, java.lang.Object, int, java.lang.Object)'> (0x000000070efdd2e8) 
thrown [s\open\src\hotspot\share\interpreter\linkResolver.cpp, line 774]
Event: 2.135 Thread 0x000001fedfa50160 Exception <a 'java/lang/NoSuchMethodError'{0x000000070cbd22c8}: 'int java.lang.invoke.DirectMethodHandle$Holder.invokeVirtual(java.lang.Object, java.lang.Object)'> (0x000000070cbd22c8) 
thrown [s\open\src\hotspot\share\interpreter\linkResolver.cpp, line 774]
Event: 2.137 Thread 0x000001fe8af63710 Exception <a 'java/lang/NoSuchMethodError'{0x000000070cadeb60}: 'java.lang.Object java.lang.invoke.DirectMethodHandle$Holder.invokeStaticInit(java.lang.Object)'> (0x000000070cadeb60) 
thrown [s\open\src\hotspot\share\interpreter\linkResolver.cpp, line 774]
Event: 2.138 Thread 0x000001fe8af63710 Exception <a 'java/lang/NoSuchMethodError'{0x000000070cae51d8}: 'java.lang.Object java.lang.invoke.DirectMethodHandle$Holder.invokeStatic(java.lang.Object, long, java.lang.Object)'> (0x000000070cae51d8) 
thrown [s\open\src\hotspot\share\interpreter\linkResolver.cpp, line 774]
Event: 2.138 Thread 0x000001fe8af63710 Exception <a 'java/lang/NoSuchMethodError'{0x000000070cae8958}: 'java.lang.Object java.lang.invoke.DirectMethodHandle$Holder.invokeStaticInit(java.lang.Object, long, java.lang.Object)'> (0x000000070cae8958) 
thrown [s\open\src\hotspot\share\interpreter\linkResolver.cpp, line 774]
Event: 2.138 Thread 0x000001fe8af63710 Exception <a 'java/lang/NoSuchMethodError'{0x000000070caee710}: 'java.lang.Object java.lang.invoke.DirectMethodHandle$Holder.newInvokeSpecial(java.lang.Object, long)'> (0x000000070caee710) 
thrown [s\open\src\hotspot\share\interpreter\linkResolver.cpp, line 774]
Event: 2.139 Thread 0x000001fe8af63710 Exception <a 'java/lang/NoSuchMethodError'{0x000000070caf3700}: 'long java.lang.invoke.DirectMethodHandle$Holder.invokeInterface(java.lang.Object, java.lang.Object)'> (0x000000070caf3700) 
thrown [s\open\src\hotspot\share\interpreter\linkResolver.cpp, line 774]
Event: 2.140 Thread 0x000001fe8af63710 Exception <a 'java/lang/NoSuchMethodError'{0x000000070caf7c98}: 'long java.lang.invoke.DelegatingMethodHandle$Holder.reinvoke_L(java.lang.Object, java.lang.Object)'> (0x000000070caf7c98) 
thrown [s\open\src\hotspot\share\interpreter\linkResolver.cpp, line 774]
Event: 2.146 Thread 0x000001fedfa50160 Exception <a 'java/lang/NoSuchMethodError'{0x000000070c8dc6a8}: 'java.lang.String org.apache.maven.execution.MavenExecutionRequest.getFailureBehavior()'> (0x000000070c8dc6a8) 
thrown [s\open\src\hotspot\share\interpreter\linkResolver.cpp, line 870]
Event: 2.195 Thread 0x000001fedfa50160 Exception <a 'java/lang/NoSuchMethodError'{0x000000070c7069f0}: 'java.lang.Object java.lang.invoke.DirectMethodHandle$Holder.invokeStaticInit(java.lang.Object, java.lang.Object, int, int, int, int)'> (0x000000070c7069f0) 
thrown [s\open\src\hotspot\share\interpreter\linkResolver.cpp, line 774]
Event: 2.197 Thread 0x000001fedfa50160 Exception <a 'java/lang/NoSuchMethodError'{0x000000070c70fd40}: 'java.lang.Object java.lang.invoke.DirectMethodHandle$Holder.invokeInterface(java.lang.Object, java.lang.Object)'> (0x000000070c70fd40) 
thrown [s\open\src\hotspot\share\interpreter\linkResolver.cpp, line 774]
Event: 2.218 Thread 0x000001fedfa50160 Implicit null exception at 0x000001feef77067a to 0x000001feef771908
Event: 2.303 Thread 0x000001fedfa50160 Exception <a 'java/lang/NoSuchMethodError'{0x000000071446b390}: 'void java.lang.invoke.DirectMethodHandle$Holder.invokeStatic(java.lang.Object, long)'> (0x000000071446b390) 
thrown [s\open\src\hotspot\share\interpreter\linkResolver.cpp, line 774]

VM Operations (20 events):
Event: 1.848 Executing VM operation: HandshakeAllThreads
Event: 1.848 Executing VM operation: HandshakeAllThreads done
Event: 1.850 Executing VM operation: HandshakeAllThreads
Event: 1.850 Executing VM operation: HandshakeAllThreads done
Event: 1.945 Executing VM operation: HandshakeAllThreads
Event: 1.945 Executing VM operation: HandshakeAllThreads done
Event: 2.092 Executing VM operation: ICBufferFull
Event: 2.092 Executing VM operation: ICBufferFull done
Event: 2.129 Executing VM operation: HandshakeAllThreads
Event: 2.129 Executing VM operation: HandshakeAllThreads done
Event: 2.187 Executing VM operation: HandshakeAllThreads
Event: 2.187 Executing VM operation: HandshakeAllThreads done
Event: 2.212 Executing VM operation: G1CollectForAllocation
Event: 2.218 Executing VM operation: G1CollectForAllocation done
Event: 2.274 Executing VM operation: HandshakeAllThreads
Event: 2.274 Executing VM operation: HandshakeAllThreads done
Event: 2.292 Executing VM operation: HandshakeAllThreads
Event: 2.292 Executing VM operation: HandshakeAllThreads done
Event: 2.304 Executing VM operation: HandshakeAllThreads
Event: 2.304 Executing VM operation: HandshakeAllThreads done

Events (20 events):
Event: 0.379 Thread 0x000001fe888136f0 Thread added: 0x000001fe888136f0
Event: 0.391 Thread 0x000001fe8879aa50 Thread added: 0x000001fe8879aa50
Event: 0.391 Thread 0x000001fe8904b100 Thread added: 0x000001fe8904b100
Event: 0.398 Thread 0x000001fe890d67f0 Thread added: 0x000001fe890d67f0
Event: 0.398 Thread 0x000001fe890d6d70 Thread added: 0x000001fe890d6d70
Event: 0.399 Thread 0x000001fe8912b780 Thread added: 0x000001fe8912b780
Event: 0.828 Thread 0x000001fe8912b780 Thread exited: 0x000001fe8912b780
Event: 2.129 Thread 0x000001fe8af63710 Thread added: 0x000001fe8af63710
Event: 2.142 Thread 0x000001fe8af63710 Thread exited: 0x000001fe8af63710
Event: 2.235 Thread 0x000001fe8a4dc840 Thread added: 0x000001fe8a4dc840
Event: 2.235 Thread 0x000001fe8a4d9dc0 Thread added: 0x000001fe8a4d9dc0
Event: 2.235 Thread 0x000001fe8a4dcd90 Thread added: 0x000001fe8a4dcd90
Event: 2.263 Thread 0x000001fe8a4ddd80 Thread added: 0x000001fe8a4ddd80
Event: 2.263 Thread 0x000001fe8a4d9870 Thread added: 0x000001fe8a4d9870
Event: 2.271 Thread 0x000001fe8a4db300 Thread added: 0x000001fe8a4db300
Event: 2.273 Thread 0x000001fe8a4dc2f0 Thread added: 0x000001fe8a4dc2f0
Event: 2.292 Thread 0x000001fe8a4db850 Thread added: 0x000001fe8a4db850
Event: 2.305 Thread 0x000001fe8a4ded70 Thread added: 0x000001fe8a4ded70
Event: 2.305 Thread 0x000001fe8a4dadb0 Thread added: 0x000001fe8a4dadb0
Event: 2.305 Thread 0x000001fe8a4df2c0 Thread added: 0x000001fe8a4df2c0


Dynamic libraries:
0x00007ff7d9440000 - 0x00007ff7d9450000 	C:\Program Files\Java\jdk-19\bin\java.exe
0x00007ffc3f730000 - 0x00007ffc3f947000 	C:\WINDOWS\SYSTEM32\ntdll.dll
0x00007ffc3e680000 - 0x00007ffc3e744000 	C:\WINDOWS\System32\KERNEL32.DLL
0x00007ffc3ce50000 - 0x00007ffc3d1fd000 	C:\WINDOWS\System32\KERNELBASE.dll
0x00007ffc3cab0000 - 0x00007ffc3cbc1000 	C:\WINDOWS\System32\ucrtbase.dll
0x00007ffc35b80000 - 0x00007ffc35b98000 	C:\Program Files\Java\jdk-19\bin\jli.dll
0x00007ffc35b60000 - 0x00007ffc35b7b000 	C:\Program Files\Java\jdk-19\bin\VCRUNTIME140.dll
0x00007ffc3e750000 - 0x00007ffc3e802000 	C:\WINDOWS\System32\ADVAPI32.dll
0x00007ffc3f3e0000 - 0x00007ffc3f487000 	C:\WINDOWS\System32\msvcrt.dll
0x00007ffc3e0e0000 - 0x00007ffc3e189000 	C:\WINDOWS\System32\sechost.dll
0x00007ffc3d3a0000 - 0x00007ffc3d3c8000 	C:\WINDOWS\System32\bcrypt.dll
0x00007ffc3e810000 - 0x00007ffc3e924000 	C:\WINDOWS\System32\RPCRT4.dll
0x00007ffc3edb0000 - 0x00007ffc3ef5e000 	C:\WINDOWS\System32\USER32.dll
0x00007ffc3d370000 - 0x00007ffc3d396000 	C:\WINDOWS\System32\win32u.dll
0x00007ffc3de70000 - 0x00007ffc3de99000 	C:\WINDOWS\System32\GDI32.dll
0x00007ffc2a4f0000 - 0x00007ffc2a783000 	C:\WINDOWS\WinSxS\amd64_microsoft.windows.common-controls_6595b64144ccf1df_6.0.22621.3672_none_2713b9d173822955\COMCTL32.dll
0x00007ffc3cc70000 - 0x00007ffc3cd89000 	C:\WINDOWS\System32\gdi32full.dll
0x00007ffc3cbd0000 - 0x00007ffc3cc6a000 	C:\WINDOWS\System32\msvcp_win.dll
0x00007ffc342f0000 - 0x00007ffc342fa000 	C:\WINDOWS\SYSTEM32\VERSION.dll
0x00007ffc3dca0000 - 0x00007ffc3dcd1000 	C:\WINDOWS\System32\IMM32.DLL
0x00007ffc35f20000 - 0x00007ffc35f2c000 	C:\Program Files\Java\jdk-19\bin\vcruntime140_1.dll
0x00007ffc173e0000 - 0x00007ffc1746e000 	C:\Program Files\Java\jdk-19\bin\msvcp140.dll
0x00007ffbc8950000 - 0x00007ffbc9610000 	C:\Program Files\Java\jdk-19\bin\server\jvm.dll
0x00007ffc35ba0000 - 0x00007ffc35bd4000 	C:\WINDOWS\SYSTEM32\WINMM.dll
0x00007ffc35ef0000 - 0x00007ffc35ef9000 	C:\WINDOWS\SYSTEM32\WSOCK32.dll
0x00007ffc3e350000 - 0x00007ffc3e3c1000 	C:\WINDOWS\System32\WS2_32.dll
0x00007ffc3bb50000 - 0x00007ffc3bb68000 	C:\WINDOWS\SYSTEM32\kernel.appcore.dll
0x00007ffc35e80000 - 0x00007ffc35e8a000 	C:\Program Files\Java\jdk-19\bin\jimage.dll
0x00007ffc39fc0000 - 0x00007ffc3a1f2000 	C:\WINDOWS\SYSTEM32\DBGHELP.DLL
0x00007ffc3e930000 - 0x00007ffc3ecb8000 	C:\WINDOWS\System32\combase.dll
0x00007ffc3ecc0000 - 0x00007ffc3ed97000 	C:\WINDOWS\System32\OLEAUT32.dll
0x00007ffc340c0000 - 0x00007ffc340f2000 	C:\WINDOWS\SYSTEM32\dbgcore.DLL
0x00007ffc3ca30000 - 0x00007ffc3caab000 	C:\WINDOWS\System32\bcryptPrimitives.dll
0x00007ffc36850000 - 0x00007ffc3685e000 	C:\Program Files\Java\jdk-19\bin\instrument.dll
0x00007ffc349b0000 - 0x00007ffc349d6000 	C:\Program Files\Java\jdk-19\bin\java.dll
0x00007ffbfce50000 - 0x00007ffbfcf27000 	C:\Program Files\Java\jdk-19\bin\jsvml.dll
0x00007ffc3d440000 - 0x00007ffc3dc9f000 	C:\WINDOWS\System32\SHELL32.dll
0x00007ffc3a940000 - 0x00007ffc3b23c000 	C:\WINDOWS\SYSTEM32\windows.storage.dll
0x00007ffc3a800000 - 0x00007ffc3a93f000 	C:\WINDOWS\SYSTEM32\wintypes.dll
0x00007ffc3dd60000 - 0x00007ffc3de54000 	C:\WINDOWS\System32\SHCORE.dll
0x00007ffc3e190000 - 0x00007ffc3e1ee000 	C:\WINDOWS\System32\shlwapi.dll
0x00007ffc3c960000 - 0x00007ffc3c981000 	C:\WINDOWS\SYSTEM32\profapi.dll
0x00007ffc2b8c0000 - 0x00007ffc2b8d8000 	C:\Program Files\Java\jdk-19\bin\zip.dll
0x00007ffc346d0000 - 0x00007ffc346e3000 	C:\Program Files\Java\jdk-19\bin\net.dll
0x00007ffc38340000 - 0x00007ffc38476000 	C:\WINDOWS\SYSTEM32\WINHTTP.dll
0x00007ffc3bfc0000 - 0x00007ffc3c029000 	C:\WINDOWS\system32\mswsock.dll
0x00007ffc34450000 - 0x00007ffc34466000 	C:\Program Files\Java\jdk-19\bin\nio.dll
0x00007ffc2b700000 - 0x00007ffc2b71a000 	C:\Program Files\JetBrains\IntelliJ IDEA 2022.1.2\bin\breakgen64.dll
0x00007ffc2ec10000 - 0x00007ffc2ec18000 	C:\Program Files\Java\jdk-19\bin\extnet.dll
0x0000000069ac0000 - 0x0000000069ae4000 	C:\Users\99293\AppData\Local\Temp\jansi-2.4.0-5d5827dae07fdda4-jansi.dll
0x00007ffc34b30000 - 0x00007ffc34b40000 	C:\Program Files\Java\jdk-19\bin\verify.dll
0x00007ffc3c230000 - 0x00007ffc3c24b000 	C:\WINDOWS\SYSTEM32\CRYPTSP.dll
0x00007ffc3bab0000 - 0x00007ffc3bae5000 	C:\WINDOWS\system32\rsaenh.dll
0x00007ffc3c0c0000 - 0x00007ffc3c0e8000 	C:\WINDOWS\SYSTEM32\USERENV.dll
0x00007ffc3c220000 - 0x00007ffc3c22c000 	C:\WINDOWS\SYSTEM32\CRYPTBASE.dll
0x00007ffc3b560000 - 0x00007ffc3b58d000 	C:\WINDOWS\SYSTEM32\IPHLPAPI.DLL
0x00007ffc3eda0000 - 0x00007ffc3eda9000 	C:\WINDOWS\System32\NSI.dll
0x00007ffc37180000 - 0x00007ffc37199000 	C:\WINDOWS\SYSTEM32\dhcpcsvc6.DLL
0x00007ffc37160000 - 0x00007ffc3717f000 	C:\WINDOWS\SYSTEM32\dhcpcsvc.DLL
0x00007ffc3b590000 - 0x00007ffc3b688000 	C:\WINDOWS\SYSTEM32\DNSAPI.dll

dbghelp: loaded successfully - version: 4.0.5 - missing functions: none
symbol engine: initialized successfully - sym options: 0x614 - pdb path: .;C:\Program Files\Java\jdk-19\bin;C:\WINDOWS\SYSTEM32;C:\WINDOWS\WinSxS\amd64_microsoft.windows.common-controls_6595b64144ccf1df_6.0.22621.3672_none_2713b9d173822955;C:\Program Files\Java\jdk-19\bin\server;C:\Program Files\JetBrains\IntelliJ IDEA 2022.1.2\bin;C:\Users\99293\AppData\Local\Temp

VM Arguments:
jvm_args: -Dmaven.multiModuleProjectDirectory=D:\unitedStates_storage-master\unitedStates_storage -Dmaven.home=C:\Users\99293\.m2\wrapper\dists\apache-maven-3.8.6-bin\1ks0nkde5v1pk9vtc31i9d0lcd\apache-maven-3.8.6 -Dclassworlds.conf=C:\Users\99293\.m2\wrapper\dists\apache-maven-3.8.6-bin\1ks0nkde5v1pk9vtc31i9d0lcd\apache-maven-3.8.6\bin\m2.conf -Dmaven.ext.class.path=C:\Program Files\JetBrains\IntelliJ IDEA 2022.1.2\plugins\maven\lib\maven-event-listener.jar -javaagent:C:\Program Files\JetBrains\IntelliJ IDEA 2022.1.2\lib\idea_rt.jar=60302:C:\Program Files\JetBrains\IntelliJ IDEA 2022.1.2\bin -Dfile.encoding=UTF-8 
java_command: org.codehaus.classworlds.Launcher -Didea.version=2022.1.2 package
java_class_path (initial): C:\Users\99293\.m2\wrapper\dists\apache-maven-3.8.6-bin\1ks0nkde5v1pk9vtc31i9d0lcd\apache-maven-3.8.6\boot\plexus-classworlds-2.6.0.jar;C:\Users\99293\.m2\wrapper\dists\apache-maven-3.8.6-bin\1ks0nkde5v1pk9vtc31i9d0lcd\apache-maven-3.8.6\boot\plexus-classworlds.license
Launcher Type: SUN_STANDARD

[Global flags]
     intx CICompilerCount                          = 12                                        {product} {ergonomic}
     uint ConcGCThreads                            = 3                                         {product} {ergonomic}
     uint G1ConcRefinementThreads                  = 13                                        {product} {ergonomic}
   size_t G1HeapRegionSize                         = 2097152                                   {product} {ergonomic}
    uintx GCDrainStackTargetSize                   = 64                                        {product} {ergonomic}
   size_t InitialHeapSize                          = 264241152                                 {product} {ergonomic}
   size_t MarkStackSize                            = 4194304                                   {product} {ergonomic}
   size_t MaxHeapSize                              = 4196401152                                {product} {ergonomic}
   size_t MaxNewSize                               = 2516582400                                {product} {ergonomic}
   size_t MinHeapDeltaBytes                        = 2097152                                   {product} {ergonomic}
   size_t MinHeapSize                              = 8388608                                   {product} {ergonomic}
    uintx NonNMethodCodeHeapSize                   = 7602480                                {pd product} {ergonomic}
    uintx NonProfiledCodeHeapSize                  = 122027880                              {pd product} {ergonomic}
    uintx ProfiledCodeHeapSize                     = 122027880                              {pd product} {ergonomic}
    uintx ReservedCodeCacheSize                    = 251658240                              {pd product} {ergonomic}
     bool SegmentedCodeCache                       = true                                      {product} {ergonomic}
   size_t SoftMaxHeapSize                          = 4196401152                             {manageable} {ergonomic}
     bool UseCompressedClassPointers               = true                           {product lp64_product} {ergonomic}
     bool UseCompressedOops                        = true                           {product lp64_product} {ergonomic}
     bool UseG1GC                                  = true                                      {product} {ergonomic}
     bool UseLargePagesIndividualAllocation        = false                                  {pd product} {ergonomic}

Logging:
Log output configuration:
 #0: stdout all=warning uptime,level,tags foldmultilines=false
 #1: stderr all=off uptime,level,tags foldmultilines=false

Environment Variables:
JAVA_HOME=C:\Program Files\Java\jdk-19
PATH=C:\Program Files\Common Files\Oracle\Java\javapath;C:\Windows\system32;C:\Windows;C:\Windows\System32\Wbem;C:\Windows\System32\WindowsPowerShell\v1.0\;C:\Windows\System32\OpenSSH\;C:\Program Files (x86)\NVIDIA Corporation\PhysX\Common;C:\Program Files\NVIDIA Corporation\NVIDIA NvDLISR;C:\Program Files\Git\cmd;C:\Program Files (x86)\dotnet\;C:\WINDOWS\system32;C:\WINDOWS;C:\WINDOWS\System32\Wbem;C:\WINDOWS\System32\WindowsPowerShell\v1.0\;C:\WINDOWS\System32\OpenSSH\;C:\Program Files\Java\jdk-19\bin;C:\Users\99293\AppData\Local\Programs\Python\Python311\Scripts\;C:\Users\99293\AppData\Local\Programs\Python\Python311\;C:\Users\99293\AppData\Local\Microsoft\WindowsApps;;C:\Program Files\JetBrains\IntelliJ IDEA 2022.1.2\bin;;C:\Program Files\heroku\bin
USERNAME=ASUS
OS=Windows_NT
PROCESSOR_IDENTIFIER=Intel64 Family 6 Model 154 Stepping 3, GenuineIntel
TMP=C:\Users\99293\AppData\Local\Temp
TEMP=C:\Users\99293\AppData\Local\Temp



---------------  S Y S T E M  ---------------

OS:
 Windows 11 , 64 bit Build 22621 (10.0.22621.3672)
OS uptime: 0 days 11:15 hours
Hyper-V role detected

CPU: total 16 (initial active 16) (8 cores per cpu, 2 threads per core) family 6 model 154 stepping 3 microcode 0x41c, cx8, cmov, fxsr, ht, mmx, 3dnowpref, sse, sse2, sse3, ssse3, sse4.1, sse4.2, popcnt, lzcnt, tsc, tscinvbit, avx, avx2, aes, erms, clmul, bmi1, bmi2, adx, sha, fma, vzeroupper, clflush, clflushopt, clwb, hv, serialize, rdtscp, rdpid, fsrm

Memory: 4k page, system-wide physical 16005M (3385M free)
TotalPageFile size 18053M (AvailPageFile size 3M)
current process WorkingSet (physical memory assigned to process): 310M, peak: 315M
current process commit charge ("private bytes"): 426M, peak: 432M

vm_info: Java HotSpot(TM) 64-Bit Server VM (19.0.2+7-44) for windows-amd64 JRE (19.0.2+7-44), built on 2022-11-30T18:02:09Z by "mach5one" with MS VC++ 17.1 (VS2022)

END.
