#
# There is insufficient memory for the Java Runtime Environment to continue.
# Native memory allocation (malloc) failed to allocate 32744 bytes for Chunk::new
# Possible reasons:
#   The system is out of physical RAM or swap space
#   The process is running with CompressedOops enabled, and the Java Heap may be blocking the growth of the native heap
# Possible solutions:
#   Reduce memory load on the system
#   Increase physical memory or swap space
#   Check if swap backing store is full
#   Decrease Java heap size (-Xmx/-Xms)
#   Decrease number of Java threads
#   Decrease Java thread stack sizes (-Xss)
#   Set larger code cache with -XX:ReservedCodeCacheSize=
#   JVM is running with Zero Based Compressed Oops mode in which the Java heap is
#     placed in the first 32GB address space. The Java Heap base address is the
#     maximum limit for the native heap growth. Please use -XX:HeapBaseMinAddress
#     to set the Java Heap base and to place the Java Heap above 32GB virtual address.
# This output file may be truncated or incomplete.
#
#  Out of Memory Error (arena.cpp:184), pid=3912, tid=18040
#
# JRE version: Java(TM) SE Runtime Environment (19.0.2+7) (build 19.0.2+7-44)
# Java VM: Java HotSpot(TM) 64-Bit Server VM (19.0.2+7-44, mixed mode, sharing, tiered, compressed oops, compressed class ptrs, g1 gc, windows-amd64)
# No core dump will be written. Minidumps are not enabled by default on client versions of Windows
#

---------------  S U M M A R Y ------------

Command Line: C:\Users\99293\AppData\Local\Temp\surefire3394022931951574426\surefirebooter5658780374613993662.jar C:\Users\99293\AppData\Local\Temp\surefire3394022931951574426 2024-07-31T00-56-46_210-jvmRun1 surefire10509348965542350689tmp surefire_03888289558547834917tmp

Host: 12th Gen Intel(R) Core(TM) i7-12650H, 16 cores, 15G,  Windows 11 , 64 bit Build 22621 (10.0.22621.3672)
Time: Wed Jul 31 00:56:46 2024  Windows 11 , 64 bit Build 22621 (10.0.22621.3672) elapsed time: 0.211405 seconds (0d 0h 0m 0s)

---------------  T H R E A D  ---------------

Current thread (0x000002d02e4f2260):  JavaThread "C1 CompilerThread1" daemon [_thread_in_native, id=18040, stack(0x000000ed04e00000,0x000000ed04f00000)]


Current CompileTask:
C1:    211  847       3       java.lang.invoke.MethodHandles$Lookup::isClassAccessible (53 bytes)

Stack: [0x000000ed04e00000,0x000000ed04f00000]
Native frames: (J=compiled Java code, j=interpreted, Vv=VM code, C=native code)
V  [jvm.dll+0x6ee21a]
V  [jvm.dll+0x85765e]
V  [jvm.dll+0x85904e]
V  [jvm.dll+0x859703]
V  [jvm.dll+0x28298f]
V  [jvm.dll+0xc9adf]
V  [jvm.dll+0xc9e65]
V  [jvm.dll+0x1a5aaa]
V  [jvm.dll+0x1a7bc1]
V  [jvm.dll+0x1616d3]
V  [jvm.dll+0x160fb2]
V  [jvm.dll+0x161208]
V  [jvm.dll+0x160666]
V  [jvm.dll+0x16235d]
V  [jvm.dll+0x25b25a]
V  [jvm.dll+0x2596e8]
V  [jvm.dll+0x807588]
V  [jvm.dll+0x80125a]
V  [jvm.dll+0x6ecf0b]
C  [ucrtbase.dll+0x29333]
C  [KERNEL32.DLL+0x1257d]
C  [ntdll.dll+0x5af28]


---------------  P R O C E S S  ---------------

Threads class SMR info:
_java_thread_list=0x000002d02ee08340, length=19, elements={
0x000002d00442ebd0, 0x000002d029b244c0, 0x000002d029b251b0, 0x000002d029b2a730,
0x000002d029b2e180, 0x000002d02e400080, 0x000002d02e40c800, 0x000002d02e4351d0,
0x000002d02e435750, 0x000002d02e4414f0, 0x000002d02e4f2260, 0x000002d02e5be000,
0x000002d02e5c31d0, 0x000002d02e5e7780, 0x000002d02e775510, 0x000002d02e78da60,
0x000002d02e7de240, 0x000002d02e7ef990, 0x000002d02ee09cd0
}

Java Threads: ( => current thread )
  0x000002d00442ebd0 JavaThread "main" [_thread_in_vm, id=15288, stack(0x000000ed03e00000,0x000000ed03f00000)]
  0x000002d029b244c0 JavaThread "Reference Handler" daemon [_thread_blocked, id=3036, stack(0x000000ed04500000,0x000000ed04600000)]
  0x000002d029b251b0 JavaThread "Finalizer" daemon [_thread_blocked, id=8292, stack(0x000000ed04600000,0x000000ed04700000)]
  0x000002d029b2a730 JavaThread "Signal Dispatcher" daemon [_thread_blocked, id=2124, stack(0x000000ed04700000,0x000000ed04800000)]
  0x000002d029b2e180 JavaThread "Attach Listener" daemon [_thread_blocked, id=23616, stack(0x000000ed04800000,0x000000ed04900000)]
  0x000002d02e400080 JavaThread "Service Thread" daemon [_thread_blocked, id=9732, stack(0x000000ed04900000,0x000000ed04a00000)]
  0x000002d02e40c800 JavaThread "Monitor Deflation Thread" daemon [_thread_blocked, id=9456, stack(0x000000ed04a00000,0x000000ed04b00000)]
  0x000002d02e4351d0 JavaThread "C2 CompilerThread0" daemon [_thread_in_native, id=25568, stack(0x000000ed04b00000,0x000000ed04c00000)]
  0x000002d02e435750 JavaThread "C1 CompilerThread0" daemon [_thread_in_vm, id=21536, stack(0x000000ed04c00000,0x000000ed04d00000)]
  0x000002d02e4414f0 JavaThread "Sweeper thread" daemon [_thread_blocked, id=27532, stack(0x000000ed04d00000,0x000000ed04e00000)]
=>0x000002d02e4f2260 JavaThread "C1 CompilerThread1" daemon [_thread_in_native, id=18040, stack(0x000000ed04e00000,0x000000ed04f00000)]
  0x000002d02e5be000 JavaThread "Notification Thread" daemon [_thread_blocked, id=25988, stack(0x000000ed04f00000,0x000000ed05000000)]
  0x000002d02e5c31d0 JavaThread "Common-Cleaner" daemon [_thread_blocked, id=1768, stack(0x000000ed05100000,0x000000ed05200000)]
  0x000002d02e5e7780 JavaThread "surefire-forkedjvm-command-thread" daemon [_thread_in_native, id=21396, stack(0x000000ed05200000,0x000000ed05300000)]
  0x000002d02e775510 JavaThread "C2 CompilerThread1" daemon [_thread_in_native, id=17680, stack(0x000000ed05300000,0x000000ed05400000)]
  0x000002d02e78da60 JavaThread "C1 CompilerThread2" daemon [_thread_in_native, id=24880, stack(0x000000ed05400000,0x000000ed05500000)]
  0x000002d02e7de240 JavaThread "C1 CompilerThread3" daemon [_thread_blocked, id=6068, stack(0x000000ed05500000,0x000000ed05600000)]
  0x000002d02e7ef990 JavaThread "surefire-forkedjvm-ping-30s" daemon [_thread_blocked, id=16456, stack(0x000000ed05600000,0x000000ed05700000)]
  0x000002d02ee09cd0 JavaThread "C2 CompilerThread2" daemon [_thread_in_native, id=17516, stack(0x000000ed05700000,0x000000ed05800000)]

Other Threads:
  0x000002d029b0d180 VMThread "VM Thread" [stack: 0x000000ed04400000,0x000000ed04500000] [id=24368]
  0x000002d02e5c2960 WatcherThread "VM Periodic Task Thread" [stack: 0x000000ed05000000,0x000000ed05100000] [id=4408]
  0x000002d0044a0320 WorkerThread "GC Thread#0" [stack: 0x000000ed03f00000,0x000000ed04000000] [id=23716]
  0x000002d0044b1ca0 ConcurrentGCThread "G1 Main Marker" [stack: 0x000000ed04000000,0x000000ed04100000] [id=18428]
  0x000002d0044b26d0 WorkerThread "G1 Conc#0" [stack: 0x000000ed04100000,0x000000ed04200000] [id=9076]
  0x000002d0044ee350 ConcurrentGCThread "G1 Refine#0" [stack: 0x000000ed04200000,0x000000ed04300000] [id=19212]
  0x000002d0299cc010 ConcurrentGCThread "G1 Service" [stack: 0x000000ed04300000,0x000000ed04400000] [id=27544]

Threads with active compile tasks:
C2 CompilerThread0      220  852  s!   4       jdk.internal.loader.URLClassPath::getLoader (194 bytes)
C1 CompilerThread0      220  864       3       java.lang.invoke.MethodHandles$Lookup::checkSymbolicClass (25 bytes)
C1 CompilerThread1      220  847       3       java.lang.invoke.MethodHandles$Lookup::isClassAccessible (53 bytes)
C2 CompilerThread1      220  845 %     4       java.lang.StringLatin1::indexOf @ 30 (121 bytes)
C1 CompilerThread2      220  843       3       java.net.URLStreamHandler::parseURL (1124 bytes)
C2 CompilerThread2      220  833       4       java.lang.AbstractStringBuilder::append (45 bytes)

VM state: not at safepoint (normal execution)

VM Mutex/Monitor currently owned by a thread: None

Heap address: 0x0000000705e00000, size: 4002 MB, Compressed Oops mode: Zero based, Oop shift amount: 3

CDS archive(s) mapped at: [0x0000000800000000-0x0000000800c40000-0x0000000800c40000), size 12845056, SharedBaseAddress: 0x0000000800000000, ArchiveRelocationMode: 0.
Compressed class space mapped at: 0x0000000801000000-0x0000000841000000, reserved size: 1073741824
Narrow klass base: 0x0000000800000000, Narrow klass shift: 0, Narrow klass range: 0x100000000

GC Precious Log:
 CardTable entry size: 512
 Card Set container configuration: InlinePtr #cards 4 size 8 Array Of Cards #cards 16 size 48 Howl #buckets 8 coarsen threshold 3686 Howl Bitmap #cards 512 size 80 coarsen threshold 460 Card regions per heap region 1 cards per card region 4096
 CPUs: 16 total, 16 available
 Memory: 16005M
 Large Page Support: Disabled
 NUMA Support: Disabled
 Compressed Oops: Enabled (Zero based)
 Heap Region Size: 2M
 Heap Min Capacity: 8M
 Heap Initial Capacity: 252M
 Heap Max Capacity: 4002M
 Pre-touch: Disabled
 Parallel Workers: 13
 Concurrent Workers: 3
 Concurrent Refinement Workers: 13
 Periodic GC: Disabled

Heap:
 garbage-first heap   total 258048K, used 16384K [0x0000000705e00000, 0x0000000800000000)
  region size 2048K, 10 young (20480K), 0 survivors (0K)
 Metaspace       used 3038K, committed 3264K, reserved 1114112K
  class space    used 282K, committed 384K, reserved 1048576K

Heap Regions: E=young(eden), S=young(survivor), O=old, HS=humongous(starts), HC=humongous(continues), CS=collection set, F=free, OA=open archive, CA=closed archive, TAMS=top-at-mark-start (previous, next)
|   0|0x0000000705e00000, 0x0000000705e00000, 0x0000000706000000|  0%| F|  |TAMS 0x0000000705e00000, 0x0000000705e00000| Untracked 
|   1|0x0000000706000000, 0x0000000706000000, 0x0000000706200000|  0%| F|  |TAMS 0x0000000706000000, 0x0000000706000000| Untracked 
|   2|0x0000000706200000, 0x0000000706200000, 0x0000000706400000|  0%| F|  |TAMS 0x0000000706200000, 0x0000000706200000| Untracked 
|   3|0x0000000706400000, 0x0000000706400000, 0x0000000706600000|  0%| F|  |TAMS 0x0000000706400000, 0x0000000706400000| Untracked 
|   4|0x0000000706600000, 0x0000000706600000, 0x0000000706800000|  0%| F|  |TAMS 0x0000000706600000, 0x0000000706600000| Untracked 
|   5|0x0000000706800000, 0x0000000706800000, 0x0000000706a00000|  0%| F|  |TAMS 0x0000000706800000, 0x0000000706800000| Untracked 
|   6|0x0000000706a00000, 0x0000000706a00000, 0x0000000706c00000|  0%| F|  |TAMS 0x0000000706a00000, 0x0000000706a00000| Untracked 
|   7|0x0000000706c00000, 0x0000000706c00000, 0x0000000706e00000|  0%| F|  |TAMS 0x0000000706c00000, 0x0000000706c00000| Untracked 
|   8|0x0000000706e00000, 0x0000000706e00000, 0x0000000707000000|  0%| F|  |TAMS 0x0000000706e00000, 0x0000000706e00000| Untracked 
|   9|0x0000000707000000, 0x0000000707000000, 0x0000000707200000|  0%| F|  |TAMS 0x0000000707000000, 0x0000000707000000| Untracked 
|  10|0x0000000707200000, 0x0000000707200000, 0x0000000707400000|  0%| F|  |TAMS 0x0000000707200000, 0x0000000707200000| Untracked 
|  11|0x0000000707400000, 0x0000000707400000, 0x0000000707600000|  0%| F|  |TAMS 0x0000000707400000, 0x0000000707400000| Untracked 
|  12|0x0000000707600000, 0x0000000707600000, 0x0000000707800000|  0%| F|  |TAMS 0x0000000707600000, 0x0000000707600000| Untracked 
|  13|0x0000000707800000, 0x0000000707800000, 0x0000000707a00000|  0%| F|  |TAMS 0x0000000707800000, 0x0000000707800000| Untracked 
|  14|0x0000000707a00000, 0x0000000707a00000, 0x0000000707c00000|  0%| F|  |TAMS 0x0000000707a00000, 0x0000000707a00000| Untracked 
|  15|0x0000000707c00000, 0x0000000707c00000, 0x0000000707e00000|  0%| F|  |TAMS 0x0000000707c00000, 0x0000000707c00000| Untracked 
|  16|0x0000000707e00000, 0x0000000707e00000, 0x0000000708000000|  0%| F|  |TAMS 0x0000000707e00000, 0x0000000707e00000| Untracked 
|  17|0x0000000708000000, 0x0000000708000000, 0x0000000708200000|  0%| F|  |TAMS 0x0000000708000000, 0x0000000708000000| Untracked 
|  18|0x0000000708200000, 0x0000000708200000, 0x0000000708400000|  0%| F|  |TAMS 0x0000000708200000, 0x0000000708200000| Untracked 
|  19|0x0000000708400000, 0x0000000708400000, 0x0000000708600000|  0%| F|  |TAMS 0x0000000708400000, 0x0000000708400000| Untracked 
|  20|0x0000000708600000, 0x0000000708600000, 0x0000000708800000|  0%| F|  |TAMS 0x0000000708600000, 0x0000000708600000| Untracked 
|  21|0x0000000708800000, 0x0000000708800000, 0x0000000708a00000|  0%| F|  |TAMS 0x0000000708800000, 0x0000000708800000| Untracked 
|  22|0x0000000708a00000, 0x0000000708a00000, 0x0000000708c00000|  0%| F|  |TAMS 0x0000000708a00000, 0x0000000708a00000| Untracked 
|  23|0x0000000708c00000, 0x0000000708c00000, 0x0000000708e00000|  0%| F|  |TAMS 0x0000000708c00000, 0x0000000708c00000| Untracked 
|  24|0x0000000708e00000, 0x0000000708e00000, 0x0000000709000000|  0%| F|  |TAMS 0x0000000708e00000, 0x0000000708e00000| Untracked 
|  25|0x0000000709000000, 0x0000000709000000, 0x0000000709200000|  0%| F|  |TAMS 0x0000000709000000, 0x0000000709000000| Untracked 
|  26|0x0000000709200000, 0x0000000709200000, 0x0000000709400000|  0%| F|  |TAMS 0x0000000709200000, 0x0000000709200000| Untracked 
|  27|0x0000000709400000, 0x0000000709400000, 0x0000000709600000|  0%| F|  |TAMS 0x0000000709400000, 0x0000000709400000| Untracked 
|  28|0x0000000709600000, 0x0000000709600000, 0x0000000709800000|  0%| F|  |TAMS 0x0000000709600000, 0x0000000709600000| Untracked 
|  29|0x0000000709800000, 0x0000000709800000, 0x0000000709a00000|  0%| F|  |TAMS 0x0000000709800000, 0x0000000709800000| Untracked 
|  30|0x0000000709a00000, 0x0000000709a00000, 0x0000000709c00000|  0%| F|  |TAMS 0x0000000709a00000, 0x0000000709a00000| Untracked 
|  31|0x0000000709c00000, 0x0000000709c00000, 0x0000000709e00000|  0%| F|  |TAMS 0x0000000709c00000, 0x0000000709c00000| Untracked 
|  32|0x0000000709e00000, 0x0000000709e00000, 0x000000070a000000|  0%| F|  |TAMS 0x0000000709e00000, 0x0000000709e00000| Untracked 
|  33|0x000000070a000000, 0x000000070a000000, 0x000000070a200000|  0%| F|  |TAMS 0x000000070a000000, 0x000000070a000000| Untracked 
|  34|0x000000070a200000, 0x000000070a200000, 0x000000070a400000|  0%| F|  |TAMS 0x000000070a200000, 0x000000070a200000| Untracked 
|  35|0x000000070a400000, 0x000000070a400000, 0x000000070a600000|  0%| F|  |TAMS 0x000000070a400000, 0x000000070a400000| Untracked 
|  36|0x000000070a600000, 0x000000070a600000, 0x000000070a800000|  0%| F|  |TAMS 0x000000070a600000, 0x000000070a600000| Untracked 
|  37|0x000000070a800000, 0x000000070a800000, 0x000000070aa00000|  0%| F|  |TAMS 0x000000070a800000, 0x000000070a800000| Untracked 
|  38|0x000000070aa00000, 0x000000070aa00000, 0x000000070ac00000|  0%| F|  |TAMS 0x000000070aa00000, 0x000000070aa00000| Untracked 
|  39|0x000000070ac00000, 0x000000070ac00000, 0x000000070ae00000|  0%| F|  |TAMS 0x000000070ac00000, 0x000000070ac00000| Untracked 
|  40|0x000000070ae00000, 0x000000070ae00000, 0x000000070b000000|  0%| F|  |TAMS 0x000000070ae00000, 0x000000070ae00000| Untracked 
|  41|0x000000070b000000, 0x000000070b000000, 0x000000070b200000|  0%| F|  |TAMS 0x000000070b000000, 0x000000070b000000| Untracked 
|  42|0x000000070b200000, 0x000000070b200000, 0x000000070b400000|  0%| F|  |TAMS 0x000000070b200000, 0x000000070b200000| Untracked 
|  43|0x000000070b400000, 0x000000070b400000, 0x000000070b600000|  0%| F|  |TAMS 0x000000070b400000, 0x000000070b400000| Untracked 
|  44|0x000000070b600000, 0x000000070b600000, 0x000000070b800000|  0%| F|  |TAMS 0x000000070b600000, 0x000000070b600000| Untracked 
|  45|0x000000070b800000, 0x000000070b800000, 0x000000070ba00000|  0%| F|  |TAMS 0x000000070b800000, 0x000000070b800000| Untracked 
|  46|0x000000070ba00000, 0x000000070ba00000, 0x000000070bc00000|  0%| F|  |TAMS 0x000000070ba00000, 0x000000070ba00000| Untracked 
|  47|0x000000070bc00000, 0x000000070bc00000, 0x000000070be00000|  0%| F|  |TAMS 0x000000070bc00000, 0x000000070bc00000| Untracked 
|  48|0x000000070be00000, 0x000000070be00000, 0x000000070c000000|  0%| F|  |TAMS 0x000000070be00000, 0x000000070be00000| Untracked 
|  49|0x000000070c000000, 0x000000070c000000, 0x000000070c200000|  0%| F|  |TAMS 0x000000070c000000, 0x000000070c000000| Untracked 
|  50|0x000000070c200000, 0x000000070c200000, 0x000000070c400000|  0%| F|  |TAMS 0x000000070c200000, 0x000000070c200000| Untracked 
|  51|0x000000070c400000, 0x000000070c400000, 0x000000070c600000|  0%| F|  |TAMS 0x000000070c400000, 0x000000070c400000| Untracked 
|  52|0x000000070c600000, 0x000000070c600000, 0x000000070c800000|  0%| F|  |TAMS 0x000000070c600000, 0x000000070c600000| Untracked 
|  53|0x000000070c800000, 0x000000070c800000, 0x000000070ca00000|  0%| F|  |TAMS 0x000000070c800000, 0x000000070c800000| Untracked 
|  54|0x000000070ca00000, 0x000000070ca00000, 0x000000070cc00000|  0%| F|  |TAMS 0x000000070ca00000, 0x000000070ca00000| Untracked 
|  55|0x000000070cc00000, 0x000000070cc00000, 0x000000070ce00000|  0%| F|  |TAMS 0x000000070cc00000, 0x000000070cc00000| Untracked 
|  56|0x000000070ce00000, 0x000000070ce00000, 0x000000070d000000|  0%| F|  |TAMS 0x000000070ce00000, 0x000000070ce00000| Untracked 
|  57|0x000000070d000000, 0x000000070d000000, 0x000000070d200000|  0%| F|  |TAMS 0x000000070d000000, 0x000000070d000000| Untracked 
|  58|0x000000070d200000, 0x000000070d200000, 0x000000070d400000|  0%| F|  |TAMS 0x000000070d200000, 0x000000070d200000| Untracked 
|  59|0x000000070d400000, 0x000000070d400000, 0x000000070d600000|  0%| F|  |TAMS 0x000000070d400000, 0x000000070d400000| Untracked 
|  60|0x000000070d600000, 0x000000070d600000, 0x000000070d800000|  0%| F|  |TAMS 0x000000070d600000, 0x000000070d600000| Untracked 
|  61|0x000000070d800000, 0x000000070d800000, 0x000000070da00000|  0%| F|  |TAMS 0x000000070d800000, 0x000000070d800000| Untracked 
|  62|0x000000070da00000, 0x000000070da00000, 0x000000070dc00000|  0%| F|  |TAMS 0x000000070da00000, 0x000000070da00000| Untracked 
|  63|0x000000070dc00000, 0x000000070dc00000, 0x000000070de00000|  0%| F|  |TAMS 0x000000070dc00000, 0x000000070dc00000| Untracked 
|  64|0x000000070de00000, 0x000000070de00000, 0x000000070e000000|  0%| F|  |TAMS 0x000000070de00000, 0x000000070de00000| Untracked 
|  65|0x000000070e000000, 0x000000070e000000, 0x000000070e200000|  0%| F|  |TAMS 0x000000070e000000, 0x000000070e000000| Untracked 
|  66|0x000000070e200000, 0x000000070e200000, 0x000000070e400000|  0%| F|  |TAMS 0x000000070e200000, 0x000000070e200000| Untracked 
|  67|0x000000070e400000, 0x000000070e400000, 0x000000070e600000|  0%| F|  |TAMS 0x000000070e400000, 0x000000070e400000| Untracked 
|  68|0x000000070e600000, 0x000000070e600000, 0x000000070e800000|  0%| F|  |TAMS 0x000000070e600000, 0x000000070e600000| Untracked 
|  69|0x000000070e800000, 0x000000070e800000, 0x000000070ea00000|  0%| F|  |TAMS 0x000000070e800000, 0x000000070e800000| Untracked 
|  70|0x000000070ea00000, 0x000000070ea00000, 0x000000070ec00000|  0%| F|  |TAMS 0x000000070ea00000, 0x000000070ea00000| Untracked 
|  71|0x000000070ec00000, 0x000000070ec00000, 0x000000070ee00000|  0%| F|  |TAMS 0x000000070ec00000, 0x000000070ec00000| Untracked 
|  72|0x000000070ee00000, 0x000000070ee00000, 0x000000070f000000|  0%| F|  |TAMS 0x000000070ee00000, 0x000000070ee00000| Untracked 
|  73|0x000000070f000000, 0x000000070f000000, 0x000000070f200000|  0%| F|  |TAMS 0x000000070f000000, 0x000000070f000000| Untracked 
|  74|0x000000070f200000, 0x000000070f200000, 0x000000070f400000|  0%| F|  |TAMS 0x000000070f200000, 0x000000070f200000| Untracked 
|  75|0x000000070f400000, 0x000000070f400000, 0x000000070f600000|  0%| F|  |TAMS 0x000000070f400000, 0x000000070f400000| Untracked 
|  76|0x000000070f600000, 0x000000070f600000, 0x000000070f800000|  0%| F|  |TAMS 0x000000070f600000, 0x000000070f600000| Untracked 
|  77|0x000000070f800000, 0x000000070f800000, 0x000000070fa00000|  0%| F|  |TAMS 0x000000070f800000, 0x000000070f800000| Untracked 
|  78|0x000000070fa00000, 0x000000070fa00000, 0x000000070fc00000|  0%| F|  |TAMS 0x000000070fa00000, 0x000000070fa00000| Untracked 
|  79|0x000000070fc00000, 0x000000070fc00000, 0x000000070fe00000|  0%| F|  |TAMS 0x000000070fc00000, 0x000000070fc00000| Untracked 
|  80|0x000000070fe00000, 0x000000070fe00000, 0x0000000710000000|  0%| F|  |TAMS 0x000000070fe00000, 0x000000070fe00000| Untracked 
|  81|0x0000000710000000, 0x0000000710000000, 0x0000000710200000|  0%| F|  |TAMS 0x0000000710000000, 0x0000000710000000| Untracked 
|  82|0x0000000710200000, 0x0000000710200000, 0x0000000710400000|  0%| F|  |TAMS 0x0000000710200000, 0x0000000710200000| Untracked 
|  83|0x0000000710400000, 0x0000000710400000, 0x0000000710600000|  0%| F|  |TAMS 0x0000000710400000, 0x0000000710400000| Untracked 
|  84|0x0000000710600000, 0x0000000710600000, 0x0000000710800000|  0%| F|  |TAMS 0x0000000710600000, 0x0000000710600000| Untracked 
|  85|0x0000000710800000, 0x0000000710800000, 0x0000000710a00000|  0%| F|  |TAMS 0x0000000710800000, 0x0000000710800000| Untracked 
|  86|0x0000000710a00000, 0x0000000710a00000, 0x0000000710c00000|  0%| F|  |TAMS 0x0000000710a00000, 0x0000000710a00000| Untracked 
|  87|0x0000000710c00000, 0x0000000710c00000, 0x0000000710e00000|  0%| F|  |TAMS 0x0000000710c00000, 0x0000000710c00000| Untracked 
|  88|0x0000000710e00000, 0x0000000710e00000, 0x0000000711000000|  0%| F|  |TAMS 0x0000000710e00000, 0x0000000710e00000| Untracked 
|  89|0x0000000711000000, 0x0000000711000000, 0x0000000711200000|  0%| F|  |TAMS 0x0000000711000000, 0x0000000711000000| Untracked 
|  90|0x0000000711200000, 0x0000000711200000, 0x0000000711400000|  0%| F|  |TAMS 0x0000000711200000, 0x0000000711200000| Untracked 
|  91|0x0000000711400000, 0x0000000711400000, 0x0000000711600000|  0%| F|  |TAMS 0x0000000711400000, 0x0000000711400000| Untracked 
|  92|0x0000000711600000, 0x0000000711600000, 0x0000000711800000|  0%| F|  |TAMS 0x0000000711600000, 0x0000000711600000| Untracked 
|  93|0x0000000711800000, 0x0000000711800000, 0x0000000711a00000|  0%| F|  |TAMS 0x0000000711800000, 0x0000000711800000| Untracked 
|  94|0x0000000711a00000, 0x0000000711a00000, 0x0000000711c00000|  0%| F|  |TAMS 0x0000000711a00000, 0x0000000711a00000| Untracked 
|  95|0x0000000711c00000, 0x0000000711c00000, 0x0000000711e00000|  0%| F|  |TAMS 0x0000000711c00000, 0x0000000711c00000| Untracked 
|  96|0x0000000711e00000, 0x0000000711e00000, 0x0000000712000000|  0%| F|  |TAMS 0x0000000711e00000, 0x0000000711e00000| Untracked 
|  97|0x0000000712000000, 0x0000000712000000, 0x0000000712200000|  0%| F|  |TAMS 0x0000000712000000, 0x0000000712000000| Untracked 
|  98|0x0000000712200000, 0x0000000712200000, 0x0000000712400000|  0%| F|  |TAMS 0x0000000712200000, 0x0000000712200000| Untracked 
|  99|0x0000000712400000, 0x0000000712400000, 0x0000000712600000|  0%| F|  |TAMS 0x0000000712400000, 0x0000000712400000| Untracked 
| 100|0x0000000712600000, 0x0000000712600000, 0x0000000712800000|  0%| F|  |TAMS 0x0000000712600000, 0x0000000712600000| Untracked 
| 101|0x0000000712800000, 0x0000000712800000, 0x0000000712a00000|  0%| F|  |TAMS 0x0000000712800000, 0x0000000712800000| Untracked 
| 102|0x0000000712a00000, 0x0000000712a00000, 0x0000000712c00000|  0%| F|  |TAMS 0x0000000712a00000, 0x0000000712a00000| Untracked 
| 103|0x0000000712c00000, 0x0000000712c00000, 0x0000000712e00000|  0%| F|  |TAMS 0x0000000712c00000, 0x0000000712c00000| Untracked 
| 104|0x0000000712e00000, 0x0000000712e00000, 0x0000000713000000|  0%| F|  |TAMS 0x0000000712e00000, 0x0000000712e00000| Untracked 
| 105|0x0000000713000000, 0x0000000713000000, 0x0000000713200000|  0%| F|  |TAMS 0x0000000713000000, 0x0000000713000000| Untracked 
| 106|0x0000000713200000, 0x0000000713200000, 0x0000000713400000|  0%| F|  |TAMS 0x0000000713200000, 0x0000000713200000| Untracked 
| 107|0x0000000713400000, 0x0000000713400000, 0x0000000713600000|  0%| F|  |TAMS 0x0000000713400000, 0x0000000713400000| Untracked 
| 108|0x0000000713600000, 0x0000000713600000, 0x0000000713800000|  0%| F|  |TAMS 0x0000000713600000, 0x0000000713600000| Untracked 
| 109|0x0000000713800000, 0x0000000713800000, 0x0000000713a00000|  0%| F|  |TAMS 0x0000000713800000, 0x0000000713800000| Untracked 
| 110|0x0000000713a00000, 0x0000000713a00000, 0x0000000713c00000|  0%| F|  |TAMS 0x0000000713a00000, 0x0000000713a00000| Untracked 
| 111|0x0000000713c00000, 0x0000000713c00000, 0x0000000713e00000|  0%| F|  |TAMS 0x0000000713c00000, 0x0000000713c00000| Untracked 
| 112|0x0000000713e00000, 0x0000000713e00000, 0x0000000714000000|  0%| F|  |TAMS 0x0000000713e00000, 0x0000000713e00000| Untracked 
| 113|0x0000000714000000, 0x0000000714000000, 0x0000000714200000|  0%| F|  |TAMS 0x0000000714000000, 0x0000000714000000| Untracked 
| 114|0x0000000714200000, 0x0000000714200000, 0x0000000714400000|  0%| F|  |TAMS 0x0000000714200000, 0x0000000714200000| Untracked 
| 115|0x0000000714400000, 0x0000000714400000, 0x0000000714600000|  0%| F|  |TAMS 0x0000000714400000, 0x0000000714400000| Untracked 
| 116|0x0000000714600000, 0x0000000714671250, 0x0000000714800000| 22%| E|  |TAMS 0x0000000714600000, 0x0000000714600000| Complete 
| 117|0x0000000714800000, 0x0000000714a00000, 0x0000000714a00000|100%| E|CS|TAMS 0x0000000714800000, 0x0000000714800000| Complete 
| 118|0x0000000714a00000, 0x0000000714c00000, 0x0000000714c00000|100%| E|CS|TAMS 0x0000000714a00000, 0x0000000714a00000| Complete 
| 119|0x0000000714c00000, 0x0000000714e00000, 0x0000000714e00000|100%| E|  |TAMS 0x0000000714c00000, 0x0000000714c00000| Complete 
| 120|0x0000000714e00000, 0x0000000715000000, 0x0000000715000000|100%| E|CS|TAMS 0x0000000714e00000, 0x0000000714e00000| Complete 
| 121|0x0000000715000000, 0x0000000715200000, 0x0000000715200000|100%| E|CS|TAMS 0x0000000715000000, 0x0000000715000000| Complete 
| 122|0x0000000715200000, 0x0000000715400000, 0x0000000715400000|100%| E|CS|TAMS 0x0000000715200000, 0x0000000715200000| Complete 
| 123|0x0000000715400000, 0x0000000715600000, 0x0000000715600000|100%| E|CS|TAMS 0x0000000715400000, 0x0000000715400000| Complete 
| 124|0x0000000715600000, 0x0000000715800000, 0x0000000715800000|100%| E|CS|TAMS 0x0000000715600000, 0x0000000715600000| Complete 
| 125|0x0000000715800000, 0x0000000715a00000, 0x0000000715a00000|100%| E|CS|TAMS 0x0000000715800000, 0x0000000715800000| Complete 

Card table byte_map: [0x000002d01e300000,0x000002d01eae0000] _byte_map_base: 0x000002d01aad1000

Marking Bits (Prev, Next): (CMBitMap*) 0x000002d0044a1960, (CMBitMap*) 0x000002d0044a19a0
 Prev Bits: [0x000002d01f2c0000, 0x000002d023148000)
 Next Bits: [0x000002d023150000, 0x000002d026fd8000)

Polling page: 0x000002d00db40000

Metaspace:

Usage:
  Non-class:      2.69 MB used.
      Class:    282.60 KB used.
       Both:      2.97 MB used.

Virtual space:
  Non-class space:       64.00 MB reserved,       2.81 MB (  4%) committed,  1 nodes.
      Class space:        1.00 GB reserved,     384.00 KB ( <1%) committed,  1 nodes.
             Both:        1.06 GB reserved,       3.19 MB ( <1%) committed. 

Chunk freelists:
   Non-Class:  3.11 MB
       Class:  3.61 MB
        Both:  6.72 MB

MaxMetaspaceSize: unlimited
CompressedClassSpaceSize: 1.00 GB
Initial GC threshold: 21.00 MB
Current GC threshold: 21.00 MB
CDS: on
MetaspaceReclaimPolicy: balanced
 - commit_granule_bytes: 65536.
 - commit_granule_words: 8192.
 - virtual_space_node_default_size: 8388608.
 - enlarge_chunks_in_place: 1.
 - new_chunks_are_fully_committed: 0.
 - uncommit_free_chunks: 1.
 - use_allocation_guard: 0.


Internal statistics:

num_allocs_failed_limit: 0.
num_arena_births: 38.
num_arena_deaths: 0.
num_vsnodes_births: 2.
num_vsnodes_deaths: 0.
num_space_committed: 51.
num_space_uncommitted: 0.
num_chunks_returned_to_freelist: 0.
num_chunks_taken_from_freelist: 98.
num_chunk_merges: 0.
num_chunk_splits: 59.
num_chunks_enlarged: 41.
num_inconsistent_stats: 0.

CodeHeap 'non-profiled nmethods': size=119168Kb used=251Kb max_used=251Kb free=118916Kb
 bounds [0x000002d015700000, 0x000002d015970000, 0x000002d01cb60000]
CodeHeap 'profiled nmethods': size=119104Kb used=1510Kb max_used=1510Kb free=117593Kb
 bounds [0x000002d00db60000, 0x000002d00ddd0000, 0x000002d014fb0000]
CodeHeap 'non-nmethods': size=7488Kb used=2934Kb max_used=2957Kb free=4553Kb
 bounds [0x000002d014fb0000, 0x000002d0152a0000, 0x000002d015700000]
 total_blobs=1316 nmethods=861 adapters=363
 compilation: enabled
              stopped_count=0, restarted_count=0
 full_count=0

Compilation events (20 events):
Event: 0.205 Thread 0x000002d02e4f2260 nmethod 834 0x000002d00dccd690 code [0x000002d00dccd8a0, 0x000002d00dccdd88]
Event: 0.205 Thread 0x000002d02e4f2260  836       3       java.lang.String::endsWith (15 bytes)
Event: 0.205 Thread 0x000002d02e4f2260 nmethod 836 0x000002d00dccdf10 code [0x000002d00dcce0e0, 0x000002d00dcce428]
Event: 0.207 Thread 0x000002d02e4f2260  837       3       java.io.FileSystem::hasBooleanAttributes (17 bytes)
Event: 0.207 Thread 0x000002d02e78da60  838   !   3       java.io.WinNTFileSystem::getBooleanAttributes (27 bytes)
Event: 0.207 Thread 0x000002d02e7de240  840   !   3       java.io.WinNTFileSystem::isInvalid (78 bytes)
Event: 0.207 Thread 0x000002d02e4f2260 nmethod 837 0x000002d00dcce610 code [0x000002d00dcce7c0, 0x000002d00dcce968]
Event: 0.207 Thread 0x000002d02e78da60 nmethod 838 0x000002d00dccea10 code [0x000002d00dccebe0, 0x000002d00dccedf8]
Event: 0.207 Thread 0x000002d02e7de240 nmethod 840 0x000002d00dccef10 code [0x000002d00dccf100, 0x000002d00dccf538]
Event: 0.207 Thread 0x000002d02e78da60  841       3       java.io.File::exists (34 bytes)
Event: 0.207 Thread 0x000002d02e78da60 nmethod 841 0x000002d00dccf710 code [0x000002d00dccf900, 0x000002d00dccfd18]
Event: 0.208 Thread 0x000002d02e7de240  842       3       sun.net.www.protocol.file.Handler::parseURL (18 bytes)
Event: 0.208 Thread 0x000002d02e78da60  843       3       java.net.URLStreamHandler::parseURL (1124 bytes)
Event: 0.208 Thread 0x000002d02e4f2260  844   !   3       java.util.concurrent.ConcurrentHashMap::computeIfAbsent (576 bytes)
Event: 0.208 Thread 0x000002d02e7de240 nmethod 842 0x000002d00dccfe90 code [0x000002d00dcd0040, 0x000002d00dcd01f8]
Event: 0.210 Thread 0x000002d02e4f2260 nmethod 844 0x000002d00dcd0310 code [0x000002d00dcd0740, 0x000002d00dcd2b58]
Event: 0.210 Thread 0x000002d02e4f2260  847       3       java.lang.invoke.MethodHandles$Lookup::isClassAccessible (53 bytes)
Event: 0.210 Thread 0x000002d02e435750  849       3       jdk.internal.org.objectweb.asm.ByteVector::<init> (13 bytes)
Event: 0.210 Thread 0x000002d02e7de240  850       3       java.lang.invoke.MethodType::parameterSlotCount (8 bytes)
Event: 0.211 Thread 0x000002d02e435750 nmethod 849 0x000002d00dcd3b90 code [0x000002d00dcd3d40, 0x000002d00dcd3fb8]

GC Heap History (0 events):
No events

Dll operation events (9 events):
Event: 0.004 Loaded shared library C:\Program Files\Java\jdk-19\bin\java.dll
Event: 0.010 Loaded shared library C:\Program Files\Java\jdk-19\bin\jsvml.dll
Event: 0.028 Loaded shared library C:\Program Files\Java\jdk-19\bin\net.dll
Event: 0.029 Loaded shared library C:\Program Files\Java\jdk-19\bin\nio.dll
Event: 0.030 Loaded shared library C:\Program Files\Java\jdk-19\bin\zip.dll
Event: 0.050 Loaded shared library C:\Program Files\Java\jdk-19\bin\management.dll
Event: 0.052 Loaded shared library C:\Program Files\Java\jdk-19\bin\management_ext.dll
Event: 0.071 Loaded shared library C:\Program Files\Java\jdk-19\bin\jimage.dll
Event: 0.096 Loaded shared library C:\Program Files\Java\jdk-19\bin\verify.dll

Deoptimization events (20 events):
Event: 0.147 Thread 0x000002d00442ebd0 DEOPT PACKING pc=0x000002d00db78c68 sp=0x000000ed03efec00
Event: 0.147 Thread 0x000002d00442ebd0 DEOPT UNPACKING pc=0x000002d015017543 sp=0x000000ed03efe090 mode 0
Event: 0.147 Thread 0x000002d00442ebd0 DEOPT PACKING pc=0x000002d00db78c68 sp=0x000000ed03efec00
Event: 0.147 Thread 0x000002d00442ebd0 DEOPT UNPACKING pc=0x000002d015017543 sp=0x000000ed03efe090 mode 0
Event: 0.147 Thread 0x000002d00442ebd0 DEOPT PACKING pc=0x000002d00db78c68 sp=0x000000ed03efec00
Event: 0.147 Thread 0x000002d00442ebd0 DEOPT UNPACKING pc=0x000002d015017543 sp=0x000000ed03efe090 mode 0
Event: 0.147 Thread 0x000002d00442ebd0 DEOPT PACKING pc=0x000002d00dc3a35e sp=0x000000ed03efeb10
Event: 0.147 Thread 0x000002d00442ebd0 DEOPT UNPACKING pc=0x000002d015017543 sp=0x000000ed03efdfe8 mode 0
Event: 0.155 Thread 0x000002d00442ebd0 DEOPT PACKING pc=0x000002d00dc4a7b4 sp=0x000000ed03efedb0
Event: 0.155 Thread 0x000002d00442ebd0 DEOPT UNPACKING pc=0x000002d015017543 sp=0x000000ed03efe220 mode 0
Event: 0.155 Thread 0x000002d00442ebd0 DEOPT PACKING pc=0x000002d00dc4a7b4 sp=0x000000ed03efedb0
Event: 0.155 Thread 0x000002d00442ebd0 DEOPT UNPACKING pc=0x000002d015017543 sp=0x000000ed03efe220 mode 0
Event: 0.170 Thread 0x000002d00442ebd0 Uncommon trap: trap_request=0xffffff45 fr.pc=0x000002d015712968 relative=0x00000000000000c8
Event: 0.170 Thread 0x000002d00442ebd0 Uncommon trap: reason=unstable_if action=reinterpret pc=0x000002d015712968 method=java.util.concurrent.locks.ReentrantLock$Sync.tryRelease(I)Z @ 26 c2
Event: 0.170 Thread 0x000002d00442ebd0 DEOPT PACKING pc=0x000002d015712968 sp=0x000000ed03efe050
Event: 0.170 Thread 0x000002d00442ebd0 DEOPT UNPACKING pc=0x000002d015016da3 sp=0x000000ed03efdff0 mode 2
Event: 0.176 Thread 0x000002d00442ebd0 Uncommon trap: trap_request=0xffffff45 fr.pc=0x000002d015725b04 relative=0x0000000000000064
Event: 0.176 Thread 0x000002d00442ebd0 Uncommon trap: reason=unstable_if action=reinterpret pc=0x000002d015725b04 method=java.io.WinNTFileSystem.isSlash(C)Z @ 9 c2
Event: 0.176 Thread 0x000002d00442ebd0 DEOPT PACKING pc=0x000002d015725b04 sp=0x000000ed03efe760
Event: 0.176 Thread 0x000002d00442ebd0 DEOPT UNPACKING pc=0x000002d015016da3 sp=0x000000ed03efe6e8 mode 2

Classes loaded (20 events):
Event: 0.198 Loading class java/util/stream/MatchOps$MatchKind
Event: 0.198 Loading class java/util/stream/MatchOps$MatchKind done
Event: 0.198 Loading class java/util/stream/MatchOps
Event: 0.198 Loading class java/util/stream/MatchOps done
Event: 0.198 Loading class java/util/stream/MatchOps$MatchOp
Event: 0.198 Loading class java/util/stream/MatchOps$MatchOp done
Event: 0.199 Loading class java/util/stream/MatchOps$BooleanTerminalSink
Event: 0.199 Loading class java/util/stream/MatchOps$BooleanTerminalSink done
Event: 0.199 Loading class java/util/stream/MatchOps$1MatchSink
Event: 0.199 Loading class java/util/stream/MatchOps$1MatchSink done
Event: 0.200 Loading class java/io/UnsupportedEncodingException
Event: 0.200 Loading class java/io/UnsupportedEncodingException done
Event: 0.200 Loading class java/lang/AssertionError
Event: 0.200 Loading class java/lang/AssertionError done
Event: 0.200 Loading class java/util/Formatter$FixedString
Event: 0.200 Loading class java/util/Formatter$FixedString done
Event: 0.201 Loading class java/net/URLEncoder
Event: 0.201 Loading class java/net/URLEncoder done
Event: 0.201 Loading class java/util/BitSet
Event: 0.201 Loading class java/util/BitSet done

Classes unloaded (0 events):
No events

Classes redefined (0 events):
No events

Internal exceptions (10 events):
Event: 0.046 Thread 0x000002d00442ebd0 Exception <a 'java/lang/NoSuchMethodError'{0x00000007156d0048}: 'java.lang.Object java.lang.invoke.DirectMethodHandle$Holder.invokeStaticInit(java.lang.Object)'> (0x00000007156d0048) 
thrown [s\open\src\hotspot\share\interpreter\linkResolver.cpp, line 774]
Event: 0.057 Thread 0x000002d00442ebd0 Exception <a 'java/lang/NoSuchMethodError'{0x0000000715778b00}: 'int java.lang.invoke.DirectMethodHandle$Holder.invokeSpecial(java.lang.Object, java.lang.Object, java.lang.Object)'> (0x0000000715778b00) 
thrown [s\open\src\hotspot\share\interpreter\linkResolver.cpp, line 774]
Event: 0.104 Thread 0x000002d02e7ef990 Exception <a 'java/lang/NoSuchMethodError'{0x00000007155f82c8}: 'void java.lang.invoke.DirectMethodHandle$Holder.invokeStatic(java.lang.Object, long)'> (0x00000007155f82c8) 
thrown [s\open\src\hotspot\share\interpreter\linkResolver.cpp, line 774]
Event: 0.105 Thread 0x000002d02e7ef990 Exception <a 'java/lang/NoSuchMethodError'{0x00000007155fdaf8}: 'java.lang.Object java.lang.invoke.DirectMethodHandle$Holder.newInvokeSpecial(java.lang.Object, long)'> (0x00000007155fdaf8) 
thrown [s\open\src\hotspot\share\interpreter\linkResolver.cpp, line 774]
Event: 0.106 Thread 0x000002d02e7ef990 Exception <a 'java/lang/NoSuchMethodError'{0x0000000715360a18}: 'java.lang.Object java.lang.invoke.DirectMethodHandle$Holder.invokeStatic(java.lang.Object, long, java.lang.Object)'> (0x0000000715360a18) 
thrown [s\open\src\hotspot\share\interpreter\linkResolver.cpp, line 774]
Event: 0.106 Thread 0x000002d02e7ef990 Exception <a 'java/lang/NoSuchMethodError'{0x0000000715364448}: 'java.lang.Object java.lang.invoke.DirectMethodHandle$Holder.invokeStaticInit(java.lang.Object, long, java.lang.Object)'> (0x0000000715364448) 
thrown [s\open\src\hotspot\share\interpreter\linkResolver.cpp, line 774]
Event: 0.183 Thread 0x000002d00442ebd0 Exception <a 'java/lang/NoSuchMethodError'{0x0000000714809a48}: 'void java.lang.invoke.DirectMethodHandle$Holder.invokeStatic(java.lang.Object, java.lang.Object, java.lang.Object)'> (0x0000000714809a48) 
thrown [s\open\src\hotspot\share\interpreter\linkResolver.cpp, line 774]
Event: 0.195 Thread 0x000002d00442ebd0 Exception <a 'java/lang/NoSuchMethodError'{0x00000007148aea40}: 'void java.lang.invoke.DirectMethodHandle$Holder.invokeSpecial(java.lang.Object, java.lang.Object, java.lang.Object)'> (0x00000007148aea40) 
thrown [s\open\src\hotspot\share\interpreter\linkResolver.cpp, line 774]
Event: 0.198 Thread 0x000002d00442ebd0 Exception <a 'java/lang/NoSuchMethodError'{0x00000007148dc4b0}: 'int java.lang.invoke.DirectMethodHandle$Holder.invokeVirtual(java.lang.Object, java.lang.Object)'> (0x00000007148dc4b0) 
thrown [s\open\src\hotspot\share\interpreter\linkResolver.cpp, line 774]
Event: 0.201 Thread 0x000002d00442ebd0 Exception <a 'java/lang/NoSuchMethodError'{0x00000007148fa258}: 'java.lang.Object java.lang.invoke.DirectMethodHandle$Holder.invokeStaticInit(java.lang.Object, int)'> (0x00000007148fa258) 
thrown [s\open\src\hotspot\share\interpreter\linkResolver.cpp, line 774]

VM Operations (12 events):
Event: 0.031 Executing VM operation: HandshakeAllThreads
Event: 0.031 Executing VM operation: HandshakeAllThreads done
Event: 0.085 Executing VM operation: HandshakeAllThreads
Event: 0.085 Executing VM operation: HandshakeAllThreads done
Event: 0.092 Executing VM operation: HandshakeAllThreads
Event: 0.092 Executing VM operation: HandshakeAllThreads done
Event: 0.160 Executing VM operation: HandshakeAllThreads
Event: 0.160 Executing VM operation: HandshakeAllThreads done
Event: 0.176 Executing VM operation: HandshakeAllThreads
Event: 0.176 Executing VM operation: HandshakeAllThreads done
Event: 0.191 Executing VM operation: HandshakeAllThreads
Event: 0.191 Executing VM operation: HandshakeAllThreads done

Events (18 events):
Event: 0.010 Thread 0x000002d00442ebd0 Thread added: 0x000002d00442ebd0
Event: 0.017 Thread 0x000002d029b244c0 Thread added: 0x000002d029b244c0
Event: 0.017 Thread 0x000002d029b251b0 Thread added: 0x000002d029b251b0
Event: 0.017 Thread 0x000002d029b2a730 Thread added: 0x000002d029b2a730
Event: 0.017 Thread 0x000002d029b2e180 Thread added: 0x000002d029b2e180
Event: 0.017 Thread 0x000002d02e400080 Thread added: 0x000002d02e400080
Event: 0.017 Thread 0x000002d02e40c800 Thread added: 0x000002d02e40c800
Event: 0.017 Thread 0x000002d02e4351d0 Thread added: 0x000002d02e4351d0
Event: 0.017 Thread 0x000002d02e435750 Thread added: 0x000002d02e435750
Event: 0.017 Thread 0x000002d02e4414f0 Thread added: 0x000002d02e4414f0
Event: 0.023 Thread 0x000002d02e4f2260 Thread added: 0x000002d02e4f2260
Event: 0.025 Thread 0x000002d02e5be000 Thread added: 0x000002d02e5be000
Event: 0.026 Thread 0x000002d02e5c31d0 Thread added: 0x000002d02e5c31d0
Event: 0.041 Thread 0x000002d02e5e7780 Thread added: 0x000002d02e5e7780
Event: 0.076 Thread 0x000002d02e775510 Thread added: 0x000002d02e775510
Event: 0.077 Thread 0x000002d02e78da60 Thread added: 0x000002d02e78da60
Event: 0.077 Thread 0x000002d02e7de240 Thread added: 0x000002d02e7de240
Event: 0.091 Thread 0x000002d02e7ef990 Thread added: 0x000002d02e7ef990


Dynamic libraries:
0x00007ff640c80000 - 0x00007ff640c90000 	C:\Program Files\Java\jdk-19\bin\java.exe
0x00007ffe27fd0000 - 0x00007ffe281e7000 	C:\WINDOWS\SYSTEM32\ntdll.dll
0x00007ffe27770000 - 0x00007ffe27834000 	C:\WINDOWS\System32\KERNEL32.DLL
0x00007ffe25530000 - 0x00007ffe258dd000 	C:\WINDOWS\System32\KERNELBASE.dll
0x00007ffe25410000 - 0x00007ffe25521000 	C:\WINDOWS\System32\ucrtbase.dll
0x00007ffe1efd0000 - 0x00007ffe1efe8000 	C:\Program Files\Java\jdk-19\bin\jli.dll
0x00007ffe1efb0000 - 0x00007ffe1efcb000 	C:\Program Files\Java\jdk-19\bin\VCRUNTIME140.dll
0x00007ffe25f60000 - 0x00007ffe26012000 	C:\WINDOWS\System32\ADVAPI32.dll
0x00007ffe27550000 - 0x00007ffe275f7000 	C:\WINDOWS\System32\msvcrt.dll
0x00007ffe27eb0000 - 0x00007ffe27f59000 	C:\WINDOWS\System32\sechost.dll
0x00007ffe258e0000 - 0x00007ffe25908000 	C:\WINDOWS\System32\bcrypt.dll
0x00007ffe27650000 - 0x00007ffe27764000 	C:\WINDOWS\System32\RPCRT4.dll
0x00007ffe269e0000 - 0x00007ffe26b8e000 	C:\WINDOWS\System32\USER32.dll
0x00007ffe25340000 - 0x00007ffe25366000 	C:\WINDOWS\System32\win32u.dll
0x00007ffe12ba0000 - 0x00007ffe12e33000 	C:\WINDOWS\WinSxS\amd64_microsoft.windows.common-controls_6595b64144ccf1df_6.0.22621.3672_none_2713b9d173822955\COMCTL32.dll
0x00007ffe27600000 - 0x00007ffe27629000 	C:\WINDOWS\System32\GDI32.dll
0x00007ffe259d0000 - 0x00007ffe25ae9000 	C:\WINDOWS\System32\gdi32full.dll
0x00007ffe25370000 - 0x00007ffe2540a000 	C:\WINDOWS\System32\msvcp_win.dll
0x00007ffe1cc30000 - 0x00007ffe1cc3a000 	C:\WINDOWS\SYSTEM32\VERSION.dll
0x00007ffe25f20000 - 0x00007ffe25f51000 	C:\WINDOWS\System32\IMM32.DLL
0x00007ffe1f2e0000 - 0x00007ffe1f2ec000 	C:\Program Files\Java\jdk-19\bin\vcruntime140_1.dll
0x00007ffe0c3e0000 - 0x00007ffe0c46e000 	C:\Program Files\Java\jdk-19\bin\msvcp140.dll
0x00007ffd83470000 - 0x00007ffd84130000 	C:\Program Files\Java\jdk-19\bin\server\jvm.dll
0x00007ffe1f210000 - 0x00007ffe1f219000 	C:\WINDOWS\SYSTEM32\WSOCK32.dll
0x00007ffe1eeb0000 - 0x00007ffe1eee4000 	C:\WINDOWS\SYSTEM32\WINMM.dll
0x00007ffe274d0000 - 0x00007ffe27541000 	C:\WINDOWS\System32\WS2_32.dll
0x00007ffe243f0000 - 0x00007ffe24408000 	C:\WINDOWS\SYSTEM32\kernel.appcore.dll
0x00007ffe1f010000 - 0x00007ffe1f01a000 	C:\Program Files\Java\jdk-19\bin\jimage.dll
0x00007ffe22ae0000 - 0x00007ffe22d12000 	C:\WINDOWS\SYSTEM32\DBGHELP.DLL
0x00007ffe27840000 - 0x00007ffe27bc8000 	C:\WINDOWS\System32\combase.dll
0x00007ffe273e0000 - 0x00007ffe274b7000 	C:\WINDOWS\System32\OLEAUT32.dll
0x00007ffe1a100000 - 0x00007ffe1a132000 	C:\WINDOWS\SYSTEM32\dbgcore.DLL
0x00007ffe25c60000 - 0x00007ffe25cdb000 	C:\WINDOWS\System32\bcryptPrimitives.dll
0x00007ffe1d320000 - 0x00007ffe1d346000 	C:\Program Files\Java\jdk-19\bin\java.dll
0x00007ffdc4680000 - 0x00007ffdc4757000 	C:\Program Files\Java\jdk-19\bin\jsvml.dll
0x00007ffe26020000 - 0x00007ffe2687f000 	C:\WINDOWS\System32\SHELL32.dll
0x00007ffe231f0000 - 0x00007ffe23aec000 	C:\WINDOWS\SYSTEM32\windows.storage.dll
0x00007ffe230b0000 - 0x00007ffe231ef000 	C:\WINDOWS\SYSTEM32\wintypes.dll
0x00007ffe26880000 - 0x00007ffe26974000 	C:\WINDOWS\System32\SHCORE.dll
0x00007ffe27e50000 - 0x00007ffe27eae000 	C:\WINDOWS\System32\shlwapi.dll
0x00007ffe25200000 - 0x00007ffe25221000 	C:\WINDOWS\SYSTEM32\profapi.dll
0x00007ffe18700000 - 0x00007ffe18713000 	C:\Program Files\Java\jdk-19\bin\net.dll
0x00007ffe20ad0000 - 0x00007ffe20c06000 	C:\WINDOWS\SYSTEM32\WINHTTP.dll
0x00007ffe24860000 - 0x00007ffe248c9000 	C:\WINDOWS\system32\mswsock.dll
0x00007ffe157a0000 - 0x00007ffe157b6000 	C:\Program Files\Java\jdk-19\bin\nio.dll
0x00007ffe15720000 - 0x00007ffe15738000 	C:\Program Files\Java\jdk-19\bin\zip.dll
0x00007ffe21cf0000 - 0x00007ffe21cfa000 	C:\Program Files\Java\jdk-19\bin\management.dll
0x00007ffe21ce0000 - 0x00007ffe21ceb000 	C:\Program Files\Java\jdk-19\bin\management_ext.dll
0x00007ffe274c0000 - 0x00007ffe274c8000 	C:\WINDOWS\System32\PSAPI.DLL
0x00007ffe1ee70000 - 0x00007ffe1ee80000 	C:\Program Files\Java\jdk-19\bin\verify.dll

dbghelp: loaded successfully - version: 4.0.5 - missing functions: none
symbol engine: initialized successfully - sym options: 0x614 - pdb path: .;C:\Program Files\Java\jdk-19\bin;C:\WINDOWS\SYSTEM32;C:\WINDOWS\WinSxS\amd64_microsoft.windows.common-controls_6595b64144ccf1df_6.0.22621.3672_none_2713b9d173822955;C:\Program Files\Java\jdk-19\bin\server

VM Arguments:
java_command: C:\Users\99293\AppData\Local\Temp\surefire3394022931951574426\surefirebooter5658780374613993662.jar C:\Users\99293\AppData\Local\Temp\surefire3394022931951574426 2024-07-31T00-56-46_210-jvmRun1 surefire10509348965542350689tmp surefire_03888289558547834917tmp
java_class_path (initial): C:\Users\99293\AppData\Local\Temp\surefire3394022931951574426\surefirebooter5658780374613993662.jar
Launcher Type: SUN_STANDARD

[Global flags]
     intx CICompilerCount                          = 12                                        {product} {ergonomic}
     uint ConcGCThreads                            = 3                                         {product} {ergonomic}
     uint G1ConcRefinementThreads                  = 13                                        {product} {ergonomic}
   size_t G1HeapRegionSize                         = 2097152                                   {product} {ergonomic}
    uintx GCDrainStackTargetSize                   = 64                                        {product} {ergonomic}
   size_t InitialHeapSize                          = 264241152                                 {product} {ergonomic}
   size_t MarkStackSize                            = 4194304                                   {product} {ergonomic}
   size_t MaxHeapSize                              = 4196401152                                {product} {ergonomic}
   size_t MaxNewSize                               = 2516582400                                {product} {ergonomic}
   size_t MinHeapDeltaBytes                        = 2097152                                   {product} {ergonomic}
   size_t MinHeapSize                              = 8388608                                   {product} {ergonomic}
    uintx NonNMethodCodeHeapSize                   = 7602480                                {pd product} {ergonomic}
    uintx NonProfiledCodeHeapSize                  = 122027880                              {pd product} {ergonomic}
    uintx ProfiledCodeHeapSize                     = 122027880                              {pd product} {ergonomic}
    uintx ReservedCodeCacheSize                    = 251658240                              {pd product} {ergonomic}
     bool SegmentedCodeCache                       = true                                      {product} {ergonomic}
   size_t SoftMaxHeapSize                          = 4196401152                             {manageable} {ergonomic}
     bool UseCompressedClassPointers               = true                           {product lp64_product} {ergonomic}
     bool UseCompressedOops                        = true                           {product lp64_product} {ergonomic}
     bool UseG1GC                                  = true                                      {product} {ergonomic}
     bool UseLargePagesIndividualAllocation        = false                                  {pd product} {ergonomic}

Logging:
Log output configuration:
 #0: stdout all=warning uptime,level,tags foldmultilines=false
 #1: stderr all=off uptime,level,tags foldmultilines=false

Environment Variables:
JAVA_HOME=C:\Program Files\Java\jdk-19
PATH=C:\Program Files\Common Files\Oracle\Java\javapath;C:\Windows\system32;C:\Windows;C:\Windows\System32\Wbem;C:\Windows\System32\WindowsPowerShell\v1.0\;C:\Windows\System32\OpenSSH\;C:\Program Files (x86)\NVIDIA Corporation\PhysX\Common;C:\Program Files\NVIDIA Corporation\NVIDIA NvDLISR;C:\Program Files\Git\cmd;C:\Program Files (x86)\dotnet\;C:\WINDOWS\system32;C:\WINDOWS;C:\WINDOWS\System32\Wbem;C:\WINDOWS\System32\WindowsPowerShell\v1.0\;C:\WINDOWS\System32\OpenSSH\;C:\Program Files\Java\jdk-19\bin;C:\Users\99293\AppData\Local\Programs\Python\Python311\Scripts\;C:\Users\99293\AppData\Local\Programs\Python\Python311\;C:\Users\99293\AppData\Local\Microsoft\WindowsApps;;C:\Program Files\JetBrains\IntelliJ IDEA 2022.1.2\bin;;C:\Program Files\heroku\bin
USERNAME=ASUS
OS=Windows_NT
PROCESSOR_IDENTIFIER=Intel64 Family 6 Model 154 Stepping 3, GenuineIntel
TMP=C:\Users\99293\AppData\Local\Temp
TEMP=C:\Users\99293\AppData\Local\Temp



---------------  S Y S T E M  ---------------

OS:
 Windows 11 , 64 bit Build 22621 (10.0.22621.3672)
OS uptime: 1 days 2:30 hours
Hyper-V role detected

CPU: total 16 (initial active 16) (8 cores per cpu, 2 threads per core) family 6 model 154 stepping 3 microcode 0x41c, cx8, cmov, fxsr, ht, mmx, 3dnowpref, sse, sse2, sse3, ssse3, sse4.1, sse4.2, popcnt, lzcnt, tsc, tscinvbit, avx, avx2, aes, erms, clmul, bmi1, bmi2, adx, sha, fma, vzeroupper, clflush, clflushopt, clwb, hv, serialize, rdtscp, rdpid, fsrm

Memory: 4k page, system-wide physical 16005M (2462M free)
TotalPageFile size 18053M (AvailPageFile size 5M)
current process WorkingSet (physical memory assigned to process): 67M, peak: 67M
current process commit charge ("private bytes"): 367M, peak: 367M

vm_info: Java HotSpot(TM) 64-Bit Server VM (19.0.2+7-44) for windows-amd64 JRE (19.0.2+7-44), built on 2022-11-30T18:02:09Z by "mach5one" with MS VC++ 17.1 (VS2022)

END.
