#
# There is insufficient memory for the Java Runtime Environment to continue.
# Native memory allocation (malloc) failed to allocate 32744 bytes for Chunk::new
# Possible reasons:
#   The system is out of physical RAM or swap space
#   The process is running with CompressedOops enabled, and the Java Heap may be blocking the growth of the native heap
# Possible solutions:
#   Reduce memory load on the system
#   Increase physical memory or swap space
#   Check if swap backing store is full
#   Decrease Java heap size (-Xmx/-Xms)
#   Decrease number of Java threads
#   Decrease Java thread stack sizes (-Xss)
#   Set larger code cache with -XX:ReservedCodeCacheSize=
#   JVM is running with Zero Based Compressed Oops mode in which the Java heap is
#     placed in the first 32GB address space. The Java Heap base address is the
#     maximum limit for the native heap growth. Please use -XX:HeapBaseMinAddress
#     to set the Java Heap base and to place the Java Heap above 32GB virtual address.
# This output file may be truncated or incomplete.
#
#  Out of Memory Error (arena.cpp:184), pid=19944, tid=12596
#
# JRE version: Java(TM) SE Runtime Environment (19.0.2+7) (build 19.0.2+7-44)
# Java VM: Java HotSpot(TM) 64-Bit Server VM (19.0.2+7-44, mixed mode, sharing, tiered, compressed oops, compressed class ptrs, g1 gc, windows-amd64)
# No core dump will be written. Minidumps are not enabled by default on client versions of Windows
#

---------------  S U M M A R Y ------------

Command Line: -Dmaven.multiModuleProjectDirectory=D:\unitedStates original storage\unitedStates duplicates original storage -Dmaven.home=C:\Users\99293\.m2\wrapper\dists\apache-maven-3.8.6-bin\1ks0nkde5v1pk9vtc31i9d0lcd\apache-maven-3.8.6 -Dclassworlds.conf=C:\Users\99293\.m2\wrapper\dists\apache-maven-3.8.6-bin\1ks0nkde5v1pk9vtc31i9d0lcd\apache-maven-3.8.6\bin\m2.conf -Dmaven.ext.class.path=C:\Program Files\JetBrains\IntelliJ IDEA 2022.1.2\plugins\maven\lib\maven-event-listener.jar -javaagent:C:\Program Files\JetBrains\IntelliJ IDEA 2022.1.2\lib\idea_rt.jar=59007:C:\Program Files\JetBrains\IntelliJ IDEA 2022.1.2\bin -Dfile.encoding=UTF-8 org.codehaus.classworlds.Launcher -Didea.version=2022.1.2 package

Host: 12th Gen Intel(R) Core(TM) i7-12650H, 16 cores, 15G,  Windows 11 , 64 bit Build 22621 (10.0.22621.2070)
Time: Wed Sep 13 16:25:25 2023  Windows 11 , 64 bit Build 22621 (10.0.22621.2070) elapsed time: 2.729795 seconds (0d 0h 0m 2s)

---------------  T H R E A D  ---------------

Current thread (0x000001ec60410f60):  JavaThread "C1 CompilerThread0" daemon [_thread_in_native, id=12596, stack(0x000000bd11000000,0x000000bd11100000)]


Current CompileTask:
C1:   2729  878       3       java.net.URLStreamHandler::parseURL (1124 bytes)

Stack: [0x000000bd11000000,0x000000bd11100000]
Native frames: (J=compiled Java code, j=interpreted, Vv=VM code, C=native code)
V  [jvm.dll+0x6ee21a]
V  [jvm.dll+0x85765e]
V  [jvm.dll+0x85904e]
V  [jvm.dll+0x859703]
V  [jvm.dll+0x28298f]
V  [jvm.dll+0xc9adf]
V  [jvm.dll+0xc9e65]
V  [jvm.dll+0x6dae35]
V  [jvm.dll+0x17710c]
V  [jvm.dll+0x17d147]
V  [jvm.dll+0x15f451]
V  [jvm.dll+0x17e2c2]
V  [jvm.dll+0x1614d3]
V  [jvm.dll+0x16101e]
V  [jvm.dll+0x161208]
V  [jvm.dll+0x160666]
V  [jvm.dll+0x16235d]
V  [jvm.dll+0x25b25a]
V  [jvm.dll+0x2596e8]
V  [jvm.dll+0x807588]
V  [jvm.dll+0x80125a]
V  [jvm.dll+0x6ecf0b]
C  [ucrtbase.dll+0x29363]
C  [KERNEL32.DLL+0x126ad]
C  [ntdll.dll+0x5aa68]


---------------  P R O C E S S  ---------------

Threads class SMR info:
_java_thread_list=0x000001ec60c4a8d0, length=18, elements={
0x000001ec38537cf0, 0x000001ec604024c0, 0x000001ec60402df0, 0x000001ec60403720,
0x000001ec6040d0a0, 0x000001ec6040dc50, 0x000001ec6040e580, 0x000001ec604105f0,
0x000001ec60410f60, 0x000001ec60416de0, 0x000001ec604c5270, 0x000001ec60565b40,
0x000001ec605cdab0, 0x000001ec605cdff0, 0x000001ec6070fcb0, 0x000001ec608b9650,
0x000001ec608b9bd0, 0x000001ec60626f70
}

Java Threads: ( => current thread )
  0x000001ec38537cf0 JavaThread "main" [_thread_in_vm, id=21088, stack(0x000000bd10200000,0x000000bd10300000)]
  0x000001ec604024c0 JavaThread "Reference Handler" daemon [_thread_blocked, id=15000, stack(0x000000bd10900000,0x000000bd10a00000)]
  0x000001ec60402df0 JavaThread "Finalizer" daemon [_thread_blocked, id=21028, stack(0x000000bd10a00000,0x000000bd10b00000)]
  0x000001ec60403720 JavaThread "Signal Dispatcher" daemon [_thread_blocked, id=20476, stack(0x000000bd10b00000,0x000000bd10c00000)]
  0x000001ec6040d0a0 JavaThread "Attach Listener" daemon [_thread_blocked, id=22464, stack(0x000000bd10c00000,0x000000bd10d00000)]
  0x000001ec6040dc50 JavaThread "Service Thread" daemon [_thread_blocked, id=11572, stack(0x000000bd10d00000,0x000000bd10e00000)]
  0x000001ec6040e580 JavaThread "Monitor Deflation Thread" daemon [_thread_blocked, id=1408, stack(0x000000bd10e00000,0x000000bd10f00000)]
  0x000001ec604105f0 JavaThread "C2 CompilerThread0" daemon [_thread_in_native, id=13356, stack(0x000000bd10f00000,0x000000bd11000000)]
=>0x000001ec60410f60 JavaThread "C1 CompilerThread0" daemon [_thread_in_native, id=12596, stack(0x000000bd11000000,0x000000bd11100000)]
  0x000001ec60416de0 JavaThread "Sweeper thread" daemon [_thread_blocked, id=22088, stack(0x000000bd11100000,0x000000bd11200000)]
  0x000001ec604c5270 JavaThread "C1 CompilerThread1" daemon [_thread_in_native, id=16152, stack(0x000000bd11200000,0x000000bd11300000)]
  0x000001ec60565b40 JavaThread "Common-Cleaner" daemon [_thread_blocked, id=15728, stack(0x000000bd11300000,0x000000bd11400000)]
  0x000001ec605cdab0 JavaThread "Monitor Ctrl-Break" daemon [_thread_in_native, id=20700, stack(0x000000bd11400000,0x000000bd11500000)]
  0x000001ec605cdff0 JavaThread "Notification Thread" daemon [_thread_blocked, id=18500, stack(0x000000bd11500000,0x000000bd11600000)]
  0x000001ec6070fcb0 JavaThread "C1 CompilerThread2" daemon [_thread_in_native, id=9896, stack(0x000000bd11700000,0x000000bd11800000)]
  0x000001ec608b9650 JavaThread "C2 CompilerThread1" daemon [_thread_in_native, id=7532, stack(0x000000bd11800000,0x000000bd11900000)]
  0x000001ec608b9bd0 JavaThread "C1 CompilerThread3" daemon [_thread_blocked, id=9716, stack(0x000000bd11900000,0x000000bd11a00000)]
  0x000001ec60626f70 JavaThread "C2 CompilerThread2" daemon [_thread_in_native, id=7816, stack(0x000000bd11a00000,0x000000bd11b00000)]

Other Threads:
  0x000001ec5be772f0 VMThread "VM Thread" [stack: 0x000000bd10800000,0x000000bd10900000] [id=9176]
  0x000001ec60625d20 WatcherThread "VM Periodic Task Thread" [stack: 0x000000bd11600000,0x000000bd11700000] [id=21944]
  0x000001ec385aa8b0 WorkerThread "GC Thread#0" [stack: 0x000000bd10300000,0x000000bd10400000] [id=20728]
  0x000001ec385bb220 ConcurrentGCThread "G1 Main Marker" [stack: 0x000000bd10400000,0x000000bd10500000] [id=9336]
  0x000001ec385bcc60 WorkerThread "G1 Conc#0" [stack: 0x000000bd10500000,0x000000bd10600000] [id=4880]
  0x000001ec5bd30430 ConcurrentGCThread "G1 Refine#0" [stack: 0x000000bd10600000,0x000000bd10700000] [id=11048]
  0x000001ec5bd33da0 ConcurrentGCThread "G1 Service" [stack: 0x000000bd10700000,0x000000bd10800000] [id=16808]

Threads with active compile tasks:
C2 CompilerThread0     2743  897  s!   4       jdk.internal.loader.URLClassPath::getLoader (194 bytes)
C1 CompilerThread0     2743  878       3       java.net.URLStreamHandler::parseURL (1124 bytes)
C1 CompilerThread1     2743  903   !   3       sun.nio.fs.WindowsPath::initOffsets (153 bytes)
C1 CompilerThread2     2743  905       3       sun.net.www.protocol.jar.Handler::parseContextSpec (150 bytes)
C2 CompilerThread1     2743  896   !   4       java.util.concurrent.ConcurrentHashMap::putVal (432 bytes)
C2 CompilerThread2     2743  900   !   4       java.util.zip.ZipFile$Source::getEntryPos (195 bytes)

VM state: not at safepoint (normal execution)

VM Mutex/Monitor currently owned by a thread: None

Heap address: 0x0000000705e00000, size: 4002 MB, Compressed Oops mode: Zero based, Oop shift amount: 3

CDS archive(s) mapped at: [0x0000000800000000-0x0000000800c40000-0x0000000800c40000), size 12845056, SharedBaseAddress: 0x0000000800000000, ArchiveRelocationMode: 0.
Compressed class space mapped at: 0x0000000801000000-0x0000000841000000, reserved size: 1073741824
Narrow klass base: 0x0000000800000000, Narrow klass shift: 0, Narrow klass range: 0x100000000

GC Precious Log:
 CardTable entry size: 512
 Card Set container configuration: InlinePtr #cards 4 size 8 Array Of Cards #cards 16 size 48 Howl #buckets 8 coarsen threshold 3686 Howl Bitmap #cards 512 size 80 coarsen threshold 460 Card regions per heap region 1 cards per card region 4096
 CPUs: 16 total, 16 available
 Memory: 16005M
 Large Page Support: Disabled
 NUMA Support: Disabled
 Compressed Oops: Enabled (Zero based)
 Heap Region Size: 2M
 Heap Min Capacity: 8M
 Heap Initial Capacity: 252M
 Heap Max Capacity: 4002M
 Pre-touch: Disabled
 Parallel Workers: 13
 Concurrent Workers: 3
 Concurrent Refinement Workers: 13
 Periodic GC: Disabled

Heap:
 garbage-first heap   total 258048K, used 12288K [0x0000000705e00000, 0x0000000800000000)
  region size 2048K, 7 young (14336K), 0 survivors (0K)
 Metaspace       used 3288K, committed 3520K, reserved 1114112K
  class space    used 300K, committed 384K, reserved 1048576K

Heap Regions: E=young(eden), S=young(survivor), O=old, HS=humongous(starts), HC=humongous(continues), CS=collection set, F=free, OA=open archive, CA=closed archive, TAMS=top-at-mark-start (previous, next)
|   0|0x0000000705e00000, 0x0000000705e00000, 0x0000000706000000|  0%| F|  |TAMS 0x0000000705e00000, 0x0000000705e00000| Untracked 
|   1|0x0000000706000000, 0x0000000706000000, 0x0000000706200000|  0%| F|  |TAMS 0x0000000706000000, 0x0000000706000000| Untracked 
|   2|0x0000000706200000, 0x0000000706200000, 0x0000000706400000|  0%| F|  |TAMS 0x0000000706200000, 0x0000000706200000| Untracked 
|   3|0x0000000706400000, 0x0000000706400000, 0x0000000706600000|  0%| F|  |TAMS 0x0000000706400000, 0x0000000706400000| Untracked 
|   4|0x0000000706600000, 0x0000000706600000, 0x0000000706800000|  0%| F|  |TAMS 0x0000000706600000, 0x0000000706600000| Untracked 
|   5|0x0000000706800000, 0x0000000706800000, 0x0000000706a00000|  0%| F|  |TAMS 0x0000000706800000, 0x0000000706800000| Untracked 
|   6|0x0000000706a00000, 0x0000000706a00000, 0x0000000706c00000|  0%| F|  |TAMS 0x0000000706a00000, 0x0000000706a00000| Untracked 
|   7|0x0000000706c00000, 0x0000000706c00000, 0x0000000706e00000|  0%| F|  |TAMS 0x0000000706c00000, 0x0000000706c00000| Untracked 
|   8|0x0000000706e00000, 0x0000000706e00000, 0x0000000707000000|  0%| F|  |TAMS 0x0000000706e00000, 0x0000000706e00000| Untracked 
|   9|0x0000000707000000, 0x0000000707000000, 0x0000000707200000|  0%| F|  |TAMS 0x0000000707000000, 0x0000000707000000| Untracked 
|  10|0x0000000707200000, 0x0000000707200000, 0x0000000707400000|  0%| F|  |TAMS 0x0000000707200000, 0x0000000707200000| Untracked 
|  11|0x0000000707400000, 0x0000000707400000, 0x0000000707600000|  0%| F|  |TAMS 0x0000000707400000, 0x0000000707400000| Untracked 
|  12|0x0000000707600000, 0x0000000707600000, 0x0000000707800000|  0%| F|  |TAMS 0x0000000707600000, 0x0000000707600000| Untracked 
|  13|0x0000000707800000, 0x0000000707800000, 0x0000000707a00000|  0%| F|  |TAMS 0x0000000707800000, 0x0000000707800000| Untracked 
|  14|0x0000000707a00000, 0x0000000707a00000, 0x0000000707c00000|  0%| F|  |TAMS 0x0000000707a00000, 0x0000000707a00000| Untracked 
|  15|0x0000000707c00000, 0x0000000707c00000, 0x0000000707e00000|  0%| F|  |TAMS 0x0000000707c00000, 0x0000000707c00000| Untracked 
|  16|0x0000000707e00000, 0x0000000707e00000, 0x0000000708000000|  0%| F|  |TAMS 0x0000000707e00000, 0x0000000707e00000| Untracked 
|  17|0x0000000708000000, 0x0000000708000000, 0x0000000708200000|  0%| F|  |TAMS 0x0000000708000000, 0x0000000708000000| Untracked 
|  18|0x0000000708200000, 0x0000000708200000, 0x0000000708400000|  0%| F|  |TAMS 0x0000000708200000, 0x0000000708200000| Untracked 
|  19|0x0000000708400000, 0x0000000708400000, 0x0000000708600000|  0%| F|  |TAMS 0x0000000708400000, 0x0000000708400000| Untracked 
|  20|0x0000000708600000, 0x0000000708600000, 0x0000000708800000|  0%| F|  |TAMS 0x0000000708600000, 0x0000000708600000| Untracked 
|  21|0x0000000708800000, 0x0000000708800000, 0x0000000708a00000|  0%| F|  |TAMS 0x0000000708800000, 0x0000000708800000| Untracked 
|  22|0x0000000708a00000, 0x0000000708a00000, 0x0000000708c00000|  0%| F|  |TAMS 0x0000000708a00000, 0x0000000708a00000| Untracked 
|  23|0x0000000708c00000, 0x0000000708c00000, 0x0000000708e00000|  0%| F|  |TAMS 0x0000000708c00000, 0x0000000708c00000| Untracked 
|  24|0x0000000708e00000, 0x0000000708e00000, 0x0000000709000000|  0%| F|  |TAMS 0x0000000708e00000, 0x0000000708e00000| Untracked 
|  25|0x0000000709000000, 0x0000000709000000, 0x0000000709200000|  0%| F|  |TAMS 0x0000000709000000, 0x0000000709000000| Untracked 
|  26|0x0000000709200000, 0x0000000709200000, 0x0000000709400000|  0%| F|  |TAMS 0x0000000709200000, 0x0000000709200000| Untracked 
|  27|0x0000000709400000, 0x0000000709400000, 0x0000000709600000|  0%| F|  |TAMS 0x0000000709400000, 0x0000000709400000| Untracked 
|  28|0x0000000709600000, 0x0000000709600000, 0x0000000709800000|  0%| F|  |TAMS 0x0000000709600000, 0x0000000709600000| Untracked 
|  29|0x0000000709800000, 0x0000000709800000, 0x0000000709a00000|  0%| F|  |TAMS 0x0000000709800000, 0x0000000709800000| Untracked 
|  30|0x0000000709a00000, 0x0000000709a00000, 0x0000000709c00000|  0%| F|  |TAMS 0x0000000709a00000, 0x0000000709a00000| Untracked 
|  31|0x0000000709c00000, 0x0000000709c00000, 0x0000000709e00000|  0%| F|  |TAMS 0x0000000709c00000, 0x0000000709c00000| Untracked 
|  32|0x0000000709e00000, 0x0000000709e00000, 0x000000070a000000|  0%| F|  |TAMS 0x0000000709e00000, 0x0000000709e00000| Untracked 
|  33|0x000000070a000000, 0x000000070a000000, 0x000000070a200000|  0%| F|  |TAMS 0x000000070a000000, 0x000000070a000000| Untracked 
|  34|0x000000070a200000, 0x000000070a200000, 0x000000070a400000|  0%| F|  |TAMS 0x000000070a200000, 0x000000070a200000| Untracked 
|  35|0x000000070a400000, 0x000000070a400000, 0x000000070a600000|  0%| F|  |TAMS 0x000000070a400000, 0x000000070a400000| Untracked 
|  36|0x000000070a600000, 0x000000070a600000, 0x000000070a800000|  0%| F|  |TAMS 0x000000070a600000, 0x000000070a600000| Untracked 
|  37|0x000000070a800000, 0x000000070a800000, 0x000000070aa00000|  0%| F|  |TAMS 0x000000070a800000, 0x000000070a800000| Untracked 
|  38|0x000000070aa00000, 0x000000070aa00000, 0x000000070ac00000|  0%| F|  |TAMS 0x000000070aa00000, 0x000000070aa00000| Untracked 
|  39|0x000000070ac00000, 0x000000070ac00000, 0x000000070ae00000|  0%| F|  |TAMS 0x000000070ac00000, 0x000000070ac00000| Untracked 
|  40|0x000000070ae00000, 0x000000070ae00000, 0x000000070b000000|  0%| F|  |TAMS 0x000000070ae00000, 0x000000070ae00000| Untracked 
|  41|0x000000070b000000, 0x000000070b000000, 0x000000070b200000|  0%| F|  |TAMS 0x000000070b000000, 0x000000070b000000| Untracked 
|  42|0x000000070b200000, 0x000000070b200000, 0x000000070b400000|  0%| F|  |TAMS 0x000000070b200000, 0x000000070b200000| Untracked 
|  43|0x000000070b400000, 0x000000070b400000, 0x000000070b600000|  0%| F|  |TAMS 0x000000070b400000, 0x000000070b400000| Untracked 
|  44|0x000000070b600000, 0x000000070b600000, 0x000000070b800000|  0%| F|  |TAMS 0x000000070b600000, 0x000000070b600000| Untracked 
|  45|0x000000070b800000, 0x000000070b800000, 0x000000070ba00000|  0%| F|  |TAMS 0x000000070b800000, 0x000000070b800000| Untracked 
|  46|0x000000070ba00000, 0x000000070ba00000, 0x000000070bc00000|  0%| F|  |TAMS 0x000000070ba00000, 0x000000070ba00000| Untracked 
|  47|0x000000070bc00000, 0x000000070bc00000, 0x000000070be00000|  0%| F|  |TAMS 0x000000070bc00000, 0x000000070bc00000| Untracked 
|  48|0x000000070be00000, 0x000000070be00000, 0x000000070c000000|  0%| F|  |TAMS 0x000000070be00000, 0x000000070be00000| Untracked 
|  49|0x000000070c000000, 0x000000070c000000, 0x000000070c200000|  0%| F|  |TAMS 0x000000070c000000, 0x000000070c000000| Untracked 
|  50|0x000000070c200000, 0x000000070c200000, 0x000000070c400000|  0%| F|  |TAMS 0x000000070c200000, 0x000000070c200000| Untracked 
|  51|0x000000070c400000, 0x000000070c400000, 0x000000070c600000|  0%| F|  |TAMS 0x000000070c400000, 0x000000070c400000| Untracked 
|  52|0x000000070c600000, 0x000000070c600000, 0x000000070c800000|  0%| F|  |TAMS 0x000000070c600000, 0x000000070c600000| Untracked 
|  53|0x000000070c800000, 0x000000070c800000, 0x000000070ca00000|  0%| F|  |TAMS 0x000000070c800000, 0x000000070c800000| Untracked 
|  54|0x000000070ca00000, 0x000000070ca00000, 0x000000070cc00000|  0%| F|  |TAMS 0x000000070ca00000, 0x000000070ca00000| Untracked 
|  55|0x000000070cc00000, 0x000000070cc00000, 0x000000070ce00000|  0%| F|  |TAMS 0x000000070cc00000, 0x000000070cc00000| Untracked 
|  56|0x000000070ce00000, 0x000000070ce00000, 0x000000070d000000|  0%| F|  |TAMS 0x000000070ce00000, 0x000000070ce00000| Untracked 
|  57|0x000000070d000000, 0x000000070d000000, 0x000000070d200000|  0%| F|  |TAMS 0x000000070d000000, 0x000000070d000000| Untracked 
|  58|0x000000070d200000, 0x000000070d200000, 0x000000070d400000|  0%| F|  |TAMS 0x000000070d200000, 0x000000070d200000| Untracked 
|  59|0x000000070d400000, 0x000000070d400000, 0x000000070d600000|  0%| F|  |TAMS 0x000000070d400000, 0x000000070d400000| Untracked 
|  60|0x000000070d600000, 0x000000070d600000, 0x000000070d800000|  0%| F|  |TAMS 0x000000070d600000, 0x000000070d600000| Untracked 
|  61|0x000000070d800000, 0x000000070d800000, 0x000000070da00000|  0%| F|  |TAMS 0x000000070d800000, 0x000000070d800000| Untracked 
|  62|0x000000070da00000, 0x000000070da00000, 0x000000070dc00000|  0%| F|  |TAMS 0x000000070da00000, 0x000000070da00000| Untracked 
|  63|0x000000070dc00000, 0x000000070dc00000, 0x000000070de00000|  0%| F|  |TAMS 0x000000070dc00000, 0x000000070dc00000| Untracked 
|  64|0x000000070de00000, 0x000000070de00000, 0x000000070e000000|  0%| F|  |TAMS 0x000000070de00000, 0x000000070de00000| Untracked 
|  65|0x000000070e000000, 0x000000070e000000, 0x000000070e200000|  0%| F|  |TAMS 0x000000070e000000, 0x000000070e000000| Untracked 
|  66|0x000000070e200000, 0x000000070e200000, 0x000000070e400000|  0%| F|  |TAMS 0x000000070e200000, 0x000000070e200000| Untracked 
|  67|0x000000070e400000, 0x000000070e400000, 0x000000070e600000|  0%| F|  |TAMS 0x000000070e400000, 0x000000070e400000| Untracked 
|  68|0x000000070e600000, 0x000000070e600000, 0x000000070e800000|  0%| F|  |TAMS 0x000000070e600000, 0x000000070e600000| Untracked 
|  69|0x000000070e800000, 0x000000070e800000, 0x000000070ea00000|  0%| F|  |TAMS 0x000000070e800000, 0x000000070e800000| Untracked 
|  70|0x000000070ea00000, 0x000000070ea00000, 0x000000070ec00000|  0%| F|  |TAMS 0x000000070ea00000, 0x000000070ea00000| Untracked 
|  71|0x000000070ec00000, 0x000000070ec00000, 0x000000070ee00000|  0%| F|  |TAMS 0x000000070ec00000, 0x000000070ec00000| Untracked 
|  72|0x000000070ee00000, 0x000000070ee00000, 0x000000070f000000|  0%| F|  |TAMS 0x000000070ee00000, 0x000000070ee00000| Untracked 
|  73|0x000000070f000000, 0x000000070f000000, 0x000000070f200000|  0%| F|  |TAMS 0x000000070f000000, 0x000000070f000000| Untracked 
|  74|0x000000070f200000, 0x000000070f200000, 0x000000070f400000|  0%| F|  |TAMS 0x000000070f200000, 0x000000070f200000| Untracked 
|  75|0x000000070f400000, 0x000000070f400000, 0x000000070f600000|  0%| F|  |TAMS 0x000000070f400000, 0x000000070f400000| Untracked 
|  76|0x000000070f600000, 0x000000070f600000, 0x000000070f800000|  0%| F|  |TAMS 0x000000070f600000, 0x000000070f600000| Untracked 
|  77|0x000000070f800000, 0x000000070f800000, 0x000000070fa00000|  0%| F|  |TAMS 0x000000070f800000, 0x000000070f800000| Untracked 
|  78|0x000000070fa00000, 0x000000070fa00000, 0x000000070fc00000|  0%| F|  |TAMS 0x000000070fa00000, 0x000000070fa00000| Untracked 
|  79|0x000000070fc00000, 0x000000070fc00000, 0x000000070fe00000|  0%| F|  |TAMS 0x000000070fc00000, 0x000000070fc00000| Untracked 
|  80|0x000000070fe00000, 0x000000070fe00000, 0x0000000710000000|  0%| F|  |TAMS 0x000000070fe00000, 0x000000070fe00000| Untracked 
|  81|0x0000000710000000, 0x0000000710000000, 0x0000000710200000|  0%| F|  |TAMS 0x0000000710000000, 0x0000000710000000| Untracked 
|  82|0x0000000710200000, 0x0000000710200000, 0x0000000710400000|  0%| F|  |TAMS 0x0000000710200000, 0x0000000710200000| Untracked 
|  83|0x0000000710400000, 0x0000000710400000, 0x0000000710600000|  0%| F|  |TAMS 0x0000000710400000, 0x0000000710400000| Untracked 
|  84|0x0000000710600000, 0x0000000710600000, 0x0000000710800000|  0%| F|  |TAMS 0x0000000710600000, 0x0000000710600000| Untracked 
|  85|0x0000000710800000, 0x0000000710800000, 0x0000000710a00000|  0%| F|  |TAMS 0x0000000710800000, 0x0000000710800000| Untracked 
|  86|0x0000000710a00000, 0x0000000710a00000, 0x0000000710c00000|  0%| F|  |TAMS 0x0000000710a00000, 0x0000000710a00000| Untracked 
|  87|0x0000000710c00000, 0x0000000710c00000, 0x0000000710e00000|  0%| F|  |TAMS 0x0000000710c00000, 0x0000000710c00000| Untracked 
|  88|0x0000000710e00000, 0x0000000710e00000, 0x0000000711000000|  0%| F|  |TAMS 0x0000000710e00000, 0x0000000710e00000| Untracked 
|  89|0x0000000711000000, 0x0000000711000000, 0x0000000711200000|  0%| F|  |TAMS 0x0000000711000000, 0x0000000711000000| Untracked 
|  90|0x0000000711200000, 0x0000000711200000, 0x0000000711400000|  0%| F|  |TAMS 0x0000000711200000, 0x0000000711200000| Untracked 
|  91|0x0000000711400000, 0x0000000711400000, 0x0000000711600000|  0%| F|  |TAMS 0x0000000711400000, 0x0000000711400000| Untracked 
|  92|0x0000000711600000, 0x0000000711600000, 0x0000000711800000|  0%| F|  |TAMS 0x0000000711600000, 0x0000000711600000| Untracked 
|  93|0x0000000711800000, 0x0000000711800000, 0x0000000711a00000|  0%| F|  |TAMS 0x0000000711800000, 0x0000000711800000| Untracked 
|  94|0x0000000711a00000, 0x0000000711a00000, 0x0000000711c00000|  0%| F|  |TAMS 0x0000000711a00000, 0x0000000711a00000| Untracked 
|  95|0x0000000711c00000, 0x0000000711c00000, 0x0000000711e00000|  0%| F|  |TAMS 0x0000000711c00000, 0x0000000711c00000| Untracked 
|  96|0x0000000711e00000, 0x0000000711e00000, 0x0000000712000000|  0%| F|  |TAMS 0x0000000711e00000, 0x0000000711e00000| Untracked 
|  97|0x0000000712000000, 0x0000000712000000, 0x0000000712200000|  0%| F|  |TAMS 0x0000000712000000, 0x0000000712000000| Untracked 
|  98|0x0000000712200000, 0x0000000712200000, 0x0000000712400000|  0%| F|  |TAMS 0x0000000712200000, 0x0000000712200000| Untracked 
|  99|0x0000000712400000, 0x0000000712400000, 0x0000000712600000|  0%| F|  |TAMS 0x0000000712400000, 0x0000000712400000| Untracked 
| 100|0x0000000712600000, 0x0000000712600000, 0x0000000712800000|  0%| F|  |TAMS 0x0000000712600000, 0x0000000712600000| Untracked 
| 101|0x0000000712800000, 0x0000000712800000, 0x0000000712a00000|  0%| F|  |TAMS 0x0000000712800000, 0x0000000712800000| Untracked 
| 102|0x0000000712a00000, 0x0000000712a00000, 0x0000000712c00000|  0%| F|  |TAMS 0x0000000712a00000, 0x0000000712a00000| Untracked 
| 103|0x0000000712c00000, 0x0000000712c00000, 0x0000000712e00000|  0%| F|  |TAMS 0x0000000712c00000, 0x0000000712c00000| Untracked 
| 104|0x0000000712e00000, 0x0000000712e00000, 0x0000000713000000|  0%| F|  |TAMS 0x0000000712e00000, 0x0000000712e00000| Untracked 
| 105|0x0000000713000000, 0x0000000713000000, 0x0000000713200000|  0%| F|  |TAMS 0x0000000713000000, 0x0000000713000000| Untracked 
| 106|0x0000000713200000, 0x0000000713200000, 0x0000000713400000|  0%| F|  |TAMS 0x0000000713200000, 0x0000000713200000| Untracked 
| 107|0x0000000713400000, 0x0000000713400000, 0x0000000713600000|  0%| F|  |TAMS 0x0000000713400000, 0x0000000713400000| Untracked 
| 108|0x0000000713600000, 0x0000000713600000, 0x0000000713800000|  0%| F|  |TAMS 0x0000000713600000, 0x0000000713600000| Untracked 
| 109|0x0000000713800000, 0x0000000713800000, 0x0000000713a00000|  0%| F|  |TAMS 0x0000000713800000, 0x0000000713800000| Untracked 
| 110|0x0000000713a00000, 0x0000000713a00000, 0x0000000713c00000|  0%| F|  |TAMS 0x0000000713a00000, 0x0000000713a00000| Untracked 
| 111|0x0000000713c00000, 0x0000000713c00000, 0x0000000713e00000|  0%| F|  |TAMS 0x0000000713c00000, 0x0000000713c00000| Untracked 
| 112|0x0000000713e00000, 0x0000000713e00000, 0x0000000714000000|  0%| F|  |TAMS 0x0000000713e00000, 0x0000000713e00000| Untracked 
| 113|0x0000000714000000, 0x0000000714000000, 0x0000000714200000|  0%| F|  |TAMS 0x0000000714000000, 0x0000000714000000| Untracked 
| 114|0x0000000714200000, 0x0000000714200000, 0x0000000714400000|  0%| F|  |TAMS 0x0000000714200000, 0x0000000714200000| Untracked 
| 115|0x0000000714400000, 0x0000000714400000, 0x0000000714600000|  0%| F|  |TAMS 0x0000000714400000, 0x0000000714400000| Untracked 
| 116|0x0000000714600000, 0x0000000714600000, 0x0000000714800000|  0%| F|  |TAMS 0x0000000714600000, 0x0000000714600000| Untracked 
| 117|0x0000000714800000, 0x0000000714800000, 0x0000000714a00000|  0%| F|  |TAMS 0x0000000714800000, 0x0000000714800000| Untracked 
| 118|0x0000000714a00000, 0x0000000714a00000, 0x0000000714c00000|  0%| F|  |TAMS 0x0000000714a00000, 0x0000000714a00000| Untracked 
| 119|0x0000000714c00000, 0x0000000714e00000, 0x0000000714e00000|100%| E|  |TAMS 0x0000000714c00000, 0x0000000714c00000| Complete 
| 120|0x0000000714e00000, 0x0000000715000000, 0x0000000715000000|100%| E|CS|TAMS 0x0000000714e00000, 0x0000000714e00000| Complete 
| 121|0x0000000715000000, 0x0000000715200000, 0x0000000715200000|100%| E|CS|TAMS 0x0000000715000000, 0x0000000715000000| Complete 
| 122|0x0000000715200000, 0x0000000715400000, 0x0000000715400000|100%| E|CS|TAMS 0x0000000715200000, 0x0000000715200000| Complete 
| 123|0x0000000715400000, 0x0000000715600000, 0x0000000715600000|100%| E|CS|TAMS 0x0000000715400000, 0x0000000715400000| Complete 
| 124|0x0000000715600000, 0x0000000715800000, 0x0000000715800000|100%| E|CS|TAMS 0x0000000715600000, 0x0000000715600000| Complete 
| 125|0x0000000715800000, 0x0000000715a00000, 0x0000000715a00000|100%| E|CS|TAMS 0x0000000715800000, 0x0000000715800000| Complete 

Card table byte_map: [0x000001ec50500000,0x000001ec50ce0000] _byte_map_base: 0x000001ec4ccd1000

Marking Bits (Prev, Next): (CMBitMap*) 0x000001ec385aaee0, (CMBitMap*) 0x000001ec385aaf20
 Prev Bits: [0x000001ec514c0000, 0x000001ec55348000)
 Next Bits: [0x000001ec55350000, 0x000001ec591d8000)

Polling page: 0x000001ec36520000

Metaspace:

Usage:
  Non-class:      2.92 MB used.
      Class:    300.92 KB used.
       Both:      3.21 MB used.

Virtual space:
  Non-class space:       64.00 MB reserved,       3.06 MB (  5%) committed,  1 nodes.
      Class space:        1.00 GB reserved,     384.00 KB ( <1%) committed,  1 nodes.
             Both:        1.06 GB reserved,       3.44 MB ( <1%) committed. 

Chunk freelists:
   Non-Class:  2.80 MB
       Class:  3.58 MB
        Both:  6.38 MB

MaxMetaspaceSize: unlimited
CompressedClassSpaceSize: 1.00 GB
Initial GC threshold: 21.00 MB
Current GC threshold: 21.00 MB
CDS: on
MetaspaceReclaimPolicy: balanced
 - commit_granule_bytes: 65536.
 - commit_granule_words: 8192.
 - virtual_space_node_default_size: 8388608.
 - enlarge_chunks_in_place: 1.
 - new_chunks_are_fully_committed: 0.
 - uncommit_free_chunks: 1.
 - use_allocation_guard: 0.


Internal statistics:

num_allocs_failed_limit: 0.
num_arena_births: 40.
num_arena_deaths: 0.
num_vsnodes_births: 2.
num_vsnodes_deaths: 0.
num_space_committed: 55.
num_space_uncommitted: 0.
num_chunks_returned_to_freelist: 0.
num_chunks_taken_from_freelist: 104.
num_chunk_merges: 0.
num_chunk_splits: 71.
num_chunks_enlarged: 55.
num_inconsistent_stats: 0.

CodeHeap 'non-profiled nmethods': size=119168Kb used=256Kb max_used=256Kb free=118911Kb
 bounds [0x000001ec48040000, 0x000001ec482b0000, 0x000001ec4f4a0000]
CodeHeap 'profiled nmethods': size=119104Kb used=1571Kb max_used=1571Kb free=117533Kb
 bounds [0x000001ec404a0000, 0x000001ec40710000, 0x000001ec478f0000]
CodeHeap 'non-nmethods': size=7488Kb used=2933Kb max_used=2963Kb free=4554Kb
 bounds [0x000001ec478f0000, 0x000001ec47be0000, 0x000001ec48040000]
 total_blobs=1356 nmethods=901 adapters=363
 compilation: enabled
              stopped_count=0, restarted_count=0
 full_count=0

Compilation events (20 events):
Event: 2.717 Thread 0x000001ec604c5270  886       3       java.util.zip.ZipFile$InflaterCleanupAction::run (12 bytes)
Event: 2.717 Thread 0x000001ec6070fcb0 nmethod 885 0x000001ec4061fa10 code [0x000001ec4061fbc0, 0x000001ec4061fda8]
Event: 2.717 Thread 0x000001ec6070fcb0  888   !   3       java.util.zip.Inflater::reset (64 bytes)
Event: 2.717 Thread 0x000001ec604c5270 nmethod 886 0x000001ec4061fe90 code [0x000001ec40620040, 0x000001ec406201a8]
Event: 2.717 Thread 0x000001ec608b9bd0 nmethod 887 0x000001ec40620290 code [0x000001ec40620480, 0x000001ec406208a8]
Event: 2.717 Thread 0x000001ec6070fcb0 nmethod 888 0x000001ec40620a90 code [0x000001ec40620c60, 0x000001ec40620fd8]
Event: 2.718 Thread 0x000001ec604c5270  890       3       sun.net.www.protocol.jar.Handler::checkNestedProtocol (18 bytes)
Event: 2.718 Thread 0x000001ec604c5270 nmethod 890 0x000001ec40621190 code [0x000001ec40621340, 0x000001ec40621528]
Event: 2.718 Thread 0x000001ec604105f0  891       4       java.lang.String::getBytes (44 bytes)
Event: 2.719 Thread 0x000001ec604105f0 nmethod 891 0x000001ec4807f010 code [0x000001ec4807f1a0, 0x000001ec4807f2d8]
Event: 2.720 Thread 0x000001ec608b9650  892 %     4       java.lang.StringCoding::countPositives @ 7 (33 bytes)
Event: 2.721 Thread 0x000001ec608b9bd0  893       3       java.net.URL::toString (5 bytes)
Event: 2.721 Thread 0x000001ec608b9bd0 nmethod 893 0x000001ec40621610 code [0x000001ec406217c0, 0x000001ec406219e8]
Event: 2.722 Thread 0x000001ec608b9bd0  894       3       java.util.zip.ZipUtils::CENATX_PERMS (9 bytes)
Event: 2.722 Thread 0x000001ec608b9bd0 nmethod 894 0x000001ec40621b10 code [0x000001ec40621cc0, 0x000001ec40621e78]
Event: 2.723 Thread 0x000001ec608b9650 nmethod 892% 0x000001ec4807f410 code [0x000001ec4807f5a0, 0x000001ec4807f778]
Event: 2.724 Thread 0x000001ec60626f70  895       4       java.util.HashMap::getNode (150 bytes)
Event: 2.724 Thread 0x000001ec608b9650  896   !   4       java.util.concurrent.ConcurrentHashMap::putVal (432 bytes)
Event: 2.724 Thread 0x000001ec604105f0  897  s!   4       jdk.internal.loader.URLClassPath::getLoader (194 bytes)
Event: 2.727 Thread 0x000001ec6070fcb0  899       3       java.lang.String::contains (19 bytes)

GC Heap History (0 events):
No events

Dll operation events (12 events):
Event: 0.004 Loaded shared library C:\Program Files\Java\jdk-19\bin\java.dll
Event: 0.011 Loaded shared library C:\Program Files\Java\jdk-19\bin\jsvml.dll
Event: 0.049 Loaded shared library C:\Program Files\Java\jdk-19\bin\zip.dll
Event: 0.051 Loaded shared library C:\Program Files\Java\jdk-19\bin\instrument.dll
Event: 0.056 Loaded shared library C:\Program Files\Java\jdk-19\bin\net.dll
Event: 0.057 Loaded shared library C:\Program Files\Java\jdk-19\bin\nio.dll
Event: 0.148 Loaded shared library C:\Program Files\Java\jdk-19\bin\zip.dll
Event: 0.161 Loaded shared library C:\Program Files\JetBrains\IntelliJ IDEA 2022.1.2\bin\breakgen64.dll
Event: 0.166 Loaded shared library C:\Program Files\Java\jdk-19\bin\extnet.dll
Event: 1.117 Loaded shared library C:\Program Files\Java\jdk-19\bin\jimage.dll
Event: 2.455 Loaded shared library C:\Users\99293\AppData\Local\Temp\jansi-2.4.0-6cd280542ad629ba-jansi.dll
Event: 2.463 Loaded shared library C:\Program Files\Java\jdk-19\bin\verify.dll

Deoptimization events (20 events):
Event: 2.663 Thread 0x000001ec38537cf0 DEOPT PACKING pc=0x000001ec480555e8 sp=0x000000bd102feb50
Event: 2.663 Thread 0x000001ec38537cf0 DEOPT UNPACKING pc=0x000001ec47956da3 sp=0x000000bd102feb00 mode 2
Event: 2.665 Thread 0x000001ec38537cf0 DEOPT PACKING pc=0x000001ec404e3a76 sp=0x000000bd102fe300
Event: 2.665 Thread 0x000001ec38537cf0 DEOPT UNPACKING pc=0x000001ec47957543 sp=0x000000bd102fd7c0 mode 0
Event: 2.669 Thread 0x000001ec38537cf0 DEOPT PACKING pc=0x000001ec40556165 sp=0x000000bd102fa760
Event: 2.669 Thread 0x000001ec38537cf0 DEOPT UNPACKING pc=0x000001ec47957543 sp=0x000000bd102f9bb0 mode 0
Event: 2.678 Thread 0x000001ec38537cf0 DEOPT PACKING pc=0x000001ec404e6b3e sp=0x000000bd102fa9f0
Event: 2.678 Thread 0x000001ec38537cf0 DEOPT UNPACKING pc=0x000001ec47957543 sp=0x000000bd102f9e68 mode 0
Event: 2.698 Thread 0x000001ec38537cf0 Uncommon trap: trap_request=0xffffff45 fr.pc=0x000001ec48058f74 relative=0x00000000000003b4
Event: 2.698 Thread 0x000001ec38537cf0 Uncommon trap: reason=unstable_if action=reinterpret pc=0x000001ec48058f74 method=java.lang.StringLatin1.canEncode(I)Z @ 4 c2
Event: 2.698 Thread 0x000001ec38537cf0 DEOPT PACKING pc=0x000001ec48058f74 sp=0x000000bd102fe520
Event: 2.698 Thread 0x000001ec38537cf0 DEOPT UNPACKING pc=0x000001ec47956da3 sp=0x000000bd102fe448 mode 2
Event: 2.698 Thread 0x000001ec38537cf0 Uncommon trap: trap_request=0xffffff45 fr.pc=0x000001ec4807115c relative=0x000000000000039c
Event: 2.698 Thread 0x000001ec38537cf0 Uncommon trap: reason=unstable_if action=reinterpret pc=0x000001ec4807115c method=java.lang.AbstractStringBuilder.isLatin1()Z @ 10 c2
Event: 2.698 Thread 0x000001ec38537cf0 DEOPT PACKING pc=0x000001ec4807115c sp=0x000000bd102fe530
Event: 2.698 Thread 0x000001ec38537cf0 DEOPT UNPACKING pc=0x000001ec47956da3 sp=0x000000bd102fe4b0 mode 2
Event: 2.704 Thread 0x000001ec38537cf0 Uncommon trap: trap_request=0xffffff45 fr.pc=0x000001ec48056eb8 relative=0x0000000000000038
Event: 2.704 Thread 0x000001ec38537cf0 Uncommon trap: reason=unstable_if action=reinterpret pc=0x000001ec48056eb8 method=java.lang.StringLatin1.canEncode(I)Z @ 4 c2
Event: 2.704 Thread 0x000001ec38537cf0 DEOPT PACKING pc=0x000001ec48056eb8 sp=0x000000bd102fe4c0
Event: 2.704 Thread 0x000001ec38537cf0 DEOPT UNPACKING pc=0x000001ec47956da3 sp=0x000000bd102fe450 mode 2

Classes loaded (20 events):
Event: 2.653 Loading class java/util/regex/Pattern$SliceS
Event: 2.653 Loading class java/util/regex/Pattern$SliceS done
Event: 2.655 Loading class java/text/MessageFormat
Event: 2.655 Loading class java/text/MessageFormat done
Event: 2.658 Loading class java/io/EOFException
Event: 2.658 Loading class java/io/EOFException done
Event: 2.663 Loading class java/util/ArrayList$ListItr
Event: 2.663 Loading class java/util/ArrayList$ListItr done
Event: 2.669 Loading class java/lang/TypeNotPresentException
Event: 2.669 Loading class java/lang/TypeNotPresentException done
Event: 2.673 Loading class java/util/concurrent/atomic/AtomicReference
Event: 2.673 Loading class java/util/concurrent/atomic/AtomicReference done
Event: 2.679 Loading class java/text/ParseException
Event: 2.679 Loading class java/text/ParseException done
Event: 2.695 Loading class sun/text/resources/cldr/FormatData_en
Event: 2.695 Loading class sun/text/resources/cldr/FormatData_en done
Event: 2.696 Loading class sun/text/resources/cldr/FormatData_en_US
Event: 2.696 Loading class sun/text/resources/cldr/FormatData_en_US done
Event: 2.726 Loading class java/lang/ArrayIndexOutOfBoundsException
Event: 2.726 Loading class java/lang/ArrayIndexOutOfBoundsException done

Classes unloaded (0 events):
No events

Classes redefined (0 events):
No events

Internal exceptions (13 events):
Event: 0.155 Thread 0x000001ec38537cf0 Exception <a 'java/lang/NoSuchMethodError'{0x00000007156ca910}: 'void java.lang.invoke.DirectMethodHandle$Holder.invokeStatic(java.lang.Object, java.lang.Object, java.lang.Object)'> (0x00000007156ca910) 
thrown [s\open\src\hotspot\share\interpreter\linkResolver.cpp, line 774]
Event: 0.159 Thread 0x000001ec38537cf0 Exception <a 'java/lang/NoSuchMethodError'{0x00000007156e3148}: 'java.lang.Object java.lang.invoke.Invokers$Holder.invokeExact_MT(java.lang.Object, java.lang.Object, java.lang.Object, java.lang.Object, java.lang.Object)'> (0x00000007156e3148) 
thrown [s\open\src\hotspot\share\interpreter\linkResolver.cpp, line 774]
Event: 0.168 Thread 0x000001ec605cdab0 Exception <a 'java/lang/NoSuchMethodError'{0x0000000715759f58}: 'void java.lang.invoke.DirectMethodHandle$Holder.invokeStatic(java.lang.Object, java.lang.Object)'> (0x0000000715759f58) 
thrown [s\open\src\hotspot\share\interpreter\linkResolver.cpp, line 774]
Event: 1.134 Thread 0x000001ec6040d0a0 Exception <a 'java/lang/NoSuchMethodError'{0x000000071528cbb0}: 'java.lang.Object java.lang.invoke.Invokers$Holder.invokeExact_MT(java.lang.Object, java.lang.Object, java.lang.Object, java.lang.Object, java.lang.Object, java.lang.Object)'> (0x000000071528cbb0) 
thrown [s\open\src\hotspot\share\interpreter\linkResolver.cpp, line 774]
Event: 2.401 Thread 0x000001ec38537cf0 Exception <a 'java/lang/NullPointerException'{0x000000071539ccb0}> (0x000000071539ccb0) 
thrown [s\open\src\hotspot\share\interpreter\linkResolver.cpp, line 1374]
Event: 2.457 Thread 0x000001ec38537cf0 Exception <a 'java/lang/NullPointerException'{0x0000000715045e40}> (0x0000000715045e40) 
thrown [s\open\src\hotspot\share\interpreter\linkResolver.cpp, line 1374]
Event: 2.457 Thread 0x000001ec38537cf0 Exception <a 'java/lang/NullPointerException'{0x0000000715046120}> (0x0000000715046120) 
thrown [s\open\src\hotspot\share\interpreter\linkResolver.cpp, line 1374]
Event: 2.457 Thread 0x000001ec38537cf0 Exception <a 'java/lang/NullPointerException'{0x0000000715046400}> (0x0000000715046400) 
thrown [s\open\src\hotspot\share\interpreter\linkResolver.cpp, line 1374]
Event: 2.458 Thread 0x000001ec38537cf0 Exception <a 'java/lang/NullPointerException'{0x000000071504b6e0}> (0x000000071504b6e0) 
thrown [s\open\src\hotspot\share\interpreter\linkResolver.cpp, line 1374]
Event: 2.459 Thread 0x000001ec38537cf0 Exception <a 'java/lang/NullPointerException'{0x000000071505ec48}> (0x000000071505ec48) 
thrown [s\open\src\hotspot\share\interpreter\linkResolver.cpp, line 1374]
Event: 2.459 Thread 0x000001ec38537cf0 Exception <a 'java/lang/NullPointerException'{0x000000071505ef28}> (0x000000071505ef28) 
thrown [s\open\src\hotspot\share\interpreter\linkResolver.cpp, line 1374]
Event: 2.459 Thread 0x000001ec38537cf0 Exception <a 'java/lang/NullPointerException'{0x000000071505f208}> (0x000000071505f208) 
thrown [s\open\src\hotspot\share\interpreter\linkResolver.cpp, line 1374]
Event: 2.459 Thread 0x000001ec38537cf0 Exception <a 'java/lang/NullPointerException'{0x000000071505f4e8}> (0x000000071505f4e8) 
thrown [s\open\src\hotspot\share\interpreter\linkResolver.cpp, line 1374]

VM Operations (14 events):
Event: 0.041 Executing VM operation: HandshakeAllThreads
Event: 0.041 Executing VM operation: HandshakeAllThreads done
Event: 0.163 Executing VM operation: HandshakeAllThreads
Event: 0.163 Executing VM operation: HandshakeAllThreads done
Event: 1.123 Executing VM operation: HandshakeAllThreads
Event: 1.123 Executing VM operation: HandshakeAllThreads done
Event: 1.123 Executing VM operation: Cleanup
Event: 1.123 Executing VM operation: Cleanup done
Event: 2.128 Executing VM operation: Cleanup
Event: 2.128 Executing VM operation: Cleanup done
Event: 2.400 Executing VM operation: HandshakeAllThreads
Event: 2.400 Executing VM operation: HandshakeAllThreads done
Event: 2.402 Executing VM operation: HandshakeAllThreads
Event: 2.402 Executing VM operation: HandshakeAllThreads done

Events (20 events):
Event: 0.019 Thread 0x000001ec6040d0a0 Thread added: 0x000001ec6040d0a0
Event: 0.019 Thread 0x000001ec6040dc50 Thread added: 0x000001ec6040dc50
Event: 0.019 Thread 0x000001ec6040e580 Thread added: 0x000001ec6040e580
Event: 0.019 Thread 0x000001ec604105f0 Thread added: 0x000001ec604105f0
Event: 0.019 Thread 0x000001ec60410f60 Thread added: 0x000001ec60410f60
Event: 0.019 Thread 0x000001ec60416de0 Thread added: 0x000001ec60416de0
Event: 0.024 Thread 0x000001ec604c5270 Thread added: 0x000001ec604c5270
Event: 0.035 Thread 0x000001ec60565b40 Thread added: 0x000001ec60565b40
Event: 0.161 Thread 0x000001ec605cdab0 Thread added: 0x000001ec605cdab0
Event: 0.161 Thread 0x000001ec605cdff0 Thread added: 0x000001ec605cdff0
Event: 1.109 Thread 0x000001ec6070fcb0 Thread added: 0x000001ec6070fcb0
Event: 1.109 Thread 0x000001ec60710230 Thread added: 0x000001ec60710230
Event: 1.124 Thread 0x000001ec60781a20 Thread added: 0x000001ec60781a20
Event: 1.127 Thread 0x000001ec607795b0 Thread added: 0x000001ec607795b0
Event: 1.748 Thread 0x000001ec607795b0 Thread exited: 0x000001ec607795b0
Event: 1.748 Thread 0x000001ec60781a20 Thread exited: 0x000001ec60781a20
Event: 1.748 Thread 0x000001ec60710230 Thread exited: 0x000001ec60710230
Event: 2.687 Thread 0x000001ec608b9650 Thread added: 0x000001ec608b9650
Event: 2.687 Thread 0x000001ec608b9bd0 Thread added: 0x000001ec608b9bd0
Event: 2.694 Thread 0x000001ec60626f70 Thread added: 0x000001ec60626f70


Dynamic libraries:
0x00007ff6081f0000 - 0x00007ff608200000 	C:\Program Files\Java\jdk-19\bin\java.exe
0x00007ffa1b950000 - 0x00007ffa1bb64000 	C:\WINDOWS\SYSTEM32\ntdll.dll
0x00007ffa1b120000 - 0x00007ffa1b1e4000 	C:\WINDOWS\System32\KERNEL32.DLL
0x00007ffa192b0000 - 0x00007ffa19654000 	C:\WINDOWS\System32\KERNELBASE.dll
0x00007ffa190f0000 - 0x00007ffa19201000 	C:\WINDOWS\System32\ucrtbase.dll
0x00007ffa12a20000 - 0x00007ffa12a38000 	C:\Program Files\Java\jdk-19\bin\jli.dll
0x00007ffa19cb0000 - 0x00007ffa19d60000 	C:\WINDOWS\System32\ADVAPI32.dll
0x00007ffa11b50000 - 0x00007ffa11b6b000 	C:\Program Files\Java\jdk-19\bin\VCRUNTIME140.dll
0x00007ffa1b070000 - 0x00007ffa1b117000 	C:\WINDOWS\System32\msvcrt.dll
0x00007ffa1a170000 - 0x00007ffa1a216000 	C:\WINDOWS\System32\sechost.dll
0x00007ffa19e20000 - 0x00007ffa19f37000 	C:\WINDOWS\System32\RPCRT4.dll
0x00007ffa1b3c0000 - 0x00007ffa1b56a000 	C:\WINDOWS\System32\USER32.dll
0x00007ffa18e20000 - 0x00007ffa18e46000 	C:\WINDOWS\System32\win32u.dll
0x00007ff9ff5a0000 - 0x00007ff9ff82f000 	C:\WINDOWS\WinSxS\amd64_microsoft.windows.common-controls_6595b64144ccf1df_6.0.22621.2070_none_2713e6537381f706\COMCTL32.dll
0x00007ffa19d60000 - 0x00007ffa19d89000 	C:\WINDOWS\System32\GDI32.dll
0x00007ffa18d00000 - 0x00007ffa18e19000 	C:\WINDOWS\System32\gdi32full.dll
0x00007ffa19210000 - 0x00007ffa192aa000 	C:\WINDOWS\System32\msvcp_win.dll
0x00007ffa118d0000 - 0x00007ffa118da000 	C:\WINDOWS\SYSTEM32\VERSION.dll
0x00007ffa197e0000 - 0x00007ffa19811000 	C:\WINDOWS\System32\IMM32.DLL
0x00007ffa13d30000 - 0x00007ffa13d3c000 	C:\Program Files\Java\jdk-19\bin\vcruntime140_1.dll
0x00007ff9e3370000 - 0x00007ff9e33fe000 	C:\Program Files\Java\jdk-19\bin\msvcp140.dll
0x00007ff99ae00000 - 0x00007ff99bac0000 	C:\Program Files\Java\jdk-19\bin\server\jvm.dll
0x00007ffa119e0000 - 0x00007ffa119e9000 	C:\WINDOWS\SYSTEM32\WSOCK32.dll
0x00007ffa11bc0000 - 0x00007ffa11bf4000 	C:\WINDOWS\SYSTEM32\WINMM.dll
0x00007ffa19da0000 - 0x00007ffa19e11000 	C:\WINDOWS\System32\WS2_32.dll
0x00007ffa17e30000 - 0x00007ffa17e48000 	C:\WINDOWS\SYSTEM32\kernel.appcore.dll
0x00007ffa119c0000 - 0x00007ffa119ca000 	C:\Program Files\Java\jdk-19\bin\jimage.dll
0x00007ffa16400000 - 0x00007ffa1662e000 	C:\WINDOWS\SYSTEM32\DBGHELP.DLL
0x00007ffa19880000 - 0x00007ffa19c0a000 	C:\WINDOWS\System32\combase.dll
0x00007ffa1b800000 - 0x00007ffa1b8d7000 	C:\WINDOWS\System32\OLEAUT32.dll
0x00007ffa0f950000 - 0x00007ffa0f982000 	C:\WINDOWS\SYSTEM32\dbgcore.DLL
0x00007ffa19660000 - 0x00007ffa196da000 	C:\WINDOWS\System32\bcryptPrimitives.dll
0x00007ffa11ad0000 - 0x00007ffa11ade000 	C:\Program Files\Java\jdk-19\bin\instrument.dll
0x00007ffa0a160000 - 0x00007ffa0a186000 	C:\Program Files\Java\jdk-19\bin\java.dll
0x00007ff9c2470000 - 0x00007ff9c2547000 	C:\Program Files\Java\jdk-19\bin\jsvml.dll
0x00007ffa1a6a0000 - 0x00007ffa1aeb6000 	C:\WINDOWS\System32\SHELL32.dll
0x00007ffa16ca0000 - 0x00007ffa1758a000 	C:\WINDOWS\SYSTEM32\windows.storage.dll
0x00007ffa16b60000 - 0x00007ffa16c9e000 	C:\WINDOWS\SYSTEM32\wintypes.dll
0x00007ffa196e0000 - 0x00007ffa197d3000 	C:\WINDOWS\System32\SHCORE.dll
0x00007ffa1a0b0000 - 0x00007ffa1a10e000 	C:\WINDOWS\System32\shlwapi.dll
0x00007ffa18c30000 - 0x00007ffa18c56000 	C:\WINDOWS\SYSTEM32\profapi.dll
0x00007ffa09040000 - 0x00007ffa09058000 	C:\Program Files\Java\jdk-19\bin\zip.dll
0x00007ffa09590000 - 0x00007ffa095a3000 	C:\Program Files\Java\jdk-19\bin\net.dll
0x00007ffa13360000 - 0x00007ffa13497000 	C:\WINDOWS\SYSTEM32\WINHTTP.dll
0x00007ffa182b0000 - 0x00007ffa18319000 	C:\WINDOWS\system32\mswsock.dll
0x00007ffa09100000 - 0x00007ffa09116000 	C:\Program Files\Java\jdk-19\bin\nio.dll
0x00007ffa08480000 - 0x00007ffa0849a000 	C:\Program Files\JetBrains\IntelliJ IDEA 2022.1.2\bin\breakgen64.dll
0x00007ffa0adb0000 - 0x00007ffa0adb8000 	C:\Program Files\Java\jdk-19\bin\extnet.dll
0x0000000069ac0000 - 0x0000000069ae4000 	C:\Users\99293\AppData\Local\Temp\jansi-2.4.0-6cd280542ad629ba-jansi.dll
0x00007ffa0bd50000 - 0x00007ffa0bd60000 	C:\Program Files\Java\jdk-19\bin\verify.dll

dbghelp: loaded successfully - version: 4.0.5 - missing functions: none
symbol engine: initialized successfully - sym options: 0x614 - pdb path: .;C:\Program Files\Java\jdk-19\bin;C:\WINDOWS\SYSTEM32;C:\WINDOWS\WinSxS\amd64_microsoft.windows.common-controls_6595b64144ccf1df_6.0.22621.2070_none_2713e6537381f706;C:\Program Files\Java\jdk-19\bin\server;C:\Program Files\JetBrains\IntelliJ IDEA 2022.1.2\bin;C:\Users\99293\AppData\Local\Temp

VM Arguments:
jvm_args: -Dmaven.multiModuleProjectDirectory=D:\unitedStates original storage\unitedStates duplicates original storage -Dmaven.home=C:\Users\99293\.m2\wrapper\dists\apache-maven-3.8.6-bin\1ks0nkde5v1pk9vtc31i9d0lcd\apache-maven-3.8.6 -Dclassworlds.conf=C:\Users\99293\.m2\wrapper\dists\apache-maven-3.8.6-bin\1ks0nkde5v1pk9vtc31i9d0lcd\apache-maven-3.8.6\bin\m2.conf -Dmaven.ext.class.path=C:\Program Files\JetBrains\IntelliJ IDEA 2022.1.2\plugins\maven\lib\maven-event-listener.jar -javaagent:C:\Program Files\JetBrains\IntelliJ IDEA 2022.1.2\lib\idea_rt.jar=59007:C:\Program Files\JetBrains\IntelliJ IDEA 2022.1.2\bin -Dfile.encoding=UTF-8 
java_command: org.codehaus.classworlds.Launcher -Didea.version=2022.1.2 package
java_class_path (initial): C:\Users\99293\.m2\wrapper\dists\apache-maven-3.8.6-bin\1ks0nkde5v1pk9vtc31i9d0lcd\apache-maven-3.8.6\boot\plexus-classworlds-2.6.0.jar;C:\Users\99293\.m2\wrapper\dists\apache-maven-3.8.6-bin\1ks0nkde5v1pk9vtc31i9d0lcd\apache-maven-3.8.6\boot\plexus-classworlds.license
Launcher Type: SUN_STANDARD

[Global flags]
     intx CICompilerCount                          = 12                                        {product} {ergonomic}
     uint ConcGCThreads                            = 3                                         {product} {ergonomic}
     uint G1ConcRefinementThreads                  = 13                                        {product} {ergonomic}
   size_t G1HeapRegionSize                         = 2097152                                   {product} {ergonomic}
    uintx GCDrainStackTargetSize                   = 64                                        {product} {ergonomic}
   size_t InitialHeapSize                          = 264241152                                 {product} {ergonomic}
   size_t MarkStackSize                            = 4194304                                   {product} {ergonomic}
   size_t MaxHeapSize                              = 4196401152                                {product} {ergonomic}
   size_t MaxNewSize                               = 2516582400                                {product} {ergonomic}
   size_t MinHeapDeltaBytes                        = 2097152                                   {product} {ergonomic}
   size_t MinHeapSize                              = 8388608                                   {product} {ergonomic}
    uintx NonNMethodCodeHeapSize                   = 7602480                                {pd product} {ergonomic}
    uintx NonProfiledCodeHeapSize                  = 122027880                              {pd product} {ergonomic}
    uintx ProfiledCodeHeapSize                     = 122027880                              {pd product} {ergonomic}
    uintx ReservedCodeCacheSize                    = 251658240                              {pd product} {ergonomic}
     bool SegmentedCodeCache                       = true                                      {product} {ergonomic}
   size_t SoftMaxHeapSize                          = 4196401152                             {manageable} {ergonomic}
     bool UseCompressedClassPointers               = true                           {product lp64_product} {ergonomic}
     bool UseCompressedOops                        = true                           {product lp64_product} {ergonomic}
     bool UseG1GC                                  = true                                      {product} {ergonomic}
     bool UseLargePagesIndividualAllocation        = false                                  {pd product} {ergonomic}

Logging:
Log output configuration:
 #0: stdout all=warning uptime,level,tags foldmultilines=false
 #1: stderr all=off uptime,level,tags foldmultilines=false

Environment Variables:
PATH=C:\Program Files\Common Files\Oracle\Java\javapath;C:\Windows\system32;C:\Windows;C:\Windows\System32\Wbem;C:\Windows\System32\WindowsPowerShell\v1.0\;C:\Windows\System32\OpenSSH\;C:\Program Files (x86)\NVIDIA Corporation\PhysX\Common;C:\Program Files\NVIDIA Corporation\NVIDIA NvDLISR;C:\Program Files\Git\cmd;C:\Program Files (x86)\dotnet\;%SystemRoot%\system32;%SystemRoot%;%SystemRoot%\System32\Wbem;%SYSTEMROOT%\System32\WindowsPowerShell\v1.0\;%SYSTEMROOT%\System32\OpenSSH\;C:\Users\99293\AppData\Local\Programs\Python\Python311\Scripts\;C:\Users\99293\AppData\Local\Programs\Python\Python311\;C:\Users\99293\AppData\Local\Microsoft\WindowsApps;;C:\Program Files\JetBrains\IntelliJ IDEA 2022.1.2\bin;;C:\Program Files\heroku\bin
USERNAME=ASUS
OS=Windows_NT
PROCESSOR_IDENTIFIER=Intel64 Family 6 Model 154 Stepping 3, GenuineIntel
TMP=C:\Users\99293\AppData\Local\Temp
TEMP=C:\Users\99293\AppData\Local\Temp



---------------  S Y S T E M  ---------------

OS:
 Windows 11 , 64 bit Build 22621 (10.0.22621.2070)
OS uptime: 2 days 0:15 hours
Hyper-V role detected

CPU: total 16 (initial active 16) (8 cores per cpu, 2 threads per core) family 6 model 154 stepping 3 microcode 0x41c, cx8, cmov, fxsr, ht, mmx, 3dnowpref, sse, sse2, sse3, ssse3, sse4.1, sse4.2, popcnt, lzcnt, tsc, tscinvbit, avx, avx2, aes, erms, clmul, bmi1, bmi2, adx, sha, fma, vzeroupper, clflush, clflushopt, clwb, hv, serialize, rdtscp, rdpid, fsrm

Memory: 4k page, system-wide physical 16005M (3126M free)
TotalPageFile size 18053M (AvailPageFile size 3M)
current process WorkingSet (physical memory assigned to process): 63M, peak: 63M
current process commit charge ("private bytes"): 367M, peak: 367M

vm_info: Java HotSpot(TM) 64-Bit Server VM (19.0.2+7-44) for windows-amd64 JRE (19.0.2+7-44), built on 2022-11-30T18:02:09Z by "mach5one" with MS VC++ 17.1 (VS2022)

END.
