#
# There is insufficient memory for the Java Runtime Environment to continue.
# Native memory allocation (mmap) failed to map 31457280 bytes for G1 virtual space
# Possible reasons:
#   The system is out of physical RAM or swap space
#   The process is running with CompressedOops enabled, and the Java Heap may be blocking the growth of the native heap
# Possible solutions:
#   Reduce memory load on the system
#   Increase physical memory or swap space
#   Check if swap backing store is full
#   Decrease Java heap size (-Xmx/-Xms)
#   Decrease number of Java threads
#   Decrease Java thread stack sizes (-Xss)
#   Set larger code cache with -XX:ReservedCodeCacheSize=
#   JVM is running with Zero Based Compressed Oops mode in which the Java heap is
#     placed in the first 32GB address space. The Java Heap base address is the
#     maximum limit for the native heap growth. Please use -XX:HeapBaseMinAddress
#     to set the Java Heap base and to place the Java Heap above 32GB virtual address.
# This output file may be truncated or incomplete.
#
#  Out of Memory Error (os_windows.cpp:3536), pid=26268, tid=14992
#
# JRE version: Java(TM) SE Runtime Environment (19.0.2+7) (build 19.0.2+7-44)
# Java VM: Java HotSpot(TM) 64-Bit Server VM (19.0.2+7-44, mixed mode, sharing, tiered, compressed oops, compressed class ptrs, g1 gc, windows-amd64)
# No core dump will be written. Minidumps are not enabled by default on client versions of Windows
#

---------------  S U M M A R Y ------------

Command Line: -Dmaven.multiModuleProjectDirectory=D:\unitedStates_storage-master\unitedStates_storage -Dmaven.home=C:\Users\99293\.m2\wrapper\dists\apache-maven-3.8.6-bin\1ks0nkde5v1pk9vtc31i9d0lcd\apache-maven-3.8.6 -Dclassworlds.conf=C:\Users\99293\.m2\wrapper\dists\apache-maven-3.8.6-bin\1ks0nkde5v1pk9vtc31i9d0lcd\apache-maven-3.8.6\bin\m2.conf -Dmaven.ext.class.path=C:\Program Files\JetBrains\IntelliJ IDEA 2022.1.2\plugins\maven\lib\maven-event-listener.jar -javaagent:C:\Program Files\JetBrains\IntelliJ IDEA 2022.1.2\lib\idea_rt.jar=56171:C:\Program Files\JetBrains\IntelliJ IDEA 2022.1.2\bin -Dfile.encoding=UTF-8 org.codehaus.classworlds.Launcher -Didea.version=2022.1.2 package

Host: 12th Gen Intel(R) Core(TM) i7-12650H, 16 cores, 15G,  Windows 11 , 64 bit Build 22621 (10.0.22621.3672)
Time: Mon Jul 29 16:08:17 2024  Windows 11 , 64 bit Build 22621 (10.0.22621.3672) elapsed time: 2.997448 seconds (0d 0h 0m 2s)

---------------  T H R E A D  ---------------

Current thread (0x00000156476a64c0):  VMThread "VM Thread" [stack: 0x000000452db00000,0x000000452dc00000] [id=14992]

Stack: [0x000000452db00000,0x000000452dc00000]
Native frames: (J=compiled Java code, j=interpreted, Vv=VM code, C=native code)
V  [jvm.dll+0x6ee21a]
V  [jvm.dll+0x85765e]
V  [jvm.dll+0x85904e]
V  [jvm.dll+0x859703]
V  [jvm.dll+0x28298f]
V  [jvm.dll+0x6eb009]
V  [jvm.dll+0x6dfbaa]
V  [jvm.dll+0x3573f6]
V  [jvm.dll+0x35ee56]
V  [jvm.dll+0x3b541e]
V  [jvm.dll+0x3b564f]
V  [jvm.dll+0x32c9ea]
V  [jvm.dll+0x32ca97]
V  [jvm.dll+0x374cd2]
V  [jvm.dll+0x37340f]
V  [jvm.dll+0x32c210]
V  [jvm.dll+0x3729ab]
V  [jvm.dll+0x85ebc3]
V  [jvm.dll+0x85f989]
V  [jvm.dll+0x85febd]
V  [jvm.dll+0x86034b]
V  [jvm.dll+0x860407]
V  [jvm.dll+0x80125a]
V  [jvm.dll+0x6ecf0b]
C  [ucrtbase.dll+0x29333]
C  [KERNEL32.DLL+0x1257d]
C  [ntdll.dll+0x5af28]

VM_Operation (0x000000452d5fcad0): G1CollectForAllocation, mode: safepoint, requested by thread 0x00000156239c0070


---------------  P R O C E S S  ---------------

Threads class SMR info:
_java_thread_list=0x000001564e540b00, length=23, elements={
0x00000156239c0070, 0x00000156476c32f0, 0x00000156476c4690, 0x00000156476c8f00,
0x00000156476cbda0, 0x00000156476cea90, 0x00000156476d1db0, 0x00000156476d6ca0,
0x00000156476d73c0, 0x00000156476db180, 0x000001564b899f10, 0x000001564b92a650,
0x000001564b931420, 0x000001564b9d5740, 0x000001564ba01f10, 0x000001564ba02850,
0x000001564bd95470, 0x000001564ea30230, 0x000001564ea307b0, 0x000001564debc880,
0x000001564e5359c0, 0x000001564f09e010, 0x000001564e53ffd0
}

Java Threads: ( => current thread )
  0x00000156239c0070 JavaThread "main" [_thread_blocked, id=5776, stack(0x000000452d500000,0x000000452d600000)]
  0x00000156476c32f0 JavaThread "Reference Handler" daemon [_thread_blocked, id=17316, stack(0x000000452dc00000,0x000000452dd00000)]
  0x00000156476c4690 JavaThread "Finalizer" daemon [_thread_blocked, id=12428, stack(0x000000452dd00000,0x000000452de00000)]
  0x00000156476c8f00 JavaThread "Signal Dispatcher" daemon [_thread_blocked, id=7624, stack(0x000000452de00000,0x000000452df00000)]
  0x00000156476cbda0 JavaThread "Attach Listener" daemon [_thread_blocked, id=5708, stack(0x000000452df00000,0x000000452e000000)]
  0x00000156476cea90 JavaThread "Service Thread" daemon [_thread_blocked, id=17488, stack(0x000000452e000000,0x000000452e100000)]
  0x00000156476d1db0 JavaThread "Monitor Deflation Thread" daemon [_thread_blocked, id=3028, stack(0x000000452e100000,0x000000452e200000)]
  0x00000156476d6ca0 JavaThread "C2 CompilerThread0" daemon [_thread_blocked, id=9432, stack(0x000000452e200000,0x000000452e300000)]
  0x00000156476d73c0 JavaThread "C1 CompilerThread0" daemon [_thread_blocked, id=15688, stack(0x000000452e300000,0x000000452e400000)]
  0x00000156476db180 JavaThread "Sweeper thread" daemon [_thread_blocked, id=21876, stack(0x000000452e400000,0x000000452e500000)]
  0x000001564b899f10 JavaThread "C1 CompilerThread1" daemon [_thread_blocked, id=17604, stack(0x000000452e500000,0x000000452e600000)]
  0x000001564b92a650 JavaThread "Common-Cleaner" daemon [_thread_blocked, id=352, stack(0x000000452e600000,0x000000452e700000)]
  0x000001564b931420 JavaThread "C1 CompilerThread2" daemon [_thread_blocked, id=25072, stack(0x000000452e700000,0x000000452e800000)]
  0x000001564b9d5740 JavaThread "C2 CompilerThread1" daemon [_thread_blocked, id=11888, stack(0x000000452e800000,0x000000452e900000)]
  0x000001564ba01f10 JavaThread "Monitor Ctrl-Break" daemon [_thread_in_native, id=7880, stack(0x000000452e900000,0x000000452ea00000)]
  0x000001564ba02850 JavaThread "Notification Thread" daemon [_thread_blocked, id=15588, stack(0x000000452ea00000,0x000000452eb00000)]
  0x000001564bd95470 JavaThread "C1 CompilerThread3" daemon [_thread_blocked, id=12244, stack(0x000000452ec00000,0x000000452ed00000)]
  0x000001564ea30230 JavaThread "C2 CompilerThread2" daemon [_thread_blocked, id=23416, stack(0x000000452f100000,0x000000452f200000)]
  0x000001564ea307b0 JavaThread "C2 CompilerThread3" daemon [_thread_blocked, id=18564, stack(0x000000452f200000,0x000000452f300000)]
  0x000001564debc880 JavaThread "C2 CompilerThread4" daemon [_thread_blocked, id=20296, stack(0x000000452fd00000,0x000000452fe00000)]
  0x000001564e5359c0 JavaThread "C2 CompilerThread5" daemon [_thread_blocked, id=20180, stack(0x000000452fe00000,0x000000452ff00000)]
  0x000001564f09e010 JavaThread "C2 CompilerThread6" daemon [_thread_blocked, id=14476, stack(0x000000452ff00000,0x0000004530000000)]
  0x000001564e53ffd0 JavaThread "C2 CompilerThread7" daemon [_thread_blocked, id=22996, stack(0x0000004530000000,0x0000004530100000)]

Other Threads:
=>0x00000156476a64c0 VMThread "VM Thread" [stack: 0x000000452db00000,0x000000452dc00000] [id=14992]
  0x000001564ba06ae0 WatcherThread "VM Periodic Task Thread" [stack: 0x000000452eb00000,0x000000452ec00000] [id=24152]
  0x0000015623a32b40 WorkerThread "GC Thread#0" [stack: 0x000000452d600000,0x000000452d700000] [id=14632]
  0x000001564bd2b7c0 WorkerThread "GC Thread#1" [stack: 0x000000452f300000,0x000000452f400000] [id=22412]
  0x000001564bd2ba90 WorkerThread "GC Thread#2" [stack: 0x000000452f400000,0x000000452f500000] [id=15960]
  0x000001564bd2c300 WorkerThread "GC Thread#3" [stack: 0x000000452f500000,0x000000452f600000] [id=8624]
  0x000001564bd2ac80 WorkerThread "GC Thread#4" [stack: 0x000000452f600000,0x000000452f700000] [id=6072]
  0x000001564bd2a6e0 WorkerThread "GC Thread#5" [stack: 0x000000452f700000,0x000000452f800000] [id=13828]
  0x000001564bd2af50 WorkerThread "GC Thread#6" [stack: 0x000000452f800000,0x000000452f900000] [id=17548]
  0x000001564bd2b220 WorkerThread "GC Thread#7" [stack: 0x000000452f900000,0x000000452fa00000] [id=19764]
  0x000001564c42adb0 WorkerThread "GC Thread#8" [stack: 0x000000452fa00000,0x000000452fb00000] [id=12756]
  0x000001564c42a810 WorkerThread "GC Thread#9" [stack: 0x000000452fb00000,0x000000452fc00000] [id=11140]
  0x000001564c427b10 WorkerThread "GC Thread#10" [stack: 0x000000452fc00000,0x000000452fd00000] [id=9876]
  0x000001564c4280b0 WorkerThread "GC Thread#11" [stack: 0x000000452ed00000,0x000000452ee00000] [id=16796]
  0x000001564c42aae0 WorkerThread "GC Thread#12" [stack: 0x000000452ee00000,0x000000452ef00000] [id=25080]
  0x0000015623a43560 ConcurrentGCThread "G1 Main Marker" [stack: 0x000000452d700000,0x000000452d800000] [id=3764]
  0x0000015623a43ea0 WorkerThread "G1 Conc#0" [stack: 0x000000452d800000,0x000000452d900000] [id=17788]
  0x000001564c428650 WorkerThread "G1 Conc#1" [stack: 0x000000452ef00000,0x000000452f000000] [id=13196]
  0x000001564c428920 WorkerThread "G1 Conc#2" [stack: 0x000000452f000000,0x000000452f100000] [id=15652]
  0x0000015647561830 ConcurrentGCThread "G1 Refine#0" [stack: 0x000000452d900000,0x000000452da00000] [id=14160]
  0x0000015647562280 ConcurrentGCThread "G1 Service" [stack: 0x000000452da00000,0x000000452db00000] [id=3820]

Threads with active compile tasks:
C2 CompilerThread0     3007 6347   !   4       java.util.regex.Pattern::matcher (44 bytes)
C2 CompilerThread1     3008 6348       4       jdk.internal.jrtfs.JrtPath::getFileName (78 bytes)
C2 CompilerThread2     3008 6345       4       java.util.regex.Matcher::match (154 bytes)
C2 CompilerThread3     3008 6343       4       jdk.internal.jimage.ImageLocation::getFullName (109 bytes)
C2 CompilerThread4     3008 6346   !   4       java.util.regex.Pattern::RemoveQEQuoting (370 bytes)
C2 CompilerThread5     3008 6344       4       jdk.internal.jimage.ImageLocation::decompress (116 bytes)
C2 CompilerThread6     3008 6349       4       com.sun.tools.javac.file.BaseFileManager::getKind (55 bytes)
C2 CompilerThread7     3008 6287       4       java.util.regex.Pattern::compile (537 bytes)

VM state: at safepoint (normal execution)

VM Mutex/Monitor currently owned by a thread:  ([mutex/lock_event])
[0x00000156239bd5d0] Threads_lock - owner thread: 0x00000156476a64c0
[0x00000156239bbad0] Heap_lock - owner thread: 0x00000156239c0070

Heap address: 0x0000000705e00000, size: 4002 MB, Compressed Oops mode: Zero based, Oop shift amount: 3

CDS archive(s) mapped at: [0x0000000800000000-0x0000000800c40000-0x0000000800c40000), size 12845056, SharedBaseAddress: 0x0000000800000000, ArchiveRelocationMode: 0.
Compressed class space mapped at: 0x0000000801000000-0x0000000841000000, reserved size: 1073741824
Narrow klass base: 0x0000000800000000, Narrow klass shift: 0, Narrow klass range: 0x100000000

GC Precious Log:
 CardTable entry size: 512
 Card Set container configuration: InlinePtr #cards 4 size 8 Array Of Cards #cards 16 size 48 Howl #buckets 8 coarsen threshold 3686 Howl Bitmap #cards 512 size 80 coarsen threshold 460 Card regions per heap region 1 cards per card region 4096
 CPUs: 16 total, 16 available
 Memory: 16005M
 Large Page Support: Disabled
 NUMA Support: Disabled
 Compressed Oops: Enabled (Zero based)
 Heap Region Size: 2M
 Heap Min Capacity: 8M
 Heap Initial Capacity: 252M
 Heap Max Capacity: 4002M
 Pre-touch: Disabled
 Parallel Workers: 13
 Concurrent Workers: 3
 Concurrent Refinement Workers: 13
 Periodic GC: Disabled

Heap:
 garbage-first heap   total 81920K, used 42630K [0x0000000705e00000, 0x0000000800000000)
  region size 2048K, 2 young (4096K), 2 survivors (4096K)
 Metaspace       used 24926K, committed 25344K, reserved 1114112K
  class space    used 2631K, committed 2880K, reserved 1048576K

Heap Regions: E=young(eden), S=young(survivor), O=old, HS=humongous(starts), HC=humongous(continues), CS=collection set, F=free, OA=open archive, CA=closed archive, TAMS=top-at-mark-start (previous, next)
|   0|0x0000000705e00000, 0x0000000706000000, 0x0000000706000000|100%| O|  |TAMS 0x0000000706000000, 0x0000000705e00000| Untracked 
|   1|0x0000000706000000, 0x0000000706200000, 0x0000000706200000|100%| O|  |TAMS 0x0000000706000000, 0x0000000706000000| Untracked 
|   2|0x0000000706200000, 0x0000000706400000, 0x0000000706400000|100%| O|  |TAMS 0x0000000706200000, 0x0000000706200000| Untracked 
|   3|0x0000000706400000, 0x0000000706600000, 0x0000000706600000|100%| O|  |TAMS 0x0000000706400000, 0x0000000706400000| Untracked 
|   4|0x0000000706600000, 0x0000000706800000, 0x0000000706800000|100%| O|  |TAMS 0x0000000706600000, 0x0000000706600000| Untracked 
|   5|0x0000000706800000, 0x0000000706a00000, 0x0000000706a00000|100%| O|  |TAMS 0x0000000706800000, 0x0000000706800000| Untracked 
|   6|0x0000000706a00000, 0x0000000706c00000, 0x0000000706c00000|100%| O|  |TAMS 0x0000000706a00000, 0x0000000706a00000| Untracked 
|   7|0x0000000706c00000, 0x0000000706df9600, 0x0000000706e00000| 98%| O|  |TAMS 0x0000000706c00000, 0x0000000706c00000| Untracked 
|   8|0x0000000706e00000, 0x0000000707000000, 0x0000000707000000|100%| O|  |TAMS 0x0000000706e00000, 0x0000000706e00000| Untracked 
|   9|0x0000000707000000, 0x0000000707200000, 0x0000000707200000|100%| O|  |TAMS 0x0000000707000000, 0x0000000707000000| Untracked 
|  10|0x0000000707200000, 0x0000000707400000, 0x0000000707400000|100%| O|  |TAMS 0x0000000707200000, 0x0000000707200000| Untracked 
|  11|0x0000000707400000, 0x0000000707600000, 0x0000000707600000|100%| O|  |TAMS 0x0000000707400000, 0x0000000707400000| Untracked 
|  12|0x0000000707600000, 0x0000000707800000, 0x0000000707800000|100%| O|  |TAMS 0x0000000707600000, 0x0000000707600000| Untracked 
|  13|0x0000000707800000, 0x0000000707800000, 0x0000000707a00000|  0%| F|  |TAMS 0x0000000707800000, 0x0000000707800000| Untracked 
|  14|0x0000000707a00000, 0x0000000707a00000, 0x0000000707c00000|  0%| F|  |TAMS 0x0000000707a00000, 0x0000000707a00000| Untracked 
|  15|0x0000000707c00000, 0x0000000707c00000, 0x0000000707e00000|  0%| F|  |TAMS 0x0000000707c00000, 0x0000000707c00000| Untracked 
|  16|0x0000000707e00000, 0x0000000707e00000, 0x0000000708000000|  0%| F|  |TAMS 0x0000000707e00000, 0x0000000707e00000| Untracked 
|  17|0x0000000708000000, 0x0000000708000000, 0x0000000708200000|  0%| F|  |TAMS 0x0000000708000000, 0x0000000708000000| Untracked 
|  18|0x0000000708200000, 0x0000000708200000, 0x0000000708400000|  0%| F|  |TAMS 0x0000000708200000, 0x0000000708200000| Untracked 
|  19|0x0000000708400000, 0x0000000708400000, 0x0000000708600000|  0%| F|  |TAMS 0x0000000708400000, 0x0000000708400000| Untracked 
|  20|0x0000000708600000, 0x0000000708600000, 0x0000000708800000|  0%| F|  |TAMS 0x0000000708600000, 0x0000000708600000| Untracked 
|  21|0x0000000708800000, 0x0000000708800000, 0x0000000708a00000|  0%| F|  |TAMS 0x0000000708800000, 0x0000000708800000| Untracked 
|  22|0x0000000708a00000, 0x0000000708ba8268, 0x0000000708c00000| 82%| S|CS|TAMS 0x0000000708a00000, 0x0000000708a00000| Complete 
|  23|0x0000000708c00000, 0x0000000708e00000, 0x0000000708e00000|100%| S|CS|TAMS 0x0000000708c00000, 0x0000000708c00000| Complete 
|  24|0x0000000708e00000, 0x0000000708e00000, 0x0000000709000000|  0%| F|  |TAMS 0x0000000708e00000, 0x0000000708e00000| Untracked 
|  25|0x0000000709000000, 0x0000000709000000, 0x0000000709200000|  0%| F|  |TAMS 0x0000000709000000, 0x0000000709000000| Untracked 
|  51|0x000000070c400000, 0x000000070c400000, 0x000000070c600000|  0%| F|  |TAMS 0x000000070c400000, 0x000000070c400000| Untracked 
|  52|0x000000070c600000, 0x000000070c600000, 0x000000070c800000|  0%| F|  |TAMS 0x000000070c600000, 0x000000070c600000| Untracked 
|  53|0x000000070c800000, 0x000000070c800000, 0x000000070ca00000|  0%| F|  |TAMS 0x000000070c800000, 0x000000070c800000| Untracked 
|  54|0x000000070ca00000, 0x000000070ca00000, 0x000000070cc00000|  0%| F|  |TAMS 0x000000070ca00000, 0x000000070ca00000| Untracked 
|  55|0x000000070cc00000, 0x000000070cc00000, 0x000000070ce00000|  0%| F|  |TAMS 0x000000070cc00000, 0x000000070cc00000| Untracked 
|  56|0x000000070ce00000, 0x000000070ce00000, 0x000000070d000000|  0%| F|  |TAMS 0x000000070ce00000, 0x000000070ce00000| Untracked 
|  57|0x000000070d000000, 0x000000070d000000, 0x000000070d200000|  0%| F|  |TAMS 0x000000070d000000, 0x000000070d000000| Untracked 
| 125|0x0000000715800000, 0x0000000715800000, 0x0000000715a00000|  0%| F|  |TAMS 0x0000000715800000, 0x0000000715800000| Untracked 
|1995|0x00000007ff400000, 0x00000007ff600000, 0x00000007ff600000|100%| O|  |TAMS 0x00000007ff400000, 0x00000007ff400000| Untracked 
|1996|0x00000007ff600000, 0x00000007ff800000, 0x00000007ff800000|100%| O|  |TAMS 0x00000007ff600000, 0x00000007ff600000| Untracked 
|1997|0x00000007ff800000, 0x00000007ffa00000, 0x00000007ffa00000|100%| O|  |TAMS 0x00000007ff800000, 0x00000007ff800000| Untracked 
|1998|0x00000007ffa00000, 0x00000007ffc00000, 0x00000007ffc00000|100%| O|  |TAMS 0x00000007ffa00000, 0x00000007ffa00000| Untracked 
|1999|0x00000007ffc00000, 0x00000007ffe00000, 0x00000007ffe00000|100%| O|  |TAMS 0x00000007ffc00000, 0x00000007ffc00000| Untracked 
|2000|0x00000007ffe00000, 0x0000000800000000, 0x0000000800000000|100%| O|  |TAMS 0x00000007ffe00000, 0x00000007ffe00000| Untracked 

Card table byte_map: [0x000001563b980000,0x000001563c160000] _byte_map_base: 0x0000015638151000

Marking Bits (Prev, Next): (CMBitMap*) 0x0000015623a330c0, (CMBitMap*) 0x0000015623a33080
 Prev Bits: [0x00000156407d0000, 0x0000015644658000)
 Next Bits: [0x000001563c940000, 0x00000156407c8000)

Polling page: 0x00000156219c0000

Metaspace:

Usage:
  Non-class:     21.77 MB used.
      Class:      2.57 MB used.
       Both:     24.34 MB used.

Virtual space:
  Non-class space:       64.00 MB reserved,      21.94 MB ( 34%) committed,  1 nodes.
      Class space:        1.00 GB reserved,       2.81 MB ( <1%) committed,  1 nodes.
             Both:        1.06 GB reserved,      24.75 MB (  2%) committed. 

Chunk freelists:
   Non-Class:  2.00 MB
       Class:  1.17 MB
        Both:  3.17 MB

MaxMetaspaceSize: unlimited
CompressedClassSpaceSize: 1.00 GB
Initial GC threshold: 21.00 MB
Current GC threshold: 35.25 MB
CDS: on
MetaspaceReclaimPolicy: balanced
 - commit_granule_bytes: 65536.
 - commit_granule_words: 8192.
 - virtual_space_node_default_size: 8388608.
 - enlarge_chunks_in_place: 1.
 - new_chunks_are_fully_committed: 0.
 - uncommit_free_chunks: 1.
 - use_allocation_guard: 0.


Internal statistics:

num_allocs_failed_limit: 3.
num_arena_births: 352.
num_arena_deaths: 0.
num_vsnodes_births: 2.
num_vsnodes_deaths: 0.
num_space_committed: 396.
num_space_uncommitted: 0.
num_chunks_returned_to_freelist: 3.
num_chunks_taken_from_freelist: 1199.
num_chunk_merges: 3.
num_chunk_splits: 860.
num_chunks_enlarged: 662.
num_inconsistent_stats: 0.

CodeHeap 'non-profiled nmethods': size=119168Kb used=3157Kb max_used=3157Kb free=116010Kb
 bounds [0x00000156334c0000, 0x00000156337e0000, 0x000001563a920000]
CodeHeap 'profiled nmethods': size=119104Kb used=11299Kb max_used=12193Kb free=107804Kb
 bounds [0x000001562b920000, 0x000001562c510000, 0x0000015632d70000]
CodeHeap 'non-nmethods': size=7488Kb used=2996Kb max_used=3066Kb free=4491Kb
 bounds [0x0000015632d70000, 0x0000015633080000, 0x00000156334c0000]
 total_blobs=6036 nmethods=5506 adapters=437
 compilation: enabled
              stopped_count=0, restarted_count=0
 full_count=0

Compilation events (20 events):
Event: 2.983 Thread 0x00000156476d73c0 6332       1       com.sun.tools.javac.code.Kinds$Kind::toSelector (5 bytes)
Event: 2.983 Thread 0x000001564bd95470 6334       1       com.sun.tools.javac.comp.Attr$CheckMode::updateTreeType (2 bytes)
Event: 2.983 Thread 0x00000156476d73c0 nmethod 6332 0x00000156337d3b90 code [0x00000156337d3d20, 0x00000156337d3df8]
Event: 2.983 Thread 0x000001564bd95470 nmethod 6334 0x00000156337d3e90 code [0x00000156337d4020, 0x00000156337d40f8]
Event: 2.983 Thread 0x00000156476d73c0 6337       1       com.sun.tools.javac.comp.Resolve::lambda$new$2 (2 bytes)
Event: 2.984 Thread 0x00000156476d73c0 nmethod 6337 0x00000156337d4190 code [0x00000156337d4320, 0x00000156337d43d8]
Event: 2.984 Thread 0x000001564b899f10 nmethod 6340 0x000001562c42aa10 code [0x000001562c42aca0, 0x000001562c42bad8]
Event: 2.984 Thread 0x000001564debc880 6341       4       java.util.stream.ReferencePipeline$3$1::accept (23 bytes)
Event: 2.985 Thread 0x000001564debc880 nmethod 6341 0x00000156337d4490 code [0x00000156337d4620, 0x00000156337d46f8]
Event: 2.985 Thread 0x000001564ea30230 6342       4       jdk.internal.jrtfs.JrtPath::getFileSystem (5 bytes)
Event: 2.985 Thread 0x000001564ea30230 nmethod 6342 0x00000156337d4810 code [0x00000156337d4980, 0x00000156337d49f8]
Event: 2.985 Thread 0x000001564b931420 nmethod 6338 0x000001562b997310 code [0x000001562b997940, 0x000001562b99bb48]
Event: 2.985 Thread 0x000001564ea307b0 6343       4       jdk.internal.jimage.ImageLocation::getFullName (109 bytes)
Event: 2.985 Thread 0x000001564e5359c0 6344       4       jdk.internal.jimage.ImageLocation::decompress (116 bytes)
Event: 2.986 Thread 0x000001564ea30230 6345       4       java.util.regex.Matcher::match (154 bytes)
Event: 2.987 Thread 0x00000156476d6ca0 nmethod 6335 0x00000156337d4b10 code [0x00000156337d4cc0, 0x00000156337d5308]
Event: 2.987 Thread 0x000001564debc880 6346   !   4       java.util.regex.Pattern::RemoveQEQuoting (370 bytes)
Event: 2.987 Thread 0x00000156476d6ca0 6347   !   4       java.util.regex.Pattern::matcher (44 bytes)
Event: 2.987 Thread 0x000001564b9d5740 6348       4       jdk.internal.jrtfs.JrtPath::getFileName (78 bytes)
Event: 2.987 Thread 0x000001564f09e010 6349       4       com.sun.tools.javac.file.BaseFileManager::getKind (55 bytes)

GC Heap History (13 events):
Event: 0.362 GC heap before
{Heap before GC invocations=0 (full 0):
 garbage-first heap   total 258048K, used 22528K [0x0000000705e00000, 0x0000000800000000)
  region size 2048K, 11 young (22528K), 0 survivors (0K)
 Metaspace       used 5295K, committed 5504K, reserved 1114112K
  class space    used 576K, committed 640K, reserved 1048576K
}
Event: 0.365 GC heap after
{Heap after GC invocations=1 (full 0):
 garbage-first heap   total 258048K, used 3783K [0x0000000705e00000, 0x0000000800000000)
  region size 2048K, 2 young (4096K), 2 survivors (4096K)
 Metaspace       used 5295K, committed 5504K, reserved 1114112K
  class space    used 576K, committed 640K, reserved 1048576K
}
Event: 0.811 GC heap before
{Heap before GC invocations=1 (full 0):
 garbage-first heap   total 258048K, used 38599K [0x0000000705e00000, 0x0000000800000000)
  region size 2048K, 19 young (38912K), 2 survivors (4096K)
 Metaspace       used 10591K, committed 10816K, reserved 1114112K
  class space    used 1232K, committed 1344K, reserved 1048576K
}
Event: 0.814 GC heap after
{Heap after GC invocations=2 (full 0):
 garbage-first heap   total 258048K, used 5867K [0x0000000705e00000, 0x0000000800000000)
  region size 2048K, 2 young (4096K), 2 survivors (4096K)
 Metaspace       used 10591K, committed 10816K, reserved 1114112K
  class space    used 1232K, committed 1344K, reserved 1048576K
}
Event: 2.256 GC heap before
{Heap before GC invocations=2 (full 0):
 garbage-first heap   total 258048K, used 136939K [0x0000000705e00000, 0x0000000800000000)
  region size 2048K, 68 young (139264K), 2 survivors (4096K)
 Metaspace       used 21148K, committed 21504K, reserved 1114112K
  class space    used 2280K, committed 2496K, reserved 1048576K
}
Event: 2.262 GC heap after
{Heap after GC invocations=3 (full 0):
 garbage-first heap   total 258048K, used 15785K [0x0000000705e00000, 0x0000000800000000)
  region size 2048K, 7 young (14336K), 7 survivors (14336K)
 Metaspace       used 21148K, committed 21504K, reserved 1114112K
  class space    used 2280K, committed 2496K, reserved 1048576K
}
Event: 2.601 GC heap before
{Heap before GC invocations=4 (full 0):
 garbage-first heap   total 69632K, used 54697K [0x0000000705e00000, 0x0000000800000000)
  region size 2048K, 26 young (53248K), 7 survivors (14336K)
 Metaspace       used 23978K, committed 24384K, reserved 1114112K
  class space    used 2544K, committed 2752K, reserved 1048576K
}
Event: 2.611 GC heap after
{Heap after GC invocations=5 (full 0):
 garbage-first heap   total 81920K, used 27867K [0x0000000705e00000, 0x0000000800000000)
  region size 2048K, 4 young (8192K), 4 survivors (8192K)
 Metaspace       used 23978K, committed 24384K, reserved 1114112K
  class space    used 2544K, committed 2752K, reserved 1048576K
}
Event: 2.658 GC heap before
{Heap before GC invocations=5 (full 0):
 garbage-first heap   total 81920K, used 29915K [0x0000000705e00000, 0x0000000800000000)
  region size 2048K, 5 young (10240K), 4 survivors (8192K)
 Metaspace       used 24411K, committed 24768K, reserved 1114112K
  class space    used 2587K, committed 2752K, reserved 1048576K
}
Event: 2.662 GC heap after
{Heap after GC invocations=6 (full 0):
 garbage-first heap   total 81920K, used 30350K [0x0000000705e00000, 0x0000000800000000)
  region size 2048K, 1 young (2048K), 1 survivors (2048K)
 Metaspace       used 24411K, committed 24768K, reserved 1114112K
  class space    used 2587K, committed 2752K, reserved 1048576K
}
Event: 2.870 GC heap before
{Heap before GC invocations=6 (full 0):
 garbage-first heap   total 81920K, used 56974K [0x0000000705e00000, 0x0000000800000000)
  region size 2048K, 15 young (30720K), 1 survivors (2048K)
 Metaspace       used 24521K, committed 24896K, reserved 1114112K
  class space    used 2590K, committed 2752K, reserved 1048576K
}
Event: 2.875 GC heap after
{Heap after GC invocations=7 (full 0):
 garbage-first heap   total 81920K, used 38912K [0x0000000705e00000, 0x0000000800000000)
  region size 2048K, 2 young (4096K), 2 survivors (4096K)
 Metaspace       used 24521K, committed 24896K, reserved 1114112K
  class space    used 2590K, committed 2752K, reserved 1048576K
}
Event: 2.991 GC heap before
{Heap before GC invocations=7 (full 0):
 garbage-first heap   total 81920K, used 59392K [0x0000000705e00000, 0x0000000800000000)
  region size 2048K, 12 young (24576K), 2 survivors (4096K)
 Metaspace       used 24926K, committed 25344K, reserved 1114112K
  class space    used 2631K, committed 2880K, reserved 1048576K
}

Dll operation events (12 events):
Event: 0.005 Loaded shared library C:\Program Files\Java\jdk-19\bin\java.dll
Event: 0.011 Loaded shared library C:\Program Files\Java\jdk-19\bin\jsvml.dll
Event: 0.039 Loaded shared library C:\Program Files\Java\jdk-19\bin\zip.dll
Event: 0.040 Loaded shared library C:\Program Files\Java\jdk-19\bin\instrument.dll
Event: 0.043 Loaded shared library C:\Program Files\Java\jdk-19\bin\net.dll
Event: 0.044 Loaded shared library C:\Program Files\Java\jdk-19\bin\nio.dll
Event: 0.045 Loaded shared library C:\Program Files\Java\jdk-19\bin\zip.dll
Event: 0.056 Loaded shared library C:\Program Files\JetBrains\IntelliJ IDEA 2022.1.2\bin\breakgen64.dll
Event: 0.061 Loaded shared library C:\Program Files\Java\jdk-19\bin\extnet.dll
Event: 0.113 Loaded shared library C:\Program Files\Java\jdk-19\bin\jimage.dll
Event: 0.161 Loaded shared library C:\Users\99293\AppData\Local\Temp\jansi-2.4.0-d431749c02463edf-jansi.dll
Event: 0.167 Loaded shared library C:\Program Files\Java\jdk-19\bin\verify.dll

Deoptimization events (20 events):
Event: 2.962 Thread 0x00000156239c0070 Uncommon trap: trap_request=0xffffff45 fr.pc=0x0000015633506140 relative=0x0000000000000500
Event: 2.962 Thread 0x00000156239c0070 Uncommon trap: reason=unstable_if action=reinterpret pc=0x0000015633506140 method=java.nio.file.FileTreeWalker.visit(Ljava/nio/file/Path;ZZ)Ljava/nio/file/FileTreeWalker$Event; @ 84 c2
Event: 2.962 Thread 0x00000156239c0070 DEOPT PACKING pc=0x0000015633506140 sp=0x000000452d5fcc30
Event: 2.963 Thread 0x00000156239c0070 DEOPT UNPACKING pc=0x0000015632dd6da3 sp=0x000000452d5fcbf0 mode 2
Event: 2.963 Thread 0x00000156239c0070 Uncommon trap: trap_request=0xffffff45 fr.pc=0x000001563351823c relative=0x00000000000009fc
Event: 2.963 Thread 0x00000156239c0070 Uncommon trap: reason=unstable_if action=reinterpret pc=0x000001563351823c method=java.nio.file.FileTreeWalker.visit(Ljava/nio/file/Path;ZZ)Ljava/nio/file/FileTreeWalker$Event; @ 53 c2
Event: 2.963 Thread 0x00000156239c0070 DEOPT PACKING pc=0x000001563351823c sp=0x000000452d5fccb0
Event: 2.963 Thread 0x00000156239c0070 DEOPT UNPACKING pc=0x0000015632dd6da3 sp=0x000000452d5fcbd0 mode 2
Event: 2.966 Thread 0x00000156239c0070 Uncommon trap: trap_request=0xffffff45 fr.pc=0x00000156334f4d00 relative=0x0000000000000060
Event: 2.966 Thread 0x00000156239c0070 Uncommon trap: reason=unstable_if action=reinterpret pc=0x00000156334f4d00 method=com.sun.tools.javac.jvm.PoolReader.sizeof(I)I @ 1 c2
Event: 2.966 Thread 0x00000156239c0070 DEOPT PACKING pc=0x00000156334f4d00 sp=0x000000452d5fd080
Event: 2.966 Thread 0x00000156239c0070 DEOPT UNPACKING pc=0x0000015632dd6da3 sp=0x000000452d5fd010 mode 2
Event: 2.986 Thread 0x00000156239c0070 DEOPT PACKING pc=0x000001562c4e1302 sp=0x000000452d5fd020
Event: 2.986 Thread 0x00000156239c0070 DEOPT UNPACKING pc=0x0000015632dd7543 sp=0x000000452d5fc4c8 mode 0
Event: 2.989 Thread 0x00000156239c0070 DEOPT PACKING pc=0x000001562c4e1302 sp=0x000000452d5fd020
Event: 2.989 Thread 0x00000156239c0070 DEOPT UNPACKING pc=0x0000015632dd7543 sp=0x000000452d5fc4c8 mode 0
Event: 2.989 Thread 0x00000156239c0070 Uncommon trap: trap_request=0xffffff45 fr.pc=0x0000015633789454 relative=0x0000000000000a94
Event: 2.989 Thread 0x00000156239c0070 Uncommon trap: reason=unstable_if action=reinterpret pc=0x0000015633789454 method=com.sun.tools.javac.util.ArrayUtils.ensureCapacity([BI)[B @ 3 c2
Event: 2.989 Thread 0x00000156239c0070 DEOPT PACKING pc=0x0000015633789454 sp=0x000000452d5fd1a0
Event: 2.989 Thread 0x00000156239c0070 DEOPT UNPACKING pc=0x0000015632dd6da3 sp=0x000000452d5fd0c0 mode 2

Classes loaded (20 events):
Event: 2.636 Loading class sun/nio/fs/BasicFileAttributesHolder
Event: 2.636 Loading class sun/nio/fs/BasicFileAttributesHolder done
Event: 2.917 Loading class java/util/ComparableTimSort
Event: 2.917 Loading class java/util/ComparableTimSort done
Event: 2.919 Loading class sun/nio/fs/WindowsDirectoryStream$WindowsDirectoryIterator
Event: 2.920 Loading class sun/nio/fs/WindowsDirectoryStream$WindowsDirectoryIterator done
Event: 2.920 Loading class java/nio/file/Files$2
Event: 2.920 Loading class java/nio/file/Files$2 done
Event: 2.920 Loading class java/util/ImmutableCollections$Access
Event: 2.920 Loading class java/util/ImmutableCollections$Access done
Event: 2.920 Loading class java/util/ImmutableCollections$Access$1
Event: 2.920 Loading class jdk/internal/access/JavaUtilCollectionAccess
Event: 2.920 Loading class jdk/internal/access/JavaUtilCollectionAccess done
Event: 2.920 Loading class java/util/ImmutableCollections$Access$1 done
Event: 2.920 Loading class java/util/stream/Nodes$SpinedNodeBuilder
Event: 2.920 Loading class java/util/stream/Nodes$SpinedNodeBuilder done
Event: 2.920 Loading class sun/nio/fs/WindowsPath$WindowsPathWithAttributes
Event: 2.920 Loading class sun/nio/fs/WindowsPath$WindowsPathWithAttributes done
Event: 2.962 Loading class java/nio/file/FileTreeWalker$1
Event: 2.962 Loading class java/nio/file/FileTreeWalker$1 done

Classes unloaded (0 events):
No events

Classes redefined (0 events):
No events

Internal exceptions (20 events):
Event: 2.964 Thread 0x00000156239c0070 Exception <a 'sun/nio/fs/WindowsException'{0x000000070c8272d8}> (0x000000070c8272d8) 
thrown [s\open\src\hotspot\share\prims\jni.cpp, line 517]
Event: 2.964 Thread 0x00000156239c0070 Exception <a 'sun/nio/fs/WindowsException'{0x000000070c8287f0}> (0x000000070c8287f0) 
thrown [s\open\src\hotspot\share\prims\jni.cpp, line 517]
Event: 2.964 Thread 0x00000156239c0070 Exception <a 'sun/nio/fs/WindowsException'{0x000000070c828bb0}> (0x000000070c828bb0) 
thrown [s\open\src\hotspot\share\prims\jni.cpp, line 517]
Event: 2.965 Thread 0x00000156239c0070 Exception <a 'sun/nio/fs/WindowsException'{0x000000070c82acc8}> (0x000000070c82acc8) 
thrown [s\open\src\hotspot\share\prims\jni.cpp, line 517]
Event: 2.965 Thread 0x00000156239c0070 Exception <a 'sun/nio/fs/WindowsException'{0x000000070c82b028}> (0x000000070c82b028) 
thrown [s\open\src\hotspot\share\prims\jni.cpp, line 517]
Event: 2.965 Thread 0x00000156239c0070 Exception <a 'sun/nio/fs/WindowsException'{0x000000070c836a40}> (0x000000070c836a40) 
thrown [s\open\src\hotspot\share\prims\jni.cpp, line 517]
Event: 2.965 Thread 0x00000156239c0070 Exception <a 'sun/nio/fs/WindowsException'{0x000000070c836d58}> (0x000000070c836d58) 
thrown [s\open\src\hotspot\share\prims\jni.cpp, line 517]
Event: 2.966 Thread 0x00000156239c0070 Exception <a 'sun/nio/fs/WindowsException'{0x000000070c84c868}> (0x000000070c84c868) 
thrown [s\open\src\hotspot\share\prims\jni.cpp, line 517]
Event: 2.966 Thread 0x00000156239c0070 Exception <a 'sun/nio/fs/WindowsException'{0x000000070c84cbc8}> (0x000000070c84cbc8) 
thrown [s\open\src\hotspot\share\prims\jni.cpp, line 517]
Event: 2.966 Thread 0x00000156239c0070 Exception <a 'sun/nio/fs/WindowsException'{0x000000070c84dba8}> (0x000000070c84dba8) 
thrown [s\open\src\hotspot\share\prims\jni.cpp, line 517]
Event: 2.966 Thread 0x00000156239c0070 Exception <a 'sun/nio/fs/WindowsException'{0x000000070c84df90}> (0x000000070c84df90) 
thrown [s\open\src\hotspot\share\prims\jni.cpp, line 517]
Event: 2.966 Thread 0x00000156239c0070 Exception <a 'java/lang/NoSuchMethodError'{0x000000070c851cc0}: 'java.lang.Object java.lang.invoke.DirectMethodHandle$Holder.invokeStatic(java.lang.Object, java.lang.Object, int, int)'> (0x000000070c851cc0) 
thrown [s\open\src\hotspot\share\interpreter\linkResolver.cpp, line 774]
Event: 2.969 Thread 0x00000156239c0070 Exception <a 'sun/nio/fs/WindowsException'{0x000000070c861488}> (0x000000070c861488) 
thrown [s\open\src\hotspot\share\prims\jni.cpp, line 517]
Event: 2.969 Thread 0x00000156239c0070 Exception <a 'sun/nio/fs/WindowsException'{0x000000070c861768}> (0x000000070c861768) 
thrown [s\open\src\hotspot\share\prims\jni.cpp, line 517]
Event: 2.969 Thread 0x00000156239c0070 Exception <a 'sun/nio/fs/WindowsException'{0x000000070c862b40}> (0x000000070c862b40) 
thrown [s\open\src\hotspot\share\prims\jni.cpp, line 517]
Event: 2.969 Thread 0x00000156239c0070 Exception <a 'sun/nio/fs/WindowsException'{0x000000070c862dd0}> (0x000000070c862dd0) 
thrown [s\open\src\hotspot\share\prims\jni.cpp, line 517]
Event: 2.969 Thread 0x00000156239c0070 Exception <a 'sun/nio/fs/WindowsException'{0x000000070c864380}> (0x000000070c864380) 
thrown [s\open\src\hotspot\share\prims\jni.cpp, line 517]
Event: 2.969 Thread 0x00000156239c0070 Exception <a 'sun/nio/fs/WindowsException'{0x000000070c864650}> (0x000000070c864650) 
thrown [s\open\src\hotspot\share\prims\jni.cpp, line 517]
Event: 2.969 Thread 0x00000156239c0070 Exception <a 'sun/nio/fs/WindowsException'{0x000000070c865b08}> (0x000000070c865b08) 
thrown [s\open\src\hotspot\share\prims\jni.cpp, line 517]
Event: 2.969 Thread 0x00000156239c0070 Exception <a 'sun/nio/fs/WindowsException'{0x000000070c865e68}> (0x000000070c865e68) 
thrown [s\open\src\hotspot\share\prims\jni.cpp, line 517]

VM Operations (20 events):
Event: 2.561 Executing VM operation: HandshakeAllThreads done
Event: 2.561 Executing VM operation: HandshakeAllThreads
Event: 2.561 Executing VM operation: HandshakeAllThreads done
Event: 2.569 Executing VM operation: HandshakeAllThreads
Event: 2.569 Executing VM operation: HandshakeAllThreads done
Event: 2.569 Executing VM operation: HandshakeAllThreads
Event: 2.569 Executing VM operation: HandshakeAllThreads done
Event: 2.578 Executing VM operation: HandshakeAllThreads
Event: 2.578 Executing VM operation: HandshakeAllThreads done
Event: 2.601 Executing VM operation: G1CollectForAllocation
Event: 2.611 Executing VM operation: G1CollectForAllocation done
Event: 2.633 Executing VM operation: HandshakeAllThreads
Event: 2.633 Executing VM operation: HandshakeAllThreads done
Event: 2.658 Executing VM operation: G1CollectForAllocation
Event: 2.662 Executing VM operation: G1CollectForAllocation done
Event: 2.870 Executing VM operation: G1CollectForAllocation
Event: 2.875 Executing VM operation: G1CollectForAllocation done
Event: 2.920 Executing VM operation: HandshakeAllThreads
Event: 2.921 Executing VM operation: HandshakeAllThreads done
Event: 2.991 Executing VM operation: G1CollectForAllocation

Events (20 events):
Event: 2.577 Thread 0x00000156476db180 flushing nmethod 0x000001562c3f6a90
Event: 2.577 Thread 0x00000156476db180 flushing nmethod 0x000001562c427610
Event: 2.577 Thread 0x00000156476db180 flushing nmethod 0x000001562c42d610
Event: 2.577 Thread 0x00000156476db180 flushing nmethod 0x000001562c43bd90
Event: 2.577 Thread 0x00000156476db180 flushing nmethod 0x000001562c46d690
Event: 2.577 Thread 0x00000156476db180 flushing nmethod 0x000001562c46e990
Event: 2.577 Thread 0x00000156476db180 flushing nmethod 0x000001562c46f290
Event: 2.577 Thread 0x00000156476db180 flushing nmethod 0x000001562c46fb10
Event: 2.577 Thread 0x00000156476db180 flushing nmethod 0x000001562c471390
Event: 2.577 Thread 0x00000156476db180 flushing nmethod 0x000001562c478190
Event: 2.577 Thread 0x00000156476db180 flushing nmethod 0x000001562c478a90
Event: 2.577 Thread 0x00000156476db180 flushing nmethod 0x000001562c479990
Event: 2.577 Thread 0x00000156476db180 flushing nmethod 0x000001562c47c110
Event: 2.577 Thread 0x00000156476db180 flushing nmethod 0x000001562c49b190
Event: 2.577 Thread 0x00000156476db180 flushing nmethod 0x000001562c4c2c10
Event: 2.577 Thread 0x00000156476db180 flushing nmethod 0x000001562c4e0190
Event: 2.577 Thread 0x00000156476db180 flushing nmethod 0x000001562c4e1d90
Event: 2.577 Thread 0x00000156476db180 flushing nmethod 0x000001562c4ef790
Event: 2.577 Thread 0x00000156476db180 flushing nmethod 0x000001562c4f6810
Event: 2.577 Thread 0x00000156476db180 flushing nmethod 0x000001562c4f6e90


Dynamic libraries:
0x00007ff628c50000 - 0x00007ff628c60000 	C:\Program Files\Java\jdk-19\bin\java.exe
0x00007ff9ebed0000 - 0x00007ff9ec0e7000 	C:\WINDOWS\SYSTEM32\ntdll.dll
0x00007ff9eabf0000 - 0x00007ff9eacb4000 	C:\WINDOWS\System32\KERNEL32.DLL
0x00007ff9e9520000 - 0x00007ff9e98cd000 	C:\WINDOWS\System32\KERNELBASE.dll
0x00007ff9e9900000 - 0x00007ff9e9a11000 	C:\WINDOWS\System32\ucrtbase.dll
0x00007ff9c76f0000 - 0x00007ff9c7708000 	C:\Program Files\Java\jdk-19\bin\jli.dll
0x00007ff9bc730000 - 0x00007ff9bc74b000 	C:\Program Files\Java\jdk-19\bin\VCRUNTIME140.dll
0x00007ff9ea2f0000 - 0x00007ff9ea3a2000 	C:\WINDOWS\System32\ADVAPI32.dll
0x00007ff9ea400000 - 0x00007ff9ea4a7000 	C:\WINDOWS\System32\msvcrt.dll
0x00007ff9ebdb0000 - 0x00007ff9ebe59000 	C:\WINDOWS\System32\sechost.dll
0x00007ff9e9300000 - 0x00007ff9e9328000 	C:\WINDOWS\System32\bcrypt.dll
0x00007ff9ea1d0000 - 0x00007ff9ea2e4000 	C:\WINDOWS\System32\RPCRT4.dll
0x00007ff9eb6f0000 - 0x00007ff9eb89e000 	C:\WINDOWS\System32\USER32.dll
0x00007ff9e98d0000 - 0x00007ff9e98f6000 	C:\WINDOWS\System32\win32u.dll
0x00007ff9d6740000 - 0x00007ff9d69d3000 	C:\WINDOWS\WinSxS\amd64_microsoft.windows.common-controls_6595b64144ccf1df_6.0.22621.3672_none_2713b9d173822955\COMCTL32.dll
0x00007ff9ea3b0000 - 0x00007ff9ea3d9000 	C:\WINDOWS\System32\GDI32.dll
0x00007ff9e9ac0000 - 0x00007ff9e9bd9000 	C:\WINDOWS\System32\gdi32full.dll
0x00007ff9e9a20000 - 0x00007ff9e9aba000 	C:\WINDOWS\System32\msvcp_win.dll
0x00007ff9e0b20000 - 0x00007ff9e0b2a000 	C:\WINDOWS\SYSTEM32\VERSION.dll
0x00007ff9eadc0000 - 0x00007ff9eadf1000 	C:\WINDOWS\System32\IMM32.DLL
0x00007ff9d7120000 - 0x00007ff9d712c000 	C:\Program Files\Java\jdk-19\bin\vcruntime140_1.dll
0x00007ff96d7e0000 - 0x00007ff96d86e000 	C:\Program Files\Java\jdk-19\bin\msvcp140.dll
0x00007ff93aa30000 - 0x00007ff93b6f0000 	C:\Program Files\Java\jdk-19\bin\server\jvm.dll
0x00007ff9e30e0000 - 0x00007ff9e30e9000 	C:\WINDOWS\SYSTEM32\WSOCK32.dll
0x00007ff9ebc30000 - 0x00007ff9ebca1000 	C:\WINDOWS\System32\WS2_32.dll
0x00007ff9e2e20000 - 0x00007ff9e2e54000 	C:\WINDOWS\SYSTEM32\WINMM.dll
0x00007ff9e82f0000 - 0x00007ff9e8308000 	C:\WINDOWS\SYSTEM32\kernel.appcore.dll
0x00007ff9cdb50000 - 0x00007ff9cdb5a000 	C:\Program Files\Java\jdk-19\bin\jimage.dll
0x00007ff9e6a30000 - 0x00007ff9e6c62000 	C:\WINDOWS\SYSTEM32\DBGHELP.DLL
0x00007ff9eb8a0000 - 0x00007ff9ebc28000 	C:\WINDOWS\System32\combase.dll
0x00007ff9ebcb0000 - 0x00007ff9ebd87000 	C:\WINDOWS\System32\OLEAUT32.dll
0x00007ff9ddbf0000 - 0x00007ff9ddc22000 	C:\WINDOWS\SYSTEM32\dbgcore.DLL
0x00007ff9e94a0000 - 0x00007ff9e951b000 	C:\WINDOWS\System32\bcryptPrimitives.dll
0x00007ff9ddd20000 - 0x00007ff9ddd2e000 	C:\Program Files\Java\jdk-19\bin\instrument.dll
0x00007ff9b9330000 - 0x00007ff9b9356000 	C:\Program Files\Java\jdk-19\bin\java.dll
0x00007ff96cb40000 - 0x00007ff96cc17000 	C:\Program Files\Java\jdk-19\bin\jsvml.dll
0x00007ff9eae90000 - 0x00007ff9eb6ef000 	C:\WINDOWS\System32\SHELL32.dll
0x00007ff9e70f0000 - 0x00007ff9e79ec000 	C:\WINDOWS\SYSTEM32\windows.storage.dll
0x00007ff9e6fa0000 - 0x00007ff9e70df000 	C:\WINDOWS\SYSTEM32\wintypes.dll
0x00007ff9ea0c0000 - 0x00007ff9ea1b4000 	C:\WINDOWS\System32\SHCORE.dll
0x00007ff9eab90000 - 0x00007ff9eabee000 	C:\WINDOWS\System32\shlwapi.dll
0x00007ff9e9100000 - 0x00007ff9e9121000 	C:\WINDOWS\SYSTEM32\profapi.dll
0x00007ff9a4f00000 - 0x00007ff9a4f18000 	C:\Program Files\Java\jdk-19\bin\zip.dll
0x00007ff9bafe0000 - 0x00007ff9baff3000 	C:\Program Files\Java\jdk-19\bin\net.dll
0x00007ff9e49c0000 - 0x00007ff9e4af6000 	C:\WINDOWS\SYSTEM32\WINHTTP.dll
0x00007ff9e8760000 - 0x00007ff9e87c9000 	C:\WINDOWS\system32\mswsock.dll
0x00007ff9b2e60000 - 0x00007ff9b2e76000 	C:\Program Files\Java\jdk-19\bin\nio.dll
0x00007ff9e2fc0000 - 0x00007ff9e2fda000 	C:\Program Files\JetBrains\IntelliJ IDEA 2022.1.2\bin\breakgen64.dll
0x00007ff9c92c0000 - 0x00007ff9c92c8000 	C:\Program Files\Java\jdk-19\bin\extnet.dll
0x0000000069ac0000 - 0x0000000069ae4000 	C:\Users\99293\AppData\Local\Temp\jansi-2.4.0-d431749c02463edf-jansi.dll
0x00007ff9c6190000 - 0x00007ff9c61a0000 	C:\Program Files\Java\jdk-19\bin\verify.dll

dbghelp: loaded successfully - version: 4.0.5 - missing functions: none
symbol engine: initialized successfully - sym options: 0x614 - pdb path: .;C:\Program Files\Java\jdk-19\bin;C:\WINDOWS\SYSTEM32;C:\WINDOWS\WinSxS\amd64_microsoft.windows.common-controls_6595b64144ccf1df_6.0.22621.3672_none_2713b9d173822955;C:\Program Files\Java\jdk-19\bin\server;C:\Program Files\JetBrains\IntelliJ IDEA 2022.1.2\bin;C:\Users\99293\AppData\Local\Temp

VM Arguments:
jvm_args: -Dmaven.multiModuleProjectDirectory=D:\unitedStates_storage-master\unitedStates_storage -Dmaven.home=C:\Users\99293\.m2\wrapper\dists\apache-maven-3.8.6-bin\1ks0nkde5v1pk9vtc31i9d0lcd\apache-maven-3.8.6 -Dclassworlds.conf=C:\Users\99293\.m2\wrapper\dists\apache-maven-3.8.6-bin\1ks0nkde5v1pk9vtc31i9d0lcd\apache-maven-3.8.6\bin\m2.conf -Dmaven.ext.class.path=C:\Program Files\JetBrains\IntelliJ IDEA 2022.1.2\plugins\maven\lib\maven-event-listener.jar -javaagent:C:\Program Files\JetBrains\IntelliJ IDEA 2022.1.2\lib\idea_rt.jar=56171:C:\Program Files\JetBrains\IntelliJ IDEA 2022.1.2\bin -Dfile.encoding=UTF-8 
java_command: org.codehaus.classworlds.Launcher -Didea.version=2022.1.2 package
java_class_path (initial): C:\Users\99293\.m2\wrapper\dists\apache-maven-3.8.6-bin\1ks0nkde5v1pk9vtc31i9d0lcd\apache-maven-3.8.6\boot\plexus-classworlds-2.6.0.jar;C:\Users\99293\.m2\wrapper\dists\apache-maven-3.8.6-bin\1ks0nkde5v1pk9vtc31i9d0lcd\apache-maven-3.8.6\boot\plexus-classworlds.license
Launcher Type: SUN_STANDARD

[Global flags]
     intx CICompilerCount                          = 12                                        {product} {ergonomic}
     uint ConcGCThreads                            = 3                                         {product} {ergonomic}
     uint G1ConcRefinementThreads                  = 13                                        {product} {ergonomic}
   size_t G1HeapRegionSize                         = 2097152                                   {product} {ergonomic}
    uintx GCDrainStackTargetSize                   = 64                                        {product} {ergonomic}
   size_t InitialHeapSize                          = 264241152                                 {product} {ergonomic}
   size_t MarkStackSize                            = 4194304                                   {product} {ergonomic}
   size_t MaxHeapSize                              = 4196401152                                {product} {ergonomic}
   size_t MaxNewSize                               = 2516582400                                {product} {ergonomic}
   size_t MinHeapDeltaBytes                        = 2097152                                   {product} {ergonomic}
   size_t MinHeapSize                              = 8388608                                   {product} {ergonomic}
    uintx NonNMethodCodeHeapSize                   = 7602480                                {pd product} {ergonomic}
    uintx NonProfiledCodeHeapSize                  = 122027880                              {pd product} {ergonomic}
    uintx ProfiledCodeHeapSize                     = 122027880                              {pd product} {ergonomic}
    uintx ReservedCodeCacheSize                    = 251658240                              {pd product} {ergonomic}
     bool SegmentedCodeCache                       = true                                      {product} {ergonomic}
   size_t SoftMaxHeapSize                          = 4196401152                             {manageable} {ergonomic}
     bool UseCompressedClassPointers               = true                           {product lp64_product} {ergonomic}
     bool UseCompressedOops                        = true                           {product lp64_product} {ergonomic}
     bool UseG1GC                                  = true                                      {product} {ergonomic}
     bool UseLargePagesIndividualAllocation        = false                                  {pd product} {ergonomic}

Logging:
Log output configuration:
 #0: stdout all=warning uptime,level,tags foldmultilines=false
 #1: stderr all=off uptime,level,tags foldmultilines=false

Environment Variables:
JAVA_HOME=C:\Program Files\Java\jdk-19
PATH=C:\Program Files\Common Files\Oracle\Java\javapath;C:\Windows\system32;C:\Windows;C:\Windows\System32\Wbem;C:\Windows\System32\WindowsPowerShell\v1.0\;C:\Windows\System32\OpenSSH\;C:\Program Files (x86)\NVIDIA Corporation\PhysX\Common;C:\Program Files\NVIDIA Corporation\NVIDIA NvDLISR;C:\Program Files\Git\cmd;C:\Program Files (x86)\dotnet\;C:\WINDOWS\system32;C:\WINDOWS;C:\WINDOWS\System32\Wbem;C:\WINDOWS\System32\WindowsPowerShell\v1.0\;C:\WINDOWS\System32\OpenSSH\;C:\Program Files\Java\jdk-19\bin;C:\Users\99293\AppData\Local\Programs\Python\Python311\Scripts\;C:\Users\99293\AppData\Local\Programs\Python\Python311\;C:\Users\99293\AppData\Local\Microsoft\WindowsApps;;C:\Program Files\JetBrains\IntelliJ IDEA 2022.1.2\bin;;C:\Program Files\heroku\bin
USERNAME=ASUS
OS=Windows_NT
PROCESSOR_IDENTIFIER=Intel64 Family 6 Model 154 Stepping 3, GenuineIntel
TMP=C:\Users\99293\AppData\Local\Temp
TEMP=C:\Users\99293\AppData\Local\Temp



---------------  S Y S T E M  ---------------

OS:
 Windows 11 , 64 bit Build 22621 (10.0.22621.3672)
OS uptime: 1 days 17:13 hours
Hyper-V role detected

CPU: total 16 (initial active 16) (8 cores per cpu, 2 threads per core) family 6 model 154 stepping 3 microcode 0x41c, cx8, cmov, fxsr, ht, mmx, 3dnowpref, sse, sse2, sse3, ssse3, sse4.1, sse4.2, popcnt, lzcnt, tsc, tscinvbit, avx, avx2, aes, erms, clmul, bmi1, bmi2, adx, sha, fma, vzeroupper, clflush, clflushopt, clwb, hv, serialize, rdtscp, rdpid, fsrm

Memory: 4k page, system-wide physical 16005M (2502M free)
TotalPageFile size 18053M (AvailPageFile size 22M)
current process WorkingSet (physical memory assigned to process): 222M, peak: 269M
current process commit charge ("private bytes"): 268M, peak: 430M

vm_info: Java HotSpot(TM) 64-Bit Server VM (19.0.2+7-44) for windows-amd64 JRE (19.0.2+7-44), built on 2022-11-30T18:02:09Z by "mach5one" with MS VC++ 17.1 (VS2022)

END.
