#
# There is insufficient memory for the Java Runtime Environment to continue.
# Native memory allocation (mmap) failed to map 65536 bytes for Failed to commit metaspace.
# Possible reasons:
#   The system is out of physical RAM or swap space
#   The process is running with CompressedOops enabled, and the Java Heap may be blocking the growth of the native heap
# Possible solutions:
#   Reduce memory load on the system
#   Increase physical memory or swap space
#   Check if swap backing store is full
#   Decrease Java heap size (-Xmx/-Xms)
#   Decrease number of Java threads
#   Decrease Java thread stack sizes (-Xss)
#   Set larger code cache with -XX:ReservedCodeCacheSize=
#   JVM is running with Zero Based Compressed Oops mode in which the Java heap is
#     placed in the first 32GB address space. The Java Heap base address is the
#     maximum limit for the native heap growth. Please use -XX:HeapBaseMinAddress
#     to set the Java Heap base and to place the Java Heap above 32GB virtual address.
# This output file may be truncated or incomplete.
#
#  Out of Memory Error (virtualSpaceNode.cpp:110), pid=16256, tid=25440
#
# JRE version: Java(TM) SE Runtime Environment (19.0.2+7) (build 19.0.2+7-44)
# Java VM: Java HotSpot(TM) 64-Bit Server VM (19.0.2+7-44, mixed mode, sharing, tiered, compressed oops, compressed class ptrs, g1 gc, windows-amd64)
# No core dump will be written. Minidumps are not enabled by default on client versions of Windows
#

---------------  S U M M A R Y ------------

Command Line: -Dmaven.multiModuleProjectDirectory=D:\unitedStates original storage\unitedStates duplicates original storage -Dmaven.home=C:\Users\99293\.m2\wrapper\dists\apache-maven-3.8.6-bin\1ks0nkde5v1pk9vtc31i9d0lcd\apache-maven-3.8.6 -Dclassworlds.conf=C:\Users\99293\.m2\wrapper\dists\apache-maven-3.8.6-bin\1ks0nkde5v1pk9vtc31i9d0lcd\apache-maven-3.8.6\bin\m2.conf -Dmaven.ext.class.path=C:\Program Files\JetBrains\IntelliJ IDEA 2022.1.2\plugins\maven\lib\maven-event-listener.jar -javaagent:C:\Program Files\JetBrains\IntelliJ IDEA 2022.1.2\lib\idea_rt.jar=62429:C:\Program Files\JetBrains\IntelliJ IDEA 2022.1.2\bin -Dfile.encoding=UTF-8 org.codehaus.classworlds.Launcher -Didea.version=2022.1.2 package

Host: 12th Gen Intel(R) Core(TM) i7-12650H, 16 cores, 15G,  Windows 11 , 64 bit Build 22621 (10.0.22621.3374)
Time: Fri Apr 26 21:55:33 2024  Windows 11 , 64 bit Build 22621 (10.0.22621.3374) elapsed time: 2.130153 seconds (0d 0h 0m 2s)

---------------  T H R E A D  ---------------

Current thread (0x000001ef5fbaa210):  JavaThread "C1 CompilerThread0" daemon [_thread_in_vm, id=25440, stack(0x0000005e74900000,0x0000005e74a00000)]


Current CompileTask:
C1:   2130 2872       3       org.apache.maven.model.merge.ModelMerger::mergeConfigurationContainer_Configuration (67 bytes)

Stack: [0x0000005e74900000,0x0000005e74a00000]
Native frames: (J=compiled Java code, j=interpreted, Vv=VM code, C=native code)
V  [jvm.dll+0x6ee21a]
V  [jvm.dll+0x85765e]
V  [jvm.dll+0x85904e]
V  [jvm.dll+0x859703]
V  [jvm.dll+0x28298f]
V  [jvm.dll+0x8532db]
V  [jvm.dll+0x692cb6]
V  [jvm.dll+0x1f2937]
V  [jvm.dll+0x6956f2]
V  [jvm.dll+0x6954de]
V  [jvm.dll+0x6936de]
V  [jvm.dll+0x6a4f0a]
V  [jvm.dll+0x69df0a]
V  [jvm.dll+0x2002b0]
V  [jvm.dll+0x200498]
V  [jvm.dll+0x173571]
V  [jvm.dll+0x1733b5]
V  [jvm.dll+0x16ade5]
V  [jvm.dll+0x16d067]
V  [jvm.dll+0x16b675]
V  [jvm.dll+0x173e93]
V  [jvm.dll+0x1733b5]
V  [jvm.dll+0x16ade5]
V  [jvm.dll+0x16d067]
V  [jvm.dll+0x16b675]
V  [jvm.dll+0x165590]
V  [jvm.dll+0x174ff6]
V  [jvm.dll+0x160bb0]
V  [jvm.dll+0x160f23]
V  [jvm.dll+0x161208]
V  [jvm.dll+0x160666]
V  [jvm.dll+0x16235d]
V  [jvm.dll+0x25b25a]
V  [jvm.dll+0x2596e8]
V  [jvm.dll+0x807588]
V  [jvm.dll+0x80125a]
V  [jvm.dll+0x6ecf0b]
C  [ucrtbase.dll+0x29333]
C  [KERNEL32.DLL+0x1257d]
C  [ntdll.dll+0x5aa48]


---------------  P R O C E S S  ---------------

Threads class SMR info:
_java_thread_list=0x000001ef64f17ba0, length=19, elements={
0x000001ef39f00470, 0x000001ef5fb911e0, 0x000001ef5fb91dd0, 0x000001ef5fb949d0,
0x000001ef5fb99ca0, 0x000001ef5fb9a5d0, 0x000001ef5fb9af00, 0x000001ef5fba1890,
0x000001ef5fbaa210, 0x000001ef5fbb5360, 0x000001ef5fb68f80, 0x000001ef5fb69830,
0x000001ef63dfed90, 0x000001ef63dff310, 0x000001ef63eba3e0, 0x000001ef63eba920,
0x000001ef640361f0, 0x000001ef6449e930, 0x000001ef64e67060
}

Java Threads: ( => current thread )
  0x000001ef39f00470 JavaThread "main" [_thread_in_vm, id=27108, stack(0x0000005e73b00000,0x0000005e73c00000)]
  0x000001ef5fb911e0 JavaThread "Reference Handler" daemon [_thread_blocked, id=24292, stack(0x0000005e74200000,0x0000005e74300000)]
  0x000001ef5fb91dd0 JavaThread "Finalizer" daemon [_thread_blocked, id=15664, stack(0x0000005e74300000,0x0000005e74400000)]
  0x000001ef5fb949d0 JavaThread "Signal Dispatcher" daemon [_thread_blocked, id=15088, stack(0x0000005e74400000,0x0000005e74500000)]
  0x000001ef5fb99ca0 JavaThread "Attach Listener" daemon [_thread_blocked, id=17760, stack(0x0000005e74500000,0x0000005e74600000)]
  0x000001ef5fb9a5d0 JavaThread "Service Thread" daemon [_thread_blocked, id=7292, stack(0x0000005e74600000,0x0000005e74700000)]
  0x000001ef5fb9af00 JavaThread "Monitor Deflation Thread" daemon [_thread_blocked, id=16276, stack(0x0000005e74700000,0x0000005e74800000)]
  0x000001ef5fba1890 JavaThread "C2 CompilerThread0" daemon [_thread_blocked, id=27036, stack(0x0000005e74800000,0x0000005e74900000)]
=>0x000001ef5fbaa210 JavaThread "C1 CompilerThread0" daemon [_thread_in_vm, id=25440, stack(0x0000005e74900000,0x0000005e74a00000)]
  0x000001ef5fbb5360 JavaThread "Sweeper thread" daemon [_thread_blocked, id=13744, stack(0x0000005e74a00000,0x0000005e74b00000)]
  0x000001ef5fb68f80 JavaThread "Common-Cleaner" daemon [_thread_blocked, id=20148, stack(0x0000005e74b00000,0x0000005e74c00000)]
  0x000001ef5fb69830 JavaThread "C1 CompilerThread1" daemon [_thread_blocked, id=4840, stack(0x0000005e74c00000,0x0000005e74d00000)]
  0x000001ef63dfed90 JavaThread "C1 CompilerThread2" daemon [_thread_blocked, id=13628, stack(0x0000005e74d00000,0x0000005e74e00000)]
  0x000001ef63dff310 JavaThread "C1 CompilerThread3" daemon [_thread_blocked, id=11916, stack(0x0000005e74e00000,0x0000005e74f00000)]
  0x000001ef63eba3e0 JavaThread "Monitor Ctrl-Break" daemon [_thread_in_native, id=25852, stack(0x0000005e74f00000,0x0000005e75000000)]
  0x000001ef63eba920 JavaThread "Notification Thread" daemon [_thread_blocked, id=23656, stack(0x0000005e75000000,0x0000005e75100000)]
  0x000001ef640361f0 JavaThread "C2 CompilerThread1" daemon [_thread_blocked, id=18388, stack(0x0000005e75200000,0x0000005e75300000)]
  0x000001ef6449e930 JavaThread "C2 CompilerThread2" daemon [_thread_blocked, id=22760, stack(0x0000005e75300000,0x0000005e75400000)]
  0x000001ef64e67060 JavaThread "C2 CompilerThread3" daemon [_thread_blocked, id=7312, stack(0x0000005e75b00000,0x0000005e75c00000)]

Other Threads:
  0x000001ef5fb7a610 VMThread "VM Thread" [stack: 0x0000005e74100000,0x0000005e74200000] [id=13860]
  0x000001ef63f8b990 WatcherThread "VM Periodic Task Thread" [stack: 0x0000005e75100000,0x0000005e75200000] [id=26656]
  0x000001ef39f73a20 WorkerThread "GC Thread#0" [stack: 0x0000005e73c00000,0x0000005e73d00000] [id=19040]
  0x000001ef5fb7b6f0 WorkerThread "GC Thread#1" [stack: 0x0000005e75400000,0x0000005e75500000] [id=4224]
  0x000001ef5fb7b9c0 WorkerThread "GC Thread#2" [stack: 0x0000005e75500000,0x0000005e75600000] [id=27492]
  0x000001ef5fb7abb0 WorkerThread "GC Thread#3" [stack: 0x0000005e75600000,0x0000005e75700000] [id=16824]
  0x000001ef5fb7bc90 WorkerThread "GC Thread#4" [stack: 0x0000005e75700000,0x0000005e75800000] [id=28248]
  0x000001ef5fb7a340 WorkerThread "GC Thread#5" [stack: 0x0000005e75800000,0x0000005e75900000] [id=6632]
  0x000001ef5fb7a8e0 WorkerThread "GC Thread#6" [stack: 0x0000005e75900000,0x0000005e75a00000] [id=28340]
  0x000001ef64cd8230 WorkerThread "GC Thread#7" [stack: 0x0000005e75a00000,0x0000005e75b00000] [id=25920]
  0x000001ef64cd8500 WorkerThread "GC Thread#8" [stack: 0x0000005e75d00000,0x0000005e75e00000] [id=6564]
  0x000001ef64cd9310 WorkerThread "GC Thread#9" [stack: 0x0000005e75e00000,0x0000005e75f00000] [id=26852]
  0x000001ef64cda6c0 WorkerThread "GC Thread#10" [stack: 0x0000005e75f00000,0x0000005e76000000] [id=16192]
  0x000001ef64cdb7a0 WorkerThread "GC Thread#11" [stack: 0x0000005e76000000,0x0000005e76100000] [id=24436]
  0x000001ef39f84430 ConcurrentGCThread "G1 Main Marker" [stack: 0x0000005e73d00000,0x0000005e73e00000] [id=1784]
  0x000001ef39f85f10 WorkerThread "G1 Conc#0" [stack: 0x0000005e73e00000,0x0000005e73f00000] [id=26148]
  0x000001ef5fa30cb0 ConcurrentGCThread "G1 Refine#0" [stack: 0x0000005e73f00000,0x0000005e74000000] [id=23152]
  0x000001ef5fa316f0 ConcurrentGCThread "G1 Service" [stack: 0x0000005e74000000,0x0000005e74100000] [id=26644]

Threads with active compile tasks:
C1 CompilerThread0     2147 2872       3       org.apache.maven.model.merge.ModelMerger::mergeConfigurationContainer_Configuration (67 bytes)
C1 CompilerThread1     2147 2873       3       org.apache.maven.model.merge.ModelMerger::mergePlugin_GroupId (41 bytes)
C1 CompilerThread2     2147 2875       3       org.apache.maven.model.merge.ModelMerger::mergePlugin_Version (41 bytes)
C1 CompilerThread3     2147 2874       3       org.apache.maven.model.merge.ModelMerger::mergePlugin_ArtifactId (41 bytes)

VM state: not at safepoint (normal execution)

VM Mutex/Monitor currently owned by a thread:  ([mutex/lock_event])
[0x000001ef39efa7b0] Metaspace_lock - owner thread: 0x000001ef5fbaa210
[0x000001ef39efb580] MethodData_lock - owner thread: 0x000001ef5fbaa210

Heap address: 0x0000000705e00000, size: 4002 MB, Compressed Oops mode: Zero based, Oop shift amount: 3

CDS archive(s) mapped at: [0x0000000800000000-0x0000000800c40000-0x0000000800c40000), size 12845056, SharedBaseAddress: 0x0000000800000000, ArchiveRelocationMode: 0.
Compressed class space mapped at: 0x0000000801000000-0x0000000841000000, reserved size: 1073741824
Narrow klass base: 0x0000000800000000, Narrow klass shift: 0, Narrow klass range: 0x100000000

GC Precious Log:
 CardTable entry size: 512
 Card Set container configuration: InlinePtr #cards 4 size 8 Array Of Cards #cards 16 size 48 Howl #buckets 8 coarsen threshold 3686 Howl Bitmap #cards 512 size 80 coarsen threshold 460 Card regions per heap region 1 cards per card region 4096
 CPUs: 16 total, 16 available
 Memory: 16005M
 Large Page Support: Disabled
 NUMA Support: Disabled
 Compressed Oops: Enabled (Zero based)
 Heap Region Size: 2M
 Heap Min Capacity: 8M
 Heap Initial Capacity: 252M
 Heap Max Capacity: 4002M
 Pre-touch: Disabled
 Parallel Workers: 13
 Concurrent Workers: 3
 Concurrent Refinement Workers: 13
 Periodic GC: Disabled

Heap:
 garbage-first heap   total 258048K, used 22632K [0x0000000705e00000, 0x0000000800000000)
  region size 2048K, 11 young (22528K), 2 survivors (4096K)
 Metaspace       used 13286K, committed 13504K, reserved 1114112K
  class space    used 1480K, committed 1600K, reserved 1048576K

Heap Regions: E=young(eden), S=young(survivor), O=old, HS=humongous(starts), HC=humongous(continues), CS=collection set, F=free, OA=open archive, CA=closed archive, TAMS=top-at-mark-start (previous, next)
|   0|0x0000000705e00000, 0x0000000706000000, 0x0000000706000000|100%| O|  |TAMS 0x0000000705e00000, 0x0000000705e00000| Untracked 
|   1|0x0000000706000000, 0x0000000706156600, 0x0000000706200000| 66%| O|  |TAMS 0x0000000706000000, 0x0000000706000000| Untracked 
|   2|0x0000000706200000, 0x0000000706200000, 0x0000000706400000|  0%| F|  |TAMS 0x0000000706200000, 0x0000000706200000| Untracked 
|   3|0x0000000706400000, 0x0000000706400000, 0x0000000706600000|  0%| F|  |TAMS 0x0000000706400000, 0x0000000706400000| Untracked 
|   4|0x0000000706600000, 0x0000000706600000, 0x0000000706800000|  0%| F|  |TAMS 0x0000000706600000, 0x0000000706600000| Untracked 
|   5|0x0000000706800000, 0x0000000706800000, 0x0000000706a00000|  0%| F|  |TAMS 0x0000000706800000, 0x0000000706800000| Untracked 
|   6|0x0000000706a00000, 0x0000000706a00000, 0x0000000706c00000|  0%| F|  |TAMS 0x0000000706a00000, 0x0000000706a00000| Untracked 
|   7|0x0000000706c00000, 0x0000000706c00000, 0x0000000706e00000|  0%| F|  |TAMS 0x0000000706c00000, 0x0000000706c00000| Untracked 
|   8|0x0000000706e00000, 0x0000000706e00000, 0x0000000707000000|  0%| F|  |TAMS 0x0000000706e00000, 0x0000000706e00000| Untracked 
|   9|0x0000000707000000, 0x0000000707000000, 0x0000000707200000|  0%| F|  |TAMS 0x0000000707000000, 0x0000000707000000| Untracked 
|  10|0x0000000707200000, 0x0000000707200000, 0x0000000707400000|  0%| F|  |TAMS 0x0000000707200000, 0x0000000707200000| Untracked 
|  11|0x0000000707400000, 0x0000000707400000, 0x0000000707600000|  0%| F|  |TAMS 0x0000000707400000, 0x0000000707400000| Untracked 
|  12|0x0000000707600000, 0x0000000707600000, 0x0000000707800000|  0%| F|  |TAMS 0x0000000707600000, 0x0000000707600000| Untracked 
|  13|0x0000000707800000, 0x0000000707800000, 0x0000000707a00000|  0%| F|  |TAMS 0x0000000707800000, 0x0000000707800000| Untracked 
|  14|0x0000000707a00000, 0x0000000707a00000, 0x0000000707c00000|  0%| F|  |TAMS 0x0000000707a00000, 0x0000000707a00000| Untracked 
|  15|0x0000000707c00000, 0x0000000707c00000, 0x0000000707e00000|  0%| F|  |TAMS 0x0000000707c00000, 0x0000000707c00000| Untracked 
|  16|0x0000000707e00000, 0x0000000707e00000, 0x0000000708000000|  0%| F|  |TAMS 0x0000000707e00000, 0x0000000707e00000| Untracked 
|  17|0x0000000708000000, 0x0000000708000000, 0x0000000708200000|  0%| F|  |TAMS 0x0000000708000000, 0x0000000708000000| Untracked 
|  18|0x0000000708200000, 0x0000000708200000, 0x0000000708400000|  0%| F|  |TAMS 0x0000000708200000, 0x0000000708200000| Untracked 
|  19|0x0000000708400000, 0x0000000708400000, 0x0000000708600000|  0%| F|  |TAMS 0x0000000708400000, 0x0000000708400000| Untracked 
|  20|0x0000000708600000, 0x0000000708600000, 0x0000000708800000|  0%| F|  |TAMS 0x0000000708600000, 0x0000000708600000| Untracked 
|  21|0x0000000708800000, 0x0000000708800000, 0x0000000708a00000|  0%| F|  |TAMS 0x0000000708800000, 0x0000000708800000| Untracked 
|  22|0x0000000708a00000, 0x0000000708a00000, 0x0000000708c00000|  0%| F|  |TAMS 0x0000000708a00000, 0x0000000708a00000| Untracked 
|  23|0x0000000708c00000, 0x0000000708c00000, 0x0000000708e00000|  0%| F|  |TAMS 0x0000000708c00000, 0x0000000708c00000| Untracked 
|  24|0x0000000708e00000, 0x0000000708e00000, 0x0000000709000000|  0%| F|  |TAMS 0x0000000708e00000, 0x0000000708e00000| Untracked 
|  25|0x0000000709000000, 0x0000000709000000, 0x0000000709200000|  0%| F|  |TAMS 0x0000000709000000, 0x0000000709000000| Untracked 
|  26|0x0000000709200000, 0x0000000709200000, 0x0000000709400000|  0%| F|  |TAMS 0x0000000709200000, 0x0000000709200000| Untracked 
|  27|0x0000000709400000, 0x0000000709400000, 0x0000000709600000|  0%| F|  |TAMS 0x0000000709400000, 0x0000000709400000| Untracked 
|  28|0x0000000709600000, 0x0000000709600000, 0x0000000709800000|  0%| F|  |TAMS 0x0000000709600000, 0x0000000709600000| Untracked 
|  29|0x0000000709800000, 0x0000000709800000, 0x0000000709a00000|  0%| F|  |TAMS 0x0000000709800000, 0x0000000709800000| Untracked 
|  30|0x0000000709a00000, 0x0000000709a00000, 0x0000000709c00000|  0%| F|  |TAMS 0x0000000709a00000, 0x0000000709a00000| Untracked 
|  31|0x0000000709c00000, 0x0000000709c00000, 0x0000000709e00000|  0%| F|  |TAMS 0x0000000709c00000, 0x0000000709c00000| Untracked 
|  32|0x0000000709e00000, 0x0000000709e00000, 0x000000070a000000|  0%| F|  |TAMS 0x0000000709e00000, 0x0000000709e00000| Untracked 
|  33|0x000000070a000000, 0x000000070a000000, 0x000000070a200000|  0%| F|  |TAMS 0x000000070a000000, 0x000000070a000000| Untracked 
|  34|0x000000070a200000, 0x000000070a200000, 0x000000070a400000|  0%| F|  |TAMS 0x000000070a200000, 0x000000070a200000| Untracked 
|  35|0x000000070a400000, 0x000000070a400000, 0x000000070a600000|  0%| F|  |TAMS 0x000000070a400000, 0x000000070a400000| Untracked 
|  36|0x000000070a600000, 0x000000070a600000, 0x000000070a800000|  0%| F|  |TAMS 0x000000070a600000, 0x000000070a600000| Untracked 
|  37|0x000000070a800000, 0x000000070a800000, 0x000000070aa00000|  0%| F|  |TAMS 0x000000070a800000, 0x000000070a800000| Untracked 
|  38|0x000000070aa00000, 0x000000070aa00000, 0x000000070ac00000|  0%| F|  |TAMS 0x000000070aa00000, 0x000000070aa00000| Untracked 
|  39|0x000000070ac00000, 0x000000070ac00000, 0x000000070ae00000|  0%| F|  |TAMS 0x000000070ac00000, 0x000000070ac00000| Untracked 
|  40|0x000000070ae00000, 0x000000070ae00000, 0x000000070b000000|  0%| F|  |TAMS 0x000000070ae00000, 0x000000070ae00000| Untracked 
|  41|0x000000070b000000, 0x000000070b000000, 0x000000070b200000|  0%| F|  |TAMS 0x000000070b000000, 0x000000070b000000| Untracked 
|  42|0x000000070b200000, 0x000000070b200000, 0x000000070b400000|  0%| F|  |TAMS 0x000000070b200000, 0x000000070b200000| Untracked 
|  43|0x000000070b400000, 0x000000070b400000, 0x000000070b600000|  0%| F|  |TAMS 0x000000070b400000, 0x000000070b400000| Untracked 
|  44|0x000000070b600000, 0x000000070b600000, 0x000000070b800000|  0%| F|  |TAMS 0x000000070b600000, 0x000000070b600000| Untracked 
|  45|0x000000070b800000, 0x000000070b800000, 0x000000070ba00000|  0%| F|  |TAMS 0x000000070b800000, 0x000000070b800000| Untracked 
|  46|0x000000070ba00000, 0x000000070ba00000, 0x000000070bc00000|  0%| F|  |TAMS 0x000000070ba00000, 0x000000070ba00000| Untracked 
|  47|0x000000070bc00000, 0x000000070bc00000, 0x000000070be00000|  0%| F|  |TAMS 0x000000070bc00000, 0x000000070bc00000| Untracked 
|  48|0x000000070be00000, 0x000000070be00000, 0x000000070c000000|  0%| F|  |TAMS 0x000000070be00000, 0x000000070be00000| Untracked 
|  49|0x000000070c000000, 0x000000070c000000, 0x000000070c200000|  0%| F|  |TAMS 0x000000070c000000, 0x000000070c000000| Untracked 
|  50|0x000000070c200000, 0x000000070c200000, 0x000000070c400000|  0%| F|  |TAMS 0x000000070c200000, 0x000000070c200000| Untracked 
|  51|0x000000070c400000, 0x000000070c400000, 0x000000070c600000|  0%| F|  |TAMS 0x000000070c400000, 0x000000070c400000| Untracked 
|  52|0x000000070c600000, 0x000000070c600000, 0x000000070c800000|  0%| F|  |TAMS 0x000000070c600000, 0x000000070c600000| Untracked 
|  53|0x000000070c800000, 0x000000070c800000, 0x000000070ca00000|  0%| F|  |TAMS 0x000000070c800000, 0x000000070c800000| Untracked 
|  54|0x000000070ca00000, 0x000000070ca00000, 0x000000070cc00000|  0%| F|  |TAMS 0x000000070ca00000, 0x000000070ca00000| Untracked 
|  55|0x000000070cc00000, 0x000000070cc00000, 0x000000070ce00000|  0%| F|  |TAMS 0x000000070cc00000, 0x000000070cc00000| Untracked 
|  56|0x000000070ce00000, 0x000000070ce00000, 0x000000070d000000|  0%| F|  |TAMS 0x000000070ce00000, 0x000000070ce00000| Untracked 
|  57|0x000000070d000000, 0x000000070d000000, 0x000000070d200000|  0%| F|  |TAMS 0x000000070d000000, 0x000000070d000000| Untracked 
|  58|0x000000070d200000, 0x000000070d200000, 0x000000070d400000|  0%| F|  |TAMS 0x000000070d200000, 0x000000070d200000| Untracked 
|  59|0x000000070d400000, 0x000000070d400000, 0x000000070d600000|  0%| F|  |TAMS 0x000000070d400000, 0x000000070d400000| Untracked 
|  60|0x000000070d600000, 0x000000070d600000, 0x000000070d800000|  0%| F|  |TAMS 0x000000070d600000, 0x000000070d600000| Untracked 
|  61|0x000000070d800000, 0x000000070d800000, 0x000000070da00000|  0%| F|  |TAMS 0x000000070d800000, 0x000000070d800000| Untracked 
|  62|0x000000070da00000, 0x000000070da00000, 0x000000070dc00000|  0%| F|  |TAMS 0x000000070da00000, 0x000000070da00000| Untracked 
|  63|0x000000070dc00000, 0x000000070dc00000, 0x000000070de00000|  0%| F|  |TAMS 0x000000070dc00000, 0x000000070dc00000| Untracked 
|  64|0x000000070de00000, 0x000000070de00000, 0x000000070e000000|  0%| F|  |TAMS 0x000000070de00000, 0x000000070de00000| Untracked 
|  65|0x000000070e000000, 0x000000070e000000, 0x000000070e200000|  0%| F|  |TAMS 0x000000070e000000, 0x000000070e000000| Untracked 
|  66|0x000000070e200000, 0x000000070e200000, 0x000000070e400000|  0%| F|  |TAMS 0x000000070e200000, 0x000000070e200000| Untracked 
|  67|0x000000070e400000, 0x000000070e400000, 0x000000070e600000|  0%| F|  |TAMS 0x000000070e400000, 0x000000070e400000| Untracked 
|  68|0x000000070e600000, 0x000000070e600000, 0x000000070e800000|  0%| F|  |TAMS 0x000000070e600000, 0x000000070e600000| Untracked 
|  69|0x000000070e800000, 0x000000070e800000, 0x000000070ea00000|  0%| F|  |TAMS 0x000000070e800000, 0x000000070e800000| Untracked 
|  70|0x000000070ea00000, 0x000000070ea00000, 0x000000070ec00000|  0%| F|  |TAMS 0x000000070ea00000, 0x000000070ea00000| Untracked 
|  71|0x000000070ec00000, 0x000000070ec00000, 0x000000070ee00000|  0%| F|  |TAMS 0x000000070ec00000, 0x000000070ec00000| Untracked 
|  72|0x000000070ee00000, 0x000000070ee00000, 0x000000070f000000|  0%| F|  |TAMS 0x000000070ee00000, 0x000000070ee00000| Untracked 
|  73|0x000000070f000000, 0x000000070f000000, 0x000000070f200000|  0%| F|  |TAMS 0x000000070f000000, 0x000000070f000000| Untracked 
|  74|0x000000070f200000, 0x000000070f200000, 0x000000070f400000|  0%| F|  |TAMS 0x000000070f200000, 0x000000070f200000| Untracked 
|  75|0x000000070f400000, 0x000000070f400000, 0x000000070f600000|  0%| F|  |TAMS 0x000000070f400000, 0x000000070f400000| Untracked 
|  76|0x000000070f600000, 0x000000070f600000, 0x000000070f800000|  0%| F|  |TAMS 0x000000070f600000, 0x000000070f600000| Untracked 
|  77|0x000000070f800000, 0x000000070f800000, 0x000000070fa00000|  0%| F|  |TAMS 0x000000070f800000, 0x000000070f800000| Untracked 
|  78|0x000000070fa00000, 0x000000070fa00000, 0x000000070fc00000|  0%| F|  |TAMS 0x000000070fa00000, 0x000000070fa00000| Untracked 
|  79|0x000000070fc00000, 0x000000070fc00000, 0x000000070fe00000|  0%| F|  |TAMS 0x000000070fc00000, 0x000000070fc00000| Untracked 
|  80|0x000000070fe00000, 0x000000070fe00000, 0x0000000710000000|  0%| F|  |TAMS 0x000000070fe00000, 0x000000070fe00000| Untracked 
|  81|0x0000000710000000, 0x0000000710000000, 0x0000000710200000|  0%| F|  |TAMS 0x0000000710000000, 0x0000000710000000| Untracked 
|  82|0x0000000710200000, 0x0000000710200000, 0x0000000710400000|  0%| F|  |TAMS 0x0000000710200000, 0x0000000710200000| Untracked 
|  83|0x0000000710400000, 0x0000000710400000, 0x0000000710600000|  0%| F|  |TAMS 0x0000000710400000, 0x0000000710400000| Untracked 
|  84|0x0000000710600000, 0x0000000710600000, 0x0000000710800000|  0%| F|  |TAMS 0x0000000710600000, 0x0000000710600000| Untracked 
|  85|0x0000000710800000, 0x0000000710800000, 0x0000000710a00000|  0%| F|  |TAMS 0x0000000710800000, 0x0000000710800000| Untracked 
|  86|0x0000000710a00000, 0x0000000710a00000, 0x0000000710c00000|  0%| F|  |TAMS 0x0000000710a00000, 0x0000000710a00000| Untracked 
|  87|0x0000000710c00000, 0x0000000710c00000, 0x0000000710e00000|  0%| F|  |TAMS 0x0000000710c00000, 0x0000000710c00000| Untracked 
|  88|0x0000000710e00000, 0x0000000710e00000, 0x0000000711000000|  0%| F|  |TAMS 0x0000000710e00000, 0x0000000710e00000| Untracked 
|  89|0x0000000711000000, 0x0000000711000000, 0x0000000711200000|  0%| F|  |TAMS 0x0000000711000000, 0x0000000711000000| Untracked 
|  90|0x0000000711200000, 0x0000000711200000, 0x0000000711400000|  0%| F|  |TAMS 0x0000000711200000, 0x0000000711200000| Untracked 
|  91|0x0000000711400000, 0x0000000711400000, 0x0000000711600000|  0%| F|  |TAMS 0x0000000711400000, 0x0000000711400000| Untracked 
|  92|0x0000000711600000, 0x0000000711600000, 0x0000000711800000|  0%| F|  |TAMS 0x0000000711600000, 0x0000000711600000| Untracked 
|  93|0x0000000711800000, 0x0000000711800000, 0x0000000711a00000|  0%| F|  |TAMS 0x0000000711800000, 0x0000000711800000| Untracked 
|  94|0x0000000711a00000, 0x0000000711a00000, 0x0000000711c00000|  0%| F|  |TAMS 0x0000000711a00000, 0x0000000711a00000| Untracked 
|  95|0x0000000711c00000, 0x0000000711c00000, 0x0000000711e00000|  0%| F|  |TAMS 0x0000000711c00000, 0x0000000711c00000| Untracked 
|  96|0x0000000711e00000, 0x0000000711e00000, 0x0000000712000000|  0%| F|  |TAMS 0x0000000711e00000, 0x0000000711e00000| Untracked 
|  97|0x0000000712000000, 0x0000000712000000, 0x0000000712200000|  0%| F|  |TAMS 0x0000000712000000, 0x0000000712000000| Untracked 
|  98|0x0000000712200000, 0x0000000712200000, 0x0000000712400000|  0%| F|  |TAMS 0x0000000712200000, 0x0000000712200000| Untracked 
|  99|0x0000000712400000, 0x0000000712400000, 0x0000000712600000|  0%| F|  |TAMS 0x0000000712400000, 0x0000000712400000| Untracked 
| 100|0x0000000712600000, 0x0000000712600000, 0x0000000712800000|  0%| F|  |TAMS 0x0000000712600000, 0x0000000712600000| Untracked 
| 101|0x0000000712800000, 0x0000000712800000, 0x0000000712a00000|  0%| F|  |TAMS 0x0000000712800000, 0x0000000712800000| Untracked 
| 102|0x0000000712a00000, 0x0000000712a00000, 0x0000000712c00000|  0%| F|  |TAMS 0x0000000712a00000, 0x0000000712a00000| Untracked 
| 103|0x0000000712c00000, 0x0000000712c00000, 0x0000000712e00000|  0%| F|  |TAMS 0x0000000712c00000, 0x0000000712c00000| Untracked 
| 104|0x0000000712e00000, 0x0000000712e00000, 0x0000000713000000|  0%| F|  |TAMS 0x0000000712e00000, 0x0000000712e00000| Untracked 
| 105|0x0000000713000000, 0x00000007130c3a00, 0x0000000713200000| 38%| S|CS|TAMS 0x0000000713000000, 0x0000000713000000| Complete 
| 106|0x0000000713200000, 0x0000000713400000, 0x0000000713400000|100%| S|CS|TAMS 0x0000000713200000, 0x0000000713200000| Complete 
| 107|0x0000000713400000, 0x0000000713400000, 0x0000000713600000|  0%| F|  |TAMS 0x0000000713400000, 0x0000000713400000| Untracked 
| 108|0x0000000713600000, 0x0000000713600000, 0x0000000713800000|  0%| F|  |TAMS 0x0000000713600000, 0x0000000713600000| Untracked 
| 109|0x0000000713800000, 0x0000000713800000, 0x0000000713a00000|  0%| F|  |TAMS 0x0000000713800000, 0x0000000713800000| Untracked 
| 110|0x0000000713a00000, 0x0000000713a00000, 0x0000000713c00000|  0%| F|  |TAMS 0x0000000713a00000, 0x0000000713a00000| Untracked 
| 111|0x0000000713c00000, 0x0000000713c00000, 0x0000000713e00000|  0%| F|  |TAMS 0x0000000713c00000, 0x0000000713c00000| Untracked 
| 112|0x0000000713e00000, 0x0000000713e00000, 0x0000000714000000|  0%| F|  |TAMS 0x0000000713e00000, 0x0000000713e00000| Untracked 
| 113|0x0000000714000000, 0x0000000714000000, 0x0000000714200000|  0%| F|  |TAMS 0x0000000714000000, 0x0000000714000000| Untracked 
| 114|0x0000000714200000, 0x0000000714200000, 0x0000000714400000|  0%| F|  |TAMS 0x0000000714200000, 0x0000000714200000| Untracked 
| 115|0x0000000714400000, 0x0000000714400000, 0x0000000714600000|  0%| F|  |TAMS 0x0000000714400000, 0x0000000714400000| Untracked 
| 116|0x0000000714600000, 0x0000000714600000, 0x0000000714800000|  0%| F|  |TAMS 0x0000000714600000, 0x0000000714600000| Untracked 
| 117|0x0000000714800000, 0x0000000714942ef8, 0x0000000714a00000| 63%| E|  |TAMS 0x0000000714800000, 0x0000000714800000| Complete 
| 118|0x0000000714a00000, 0x0000000714c00000, 0x0000000714c00000|100%| E|CS|TAMS 0x0000000714a00000, 0x0000000714a00000| Complete 
| 119|0x0000000714c00000, 0x0000000714e00000, 0x0000000714e00000|100%| E|CS|TAMS 0x0000000714c00000, 0x0000000714c00000| Complete 
| 120|0x0000000714e00000, 0x0000000715000000, 0x0000000715000000|100%| E|CS|TAMS 0x0000000714e00000, 0x0000000714e00000| Complete 
| 121|0x0000000715000000, 0x0000000715200000, 0x0000000715200000|100%| E|CS|TAMS 0x0000000715000000, 0x0000000715000000| Complete 
| 122|0x0000000715200000, 0x0000000715400000, 0x0000000715400000|100%| E|CS|TAMS 0x0000000715200000, 0x0000000715200000| Complete 
| 123|0x0000000715400000, 0x0000000715600000, 0x0000000715600000|100%| E|CS|TAMS 0x0000000715400000, 0x0000000715400000| Complete 
| 124|0x0000000715600000, 0x0000000715800000, 0x0000000715800000|100%| E|CS|TAMS 0x0000000715600000, 0x0000000715600000| Complete 
| 125|0x0000000715800000, 0x0000000715a00000, 0x0000000715a00000|100%| E|CS|TAMS 0x0000000715800000, 0x0000000715800000| Complete 

Card table byte_map: [0x000001ef53e30000,0x000001ef54610000] _byte_map_base: 0x000001ef50601000

Marking Bits (Prev, Next): (CMBitMap*) 0x000001ef39f73f50, (CMBitMap*) 0x000001ef39f73f90
 Prev Bits: [0x000001ef54df0000, 0x000001ef58c78000)
 Next Bits: [0x000001ef58c80000, 0x000001ef5cb08000)

Polling page: 0x000001ef39d30000

Metaspace:

Usage:
  Non-class:     11.53 MB used.
      Class:      1.45 MB used.
       Both:     12.97 MB used.

Virtual space:
  Non-class space:       64.00 MB reserved,      11.62 MB ( 18%) committed,  1 nodes.
      Class space:        1.00 GB reserved,       1.56 MB ( <1%) committed,  1 nodes.
             Both:        1.06 GB reserved,      13.19 MB (  1%) committed. 

Chunk freelists:
   Non-Class:  3.80 MB
       Class:  2.38 MB
        Both:  6.18 MB

MaxMetaspaceSize: unlimited
CompressedClassSpaceSize: 1.00 GB
Initial GC threshold: 21.00 MB
Current GC threshold: 21.00 MB
CDS: on
MetaspaceReclaimPolicy: balanced
 - commit_granule_bytes: 65536.
 - commit_granule_words: 8192.
 - virtual_space_node_default_size: 8388608.
 - enlarge_chunks_in_place: 1.
 - new_chunks_are_fully_committed: 0.
 - uncommit_free_chunks: 1.
 - use_allocation_guard: 0.


Internal statistics:

num_allocs_failed_limit: 0.
num_arena_births: 252.
num_arena_deaths: 0.
num_vsnodes_births: 2.
num_vsnodes_deaths: 0.
num_space_committed: 211.
num_space_uncommitted: 0.
num_chunks_returned_to_freelist: 0.
num_chunks_taken_from_freelist: 658.
num_chunk_merges: 0.
num_chunk_splits: 481.
num_chunks_enlarged: 367.
num_inconsistent_stats: 0.

CodeHeap 'non-profiled nmethods': size=119168Kb used=1231Kb max_used=1231Kb free=117936Kb
 bounds [0x000001ef4b220000, 0x000001ef4b490000, 0x000001ef52680000]
CodeHeap 'profiled nmethods': size=119104Kb used=5696Kb max_used=5696Kb free=113407Kb
 bounds [0x000001ef43680000, 0x000001ef43c20000, 0x000001ef4aad0000]
CodeHeap 'non-nmethods': size=7488Kb used=2966Kb max_used=2995Kb free=4521Kb
 bounds [0x000001ef4aad0000, 0x000001ef4adc0000, 0x000001ef4b220000]
 total_blobs=3362 nmethods=2870 adapters=399
 compilation: enabled
              stopped_count=0, restarted_count=0
 full_count=0

Compilation events (20 events):
Event: 2.125 Thread 0x000001ef5fba1890 nmethod 2859 0x000001ef4b34ad10 code [0x000001ef4b34aea0, 0x000001ef4b34af58]
Event: 2.125 Thread 0x000001ef63dfed90 2862       1       java.io.File::getPrefixLength (5 bytes)
Event: 2.125 Thread 0x000001ef63dfed90 nmethod 2862 0x000001ef4b34b010 code [0x000001ef4b34b1a0, 0x000001ef4b34b258]
Event: 2.126 Thread 0x000001ef63dfed90 2863       3       org.codehaus.plexus.util.xml.pull.MXParser::nextImpl (1202 bytes)
Event: 2.126 Thread 0x000001ef6449e930 nmethod 2838 0x000001ef4b34b310 code [0x000001ef4b34b520, 0x000001ef4b34bc50]
Event: 2.127 Thread 0x000001ef63dff310 2864       3       java.util.regex.Pattern::append (43 bytes)
Event: 2.127 Thread 0x000001ef5fbaa210 2865       3       java.io.BufferedWriter::ensureOpen (18 bytes)
Event: 2.127 Thread 0x000001ef5fbaa210 nmethod 2865 0x000001ef43c0d290 code [0x000001ef43c0d440, 0x000001ef43c0d648]
Event: 2.127 Thread 0x000001ef63dff310 nmethod 2864 0x000001ef43c0d710 code [0x000001ef43c0d8e0, 0x000001ef43c0dcf8]
Event: 2.127 Thread 0x000001ef63dfed90 nmethod 2863 0x000001ef4b34c110 code [0x000001ef4b34c780, 0x000001ef4b34f918]
Event: 2.128 Thread 0x000001ef5fba1890 2866   !   4       java.util.concurrent.ConcurrentHashMap::transfer (849 bytes)
Event: 2.129 Thread 0x000001ef5fbaa210 2867       3       org.apache.maven.model.merge.ModelMerger$DependencyKeyComputer::<init> (6 bytes)
Event: 2.129 Thread 0x000001ef63dfed90 2868       3       org.apache.maven.model.merge.ModelMerger$DependencyKeyComputer::<init> (10 bytes)
Event: 2.129 Thread 0x000001ef63dff310 2869       3       java.util.ArrayList::<init> (65 bytes)
Event: 2.129 Thread 0x000001ef5fb69830 2870       3       org.apache.maven.model.merge.ModelMerger::mergeConfigurationContainer (19 bytes)
Event: 2.129 Thread 0x000001ef63dfed90 nmethod 2868 0x000001ef43c0de90 code [0x000001ef43c0e040, 0x000001ef43c0e218]
Event: 2.129 Thread 0x000001ef5fbaa210 nmethod 2867 0x000001ef43c0e310 code [0x000001ef43c0e4c0, 0x000001ef43c0e6f8]
Event: 2.129 Thread 0x000001ef63dfed90 2871       3       org.apache.maven.model.merge.ModelMerger::mergeConfigurationContainer_Inherited (43 bytes)
Event: 2.129 Thread 0x000001ef5fbaa210 2872       3       org.apache.maven.model.merge.ModelMerger::mergeConfigurationContainer_Configuration (67 bytes)
Event: 2.129 Thread 0x000001ef5fb69830 nmethod 2870 0x000001ef43c0e810 code [0x000001ef43c0e9c0, 0x000001ef43c0ec78]

GC Heap History (4 events):
Event: 0.776 GC heap before
{Heap before GC invocations=0 (full 0):
 garbage-first heap   total 258048K, used 22528K [0x0000000705e00000, 0x0000000800000000)
  region size 2048K, 11 young (22528K), 0 survivors (0K)
 Metaspace       used 5294K, committed 5440K, reserved 1114112K
  class space    used 576K, committed 640K, reserved 1048576K
}
Event: 0.793 GC heap after
{Heap after GC invocations=1 (full 0):
 garbage-first heap   total 258048K, used 3575K [0x0000000705e00000, 0x0000000800000000)
  region size 2048K, 2 young (4096K), 2 survivors (4096K)
 Metaspace       used 5294K, committed 5440K, reserved 1114112K
  class space    used 576K, committed 640K, reserved 1048576K
}
Event: 1.543 GC heap before
{Heap before GC invocations=1 (full 0):
 garbage-first heap   total 258048K, used 38391K [0x0000000705e00000, 0x0000000800000000)
  region size 2048K, 19 young (38912K), 2 survivors (4096K)
 Metaspace       used 10496K, committed 10688K, reserved 1114112K
  class space    used 1212K, committed 1344K, reserved 1048576K
}
Event: 1.548 GC heap after
{Heap after GC invocations=2 (full 0):
 garbage-first heap   total 258048K, used 6248K [0x0000000705e00000, 0x0000000800000000)
  region size 2048K, 2 young (4096K), 2 survivors (4096K)
 Metaspace       used 10496K, committed 10688K, reserved 1114112K
  class space    used 1212K, committed 1344K, reserved 1048576K
}

Dll operation events (12 events):
Event: 0.005 Loaded shared library C:\Program Files\Java\jdk-19\bin\java.dll
Event: 0.011 Loaded shared library C:\Program Files\Java\jdk-19\bin\jsvml.dll
Event: 0.041 Loaded shared library C:\Program Files\Java\jdk-19\bin\zip.dll
Event: 0.042 Loaded shared library C:\Program Files\Java\jdk-19\bin\instrument.dll
Event: 0.045 Loaded shared library C:\Program Files\Java\jdk-19\bin\net.dll
Event: 0.046 Loaded shared library C:\Program Files\Java\jdk-19\bin\nio.dll
Event: 0.048 Loaded shared library C:\Program Files\Java\jdk-19\bin\zip.dll
Event: 0.057 Loaded shared library C:\Program Files\JetBrains\IntelliJ IDEA 2022.1.2\bin\breakgen64.dll
Event: 0.061 Loaded shared library C:\Program Files\Java\jdk-19\bin\extnet.dll
Event: 0.114 Loaded shared library C:\Program Files\Java\jdk-19\bin\jimage.dll
Event: 0.156 Loaded shared library C:\Users\99293\AppData\Local\Temp\jansi-2.4.0-98aefa0a37b5d338-jansi.dll
Event: 0.163 Loaded shared library C:\Program Files\Java\jdk-19\bin\verify.dll

Deoptimization events (20 events):
Event: 2.096 Thread 0x000001ef39f00470 Uncommon trap: trap_request=0xffffff45 fr.pc=0x000001ef4b33b0f4 relative=0x00000000000001d4
Event: 2.096 Thread 0x000001ef39f00470 Uncommon trap: reason=unstable_if action=reinterpret pc=0x000001ef4b33b0f4 method=java.lang.String.indexOf(Ljava/lang/String;)I @ 10 c2
Event: 2.096 Thread 0x000001ef39f00470 DEOPT PACKING pc=0x000001ef4b33b0f4 sp=0x0000005e73bfdfc0
Event: 2.096 Thread 0x000001ef39f00470 DEOPT UNPACKING pc=0x000001ef4ab36da3 sp=0x0000005e73bfdf50 mode 2
Event: 2.105 Thread 0x000001ef39f00470 DEOPT PACKING pc=0x000001ef43b9abfd sp=0x0000005e73bfdec0
Event: 2.105 Thread 0x000001ef39f00470 DEOPT UNPACKING pc=0x000001ef4ab37543 sp=0x0000005e73bfd3e8 mode 0
Event: 2.111 Thread 0x000001ef39f00470 Uncommon trap: trap_request=0xffffff45 fr.pc=0x000001ef4b32f97c relative=0x000000000000015c
Event: 2.111 Thread 0x000001ef39f00470 Uncommon trap: reason=unstable_if action=reinterpret pc=0x000001ef4b32f97c method=java.lang.StringLatin1.trim([B)Ljava/lang/String; @ 60 c2
Event: 2.111 Thread 0x000001ef39f00470 DEOPT PACKING pc=0x000001ef4b32f97c sp=0x0000005e73bfda50
Event: 2.111 Thread 0x000001ef39f00470 DEOPT UNPACKING pc=0x000001ef4ab36da3 sp=0x0000005e73bfd9d0 mode 2
Event: 2.120 Thread 0x000001ef39f00470 Uncommon trap: trap_request=0xffffff45 fr.pc=0x000001ef4b2db2a4 relative=0x0000000000000284
Event: 2.120 Thread 0x000001ef39f00470 Uncommon trap: reason=unstable_if action=reinterpret pc=0x000001ef4b2db2a4 method=java.lang.String.regionMatches(ZILjava/lang/String;II)Z @ 21 c2
Event: 2.120 Thread 0x000001ef39f00470 DEOPT PACKING pc=0x000001ef4b2db2a4 sp=0x0000005e73bfe180
Event: 2.120 Thread 0x000001ef39f00470 DEOPT UNPACKING pc=0x000001ef4ab36da3 sp=0x0000005e73bfe128 mode 2
Event: 2.126 Thread 0x000001ef39f00470 Uncommon trap: trap_request=0xffffff45 fr.pc=0x000001ef4b34749c relative=0x00000000000009dc
Event: 2.126 Thread 0x000001ef39f00470 Uncommon trap: reason=unstable_if action=reinterpret pc=0x000001ef4b34749c method=org.codehaus.plexus.util.xml.pull.MXParser.nextImpl()I @ 879 c2
Event: 2.126 Thread 0x000001ef39f00470 DEOPT PACKING pc=0x000001ef4b34749c sp=0x0000005e73bfda30
Event: 2.126 Thread 0x000001ef39f00470 DEOPT UNPACKING pc=0x000001ef4ab36da3 sp=0x0000005e73bfd9b0 mode 2
Event: 2.128 Thread 0x000001ef39f00470 DEOPT PACKING pc=0x000001ef43b9ac1e sp=0x0000005e73bfdd10
Event: 2.128 Thread 0x000001ef39f00470 DEOPT UNPACKING pc=0x000001ef4ab37543 sp=0x0000005e73bfd238 mode 0

Classes loaded (20 events):
Event: 1.892 Loading class java/net/URL$1
Event: 1.892 Loading class java/net/URL$1 done
Event: 1.892 Loading class java/net/spi/URLStreamHandlerProvider
Event: 1.892 Loading class java/net/spi/URLStreamHandlerProvider done
Event: 1.892 Loading class sun/net/www/protocol/https/Handler
Event: 1.892 Loading class sun/net/www/protocol/http/Handler
Event: 1.892 Loading class sun/net/www/protocol/http/Handler done
Event: 1.892 Loading class sun/net/www/protocol/https/Handler done
Event: 1.893 Loading class java/util/regex/Pattern$Pos
Event: 1.893 Loading class java/util/regex/Pattern$Pos done
Event: 2.071 Loading class java/math/BigDecimal
Event: 2.072 Loading class java/math/BigDecimal done
Event: 2.072 Loading class java/lang/Short$ShortCache
Event: 2.072 Loading class java/lang/Short$ShortCache done
Event: 2.072 Loading class java/lang/Byte$ByteCache
Event: 2.072 Loading class java/lang/Byte$ByteCache done
Event: 2.078 Loading class sun/invoke/util/ValueConversions$1
Event: 2.078 Loading class sun/invoke/util/ValueConversions$1 done
Event: 2.078 Loading class java/lang/invoke/BoundMethodHandle$Species_LI
Event: 2.078 Loading class java/lang/invoke/BoundMethodHandle$Species_LI done

Classes unloaded (0 events):
No events

Classes redefined (0 events):
No events

Internal exceptions (20 events):
Event: 1.559 Thread 0x000001ef39f00470 Exception <a 'java/lang/NoSuchMethodError'{0x0000000715862fe8}: 'void java.lang.invoke.Invokers$Holder.invokeExact_MT(java.lang.Object, java.lang.Object, java.lang.Object, java.lang.Object)'> (0x0000000715862fe8) 
thrown [s\open\src\hotspot\share\interpreter\linkResolver.cpp, line 774]
Event: 1.593 Thread 0x000001ef39f00470 Exception <a 'java/lang/NoClassDefFoundError'{0x00000007158e5b88}: com/google/inject/servlet/ServletModuleTargetVisitor> (0x00000007158e5b88) 
thrown [s\open\src\hotspot\share\classfile\systemDictionary.cpp, line 244]
Event: 1.633 Thread 0x000001ef39f00470 Exception <a 'java/lang/NoSuchMethodError'{0x00000007159ff5e8}: 'java.lang.Object java.lang.invoke.DirectMethodHandle$Holder.invokeStatic(java.lang.Object, java.lang.Object, int)'> (0x00000007159ff5e8) 
thrown [s\open\src\hotspot\share\interpreter\linkResolver.cpp, line 774]
Event: 1.633 Thread 0x000001ef39f00470 Exception <a 'java/lang/NoSuchMethodError'{0x000000071563dcb8}: 'void java.lang.invoke.DirectMethodHandle$Holder.invokeStatic(java.lang.Object, java.lang.Object, int, java.lang.Object)'> (0x000000071563dcb8) 
thrown [s\open\src\hotspot\share\interpreter\linkResolver.cpp, line 774]
Event: 1.634 Thread 0x000001ef39f00470 Exception <a 'java/lang/NoSuchMethodError'{0x0000000715645c80}: 'void java.lang.invoke.DelegatingMethodHandle$Holder.delegate(java.lang.Object, java.lang.Object, int, java.lang.Object)'> (0x0000000715645c80) 
thrown [s\open\src\hotspot\share\interpreter\linkResolver.cpp, line 774]
Event: 1.634 Thread 0x000001ef39f00470 Exception <a 'java/lang/NoSuchMethodError'{0x000000071564a560}: 'int java.lang.invoke.DirectMethodHandle$Holder.invokeSpecial(java.lang.Object, java.lang.Object, java.lang.Object)'> (0x000000071564a560) 
thrown [s\open\src\hotspot\share\interpreter\linkResolver.cpp, line 774]
Event: 1.687 Thread 0x000001ef39f00470 Exception <a 'java/lang/NoSuchMethodError'{0x00000007157cf3b0}: 'java.lang.Object java.lang.invoke.DirectMethodHandle$Holder.newInvokeSpecial(java.lang.Object, java.lang.Object, java.lang.Object, java.lang.Object, java.lang.Object, java.lang.Object, java.lang.Object)'> (0x00000007157cf3b0) 
thrown [s\open\src\hotspot\share\interpreter\linkResolver.cpp, line 774]
Event: 1.721 Thread 0x000001ef39f00470 Exception <a 'java/lang/NoSuchMethodError'{0x000000071540cb48}: 'java.lang.Object java.lang.invoke.DirectMethodHandle$Holder.newInvokeSpecial(java.lang.Object, java.lang.Object, java.lang.Object, java.lang.Object, java.lang.Object, java.lang.Object, java.lang.Object, java.lang.Object, java.lang.Object)'> (0x000000071540cb48) 
thrown [s\open\src\hotspot\share\interpreter\linkResolver.cpp, line 774]
Event: 1.779 Thread 0x000001ef39f00470 Exception <a 'java/lang/NoSuchMethodError'{0x00000007154c0be8}: 'java.lang.Object java.lang.invoke.DirectMethodHandle$Holder.newInvokeSpecial(java.lang.Object, java.lang.Object, java.lang.Object, java.lang.Object, java.lang.Object, java.lang.Object, java.lang.Object, java.lang.Object, java.lang.Object, java.lang.Object, java.lang.Object, java.lang.Object)'> (0x00000007154c0be8) 
thrown [s\open\src\hotspot\share\interpreter\linkResolver.cpp, line 774]
Event: 1.785 Thread 0x000001ef39f00470 Exception <a 'java/lang/NoSuchMethodError'{0x00000007155088a0}: 'java.lang.Object java.lang.invoke.DirectMethodHandle$Holder.invokeStatic(java.lang.Object, java.lang.Object, java.lang.Object, java.lang.Object, java.lang.Object, java.lang.Object, java.lang.Object, java.lang.Object, java.lang.Object, java.lang.Object, java.lang.Object, java.lang.Object, java.lang.Object)'> (0x00000007155088a0) 
thrown [s\open\src\hotspot\share\interpreter\linkResolver.cpp, line 774]
Event: 1.787 Thread 0x000001ef39f00470 Exception <a 'java/lang/NoSuchMethodError'{0x0000000715528340}: 'java.lang.Object java.lang.invoke.DirectMethodHandle$Holder.invokeStatic(java.lang.Object, java.lang.Object, java.lang.Object, java.lang.Object, java.lang.Object, java.lang.Object, java.lang.Object, java.lang.Object, java.lang.Object, java.lang.Object, java.lang.Object, java.lang.Object, java.lang.Object, java.lang.Object)'> (0x0000000715528340) 
thrown [s\open\src\hotspot\share\interpreter\linkResolver.cpp, line 774]
Event: 1.788 Thread 0x000001ef39f00470 Exception <a 'java/lang/NoSuchMethodError'{0x0000000715549a08}: 'java.lang.Object java.lang.invoke.DirectMethodHandle$Holder.invokeStatic(java.lang.Object, java.lang.Object, java.lang.Object, java.lang.Object, java.lang.Object, java.lang.Object, java.lang.Object, java.lang.Object, java.lang.Object, java.lang.Object, java.lang.Object, java.lang.Object, java.lang.Object, java.lang.Object, java.lang.Object)'> (0x0000000715549a08) 
thrown [s\open\src\hotspot\share\interpreter\linkResolver.cpp, line 774]
Event: 1.813 Thread 0x000001ef39f00470 Exception <a 'java/lang/NoSuchMethodError'{0x00000007155c13a0}: 'java.lang.Object java.lang.invoke.DirectMethodHandle$Holder.invokeStaticInit(java.lang.Object, int, int, int, int)'> (0x00000007155c13a0) 
thrown [s\open\src\hotspot\share\interpreter\linkResolver.cpp, line 774]
Event: 1.916 Thread 0x000001ef39f00470 Implicit null exception at 0x000001ef4b2aaef2 to 0x000001ef4b2ab3f0
Event: 1.916 Thread 0x000001ef39f00470 Implicit null exception at 0x000001ef4b262ef2 to 0x000001ef4b2633e4
Event: 1.944 Thread 0x000001ef39f00470 Implicit null exception at 0x000001ef4b2dd320 to 0x000001ef4b2dd4d8
Event: 2.077 Thread 0x000001ef39f00470 Exception <a 'java/lang/NoSuchMethodError'{0x0000000714d1cbd8}: 'void java.lang.invoke.DirectMethodHandle$Holder.invokeVirtual(java.lang.Object, java.lang.Object, int)'> (0x0000000714d1cbd8) 
thrown [s\open\src\hotspot\share\interpreter\linkResolver.cpp, line 774]
Event: 2.078 Thread 0x000001ef39f00470 Exception <a 'java/lang/NoSuchMethodError'{0x0000000714d20ff0}: 'int java.lang.invoke.DirectMethodHandle$Holder.invokeSpecial(java.lang.Object, java.lang.Object, java.lang.Object, int)'> (0x0000000714d20ff0) 
thrown [s\open\src\hotspot\share\interpreter\linkResolver.cpp, line 774]
Event: 2.079 Thread 0x000001ef39f00470 Exception <a 'java/lang/NoSuchMethodError'{0x0000000714d313f8}: 'java.lang.Object java.lang.invoke.DirectMethodHandle$Holder.invokeStatic(java.lang.Object, java.lang.Object, java.lang.Object, java.lang.Object, int)'> (0x0000000714d313f8) 
thrown [s\open\src\hotspot\share\interpreter\linkResolver.cpp, line 774]
Event: 2.079 Thread 0x000001ef39f00470 Exception <a 'java/lang/NoSuchMethodError'{0x0000000714d3cc78}: 'void java.lang.invoke.DelegatingMethodHandle$Holder.reinvoke_L(java.lang.Object, java.lang.Object, int)'> (0x0000000714d3cc78) 
thrown [s\open\src\hotspot\share\interpreter\linkResolver.cpp, line 774]

VM Operations (20 events):
Event: 1.517 Executing VM operation: HandshakeAllThreads
Event: 1.517 Executing VM operation: HandshakeAllThreads done
Event: 1.542 Executing VM operation: HandshakeAllThreads
Event: 1.542 Executing VM operation: HandshakeAllThreads done
Event: 1.543 Executing VM operation: G1CollectForAllocation
Event: 1.548 Executing VM operation: G1CollectForAllocation done
Event: 1.632 Executing VM operation: HandshakeAllThreads
Event: 1.632 Executing VM operation: HandshakeAllThreads done
Event: 1.799 Executing VM operation: HandshakeAllThreads
Event: 1.799 Executing VM operation: HandshakeAllThreads done
Event: 1.838 Executing VM operation: HandshakeAllThreads
Event: 1.838 Executing VM operation: HandshakeAllThreads done
Event: 1.865 Executing VM operation: HandshakeAllThreads
Event: 1.865 Executing VM operation: HandshakeAllThreads done
Event: 1.892 Executing VM operation: HandshakeAllThreads
Event: 1.892 Executing VM operation: HandshakeAllThreads done
Event: 1.893 Executing VM operation: HandshakeAllThreads
Event: 1.893 Executing VM operation: HandshakeAllThreads done
Event: 1.914 Executing VM operation: ICBufferFull
Event: 1.914 Executing VM operation: ICBufferFull done

Events (20 events):
Event: 0.018 Thread 0x000001ef5fb911e0 Thread added: 0x000001ef5fb911e0
Event: 0.018 Thread 0x000001ef5fb91dd0 Thread added: 0x000001ef5fb91dd0
Event: 0.018 Thread 0x000001ef5fb949d0 Thread added: 0x000001ef5fb949d0
Event: 0.018 Thread 0x000001ef5fb99ca0 Thread added: 0x000001ef5fb99ca0
Event: 0.018 Thread 0x000001ef5fb9a5d0 Thread added: 0x000001ef5fb9a5d0
Event: 0.019 Thread 0x000001ef5fb9af00 Thread added: 0x000001ef5fb9af00
Event: 0.019 Thread 0x000001ef5fba1890 Thread added: 0x000001ef5fba1890
Event: 0.019 Thread 0x000001ef5fbaa210 Thread added: 0x000001ef5fbaa210
Event: 0.019 Thread 0x000001ef5fbb5360 Thread added: 0x000001ef5fbb5360
Event: 0.029 Thread 0x000001ef5fb68f80 Thread added: 0x000001ef5fb68f80
Event: 0.033 Thread 0x000001ef5fb69830 Thread added: 0x000001ef5fb69830
Event: 0.033 Thread 0x000001ef63dfed90 Thread added: 0x000001ef63dfed90
Event: 0.033 Thread 0x000001ef63dff310 Thread added: 0x000001ef63dff310
Event: 0.057 Thread 0x000001ef63eba3e0 Thread added: 0x000001ef63eba3e0
Event: 0.057 Thread 0x000001ef63eba920 Thread added: 0x000001ef63eba920
Event: 0.148 Thread 0x000001ef640361f0 Thread added: 0x000001ef640361f0
Event: 0.559 Thread 0x000001ef6449e930 Thread added: 0x000001ef6449e930
Event: 0.830 Thread 0x000001ef64e67060 Thread added: 0x000001ef64e67060
Event: 0.845 Thread 0x000001ef64fb0470 Thread added: 0x000001ef64fb0470
Event: 1.729 Thread 0x000001ef64fb0470 Thread exited: 0x000001ef64fb0470


Dynamic libraries:
0x00007ff77b3b0000 - 0x00007ff77b3c0000 	C:\Program Files\Java\jdk-19\bin\java.exe
0x00007ffbdd990000 - 0x00007ffbddba6000 	C:\WINDOWS\SYSTEM32\ntdll.dll
0x00007ffbdd690000 - 0x00007ffbdd754000 	C:\WINDOWS\System32\KERNEL32.DLL
0x00007ffbdb210000 - 0x00007ffbdb5b7000 	C:\WINDOWS\System32\KERNELBASE.dll
0x00007ffbdb000000 - 0x00007ffbdb111000 	C:\WINDOWS\System32\ucrtbase.dll
0x00007ffbc6be0000 - 0x00007ffbc6bfb000 	C:\Program Files\Java\jdk-19\bin\VCRUNTIME140.dll
0x00007ffbc6c90000 - 0x00007ffbc6ca8000 	C:\Program Files\Java\jdk-19\bin\jli.dll
0x00007ffbdcf30000 - 0x00007ffbdcfe2000 	C:\WINDOWS\System32\ADVAPI32.dll
0x00007ffbdce80000 - 0x00007ffbdcf27000 	C:\WINDOWS\System32\msvcrt.dll
0x00007ffbdd1e0000 - 0x00007ffbdd288000 	C:\WINDOWS\System32\sechost.dll
0x00007ffbdb660000 - 0x00007ffbdb688000 	C:\WINDOWS\System32\bcrypt.dll
0x00007ffbdcff0000 - 0x00007ffbdd105000 	C:\WINDOWS\System32\RPCRT4.dll
0x00007ffbdd3e0000 - 0x00007ffbdd58e000 	C:\WINDOWS\System32\USER32.dll
0x00007ffbdb1e0000 - 0x00007ffbdb206000 	C:\WINDOWS\System32\win32u.dll
0x00007ffbbe1c0000 - 0x00007ffbbe453000 	C:\WINDOWS\WinSxS\amd64_microsoft.windows.common-controls_6595b64144ccf1df_6.0.22621.3235_none_270f74e173860f98\COMCTL32.dll
0x00007ffbdd190000 - 0x00007ffbdd1b9000 	C:\WINDOWS\System32\GDI32.dll
0x00007ffbdaee0000 - 0x00007ffbdaff9000 	C:\WINDOWS\System32\gdi32full.dll
0x00007ffbdb5c0000 - 0x00007ffbdb65a000 	C:\WINDOWS\System32\msvcp_win.dll
0x00007ffbd2e00000 - 0x00007ffbd2e0a000 	C:\WINDOWS\SYSTEM32\VERSION.dll
0x00007ffbdcdc0000 - 0x00007ffbdcdf1000 	C:\WINDOWS\System32\IMM32.DLL
0x00007ffbc7730000 - 0x00007ffbc773c000 	C:\Program Files\Java\jdk-19\bin\vcruntime140_1.dll
0x00007ffba20e0000 - 0x00007ffba216e000 	C:\Program Files\Java\jdk-19\bin\msvcp140.dll
0x00007ffb3df90000 - 0x00007ffb3ec50000 	C:\Program Files\Java\jdk-19\bin\server\jvm.dll
0x00007ffbd5e20000 - 0x00007ffbd5e29000 	C:\WINDOWS\SYSTEM32\WSOCK32.dll
0x00007ffbd2480000 - 0x00007ffbd24b4000 	C:\WINDOWS\SYSTEM32\WINMM.dll
0x00007ffbdc3e0000 - 0x00007ffbdc451000 	C:\WINDOWS\System32\WS2_32.dll
0x00007ffbd9db0000 - 0x00007ffbd9dc8000 	C:\WINDOWS\SYSTEM32\kernel.appcore.dll
0x00007ffbc7290000 - 0x00007ffbc729a000 	C:\Program Files\Java\jdk-19\bin\jimage.dll
0x00007ffbd7fc0000 - 0x00007ffbd81f3000 	C:\WINDOWS\SYSTEM32\DBGHELP.DLL
0x00007ffbdb790000 - 0x00007ffbdbb18000 	C:\WINDOWS\System32\combase.dll
0x00007ffbdd590000 - 0x00007ffbdd667000 	C:\WINDOWS\System32\OLEAUT32.dll
0x00007ffbd0940000 - 0x00007ffbd0972000 	C:\WINDOWS\SYSTEM32\dbgcore.DLL
0x00007ffbdac80000 - 0x00007ffbdacf9000 	C:\WINDOWS\System32\bcryptPrimitives.dll
0x00007ffbc7740000 - 0x00007ffbc774e000 	C:\Program Files\Java\jdk-19\bin\instrument.dll
0x00007ffbc6660000 - 0x00007ffbc6686000 	C:\Program Files\Java\jdk-19\bin\java.dll
0x00007ffba1870000 - 0x00007ffba1947000 	C:\Program Files\Java\jdk-19\bin\jsvml.dll
0x00007ffbdc4d0000 - 0x00007ffbdcd2c000 	C:\WINDOWS\System32\SHELL32.dll
0x00007ffbd8ba0000 - 0x00007ffbd9499000 	C:\WINDOWS\SYSTEM32\windows.storage.dll
0x00007ffbd8a60000 - 0x00007ffbd8b9e000 	C:\WINDOWS\SYSTEM32\wintypes.dll
0x00007ffbdd290000 - 0x00007ffbdd383000 	C:\WINDOWS\System32\SHCORE.dll
0x00007ffbdd120000 - 0x00007ffbdd17e000 	C:\WINDOWS\System32\shlwapi.dll
0x00007ffbdabb0000 - 0x00007ffbdabd1000 	C:\WINDOWS\SYSTEM32\profapi.dll
0x00007ffbc3050000 - 0x00007ffbc3068000 	C:\Program Files\Java\jdk-19\bin\zip.dll
0x00007ffbc33d0000 - 0x00007ffbc33e3000 	C:\Program Files\Java\jdk-19\bin\net.dll
0x00007ffbd4570000 - 0x00007ffbd46a6000 	C:\WINDOWS\SYSTEM32\WINHTTP.dll
0x00007ffbda220000 - 0x00007ffbda289000 	C:\WINDOWS\system32\mswsock.dll
0x00007ffbc3160000 - 0x00007ffbc3176000 	C:\Program Files\Java\jdk-19\bin\nio.dll
0x00007ffbc72a0000 - 0x00007ffbc72ba000 	C:\Program Files\JetBrains\IntelliJ IDEA 2022.1.2\bin\breakgen64.dll
0x00007ffbc71b0000 - 0x00007ffbc71b8000 	C:\Program Files\Java\jdk-19\bin\extnet.dll
0x0000000069ac0000 - 0x0000000069ae4000 	C:\Users\99293\AppData\Local\Temp\jansi-2.4.0-98aefa0a37b5d338-jansi.dll
0x00007ffbc6c80000 - 0x00007ffbc6c90000 	C:\Program Files\Java\jdk-19\bin\verify.dll

dbghelp: loaded successfully - version: 4.0.5 - missing functions: none
symbol engine: initialized successfully - sym options: 0x614 - pdb path: .;C:\Program Files\Java\jdk-19\bin;C:\WINDOWS\SYSTEM32;C:\WINDOWS\WinSxS\amd64_microsoft.windows.common-controls_6595b64144ccf1df_6.0.22621.3235_none_270f74e173860f98;C:\Program Files\Java\jdk-19\bin\server;C:\Program Files\JetBrains\IntelliJ IDEA 2022.1.2\bin;C:\Users\99293\AppData\Local\Temp

VM Arguments:
jvm_args: -Dmaven.multiModuleProjectDirectory=D:\unitedStates original storage\unitedStates duplicates original storage -Dmaven.home=C:\Users\99293\.m2\wrapper\dists\apache-maven-3.8.6-bin\1ks0nkde5v1pk9vtc31i9d0lcd\apache-maven-3.8.6 -Dclassworlds.conf=C:\Users\99293\.m2\wrapper\dists\apache-maven-3.8.6-bin\1ks0nkde5v1pk9vtc31i9d0lcd\apache-maven-3.8.6\bin\m2.conf -Dmaven.ext.class.path=C:\Program Files\JetBrains\IntelliJ IDEA 2022.1.2\plugins\maven\lib\maven-event-listener.jar -javaagent:C:\Program Files\JetBrains\IntelliJ IDEA 2022.1.2\lib\idea_rt.jar=62429:C:\Program Files\JetBrains\IntelliJ IDEA 2022.1.2\bin -Dfile.encoding=UTF-8 
java_command: org.codehaus.classworlds.Launcher -Didea.version=2022.1.2 package
java_class_path (initial): C:\Users\99293\.m2\wrapper\dists\apache-maven-3.8.6-bin\1ks0nkde5v1pk9vtc31i9d0lcd\apache-maven-3.8.6\boot\plexus-classworlds-2.6.0.jar;C:\Users\99293\.m2\wrapper\dists\apache-maven-3.8.6-bin\1ks0nkde5v1pk9vtc31i9d0lcd\apache-maven-3.8.6\boot\plexus-classworlds.license
Launcher Type: SUN_STANDARD

[Global flags]
     intx CICompilerCount                          = 12                                        {product} {ergonomic}
     uint ConcGCThreads                            = 3                                         {product} {ergonomic}
     uint G1ConcRefinementThreads                  = 13                                        {product} {ergonomic}
   size_t G1HeapRegionSize                         = 2097152                                   {product} {ergonomic}
    uintx GCDrainStackTargetSize                   = 64                                        {product} {ergonomic}
   size_t InitialHeapSize                          = 264241152                                 {product} {ergonomic}
   size_t MarkStackSize                            = 4194304                                   {product} {ergonomic}
   size_t MaxHeapSize                              = 4196401152                                {product} {ergonomic}
   size_t MaxNewSize                               = 2516582400                                {product} {ergonomic}
   size_t MinHeapDeltaBytes                        = 2097152                                   {product} {ergonomic}
   size_t MinHeapSize                              = 8388608                                   {product} {ergonomic}
    uintx NonNMethodCodeHeapSize                   = 7602480                                {pd product} {ergonomic}
    uintx NonProfiledCodeHeapSize                  = 122027880                              {pd product} {ergonomic}
    uintx ProfiledCodeHeapSize                     = 122027880                              {pd product} {ergonomic}
    uintx ReservedCodeCacheSize                    = 251658240                              {pd product} {ergonomic}
     bool SegmentedCodeCache                       = true                                      {product} {ergonomic}
   size_t SoftMaxHeapSize                          = 4196401152                             {manageable} {ergonomic}
     bool UseCompressedClassPointers               = true                           {product lp64_product} {ergonomic}
     bool UseCompressedOops                        = true                           {product lp64_product} {ergonomic}
     bool UseG1GC                                  = true                                      {product} {ergonomic}
     bool UseLargePagesIndividualAllocation        = false                                  {pd product} {ergonomic}

Logging:
Log output configuration:
 #0: stdout all=warning uptime,level,tags foldmultilines=false
 #1: stderr all=off uptime,level,tags foldmultilines=false

Environment Variables:
PATH=C:\Program Files\Common Files\Oracle\Java\javapath;C:\Windows\system32;C:\Windows;C:\Windows\System32\Wbem;C:\Windows\System32\WindowsPowerShell\v1.0\;C:\Windows\System32\OpenSSH\;C:\Program Files (x86)\NVIDIA Corporation\PhysX\Common;C:\Program Files\NVIDIA Corporation\NVIDIA NvDLISR;C:\Program Files\Git\cmd;C:\Program Files (x86)\dotnet\;%SystemRoot%\system32;%SystemRoot%;%SystemRoot%\System32\Wbem;%SYSTEMROOT%\System32\WindowsPowerShell\v1.0\;%SYSTEMROOT%\System32\OpenSSH\;C:\Users\99293\AppData\Local\Programs\Python\Python311\Scripts\;C:\Users\99293\AppData\Local\Programs\Python\Python311\;C:\Users\99293\AppData\Local\Microsoft\WindowsApps;;C:\Program Files\JetBrains\IntelliJ IDEA 2022.1.2\bin;;C:\Program Files\heroku\bin
USERNAME=ASUS
OS=Windows_NT
PROCESSOR_IDENTIFIER=Intel64 Family 6 Model 154 Stepping 3, GenuineIntel
TMP=C:\Users\99293\AppData\Local\Temp
TEMP=C:\Users\99293\AppData\Local\Temp



---------------  S Y S T E M  ---------------

OS:
 Windows 11 , 64 bit Build 22621 (10.0.22621.3374)
OS uptime: 1 days 10:31 hours
Hyper-V role detected

CPU: total 16 (initial active 16) (8 cores per cpu, 2 threads per core) family 6 model 154 stepping 3 microcode 0x41c, cx8, cmov, fxsr, ht, mmx, 3dnowpref, sse, sse2, sse3, ssse3, sse4.1, sse4.2, popcnt, lzcnt, tsc, tscinvbit, avx, avx2, aes, erms, clmul, bmi1, bmi2, adx, sha, fma, vzeroupper, clflush, clflushopt, clwb, hv, serialize, rdtscp, rdpid, fsrm

Memory: 4k page, system-wide physical 16005M (3486M free)
TotalPageFile size 18053M (AvailPageFile size 44M)
current process WorkingSet (physical memory assigned to process): 132M, peak: 133M
current process commit charge ("private bytes"): 400M, peak: 402M

vm_info: Java HotSpot(TM) 64-Bit Server VM (19.0.2+7-44) for windows-amd64 JRE (19.0.2+7-44), built on 2022-11-30T18:02:09Z by "mach5one" with MS VC++ 17.1 (VS2022)

END.
