#
# There is insufficient memory for the Java Runtime Environment to continue.
# Native memory allocation (malloc) failed to allocate 429776 bytes for Chunk::new
# Possible reasons:
#   The system is out of physical RAM or swap space
#   The process is running with CompressedOops enabled, and the Java Heap may be blocking the growth of the native heap
# Possible solutions:
#   Reduce memory load on the system
#   Increase physical memory or swap space
#   Check if swap backing store is full
#   Decrease Java heap size (-Xmx/-Xms)
#   Decrease number of Java threads
#   Decrease Java thread stack sizes (-Xss)
#   Set larger code cache with -XX:ReservedCodeCacheSize=
#   JVM is running with Zero Based Compressed Oops mode in which the Java heap is
#     placed in the first 32GB address space. The Java Heap base address is the
#     maximum limit for the native heap growth. Please use -XX:HeapBaseMinAddress
#     to set the Java Heap base and to place the Java Heap above 32GB virtual address.
# This output file may be truncated or incomplete.
#
#  Out of Memory Error (arena.cpp:184), pid=10796, tid=9720
#
# JRE version: Java(TM) SE Runtime Environment (19.0.2+7) (build 19.0.2+7-44)
# Java VM: Java HotSpot(TM) 64-Bit Server VM (19.0.2+7-44, mixed mode, sharing, tiered, compressed oops, compressed class ptrs, g1 gc, windows-amd64)
# No core dump will be written. Minidumps are not enabled by default on client versions of Windows
#

---------------  S U M M A R Y ------------

Command Line: -Dmaven.multiModuleProjectDirectory=D:\unitedStates original storage\unitedStates duplicates original storage -Dmaven.home=C:\Users\99293\.m2\wrapper\dists\apache-maven-3.8.6-bin\1ks0nkde5v1pk9vtc31i9d0lcd\apache-maven-3.8.6 -Dclassworlds.conf=C:\Users\99293\.m2\wrapper\dists\apache-maven-3.8.6-bin\1ks0nkde5v1pk9vtc31i9d0lcd\apache-maven-3.8.6\bin\m2.conf -Dmaven.ext.class.path=C:\Program Files\JetBrains\IntelliJ IDEA 2022.1.2\plugins\maven\lib\maven-event-listener.jar -javaagent:C:\Program Files\JetBrains\IntelliJ IDEA 2022.1.2\lib\idea_rt.jar=65344:C:\Program Files\JetBrains\IntelliJ IDEA 2022.1.2\bin -Dfile.encoding=UTF-8 org.codehaus.classworlds.Launcher -Didea.version=2022.1.2 package

Host: 12th Gen Intel(R) Core(TM) i7-12650H, 16 cores, 15G,  Windows 11 , 64 bit Build 22621 (10.0.22621.2428)
Time: Thu Nov 16 12:54:10 2023  Windows 11 , 64 bit Build 22621 (10.0.22621.2428) elapsed time: 1.455974 seconds (0d 0h 0m 1s)

---------------  T H R E A D  ---------------

Current thread (0x0000015eacc04530):  JavaThread "C2 CompilerThread6" daemon [_thread_in_native, id=9720, stack(0x0000001a1e700000,0x0000001a1e800000)]


Current CompileTask:
C2:   1456 4096       4       org.eclipse.aether.util.graph.transformer.ConflictResolver::gatherConflictItems (111 bytes)

Stack: [0x0000001a1e700000,0x0000001a1e800000]
Native frames: (J=compiled Java code, j=interpreted, Vv=VM code, C=native code)
V  [jvm.dll+0x6ee21a]
V  [jvm.dll+0x85765e]
V  [jvm.dll+0x85904e]
V  [jvm.dll+0x859703]
V  [jvm.dll+0x28298f]
V  [jvm.dll+0xc9adf]
V  [jvm.dll+0xc9e65]
V  [jvm.dll+0x2f7caf]
V  [jvm.dll+0x5f076b]
V  [jvm.dll+0x255483]
V  [jvm.dll+0x24dd00]
V  [jvm.dll+0x24b673]
V  [jvm.dll+0x1d6ce1]
V  [jvm.dll+0x25b25a]
V  [jvm.dll+0x2596e8]
V  [jvm.dll+0x807588]
V  [jvm.dll+0x80125a]
V  [jvm.dll+0x6ecf0b]
C  [ucrtbase.dll+0x29363]
C  [KERNEL32.DLL+0x1257d]
C  [ntdll.dll+0x5aa78]


---------------  P R O C E S S  ---------------

Threads class SMR info:
_java_thread_list=0x0000015eb20b50b0, length=22, elements={
0x0000015e88ed9920, 0x0000015eacbebeb0, 0x0000015eacbecca0, 0x0000015eacbeda90,
0x0000015eacbf3850, 0x0000015eacbf4180, 0x0000015eacbf4ab0, 0x0000015eacbf8730,
0x0000015eacc03480, 0x0000015eacc18dc0, 0x0000015eacbbd680, 0x0000015eacc05050,
0x0000015eacc03fa0, 0x0000015eb11a0ef0, 0x0000015eb11a27a0, 0x0000015eacc01e40,
0x0000015eacc02960, 0x0000015eacc02ef0, 0x0000015eacc055e0, 0x0000015eacc023d0,
0x0000015eacc03a10, 0x0000015eacc04530
}

Java Threads: ( => current thread )
  0x0000015e88ed9920 JavaThread "main" [_thread_in_Java, id=14312, stack(0x0000001a1cb00000,0x0000001a1cc00000)]
  0x0000015eacbebeb0 JavaThread "Reference Handler" daemon [_thread_blocked, id=17196, stack(0x0000001a1d200000,0x0000001a1d300000)]
  0x0000015eacbecca0 JavaThread "Finalizer" daemon [_thread_blocked, id=15572, stack(0x0000001a1d300000,0x0000001a1d400000)]
  0x0000015eacbeda90 JavaThread "Signal Dispatcher" daemon [_thread_blocked, id=18176, stack(0x0000001a1d400000,0x0000001a1d500000)]
  0x0000015eacbf3850 JavaThread "Attach Listener" daemon [_thread_blocked, id=16812, stack(0x0000001a1d500000,0x0000001a1d600000)]
  0x0000015eacbf4180 JavaThread "Service Thread" daemon [_thread_blocked, id=19220, stack(0x0000001a1d600000,0x0000001a1d700000)]
  0x0000015eacbf4ab0 JavaThread "Monitor Deflation Thread" daemon [_thread_blocked, id=11428, stack(0x0000001a1d700000,0x0000001a1d800000)]
  0x0000015eacbf8730 JavaThread "C2 CompilerThread0" daemon [_thread_in_native, id=13000, stack(0x0000001a1d800000,0x0000001a1d900000)]
  0x0000015eacc03480 JavaThread "C1 CompilerThread0" daemon [_thread_blocked, id=20384, stack(0x0000001a1d900000,0x0000001a1da00000)]
  0x0000015eacc18dc0 JavaThread "Sweeper thread" daemon [_thread_blocked, id=14824, stack(0x0000001a1da00000,0x0000001a1db00000)]
  0x0000015eacbbd680 JavaThread "Common-Cleaner" daemon [_thread_blocked, id=6996, stack(0x0000001a1db00000,0x0000001a1dc00000)]
  0x0000015eacc05050 JavaThread "C1 CompilerThread1" daemon [_thread_blocked, id=13700, stack(0x0000001a1dc00000,0x0000001a1dd00000)]
  0x0000015eacc03fa0 JavaThread "C1 CompilerThread2" daemon [_thread_blocked, id=16796, stack(0x0000001a1dd00000,0x0000001a1de00000)]
  0x0000015eb11a0ef0 JavaThread "Monitor Ctrl-Break" daemon [_thread_in_native, id=10020, stack(0x0000001a1de00000,0x0000001a1df00000)]
  0x0000015eb11a27a0 JavaThread "Notification Thread" daemon [_thread_blocked, id=17304, stack(0x0000001a1df00000,0x0000001a1e000000)]
  0x0000015eacc01e40 JavaThread "C2 CompilerThread1" daemon [_thread_in_native, id=12040, stack(0x0000001a1e100000,0x0000001a1e200000)]
  0x0000015eacc02960 JavaThread "C1 CompilerThread3" daemon [_thread_blocked, id=16324, stack(0x0000001a1e200000,0x0000001a1e300000)]
  0x0000015eacc02ef0 JavaThread "C2 CompilerThread2" daemon [_thread_in_native, id=11816, stack(0x0000001a1e300000,0x0000001a1e400000)]
  0x0000015eacc055e0 JavaThread "C2 CompilerThread3" daemon [_thread_in_native, id=12596, stack(0x0000001a1e400000,0x0000001a1e500000)]
  0x0000015eacc023d0 JavaThread "C2 CompilerThread4" daemon [_thread_in_native, id=16412, stack(0x0000001a1e500000,0x0000001a1e600000)]
  0x0000015eacc03a10 JavaThread "C2 CompilerThread5" daemon [_thread_in_native, id=8780, stack(0x0000001a1e600000,0x0000001a1e700000)]
=>0x0000015eacc04530 JavaThread "C2 CompilerThread6" daemon [_thread_in_native, id=9720, stack(0x0000001a1e700000,0x0000001a1e800000)]

Other Threads:
  0x0000015eacbd0290 VMThread "VM Thread" [stack: 0x0000001a1d100000,0x0000001a1d200000] [id=9208]
  0x0000015eb11cd720 WatcherThread "VM Periodic Task Thread" [stack: 0x0000001a1e000000,0x0000001a1e100000] [id=2468]
  0x0000015e88f4b3b0 WorkerThread "GC Thread#0" [stack: 0x0000001a1cc00000,0x0000001a1cd00000] [id=23084]
  0x0000015eb153a5f0 WorkerThread "GC Thread#1" [stack: 0x0000001a1e900000,0x0000001a1ea00000] [id=11560]
  0x0000015eb1538f70 WorkerThread "GC Thread#2" [stack: 0x0000001a1ea00000,0x0000001a1eb00000] [id=22660]
  0x0000015eb153a320 WorkerThread "GC Thread#3" [stack: 0x0000001a1eb00000,0x0000001a1ec00000] [id=1236]
  0x0000015eb153a8c0 WorkerThread "GC Thread#4" [stack: 0x0000001a1ec00000,0x0000001a1ed00000] [id=17036]
  0x0000015eb1539240 WorkerThread "GC Thread#5" [stack: 0x0000001a1ed00000,0x0000001a1ee00000] [id=22900]
  0x0000015eb15397e0 WorkerThread "GC Thread#6" [stack: 0x0000001a1ee00000,0x0000001a1ef00000] [id=22656]
  0x0000015eb1539ab0 WorkerThread "GC Thread#7" [stack: 0x0000001a1ef00000,0x0000001a1f000000] [id=22596]
  0x0000015eb201eba0 WorkerThread "GC Thread#8" [stack: 0x0000001a1e800000,0x0000001a1e900000] [id=22508]
  0x0000015eb201f140 WorkerThread "GC Thread#9" [stack: 0x0000001a1f000000,0x0000001a1f100000] [id=11276]
  0x0000015eb201f410 WorkerThread "GC Thread#10" [stack: 0x0000001a1f100000,0x0000001a1f200000] [id=17104]
  0x0000015e88f5bd20 ConcurrentGCThread "G1 Main Marker" [stack: 0x0000001a1cd00000,0x0000001a1ce00000] [id=16440]
  0x0000015e88f5c8f0 WorkerThread "G1 Conc#0" [stack: 0x0000001a1ce00000,0x0000001a1cf00000] [id=17228]
  0x0000015eaca8ae80 ConcurrentGCThread "G1 Refine#0" [stack: 0x0000001a1cf00000,0x0000001a1d000000] [id=6448]
  0x0000015eaca8b9c0 ConcurrentGCThread "G1 Service" [stack: 0x0000001a1d000000,0x0000001a1d100000] [id=2528]

Threads with active compile tasks:
C2 CompilerThread0     1468 3684   !   4       org.codehaus.plexus.interpolation.StringSearchInterpolator::interpolate (668 bytes)
C2 CompilerThread1     1468 4101       4       org.eclipse.aether.util.graph.transformer.ConflictResolver$State::push (447 bytes)
C2 CompilerThread2     1468 4151       4       sun.nio.cs.UTF_8$Decoder::decodeArrayLoop (688 bytes)
C2 CompilerThread3     1468 4129       4       java.util.Properties::loadConvert (540 bytes)
C2 CompilerThread4     1468 3981       4       org.codehaus.plexus.util.xml.Xpp3DomBuilder::build (413 bytes)
C2 CompilerThread5     1468 4041   !   4       org.apache.maven.model.Plugin::clone (204 bytes)
C2 CompilerThread6     1468 4096       4       org.eclipse.aether.util.graph.transformer.ConflictResolver::gatherConflictItems (111 bytes)

VM state: not at safepoint (normal execution)

VM Mutex/Monitor currently owned by a thread: None

Heap address: 0x0000000705e00000, size: 4002 MB, Compressed Oops mode: Zero based, Oop shift amount: 3

CDS archive(s) mapped at: [0x0000000800000000-0x0000000800c40000-0x0000000800c40000), size 12845056, SharedBaseAddress: 0x0000000800000000, ArchiveRelocationMode: 0.
Compressed class space mapped at: 0x0000000801000000-0x0000000841000000, reserved size: 1073741824
Narrow klass base: 0x0000000800000000, Narrow klass shift: 0, Narrow klass range: 0x100000000

GC Precious Log:
 CardTable entry size: 512
 Card Set container configuration: InlinePtr #cards 4 size 8 Array Of Cards #cards 16 size 48 Howl #buckets 8 coarsen threshold 3686 Howl Bitmap #cards 512 size 80 coarsen threshold 460 Card regions per heap region 1 cards per card region 4096
 CPUs: 16 total, 16 available
 Memory: 16005M
 Large Page Support: Disabled
 NUMA Support: Disabled
 Compressed Oops: Enabled (Zero based)
 Heap Region Size: 2M
 Heap Min Capacity: 8M
 Heap Initial Capacity: 252M
 Heap Max Capacity: 4002M
 Pre-touch: Disabled
 Parallel Workers: 13
 Concurrent Workers: 3
 Concurrent Refinement Workers: 13
 Periodic GC: Disabled

Heap:
 garbage-first heap   total 258048K, used 85847K [0x0000000705e00000, 0x0000000800000000)
  region size 2048K, 42 young (86016K), 2 survivors (4096K)
 Metaspace       used 14605K, committed 14848K, reserved 1114112K
  class space    used 1535K, committed 1664K, reserved 1048576K

Heap Regions: E=young(eden), S=young(survivor), O=old, HS=humongous(starts), HC=humongous(continues), CS=collection set, F=free, OA=open archive, CA=closed archive, TAMS=top-at-mark-start (previous, next)
|   0|0x0000000705e00000, 0x0000000706000000, 0x0000000706000000|100%| O|  |TAMS 0x0000000705e00000, 0x0000000705e00000| Untracked 
|   1|0x0000000706000000, 0x0000000706159400, 0x0000000706200000| 67%| O|  |TAMS 0x0000000706000000, 0x0000000706000000| Untracked 
|   2|0x0000000706200000, 0x0000000706200000, 0x0000000706400000|  0%| F|  |TAMS 0x0000000706200000, 0x0000000706200000| Untracked 
|   3|0x0000000706400000, 0x0000000706400000, 0x0000000706600000|  0%| F|  |TAMS 0x0000000706400000, 0x0000000706400000| Untracked 
|   4|0x0000000706600000, 0x0000000706600000, 0x0000000706800000|  0%| F|  |TAMS 0x0000000706600000, 0x0000000706600000| Untracked 
|   5|0x0000000706800000, 0x0000000706800000, 0x0000000706a00000|  0%| F|  |TAMS 0x0000000706800000, 0x0000000706800000| Untracked 
|   6|0x0000000706a00000, 0x0000000706a00000, 0x0000000706c00000|  0%| F|  |TAMS 0x0000000706a00000, 0x0000000706a00000| Untracked 
|   7|0x0000000706c00000, 0x0000000706c00000, 0x0000000706e00000|  0%| F|  |TAMS 0x0000000706c00000, 0x0000000706c00000| Untracked 
|   8|0x0000000706e00000, 0x0000000706e00000, 0x0000000707000000|  0%| F|  |TAMS 0x0000000706e00000, 0x0000000706e00000| Untracked 
|   9|0x0000000707000000, 0x0000000707000000, 0x0000000707200000|  0%| F|  |TAMS 0x0000000707000000, 0x0000000707000000| Untracked 
|  10|0x0000000707200000, 0x0000000707200000, 0x0000000707400000|  0%| F|  |TAMS 0x0000000707200000, 0x0000000707200000| Untracked 
|  11|0x0000000707400000, 0x0000000707400000, 0x0000000707600000|  0%| F|  |TAMS 0x0000000707400000, 0x0000000707400000| Untracked 
|  12|0x0000000707600000, 0x0000000707600000, 0x0000000707800000|  0%| F|  |TAMS 0x0000000707600000, 0x0000000707600000| Untracked 
|  13|0x0000000707800000, 0x0000000707800000, 0x0000000707a00000|  0%| F|  |TAMS 0x0000000707800000, 0x0000000707800000| Untracked 
|  14|0x0000000707a00000, 0x0000000707a00000, 0x0000000707c00000|  0%| F|  |TAMS 0x0000000707a00000, 0x0000000707a00000| Untracked 
|  15|0x0000000707c00000, 0x0000000707c00000, 0x0000000707e00000|  0%| F|  |TAMS 0x0000000707c00000, 0x0000000707c00000| Untracked 
|  16|0x0000000707e00000, 0x0000000707e00000, 0x0000000708000000|  0%| F|  |TAMS 0x0000000707e00000, 0x0000000707e00000| Untracked 
|  17|0x0000000708000000, 0x0000000708000000, 0x0000000708200000|  0%| F|  |TAMS 0x0000000708000000, 0x0000000708000000| Untracked 
|  18|0x0000000708200000, 0x0000000708200000, 0x0000000708400000|  0%| F|  |TAMS 0x0000000708200000, 0x0000000708200000| Untracked 
|  19|0x0000000708400000, 0x0000000708400000, 0x0000000708600000|  0%| F|  |TAMS 0x0000000708400000, 0x0000000708400000| Untracked 
|  20|0x0000000708600000, 0x0000000708600000, 0x0000000708800000|  0%| F|  |TAMS 0x0000000708600000, 0x0000000708600000| Untracked 
|  21|0x0000000708800000, 0x0000000708800000, 0x0000000708a00000|  0%| F|  |TAMS 0x0000000708800000, 0x0000000708800000| Untracked 
|  22|0x0000000708a00000, 0x0000000708a00000, 0x0000000708c00000|  0%| F|  |TAMS 0x0000000708a00000, 0x0000000708a00000| Untracked 
|  23|0x0000000708c00000, 0x0000000708c00000, 0x0000000708e00000|  0%| F|  |TAMS 0x0000000708c00000, 0x0000000708c00000| Untracked 
|  24|0x0000000708e00000, 0x0000000708e00000, 0x0000000709000000|  0%| F|  |TAMS 0x0000000708e00000, 0x0000000708e00000| Untracked 
|  25|0x0000000709000000, 0x0000000709000000, 0x0000000709200000|  0%| F|  |TAMS 0x0000000709000000, 0x0000000709000000| Untracked 
|  26|0x0000000709200000, 0x0000000709200000, 0x0000000709400000|  0%| F|  |TAMS 0x0000000709200000, 0x0000000709200000| Untracked 
|  27|0x0000000709400000, 0x0000000709400000, 0x0000000709600000|  0%| F|  |TAMS 0x0000000709400000, 0x0000000709400000| Untracked 
|  28|0x0000000709600000, 0x0000000709600000, 0x0000000709800000|  0%| F|  |TAMS 0x0000000709600000, 0x0000000709600000| Untracked 
|  29|0x0000000709800000, 0x0000000709800000, 0x0000000709a00000|  0%| F|  |TAMS 0x0000000709800000, 0x0000000709800000| Untracked 
|  30|0x0000000709a00000, 0x0000000709a00000, 0x0000000709c00000|  0%| F|  |TAMS 0x0000000709a00000, 0x0000000709a00000| Untracked 
|  31|0x0000000709c00000, 0x0000000709c00000, 0x0000000709e00000|  0%| F|  |TAMS 0x0000000709c00000, 0x0000000709c00000| Untracked 
|  32|0x0000000709e00000, 0x0000000709e00000, 0x000000070a000000|  0%| F|  |TAMS 0x0000000709e00000, 0x0000000709e00000| Untracked 
|  33|0x000000070a000000, 0x000000070a000000, 0x000000070a200000|  0%| F|  |TAMS 0x000000070a000000, 0x000000070a000000| Untracked 
|  34|0x000000070a200000, 0x000000070a200000, 0x000000070a400000|  0%| F|  |TAMS 0x000000070a200000, 0x000000070a200000| Untracked 
|  35|0x000000070a400000, 0x000000070a400000, 0x000000070a600000|  0%| F|  |TAMS 0x000000070a400000, 0x000000070a400000| Untracked 
|  36|0x000000070a600000, 0x000000070a600000, 0x000000070a800000|  0%| F|  |TAMS 0x000000070a600000, 0x000000070a600000| Untracked 
|  37|0x000000070a800000, 0x000000070a800000, 0x000000070aa00000|  0%| F|  |TAMS 0x000000070a800000, 0x000000070a800000| Untracked 
|  38|0x000000070aa00000, 0x000000070aa00000, 0x000000070ac00000|  0%| F|  |TAMS 0x000000070aa00000, 0x000000070aa00000| Untracked 
|  39|0x000000070ac00000, 0x000000070ac00000, 0x000000070ae00000|  0%| F|  |TAMS 0x000000070ac00000, 0x000000070ac00000| Untracked 
|  40|0x000000070ae00000, 0x000000070ae00000, 0x000000070b000000|  0%| F|  |TAMS 0x000000070ae00000, 0x000000070ae00000| Untracked 
|  41|0x000000070b000000, 0x000000070b000000, 0x000000070b200000|  0%| F|  |TAMS 0x000000070b000000, 0x000000070b000000| Untracked 
|  42|0x000000070b200000, 0x000000070b200000, 0x000000070b400000|  0%| F|  |TAMS 0x000000070b200000, 0x000000070b200000| Untracked 
|  43|0x000000070b400000, 0x000000070b400000, 0x000000070b600000|  0%| F|  |TAMS 0x000000070b400000, 0x000000070b400000| Untracked 
|  44|0x000000070b600000, 0x000000070b600000, 0x000000070b800000|  0%| F|  |TAMS 0x000000070b600000, 0x000000070b600000| Untracked 
|  45|0x000000070b800000, 0x000000070b800000, 0x000000070ba00000|  0%| F|  |TAMS 0x000000070b800000, 0x000000070b800000| Untracked 
|  46|0x000000070ba00000, 0x000000070ba00000, 0x000000070bc00000|  0%| F|  |TAMS 0x000000070ba00000, 0x000000070ba00000| Untracked 
|  47|0x000000070bc00000, 0x000000070bc00000, 0x000000070be00000|  0%| F|  |TAMS 0x000000070bc00000, 0x000000070bc00000| Untracked 
|  48|0x000000070be00000, 0x000000070be00000, 0x000000070c000000|  0%| F|  |TAMS 0x000000070be00000, 0x000000070be00000| Untracked 
|  49|0x000000070c000000, 0x000000070c000000, 0x000000070c200000|  0%| F|  |TAMS 0x000000070c000000, 0x000000070c000000| Untracked 
|  50|0x000000070c200000, 0x000000070c200000, 0x000000070c400000|  0%| F|  |TAMS 0x000000070c200000, 0x000000070c200000| Untracked 
|  51|0x000000070c400000, 0x000000070c400000, 0x000000070c600000|  0%| F|  |TAMS 0x000000070c400000, 0x000000070c400000| Untracked 
|  52|0x000000070c600000, 0x000000070c600000, 0x000000070c800000|  0%| F|  |TAMS 0x000000070c600000, 0x000000070c600000| Untracked 
|  53|0x000000070c800000, 0x000000070c800000, 0x000000070ca00000|  0%| F|  |TAMS 0x000000070c800000, 0x000000070c800000| Untracked 
|  54|0x000000070ca00000, 0x000000070ca00000, 0x000000070cc00000|  0%| F|  |TAMS 0x000000070ca00000, 0x000000070ca00000| Untracked 
|  55|0x000000070cc00000, 0x000000070cc00000, 0x000000070ce00000|  0%| F|  |TAMS 0x000000070cc00000, 0x000000070cc00000| Untracked 
|  56|0x000000070ce00000, 0x000000070ce00000, 0x000000070d000000|  0%| F|  |TAMS 0x000000070ce00000, 0x000000070ce00000| Untracked 
|  57|0x000000070d000000, 0x000000070d000000, 0x000000070d200000|  0%| F|  |TAMS 0x000000070d000000, 0x000000070d000000| Untracked 
|  58|0x000000070d200000, 0x000000070d200000, 0x000000070d400000|  0%| F|  |TAMS 0x000000070d200000, 0x000000070d200000| Untracked 
|  59|0x000000070d400000, 0x000000070d400000, 0x000000070d600000|  0%| F|  |TAMS 0x000000070d400000, 0x000000070d400000| Untracked 
|  60|0x000000070d600000, 0x000000070d600000, 0x000000070d800000|  0%| F|  |TAMS 0x000000070d600000, 0x000000070d600000| Untracked 
|  61|0x000000070d800000, 0x000000070d800000, 0x000000070da00000|  0%| F|  |TAMS 0x000000070d800000, 0x000000070d800000| Untracked 
|  62|0x000000070da00000, 0x000000070da00000, 0x000000070dc00000|  0%| F|  |TAMS 0x000000070da00000, 0x000000070da00000| Untracked 
|  63|0x000000070dc00000, 0x000000070dc00000, 0x000000070de00000|  0%| F|  |TAMS 0x000000070dc00000, 0x000000070dc00000| Untracked 
|  64|0x000000070de00000, 0x000000070de00000, 0x000000070e000000|  0%| F|  |TAMS 0x000000070de00000, 0x000000070de00000| Untracked 
|  65|0x000000070e000000, 0x000000070e000000, 0x000000070e200000|  0%| F|  |TAMS 0x000000070e000000, 0x000000070e000000| Untracked 
|  66|0x000000070e200000, 0x000000070e200000, 0x000000070e400000|  0%| F|  |TAMS 0x000000070e200000, 0x000000070e200000| Untracked 
|  67|0x000000070e400000, 0x000000070e400000, 0x000000070e600000|  0%| F|  |TAMS 0x000000070e400000, 0x000000070e400000| Untracked 
|  68|0x000000070e600000, 0x000000070e600000, 0x000000070e800000|  0%| F|  |TAMS 0x000000070e600000, 0x000000070e600000| Untracked 
|  69|0x000000070e800000, 0x000000070e800000, 0x000000070ea00000|  0%| F|  |TAMS 0x000000070e800000, 0x000000070e800000| Untracked 
|  70|0x000000070ea00000, 0x000000070ea00000, 0x000000070ec00000|  0%| F|  |TAMS 0x000000070ea00000, 0x000000070ea00000| Untracked 
|  71|0x000000070ec00000, 0x000000070ec00000, 0x000000070ee00000|  0%| F|  |TAMS 0x000000070ec00000, 0x000000070ec00000| Untracked 
|  72|0x000000070ee00000, 0x000000070ee00000, 0x000000070f000000|  0%| F|  |TAMS 0x000000070ee00000, 0x000000070ee00000| Untracked 
|  73|0x000000070f000000, 0x000000070f000000, 0x000000070f200000|  0%| F|  |TAMS 0x000000070f000000, 0x000000070f000000| Untracked 
|  74|0x000000070f200000, 0x000000070f200000, 0x000000070f400000|  0%| F|  |TAMS 0x000000070f200000, 0x000000070f200000| Untracked 
|  75|0x000000070f400000, 0x000000070f400000, 0x000000070f600000|  0%| F|  |TAMS 0x000000070f400000, 0x000000070f400000| Untracked 
|  76|0x000000070f600000, 0x000000070f600000, 0x000000070f800000|  0%| F|  |TAMS 0x000000070f600000, 0x000000070f600000| Untracked 
|  77|0x000000070f800000, 0x000000070f800000, 0x000000070fa00000|  0%| F|  |TAMS 0x000000070f800000, 0x000000070f800000| Untracked 
|  78|0x000000070fa00000, 0x000000070fa00000, 0x000000070fc00000|  0%| F|  |TAMS 0x000000070fa00000, 0x000000070fa00000| Untracked 
|  79|0x000000070fc00000, 0x000000070fc00000, 0x000000070fe00000|  0%| F|  |TAMS 0x000000070fc00000, 0x000000070fc00000| Untracked 
|  80|0x000000070fe00000, 0x000000070fe00000, 0x0000000710000000|  0%| F|  |TAMS 0x000000070fe00000, 0x000000070fe00000| Untracked 
|  81|0x0000000710000000, 0x0000000710000000, 0x0000000710200000|  0%| F|  |TAMS 0x0000000710000000, 0x0000000710000000| Untracked 
|  82|0x0000000710200000, 0x0000000710200000, 0x0000000710400000|  0%| F|  |TAMS 0x0000000710200000, 0x0000000710200000| Untracked 
|  83|0x0000000710400000, 0x0000000710400000, 0x0000000710600000|  0%| F|  |TAMS 0x0000000710400000, 0x0000000710400000| Untracked 
|  84|0x0000000710600000, 0x0000000710751c08, 0x0000000710800000| 65%| E|  |TAMS 0x0000000710600000, 0x0000000710600000| Complete 
|  85|0x0000000710800000, 0x0000000710a00000, 0x0000000710a00000|100%| E|CS|TAMS 0x0000000710800000, 0x0000000710800000| Complete 
|  86|0x0000000710a00000, 0x0000000710c00000, 0x0000000710c00000|100%| E|CS|TAMS 0x0000000710a00000, 0x0000000710a00000| Complete 
|  87|0x0000000710c00000, 0x0000000710e00000, 0x0000000710e00000|100%| E|CS|TAMS 0x0000000710c00000, 0x0000000710c00000| Complete 
|  88|0x0000000710e00000, 0x0000000711000000, 0x0000000711000000|100%| E|CS|TAMS 0x0000000710e00000, 0x0000000710e00000| Complete 
|  89|0x0000000711000000, 0x0000000711200000, 0x0000000711200000|100%| E|CS|TAMS 0x0000000711000000, 0x0000000711000000| Complete 
|  90|0x0000000711200000, 0x0000000711400000, 0x0000000711400000|100%| E|CS|TAMS 0x0000000711200000, 0x0000000711200000| Complete 
|  91|0x0000000711400000, 0x0000000711600000, 0x0000000711600000|100%| E|CS|TAMS 0x0000000711400000, 0x0000000711400000| Complete 
|  92|0x0000000711600000, 0x0000000711800000, 0x0000000711800000|100%| E|CS|TAMS 0x0000000711600000, 0x0000000711600000| Complete 
|  93|0x0000000711800000, 0x0000000711a00000, 0x0000000711a00000|100%| E|CS|TAMS 0x0000000711800000, 0x0000000711800000| Complete 
|  94|0x0000000711a00000, 0x0000000711c00000, 0x0000000711c00000|100%| E|CS|TAMS 0x0000000711a00000, 0x0000000711a00000| Complete 
|  95|0x0000000711c00000, 0x0000000711e00000, 0x0000000711e00000|100%| E|CS|TAMS 0x0000000711c00000, 0x0000000711c00000| Complete 
|  96|0x0000000711e00000, 0x0000000712000000, 0x0000000712000000|100%| E|CS|TAMS 0x0000000711e00000, 0x0000000711e00000| Complete 
|  97|0x0000000712000000, 0x0000000712200000, 0x0000000712200000|100%| E|CS|TAMS 0x0000000712000000, 0x0000000712000000| Complete 
|  98|0x0000000712200000, 0x0000000712400000, 0x0000000712400000|100%| E|CS|TAMS 0x0000000712200000, 0x0000000712200000| Complete 
|  99|0x0000000712400000, 0x0000000712600000, 0x0000000712600000|100%| E|CS|TAMS 0x0000000712400000, 0x0000000712400000| Complete 
| 100|0x0000000712600000, 0x0000000712800000, 0x0000000712800000|100%| E|CS|TAMS 0x0000000712600000, 0x0000000712600000| Complete 
| 101|0x0000000712800000, 0x0000000712a00000, 0x0000000712a00000|100%| E|CS|TAMS 0x0000000712800000, 0x0000000712800000| Complete 
| 102|0x0000000712a00000, 0x0000000712c00000, 0x0000000712c00000|100%| E|CS|TAMS 0x0000000712a00000, 0x0000000712a00000| Complete 
| 103|0x0000000712c00000, 0x0000000712e00000, 0x0000000712e00000|100%| E|CS|TAMS 0x0000000712c00000, 0x0000000712c00000| Complete 
| 104|0x0000000712e00000, 0x0000000713000000, 0x0000000713000000|100%| E|CS|TAMS 0x0000000712e00000, 0x0000000712e00000| Complete 
| 105|0x0000000713000000, 0x000000071307ca38, 0x0000000713200000| 24%| S|CS|TAMS 0x0000000713000000, 0x0000000713000000| Complete 
| 106|0x0000000713200000, 0x0000000713400000, 0x0000000713400000|100%| S|CS|TAMS 0x0000000713200000, 0x0000000713200000| Complete 
| 107|0x0000000713400000, 0x0000000713600000, 0x0000000713600000|100%| E|CS|TAMS 0x0000000713400000, 0x0000000713400000| Complete 
| 108|0x0000000713600000, 0x0000000713800000, 0x0000000713800000|100%| E|CS|TAMS 0x0000000713600000, 0x0000000713600000| Complete 
| 109|0x0000000713800000, 0x0000000713a00000, 0x0000000713a00000|100%| E|CS|TAMS 0x0000000713800000, 0x0000000713800000| Complete 
| 110|0x0000000713a00000, 0x0000000713c00000, 0x0000000713c00000|100%| E|CS|TAMS 0x0000000713a00000, 0x0000000713a00000| Complete 
| 111|0x0000000713c00000, 0x0000000713e00000, 0x0000000713e00000|100%| E|CS|TAMS 0x0000000713c00000, 0x0000000713c00000| Complete 
| 112|0x0000000713e00000, 0x0000000714000000, 0x0000000714000000|100%| E|CS|TAMS 0x0000000713e00000, 0x0000000713e00000| Complete 
| 113|0x0000000714000000, 0x0000000714200000, 0x0000000714200000|100%| E|CS|TAMS 0x0000000714000000, 0x0000000714000000| Complete 
| 114|0x0000000714200000, 0x0000000714400000, 0x0000000714400000|100%| E|CS|TAMS 0x0000000714200000, 0x0000000714200000| Complete 
| 115|0x0000000714400000, 0x0000000714600000, 0x0000000714600000|100%| E|CS|TAMS 0x0000000714400000, 0x0000000714400000| Complete 
| 116|0x0000000714600000, 0x0000000714800000, 0x0000000714800000|100%| E|CS|TAMS 0x0000000714600000, 0x0000000714600000| Complete 
| 117|0x0000000714800000, 0x0000000714a00000, 0x0000000714a00000|100%| E|CS|TAMS 0x0000000714800000, 0x0000000714800000| Complete 
| 118|0x0000000714a00000, 0x0000000714c00000, 0x0000000714c00000|100%| E|CS|TAMS 0x0000000714a00000, 0x0000000714a00000| Complete 
| 119|0x0000000714c00000, 0x0000000714e00000, 0x0000000714e00000|100%| E|CS|TAMS 0x0000000714c00000, 0x0000000714c00000| Complete 
| 120|0x0000000714e00000, 0x0000000715000000, 0x0000000715000000|100%| E|CS|TAMS 0x0000000714e00000, 0x0000000714e00000| Complete 
| 121|0x0000000715000000, 0x0000000715200000, 0x0000000715200000|100%| E|CS|TAMS 0x0000000715000000, 0x0000000715000000| Complete 
| 122|0x0000000715200000, 0x0000000715400000, 0x0000000715400000|100%| E|CS|TAMS 0x0000000715200000, 0x0000000715200000| Complete 
| 123|0x0000000715400000, 0x0000000715600000, 0x0000000715600000|100%| E|CS|TAMS 0x0000000715400000, 0x0000000715400000| Complete 
| 124|0x0000000715600000, 0x0000000715800000, 0x0000000715800000|100%| E|CS|TAMS 0x0000000715600000, 0x0000000715600000| Complete 
| 125|0x0000000715800000, 0x0000000715a00000, 0x0000000715a00000|100%| E|CS|TAMS 0x0000000715800000, 0x0000000715800000| Complete 

Card table byte_map: [0x0000015ea0ea0000,0x0000015ea1680000] _byte_map_base: 0x0000015e9d671000

Marking Bits (Prev, Next): (CMBitMap*) 0x0000015e88f4b9e0, (CMBitMap*) 0x0000015e88f4ba20
 Prev Bits: [0x0000015ea1e60000, 0x0000015ea5ce8000)
 Next Bits: [0x0000015ea5cf0000, 0x0000015ea9b78000)

Polling page: 0x0000015e886a0000

Metaspace:

Usage:
  Non-class:     12.76 MB used.
      Class:      1.50 MB used.
       Both:     14.26 MB used.

Virtual space:
  Non-class space:       64.00 MB reserved,      12.88 MB ( 20%) committed,  1 nodes.
      Class space:        1.00 GB reserved,       1.62 MB ( <1%) committed,  1 nodes.
             Both:        1.06 GB reserved,      14.50 MB (  1%) committed. 

Chunk freelists:
   Non-Class:  2.88 MB
       Class:  2.19 MB
        Both:  5.07 MB

MaxMetaspaceSize: unlimited
CompressedClassSpaceSize: 1.00 GB
Initial GC threshold: 21.00 MB
Current GC threshold: 21.00 MB
CDS: on
MetaspaceReclaimPolicy: balanced
 - commit_granule_bytes: 65536.
 - commit_granule_words: 8192.
 - virtual_space_node_default_size: 8388608.
 - enlarge_chunks_in_place: 1.
 - new_chunks_are_fully_committed: 0.
 - uncommit_free_chunks: 1.
 - use_allocation_guard: 0.


Internal statistics:

num_allocs_failed_limit: 0.
num_arena_births: 260.
num_arena_deaths: 0.
num_vsnodes_births: 2.
num_vsnodes_deaths: 0.
num_space_committed: 232.
num_space_uncommitted: 0.
num_chunks_returned_to_freelist: 0.
num_chunks_taken_from_freelist: 739.
num_chunk_merges: 0.
num_chunk_splits: 520.
num_chunks_enlarged: 383.
num_inconsistent_stats: 0.

CodeHeap 'non-profiled nmethods': size=119168Kb used=1909Kb max_used=1909Kb free=117258Kb
 bounds [0x0000015e989e0000, 0x0000015e98c50000, 0x0000015e9fe40000]
CodeHeap 'profiled nmethods': size=119104Kb used=8605Kb max_used=8605Kb free=110499Kb
 bounds [0x0000015e90e40000, 0x0000015e916b0000, 0x0000015e98290000]
CodeHeap 'non-nmethods': size=7488Kb used=2969Kb max_used=3021Kb free=4518Kb
 bounds [0x0000015e98290000, 0x0000015e98590000, 0x0000015e989e0000]
 total_blobs=4635 nmethods=4141 adapters=401
 compilation: enabled
              stopped_count=0, restarted_count=0
 full_count=0

Compilation events (20 events):
Event: 1.446 Thread 0x0000015eacc03480 nmethod 4122 0x0000015e91698490 code [0x0000015e91698620, 0x0000015e91698738]
Event: 1.446 Thread 0x0000015eacc05050 nmethod 4121 0x0000015e91698810 code [0x0000015e916989c0, 0x0000015e91698bf8]
Event: 1.446 Thread 0x0000015eacc03480 4123       3       org.eclipse.aether.repository.LocalArtifactRequest::<init> (36 bytes)
Event: 1.446 Thread 0x0000015eacc02960 nmethod 4119 0x0000015e91698d10 code [0x0000015e91698ee0, 0x0000015e916992e8]
Event: 1.446 Thread 0x0000015eacc05050 4124       3       org.eclipse.aether.repository.LocalArtifactRequest::setArtifact (7 bytes)
Event: 1.446 Thread 0x0000015eacc02960 4125       3       org.eclipse.aether.repository.LocalArtifactRequest::setRepositories (21 bytes)
Event: 1.446 Thread 0x0000015eacc03fa0 nmethod 4120 0x0000015e91699490 code [0x0000015e91699680, 0x0000015e91699b88]
Event: 1.446 Thread 0x0000015eacc03fa0 4126       3       org.eclipse.aether.repository.LocalArtifactRequest::setContext (16 bytes)
Event: 1.446 Thread 0x0000015eacc05050 nmethod 4124 0x0000015e91699e10 code [0x0000015e91699fa0, 0x0000015e9169a0f8]
Event: 1.446 Thread 0x0000015eacc05050 4127       3       org.eclipse.aether.internal.impl.EnhancedLocalRepositoryManager::find (198 bytes)
Event: 1.446 Thread 0x0000015eacc02960 nmethod 4125 0x0000015e9169a190 code [0x0000015e9169a340, 0x0000015e9169a5d8]
Event: 1.446 Thread 0x0000015eacc02960 4128       3       org.eclipse.aether.internal.impl.SimpleLocalRepositoryManager::getPathForArtifact (172 bytes)
Event: 1.446 Thread 0x0000015eacc03480 nmethod 4123 0x0000015e9169a690 code [0x0000015e9169a880, 0x0000015e9169af18]
Event: 1.446 Thread 0x0000015eacc03fa0 nmethod 4126 0x0000015e9169b090 code [0x0000015e9169b240, 0x0000015e9169b3f8]
Event: 1.448 Thread 0x0000015eacc02960 nmethod 4128 0x0000015e9169b490 code [0x0000015e9169b860, 0x0000015e9169cd88]
Event: 1.448 Thread 0x0000015eacc05050 nmethod 4127 0x0000015e9169d610 code [0x0000015e9169dac0, 0x0000015e9169fdb8]
Event: 1.451 Thread 0x0000015eacc02ef0 nmethod 4094 0x0000015e98bb2d90 code [0x0000015e98bb2f60, 0x0000015e98bb3768]
Event: 1.451 Thread 0x0000015eacc02ef0 4115       4       java.util.Properties$LineReader::readLine (584 bytes)
Event: 1.453 Thread 0x0000015eacc03480 4130       3       org.apache.maven.ReactorReader::findArtifact (77 bytes)
Event: 1.454 Thread 0x0000015eacc03480 nmethod 4130 0x0000015e916a0a90 code [0x0000015e916a0cc0, 0x0000015e916a1418]

GC Heap History (4 events):
Event: 0.374 GC heap before
{Heap before GC invocations=0 (full 0):
 garbage-first heap   total 258048K, used 22528K [0x0000000705e00000, 0x0000000800000000)
  region size 2048K, 11 young (22528K), 0 survivors (0K)
 Metaspace       used 5308K, committed 5504K, reserved 1114112K
  class space    used 579K, committed 640K, reserved 1048576K
}
Event: 0.377 GC heap after
{Heap after GC invocations=1 (full 0):
 garbage-first heap   total 258048K, used 3912K [0x0000000705e00000, 0x0000000800000000)
  region size 2048K, 2 young (4096K), 2 survivors (4096K)
 Metaspace       used 5308K, committed 5504K, reserved 1114112K
  class space    used 579K, committed 640K, reserved 1048576K
}
Event: 0.887 GC heap before
{Heap before GC invocations=1 (full 0):
 garbage-first heap   total 258048K, used 36680K [0x0000000705e00000, 0x0000000800000000)
  region size 2048K, 19 young (38912K), 2 survivors (4096K)
 Metaspace       used 10650K, committed 10816K, reserved 1114112K
  class space    used 1237K, committed 1344K, reserved 1048576K
}
Event: 0.890 GC heap after
{Heap after GC invocations=2 (full 0):
 garbage-first heap   total 258048K, used 5975K [0x0000000705e00000, 0x0000000800000000)
  region size 2048K, 2 young (4096K), 2 survivors (4096K)
 Metaspace       used 10650K, committed 10816K, reserved 1114112K
  class space    used 1237K, committed 1344K, reserved 1048576K
}

Dll operation events (12 events):
Event: 0.005 Loaded shared library C:\Program Files\Java\jdk-19\bin\java.dll
Event: 0.011 Loaded shared library C:\Program Files\Java\jdk-19\bin\jsvml.dll
Event: 0.046 Loaded shared library C:\Program Files\Java\jdk-19\bin\zip.dll
Event: 0.047 Loaded shared library C:\Program Files\Java\jdk-19\bin\instrument.dll
Event: 0.050 Loaded shared library C:\Program Files\Java\jdk-19\bin\net.dll
Event: 0.051 Loaded shared library C:\Program Files\Java\jdk-19\bin\nio.dll
Event: 0.052 Loaded shared library C:\Program Files\Java\jdk-19\bin\zip.dll
Event: 0.060 Loaded shared library C:\Program Files\JetBrains\IntelliJ IDEA 2022.1.2\bin\breakgen64.dll
Event: 0.065 Loaded shared library C:\Program Files\Java\jdk-19\bin\extnet.dll
Event: 0.101 Loaded shared library C:\Program Files\Java\jdk-19\bin\jimage.dll
Event: 0.152 Loaded shared library C:\Users\99293\AppData\Local\Temp\jansi-2.4.0-6438245558722958-jansi.dll
Event: 0.159 Loaded shared library C:\Program Files\Java\jdk-19\bin\verify.dll

Deoptimization events (20 events):
Event: 1.374 Thread 0x0000015e88ed9920 DEOPT PACKING pc=0x0000015e91414f83 sp=0x0000001a1cbfc640
Event: 1.374 Thread 0x0000015e88ed9920 DEOPT UNPACKING pc=0x0000015e982f7543 sp=0x0000001a1cbfbab0 mode 0
Event: 1.374 Thread 0x0000015e88ed9920 DEOPT PACKING pc=0x0000015e9141568e sp=0x0000001a1cbfc9a0
Event: 1.374 Thread 0x0000015e88ed9920 DEOPT UNPACKING pc=0x0000015e982f7543 sp=0x0000001a1cbfbe50 mode 0
Event: 1.427 Thread 0x0000015e88ed9920 Uncommon trap: trap_request=0xffffff45 fr.pc=0x0000015e98a816d8 relative=0x0000000000000238
Event: 1.427 Thread 0x0000015e88ed9920 Uncommon trap: reason=unstable_if action=reinterpret pc=0x0000015e98a816d8 method=java.util.HashMap.hash(Ljava/lang/Object;)I @ 1 c2
Event: 1.427 Thread 0x0000015e88ed9920 DEOPT PACKING pc=0x0000015e98a816d8 sp=0x0000001a1cbfdd20
Event: 1.427 Thread 0x0000015e88ed9920 DEOPT UNPACKING pc=0x0000015e982f6da3 sp=0x0000001a1cbfdbb8 mode 2
Event: 1.428 Thread 0x0000015e88ed9920 Uncommon trap: trap_request=0xffffff45 fr.pc=0x0000015e98a9e748 relative=0x0000000000000228
Event: 1.428 Thread 0x0000015e88ed9920 Uncommon trap: reason=unstable_if action=reinterpret pc=0x0000015e98a9e748 method=java.util.HashMap.hash(Ljava/lang/Object;)I @ 1 c2
Event: 1.428 Thread 0x0000015e88ed9920 DEOPT PACKING pc=0x0000015e98a9e748 sp=0x0000001a1cbfdcb0
Event: 1.428 Thread 0x0000015e88ed9920 DEOPT UNPACKING pc=0x0000015e982f6da3 sp=0x0000001a1cbfdbb8 mode 2
Event: 1.428 Thread 0x0000015e88ed9920 Uncommon trap: trap_request=0xffffff45 fr.pc=0x0000015e98a8d738 relative=0x0000000000000098
Event: 1.428 Thread 0x0000015e88ed9920 Uncommon trap: reason=unstable_if action=reinterpret pc=0x0000015e98a8d738 method=java.util.HashMap.hash(Ljava/lang/Object;)I @ 1 c2
Event: 1.428 Thread 0x0000015e88ed9920 DEOPT PACKING pc=0x0000015e98a8d738 sp=0x0000001a1cbfdc20
Event: 1.428 Thread 0x0000015e88ed9920 DEOPT UNPACKING pc=0x0000015e982f6da3 sp=0x0000001a1cbfdbb8 mode 2
Event: 1.441 Thread 0x0000015e88ed9920 DEOPT PACKING pc=0x0000015e90f075a9 sp=0x0000001a1cbfdb30
Event: 1.441 Thread 0x0000015e88ed9920 DEOPT UNPACKING pc=0x0000015e982f7543 sp=0x0000001a1cbfd010 mode 0
Event: 1.448 Thread 0x0000015e88ed9920 DEOPT PACKING pc=0x0000015e90f07885 sp=0x0000001a1cbfdb20
Event: 1.448 Thread 0x0000015e88ed9920 DEOPT UNPACKING pc=0x0000015e982f7543 sp=0x0000001a1cbfd010 mode 0

Classes loaded (20 events):
Event: 1.150 Loading class java/util/concurrent/locks/ReentrantReadWriteLock$Sync$ThreadLocalHoldCounter
Event: 1.150 Loading class java/util/concurrent/locks/ReentrantReadWriteLock$Sync$ThreadLocalHoldCounter done
Event: 1.150 Loading class java/util/concurrent/locks/ReentrantReadWriteLock$ReadLock
Event: 1.150 Loading class java/util/concurrent/locks/ReentrantReadWriteLock$ReadLock done
Event: 1.150 Loading class java/util/concurrent/locks/ReentrantReadWriteLock$WriteLock
Event: 1.150 Loading class java/util/concurrent/locks/ReentrantReadWriteLock$WriteLock done
Event: 1.152 Loading class java/time/zone/Ser
Event: 1.152 Loading class java/io/Externalizable
Event: 1.152 Loading class java/io/Externalizable done
Event: 1.152 Loading class java/time/zone/Ser done
Event: 1.153 Loading class java/time/zone/ZoneOffsetTransition
Event: 1.153 Loading class java/time/zone/ZoneOffsetTransition done
Event: 1.154 Loading class sun/util/cldr/CLDRBaseLocaleDataMetaInfo$TZCanonicalIDMapHolder
Event: 1.154 Loading class sun/util/cldr/CLDRBaseLocaleDataMetaInfo$TZCanonicalIDMapHolder done
Event: 1.155 Loading class sun/util/resources/TimeZoneNames
Event: 1.155 Loading class sun/util/resources/TimeZoneNames done
Event: 1.156 Loading class sun/util/resources/TimeZoneNames_en
Event: 1.156 Loading class sun/util/resources/TimeZoneNames_en done
Event: 1.320 Loading class sun/nio/cs/ISO_8859_1$Decoder
Event: 1.320 Loading class sun/nio/cs/ISO_8859_1$Decoder done

Classes unloaded (0 events):
No events

Classes redefined (0 events):
No events

Internal exceptions (20 events):
Event: 0.878 Thread 0x0000015e88ed9920 Exception <a 'java/lang/NoSuchMethodError'{0x0000000713546d88}: 'void java.lang.invoke.DelegatingMethodHandle$Holder.delegate(java.lang.Object, java.lang.Object, int, java.lang.Object)'> (0x0000000713546d88) 
thrown [s\open\src\hotspot\share\interpreter\linkResolver.cpp, line 774]
Event: 0.879 Thread 0x0000015e88ed9920 Exception <a 'java/lang/NoSuchMethodError'{0x000000071354b668}: 'int java.lang.invoke.DirectMethodHandle$Holder.invokeSpecial(java.lang.Object, java.lang.Object, java.lang.Object)'> (0x000000071354b668) 
thrown [s\open\src\hotspot\share\interpreter\linkResolver.cpp, line 774]
Event: 0.898 Thread 0x0000015e88ed9920 Exception <a 'java/lang/NoSuchMethodError'{0x000000071589e9a0}: 'java.lang.Object java.lang.invoke.DirectMethodHandle$Holder.newInvokeSpecial(java.lang.Object, java.lang.Object, java.lang.Object, java.lang.Object, java.lang.Object, java.lang.Object, java.lang.Object)'> (0x000000071589e9a0) 
thrown [s\open\src\hotspot\share\interpreter\linkResolver.cpp, line 774]
Event: 0.903 Thread 0x0000015e88ed9920 Exception <a 'java/lang/NoSuchMethodError'{0x000000071594d6f8}: 'java.lang.Object java.lang.invoke.DirectMethodHandle$Holder.newInvokeSpecial(java.lang.Object, java.lang.Object, java.lang.Object, java.lang.Object, java.lang.Object, java.lang.Object, java.lang.Object, java.lang.Object, java.lang.Object)'> (0x000000071594d6f8) 
thrown [s\open\src\hotspot\share\interpreter\linkResolver.cpp, line 774]
Event: 0.916 Thread 0x0000015e88ed9920 Exception <a 'java/lang/NoSuchMethodError'{0x0000000715646ee8}: 'java.lang.Object java.lang.invoke.DirectMethodHandle$Holder.newInvokeSpecial(java.lang.Object, java.lang.Object, java.lang.Object, java.lang.Object, java.lang.Object, java.lang.Object, java.lang.Object, java.lang.Object, java.lang.Object, java.lang.Object, java.lang.Object, java.lang.Object)'> (0x0000000715646ee8) 
thrown [s\open\src\hotspot\share\interpreter\linkResolver.cpp, line 774]
Event: 0.919 Thread 0x0000015e88ed9920 Exception <a 'java/lang/NoSuchMethodError'{0x000000071568eba0}: 'java.lang.Object java.lang.invoke.DirectMethodHandle$Holder.invokeStatic(java.lang.Object, java.lang.Object, java.lang.Object, java.lang.Object, java.lang.Object, java.lang.Object, java.lang.Object, java.lang.Object, java.lang.Object, java.lang.Object, java.lang.Object, java.lang.Object, java.lang.Object)'> (0x000000071568eba0) 
thrown [s\open\src\hotspot\share\interpreter\linkResolver.cpp, line 774]
Event: 0.920 Thread 0x0000015e88ed9920 Exception <a 'java/lang/NoSuchMethodError'{0x00000007156ae890}: 'java.lang.Object java.lang.invoke.DirectMethodHandle$Holder.invokeStatic(java.lang.Object, java.lang.Object, java.lang.Object, java.lang.Object, java.lang.Object, java.lang.Object, java.lang.Object, java.lang.Object, java.lang.Object, java.lang.Object, java.lang.Object, java.lang.Object, java.lang.Object, java.lang.Object)'> (0x00000007156ae890) 
thrown [s\open\src\hotspot\share\interpreter\linkResolver.cpp, line 774]
Event: 0.921 Thread 0x0000015e88ed9920 Exception <a 'java/lang/NoSuchMethodError'{0x00000007156cfd18}: 'java.lang.Object java.lang.invoke.DirectMethodHandle$Holder.invokeStatic(java.lang.Object, java.lang.Object, java.lang.Object, java.lang.Object, java.lang.Object, java.lang.Object, java.lang.Object, java.lang.Object, java.lang.Object, java.lang.Object, java.lang.Object, java.lang.Object, java.lang.Object, java.lang.Object, java.lang.Object)'> (0x00000007156cfd18) 
thrown [s\open\src\hotspot\share\interpreter\linkResolver.cpp, line 774]
Event: 0.932 Thread 0x0000015e88ed9920 Exception <a 'java/lang/NoSuchMethodError'{0x0000000715747620}: 'java.lang.Object java.lang.invoke.DirectMethodHandle$Holder.invokeStaticInit(java.lang.Object, int, int, int, int)'> (0x0000000715747620) 
thrown [s\open\src\hotspot\share\interpreter\linkResolver.cpp, line 774]
Event: 0.987 Thread 0x0000015e88ed9920 Implicit null exception at 0x0000015e98a46372 to 0x0000015e98a46870
Event: 0.987 Thread 0x0000015e88ed9920 Implicit null exception at 0x0000015e98a237f2 to 0x0000015e98a23ce4
Event: 0.994 Thread 0x0000015e88ed9920 Implicit null exception at 0x0000015e98aa81a0 to 0x0000015e98aa8364
Event: 1.034 Thread 0x0000015e88ed9920 Exception <a 'java/lang/NoSuchMethodError'{0x0000000714ea95a0}: 'void java.lang.invoke.DirectMethodHandle$Holder.invokeVirtual(java.lang.Object, java.lang.Object, int)'> (0x0000000714ea95a0) 
thrown [s\open\src\hotspot\share\interpreter\linkResolver.cpp, line 774]
Event: 1.035 Thread 0x0000015e88ed9920 Exception <a 'java/lang/NoSuchMethodError'{0x0000000714ead9b8}: 'int java.lang.invoke.DirectMethodHandle$Holder.invokeSpecial(java.lang.Object, java.lang.Object, java.lang.Object, int)'> (0x0000000714ead9b8) 
thrown [s\open\src\hotspot\share\interpreter\linkResolver.cpp, line 774]
Event: 1.035 Thread 0x0000015e88ed9920 Exception <a 'java/lang/NoSuchMethodError'{0x0000000714ebddc0}: 'java.lang.Object java.lang.invoke.DirectMethodHandle$Holder.invokeStatic(java.lang.Object, java.lang.Object, java.lang.Object, java.lang.Object, int)'> (0x0000000714ebddc0) 
thrown [s\open\src\hotspot\share\interpreter\linkResolver.cpp, line 774]
Event: 1.036 Thread 0x0000015e88ed9920 Exception <a 'java/lang/NoSuchMethodError'{0x0000000714ec9680}: 'void java.lang.invoke.DelegatingMethodHandle$Holder.reinvoke_L(java.lang.Object, java.lang.Object, int)'> (0x0000000714ec9680) 
thrown [s\open\src\hotspot\share\interpreter\linkResolver.cpp, line 774]
Event: 1.157 Thread 0x0000015eacbf3850 Exception <a 'java/lang/NoSuchMethodError'{0x00000007143f3e80}: 'java.lang.Object java.lang.invoke.Invokers$Holder.invokeExact_MT(java.lang.Object, java.lang.Object, java.lang.Object, java.lang.Object, java.lang.Object, java.lang.Object)'> (0x00000007143f3e80) 
thrown [s\open\src\hotspot\share\interpreter\linkResolver.cpp, line 774]
Event: 1.427 Thread 0x0000015e88ed9920 Implicit null exception at 0x0000015e98a814ed to 0x0000015e98a816b8
Event: 1.428 Thread 0x0000015e88ed9920 Implicit null exception at 0x0000015e98a9e56d to 0x0000015e98a9e728
Event: 1.428 Thread 0x0000015e88ed9920 Implicit null exception at 0x0000015e98a8d6af to 0x0000015e98a8d729

VM Operations (20 events):
Event: 0.940 Executing VM operation: HandshakeAllThreads
Event: 0.940 Executing VM operation: HandshakeAllThreads done
Event: 0.956 Executing VM operation: HandshakeAllThreads
Event: 0.956 Executing VM operation: HandshakeAllThreads done
Event: 0.975 Executing VM operation: HandshakeAllThreads
Event: 0.975 Executing VM operation: HandshakeAllThreads done
Event: 0.976 Executing VM operation: HandshakeAllThreads
Event: 0.976 Executing VM operation: HandshakeAllThreads done
Event: 1.077 Executing VM operation: ICBufferFull
Event: 1.077 Executing VM operation: ICBufferFull done
Event: 1.150 Executing VM operation: HandshakeAllThreads
Event: 1.150 Executing VM operation: HandshakeAllThreads done
Event: 1.150 Executing VM operation: HandshakeAllThreads
Event: 1.150 Executing VM operation: HandshakeAllThreads done
Event: 1.190 Executing VM operation: HandshakeAllThreads
Event: 1.191 Executing VM operation: HandshakeAllThreads done
Event: 1.192 Executing VM operation: ICBufferFull
Event: 1.192 Executing VM operation: ICBufferFull done
Event: 1.416 Executing VM operation: ICBufferFull
Event: 1.416 Executing VM operation: ICBufferFull done

Events (20 events):
Event: 0.019 Thread 0x0000015eacbf3850 Thread added: 0x0000015eacbf3850
Event: 0.019 Thread 0x0000015eacbf4180 Thread added: 0x0000015eacbf4180
Event: 0.019 Thread 0x0000015eacbf4ab0 Thread added: 0x0000015eacbf4ab0
Event: 0.019 Thread 0x0000015eacbf8730 Thread added: 0x0000015eacbf8730
Event: 0.020 Thread 0x0000015eacc03480 Thread added: 0x0000015eacc03480
Event: 0.020 Thread 0x0000015eacc18dc0 Thread added: 0x0000015eacc18dc0
Event: 0.033 Thread 0x0000015eacbbd680 Thread added: 0x0000015eacbbd680
Event: 0.037 Thread 0x0000015eacc05050 Thread added: 0x0000015eacc05050
Event: 0.037 Thread 0x0000015eacc03fa0 Thread added: 0x0000015eacc03fa0
Event: 0.060 Thread 0x0000015eb11a0ef0 Thread added: 0x0000015eb11a0ef0
Event: 0.060 Thread 0x0000015eb11a27a0 Thread added: 0x0000015eb11a27a0
Event: 0.204 Thread 0x0000015eacc01e40 Thread added: 0x0000015eacc01e40
Event: 0.214 Thread 0x0000015eacc02960 Thread added: 0x0000015eacc02960
Event: 0.345 Thread 0x0000015eacc02ef0 Thread added: 0x0000015eacc02ef0
Event: 0.356 Thread 0x0000015eacc055e0 Thread added: 0x0000015eacc055e0
Event: 0.356 Thread 0x0000015eacc023d0 Thread added: 0x0000015eacc023d0
Event: 0.363 Thread 0x0000015eacc03a10 Thread added: 0x0000015eacc03a10
Event: 0.363 Thread 0x0000015eacc04530 Thread added: 0x0000015eacc04530
Event: 0.363 Thread 0x0000015eacc04ac0 Thread added: 0x0000015eacc04ac0
Event: 0.740 Thread 0x0000015eacc04ac0 Thread exited: 0x0000015eacc04ac0


Dynamic libraries:
0x00007ff76cdd0000 - 0x00007ff76cde0000 	C:\Program Files\Java\jdk-19\bin\java.exe
0x00007ffed5850000 - 0x00007ffed5a67000 	C:\WINDOWS\SYSTEM32\ntdll.dll
0x00007ffed4b70000 - 0x00007ffed4c34000 	C:\WINDOWS\System32\KERNEL32.DLL
0x00007ffed2de0000 - 0x00007ffed3186000 	C:\WINDOWS\System32\KERNELBASE.dll
0x00007ffe90ec0000 - 0x00007ffe90ed8000 	C:\Program Files\Java\jdk-19\bin\jli.dll
0x00007ffed5000000 - 0x00007ffed50b0000 	C:\WINDOWS\System32\ADVAPI32.dll
0x00007ffed32b0000 - 0x00007ffed33c1000 	C:\WINDOWS\System32\ucrtbase.dll
0x00007ffec3780000 - 0x00007ffec379b000 	C:\Program Files\Java\jdk-19\bin\VCRUNTIME140.dll
0x00007ffed4e10000 - 0x00007ffed4eb7000 	C:\WINDOWS\System32\msvcrt.dll
0x00007ffed4ec0000 - 0x00007ffed4f66000 	C:\WINDOWS\System32\sechost.dll
0x00007ffed56c0000 - 0x00007ffed57d7000 	C:\WINDOWS\System32\RPCRT4.dll
0x00007ffed3580000 - 0x00007ffed372d000 	C:\WINDOWS\System32\USER32.dll
0x00007ffed2db0000 - 0x00007ffed2dd6000 	C:\WINDOWS\System32\win32u.dll
0x00007ffed4b40000 - 0x00007ffed4b69000 	C:\WINDOWS\System32\GDI32.dll
0x00007ffeb7250000 - 0x00007ffeb74e3000 	C:\WINDOWS\WinSxS\amd64_microsoft.windows.common-controls_6595b64144ccf1df_6.0.22621.2361_none_2712ced57382f843\COMCTL32.dll
0x00007ffed3190000 - 0x00007ffed32a8000 	C:\WINDOWS\System32\gdi32full.dll
0x00007ffed2d10000 - 0x00007ffed2daa000 	C:\WINDOWS\System32\msvcp_win.dll
0x00007ffecb700000 - 0x00007ffecb70a000 	C:\WINDOWS\SYSTEM32\VERSION.dll
0x00007ffed3c50000 - 0x00007ffed3c81000 	C:\WINDOWS\System32\IMM32.DLL
0x00007ffecdb20000 - 0x00007ffecdb2c000 	C:\Program Files\Java\jdk-19\bin\vcruntime140_1.dll
0x00007ffe60790000 - 0x00007ffe6081e000 	C:\Program Files\Java\jdk-19\bin\msvcp140.dll
0x00007ffe5bf70000 - 0x00007ffe5cc30000 	C:\Program Files\Java\jdk-19\bin\server\jvm.dll
0x00007ffea9ce0000 - 0x00007ffea9ce9000 	C:\WINDOWS\SYSTEM32\WSOCK32.dll
0x00007ffecb3f0000 - 0x00007ffecb424000 	C:\WINDOWS\SYSTEM32\WINMM.dll
0x00007ffed3730000 - 0x00007ffed37a1000 	C:\WINDOWS\System32\WS2_32.dll
0x00007ffed1cd0000 - 0x00007ffed1ce8000 	C:\WINDOWS\SYSTEM32\kernel.appcore.dll
0x00007ffea8c70000 - 0x00007ffea8c7a000 	C:\Program Files\Java\jdk-19\bin\jimage.dll
0x00007ffed03d0000 - 0x00007ffed05fe000 	C:\WINDOWS\SYSTEM32\DBGHELP.DLL
0x00007ffed38b0000 - 0x00007ffed3c3a000 	C:\WINDOWS\System32\combase.dll
0x00007ffed55d0000 - 0x00007ffed56a7000 	C:\WINDOWS\System32\OLEAUT32.dll
0x00007ffec9750000 - 0x00007ffec9782000 	C:\WINDOWS\SYSTEM32\dbgcore.DLL
0x00007ffed3490000 - 0x00007ffed350a000 	C:\WINDOWS\System32\bcryptPrimitives.dll
0x00007ffecd410000 - 0x00007ffecd41e000 	C:\Program Files\Java\jdk-19\bin\instrument.dll
0x00007ffe642c0000 - 0x00007ffe642e6000 	C:\Program Files\Java\jdk-19\bin\java.dll
0x00007ffe606b0000 - 0x00007ffe60787000 	C:\Program Files\Java\jdk-19\bin\jsvml.dll
0x00007ffed4110000 - 0x00007ffed4968000 	C:\WINDOWS\System32\SHELL32.dll
0x00007ffed0ad0000 - 0x00007ffed13c2000 	C:\WINDOWS\SYSTEM32\windows.storage.dll
0x00007ffed0990000 - 0x00007ffed0ace000 	C:\WINDOWS\SYSTEM32\wintypes.dll
0x00007ffed37b0000 - 0x00007ffed38a3000 	C:\WINDOWS\System32\SHCORE.dll
0x00007ffed3e90000 - 0x00007ffed3eee000 	C:\WINDOWS\System32\shlwapi.dll
0x00007ffed2ad0000 - 0x00007ffed2af6000 	C:\WINDOWS\SYSTEM32\profapi.dll
0x00007ffe65100000 - 0x00007ffe65118000 	C:\Program Files\Java\jdk-19\bin\zip.dll
0x00007ffe90de0000 - 0x00007ffe90df3000 	C:\Program Files\Java\jdk-19\bin\net.dll
0x00007ffecd170000 - 0x00007ffecd2a7000 	C:\WINDOWS\SYSTEM32\WINHTTP.dll
0x00007ffed2150000 - 0x00007ffed21b9000 	C:\WINDOWS\system32\mswsock.dll
0x00007ffe889b0000 - 0x00007ffe889c6000 	C:\Program Files\Java\jdk-19\bin\nio.dll
0x00007ffecb520000 - 0x00007ffecb53a000 	C:\Program Files\JetBrains\IntelliJ IDEA 2022.1.2\bin\breakgen64.dll
0x00007ffea8500000 - 0x00007ffea8508000 	C:\Program Files\Java\jdk-19\bin\extnet.dll
0x0000000069ac0000 - 0x0000000069ae4000 	C:\Users\99293\AppData\Local\Temp\jansi-2.4.0-6438245558722958-jansi.dll
0x00007ffea74d0000 - 0x00007ffea74e0000 	C:\Program Files\Java\jdk-19\bin\verify.dll

dbghelp: loaded successfully - version: 4.0.5 - missing functions: none
symbol engine: initialized successfully - sym options: 0x614 - pdb path: .;C:\Program Files\Java\jdk-19\bin;C:\WINDOWS\SYSTEM32;C:\WINDOWS\WinSxS\amd64_microsoft.windows.common-controls_6595b64144ccf1df_6.0.22621.2361_none_2712ced57382f843;C:\Program Files\Java\jdk-19\bin\server;C:\Program Files\JetBrains\IntelliJ IDEA 2022.1.2\bin;C:\Users\99293\AppData\Local\Temp

VM Arguments:
jvm_args: -Dmaven.multiModuleProjectDirectory=D:\unitedStates original storage\unitedStates duplicates original storage -Dmaven.home=C:\Users\99293\.m2\wrapper\dists\apache-maven-3.8.6-bin\1ks0nkde5v1pk9vtc31i9d0lcd\apache-maven-3.8.6 -Dclassworlds.conf=C:\Users\99293\.m2\wrapper\dists\apache-maven-3.8.6-bin\1ks0nkde5v1pk9vtc31i9d0lcd\apache-maven-3.8.6\bin\m2.conf -Dmaven.ext.class.path=C:\Program Files\JetBrains\IntelliJ IDEA 2022.1.2\plugins\maven\lib\maven-event-listener.jar -javaagent:C:\Program Files\JetBrains\IntelliJ IDEA 2022.1.2\lib\idea_rt.jar=65344:C:\Program Files\JetBrains\IntelliJ IDEA 2022.1.2\bin -Dfile.encoding=UTF-8 
java_command: org.codehaus.classworlds.Launcher -Didea.version=2022.1.2 package
java_class_path (initial): C:\Users\99293\.m2\wrapper\dists\apache-maven-3.8.6-bin\1ks0nkde5v1pk9vtc31i9d0lcd\apache-maven-3.8.6\boot\plexus-classworlds-2.6.0.jar;C:\Users\99293\.m2\wrapper\dists\apache-maven-3.8.6-bin\1ks0nkde5v1pk9vtc31i9d0lcd\apache-maven-3.8.6\boot\plexus-classworlds.license
Launcher Type: SUN_STANDARD

[Global flags]
     intx CICompilerCount                          = 12                                        {product} {ergonomic}
     uint ConcGCThreads                            = 3                                         {product} {ergonomic}
     uint G1ConcRefinementThreads                  = 13                                        {product} {ergonomic}
   size_t G1HeapRegionSize                         = 2097152                                   {product} {ergonomic}
    uintx GCDrainStackTargetSize                   = 64                                        {product} {ergonomic}
   size_t InitialHeapSize                          = 264241152                                 {product} {ergonomic}
   size_t MarkStackSize                            = 4194304                                   {product} {ergonomic}
   size_t MaxHeapSize                              = 4196401152                                {product} {ergonomic}
   size_t MaxNewSize                               = 2516582400                                {product} {ergonomic}
   size_t MinHeapDeltaBytes                        = 2097152                                   {product} {ergonomic}
   size_t MinHeapSize                              = 8388608                                   {product} {ergonomic}
    uintx NonNMethodCodeHeapSize                   = 7602480                                {pd product} {ergonomic}
    uintx NonProfiledCodeHeapSize                  = 122027880                              {pd product} {ergonomic}
    uintx ProfiledCodeHeapSize                     = 122027880                              {pd product} {ergonomic}
    uintx ReservedCodeCacheSize                    = 251658240                              {pd product} {ergonomic}
     bool SegmentedCodeCache                       = true                                      {product} {ergonomic}
   size_t SoftMaxHeapSize                          = 4196401152                             {manageable} {ergonomic}
     bool UseCompressedClassPointers               = true                           {product lp64_product} {ergonomic}
     bool UseCompressedOops                        = true                           {product lp64_product} {ergonomic}
     bool UseG1GC                                  = true                                      {product} {ergonomic}
     bool UseLargePagesIndividualAllocation        = false                                  {pd product} {ergonomic}

Logging:
Log output configuration:
 #0: stdout all=warning uptime,level,tags foldmultilines=false
 #1: stderr all=off uptime,level,tags foldmultilines=false

Environment Variables:
PATH=C:\Program Files\Common Files\Oracle\Java\javapath;C:\Windows\system32;C:\Windows;C:\Windows\System32\Wbem;C:\Windows\System32\WindowsPowerShell\v1.0\;C:\Windows\System32\OpenSSH\;C:\Program Files (x86)\NVIDIA Corporation\PhysX\Common;C:\Program Files\NVIDIA Corporation\NVIDIA NvDLISR;C:\Program Files\Git\cmd;C:\Program Files (x86)\dotnet\;%SystemRoot%\system32;%SystemRoot%;%SystemRoot%\System32\Wbem;%SYSTEMROOT%\System32\WindowsPowerShell\v1.0\;%SYSTEMROOT%\System32\OpenSSH\;C:\Users\99293\AppData\Local\Programs\Python\Python311\Scripts\;C:\Users\99293\AppData\Local\Programs\Python\Python311\;C:\Users\99293\AppData\Local\Microsoft\WindowsApps;;C:\Program Files\JetBrains\IntelliJ IDEA 2022.1.2\bin;;C:\Program Files\heroku\bin
USERNAME=ASUS
OS=Windows_NT
PROCESSOR_IDENTIFIER=Intel64 Family 6 Model 154 Stepping 3, GenuineIntel
TMP=C:\Users\99293\AppData\Local\Temp
TEMP=C:\Users\99293\AppData\Local\Temp



---------------  S Y S T E M  ---------------

OS:
 Windows 11 , 64 bit Build 22621 (10.0.22621.2428)
OS uptime: 1 days 23:55 hours
Hyper-V role detected

CPU: total 16 (initial active 16) (8 cores per cpu, 2 threads per core) family 6 model 154 stepping 3 microcode 0x41c, cx8, cmov, fxsr, ht, mmx, 3dnowpref, sse, sse2, sse3, ssse3, sse4.1, sse4.2, popcnt, lzcnt, tsc, tscinvbit, avx, avx2, aes, erms, clmul, bmi1, bmi2, adx, sha, fma, vzeroupper, clflush, clflushopt, clwb, hv, serialize, rdtscp, rdpid, fsrm

Memory: 4k page, system-wide physical 16005M (2673M free)
TotalPageFile size 18053M (AvailPageFile size 4M)
current process WorkingSet (physical memory assigned to process): 199M, peak: 199M
current process commit charge ("private bytes"): 425M, peak: 426M

vm_info: Java HotSpot(TM) 64-Bit Server VM (19.0.2+7-44) for windows-amd64 JRE (19.0.2+7-44), built on 2022-11-30T18:02:09Z by "mach5one" with MS VC++ 17.1 (VS2022)

END.
