#
# There is insufficient memory for the Java Runtime Environment to continue.
# Native memory allocation (mmap) failed to map 88080384 bytes for G1 virtual space
# Possible reasons:
#   The system is out of physical RAM or swap space
#   The process is running with CompressedOops enabled, and the Java Heap may be blocking the growth of the native heap
# Possible solutions:
#   Reduce memory load on the system
#   Increase physical memory or swap space
#   Check if swap backing store is full
#   Decrease Java heap size (-Xmx/-Xms)
#   Decrease number of Java threads
#   Decrease Java thread stack sizes (-Xss)
#   Set larger code cache with -XX:ReservedCodeCacheSize=
#   JVM is running with Zero Based Compressed Oops mode in which the Java heap is
#     placed in the first 32GB address space. The Java Heap base address is the
#     maximum limit for the native heap growth. Please use -XX:HeapBaseMinAddress
#     to set the Java Heap base and to place the Java Heap above 32GB virtual address.
# This output file may be truncated or incomplete.
#
#  Out of Memory Error (os_windows.cpp:3536), pid=14732, tid=996
#
# JRE version: Java(TM) SE Runtime Environment (19.0.2+7) (build 19.0.2+7-44)
# Java VM: Java HotSpot(TM) 64-Bit Server VM (19.0.2+7-44, mixed mode, sharing, tiered, compressed oops, compressed class ptrs, g1 gc, windows-amd64)
# No core dump will be written. Minidumps are not enabled by default on client versions of Windows
#

---------------  S U M M A R Y ------------

Command Line: -Dmaven.multiModuleProjectDirectory=D:\unitedStates_storage-master\unitedStates_storage -Dmaven.home=C:\Users\99293\.m2\wrapper\dists\apache-maven-3.8.6-bin\1ks0nkde5v1pk9vtc31i9d0lcd\apache-maven-3.8.6 -Dclassworlds.conf=C:\Users\99293\.m2\wrapper\dists\apache-maven-3.8.6-bin\1ks0nkde5v1pk9vtc31i9d0lcd\apache-maven-3.8.6\bin\m2.conf -Dmaven.ext.class.path=C:\Program Files\JetBrains\IntelliJ IDEA 2022.1.2\plugins\maven\lib\maven-event-listener.jar -javaagent:C:\Program Files\JetBrains\IntelliJ IDEA 2022.1.2\lib\idea_rt.jar=55929:C:\Program Files\JetBrains\IntelliJ IDEA 2022.1.2\bin -Dfile.encoding=UTF-8 org.codehaus.classworlds.Launcher -Didea.version=2022.1.2 package

Host: 12th Gen Intel(R) Core(TM) i7-12650H, 16 cores, 15G,  Windows 11 , 64 bit Build 22621 (10.0.22621.3672)
Time: Sun Aug  4 01:10:30 2024  Windows 11 , 64 bit Build 22621 (10.0.22621.3672) elapsed time: 4.158960 seconds (0d 0h 0m 4s)

---------------  T H R E A D  ---------------

Current thread (0x000001a3b2416e50):  VMThread "VM Thread" [stack: 0x000000838e900000,0x000000838ea00000] [id=996]

Stack: [0x000000838e900000,0x000000838ea00000]
Native frames: (J=compiled Java code, j=interpreted, Vv=VM code, C=native code)
V  [jvm.dll+0x6ee21a]
V  [jvm.dll+0x85765e]
V  [jvm.dll+0x85904e]
V  [jvm.dll+0x859703]
V  [jvm.dll+0x28298f]
V  [jvm.dll+0x6eb009]
V  [jvm.dll+0x6dfbaa]
V  [jvm.dll+0x3573f6]
V  [jvm.dll+0x35ee56]
V  [jvm.dll+0x3b541e]
V  [jvm.dll+0x3b564f]
V  [jvm.dll+0x32c9ea]
V  [jvm.dll+0x32ca97]
V  [jvm.dll+0x374cd2]
V  [jvm.dll+0x37340f]
V  [jvm.dll+0x32c210]
V  [jvm.dll+0x3729ab]
V  [jvm.dll+0x85ebc3]
V  [jvm.dll+0x85f989]
V  [jvm.dll+0x85febd]
V  [jvm.dll+0x86034b]
V  [jvm.dll+0x860407]
V  [jvm.dll+0x80125a]
V  [jvm.dll+0x6ecf0b]
C  [ucrtbase.dll+0x29333]
C  [KERNEL32.DLL+0x1257d]
C  [ntdll.dll+0x5af28]

VM_Operation (0x000000838e3fcca0): G1CollectForAllocation, mode: safepoint, requested by thread 0x000001a38f380a50


---------------  P R O C E S S  ---------------

Threads class SMR info:
_java_thread_list=0x000001a3bba71ee0, length=23, elements={
0x000001a38f380a50, 0x000001a3b242f560, 0x000001a3b2430350, 0x000001a3b24357b0,
0x000001a3b2439aa0, 0x000001a3b24404f0, 0x000001a3b24410a0, 0x000001a3b2443d10,
0x000001a3b244d7d0, 0x000001a3b244e140, 0x000001a3b74f7940, 0x000001a3b74f8d10,
0x000001a3b75016b0, 0x000001a3b7504820, 0x000001a3b761bc00, 0x000001a3b761c140,
0x000001a3b78eaba0, 0x000001a3b7ec3f20, 0x000001a3b7ffe800, 0x000001a3b7f414c0,
0x000001a3b876ba60, 0x000001a3b89d0780, 0x000001a3bba73dd0
}

Java Threads: ( => current thread )
  0x000001a38f380a50 JavaThread "main" [_thread_blocked, id=25252, stack(0x000000838e300000,0x000000838e400000)]
  0x000001a3b242f560 JavaThread "Reference Handler" daemon [_thread_blocked, id=2644, stack(0x000000838ea00000,0x000000838eb00000)]
  0x000001a3b2430350 JavaThread "Finalizer" daemon [_thread_blocked, id=22344, stack(0x000000838eb00000,0x000000838ec00000)]
  0x000001a3b24357b0 JavaThread "Signal Dispatcher" daemon [_thread_blocked, id=15624, stack(0x000000838ec00000,0x000000838ed00000)]
  0x000001a3b2439aa0 JavaThread "Attach Listener" daemon [_thread_blocked, id=20708, stack(0x000000838ed00000,0x000000838ee00000)]
  0x000001a3b24404f0 JavaThread "Service Thread" daemon [_thread_blocked, id=15796, stack(0x000000838ee00000,0x000000838ef00000)]
  0x000001a3b24410a0 JavaThread "Monitor Deflation Thread" daemon [_thread_blocked, id=21708, stack(0x000000838ef00000,0x000000838f000000)]
  0x000001a3b2443d10 JavaThread "C2 CompilerThread0" daemon [_thread_blocked, id=1132, stack(0x000000838f000000,0x000000838f100000)]
  0x000001a3b244d7d0 JavaThread "C1 CompilerThread0" daemon [_thread_blocked, id=24764, stack(0x000000838f100000,0x000000838f200000)]
  0x000001a3b244e140 JavaThread "Sweeper thread" daemon [_thread_blocked, id=19860, stack(0x000000838f200000,0x000000838f300000)]
  0x000001a3b74f7940 JavaThread "Common-Cleaner" daemon [_thread_blocked, id=22228, stack(0x000000838f300000,0x000000838f400000)]
  0x000001a3b74f8d10 JavaThread "C1 CompilerThread1" daemon [_thread_blocked, id=24212, stack(0x000000838f400000,0x000000838f500000)]
  0x000001a3b75016b0 JavaThread "C1 CompilerThread2" daemon [_thread_blocked, id=24976, stack(0x000000838f500000,0x000000838f600000)]
  0x000001a3b7504820 JavaThread "C1 CompilerThread3" daemon [_thread_blocked, id=5208, stack(0x000000838f600000,0x000000838f700000)]
  0x000001a3b761bc00 JavaThread "Monitor Ctrl-Break" daemon [_thread_in_native, id=25628, stack(0x000000838f700000,0x000000838f800000)]
  0x000001a3b761c140 JavaThread "Notification Thread" daemon [_thread_blocked, id=15736, stack(0x000000838f800000,0x000000838f900000)]
  0x000001a3b78eaba0 JavaThread "C2 CompilerThread1" daemon [_thread_blocked, id=20312, stack(0x000000838fa00000,0x000000838fb00000)]
  0x000001a3b7ec3f20 JavaThread "C2 CompilerThread2" daemon [_thread_blocked, id=14556, stack(0x000000838fb00000,0x000000838fc00000)]
  0x000001a3b7ffe800 JavaThread "C2 CompilerThread3" daemon [_thread_blocked, id=26116, stack(0x000000838fc00000,0x000000838fd00000)]
  0x000001a3b7f414c0 JavaThread "C2 CompilerThread4" daemon [_thread_in_native, id=8992, stack(0x000000838fd00000,0x000000838fe00000)]
  0x000001a3b876ba60 JavaThread "C2 CompilerThread5" daemon [_thread_blocked, id=20720, stack(0x000000838fe00000,0x000000838ff00000)]
  0x000001a3b89d0780 JavaThread "C2 CompilerThread6" daemon [_thread_blocked, id=8400, stack(0x000000838ff00000,0x0000008390000000)]
  0x000001a3bba73dd0 JavaThread "C2 CompilerThread7" daemon [_thread_blocked, id=25112, stack(0x0000008390e00000,0x0000008390f00000)]

Other Threads:
=>0x000001a3b2416e50 VMThread "VM Thread" [stack: 0x000000838e900000,0x000000838ea00000] [id=996]
  0x000001a3b761d310 WatcherThread "VM Periodic Task Thread" [stack: 0x000000838f900000,0x000000838fa00000] [id=2572]
  0x000001a38f3f3110 WorkerThread "GC Thread#0" [stack: 0x000000838e400000,0x000000838e500000] [id=26024]
  0x000001a3b76205c0 WorkerThread "GC Thread#1" [stack: 0x0000008390100000,0x0000008390200000] [id=21472]
  0x000001a3b7620b60 WorkerThread "GC Thread#2" [stack: 0x0000008390200000,0x0000008390300000] [id=25856]
  0x000001a3b7620020 WorkerThread "GC Thread#3" [stack: 0x0000008390300000,0x0000008390400000] [id=20316]
  0x000001a3b7621c40 WorkerThread "GC Thread#4" [stack: 0x0000008390400000,0x0000008390500000] [id=6640]
  0x000001a3b76202f0 WorkerThread "GC Thread#5" [stack: 0x0000008390500000,0x0000008390600000] [id=19448]
  0x000001a3b76213d0 WorkerThread "GC Thread#6" [stack: 0x0000008390600000,0x0000008390700000] [id=19064]
  0x000001a3b7620890 WorkerThread "GC Thread#7" [stack: 0x0000008390700000,0x0000008390800000] [id=9768]
  0x000001a3b9b2cb50 WorkerThread "GC Thread#8" [stack: 0x0000008390800000,0x0000008390900000] [id=4220]
  0x000001a3b9b2df00 WorkerThread "GC Thread#9" [stack: 0x0000008390900000,0x0000008390a00000] [id=1432]
  0x000001a3b9b2e770 WorkerThread "GC Thread#10" [stack: 0x0000008390a00000,0x0000008390b00000] [id=20192]
  0x000001a3b9b2dc30 WorkerThread "GC Thread#11" [stack: 0x0000008390000000,0x0000008390100000] [id=26316]
  0x000001a3b9b2bd40 WorkerThread "GC Thread#12" [stack: 0x0000008390b00000,0x0000008390c00000] [id=26580]
  0x000001a38f403c20 ConcurrentGCThread "G1 Main Marker" [stack: 0x000000838e500000,0x000000838e600000] [id=13256]
  0x000001a38f404650 WorkerThread "G1 Conc#0" [stack: 0x000000838e600000,0x000000838e700000] [id=18656]
  0x000001a3b9b2c880 WorkerThread "G1 Conc#1" [stack: 0x0000008390c00000,0x0000008390d00000] [id=21044]
  0x000001a3b9b2f2b0 WorkerThread "G1 Conc#2" [stack: 0x0000008390d00000,0x0000008390e00000] [id=23884]
  0x000001a38f43e620 ConcurrentGCThread "G1 Refine#0" [stack: 0x000000838e700000,0x000000838e800000] [id=18876]
  0x000001a3b22d2290 ConcurrentGCThread "G1 Service" [stack: 0x000000838e800000,0x000000838e900000] [id=7372]

Threads with active compile tasks:
C2 CompilerThread0     4176 7484       4       lombok.core.AST::buildWithCollection (128 bytes)
C2 CompilerThread1     4176 7939       4       com.sun.tools.javac.tree.Pretty::<init> (39 bytes)
C2 CompilerThread2     4176 8050       4       lombok.javac.handlers.JavacHandlerUtil::typeMatches (132 bytes)
C2 CompilerThread3     4176 8139   !   4       com.sun.tools.javac.comp.Resolve::loadClass (83 bytes)
C2 CompilerThread4     4176 7677       4       lombok.javac.JavacAST::buildLocalVar (109 bytes)
C2 CompilerThread5     4176 7921   !   4       com.sun.tools.javac.tree.JCTree::toString (39 bytes)
C2 CompilerThread6     4176 7948       4       lombok.javac.handlers.JavacHandlerUtil::annotationTypeMatches (28 bytes)
C2 CompilerThread7     4176 7938  s    4       java.lang.StringBuffer::toString (34 bytes)

VM state: at safepoint (normal execution)

VM Mutex/Monitor currently owned by a thread:  ([mutex/lock_event])
[0x000001a38f37c3d0] Threads_lock - owner thread: 0x000001a3b2416e50
[0x000001a38f37bd10] Heap_lock - owner thread: 0x000001a38f380a50

Heap address: 0x0000000705e00000, size: 4002 MB, Compressed Oops mode: Zero based, Oop shift amount: 3

CDS archive(s) mapped at: [0x0000000800000000-0x0000000800c40000-0x0000000800c40000), size 12845056, SharedBaseAddress: 0x0000000800000000, ArchiveRelocationMode: 0.
Compressed class space mapped at: 0x0000000801000000-0x0000000841000000, reserved size: 1073741824
Narrow klass base: 0x0000000800000000, Narrow klass shift: 0, Narrow klass range: 0x100000000

GC Precious Log:
 CardTable entry size: 512
 Card Set container configuration: InlinePtr #cards 4 size 8 Array Of Cards #cards 16 size 48 Howl #buckets 8 coarsen threshold 3686 Howl Bitmap #cards 512 size 80 coarsen threshold 460 Card regions per heap region 1 cards per card region 4096
 CPUs: 16 total, 16 available
 Memory: 16005M
 Large Page Support: Disabled
 NUMA Support: Disabled
 Compressed Oops: Enabled (Zero based)
 Heap Region Size: 2M
 Heap Min Capacity: 8M
 Heap Initial Capacity: 252M
 Heap Max Capacity: 4002M
 Pre-touch: Disabled
 Parallel Workers: 13
 Concurrent Workers: 3
 Concurrent Refinement Workers: 13
 Periodic GC: Disabled

Heap:
 garbage-first heap   total 137216K, used 53812K [0x0000000705e00000, 0x0000000800000000)
  region size 2048K, 2 young (4096K), 2 survivors (4096K)
 Metaspace       used 28560K, committed 29120K, reserved 1114112K
  class space    used 2966K, committed 3264K, reserved 1048576K

Heap Regions: E=young(eden), S=young(survivor), O=old, HS=humongous(starts), HC=humongous(continues), CS=collection set, F=free, OA=open archive, CA=closed archive, TAMS=top-at-mark-start (previous, next)
|   0|0x0000000705e00000, 0x0000000706000000, 0x0000000706000000|100%| O|  |TAMS 0x0000000706000000, 0x0000000705e00000| Untracked 
|   1|0x0000000706000000, 0x0000000706200000, 0x0000000706200000|100%| O|  |TAMS 0x0000000706200000, 0x0000000706000000| Untracked 
|   2|0x0000000706200000, 0x0000000706400000, 0x0000000706400000|100%| O|  |TAMS 0x0000000706400000, 0x0000000706200000| Untracked 
|   3|0x0000000706400000, 0x0000000706600000, 0x0000000706600000|100%| O|  |TAMS 0x0000000706600000, 0x0000000706400000| Untracked 
|   4|0x0000000706600000, 0x0000000706800000, 0x0000000706800000|100%| O|  |TAMS 0x0000000706800000, 0x0000000706600000| Untracked 
|   5|0x0000000706800000, 0x0000000706a00000, 0x0000000706a00000|100%| O|  |TAMS 0x0000000706a00000, 0x0000000706800000| Untracked 
|   6|0x0000000706a00000, 0x0000000706c00000, 0x0000000706c00000|100%| O|  |TAMS 0x0000000706c00000, 0x0000000706a00000| Untracked 
|   7|0x0000000706c00000, 0x0000000706c00000, 0x0000000706e00000|  0%| F|  |TAMS 0x0000000706c00000, 0x0000000706c00000| Untracked 
|   8|0x0000000706e00000, 0x0000000707000000, 0x0000000707000000|100%| O|  |TAMS 0x0000000707000000, 0x0000000706e00000| Untracked 
|   9|0x0000000707000000, 0x0000000707200000, 0x0000000707200000|100%| O|  |TAMS 0x0000000707200000, 0x0000000707000000| Untracked 
|  10|0x0000000707200000, 0x0000000707400000, 0x0000000707400000|100%| O|  |TAMS 0x00000007073c7400, 0x0000000707200000| Untracked 
|  11|0x0000000707400000, 0x0000000707600000, 0x0000000707600000|100%| O|  |TAMS 0x0000000707400000, 0x0000000707400000| Untracked 
|  12|0x0000000707600000, 0x0000000707800000, 0x0000000707800000|100%| O|  |TAMS 0x0000000707600000, 0x0000000707600000| Untracked 
|  13|0x0000000707800000, 0x0000000707a00000, 0x0000000707a00000|100%|HS|  |TAMS 0x0000000707800000, 0x0000000707800000| Complete 
|  14|0x0000000707a00000, 0x0000000707c00000, 0x0000000707c00000|100%| O|  |TAMS 0x0000000707a00000, 0x0000000707a00000| Untracked 
|  15|0x0000000707c00000, 0x0000000707e00000, 0x0000000707e00000|100%| O|  |TAMS 0x0000000707c00000, 0x0000000707c00000| Untracked 
|  16|0x0000000707e00000, 0x0000000708000000, 0x0000000708000000|100%| O|  |TAMS 0x0000000707e00000, 0x0000000707e00000| Untracked 
|  17|0x0000000708000000, 0x00000007081ee600, 0x0000000708200000| 96%| O|  |TAMS 0x0000000708000000, 0x0000000708000000| Untracked 
|  18|0x0000000708200000, 0x0000000708200000, 0x0000000708400000|  0%| F|  |TAMS 0x0000000708200000, 0x0000000708200000| Untracked 
|  19|0x0000000708400000, 0x0000000708400000, 0x0000000708600000|  0%| F|  |TAMS 0x0000000708400000, 0x0000000708400000| Untracked 
|  20|0x0000000708600000, 0x0000000708600000, 0x0000000708800000|  0%| F|  |TAMS 0x0000000708600000, 0x0000000708600000| Untracked 
|  21|0x0000000708800000, 0x0000000708800000, 0x0000000708a00000|  0%| F|  |TAMS 0x0000000708800000, 0x0000000708800000| Untracked 
|  22|0x0000000708a00000, 0x0000000708a00000, 0x0000000708c00000|  0%| F|  |TAMS 0x0000000708a00000, 0x0000000708a00000| Untracked 
|  23|0x0000000708c00000, 0x0000000708c00000, 0x0000000708e00000|  0%| F|  |TAMS 0x0000000708c00000, 0x0000000708c00000| Untracked 
|  24|0x0000000708e00000, 0x0000000708e00000, 0x0000000709000000|  0%| F|  |TAMS 0x0000000708e00000, 0x0000000708e00000| Untracked 
|  25|0x0000000709000000, 0x0000000709000000, 0x0000000709200000|  0%| F|  |TAMS 0x0000000709000000, 0x0000000709000000| Untracked 
|  26|0x0000000709200000, 0x000000070929eca0, 0x0000000709400000| 31%| S|CS|TAMS 0x0000000709200000, 0x0000000709200000| Complete 
|  27|0x0000000709400000, 0x0000000709600000, 0x0000000709600000|100%| S|CS|TAMS 0x0000000709400000, 0x0000000709400000| Complete 
|  28|0x0000000709600000, 0x0000000709600000, 0x0000000709800000|  0%| F|  |TAMS 0x0000000709600000, 0x0000000709600000| Untracked 
|  29|0x0000000709800000, 0x0000000709800000, 0x0000000709a00000|  0%| F|  |TAMS 0x0000000709800000, 0x0000000709800000| Untracked 
|  30|0x0000000709a00000, 0x0000000709a00000, 0x0000000709c00000|  0%| F|  |TAMS 0x0000000709a00000, 0x0000000709a00000| Untracked 
|  31|0x0000000709c00000, 0x0000000709c00000, 0x0000000709e00000|  0%| F|  |TAMS 0x0000000709c00000, 0x0000000709c00000| Untracked 
|  32|0x0000000709e00000, 0x0000000709e00000, 0x000000070a000000|  0%| F|  |TAMS 0x0000000709e00000, 0x0000000709e00000| Untracked 
|  33|0x000000070a000000, 0x000000070a000000, 0x000000070a200000|  0%| F|  |TAMS 0x000000070a000000, 0x000000070a000000| Untracked 
|  34|0x000000070a200000, 0x000000070a200000, 0x000000070a400000|  0%| F|  |TAMS 0x000000070a200000, 0x000000070a200000| Untracked 
|  35|0x000000070a400000, 0x000000070a400000, 0x000000070a600000|  0%| F|  |TAMS 0x000000070a400000, 0x000000070a400000| Untracked 
|  36|0x000000070a600000, 0x000000070a600000, 0x000000070a800000|  0%| F|  |TAMS 0x000000070a600000, 0x000000070a600000| Untracked 
|  37|0x000000070a800000, 0x000000070a800000, 0x000000070aa00000|  0%| F|  |TAMS 0x000000070a800000, 0x000000070a800000| Untracked 
|  38|0x000000070aa00000, 0x000000070aa00000, 0x000000070ac00000|  0%| F|  |TAMS 0x000000070aa00000, 0x000000070aa00000| Untracked 
|  39|0x000000070ac00000, 0x000000070ac00000, 0x000000070ae00000|  0%| F|  |TAMS 0x000000070ac00000, 0x000000070ac00000| Untracked 
|  40|0x000000070ae00000, 0x000000070ae00000, 0x000000070b000000|  0%| F|  |TAMS 0x000000070ae00000, 0x000000070ae00000| Untracked 
|  41|0x000000070b000000, 0x000000070b000000, 0x000000070b200000|  0%| F|  |TAMS 0x000000070b000000, 0x000000070b000000| Untracked 
|  42|0x000000070b200000, 0x000000070b200000, 0x000000070b400000|  0%| F|  |TAMS 0x000000070b200000, 0x000000070b200000| Untracked 
|  43|0x000000070b400000, 0x000000070b400000, 0x000000070b600000|  0%| F|  |TAMS 0x000000070b400000, 0x000000070b400000| Untracked 
|  44|0x000000070b600000, 0x000000070b600000, 0x000000070b800000|  0%| F|  |TAMS 0x000000070b600000, 0x000000070b600000| Untracked 
|  45|0x000000070b800000, 0x000000070b800000, 0x000000070ba00000|  0%| F|  |TAMS 0x000000070b800000, 0x000000070b800000| Untracked 
|  46|0x000000070ba00000, 0x000000070ba00000, 0x000000070bc00000|  0%| F|  |TAMS 0x000000070ba00000, 0x000000070ba00000| Untracked 
|  47|0x000000070bc00000, 0x000000070bc00000, 0x000000070be00000|  0%| F|  |TAMS 0x000000070bc00000, 0x000000070bc00000| Untracked 
|  48|0x000000070be00000, 0x000000070be00000, 0x000000070c000000|  0%| F|  |TAMS 0x000000070be00000, 0x000000070be00000| Untracked 
|  49|0x000000070c000000, 0x000000070c000000, 0x000000070c200000|  0%| F|  |TAMS 0x000000070c000000, 0x000000070c000000| Untracked 
|  50|0x000000070c200000, 0x000000070c200000, 0x000000070c400000|  0%| F|  |TAMS 0x000000070c200000, 0x000000070c200000| Untracked 
|  51|0x000000070c400000, 0x000000070c400000, 0x000000070c600000|  0%| F|  |TAMS 0x000000070c400000, 0x000000070c400000| Untracked 
|  52|0x000000070c600000, 0x000000070c600000, 0x000000070c800000|  0%| F|  |TAMS 0x000000070c600000, 0x000000070c600000| Untracked 
|  53|0x000000070c800000, 0x000000070c800000, 0x000000070ca00000|  0%| F|  |TAMS 0x000000070c800000, 0x000000070c800000| Untracked 
|  54|0x000000070ca00000, 0x000000070ca00000, 0x000000070cc00000|  0%| F|  |TAMS 0x000000070ca00000, 0x000000070ca00000| Untracked 
|  55|0x000000070cc00000, 0x000000070cc00000, 0x000000070ce00000|  0%| F|  |TAMS 0x000000070cc00000, 0x000000070cc00000| Untracked 
|  56|0x000000070ce00000, 0x000000070ce00000, 0x000000070d000000|  0%| F|  |TAMS 0x000000070ce00000, 0x000000070ce00000| Untracked 
|  57|0x000000070d000000, 0x000000070d000000, 0x000000070d200000|  0%| F|  |TAMS 0x000000070d000000, 0x000000070d000000| Untracked 
| 125|0x0000000715800000, 0x0000000715800000, 0x0000000715a00000|  0%| F|  |TAMS 0x0000000715800000, 0x0000000715800000| Untracked 
|1993|0x00000007ff000000, 0x00000007ff200000, 0x00000007ff200000|100%| O|  |TAMS 0x00000007ff200000, 0x00000007ff000000| Untracked 
|1994|0x00000007ff200000, 0x00000007ff400000, 0x00000007ff400000|100%| O|  |TAMS 0x00000007ff400000, 0x00000007ff200000| Untracked 
|1995|0x00000007ff400000, 0x00000007ff600000, 0x00000007ff600000|100%| O|  |TAMS 0x00000007ff600000, 0x00000007ff400000| Untracked 
|1996|0x00000007ff600000, 0x00000007ff800000, 0x00000007ff800000|100%| O|  |TAMS 0x00000007ff800000, 0x00000007ff600000| Untracked 
|1997|0x00000007ff800000, 0x00000007ffa00000, 0x00000007ffa00000|100%| O|  |TAMS 0x00000007ffa00000, 0x00000007ff800000| Untracked 
|1998|0x00000007ffa00000, 0x00000007ffc00000, 0x00000007ffc00000|100%| O|  |TAMS 0x00000007ffc00000, 0x00000007ffa00000| Untracked 
|1999|0x00000007ffc00000, 0x00000007ffe00000, 0x00000007ffe00000|100%| O|  |TAMS 0x00000007ffe00000, 0x00000007ffc00000| Untracked 
|2000|0x00000007ffe00000, 0x0000000800000000, 0x0000000800000000|100%| O|  |TAMS 0x0000000800000000, 0x00000007ffe00000| Untracked 

Card table byte_map: [0x000001a3a7350000,0x000001a3a7b30000] _byte_map_base: 0x000001a3a3b21000

Marking Bits (Prev, Next): (CMBitMap*) 0x000001a38f3f3740, (CMBitMap*) 0x000001a38f3f3780
 Prev Bits: [0x000001a3a8310000, 0x000001a3ac198000)
 Next Bits: [0x000001a3ac1a0000, 0x000001a3b0028000)

Polling page: 0x000001a38d320000

Metaspace:

Usage:
  Non-class:     24.99 MB used.
      Class:      2.90 MB used.
       Both:     27.89 MB used.

Virtual space:
  Non-class space:       64.00 MB reserved,      25.25 MB ( 39%) committed,  1 nodes.
      Class space:        1.00 GB reserved,       3.19 MB ( <1%) committed,  1 nodes.
             Both:        1.06 GB reserved,      28.44 MB (  3%) committed. 

Chunk freelists:
   Non-Class:  2.10 MB
       Class:  806.00 KB
        Both:  2.89 MB

MaxMetaspaceSize: unlimited
CompressedClassSpaceSize: 1.00 GB
Initial GC threshold: 21.00 MB
Current GC threshold: 41.88 MB
CDS: on
MetaspaceReclaimPolicy: balanced
 - commit_granule_bytes: 65536.
 - commit_granule_words: 8192.
 - virtual_space_node_default_size: 8388608.
 - enlarge_chunks_in_place: 1.
 - new_chunks_are_fully_committed: 0.
 - uncommit_free_chunks: 1.
 - use_allocation_guard: 0.


Internal statistics:

num_allocs_failed_limit: 3.
num_arena_births: 620.
num_arena_deaths: 0.
num_vsnodes_births: 2.
num_vsnodes_deaths: 0.
num_space_committed: 455.
num_space_uncommitted: 0.
num_chunks_returned_to_freelist: 3.
num_chunks_taken_from_freelist: 1702.
num_chunk_merges: 3.
num_chunk_splits: 1181.
num_chunks_enlarged: 839.
num_inconsistent_stats: 0.

CodeHeap 'non-profiled nmethods': size=119168Kb used=4606Kb max_used=4606Kb free=114561Kb
 bounds [0x000001a39ee80000, 0x000001a39f300000, 0x000001a3a62e0000]
CodeHeap 'profiled nmethods': size=119104Kb used=16853Kb max_used=16853Kb free=102250Kb
 bounds [0x000001a3972e0000, 0x000001a398360000, 0x000001a39e730000]
CodeHeap 'non-nmethods': size=7488Kb used=3011Kb max_used=3136Kb free=4476Kb
 bounds [0x000001a39e730000, 0x000001a39ea50000, 0x000001a39ee80000]
 total_blobs=7850 nmethods=7310 adapters=446
 compilation: enabled
              stopped_count=0, restarted_count=0
 full_count=0

Compilation events (20 events):
Event: 4.138 Thread 0x000001a3b75016b0 8161       3       lombok.javac.JavacImportList::getFullyQualifiedNameForSimpleNameNoAliasing (90 bytes)
Event: 4.138 Thread 0x000001a3bba73dd0 nmethod 7830 0x000001a39f2fe610 code [0x000001a39f2fe7a0, 0x000001a39f2fe878]
Event: 4.138 Thread 0x000001a3bba73dd0 7911       4       java.lang.System::checkKey (34 bytes)
Event: 4.139 Thread 0x000001a3b75016b0 nmethod 8161 0x000001a39834eb90 code [0x000001a39834ee20, 0x000001a39834ff08]
Event: 4.140 Thread 0x000001a3bba73dd0 nmethod 7911 0x000001a39f2fe910 code [0x000001a39f2feaa0, 0x000001a39f2feb38]
Event: 4.140 Thread 0x000001a3bba73dd0 8162       4       lombok.core.LombokNode::top (8 bytes)
Event: 4.142 Thread 0x000001a3bba73dd0 nmethod 8162 0x000001a39f2fec10 code [0x000001a39f2feda0, 0x000001a39f2fee38]
Event: 4.142 Thread 0x000001a3bba73dd0 7938  s    4       java.lang.StringBuffer::toString (34 bytes)
Event: 4.143 Thread 0x000001a3b7504820 8163       3       java.lang.invoke.LambdaForm$MH/0x0000000801310c00::invoke (42 bytes)
Event: 4.143 Thread 0x000001a3b78eaba0 nmethod 7446 0x000001a39f2ed410 code [0x000001a39f2ede40, 0x000001a39f2f92e0]
Event: 4.145 Thread 0x000001a3b7504820 nmethod 8163 0x000001a398350390 code [0x000001a398350620, 0x000001a398351448]
Event: 4.145 Thread 0x000001a3b876ba60 nmethod 8160 0x000001a39f2fef10 code [0x000001a39f2ff0e0, 0x000001a39f2ff5b0]
Event: 4.145 Thread 0x000001a3b74f8d10 8165       3       java.lang.invoke.LambdaForm$MH/0x0000000801312800::invoke (42 bytes)
Event: 4.145 Thread 0x000001a3b75016b0 8166       3       java.lang.invoke.LambdaForm$MH/0x0000000801312c00::invoke (42 bytes)
Event: 4.145 Thread 0x000001a3b7504820 8167       3       java.lang.invoke.LambdaForm$MH/0x0000000801313000::invoke (42 bytes)
Event: 4.145 Thread 0x000001a3b876ba60 7921   !   4       com.sun.tools.javac.tree.JCTree::toString (39 bytes)
Event: 4.147 Thread 0x000001a3b75016b0 nmethod 8166 0x000001a398351890 code [0x000001a398351b20, 0x000001a398352948]
Event: 4.147 Thread 0x000001a3b74f8d10 nmethod 8165 0x000001a398352d90 code [0x000001a398353020, 0x000001a398353e48]
Event: 4.147 Thread 0x000001a3b7504820 nmethod 8167 0x000001a398354290 code [0x000001a398354520, 0x000001a398355348]
Event: 4.152 Thread 0x000001a3b78eaba0 7939       4       com.sun.tools.javac.tree.Pretty::<init> (39 bytes)

GC Heap History (20 events):
Event: 2.607 GC heap after
{Heap after GC invocations=6 (full 0):
 garbage-first heap   total 83968K, used 29895K [0x0000000705e00000, 0x0000000800000000)
  region size 2048K, 1 young (2048K), 1 survivors (2048K)
 Metaspace       used 24334K, committed 24704K, reserved 1114112K
  class space    used 2574K, committed 2752K, reserved 1048576K
}
Event: 2.811 GC heap before
{Heap before GC invocations=6 (full 0):
 garbage-first heap   total 83968K, used 56519K [0x0000000705e00000, 0x0000000800000000)
  region size 2048K, 15 young (30720K), 1 survivors (2048K)
 Metaspace       used 24458K, committed 24832K, reserved 1114112K
  class space    used 2577K, committed 2752K, reserved 1048576K
}
Event: 2.815 GC heap after
{Heap after GC invocations=7 (full 0):
 garbage-first heap   total 83968K, used 38525K [0x0000000705e00000, 0x0000000800000000)
  region size 2048K, 2 young (4096K), 2 survivors (4096K)
 Metaspace       used 24458K, committed 24832K, reserved 1114112K
  class space    used 2577K, committed 2752K, reserved 1048576K
}
Event: 2.926 GC heap before
{Heap before GC invocations=7 (full 0):
 garbage-first heap   total 83968K, used 59005K [0x0000000705e00000, 0x0000000800000000)
  region size 2048K, 12 young (24576K), 2 survivors (4096K)
 Metaspace       used 24883K, committed 25280K, reserved 1114112K
  class space    used 2617K, committed 2816K, reserved 1048576K
}
Event: 2.930 GC heap after
{Heap after GC invocations=8 (full 0):
 garbage-first heap   total 83968K, used 42098K [0x0000000705e00000, 0x0000000800000000)
  region size 2048K, 2 young (4096K), 2 survivors (4096K)
 Metaspace       used 24883K, committed 25280K, reserved 1114112K
  class space    used 2617K, committed 2816K, reserved 1048576K
}
Event: 3.065 GC heap before
{Heap before GC invocations=8 (full 0):
 garbage-first heap   total 83968K, used 58482K [0x0000000705e00000, 0x0000000800000000)
  region size 2048K, 11 young (22528K), 2 survivors (4096K)
 Metaspace       used 25302K, committed 25728K, reserved 1114112K
  class space    used 2642K, committed 2880K, reserved 1048576K
}
Event: 3.070 GC heap after
{Heap after GC invocations=9 (full 0):
 garbage-first heap   total 122880K, used 45911K [0x0000000705e00000, 0x0000000800000000)
  region size 2048K, 2 young (4096K), 2 survivors (4096K)
 Metaspace       used 25302K, committed 25728K, reserved 1114112K
  class space    used 2642K, committed 2880K, reserved 1048576K
}
Event: 3.437 GC heap before
{Heap before GC invocations=10 (full 0):
 garbage-first heap   total 122880K, used 86871K [0x0000000705e00000, 0x0000000800000000)
  region size 2048K, 22 young (45056K), 2 survivors (4096K)
 Metaspace       used 26920K, committed 27264K, reserved 1114112K
  class space    used 2805K, committed 3008K, reserved 1048576K
}
Event: 3.444 GC heap after
{Heap after GC invocations=11 (full 0):
 garbage-first heap   total 122880K, used 51528K [0x0000000705e00000, 0x0000000800000000)
  region size 2048K, 2 young (4096K), 2 survivors (4096K)
 Metaspace       used 26920K, committed 27264K, reserved 1114112K
  class space    used 2805K, committed 3008K, reserved 1048576K
}
Event: 3.456 GC heap before
{Heap before GC invocations=11 (full 0):
 garbage-first heap   total 122880K, used 53576K [0x0000000705e00000, 0x0000000800000000)
  region size 2048K, 3 young (6144K), 2 survivors (4096K)
 Metaspace       used 27088K, committed 27456K, reserved 1114112K
  class space    used 2818K, committed 3008K, reserved 1048576K
}
Event: 3.460 GC heap after
{Heap after GC invocations=12 (full 0):
 garbage-first heap   total 122880K, used 51855K [0x0000000705e00000, 0x0000000800000000)
  region size 2048K, 1 young (2048K), 1 survivors (2048K)
 Metaspace       used 27088K, committed 27456K, reserved 1114112K
  class space    used 2818K, committed 3008K, reserved 1048576K
}
Event: 3.701 GC heap before
{Heap before GC invocations=12 (full 0):
 garbage-first heap   total 122880K, used 88719K [0x0000000705e00000, 0x0000000800000000)
  region size 2048K, 20 young (40960K), 1 survivors (2048K)
 Metaspace       used 27607K, committed 28096K, reserved 1114112K
  class space    used 2865K, committed 3136K, reserved 1048576K
}
Event: 3.702 GC heap after
{Heap after GC invocations=13 (full 0):
 garbage-first heap   total 122880K, used 51624K [0x0000000705e00000, 0x0000000800000000)
  region size 2048K, 1 young (2048K), 1 survivors (2048K)
 Metaspace       used 27607K, committed 28096K, reserved 1114112K
  class space    used 2865K, committed 3136K, reserved 1048576K
}
Event: 3.764 GC heap before
{Heap before GC invocations=13 (full 0):
 garbage-first heap   total 122880K, used 92584K [0x0000000705e00000, 0x0000000800000000)
  region size 2048K, 21 young (43008K), 1 survivors (2048K)
 Metaspace       used 27664K, committed 28160K, reserved 1114112K
  class space    used 2871K, committed 3136K, reserved 1048576K
}
Event: 3.765 GC heap after
{Heap after GC invocations=14 (full 0):
 garbage-first heap   total 122880K, used 51811K [0x0000000705e00000, 0x0000000800000000)
  region size 2048K, 1 young (2048K), 1 survivors (2048K)
 Metaspace       used 27664K, committed 28160K, reserved 1114112K
  class space    used 2871K, committed 3136K, reserved 1048576K
}
Event: 3.981 GC heap before
{Heap before GC invocations=14 (full 0):
 garbage-first heap   total 122880K, used 94819K [0x0000000705e00000, 0x0000000800000000)
  region size 2048K, 22 young (45056K), 1 survivors (2048K)
 Metaspace       used 28280K, committed 28864K, reserved 1114112K
  class space    used 2952K, committed 3264K, reserved 1048576K
}
Event: 3.983 GC heap after
{Heap after GC invocations=15 (full 0):
 garbage-first heap   total 122880K, used 52314K [0x0000000705e00000, 0x0000000800000000)
  region size 2048K, 1 young (2048K), 1 survivors (2048K)
 Metaspace       used 28280K, committed 28864K, reserved 1114112K
  class space    used 2952K, committed 3264K, reserved 1048576K
}
Event: 4.082 GC heap before
{Heap before GC invocations=15 (full 0):
 garbage-first heap   total 122880K, used 97370K [0x0000000705e00000, 0x0000000800000000)
  region size 2048K, 23 young (47104K), 1 survivors (2048K)
 Metaspace       used 28472K, committed 28992K, reserved 1114112K
  class space    used 2963K, committed 3264K, reserved 1048576K
}
Event: 4.085 GC heap after
{Heap after GC invocations=16 (full 0):
 garbage-first heap   total 122880K, used 53088K [0x0000000705e00000, 0x0000000800000000)
  region size 2048K, 1 young (2048K), 1 survivors (2048K)
 Metaspace       used 28472K, committed 28992K, reserved 1114112K
  class space    used 2963K, committed 3264K, reserved 1048576K
}
Event: 4.152 GC heap before
{Heap before GC invocations=16 (full 0):
 garbage-first heap   total 122880K, used 100192K [0x0000000705e00000, 0x0000000800000000)
  region size 2048K, 24 young (49152K), 1 survivors (2048K)
 Metaspace       used 28560K, committed 29120K, reserved 1114112K
  class space    used 2966K, committed 3264K, reserved 1048576K
}

Dll operation events (12 events):
Event: 0.004 Loaded shared library C:\Program Files\Java\jdk-19\bin\java.dll
Event: 0.010 Loaded shared library C:\Program Files\Java\jdk-19\bin\jsvml.dll
Event: 0.039 Loaded shared library C:\Program Files\Java\jdk-19\bin\zip.dll
Event: 0.040 Loaded shared library C:\Program Files\Java\jdk-19\bin\instrument.dll
Event: 0.043 Loaded shared library C:\Program Files\Java\jdk-19\bin\net.dll
Event: 0.044 Loaded shared library C:\Program Files\Java\jdk-19\bin\nio.dll
Event: 0.046 Loaded shared library C:\Program Files\Java\jdk-19\bin\zip.dll
Event: 0.054 Loaded shared library C:\Program Files\JetBrains\IntelliJ IDEA 2022.1.2\bin\breakgen64.dll
Event: 0.058 Loaded shared library C:\Program Files\Java\jdk-19\bin\extnet.dll
Event: 0.109 Loaded shared library C:\Program Files\Java\jdk-19\bin\jimage.dll
Event: 0.157 Loaded shared library C:\Users\99293\AppData\Local\Temp\jansi-2.4.0-30356236e2603468-jansi.dll
Event: 0.163 Loaded shared library C:\Program Files\Java\jdk-19\bin\verify.dll

Deoptimization events (20 events):
Event: 3.944 Thread 0x000001a38f380a50 DEOPT PACKING pc=0x000001a39f05a99c sp=0x000000838e3fc930
Event: 3.944 Thread 0x000001a38f380a50 DEOPT UNPACKING pc=0x000001a39e796da3 sp=0x000000838e3fc890 mode 2
Event: 3.949 Thread 0x000001a38f380a50 Uncommon trap: trap_request=0xffffffbe fr.pc=0x000001a39f274fb0 relative=0x0000000000000390
Event: 3.949 Thread 0x000001a38f380a50 Uncommon trap: reason=profile_predicate action=maybe_recompile pc=0x000001a39f274fb0 method=java.lang.Class.searchMethods([Ljava/lang/reflect/Method;Ljava/lang/String;[Ljava/lang/Class;)Ljava/lang/reflect/Method; @ 22 c2
Event: 3.949 Thread 0x000001a38f380a50 DEOPT PACKING pc=0x000001a39f274fb0 sp=0x000000838e3fce70
Event: 3.949 Thread 0x000001a38f380a50 DEOPT UNPACKING pc=0x000001a39e796da3 sp=0x000000838e3fcdf0 mode 2
Event: 3.949 Thread 0x000001a38f380a50 Uncommon trap: trap_request=0xffffffbe fr.pc=0x000001a39f274fb0 relative=0x0000000000000390
Event: 3.949 Thread 0x000001a38f380a50 Uncommon trap: reason=profile_predicate action=maybe_recompile pc=0x000001a39f274fb0 method=java.lang.Class.searchMethods([Ljava/lang/reflect/Method;Ljava/lang/String;[Ljava/lang/Class;)Ljava/lang/reflect/Method; @ 22 c2
Event: 3.949 Thread 0x000001a38f380a50 DEOPT PACKING pc=0x000001a39f274fb0 sp=0x000000838e3fce70
Event: 3.949 Thread 0x000001a38f380a50 DEOPT UNPACKING pc=0x000001a39e796da3 sp=0x000000838e3fcdf0 mode 2
Event: 4.007 Thread 0x000001a38f380a50 DEOPT PACKING pc=0x000001a39810e9f2 sp=0x000000838e3fd4b0
Event: 4.007 Thread 0x000001a38f380a50 DEOPT UNPACKING pc=0x000001a39e797543 sp=0x000000838e3fc990 mode 0
Event: 4.097 Thread 0x000001a38f380a50 DEOPT PACKING pc=0x000001a398236c9e sp=0x000000838e3fd100
Event: 4.097 Thread 0x000001a38f380a50 DEOPT UNPACKING pc=0x000001a39e797543 sp=0x000000838e3fc610 mode 0
Event: 4.111 Thread 0x000001a38f380a50 Uncommon trap: trap_request=0xffffff45 fr.pc=0x000001a39f2da400 relative=0x00000000000016a0
Event: 4.111 Thread 0x000001a38f380a50 Uncommon trap: reason=unstable_if action=reinterpret pc=0x000001a39f2da400 method=lombok.javac.JavacAST.buildTree(Lcom/sun/tools/javac/tree/JCTree;Llombok/core/AST$Kind;)Llombok/javac/JavacNode; @ 8 c2
Event: 4.111 Thread 0x000001a38f380a50 DEOPT PACKING pc=0x000001a39f2da400 sp=0x000000838e3fce50
Event: 4.111 Thread 0x000001a38f380a50 DEOPT UNPACKING pc=0x000001a39e796da3 sp=0x000000838e3fcee8 mode 2
Event: 4.135 Thread 0x000001a38f380a50 DEOPT PACKING pc=0x000001a39810e9f2 sp=0x000000838e3fd4b0
Event: 4.135 Thread 0x000001a38f380a50 DEOPT UNPACKING pc=0x000001a39e797543 sp=0x000000838e3fc990 mode 0

Classes loaded (20 events):
Event: 3.359 Loading class java/util/Vector$1
Event: 3.359 Loading class java/util/Vector$1 done
Event: 3.361 Loading class java/io/PushbackInputStream
Event: 3.361 Loading class java/io/PushbackInputStream done
Event: 3.461 Loading class java/util/Collections$UnmodifiableSortedSet
Event: 3.461 Loading class java/util/Collections$UnmodifiableSortedSet done
Event: 3.540 Loading class java/util/IdentityHashMap$EntrySet
Event: 3.540 Loading class java/util/IdentityHashMap$EntrySet done
Event: 3.540 Loading class java/util/IdentityHashMap$EntryIterator
Event: 3.540 Loading class java/util/IdentityHashMap$EntryIterator done
Event: 3.540 Loading class java/util/IdentityHashMap$EntryIterator$Entry
Event: 3.540 Loading class java/util/IdentityHashMap$EntryIterator$Entry done
Event: 3.797 Loading class java/util/regex/Pattern$SliceI
Event: 3.797 Loading class java/util/regex/Pattern$SliceI done
Event: 3.832 Loading class java/util/regex/Pattern$Loop
Event: 3.832 Loading class java/util/regex/Pattern$Loop done
Event: 3.832 Loading class java/util/regex/Pattern$Prolog
Event: 3.832 Loading class java/util/regex/Pattern$Prolog done
Event: 3.851 Loading class java/util/regex/Pattern$LazyLoop
Event: 3.851 Loading class java/util/regex/Pattern$LazyLoop done

Classes unloaded (0 events):
No events

Classes redefined (0 events):
No events

Internal exceptions (20 events):
Event: 3.166 Thread 0x000001a38f380a50 Exception <a 'sun/nio/fs/WindowsException'{0x000000070b251978}> (0x000000070b251978) 
thrown [s\open\src\hotspot\share\prims\jni.cpp, line 517]
Event: 3.166 Thread 0x000001a38f380a50 Exception <a 'sun/nio/fs/WindowsException'{0x000000070b2779f0}> (0x000000070b2779f0) 
thrown [s\open\src\hotspot\share\prims\jni.cpp, line 517]
Event: 3.166 Thread 0x000001a38f380a50 Exception <a 'sun/nio/fs/WindowsException'{0x000000070b277d80}> (0x000000070b277d80) 
thrown [s\open\src\hotspot\share\prims\jni.cpp, line 517]
Event: 3.166 Thread 0x000001a38f380a50 Exception <a 'sun/nio/fs/WindowsException'{0x000000070b278d90}> (0x000000070b278d90) 
thrown [s\open\src\hotspot\share\prims\jni.cpp, line 517]
Event: 3.166 Thread 0x000001a38f380a50 Exception <a 'sun/nio/fs/WindowsException'{0x000000070b2791b0}> (0x000000070b2791b0) 
thrown [s\open\src\hotspot\share\prims\jni.cpp, line 517]
Event: 3.254 Thread 0x000001a38f380a50 Implicit null exception at 0x000001a39efc48b3 to 0x000001a39efc4c98
Event: 3.261 Thread 0x000001a38f380a50 Implicit null exception at 0x000001a39efbdf6b to 0x000001a39efbe144
Event: 3.779 Thread 0x000001a38f380a50 Implicit null exception at 0x000001a39f2270ad to 0x000001a39f2277fd
Event: 3.823 Thread 0x000001a38f380a50 Exception <a 'java/lang/NoSuchMethodError'{0x000000070c7ba278}: 'void java.lang.invoke.DirectMethodHandle$Holder.invokeInterface(java.lang.Object, java.lang.Object, java.lang.Object, int)'> (0x000000070c7ba278) 
thrown [s\open\src\hotspot\share\interpreter\linkResolver.cpp, line 774]
Event: 3.824 Thread 0x000001a38f380a50 Exception <a 'java/lang/NoSuchMethodError'{0x000000070c7c1da0}: 'void java.lang.invoke.DelegatingMethodHandle$Holder.reinvoke_L(java.lang.Object, java.lang.Object, java.lang.Object, int)'> (0x000000070c7c1da0) 
thrown [s\open\src\hotspot\share\interpreter\linkResolver.cpp, line 774]
Event: 3.827 Thread 0x000001a38f380a50 Exception <a 'java/lang/NoSuchMethodError'{0x000000070c7f1478}: 'java.lang.Object java.lang.invoke.DirectMethodHandle$Holder.invokeVirtual(java.lang.Object, java.lang.Object, java.lang.Object, java.lang.Object)'> (0x000000070c7f1478) 
thrown [s\open\src\hotspot\share\interpreter\linkResolver.cpp, line 774]
Event: 3.827 Thread 0x000001a38f380a50 Exception <a 'java/lang/NoSuchMethodError'{0x000000070c7ff150}: 'long java.lang.invoke.DirectMethodHandle$Holder.invokeStatic(java.lang.Object, java.lang.Object, int)'> (0x000000070c7ff150) 
thrown [s\open\src\hotspot\share\interpreter\linkResolver.cpp, line 774]
Event: 3.829 Thread 0x000001a38f380a50 Exception <a 'java/lang/NoSuchMethodError'{0x000000070b607ec0}: 'java.lang.Object java.lang.invoke.DirectMethodHandle$Holder.invokeSpecial(java.lang.Object, java.lang.Object, java.lang.Object, long, java.lang.Object)'> (0x000000070b607ec0) 
thrown [s\open\src\hotspot\share\interpreter\linkResolver.cpp, line 774]
Event: 3.829 Thread 0x000001a38f380a50 Exception <a 'java/lang/NoSuchMethodError'{0x000000070b60be10}: 'java.lang.Object java.lang.invoke.DelegatingMethodHandle$Holder.reinvoke_L(java.lang.Object, java.lang.Object, long, java.lang.Object)'> (0x000000070b60be10) 
thrown [s\open\src\hotspot\share\interpreter\linkResolver.cpp, line 774]
Event: 3.835 Thread 0x000001a38f380a50 Exception <a 'java/lang/NoSuchMethodError'{0x000000070b64f128}: 'java.lang.Object java.lang.invoke.DirectMethodHandle$Holder.invokeVirtual(java.lang.Object, java.lang.Object, java.lang.Object, java.lang.Object, java.lang.Object, java.lang.Object, java.lang.Object, java.lang.Object, java.lang.Object, java.lang.Object)'> (0x000000070b64f128) 
thrown [s\open\src\hotspot\share\interpreter\linkResolver.cpp, line 774]
Event: 3.859 Thread 0x000001a38f380a50 Exception <a 'java/lang/NoSuchMethodError'{0x000000070b7804d8}: 'void java.lang.invoke.DirectMethodHandle$Holder.invokeVirtual(java.lang.Object, java.lang.Object)'> (0x000000070b7804d8) 
thrown [s\open\src\hotspot\share\interpreter\linkResolver.cpp, line 774]
Event: 3.860 Thread 0x000001a38f380a50 Exception <a 'java/lang/NoSuchMethodError'{0x000000070b78ad70}: 'void java.lang.invoke.DirectMethodHandle$Holder.invokeVirtual(java.lang.Object, java.lang.Object, java.lang.Object, java.lang.Object)'> (0x000000070b78ad70) 
thrown [s\open\src\hotspot\share\interpreter\linkResolver.cpp, line 774]
Event: 3.881 Thread 0x000001a38f380a50 Exception <a 'java/lang/NoSuchMethodError'{0x000000070b202108}: 'java.lang.Object java.lang.invoke.DirectMethodHandle$Holder.invokeVirtual(java.lang.Object, java.lang.Object, java.lang.Object, java.lang.Object, java.lang.Object, java.lang.Object)'> (0x000000070b202108) 
thrown [s\open\src\hotspot\share\interpreter\linkResolver.cpp, line 774]
Event: 3.935 Thread 0x000001a38f380a50 Exception <a 'java/lang/NoSuchMethodError'{0x000000070abf5830}: 'java.lang.Object java.lang.invoke.DirectMethodHandle$Holder.invokeVirtual(java.lang.Object, java.lang.Object, java.lang.Object, java.lang.Object, java.lang.Object)'> (0x000000070abf5830) 
thrown [s\open\src\hotspot\share\interpreter\linkResolver.cpp, line 774]
Event: 3.940 Thread 0x000001a38f380a50 Exception <a 'java/lang/NoSuchMethodError'{0x000000070a826e70}: 'java.lang.Object java.lang.invoke.DirectMethodHandle$Holder.invokeVirtual(java.lang.Object, java.lang.Object, long)'> (0x000000070a826e70) 
thrown [s\open\src\hotspot\share\interpreter\linkResolver.cpp, line 774]

VM Operations (20 events):
Event: 3.083 Executing VM operation: G1PauseRemark done
Event: 3.087 Executing VM operation: G1PauseCleanup
Event: 3.101 Executing VM operation: G1PauseCleanup done
Event: 3.167 Executing VM operation: ICBufferFull
Event: 3.167 Executing VM operation: ICBufferFull done
Event: 3.401 Executing VM operation: ICBufferFull
Event: 3.401 Executing VM operation: ICBufferFull done
Event: 3.437 Executing VM operation: G1CollectForAllocation
Event: 3.444 Executing VM operation: G1CollectForAllocation done
Event: 3.456 Executing VM operation: G1CollectForAllocation
Event: 3.460 Executing VM operation: G1CollectForAllocation done
Event: 3.700 Executing VM operation: G1CollectForAllocation
Event: 3.702 Executing VM operation: G1CollectForAllocation done
Event: 3.764 Executing VM operation: G1CollectForAllocation
Event: 3.765 Executing VM operation: G1CollectForAllocation done
Event: 3.981 Executing VM operation: G1CollectForAllocation
Event: 3.983 Executing VM operation: G1CollectForAllocation done
Event: 4.082 Executing VM operation: G1CollectForAllocation
Event: 4.085 Executing VM operation: G1CollectForAllocation done
Event: 4.152 Executing VM operation: G1CollectForAllocation

Events (20 events):
Event: 2.410 Thread 0x000001a3b244e140 flushing nmethod 0x000001a397d66b90
Event: 2.410 Thread 0x000001a3b244e140 flushing nmethod 0x000001a397d69110
Event: 2.410 Thread 0x000001a3b244e140 flushing nmethod 0x000001a397d69490
Event: 2.410 Thread 0x000001a3b244e140 flushing nmethod 0x000001a397d6a190
Event: 2.410 Thread 0x000001a3b244e140 flushing nmethod 0x000001a397d6a790
Event: 2.410 Thread 0x000001a3b244e140 flushing nmethod 0x000001a397d92d10
Event: 2.410 Thread 0x000001a3b244e140 flushing nmethod 0x000001a397d95210
Event: 2.410 Thread 0x000001a3b244e140 flushing nmethod 0x000001a397da6e10
Event: 2.410 Thread 0x000001a3b244e140 flushing nmethod 0x000001a397dc2c90
Event: 2.411 Thread 0x000001a3b244e140 flushing nmethod 0x000001a397e2dd90
Event: 2.987 Thread 0x000001a3b244e140 flushing nmethod 0x000001a39f161290
Event: 2.987 Thread 0x000001a3b244e140 flushing nmethod 0x000001a397348310
Event: 2.988 Thread 0x000001a3b244e140 flushing nmethod 0x000001a397392b90
Event: 2.994 Thread 0x000001a3b244e140 flushing nmethod 0x000001a397d3ba90
Event: 2.994 Thread 0x000001a3b244e140 flushing nmethod 0x000001a397d64e10
Event: 2.994 Thread 0x000001a3b244e140 flushing nmethod 0x000001a397d65890
Event: 2.994 Thread 0x000001a3b244e140 flushing nmethod 0x000001a397d6bc90
Event: 2.995 Thread 0x000001a3b244e140 flushing nmethod 0x000001a397df3290
Event: 3.476 Thread 0x000001a3ba406980 Thread exited: 0x000001a3ba406980
Event: 3.693 Thread 0x000001a3bba73dd0 Thread added: 0x000001a3bba73dd0


Dynamic libraries:
0x00007ff6c0fc0000 - 0x00007ff6c0fd0000 	C:\Program Files\Java\jdk-19\bin\java.exe
0x00007ffc2c450000 - 0x00007ffc2c667000 	C:\WINDOWS\SYSTEM32\ntdll.dll
0x00007ffc2ab30000 - 0x00007ffc2abf4000 	C:\WINDOWS\System32\KERNEL32.DLL
0x00007ffc298c0000 - 0x00007ffc29c6d000 	C:\WINDOWS\System32\KERNELBASE.dll
0x00007ffc29f50000 - 0x00007ffc2a061000 	C:\WINDOWS\System32\ucrtbase.dll
0x00007ffc1a4b0000 - 0x00007ffc1a4c8000 	C:\Program Files\Java\jdk-19\bin\jli.dll
0x00007ffc19870000 - 0x00007ffc1988b000 	C:\Program Files\Java\jdk-19\bin\VCRUNTIME140.dll
0x00007ffc2baa0000 - 0x00007ffc2bb52000 	C:\WINDOWS\System32\ADVAPI32.dll
0x00007ffc2aa80000 - 0x00007ffc2ab27000 	C:\WINDOWS\System32\msvcrt.dll
0x00007ffc2b1b0000 - 0x00007ffc2b259000 	C:\WINDOWS\System32\sechost.dll
0x00007ffc29f20000 - 0x00007ffc29f48000 	C:\WINDOWS\System32\bcrypt.dll
0x00007ffc2adc0000 - 0x00007ffc2aed4000 	C:\WINDOWS\System32\RPCRT4.dll
0x00007ffc2aee0000 - 0x00007ffc2b08e000 	C:\WINDOWS\System32\USER32.dll
0x00007ffc2a130000 - 0x00007ffc2a156000 	C:\WINDOWS\System32\win32u.dll
0x00007ffc16660000 - 0x00007ffc168f3000 	C:\WINDOWS\WinSxS\amd64_microsoft.windows.common-controls_6595b64144ccf1df_6.0.22621.3672_none_2713b9d173822955\COMCTL32.dll
0x00007ffc2a160000 - 0x00007ffc2a189000 	C:\WINDOWS\System32\GDI32.dll
0x00007ffc29ce0000 - 0x00007ffc29df9000 	C:\WINDOWS\System32\gdi32full.dll
0x00007ffc29e00000 - 0x00007ffc29e9a000 	C:\WINDOWS\System32\msvcp_win.dll
0x00007ffc23870000 - 0x00007ffc2387a000 	C:\WINDOWS\SYSTEM32\VERSION.dll
0x00007ffc2bef0000 - 0x00007ffc2bf21000 	C:\WINDOWS\System32\IMM32.DLL
0x00007ffc21670000 - 0x00007ffc2167c000 	C:\Program Files\Java\jdk-19\bin\vcruntime140_1.dll
0x00007ffbeece0000 - 0x00007ffbeed6e000 	C:\Program Files\Java\jdk-19\bin\msvcp140.dll
0x00007ffb9bb60000 - 0x00007ffb9c820000 	C:\Program Files\Java\jdk-19\bin\server\jvm.dll
0x00007ffc1b9a0000 - 0x00007ffc1b9a9000 	C:\WINDOWS\SYSTEM32\WSOCK32.dll
0x00007ffc233c0000 - 0x00007ffc233f4000 	C:\WINDOWS\SYSTEM32\WINMM.dll
0x00007ffc2bf30000 - 0x00007ffc2bfa1000 	C:\WINDOWS\System32\WS2_32.dll
0x00007ffc28870000 - 0x00007ffc28888000 	C:\WINDOWS\SYSTEM32\kernel.appcore.dll
0x00007ffc1afe0000 - 0x00007ffc1afea000 	C:\Program Files\Java\jdk-19\bin\jimage.dll
0x00007ffc26a40000 - 0x00007ffc26c72000 	C:\WINDOWS\SYSTEM32\DBGHELP.DLL
0x00007ffc2bfd0000 - 0x00007ffc2c358000 	C:\WINDOWS\System32\combase.dll
0x00007ffc2b410000 - 0x00007ffc2b4e7000 	C:\WINDOWS\System32\OLEAUT32.dll
0x00007ffc1e830000 - 0x00007ffc1e862000 	C:\WINDOWS\SYSTEM32\dbgcore.DLL
0x00007ffc29ea0000 - 0x00007ffc29f1b000 	C:\WINDOWS\System32\bcryptPrimitives.dll
0x00007ffc26160000 - 0x00007ffc2616e000 	C:\Program Files\Java\jdk-19\bin\instrument.dll
0x00007ffc17890000 - 0x00007ffc178b6000 	C:\Program Files\Java\jdk-19\bin\java.dll
0x00007ffbed8d0000 - 0x00007ffbed9a7000 	C:\Program Files\Java\jdk-19\bin\jsvml.dll
0x00007ffc2a190000 - 0x00007ffc2a9ef000 	C:\WINDOWS\System32\SHELL32.dll
0x00007ffc27670000 - 0x00007ffc27f6c000 	C:\WINDOWS\SYSTEM32\windows.storage.dll
0x00007ffc27530000 - 0x00007ffc2766f000 	C:\WINDOWS\SYSTEM32\wintypes.dll
0x00007ffc2b0b0000 - 0x00007ffc2b1a4000 	C:\WINDOWS\System32\SHCORE.dll
0x00007ffc2b500000 - 0x00007ffc2b55e000 	C:\WINDOWS\System32\shlwapi.dll
0x00007ffc29680000 - 0x00007ffc296a1000 	C:\WINDOWS\SYSTEM32\profapi.dll
0x00007ffc17790000 - 0x00007ffc177a8000 	C:\Program Files\Java\jdk-19\bin\zip.dll
0x00007ffc197d0000 - 0x00007ffc197e3000 	C:\Program Files\Java\jdk-19\bin\net.dll
0x00007ffc24f50000 - 0x00007ffc25086000 	C:\WINDOWS\SYSTEM32\WINHTTP.dll
0x00007ffc28ce0000 - 0x00007ffc28d49000 	C:\WINDOWS\system32\mswsock.dll
0x00007ffc17850000 - 0x00007ffc17866000 	C:\Program Files\Java\jdk-19\bin\nio.dll
0x00007ffc198a0000 - 0x00007ffc198ba000 	C:\Program Files\JetBrains\IntelliJ IDEA 2022.1.2\bin\breakgen64.dll
0x00007ffc17a20000 - 0x00007ffc17a28000 	C:\Program Files\Java\jdk-19\bin\extnet.dll
0x0000000069ac0000 - 0x0000000069ae4000 	C:\Users\99293\AppData\Local\Temp\jansi-2.4.0-30356236e2603468-jansi.dll
0x00007ffc1a5d0000 - 0x00007ffc1a5e0000 	C:\Program Files\Java\jdk-19\bin\verify.dll

dbghelp: loaded successfully - version: 4.0.5 - missing functions: none
symbol engine: initialized successfully - sym options: 0x614 - pdb path: .;C:\Program Files\Java\jdk-19\bin;C:\WINDOWS\SYSTEM32;C:\WINDOWS\WinSxS\amd64_microsoft.windows.common-controls_6595b64144ccf1df_6.0.22621.3672_none_2713b9d173822955;C:\Program Files\Java\jdk-19\bin\server;C:\Program Files\JetBrains\IntelliJ IDEA 2022.1.2\bin;C:\Users\99293\AppData\Local\Temp

VM Arguments:
jvm_args: -Dmaven.multiModuleProjectDirectory=D:\unitedStates_storage-master\unitedStates_storage -Dmaven.home=C:\Users\99293\.m2\wrapper\dists\apache-maven-3.8.6-bin\1ks0nkde5v1pk9vtc31i9d0lcd\apache-maven-3.8.6 -Dclassworlds.conf=C:\Users\99293\.m2\wrapper\dists\apache-maven-3.8.6-bin\1ks0nkde5v1pk9vtc31i9d0lcd\apache-maven-3.8.6\bin\m2.conf -Dmaven.ext.class.path=C:\Program Files\JetBrains\IntelliJ IDEA 2022.1.2\plugins\maven\lib\maven-event-listener.jar -javaagent:C:\Program Files\JetBrains\IntelliJ IDEA 2022.1.2\lib\idea_rt.jar=55929:C:\Program Files\JetBrains\IntelliJ IDEA 2022.1.2\bin -Dfile.encoding=UTF-8 
java_command: org.codehaus.classworlds.Launcher -Didea.version=2022.1.2 package
java_class_path (initial): C:\Users\99293\.m2\wrapper\dists\apache-maven-3.8.6-bin\1ks0nkde5v1pk9vtc31i9d0lcd\apache-maven-3.8.6\boot\plexus-classworlds-2.6.0.jar;C:\Users\99293\.m2\wrapper\dists\apache-maven-3.8.6-bin\1ks0nkde5v1pk9vtc31i9d0lcd\apache-maven-3.8.6\boot\plexus-classworlds.license
Launcher Type: SUN_STANDARD

[Global flags]
     intx CICompilerCount                          = 12                                        {product} {ergonomic}
     uint ConcGCThreads                            = 3                                         {product} {ergonomic}
     uint G1ConcRefinementThreads                  = 13                                        {product} {ergonomic}
   size_t G1HeapRegionSize                         = 2097152                                   {product} {ergonomic}
    uintx GCDrainStackTargetSize                   = 64                                        {product} {ergonomic}
   size_t InitialHeapSize                          = 264241152                                 {product} {ergonomic}
   size_t MarkStackSize                            = 4194304                                   {product} {ergonomic}
   size_t MaxHeapSize                              = 4196401152                                {product} {ergonomic}
   size_t MaxNewSize                               = 2516582400                                {product} {ergonomic}
   size_t MinHeapDeltaBytes                        = 2097152                                   {product} {ergonomic}
   size_t MinHeapSize                              = 8388608                                   {product} {ergonomic}
    uintx NonNMethodCodeHeapSize                   = 7602480                                {pd product} {ergonomic}
    uintx NonProfiledCodeHeapSize                  = 122027880                              {pd product} {ergonomic}
    uintx ProfiledCodeHeapSize                     = 122027880                              {pd product} {ergonomic}
    uintx ReservedCodeCacheSize                    = 251658240                              {pd product} {ergonomic}
     bool SegmentedCodeCache                       = true                                      {product} {ergonomic}
   size_t SoftMaxHeapSize                          = 4196401152                             {manageable} {ergonomic}
     bool UseCompressedClassPointers               = true                           {product lp64_product} {ergonomic}
     bool UseCompressedOops                        = true                           {product lp64_product} {ergonomic}
     bool UseG1GC                                  = true                                      {product} {ergonomic}
     bool UseLargePagesIndividualAllocation        = false                                  {pd product} {ergonomic}

Logging:
Log output configuration:
 #0: stdout all=warning uptime,level,tags foldmultilines=false
 #1: stderr all=off uptime,level,tags foldmultilines=false

Environment Variables:
JAVA_HOME=C:\Program Files\Java\jdk-19
PATH=C:\Program Files\Common Files\Oracle\Java\javapath;C:\Windows\system32;C:\Windows;C:\Windows\System32\Wbem;C:\Windows\System32\WindowsPowerShell\v1.0\;C:\Windows\System32\OpenSSH\;C:\Program Files (x86)\NVIDIA Corporation\PhysX\Common;C:\Program Files\NVIDIA Corporation\NVIDIA NvDLISR;C:\Program Files\Git\cmd;C:\Program Files (x86)\dotnet\;C:\WINDOWS\system32;C:\WINDOWS;C:\WINDOWS\System32\Wbem;C:\WINDOWS\System32\WindowsPowerShell\v1.0\;C:\WINDOWS\System32\OpenSSH\;C:\Program Files\Java\jdk-19\bin;C:\Users\99293\AppData\Local\Programs\Python\Python311\Scripts\;C:\Users\99293\AppData\Local\Programs\Python\Python311\;C:\Users\99293\AppData\Local\Microsoft\WindowsApps;;C:\Program Files\JetBrains\IntelliJ IDEA 2022.1.2\bin;;C:\Program Files\heroku\bin
USERNAME=ASUS
OS=Windows_NT
PROCESSOR_IDENTIFIER=Intel64 Family 6 Model 154 Stepping 3, GenuineIntel
TMP=C:\Users\99293\AppData\Local\Temp
TEMP=C:\Users\99293\AppData\Local\Temp



---------------  S Y S T E M  ---------------

OS:
 Windows 11 , 64 bit Build 22621 (10.0.22621.3672)
OS uptime: 1 days 3:18 hours
Hyper-V role detected

CPU: total 16 (initial active 16) (8 cores per cpu, 2 threads per core) family 6 model 154 stepping 3 microcode 0x41c, cx8, cmov, fxsr, ht, mmx, 3dnowpref, sse, sse2, sse3, ssse3, sse4.1, sse4.2, popcnt, lzcnt, tsc, tscinvbit, avx, avx2, aes, erms, clmul, bmi1, bmi2, adx, sha, fma, vzeroupper, clflush, clflushopt, clwb, hv, serialize, rdtscp, rdpid, fsrm

Memory: 4k page, system-wide physical 16005M (2026M free)
TotalPageFile size 18053M (AvailPageFile size 37M)
current process WorkingSet (physical memory assigned to process): 365M, peak: 381M
current process commit charge ("private bytes"): 424M, peak: 508M

vm_info: Java HotSpot(TM) 64-Bit Server VM (19.0.2+7-44) for windows-amd64 JRE (19.0.2+7-44), built on 2022-11-30T18:02:09Z by "mach5one" with MS VC++ 17.1 (VS2022)

END.
