#
# There is insufficient memory for the Java Runtime Environment to continue.
# Native memory allocation (malloc) failed to allocate 694864 bytes for Chunk::new
# Possible reasons:
#   The system is out of physical RAM or swap space
#   The process is running with CompressedOops enabled, and the Java Heap may be blocking the growth of the native heap
# Possible solutions:
#   Reduce memory load on the system
#   Increase physical memory or swap space
#   Check if swap backing store is full
#   Decrease Java heap size (-Xmx/-Xms)
#   Decrease number of Java threads
#   Decrease Java thread stack sizes (-Xss)
#   Set larger code cache with -XX:ReservedCodeCacheSize=
#   JVM is running with Zero Based Compressed Oops mode in which the Java heap is
#     placed in the first 32GB address space. The Java Heap base address is the
#     maximum limit for the native heap growth. Please use -XX:HeapBaseMinAddress
#     to set the Java Heap base and to place the Java Heap above 32GB virtual address.
# This output file may be truncated or incomplete.
#
#  Out of Memory Error (arena.cpp:184), pid=26356, tid=19804
#
# JRE version: Java(TM) SE Runtime Environment (19.0.2+7) (build 19.0.2+7-44)
# Java VM: Java HotSpot(TM) 64-Bit Server VM (19.0.2+7-44, mixed mode, sharing, tiered, compressed oops, compressed class ptrs, g1 gc, windows-amd64)
# No core dump will be written. Minidumps are not enabled by default on client versions of Windows
#

---------------  S U M M A R Y ------------

Command Line: -Dmaven.multiModuleProjectDirectory=D:\unitedStates_storage-master\unitedStates_storage -Dmaven.home=C:\Users\99293\.m2\wrapper\dists\apache-maven-3.8.6-bin\1ks0nkde5v1pk9vtc31i9d0lcd\apache-maven-3.8.6 -Dclassworlds.conf=C:\Users\99293\.m2\wrapper\dists\apache-maven-3.8.6-bin\1ks0nkde5v1pk9vtc31i9d0lcd\apache-maven-3.8.6\bin\m2.conf -Dmaven.ext.class.path=C:\Program Files\JetBrains\IntelliJ IDEA 2022.1.2\plugins\maven\lib\maven-event-listener.jar -javaagent:C:\Program Files\JetBrains\IntelliJ IDEA 2022.1.2\lib\idea_rt.jar=52837:C:\Program Files\JetBrains\IntelliJ IDEA 2022.1.2\bin -Dfile.encoding=UTF-8 org.codehaus.classworlds.Launcher -Didea.version=2022.1.2 package

Host: 12th Gen Intel(R) Core(TM) i7-12650H, 16 cores, 15G,  Windows 11 , 64 bit Build 22621 (10.0.22621.4974)
Time: Wed Mar 26 18:36:44 2025  Windows 11 , 64 bit Build 22621 (10.0.22621.4974) elapsed time: 0.635881 seconds (0d 0h 0m 0s)

---------------  T H R E A D  ---------------

Current thread (0x0000021472fa2f70):  JavaThread "C2 CompilerThread2" daemon [_thread_in_native, id=19804, stack(0x000000e183900000,0x000000e183a00000)]


Current CompileTask:
C2:    635 1141       4       java.io.InputStreamReader::read (11 bytes)

Stack: [0x000000e183900000,0x000000e183a00000]
Native frames: (J=compiled Java code, j=interpreted, Vv=VM code, C=native code)
V  [jvm.dll+0x6ee21a]
V  [jvm.dll+0x85765e]
V  [jvm.dll+0x85904e]
V  [jvm.dll+0x859703]
V  [jvm.dll+0x28298f]
V  [jvm.dll+0xc9adf]
V  [jvm.dll+0xc9e65]
V  [jvm.dll+0x3bca4c]
V  [jvm.dll+0x3860e1]
V  [jvm.dll+0x38555a]
V  [jvm.dll+0x24c3d9]
V  [jvm.dll+0x24b781]
V  [jvm.dll+0x1d6ce1]
V  [jvm.dll+0x25b25a]
V  [jvm.dll+0x2596e8]
V  [jvm.dll+0x807588]
V  [jvm.dll+0x80125a]
V  [jvm.dll+0x6ecf0b]
C  [ucrtbase.dll+0x29333]
C  [KERNEL32.DLL+0x1259d]
C  [ntdll.dll+0x5af38]


---------------  P R O C E S S  ---------------

Threads class SMR info:
_java_thread_list=0x0000021472fcb310, length=23, elements={
0x000002144a63f640, 0x000002146da2ecd0, 0x000002146da2fed0, 0x000002146da34850,
0x000002146da383a0, 0x000002146da3ade0, 0x000002146da3b710, 0x000002146da3e380,
0x0000021472401090, 0x0000021472403e20, 0x00000214724d93c0, 0x0000021472508770,
0x000002147250ad00, 0x00000214725cf550, 0x00000214725cfa90, 0x0000021472a22f10,
0x0000021472a73990, 0x0000021472fa2f70, 0x0000021472c66780, 0x0000021472ffe3e0,
0x0000021472fcb430, 0x00000214730060b0, 0x0000021473006e40
}

Java Threads: ( => current thread )
  0x000002144a63f640 JavaThread "main" [_thread_in_vm, id=17304, stack(0x000000e182100000,0x000000e182200000)]
  0x000002146da2ecd0 JavaThread "Reference Handler" daemon [_thread_blocked, id=24748, stack(0x000000e182800000,0x000000e182900000)]
  0x000002146da2fed0 JavaThread "Finalizer" daemon [_thread_blocked, id=30820, stack(0x000000e182900000,0x000000e182a00000)]
  0x000002146da34850 JavaThread "Signal Dispatcher" daemon [_thread_blocked, id=26064, stack(0x000000e182a00000,0x000000e182b00000)]
  0x000002146da383a0 JavaThread "Attach Listener" daemon [_thread_blocked, id=26092, stack(0x000000e182b00000,0x000000e182c00000)]
  0x000002146da3ade0 JavaThread "Service Thread" daemon [_thread_blocked, id=28188, stack(0x000000e182c00000,0x000000e182d00000)]
  0x000002146da3b710 JavaThread "Monitor Deflation Thread" daemon [_thread_blocked, id=25612, stack(0x000000e182d00000,0x000000e182e00000)]
  0x000002146da3e380 JavaThread "C2 CompilerThread0" daemon [_thread_in_native, id=27420, stack(0x000000e182e00000,0x000000e182f00000)]
  0x0000021472401090 JavaThread "C1 CompilerThread0" daemon [_thread_blocked, id=28692, stack(0x000000e182f00000,0x000000e183000000)]
  0x0000021472403e20 JavaThread "Sweeper thread" daemon [_thread_blocked, id=7776, stack(0x000000e183000000,0x000000e183100000)]
  0x00000214724d93c0 JavaThread "Common-Cleaner" daemon [_thread_blocked, id=20452, stack(0x000000e183100000,0x000000e183200000)]
  0x0000021472508770 JavaThread "C1 CompilerThread1" daemon [_thread_blocked, id=24020, stack(0x000000e183200000,0x000000e183300000)]
  0x000002147250ad00 JavaThread "C1 CompilerThread2" daemon [_thread_blocked, id=25376, stack(0x000000e183300000,0x000000e183400000)]
  0x00000214725cf550 JavaThread "Monitor Ctrl-Break" daemon [_thread_in_native, id=16612, stack(0x000000e183400000,0x000000e183500000)]
  0x00000214725cfa90 JavaThread "Notification Thread" daemon [_thread_blocked, id=29392, stack(0x000000e183500000,0x000000e183600000)]
  0x0000021472a22f10 JavaThread "C1 CompilerThread3" daemon [_thread_blocked, id=28708, stack(0x000000e183700000,0x000000e183800000)]
  0x0000021472a73990 JavaThread "C2 CompilerThread1" daemon [_thread_in_native, id=15140, stack(0x000000e183800000,0x000000e183900000)]
=>0x0000021472fa2f70 JavaThread "C2 CompilerThread2" daemon [_thread_in_native, id=19804, stack(0x000000e183900000,0x000000e183a00000)]
  0x0000021472c66780 JavaThread "C2 CompilerThread3" daemon [_thread_in_native, id=26044, stack(0x000000e183a00000,0x000000e183b00000)]
  0x0000021472ffe3e0 JavaThread "C2 CompilerThread4" daemon [_thread_in_native, id=23200, stack(0x000000e183b00000,0x000000e183c00000)]
  0x0000021472fcb430 JavaThread "C2 CompilerThread5" daemon [_thread_in_native, id=12296, stack(0x000000e183c00000,0x000000e183d00000)]
  0x00000214730060b0 JavaThread "C2 CompilerThread6" daemon [_thread_in_native, id=20044, stack(0x000000e183d00000,0x000000e183e00000)]
  0x0000021473006e40 JavaThread "C2 CompilerThread7" daemon [_thread_in_native, id=28268, stack(0x000000e183e00000,0x000000e183f00000)]

Other Threads:
  0x000002146da17040 VMThread "VM Thread" [stack: 0x000000e182700000,0x000000e182800000] [id=400]
  0x000002144a640730 WatcherThread "VM Periodic Task Thread" [stack: 0x000000e183600000,0x000000e183700000] [id=15612]
  0x000002144a6b2200 WorkerThread "GC Thread#0" [stack: 0x000000e182200000,0x000000e182300000] [id=17212]
  0x00000214727fc110 WorkerThread "GC Thread#1" [stack: 0x000000e183f00000,0x000000e184000000] [id=29828]
  0x00000214727fc6b0 WorkerThread "GC Thread#2" [stack: 0x000000e184000000,0x000000e184100000] [id=6528]
  0x00000214727fcc50 WorkerThread "GC Thread#3" [stack: 0x000000e184100000,0x000000e184200000] [id=22884]
  0x00000214727fb300 WorkerThread "GC Thread#4" [stack: 0x000000e184200000,0x000000e184300000] [id=29812]
  0x00000214727fb5d0 WorkerThread "GC Thread#5" [stack: 0x000000e184300000,0x000000e184400000] [id=9532]
  0x00000214727fb8a0 WorkerThread "GC Thread#6" [stack: 0x000000e184400000,0x000000e184500000] [id=21772]
  0x00000214727fbb70 WorkerThread "GC Thread#7" [stack: 0x000000e184500000,0x000000e184600000] [id=30032]
  0x000002144a6c2b70 ConcurrentGCThread "G1 Main Marker" [stack: 0x000000e182300000,0x000000e182400000] [id=31316]
  0x000002144a6c35a0 WorkerThread "G1 Conc#0" [stack: 0x000000e182400000,0x000000e182500000] [id=28244]
  0x000002144a6fe790 ConcurrentGCThread "G1 Refine#0" [stack: 0x000000e182500000,0x000000e182600000] [id=30476]
  0x000002146d8d17d0 ConcurrentGCThread "G1 Service" [stack: 0x000000e182600000,0x000000e182700000] [id=24048]

Threads with active compile tasks:
C2 CompilerThread0      647 1137       4       sun.nio.cs.StreamDecoder::lockedRead (189 bytes)
C2 CompilerThread1      647 1136   !   4       sun.nio.cs.StreamDecoder::read (78 bytes)
C2 CompilerThread2      647 1141       4       java.io.InputStreamReader::read (11 bytes)
C2 CompilerThread3      647 1154   !   4       sun.nio.cs.StreamDecoder::read0 (59 bytes)
C2 CompilerThread4      647 1142       4       org.codehaus.plexus.util.xml.XmlReader::read (11 bytes)
C2 CompilerThread5      647 1143       4       org.codehaus.plexus.util.InterpolationFilterReader::read (477 bytes)
C2 CompilerThread6      647 1144       4       java.io.Reader::read (21 bytes)
C2 CompilerThread7      647 1174       4       sun.nio.cs.StreamDecoder::lockedRead0 (95 bytes)

VM state: not at safepoint (normal execution)

VM Mutex/Monitor currently owned by a thread: None

Heap address: 0x0000000705e00000, size: 4002 MB, Compressed Oops mode: Zero based, Oop shift amount: 3

CDS archive(s) mapped at: [0x0000000800000000-0x0000000800c40000-0x0000000800c40000), size 12845056, SharedBaseAddress: 0x0000000800000000, ArchiveRelocationMode: 0.
Compressed class space mapped at: 0x0000000801000000-0x0000000841000000, reserved size: 1073741824
Narrow klass base: 0x0000000800000000, Narrow klass shift: 0, Narrow klass range: 0x100000000

GC Precious Log:
 CardTable entry size: 512
 Card Set container configuration: InlinePtr #cards 4 size 8 Array Of Cards #cards 16 size 48 Howl #buckets 8 coarsen threshold 3686 Howl Bitmap #cards 512 size 80 coarsen threshold 460 Card regions per heap region 1 cards per card region 4096
 CPUs: 16 total, 16 available
 Memory: 16004M
 Large Page Support: Disabled
 NUMA Support: Disabled
 Compressed Oops: Enabled (Zero based)
 Heap Region Size: 2M
 Heap Min Capacity: 8M
 Heap Initial Capacity: 252M
 Heap Max Capacity: 4002M
 Pre-touch: Disabled
 Parallel Workers: 13
 Concurrent Workers: 3
 Concurrent Refinement Workers: 13
 Periodic GC: Disabled

Heap:
 garbage-first heap   total 258048K, used 7883K [0x0000000705e00000, 0x0000000800000000)
  region size 2048K, 5 young (10240K), 2 survivors (4096K)
 Metaspace       used 5460K, committed 5632K, reserved 1114112K
  class space    used 605K, committed 640K, reserved 1048576K

Heap Regions: E=young(eden), S=young(survivor), O=old, HS=humongous(starts), HC=humongous(continues), CS=collection set, F=free, OA=open archive, CA=closed archive, TAMS=top-at-mark-start (previous, next)
|   0|0x0000000705e00000, 0x0000000705e00000, 0x0000000706000000|  0%| F|  |TAMS 0x0000000705e00000, 0x0000000705e00000| Untracked 
|   1|0x0000000706000000, 0x0000000706000000, 0x0000000706200000|  0%| F|  |TAMS 0x0000000706000000, 0x0000000706000000| Untracked 
|   2|0x0000000706200000, 0x0000000706200000, 0x0000000706400000|  0%| F|  |TAMS 0x0000000706200000, 0x0000000706200000| Untracked 
|   3|0x0000000706400000, 0x0000000706400000, 0x0000000706600000|  0%| F|  |TAMS 0x0000000706400000, 0x0000000706400000| Untracked 
|   4|0x0000000706600000, 0x0000000706600000, 0x0000000706800000|  0%| F|  |TAMS 0x0000000706600000, 0x0000000706600000| Untracked 
|   5|0x0000000706800000, 0x0000000706800000, 0x0000000706a00000|  0%| F|  |TAMS 0x0000000706800000, 0x0000000706800000| Untracked 
|   6|0x0000000706a00000, 0x0000000706a00000, 0x0000000706c00000|  0%| F|  |TAMS 0x0000000706a00000, 0x0000000706a00000| Untracked 
|   7|0x0000000706c00000, 0x0000000706c00000, 0x0000000706e00000|  0%| F|  |TAMS 0x0000000706c00000, 0x0000000706c00000| Untracked 
|   8|0x0000000706e00000, 0x0000000706e00000, 0x0000000707000000|  0%| F|  |TAMS 0x0000000706e00000, 0x0000000706e00000| Untracked 
|   9|0x0000000707000000, 0x0000000707000000, 0x0000000707200000|  0%| F|  |TAMS 0x0000000707000000, 0x0000000707000000| Untracked 
|  10|0x0000000707200000, 0x0000000707200000, 0x0000000707400000|  0%| F|  |TAMS 0x0000000707200000, 0x0000000707200000| Untracked 
|  11|0x0000000707400000, 0x0000000707400000, 0x0000000707600000|  0%| F|  |TAMS 0x0000000707400000, 0x0000000707400000| Untracked 
|  12|0x0000000707600000, 0x0000000707600000, 0x0000000707800000|  0%| F|  |TAMS 0x0000000707600000, 0x0000000707600000| Untracked 
|  13|0x0000000707800000, 0x0000000707800000, 0x0000000707a00000|  0%| F|  |TAMS 0x0000000707800000, 0x0000000707800000| Untracked 
|  14|0x0000000707a00000, 0x0000000707a00000, 0x0000000707c00000|  0%| F|  |TAMS 0x0000000707a00000, 0x0000000707a00000| Untracked 
|  15|0x0000000707c00000, 0x0000000707c00000, 0x0000000707e00000|  0%| F|  |TAMS 0x0000000707c00000, 0x0000000707c00000| Untracked 
|  16|0x0000000707e00000, 0x0000000707e00000, 0x0000000708000000|  0%| F|  |TAMS 0x0000000707e00000, 0x0000000707e00000| Untracked 
|  17|0x0000000708000000, 0x0000000708000000, 0x0000000708200000|  0%| F|  |TAMS 0x0000000708000000, 0x0000000708000000| Untracked 
|  18|0x0000000708200000, 0x0000000708200000, 0x0000000708400000|  0%| F|  |TAMS 0x0000000708200000, 0x0000000708200000| Untracked 
|  19|0x0000000708400000, 0x0000000708400000, 0x0000000708600000|  0%| F|  |TAMS 0x0000000708400000, 0x0000000708400000| Untracked 
|  20|0x0000000708600000, 0x0000000708600000, 0x0000000708800000|  0%| F|  |TAMS 0x0000000708600000, 0x0000000708600000| Untracked 
|  21|0x0000000708800000, 0x0000000708800000, 0x0000000708a00000|  0%| F|  |TAMS 0x0000000708800000, 0x0000000708800000| Untracked 
|  22|0x0000000708a00000, 0x0000000708a00000, 0x0000000708c00000|  0%| F|  |TAMS 0x0000000708a00000, 0x0000000708a00000| Untracked 
|  23|0x0000000708c00000, 0x0000000708c00000, 0x0000000708e00000|  0%| F|  |TAMS 0x0000000708c00000, 0x0000000708c00000| Untracked 
|  24|0x0000000708e00000, 0x0000000708e00000, 0x0000000709000000|  0%| F|  |TAMS 0x0000000708e00000, 0x0000000708e00000| Untracked 
|  25|0x0000000709000000, 0x0000000709000000, 0x0000000709200000|  0%| F|  |TAMS 0x0000000709000000, 0x0000000709000000| Untracked 
|  26|0x0000000709200000, 0x0000000709200000, 0x0000000709400000|  0%| F|  |TAMS 0x0000000709200000, 0x0000000709200000| Untracked 
|  27|0x0000000709400000, 0x0000000709400000, 0x0000000709600000|  0%| F|  |TAMS 0x0000000709400000, 0x0000000709400000| Untracked 
|  28|0x0000000709600000, 0x0000000709600000, 0x0000000709800000|  0%| F|  |TAMS 0x0000000709600000, 0x0000000709600000| Untracked 
|  29|0x0000000709800000, 0x0000000709800000, 0x0000000709a00000|  0%| F|  |TAMS 0x0000000709800000, 0x0000000709800000| Untracked 
|  30|0x0000000709a00000, 0x0000000709a00000, 0x0000000709c00000|  0%| F|  |TAMS 0x0000000709a00000, 0x0000000709a00000| Untracked 
|  31|0x0000000709c00000, 0x0000000709c00000, 0x0000000709e00000|  0%| F|  |TAMS 0x0000000709c00000, 0x0000000709c00000| Untracked 
|  32|0x0000000709e00000, 0x0000000709e00000, 0x000000070a000000|  0%| F|  |TAMS 0x0000000709e00000, 0x0000000709e00000| Untracked 
|  33|0x000000070a000000, 0x000000070a000000, 0x000000070a200000|  0%| F|  |TAMS 0x000000070a000000, 0x000000070a000000| Untracked 
|  34|0x000000070a200000, 0x000000070a200000, 0x000000070a400000|  0%| F|  |TAMS 0x000000070a200000, 0x000000070a200000| Untracked 
|  35|0x000000070a400000, 0x000000070a400000, 0x000000070a600000|  0%| F|  |TAMS 0x000000070a400000, 0x000000070a400000| Untracked 
|  36|0x000000070a600000, 0x000000070a600000, 0x000000070a800000|  0%| F|  |TAMS 0x000000070a600000, 0x000000070a600000| Untracked 
|  37|0x000000070a800000, 0x000000070a800000, 0x000000070aa00000|  0%| F|  |TAMS 0x000000070a800000, 0x000000070a800000| Untracked 
|  38|0x000000070aa00000, 0x000000070aa00000, 0x000000070ac00000|  0%| F|  |TAMS 0x000000070aa00000, 0x000000070aa00000| Untracked 
|  39|0x000000070ac00000, 0x000000070ac00000, 0x000000070ae00000|  0%| F|  |TAMS 0x000000070ac00000, 0x000000070ac00000| Untracked 
|  40|0x000000070ae00000, 0x000000070ae00000, 0x000000070b000000|  0%| F|  |TAMS 0x000000070ae00000, 0x000000070ae00000| Untracked 
|  41|0x000000070b000000, 0x000000070b000000, 0x000000070b200000|  0%| F|  |TAMS 0x000000070b000000, 0x000000070b000000| Untracked 
|  42|0x000000070b200000, 0x000000070b200000, 0x000000070b400000|  0%| F|  |TAMS 0x000000070b200000, 0x000000070b200000| Untracked 
|  43|0x000000070b400000, 0x000000070b400000, 0x000000070b600000|  0%| F|  |TAMS 0x000000070b400000, 0x000000070b400000| Untracked 
|  44|0x000000070b600000, 0x000000070b600000, 0x000000070b800000|  0%| F|  |TAMS 0x000000070b600000, 0x000000070b600000| Untracked 
|  45|0x000000070b800000, 0x000000070b800000, 0x000000070ba00000|  0%| F|  |TAMS 0x000000070b800000, 0x000000070b800000| Untracked 
|  46|0x000000070ba00000, 0x000000070ba00000, 0x000000070bc00000|  0%| F|  |TAMS 0x000000070ba00000, 0x000000070ba00000| Untracked 
|  47|0x000000070bc00000, 0x000000070bc00000, 0x000000070be00000|  0%| F|  |TAMS 0x000000070bc00000, 0x000000070bc00000| Untracked 
|  48|0x000000070be00000, 0x000000070be00000, 0x000000070c000000|  0%| F|  |TAMS 0x000000070be00000, 0x000000070be00000| Untracked 
|  49|0x000000070c000000, 0x000000070c000000, 0x000000070c200000|  0%| F|  |TAMS 0x000000070c000000, 0x000000070c000000| Untracked 
|  50|0x000000070c200000, 0x000000070c200000, 0x000000070c400000|  0%| F|  |TAMS 0x000000070c200000, 0x000000070c200000| Untracked 
|  51|0x000000070c400000, 0x000000070c400000, 0x000000070c600000|  0%| F|  |TAMS 0x000000070c400000, 0x000000070c400000| Untracked 
|  52|0x000000070c600000, 0x000000070c600000, 0x000000070c800000|  0%| F|  |TAMS 0x000000070c600000, 0x000000070c600000| Untracked 
|  53|0x000000070c800000, 0x000000070c800000, 0x000000070ca00000|  0%| F|  |TAMS 0x000000070c800000, 0x000000070c800000| Untracked 
|  54|0x000000070ca00000, 0x000000070ca00000, 0x000000070cc00000|  0%| F|  |TAMS 0x000000070ca00000, 0x000000070ca00000| Untracked 
|  55|0x000000070cc00000, 0x000000070cc00000, 0x000000070ce00000|  0%| F|  |TAMS 0x000000070cc00000, 0x000000070cc00000| Untracked 
|  56|0x000000070ce00000, 0x000000070ce00000, 0x000000070d000000|  0%| F|  |TAMS 0x000000070ce00000, 0x000000070ce00000| Untracked 
|  57|0x000000070d000000, 0x000000070d000000, 0x000000070d200000|  0%| F|  |TAMS 0x000000070d000000, 0x000000070d000000| Untracked 
|  58|0x000000070d200000, 0x000000070d200000, 0x000000070d400000|  0%| F|  |TAMS 0x000000070d200000, 0x000000070d200000| Untracked 
|  59|0x000000070d400000, 0x000000070d400000, 0x000000070d600000|  0%| F|  |TAMS 0x000000070d400000, 0x000000070d400000| Untracked 
|  60|0x000000070d600000, 0x000000070d600000, 0x000000070d800000|  0%| F|  |TAMS 0x000000070d600000, 0x000000070d600000| Untracked 
|  61|0x000000070d800000, 0x000000070d800000, 0x000000070da00000|  0%| F|  |TAMS 0x000000070d800000, 0x000000070d800000| Untracked 
|  62|0x000000070da00000, 0x000000070da00000, 0x000000070dc00000|  0%| F|  |TAMS 0x000000070da00000, 0x000000070da00000| Untracked 
|  63|0x000000070dc00000, 0x000000070dc00000, 0x000000070de00000|  0%| F|  |TAMS 0x000000070dc00000, 0x000000070dc00000| Untracked 
|  64|0x000000070de00000, 0x000000070de00000, 0x000000070e000000|  0%| F|  |TAMS 0x000000070de00000, 0x000000070de00000| Untracked 
|  65|0x000000070e000000, 0x000000070e000000, 0x000000070e200000|  0%| F|  |TAMS 0x000000070e000000, 0x000000070e000000| Untracked 
|  66|0x000000070e200000, 0x000000070e200000, 0x000000070e400000|  0%| F|  |TAMS 0x000000070e200000, 0x000000070e200000| Untracked 
|  67|0x000000070e400000, 0x000000070e400000, 0x000000070e600000|  0%| F|  |TAMS 0x000000070e400000, 0x000000070e400000| Untracked 
|  68|0x000000070e600000, 0x000000070e600000, 0x000000070e800000|  0%| F|  |TAMS 0x000000070e600000, 0x000000070e600000| Untracked 
|  69|0x000000070e800000, 0x000000070e800000, 0x000000070ea00000|  0%| F|  |TAMS 0x000000070e800000, 0x000000070e800000| Untracked 
|  70|0x000000070ea00000, 0x000000070ea00000, 0x000000070ec00000|  0%| F|  |TAMS 0x000000070ea00000, 0x000000070ea00000| Untracked 
|  71|0x000000070ec00000, 0x000000070ec00000, 0x000000070ee00000|  0%| F|  |TAMS 0x000000070ec00000, 0x000000070ec00000| Untracked 
|  72|0x000000070ee00000, 0x000000070ee00000, 0x000000070f000000|  0%| F|  |TAMS 0x000000070ee00000, 0x000000070ee00000| Untracked 
|  73|0x000000070f000000, 0x000000070f000000, 0x000000070f200000|  0%| F|  |TAMS 0x000000070f000000, 0x000000070f000000| Untracked 
|  74|0x000000070f200000, 0x000000070f200000, 0x000000070f400000|  0%| F|  |TAMS 0x000000070f200000, 0x000000070f200000| Untracked 
|  75|0x000000070f400000, 0x000000070f400000, 0x000000070f600000|  0%| F|  |TAMS 0x000000070f400000, 0x000000070f400000| Untracked 
|  76|0x000000070f600000, 0x000000070f600000, 0x000000070f800000|  0%| F|  |TAMS 0x000000070f600000, 0x000000070f600000| Untracked 
|  77|0x000000070f800000, 0x000000070f800000, 0x000000070fa00000|  0%| F|  |TAMS 0x000000070f800000, 0x000000070f800000| Untracked 
|  78|0x000000070fa00000, 0x000000070fa00000, 0x000000070fc00000|  0%| F|  |TAMS 0x000000070fa00000, 0x000000070fa00000| Untracked 
|  79|0x000000070fc00000, 0x000000070fc00000, 0x000000070fe00000|  0%| F|  |TAMS 0x000000070fc00000, 0x000000070fc00000| Untracked 
|  80|0x000000070fe00000, 0x000000070fe00000, 0x0000000710000000|  0%| F|  |TAMS 0x000000070fe00000, 0x000000070fe00000| Untracked 
|  81|0x0000000710000000, 0x0000000710000000, 0x0000000710200000|  0%| F|  |TAMS 0x0000000710000000, 0x0000000710000000| Untracked 
|  82|0x0000000710200000, 0x0000000710200000, 0x0000000710400000|  0%| F|  |TAMS 0x0000000710200000, 0x0000000710200000| Untracked 
|  83|0x0000000710400000, 0x0000000710400000, 0x0000000710600000|  0%| F|  |TAMS 0x0000000710400000, 0x0000000710400000| Untracked 
|  84|0x0000000710600000, 0x0000000710600000, 0x0000000710800000|  0%| F|  |TAMS 0x0000000710600000, 0x0000000710600000| Untracked 
|  85|0x0000000710800000, 0x0000000710800000, 0x0000000710a00000|  0%| F|  |TAMS 0x0000000710800000, 0x0000000710800000| Untracked 
|  86|0x0000000710a00000, 0x0000000710a00000, 0x0000000710c00000|  0%| F|  |TAMS 0x0000000710a00000, 0x0000000710a00000| Untracked 
|  87|0x0000000710c00000, 0x0000000710c00000, 0x0000000710e00000|  0%| F|  |TAMS 0x0000000710c00000, 0x0000000710c00000| Untracked 
|  88|0x0000000710e00000, 0x0000000710e00000, 0x0000000711000000|  0%| F|  |TAMS 0x0000000710e00000, 0x0000000710e00000| Untracked 
|  89|0x0000000711000000, 0x0000000711000000, 0x0000000711200000|  0%| F|  |TAMS 0x0000000711000000, 0x0000000711000000| Untracked 
|  90|0x0000000711200000, 0x0000000711200000, 0x0000000711400000|  0%| F|  |TAMS 0x0000000711200000, 0x0000000711200000| Untracked 
|  91|0x0000000711400000, 0x0000000711400000, 0x0000000711600000|  0%| F|  |TAMS 0x0000000711400000, 0x0000000711400000| Untracked 
|  92|0x0000000711600000, 0x0000000711600000, 0x0000000711800000|  0%| F|  |TAMS 0x0000000711600000, 0x0000000711600000| Untracked 
|  93|0x0000000711800000, 0x0000000711800000, 0x0000000711a00000|  0%| F|  |TAMS 0x0000000711800000, 0x0000000711800000| Untracked 
|  94|0x0000000711a00000, 0x0000000711a00000, 0x0000000711c00000|  0%| F|  |TAMS 0x0000000711a00000, 0x0000000711a00000| Untracked 
|  95|0x0000000711c00000, 0x0000000711c00000, 0x0000000711e00000|  0%| F|  |TAMS 0x0000000711c00000, 0x0000000711c00000| Untracked 
|  96|0x0000000711e00000, 0x0000000711e00000, 0x0000000712000000|  0%| F|  |TAMS 0x0000000711e00000, 0x0000000711e00000| Untracked 
|  97|0x0000000712000000, 0x0000000712000000, 0x0000000712200000|  0%| F|  |TAMS 0x0000000712000000, 0x0000000712000000| Untracked 
|  98|0x0000000712200000, 0x0000000712200000, 0x0000000712400000|  0%| F|  |TAMS 0x0000000712200000, 0x0000000712200000| Untracked 
|  99|0x0000000712400000, 0x0000000712400000, 0x0000000712600000|  0%| F|  |TAMS 0x0000000712400000, 0x0000000712400000| Untracked 
| 100|0x0000000712600000, 0x0000000712600000, 0x0000000712800000|  0%| F|  |TAMS 0x0000000712600000, 0x0000000712600000| Untracked 
| 101|0x0000000712800000, 0x0000000712800000, 0x0000000712a00000|  0%| F|  |TAMS 0x0000000712800000, 0x0000000712800000| Untracked 
| 102|0x0000000712a00000, 0x0000000712a00000, 0x0000000712c00000|  0%| F|  |TAMS 0x0000000712a00000, 0x0000000712a00000| Untracked 
| 103|0x0000000712c00000, 0x0000000712c00000, 0x0000000712e00000|  0%| F|  |TAMS 0x0000000712c00000, 0x0000000712c00000| Untracked 
| 104|0x0000000712e00000, 0x0000000712e00000, 0x0000000713000000|  0%| F|  |TAMS 0x0000000712e00000, 0x0000000712e00000| Untracked 
| 105|0x0000000713000000, 0x0000000713000000, 0x0000000713200000|  0%| F|  |TAMS 0x0000000713000000, 0x0000000713000000| Untracked 
| 106|0x0000000713200000, 0x0000000713200000, 0x0000000713400000|  0%| F|  |TAMS 0x0000000713200000, 0x0000000713200000| Untracked 
| 107|0x0000000713400000, 0x0000000713400000, 0x0000000713600000|  0%| F|  |TAMS 0x0000000713400000, 0x0000000713400000| Untracked 
| 108|0x0000000713600000, 0x0000000713600000, 0x0000000713800000|  0%| F|  |TAMS 0x0000000713600000, 0x0000000713600000| Untracked 
| 109|0x0000000713800000, 0x0000000713800000, 0x0000000713a00000|  0%| F|  |TAMS 0x0000000713800000, 0x0000000713800000| Untracked 
| 110|0x0000000713a00000, 0x0000000713a00000, 0x0000000713c00000|  0%| F|  |TAMS 0x0000000713a00000, 0x0000000713a00000| Untracked 
| 111|0x0000000713c00000, 0x0000000713c00000, 0x0000000713e00000|  0%| F|  |TAMS 0x0000000713c00000, 0x0000000713c00000| Untracked 
| 112|0x0000000713e00000, 0x0000000713e00000, 0x0000000714000000|  0%| F|  |TAMS 0x0000000713e00000, 0x0000000713e00000| Untracked 
| 113|0x0000000714000000, 0x00000007141b2ff0, 0x0000000714200000| 84%| S|CS|TAMS 0x0000000714000000, 0x0000000714000000| Complete 
| 114|0x0000000714200000, 0x0000000714400000, 0x0000000714400000|100%| S|CS|TAMS 0x0000000714200000, 0x0000000714200000| Complete 
| 115|0x0000000714400000, 0x0000000714400000, 0x0000000714600000|  0%| F|  |TAMS 0x0000000714400000, 0x0000000714400000| Untracked 
| 116|0x0000000714600000, 0x0000000714600000, 0x0000000714800000|  0%| F|  |TAMS 0x0000000714600000, 0x0000000714600000| Untracked 
| 117|0x0000000714800000, 0x0000000714800000, 0x0000000714a00000|  0%| F|  |TAMS 0x0000000714800000, 0x0000000714800000| Untracked 
| 118|0x0000000714a00000, 0x0000000714a00000, 0x0000000714c00000|  0%| F|  |TAMS 0x0000000714a00000, 0x0000000714a00000| Untracked 
| 119|0x0000000714c00000, 0x0000000714c00000, 0x0000000714e00000|  0%| F|  |TAMS 0x0000000714c00000, 0x0000000714c00000| Untracked 
| 120|0x0000000714e00000, 0x0000000714e00000, 0x0000000715000000|  0%| F|  |TAMS 0x0000000714e00000, 0x0000000714e00000| Untracked 
| 121|0x0000000715000000, 0x0000000715000000, 0x0000000715200000|  0%| F|  |TAMS 0x0000000715000000, 0x0000000715000000| Untracked 
| 122|0x0000000715200000, 0x0000000715200000, 0x0000000715400000|  0%| F|  |TAMS 0x0000000715200000, 0x0000000715200000| Untracked 
| 123|0x0000000715400000, 0x00000007155b06b8, 0x0000000715600000| 84%| E|  |TAMS 0x0000000715400000, 0x0000000715400000| Complete 
| 124|0x0000000715600000, 0x0000000715800000, 0x0000000715800000|100%| E|CS|TAMS 0x0000000715600000, 0x0000000715600000| Complete 
| 125|0x0000000715800000, 0x0000000715a00000, 0x0000000715a00000|100%| E|CS|TAMS 0x0000000715800000, 0x0000000715800000| Complete 

Card table byte_map: [0x0000021462600000,0x0000021462de0000] _byte_map_base: 0x000002145edd1000

Marking Bits (Prev, Next): (CMBitMap*) 0x000002144a6b2830, (CMBitMap*) 0x000002144a6b2870
 Prev Bits: [0x00000214635c0000, 0x0000021467448000)
 Next Bits: [0x0000021467450000, 0x000002146b2d8000)

Polling page: 0x00000214485f0000

Metaspace:

Usage:
  Non-class:      4.75 MB used.
      Class:    607.40 KB used.
       Both:      5.34 MB used.

Virtual space:
  Non-class space:       64.00 MB reserved,       4.88 MB (  8%) committed,  1 nodes.
      Class space:        1.00 GB reserved,     640.00 KB ( <1%) committed,  1 nodes.
             Both:        1.06 GB reserved,       5.50 MB ( <1%) committed. 

Chunk freelists:
   Non-Class:  1.28 MB
       Class:  3.31 MB
        Both:  4.59 MB

MaxMetaspaceSize: unlimited
CompressedClassSpaceSize: 1.00 GB
Initial GC threshold: 21.00 MB
Current GC threshold: 21.00 MB
CDS: on
MetaspaceReclaimPolicy: balanced
 - commit_granule_bytes: 65536.
 - commit_granule_words: 8192.
 - virtual_space_node_default_size: 8388608.
 - enlarge_chunks_in_place: 1.
 - new_chunks_are_fully_committed: 0.
 - uncommit_free_chunks: 1.
 - use_allocation_guard: 0.


Internal statistics:

num_allocs_failed_limit: 0.
num_arena_births: 46.
num_arena_deaths: 0.
num_vsnodes_births: 2.
num_vsnodes_deaths: 0.
num_space_committed: 88.
num_space_uncommitted: 0.
num_chunks_returned_to_freelist: 0.
num_chunks_taken_from_freelist: 181.
num_chunk_merges: 0.
num_chunk_splits: 128.
num_chunks_enlarged: 109.
num_inconsistent_stats: 0.

CodeHeap 'non-profiled nmethods': size=119168Kb used=370Kb max_used=370Kb free=118797Kb
 bounds [0x000002145a140000, 0x000002145a3b0000, 0x00000214615a0000]
CodeHeap 'profiled nmethods': size=119104Kb used=2297Kb max_used=2297Kb free=116806Kb
 bounds [0x00000214525a0000, 0x0000021452810000, 0x00000214599f0000]
CodeHeap 'non-nmethods': size=7488Kb used=2937Kb max_used=2967Kb free=4550Kb
 bounds [0x00000214599f0000, 0x0000021459ce0000, 0x000002145a140000]
 total_blobs=1638 nmethods=1176 adapters=370
 compilation: enabled
              stopped_count=0, restarted_count=0
 full_count=0

Compilation events (20 events):
Event: 0.613 Thread 0x0000021472508770 1184       1       org.codehaus.plexus.util.xml.pull.MXParser::getDepth (5 bytes)
Event: 0.614 Thread 0x0000021472508770 nmethod 1184 0x000002145a196c90 code [0x000002145a196e20, 0x000002145a196ed8]
Event: 0.615 Thread 0x0000021473006e40 nmethod 1158 0x000002145a196f90 code [0x000002145a197140, 0x000002145a197528]
Event: 0.616 Thread 0x0000021473006e40 1185       4       org.codehaus.plexus.util.xml.pull.MXParser::nextImpl (1202 bytes)
Event: 0.616 Thread 0x0000021472c66780 nmethod 1155 0x000002145a197890 code [0x000002145a197b20, 0x000002145a198528]
Event: 0.617 Thread 0x0000021472c66780 1161       4       java.nio.ByteBuffer::position (6 bytes)
Event: 0.619 Thread 0x0000021472c66780 nmethod 1161 0x000002145a199110 code [0x000002145a1992a0, 0x000002145a199398]
Event: 0.619 Thread 0x0000021472c66780 1167       4       java.lang.System$2::decodeASCII (11 bytes)
Event: 0.622 Thread 0x0000021472c66780 nmethod 1167 0x000002145a199490 code [0x000002145a199620, 0x000002145a199918]
Event: 0.622 Thread 0x0000021472c66780 1168       4       java.lang.String::decodeASCII (46 bytes)
Event: 0.626 Thread 0x0000021472c66780 nmethod 1168 0x000002145a199a10 code [0x000002145a199ba0, 0x000002145a199e58]
Event: 0.626 Thread 0x0000021472c66780 1170       4       sun.nio.cs.UTF_8$Decoder::decodeArrayLoop (688 bytes)
Event: 0.628 Thread 0x0000021472508770 1186 %     3       org.codehaus.plexus.util.InterpolationFilterReader::read @ 3 (48 bytes)
Event: 0.629 Thread 0x0000021472508770 nmethod 1186% 0x00000214527d6e10 code [0x00000214527d6fe0, 0x00000214527d73c8]
Event: 0.631 Thread 0x000002147250ad00 1187       3       org.codehaus.plexus.util.xml.pull.MXParser::require (443 bytes)
Event: 0.631 Thread 0x0000021472401090 1188       3       java.util.Collections::emptyMap (4 bytes)
Event: 0.631 Thread 0x0000021472401090 nmethod 1188 0x00000214527d7590 code [0x00000214527d7720, 0x00000214527d7818]
Event: 0.634 Thread 0x0000021472a22f10 1189       3       org.codehaus.plexus.util.InterpolationFilterReader::read (48 bytes)
Event: 0.634 Thread 0x000002147250ad00 nmethod 1187 0x00000214527d7890 code [0x00000214527d80a0, 0x00000214527db7e8]
Event: 0.634 Thread 0x0000021472a22f10 nmethod 1189 0x00000214527dcc10 code [0x00000214527dcde0, 0x00000214527dd108]

GC Heap History (2 events):
Event: 0.601 GC heap before
{Heap before GC invocations=0 (full 0):
 garbage-first heap   total 258048K, used 22528K [0x0000000705e00000, 0x0000000800000000)
  region size 2048K, 11 young (22528K), 0 survivors (0K)
 Metaspace       used 5295K, committed 5504K, reserved 1114112K
  class space    used 576K, committed 640K, reserved 1048576K
}
Event: 0.604 GC heap after
{Heap after GC invocations=1 (full 0):
 garbage-first heap   total 258048K, used 3787K [0x0000000705e00000, 0x0000000800000000)
  region size 2048K, 2 young (4096K), 2 survivors (4096K)
 Metaspace       used 5295K, committed 5504K, reserved 1114112K
  class space    used 576K, committed 640K, reserved 1048576K
}

Dll operation events (12 events):
Event: 0.005 Loaded shared library C:\Program Files\Java\jdk-19\bin\java.dll
Event: 0.021 Loaded shared library C:\Program Files\Java\jdk-19\bin\jsvml.dll
Event: 0.073 Loaded shared library C:\Program Files\Java\jdk-19\bin\zip.dll
Event: 0.075 Loaded shared library C:\Program Files\Java\jdk-19\bin\instrument.dll
Event: 0.082 Loaded shared library C:\Program Files\Java\jdk-19\bin\net.dll
Event: 0.085 Loaded shared library C:\Program Files\Java\jdk-19\bin\nio.dll
Event: 0.087 Loaded shared library C:\Program Files\Java\jdk-19\bin\zip.dll
Event: 0.103 Loaded shared library C:\Program Files\JetBrains\IntelliJ IDEA 2022.1.2\bin\breakgen64.dll
Event: 0.116 Loaded shared library C:\Program Files\Java\jdk-19\bin\extnet.dll
Event: 0.170 Loaded shared library C:\Program Files\Java\jdk-19\bin\jimage.dll
Event: 0.366 Loaded shared library C:\Users\99293\AppData\Local\Temp\jansi-2.4.0-4f478016501972b2-jansi.dll
Event: 0.375 Loaded shared library C:\Program Files\Java\jdk-19\bin\verify.dll

Deoptimization events (20 events):
Event: 0.572 Thread 0x000002144a63f640 DEOPT PACKING pc=0x000002145a1937b4 sp=0x000000e1821fd810
Event: 0.572 Thread 0x000002144a63f640 DEOPT UNPACKING pc=0x0000021459a56da3 sp=0x000000e1821fd798 mode 2
Event: 0.574 Thread 0x000002144a63f640 Uncommon trap: trap_request=0xffffff45 fr.pc=0x000002145a170670 relative=0x0000000000000970
Event: 0.574 Thread 0x000002144a63f640 Uncommon trap: reason=unstable_if action=reinterpret pc=0x000002145a170670 method=java.util.HashMap.putVal(ILjava/lang/Object;Ljava/lang/Object;ZZ)Ljava/lang/Object; @ 181 c2
Event: 0.574 Thread 0x000002144a63f640 DEOPT PACKING pc=0x000002145a170670 sp=0x000000e1821fe080
Event: 0.574 Thread 0x000002144a63f640 DEOPT UNPACKING pc=0x0000021459a56da3 sp=0x000000e1821fe020 mode 2
Event: 0.575 Thread 0x000002144a63f640 Uncommon trap: trap_request=0xffffffde fr.pc=0x000002145a17c7f0 relative=0x0000000000000670
Event: 0.575 Thread 0x000002144a63f640 Uncommon trap: reason=class_check action=maybe_recompile pc=0x000002145a17c7f0 method=java.util.regex.Matcher.search(I)Z @ 121 c2
Event: 0.575 Thread 0x000002144a63f640 DEOPT PACKING pc=0x000002145a17c7f0 sp=0x000000e1821fdf90
Event: 0.575 Thread 0x000002144a63f640 DEOPT UNPACKING pc=0x0000021459a56da3 sp=0x000000e1821fdf60 mode 2
Event: 0.575 Thread 0x000002144a63f640 Uncommon trap: trap_request=0xffffff76 fr.pc=0x000002145a178b6c relative=0x00000000000002ac
Event: 0.575 Thread 0x000002144a63f640 Uncommon trap: reason=predicate action=maybe_recompile pc=0x000002145a178b6c method=java.util.regex.Pattern$BmpCharPropertyGreedy.match(Ljava/util/regex/Matcher;ILjava/lang/CharSequence;)Z @ 12 c2
Event: 0.575 Thread 0x000002144a63f640 DEOPT PACKING pc=0x000002145a178b6c sp=0x000000e1821fdd50
Event: 0.575 Thread 0x000002144a63f640 DEOPT UNPACKING pc=0x0000021459a56da3 sp=0x000000e1821fdd08 mode 2
Event: 0.600 Thread 0x000002144a63f640 DEOPT PACKING pc=0x000002145260b0de sp=0x000000e1821fdea0
Event: 0.600 Thread 0x000002144a63f640 DEOPT UNPACKING pc=0x0000021459a57543 sp=0x000000e1821fd378 mode 0
Event: 0.600 Thread 0x000002144a63f640 Uncommon trap: trap_request=0xffffffde fr.pc=0x000002145a17c7f0 relative=0x0000000000000670
Event: 0.600 Thread 0x000002144a63f640 Uncommon trap: reason=class_check action=maybe_recompile pc=0x000002145a17c7f0 method=java.util.regex.Matcher.search(I)Z @ 121 c2
Event: 0.600 Thread 0x000002144a63f640 DEOPT PACKING pc=0x000002145a17c7f0 sp=0x000000e1821fdf90
Event: 0.600 Thread 0x000002144a63f640 DEOPT UNPACKING pc=0x0000021459a56da3 sp=0x000000e1821fdf60 mode 2

Classes loaded (20 events):
Event: 0.564 Loading class java/lang/reflect/TypeVariable
Event: 0.564 Loading class java/lang/reflect/TypeVariable done
Event: 0.564 Loading class sun/reflect/generics/tree/FormalTypeParameter
Event: 0.564 Loading class sun/reflect/generics/tree/FormalTypeParameter done
Event: 0.564 Loading class sun/reflect/generics/tree/ClassSignature
Event: 0.564 Loading class sun/reflect/generics/tree/Signature
Event: 0.564 Loading class sun/reflect/generics/tree/Signature done
Event: 0.564 Loading class sun/reflect/generics/tree/ClassSignature done
Event: 0.564 Loading class java/lang/reflect/WildcardType
Event: 0.564 Loading class java/lang/reflect/WildcardType done
Event: 0.565 Loading class sun/reflect/generics/tree/TypeVariableSignature
Event: 0.565 Loading class sun/reflect/generics/tree/TypeVariableSignature done
Event: 0.571 Loading class java/lang/annotation/IncompleteAnnotationException
Event: 0.571 Loading class java/lang/annotation/IncompleteAnnotationException done
Event: 0.588 Loading class java/lang/foreign/MemorySegment
Event: 0.588 Loading class java/lang/foreign/Addressable
Event: 0.588 Loading class java/lang/foreign/Addressable done
Event: 0.588 Loading class java/lang/foreign/MemorySegment done
Event: 0.604 Loading class java/util/concurrent/locks/AbstractQueuedSynchronizer$ExclusiveNode
Event: 0.604 Loading class java/util/concurrent/locks/AbstractQueuedSynchronizer$ExclusiveNode done

Classes unloaded (0 events):
No events

Classes redefined (0 events):
No events

Internal exceptions (14 events):
Event: 0.092 Thread 0x000002144a63f640 Exception <a 'java/lang/NoSuchMethodError'{0x00000007156ca8e0}: 'void java.lang.invoke.DirectMethodHandle$Holder.invokeStatic(java.lang.Object, java.lang.Object, java.lang.Object)'> (0x00000007156ca8e0) 
thrown [s\open\src\hotspot\share\interpreter\linkResolver.cpp, line 774]
Event: 0.098 Thread 0x000002144a63f640 Exception <a 'java/lang/NoSuchMethodError'{0x00000007156e3140}: 'java.lang.Object java.lang.invoke.Invokers$Holder.invokeExact_MT(java.lang.Object, java.lang.Object, java.lang.Object, java.lang.Object, java.lang.Object)'> (0x00000007156e3140) 
thrown [s\open\src\hotspot\share\interpreter\linkResolver.cpp, line 774]
Event: 0.119 Thread 0x00000214725cf550 Exception <a 'java/lang/NoSuchMethodError'{0x00000007157ca968}: 'void java.lang.invoke.DirectMethodHandle$Holder.invokeStatic(java.lang.Object, java.lang.Object)'> (0x00000007157ca968) 
thrown [s\open\src\hotspot\share\interpreter\linkResolver.cpp, line 774]
Event: 0.165 Thread 0x000002144a63f640 Exception <a 'java/lang/NullPointerException'{0x00000007155e3478}> (0x00000007155e3478) 
thrown [s\open\src\hotspot\share\interpreter\linkResolver.cpp, line 1374]
Event: 0.367 Thread 0x000002144a63f640 Exception <a 'java/lang/NullPointerException'{0x00000007153eb0c0}> (0x00000007153eb0c0) 
thrown [s\open\src\hotspot\share\interpreter\linkResolver.cpp, line 1374]
Event: 0.367 Thread 0x000002144a63f640 Exception <a 'java/lang/NullPointerException'{0x00000007153eb3a0}> (0x00000007153eb3a0) 
thrown [s\open\src\hotspot\share\interpreter\linkResolver.cpp, line 1374]
Event: 0.367 Thread 0x000002144a63f640 Exception <a 'java/lang/NullPointerException'{0x00000007153eb680}> (0x00000007153eb680) 
thrown [s\open\src\hotspot\share\interpreter\linkResolver.cpp, line 1374]
Event: 0.369 Thread 0x000002144a63f640 Exception <a 'java/lang/NullPointerException'{0x00000007153f0960}> (0x00000007153f0960) 
thrown [s\open\src\hotspot\share\interpreter\linkResolver.cpp, line 1374]
Event: 0.370 Thread 0x000002144a63f640 Exception <a 'java/lang/NullPointerException'{0x00000007153fdea8}> (0x00000007153fdea8) 
thrown [s\open\src\hotspot\share\interpreter\linkResolver.cpp, line 1374]
Event: 0.370 Thread 0x000002144a63f640 Exception <a 'java/lang/NullPointerException'{0x00000007153fe188}> (0x00000007153fe188) 
thrown [s\open\src\hotspot\share\interpreter\linkResolver.cpp, line 1374]
Event: 0.370 Thread 0x000002144a63f640 Exception <a 'java/lang/NullPointerException'{0x00000007153fe468}> (0x00000007153fe468) 
thrown [s\open\src\hotspot\share\interpreter\linkResolver.cpp, line 1374]
Event: 0.370 Thread 0x000002144a63f640 Exception <a 'java/lang/NullPointerException'{0x00000007153fe748}> (0x00000007153fe748) 
thrown [s\open\src\hotspot\share\interpreter\linkResolver.cpp, line 1374]
Event: 0.551 Thread 0x000002144a63f640 Exception <a 'java/lang/NoSuchMethodError'{0x0000000714635640}: 'java.lang.Object java.lang.invoke.DirectMethodHandle$Holder.newInvokeSpecial(java.lang.Object, java.lang.Object, java.lang.Object, java.lang.Object, java.lang.Object)'> (0x0000000714635640) 
thrown [s\open\src\hotspot\share\interpreter\linkResolver.cpp, line 774]
Event: 0.571 Thread 0x000002144a63f640 Exception <a 'java/lang/NoClassDefFoundError'{0x0000000714791e28}: javax/enterprise/inject/Typed> (0x0000000714791e28) 
thrown [s\open\src\hotspot\share\classfile\systemDictionary.cpp, line 244]

VM Operations (12 events):
Event: 0.107 Executing VM operation: HandshakeAllThreads
Event: 0.107 Executing VM operation: HandshakeAllThreads done
Event: 0.164 Executing VM operation: HandshakeAllThreads
Event: 0.164 Executing VM operation: HandshakeAllThreads done
Event: 0.172 Executing VM operation: HandshakeAllThreads
Event: 0.172 Executing VM operation: HandshakeAllThreads done
Event: 0.578 Executing VM operation: ICBufferFull
Event: 0.578 Executing VM operation: ICBufferFull done
Event: 0.601 Executing VM operation: G1CollectForAllocation
Event: 0.604 Executing VM operation: G1CollectForAllocation done
Event: 0.604 Executing VM operation: HandshakeAllThreads
Event: 0.604 Executing VM operation: HandshakeAllThreads done

Events (20 events):
Event: 0.038 Thread 0x000002146da3ade0 Thread added: 0x000002146da3ade0
Event: 0.038 Thread 0x000002146da3b710 Thread added: 0x000002146da3b710
Event: 0.038 Thread 0x000002146da3e380 Thread added: 0x000002146da3e380
Event: 0.038 Thread 0x0000021472401090 Thread added: 0x0000021472401090
Event: 0.038 Thread 0x0000021472403e20 Thread added: 0x0000021472403e20
Event: 0.057 Thread 0x00000214724d93c0 Thread added: 0x00000214724d93c0
Event: 0.062 Thread 0x0000021472508770 Thread added: 0x0000021472508770
Event: 0.063 Thread 0x000002147250ad00 Thread added: 0x000002147250ad00
Event: 0.104 Thread 0x00000214725cf550 Thread added: 0x00000214725cf550
Event: 0.104 Thread 0x00000214725cfa90 Thread added: 0x00000214725cfa90
Event: 0.147 Thread 0x00000214727689c0 Thread added: 0x00000214727689c0
Event: 0.336 Thread 0x00000214727689c0 Thread exited: 0x00000214727689c0
Event: 0.439 Thread 0x0000021472a22f10 Thread added: 0x0000021472a22f10
Event: 0.443 Thread 0x0000021472a73990 Thread added: 0x0000021472a73990
Event: 0.582 Thread 0x0000021472fa2f70 Thread added: 0x0000021472fa2f70
Event: 0.590 Thread 0x0000021472c66780 Thread added: 0x0000021472c66780
Event: 0.590 Thread 0x0000021472ffe3e0 Thread added: 0x0000021472ffe3e0
Event: 0.597 Thread 0x0000021472fcb430 Thread added: 0x0000021472fcb430
Event: 0.597 Thread 0x00000214730060b0 Thread added: 0x00000214730060b0
Event: 0.598 Thread 0x0000021473006e40 Thread added: 0x0000021473006e40


Dynamic libraries:
0x00007ff7e4b40000 - 0x00007ff7e4b50000 	C:\Program Files\Java\jdk-19\bin\java.exe
0x00007ff9c8850000 - 0x00007ff9c8a67000 	C:\WINDOWS\SYSTEM32\ntdll.dll
0x00007ff9c6900000 - 0x00007ff9c69c4000 	C:\WINDOWS\System32\KERNEL32.DLL
0x00007ff9c5b20000 - 0x00007ff9c5ef1000 	C:\WINDOWS\System32\KERNELBASE.dll
0x00007ff9c6020000 - 0x00007ff9c6131000 	C:\WINDOWS\System32\ucrtbase.dll
0x00007ff9bc910000 - 0x00007ff9bc928000 	C:\Program Files\Java\jdk-19\bin\jli.dll
0x00007ff9bc840000 - 0x00007ff9bc85b000 	C:\Program Files\Java\jdk-19\bin\VCRUNTIME140.dll
0x00007ff9c7a70000 - 0x00007ff9c7b21000 	C:\WINDOWS\System32\ADVAPI32.dll
0x00007ff9c64f0000 - 0x00007ff9c6597000 	C:\WINDOWS\System32\msvcrt.dll
0x00007ff9c7780000 - 0x00007ff9c7827000 	C:\WINDOWS\System32\sechost.dll
0x00007ff9c6280000 - 0x00007ff9c62a8000 	C:\WINDOWS\System32\bcrypt.dll
0x00007ff9c7bf0000 - 0x00007ff9c7d04000 	C:\WINDOWS\System32\RPCRT4.dll
0x00007ff9c82a0000 - 0x00007ff9c8451000 	C:\WINDOWS\System32\USER32.dll
0x00007ff9c6350000 - 0x00007ff9c6376000 	C:\WINDOWS\System32\win32u.dll
0x00007ff9b3170000 - 0x00007ff9b3402000 	C:\WINDOWS\WinSxS\amd64_microsoft.windows.common-controls_6595b64144ccf1df_6.0.22621.4830_none_270fe7d773858e80\COMCTL32.dll
0x00007ff9c7d20000 - 0x00007ff9c7d49000 	C:\WINDOWS\System32\GDI32.dll
0x00007ff9c5f00000 - 0x00007ff9c601b000 	C:\WINDOWS\System32\gdi32full.dll
0x00007ff9c62b0000 - 0x00007ff9c634a000 	C:\WINDOWS\System32\msvcp_win.dll
0x00007ff9bdb90000 - 0x00007ff9bdb9a000 	C:\WINDOWS\SYSTEM32\VERSION.dll
0x00007ff9c8250000 - 0x00007ff9c8281000 	C:\WINDOWS\System32\IMM32.DLL
0x00007ff9bd5a0000 - 0x00007ff9bd5ac000 	C:\Program Files\Java\jdk-19\bin\vcruntime140_1.dll
0x00007ff9ac390000 - 0x00007ff9ac41e000 	C:\Program Files\Java\jdk-19\bin\msvcp140.dll
0x00007ff95bd60000 - 0x00007ff95ca20000 	C:\Program Files\Java\jdk-19\bin\server\jvm.dll
0x00007ff9bf150000 - 0x00007ff9bf184000 	C:\WINDOWS\SYSTEM32\WINMM.dll
0x00007ff9c0450000 - 0x00007ff9c0459000 	C:\WINDOWS\SYSTEM32\WSOCK32.dll
0x00007ff9c7d50000 - 0x00007ff9c7dc1000 	C:\WINDOWS\System32\WS2_32.dll
0x00007ff9c4aa0000 - 0x00007ff9c4ab8000 	C:\WINDOWS\SYSTEM32\kernel.appcore.dll
0x00007ff9bd190000 - 0x00007ff9bd19a000 	C:\Program Files\Java\jdk-19\bin\jimage.dll
0x00007ff9c32d0000 - 0x00007ff9c3502000 	C:\WINDOWS\SYSTEM32\DBGHELP.DLL
0x00007ff9c73f0000 - 0x00007ff9c7780000 	C:\WINDOWS\System32\combase.dll
0x00007ff9c69d0000 - 0x00007ff9c6aa7000 	C:\WINDOWS\System32\OLEAUT32.dll
0x00007ff9bcff0000 - 0x00007ff9bd022000 	C:\WINDOWS\SYSTEM32\dbgcore.DLL
0x00007ff9c5a20000 - 0x00007ff9c5a9b000 	C:\WINDOWS\System32\bcryptPrimitives.dll
0x00007ff9bd580000 - 0x00007ff9bd58e000 	C:\Program Files\Java\jdk-19\bin\instrument.dll
0x00007ff9bc310000 - 0x00007ff9bc336000 	C:\Program Files\Java\jdk-19\bin\java.dll
0x00007ff993b80000 - 0x00007ff993c57000 	C:\Program Files\Java\jdk-19\bin\jsvml.dll
0x00007ff9c6b60000 - 0x00007ff9c73e8000 	C:\WINDOWS\System32\SHELL32.dll
0x00007ff9c6140000 - 0x00007ff9c627f000 	C:\WINDOWS\System32\wintypes.dll
0x00007ff9c3880000 - 0x00007ff9c418d000 	C:\WINDOWS\SYSTEM32\windows.storage.dll
0x00007ff9c8460000 - 0x00007ff9c856a000 	C:\WINDOWS\System32\SHCORE.dll
0x00007ff9c6690000 - 0x00007ff9c66ee000 	C:\WINDOWS\System32\shlwapi.dll
0x00007ff9c5890000 - 0x00007ff9c58bb000 	C:\WINDOWS\SYSTEM32\profapi.dll
0x00007ff9bbb60000 - 0x00007ff9bbb78000 	C:\Program Files\Java\jdk-19\bin\zip.dll
0x00007ff9bbc00000 - 0x00007ff9bbc13000 	C:\Program Files\Java\jdk-19\bin\net.dll
0x00007ff9c1310000 - 0x00007ff9c143c000 	C:\WINDOWS\SYSTEM32\WINHTTP.dll
0x00007ff9c4f10000 - 0x00007ff9c4f7a000 	C:\WINDOWS\system32\mswsock.dll
0x00007ff9bbbe0000 - 0x00007ff9bbbf6000 	C:\Program Files\Java\jdk-19\bin\nio.dll
0x00007ff9bbcd0000 - 0x00007ff9bbcea000 	C:\Program Files\JetBrains\IntelliJ IDEA 2022.1.2\bin\breakgen64.dll
0x00007ff9bd030000 - 0x00007ff9bd038000 	C:\Program Files\Java\jdk-19\bin\extnet.dll
0x0000000069ac0000 - 0x0000000069ae4000 	C:\Users\99293\AppData\Local\Temp\jansi-2.4.0-4f478016501972b2-jansi.dll
0x00007ff9bc200000 - 0x00007ff9bc210000 	C:\Program Files\Java\jdk-19\bin\verify.dll

dbghelp: loaded successfully - version: 4.0.5 - missing functions: none
symbol engine: initialized successfully - sym options: 0x614 - pdb path: .;C:\Program Files\Java\jdk-19\bin;C:\WINDOWS\SYSTEM32;C:\WINDOWS\WinSxS\amd64_microsoft.windows.common-controls_6595b64144ccf1df_6.0.22621.4830_none_270fe7d773858e80;C:\Program Files\Java\jdk-19\bin\server;C:\Program Files\JetBrains\IntelliJ IDEA 2022.1.2\bin;C:\Users\99293\AppData\Local\Temp

VM Arguments:
jvm_args: -Dmaven.multiModuleProjectDirectory=D:\unitedStates_storage-master\unitedStates_storage -Dmaven.home=C:\Users\99293\.m2\wrapper\dists\apache-maven-3.8.6-bin\1ks0nkde5v1pk9vtc31i9d0lcd\apache-maven-3.8.6 -Dclassworlds.conf=C:\Users\99293\.m2\wrapper\dists\apache-maven-3.8.6-bin\1ks0nkde5v1pk9vtc31i9d0lcd\apache-maven-3.8.6\bin\m2.conf -Dmaven.ext.class.path=C:\Program Files\JetBrains\IntelliJ IDEA 2022.1.2\plugins\maven\lib\maven-event-listener.jar -javaagent:C:\Program Files\JetBrains\IntelliJ IDEA 2022.1.2\lib\idea_rt.jar=52837:C:\Program Files\JetBrains\IntelliJ IDEA 2022.1.2\bin -Dfile.encoding=UTF-8 
java_command: org.codehaus.classworlds.Launcher -Didea.version=2022.1.2 package
java_class_path (initial): C:\Users\99293\.m2\wrapper\dists\apache-maven-3.8.6-bin\1ks0nkde5v1pk9vtc31i9d0lcd\apache-maven-3.8.6\boot\plexus-classworlds-2.6.0.jar;C:\Users\99293\.m2\wrapper\dists\apache-maven-3.8.6-bin\1ks0nkde5v1pk9vtc31i9d0lcd\apache-maven-3.8.6\boot\plexus-classworlds.license
Launcher Type: SUN_STANDARD

[Global flags]
     intx CICompilerCount                          = 12                                        {product} {ergonomic}
     uint ConcGCThreads                            = 3                                         {product} {ergonomic}
     uint G1ConcRefinementThreads                  = 13                                        {product} {ergonomic}
   size_t G1HeapRegionSize                         = 2097152                                   {product} {ergonomic}
    uintx GCDrainStackTargetSize                   = 64                                        {product} {ergonomic}
   size_t InitialHeapSize                          = 264241152                                 {product} {ergonomic}
   size_t MarkStackSize                            = 4194304                                   {product} {ergonomic}
   size_t MaxHeapSize                              = 4196401152                                {product} {ergonomic}
   size_t MaxNewSize                               = 2516582400                                {product} {ergonomic}
   size_t MinHeapDeltaBytes                        = 2097152                                   {product} {ergonomic}
   size_t MinHeapSize                              = 8388608                                   {product} {ergonomic}
    uintx NonNMethodCodeHeapSize                   = 7602480                                {pd product} {ergonomic}
    uintx NonProfiledCodeHeapSize                  = 122027880                              {pd product} {ergonomic}
    uintx ProfiledCodeHeapSize                     = 122027880                              {pd product} {ergonomic}
    uintx ReservedCodeCacheSize                    = 251658240                              {pd product} {ergonomic}
     bool SegmentedCodeCache                       = true                                      {product} {ergonomic}
   size_t SoftMaxHeapSize                          = 4196401152                             {manageable} {ergonomic}
     bool UseCompressedClassPointers               = true                           {product lp64_product} {ergonomic}
     bool UseCompressedOops                        = true                           {product lp64_product} {ergonomic}
     bool UseG1GC                                  = true                                      {product} {ergonomic}
     bool UseLargePagesIndividualAllocation        = false                                  {pd product} {ergonomic}

Logging:
Log output configuration:
 #0: stdout all=warning uptime,level,tags foldmultilines=false
 #1: stderr all=off uptime,level,tags foldmultilines=false

Environment Variables:
JAVA_HOME=C:\Program Files\Java\jdk-19
PATH=C:\Program Files\Common Files\Oracle\Java\javapath;C:\Windows\system32;C:\Windows;C:\Windows\System32\Wbem;C:\Windows\System32\WindowsPowerShell\v1.0\;C:\Windows\System32\OpenSSH\;C:\Program Files (x86)\NVIDIA Corporation\PhysX\Common;C:\Program Files\NVIDIA Corporation\NVIDIA NvDLISR;C:\Program Files (x86)\dotnet\;C:\WINDOWS\system32;C:\WINDOWS;C:\WINDOWS\System32\Wbem;C:\WINDOWS\System32\WindowsPowerShell\v1.0\;C:\WINDOWS\System32\OpenSSH\;C:\Program Files\Java\jdk-19\bin;C:\Program Files\Git\cmd;C:\Users\99293\AppData\Local\Programs\Python\Python311\Scripts\;C:\Users\99293\AppData\Local\Programs\Python\Python311\;C:\Users\99293\AppData\Local\Microsoft\WindowsApps;;C:\Program Files\JetBrains\IntelliJ IDEA 2022.1.2\bin;;C:\Program Files\heroku\bin
USERNAME=ASUS
OS=Windows_NT
PROCESSOR_IDENTIFIER=Intel64 Family 6 Model 154 Stepping 3, GenuineIntel
TMP=C:\Users\99293\AppData\Local\Temp
TEMP=C:\Users\99293\AppData\Local\Temp



---------------  S Y S T E M  ---------------

OS:
 Windows 11 , 64 bit Build 22621 (10.0.22621.4974)
OS uptime: 0 days 6:22 hours
Hyper-V role detected

CPU: total 16 (initial active 16) (8 cores per cpu, 2 threads per core) family 6 model 154 stepping 3 microcode 0x429, cx8, cmov, fxsr, ht, mmx, 3dnowpref, sse, sse2, sse3, ssse3, sse4.1, sse4.2, popcnt, lzcnt, tsc, tscinvbit, avx, avx2, aes, erms, clmul, bmi1, bmi2, adx, sha, fma, vzeroupper, clflush, clflushopt, clwb, hv, serialize, rdtscp, rdpid, fsrm

Memory: 4k page, system-wide physical 16004M (2841M free)
TotalPageFile size 18052M (AvailPageFile size 1M)
current process WorkingSet (physical memory assigned to process): 107M, peak: 107M
current process commit charge ("private bytes"): 397M, peak: 397M

vm_info: Java HotSpot(TM) 64-Bit Server VM (19.0.2+7-44) for windows-amd64 JRE (19.0.2+7-44), built on 2022-11-30T18:02:09Z by "mach5one" with MS VC++ 17.1 (VS2022)

END.
