#
# There is insufficient memory for the Java Runtime Environment to continue.
# Native memory allocation (malloc) failed to allocate 5229152 bytes for Chunk::new
# Possible reasons:
#   The system is out of physical RAM or swap space
#   The process is running with CompressedOops enabled, and the Java Heap may be blocking the growth of the native heap
# Possible solutions:
#   Reduce memory load on the system
#   Increase physical memory or swap space
#   Check if swap backing store is full
#   Decrease Java heap size (-Xmx/-Xms)
#   Decrease number of Java threads
#   Decrease Java thread stack sizes (-Xss)
#   Set larger code cache with -XX:ReservedCodeCacheSize=
#   JVM is running with Zero Based Compressed Oops mode in which the Java heap is
#     placed in the first 32GB address space. The Java Heap base address is the
#     maximum limit for the native heap growth. Please use -XX:HeapBaseMinAddress
#     to set the Java Heap base and to place the Java Heap above 32GB virtual address.
# This output file may be truncated or incomplete.
#
#  Out of Memory Error (arena.cpp:184), pid=13056, tid=10476
#
# JRE version: Java(TM) SE Runtime Environment (19.0.2+7) (build 19.0.2+7-44)
# Java VM: Java HotSpot(TM) 64-Bit Server VM (19.0.2+7-44, mixed mode, sharing, tiered, compressed oops, compressed class ptrs, g1 gc, windows-amd64)
# No core dump will be written. Minidumps are not enabled by default on client versions of Windows
#

---------------  S U M M A R Y ------------

Command Line: -Dmaven.multiModuleProjectDirectory=D:\unitedStates_storage-master\unitedStates_storage -Dmaven.home=C:\Users\99293\.m2\wrapper\dists\apache-maven-3.8.6-bin\1ks0nkde5v1pk9vtc31i9d0lcd\apache-maven-3.8.6 -Dclassworlds.conf=C:\Users\99293\.m2\wrapper\dists\apache-maven-3.8.6-bin\1ks0nkde5v1pk9vtc31i9d0lcd\apache-maven-3.8.6\bin\m2.conf -Dmaven.ext.class.path=C:\Program Files\JetBrains\IntelliJ IDEA 2022.1.2\plugins\maven\lib\maven-event-listener.jar -javaagent:C:\Program Files\JetBrains\IntelliJ IDEA 2022.1.2\lib\idea_rt.jar=57378:C:\Program Files\JetBrains\IntelliJ IDEA 2022.1.2\bin -Dfile.encoding=UTF-8 org.codehaus.classworlds.Launcher -Didea.version=2022.1.2 package

Host: 12th Gen Intel(R) Core(TM) i7-12650H, 16 cores, 15G,  Windows 11 , 64 bit Build 22621 (10.0.22621.3672)
Time: Mon Jul 29 00:37:30 2024  Windows 11 , 64 bit Build 22621 (10.0.22621.3672) elapsed time: 6.564365 seconds (0d 0h 0m 6s)

---------------  T H R E A D  ---------------

Current thread (0x000001b998135b10):  JavaThread "C2 CompilerThread2" daemon [_thread_in_native, id=10476, stack(0x0000006f72f00000,0x0000006f73000000)]


Current CompileTask:
C2:   6564 11291   !   4       java.lang.ClassLoader::loadClass (121 bytes)

Stack: [0x0000006f72f00000,0x0000006f73000000]
Native frames: (J=compiled Java code, j=interpreted, Vv=VM code, C=native code)
V  [jvm.dll+0x6ee21a]
V  [jvm.dll+0x85765e]
V  [jvm.dll+0x85904e]
V  [jvm.dll+0x859703]
V  [jvm.dll+0x28298f]
V  [jvm.dll+0xc9adf]
V  [jvm.dll+0xc9e65]
V  [jvm.dll+0x3bca4c]
V  [jvm.dll+0x1ee0aa]
V  [jvm.dll+0x24c52b]
V  [jvm.dll+0x24b781]
V  [jvm.dll+0x1d6ce1]
V  [jvm.dll+0x25b25a]
V  [jvm.dll+0x2596e8]
V  [jvm.dll+0x807588]
V  [jvm.dll+0x80125a]
V  [jvm.dll+0x6ecf0b]
C  [ucrtbase.dll+0x29333]
C  [KERNEL32.DLL+0x1257d]
C  [ntdll.dll+0x5af28]


---------------  P R O C E S S  ---------------

Threads class SMR info:
_java_thread_list=0x000001b99c57c060, length=22, elements={
0x000001b9ef6f06a0, 0x000001b993390540, 0x000001b993391330, 0x000001b993392460,
0x000001b993398fd0, 0x000001b993399520, 0x000001b993396ff0, 0x000001b9933a0420,
0x000001b9933a16a0, 0x000001b993397540, 0x000001b9975af730, 0x000001b993397fe0,
0x000001b997645400, 0x000001b993396000, 0x000001b993397a90, 0x000001b997a117f0,
0x000001b998137c70, 0x000001b998135b10, 0x000001b998136630, 0x000001b998136bc0,
0x000001b99a924350, 0x000001b99a9232a0
}

Java Threads: ( => current thread )
  0x000001b9ef6f06a0 JavaThread "main" [_thread_in_native, id=23356, stack(0x0000006f71700000,0x0000006f71800000)]
  0x000001b993390540 JavaThread "Reference Handler" daemon [_thread_blocked, id=24980, stack(0x0000006f71e00000,0x0000006f71f00000)]
  0x000001b993391330 JavaThread "Finalizer" daemon [_thread_blocked, id=15980, stack(0x0000006f71f00000,0x0000006f72000000)]
  0x000001b993392460 JavaThread "Signal Dispatcher" daemon [_thread_blocked, id=25960, stack(0x0000006f72000000,0x0000006f72100000)]
  0x000001b993398fd0 JavaThread "Attach Listener" daemon [_thread_blocked, id=24852, stack(0x0000006f72100000,0x0000006f72200000)]
  0x000001b993399520 JavaThread "Service Thread" daemon [_thread_blocked, id=25576, stack(0x0000006f72200000,0x0000006f72300000)]
  0x000001b993396ff0 JavaThread "Monitor Deflation Thread" daemon [_thread_blocked, id=15976, stack(0x0000006f72300000,0x0000006f72400000)]
  0x000001b9933a0420 JavaThread "C2 CompilerThread0" daemon [_thread_in_native, id=11152, stack(0x0000006f72400000,0x0000006f72500000)]
  0x000001b9933a16a0 JavaThread "C1 CompilerThread0" daemon [_thread_blocked, id=16824, stack(0x0000006f72500000,0x0000006f72600000)]
  0x000001b993397540 JavaThread "Sweeper thread" daemon [_thread_blocked, id=21420, stack(0x0000006f72600000,0x0000006f72700000)]
  0x000001b9975af730 JavaThread "C1 CompilerThread1" daemon [_thread_blocked, id=24856, stack(0x0000006f72700000,0x0000006f72800000)]
  0x000001b993397fe0 JavaThread "Common-Cleaner" daemon [_thread_blocked, id=8908, stack(0x0000006f72800000,0x0000006f72900000)]
  0x000001b997645400 JavaThread "C1 CompilerThread2" daemon [_thread_blocked, id=12472, stack(0x0000006f72900000,0x0000006f72a00000)]
  0x000001b993396000 JavaThread "Monitor Ctrl-Break" daemon [_thread_in_native, id=24672, stack(0x0000006f72a00000,0x0000006f72b00000)]
  0x000001b993397a90 JavaThread "Notification Thread" daemon [_thread_blocked, id=25808, stack(0x0000006f72b00000,0x0000006f72c00000)]
  0x000001b997a117f0 JavaThread "C2 CompilerThread1" daemon [_thread_in_native, id=19912, stack(0x0000006f72d00000,0x0000006f72e00000)]
  0x000001b998137c70 JavaThread "C1 CompilerThread3" daemon [_thread_blocked, id=10920, stack(0x0000006f72e00000,0x0000006f72f00000)]
=>0x000001b998135b10 JavaThread "C2 CompilerThread2" daemon [_thread_in_native, id=10476, stack(0x0000006f72f00000,0x0000006f73000000)]
  0x000001b998136630 JavaThread "C2 CompilerThread3" daemon [_thread_in_native, id=10984, stack(0x0000006f73000000,0x0000006f73100000)]
  0x000001b998136bc0 JavaThread "C2 CompilerThread4" daemon [_thread_blocked, id=5044, stack(0x0000006f73100000,0x0000006f73200000)]
  0x000001b99a924350 JavaThread "C2 CompilerThread5" daemon [_thread_in_native, id=16036, stack(0x0000006f73200000,0x0000006f73300000)]
  0x000001b99a9232a0 JavaThread "C2 CompilerThread6" daemon [_thread_in_native, id=14972, stack(0x0000006f74100000,0x0000006f74200000)]

Other Threads:
  0x000001b993378230 VMThread "VM Thread" [stack: 0x0000006f71d00000,0x0000006f71e00000] [id=17280]
  0x000001b99771ffd0 WatcherThread "VM Periodic Task Thread" [stack: 0x0000006f72c00000,0x0000006f72d00000] [id=26288]
  0x000001b9ef762160 WorkerThread "GC Thread#0" [stack: 0x0000006f71800000,0x0000006f71900000] [id=17552]
  0x000001b997a77550 WorkerThread "GC Thread#1" [stack: 0x0000006f73500000,0x0000006f73600000] [id=24468]
  0x000001b997a78090 WorkerThread "GC Thread#2" [stack: 0x0000006f73600000,0x0000006f73700000] [id=19164]
  0x000001b997a77280 WorkerThread "GC Thread#3" [stack: 0x0000006f73700000,0x0000006f73800000] [id=1976]
  0x000001b997a78360 WorkerThread "GC Thread#4" [stack: 0x0000006f73800000,0x0000006f73900000] [id=24324]
  0x000001b997a77820 WorkerThread "GC Thread#5" [stack: 0x0000006f73900000,0x0000006f73a00000] [id=9676]
  0x000001b997a76fb0 WorkerThread "GC Thread#6" [stack: 0x0000006f73a00000,0x0000006f73b00000] [id=24552]
  0x000001b997a77af0 WorkerThread "GC Thread#7" [stack: 0x0000006f73b00000,0x0000006f73c00000] [id=12676]
  0x000001b9994d7580 WorkerThread "GC Thread#8" [stack: 0x0000006f73300000,0x0000006f73400000] [id=25980]
  0x000001b9994d6d10 WorkerThread "GC Thread#9" [stack: 0x0000006f73400000,0x0000006f73500000] [id=4112]
  0x000001b9994d7850 WorkerThread "GC Thread#10" [stack: 0x0000006f73c00000,0x0000006f73d00000] [id=20248]
  0x000001b9994d8c00 WorkerThread "GC Thread#11" [stack: 0x0000006f73d00000,0x0000006f73e00000] [id=25328]
  0x000001b9994d80c0 WorkerThread "GC Thread#12" [stack: 0x0000006f73e00000,0x0000006f73f00000] [id=25636]
  0x000001b9ef772b80 ConcurrentGCThread "G1 Main Marker" [stack: 0x0000006f71900000,0x0000006f71a00000] [id=25208]
  0x000001b9ef7734c0 WorkerThread "G1 Conc#0" [stack: 0x0000006f71a00000,0x0000006f71b00000] [id=8824]
  0x000001b9994d8390 WorkerThread "G1 Conc#1" [stack: 0x0000006f73f00000,0x0000006f74000000] [id=21344]
  0x000001b9994d91a0 WorkerThread "G1 Conc#2" [stack: 0x0000006f74000000,0x0000006f74100000] [id=20712]
  0x000001b9932339f0 ConcurrentGCThread "G1 Refine#0" [stack: 0x0000006f71b00000,0x0000006f71c00000] [id=24916]
  0x000001b993234440 ConcurrentGCThread "G1 Service" [stack: 0x0000006f71c00000,0x0000006f71d00000] [id=16472]

Threads with active compile tasks:
C2 CompilerThread0     6573 11698   !   4       org.apache.maven.model.Model::clone (502 bytes)
C2 CompilerThread1     6574 11842 %     4       org.springframework.asm.ClassReader::readUtf @ 18 (161 bytes)
C2 CompilerThread2     6574 11291   !   4       java.lang.ClassLoader::loadClass (121 bytes)
C2 CompilerThread3     6574 11829       4       sun.net.util.URLUtil::urlNoFragString (114 bytes)
C2 CompilerThread5     6574 11773   !   4       org.codehaus.plexus.classworlds.realm.ClassRealm::loadClass (33 bytes)
C2 CompilerThread6     6574 11774       4       org.codehaus.plexus.classworlds.realm.ClassRealm::loadClass (7 bytes)

VM state: not at safepoint (normal execution)

VM Mutex/Monitor currently owned by a thread: None

Heap address: 0x0000000705e00000, size: 4002 MB, Compressed Oops mode: Zero based, Oop shift amount: 3

CDS archive(s) mapped at: [0x0000000800000000-0x0000000800c40000-0x0000000800c40000), size 12845056, SharedBaseAddress: 0x0000000800000000, ArchiveRelocationMode: 0.
Compressed class space mapped at: 0x0000000801000000-0x0000000841000000, reserved size: 1073741824
Narrow klass base: 0x0000000800000000, Narrow klass shift: 0, Narrow klass range: 0x100000000

GC Precious Log:
 CardTable entry size: 512
 Card Set container configuration: InlinePtr #cards 4 size 8 Array Of Cards #cards 16 size 48 Howl #buckets 8 coarsen threshold 3686 Howl Bitmap #cards 512 size 80 coarsen threshold 460 Card regions per heap region 1 cards per card region 4096
 CPUs: 16 total, 16 available
 Memory: 16005M
 Large Page Support: Disabled
 NUMA Support: Disabled
 Compressed Oops: Enabled (Zero based)
 Heap Region Size: 2M
 Heap Min Capacity: 8M
 Heap Initial Capacity: 252M
 Heap Max Capacity: 4002M
 Pre-touch: Disabled
 Parallel Workers: 13
 Concurrent Workers: 3
 Concurrent Refinement Workers: 13
 Periodic GC: Disabled

Heap:
 garbage-first heap   total 184320K, used 84797K [0x0000000705e00000, 0x0000000800000000)
  region size 2048K, 12 young (24576K), 4 survivors (8192K)
 Metaspace       used 36071K, committed 36800K, reserved 1114112K
  class space    used 3723K, committed 4096K, reserved 1048576K

Heap Regions: E=young(eden), S=young(survivor), O=old, HS=humongous(starts), HC=humongous(continues), CS=collection set, F=free, OA=open archive, CA=closed archive, TAMS=top-at-mark-start (previous, next)
|   0|0x0000000705e00000, 0x0000000706000000, 0x0000000706000000|100%| O|  |TAMS 0x0000000706000000, 0x0000000705e00000| Untracked 
|   1|0x0000000706000000, 0x0000000706200000, 0x0000000706200000|100%| O|  |TAMS 0x0000000706200000, 0x0000000706000000| Untracked 
|   2|0x0000000706200000, 0x0000000706400000, 0x0000000706400000|100%| O|  |TAMS 0x0000000706400000, 0x0000000706200000| Untracked 
|   3|0x0000000706400000, 0x0000000706600000, 0x0000000706600000|100%| O|  |TAMS 0x0000000706600000, 0x0000000706400000| Complete 
|   4|0x0000000706600000, 0x0000000706800000, 0x0000000706800000|100%| O|  |TAMS 0x0000000706800000, 0x0000000706600000| Complete 
|   5|0x0000000706800000, 0x0000000706a00000, 0x0000000706a00000|100%| O|  |TAMS 0x0000000706a00000, 0x0000000706800000| Complete 
|   6|0x0000000706a00000, 0x0000000706c00000, 0x0000000706c00000|100%| O|  |TAMS 0x0000000706c00000, 0x0000000706a00000| Untracked 
|   7|0x0000000706c00000, 0x0000000706e00000, 0x0000000706e00000|100%| O|  |TAMS 0x0000000706e00000, 0x0000000706c00000| Untracked 
|   8|0x0000000706e00000, 0x0000000707000000, 0x0000000707000000|100%| O|  |TAMS 0x0000000707000000, 0x0000000706e00000| Complete 
|   9|0x0000000707000000, 0x0000000707200000, 0x0000000707200000|100%| O|  |TAMS 0x0000000707200000, 0x0000000707000000| Complete 
|  10|0x0000000707200000, 0x0000000707400000, 0x0000000707400000|100%| O|  |TAMS 0x0000000707400000, 0x0000000707200000| Untracked 
|  11|0x0000000707400000, 0x0000000707600000, 0x0000000707600000|100%| O|  |TAMS 0x0000000707600000, 0x0000000707400000| Untracked 
|  12|0x0000000707600000, 0x0000000707800000, 0x0000000707800000|100%| O|  |TAMS 0x00000007077b5e00, 0x0000000707600000| Complete 
|  13|0x0000000707800000, 0x0000000707a00000, 0x0000000707a00000|100%| O|  |TAMS 0x0000000707a00000, 0x0000000707800000| Untracked 
|  14|0x0000000707a00000, 0x0000000707c00000, 0x0000000707c00000|100%| O|  |TAMS 0x0000000707c00000, 0x0000000707a00000| Untracked 
|  15|0x0000000707c00000, 0x0000000707e00000, 0x0000000707e00000|100%| O|  |TAMS 0x0000000707e00000, 0x0000000707c00000| Untracked 
|  16|0x0000000707e00000, 0x0000000708000000, 0x0000000708000000|100%| O|  |TAMS 0x0000000708000000, 0x0000000707e00000| Untracked 
|  17|0x0000000708000000, 0x0000000708200000, 0x0000000708200000|100%| O|  |TAMS 0x0000000708200000, 0x0000000708000000| Untracked 
|  18|0x0000000708200000, 0x0000000708400000, 0x0000000708400000|100%|HS|  |TAMS 0x0000000708400000, 0x0000000708200000| Complete 
|  19|0x0000000708400000, 0x0000000708600000, 0x0000000708600000|100%|HC|  |TAMS 0x0000000708600000, 0x0000000708400000| Complete 
|  20|0x0000000708600000, 0x0000000708800000, 0x0000000708800000|100%| O|  |TAMS 0x0000000708600000, 0x0000000708600000| Untracked 
|  21|0x0000000708800000, 0x0000000708a00000, 0x0000000708a00000|100%| O|  |TAMS 0x0000000708800000, 0x0000000708800000| Untracked 
|  22|0x0000000708a00000, 0x0000000708b69c00, 0x0000000708c00000| 70%| O|  |TAMS 0x0000000708a00000, 0x0000000708a00000| Untracked 
|  23|0x0000000708c00000, 0x0000000708c00000, 0x0000000708e00000|  0%| F|  |TAMS 0x0000000708c00000, 0x0000000708c00000| Untracked 
|  24|0x0000000708e00000, 0x0000000708e00000, 0x0000000709000000|  0%| F|  |TAMS 0x0000000708e00000, 0x0000000708e00000| Untracked 
|  25|0x0000000709000000, 0x0000000709000000, 0x0000000709200000|  0%| F|  |TAMS 0x0000000709000000, 0x0000000709000000| Untracked 
|  26|0x0000000709200000, 0x0000000709200000, 0x0000000709400000|  0%| F|  |TAMS 0x0000000709200000, 0x0000000709200000| Untracked 
|  27|0x0000000709400000, 0x0000000709400000, 0x0000000709600000|  0%| F|  |TAMS 0x0000000709400000, 0x0000000709400000| Untracked 
|  28|0x0000000709600000, 0x0000000709600000, 0x0000000709800000|  0%| F|  |TAMS 0x0000000709600000, 0x0000000709600000| Untracked 
|  29|0x0000000709800000, 0x0000000709800000, 0x0000000709a00000|  0%| F|  |TAMS 0x0000000709800000, 0x0000000709800000| Untracked 
|  30|0x0000000709a00000, 0x0000000709a00000, 0x0000000709c00000|  0%| F|  |TAMS 0x0000000709a00000, 0x0000000709a00000| Untracked 
|  31|0x0000000709c00000, 0x0000000709c00000, 0x0000000709e00000|  0%| F|  |TAMS 0x0000000709c00000, 0x0000000709c00000| Untracked 
|  32|0x0000000709e00000, 0x0000000709e00000, 0x000000070a000000|  0%| F|  |TAMS 0x0000000709e00000, 0x0000000709e00000| Untracked 
|  33|0x000000070a000000, 0x000000070a000000, 0x000000070a200000|  0%| F|  |TAMS 0x000000070a000000, 0x000000070a000000| Untracked 
|  34|0x000000070a200000, 0x000000070a200000, 0x000000070a400000|  0%| F|  |TAMS 0x000000070a200000, 0x000000070a200000| Untracked 
|  35|0x000000070a400000, 0x000000070a400000, 0x000000070a600000|  0%| F|  |TAMS 0x000000070a400000, 0x000000070a400000| Untracked 
|  36|0x000000070a600000, 0x000000070a600000, 0x000000070a800000|  0%| F|  |TAMS 0x000000070a600000, 0x000000070a600000| Untracked 
|  37|0x000000070a800000, 0x000000070a800000, 0x000000070aa00000|  0%| F|  |TAMS 0x000000070a800000, 0x000000070a800000| Untracked 
|  38|0x000000070aa00000, 0x000000070aa00000, 0x000000070ac00000|  0%| F|  |TAMS 0x000000070aa00000, 0x000000070aa00000| Untracked 
|  39|0x000000070ac00000, 0x000000070ac00000, 0x000000070ae00000|  0%| F|  |TAMS 0x000000070ac00000, 0x000000070ac00000| Untracked 
|  40|0x000000070ae00000, 0x000000070ae00000, 0x000000070b000000|  0%| F|  |TAMS 0x000000070ae00000, 0x000000070ae00000| Untracked 
|  41|0x000000070b000000, 0x000000070b000000, 0x000000070b200000|  0%| F|  |TAMS 0x000000070b000000, 0x000000070b000000| Untracked 
|  42|0x000000070b200000, 0x000000070b200000, 0x000000070b400000|  0%| F|  |TAMS 0x000000070b200000, 0x000000070b200000| Untracked 
|  43|0x000000070b400000, 0x000000070b400000, 0x000000070b600000|  0%| F|  |TAMS 0x000000070b400000, 0x000000070b400000| Untracked 
|  44|0x000000070b600000, 0x000000070b600000, 0x000000070b800000|  0%| F|  |TAMS 0x000000070b600000, 0x000000070b600000| Untracked 
|  45|0x000000070b800000, 0x000000070b800000, 0x000000070ba00000|  0%| F|  |TAMS 0x000000070b800000, 0x000000070b800000| Untracked 
|  46|0x000000070ba00000, 0x000000070ba00000, 0x000000070bc00000|  0%| F|  |TAMS 0x000000070ba00000, 0x000000070ba00000| Untracked 
|  47|0x000000070bc00000, 0x000000070bc00000, 0x000000070be00000|  0%| F|  |TAMS 0x000000070bc00000, 0x000000070bc00000| Untracked 
|  48|0x000000070be00000, 0x000000070be00000, 0x000000070c000000|  0%| F|  |TAMS 0x000000070be00000, 0x000000070be00000| Untracked 
|  49|0x000000070c000000, 0x000000070c000000, 0x000000070c200000|  0%| F|  |TAMS 0x000000070c000000, 0x000000070c000000| Untracked 
|  50|0x000000070c200000, 0x000000070c200000, 0x000000070c400000|  0%| F|  |TAMS 0x000000070c200000, 0x000000070c200000| Untracked 
|  51|0x000000070c400000, 0x000000070c400000, 0x000000070c600000|  0%| F|  |TAMS 0x000000070c400000, 0x000000070c400000| Untracked 
|  52|0x000000070c600000, 0x000000070c600000, 0x000000070c800000|  0%| F|  |TAMS 0x000000070c600000, 0x000000070c600000| Untracked 
|  53|0x000000070c800000, 0x000000070c800000, 0x000000070ca00000|  0%| F|  |TAMS 0x000000070c800000, 0x000000070c800000| Untracked 
|  54|0x000000070ca00000, 0x000000070ca00000, 0x000000070cc00000|  0%| F|  |TAMS 0x000000070ca00000, 0x000000070ca00000| Untracked 
|  55|0x000000070cc00000, 0x000000070cc00000, 0x000000070ce00000|  0%| F|  |TAMS 0x000000070cc00000, 0x000000070cc00000| Untracked 
|  56|0x000000070ce00000, 0x000000070cf65aa0, 0x000000070d000000| 69%| S|CS|TAMS 0x000000070ce00000, 0x000000070ce00000| Complete 
|  57|0x000000070d000000, 0x000000070d200000, 0x000000070d200000|100%| S|CS|TAMS 0x000000070d000000, 0x000000070d000000| Complete 
|  58|0x000000070d200000, 0x000000070d400000, 0x000000070d400000|100%| S|CS|TAMS 0x000000070d200000, 0x000000070d200000| Complete 
|  59|0x000000070d400000, 0x000000070d600000, 0x000000070d600000|100%| S|CS|TAMS 0x000000070d400000, 0x000000070d400000| Complete 
|  60|0x000000070d600000, 0x000000070d600000, 0x000000070d800000|  0%| F|  |TAMS 0x000000070d600000, 0x000000070d600000| Untracked 
|  61|0x000000070d800000, 0x000000070d800000, 0x000000070da00000|  0%| F|  |TAMS 0x000000070d800000, 0x000000070d800000| Untracked 
|  62|0x000000070da00000, 0x000000070da00000, 0x000000070dc00000|  0%| F|  |TAMS 0x000000070da00000, 0x000000070da00000| Untracked 
|  63|0x000000070dc00000, 0x000000070dc00000, 0x000000070de00000|  0%| F|  |TAMS 0x000000070dc00000, 0x000000070dc00000| Untracked 
|  64|0x000000070de00000, 0x000000070de00000, 0x000000070e000000|  0%| F|  |TAMS 0x000000070de00000, 0x000000070de00000| Untracked 
|  65|0x000000070e000000, 0x000000070e000000, 0x000000070e200000|  0%| F|  |TAMS 0x000000070e000000, 0x000000070e000000| Untracked 
|  66|0x000000070e200000, 0x000000070e200000, 0x000000070e400000|  0%| F|  |TAMS 0x000000070e200000, 0x000000070e200000| Untracked 
|  67|0x000000070e400000, 0x000000070e400000, 0x000000070e600000|  0%| F|  |TAMS 0x000000070e400000, 0x000000070e400000| Untracked 
|  68|0x000000070e600000, 0x000000070e600000, 0x000000070e800000|  0%| F|  |TAMS 0x000000070e600000, 0x000000070e600000| Untracked 
|  69|0x000000070e800000, 0x000000070e800000, 0x000000070ea00000|  0%| F|  |TAMS 0x000000070e800000, 0x000000070e800000| Untracked 
|  70|0x000000070ea00000, 0x000000070ea00000, 0x000000070ec00000|  0%| F|  |TAMS 0x000000070ea00000, 0x000000070ea00000| Untracked 
|  71|0x000000070ec00000, 0x000000070ec00000, 0x000000070ee00000|  0%| F|  |TAMS 0x000000070ec00000, 0x000000070ec00000| Untracked 
|  72|0x000000070ee00000, 0x000000070ee00000, 0x000000070f000000|  0%| F|  |TAMS 0x000000070ee00000, 0x000000070ee00000| Untracked 
|  73|0x000000070f000000, 0x000000070f000000, 0x000000070f200000|  0%| F|  |TAMS 0x000000070f000000, 0x000000070f000000| Untracked 
|  74|0x000000070f200000, 0x000000070f400000, 0x000000070f400000|100%| E|  |TAMS 0x000000070f200000, 0x000000070f200000| Complete 
|  75|0x000000070f400000, 0x000000070f600000, 0x000000070f600000|100%| E|CS|TAMS 0x000000070f400000, 0x000000070f400000| Complete 
|  76|0x000000070f600000, 0x000000070f800000, 0x000000070f800000|100%| E|CS|TAMS 0x000000070f600000, 0x000000070f600000| Complete 
|  77|0x000000070f800000, 0x000000070fa00000, 0x000000070fa00000|100%| E|CS|TAMS 0x000000070f800000, 0x000000070f800000| Complete 
|  78|0x000000070fa00000, 0x000000070fc00000, 0x000000070fc00000|100%| E|CS|TAMS 0x000000070fa00000, 0x000000070fa00000| Complete 
|  79|0x000000070fc00000, 0x000000070fe00000, 0x000000070fe00000|100%| E|CS|TAMS 0x000000070fc00000, 0x000000070fc00000| Complete 
|  80|0x000000070fe00000, 0x0000000710000000, 0x0000000710000000|100%| E|CS|TAMS 0x000000070fe00000, 0x000000070fe00000| Complete 
| 125|0x0000000715800000, 0x0000000715a00000, 0x0000000715a00000|100%| E|CS|TAMS 0x0000000715800000, 0x0000000715800000| Complete 
|1993|0x00000007ff000000, 0x00000007ff200000, 0x00000007ff200000|100%| O|  |TAMS 0x00000007ff200000, 0x00000007ff000000| Untracked 
|1994|0x00000007ff200000, 0x00000007ff400000, 0x00000007ff400000|100%| O|  |TAMS 0x00000007ff400000, 0x00000007ff200000| Untracked 
|1995|0x00000007ff400000, 0x00000007ff600000, 0x00000007ff600000|100%| O|  |TAMS 0x00000007ff600000, 0x00000007ff400000| Untracked 
|1996|0x00000007ff600000, 0x00000007ff800000, 0x00000007ff800000|100%| O|  |TAMS 0x00000007ff800000, 0x00000007ff600000| Untracked 
|1997|0x00000007ff800000, 0x00000007ffa00000, 0x00000007ffa00000|100%| O|  |TAMS 0x00000007ffa00000, 0x00000007ff800000| Untracked 
|1998|0x00000007ffa00000, 0x00000007ffc00000, 0x00000007ffc00000|100%| O|  |TAMS 0x00000007ffc00000, 0x00000007ffa00000| Untracked 
|1999|0x00000007ffc00000, 0x00000007ffe00000, 0x00000007ffe00000|100%| O|  |TAMS 0x00000007ffe00000, 0x00000007ffc00000| Untracked 
|2000|0x00000007ffe00000, 0x0000000800000000, 0x0000000800000000|100%| O|  |TAMS 0x0000000800000000, 0x00000007ffe00000| Untracked 

Card table byte_map: [0x000001b9f86f0000,0x000001b9f8ed0000] _byte_map_base: 0x000001b9f4ec1000

Marking Bits (Prev, Next): (CMBitMap*) 0x000001b9ef7626a0, (CMBitMap*) 0x000001b9ef7626e0
 Prev Bits: [0x000001b9f96b0000, 0x000001b9fd538000)
 Next Bits: [0x000001b98f000000, 0x000001b992e88000)

Polling page: 0x000001b9ed6c0000

Metaspace:

Usage:
  Non-class:     31.60 MB used.
      Class:      3.64 MB used.
       Both:     35.23 MB used.

Virtual space:
  Non-class space:       64.00 MB reserved,      31.94 MB ( 50%) committed,  1 nodes.
      Class space:        1.00 GB reserved,       4.00 MB ( <1%) committed,  1 nodes.
             Both:        1.06 GB reserved,      35.94 MB (  3%) committed. 

Chunk freelists:
   Non-Class:  3.23 MB
       Class:  48.00 KB
        Both:  3.28 MB

MaxMetaspaceSize: unlimited
CompressedClassSpaceSize: 1.00 GB
Initial GC threshold: 21.00 MB
Current GC threshold: 59.06 MB
CDS: on
MetaspaceReclaimPolicy: balanced
 - commit_granule_bytes: 65536.
 - commit_granule_words: 8192.
 - virtual_space_node_default_size: 8388608.
 - enlarge_chunks_in_place: 1.
 - new_chunks_are_fully_committed: 0.
 - uncommit_free_chunks: 1.
 - use_allocation_guard: 0.


Internal statistics:

num_allocs_failed_limit: 6.
num_arena_births: 786.
num_arena_deaths: 0.
num_vsnodes_births: 2.
num_vsnodes_deaths: 0.
num_space_committed: 575.
num_space_uncommitted: 0.
num_chunks_returned_to_freelist: 6.
num_chunks_taken_from_freelist: 2226.
num_chunk_merges: 6.
num_chunk_splits: 1526.
num_chunks_enlarged: 1072.
num_inconsistent_stats: 0.

CodeHeap 'non-profiled nmethods': size=119168Kb used=6874Kb max_used=7089Kb free=112293Kb
 bounds [0x000001b987ba0000, 0x000001b9882b0000, 0x000001b98f000000]
CodeHeap 'profiled nmethods': size=119104Kb used=21685Kb max_used=22254Kb free=97418Kb
 bounds [0x000001b980000000, 0x000001b9815c0000, 0x000001b987450000]
CodeHeap 'non-nmethods': size=7488Kb used=3032Kb max_used=3122Kb free=4455Kb
 bounds [0x000001b987450000, 0x000001b987770000, 0x000001b987ba0000]
 total_blobs=10177 nmethods=9601 adapters=483
 compilation: enabled
              stopped_count=0, restarted_count=0
 full_count=0

Compilation events (20 events):
Event: 6.487 Thread 0x000001b998136bc0 11819       4       java.util.jar.Attributes::get (11 bytes)
Event: 6.488 Thread 0x000001b998137c70 nmethod 11818 0x000001b980104210 code [0x000001b980104440, 0x000001b980104d48]
Event: 6.491 Thread 0x000001b9933a16a0 11820       3       java.util.jar.JarFile::<init> (11 bytes)
Event: 6.491 Thread 0x000001b9933a16a0 nmethod 11820 0x000001b980f0af10 code [0x000001b980f0b0c0, 0x000001b980f0b208]
Event: 6.492 Thread 0x000001b998136bc0 nmethod 11819 0x000001b9880a7f10 code [0x000001b9880a80c0, 0x000001b9880a8458]
Event: 6.494 Thread 0x000001b998137c70 11821       3       java.util.Hashtable::<init> (8 bytes)
Event: 6.494 Thread 0x000001b998137c70 nmethod 11821 0x000001b980df9f10 code [0x000001b980dfa0e0, 0x000001b980dfa228]
Event: 6.494 Thread 0x000001b9975af730 11822       3       java.util.jar.JarFile::<init> (8 bytes)
Event: 6.494 Thread 0x000001b9975af730 nmethod 11822 0x000001b980f40890 code [0x000001b980f40a40, 0x000001b980f40b88]
Event: 6.495 Thread 0x000001b998136bc0 11823       4       java.util.jar.Manifest$FastInputStream::readLine (296 bytes)
Event: 6.502 Thread 0x000001b998136630 nmethod 11817 0x000001b987c98f10 code [0x000001b987c99100, 0x000001b987c9a478]
Event: 6.504 Thread 0x000001b998136bc0 nmethod 11823 0x000001b9880a7210 code [0x000001b9880a73c0, 0x000001b9880a7ad8]
Event: 6.515 Thread 0x000001b998137c70 11824       3       org.codehaus.plexus.classworlds.realm.Entry::matches (282 bytes)
Event: 6.517 Thread 0x000001b998137c70 nmethod 11824 0x000001b980c9b590 code [0x000001b980c9bc80, 0x000001b980c9f758]
Event: 6.540 Thread 0x000001b998136630 11829       4       sun.net.util.URLUtil::urlNoFragString (114 bytes)
Event: 6.546 Thread 0x000001b997a117f0 nmethod 11812% 0x000001b98814bf90 code [0x000001b98814c320, 0x000001b988150050]
Event: 6.559 Thread 0x000001b9933a16a0 11830   !   3       java.io.FileInputStream::read (24 bytes)
Event: 6.559 Thread 0x000001b997645400 11832       1       org.springframework.boot.loader.tools.Library::getName (5 bytes)
Event: 6.559 Thread 0x000001b9933a16a0 nmethod 11830 0x000001b980086290 code [0x000001b980086460, 0x000001b980086658]
Event: 6.559 Thread 0x000001b997645400 nmethod 11832 0x000001b9880a6b10 code [0x000001b9880a6ca0, 0x000001b9880a6d78]

GC Heap History (20 events):
Event: 3.399 GC heap before
{Heap before GC invocations=10 (full 0):
 garbage-first heap   total 126976K, used 91485K [0x0000000705e00000, 0x0000000800000000)
  region size 2048K, 20 young (40960K), 1 survivors (2048K)
 Metaspace       used 27662K, committed 28160K, reserved 1114112K
  class space    used 2875K, committed 3136K, reserved 1048576K
}
Event: 3.400 GC heap after
{Heap after GC invocations=11 (full 0):
 garbage-first heap   total 126976K, used 52261K [0x0000000705e00000, 0x0000000800000000)
  region size 2048K, 1 young (2048K), 1 survivors (2048K)
 Metaspace       used 27662K, committed 28160K, reserved 1114112K
  class space    used 2875K, committed 3136K, reserved 1048576K
}
Event: 3.559 GC heap before
{Heap before GC invocations=11 (full 0):
 garbage-first heap   total 126976K, used 95269K [0x0000000705e00000, 0x0000000800000000)
  region size 2048K, 22 young (45056K), 1 survivors (2048K)
 Metaspace       used 28136K, committed 28672K, reserved 1114112K
  class space    used 2943K, committed 3200K, reserved 1048576K
}
Event: 3.561 GC heap after
{Heap after GC invocations=12 (full 0):
 garbage-first heap   total 153600K, used 52826K [0x0000000705e00000, 0x0000000800000000)
  region size 2048K, 1 young (2048K), 1 survivors (2048K)
 Metaspace       used 28136K, committed 28672K, reserved 1114112K
  class space    used 2943K, committed 3200K, reserved 1048576K
}
Event: 3.716 GC heap before
{Heap before GC invocations=12 (full 0):
 garbage-first heap   total 153600K, used 118362K [0x0000000705e00000, 0x0000000800000000)
  region size 2048K, 33 young (67584K), 1 survivors (2048K)
 Metaspace       used 28510K, committed 29056K, reserved 1114112K
  class space    used 2971K, committed 3264K, reserved 1048576K
}
Event: 3.718 GC heap after
{Heap after GC invocations=13 (full 0):
 garbage-first heap   total 153600K, used 53857K [0x0000000705e00000, 0x0000000800000000)
  region size 2048K, 2 young (4096K), 2 survivors (4096K)
 Metaspace       used 28510K, committed 29056K, reserved 1114112K
  class space    used 2971K, committed 3264K, reserved 1048576K
}
Event: 3.816 GC heap before
{Heap before GC invocations=13 (full 0):
 garbage-first heap   total 153600K, used 119393K [0x0000000705e00000, 0x0000000800000000)
  region size 2048K, 34 young (69632K), 2 survivors (4096K)
 Metaspace       used 28566K, committed 29120K, reserved 1114112K
  class space    used 2973K, committed 3264K, reserved 1048576K
}
Event: 3.818 GC heap after
{Heap after GC invocations=14 (full 0):
 garbage-first heap   total 153600K, used 54336K [0x0000000705e00000, 0x0000000800000000)
  region size 2048K, 2 young (4096K), 2 survivors (4096K)
 Metaspace       used 28566K, committed 29120K, reserved 1114112K
  class space    used 2973K, committed 3264K, reserved 1048576K
}
Event: 3.962 GC heap before
{Heap before GC invocations=14 (full 0):
 garbage-first heap   total 153600K, used 121920K [0x0000000705e00000, 0x0000000800000000)
  region size 2048K, 35 young (71680K), 2 survivors (4096K)
 Metaspace       used 28729K, committed 29248K, reserved 1114112K
  class space    used 2977K, committed 3264K, reserved 1048576K
}
Event: 3.967 GC heap after
{Heap after GC invocations=15 (full 0):
 garbage-first heap   total 153600K, used 55949K [0x0000000705e00000, 0x0000000800000000)
  region size 2048K, 3 young (6144K), 3 survivors (6144K)
 Metaspace       used 28729K, committed 29248K, reserved 1114112K
  class space    used 2977K, committed 3264K, reserved 1048576K
}
Event: 4.075 GC heap before
{Heap before GC invocations=15 (full 0):
 garbage-first heap   total 153600K, used 123533K [0x0000000705e00000, 0x0000000800000000)
  region size 2048K, 36 young (73728K), 3 survivors (6144K)
 Metaspace       used 28788K, committed 29312K, reserved 1114112K
  class space    used 2977K, committed 3264K, reserved 1048576K
}
Event: 4.079 GC heap after
{Heap after GC invocations=16 (full 0):
 garbage-first heap   total 184320K, used 55615K [0x0000000705e00000, 0x0000000800000000)
  region size 2048K, 2 young (4096K), 2 survivors (4096K)
 Metaspace       used 28788K, committed 29312K, reserved 1114112K
  class space    used 2977K, committed 3264K, reserved 1048576K
}
Event: 5.001 GC heap before
{Heap before GC invocations=16 (full 0):
 garbage-first heap   total 184320K, used 151871K [0x0000000705e00000, 0x0000000800000000)
  region size 2048K, 49 young (100352K), 2 survivors (4096K)
 Metaspace       used 31457K, committed 32000K, reserved 1114112K
  class space    used 3236K, committed 3520K, reserved 1048576K
}
Event: 5.006 GC heap after
{Heap after GC invocations=17 (full 0):
 garbage-first heap   total 184320K, used 57663K [0x0000000705e00000, 0x0000000800000000)
  region size 2048K, 3 young (6144K), 3 survivors (6144K)
 Metaspace       used 31457K, committed 32000K, reserved 1114112K
  class space    used 3236K, committed 3520K, reserved 1048576K
}
Event: 5.517 GC heap before
{Heap before GC invocations=17 (full 0):
 garbage-first heap   total 184320K, used 155967K [0x0000000705e00000, 0x0000000800000000)
  region size 2048K, 49 young (100352K), 3 survivors (6144K)
 Metaspace       used 31775K, committed 32384K, reserved 1114112K
  class space    used 3247K, committed 3520K, reserved 1048576K
}
Event: 5.523 GC heap after
{Heap after GC invocations=18 (full 0):
 garbage-first heap   total 184320K, used 62542K [0x0000000705e00000, 0x0000000800000000)
  region size 2048K, 5 young (10240K), 5 survivors (10240K)
 Metaspace       used 31775K, committed 32384K, reserved 1114112K
  class space    used 3247K, committed 3520K, reserved 1048576K
}
Event: 6.178 GC heap before
{Heap before GC invocations=18 (full 0):
 garbage-first heap   total 184320K, used 150606K [0x0000000705e00000, 0x0000000800000000)
  region size 2048K, 49 young (100352K), 5 survivors (10240K)
 Metaspace       used 34556K, committed 35200K, reserved 1114112K
  class space    used 3558K, committed 3904K, reserved 1048576K
}
Event: 6.183 GC heap after
{Heap after GC invocations=19 (full 0):
 garbage-first heap   total 184320K, used 71383K [0x0000000705e00000, 0x0000000800000000)
  region size 2048K, 7 young (14336K), 7 survivors (14336K)
 Metaspace       used 34556K, committed 35200K, reserved 1114112K
  class space    used 3558K, committed 3904K, reserved 1048576K
}
Event: 6.435 GC heap before
{Heap before GC invocations=19 (full 0):
 garbage-first heap   total 184320K, used 112343K [0x0000000705e00000, 0x0000000800000000)
  region size 2048K, 29 young (59392K), 7 survivors (14336K)
 Metaspace       used 35468K, committed 36096K, reserved 1114112K
  class space    used 3645K, committed 3968K, reserved 1048576K
}
Event: 6.441 GC heap after
{Heap after GC invocations=20 (full 0):
 garbage-first heap   total 184320K, used 70461K [0x0000000705e00000, 0x0000000800000000)
  region size 2048K, 4 young (8192K), 4 survivors (8192K)
 Metaspace       used 35468K, committed 36096K, reserved 1114112K
  class space    used 3645K, committed 3968K, reserved 1048576K
}

Dll operation events (12 events):
Event: 0.004 Loaded shared library C:\Program Files\Java\jdk-19\bin\java.dll
Event: 0.010 Loaded shared library C:\Program Files\Java\jdk-19\bin\jsvml.dll
Event: 0.039 Loaded shared library C:\Program Files\Java\jdk-19\bin\zip.dll
Event: 0.041 Loaded shared library C:\Program Files\Java\jdk-19\bin\instrument.dll
Event: 0.047 Loaded shared library C:\Program Files\Java\jdk-19\bin\net.dll
Event: 0.048 Loaded shared library C:\Program Files\Java\jdk-19\bin\nio.dll
Event: 0.050 Loaded shared library C:\Program Files\Java\jdk-19\bin\zip.dll
Event: 0.062 Loaded shared library C:\Program Files\JetBrains\IntelliJ IDEA 2022.1.2\bin\breakgen64.dll
Event: 0.068 Loaded shared library C:\Program Files\Java\jdk-19\bin\extnet.dll
Event: 0.116 Loaded shared library C:\Program Files\Java\jdk-19\bin\jimage.dll
Event: 0.161 Loaded shared library C:\Users\99293\AppData\Local\Temp\jansi-2.4.0-c53c860acde2e563-jansi.dll
Event: 0.168 Loaded shared library C:\Program Files\Java\jdk-19\bin\verify.dll

Deoptimization events (20 events):
Event: 6.514 Thread 0x000001b9ef6f06a0 Uncommon trap: trap_request=0xffffff45 fr.pc=0x000001b987deaf84 relative=0x0000000000000744
Event: 6.514 Thread 0x000001b9ef6f06a0 Uncommon trap: reason=unstable_if action=reinterpret pc=0x000001b987deaf84 method=org.codehaus.plexus.classworlds.realm.Entry.matches(Ljava/lang/String;)Z @ 20 c2
Event: 6.514 Thread 0x000001b9ef6f06a0 DEOPT PACKING pc=0x000001b987deaf84 sp=0x0000006f717fdb40
Event: 6.514 Thread 0x000001b9ef6f06a0 DEOPT UNPACKING pc=0x000001b9874b6da3 sp=0x0000006f717fdac8 mode 2
Event: 6.514 Thread 0x000001b9ef6f06a0 Uncommon trap: trap_request=0xffffffc6 fr.pc=0x000001b987fbd638 relative=0x0000000000000098
Event: 6.514 Thread 0x000001b9ef6f06a0 Uncommon trap: reason=bimorphic_or_optimized_type_check action=maybe_recompile pc=0x000001b987fbd638 method=java.util.Collections$3.hasMoreElements()Z @ 4 c2
Event: 6.514 Thread 0x000001b9ef6f06a0 DEOPT PACKING pc=0x000001b987fbd638 sp=0x0000006f717fdc70
Event: 6.514 Thread 0x000001b9ef6f06a0 DEOPT UNPACKING pc=0x000001b9874b6da3 sp=0x0000006f717fdc00 mode 2
Event: 6.514 Thread 0x000001b9ef6f06a0 Uncommon trap: trap_request=0xffffffc6 fr.pc=0x000001b987fbd638 relative=0x0000000000000098
Event: 6.514 Thread 0x000001b9ef6f06a0 Uncommon trap: reason=bimorphic_or_optimized_type_check action=maybe_recompile pc=0x000001b987fbd638 method=java.util.Collections$3.hasMoreElements()Z @ 4 c2
Event: 6.514 Thread 0x000001b9ef6f06a0 DEOPT PACKING pc=0x000001b987fbd638 sp=0x0000006f717fdcd0
Event: 6.514 Thread 0x000001b9ef6f06a0 DEOPT UNPACKING pc=0x000001b9874b6da3 sp=0x0000006f717fdc60 mode 2
Event: 6.514 Thread 0x000001b9ef6f06a0 Uncommon trap: trap_request=0xffffffc6 fr.pc=0x000001b987fbd638 relative=0x0000000000000098
Event: 6.514 Thread 0x000001b9ef6f06a0 Uncommon trap: reason=bimorphic_or_optimized_type_check action=maybe_recompile pc=0x000001b987fbd638 method=java.util.Collections$3.hasMoreElements()Z @ 4 c2
Event: 6.514 Thread 0x000001b9ef6f06a0 DEOPT PACKING pc=0x000001b987fbd638 sp=0x0000006f717fdde0
Event: 6.514 Thread 0x000001b9ef6f06a0 DEOPT UNPACKING pc=0x000001b9874b6da3 sp=0x0000006f717fdd70 mode 2
Event: 6.514 Thread 0x000001b9ef6f06a0 Uncommon trap: trap_request=0xffffffc6 fr.pc=0x000001b987fbd638 relative=0x0000000000000098
Event: 6.514 Thread 0x000001b9ef6f06a0 Uncommon trap: reason=bimorphic_or_optimized_type_check action=maybe_recompile pc=0x000001b987fbd638 method=java.util.Collections$3.hasMoreElements()Z @ 4 c2
Event: 6.514 Thread 0x000001b9ef6f06a0 DEOPT PACKING pc=0x000001b987fbd638 sp=0x0000006f717fdec0
Event: 6.514 Thread 0x000001b9ef6f06a0 DEOPT UNPACKING pc=0x000001b9874b6da3 sp=0x0000006f717fde50 mode 2

Classes loaded (20 events):
Event: 6.215 Loading class java/util/concurrent/ConcurrentLinkedDeque$AbstractItr done
Event: 6.215 Loading class java/util/concurrent/ConcurrentLinkedDeque$Itr done
Event: 6.394 Loading class javax/management/MBeanServerConnection
Event: 6.394 Loading class javax/management/MBeanServerConnection done
Event: 6.394 Loading class javax/management/InstanceNotFoundException
Event: 6.394 Loading class javax/management/OperationsException
Event: 6.394 Loading class javax/management/JMException
Event: 6.394 Loading class javax/management/JMException done
Event: 6.394 Loading class javax/management/OperationsException done
Event: 6.394 Loading class javax/management/InstanceNotFoundException done
Event: 6.401 Loading class javax/management/ReflectionException
Event: 6.401 Loading class javax/management/ReflectionException done
Event: 6.408 Loading class java/util/jar/JarOutputStream
Event: 6.408 Loading class java/util/zip/ZipOutputStream
Event: 6.408 Loading class java/util/zip/ZipOutputStream done
Event: 6.408 Loading class java/util/jar/JarOutputStream done
Event: 6.516 Loading class java/lang/invoke/DirectMethodHandle$Special
Event: 6.516 Loading class java/lang/invoke/DirectMethodHandle$Special done
Event: 6.535 Loading class java/util/jar/JarInputStream
Event: 6.535 Loading class java/util/jar/JarInputStream done

Classes unloaded (0 events):
No events

Classes redefined (0 events):
No events

Internal exceptions (20 events):
Event: 5.570 Thread 0x000001b9ef6f06a0 Exception <a 'sun/nio/fs/WindowsException'{0x000000070f7146b0}> (0x000000070f7146b0) 
thrown [s\open\src\hotspot\share\prims\jni.cpp, line 517]
Event: 5.570 Thread 0x000001b9ef6f06a0 Exception <a 'sun/nio/fs/WindowsException'{0x000000070f714a10}> (0x000000070f714a10) 
thrown [s\open\src\hotspot\share\prims\jni.cpp, line 517]
Event: 5.570 Thread 0x000001b9ef6f06a0 Exception <a 'sun/nio/fs/WindowsException'{0x000000070f7164b0}> (0x000000070f7164b0) 
thrown [s\open\src\hotspot\share\prims\jni.cpp, line 517]
Event: 5.570 Thread 0x000001b9ef6f06a0 Exception <a 'sun/nio/fs/WindowsException'{0x000000070f7168a0}> (0x000000070f7168a0) 
thrown [s\open\src\hotspot\share\prims\jni.cpp, line 517]
Event: 5.573 Thread 0x000001b9ef6f06a0 Exception <a 'sun/nio/fs/WindowsException'{0x000000070f7f21a0}> (0x000000070f7f21a0) 
thrown [s\open\src\hotspot\share\prims\jni.cpp, line 517]
Event: 5.573 Thread 0x000001b9ef6f06a0 Exception <a 'sun/nio/fs/WindowsException'{0x000000070f7f2888}> (0x000000070f7f2888) 
thrown [s\open\src\hotspot\share\prims\jni.cpp, line 517]
Event: 5.573 Thread 0x000001b9ef6f06a0 Exception <a 'sun/nio/fs/WindowsException'{0x000000070f7f31c8}> (0x000000070f7f31c8) 
thrown [s\open\src\hotspot\share\prims\jni.cpp, line 517]
Event: 5.578 Thread 0x000001b9ef6f06a0 Exception <a 'sun/nio/fs/WindowsException'{0x000000070f5b3fd0}> (0x000000070f5b3fd0) 
thrown [s\open\src\hotspot\share\prims\jni.cpp, line 517]
Event: 5.578 Thread 0x000001b9ef6f06a0 Exception <a 'sun/nio/fs/WindowsException'{0x000000070f5b46b8}> (0x000000070f5b46b8) 
thrown [s\open\src\hotspot\share\prims\jni.cpp, line 517]
Event: 5.578 Thread 0x000001b9ef6f06a0 Exception <a 'sun/nio/fs/WindowsException'{0x000000070f5b4ff8}> (0x000000070f5b4ff8) 
thrown [s\open\src\hotspot\share\prims\jni.cpp, line 517]
Event: 5.645 Thread 0x000001b9ef6f06a0 Implicit null exception at 0x000001b987dd54ee to 0x000001b987dd96f4
Event: 5.645 Thread 0x000001b9ef6f06a0 Implicit null exception at 0x000001b987dc207a to 0x000001b987dc32f4
Event: 5.827 Thread 0x000001b9ef6f06a0 Exception <a 'java/lang/NoSuchMethodError'{0x000000070dbd61c8}: 'java.lang.String org.apache.maven.execution.MavenExecutionRequest.getFailureBehavior()'> (0x000000070dbd61c8) 
thrown [s\open\src\hotspot\share\interpreter\linkResolver.cpp, line 870]
Event: 5.832 Thread 0x000001b99a86c970 Exception <a 'java/lang/NoSuchMethodError'{0x000000070da3b7a0}: 'java.lang.Object java.lang.invoke.DirectMethodHandle$Holder.invokeStatic(java.lang.Object, long, java.lang.Object)'> (0x000000070da3b7a0) 
thrown [s\open\src\hotspot\share\interpreter\linkResolver.cpp, line 774]
Event: 5.832 Thread 0x000001b99a86c970 Exception <a 'java/lang/NoSuchMethodError'{0x000000070da3edf0}: 'java.lang.Object java.lang.invoke.DirectMethodHandle$Holder.invokeStaticInit(java.lang.Object, long, java.lang.Object)'> (0x000000070da3edf0) 
thrown [s\open\src\hotspot\share\interpreter\linkResolver.cpp, line 774]
Event: 5.833 Thread 0x000001b99a86c970 Exception <a 'java/lang/NoSuchMethodError'{0x000000070da44a40}: 'java.lang.Object java.lang.invoke.DirectMethodHandle$Holder.newInvokeSpecial(java.lang.Object, long)'> (0x000000070da44a40) 
thrown [s\open\src\hotspot\share\interpreter\linkResolver.cpp, line 774]
Event: 5.834 Thread 0x000001b99a86c970 Exception <a 'java/lang/NoSuchMethodError'{0x000000070da49278}: 'long java.lang.invoke.DirectMethodHandle$Holder.invokeInterface(java.lang.Object, java.lang.Object)'> (0x000000070da49278) 
thrown [s\open\src\hotspot\share\interpreter\linkResolver.cpp, line 774]
Event: 5.835 Thread 0x000001b99a86c970 Exception <a 'java/lang/NoSuchMethodError'{0x000000070da4cbe0}: 'long java.lang.invoke.DelegatingMethodHandle$Holder.reinvoke_L(java.lang.Object, java.lang.Object)'> (0x000000070da4cbe0) 
thrown [s\open\src\hotspot\share\interpreter\linkResolver.cpp, line 774]
Event: 6.038 Thread 0x000001b9ef6f06a0 Implicit null exception at 0x000001b98827784b to 0x000001b988277a40
Event: 6.429 Thread 0x000001b9ef6f06a0 Exception <a 'java/lang/NoClassDefFoundError'{0x000000070d68c4f0}: org/sonatype/aether/version/VersionConstraint> (0x000000070d68c4f0) 
thrown [s\open\src\hotspot\share\classfile\systemDictionary.cpp, line 244]

VM Operations (20 events):
Event: 6.021 Executing VM operation: HandshakeAllThreads
Event: 6.021 Executing VM operation: HandshakeAllThreads done
Event: 6.059 Executing VM operation: HandshakeAllThreads
Event: 6.059 Executing VM operation: HandshakeAllThreads done
Event: 6.173 Executing VM operation: HandshakeAllThreads
Event: 6.173 Executing VM operation: HandshakeAllThreads done
Event: 6.177 Executing VM operation: G1CollectForAllocation
Event: 6.183 Executing VM operation: G1CollectForAllocation done
Event: 6.210 Executing VM operation: HandshakeAllThreads
Event: 6.210 Executing VM operation: HandshakeAllThreads done
Event: 6.211 Executing VM operation: HandshakeAllThreads
Event: 6.211 Executing VM operation: HandshakeAllThreads done
Event: 6.435 Executing VM operation: CollectForMetadataAllocation
Event: 6.441 Executing VM operation: CollectForMetadataAllocation done
Event: 6.458 Executing VM operation: G1PauseRemark
Event: 6.463 Executing VM operation: G1PauseRemark done
Event: 6.478 Executing VM operation: G1PauseCleanup
Event: 6.478 Executing VM operation: G1PauseCleanup done
Event: 6.536 Executing VM operation: HandshakeAllThreads
Event: 6.536 Executing VM operation: HandshakeAllThreads done

Events (20 events):
Event: 6.185 Thread 0x000001b99b544c80 Thread added: 0x000001b99b544c80
Event: 6.186 Thread 0x000001b99b541760 Thread added: 0x000001b99b541760
Event: 6.186 Thread 0x000001b99b542ca0 Thread added: 0x000001b99b542ca0
Event: 6.227 Thread 0x000001b99a926fd0 Thread exited: 0x000001b99a926fd0
Event: 6.228 Thread 0x000001b99a86a990 Thread exited: 0x000001b99a86a990
Event: 6.228 Thread 0x000001b99a867f10 Thread exited: 0x000001b99a867f10
Event: 6.228 Thread 0x000001b99b544c80 Thread exited: 0x000001b99b544c80
Event: 6.228 Thread 0x000001b99a86d410 Thread exited: 0x000001b99a86d410
Event: 6.228 Thread 0x000001b99a869ef0 Thread exited: 0x000001b99a869ef0
Event: 6.228 Thread 0x000001b99a868460 Thread exited: 0x000001b99a868460
Event: 6.228 Thread 0x000001b99a86b980 Thread exited: 0x000001b99a86b980
Event: 6.228 Thread 0x000001b99a866480 Thread exited: 0x000001b99a866480
Event: 6.228 Thread 0x000001b99a86c970 Thread exited: 0x000001b99a86c970
Event: 6.228 Thread 0x000001b99b5486f0 Thread exited: 0x000001b99b5486f0
Event: 6.228 Thread 0x000001b99a8699a0 Thread exited: 0x000001b99a8699a0
Event: 6.228 Thread 0x000001b99b542ca0 Thread exited: 0x000001b99b542ca0
Event: 6.228 Thread 0x000001b99b541760 Thread exited: 0x000001b99b541760
Event: 6.228 Thread 0x000001b99a868f00 Thread exited: 0x000001b99a868f00
Event: 6.228 Thread 0x000001b99a869450 Thread exited: 0x000001b99a869450
Event: 6.228 Thread 0x000001b99a8689b0 Thread exited: 0x000001b99a8689b0


Dynamic libraries:
0x00007ff7c15a0000 - 0x00007ff7c15b0000 	C:\Program Files\Java\jdk-19\bin\java.exe
0x00007ff9ebed0000 - 0x00007ff9ec0e7000 	C:\WINDOWS\SYSTEM32\ntdll.dll
0x00007ff9eabf0000 - 0x00007ff9eacb4000 	C:\WINDOWS\System32\KERNEL32.DLL
0x00007ff9e9520000 - 0x00007ff9e98cd000 	C:\WINDOWS\System32\KERNELBASE.dll
0x00007ff9e9900000 - 0x00007ff9e9a11000 	C:\WINDOWS\System32\ucrtbase.dll
0x00007ff9d8a40000 - 0x00007ff9d8a5b000 	C:\Program Files\Java\jdk-19\bin\VCRUNTIME140.dll
0x00007ff9d93a0000 - 0x00007ff9d93b8000 	C:\Program Files\Java\jdk-19\bin\jli.dll
0x00007ff9ea2f0000 - 0x00007ff9ea3a2000 	C:\WINDOWS\System32\ADVAPI32.dll
0x00007ff9ea400000 - 0x00007ff9ea4a7000 	C:\WINDOWS\System32\msvcrt.dll
0x00007ff9ebdb0000 - 0x00007ff9ebe59000 	C:\WINDOWS\System32\sechost.dll
0x00007ff9e9300000 - 0x00007ff9e9328000 	C:\WINDOWS\System32\bcrypt.dll
0x00007ff9ea1d0000 - 0x00007ff9ea2e4000 	C:\WINDOWS\System32\RPCRT4.dll
0x00007ff9eb6f0000 - 0x00007ff9eb89e000 	C:\WINDOWS\System32\USER32.dll
0x00007ff9e98d0000 - 0x00007ff9e98f6000 	C:\WINDOWS\System32\win32u.dll
0x00007ff9ea3b0000 - 0x00007ff9ea3d9000 	C:\WINDOWS\System32\GDI32.dll
0x00007ff9d6740000 - 0x00007ff9d69d3000 	C:\WINDOWS\WinSxS\amd64_microsoft.windows.common-controls_6595b64144ccf1df_6.0.22621.3672_none_2713b9d173822955\COMCTL32.dll
0x00007ff9e9ac0000 - 0x00007ff9e9bd9000 	C:\WINDOWS\System32\gdi32full.dll
0x00007ff9e9a20000 - 0x00007ff9e9aba000 	C:\WINDOWS\System32\msvcp_win.dll
0x00007ff9e0b20000 - 0x00007ff9e0b2a000 	C:\WINDOWS\SYSTEM32\VERSION.dll
0x00007ff9eadc0000 - 0x00007ff9eadf1000 	C:\WINDOWS\System32\IMM32.DLL
0x00007ff9e32a0000 - 0x00007ff9e32ac000 	C:\Program Files\Java\jdk-19\bin\vcruntime140_1.dll
0x00007ff9a2230000 - 0x00007ff9a22be000 	C:\Program Files\Java\jdk-19\bin\msvcp140.dll
0x00007ff95ed50000 - 0x00007ff95fa10000 	C:\Program Files\Java\jdk-19\bin\server\jvm.dll
0x00007ff9e2e20000 - 0x00007ff9e2e54000 	C:\WINDOWS\SYSTEM32\WINMM.dll
0x00007ff9e2af0000 - 0x00007ff9e2af9000 	C:\WINDOWS\SYSTEM32\WSOCK32.dll
0x00007ff9ebc30000 - 0x00007ff9ebca1000 	C:\WINDOWS\System32\WS2_32.dll
0x00007ff9e82f0000 - 0x00007ff9e8308000 	C:\WINDOWS\SYSTEM32\kernel.appcore.dll
0x00007ff9e3240000 - 0x00007ff9e324a000 	C:\Program Files\Java\jdk-19\bin\jimage.dll
0x00007ff9e6a30000 - 0x00007ff9e6c62000 	C:\WINDOWS\SYSTEM32\DBGHELP.DLL
0x00007ff9eb8a0000 - 0x00007ff9ebc28000 	C:\WINDOWS\System32\combase.dll
0x00007ff9ebcb0000 - 0x00007ff9ebd87000 	C:\WINDOWS\System32\OLEAUT32.dll
0x00007ff9ddbf0000 - 0x00007ff9ddc22000 	C:\WINDOWS\SYSTEM32\dbgcore.DLL
0x00007ff9e94a0000 - 0x00007ff9e951b000 	C:\WINDOWS\System32\bcryptPrimitives.dll
0x00007ff9e1110000 - 0x00007ff9e111e000 	C:\Program Files\Java\jdk-19\bin\instrument.dll
0x00007ff9cff60000 - 0x00007ff9cff86000 	C:\Program Files\Java\jdk-19\bin\java.dll
0x00007ff971df0000 - 0x00007ff971ec7000 	C:\Program Files\Java\jdk-19\bin\jsvml.dll
0x00007ff9eae90000 - 0x00007ff9eb6ef000 	C:\WINDOWS\System32\SHELL32.dll
0x00007ff9e70f0000 - 0x00007ff9e79ec000 	C:\WINDOWS\SYSTEM32\windows.storage.dll
0x00007ff9e6fa0000 - 0x00007ff9e70df000 	C:\WINDOWS\SYSTEM32\wintypes.dll
0x00007ff9ea0c0000 - 0x00007ff9ea1b4000 	C:\WINDOWS\System32\SHCORE.dll
0x00007ff9eab90000 - 0x00007ff9eabee000 	C:\WINDOWS\System32\shlwapi.dll
0x00007ff9e9100000 - 0x00007ff9e9121000 	C:\WINDOWS\SYSTEM32\profapi.dll
0x00007ff9d0d80000 - 0x00007ff9d0d98000 	C:\Program Files\Java\jdk-19\bin\zip.dll
0x00007ff9d8a20000 - 0x00007ff9d8a33000 	C:\Program Files\Java\jdk-19\bin\net.dll
0x00007ff9e49c0000 - 0x00007ff9e4af6000 	C:\WINDOWS\SYSTEM32\WINHTTP.dll
0x00007ff9e8760000 - 0x00007ff9e87c9000 	C:\WINDOWS\system32\mswsock.dll
0x00007ff9d7360000 - 0x00007ff9d7376000 	C:\Program Files\Java\jdk-19\bin\nio.dll
0x00007ff9ddcb0000 - 0x00007ff9ddcca000 	C:\Program Files\JetBrains\IntelliJ IDEA 2022.1.2\bin\breakgen64.dll
0x00007ff9e30e0000 - 0x00007ff9e30e8000 	C:\Program Files\Java\jdk-19\bin\extnet.dll
0x0000000069ac0000 - 0x0000000069ae4000 	C:\Users\99293\AppData\Local\Temp\jansi-2.4.0-c53c860acde2e563-jansi.dll
0x00007ff9e11c0000 - 0x00007ff9e11d0000 	C:\Program Files\Java\jdk-19\bin\verify.dll

dbghelp: loaded successfully - version: 4.0.5 - missing functions: none
symbol engine: initialized successfully - sym options: 0x614 - pdb path: .;C:\Program Files\Java\jdk-19\bin;C:\WINDOWS\SYSTEM32;C:\WINDOWS\WinSxS\amd64_microsoft.windows.common-controls_6595b64144ccf1df_6.0.22621.3672_none_2713b9d173822955;C:\Program Files\Java\jdk-19\bin\server;C:\Program Files\JetBrains\IntelliJ IDEA 2022.1.2\bin;C:\Users\99293\AppData\Local\Temp

VM Arguments:
jvm_args: -Dmaven.multiModuleProjectDirectory=D:\unitedStates_storage-master\unitedStates_storage -Dmaven.home=C:\Users\99293\.m2\wrapper\dists\apache-maven-3.8.6-bin\1ks0nkde5v1pk9vtc31i9d0lcd\apache-maven-3.8.6 -Dclassworlds.conf=C:\Users\99293\.m2\wrapper\dists\apache-maven-3.8.6-bin\1ks0nkde5v1pk9vtc31i9d0lcd\apache-maven-3.8.6\bin\m2.conf -Dmaven.ext.class.path=C:\Program Files\JetBrains\IntelliJ IDEA 2022.1.2\plugins\maven\lib\maven-event-listener.jar -javaagent:C:\Program Files\JetBrains\IntelliJ IDEA 2022.1.2\lib\idea_rt.jar=57378:C:\Program Files\JetBrains\IntelliJ IDEA 2022.1.2\bin -Dfile.encoding=UTF-8 
java_command: org.codehaus.classworlds.Launcher -Didea.version=2022.1.2 package
java_class_path (initial): C:\Users\99293\.m2\wrapper\dists\apache-maven-3.8.6-bin\1ks0nkde5v1pk9vtc31i9d0lcd\apache-maven-3.8.6\boot\plexus-classworlds-2.6.0.jar;C:\Users\99293\.m2\wrapper\dists\apache-maven-3.8.6-bin\1ks0nkde5v1pk9vtc31i9d0lcd\apache-maven-3.8.6\boot\plexus-classworlds.license
Launcher Type: SUN_STANDARD

[Global flags]
     intx CICompilerCount                          = 12                                        {product} {ergonomic}
     uint ConcGCThreads                            = 3                                         {product} {ergonomic}
     uint G1ConcRefinementThreads                  = 13                                        {product} {ergonomic}
   size_t G1HeapRegionSize                         = 2097152                                   {product} {ergonomic}
    uintx GCDrainStackTargetSize                   = 64                                        {product} {ergonomic}
   size_t InitialHeapSize                          = 264241152                                 {product} {ergonomic}
   size_t MarkStackSize                            = 4194304                                   {product} {ergonomic}
   size_t MaxHeapSize                              = 4196401152                                {product} {ergonomic}
   size_t MaxNewSize                               = 2516582400                                {product} {ergonomic}
   size_t MinHeapDeltaBytes                        = 2097152                                   {product} {ergonomic}
   size_t MinHeapSize                              = 8388608                                   {product} {ergonomic}
    uintx NonNMethodCodeHeapSize                   = 7602480                                {pd product} {ergonomic}
    uintx NonProfiledCodeHeapSize                  = 122027880                              {pd product} {ergonomic}
    uintx ProfiledCodeHeapSize                     = 122027880                              {pd product} {ergonomic}
    uintx ReservedCodeCacheSize                    = 251658240                              {pd product} {ergonomic}
     bool SegmentedCodeCache                       = true                                      {product} {ergonomic}
   size_t SoftMaxHeapSize                          = 4196401152                             {manageable} {ergonomic}
     bool UseCompressedClassPointers               = true                           {product lp64_product} {ergonomic}
     bool UseCompressedOops                        = true                           {product lp64_product} {ergonomic}
     bool UseG1GC                                  = true                                      {product} {ergonomic}
     bool UseLargePagesIndividualAllocation        = false                                  {pd product} {ergonomic}

Logging:
Log output configuration:
 #0: stdout all=warning uptime,level,tags foldmultilines=false
 #1: stderr all=off uptime,level,tags foldmultilines=false

Environment Variables:
JAVA_HOME=C:\Program Files\Java\jdk-19
PATH=C:\Program Files\Common Files\Oracle\Java\javapath;C:\Windows\system32;C:\Windows;C:\Windows\System32\Wbem;C:\Windows\System32\WindowsPowerShell\v1.0\;C:\Windows\System32\OpenSSH\;C:\Program Files (x86)\NVIDIA Corporation\PhysX\Common;C:\Program Files\NVIDIA Corporation\NVIDIA NvDLISR;C:\Program Files\Git\cmd;C:\Program Files (x86)\dotnet\;C:\WINDOWS\system32;C:\WINDOWS;C:\WINDOWS\System32\Wbem;C:\WINDOWS\System32\WindowsPowerShell\v1.0\;C:\WINDOWS\System32\OpenSSH\;C:\Program Files\Java\jdk-19\bin;C:\Users\99293\AppData\Local\Programs\Python\Python311\Scripts\;C:\Users\99293\AppData\Local\Programs\Python\Python311\;C:\Users\99293\AppData\Local\Microsoft\WindowsApps;;C:\Program Files\JetBrains\IntelliJ IDEA 2022.1.2\bin;;C:\Program Files\heroku\bin
USERNAME=ASUS
OS=Windows_NT
PROCESSOR_IDENTIFIER=Intel64 Family 6 Model 154 Stepping 3, GenuineIntel
TMP=C:\Users\99293\AppData\Local\Temp
TEMP=C:\Users\99293\AppData\Local\Temp



---------------  S Y S T E M  ---------------

OS:
 Windows 11 , 64 bit Build 22621 (10.0.22621.3672)
OS uptime: 1 days 1:42 hours
Hyper-V role detected

CPU: total 16 (initial active 16) (8 cores per cpu, 2 threads per core) family 6 model 154 stepping 3 microcode 0x41c, cx8, cmov, fxsr, ht, mmx, 3dnowpref, sse, sse2, sse3, ssse3, sse4.1, sse4.2, popcnt, lzcnt, tsc, tscinvbit, avx, avx2, aes, erms, clmul, bmi1, bmi2, adx, sha, fma, vzeroupper, clflush, clflushopt, clwb, hv, serialize, rdtscp, rdpid, fsrm

Memory: 4k page, system-wide physical 16005M (1746M free)
TotalPageFile size 18053M (AvailPageFile size 5M)
current process WorkingSet (physical memory assigned to process): 473M, peak: 477M
current process commit charge ("private bytes"): 528M, peak: 532M

vm_info: Java HotSpot(TM) 64-Bit Server VM (19.0.2+7-44) for windows-amd64 JRE (19.0.2+7-44), built on 2022-11-30T18:02:09Z by "mach5one" with MS VC++ 17.1 (VS2022)

END.
