#
# There is insufficient memory for the Java Runtime Environment to continue.
# Native memory allocation (malloc) failed to allocate 5904336 bytes for Chunk::new
# Possible reasons:
#   The system is out of physical RAM or swap space
#   The process is running with CompressedOops enabled, and the Java Heap may be blocking the growth of the native heap
# Possible solutions:
#   Reduce memory load on the system
#   Increase physical memory or swap space
#   Check if swap backing store is full
#   Decrease Java heap size (-Xmx/-Xms)
#   Decrease number of Java threads
#   Decrease Java thread stack sizes (-Xss)
#   Set larger code cache with -XX:ReservedCodeCacheSize=
#   JVM is running with Zero Based Compressed Oops mode in which the Java heap is
#     placed in the first 32GB address space. The Java Heap base address is the
#     maximum limit for the native heap growth. Please use -XX:HeapBaseMinAddress
#     to set the Java Heap base and to place the Java Heap above 32GB virtual address.
# This output file may be truncated or incomplete.
#
#  Out of Memory Error (arena.cpp:184), pid=1704, tid=21852
#
# JRE version: Java(TM) SE Runtime Environment (19.0.2+7) (build 19.0.2+7-44)
# Java VM: Java HotSpot(TM) 64-Bit Server VM (19.0.2+7-44, mixed mode, sharing, tiered, compressed oops, compressed class ptrs, g1 gc, windows-amd64)
# No core dump will be written. Minidumps are not enabled by default on client versions of Windows
#

---------------  S U M M A R Y ------------

Command Line: -Dmaven.multiModuleProjectDirectory=D:\unitedStates original storage\unitedStates duplicates original storage -Dmaven.home=C:\Users\99293\.m2\wrapper\dists\apache-maven-3.8.6-bin\1ks0nkde5v1pk9vtc31i9d0lcd\apache-maven-3.8.6 -Dclassworlds.conf=C:\Users\99293\.m2\wrapper\dists\apache-maven-3.8.6-bin\1ks0nkde5v1pk9vtc31i9d0lcd\apache-maven-3.8.6\bin\m2.conf -Dmaven.ext.class.path=C:\Program Files\JetBrains\IntelliJ IDEA 2022.1.2\plugins\maven\lib\maven-event-listener.jar -javaagent:C:\Program Files\JetBrains\IntelliJ IDEA 2022.1.2\lib\idea_rt.jar=65236:C:\Program Files\JetBrains\IntelliJ IDEA 2022.1.2\bin -Dfile.encoding=UTF-8 org.codehaus.classworlds.Launcher -Didea.version=2022.1.2 package

Host: 12th Gen Intel(R) Core(TM) i7-12650H, 16 cores, 15G,  Windows 11 , 64 bit Build 22621 (10.0.22621.3374)
Time: Sun May  5 22:16:39 2024  Windows 11 , 64 bit Build 22621 (10.0.22621.3374) elapsed time: 8.232236 seconds (0d 0h 0m 8s)

---------------  T H R E A D  ---------------

Current thread (0x0000021589191820):  JavaThread "C2 CompilerThread4" daemon [_thread_in_native, id=21852, stack(0x00000093e3e00000,0x00000093e3f00000)]


Current CompileTask:
C2:   8232 11829       4       org.codehaus.plexus.classworlds.realm.ClassRealm::loadClass (7 bytes)

Stack: [0x00000093e3e00000,0x00000093e3f00000]
Native frames: (J=compiled Java code, j=interpreted, Vv=VM code, C=native code)
V  [jvm.dll+0x6ee21a]
V  [jvm.dll+0x85765e]
V  [jvm.dll+0x85904e]
V  [jvm.dll+0x859703]
V  [jvm.dll+0x28298f]
V  [jvm.dll+0xc9adf]
V  [jvm.dll+0xc9e65]
V  [jvm.dll+0x3bca12]
V  [jvm.dll+0x3860e1]
V  [jvm.dll+0x38555a]
V  [jvm.dll+0x24c3d9]
V  [jvm.dll+0x24b781]
V  [jvm.dll+0x1d6ce1]
V  [jvm.dll+0x25b25a]
V  [jvm.dll+0x2596e8]
V  [jvm.dll+0x807588]
V  [jvm.dll+0x80125a]
V  [jvm.dll+0x6ecf0b]
C  [ucrtbase.dll+0x29333]
C  [KERNEL32.DLL+0x1257d]
C  [ntdll.dll+0x5aa48]


---------------  P R O C E S S  ---------------

Threads class SMR info:
_java_thread_list=0x000002158d09b030, length=21, elements={
0x00000215e06adc30, 0x00000215ffc1bf70, 0x00000215ffc1c710, 0x00000215ffc1f920,
0x00000215ffc243e0, 0x00000215ffc27ae0, 0x00000215ffc28360, 0x00000215ffc2cff0,
0x00000215ffc2d8b0, 0x00000215ffc2de30, 0x00000215ffbf26b0, 0x00000215ffbf2f60,
0x0000021588655fe0, 0x0000021588656970, 0x0000021588755330, 0x0000021588755870,
0x0000021588b154a0, 0x0000021589191290, 0x000002158918f130, 0x0000021589191820,
0x000002158918e610
}

Java Threads: ( => current thread )
  0x00000215e06adc30 JavaThread "main" [_thread_in_native, id=3156, stack(0x00000093e2400000,0x00000093e2500000)]
  0x00000215ffc1bf70 JavaThread "Reference Handler" daemon [_thread_blocked, id=13184, stack(0x00000093e2b00000,0x00000093e2c00000)]
  0x00000215ffc1c710 JavaThread "Finalizer" daemon [_thread_blocked, id=21368, stack(0x00000093e2c00000,0x00000093e2d00000)]
  0x00000215ffc1f920 JavaThread "Signal Dispatcher" daemon [_thread_blocked, id=16076, stack(0x00000093e2d00000,0x00000093e2e00000)]
  0x00000215ffc243e0 JavaThread "Attach Listener" daemon [_thread_blocked, id=6720, stack(0x00000093e2e00000,0x00000093e2f00000)]
  0x00000215ffc27ae0 JavaThread "Service Thread" daemon [_thread_blocked, id=25232, stack(0x00000093e2f00000,0x00000093e3000000)]
  0x00000215ffc28360 JavaThread "Monitor Deflation Thread" daemon [_thread_blocked, id=25128, stack(0x00000093e3000000,0x00000093e3100000)]
  0x00000215ffc2cff0 JavaThread "C2 CompilerThread0" daemon [_thread_in_native, id=16624, stack(0x00000093e3100000,0x00000093e3200000)]
  0x00000215ffc2d8b0 JavaThread "C1 CompilerThread0" daemon [_thread_blocked, id=18840, stack(0x00000093e3200000,0x00000093e3300000)]
  0x00000215ffc2de30 JavaThread "Sweeper thread" daemon [_thread_blocked, id=13892, stack(0x00000093e3300000,0x00000093e3400000)]
  0x00000215ffbf26b0 JavaThread "Common-Cleaner" daemon [_thread_blocked, id=13988, stack(0x00000093e3400000,0x00000093e3500000)]
  0x00000215ffbf2f60 JavaThread "C1 CompilerThread1" daemon [_thread_blocked, id=24344, stack(0x00000093e3500000,0x00000093e3600000)]
  0x0000021588655fe0 JavaThread "C1 CompilerThread2" daemon [_thread_blocked, id=6208, stack(0x00000093e3600000,0x00000093e3700000)]
  0x0000021588656970 JavaThread "C1 CompilerThread3" daemon [_thread_blocked, id=21240, stack(0x00000093e3700000,0x00000093e3800000)]
  0x0000021588755330 JavaThread "Monitor Ctrl-Break" daemon [_thread_in_native, id=5244, stack(0x00000093e3800000,0x00000093e3900000)]
  0x0000021588755870 JavaThread "Notification Thread" daemon [_thread_blocked, id=4420, stack(0x00000093e3900000,0x00000093e3a00000)]
  0x0000021588b154a0 JavaThread "C2 CompilerThread1" daemon [_thread_blocked, id=24684, stack(0x00000093e3b00000,0x00000093e3c00000)]
  0x0000021589191290 JavaThread "C2 CompilerThread2" daemon [_thread_blocked, id=21636, stack(0x00000093e3c00000,0x00000093e3d00000)]
  0x000002158918f130 JavaThread "C2 CompilerThread3" daemon [_thread_in_native, id=2236, stack(0x00000093e3d00000,0x00000093e3e00000)]
=>0x0000021589191820 JavaThread "C2 CompilerThread4" daemon [_thread_in_native, id=21852, stack(0x00000093e3e00000,0x00000093e3f00000)]
  0x000002158918e610 JavaThread "C2 CompilerThread5" daemon [_thread_in_native, id=22828, stack(0x00000093e3f00000,0x00000093e4000000)]

Other Threads:
  0x00000215ffc01690 VMThread "VM Thread" [stack: 0x00000093e2a00000,0x00000093e2b00000] [id=10732]
  0x0000021588758a50 WatcherThread "VM Periodic Task Thread" [stack: 0x00000093e3a00000,0x00000093e3b00000] [id=25596]
  0x00000215e071f830 WorkerThread "GC Thread#0" [stack: 0x00000093e2500000,0x00000093e2600000] [id=5172]
  0x0000021588a6eb20 WorkerThread "GC Thread#1" [stack: 0x00000093e4200000,0x00000093e4300000] [id=21248]
  0x0000021588a6e850 WorkerThread "GC Thread#2" [stack: 0x00000093e4300000,0x00000093e4400000] [id=22008]
  0x0000021588a6e580 WorkerThread "GC Thread#3" [stack: 0x00000093e4400000,0x00000093e4500000] [id=18208]
  0x0000021588a6d1d0 WorkerThread "GC Thread#4" [stack: 0x00000093e4500000,0x00000093e4600000] [id=23808]
  0x0000021588a6da40 WorkerThread "GC Thread#5" [stack: 0x00000093e4600000,0x00000093e4700000] [id=16444]
  0x0000021588a6d770 WorkerThread "GC Thread#6" [stack: 0x00000093e4700000,0x00000093e4800000] [id=22784]
  0x0000021588a6dd10 WorkerThread "GC Thread#7" [stack: 0x00000093e4800000,0x00000093e4900000] [id=24952]
  0x0000021589c139b0 WorkerThread "GC Thread#8" [stack: 0x00000093e4100000,0x00000093e4200000] [id=8168]
  0x0000021589c13c80 WorkerThread "GC Thread#9" [stack: 0x00000093e4900000,0x00000093e4a00000] [id=23428]
  0x0000021589c12ba0 WorkerThread "GC Thread#10" [stack: 0x00000093e4a00000,0x00000093e4b00000] [id=16404]
  0x0000021589c13f50 WorkerThread "GC Thread#11" [stack: 0x00000093e4000000,0x00000093e4100000] [id=7964]
  0x0000021589c15030 WorkerThread "GC Thread#12" [stack: 0x00000093e4b00000,0x00000093e4c00000] [id=20288]
  0x00000215e07301a0 ConcurrentGCThread "G1 Main Marker" [stack: 0x00000093e2600000,0x00000093e2700000] [id=6756]
  0x00000215e0730bd0 WorkerThread "G1 Conc#0" [stack: 0x00000093e2700000,0x00000093e2800000] [id=24948]
  0x0000021589c128d0 WorkerThread "G1 Conc#1" [stack: 0x00000093e4c00000,0x00000093e4d00000] [id=19808]
  0x0000021589c14220 WorkerThread "G1 Conc#2" [stack: 0x00000093e4d00000,0x00000093e4e00000] [id=24012]
  0x00000215e076e7d0 ConcurrentGCThread "G1 Refine#0" [stack: 0x00000093e2800000,0x00000093e2900000] [id=13168]
  0x00000215ffac0070 ConcurrentGCThread "G1 Service" [stack: 0x00000093e2900000,0x00000093e2a00000] [id=13552]

Threads with active compile tasks:
C2 CompilerThread0     8247 11830   !   4       org.codehaus.plexus.classworlds.realm.ClassRealm::loadClass (33 bytes)
C2 CompilerThread3     8247 12051   !   4       java.util.jar.Attributes::read (494 bytes)
C2 CompilerThread4     8247 11829       4       org.codehaus.plexus.classworlds.realm.ClassRealm::loadClass (7 bytes)
C2 CompilerThread5     8247 11842   !   4       java.lang.ClassLoader::loadClass (121 bytes)

VM state: not at safepoint (normal execution)

VM Mutex/Monitor currently owned by a thread: None

Heap address: 0x0000000705e00000, size: 4002 MB, Compressed Oops mode: Zero based, Oop shift amount: 3

CDS archive(s) mapped at: [0x0000000800000000-0x0000000800c40000-0x0000000800c40000), size 12845056, SharedBaseAddress: 0x0000000800000000, ArchiveRelocationMode: 0.
Compressed class space mapped at: 0x0000000801000000-0x0000000841000000, reserved size: 1073741824
Narrow klass base: 0x0000000800000000, Narrow klass shift: 0, Narrow klass range: 0x100000000

GC Precious Log:
 CardTable entry size: 512
 Card Set container configuration: InlinePtr #cards 4 size 8 Array Of Cards #cards 16 size 48 Howl #buckets 8 coarsen threshold 3686 Howl Bitmap #cards 512 size 80 coarsen threshold 460 Card regions per heap region 1 cards per card region 4096
 CPUs: 16 total, 16 available
 Memory: 16005M
 Large Page Support: Disabled
 NUMA Support: Disabled
 Compressed Oops: Enabled (Zero based)
 Heap Region Size: 2M
 Heap Min Capacity: 8M
 Heap Initial Capacity: 252M
 Heap Max Capacity: 4002M
 Pre-touch: Disabled
 Parallel Workers: 13
 Concurrent Workers: 3
 Concurrent Refinement Workers: 13
 Periodic GC: Disabled

Heap:
 garbage-first heap   total 258048K, used 75344K [0x0000000705e00000, 0x0000000800000000)
  region size 2048K, 13 young (26624K), 8 survivors (16384K)
 Metaspace       used 36415K, committed 37056K, reserved 1114112K
  class space    used 3750K, committed 4096K, reserved 1048576K

Heap Regions: E=young(eden), S=young(survivor), O=old, HS=humongous(starts), HC=humongous(continues), CS=collection set, F=free, OA=open archive, CA=closed archive, TAMS=top-at-mark-start (previous, next)
|   0|0x0000000705e00000, 0x0000000706000000, 0x0000000706000000|100%| O|  |TAMS 0x0000000706000000, 0x0000000705e00000| Untracked 
|   1|0x0000000706000000, 0x0000000706200000, 0x0000000706200000|100%| O|  |TAMS 0x0000000706200000, 0x0000000706000000| Untracked 
|   2|0x0000000706200000, 0x0000000706400000, 0x0000000706400000|100%| O|  |TAMS 0x0000000706400000, 0x0000000706200000| Untracked 
|   3|0x0000000706400000, 0x0000000706600000, 0x0000000706600000|100%| O|  |TAMS 0x0000000706600000, 0x0000000706400000| Untracked 
|   4|0x0000000706600000, 0x0000000706800000, 0x0000000706800000|100%| O|  |TAMS 0x0000000706800000, 0x0000000706600000| Untracked 
|   5|0x0000000706800000, 0x0000000706a00000, 0x0000000706a00000|100%| O|  |TAMS 0x0000000706a00000, 0x0000000706800000| Untracked 
|   6|0x0000000706a00000, 0x0000000706c00000, 0x0000000706c00000|100%| O|  |TAMS 0x0000000706c00000, 0x0000000706a00000| Untracked 
|   7|0x0000000706c00000, 0x0000000706e00000, 0x0000000706e00000|100%| O|  |TAMS 0x0000000706d39200, 0x0000000706c00000| Untracked 
|   8|0x0000000706e00000, 0x0000000707000000, 0x0000000707000000|100%| O|  |TAMS 0x0000000707000000, 0x0000000706e00000| Untracked 
|   9|0x0000000707000000, 0x0000000707200000, 0x0000000707200000|100%| O|  |TAMS 0x0000000707200000, 0x0000000707000000| Untracked 
|  10|0x0000000707200000, 0x0000000707200000, 0x0000000707400000|  0%| F|  |TAMS 0x0000000707200000, 0x0000000707200000| Untracked 
|  11|0x0000000707400000, 0x0000000707600000, 0x0000000707600000|100%| O|  |TAMS 0x0000000707600000, 0x0000000707400000| Untracked 
|  12|0x0000000707600000, 0x0000000707800000, 0x0000000707800000|100%| O|  |TAMS 0x0000000707600000, 0x0000000707600000| Untracked 
|  13|0x0000000707800000, 0x0000000707a00000, 0x0000000707a00000|100%| O|  |TAMS 0x0000000707800000, 0x0000000707800000| Untracked 
|  14|0x0000000707a00000, 0x0000000707a00000, 0x0000000707c00000|  0%| F|  |TAMS 0x0000000707a00000, 0x0000000707a00000| Untracked 
|  15|0x0000000707c00000, 0x0000000707e00000, 0x0000000707e00000|100%| O|  |TAMS 0x0000000707c00000, 0x0000000707c00000| Untracked 
|  16|0x0000000707e00000, 0x0000000708000000, 0x0000000708000000|100%| O|  |TAMS 0x0000000707e00000, 0x0000000707e00000| Untracked 
|  17|0x0000000708000000, 0x0000000708200000, 0x0000000708200000|100%| O|  |TAMS 0x0000000708000000, 0x0000000708000000| Untracked 
|  18|0x0000000708200000, 0x0000000708400000, 0x0000000708400000|100%| O|  |TAMS 0x0000000708200000, 0x0000000708200000| Untracked 
|  19|0x0000000708400000, 0x0000000708511200, 0x0000000708600000| 53%| O|  |TAMS 0x0000000708400000, 0x0000000708400000| Untracked 
|  20|0x0000000708600000, 0x0000000708800000, 0x0000000708800000|100%|HS|  |TAMS 0x0000000708600000, 0x0000000708600000| Complete 
|  21|0x0000000708800000, 0x0000000708a00000, 0x0000000708a00000|100%|HC|  |TAMS 0x0000000708800000, 0x0000000708800000| Complete 
|  22|0x0000000708a00000, 0x0000000708a00000, 0x0000000708c00000|  0%| F|  |TAMS 0x0000000708a00000, 0x0000000708a00000| Untracked 
|  23|0x0000000708c00000, 0x0000000708c00000, 0x0000000708e00000|  0%| F|  |TAMS 0x0000000708c00000, 0x0000000708c00000| Untracked 
|  24|0x0000000708e00000, 0x0000000708e00000, 0x0000000709000000|  0%| F|  |TAMS 0x0000000708e00000, 0x0000000708e00000| Untracked 
|  25|0x0000000709000000, 0x0000000709000000, 0x0000000709200000|  0%| F|  |TAMS 0x0000000709000000, 0x0000000709000000| Untracked 
|  26|0x0000000709200000, 0x0000000709200000, 0x0000000709400000|  0%| F|  |TAMS 0x0000000709200000, 0x0000000709200000| Untracked 
|  27|0x0000000709400000, 0x0000000709400000, 0x0000000709600000|  0%| F|  |TAMS 0x0000000709400000, 0x0000000709400000| Untracked 
|  28|0x0000000709600000, 0x0000000709600000, 0x0000000709800000|  0%| F|  |TAMS 0x0000000709600000, 0x0000000709600000| Untracked 
|  29|0x0000000709800000, 0x0000000709800000, 0x0000000709a00000|  0%| F|  |TAMS 0x0000000709800000, 0x0000000709800000| Untracked 
|  30|0x0000000709a00000, 0x0000000709a00000, 0x0000000709c00000|  0%| F|  |TAMS 0x0000000709a00000, 0x0000000709a00000| Untracked 
|  31|0x0000000709c00000, 0x0000000709c00000, 0x0000000709e00000|  0%| F|  |TAMS 0x0000000709c00000, 0x0000000709c00000| Untracked 
|  32|0x0000000709e00000, 0x0000000709e00000, 0x000000070a000000|  0%| F|  |TAMS 0x0000000709e00000, 0x0000000709e00000| Untracked 
|  33|0x000000070a000000, 0x000000070a000000, 0x000000070a200000|  0%| F|  |TAMS 0x000000070a000000, 0x000000070a000000| Untracked 
|  34|0x000000070a200000, 0x000000070a200000, 0x000000070a400000|  0%| F|  |TAMS 0x000000070a200000, 0x000000070a200000| Untracked 
|  35|0x000000070a400000, 0x000000070a400000, 0x000000070a600000|  0%| F|  |TAMS 0x000000070a400000, 0x000000070a400000| Untracked 
|  36|0x000000070a600000, 0x000000070a600000, 0x000000070a800000|  0%| F|  |TAMS 0x000000070a600000, 0x000000070a600000| Untracked 
|  37|0x000000070a800000, 0x000000070a8831a0, 0x000000070aa00000| 25%| S|CS|TAMS 0x000000070a800000, 0x000000070a800000| Complete 
|  38|0x000000070aa00000, 0x000000070ac00000, 0x000000070ac00000|100%| S|CS|TAMS 0x000000070aa00000, 0x000000070aa00000| Complete 
|  39|0x000000070ac00000, 0x000000070ae00000, 0x000000070ae00000|100%| S|CS|TAMS 0x000000070ac00000, 0x000000070ac00000| Complete 
|  40|0x000000070ae00000, 0x000000070ae00000, 0x000000070b000000|  0%| F|  |TAMS 0x000000070ae00000, 0x000000070ae00000| Untracked 
|  41|0x000000070b000000, 0x000000070b000000, 0x000000070b200000|  0%| F|  |TAMS 0x000000070b000000, 0x000000070b000000| Untracked 
|  42|0x000000070b200000, 0x000000070b200000, 0x000000070b400000|  0%| F|  |TAMS 0x000000070b200000, 0x000000070b200000| Untracked 
|  43|0x000000070b400000, 0x000000070b400000, 0x000000070b600000|  0%| F|  |TAMS 0x000000070b400000, 0x000000070b400000| Untracked 
|  44|0x000000070b600000, 0x000000070b800000, 0x000000070b800000|100%| S|CS|TAMS 0x000000070b600000, 0x000000070b600000| Complete 
|  45|0x000000070b800000, 0x000000070ba00000, 0x000000070ba00000|100%| S|CS|TAMS 0x000000070b800000, 0x000000070b800000| Complete 
|  46|0x000000070ba00000, 0x000000070bc00000, 0x000000070bc00000|100%| S|CS|TAMS 0x000000070ba00000, 0x000000070ba00000| Complete 
|  47|0x000000070bc00000, 0x000000070bc00000, 0x000000070be00000|  0%| F|  |TAMS 0x000000070bc00000, 0x000000070bc00000| Untracked 
|  48|0x000000070be00000, 0x000000070c000000, 0x000000070c000000|100%| S|CS|TAMS 0x000000070be00000, 0x000000070be00000| Complete 
|  49|0x000000070c000000, 0x000000070c200000, 0x000000070c200000|100%| S|CS|TAMS 0x000000070c000000, 0x000000070c000000| Complete 
|  50|0x000000070c200000, 0x000000070c200000, 0x000000070c400000|  0%| F|  |TAMS 0x000000070c200000, 0x000000070c200000| Untracked 
|  51|0x000000070c400000, 0x000000070c400000, 0x000000070c600000|  0%| F|  |TAMS 0x000000070c400000, 0x000000070c400000| Untracked 
|  52|0x000000070c600000, 0x000000070c600000, 0x000000070c800000|  0%| F|  |TAMS 0x000000070c600000, 0x000000070c600000| Untracked 
|  53|0x000000070c800000, 0x000000070c800000, 0x000000070ca00000|  0%| F|  |TAMS 0x000000070c800000, 0x000000070c800000| Untracked 
|  54|0x000000070ca00000, 0x000000070ca00000, 0x000000070cc00000|  0%| F|  |TAMS 0x000000070ca00000, 0x000000070ca00000| Untracked 
|  55|0x000000070cc00000, 0x000000070cc00000, 0x000000070ce00000|  0%| F|  |TAMS 0x000000070cc00000, 0x000000070cc00000| Untracked 
|  56|0x000000070ce00000, 0x000000070ce00000, 0x000000070d000000|  0%| F|  |TAMS 0x000000070ce00000, 0x000000070ce00000| Untracked 
|  57|0x000000070d000000, 0x000000070d000000, 0x000000070d200000|  0%| F|  |TAMS 0x000000070d000000, 0x000000070d000000| Untracked 
|  58|0x000000070d200000, 0x000000070d200000, 0x000000070d400000|  0%| F|  |TAMS 0x000000070d200000, 0x000000070d200000| Untracked 
|  59|0x000000070d400000, 0x000000070d400000, 0x000000070d600000|  0%| F|  |TAMS 0x000000070d400000, 0x000000070d400000| Untracked 
|  60|0x000000070d600000, 0x000000070d600000, 0x000000070d800000|  0%| F|  |TAMS 0x000000070d600000, 0x000000070d600000| Untracked 
|  61|0x000000070d800000, 0x000000070d800000, 0x000000070da00000|  0%| F|  |TAMS 0x000000070d800000, 0x000000070d800000| Untracked 
|  62|0x000000070da00000, 0x000000070da00000, 0x000000070dc00000|  0%| F|  |TAMS 0x000000070da00000, 0x000000070da00000| Untracked 
|  63|0x000000070dc00000, 0x000000070dc00000, 0x000000070de00000|  0%| F|  |TAMS 0x000000070dc00000, 0x000000070dc00000| Untracked 
|  64|0x000000070de00000, 0x000000070de00000, 0x000000070e000000|  0%| F|  |TAMS 0x000000070de00000, 0x000000070de00000| Untracked 
|  65|0x000000070e000000, 0x000000070e000000, 0x000000070e200000|  0%| F|  |TAMS 0x000000070e000000, 0x000000070e000000| Untracked 
|  66|0x000000070e200000, 0x000000070e200000, 0x000000070e400000|  0%| F|  |TAMS 0x000000070e200000, 0x000000070e200000| Untracked 
|  67|0x000000070e400000, 0x000000070e400000, 0x000000070e600000|  0%| F|  |TAMS 0x000000070e400000, 0x000000070e400000| Untracked 
|  68|0x000000070e600000, 0x000000070e600000, 0x000000070e800000|  0%| F|  |TAMS 0x000000070e600000, 0x000000070e600000| Untracked 
|  69|0x000000070e800000, 0x000000070e800000, 0x000000070ea00000|  0%| F|  |TAMS 0x000000070e800000, 0x000000070e800000| Untracked 
|  70|0x000000070ea00000, 0x000000070ea00000, 0x000000070ec00000|  0%| F|  |TAMS 0x000000070ea00000, 0x000000070ea00000| Untracked 
|  71|0x000000070ec00000, 0x000000070ec00000, 0x000000070ee00000|  0%| F|  |TAMS 0x000000070ec00000, 0x000000070ec00000| Untracked 
|  72|0x000000070ee00000, 0x000000070ee00000, 0x000000070f000000|  0%| F|  |TAMS 0x000000070ee00000, 0x000000070ee00000| Untracked 
|  73|0x000000070f000000, 0x000000070f000000, 0x000000070f200000|  0%| F|  |TAMS 0x000000070f000000, 0x000000070f000000| Untracked 
|  74|0x000000070f200000, 0x000000070f200000, 0x000000070f400000|  0%| F|  |TAMS 0x000000070f200000, 0x000000070f200000| Untracked 
|  75|0x000000070f400000, 0x000000070f400000, 0x000000070f600000|  0%| F|  |TAMS 0x000000070f400000, 0x000000070f400000| Untracked 
|  76|0x000000070f600000, 0x000000070f600000, 0x000000070f800000|  0%| F|  |TAMS 0x000000070f600000, 0x000000070f600000| Untracked 
|  77|0x000000070f800000, 0x000000070f800000, 0x000000070fa00000|  0%| F|  |TAMS 0x000000070f800000, 0x000000070f800000| Untracked 
|  78|0x000000070fa00000, 0x000000070fa00000, 0x000000070fc00000|  0%| F|  |TAMS 0x000000070fa00000, 0x000000070fa00000| Untracked 
|  79|0x000000070fc00000, 0x000000070fc00000, 0x000000070fe00000|  0%| F|  |TAMS 0x000000070fc00000, 0x000000070fc00000| Untracked 
|  80|0x000000070fe00000, 0x000000070fe00000, 0x0000000710000000|  0%| F|  |TAMS 0x000000070fe00000, 0x000000070fe00000| Untracked 
|  81|0x0000000710000000, 0x0000000710000000, 0x0000000710200000|  0%| F|  |TAMS 0x0000000710000000, 0x0000000710000000| Untracked 
|  82|0x0000000710200000, 0x0000000710200000, 0x0000000710400000|  0%| F|  |TAMS 0x0000000710200000, 0x0000000710200000| Untracked 
|  83|0x0000000710400000, 0x0000000710400000, 0x0000000710600000|  0%| F|  |TAMS 0x0000000710400000, 0x0000000710400000| Untracked 
|  84|0x0000000710600000, 0x0000000710600000, 0x0000000710800000|  0%| F|  |TAMS 0x0000000710600000, 0x0000000710600000| Untracked 
|  85|0x0000000710800000, 0x0000000710800000, 0x0000000710a00000|  0%| F|  |TAMS 0x0000000710800000, 0x0000000710800000| Untracked 
|  86|0x0000000710a00000, 0x0000000710a00000, 0x0000000710c00000|  0%| F|  |TAMS 0x0000000710a00000, 0x0000000710a00000| Untracked 
|  87|0x0000000710c00000, 0x0000000710c00000, 0x0000000710e00000|  0%| F|  |TAMS 0x0000000710c00000, 0x0000000710c00000| Untracked 
|  88|0x0000000710e00000, 0x0000000710e00000, 0x0000000711000000|  0%| F|  |TAMS 0x0000000710e00000, 0x0000000710e00000| Untracked 
|  89|0x0000000711000000, 0x0000000711000000, 0x0000000711200000|  0%| F|  |TAMS 0x0000000711000000, 0x0000000711000000| Untracked 
|  90|0x0000000711200000, 0x0000000711200000, 0x0000000711400000|  0%| F|  |TAMS 0x0000000711200000, 0x0000000711200000| Untracked 
|  91|0x0000000711400000, 0x0000000711400000, 0x0000000711600000|  0%| F|  |TAMS 0x0000000711400000, 0x0000000711400000| Untracked 
|  92|0x0000000711600000, 0x0000000711600000, 0x0000000711800000|  0%| F|  |TAMS 0x0000000711600000, 0x0000000711600000| Untracked 
|  93|0x0000000711800000, 0x0000000711800000, 0x0000000711a00000|  0%| F|  |TAMS 0x0000000711800000, 0x0000000711800000| Untracked 
|  94|0x0000000711a00000, 0x0000000711a00000, 0x0000000711c00000|  0%| F|  |TAMS 0x0000000711a00000, 0x0000000711a00000| Untracked 
|  95|0x0000000711c00000, 0x0000000711c00000, 0x0000000711e00000|  0%| F|  |TAMS 0x0000000711c00000, 0x0000000711c00000| Untracked 
|  96|0x0000000711e00000, 0x0000000711e00000, 0x0000000712000000|  0%| F|  |TAMS 0x0000000711e00000, 0x0000000711e00000| Untracked 
|  97|0x0000000712000000, 0x0000000712000000, 0x0000000712200000|  0%| F|  |TAMS 0x0000000712000000, 0x0000000712000000| Untracked 
|  98|0x0000000712200000, 0x0000000712200000, 0x0000000712400000|  0%| F|  |TAMS 0x0000000712200000, 0x0000000712200000| Untracked 
|  99|0x0000000712400000, 0x0000000712400000, 0x0000000712600000|  0%| F|  |TAMS 0x0000000712400000, 0x0000000712400000| Untracked 
| 100|0x0000000712600000, 0x0000000712600000, 0x0000000712800000|  0%| F|  |TAMS 0x0000000712600000, 0x0000000712600000| Untracked 
| 101|0x0000000712800000, 0x0000000712800000, 0x0000000712a00000|  0%| F|  |TAMS 0x0000000712800000, 0x0000000712800000| Untracked 
| 102|0x0000000712a00000, 0x0000000712a00000, 0x0000000712c00000|  0%| F|  |TAMS 0x0000000712a00000, 0x0000000712a00000| Untracked 
| 103|0x0000000712c00000, 0x0000000712c00000, 0x0000000712e00000|  0%| F|  |TAMS 0x0000000712c00000, 0x0000000712c00000| Untracked 
| 104|0x0000000712e00000, 0x0000000712e00000, 0x0000000713000000|  0%| F|  |TAMS 0x0000000712e00000, 0x0000000712e00000| Untracked 
| 105|0x0000000713000000, 0x0000000713000000, 0x0000000713200000|  0%| F|  |TAMS 0x0000000713000000, 0x0000000713000000| Untracked 
| 106|0x0000000713200000, 0x0000000713200000, 0x0000000713400000|  0%| F|  |TAMS 0x0000000713200000, 0x0000000713200000| Untracked 
| 107|0x0000000713400000, 0x0000000713400000, 0x0000000713600000|  0%| F|  |TAMS 0x0000000713400000, 0x0000000713400000| Untracked 
| 108|0x0000000713600000, 0x0000000713600000, 0x0000000713800000|  0%| F|  |TAMS 0x0000000713600000, 0x0000000713600000| Untracked 
| 109|0x0000000713800000, 0x0000000713800000, 0x0000000713a00000|  0%| F|  |TAMS 0x0000000713800000, 0x0000000713800000| Untracked 
| 110|0x0000000713a00000, 0x0000000713a00000, 0x0000000713c00000|  0%| F|  |TAMS 0x0000000713a00000, 0x0000000713a00000| Untracked 
| 111|0x0000000713c00000, 0x0000000713c00000, 0x0000000713e00000|  0%| F|  |TAMS 0x0000000713c00000, 0x0000000713c00000| Untracked 
| 112|0x0000000713e00000, 0x0000000713e00000, 0x0000000714000000|  0%| F|  |TAMS 0x0000000713e00000, 0x0000000713e00000| Untracked 
| 113|0x0000000714000000, 0x0000000714000000, 0x0000000714200000|  0%| F|  |TAMS 0x0000000714000000, 0x0000000714000000| Untracked 
| 114|0x0000000714200000, 0x0000000714200000, 0x0000000714400000|  0%| F|  |TAMS 0x0000000714200000, 0x0000000714200000| Untracked 
| 115|0x0000000714400000, 0x0000000714600000, 0x0000000714600000|100%| E|  |TAMS 0x0000000714400000, 0x0000000714400000| Complete 
| 116|0x0000000714600000, 0x0000000714800000, 0x0000000714800000|100%| E|CS|TAMS 0x0000000714600000, 0x0000000714600000| Complete 
| 117|0x0000000714800000, 0x0000000714a00000, 0x0000000714a00000|100%| E|CS|TAMS 0x0000000714800000, 0x0000000714800000| Complete 
| 118|0x0000000714a00000, 0x0000000714c00000, 0x0000000714c00000|100%| E|CS|TAMS 0x0000000714a00000, 0x0000000714a00000| Complete 
| 125|0x0000000715800000, 0x0000000715a00000, 0x0000000715a00000|100%| E|CS|TAMS 0x0000000715800000, 0x0000000715800000| Complete 
|1995|0x00000007ff400000, 0x00000007ff600000, 0x00000007ff600000|100%| O|  |TAMS 0x00000007ff600000, 0x00000007ff400000| Untracked 
|1996|0x00000007ff600000, 0x00000007ff800000, 0x00000007ff800000|100%| O|  |TAMS 0x00000007ff800000, 0x00000007ff600000| Untracked 
|1997|0x00000007ff800000, 0x00000007ffa00000, 0x00000007ffa00000|100%| O|  |TAMS 0x00000007ffa00000, 0x00000007ff800000| Untracked 
|1998|0x00000007ffa00000, 0x00000007ffc00000, 0x00000007ffc00000|100%| O|  |TAMS 0x00000007ffc00000, 0x00000007ffa00000| Untracked 
|1999|0x00000007ffc00000, 0x00000007ffe00000, 0x00000007ffe00000|100%| O|  |TAMS 0x00000007ffe00000, 0x00000007ffc00000| Untracked 
|2000|0x00000007ffe00000, 0x0000000800000000, 0x0000000800000000|100%| O|  |TAMS 0x0000000800000000, 0x00000007ffe00000| Untracked 

Card table byte_map: [0x00000215f8670000,0x00000215f8e50000] _byte_map_base: 0x00000215f4e41000

Marking Bits (Prev, Next): (CMBitMap*) 0x00000215e071fe60, (CMBitMap*) 0x00000215e071fea0
 Prev Bits: [0x00000215f9630000, 0x00000215fd4b8000)
 Next Bits: [0x0000021580000000, 0x0000021583e88000)

Polling page: 0x00000215de690000

Metaspace:

Usage:
  Non-class:     31.90 MB used.
      Class:      3.66 MB used.
       Both:     35.56 MB used.

Virtual space:
  Non-class space:       64.00 MB reserved,      32.19 MB ( 50%) committed,  1 nodes.
      Class space:        1.00 GB reserved,       4.00 MB ( <1%) committed,  1 nodes.
             Both:        1.06 GB reserved,      36.19 MB (  3%) committed. 

Chunk freelists:
   Non-Class:  3.02 MB
       Class:  32.00 KB
        Both:  3.05 MB

MaxMetaspaceSize: unlimited
CompressedClassSpaceSize: 1.00 GB
Initial GC threshold: 21.00 MB
Current GC threshold: 41.38 MB
CDS: on
MetaspaceReclaimPolicy: balanced
 - commit_granule_bytes: 65536.
 - commit_granule_words: 8192.
 - virtual_space_node_default_size: 8388608.
 - enlarge_chunks_in_place: 1.
 - new_chunks_are_fully_committed: 0.
 - uncommit_free_chunks: 1.
 - use_allocation_guard: 0.


Internal statistics:

num_allocs_failed_limit: 3.
num_arena_births: 768.
num_arena_deaths: 0.
num_vsnodes_births: 2.
num_vsnodes_deaths: 0.
num_space_committed: 579.
num_space_uncommitted: 0.
num_chunks_returned_to_freelist: 3.
num_chunks_taken_from_freelist: 2207.
num_chunk_merges: 3.
num_chunk_splits: 1511.
num_chunks_enlarged: 1065.
num_inconsistent_stats: 0.

CodeHeap 'non-profiled nmethods': size=119168Kb used=7265Kb max_used=7265Kb free=111902Kb
 bounds [0x00000215f01b0000, 0x00000215f08d0000, 0x00000215f7610000]
CodeHeap 'profiled nmethods': size=119104Kb used=22588Kb max_used=22588Kb free=96515Kb
 bounds [0x00000215e8610000, 0x00000215e9c30000, 0x00000215efa60000]
CodeHeap 'non-nmethods': size=7488Kb used=3030Kb max_used=3117Kb free=4457Kb
 bounds [0x00000215efa60000, 0x00000215efd80000, 0x00000215f01b0000]
 total_blobs=10449 nmethods=9873 adapters=483
 compilation: enabled
              stopped_count=0, restarted_count=0
 full_count=0

Compilation events (20 events):
Event: 8.166 Thread 0x0000021588b154a0 nmethod 12042 0x00000215f08c7090 code [0x00000215f08c7220, 0x00000215f08c72c8]
Event: 8.166 Thread 0x0000021588b154a0 12043   !   4       java.util.zip.Deflater::deflate (400 bytes)
Event: 8.169 Thread 0x0000021588b154a0 nmethod 12043 0x00000215f08c7390 code [0x00000215f08c7560, 0x00000215f08c7c60]
Event: 8.170 Thread 0x0000021588655fe0 12045   !   3       java.util.zip.ZipInputStream::readLOC (312 bytes)
Event: 8.171 Thread 0x0000021588656970 12044       3       java.util.zip.ZipInputStream::getNextEntry (74 bytes)
Event: 8.171 Thread 0x0000021588656970 nmethod 12044 0x00000215e9c18210 code [0x00000215e9c18460, 0x00000215e9c18da8]
Event: 8.171 Thread 0x0000021588655fe0 nmethod 12045 0x00000215e9c19090 code [0x00000215e9c193c0, 0x00000215e9c1a698]
Event: 8.173 Thread 0x000002158918f130 12046       4       java.util.jar.JarEntry::<init> (6 bytes)
Event: 8.174 Thread 0x000002158918f130 nmethod 12046 0x00000215f08c8210 code [0x00000215f08c83a0, 0x00000215f08c8578]
Event: 8.175 Thread 0x00000215ffc2d8b0 12047       3       java.util.jar.JarVerifier::<init> (155 bytes)
Event: 8.175 Thread 0x00000215ffc2d8b0 nmethod 12047 0x00000215e9c1ad90 code [0x00000215e9c1b0c0, 0x00000215e9c1c678]
Event: 8.179 Thread 0x00000215ffc2d8b0 12048       3       java.util.jar.JarInputStream::createZipEntry (30 bytes)
Event: 8.179 Thread 0x0000021588656970 12049       3       java.util.jar.JarInputStream::getNextJarEntry (8 bytes)
Event: 8.179 Thread 0x00000215ffbf2f60 12050       3       java.util.jar.JarInputStream::getNextEntry (115 bytes)
Event: 8.179 Thread 0x0000021588656970 nmethod 12049 0x00000215e9c1cc10 code [0x00000215e9c1cdc0, 0x00000215e9c1d008]
Event: 8.179 Thread 0x00000215ffc2d8b0 nmethod 12048 0x00000215e9c1d110 code [0x00000215e9c1d300, 0x00000215e9c1d938]
Event: 8.179 Thread 0x00000215ffbf2f60 nmethod 12050 0x00000215e9c1db10 code [0x00000215e9c1dd20, 0x00000215e9c1e448]
Event: 8.201 Thread 0x000002158918f130 12051   !   4       java.util.jar.Attributes::read (494 bytes)
Event: 8.226 Thread 0x00000215ffc2d8b0 12052       3       java.util.zip.ZipInputStream::read (288 bytes)
Event: 8.227 Thread 0x00000215ffc2d8b0 nmethod 12052 0x00000215e9c1e610 code [0x00000215e9c1e9c0, 0x00000215e9c20088]

GC Heap History (20 events):
Event: 4.302 GC heap before
{Heap before GC invocations=11 (full 0):
 garbage-first heap   total 129024K, used 52756K [0x0000000705e00000, 0x0000000800000000)
  region size 2048K, 4 young (8192K), 3 survivors (6144K)
 Metaspace       used 26353K, committed 26752K, reserved 1114112K
  class space    used 2737K, committed 2944K, reserved 1048576K
}
Event: 4.306 GC heap after
{Heap after GC invocations=12 (full 0):
 garbage-first heap   total 129024K, used 51260K [0x0000000705e00000, 0x0000000800000000)
  region size 2048K, 1 young (2048K), 1 survivors (2048K)
 Metaspace       used 26353K, committed 26752K, reserved 1114112K
  class space    used 2737K, committed 2944K, reserved 1048576K
}
Event: 4.635 GC heap before
{Heap before GC invocations=12 (full 0):
 garbage-first heap   total 129024K, used 90172K [0x0000000705e00000, 0x0000000800000000)
  region size 2048K, 21 young (43008K), 1 survivors (2048K)
 Metaspace       used 27554K, committed 28032K, reserved 1114112K
  class space    used 2862K, committed 3072K, reserved 1048576K
}
Event: 4.636 GC heap after
{Heap after GC invocations=13 (full 0):
 garbage-first heap   total 129024K, used 50839K [0x0000000705e00000, 0x0000000800000000)
  region size 2048K, 1 young (2048K), 1 survivors (2048K)
 Metaspace       used 27554K, committed 28032K, reserved 1114112K
  class space    used 2862K, committed 3072K, reserved 1048576K
}
Event: 4.719 GC heap before
{Heap before GC invocations=13 (full 0):
 garbage-first heap   total 129024K, used 95895K [0x0000000705e00000, 0x0000000800000000)
  region size 2048K, 23 young (47104K), 1 survivors (2048K)
 Metaspace       used 27642K, committed 28096K, reserved 1114112K
  class space    used 2869K, committed 3072K, reserved 1048576K
}
Event: 4.719 GC heap after
{Heap after GC invocations=14 (full 0):
 garbage-first heap   total 129024K, used 50864K [0x0000000705e00000, 0x0000000800000000)
  region size 2048K, 1 young (2048K), 1 survivors (2048K)
 Metaspace       used 27642K, committed 28096K, reserved 1114112K
  class space    used 2869K, committed 3072K, reserved 1048576K
}
Event: 4.944 GC heap before
{Heap before GC invocations=14 (full 0):
 garbage-first heap   total 129024K, used 97968K [0x0000000705e00000, 0x0000000800000000)
  region size 2048K, 24 young (49152K), 1 survivors (2048K)
 Metaspace       used 28286K, committed 28864K, reserved 1114112K
  class space    used 2950K, committed 3264K, reserved 1048576K
}
Event: 4.946 GC heap after
{Heap after GC invocations=15 (full 0):
 garbage-first heap   total 129024K, used 51603K [0x0000000705e00000, 0x0000000800000000)
  region size 2048K, 1 young (2048K), 1 survivors (2048K)
 Metaspace       used 28286K, committed 28864K, reserved 1114112K
  class space    used 2950K, committed 3264K, reserved 1048576K
}
Event: 5.031 GC heap before
{Heap before GC invocations=15 (full 0):
 garbage-first heap   total 129024K, used 100755K [0x0000000705e00000, 0x0000000800000000)
  region size 2048K, 25 young (51200K), 1 survivors (2048K)
 Metaspace       used 28467K, committed 28992K, reserved 1114112K
  class space    used 2962K, committed 3264K, reserved 1048576K
}
Event: 5.034 GC heap after
{Heap after GC invocations=16 (full 0):
 garbage-first heap   total 129024K, used 52583K [0x0000000705e00000, 0x0000000800000000)
  region size 2048K, 2 young (4096K), 2 survivors (4096K)
 Metaspace       used 28467K, committed 28992K, reserved 1114112K
  class space    used 2962K, committed 3264K, reserved 1048576K
}
Event: 5.098 GC heap before
{Heap before GC invocations=16 (full 0):
 garbage-first heap   total 129024K, used 101735K [0x0000000705e00000, 0x0000000800000000)
  region size 2048K, 26 young (53248K), 2 survivors (4096K)
 Metaspace       used 28553K, committed 29120K, reserved 1114112K
  class space    used 2964K, committed 3264K, reserved 1048576K
}
Event: 5.100 GC heap after
{Heap after GC invocations=17 (full 0):
 garbage-first heap   total 129024K, used 53024K [0x0000000705e00000, 0x0000000800000000)
  region size 2048K, 2 young (4096K), 2 survivors (4096K)
 Metaspace       used 28553K, committed 29120K, reserved 1114112K
  class space    used 2964K, committed 3264K, reserved 1048576K
}
Event: 5.215 GC heap before
{Heap before GC invocations=17 (full 0):
 garbage-first heap   total 129024K, used 104224K [0x0000000705e00000, 0x0000000800000000)
  region size 2048K, 27 young (55296K), 2 survivors (4096K)
 Metaspace       used 28628K, committed 29184K, reserved 1114112K
  class space    used 2966K, committed 3264K, reserved 1048576K
}
Event: 5.221 GC heap after
{Heap after GC invocations=18 (full 0):
 garbage-first heap   total 258048K, used 54246K [0x0000000705e00000, 0x0000000800000000)
  region size 2048K, 2 young (4096K), 2 survivors (4096K)
 Metaspace       used 28628K, committed 29184K, reserved 1114112K
  class space    used 2966K, committed 3264K, reserved 1048576K
}
Event: 6.122 GC heap before
{Heap before GC invocations=18 (full 0):
 garbage-first heap   total 258048K, used 201702K [0x0000000705e00000, 0x0000000800000000)
  region size 2048K, 75 young (153600K), 2 survivors (4096K)
 Metaspace       used 31158K, committed 31744K, reserved 1114112K
  class space    used 3213K, committed 3520K, reserved 1048576K
}
Event: 6.125 GC heap after
{Heap after GC invocations=19 (full 0):
 garbage-first heap   total 258048K, used 55802K [0x0000000705e00000, 0x0000000800000000)
  region size 2048K, 3 young (6144K), 3 survivors (6144K)
 Metaspace       used 31158K, committed 31744K, reserved 1114112K
  class space    used 3213K, committed 3520K, reserved 1048576K
}
Event: 6.978 GC heap before
{Heap before GC invocations=19 (full 0):
 garbage-first heap   total 258048K, used 207354K [0x0000000705e00000, 0x0000000800000000)
  region size 2048K, 75 young (153600K), 3 survivors (6144K)
 Metaspace       used 31870K, committed 32448K, reserved 1114112K
  class space    used 3246K, committed 3520K, reserved 1048576K
}
Event: 6.983 GC heap after
{Heap after GC invocations=20 (full 0):
 garbage-first heap   total 258048K, used 62064K [0x0000000705e00000, 0x0000000800000000)
  region size 2048K, 5 young (10240K), 5 survivors (10240K)
 Metaspace       used 31870K, committed 32448K, reserved 1114112K
  class space    used 3246K, committed 3520K, reserved 1048576K
}
Event: 8.124 GC heap before
{Heap before GC invocations=20 (full 0):
 garbage-first heap   total 258048K, used 203376K [0x0000000705e00000, 0x0000000800000000)
  region size 2048K, 75 young (153600K), 5 survivors (10240K)
 Metaspace       used 36399K, committed 37056K, reserved 1114112K
  class space    used 3748K, committed 4096K, reserved 1048576K
}
Event: 8.134 GC heap after
{Heap after GC invocations=21 (full 0):
 garbage-first heap   total 258048K, used 67152K [0x0000000705e00000, 0x0000000800000000)
  region size 2048K, 8 young (16384K), 8 survivors (16384K)
 Metaspace       used 36399K, committed 37056K, reserved 1114112K
  class space    used 3748K, committed 4096K, reserved 1048576K
}

Dll operation events (12 events):
Event: 0.005 Loaded shared library C:\Program Files\Java\jdk-19\bin\java.dll
Event: 0.011 Loaded shared library C:\Program Files\Java\jdk-19\bin\jsvml.dll
Event: 0.040 Loaded shared library C:\Program Files\Java\jdk-19\bin\zip.dll
Event: 0.042 Loaded shared library C:\Program Files\Java\jdk-19\bin\instrument.dll
Event: 0.045 Loaded shared library C:\Program Files\Java\jdk-19\bin\net.dll
Event: 0.046 Loaded shared library C:\Program Files\Java\jdk-19\bin\nio.dll
Event: 0.047 Loaded shared library C:\Program Files\Java\jdk-19\bin\zip.dll
Event: 0.057 Loaded shared library C:\Program Files\JetBrains\IntelliJ IDEA 2022.1.2\bin\breakgen64.dll
Event: 0.061 Loaded shared library C:\Program Files\Java\jdk-19\bin\extnet.dll
Event: 0.111 Loaded shared library C:\Program Files\Java\jdk-19\bin\jimage.dll
Event: 0.153 Loaded shared library C:\Users\99293\AppData\Local\Temp\jansi-2.4.0-dada4f9a8dce003d-jansi.dll
Event: 0.159 Loaded shared library C:\Program Files\Java\jdk-19\bin\verify.dll

Deoptimization events (20 events):
Event: 7.913 Thread 0x00000215e06adc30 Uncommon trap: trap_request=0xffffff45 fr.pc=0x00000215f03631cc relative=0x000000000000012c
Event: 7.913 Thread 0x00000215e06adc30 Uncommon trap: reason=unstable_if action=reinterpret pc=0x00000215f03631cc method=java.util.concurrent.TimeUnit.toMillis(J)J @ 18 c2
Event: 7.913 Thread 0x00000215e06adc30 DEOPT PACKING pc=0x00000215f03631cc sp=0x00000093e24fde70
Event: 7.913 Thread 0x00000215e06adc30 DEOPT UNPACKING pc=0x00000215efac6da3 sp=0x00000093e24fdde8 mode 2
Event: 8.201 Thread 0x00000215e06adc30 DEOPT PACKING pc=0x00000215e930f5f6 sp=0x00000093e24fdd10
Event: 8.201 Thread 0x00000215e06adc30 DEOPT UNPACKING pc=0x00000215efac7543 sp=0x00000093e24fd2d0 mode 0
Event: 8.219 Thread 0x00000215e06adc30 Uncommon trap: trap_request=0xffffff45 fr.pc=0x00000215f08bcccc relative=0x0000000000000bac
Event: 8.219 Thread 0x00000215e06adc30 Uncommon trap: reason=unstable_if action=reinterpret pc=0x00000215f08bcccc method=java.util.zip.ZipInputStream.read([BII)I @ 13 c2
Event: 8.219 Thread 0x00000215e06adc30 DEOPT PACKING pc=0x00000215f08bcccc sp=0x00000093e24fdec0
Event: 8.219 Thread 0x00000215e06adc30 DEOPT UNPACKING pc=0x00000215efac6da3 sp=0x00000093e24fdeb0 mode 2
Event: 8.230 Thread 0x00000215e06adc30 DEOPT PACKING pc=0x00000215e930f5f6 sp=0x00000093e24fdd10
Event: 8.230 Thread 0x00000215e06adc30 DEOPT UNPACKING pc=0x00000215efac7543 sp=0x00000093e24fd2d0 mode 0
Event: 8.230 Thread 0x00000215e06adc30 DEOPT PACKING pc=0x00000215e930f5f6 sp=0x00000093e24fdd10
Event: 8.230 Thread 0x00000215e06adc30 DEOPT UNPACKING pc=0x00000215efac7543 sp=0x00000093e24fd2d0 mode 0
Event: 8.231 Thread 0x00000215e06adc30 DEOPT PACKING pc=0x00000215e930f5f6 sp=0x00000093e24fdd10
Event: 8.231 Thread 0x00000215e06adc30 DEOPT UNPACKING pc=0x00000215efac7543 sp=0x00000093e24fd2d0 mode 0
Event: 8.231 Thread 0x00000215e06adc30 DEOPT PACKING pc=0x00000215e930f5f6 sp=0x00000093e24fdd10
Event: 8.231 Thread 0x00000215e06adc30 DEOPT UNPACKING pc=0x00000215efac7543 sp=0x00000093e24fd2d0 mode 0
Event: 8.231 Thread 0x00000215e06adc30 DEOPT PACKING pc=0x00000215e930f5f6 sp=0x00000093e24fdd10
Event: 8.231 Thread 0x00000215e06adc30 DEOPT UNPACKING pc=0x00000215efac7543 sp=0x00000093e24fd2d0 mode 0

Classes loaded (20 events):
Event: 7.724 Loading class javax/management/JMException
Event: 7.724 Loading class javax/management/JMException done
Event: 7.724 Loading class javax/management/OperationsException done
Event: 7.724 Loading class javax/management/InstanceNotFoundException done
Event: 7.725 Loading class javax/management/ReflectionException
Event: 7.725 Loading class javax/management/ReflectionException done
Event: 7.735 Loading class java/util/jar/JarOutputStream
Event: 7.735 Loading class java/util/zip/ZipOutputStream
Event: 7.735 Loading class java/util/zip/ZipOutputStream done
Event: 7.735 Loading class java/util/jar/JarOutputStream done
Event: 7.817 Loading class java/lang/invoke/DirectMethodHandle$Special
Event: 7.817 Loading class java/lang/invoke/DirectMethodHandle$Special done
Event: 7.831 Loading class java/util/jar/JarInputStream
Event: 7.832 Loading class java/util/jar/JarInputStream done
Event: 7.857 Loading class java/io/FileFilter
Event: 7.858 Loading class java/io/FileFilter done
Event: 7.859 Loading class sun/security/util/ManifestEntryVerifier
Event: 7.859 Loading class sun/security/util/ManifestEntryVerifier done
Event: 7.892 Loading class sun/security/util/SignatureFileVerifier
Event: 7.892 Loading class sun/security/util/SignatureFileVerifier done

Classes unloaded (0 events):
No events

Classes redefined (0 events):
No events

Internal exceptions (20 events):
Event: 6.826 Thread 0x00000215e06adc30 Exception <a 'sun/nio/fs/WindowsException'{0x000000070cfa3630}> (0x000000070cfa3630) 
thrown [s\open\src\hotspot\share\prims\jni.cpp, line 517]
Event: 6.826 Thread 0x00000215e06adc30 Exception <a 'sun/nio/fs/WindowsException'{0x000000070cfa3a18}> (0x000000070cfa3a18) 
thrown [s\open\src\hotspot\share\prims\jni.cpp, line 517]
Event: 6.826 Thread 0x00000215e06adc30 Exception <a 'sun/nio/fs/WindowsException'{0x000000070cfa5540}> (0x000000070cfa5540) 
thrown [s\open\src\hotspot\share\prims\jni.cpp, line 517]
Event: 6.826 Thread 0x00000215e06adc30 Exception <a 'sun/nio/fs/WindowsException'{0x000000070cfa59b0}> (0x000000070cfa59b0) 
thrown [s\open\src\hotspot\share\prims\jni.cpp, line 517]
Event: 6.832 Thread 0x00000215e06adc30 Exception <a 'sun/nio/fs/WindowsException'{0x000000070cc73d28}> (0x000000070cc73d28) 
thrown [s\open\src\hotspot\share\prims\jni.cpp, line 517]
Event: 6.832 Thread 0x00000215e06adc30 Exception <a 'sun/nio/fs/WindowsException'{0x000000070cc74438}> (0x000000070cc74438) 
thrown [s\open\src\hotspot\share\prims\jni.cpp, line 517]
Event: 6.832 Thread 0x00000215e06adc30 Exception <a 'sun/nio/fs/WindowsException'{0x000000070cc756d8}> (0x000000070cc756d8) 
thrown [s\open\src\hotspot\share\prims\jni.cpp, line 517]
Event: 6.834 Thread 0x00000215e06adc30 Exception <a 'sun/nio/fs/WindowsException'{0x000000070cc90510}> (0x000000070cc90510) 
thrown [s\open\src\hotspot\share\prims\jni.cpp, line 517]
Event: 6.834 Thread 0x00000215e06adc30 Exception <a 'sun/nio/fs/WindowsException'{0x000000070cc90c70}> (0x000000070cc90c70) 
thrown [s\open\src\hotspot\share\prims\jni.cpp, line 517]
Event: 6.835 Thread 0x00000215e06adc30 Exception <a 'sun/nio/fs/WindowsException'{0x000000070cc92168}> (0x000000070cc92168) 
thrown [s\open\src\hotspot\share\prims\jni.cpp, line 517]
Event: 6.903 Thread 0x00000215e06adc30 Implicit null exception at 0x00000215f03e5d72 to 0x00000215f03e9e84
Event: 6.904 Thread 0x00000215e06adc30 Implicit null exception at 0x00000215f03df17a to 0x00000215f03e0408
Event: 7.078 Thread 0x000002158e38da70 Exception <a 'java/lang/NoSuchMethodError'{0x000000071453bdf0}: 'java.lang.Object java.lang.invoke.DirectMethodHandle$Holder.invokeStatic(java.lang.Object, long, java.lang.Object)'> (0x000000071453bdf0) 
thrown [s\open\src\hotspot\share\interpreter\linkResolver.cpp, line 774]
Event: 7.078 Thread 0x000002158e38da70 Exception <a 'java/lang/NoSuchMethodError'{0x000000071453f440}: 'java.lang.Object java.lang.invoke.DirectMethodHandle$Holder.invokeStaticInit(java.lang.Object, long, java.lang.Object)'> (0x000000071453f440) 
thrown [s\open\src\hotspot\share\interpreter\linkResolver.cpp, line 774]
Event: 7.079 Thread 0x000002158e38da70 Exception <a 'java/lang/NoSuchMethodError'{0x0000000714545090}: 'java.lang.Object java.lang.invoke.DirectMethodHandle$Holder.newInvokeSpecial(java.lang.Object, long)'> (0x0000000714545090) 
thrown [s\open\src\hotspot\share\interpreter\linkResolver.cpp, line 774]
Event: 7.081 Thread 0x000002158e38da70 Exception <a 'java/lang/NoSuchMethodError'{0x0000000714549920}: 'long java.lang.invoke.DirectMethodHandle$Holder.invokeInterface(java.lang.Object, java.lang.Object)'> (0x0000000714549920) 
thrown [s\open\src\hotspot\share\interpreter\linkResolver.cpp, line 774]
Event: 7.081 Thread 0x000002158e38da70 Exception <a 'java/lang/NoSuchMethodError'{0x000000071454d288}: 'long java.lang.invoke.DelegatingMethodHandle$Holder.reinvoke_L(java.lang.Object, java.lang.Object)'> (0x000000071454d288) 
thrown [s\open\src\hotspot\share\interpreter\linkResolver.cpp, line 774]
Event: 7.085 Thread 0x00000215e06adc30 Exception <a 'java/lang/NoSuchMethodError'{0x000000071435bee8}: 'java.lang.String org.apache.maven.execution.MavenExecutionRequest.getFailureBehavior()'> (0x000000071435bee8) 
thrown [s\open\src\hotspot\share\interpreter\linkResolver.cpp, line 870]
Event: 7.367 Thread 0x00000215e06adc30 Implicit null exception at 0x00000215f0768f4b to 0x00000215f0769140
Event: 7.746 Thread 0x00000215e06adc30 Exception <a 'java/lang/NoClassDefFoundError'{0x000000070e489e98}: org/sonatype/aether/graph/Dependency> (0x000000070e489e98) 
thrown [s\open\src\hotspot\share\classfile\systemDictionary.cpp, line 244]

VM Operations (20 events):
Event: 7.071 Executing VM operation: HandshakeAllThreads
Event: 7.071 Executing VM operation: HandshakeAllThreads done
Event: 7.339 Executing VM operation: HandshakeAllThreads
Event: 7.339 Executing VM operation: HandshakeAllThreads done
Event: 7.358 Executing VM operation: HandshakeAllThreads
Event: 7.358 Executing VM operation: HandshakeAllThreads done
Event: 7.392 Executing VM operation: HandshakeAllThreads
Event: 7.392 Executing VM operation: HandshakeAllThreads done
Event: 7.501 Executing VM operation: HandshakeAllThreads
Event: 7.501 Executing VM operation: HandshakeAllThreads done
Event: 7.535 Executing VM operation: HandshakeAllThreads
Event: 7.535 Executing VM operation: HandshakeAllThreads done
Event: 7.536 Executing VM operation: HandshakeAllThreads
Event: 7.536 Executing VM operation: HandshakeAllThreads done
Event: 7.570 Executing VM operation: ICBufferFull
Event: 7.570 Executing VM operation: ICBufferFull done
Event: 7.833 Executing VM operation: HandshakeAllThreads
Event: 7.833 Executing VM operation: HandshakeAllThreads done
Event: 8.124 Executing VM operation: G1CollectForAllocation
Event: 8.134 Executing VM operation: G1CollectForAllocation done

Events (20 events):
Event: 7.508 Thread 0x000002158e521ea0 Thread added: 0x000002158e521ea0
Event: 7.508 Thread 0x000002158e521950 Thread added: 0x000002158e521950
Event: 7.555 Thread 0x000002158e392f70 Thread exited: 0x000002158e392f70
Event: 7.555 Thread 0x0000021589eb2af0 Thread exited: 0x0000021589eb2af0
Event: 7.555 Thread 0x000002158e3904f0 Thread exited: 0x000002158e3904f0
Event: 7.555 Thread 0x0000021589eb1060 Thread exited: 0x0000021589eb1060
Event: 7.555 Thread 0x000002158e521ea0 Thread exited: 0x000002158e521ea0
Event: 7.555 Thread 0x000002158e390f90 Thread exited: 0x000002158e390f90
Event: 7.555 Thread 0x000002158e524920 Thread exited: 0x000002158e524920
Event: 7.555 Thread 0x000002158e38f500 Thread exited: 0x000002158e38f500
Event: 7.555 Thread 0x000002158e521950 Thread exited: 0x000002158e521950
Event: 7.555 Thread 0x000002158e38e510 Thread exited: 0x000002158e38e510
Event: 7.555 Thread 0x000002158e38ea60 Thread exited: 0x000002158e38ea60
Event: 7.555 Thread 0x000002158e3934c0 Thread exited: 0x000002158e3934c0
Event: 7.555 Thread 0x000002158e38da70 Thread exited: 0x000002158e38da70
Event: 7.556 Thread 0x000002158e391f80 Thread exited: 0x000002158e391f80
Event: 7.556 Thread 0x000002158e38fa50 Thread exited: 0x000002158e38fa50
Event: 7.557 Thread 0x000002158e38ffa0 Thread exited: 0x000002158e38ffa0
Event: 8.009 Thread 0x0000021589190770 Thread exited: 0x0000021589190770
Event: 8.009 Thread 0x000002158918fc50 Thread exited: 0x000002158918fc50


Dynamic libraries:
0x00007ff76b090000 - 0x00007ff76b0a0000 	C:\Program Files\Java\jdk-19\bin\java.exe
0x00007ff927710000 - 0x00007ff927926000 	C:\WINDOWS\SYSTEM32\ntdll.dll
0x00007ff925500000 - 0x00007ff9255c4000 	C:\WINDOWS\System32\KERNEL32.DLL
0x00007ff924c40000 - 0x00007ff924fe7000 	C:\WINDOWS\System32\KERNELBASE.dll
0x00007ff925280000 - 0x00007ff925391000 	C:\WINDOWS\System32\ucrtbase.dll
0x00007ff90d560000 - 0x00007ff90d57b000 	C:\Program Files\Java\jdk-19\bin\VCRUNTIME140.dll
0x00007ff919cd0000 - 0x00007ff919ce8000 	C:\Program Files\Java\jdk-19\bin\jli.dll
0x00007ff926740000 - 0x00007ff9267f2000 	C:\WINDOWS\System32\ADVAPI32.dll
0x00007ff925c50000 - 0x00007ff925cf7000 	C:\WINDOWS\System32\msvcrt.dll
0x00007ff925450000 - 0x00007ff9254f8000 	C:\WINDOWS\System32\sechost.dll
0x00007ff9250e0000 - 0x00007ff925108000 	C:\WINDOWS\System32\bcrypt.dll
0x00007ff9274a0000 - 0x00007ff9275b5000 	C:\WINDOWS\System32\RPCRT4.dll
0x00007ff925870000 - 0x00007ff925a1e000 	C:\WINDOWS\System32\USER32.dll
0x00007ff9250b0000 - 0x00007ff9250d6000 	C:\WINDOWS\System32\win32u.dll
0x00007ff923f50000 - 0x00007ff9241e3000 	C:\WINDOWS\WinSxS\amd64_microsoft.windows.common-controls_6595b64144ccf1df_6.0.22621.3235_none_270f74e173860f98\COMCTL32.dll
0x00007ff927240000 - 0x00007ff927269000 	C:\WINDOWS\System32\GDI32.dll
0x00007ff924aa0000 - 0x00007ff924bb9000 	C:\WINDOWS\System32\gdi32full.dll
0x00007ff924a00000 - 0x00007ff924a9a000 	C:\WINDOWS\System32\msvcp_win.dll
0x00007ff919f70000 - 0x00007ff919f7a000 	C:\WINDOWS\SYSTEM32\VERSION.dll
0x00007ff925410000 - 0x00007ff925441000 	C:\WINDOWS\System32\IMM32.DLL
0x00007ff91f590000 - 0x00007ff91f59c000 	C:\Program Files\Java\jdk-19\bin\vcruntime140_1.dll
0x00007ff8e4220000 - 0x00007ff8e42ae000 	C:\Program Files\Java\jdk-19\bin\msvcp140.dll
0x00007ff8a5370000 - 0x00007ff8a6030000 	C:\Program Files\Java\jdk-19\bin\server\jvm.dll
0x00007ff91bfd0000 - 0x00007ff91c004000 	C:\WINDOWS\SYSTEM32\WINMM.dll
0x00007ff91f500000 - 0x00007ff91f509000 	C:\WINDOWS\SYSTEM32\WSOCK32.dll
0x00007ff927270000 - 0x00007ff9272e1000 	C:\WINDOWS\System32\WS2_32.dll
0x00007ff9233e0000 - 0x00007ff9233f8000 	C:\WINDOWS\SYSTEM32\kernel.appcore.dll
0x00007ff91f400000 - 0x00007ff91f40a000 	C:\Program Files\Java\jdk-19\bin\jimage.dll
0x00007ff924450000 - 0x00007ff924683000 	C:\WINDOWS\SYSTEM32\DBGHELP.DLL
0x00007ff925e40000 - 0x00007ff9261c8000 	C:\WINDOWS\System32\combase.dll
0x00007ff9275c0000 - 0x00007ff927697000 	C:\WINDOWS\System32\OLEAUT32.dll
0x00007ff924210000 - 0x00007ff924242000 	C:\WINDOWS\SYSTEM32\dbgcore.DLL
0x00007ff924bc0000 - 0x00007ff924c39000 	C:\WINDOWS\System32\bcryptPrimitives.dll
0x00007ff90b670000 - 0x00007ff90b67e000 	C:\Program Files\Java\jdk-19\bin\instrument.dll
0x00007ff90c1a0000 - 0x00007ff90c1c6000 	C:\Program Files\Java\jdk-19\bin\java.dll
0x00007ff8e3e50000 - 0x00007ff8e3f27000 	C:\Program Files\Java\jdk-19\bin\jsvml.dll
0x00007ff926800000 - 0x00007ff92705c000 	C:\WINDOWS\System32\SHELL32.dll
0x00007ff922250000 - 0x00007ff922b49000 	C:\WINDOWS\SYSTEM32\windows.storage.dll
0x00007ff922110000 - 0x00007ff92224e000 	C:\WINDOWS\SYSTEM32\wintypes.dll
0x00007ff9256d0000 - 0x00007ff9257c3000 	C:\WINDOWS\System32\SHCORE.dll
0x00007ff9266e0000 - 0x00007ff92673e000 	C:\WINDOWS\System32\shlwapi.dll
0x00007ff924930000 - 0x00007ff924951000 	C:\WINDOWS\SYSTEM32\profapi.dll
0x00007ff8f4a80000 - 0x00007ff8f4a98000 	C:\Program Files\Java\jdk-19\bin\zip.dll
0x00007ff90b700000 - 0x00007ff90b713000 	C:\Program Files\Java\jdk-19\bin\net.dll
0x00007ff91d730000 - 0x00007ff91d866000 	C:\WINDOWS\SYSTEM32\WINHTTP.dll
0x00007ff923800000 - 0x00007ff923869000 	C:\WINDOWS\system32\mswsock.dll
0x00007ff90b6e0000 - 0x00007ff90b6f6000 	C:\Program Files\Java\jdk-19\bin\nio.dll
0x00007ff902e70000 - 0x00007ff902e8a000 	C:\Program Files\JetBrains\IntelliJ IDEA 2022.1.2\bin\breakgen64.dll
0x00007ff91f3b0000 - 0x00007ff91f3b8000 	C:\Program Files\Java\jdk-19\bin\extnet.dll
0x0000000069ac0000 - 0x0000000069ae4000 	C:\Users\99293\AppData\Local\Temp\jansi-2.4.0-dada4f9a8dce003d-jansi.dll
0x00007ff90c160000 - 0x00007ff90c170000 	C:\Program Files\Java\jdk-19\bin\verify.dll

dbghelp: loaded successfully - version: 4.0.5 - missing functions: none
symbol engine: initialized successfully - sym options: 0x614 - pdb path: .;C:\Program Files\Java\jdk-19\bin;C:\WINDOWS\SYSTEM32;C:\WINDOWS\WinSxS\amd64_microsoft.windows.common-controls_6595b64144ccf1df_6.0.22621.3235_none_270f74e173860f98;C:\Program Files\Java\jdk-19\bin\server;C:\Program Files\JetBrains\IntelliJ IDEA 2022.1.2\bin;C:\Users\99293\AppData\Local\Temp

VM Arguments:
jvm_args: -Dmaven.multiModuleProjectDirectory=D:\unitedStates original storage\unitedStates duplicates original storage -Dmaven.home=C:\Users\99293\.m2\wrapper\dists\apache-maven-3.8.6-bin\1ks0nkde5v1pk9vtc31i9d0lcd\apache-maven-3.8.6 -Dclassworlds.conf=C:\Users\99293\.m2\wrapper\dists\apache-maven-3.8.6-bin\1ks0nkde5v1pk9vtc31i9d0lcd\apache-maven-3.8.6\bin\m2.conf -Dmaven.ext.class.path=C:\Program Files\JetBrains\IntelliJ IDEA 2022.1.2\plugins\maven\lib\maven-event-listener.jar -javaagent:C:\Program Files\JetBrains\IntelliJ IDEA 2022.1.2\lib\idea_rt.jar=65236:C:\Program Files\JetBrains\IntelliJ IDEA 2022.1.2\bin -Dfile.encoding=UTF-8 
java_command: org.codehaus.classworlds.Launcher -Didea.version=2022.1.2 package
java_class_path (initial): C:\Users\99293\.m2\wrapper\dists\apache-maven-3.8.6-bin\1ks0nkde5v1pk9vtc31i9d0lcd\apache-maven-3.8.6\boot\plexus-classworlds-2.6.0.jar;C:\Users\99293\.m2\wrapper\dists\apache-maven-3.8.6-bin\1ks0nkde5v1pk9vtc31i9d0lcd\apache-maven-3.8.6\boot\plexus-classworlds.license
Launcher Type: SUN_STANDARD

[Global flags]
     intx CICompilerCount                          = 12                                        {product} {ergonomic}
     uint ConcGCThreads                            = 3                                         {product} {ergonomic}
     uint G1ConcRefinementThreads                  = 13                                        {product} {ergonomic}
   size_t G1HeapRegionSize                         = 2097152                                   {product} {ergonomic}
    uintx GCDrainStackTargetSize                   = 64                                        {product} {ergonomic}
   size_t InitialHeapSize                          = 264241152                                 {product} {ergonomic}
   size_t MarkStackSize                            = 4194304                                   {product} {ergonomic}
   size_t MaxHeapSize                              = 4196401152                                {product} {ergonomic}
   size_t MaxNewSize                               = 2516582400                                {product} {ergonomic}
   size_t MinHeapDeltaBytes                        = 2097152                                   {product} {ergonomic}
   size_t MinHeapSize                              = 8388608                                   {product} {ergonomic}
    uintx NonNMethodCodeHeapSize                   = 7602480                                {pd product} {ergonomic}
    uintx NonProfiledCodeHeapSize                  = 122027880                              {pd product} {ergonomic}
    uintx ProfiledCodeHeapSize                     = 122027880                              {pd product} {ergonomic}
    uintx ReservedCodeCacheSize                    = 251658240                              {pd product} {ergonomic}
     bool SegmentedCodeCache                       = true                                      {product} {ergonomic}
   size_t SoftMaxHeapSize                          = 4196401152                             {manageable} {ergonomic}
     bool UseCompressedClassPointers               = true                           {product lp64_product} {ergonomic}
     bool UseCompressedOops                        = true                           {product lp64_product} {ergonomic}
     bool UseG1GC                                  = true                                      {product} {ergonomic}
     bool UseLargePagesIndividualAllocation        = false                                  {pd product} {ergonomic}

Logging:
Log output configuration:
 #0: stdout all=warning uptime,level,tags foldmultilines=false
 #1: stderr all=off uptime,level,tags foldmultilines=false

Environment Variables:
PATH=C:\Program Files\Common Files\Oracle\Java\javapath;C:\Windows\system32;C:\Windows;C:\Windows\System32\Wbem;C:\Windows\System32\WindowsPowerShell\v1.0\;C:\Windows\System32\OpenSSH\;C:\Program Files (x86)\NVIDIA Corporation\PhysX\Common;C:\Program Files\NVIDIA Corporation\NVIDIA NvDLISR;C:\Program Files\Git\cmd;C:\Program Files (x86)\dotnet\;%SystemRoot%\system32;%SystemRoot%;%SystemRoot%\System32\Wbem;%SYSTEMROOT%\System32\WindowsPowerShell\v1.0\;%SYSTEMROOT%\System32\OpenSSH\;C:\Users\99293\AppData\Local\Programs\Python\Python311\Scripts\;C:\Users\99293\AppData\Local\Programs\Python\Python311\;C:\Users\99293\AppData\Local\Microsoft\WindowsApps;;C:\Program Files\JetBrains\IntelliJ IDEA 2022.1.2\bin;;C:\Program Files\heroku\bin
USERNAME=ASUS
OS=Windows_NT
PROCESSOR_IDENTIFIER=Intel64 Family 6 Model 154 Stepping 3, GenuineIntel
TMP=C:\Users\99293\AppData\Local\Temp
TEMP=C:\Users\99293\AppData\Local\Temp



---------------  S Y S T E M  ---------------

OS:
 Windows 11 , 64 bit Build 22621 (10.0.22621.3374)
OS uptime: 1 days 3:24 hours
Hyper-V role detected

CPU: total 16 (initial active 16) (8 cores per cpu, 2 threads per core) family 6 model 154 stepping 3 microcode 0x41c, cx8, cmov, fxsr, ht, mmx, 3dnowpref, sse, sse2, sse3, ssse3, sse4.1, sse4.2, popcnt, lzcnt, tsc, tscinvbit, avx, avx2, aes, erms, clmul, bmi1, bmi2, adx, sha, fma, vzeroupper, clflush, clflushopt, clwb, hv, serialize, rdtscp, rdpid, fsrm

Memory: 4k page, system-wide physical 16005M (3075M free)
TotalPageFile size 18053M (AvailPageFile size 7M)
current process WorkingSet (physical memory assigned to process): 565M, peak: 570M
current process commit charge ("private bytes"): 637M, peak: 643M

vm_info: Java HotSpot(TM) 64-Bit Server VM (19.0.2+7-44) for windows-amd64 JRE (19.0.2+7-44), built on 2022-11-30T18:02:09Z by "mach5one" with MS VC++ 17.1 (VS2022)

END.
