#
# There is insufficient memory for the Java Runtime Environment to continue.
# Native memory allocation (mmap) failed to map 85983232 bytes for G1 virtual space
# Possible reasons:
#   The system is out of physical RAM or swap space
#   The process is running with CompressedOops enabled, and the Java Heap may be blocking the growth of the native heap
# Possible solutions:
#   Reduce memory load on the system
#   Increase physical memory or swap space
#   Check if swap backing store is full
#   Decrease Java heap size (-Xmx/-Xms)
#   Decrease number of Java threads
#   Decrease Java thread stack sizes (-Xss)
#   Set larger code cache with -XX:ReservedCodeCacheSize=
#   JVM is running with Zero Based Compressed Oops mode in which the Java heap is
#     placed in the first 32GB address space. The Java Heap base address is the
#     maximum limit for the native heap growth. Please use -XX:HeapBaseMinAddress
#     to set the Java Heap base and to place the Java Heap above 32GB virtual address.
# This output file may be truncated or incomplete.
#
#  Out of Memory Error (os_windows.cpp:3536), pid=24764, tid=25896
#
# JRE version: Java(TM) SE Runtime Environment (19.0.2+7) (build 19.0.2+7-44)
# Java VM: Java HotSpot(TM) 64-Bit Server VM (19.0.2+7-44, mixed mode, sharing, tiered, compressed oops, compressed class ptrs, g1 gc, windows-amd64)
# No core dump will be written. Minidumps are not enabled by default on client versions of Windows
#

---------------  S U M M A R Y ------------

Command Line: -Dmaven.multiModuleProjectDirectory=D:\unitedStates_storage-master\unitedStates_storage -Dmaven.home=C:\Users\99293\.m2\wrapper\dists\apache-maven-3.8.6-bin\1ks0nkde5v1pk9vtc31i9d0lcd\apache-maven-3.8.6 -Dclassworlds.conf=C:\Users\99293\.m2\wrapper\dists\apache-maven-3.8.6-bin\1ks0nkde5v1pk9vtc31i9d0lcd\apache-maven-3.8.6\bin\m2.conf -Dmaven.ext.class.path=C:\Program Files\JetBrains\IntelliJ IDEA 2022.1.2\plugins\maven\lib\maven-event-listener.jar -javaagent:C:\Program Files\JetBrains\IntelliJ IDEA 2022.1.2\lib\idea_rt.jar=60311:C:\Program Files\JetBrains\IntelliJ IDEA 2022.1.2\bin -Dfile.encoding=UTF-8 org.codehaus.classworlds.Launcher -Didea.version=2022.1.2 package

Host: 12th Gen Intel(R) Core(TM) i7-12650H, 16 cores, 15G,  Windows 11 , 64 bit Build 22621 (10.0.22621.3958)
Time: Mon Nov 11 18:00:45 2024  Windows 11 , 64 bit Build 22621 (10.0.22621.3958) elapsed time: 3.817237 seconds (0d 0h 0m 3s)

---------------  T H R E A D  ---------------

Current thread (0x0000027079dd4dc0):  VMThread "VM Thread" [stack: 0x00000084c4200000,0x00000084c4300000] [id=25896]

Stack: [0x00000084c4200000,0x00000084c4300000]
Native frames: (J=compiled Java code, j=interpreted, Vv=VM code, C=native code)
V  [jvm.dll+0x6ee21a]
V  [jvm.dll+0x85765e]
V  [jvm.dll+0x85904e]
V  [jvm.dll+0x859703]
V  [jvm.dll+0x28298f]
V  [jvm.dll+0x6eb009]
V  [jvm.dll+0x6dfbaa]
V  [jvm.dll+0x3573f6]
V  [jvm.dll+0x35ee56]
V  [jvm.dll+0x3b541e]
V  [jvm.dll+0x3b564f]
V  [jvm.dll+0x32c9ea]
V  [jvm.dll+0x32ca97]
V  [jvm.dll+0x374cd2]
V  [jvm.dll+0x37340f]
V  [jvm.dll+0x32c210]
V  [jvm.dll+0x3729ab]
V  [jvm.dll+0x85ebc3]
V  [jvm.dll+0x85f989]
V  [jvm.dll+0x85febd]
V  [jvm.dll+0x86034b]
V  [jvm.dll+0x860407]
V  [jvm.dll+0x80125a]
V  [jvm.dll+0x6ecf0b]
C  [ucrtbase.dll+0x29333]
C  [KERNEL32.DLL+0x1257d]
C  [ntdll.dll+0x5af08]

VM_Operation (0x00000084c3cfcc70): G1CollectForAllocation, mode: safepoint, requested by thread 0x00000270560f1260


---------------  P R O C E S S  ---------------

Threads class SMR info:
_java_thread_list=0x000002707e144a40, length=22, elements={
0x00000270560f1260, 0x0000027079ded4c0, 0x0000027079dee2b0, 0x0000027079df10b0,
0x0000027079df6b10, 0x0000027079df7440, 0x0000027079df7d70, 0x0000027079df89d0,
0x0000027079e00bc0, 0x0000027079e0f570, 0x000002707e09e9e0, 0x000002707e118160,
0x000002707e11fea0, 0x000002707e293c90, 0x000002707e2941d0, 0x000002707e2d82a0,
0x000002707e621910, 0x000002707e8129f0, 0x000002707e8136c0, 0x000002707ebeee10,
0x000002707eb1b760, 0x000002707eec3d10
}

Java Threads: ( => current thread )
  0x00000270560f1260 JavaThread "main" [_thread_blocked, id=15172, stack(0x00000084c3c00000,0x00000084c3d00000)]
  0x0000027079ded4c0 JavaThread "Reference Handler" daemon [_thread_blocked, id=10524, stack(0x00000084c4300000,0x00000084c4400000)]
  0x0000027079dee2b0 JavaThread "Finalizer" daemon [_thread_blocked, id=25096, stack(0x00000084c4400000,0x00000084c4500000)]
  0x0000027079df10b0 JavaThread "Signal Dispatcher" daemon [_thread_blocked, id=23092, stack(0x00000084c4500000,0x00000084c4600000)]
  0x0000027079df6b10 JavaThread "Attach Listener" daemon [_thread_blocked, id=26504, stack(0x00000084c4600000,0x00000084c4700000)]
  0x0000027079df7440 JavaThread "Service Thread" daemon [_thread_blocked, id=3744, stack(0x00000084c4700000,0x00000084c4800000)]
  0x0000027079df7d70 JavaThread "Monitor Deflation Thread" daemon [_thread_blocked, id=6680, stack(0x00000084c4800000,0x00000084c4900000)]
  0x0000027079df89d0 JavaThread "C2 CompilerThread0" daemon [_thread_blocked, id=8836, stack(0x00000084c4900000,0x00000084c4a00000)]
  0x0000027079e00bc0 JavaThread "C1 CompilerThread0" daemon [_thread_blocked, id=18604, stack(0x00000084c4a00000,0x00000084c4b00000)]
  0x0000027079e0f570 JavaThread "Sweeper thread" daemon [_thread_blocked, id=27300, stack(0x00000084c4b00000,0x00000084c4c00000)]
  0x000002707e09e9e0 JavaThread "C1 CompilerThread1" daemon [_thread_blocked, id=8596, stack(0x00000084c4c00000,0x00000084c4d00000)]
  0x000002707e118160 JavaThread "Common-Cleaner" daemon [_thread_blocked, id=18668, stack(0x00000084c4d00000,0x00000084c4e00000)]
  0x000002707e11fea0 JavaThread "C1 CompilerThread2" daemon [_thread_blocked, id=22936, stack(0x00000084c4e00000,0x00000084c4f00000)]
  0x000002707e293c90 JavaThread "Monitor Ctrl-Break" daemon [_thread_in_native, id=27632, stack(0x00000084c4f00000,0x00000084c5000000)]
  0x000002707e2941d0 JavaThread "Notification Thread" daemon [_thread_blocked, id=23900, stack(0x00000084c5000000,0x00000084c5100000)]
  0x000002707e2d82a0 JavaThread "C2 CompilerThread1" daemon [_thread_blocked, id=13712, stack(0x00000084c5200000,0x00000084c5300000)]
  0x000002707e621910 JavaThread "C1 CompilerThread3" daemon [_thread_blocked, id=16604, stack(0x00000084c5300000,0x00000084c5400000)]
  0x000002707e8129f0 JavaThread "C2 CompilerThread2" daemon [_thread_blocked, id=22916, stack(0x00000084c5400000,0x00000084c5500000)]
  0x000002707e8136c0 JavaThread "C2 CompilerThread3" daemon [_thread_blocked, id=21704, stack(0x00000084c5500000,0x00000084c5600000)]
  0x000002707ebeee10 JavaThread "C2 CompilerThread4" daemon [_thread_blocked, id=23304, stack(0x00000084c5600000,0x00000084c5700000)]
  0x000002707eb1b760 JavaThread "C2 CompilerThread5" daemon [_thread_blocked, id=7128, stack(0x00000084c5700000,0x00000084c5800000)]
  0x000002707eec3d10 JavaThread "C2 CompilerThread6" daemon [_thread_blocked, id=25696, stack(0x00000084c5800000,0x00000084c5900000)]

Other Threads:
=>0x0000027079dd4dc0 VMThread "VM Thread" [stack: 0x00000084c4200000,0x00000084c4300000] [id=25896]
  0x000002707e298bf0 WatcherThread "VM Periodic Task Thread" [stack: 0x00000084c5100000,0x00000084c5200000] [id=5096]
  0x0000027056161e00 WorkerThread "GC Thread#0" [stack: 0x00000084c3d00000,0x00000084c3e00000] [id=23816]
  0x000002707e54b240 WorkerThread "GC Thread#1" [stack: 0x00000084c5900000,0x00000084c5a00000] [id=11760]
  0x000002707e54a430 WorkerThread "GC Thread#2" [stack: 0x00000084c5a00000,0x00000084c5b00000] [id=13264]
  0x000002707e549e90 WorkerThread "GC Thread#3" [stack: 0x00000084c5b00000,0x00000084c5c00000] [id=5524]
  0x000002707e549620 WorkerThread "GC Thread#4" [stack: 0x00000084c5c00000,0x00000084c5d00000] [id=27644]
  0x000002707e54a160 WorkerThread "GC Thread#5" [stack: 0x00000084c5d00000,0x00000084c5e00000] [id=9572]
  0x000002707e54a9d0 WorkerThread "GC Thread#6" [stack: 0x00000084c5e00000,0x00000084c5f00000] [id=19908]
  0x000002707e54a700 WorkerThread "GC Thread#7" [stack: 0x00000084c5f00000,0x00000084c6000000] [id=14500]
  0x00000270002ce9a0 WorkerThread "GC Thread#8" [stack: 0x00000084c6000000,0x00000084c6100000] [id=27320]
  0x00000270002cf4e0 WorkerThread "GC Thread#9" [stack: 0x00000084c6100000,0x00000084c6200000] [id=26644]
  0x00000270002cec70 WorkerThread "GC Thread#10" [stack: 0x00000084c6200000,0x00000084c6300000] [id=17296]
  0x00000270002d1100 WorkerThread "GC Thread#11" [stack: 0x00000084c6300000,0x00000084c6400000] [id=26124]
  0x00000270002d05c0 WorkerThread "GC Thread#12" [stack: 0x00000084c6400000,0x00000084c6500000] [id=10980]
  0x0000027056173920 ConcurrentGCThread "G1 Main Marker" [stack: 0x00000084c3e00000,0x00000084c3f00000] [id=17900]
  0x0000027056174350 WorkerThread "G1 Conc#0" [stack: 0x00000084c3f00000,0x00000084c4000000] [id=19076]
  0x00000270002cfd50 WorkerThread "G1 Conc#1" [stack: 0x00000084c6500000,0x00000084c6600000] [id=1012]
  0x00000270002cf210 WorkerThread "G1 Conc#2" [stack: 0x00000084c6600000,0x00000084c6700000] [id=18172]
  0x0000027079c91df0 ConcurrentGCThread "G1 Refine#0" [stack: 0x00000084c4000000,0x00000084c4100000] [id=28164]
  0x0000027079c92930 ConcurrentGCThread "G1 Service" [stack: 0x00000084c4100000,0x00000084c4200000] [id=27596]

Threads with active compile tasks:
C2 CompilerThread0     3826 7550       4       java.util.IdentityHashMap$EntryIterator$Entry::getValue (19 bytes)
C1 CompilerThread0     3826 8055       3       java.lang.invoke.LambdaForm$MH/0x0000000801312800::invoke (42 bytes)
C1 CompilerThread1     3826 8056       3       java.lang.invoke.LambdaForm$MH/0x0000000801312c00::invoke (42 bytes)
C1 CompilerThread2     3826 8057       3       java.lang.invoke.LambdaForm$MH/0x0000000801313000::invoke (42 bytes)
C2 CompilerThread1     3826 7544       4       lombok.javac.JavacAST::buildTypeUse (398 bytes)
C2 CompilerThread2     3826 7545       4       lombok.javac.JavacAST::buildLocalVar (109 bytes)
C2 CompilerThread3     3826 7841       4       lombok.javac.handlers.JavacHandlerUtil::typeMatches (132 bytes)
C2 CompilerThread4     3826 7546       4       java.lang.invoke.LambdaForm$MH/0x0000000801309800::invoke (42 bytes)
C2 CompilerThread5     3826 7551       4       java.lang.invoke.LambdaForm$MH/0x0000000801309000::invoke (42 bytes)
C2 CompilerThread6     3826 7794       4       lombok.core.configuration.BubblingConfigurationResolver::resolve (429 bytes)

VM state: at safepoint (normal execution)

VM Mutex/Monitor currently owned by a thread:  ([mutex/lock_event])
[0x00000270560ed210] Threads_lock - owner thread: 0x0000027079dd4dc0
[0x00000270560ebef0] Heap_lock - owner thread: 0x00000270560f1260

Heap address: 0x0000000705e00000, size: 4002 MB, Compressed Oops mode: Zero based, Oop shift amount: 3

CDS archive(s) mapped at: [0x0000000800000000-0x0000000800c40000-0x0000000800c40000), size 12845056, SharedBaseAddress: 0x0000000800000000, ArchiveRelocationMode: 0.
Compressed class space mapped at: 0x0000000801000000-0x0000000841000000, reserved size: 1073741824
Narrow klass base: 0x0000000800000000, Narrow klass shift: 0, Narrow klass range: 0x100000000

GC Precious Log:
 CardTable entry size: 512
 Card Set container configuration: InlinePtr #cards 4 size 8 Array Of Cards #cards 16 size 48 Howl #buckets 8 coarsen threshold 3686 Howl Bitmap #cards 512 size 80 coarsen threshold 460 Card regions per heap region 1 cards per card region 4096
 CPUs: 16 total, 16 available
 Memory: 16005M
 Large Page Support: Disabled
 NUMA Support: Disabled
 Compressed Oops: Enabled (Zero based)
 Heap Region Size: 2M
 Heap Min Capacity: 8M
 Heap Initial Capacity: 252M
 Heap Max Capacity: 4002M
 Pre-touch: Disabled
 Parallel Workers: 13
 Concurrent Workers: 3
 Concurrent Refinement Workers: 13
 Periodic GC: Disabled

Heap:
 garbage-first heap   total 137216K, used 53997K [0x0000000705e00000, 0x0000000800000000)
  region size 2048K, 2 young (4096K), 2 survivors (4096K)
 Metaspace       used 28512K, committed 29120K, reserved 1114112K
  class space    used 2965K, committed 3264K, reserved 1048576K

Heap Regions: E=young(eden), S=young(survivor), O=old, HS=humongous(starts), HC=humongous(continues), CS=collection set, F=free, OA=open archive, CA=closed archive, TAMS=top-at-mark-start (previous, next)
|   0|0x0000000705e00000, 0x0000000706000000, 0x0000000706000000|100%| O|  |TAMS 0x0000000706000000, 0x0000000705e00000| Untracked 
|   1|0x0000000706000000, 0x0000000706200000, 0x0000000706200000|100%| O|  |TAMS 0x0000000706200000, 0x0000000706000000| Untracked 
|   2|0x0000000706200000, 0x0000000706400000, 0x0000000706400000|100%| O|  |TAMS 0x0000000706400000, 0x0000000706200000| Untracked 
|   3|0x0000000706400000, 0x0000000706600000, 0x0000000706600000|100%| O|  |TAMS 0x0000000706600000, 0x0000000706400000| Untracked 
|   4|0x0000000706600000, 0x0000000706800000, 0x0000000706800000|100%| O|  |TAMS 0x0000000706800000, 0x0000000706600000| Untracked 
|   5|0x0000000706800000, 0x0000000706a00000, 0x0000000706a00000|100%| O|  |TAMS 0x0000000706a00000, 0x0000000706800000| Untracked 
|   6|0x0000000706a00000, 0x0000000706c00000, 0x0000000706c00000|100%| O|  |TAMS 0x0000000706c00000, 0x0000000706a00000| Untracked 
|   7|0x0000000706c00000, 0x0000000706e00000, 0x0000000706e00000|100%| O|  |TAMS 0x0000000706e00000, 0x0000000706c00000| Untracked 
|   8|0x0000000706e00000, 0x0000000706e00000, 0x0000000707000000|  0%| F|  |TAMS 0x0000000706e00000, 0x0000000706e00000| Untracked 
|   9|0x0000000707000000, 0x0000000707200000, 0x0000000707200000|100%| O|  |TAMS 0x0000000707200000, 0x0000000707000000| Untracked 
|  10|0x0000000707200000, 0x0000000707400000, 0x0000000707400000|100%| O|  |TAMS 0x0000000707400000, 0x0000000707200000| Untracked 
|  11|0x0000000707400000, 0x0000000707600000, 0x0000000707600000|100%| O|  |TAMS 0x0000000707400000, 0x0000000707400000| Untracked 
|  12|0x0000000707600000, 0x0000000707800000, 0x0000000707800000|100%| O|  |TAMS 0x0000000707600000, 0x0000000707600000| Untracked 
|  13|0x0000000707800000, 0x0000000707a00000, 0x0000000707a00000|100%|HS|  |TAMS 0x0000000707800000, 0x0000000707800000| Complete 
|  14|0x0000000707a00000, 0x0000000707c00000, 0x0000000707c00000|100%| O|  |TAMS 0x0000000707a00000, 0x0000000707a00000| Untracked 
|  15|0x0000000707c00000, 0x0000000707e00000, 0x0000000707e00000|100%| O|  |TAMS 0x0000000707c00000, 0x0000000707c00000| Untracked 
|  16|0x0000000707e00000, 0x0000000708000000, 0x0000000708000000|100%| O|  |TAMS 0x0000000707e00000, 0x0000000707e00000| Untracked 
|  17|0x0000000708000000, 0x0000000708200000, 0x0000000708200000|100%| O|  |TAMS 0x0000000708000000, 0x0000000708000000| Untracked 
|  18|0x0000000708200000, 0x000000070823de00, 0x0000000708400000| 12%| O|  |TAMS 0x0000000708200000, 0x0000000708200000| Untracked 
|  19|0x0000000708400000, 0x0000000708400000, 0x0000000708600000|  0%| F|  |TAMS 0x0000000708400000, 0x0000000708400000| Untracked 
|  20|0x0000000708600000, 0x0000000708600000, 0x0000000708800000|  0%| F|  |TAMS 0x0000000708600000, 0x0000000708600000| Untracked 
|  21|0x0000000708800000, 0x0000000708800000, 0x0000000708a00000|  0%| F|  |TAMS 0x0000000708800000, 0x0000000708800000| Untracked 
|  22|0x0000000708a00000, 0x0000000708a00000, 0x0000000708c00000|  0%| F|  |TAMS 0x0000000708a00000, 0x0000000708a00000| Untracked 
|  23|0x0000000708c00000, 0x0000000708c00000, 0x0000000708e00000|  0%| F|  |TAMS 0x0000000708c00000, 0x0000000708c00000| Untracked 
|  24|0x0000000708e00000, 0x0000000708e00000, 0x0000000709000000|  0%| F|  |TAMS 0x0000000708e00000, 0x0000000708e00000| Untracked 
|  25|0x0000000709000000, 0x0000000709000000, 0x0000000709200000|  0%| F|  |TAMS 0x0000000709000000, 0x0000000709000000| Untracked 
|  26|0x0000000709200000, 0x0000000709200000, 0x0000000709400000|  0%| F|  |TAMS 0x0000000709200000, 0x0000000709200000| Untracked 
|  27|0x0000000709400000, 0x0000000709400000, 0x0000000709600000|  0%| F|  |TAMS 0x0000000709400000, 0x0000000709400000| Untracked 
|  28|0x0000000709600000, 0x0000000709600000, 0x0000000709800000|  0%| F|  |TAMS 0x0000000709600000, 0x0000000709600000| Untracked 
|  29|0x0000000709800000, 0x0000000709800000, 0x0000000709a00000|  0%| F|  |TAMS 0x0000000709800000, 0x0000000709800000| Untracked 
|  30|0x0000000709a00000, 0x0000000709a7d970, 0x0000000709c00000| 24%| S|CS|TAMS 0x0000000709a00000, 0x0000000709a00000| Complete 
|  31|0x0000000709c00000, 0x0000000709e00000, 0x0000000709e00000|100%| S|CS|TAMS 0x0000000709c00000, 0x0000000709c00000| Complete 
|  32|0x0000000709e00000, 0x0000000709e00000, 0x000000070a000000|  0%| F|  |TAMS 0x0000000709e00000, 0x0000000709e00000| Untracked 
|  33|0x000000070a000000, 0x000000070a000000, 0x000000070a200000|  0%| F|  |TAMS 0x000000070a000000, 0x000000070a000000| Untracked 
|  34|0x000000070a200000, 0x000000070a200000, 0x000000070a400000|  0%| F|  |TAMS 0x000000070a200000, 0x000000070a200000| Untracked 
|  35|0x000000070a400000, 0x000000070a400000, 0x000000070a600000|  0%| F|  |TAMS 0x000000070a400000, 0x000000070a400000| Untracked 
|  36|0x000000070a600000, 0x000000070a600000, 0x000000070a800000|  0%| F|  |TAMS 0x000000070a600000, 0x000000070a600000| Untracked 
|  37|0x000000070a800000, 0x000000070a800000, 0x000000070aa00000|  0%| F|  |TAMS 0x000000070a800000, 0x000000070a800000| Untracked 
|  38|0x000000070aa00000, 0x000000070aa00000, 0x000000070ac00000|  0%| F|  |TAMS 0x000000070aa00000, 0x000000070aa00000| Untracked 
|  39|0x000000070ac00000, 0x000000070ac00000, 0x000000070ae00000|  0%| F|  |TAMS 0x000000070ac00000, 0x000000070ac00000| Untracked 
|  40|0x000000070ae00000, 0x000000070ae00000, 0x000000070b000000|  0%| F|  |TAMS 0x000000070ae00000, 0x000000070ae00000| Untracked 
|  41|0x000000070b000000, 0x000000070b000000, 0x000000070b200000|  0%| F|  |TAMS 0x000000070b000000, 0x000000070b000000| Untracked 
|  42|0x000000070b200000, 0x000000070b200000, 0x000000070b400000|  0%| F|  |TAMS 0x000000070b200000, 0x000000070b200000| Untracked 
|  43|0x000000070b400000, 0x000000070b400000, 0x000000070b600000|  0%| F|  |TAMS 0x000000070b400000, 0x000000070b400000| Untracked 
|  44|0x000000070b600000, 0x000000070b600000, 0x000000070b800000|  0%| F|  |TAMS 0x000000070b600000, 0x000000070b600000| Untracked 
|  45|0x000000070b800000, 0x000000070b800000, 0x000000070ba00000|  0%| F|  |TAMS 0x000000070b800000, 0x000000070b800000| Untracked 
|  46|0x000000070ba00000, 0x000000070ba00000, 0x000000070bc00000|  0%| F|  |TAMS 0x000000070ba00000, 0x000000070ba00000| Untracked 
|  47|0x000000070bc00000, 0x000000070bc00000, 0x000000070be00000|  0%| F|  |TAMS 0x000000070bc00000, 0x000000070bc00000| Untracked 
|  48|0x000000070be00000, 0x000000070be00000, 0x000000070c000000|  0%| F|  |TAMS 0x000000070be00000, 0x000000070be00000| Untracked 
|  49|0x000000070c000000, 0x000000070c000000, 0x000000070c200000|  0%| F|  |TAMS 0x000000070c000000, 0x000000070c000000| Untracked 
|  50|0x000000070c200000, 0x000000070c200000, 0x000000070c400000|  0%| F|  |TAMS 0x000000070c200000, 0x000000070c200000| Untracked 
|  51|0x000000070c400000, 0x000000070c400000, 0x000000070c600000|  0%| F|  |TAMS 0x000000070c400000, 0x000000070c400000| Untracked 
|  52|0x000000070c600000, 0x000000070c600000, 0x000000070c800000|  0%| F|  |TAMS 0x000000070c600000, 0x000000070c600000| Untracked 
|  53|0x000000070c800000, 0x000000070c800000, 0x000000070ca00000|  0%| F|  |TAMS 0x000000070c800000, 0x000000070c800000| Untracked 
|  54|0x000000070ca00000, 0x000000070ca00000, 0x000000070cc00000|  0%| F|  |TAMS 0x000000070ca00000, 0x000000070ca00000| Untracked 
|  55|0x000000070cc00000, 0x000000070cc00000, 0x000000070ce00000|  0%| F|  |TAMS 0x000000070cc00000, 0x000000070cc00000| Untracked 
|  56|0x000000070ce00000, 0x000000070ce00000, 0x000000070d000000|  0%| F|  |TAMS 0x000000070ce00000, 0x000000070ce00000| Untracked 
|  57|0x000000070d000000, 0x000000070d000000, 0x000000070d200000|  0%| F|  |TAMS 0x000000070d000000, 0x000000070d000000| Untracked 
| 125|0x0000000715800000, 0x0000000715800000, 0x0000000715a00000|  0%| F|  |TAMS 0x0000000715800000, 0x0000000715800000| Untracked 
|1993|0x00000007ff000000, 0x00000007ff200000, 0x00000007ff200000|100%| O|  |TAMS 0x00000007ff200000, 0x00000007ff000000| Untracked 
|1994|0x00000007ff200000, 0x00000007ff400000, 0x00000007ff400000|100%| O|  |TAMS 0x00000007ff400000, 0x00000007ff200000| Untracked 
|1995|0x00000007ff400000, 0x00000007ff600000, 0x00000007ff600000|100%| O|  |TAMS 0x00000007ff600000, 0x00000007ff400000| Untracked 
|1996|0x00000007ff600000, 0x00000007ff800000, 0x00000007ff800000|100%| O|  |TAMS 0x00000007ff800000, 0x00000007ff600000| Untracked 
|1997|0x00000007ff800000, 0x00000007ffa00000, 0x00000007ffa00000|100%| O|  |TAMS 0x00000007ffa00000, 0x00000007ff800000| Untracked 
|1998|0x00000007ffa00000, 0x00000007ffc00000, 0x00000007ffc00000|100%| O|  |TAMS 0x00000007ffc00000, 0x00000007ffa00000| Untracked 
|1999|0x00000007ffc00000, 0x00000007ffe00000, 0x00000007ffe00000|100%| O|  |TAMS 0x00000007ffe00000, 0x00000007ffc00000| Untracked 
|2000|0x00000007ffe00000, 0x0000000800000000, 0x0000000800000000|100%| O|  |TAMS 0x0000000800000000, 0x00000007ffe00000| Untracked 

Card table byte_map: [0x000002706e0b0000,0x000002706e890000] _byte_map_base: 0x000002706a881000

Marking Bits (Prev, Next): (CMBitMap*) 0x0000027056162430, (CMBitMap*) 0x0000027056162470
 Prev Bits: [0x000002706f070000, 0x0000027072ef8000)
 Next Bits: [0x0000027072f00000, 0x0000027076d88000)

Polling page: 0x00000270558b0000

Metaspace:

Usage:
  Non-class:     24.95 MB used.
      Class:      2.90 MB used.
       Both:     27.84 MB used.

Virtual space:
  Non-class space:       64.00 MB reserved,      25.25 MB ( 39%) committed,  1 nodes.
      Class space:        1.00 GB reserved,       3.19 MB ( <1%) committed,  1 nodes.
             Both:        1.06 GB reserved,      28.44 MB (  3%) committed. 

Chunk freelists:
   Non-Class:  2.12 MB
       Class:  811.00 KB
        Both:  2.91 MB

MaxMetaspaceSize: unlimited
CompressedClassSpaceSize: 1.00 GB
Initial GC threshold: 21.00 MB
Current GC threshold: 41.88 MB
CDS: on
MetaspaceReclaimPolicy: balanced
 - commit_granule_bytes: 65536.
 - commit_granule_words: 8192.
 - virtual_space_node_default_size: 8388608.
 - enlarge_chunks_in_place: 1.
 - new_chunks_are_fully_committed: 0.
 - uncommit_free_chunks: 1.
 - use_allocation_guard: 0.


Internal statistics:

num_allocs_failed_limit: 3.
num_arena_births: 616.
num_arena_deaths: 0.
num_vsnodes_births: 2.
num_vsnodes_deaths: 0.
num_space_committed: 455.
num_space_uncommitted: 0.
num_chunks_returned_to_freelist: 3.
num_chunks_taken_from_freelist: 1721.
num_chunk_merges: 3.
num_chunk_splits: 1185.
num_chunks_enlarged: 818.
num_inconsistent_stats: 0.

CodeHeap 'non-profiled nmethods': size=119168Kb used=4424Kb max_used=4424Kb free=114743Kb
 bounds [0x0000027065bf0000, 0x0000027066050000, 0x000002706d050000]
CodeHeap 'profiled nmethods': size=119104Kb used=16293Kb max_used=16293Kb free=102810Kb
 bounds [0x000002705e050000, 0x000002705f040000, 0x00000270654a0000]
CodeHeap 'non-nmethods': size=7488Kb used=3011Kb max_used=3128Kb free=4476Kb
 bounds [0x00000270654a0000, 0x00000270657c0000, 0x0000027065bf0000]
 total_blobs=7726 nmethods=7186 adapters=446
 compilation: enabled
              stopped_count=0, restarted_count=0
 full_count=0

Compilation events (20 events):
Event: 3.804 Thread 0x0000027079df89d0 nmethod 7981 0x000002706603ec90 code [0x000002706603ee20, 0x000002706603eeb8]
Event: 3.804 Thread 0x0000027079df89d0 7547       4       java.util.IdentityHashMap$IdentityHashMapIterator::nextIndex (72 bytes)
Event: 3.805 Thread 0x000002707ebeee10 nmethod 7827 0x000002706603ef90 code [0x000002706603f180, 0x000002706603fb20]
Event: 3.805 Thread 0x0000027079df89d0 nmethod 7547 0x0000027066040190 code [0x0000027066040320, 0x00000270660403f8]
Event: 3.805 Thread 0x0000027079df89d0 7548       4       java.util.IdentityHashMap$EntryIterator::next (5 bytes)
Event: 3.805 Thread 0x000002707ebeee10 7549       4       java.util.IdentityHashMap$EntryIterator::next (21 bytes)
Event: 3.809 Thread 0x0000027079e00bc0 8054       3       lombok.javac.JavacImportList::getFullyQualifiedNameForSimpleNameNoAliasing (90 bytes)
Event: 3.810 Thread 0x000002707eb1b760 nmethod 8000 0x0000027066040510 code [0x00000270660406e0, 0x00000270660412f8]
Event: 3.810 Thread 0x0000027079df89d0 nmethod 7548 0x0000027066041790 code [0x0000027066041920, 0x0000027066041bd8]
Event: 3.810 Thread 0x0000027079e00bc0 nmethod 8054 0x000002705f035e90 code [0x000002705f036120, 0x000002705f037208]
Event: 3.811 Thread 0x000002707ebeee10 nmethod 7549 0x0000027066041d10 code [0x0000027066041ea0, 0x0000027066042158]
Event: 3.811 Thread 0x0000027079df89d0 7550       4       java.util.IdentityHashMap$EntryIterator$Entry::getValue (19 bytes)
Event: 3.811 Thread 0x000002707ebeee10 7546       4       java.lang.invoke.LambdaForm$MH/0x0000000801309800::invoke (42 bytes)
Event: 3.811 Thread 0x000002707eb1b760 7551       4       java.lang.invoke.LambdaForm$MH/0x0000000801309000::invoke (42 bytes)
Event: 3.811 Thread 0x0000027079e00bc0 8055       3       java.lang.invoke.LambdaForm$MH/0x0000000801312800::invoke (42 bytes)
Event: 3.811 Thread 0x000002707e09e9e0 8056       3       java.lang.invoke.LambdaForm$MH/0x0000000801312c00::invoke (42 bytes)
Event: 3.811 Thread 0x000002707e11fea0 8057       3       java.lang.invoke.LambdaForm$MH/0x0000000801313000::invoke (42 bytes)
Event: 3.813 Thread 0x0000027079e00bc0 nmethod 8055 0x000002705f037690 code [0x000002705f037920, 0x000002705f038748]
Event: 3.813 Thread 0x000002707e09e9e0 nmethod 8056 0x000002705f038b90 code [0x000002705f038e20, 0x000002705f039c48]
Event: 3.813 Thread 0x000002707e11fea0 nmethod 8057 0x000002705f03a090 code [0x000002705f03a320, 0x000002705f03b148]

GC Heap History (20 events):
Event: 2.259 GC heap after
{Heap after GC invocations=5 (full 0):
 garbage-first heap   total 83968K, used 28409K [0x0000000705e00000, 0x0000000800000000)
  region size 2048K, 4 young (8192K), 4 survivors (8192K)
 Metaspace       used 24245K, committed 24576K, reserved 1114112K
  class space    used 2576K, committed 2752K, reserved 1048576K
}
Event: 2.291 GC heap before
{Heap before GC invocations=5 (full 0):
 garbage-first heap   total 83968K, used 30457K [0x0000000705e00000, 0x0000000800000000)
  region size 2048K, 5 young (10240K), 4 survivors (8192K)
 Metaspace       used 24336K, committed 24704K, reserved 1114112K
  class space    used 2578K, committed 2752K, reserved 1048576K
}
Event: 2.296 GC heap after
{Heap after GC invocations=6 (full 0):
 garbage-first heap   total 83968K, used 31158K [0x0000000705e00000, 0x0000000800000000)
  region size 2048K, 1 young (2048K), 1 survivors (2048K)
 Metaspace       used 24336K, committed 24704K, reserved 1114112K
  class space    used 2578K, committed 2752K, reserved 1048576K
}
Event: 2.501 GC heap before
{Heap before GC invocations=6 (full 0):
 garbage-first heap   total 83968K, used 55734K [0x0000000705e00000, 0x0000000800000000)
  region size 2048K, 14 young (28672K), 1 survivors (2048K)
 Metaspace       used 24407K, committed 24768K, reserved 1114112K
  class space    used 2578K, committed 2752K, reserved 1048576K
}
Event: 2.505 GC heap after
{Heap after GC invocations=7 (full 0):
 garbage-first heap   total 83968K, used 38583K [0x0000000705e00000, 0x0000000800000000)
  region size 2048K, 2 young (4096K), 2 survivors (4096K)
 Metaspace       used 24407K, committed 24768K, reserved 1114112K
  class space    used 2578K, committed 2752K, reserved 1048576K
}
Event: 2.643 GC heap before
{Heap before GC invocations=7 (full 0):
 garbage-first heap   total 83968K, used 57015K [0x0000000705e00000, 0x0000000800000000)
  region size 2048K, 12 young (24576K), 2 survivors (4096K)
 Metaspace       used 24828K, committed 25216K, reserved 1114112K
  class space    used 2618K, committed 2816K, reserved 1048576K
}
Event: 2.647 GC heap after
{Heap after GC invocations=8 (full 0):
 garbage-first heap   total 83968K, used 42383K [0x0000000705e00000, 0x0000000800000000)
  region size 2048K, 2 young (4096K), 2 survivors (4096K)
 Metaspace       used 24828K, committed 25216K, reserved 1114112K
  class space    used 2618K, committed 2816K, reserved 1048576K
}
Event: 2.741 GC heap before
{Heap before GC invocations=8 (full 0):
 garbage-first heap   total 83968K, used 58767K [0x0000000705e00000, 0x0000000800000000)
  region size 2048K, 11 young (22528K), 2 survivors (4096K)
 Metaspace       used 25217K, committed 25664K, reserved 1114112K
  class space    used 2640K, committed 2880K, reserved 1048576K
}
Event: 2.747 GC heap after
{Heap after GC invocations=9 (full 0):
 garbage-first heap   total 137216K, used 46375K [0x0000000705e00000, 0x0000000800000000)
  region size 2048K, 2 young (4096K), 2 survivors (4096K)
 Metaspace       used 25217K, committed 25664K, reserved 1114112K
  class space    used 2640K, committed 2880K, reserved 1048576K
}
Event: 3.244 GC heap before
{Heap before GC invocations=10 (full 0):
 garbage-first heap   total 137216K, used 95527K [0x0000000705e00000, 0x0000000800000000)
  region size 2048K, 26 young (53248K), 2 survivors (4096K)
 Metaspace       used 27136K, committed 27584K, reserved 1114112K
  class space    used 2831K, committed 3072K, reserved 1048576K
}
Event: 3.250 GC heap after
{Heap after GC invocations=11 (full 0):
 garbage-first heap   total 137216K, used 51898K [0x0000000705e00000, 0x0000000800000000)
  region size 2048K, 4 young (8192K), 4 survivors (8192K)
 Metaspace       used 27136K, committed 27584K, reserved 1114112K
  class space    used 2831K, committed 3072K, reserved 1048576K
}
Event: 3.269 GC heap before
{Heap before GC invocations=11 (full 0):
 garbage-first heap   total 137216K, used 53946K [0x0000000705e00000, 0x0000000800000000)
  region size 2048K, 5 young (10240K), 4 survivors (8192K)
 Metaspace       used 27287K, committed 27712K, reserved 1114112K
  class space    used 2846K, committed 3072K, reserved 1048576K
}
Event: 3.274 GC heap after
{Heap after GC invocations=12 (full 0):
 garbage-first heap   total 137216K, used 52678K [0x0000000705e00000, 0x0000000800000000)
  region size 2048K, 1 young (2048K), 1 survivors (2048K)
 Metaspace       used 27287K, committed 27712K, reserved 1114112K
  class space    used 2846K, committed 3072K, reserved 1048576K
}
Event: 3.441 GC heap before
{Heap before GC invocations=12 (full 0):
 garbage-first heap   total 137216K, used 99782K [0x0000000705e00000, 0x0000000800000000)
  region size 2048K, 24 young (49152K), 1 survivors (2048K)
 Metaspace       used 27605K, committed 28160K, reserved 1114112K
  class space    used 2868K, committed 3136K, reserved 1048576K
}
Event: 3.442 GC heap after
{Heap after GC invocations=13 (full 0):
 garbage-first heap   total 137216K, used 51971K [0x0000000705e00000, 0x0000000800000000)
  region size 2048K, 1 young (2048K), 1 survivors (2048K)
 Metaspace       used 27605K, committed 28160K, reserved 1114112K
  class space    used 2868K, committed 3136K, reserved 1048576K
}
Event: 3.632 GC heap before
{Heap before GC invocations=13 (full 0):
 garbage-first heap   total 137216K, used 101123K [0x0000000705e00000, 0x0000000800000000)
  region size 2048K, 25 young (51200K), 1 survivors (2048K)
 Metaspace       used 28117K, committed 28672K, reserved 1114112K
  class space    used 2945K, committed 3200K, reserved 1048576K
}
Event: 3.633 GC heap after
{Heap after GC invocations=14 (full 0):
 garbage-first heap   total 137216K, used 52104K [0x0000000705e00000, 0x0000000800000000)
  region size 2048K, 1 young (2048K), 1 survivors (2048K)
 Metaspace       used 28117K, committed 28672K, reserved 1114112K
  class space    used 2945K, committed 3200K, reserved 1048576K
}
Event: 3.741 GC heap before
{Heap before GC invocations=14 (full 0):
 garbage-first heap   total 137216K, used 103304K [0x0000000705e00000, 0x0000000800000000)
  region size 2048K, 26 young (53248K), 1 survivors (2048K)
 Metaspace       used 28379K, committed 28928K, reserved 1114112K
  class space    used 2962K, committed 3264K, reserved 1048576K
}
Event: 3.743 GC heap after
{Heap after GC invocations=15 (full 0):
 garbage-first heap   total 137216K, used 53132K [0x0000000705e00000, 0x0000000800000000)
  region size 2048K, 1 young (2048K), 1 survivors (2048K)
 Metaspace       used 28379K, committed 28928K, reserved 1114112K
  class space    used 2962K, committed 3264K, reserved 1048576K
}
Event: 3.813 GC heap before
{Heap before GC invocations=15 (full 0):
 garbage-first heap   total 137216K, used 106380K [0x0000000705e00000, 0x0000000800000000)
  region size 2048K, 27 young (55296K), 1 survivors (2048K)
 Metaspace       used 28512K, committed 29120K, reserved 1114112K
  class space    used 2965K, committed 3264K, reserved 1048576K
}

Dll operation events (12 events):
Event: 0.005 Loaded shared library C:\Program Files\Java\jdk-19\bin\java.dll
Event: 0.010 Loaded shared library C:\Program Files\Java\jdk-19\bin\jsvml.dll
Event: 0.038 Loaded shared library C:\Program Files\Java\jdk-19\bin\zip.dll
Event: 0.039 Loaded shared library C:\Program Files\Java\jdk-19\bin\instrument.dll
Event: 0.042 Loaded shared library C:\Program Files\Java\jdk-19\bin\net.dll
Event: 0.043 Loaded shared library C:\Program Files\Java\jdk-19\bin\nio.dll
Event: 0.044 Loaded shared library C:\Program Files\Java\jdk-19\bin\zip.dll
Event: 0.052 Loaded shared library C:\Program Files\JetBrains\IntelliJ IDEA 2022.1.2\bin\breakgen64.dll
Event: 0.058 Loaded shared library C:\Program Files\Java\jdk-19\bin\extnet.dll
Event: 0.096 Loaded shared library C:\Program Files\Java\jdk-19\bin\jimage.dll
Event: 0.160 Loaded shared library C:\Users\99293\AppData\Local\Temp\jansi-2.4.0-e015807b9f28a816-jansi.dll
Event: 0.167 Loaded shared library C:\Program Files\Java\jdk-19\bin\verify.dll

Deoptimization events (20 events):
Event: 3.653 Thread 0x00000270560f1260 Uncommon trap: trap_request=0xffffffbe fr.pc=0x0000027065fc05c0 relative=0x00000000000082a0
Event: 3.653 Thread 0x00000270560f1260 Uncommon trap: reason=profile_predicate action=maybe_recompile pc=0x0000027065fc05c0 method=lombok.core.AST.buildWithCollection(Ljava/lang/Class;Ljava/lang/Object;Ljava/util/Collection;I)V @ 69 c2
Event: 3.653 Thread 0x00000270560f1260 DEOPT PACKING pc=0x0000027065fc05c0 sp=0x00000084c3cfd0f0
Event: 3.653 Thread 0x00000270560f1260 DEOPT UNPACKING pc=0x0000027065506da3 sp=0x00000084c3cfcd00 mode 2
Event: 3.653 Thread 0x00000270560f1260 Uncommon trap: trap_request=0xffffffbe fr.pc=0x0000027065fc05c0 relative=0x00000000000082a0
Event: 3.653 Thread 0x00000270560f1260 Uncommon trap: reason=profile_predicate action=maybe_recompile pc=0x0000027065fc05c0 method=lombok.core.AST.buildWithCollection(Ljava/lang/Class;Ljava/lang/Object;Ljava/util/Collection;I)V @ 69 c2
Event: 3.653 Thread 0x00000270560f1260 DEOPT PACKING pc=0x0000027065fc05c0 sp=0x00000084c3cfd0f0
Event: 3.653 Thread 0x00000270560f1260 DEOPT UNPACKING pc=0x0000027065506da3 sp=0x00000084c3cfcd00 mode 2
Event: 3.720 Thread 0x00000270560f1260 Uncommon trap: trap_request=0xffffff45 fr.pc=0x000002706600d118 relative=0x0000000000001758
Event: 3.720 Thread 0x00000270560f1260 Uncommon trap: reason=unstable_if action=reinterpret pc=0x000002706600d118 method=lombok.javac.JavacAST.buildTree(Lcom/sun/tools/javac/tree/JCTree;Llombok/core/AST$Kind;)Llombok/javac/JavacNode; @ 8 c2
Event: 3.720 Thread 0x00000270560f1260 DEOPT PACKING pc=0x000002706600d118 sp=0x00000084c3cfcf30
Event: 3.720 Thread 0x00000270560f1260 DEOPT UNPACKING pc=0x0000027065506da3 sp=0x00000084c3cfcfc8 mode 2
Event: 3.726 Thread 0x00000270560f1260 DEOPT PACKING pc=0x000002705ee335f2 sp=0x00000084c3cfcfd0
Event: 3.726 Thread 0x00000270560f1260 DEOPT UNPACKING pc=0x0000027065507543 sp=0x00000084c3cfc4b0 mode 0
Event: 3.736 Thread 0x00000270560f1260 DEOPT PACKING pc=0x000002705ef5326f sp=0x00000084c3cfd050
Event: 3.736 Thread 0x00000270560f1260 DEOPT UNPACKING pc=0x0000027065507543 sp=0x00000084c3cfc558 mode 0
Event: 3.772 Thread 0x00000270560f1260 DEOPT PACKING pc=0x000002705ef0cb1e sp=0x00000084c3cfd210
Event: 3.772 Thread 0x00000270560f1260 DEOPT UNPACKING pc=0x0000027065507543 sp=0x00000084c3cfc720 mode 0
Event: 3.778 Thread 0x00000270560f1260 DEOPT PACKING pc=0x000002705ee335f2 sp=0x00000084c3cfd5c0
Event: 3.778 Thread 0x00000270560f1260 DEOPT UNPACKING pc=0x0000027065507543 sp=0x00000084c3cfcaa0 mode 0

Classes loaded (20 events):
Event: 3.073 Loading class java/util/Vector$1
Event: 3.073 Loading class java/util/Vector$1 done
Event: 3.076 Loading class java/io/PushbackInputStream
Event: 3.076 Loading class java/io/PushbackInputStream done
Event: 3.164 Loading class java/util/Collections$UnmodifiableSortedSet
Event: 3.165 Loading class java/util/Collections$UnmodifiableSortedSet done
Event: 3.242 Loading class java/util/IdentityHashMap$EntrySet
Event: 3.242 Loading class java/util/IdentityHashMap$EntrySet done
Event: 3.242 Loading class java/util/IdentityHashMap$EntryIterator
Event: 3.242 Loading class java/util/IdentityHashMap$EntryIterator done
Event: 3.242 Loading class java/util/IdentityHashMap$EntryIterator$Entry
Event: 3.242 Loading class java/util/IdentityHashMap$EntryIterator$Entry done
Event: 3.530 Loading class java/util/regex/Pattern$SliceI
Event: 3.530 Loading class java/util/regex/Pattern$SliceI done
Event: 3.557 Loading class java/util/regex/Pattern$Loop
Event: 3.557 Loading class java/util/regex/Pattern$Loop done
Event: 3.557 Loading class java/util/regex/Pattern$Prolog
Event: 3.557 Loading class java/util/regex/Pattern$Prolog done
Event: 3.571 Loading class java/util/regex/Pattern$LazyLoop
Event: 3.571 Loading class java/util/regex/Pattern$LazyLoop done

Classes unloaded (0 events):
No events

Classes redefined (0 events):
No events

Internal exceptions (20 events):
Event: 2.842 Thread 0x00000270560f1260 Exception <a 'sun/nio/fs/WindowsException'{0x000000070be07730}> (0x000000070be07730) 
thrown [s\open\src\hotspot\share\prims\jni.cpp, line 517]
Event: 2.842 Thread 0x00000270560f1260 Exception <a 'sun/nio/fs/WindowsException'{0x000000070be07a80}> (0x000000070be07a80) 
thrown [s\open\src\hotspot\share\prims\jni.cpp, line 517]
Event: 2.843 Thread 0x00000270560f1260 Exception <a 'sun/nio/fs/WindowsException'{0x000000070be2fb68}> (0x000000070be2fb68) 
thrown [s\open\src\hotspot\share\prims\jni.cpp, line 517]
Event: 2.843 Thread 0x00000270560f1260 Exception <a 'sun/nio/fs/WindowsException'{0x000000070be2fef8}> (0x000000070be2fef8) 
thrown [s\open\src\hotspot\share\prims\jni.cpp, line 517]
Event: 2.843 Thread 0x00000270560f1260 Exception <a 'sun/nio/fs/WindowsException'{0x000000070be30f08}> (0x000000070be30f08) 
thrown [s\open\src\hotspot\share\prims\jni.cpp, line 517]
Event: 2.843 Thread 0x00000270560f1260 Exception <a 'sun/nio/fs/WindowsException'{0x000000070be31328}> (0x000000070be31328) 
thrown [s\open\src\hotspot\share\prims\jni.cpp, line 517]
Event: 2.956 Thread 0x00000270560f1260 Implicit null exception at 0x0000027065d255b3 to 0x0000027065d2599c
Event: 2.965 Thread 0x00000270560f1260 Implicit null exception at 0x0000027065d1c86b to 0x0000027065d1ca44
Event: 3.551 Thread 0x00000270560f1260 Exception <a 'java/lang/NoSuchMethodError'{0x000000070adb2d68}: 'void java.lang.invoke.DirectMethodHandle$Holder.invokeInterface(java.lang.Object, java.lang.Object, java.lang.Object, int)'> (0x000000070adb2d68) 
thrown [s\open\src\hotspot\share\interpreter\linkResolver.cpp, line 774]
Event: 3.552 Thread 0x00000270560f1260 Exception <a 'java/lang/NoSuchMethodError'{0x000000070adba890}: 'void java.lang.invoke.DelegatingMethodHandle$Holder.reinvoke_L(java.lang.Object, java.lang.Object, java.lang.Object, int)'> (0x000000070adba890) 
thrown [s\open\src\hotspot\share\interpreter\linkResolver.cpp, line 774]
Event: 3.553 Thread 0x00000270560f1260 Exception <a 'java/lang/NoSuchMethodError'{0x000000070ade87d8}: 'java.lang.Object java.lang.invoke.DirectMethodHandle$Holder.invokeVirtual(java.lang.Object, java.lang.Object, java.lang.Object, java.lang.Object)'> (0x000000070ade87d8) 
thrown [s\open\src\hotspot\share\interpreter\linkResolver.cpp, line 774]
Event: 3.555 Thread 0x00000270560f1260 Exception <a 'java/lang/NoSuchMethodError'{0x000000070aa01890}: 'long java.lang.invoke.DirectMethodHandle$Holder.invokeStatic(java.lang.Object, java.lang.Object, int)'> (0x000000070aa01890) 
thrown [s\open\src\hotspot\share\interpreter\linkResolver.cpp, line 774]
Event: 3.556 Thread 0x00000270560f1260 Exception <a 'java/lang/NoSuchMethodError'{0x000000070aa09950}: 'java.lang.Object java.lang.invoke.DirectMethodHandle$Holder.invokeSpecial(java.lang.Object, java.lang.Object, java.lang.Object, long, java.lang.Object)'> (0x000000070aa09950) 
thrown [s\open\src\hotspot\share\interpreter\linkResolver.cpp, line 774]
Event: 3.556 Thread 0x00000270560f1260 Exception <a 'java/lang/NoSuchMethodError'{0x000000070aa0d8a0}: 'java.lang.Object java.lang.invoke.DelegatingMethodHandle$Holder.reinvoke_L(java.lang.Object, java.lang.Object, long, java.lang.Object)'> (0x000000070aa0d8a0) 
thrown [s\open\src\hotspot\share\interpreter\linkResolver.cpp, line 774]
Event: 3.558 Thread 0x00000270560f1260 Exception <a 'java/lang/NoSuchMethodError'{0x000000070aa26438}: 'java.lang.Object java.lang.invoke.DirectMethodHandle$Holder.invokeVirtual(java.lang.Object, java.lang.Object, java.lang.Object, java.lang.Object, java.lang.Object, java.lang.Object, java.lang.Object, java.lang.Object, java.lang.Object, java.lang.Object)'> (0x000000070aa26438) 
thrown [s\open\src\hotspot\share\interpreter\linkResolver.cpp, line 774]
Event: 3.579 Thread 0x00000270560f1260 Exception <a 'java/lang/NoSuchMethodError'{0x000000070ab55588}: 'void java.lang.invoke.DirectMethodHandle$Holder.invokeVirtual(java.lang.Object, java.lang.Object)'> (0x000000070ab55588) 
thrown [s\open\src\hotspot\share\interpreter\linkResolver.cpp, line 774]
Event: 3.580 Thread 0x00000270560f1260 Exception <a 'java/lang/NoSuchMethodError'{0x000000070ab5fe20}: 'void java.lang.invoke.DirectMethodHandle$Holder.invokeVirtual(java.lang.Object, java.lang.Object, java.lang.Object, java.lang.Object)'> (0x000000070ab5fe20) 
thrown [s\open\src\hotspot\share\interpreter\linkResolver.cpp, line 774]
Event: 3.586 Thread 0x00000270560f1260 Exception <a 'java/lang/NoSuchMethodError'{0x000000070abe4648}: 'java.lang.Object java.lang.invoke.DirectMethodHandle$Holder.invokeVirtual(java.lang.Object, java.lang.Object, java.lang.Object, java.lang.Object, java.lang.Object, java.lang.Object)'> (0x000000070abe4648) 
thrown [s\open\src\hotspot\share\interpreter\linkResolver.cpp, line 774]
Event: 3.602 Thread 0x00000270560f1260 Exception <a 'java/lang/NoSuchMethodError'{0x000000070a903308}: 'java.lang.Object java.lang.invoke.DirectMethodHandle$Holder.invokeVirtual(java.lang.Object, java.lang.Object, java.lang.Object, java.lang.Object, java.lang.Object)'> (0x000000070a903308) 
thrown [s\open\src\hotspot\share\interpreter\linkResolver.cpp, line 774]
Event: 3.604 Thread 0x00000270560f1260 Exception <a 'java/lang/NoSuchMethodError'{0x000000070a925788}: 'java.lang.Object java.lang.invoke.DirectMethodHandle$Holder.invokeVirtual(java.lang.Object, java.lang.Object, long)'> (0x000000070a925788) 
thrown [s\open\src\hotspot\share\interpreter\linkResolver.cpp, line 774]

VM Operations (20 events):
Event: 2.755 Executing VM operation: HandshakeAllThreads done
Event: 2.756 Executing VM operation: G1PauseRemark
Event: 2.759 Executing VM operation: G1PauseRemark done
Event: 2.764 Executing VM operation: G1PauseCleanup
Event: 2.764 Executing VM operation: G1PauseCleanup done
Event: 2.856 Executing VM operation: ICBufferFull
Event: 2.856 Executing VM operation: ICBufferFull done
Event: 3.244 Executing VM operation: G1CollectForAllocation
Event: 3.250 Executing VM operation: G1CollectForAllocation done
Event: 3.269 Executing VM operation: G1CollectForAllocation
Event: 3.274 Executing VM operation: G1CollectForAllocation done
Event: 3.321 Executing VM operation: HandshakeAllThreads
Event: 3.321 Executing VM operation: HandshakeAllThreads done
Event: 3.441 Executing VM operation: G1CollectForAllocation
Event: 3.442 Executing VM operation: G1CollectForAllocation done
Event: 3.632 Executing VM operation: G1CollectForAllocation
Event: 3.633 Executing VM operation: G1CollectForAllocation done
Event: 3.741 Executing VM operation: G1CollectForAllocation
Event: 3.743 Executing VM operation: G1CollectForAllocation done
Event: 3.812 Executing VM operation: G1CollectForAllocation

Events (20 events):
Event: 2.223 Thread 0x0000027079e0f570 flushing nmethod 0x000002705eb68b90
Event: 2.223 Thread 0x0000027079e0f570 flushing nmethod 0x000002705eb72390
Event: 2.223 Thread 0x0000027079e0f570 flushing nmethod 0x000002705eb79890
Event: 2.223 Thread 0x0000027079e0f570 flushing nmethod 0x000002705eb86110
Event: 2.223 Thread 0x0000027079e0f570 flushing nmethod 0x000002705eb88f90
Event: 2.223 Thread 0x0000027079e0f570 flushing nmethod 0x000002705eb92010
Event: 2.223 Thread 0x0000027079e0f570 flushing nmethod 0x000002705ebc0010
Event: 2.223 Thread 0x0000027079e0f570 flushing nmethod 0x000002705ebea490
Event: 2.223 Thread 0x0000027079e0f570 flushing nmethod 0x000002705ebeb190
Event: 2.223 Thread 0x0000027079e0f570 flushing nmethod 0x000002705ebecc10
Event: 3.323 Thread 0x0000027079e0f570 flushing nmethod 0x0000027065ece590
Event: 3.327 Thread 0x0000027079e0f570 flushing nmethod 0x000002705e65f310
Event: 3.332 Thread 0x0000027079e0f570 flushing nmethod 0x000002705ea83310
Event: 3.332 Thread 0x0000027079e0f570 flushing nmethod 0x000002705ead2c90
Event: 3.332 Thread 0x0000027079e0f570 flushing nmethod 0x000002705eadb010
Event: 3.332 Thread 0x0000027079e0f570 flushing nmethod 0x000002705eadbf90
Event: 3.332 Thread 0x0000027079e0f570 flushing nmethod 0x000002705eadfa90
Event: 3.332 Thread 0x0000027079e0f570 flushing nmethod 0x000002705eae0990
Event: 3.332 Thread 0x0000027079e0f570 flushing nmethod 0x000002705eaeca90
Event: 3.332 Thread 0x0000027079e0f570 flushing nmethod 0x000002705eaedd10


Dynamic libraries:
0x00007ff6ddc50000 - 0x00007ff6ddc60000 	C:\Program Files\Java\jdk-19\bin\java.exe
0x00007ffda14f0000 - 0x00007ffda1707000 	C:\WINDOWS\SYSTEM32\ntdll.dll
0x00007ffd9f9d0000 - 0x00007ffd9fa94000 	C:\WINDOWS\System32\KERNEL32.DLL
0x00007ffd9ec60000 - 0x00007ffd9f017000 	C:\WINDOWS\System32\KERNELBASE.dll
0x00007ffd9e7d0000 - 0x00007ffd9e8e1000 	C:\WINDOWS\System32\ucrtbase.dll
0x00007ffd8bc50000 - 0x00007ffd8bc6b000 	C:\Program Files\Java\jdk-19\bin\VCRUNTIME140.dll
0x00007ffd8bde0000 - 0x00007ffd8bdf8000 	C:\Program Files\Java\jdk-19\bin\jli.dll
0x00007ffd9f680000 - 0x00007ffd9f732000 	C:\WINDOWS\System32\ADVAPI32.dll
0x00007ffd9f5d0000 - 0x00007ffd9f677000 	C:\WINDOWS\System32\msvcrt.dll
0x00007ffda0a10000 - 0x00007ffda0ab8000 	C:\WINDOWS\System32\sechost.dll
0x00007ffd9e960000 - 0x00007ffd9e988000 	C:\WINDOWS\System32\bcrypt.dll
0x00007ffd9f8b0000 - 0x00007ffd9f9c4000 	C:\WINDOWS\System32\RPCRT4.dll
0x00007ffd9f420000 - 0x00007ffd9f5cf000 	C:\WINDOWS\System32\USER32.dll
0x00007ffd9f020000 - 0x00007ffd9f046000 	C:\WINDOWS\System32\win32u.dll
0x00007ffd84e10000 - 0x00007ffd850a3000 	C:\WINDOWS\WinSxS\amd64_microsoft.windows.common-controls_6595b64144ccf1df_6.0.22621.3672_none_2713b9d173822955\COMCTL32.dll
0x00007ffda09e0000 - 0x00007ffda0a09000 	C:\WINDOWS\System32\GDI32.dll
0x00007ffd9f0d0000 - 0x00007ffd9f1e8000 	C:\WINDOWS\System32\gdi32full.dll
0x00007ffd9ea50000 - 0x00007ffd9eaea000 	C:\WINDOWS\System32\msvcp_win.dll
0x00007ffd94830000 - 0x00007ffd9483a000 	C:\WINDOWS\SYSTEM32\VERSION.dll
0x00007ffd9fb50000 - 0x00007ffd9fb81000 	C:\WINDOWS\System32\IMM32.DLL
0x00007ffd8c6b0000 - 0x00007ffd8c6bc000 	C:\Program Files\Java\jdk-19\bin\vcruntime140_1.dll
0x00007ffd5af10000 - 0x00007ffd5af9e000 	C:\Program Files\Java\jdk-19\bin\msvcp140.dll
0x00007ffd1eab0000 - 0x00007ffd1f770000 	C:\Program Files\Java\jdk-19\bin\server\jvm.dll
0x00007ffd988d0000 - 0x00007ffd988d9000 	C:\WINDOWS\SYSTEM32\WSOCK32.dll
0x00007ffda1400000 - 0x00007ffda1471000 	C:\WINDOWS\System32\WS2_32.dll
0x00007ffd967d0000 - 0x00007ffd96804000 	C:\WINDOWS\SYSTEM32\WINMM.dll
0x00007ffd9d910000 - 0x00007ffd9d928000 	C:\WINDOWS\SYSTEM32\kernel.appcore.dll
0x00007ffd8c5e0000 - 0x00007ffd8c5ea000 	C:\Program Files\Java\jdk-19\bin\jimage.dll
0x00007ffd9bff0000 - 0x00007ffd9c222000 	C:\WINDOWS\SYSTEM32\DBGHELP.DLL
0x00007ffda05f0000 - 0x00007ffda097e000 	C:\WINDOWS\System32\combase.dll
0x00007ffd9fec0000 - 0x00007ffd9ff97000 	C:\WINDOWS\System32\OLEAUT32.dll
0x00007ffd946a0000 - 0x00007ffd946d2000 	C:\WINDOWS\SYSTEM32\dbgcore.DLL
0x00007ffd9f050000 - 0x00007ffd9f0cb000 	C:\WINDOWS\System32\bcryptPrimitives.dll
0x00007ffd93c60000 - 0x00007ffd93c6e000 	C:\Program Files\Java\jdk-19\bin\instrument.dll
0x00007ffd8c000000 - 0x00007ffd8c026000 	C:\Program Files\Java\jdk-19\bin\java.dll
0x00007ffd5d880000 - 0x00007ffd5d957000 	C:\Program Files\Java\jdk-19\bin\jsvml.dll
0x00007ffda0b90000 - 0x00007ffda13f9000 	C:\WINDOWS\System32\SHELL32.dll
0x00007ffd9c700000 - 0x00007ffd9cfff000 	C:\WINDOWS\SYSTEM32\windows.storage.dll
0x00007ffd9c5c0000 - 0x00007ffd9c6ff000 	C:\WINDOWS\SYSTEM32\wintypes.dll
0x00007ffd9fdc0000 - 0x00007ffd9feb9000 	C:\WINDOWS\System32\SHCORE.dll
0x00007ffda0980000 - 0x00007ffda09de000 	C:\WINDOWS\System32\shlwapi.dll
0x00007ffd9e700000 - 0x00007ffd9e727000 	C:\WINDOWS\SYSTEM32\profapi.dll
0x00007ffd88820000 - 0x00007ffd88838000 	C:\Program Files\Java\jdk-19\bin\zip.dll
0x00007ffd8bcb0000 - 0x00007ffd8bcc3000 	C:\Program Files\Java\jdk-19\bin\net.dll
0x00007ffd9a240000 - 0x00007ffd9a376000 	C:\WINDOWS\SYSTEM32\WINHTTP.dll
0x00007ffd9dd80000 - 0x00007ffd9dde9000 	C:\WINDOWS\system32\mswsock.dll
0x00007ffd8bc90000 - 0x00007ffd8bca6000 	C:\Program Files\Java\jdk-19\bin\nio.dll
0x00007ffd887b0000 - 0x00007ffd887ca000 	C:\Program Files\JetBrains\IntelliJ IDEA 2022.1.2\bin\breakgen64.dll
0x00007ffd8c2f0000 - 0x00007ffd8c2f8000 	C:\Program Files\Java\jdk-19\bin\extnet.dll
0x0000000069ac0000 - 0x0000000069ae4000 	C:\Users\99293\AppData\Local\Temp\jansi-2.4.0-e015807b9f28a816-jansi.dll
0x00007ffd88800000 - 0x00007ffd88810000 	C:\Program Files\Java\jdk-19\bin\verify.dll

dbghelp: loaded successfully - version: 4.0.5 - missing functions: none
symbol engine: initialized successfully - sym options: 0x614 - pdb path: .;C:\Program Files\Java\jdk-19\bin;C:\WINDOWS\SYSTEM32;C:\WINDOWS\WinSxS\amd64_microsoft.windows.common-controls_6595b64144ccf1df_6.0.22621.3672_none_2713b9d173822955;C:\Program Files\Java\jdk-19\bin\server;C:\Program Files\JetBrains\IntelliJ IDEA 2022.1.2\bin;C:\Users\99293\AppData\Local\Temp

VM Arguments:
jvm_args: -Dmaven.multiModuleProjectDirectory=D:\unitedStates_storage-master\unitedStates_storage -Dmaven.home=C:\Users\99293\.m2\wrapper\dists\apache-maven-3.8.6-bin\1ks0nkde5v1pk9vtc31i9d0lcd\apache-maven-3.8.6 -Dclassworlds.conf=C:\Users\99293\.m2\wrapper\dists\apache-maven-3.8.6-bin\1ks0nkde5v1pk9vtc31i9d0lcd\apache-maven-3.8.6\bin\m2.conf -Dmaven.ext.class.path=C:\Program Files\JetBrains\IntelliJ IDEA 2022.1.2\plugins\maven\lib\maven-event-listener.jar -javaagent:C:\Program Files\JetBrains\IntelliJ IDEA 2022.1.2\lib\idea_rt.jar=60311:C:\Program Files\JetBrains\IntelliJ IDEA 2022.1.2\bin -Dfile.encoding=UTF-8 
java_command: org.codehaus.classworlds.Launcher -Didea.version=2022.1.2 package
java_class_path (initial): C:\Users\99293\.m2\wrapper\dists\apache-maven-3.8.6-bin\1ks0nkde5v1pk9vtc31i9d0lcd\apache-maven-3.8.6\boot\plexus-classworlds-2.6.0.jar;C:\Users\99293\.m2\wrapper\dists\apache-maven-3.8.6-bin\1ks0nkde5v1pk9vtc31i9d0lcd\apache-maven-3.8.6\boot\plexus-classworlds.license
Launcher Type: SUN_STANDARD

[Global flags]
     intx CICompilerCount                          = 12                                        {product} {ergonomic}
     uint ConcGCThreads                            = 3                                         {product} {ergonomic}
     uint G1ConcRefinementThreads                  = 13                                        {product} {ergonomic}
   size_t G1HeapRegionSize                         = 2097152                                   {product} {ergonomic}
    uintx GCDrainStackTargetSize                   = 64                                        {product} {ergonomic}
   size_t InitialHeapSize                          = 264241152                                 {product} {ergonomic}
   size_t MarkStackSize                            = 4194304                                   {product} {ergonomic}
   size_t MaxHeapSize                              = 4196401152                                {product} {ergonomic}
   size_t MaxNewSize                               = 2516582400                                {product} {ergonomic}
   size_t MinHeapDeltaBytes                        = 2097152                                   {product} {ergonomic}
   size_t MinHeapSize                              = 8388608                                   {product} {ergonomic}
    uintx NonNMethodCodeHeapSize                   = 7602480                                {pd product} {ergonomic}
    uintx NonProfiledCodeHeapSize                  = 122027880                              {pd product} {ergonomic}
    uintx ProfiledCodeHeapSize                     = 122027880                              {pd product} {ergonomic}
    uintx ReservedCodeCacheSize                    = 251658240                              {pd product} {ergonomic}
     bool SegmentedCodeCache                       = true                                      {product} {ergonomic}
   size_t SoftMaxHeapSize                          = 4196401152                             {manageable} {ergonomic}
     bool UseCompressedClassPointers               = true                           {product lp64_product} {ergonomic}
     bool UseCompressedOops                        = true                           {product lp64_product} {ergonomic}
     bool UseG1GC                                  = true                                      {product} {ergonomic}
     bool UseLargePagesIndividualAllocation        = false                                  {pd product} {ergonomic}

Logging:
Log output configuration:
 #0: stdout all=warning uptime,level,tags foldmultilines=false
 #1: stderr all=off uptime,level,tags foldmultilines=false

Environment Variables:
JAVA_HOME=C:\Program Files\Java\jdk-19
PATH=C:\Program Files\Common Files\Oracle\Java\javapath;C:\Windows\system32;C:\Windows;C:\Windows\System32\Wbem;C:\Windows\System32\WindowsPowerShell\v1.0\;C:\Windows\System32\OpenSSH\;C:\Program Files (x86)\NVIDIA Corporation\PhysX\Common;C:\Program Files\NVIDIA Corporation\NVIDIA NvDLISR;C:\Program Files (x86)\dotnet\;C:\WINDOWS\system32;C:\WINDOWS;C:\WINDOWS\System32\Wbem;C:\WINDOWS\System32\WindowsPowerShell\v1.0\;C:\WINDOWS\System32\OpenSSH\;C:\Program Files\Java\jdk-19\bin;C:\Program Files\Git\cmd;C:\Users\99293\AppData\Local\Programs\Python\Python311\Scripts\;C:\Users\99293\AppData\Local\Programs\Python\Python311\;C:\Users\99293\AppData\Local\Microsoft\WindowsApps;;C:\Program Files\JetBrains\IntelliJ IDEA 2022.1.2\bin;;C:\Program Files\heroku\bin
USERNAME=ASUS
OS=Windows_NT
PROCESSOR_IDENTIFIER=Intel64 Family 6 Model 154 Stepping 3, GenuineIntel
TMP=C:\Users\99293\AppData\Local\Temp
TEMP=C:\Users\99293\AppData\Local\Temp



---------------  S Y S T E M  ---------------

OS:
 Windows 11 , 64 bit Build 22621 (10.0.22621.3958)
OS uptime: 2 days 1:50 hours
Hyper-V role detected

CPU: total 16 (initial active 16) (8 cores per cpu, 2 threads per core) family 6 model 154 stepping 3 microcode 0x41c, cx8, cmov, fxsr, ht, mmx, 3dnowpref, sse, sse2, sse3, ssse3, sse4.1, sse4.2, popcnt, lzcnt, tsc, tscinvbit, avx, avx2, aes, erms, clmul, bmi1, bmi2, adx, sha, fma, vzeroupper, clflush, clflushopt, clwb, hv, serialize, rdtscp, rdpid, fsrm

Memory: 4k page, system-wide physical 16005M (1256M free)
TotalPageFile size 18053M (AvailPageFile size 60M)
current process WorkingSet (physical memory assigned to process): 381M, peak: 414M
current process commit charge ("private bytes"): 435M, peak: 517M

vm_info: Java HotSpot(TM) 64-Bit Server VM (19.0.2+7-44) for windows-amd64 JRE (19.0.2+7-44), built on 2022-11-30T18:02:09Z by "mach5one" with MS VC++ 17.1 (VS2022)

END.
