#
# There is insufficient memory for the Java Runtime Environment to continue.
# Native memory allocation (malloc) failed to allocate 32744 bytes for Chunk::new
# Possible reasons:
#   The system is out of physical RAM or swap space
#   The process is running with CompressedOops enabled, and the Java Heap may be blocking the growth of the native heap
# Possible solutions:
#   Reduce memory load on the system
#   Increase physical memory or swap space
#   Check if swap backing store is full
#   Decrease Java heap size (-Xmx/-Xms)
#   Decrease number of Java threads
#   Decrease Java thread stack sizes (-Xss)
#   Set larger code cache with -XX:ReservedCodeCacheSize=
#   JVM is running with Zero Based Compressed Oops mode in which the Java heap is
#     placed in the first 32GB address space. The Java Heap base address is the
#     maximum limit for the native heap growth. Please use -XX:HeapBaseMinAddress
#     to set the Java Heap base and to place the Java Heap above 32GB virtual address.
# This output file may be truncated or incomplete.
#
#  Out of Memory Error (arena.cpp:184), pid=2660, tid=3704
#
# JRE version: Java(TM) SE Runtime Environment (19.0.2+7) (build 19.0.2+7-44)
# Java VM: Java HotSpot(TM) 64-Bit Server VM (19.0.2+7-44, mixed mode, sharing, tiered, compressed oops, compressed class ptrs, g1 gc, windows-amd64)
# No core dump will be written. Minidumps are not enabled by default on client versions of Windows
#

---------------  S U M M A R Y ------------

Command Line: -Dmaven.multiModuleProjectDirectory=D:\unitedStates original storage\unitedStates duplicates original storage -Dmaven.home=C:\Users\99293\.m2\wrapper\dists\apache-maven-3.8.6-bin\1ks0nkde5v1pk9vtc31i9d0lcd\apache-maven-3.8.6 -Dclassworlds.conf=C:\Users\99293\.m2\wrapper\dists\apache-maven-3.8.6-bin\1ks0nkde5v1pk9vtc31i9d0lcd\apache-maven-3.8.6\bin\m2.conf -Dmaven.ext.class.path=C:\Program Files\JetBrains\IntelliJ IDEA 2022.1.2\plugins\maven\lib\maven-event-listener.jar -javaagent:C:\Program Files\JetBrains\IntelliJ IDEA 2022.1.2\lib\idea_rt.jar=64827:C:\Program Files\JetBrains\IntelliJ IDEA 2022.1.2\bin -Dfile.encoding=UTF-8 org.codehaus.classworlds.Launcher -Didea.version=2022.1.2 package

Host: 12th Gen Intel(R) Core(TM) i7-12650H, 16 cores, 15G,  Windows 11 , 64 bit Build 22621 (10.0.22621.3374)
Time: Tue May  7 22:15:08 2024  Windows 11 , 64 bit Build 22621 (10.0.22621.3374) elapsed time: 7.072822 seconds (0d 0h 0m 7s)

---------------  T H R E A D  ---------------

Current thread (0x0000027ff347cb50):  JavaThread "C2 CompilerThread3" daemon [_thread_in_native, id=3704, stack(0x0000008dace00000,0x0000008dacf00000)]


Current CompileTask:
C2:   7072 11315   !   4       java.lang.ClassLoader::loadClass (121 bytes)

Stack: [0x0000008dace00000,0x0000008dacf00000]
Native frames: (J=compiled Java code, j=interpreted, Vv=VM code, C=native code)
V  [jvm.dll+0x6ee21a]
V  [jvm.dll+0x85765e]
V  [jvm.dll+0x85904e]
V  [jvm.dll+0x859703]
V  [jvm.dll+0x28298f]
V  [jvm.dll+0xc9adf]
V  [jvm.dll+0xc9e65]
V  [jvm.dll+0x3c1bc5]
V  [jvm.dll+0x5d0f96]
V  [jvm.dll+0x1ee2b0]
V  [jvm.dll+0x24c52b]
V  [jvm.dll+0x24b781]
V  [jvm.dll+0x1d6ce1]
V  [jvm.dll+0x25b25a]
V  [jvm.dll+0x2596e8]
V  [jvm.dll+0x807588]
V  [jvm.dll+0x80125a]
V  [jvm.dll+0x6ecf0b]
C  [ucrtbase.dll+0x29333]
C  [KERNEL32.DLL+0x1257d]
C  [ntdll.dll+0x5aa48]


---------------  P R O C E S S  ---------------

Threads class SMR info:
_java_thread_list=0x0000027ff6253930, length=22, elements={
0x0000027fca92ee40, 0x0000027fee57cd20, 0x0000027fee57db10, 0x0000027fee57f0a0,
0x0000027fee589300, 0x0000027fee586b10, 0x0000027fee5877a0, 0x0000027fee58bf70,
0x0000027fee58fde0, 0x0000027fee595f20, 0x0000027fee54fd50, 0x0000027fee550600,
0x0000027ff28e9ee0, 0x0000027ff28ea460, 0x0000027ff29770f0, 0x0000027ff29cd3d0,
0x0000027ff29f08e0, 0x0000027ff347d0e0, 0x0000027ff347cb50, 0x0000027ff347e190,
0x0000027ff347c5c0, 0x0000027ff347af80
}

Java Threads: ( => current thread )
  0x0000027fca92ee40 JavaThread "main" [_thread_in_native, id=18224, stack(0x0000008dab500000,0x0000008dab600000)]
  0x0000027fee57cd20 JavaThread "Reference Handler" daemon [_thread_blocked, id=15728, stack(0x0000008dabc00000,0x0000008dabd00000)]
  0x0000027fee57db10 JavaThread "Finalizer" daemon [_thread_blocked, id=8964, stack(0x0000008dabd00000,0x0000008dabe00000)]
  0x0000027fee57f0a0 JavaThread "Signal Dispatcher" daemon [_thread_blocked, id=18864, stack(0x0000008dabe00000,0x0000008dabf00000)]
  0x0000027fee589300 JavaThread "Attach Listener" daemon [_thread_blocked, id=13464, stack(0x0000008dabf00000,0x0000008dac000000)]
  0x0000027fee586b10 JavaThread "Service Thread" daemon [_thread_blocked, id=13196, stack(0x0000008dac000000,0x0000008dac100000)]
  0x0000027fee5877a0 JavaThread "Monitor Deflation Thread" daemon [_thread_blocked, id=21128, stack(0x0000008dac100000,0x0000008dac200000)]
  0x0000027fee58bf70 JavaThread "C2 CompilerThread0" daemon [_thread_blocked, id=6552, stack(0x0000008dac200000,0x0000008dac300000)]
  0x0000027fee58fde0 JavaThread "C1 CompilerThread0" daemon [_thread_blocked, id=13328, stack(0x0000008dac300000,0x0000008dac400000)]
  0x0000027fee595f20 JavaThread "Sweeper thread" daemon [_thread_blocked, id=19044, stack(0x0000008dac400000,0x0000008dac500000)]
  0x0000027fee54fd50 JavaThread "Common-Cleaner" daemon [_thread_blocked, id=16628, stack(0x0000008dac500000,0x0000008dac600000)]
  0x0000027fee550600 JavaThread "C1 CompilerThread1" daemon [_thread_blocked, id=5996, stack(0x0000008dac600000,0x0000008dac700000)]
  0x0000027ff28e9ee0 JavaThread "C1 CompilerThread2" daemon [_thread_blocked, id=19880, stack(0x0000008dac700000,0x0000008dac800000)]
  0x0000027ff28ea460 JavaThread "C1 CompilerThread3" daemon [_thread_blocked, id=5832, stack(0x0000008dac800000,0x0000008dac900000)]
  0x0000027ff29770f0 JavaThread "C2 CompilerThread1" daemon [_thread_in_native, id=15060, stack(0x0000008dac900000,0x0000008daca00000)]
  0x0000027ff29cd3d0 JavaThread "Monitor Ctrl-Break" daemon [_thread_in_native, id=13036, stack(0x0000008daca00000,0x0000008dacb00000)]
  0x0000027ff29f08e0 JavaThread "Notification Thread" daemon [_thread_blocked, id=3088, stack(0x0000008dacb00000,0x0000008dacc00000)]
  0x0000027ff347d0e0 JavaThread "C2 CompilerThread2" daemon [_thread_blocked, id=14228, stack(0x0000008dacd00000,0x0000008dace00000)]
=>0x0000027ff347cb50 JavaThread "C2 CompilerThread3" daemon [_thread_in_native, id=3704, stack(0x0000008dace00000,0x0000008dacf00000)]
  0x0000027ff347e190 JavaThread "C2 CompilerThread4" daemon [_thread_blocked, id=20048, stack(0x0000008dacf00000,0x0000008dad000000)]
  0x0000027ff347c5c0 JavaThread "C2 CompilerThread5" daemon [_thread_blocked, id=15916, stack(0x0000008dad000000,0x0000008dad100000)]
  0x0000027ff347af80 JavaThread "C2 CompilerThread6" daemon [_thread_blocked, id=19488, stack(0x0000008dad100000,0x0000008dad200000)]

Other Threads:
  0x0000027fee562390 VMThread "VM Thread" [stack: 0x0000008dabb00000,0x0000008dabc00000] [id=7952]
  0x0000027ff29cef70 WatcherThread "VM Periodic Task Thread" [stack: 0x0000008dacc00000,0x0000008dacd00000] [id=4376]
  0x0000027fca9a0900 WorkerThread "GC Thread#0" [stack: 0x0000008dab600000,0x0000008dab700000] [id=2112]
  0x0000027fee5631a0 WorkerThread "GC Thread#1" [stack: 0x0000008dad300000,0x0000008dad400000] [id=6668]
  0x0000027fee563470 WorkerThread "GC Thread#2" [stack: 0x0000008dad400000,0x0000008dad500000] [id=18524]
  0x0000027fee562ed0 WorkerThread "GC Thread#3" [stack: 0x0000008dad500000,0x0000008dad600000] [id=1120]
  0x0000027fee563740 WorkerThread "GC Thread#4" [stack: 0x0000008dad600000,0x0000008dad700000] [id=5980]
  0x0000027fee563a10 WorkerThread "GC Thread#5" [stack: 0x0000008dad700000,0x0000008dad800000] [id=20916]
  0x0000027fee563ce0 WorkerThread "GC Thread#6" [stack: 0x0000008dad800000,0x0000008dad900000] [id=7552]
  0x0000027ff3e0f6d0 WorkerThread "GC Thread#7" [stack: 0x0000008dad900000,0x0000008dada00000] [id=3888]
  0x0000027ff3e11b60 WorkerThread "GC Thread#8" [stack: 0x0000008dada00000,0x0000008dadb00000] [id=20084]
  0x0000027ff3e115c0 WorkerThread "GC Thread#9" [stack: 0x0000008dadb00000,0x0000008dadc00000] [id=1080]
  0x0000027ff3e11e30 WorkerThread "GC Thread#10" [stack: 0x0000008dadc00000,0x0000008dadd00000] [id=2228]
  0x0000027ff3e12970 WorkerThread "GC Thread#11" [stack: 0x0000008dadd00000,0x0000008dade00000] [id=9208]
  0x0000027ff3e104e0 WorkerThread "GC Thread#12" [stack: 0x0000008dade00000,0x0000008dadf00000] [id=13688]
  0x0000027fca9b1180 ConcurrentGCThread "G1 Main Marker" [stack: 0x0000008dab700000,0x0000008dab800000] [id=9716]
  0x0000027fca9b2c70 WorkerThread "G1 Conc#0" [stack: 0x0000008dab800000,0x0000008dab900000] [id=6476]
  0x0000027ff3e126a0 WorkerThread "G1 Conc#1" [stack: 0x0000008dadf00000,0x0000008dae000000] [id=12616]
  0x0000027ff3e123d0 WorkerThread "G1 Conc#2" [stack: 0x0000008dae000000,0x0000008dae100000] [id=21284]
  0x0000027fee41cec0 ConcurrentGCThread "G1 Refine#0" [stack: 0x0000008dab900000,0x0000008daba00000] [id=20928]
  0x0000027fee41d910 ConcurrentGCThread "G1 Service" [stack: 0x0000008daba00000,0x0000008dabb00000] [id=18652]

Threads with active compile tasks:
C2 CompilerThread1     7084 11805       4       org.codehaus.plexus.classworlds.realm.ClassRealm::loadClass (7 bytes)
C2 CompilerThread3     7084 11315   !   4       java.lang.ClassLoader::loadClass (121 bytes)

VM state: not at safepoint (normal execution)

VM Mutex/Monitor currently owned by a thread: None

Heap address: 0x0000000705e00000, size: 4002 MB, Compressed Oops mode: Zero based, Oop shift amount: 3

CDS archive(s) mapped at: [0x0000000800000000-0x0000000800c40000-0x0000000800c40000), size 12845056, SharedBaseAddress: 0x0000000800000000, ArchiveRelocationMode: 0.
Compressed class space mapped at: 0x0000000801000000-0x0000000841000000, reserved size: 1073741824
Narrow klass base: 0x0000000800000000, Narrow klass shift: 0, Narrow klass range: 0x100000000

GC Precious Log:
 CardTable entry size: 512
 Card Set container configuration: InlinePtr #cards 4 size 8 Array Of Cards #cards 16 size 48 Howl #buckets 8 coarsen threshold 3686 Howl Bitmap #cards 512 size 80 coarsen threshold 460 Card regions per heap region 1 cards per card region 4096
 CPUs: 16 total, 16 available
 Memory: 16005M
 Large Page Support: Disabled
 NUMA Support: Disabled
 Compressed Oops: Enabled (Zero based)
 Heap Region Size: 2M
 Heap Min Capacity: 8M
 Heap Initial Capacity: 252M
 Heap Max Capacity: 4002M
 Pre-touch: Disabled
 Parallel Workers: 13
 Concurrent Workers: 3
 Concurrent Refinement Workers: 13
 Periodic GC: Disabled

Heap:
 garbage-first heap   total 188416K, used 88357K [0x0000000705e00000, 0x0000000800000000)
  region size 2048K, 18 young (36864K), 6 survivors (12288K)
 Metaspace       used 36390K, committed 37056K, reserved 1114112K
  class space    used 3747K, committed 4096K, reserved 1048576K

Heap Regions: E=young(eden), S=young(survivor), O=old, HS=humongous(starts), HC=humongous(continues), CS=collection set, F=free, OA=open archive, CA=closed archive, TAMS=top-at-mark-start (previous, next)
|   0|0x0000000705e00000, 0x0000000706000000, 0x0000000706000000|100%| O|  |TAMS 0x0000000706000000, 0x0000000705e00000| Untracked 
|   1|0x0000000706000000, 0x0000000706200000, 0x0000000706200000|100%| O|  |TAMS 0x0000000706200000, 0x0000000706000000| Untracked 
|   2|0x0000000706200000, 0x0000000706400000, 0x0000000706400000|100%| O|  |TAMS 0x0000000706400000, 0x0000000706200000| Untracked 
|   3|0x0000000706400000, 0x0000000706600000, 0x0000000706600000|100%| O|  |TAMS 0x0000000706600000, 0x0000000706400000| Untracked 
|   4|0x0000000706600000, 0x0000000706800000, 0x0000000706800000|100%| O|  |TAMS 0x0000000706800000, 0x0000000706600000| Untracked 
|   5|0x0000000706800000, 0x0000000706800000, 0x0000000706a00000|  0%| F|  |TAMS 0x0000000706800000, 0x0000000706800000| Untracked 
|   6|0x0000000706a00000, 0x0000000706c00000, 0x0000000706c00000|100%| O|  |TAMS 0x0000000706a00000, 0x0000000706a00000| Untracked 
|   7|0x0000000706c00000, 0x0000000706e00000, 0x0000000706e00000|100%| O|  |TAMS 0x0000000706e00000, 0x0000000706c00000| Untracked 
|   8|0x0000000706e00000, 0x0000000707000000, 0x0000000707000000|100%| O|  |TAMS 0x0000000707000000, 0x0000000706e00000| Untracked 
|   9|0x0000000707000000, 0x0000000707200000, 0x0000000707200000|100%| O|  |TAMS 0x0000000707000000, 0x0000000707000000| Untracked 
|  10|0x0000000707200000, 0x0000000707400000, 0x0000000707400000|100%| O|  |TAMS 0x0000000707400000, 0x0000000707200000| Untracked 
|  11|0x0000000707400000, 0x0000000707600000, 0x0000000707600000|100%| O|  |TAMS 0x0000000707600000, 0x0000000707400000| Untracked 
|  12|0x0000000707600000, 0x0000000707600000, 0x0000000707800000|  0%| F|  |TAMS 0x0000000707600000, 0x0000000707600000| Untracked 
|  13|0x0000000707800000, 0x0000000707a00000, 0x0000000707a00000|100%| O|  |TAMS 0x0000000707a00000, 0x0000000707800000| Untracked 
|  14|0x0000000707a00000, 0x0000000707c00000, 0x0000000707c00000|100%| O|  |TAMS 0x0000000707c00000, 0x0000000707a00000| Untracked 
|  15|0x0000000707c00000, 0x0000000707e00000, 0x0000000707e00000|100%| O|  |TAMS 0x0000000707e00000, 0x0000000707c00000| Untracked 
|  16|0x0000000707e00000, 0x0000000708000000, 0x0000000708000000|100%| O|  |TAMS 0x0000000708000000, 0x0000000707e00000| Untracked 
|  17|0x0000000708000000, 0x000000070818bc00, 0x0000000708200000| 77%| O|  |TAMS 0x000000070818bc00, 0x0000000708000000| Untracked 
|  18|0x0000000708200000, 0x00000007083d0000, 0x0000000708400000| 90%| O|  |TAMS 0x0000000708200000, 0x0000000708200000| Untracked 
|  19|0x0000000708400000, 0x0000000708600000, 0x0000000708600000|100%|HS|  |TAMS 0x0000000708400000, 0x0000000708400000| Complete 
|  20|0x0000000708600000, 0x0000000708800000, 0x0000000708800000|100%|HC|  |TAMS 0x0000000708600000, 0x0000000708600000| Complete 
|  21|0x0000000708800000, 0x0000000708800000, 0x0000000708a00000|  0%| F|  |TAMS 0x0000000708800000, 0x0000000708800000| Untracked 
|  22|0x0000000708a00000, 0x0000000708a00000, 0x0000000708c00000|  0%| F|  |TAMS 0x0000000708a00000, 0x0000000708a00000| Untracked 
|  23|0x0000000708c00000, 0x0000000708c00000, 0x0000000708e00000|  0%| F|  |TAMS 0x0000000708c00000, 0x0000000708c00000| Untracked 
|  24|0x0000000708e00000, 0x0000000708e00000, 0x0000000709000000|  0%| F|  |TAMS 0x0000000708e00000, 0x0000000708e00000| Untracked 
|  25|0x0000000709000000, 0x0000000709000000, 0x0000000709200000|  0%| F|  |TAMS 0x0000000709000000, 0x0000000709000000| Untracked 
|  26|0x0000000709200000, 0x0000000709200000, 0x0000000709400000|  0%| F|  |TAMS 0x0000000709200000, 0x0000000709200000| Untracked 
|  27|0x0000000709400000, 0x0000000709400000, 0x0000000709600000|  0%| F|  |TAMS 0x0000000709400000, 0x0000000709400000| Untracked 
|  28|0x0000000709600000, 0x0000000709600000, 0x0000000709800000|  0%| F|  |TAMS 0x0000000709600000, 0x0000000709600000| Untracked 
|  29|0x0000000709800000, 0x00000007098edae0, 0x0000000709a00000| 46%| S|CS|TAMS 0x0000000709800000, 0x0000000709800000| Complete 
|  30|0x0000000709a00000, 0x0000000709c00000, 0x0000000709c00000|100%| S|CS|TAMS 0x0000000709a00000, 0x0000000709a00000| Complete 
|  31|0x0000000709c00000, 0x0000000709c00000, 0x0000000709e00000|  0%| F|  |TAMS 0x0000000709c00000, 0x0000000709c00000| Untracked 
|  32|0x0000000709e00000, 0x0000000709e00000, 0x000000070a000000|  0%| F|  |TAMS 0x0000000709e00000, 0x0000000709e00000| Untracked 
|  33|0x000000070a000000, 0x000000070a200000, 0x000000070a200000|100%| S|CS|TAMS 0x000000070a000000, 0x000000070a000000| Complete 
|  34|0x000000070a200000, 0x000000070a400000, 0x000000070a400000|100%| S|CS|TAMS 0x000000070a200000, 0x000000070a200000| Complete 
|  35|0x000000070a400000, 0x000000070a600000, 0x000000070a600000|100%| S|CS|TAMS 0x000000070a400000, 0x000000070a400000| Complete 
|  36|0x000000070a600000, 0x000000070a600000, 0x000000070a800000|  0%| F|  |TAMS 0x000000070a600000, 0x000000070a600000| Untracked 
|  37|0x000000070a800000, 0x000000070a800000, 0x000000070aa00000|  0%| F|  |TAMS 0x000000070a800000, 0x000000070a800000| Untracked 
|  38|0x000000070aa00000, 0x000000070ac00000, 0x000000070ac00000|100%| S|CS|TAMS 0x000000070aa00000, 0x000000070aa00000| Complete 
|  39|0x000000070ac00000, 0x000000070ac00000, 0x000000070ae00000|  0%| F|  |TAMS 0x000000070ac00000, 0x000000070ac00000| Untracked 
|  40|0x000000070ae00000, 0x000000070ae00000, 0x000000070b000000|  0%| F|  |TAMS 0x000000070ae00000, 0x000000070ae00000| Untracked 
|  41|0x000000070b000000, 0x000000070b000000, 0x000000070b200000|  0%| F|  |TAMS 0x000000070b000000, 0x000000070b000000| Untracked 
|  42|0x000000070b200000, 0x000000070b200000, 0x000000070b400000|  0%| F|  |TAMS 0x000000070b200000, 0x000000070b200000| Untracked 
|  43|0x000000070b400000, 0x000000070b400000, 0x000000070b600000|  0%| F|  |TAMS 0x000000070b400000, 0x000000070b400000| Untracked 
|  44|0x000000070b600000, 0x000000070b600000, 0x000000070b800000|  0%| F|  |TAMS 0x000000070b600000, 0x000000070b600000| Untracked 
|  45|0x000000070b800000, 0x000000070b800000, 0x000000070ba00000|  0%| F|  |TAMS 0x000000070b800000, 0x000000070b800000| Untracked 
|  46|0x000000070ba00000, 0x000000070ba00000, 0x000000070bc00000|  0%| F|  |TAMS 0x000000070ba00000, 0x000000070ba00000| Untracked 
|  47|0x000000070bc00000, 0x000000070bc00000, 0x000000070be00000|  0%| F|  |TAMS 0x000000070bc00000, 0x000000070bc00000| Untracked 
|  48|0x000000070be00000, 0x000000070be00000, 0x000000070c000000|  0%| F|  |TAMS 0x000000070be00000, 0x000000070be00000| Untracked 
|  49|0x000000070c000000, 0x000000070c000000, 0x000000070c200000|  0%| F|  |TAMS 0x000000070c000000, 0x000000070c000000| Untracked 
|  50|0x000000070c200000, 0x000000070c200000, 0x000000070c400000|  0%| F|  |TAMS 0x000000070c200000, 0x000000070c200000| Untracked 
|  51|0x000000070c400000, 0x000000070c400000, 0x000000070c600000|  0%| F|  |TAMS 0x000000070c400000, 0x000000070c400000| Untracked 
|  52|0x000000070c600000, 0x000000070c600000, 0x000000070c800000|  0%| F|  |TAMS 0x000000070c600000, 0x000000070c600000| Untracked 
|  53|0x000000070c800000, 0x000000070c800000, 0x000000070ca00000|  0%| F|  |TAMS 0x000000070c800000, 0x000000070c800000| Untracked 
|  54|0x000000070ca00000, 0x000000070ca00000, 0x000000070cc00000|  0%| F|  |TAMS 0x000000070ca00000, 0x000000070ca00000| Untracked 
|  55|0x000000070cc00000, 0x000000070cc00000, 0x000000070ce00000|  0%| F|  |TAMS 0x000000070cc00000, 0x000000070cc00000| Untracked 
|  56|0x000000070ce00000, 0x000000070ce00000, 0x000000070d000000|  0%| F|  |TAMS 0x000000070ce00000, 0x000000070ce00000| Untracked 
|  57|0x000000070d000000, 0x000000070d000000, 0x000000070d200000|  0%| F|  |TAMS 0x000000070d000000, 0x000000070d000000| Untracked 
|  58|0x000000070d200000, 0x000000070d200000, 0x000000070d400000|  0%| F|  |TAMS 0x000000070d200000, 0x000000070d200000| Untracked 
|  59|0x000000070d400000, 0x000000070d400000, 0x000000070d600000|  0%| F|  |TAMS 0x000000070d400000, 0x000000070d400000| Untracked 
|  60|0x000000070d600000, 0x000000070d600000, 0x000000070d800000|  0%| F|  |TAMS 0x000000070d600000, 0x000000070d600000| Untracked 
|  61|0x000000070d800000, 0x000000070d800000, 0x000000070da00000|  0%| F|  |TAMS 0x000000070d800000, 0x000000070d800000| Untracked 
|  62|0x000000070da00000, 0x000000070da00000, 0x000000070dc00000|  0%| F|  |TAMS 0x000000070da00000, 0x000000070da00000| Untracked 
|  63|0x000000070dc00000, 0x000000070dc00000, 0x000000070de00000|  0%| F|  |TAMS 0x000000070dc00000, 0x000000070dc00000| Untracked 
|  64|0x000000070de00000, 0x000000070de00000, 0x000000070e000000|  0%| F|  |TAMS 0x000000070de00000, 0x000000070de00000| Untracked 
|  65|0x000000070e000000, 0x000000070e000000, 0x000000070e200000|  0%| F|  |TAMS 0x000000070e000000, 0x000000070e000000| Untracked 
|  66|0x000000070e200000, 0x000000070e200000, 0x000000070e400000|  0%| F|  |TAMS 0x000000070e200000, 0x000000070e200000| Untracked 
|  67|0x000000070e400000, 0x000000070e400000, 0x000000070e600000|  0%| F|  |TAMS 0x000000070e400000, 0x000000070e400000| Untracked 
|  68|0x000000070e600000, 0x000000070e600000, 0x000000070e800000|  0%| F|  |TAMS 0x000000070e600000, 0x000000070e600000| Untracked 
|  69|0x000000070e800000, 0x000000070e800000, 0x000000070ea00000|  0%| F|  |TAMS 0x000000070e800000, 0x000000070e800000| Untracked 
|  70|0x000000070ea00000, 0x000000070ea00000, 0x000000070ec00000|  0%| F|  |TAMS 0x000000070ea00000, 0x000000070ea00000| Untracked 
|  71|0x000000070ec00000, 0x000000070ec00000, 0x000000070ee00000|  0%| F|  |TAMS 0x000000070ec00000, 0x000000070ec00000| Untracked 
|  72|0x000000070ee00000, 0x000000070ef08010, 0x000000070f000000| 51%| E|  |TAMS 0x000000070ee00000, 0x000000070ee00000| Complete 
|  73|0x000000070f000000, 0x000000070f200000, 0x000000070f200000|100%| E|CS|TAMS 0x000000070f000000, 0x000000070f000000| Complete 
|  74|0x000000070f200000, 0x000000070f400000, 0x000000070f400000|100%| E|CS|TAMS 0x000000070f200000, 0x000000070f200000| Complete 
|  75|0x000000070f400000, 0x000000070f600000, 0x000000070f600000|100%| E|CS|TAMS 0x000000070f400000, 0x000000070f400000| Complete 
|  76|0x000000070f600000, 0x000000070f800000, 0x000000070f800000|100%| E|CS|TAMS 0x000000070f600000, 0x000000070f600000| Complete 
|  77|0x000000070f800000, 0x000000070fa00000, 0x000000070fa00000|100%| E|CS|TAMS 0x000000070f800000, 0x000000070f800000| Complete 
|  78|0x000000070fa00000, 0x000000070fc00000, 0x000000070fc00000|100%| E|CS|TAMS 0x000000070fa00000, 0x000000070fa00000| Complete 
|  79|0x000000070fc00000, 0x000000070fe00000, 0x000000070fe00000|100%| E|CS|TAMS 0x000000070fc00000, 0x000000070fc00000| Complete 
|  80|0x000000070fe00000, 0x0000000710000000, 0x0000000710000000|100%| E|CS|TAMS 0x000000070fe00000, 0x000000070fe00000| Complete 
|  81|0x0000000710000000, 0x0000000710200000, 0x0000000710200000|100%| E|CS|TAMS 0x0000000710000000, 0x0000000710000000| Complete 
| 111|0x0000000713c00000, 0x0000000713e00000, 0x0000000713e00000|100%| E|CS|TAMS 0x0000000713c00000, 0x0000000713c00000| Complete 
| 125|0x0000000715800000, 0x0000000715a00000, 0x0000000715a00000|100%| E|CS|TAMS 0x0000000715800000, 0x0000000715800000| Complete 
|1993|0x00000007ff000000, 0x00000007ff200000, 0x00000007ff200000|100%| O|  |TAMS 0x00000007ff200000, 0x00000007ff000000| Untracked 
|1994|0x00000007ff200000, 0x00000007ff400000, 0x00000007ff400000|100%| O|  |TAMS 0x00000007ff400000, 0x00000007ff200000| Untracked 
|1995|0x00000007ff400000, 0x00000007ff600000, 0x00000007ff600000|100%| O|  |TAMS 0x00000007ff600000, 0x00000007ff400000| Untracked 
|1996|0x00000007ff600000, 0x00000007ff800000, 0x00000007ff800000|100%| O|  |TAMS 0x00000007ff800000, 0x00000007ff600000| Untracked 
|1997|0x00000007ff800000, 0x00000007ffa00000, 0x00000007ffa00000|100%| O|  |TAMS 0x00000007ffa00000, 0x00000007ff800000| Untracked 
|1998|0x00000007ffa00000, 0x00000007ffc00000, 0x00000007ffc00000|100%| O|  |TAMS 0x00000007ffc00000, 0x00000007ffa00000| Untracked 
|1999|0x00000007ffc00000, 0x00000007ffe00000, 0x00000007ffe00000|100%| O|  |TAMS 0x00000007ffe00000, 0x00000007ffc00000| Untracked 
|2000|0x00000007ffe00000, 0x0000000800000000, 0x0000000800000000|100%| O|  |TAMS 0x0000000800000000, 0x00000007ffe00000| Untracked 

Card table byte_map: [0x0000027fe28f0000,0x0000027fe30d0000] _byte_map_base: 0x0000027fdf0c1000

Marking Bits (Prev, Next): (CMBitMap*) 0x0000027fca9a0e40, (CMBitMap*) 0x0000027fca9a0e80
 Prev Bits: [0x0000027fe38b0000, 0x0000027fe7738000)
 Next Bits: [0x0000027fe7740000, 0x0000027feb5c8000)

Polling page: 0x0000027fc88f0000

Metaspace:

Usage:
  Non-class:     31.88 MB used.
      Class:      3.66 MB used.
       Both:     35.54 MB used.

Virtual space:
  Non-class space:       64.00 MB reserved,      32.19 MB ( 50%) committed,  1 nodes.
      Class space:        1.00 GB reserved,       4.00 MB ( <1%) committed,  1 nodes.
             Both:        1.06 GB reserved,      36.19 MB (  3%) committed. 

Chunk freelists:
   Non-Class:  3.02 MB
       Class:  32.00 KB
        Both:  3.05 MB

MaxMetaspaceSize: unlimited
CompressedClassSpaceSize: 1.00 GB
Initial GC threshold: 21.00 MB
Current GC threshold: 45.88 MB
CDS: on
MetaspaceReclaimPolicy: balanced
 - commit_granule_bytes: 65536.
 - commit_granule_words: 8192.
 - virtual_space_node_default_size: 8388608.
 - enlarge_chunks_in_place: 1.
 - new_chunks_are_fully_committed: 0.
 - uncommit_free_chunks: 1.
 - use_allocation_guard: 0.


Internal statistics:

num_allocs_failed_limit: 3.
num_arena_births: 768.
num_arena_deaths: 0.
num_vsnodes_births: 2.
num_vsnodes_deaths: 0.
num_space_committed: 579.
num_space_uncommitted: 0.
num_chunks_returned_to_freelist: 3.
num_chunks_taken_from_freelist: 2213.
num_chunk_merges: 3.
num_chunk_splits: 1520.
num_chunks_enlarged: 1064.
num_inconsistent_stats: 0.

CodeHeap 'non-profiled nmethods': size=119168Kb used=7071Kb max_used=7071Kb free=112096Kb
 bounds [0x0000027fda430000, 0x0000027fdab20000, 0x0000027fe1890000]
CodeHeap 'profiled nmethods': size=119104Kb used=22533Kb max_used=22533Kb free=96570Kb
 bounds [0x0000027fd2890000, 0x0000027fd3ea0000, 0x0000027fd9ce0000]
CodeHeap 'non-nmethods': size=7488Kb used=3035Kb max_used=3123Kb free=4452Kb
 bounds [0x0000027fd9ce0000, 0x0000027fda000000, 0x0000027fda430000]
 total_blobs=10346 nmethods=9769 adapters=483
 compilation: enabled
              stopped_count=0, restarted_count=0
 full_count=0

Compilation events (20 events):
Event: 7.028 Thread 0x0000027fee58fde0 nmethod 11955 0x0000027fdab16010 code [0x0000027fdab161a0, 0x0000027fdab16258]
Event: 7.028 Thread 0x0000027fee58fde0 11959       1       org.apache.commons.compress.archivers.zip.ZipArchiveOutputStream$CurrentEntry::access$300 (5 bytes)
Event: 7.028 Thread 0x0000027ff28e9ee0 nmethod 11958 0x0000027fdab16310 code [0x0000027fdab164a0, 0x0000027fdab16558]
Event: 7.028 Thread 0x0000027ff28e9ee0 11962       3       org.apache.commons.compress.archivers.zip.ZipArchiveOutputStream::getEffectiveZip64Mode (46 bytes)
Event: 7.028 Thread 0x0000027fee58fde0 nmethod 11959 0x0000027fdab16610 code [0x0000027fdab167a0, 0x0000027fdab16858]
Event: 7.028 Thread 0x0000027fee550600 nmethod 11957 0x0000027fdab16910 code [0x0000027fdab16aa0, 0x0000027fdab16b78]
Event: 7.028 Thread 0x0000027fee58fde0 11960       1       org.apache.commons.compress.archivers.zip.ZipArchiveOutputStream$CurrentEntry::access$000 (5 bytes)
Event: 7.028 Thread 0x0000027fee550600 11961       1       org.apache.commons.compress.archivers.zip.StreamCompressor::getBytesRead (5 bytes)
Event: 7.028 Thread 0x0000027fee58fde0 nmethod 11960 0x0000027fdab16c10 code [0x0000027fdab16da0, 0x0000027fdab16e58]
Event: 7.028 Thread 0x0000027fee550600 nmethod 11961 0x0000027fdab16f10 code [0x0000027fdab170a0, 0x0000027fdab17158]
Event: 7.028 Thread 0x0000027ff28e9ee0 nmethod 11962 0x0000027fd3e90890 code [0x0000027fd3e90a40, 0x0000027fd3e90dd8]
Event: 7.028 Thread 0x0000027fee550600 11963       1       java.util.zip.ZipEntry::getMethod (5 bytes)
Event: 7.028 Thread 0x0000027ff28ea460 nmethod 11956 0x0000027fd3e90e90 code [0x0000027fd3e910a0, 0x0000027fd3e91838]
Event: 7.028 Thread 0x0000027fee550600 nmethod 11963 0x0000027fdab17210 code [0x0000027fdab173a0, 0x0000027fdab17458]
Event: 7.049 Thread 0x0000027ff347af80 11964       4       java.io.FilterInputStream::read (11 bytes)
Event: 7.049 Thread 0x0000027ff347af80 nmethod 11964 0x0000027fdab17510 code [0x0000027fdab176a0, 0x0000027fdab17738]
Event: 7.053 Thread 0x0000027ff347af80 11965   !   4       java.util.zip.Deflater::needsInput (55 bytes)
Event: 7.054 Thread 0x0000027ff347af80 nmethod 11965 0x0000027fdab17810 code [0x0000027fdab179a0, 0x0000027fdab17bb8]
Event: 7.063 Thread 0x0000027ff28e9ee0 11966       3       org.apache.commons.compress.archivers.zip.ZipLong::getBytes (12 bytes)
Event: 7.063 Thread 0x0000027ff28e9ee0 nmethod 11966 0x0000027fd3e91a90 code [0x0000027fd3e91c40, 0x0000027fd3e91e08]

GC Heap History (20 events):
Event: 3.513 GC heap before
{Heap before GC invocations=14 (full 0):
 garbage-first heap   total 108544K, used 78980K [0x0000000705e00000, 0x0000000800000000)
  region size 2048K, 15 young (30720K), 1 survivors (2048K)
 Metaspace       used 27551K, committed 28032K, reserved 1114112K
  class space    used 2866K, committed 3072K, reserved 1048576K
}
Event: 3.514 GC heap after
{Heap after GC invocations=15 (full 0):
 garbage-first heap   total 108544K, used 50656K [0x0000000705e00000, 0x0000000800000000)
  region size 2048K, 1 young (2048K), 1 survivors (2048K)
 Metaspace       used 27551K, committed 28032K, reserved 1114112K
  class space    used 2866K, committed 3072K, reserved 1048576K
}
Event: 3.519 GC heap before
{Heap before GC invocations=15 (full 0):
 garbage-first heap   total 108544K, used 52704K [0x0000000705e00000, 0x0000000800000000)
  region size 2048K, 2 young (4096K), 1 survivors (2048K)
 Metaspace       used 27559K, committed 28096K, reserved 1114112K
  class space    used 2867K, committed 3136K, reserved 1048576K
}
Event: 3.523 GC heap after
{Heap after GC invocations=16 (full 0):
 garbage-first heap   total 108544K, used 49616K [0x0000000705e00000, 0x0000000800000000)
  region size 2048K, 1 young (2048K), 1 survivors (2048K)
 Metaspace       used 27559K, committed 28096K, reserved 1114112K
  class space    used 2867K, committed 3136K, reserved 1048576K
}
Event: 3.575 GC heap before
{Heap before GC invocations=16 (full 0):
 garbage-first heap   total 108544K, used 80336K [0x0000000705e00000, 0x0000000800000000)
  region size 2048K, 17 young (34816K), 1 survivors (2048K)
 Metaspace       used 27620K, committed 28160K, reserved 1114112K
  class space    used 2873K, committed 3136K, reserved 1048576K
}
Event: 3.576 GC heap after
{Heap after GC invocations=17 (full 0):
 garbage-first heap   total 247808K, used 49300K [0x0000000705e00000, 0x0000000800000000)
  region size 2048K, 1 young (2048K), 1 survivors (2048K)
 Metaspace       used 27620K, committed 28160K, reserved 1114112K
  class space    used 2873K, committed 3136K, reserved 1048576K
}
Event: 3.987 GC heap before
{Heap before GC invocations=18 (full 0):
 garbage-first heap   total 184320K, used 180372K [0x0000000705e00000, 0x0000000800000000)
  region size 2048K, 66 young (135168K), 1 survivors (2048K)
 Metaspace       used 28522K, committed 29120K, reserved 1114112K
  class space    used 2966K, committed 3264K, reserved 1048576K
}
Event: 3.989 GC heap after
{Heap after GC invocations=19 (full 0):
 garbage-first heap   total 188416K, used 51587K [0x0000000705e00000, 0x0000000800000000)
  region size 2048K, 2 young (4096K), 2 survivors (4096K)
 Metaspace       used 28522K, committed 29120K, reserved 1114112K
  class space    used 2966K, committed 3264K, reserved 1048576K
}
Event: 3.994 GC heap before
{Heap before GC invocations=19 (full 0):
 garbage-first heap   total 188416K, used 55683K [0x0000000705e00000, 0x0000000800000000)
  region size 2048K, 4 young (8192K), 2 survivors (4096K)
 Metaspace       used 28524K, committed 29120K, reserved 1114112K
  class space    used 2967K, committed 3264K, reserved 1048576K
}
Event: 3.997 GC heap after
{Heap after GC invocations=20 (full 0):
 garbage-first heap   total 188416K, used 51456K [0x0000000705e00000, 0x0000000800000000)
  region size 2048K, 1 young (2048K), 1 survivors (2048K)
 Metaspace       used 28524K, committed 29120K, reserved 1114112K
  class space    used 2967K, committed 3264K, reserved 1048576K
}
Event: 4.175 GC heap before
{Heap before GC invocations=20 (full 0):
 garbage-first heap   total 188416K, used 143616K [0x0000000705e00000, 0x0000000800000000)
  region size 2048K, 46 young (94208K), 1 survivors (2048K)
 Metaspace       used 28682K, committed 29248K, reserved 1114112K
  class space    used 2969K, committed 3264K, reserved 1048576K
}
Event: 4.177 GC heap after
{Heap after GC invocations=21 (full 0):
 garbage-first heap   total 188416K, used 52676K [0x0000000705e00000, 0x0000000800000000)
  region size 2048K, 1 young (2048K), 1 survivors (2048K)
 Metaspace       used 28682K, committed 29248K, reserved 1114112K
  class space    used 2969K, committed 3264K, reserved 1048576K
}
Event: 4.508 GC heap before
{Heap before GC invocations=21 (full 0):
 garbage-first heap   total 188416K, used 146884K [0x0000000705e00000, 0x0000000800000000)
  region size 2048K, 47 young (96256K), 1 survivors (2048K)
 Metaspace       used 29635K, committed 30272K, reserved 1114112K
  class space    used 3095K, committed 3392K, reserved 1048576K
}
Event: 4.510 GC heap after
{Heap after GC invocations=22 (full 0):
 garbage-first heap   total 188416K, used 52850K [0x0000000705e00000, 0x0000000800000000)
  region size 2048K, 1 young (2048K), 1 survivors (2048K)
 Metaspace       used 29635K, committed 30272K, reserved 1114112K
  class space    used 3095K, committed 3392K, reserved 1048576K
}
Event: 5.408 GC heap before
{Heap before GC invocations=22 (full 0):
 garbage-first heap   total 188416K, used 149106K [0x0000000705e00000, 0x0000000800000000)
  region size 2048K, 48 young (98304K), 1 survivors (2048K)
 Metaspace       used 31524K, committed 32128K, reserved 1114112K
  class space    used 3227K, committed 3520K, reserved 1048576K
}
Event: 5.412 GC heap after
{Heap after GC invocations=23 (full 0):
 garbage-first heap   total 188416K, used 55388K [0x0000000705e00000, 0x0000000800000000)
  region size 2048K, 3 young (6144K), 3 survivors (6144K)
 Metaspace       used 31524K, committed 32128K, reserved 1114112K
  class space    used 3227K, committed 3520K, reserved 1048576K
}
Event: 6.160 GC heap before
{Heap before GC invocations=23 (full 0):
 garbage-first heap   total 188416K, used 153692K [0x0000000705e00000, 0x0000000800000000)
  region size 2048K, 49 young (100352K), 3 survivors (6144K)
 Metaspace       used 32892K, committed 33472K, reserved 1114112K
  class space    used 3334K, committed 3648K, reserved 1048576K
}
Event: 6.167 GC heap after
{Heap after GC invocations=24 (full 0):
 garbage-first heap   total 188416K, used 60990K [0x0000000705e00000, 0x0000000800000000)
  region size 2048K, 4 young (8192K), 4 survivors (8192K)
 Metaspace       used 32892K, committed 33472K, reserved 1114112K
  class space    used 3334K, committed 3648K, reserved 1048576K
}
Event: 6.892 GC heap before
{Heap before GC invocations=24 (full 0):
 garbage-first heap   total 188416K, used 151102K [0x0000000705e00000, 0x0000000800000000)
  region size 2048K, 49 young (100352K), 4 survivors (8192K)
 Metaspace       used 35564K, committed 36160K, reserved 1114112K
  class space    used 3652K, committed 3968K, reserved 1048576K
}
Event: 6.898 GC heap after
{Heap after GC invocations=25 (full 0):
 garbage-first heap   total 188416K, used 65829K [0x0000000705e00000, 0x0000000800000000)
  region size 2048K, 6 young (12288K), 6 survivors (12288K)
 Metaspace       used 35564K, committed 36160K, reserved 1114112K
  class space    used 3652K, committed 3968K, reserved 1048576K
}

Dll operation events (12 events):
Event: 0.005 Loaded shared library C:\Program Files\Java\jdk-19\bin\java.dll
Event: 0.010 Loaded shared library C:\Program Files\Java\jdk-19\bin\jsvml.dll
Event: 0.037 Loaded shared library C:\Program Files\Java\jdk-19\bin\zip.dll
Event: 0.039 Loaded shared library C:\Program Files\Java\jdk-19\bin\instrument.dll
Event: 0.042 Loaded shared library C:\Program Files\Java\jdk-19\bin\net.dll
Event: 0.043 Loaded shared library C:\Program Files\Java\jdk-19\bin\nio.dll
Event: 0.044 Loaded shared library C:\Program Files\Java\jdk-19\bin\zip.dll
Event: 0.053 Loaded shared library C:\Program Files\JetBrains\IntelliJ IDEA 2022.1.2\bin\breakgen64.dll
Event: 0.059 Loaded shared library C:\Program Files\Java\jdk-19\bin\extnet.dll
Event: 0.106 Loaded shared library C:\Program Files\Java\jdk-19\bin\jimage.dll
Event: 0.144 Loaded shared library C:\Users\99293\AppData\Local\Temp\jansi-2.4.0-e779d6501bb9b76a-jansi.dll
Event: 0.150 Loaded shared library C:\Program Files\Java\jdk-19\bin\verify.dll

Deoptimization events (20 events):
Event: 7.003 Thread 0x0000027fca92ee40 Uncommon trap: trap_request=0xffffffc6 fr.pc=0x0000027fda7d26b4 relative=0x0000000000002414
Event: 7.003 Thread 0x0000027fca92ee40 Uncommon trap: reason=bimorphic_or_optimized_type_check action=maybe_recompile pc=0x0000027fda7d26b4 method=java.io.FilterInputStream.read([BII)I @ 7 c2
Event: 7.003 Thread 0x0000027fca92ee40 DEOPT PACKING pc=0x0000027fda7d26b4 sp=0x0000008dab5fd8b0
Event: 7.003 Thread 0x0000027fca92ee40 DEOPT UNPACKING pc=0x0000027fd9d46da3 sp=0x0000008dab5fd750 mode 2
Event: 7.003 Thread 0x0000027fca92ee40 Uncommon trap: trap_request=0xffffffc6 fr.pc=0x0000027fda7cd258 relative=0x00000000000011d8
Event: 7.003 Thread 0x0000027fca92ee40 Uncommon trap: reason=bimorphic_or_optimized_type_check action=maybe_recompile pc=0x0000027fda7cd258 method=java.io.FilterInputStream.read([BII)I @ 7 c2
Event: 7.003 Thread 0x0000027fca92ee40 DEOPT PACKING pc=0x0000027fda7cd258 sp=0x0000008dab5fd850
Event: 7.003 Thread 0x0000027fca92ee40 DEOPT UNPACKING pc=0x0000027fd9d46da3 sp=0x0000008dab5fd808 mode 2
Event: 7.024 Thread 0x0000027fca92ee40 Uncommon trap: trap_request=0xffffff45 fr.pc=0x0000027fda4572fc relative=0x00000000000001dc
Event: 7.024 Thread 0x0000027fca92ee40 Uncommon trap: reason=unstable_if action=reinterpret pc=0x0000027fda4572fc method=jdk.internal.util.ArraysSupport.mismatch([B[BI)I @ 60 c2
Event: 7.024 Thread 0x0000027fca92ee40 DEOPT PACKING pc=0x0000027fda4572fc sp=0x0000008dab5fdba0
Event: 7.024 Thread 0x0000027fca92ee40 DEOPT UNPACKING pc=0x0000027fd9d46da3 sp=0x0000008dab5fdae8 mode 2
Event: 7.025 Thread 0x0000027fca92ee40 Uncommon trap: trap_request=0xffffff45 fr.pc=0x0000027fda5ebfe8 relative=0x00000000000001c8
Event: 7.025 Thread 0x0000027fca92ee40 Uncommon trap: reason=unstable_if action=reinterpret pc=0x0000027fda5ebfe8 method=java.util.concurrent.TimeUnit.toMillis(J)J @ 18 c2
Event: 7.025 Thread 0x0000027fca92ee40 DEOPT PACKING pc=0x0000027fda5ebfe8 sp=0x0000008dab5fdb30
Event: 7.025 Thread 0x0000027fca92ee40 DEOPT UNPACKING pc=0x0000027fd9d46da3 sp=0x0000008dab5fda50 mode 2
Event: 7.026 Thread 0x0000027fca92ee40 Uncommon trap: trap_request=0xffffff45 fr.pc=0x0000027fda6aefcc relative=0x000000000000012c
Event: 7.026 Thread 0x0000027fca92ee40 Uncommon trap: reason=unstable_if action=reinterpret pc=0x0000027fda6aefcc method=java.util.concurrent.TimeUnit.toMillis(J)J @ 18 c2
Event: 7.026 Thread 0x0000027fca92ee40 DEOPT PACKING pc=0x0000027fda6aefcc sp=0x0000008dab5fd880
Event: 7.026 Thread 0x0000027fca92ee40 DEOPT UNPACKING pc=0x0000027fd9d46da3 sp=0x0000008dab5fd7f8 mode 2

Classes loaded (20 events):
Event: 6.850 Loading class javax/management/MBeanServerConnection
Event: 6.850 Loading class javax/management/MBeanServerConnection done
Event: 6.853 Loading class javax/management/InstanceNotFoundException
Event: 6.853 Loading class javax/management/OperationsException
Event: 6.853 Loading class javax/management/OperationsException done
Event: 6.853 Loading class javax/management/InstanceNotFoundException done
Event: 6.868 Loading class java/util/jar/JarOutputStream
Event: 6.868 Loading class java/util/zip/ZipOutputStream
Event: 6.868 Loading class java/util/zip/ZipOutputStream done
Event: 6.868 Loading class java/util/jar/JarOutputStream done
Event: 6.933 Loading class java/lang/invoke/DirectMethodHandle$Special
Event: 6.933 Loading class java/lang/invoke/DirectMethodHandle$Special done
Event: 6.947 Loading class java/util/jar/JarInputStream
Event: 6.947 Loading class java/util/jar/JarInputStream done
Event: 6.972 Loading class java/io/FileFilter
Event: 6.972 Loading class java/io/FileFilter done
Event: 6.973 Loading class sun/security/util/ManifestEntryVerifier
Event: 6.973 Loading class sun/security/util/ManifestEntryVerifier done
Event: 7.003 Loading class sun/security/util/SignatureFileVerifier
Event: 7.003 Loading class sun/security/util/SignatureFileVerifier done

Classes unloaded (0 events):
No events

Classes redefined (0 events):
No events

Internal exceptions (20 events):
Event: 5.748 Thread 0x0000027fca92ee40 Exception <a 'sun/nio/fs/WindowsException'{0x000000070c8dfde8}> (0x000000070c8dfde8) 
thrown [s\open\src\hotspot\share\prims\jni.cpp, line 517]
Event: 5.748 Thread 0x0000027fca92ee40 Exception <a 'sun/nio/fs/WindowsException'{0x000000070c8e0258}> (0x000000070c8e0258) 
thrown [s\open\src\hotspot\share\prims\jni.cpp, line 517]
Event: 5.758 Thread 0x0000027fca92ee40 Exception <a 'sun/nio/fs/WindowsException'{0x000000070c9adcd8}> (0x000000070c9adcd8) 
thrown [s\open\src\hotspot\share\prims\jni.cpp, line 517]
Event: 5.758 Thread 0x0000027fca92ee40 Exception <a 'sun/nio/fs/WindowsException'{0x000000070c9ae3e8}> (0x000000070c9ae3e8) 
thrown [s\open\src\hotspot\share\prims\jni.cpp, line 517]
Event: 5.758 Thread 0x0000027fca92ee40 Exception <a 'sun/nio/fs/WindowsException'{0x000000070c9af688}> (0x000000070c9af688) 
thrown [s\open\src\hotspot\share\prims\jni.cpp, line 517]
Event: 5.760 Thread 0x0000027fca92ee40 Exception <a 'sun/nio/fs/WindowsException'{0x000000070c9ca4c0}> (0x000000070c9ca4c0) 
thrown [s\open\src\hotspot\share\prims\jni.cpp, line 517]
Event: 5.760 Thread 0x0000027fca92ee40 Exception <a 'sun/nio/fs/WindowsException'{0x000000070c9cac20}> (0x000000070c9cac20) 
thrown [s\open\src\hotspot\share\prims\jni.cpp, line 517]
Event: 5.760 Thread 0x0000027fca92ee40 Exception <a 'sun/nio/fs/WindowsException'{0x000000070c9cc118}> (0x000000070c9cc118) 
thrown [s\open\src\hotspot\share\prims\jni.cpp, line 517]
Event: 5.850 Thread 0x0000027fca92ee40 Implicit null exception at 0x0000027fda6842ae to 0x0000027fda68984c
Event: 5.851 Thread 0x0000027fca92ee40 Implicit null exception at 0x0000027fda67738a to 0x0000027fda67c3d8
Event: 5.851 Thread 0x0000027fca92ee40 Implicit null exception at 0x0000027fda6638ee to 0x0000027fda667a90
Event: 5.906 Thread 0x0000027fca92ee40 Implicit null exception at 0x0000027fda6555fa to 0x0000027fda656888
Event: 6.117 Thread 0x0000027fca92ee40 Exception <a 'java/lang/NoSuchMethodError'{0x000000070affe538}: 'java.lang.String org.apache.maven.execution.MavenExecutionRequest.getFailureBehavior()'> (0x000000070affe538) 
thrown [s\open\src\hotspot\share\interpreter\linkResolver.cpp, line 870]
Event: 6.120 Thread 0x0000027ffdebb3a0 Exception <a 'java/lang/NoSuchMethodError'{0x000000070af3bd18}: 'java.lang.Object java.lang.invoke.DirectMethodHandle$Holder.invokeStatic(java.lang.Object, long, java.lang.Object)'> (0x000000070af3bd18) 
thrown [s\open\src\hotspot\share\interpreter\linkResolver.cpp, line 774]
Event: 6.120 Thread 0x0000027ffdebb3a0 Exception <a 'java/lang/NoSuchMethodError'{0x000000070af3f368}: 'java.lang.Object java.lang.invoke.DirectMethodHandle$Holder.invokeStaticInit(java.lang.Object, long, java.lang.Object)'> (0x000000070af3f368) 
thrown [s\open\src\hotspot\share\interpreter\linkResolver.cpp, line 774]
Event: 6.121 Thread 0x0000027ffdebb3a0 Exception <a 'java/lang/NoSuchMethodError'{0x000000070af44fb8}: 'java.lang.Object java.lang.invoke.DirectMethodHandle$Holder.newInvokeSpecial(java.lang.Object, long)'> (0x000000070af44fb8) 
thrown [s\open\src\hotspot\share\interpreter\linkResolver.cpp, line 774]
Event: 6.122 Thread 0x0000027ffdebb3a0 Exception <a 'java/lang/NoSuchMethodError'{0x000000070af49848}: 'long java.lang.invoke.DirectMethodHandle$Holder.invokeInterface(java.lang.Object, java.lang.Object)'> (0x000000070af49848) 
thrown [s\open\src\hotspot\share\interpreter\linkResolver.cpp, line 774]
Event: 6.123 Thread 0x0000027ffdebb3a0 Exception <a 'java/lang/NoSuchMethodError'{0x000000070af4d1b0}: 'long java.lang.invoke.DelegatingMethodHandle$Holder.reinvoke_L(java.lang.Object, java.lang.Object)'> (0x000000070af4d1b0) 
thrown [s\open\src\hotspot\share\interpreter\linkResolver.cpp, line 774]
Event: 6.499 Thread 0x0000027fca92ee40 Implicit null exception at 0x0000027fda8d94cb to 0x0000027fda8d96c0
Event: 6.867 Thread 0x0000027fca92ee40 Exception <a 'java/lang/NoClassDefFoundError'{0x000000070b0f9b90}: org/sonatype/aether/graph/Dependency> (0x000000070b0f9b90) 
thrown [s\open\src\hotspot\share\classfile\systemDictionary.cpp, line 244]

VM Operations (20 events):
Event: 6.160 Executing VM operation: G1CollectForAllocation
Event: 6.167 Executing VM operation: G1CollectForAllocation done
Event: 6.455 Executing VM operation: HandshakeAllThreads
Event: 6.455 Executing VM operation: HandshakeAllThreads done
Event: 6.459 Executing VM operation: HandshakeAllThreads
Event: 6.459 Executing VM operation: HandshakeAllThreads done
Event: 6.524 Executing VM operation: HandshakeAllThreads
Event: 6.524 Executing VM operation: HandshakeAllThreads done
Event: 6.636 Executing VM operation: HandshakeAllThreads
Event: 6.636 Executing VM operation: HandshakeAllThreads done
Event: 6.677 Executing VM operation: HandshakeAllThreads
Event: 6.677 Executing VM operation: HandshakeAllThreads done
Event: 6.677 Executing VM operation: HandshakeAllThreads
Event: 6.677 Executing VM operation: HandshakeAllThreads done
Event: 6.759 Executing VM operation: ICBufferFull
Event: 6.759 Executing VM operation: ICBufferFull done
Event: 6.892 Executing VM operation: G1CollectForAllocation
Event: 6.898 Executing VM operation: G1CollectForAllocation done
Event: 6.948 Executing VM operation: HandshakeAllThreads
Event: 6.948 Executing VM operation: HandshakeAllThreads done

Events (20 events):
Event: 6.643 Thread 0x0000027ff9dbadb0 Thread added: 0x0000027ff9dbadb0
Event: 6.643 Thread 0x0000027ff9dbbda0 Thread added: 0x0000027ff9dbbda0
Event: 6.644 Thread 0x0000027ff9db68a0 Thread added: 0x0000027ff9db68a0
Event: 6.644 Thread 0x0000027ff9dbb300 Thread added: 0x0000027ff9dbb300
Event: 6.690 Thread 0x0000027ff9dbb300 Thread exited: 0x0000027ff9dbb300
Event: 6.690 Thread 0x0000027ff9dbd830 Thread exited: 0x0000027ff9dbd830
Event: 6.691 Thread 0x0000027ff9db68a0 Thread exited: 0x0000027ff9db68a0
Event: 6.691 Thread 0x0000027ffdeb8e70 Thread exited: 0x0000027ffdeb8e70
Event: 6.691 Thread 0x0000027ff9dbbda0 Thread exited: 0x0000027ff9dbbda0
Event: 6.691 Thread 0x0000027ff9dbd2e0 Thread exited: 0x0000027ff9dbd2e0
Event: 6.691 Thread 0x0000027ffdeba3b0 Thread exited: 0x0000027ffdeba3b0
Event: 6.691 Thread 0x0000027ff9db6350 Thread exited: 0x0000027ff9db6350
Event: 6.691 Thread 0x0000027ffdeb8920 Thread exited: 0x0000027ffdeb8920
Event: 6.691 Thread 0x0000027ff9dba310 Thread exited: 0x0000027ff9dba310
Event: 6.691 Thread 0x0000027ffdeb83d0 Thread exited: 0x0000027ffdeb83d0
Event: 6.691 Thread 0x0000027ff9db9320 Thread exited: 0x0000027ff9db9320
Event: 6.691 Thread 0x0000027ff9dbadb0 Thread exited: 0x0000027ff9dbadb0
Event: 6.691 Thread 0x0000027ff9dbb850 Thread exited: 0x0000027ff9dbb850
Event: 6.691 Thread 0x0000027ff9dba860 Thread exited: 0x0000027ff9dba860
Event: 6.691 Thread 0x0000027ffdeb93c0 Thread exited: 0x0000027ffdeb93c0


Dynamic libraries:
0x00007ff761550000 - 0x00007ff761560000 	C:\Program Files\Java\jdk-19\bin\java.exe
0x00007ffd4fc70000 - 0x00007ffd4fe86000 	C:\WINDOWS\SYSTEM32\ntdll.dll
0x00007ffd4e6f0000 - 0x00007ffd4e7b4000 	C:\WINDOWS\System32\KERNEL32.DLL
0x00007ffd4d300000 - 0x00007ffd4d6a7000 	C:\WINDOWS\System32\KERNELBASE.dll
0x00007ffd4d020000 - 0x00007ffd4d131000 	C:\WINDOWS\System32\ucrtbase.dll
0x00007ffd395a0000 - 0x00007ffd395b8000 	C:\Program Files\Java\jdk-19\bin\jli.dll
0x00007ffd39580000 - 0x00007ffd3959b000 	C:\Program Files\Java\jdk-19\bin\VCRUNTIME140.dll
0x00007ffd4da80000 - 0x00007ffd4db32000 	C:\WINDOWS\System32\ADVAPI32.dll
0x00007ffd4fb50000 - 0x00007ffd4fbf7000 	C:\WINDOWS\System32\msvcrt.dll
0x00007ffd4fa90000 - 0x00007ffd4fb38000 	C:\WINDOWS\System32\sechost.dll
0x00007ffd4d8a0000 - 0x00007ffd4d8c8000 	C:\WINDOWS\System32\bcrypt.dll
0x00007ffd4dfc0000 - 0x00007ffd4e0d5000 	C:\WINDOWS\System32\RPCRT4.dll
0x00007ffd4e1e0000 - 0x00007ffd4e38e000 	C:\WINDOWS\System32\USER32.dll
0x00007ffd4d940000 - 0x00007ffd4d966000 	C:\WINDOWS\System32\win32u.dll
0x00007ffd320d0000 - 0x00007ffd32363000 	C:\WINDOWS\WinSxS\amd64_microsoft.windows.common-controls_6595b64144ccf1df_6.0.22621.3235_none_270f74e173860f98\COMCTL32.dll
0x00007ffd4e6c0000 - 0x00007ffd4e6e9000 	C:\WINDOWS\System32\GDI32.dll
0x00007ffd4d140000 - 0x00007ffd4d259000 	C:\WINDOWS\System32\gdi32full.dll
0x00007ffd4d260000 - 0x00007ffd4d2fa000 	C:\WINDOWS\System32\msvcp_win.dll
0x00007ffd44980000 - 0x00007ffd4498a000 	C:\WINDOWS\SYSTEM32\VERSION.dll
0x00007ffd4e680000 - 0x00007ffd4e6b1000 	C:\WINDOWS\System32\IMM32.DLL
0x00007ffd39570000 - 0x00007ffd3957c000 	C:\Program Files\Java\jdk-19\bin\vcruntime140_1.dll
0x00007ffd394e0000 - 0x00007ffd3956e000 	C:\Program Files\Java\jdk-19\bin\msvcp140.dll
0x00007ffccfb90000 - 0x00007ffcd0850000 	C:\Program Files\Java\jdk-19\bin\server\jvm.dll
0x00007ffd48010000 - 0x00007ffd48019000 	C:\WINDOWS\SYSTEM32\WSOCK32.dll
0x00007ffd4e600000 - 0x00007ffd4e671000 	C:\WINDOWS\System32\WS2_32.dll
0x00007ffd44c30000 - 0x00007ffd44c64000 	C:\WINDOWS\SYSTEM32\WINMM.dll
0x00007ffd4c090000 - 0x00007ffd4c0a8000 	C:\WINDOWS\SYSTEM32\kernel.appcore.dll
0x00007ffd394d0000 - 0x00007ffd394da000 	C:\Program Files\Java\jdk-19\bin\jimage.dll
0x00007ffd4a930000 - 0x00007ffd4ab63000 	C:\WINDOWS\SYSTEM32\DBGHELP.DLL
0x00007ffd4f020000 - 0x00007ffd4f3a8000 	C:\WINDOWS\System32\combase.dll
0x00007ffd4e390000 - 0x00007ffd4e467000 	C:\WINDOWS\System32\OLEAUT32.dll
0x00007ffd445b0000 - 0x00007ffd445e2000 	C:\WINDOWS\SYSTEM32\dbgcore.DLL
0x00007ffd4d6b0000 - 0x00007ffd4d729000 	C:\WINDOWS\System32\bcryptPrimitives.dll
0x00007ffd480d0000 - 0x00007ffd480de000 	C:\Program Files\Java\jdk-19\bin\instrument.dll
0x00007ffd394a0000 - 0x00007ffd394c6000 	C:\Program Files\Java\jdk-19\bin\java.dll
0x00007ffd393c0000 - 0x00007ffd39497000 	C:\Program Files\Java\jdk-19\bin\jsvml.dll
0x00007ffd4e7c0000 - 0x00007ffd4f01c000 	C:\WINDOWS\System32\SHELL32.dll
0x00007ffd4ae80000 - 0x00007ffd4b779000 	C:\WINDOWS\SYSTEM32\windows.storage.dll
0x00007ffd4ad40000 - 0x00007ffd4ae7e000 	C:\WINDOWS\SYSTEM32\wintypes.dll
0x00007ffd4d980000 - 0x00007ffd4da73000 	C:\WINDOWS\System32\SHCORE.dll
0x00007ffd4e570000 - 0x00007ffd4e5ce000 	C:\WINDOWS\System32\shlwapi.dll
0x00007ffd4ce90000 - 0x00007ffd4ceb1000 	C:\WINDOWS\SYSTEM32\profapi.dll
0x00007ffd391a0000 - 0x00007ffd391b8000 	C:\Program Files\Java\jdk-19\bin\zip.dll
0x00007ffd393a0000 - 0x00007ffd393b3000 	C:\Program Files\Java\jdk-19\bin\net.dll
0x00007ffd46830000 - 0x00007ffd46966000 	C:\WINDOWS\SYSTEM32\WINHTTP.dll
0x00007ffd4c500000 - 0x00007ffd4c569000 	C:\WINDOWS\system32\mswsock.dll
0x00007ffd391c0000 - 0x00007ffd391d6000 	C:\Program Files\Java\jdk-19\bin\nio.dll
0x00007ffd47ee0000 - 0x00007ffd47efa000 	C:\Program Files\JetBrains\IntelliJ IDEA 2022.1.2\bin\breakgen64.dll
0x00007ffd39190000 - 0x00007ffd39198000 	C:\Program Files\Java\jdk-19\bin\extnet.dll
0x0000000069ac0000 - 0x0000000069ae4000 	C:\Users\99293\AppData\Local\Temp\jansi-2.4.0-e779d6501bb9b76a-jansi.dll
0x00007ffd39160000 - 0x00007ffd39170000 	C:\Program Files\Java\jdk-19\bin\verify.dll

dbghelp: loaded successfully - version: 4.0.5 - missing functions: none
symbol engine: initialized successfully - sym options: 0x614 - pdb path: .;C:\Program Files\Java\jdk-19\bin;C:\WINDOWS\SYSTEM32;C:\WINDOWS\WinSxS\amd64_microsoft.windows.common-controls_6595b64144ccf1df_6.0.22621.3235_none_270f74e173860f98;C:\Program Files\Java\jdk-19\bin\server;C:\Program Files\JetBrains\IntelliJ IDEA 2022.1.2\bin;C:\Users\99293\AppData\Local\Temp

VM Arguments:
jvm_args: -Dmaven.multiModuleProjectDirectory=D:\unitedStates original storage\unitedStates duplicates original storage -Dmaven.home=C:\Users\99293\.m2\wrapper\dists\apache-maven-3.8.6-bin\1ks0nkde5v1pk9vtc31i9d0lcd\apache-maven-3.8.6 -Dclassworlds.conf=C:\Users\99293\.m2\wrapper\dists\apache-maven-3.8.6-bin\1ks0nkde5v1pk9vtc31i9d0lcd\apache-maven-3.8.6\bin\m2.conf -Dmaven.ext.class.path=C:\Program Files\JetBrains\IntelliJ IDEA 2022.1.2\plugins\maven\lib\maven-event-listener.jar -javaagent:C:\Program Files\JetBrains\IntelliJ IDEA 2022.1.2\lib\idea_rt.jar=64827:C:\Program Files\JetBrains\IntelliJ IDEA 2022.1.2\bin -Dfile.encoding=UTF-8 
java_command: org.codehaus.classworlds.Launcher -Didea.version=2022.1.2 package
java_class_path (initial): C:\Users\99293\.m2\wrapper\dists\apache-maven-3.8.6-bin\1ks0nkde5v1pk9vtc31i9d0lcd\apache-maven-3.8.6\boot\plexus-classworlds-2.6.0.jar;C:\Users\99293\.m2\wrapper\dists\apache-maven-3.8.6-bin\1ks0nkde5v1pk9vtc31i9d0lcd\apache-maven-3.8.6\boot\plexus-classworlds.license
Launcher Type: SUN_STANDARD

[Global flags]
     intx CICompilerCount                          = 12                                        {product} {ergonomic}
     uint ConcGCThreads                            = 3                                         {product} {ergonomic}
     uint G1ConcRefinementThreads                  = 13                                        {product} {ergonomic}
   size_t G1HeapRegionSize                         = 2097152                                   {product} {ergonomic}
    uintx GCDrainStackTargetSize                   = 64                                        {product} {ergonomic}
   size_t InitialHeapSize                          = 264241152                                 {product} {ergonomic}
   size_t MarkStackSize                            = 4194304                                   {product} {ergonomic}
   size_t MaxHeapSize                              = 4196401152                                {product} {ergonomic}
   size_t MaxNewSize                               = 2516582400                                {product} {ergonomic}
   size_t MinHeapDeltaBytes                        = 2097152                                   {product} {ergonomic}
   size_t MinHeapSize                              = 8388608                                   {product} {ergonomic}
    uintx NonNMethodCodeHeapSize                   = 7602480                                {pd product} {ergonomic}
    uintx NonProfiledCodeHeapSize                  = 122027880                              {pd product} {ergonomic}
    uintx ProfiledCodeHeapSize                     = 122027880                              {pd product} {ergonomic}
    uintx ReservedCodeCacheSize                    = 251658240                              {pd product} {ergonomic}
     bool SegmentedCodeCache                       = true                                      {product} {ergonomic}
   size_t SoftMaxHeapSize                          = 4196401152                             {manageable} {ergonomic}
     bool UseCompressedClassPointers               = true                           {product lp64_product} {ergonomic}
     bool UseCompressedOops                        = true                           {product lp64_product} {ergonomic}
     bool UseG1GC                                  = true                                      {product} {ergonomic}
     bool UseLargePagesIndividualAllocation        = false                                  {pd product} {ergonomic}

Logging:
Log output configuration:
 #0: stdout all=warning uptime,level,tags foldmultilines=false
 #1: stderr all=off uptime,level,tags foldmultilines=false

Environment Variables:
PATH=C:\Program Files\Common Files\Oracle\Java\javapath;C:\Windows\system32;C:\Windows;C:\Windows\System32\Wbem;C:\Windows\System32\WindowsPowerShell\v1.0\;C:\Windows\System32\OpenSSH\;C:\Program Files (x86)\NVIDIA Corporation\PhysX\Common;C:\Program Files\NVIDIA Corporation\NVIDIA NvDLISR;C:\Program Files\Git\cmd;C:\Program Files (x86)\dotnet\;%SystemRoot%\system32;%SystemRoot%;%SystemRoot%\System32\Wbem;%SYSTEMROOT%\System32\WindowsPowerShell\v1.0\;%SYSTEMROOT%\System32\OpenSSH\;C:\Users\99293\AppData\Local\Programs\Python\Python311\Scripts\;C:\Users\99293\AppData\Local\Programs\Python\Python311\;C:\Users\99293\AppData\Local\Microsoft\WindowsApps;;C:\Program Files\JetBrains\IntelliJ IDEA 2022.1.2\bin;;C:\Program Files\heroku\bin
USERNAME=ASUS
OS=Windows_NT
PROCESSOR_IDENTIFIER=Intel64 Family 6 Model 154 Stepping 3, GenuineIntel
TMP=C:\Users\99293\AppData\Local\Temp
TEMP=C:\Users\99293\AppData\Local\Temp



---------------  S Y S T E M  ---------------

OS:
 Windows 11 , 64 bit Build 22621 (10.0.22621.3374)
OS uptime: 0 days 2:56 hours
Hyper-V role detected

CPU: total 16 (initial active 16) (8 cores per cpu, 2 threads per core) family 6 model 154 stepping 3 microcode 0x41c, cx8, cmov, fxsr, ht, mmx, 3dnowpref, sse, sse2, sse3, ssse3, sse4.1, sse4.2, popcnt, lzcnt, tsc, tscinvbit, avx, avx2, aes, erms, clmul, bmi1, bmi2, adx, sha, fma, vzeroupper, clflush, clflushopt, clwb, hv, serialize, rdtscp, rdpid, fsrm

Memory: 4k page, system-wide physical 16005M (2695M free)
TotalPageFile size 18053M (AvailPageFile size 5M)
current process WorkingSet (physical memory assigned to process): 479M, peak: 479M
current process commit charge ("private bytes"): 523M, peak: 562M

vm_info: Java HotSpot(TM) 64-Bit Server VM (19.0.2+7-44) for windows-amd64 JRE (19.0.2+7-44), built on 2022-11-30T18:02:09Z by "mach5one" with MS VC++ 17.1 (VS2022)

END.
