#
# There is insufficient memory for the Java Runtime Environment to continue.
# Native memory allocation (malloc) failed to allocate 32744 bytes for Chunk::new
# Possible reasons:
#   The system is out of physical RAM or swap space
#   The process is running with CompressedOops enabled, and the Java Heap may be blocking the growth of the native heap
# Possible solutions:
#   Reduce memory load on the system
#   Increase physical memory or swap space
#   Check if swap backing store is full
#   Decrease Java heap size (-Xmx/-Xms)
#   Decrease number of Java threads
#   Decrease Java thread stack sizes (-Xss)
#   Set larger code cache with -XX:ReservedCodeCacheSize=
#   JVM is running with Zero Based Compressed Oops mode in which the Java heap is
#     placed in the first 32GB address space. The Java Heap base address is the
#     maximum limit for the native heap growth. Please use -XX:HeapBaseMinAddress
#     to set the Java Heap base and to place the Java Heap above 32GB virtual address.
# This output file may be truncated or incomplete.
#
#  Out of Memory Error (arena.cpp:184), pid=22940, tid=10108
#
# JRE version: Java(TM) SE Runtime Environment (19.0.2+7) (build 19.0.2+7-44)
# Java VM: Java HotSpot(TM) 64-Bit Server VM (19.0.2+7-44, mixed mode, sharing, tiered, compressed oops, compressed class ptrs, g1 gc, windows-amd64)
# No core dump will be written. Minidumps are not enabled by default on client versions of Windows
#

---------------  S U M M A R Y ------------

Command Line: -Dmaven.multiModuleProjectDirectory=D:\unitedStates_storage-master\unitedStates_storage -Dmaven.home=C:\Users\99293\.m2\wrapper\dists\apache-maven-3.8.6-bin\1ks0nkde5v1pk9vtc31i9d0lcd\apache-maven-3.8.6 -Dclassworlds.conf=C:\Users\99293\.m2\wrapper\dists\apache-maven-3.8.6-bin\1ks0nkde5v1pk9vtc31i9d0lcd\apache-maven-3.8.6\bin\m2.conf -Dmaven.ext.class.path=C:\Program Files\JetBrains\IntelliJ IDEA 2022.1.2\plugins\maven\lib\maven-event-listener.jar -javaagent:C:\Program Files\JetBrains\IntelliJ IDEA 2022.1.2\lib\idea_rt.jar=55658:C:\Program Files\JetBrains\IntelliJ IDEA 2022.1.2\bin -Dfile.encoding=UTF-8 org.codehaus.classworlds.Launcher -Didea.version=2022.1.2 package

Host: 12th Gen Intel(R) Core(TM) i7-12650H, 16 cores, 15G,  Windows 11 , 64 bit Build 22621 (10.0.22621.3672)
Time: Mon Aug 26 22:42:54 2024  Windows 11 , 64 bit Build 22621 (10.0.22621.3672) elapsed time: 8.219514 seconds (0d 0h 0m 8s)

---------------  T H R E A D  ---------------

Current thread (0x00000290d0feaea0):  JavaThread "C2 CompilerThread3" daemon [_thread_in_native, id=10108, stack(0x000000eda8f00000,0x000000eda9000000)]


Current CompileTask:
C2:   8219 11505   !   4       java.lang.ClassLoader::loadClass (121 bytes)

Stack: [0x000000eda8f00000,0x000000eda9000000]
Native frames: (J=compiled Java code, j=interpreted, Vv=VM code, C=native code)
V  [jvm.dll+0x6ee21a]
V  [jvm.dll+0x85765e]
V  [jvm.dll+0x85904e]
V  [jvm.dll+0x859703]
V  [jvm.dll+0x28298f]
V  [jvm.dll+0xc9adf]
V  [jvm.dll+0xc9e65]
V  [jvm.dll+0x3c174c]
V  [jvm.dll+0x3bb1ab]
V  [jvm.dll+0x1ee0df]
V  [jvm.dll+0x24c52b]
V  [jvm.dll+0x24b781]
V  [jvm.dll+0x1d6ce1]
V  [jvm.dll+0x25b25a]
V  [jvm.dll+0x2596e8]
V  [jvm.dll+0x807588]
V  [jvm.dll+0x80125a]
V  [jvm.dll+0x6ecf0b]
C  [ucrtbase.dll+0x29333]
C  [KERNEL32.DLL+0x1257d]
C  [ntdll.dll+0x5af28]


---------------  P R O C E S S  ---------------

Threads class SMR info:
_java_thread_list=0x00000290d6ed8a50, length=30, elements={
0x00000290a8570fc0, 0x00000290cc1ae4f0, 0x00000290cc1af020, 0x00000290cc1afb50,
0x00000290cc1b56b0, 0x00000290cc1b8350, 0x00000290cc1b8c80, 0x00000290cc1bedf0,
0x00000290cc1c1770, 0x00000290d0420480, 0x00000290cc185130, 0x00000290d0507fa0,
0x00000290d050e540, 0x00000290d050eac0, 0x00000290d05d0ed0, 0x00000290d05d1410,
0x00000290d09bae30, 0x00000290d0b878f0, 0x00000290d0feaea0, 0x00000290d6024060,
0x00000290d6022080, 0x00000290d60235c0, 0x00000290d6023b10, 0x00000290d60245b0,
0x00000290d60225d0, 0x00000290d94ff070, 0x00000290d94ff5c0, 0x00000290d94fe5d0,
0x00000290d9500060, 0x00000290d95005b0
}

Java Threads: ( => current thread )
  0x00000290a8570fc0 JavaThread "main" [_thread_in_native, id=7404, stack(0x000000eda7600000,0x000000eda7700000)]
  0x00000290cc1ae4f0 JavaThread "Reference Handler" daemon [_thread_blocked, id=3428, stack(0x000000eda7d00000,0x000000eda7e00000)]
  0x00000290cc1af020 JavaThread "Finalizer" daemon [_thread_blocked, id=17784, stack(0x000000eda7e00000,0x000000eda7f00000)]
  0x00000290cc1afb50 JavaThread "Signal Dispatcher" daemon [_thread_blocked, id=10124, stack(0x000000eda7f00000,0x000000eda8000000)]
  0x00000290cc1b56b0 JavaThread "Attach Listener" daemon [_thread_blocked, id=4452, stack(0x000000eda8000000,0x000000eda8100000)]
  0x00000290cc1b8350 JavaThread "Service Thread" daemon [_thread_blocked, id=3136, stack(0x000000eda8100000,0x000000eda8200000)]
  0x00000290cc1b8c80 JavaThread "Monitor Deflation Thread" daemon [_thread_blocked, id=17932, stack(0x000000eda8200000,0x000000eda8300000)]
  0x00000290cc1bedf0 JavaThread "C2 CompilerThread0" daemon [_thread_blocked, id=19388, stack(0x000000eda8300000,0x000000eda8400000)]
  0x00000290cc1c1770 JavaThread "C1 CompilerThread0" daemon [_thread_blocked, id=21708, stack(0x000000eda8400000,0x000000eda8500000)]
  0x00000290d0420480 JavaThread "Sweeper thread" daemon [_thread_blocked, id=1676, stack(0x000000eda8500000,0x000000eda8600000)]
  0x00000290cc185130 JavaThread "Common-Cleaner" daemon [_thread_blocked, id=19416, stack(0x000000eda8600000,0x000000eda8700000)]
  0x00000290d0507fa0 JavaThread "C1 CompilerThread1" daemon [_thread_blocked, id=8420, stack(0x000000eda8700000,0x000000eda8800000)]
  0x00000290d050e540 JavaThread "C1 CompilerThread2" daemon [_thread_blocked, id=11584, stack(0x000000eda8800000,0x000000eda8900000)]
  0x00000290d050eac0 JavaThread "C1 CompilerThread3" daemon [_thread_blocked, id=5300, stack(0x000000eda8900000,0x000000eda8a00000)]
  0x00000290d05d0ed0 JavaThread "Monitor Ctrl-Break" daemon [_thread_in_native, id=15980, stack(0x000000eda8a00000,0x000000eda8b00000)]
  0x00000290d05d1410 JavaThread "Notification Thread" daemon [_thread_blocked, id=14976, stack(0x000000eda8b00000,0x000000eda8c00000)]
  0x00000290d09bae30 JavaThread "C2 CompilerThread1" daemon [_thread_in_native, id=2924, stack(0x000000eda8d00000,0x000000eda8e00000)]
  0x00000290d0b878f0 JavaThread "C2 CompilerThread2" daemon [_thread_blocked, id=1980, stack(0x000000eda8e00000,0x000000eda8f00000)]
=>0x00000290d0feaea0 JavaThread "C2 CompilerThread3" daemon [_thread_in_native, id=10108, stack(0x000000eda8f00000,0x000000eda9000000)]
  0x00000290d6024060 JavaThread "resolver-1" daemon [_thread_blocked, id=14708, stack(0x000000eda9f00000,0x000000edaa000000)]
  0x00000290d6022080 JavaThread "resolver-2" daemon [_thread_blocked, id=20528, stack(0x000000edaa000000,0x000000edaa100000)]
  0x00000290d60235c0 JavaThread "resolver-3" daemon [_thread_blocked, id=3748, stack(0x000000edaa100000,0x000000edaa200000)]
  0x00000290d6023b10 JavaThread "resolver-4" daemon [_thread_blocked, id=7292, stack(0x000000edaa200000,0x000000edaa300000)]
  0x00000290d60245b0 JavaThread "resolver-5" daemon [_thread_blocked, id=13412, stack(0x000000edaa300000,0x000000edaa400000)]
  0x00000290d60225d0 JavaThread "timeout-check-timer" daemon [_thread_blocked, id=12056, stack(0x000000edaa400000,0x000000edaa500000)]
  0x00000290d94ff070 JavaThread "ping-timer-10s" daemon [_thread_blocked, id=23176, stack(0x000000edaa500000,0x000000edaa600000)]
  0x00000290d94ff5c0 JavaThread "ThreadedStreamConsumer" daemon [_thread_blocked, id=4172, stack(0x000000edaa600000,0x000000edaa700000)]
  0x00000290d94fe5d0 JavaThread "Thread-2" [_thread_blocked, id=5900, stack(0x000000edaa700000,0x000000edaa800000)]
  0x00000290d9500060 JavaThread "Thread-3" [_thread_in_native, id=9504, stack(0x000000edaa800000,0x000000edaa900000)]
  0x00000290d95005b0 JavaThread "Thread-4" [_thread_in_native, id=17816, stack(0x000000edaa900000,0x000000edaaa00000)]

Other Threads:
  0x00000290cc194470 VMThread "VM Thread" [stack: 0x000000eda7c00000,0x000000eda7d00000] [id=10084]
  0x00000290d05d2df0 WatcherThread "VM Periodic Task Thread" [stack: 0x000000eda8c00000,0x000000eda8d00000] [id=9444]
  0x00000290a85e2b70 WorkerThread "GC Thread#0" [stack: 0x000000eda7700000,0x000000eda7800000] [id=6032]
  0x00000290d0940d00 WorkerThread "GC Thread#1" [stack: 0x000000eda9100000,0x000000eda9200000] [id=9180]
  0x00000290d0941570 WorkerThread "GC Thread#2" [stack: 0x000000eda9200000,0x000000eda9300000] [id=12296]
  0x00000290d0941de0 WorkerThread "GC Thread#3" [stack: 0x000000eda9300000,0x000000eda9400000] [id=16888]
  0x00000290d0940490 WorkerThread "GC Thread#4" [stack: 0x000000eda9400000,0x000000eda9500000] [id=12044]
  0x00000290d09412a0 WorkerThread "GC Thread#5" [stack: 0x000000eda9500000,0x000000eda9600000] [id=2136]
  0x00000290d0940fd0 WorkerThread "GC Thread#6" [stack: 0x000000eda9600000,0x000000eda9700000] [id=10512]
  0x00000290d09401c0 WorkerThread "GC Thread#7" [stack: 0x000000eda9700000,0x000000eda9800000] [id=18440]
  0x00000290d1398530 WorkerThread "GC Thread#8" [stack: 0x000000eda9900000,0x000000eda9a00000] [id=12368]
  0x00000290d1398800 WorkerThread "GC Thread#9" [stack: 0x000000eda9a00000,0x000000eda9b00000] [id=6468]
  0x00000290d1395290 WorkerThread "GC Thread#10" [stack: 0x000000eda9b00000,0x000000eda9c00000] [id=17628]
  0x00000290d1397cc0 WorkerThread "GC Thread#11" [stack: 0x000000eda9000000,0x000000eda9100000] [id=16224]
  0x00000290d1398260 WorkerThread "GC Thread#12" [stack: 0x000000eda9800000,0x000000eda9900000] [id=21792]
  0x00000290a85f3680 ConcurrentGCThread "G1 Main Marker" [stack: 0x000000eda7800000,0x000000eda7900000] [id=21236]
  0x00000290a85f40b0 WorkerThread "G1 Conc#0" [stack: 0x000000eda7900000,0x000000eda7a00000] [id=19236]
  0x00000290d13960a0 WorkerThread "G1 Conc#1" [stack: 0x000000eda9c00000,0x000000eda9d00000] [id=13988]
  0x00000290d1394cf0 WorkerThread "G1 Conc#2" [stack: 0x000000eda9d00000,0x000000eda9e00000] [id=7516]
  0x00000290cc0525a0 ConcurrentGCThread "G1 Refine#0" [stack: 0x000000eda7a00000,0x000000eda7b00000] [id=13784]
  0x00000290cc052ff0 ConcurrentGCThread "G1 Service" [stack: 0x000000eda7b00000,0x000000eda7c00000] [id=8352]

Threads with active compile tasks:
C2 CompilerThread1     8229 11655       4       org.apache.maven.model.inheritance.DefaultInheritanceAssembler$InheritanceModelMerger::mergePluginContainer_Plugins (430 bytes)
C2 CompilerThread3     8229 11505   !   4       java.lang.ClassLoader::loadClass (121 bytes)

VM state: not at safepoint (normal execution)

VM Mutex/Monitor currently owned by a thread: None

Heap address: 0x0000000705e00000, size: 4002 MB, Compressed Oops mode: Zero based, Oop shift amount: 3

CDS archive(s) mapped at: [0x0000000800000000-0x0000000800c40000-0x0000000800c40000), size 12845056, SharedBaseAddress: 0x0000000800000000, ArchiveRelocationMode: 0.
Compressed class space mapped at: 0x0000000801000000-0x0000000841000000, reserved size: 1073741824
Narrow klass base: 0x0000000800000000, Narrow klass shift: 0, Narrow klass range: 0x100000000

GC Precious Log:
 CardTable entry size: 512
 Card Set container configuration: InlinePtr #cards 4 size 8 Array Of Cards #cards 16 size 48 Howl #buckets 8 coarsen threshold 3686 Howl Bitmap #cards 512 size 80 coarsen threshold 460 Card regions per heap region 1 cards per card region 4096
 CPUs: 16 total, 16 available
 Memory: 16005M
 Large Page Support: Disabled
 NUMA Support: Disabled
 Compressed Oops: Enabled (Zero based)
 Heap Region Size: 2M
 Heap Min Capacity: 8M
 Heap Initial Capacity: 252M
 Heap Max Capacity: 4002M
 Pre-touch: Disabled
 Parallel Workers: 13
 Concurrent Workers: 3
 Concurrent Refinement Workers: 13
 Periodic GC: Disabled

Heap:
 garbage-first heap   total 202752K, used 114080K [0x0000000705e00000, 0x0000000800000000)
  region size 2048K, 21 young (43008K), 4 survivors (8192K)
 Metaspace       used 35403K, committed 35968K, reserved 1114112K
  class space    used 3593K, committed 3904K, reserved 1048576K

Heap Regions: E=young(eden), S=young(survivor), O=old, HS=humongous(starts), HC=humongous(continues), CS=collection set, F=free, OA=open archive, CA=closed archive, TAMS=top-at-mark-start (previous, next)
|   0|0x0000000705e00000, 0x0000000706000000, 0x0000000706000000|100%| O|  |TAMS 0x0000000706000000, 0x0000000705e00000| Untracked 
|   1|0x0000000706000000, 0x0000000706200000, 0x0000000706200000|100%| O|  |TAMS 0x0000000706200000, 0x0000000706000000| Untracked 
|   2|0x0000000706200000, 0x0000000706400000, 0x0000000706400000|100%| O|  |TAMS 0x0000000706400000, 0x0000000706200000| Untracked 
|   3|0x0000000706400000, 0x0000000706600000, 0x0000000706600000|100%| O|  |TAMS 0x0000000706600000, 0x0000000706400000| Untracked 
|   4|0x0000000706600000, 0x0000000706800000, 0x0000000706800000|100%| O|  |TAMS 0x0000000706800000, 0x0000000706600000| Untracked 
|   5|0x0000000706800000, 0x0000000706a00000, 0x0000000706a00000|100%| O|  |TAMS 0x0000000706a00000, 0x0000000706800000| Untracked 
|   6|0x0000000706a00000, 0x0000000706c00000, 0x0000000706c00000|100%| O|  |TAMS 0x0000000706c00000, 0x0000000706a00000| Untracked 
|   7|0x0000000706c00000, 0x0000000706e00000, 0x0000000706e00000|100%| O|  |TAMS 0x0000000706e00000, 0x0000000706c00000| Untracked 
|   8|0x0000000706e00000, 0x0000000707000000, 0x0000000707000000|100%| O|  |TAMS 0x0000000707000000, 0x0000000706e00000| Untracked 
|   9|0x0000000707000000, 0x0000000707200000, 0x0000000707200000|100%| O|  |TAMS 0x0000000707200000, 0x0000000707000000| Untracked 
|  10|0x0000000707200000, 0x0000000707400000, 0x0000000707400000|100%| O|  |TAMS 0x0000000707200000, 0x0000000707200000| Untracked 
|  11|0x0000000707400000, 0x0000000707600000, 0x0000000707600000|100%| O|  |TAMS 0x00000007074dc608, 0x0000000707400000| Untracked 
|  12|0x0000000707600000, 0x0000000707800000, 0x0000000707800000|100%| O|  |TAMS 0x0000000707600000, 0x0000000707600000| Untracked 
|  13|0x0000000707800000, 0x0000000707a00000, 0x0000000707a00000|100%| O|  |TAMS 0x0000000707800000, 0x0000000707800000| Untracked 
|  14|0x0000000707a00000, 0x0000000707c00000, 0x0000000707c00000|100%| O|  |TAMS 0x0000000707a00000, 0x0000000707a00000| Untracked 
|  15|0x0000000707c00000, 0x0000000707e00000, 0x0000000707e00000|100%| O|  |TAMS 0x0000000707c00000, 0x0000000707c00000| Untracked 
|  16|0x0000000707e00000, 0x0000000708000000, 0x0000000708000000|100%| O|  |TAMS 0x0000000707e00000, 0x0000000707e00000| Untracked 
|  17|0x0000000708000000, 0x0000000708200000, 0x0000000708200000|100%| O|  |TAMS 0x0000000708000000, 0x0000000708000000| Untracked 
|  18|0x0000000708200000, 0x0000000708400000, 0x0000000708400000|100%| O|  |TAMS 0x0000000708200000, 0x0000000708200000| Untracked 
|  19|0x0000000708400000, 0x0000000708600000, 0x0000000708600000|100%| O|  |TAMS 0x0000000708400000, 0x0000000708400000| Untracked 
|  20|0x0000000708600000, 0x0000000708800000, 0x0000000708800000|100%|HS|  |TAMS 0x0000000708600000, 0x0000000708600000| Complete 
|  21|0x0000000708800000, 0x0000000708a00000, 0x0000000708a00000|100%|HC|  |TAMS 0x0000000708800000, 0x0000000708800000| Complete 
|  22|0x0000000708a00000, 0x0000000708c00000, 0x0000000708c00000|100%| O|  |TAMS 0x0000000708a00000, 0x0000000708a00000| Untracked 
|  23|0x0000000708c00000, 0x0000000708e00000, 0x0000000708e00000|100%| O|  |TAMS 0x0000000708c00000, 0x0000000708c00000| Untracked 
|  24|0x0000000708e00000, 0x0000000709000000, 0x0000000709000000|100%| O|  |TAMS 0x0000000708e00000, 0x0000000708e00000| Untracked 
|  25|0x0000000709000000, 0x0000000709200000, 0x0000000709200000|100%| O|  |TAMS 0x0000000709000000, 0x0000000709000000| Untracked 
|  26|0x0000000709200000, 0x0000000709400000, 0x0000000709400000|100%| O|  |TAMS 0x0000000709200000, 0x0000000709200000| Untracked 
|  27|0x0000000709400000, 0x0000000709600000, 0x0000000709600000|100%| O|  |TAMS 0x0000000709400000, 0x0000000709400000| Untracked 
|  28|0x0000000709600000, 0x0000000709800000, 0x0000000709800000|100%| O|  |TAMS 0x0000000709600000, 0x0000000709600000| Untracked 
|  29|0x0000000709800000, 0x0000000709a00000, 0x0000000709a00000|100%| O|  |TAMS 0x0000000709800000, 0x0000000709800000| Untracked 
|  30|0x0000000709a00000, 0x0000000709a00000, 0x0000000709c00000|  0%| F|  |TAMS 0x0000000709a00000, 0x0000000709a00000| Untracked 
|  31|0x0000000709c00000, 0x0000000709c00000, 0x0000000709e00000|  0%| F|  |TAMS 0x0000000709c00000, 0x0000000709c00000| Untracked 
|  32|0x0000000709e00000, 0x0000000709e00000, 0x000000070a000000|  0%| F|  |TAMS 0x0000000709e00000, 0x0000000709e00000| Untracked 
|  33|0x000000070a000000, 0x000000070a000000, 0x000000070a200000|  0%| F|  |TAMS 0x000000070a000000, 0x000000070a000000| Untracked 
|  34|0x000000070a200000, 0x000000070a200000, 0x000000070a400000|  0%| F|  |TAMS 0x000000070a200000, 0x000000070a200000| Untracked 
|  35|0x000000070a400000, 0x000000070a469800, 0x000000070a600000| 20%| O|  |TAMS 0x000000070a400000, 0x000000070a400000| Untracked 
|  36|0x000000070a600000, 0x000000070a600000, 0x000000070a800000|  0%| F|  |TAMS 0x000000070a600000, 0x000000070a600000| Untracked 
|  37|0x000000070a800000, 0x000000070a800000, 0x000000070aa00000|  0%| F|  |TAMS 0x000000070a800000, 0x000000070a800000| Untracked 
|  38|0x000000070aa00000, 0x000000070aa00000, 0x000000070ac00000|  0%| F|  |TAMS 0x000000070aa00000, 0x000000070aa00000| Untracked 
|  39|0x000000070ac00000, 0x000000070ac00000, 0x000000070ae00000|  0%| F|  |TAMS 0x000000070ac00000, 0x000000070ac00000| Untracked 
|  40|0x000000070ae00000, 0x000000070ae00000, 0x000000070b000000|  0%| F|  |TAMS 0x000000070ae00000, 0x000000070ae00000| Untracked 
|  41|0x000000070b000000, 0x000000070b000000, 0x000000070b200000|  0%| F|  |TAMS 0x000000070b000000, 0x000000070b000000| Untracked 
|  42|0x000000070b200000, 0x000000070b200000, 0x000000070b400000|  0%| F|  |TAMS 0x000000070b200000, 0x000000070b200000| Untracked 
|  43|0x000000070b400000, 0x000000070b400000, 0x000000070b600000|  0%| F|  |TAMS 0x000000070b400000, 0x000000070b400000| Untracked 
|  44|0x000000070b600000, 0x000000070b600000, 0x000000070b800000|  0%| F|  |TAMS 0x000000070b600000, 0x000000070b600000| Untracked 
|  45|0x000000070b800000, 0x000000070b800000, 0x000000070ba00000|  0%| F|  |TAMS 0x000000070b800000, 0x000000070b800000| Untracked 
|  46|0x000000070ba00000, 0x000000070ba00000, 0x000000070bc00000|  0%| F|  |TAMS 0x000000070ba00000, 0x000000070ba00000| Untracked 
|  47|0x000000070bc00000, 0x000000070bc00000, 0x000000070be00000|  0%| F|  |TAMS 0x000000070bc00000, 0x000000070bc00000| Untracked 
|  48|0x000000070be00000, 0x000000070be00000, 0x000000070c000000|  0%| F|  |TAMS 0x000000070be00000, 0x000000070be00000| Untracked 
|  49|0x000000070c000000, 0x000000070c000000, 0x000000070c200000|  0%| F|  |TAMS 0x000000070c000000, 0x000000070c000000| Untracked 
|  50|0x000000070c200000, 0x000000070c200000, 0x000000070c400000|  0%| F|  |TAMS 0x000000070c200000, 0x000000070c200000| Untracked 
|  51|0x000000070c400000, 0x000000070c400000, 0x000000070c600000|  0%| F|  |TAMS 0x000000070c400000, 0x000000070c400000| Untracked 
|  52|0x000000070c600000, 0x000000070c6feab0, 0x000000070c800000| 49%| S|CS|TAMS 0x000000070c600000, 0x000000070c600000| Complete 
|  53|0x000000070c800000, 0x000000070ca00000, 0x000000070ca00000|100%| S|CS|TAMS 0x000000070c800000, 0x000000070c800000| Complete 
|  54|0x000000070ca00000, 0x000000070cc00000, 0x000000070cc00000|100%| S|CS|TAMS 0x000000070ca00000, 0x000000070ca00000| Complete 
|  55|0x000000070cc00000, 0x000000070ce00000, 0x000000070ce00000|100%| S|CS|TAMS 0x000000070cc00000, 0x000000070cc00000| Complete 
|  56|0x000000070ce00000, 0x000000070ce00000, 0x000000070d000000|  0%| F|  |TAMS 0x000000070ce00000, 0x000000070ce00000| Untracked 
|  57|0x000000070d000000, 0x000000070d000000, 0x000000070d200000|  0%| F|  |TAMS 0x000000070d000000, 0x000000070d000000| Untracked 
|  58|0x000000070d200000, 0x000000070d200000, 0x000000070d400000|  0%| F|  |TAMS 0x000000070d200000, 0x000000070d200000| Untracked 
|  59|0x000000070d400000, 0x000000070d400000, 0x000000070d600000|  0%| F|  |TAMS 0x000000070d400000, 0x000000070d400000| Untracked 
|  60|0x000000070d600000, 0x000000070d600000, 0x000000070d800000|  0%| F|  |TAMS 0x000000070d600000, 0x000000070d600000| Untracked 
|  61|0x000000070d800000, 0x000000070d800000, 0x000000070da00000|  0%| F|  |TAMS 0x000000070d800000, 0x000000070d800000| Untracked 
|  62|0x000000070da00000, 0x000000070da00000, 0x000000070dc00000|  0%| F|  |TAMS 0x000000070da00000, 0x000000070da00000| Untracked 
|  63|0x000000070dc00000, 0x000000070dc00000, 0x000000070de00000|  0%| F|  |TAMS 0x000000070dc00000, 0x000000070dc00000| Untracked 
|  64|0x000000070de00000, 0x000000070de00000, 0x000000070e000000|  0%| F|  |TAMS 0x000000070de00000, 0x000000070de00000| Untracked 
|  65|0x000000070e000000, 0x000000070e000000, 0x000000070e200000|  0%| F|  |TAMS 0x000000070e000000, 0x000000070e000000| Untracked 
|  66|0x000000070e200000, 0x000000070e200000, 0x000000070e400000|  0%| F|  |TAMS 0x000000070e200000, 0x000000070e200000| Untracked 
|  67|0x000000070e400000, 0x000000070e400000, 0x000000070e600000|  0%| F|  |TAMS 0x000000070e400000, 0x000000070e400000| Untracked 
|  68|0x000000070e600000, 0x000000070e600000, 0x000000070e800000|  0%| F|  |TAMS 0x000000070e600000, 0x000000070e600000| Untracked 
|  69|0x000000070e800000, 0x000000070e800000, 0x000000070ea00000|  0%| F|  |TAMS 0x000000070e800000, 0x000000070e800000| Untracked 
|  70|0x000000070ea00000, 0x000000070ea00000, 0x000000070ec00000|  0%| F|  |TAMS 0x000000070ea00000, 0x000000070ea00000| Untracked 
|  71|0x000000070ec00000, 0x000000070ec00000, 0x000000070ee00000|  0%| F|  |TAMS 0x000000070ec00000, 0x000000070ec00000| Untracked 
|  72|0x000000070ee00000, 0x000000070ee00000, 0x000000070f000000|  0%| F|  |TAMS 0x000000070ee00000, 0x000000070ee00000| Untracked 
|  73|0x000000070f000000, 0x000000070f000000, 0x000000070f200000|  0%| F|  |TAMS 0x000000070f000000, 0x000000070f000000| Untracked 
|  74|0x000000070f200000, 0x000000070f200000, 0x000000070f400000|  0%| F|  |TAMS 0x000000070f200000, 0x000000070f200000| Untracked 
|  75|0x000000070f400000, 0x000000070f400000, 0x000000070f600000|  0%| F|  |TAMS 0x000000070f400000, 0x000000070f400000| Untracked 
|  76|0x000000070f600000, 0x000000070f6ddbb0, 0x000000070f800000| 43%| E|  |TAMS 0x000000070f600000, 0x000000070f600000| Complete 
|  77|0x000000070f800000, 0x000000070fa00000, 0x000000070fa00000|100%| E|CS|TAMS 0x000000070f800000, 0x000000070f800000| Complete 
|  78|0x000000070fa00000, 0x000000070fc00000, 0x000000070fc00000|100%| E|CS|TAMS 0x000000070fa00000, 0x000000070fa00000| Complete 
|  79|0x000000070fc00000, 0x000000070fe00000, 0x000000070fe00000|100%| E|CS|TAMS 0x000000070fc00000, 0x000000070fc00000| Complete 
|  80|0x000000070fe00000, 0x0000000710000000, 0x0000000710000000|100%| E|CS|TAMS 0x000000070fe00000, 0x000000070fe00000| Complete 
|  81|0x0000000710000000, 0x0000000710200000, 0x0000000710200000|100%| E|CS|TAMS 0x0000000710000000, 0x0000000710000000| Complete 
|  82|0x0000000710200000, 0x0000000710400000, 0x0000000710400000|100%| E|CS|TAMS 0x0000000710200000, 0x0000000710200000| Complete 
|  83|0x0000000710400000, 0x0000000710600000, 0x0000000710600000|100%| E|CS|TAMS 0x0000000710400000, 0x0000000710400000| Complete 
|  84|0x0000000710600000, 0x0000000710800000, 0x0000000710800000|100%| E|CS|TAMS 0x0000000710600000, 0x0000000710600000| Complete 
|  85|0x0000000710800000, 0x0000000710a00000, 0x0000000710a00000|100%| E|CS|TAMS 0x0000000710800000, 0x0000000710800000| Complete 
|  86|0x0000000710a00000, 0x0000000710c00000, 0x0000000710c00000|100%| E|CS|TAMS 0x0000000710a00000, 0x0000000710a00000| Complete 
|  87|0x0000000710c00000, 0x0000000710e00000, 0x0000000710e00000|100%| E|CS|TAMS 0x0000000710c00000, 0x0000000710c00000| Complete 
|  88|0x0000000710e00000, 0x0000000711000000, 0x0000000711000000|100%| E|CS|TAMS 0x0000000710e00000, 0x0000000710e00000| Complete 
|  89|0x0000000711000000, 0x0000000711200000, 0x0000000711200000|100%| E|CS|TAMS 0x0000000711000000, 0x0000000711000000| Complete 
|  90|0x0000000711200000, 0x0000000711400000, 0x0000000711400000|100%| E|CS|TAMS 0x0000000711200000, 0x0000000711200000| Complete 
|  91|0x0000000711400000, 0x0000000711600000, 0x0000000711600000|100%| E|CS|TAMS 0x0000000711400000, 0x0000000711400000| Complete 
| 125|0x0000000715800000, 0x0000000715a00000, 0x0000000715a00000|100%| E|CS|TAMS 0x0000000715800000, 0x0000000715800000| Complete 
|1995|0x00000007ff400000, 0x00000007ff600000, 0x00000007ff600000|100%| O|  |TAMS 0x00000007ff600000, 0x00000007ff400000| Untracked 
|1996|0x00000007ff600000, 0x00000007ff800000, 0x00000007ff800000|100%| O|  |TAMS 0x00000007ff800000, 0x00000007ff600000| Untracked 
|1997|0x00000007ff800000, 0x00000007ffa00000, 0x00000007ffa00000|100%| O|  |TAMS 0x00000007ffa00000, 0x00000007ff800000| Untracked 
|1998|0x00000007ffa00000, 0x00000007ffc00000, 0x00000007ffc00000|100%| O|  |TAMS 0x00000007ffc00000, 0x00000007ffa00000| Untracked 
|1999|0x00000007ffc00000, 0x00000007ffe00000, 0x00000007ffe00000|100%| O|  |TAMS 0x00000007ffe00000, 0x00000007ffc00000| Untracked 
|2000|0x00000007ffe00000, 0x0000000800000000, 0x0000000800000000|100%| O|  |TAMS 0x0000000800000000, 0x00000007ffe00000| Untracked 

Card table byte_map: [0x00000290c0530000,0x00000290c0d10000] _byte_map_base: 0x00000290bcd01000

Marking Bits (Prev, Next): (CMBitMap*) 0x00000290a85e31a0, (CMBitMap*) 0x00000290a85e31e0
 Prev Bits: [0x00000290c14f0000, 0x00000290c5378000)
 Next Bits: [0x00000290c5380000, 0x00000290c9208000)

Polling page: 0x00000290a6500000

Metaspace:

Usage:
  Non-class:     31.06 MB used.
      Class:      3.51 MB used.
       Both:     34.57 MB used.

Virtual space:
  Non-class space:       64.00 MB reserved,      31.31 MB ( 49%) committed,  1 nodes.
      Class space:        1.00 GB reserved,       3.81 MB ( <1%) committed,  1 nodes.
             Both:        1.06 GB reserved,      35.12 MB (  3%) committed. 

Chunk freelists:
   Non-Class:  3.95 MB
       Class:  207.00 KB
        Both:  4.15 MB

MaxMetaspaceSize: unlimited
CompressedClassSpaceSize: 1.00 GB
Initial GC threshold: 21.00 MB
Current GC threshold: 41.19 MB
CDS: on
MetaspaceReclaimPolicy: balanced
 - commit_granule_bytes: 65536.
 - commit_granule_words: 8192.
 - virtual_space_node_default_size: 8388608.
 - enlarge_chunks_in_place: 1.
 - new_chunks_are_fully_committed: 0.
 - uncommit_free_chunks: 1.
 - use_allocation_guard: 0.


Internal statistics:

num_allocs_failed_limit: 3.
num_arena_births: 782.
num_arena_deaths: 0.
num_vsnodes_births: 2.
num_vsnodes_deaths: 0.
num_space_committed: 562.
num_space_uncommitted: 0.
num_chunks_returned_to_freelist: 3.
num_chunks_taken_from_freelist: 2157.
num_chunk_merges: 3.
num_chunk_splits: 1494.
num_chunks_enlarged: 1048.
num_inconsistent_stats: 0.

CodeHeap 'non-profiled nmethods': size=119168Kb used=7839Kb max_used=7839Kb free=111328Kb
 bounds [0x00000290b8070000, 0x00000290b8820000, 0x00000290bf4d0000]
CodeHeap 'profiled nmethods': size=119104Kb used=21939Kb max_used=21939Kb free=97164Kb
 bounds [0x00000290b04d0000, 0x00000290b1a40000, 0x00000290b7920000]
CodeHeap 'non-nmethods': size=7488Kb used=3030Kb max_used=3180Kb free=4457Kb
 bounds [0x00000290b7920000, 0x00000290b7c40000, 0x00000290b8070000]
 total_blobs=10252 nmethods=9676 adapters=483
 compilation: enabled
              stopped_count=0, restarted_count=0
 full_count=0

Compilation events (20 events):
Event: 8.186 Thread 0x00000290d0507fa0 11760       3       java.io.BufferedReader::implReadLine (302 bytes)
Event: 8.186 Thread 0x00000290d050eac0 11761       3       org.apache.maven.surefire.util.internal.StringUtils::digit (33 bytes)
Event: 8.187 Thread 0x00000290d050eac0 nmethod 11761 0x00000290b1a38b90 code [0x00000290b1a38d40, 0x00000290b1a38f18]
Event: 8.187 Thread 0x00000290d0507fa0 nmethod 11760 0x00000290b1a38f90 code [0x00000290b1a39280, 0x00000290b1a3a318]
Event: 8.187 Thread 0x00000290cc1bedf0 11762       4       org.apache.maven.surefire.util.internal.StringUtils::digit (33 bytes)
Event: 8.188 Thread 0x00000290cc1bedf0 nmethod 11762 0x00000290b8816f90 code [0x00000290b8817100, 0x00000290b8817178]
Event: 8.188 Thread 0x00000290cc1c1770 11763       3       org.apache.maven.surefire.util.internal.StringUtils::unescapeString (130 bytes)
Event: 8.189 Thread 0x00000290cc1c1770 nmethod 11763 0x00000290b1a3aa10 code [0x00000290b1a3aca0, 0x00000290b1a3ba08]
Event: 8.210 Thread 0x00000290cc1c1770 11764       3       java.lang.System::lineSeparator (4 bytes)
Event: 8.210 Thread 0x00000290cc1c1770 nmethod 11764 0x00000290b0eec790 code [0x00000290b0eec920, 0x00000290b0eeca18]
Event: 8.210 Thread 0x00000290cc1c1770 11765   !   3       java.io.FileInputStream::available (24 bytes)
Event: 8.210 Thread 0x00000290d0507fa0 11766       1       sun.util.calendar.BaseCalendar$Date::getCachedJan1 (5 bytes)
Event: 8.211 Thread 0x00000290cc1c1770 nmethod 11765 0x00000290b1a3bd90 code [0x00000290b1a3bf60, 0x00000290b1a3c158]
Event: 8.211 Thread 0x00000290d0507fa0 nmethod 11766 0x00000290b8817290 code [0x00000290b8817420, 0x00000290b88174d8]
Event: 8.211 Thread 0x00000290d0507fa0 11767       3       java.util.Calendar::internalGet (7 bytes)
Event: 8.211 Thread 0x00000290d0507fa0 nmethod 11767 0x00000290b1a3c290 code [0x00000290b1a3c420, 0x00000290b1a3c558]
Event: 8.211 Thread 0x00000290cc1c1770 11768       3       java.util.Locale::hashCode (41 bytes)
Event: 8.211 Thread 0x00000290cc1c1770 nmethod 11768 0x00000290b1a3c610 code [0x00000290b1a3c7c0, 0x00000290b1a3c9d8]
Event: 8.212 Thread 0x00000290d050eac0 11769  s    3       java.lang.StringBuffer::append (13 bytes)
Event: 8.212 Thread 0x00000290d050eac0 nmethod 11769 0x00000290b1a3cb10 code [0x00000290b1a3ccc0, 0x00000290b1a3cee8]

GC Heap History (20 events):
Event: 4.391 GC heap before
{Heap before GC invocations=13 (full 0):
 garbage-first heap   total 129024K, used 91832K [0x0000000705e00000, 0x0000000800000000)
  region size 2048K, 21 young (43008K), 1 survivors (2048K)
 Metaspace       used 27676K, committed 28160K, reserved 1114112K
  class space    used 2868K, committed 3136K, reserved 1048576K
}
Event: 4.392 GC heap after
{Heap after GC invocations=14 (full 0):
 garbage-first heap   total 129024K, used 50825K [0x0000000705e00000, 0x0000000800000000)
  region size 2048K, 1 young (2048K), 1 survivors (2048K)
 Metaspace       used 27676K, committed 28160K, reserved 1114112K
  class space    used 2868K, committed 3136K, reserved 1048576K
}
Event: 4.549 GC heap before
{Heap before GC invocations=14 (full 0):
 garbage-first heap   total 129024K, used 93833K [0x0000000705e00000, 0x0000000800000000)
  region size 2048K, 22 young (45056K), 1 survivors (2048K)
 Metaspace       used 27996K, committed 28480K, reserved 1114112K
  class space    used 2925K, committed 3200K, reserved 1048576K
}
Event: 4.551 GC heap after
{Heap after GC invocations=15 (full 0):
 garbage-first heap   total 129024K, used 50939K [0x0000000705e00000, 0x0000000800000000)
  region size 2048K, 1 young (2048K), 1 survivors (2048K)
 Metaspace       used 27996K, committed 28480K, reserved 1114112K
  class space    used 2925K, committed 3200K, reserved 1048576K
}
Event: 4.692 GC heap before
{Heap before GC invocations=15 (full 0):
 garbage-first heap   total 129024K, used 95995K [0x0000000705e00000, 0x0000000800000000)
  region size 2048K, 23 young (47104K), 1 survivors (2048K)
 Metaspace       used 28408K, committed 28928K, reserved 1114112K
  class space    used 2962K, committed 3264K, reserved 1048576K
}
Event: 4.695 GC heap after
{Heap after GC invocations=16 (full 0):
 garbage-first heap   total 163840K, used 51834K [0x0000000705e00000, 0x0000000800000000)
  region size 2048K, 1 young (2048K), 1 survivors (2048K)
 Metaspace       used 28408K, committed 28928K, reserved 1114112K
  class space    used 2962K, committed 3264K, reserved 1048576K
}
Event: 4.798 GC heap before
{Heap before GC invocations=16 (full 0):
 garbage-first heap   total 163840K, used 123514K [0x0000000705e00000, 0x0000000800000000)
  region size 2048K, 37 young (75776K), 1 survivors (2048K)
 Metaspace       used 28571K, committed 29120K, reserved 1114112K
  class space    used 2967K, committed 3264K, reserved 1048576K
}
Event: 4.800 GC heap after
{Heap after GC invocations=17 (full 0):
 garbage-first heap   total 163840K, used 53043K [0x0000000705e00000, 0x0000000800000000)
  region size 2048K, 2 young (4096K), 2 survivors (4096K)
 Metaspace       used 28571K, committed 29120K, reserved 1114112K
  class space    used 2967K, committed 3264K, reserved 1048576K
}
Event: 4.932 GC heap before
{Heap before GC invocations=17 (full 0):
 garbage-first heap   total 163840K, used 128819K [0x0000000705e00000, 0x0000000800000000)
  region size 2048K, 39 young (79872K), 2 survivors (4096K)
 Metaspace       used 28644K, committed 29184K, reserved 1114112K
  class space    used 2971K, committed 3264K, reserved 1048576K
}
Event: 4.937 GC heap after
{Heap after GC invocations=18 (full 0):
 garbage-first heap   total 163840K, used 54409K [0x0000000705e00000, 0x0000000800000000)
  region size 2048K, 3 young (6144K), 3 survivors (6144K)
 Metaspace       used 28644K, committed 29184K, reserved 1114112K
  class space    used 2971K, committed 3264K, reserved 1048576K
}
Event: 5.054 GC heap before
{Heap before GC invocations=18 (full 0):
 garbage-first heap   total 163840K, used 130185K [0x0000000705e00000, 0x0000000800000000)
  region size 2048K, 40 young (81920K), 3 survivors (6144K)
 Metaspace       used 28768K, committed 29312K, reserved 1114112K
  class space    used 2971K, committed 3264K, reserved 1048576K
}
Event: 5.059 GC heap after
{Heap after GC invocations=19 (full 0):
 garbage-first heap   total 163840K, used 54632K [0x0000000705e00000, 0x0000000800000000)
  region size 2048K, 3 young (6144K), 3 survivors (6144K)
 Metaspace       used 28768K, committed 29312K, reserved 1114112K
  class space    used 2971K, committed 3264K, reserved 1048576K
}
Event: 5.745 GC heap before
{Heap before GC invocations=19 (full 0):
 garbage-first heap   total 163840K, used 132456K [0x0000000705e00000, 0x0000000800000000)
  region size 2048K, 41 young (83968K), 3 survivors (6144K)
 Metaspace       used 31188K, committed 31744K, reserved 1114112K
  class space    used 3231K, committed 3520K, reserved 1048576K
}
Event: 5.751 GC heap after
{Heap after GC invocations=20 (full 0):
 garbage-first heap   total 202752K, used 55840K [0x0000000705e00000, 0x0000000800000000)
  region size 2048K, 3 young (6144K), 3 survivors (6144K)
 Metaspace       used 31188K, committed 31744K, reserved 1114112K
  class space    used 3231K, committed 3520K, reserved 1048576K
}
Event: 6.375 GC heap before
{Heap before GC invocations=20 (full 0):
 garbage-first heap   total 202752K, used 170528K [0x0000000705e00000, 0x0000000800000000)
  region size 2048K, 57 young (116736K), 3 survivors (6144K)
 Metaspace       used 31731K, committed 32320K, reserved 1114112K
  class space    used 3241K, committed 3520K, reserved 1048576K
}
Event: 6.382 GC heap after
{Heap after GC invocations=21 (full 0):
 garbage-first heap   total 202752K, used 62074K [0x0000000705e00000, 0x0000000800000000)
  region size 2048K, 4 young (8192K), 4 survivors (8192K)
 Metaspace       used 31731K, committed 32320K, reserved 1114112K
  class space    used 3241K, committed 3520K, reserved 1048576K
}
Event: 7.082 GC heap before
{Heap before GC invocations=21 (full 0):
 garbage-first heap   total 202752K, used 168570K [0x0000000705e00000, 0x0000000800000000)
  region size 2048K, 56 young (114688K), 4 survivors (8192K)
 Metaspace       used 32011K, committed 32640K, reserved 1114112K
  class space    used 3255K, committed 3584K, reserved 1048576K
}
Event: 7.092 GC heap after
{Heap after GC invocations=22 (full 0):
 garbage-first heap   total 202752K, used 78460K [0x0000000705e00000, 0x0000000800000000)
  region size 2048K, 7 young (14336K), 7 survivors (14336K)
 Metaspace       used 32011K, committed 32640K, reserved 1114112K
  class space    used 3255K, committed 3584K, reserved 1048576K
}
Event: 7.645 GC heap before
{Heap before GC invocations=22 (full 0):
 garbage-first heap   total 202752K, used 154236K [0x0000000705e00000, 0x0000000800000000)
  region size 2048K, 44 young (90112K), 7 survivors (14336K)
 Metaspace       used 33439K, committed 34048K, reserved 1114112K
  class space    used 3411K, committed 3712K, reserved 1048576K
}
Event: 7.655 GC heap after
{Heap after GC invocations=23 (full 0):
 garbage-first heap   total 202752K, used 81312K [0x0000000705e00000, 0x0000000800000000)
  region size 2048K, 4 young (8192K), 4 survivors (8192K)
 Metaspace       used 33439K, committed 34048K, reserved 1114112K
  class space    used 3411K, committed 3712K, reserved 1048576K
}

Dll operation events (12 events):
Event: 0.012 Loaded shared library C:\Program Files\Java\jdk-19\bin\java.dll
Event: 0.019 Loaded shared library C:\Program Files\Java\jdk-19\bin\jsvml.dll
Event: 0.051 Loaded shared library C:\Program Files\Java\jdk-19\bin\zip.dll
Event: 0.056 Loaded shared library C:\Program Files\Java\jdk-19\bin\instrument.dll
Event: 0.059 Loaded shared library C:\Program Files\Java\jdk-19\bin\net.dll
Event: 0.060 Loaded shared library C:\Program Files\Java\jdk-19\bin\nio.dll
Event: 0.062 Loaded shared library C:\Program Files\Java\jdk-19\bin\zip.dll
Event: 0.074 Loaded shared library C:\Program Files\JetBrains\IntelliJ IDEA 2022.1.2\bin\breakgen64.dll
Event: 0.079 Loaded shared library C:\Program Files\Java\jdk-19\bin\extnet.dll
Event: 0.128 Loaded shared library C:\Program Files\Java\jdk-19\bin\jimage.dll
Event: 0.178 Loaded shared library C:\Users\99293\AppData\Local\Temp\jansi-2.4.0-7cce2169e1332477-jansi.dll
Event: 0.184 Loaded shared library C:\Program Files\Java\jdk-19\bin\verify.dll

Deoptimization events (20 events):
Event: 8.208 Thread 0x00000290d94ff5c0 Uncommon trap: trap_request=0xffffffc6 fr.pc=0x00000290b856053c relative=0x000000000000019c
Event: 8.208 Thread 0x00000290d94ff5c0 Uncommon trap: reason=bimorphic_or_optimized_type_check action=maybe_recompile pc=0x00000290b856053c method=java.util.stream.AbstractPipeline.<init>(Ljava/util/stream/AbstractPipeline;I)V @ 66 c2
Event: 8.208 Thread 0x00000290d94ff5c0 DEOPT PACKING pc=0x00000290b856053c sp=0x000000edaa6fea70
Event: 8.208 Thread 0x00000290d94ff5c0 DEOPT UNPACKING pc=0x00000290b7986da3 sp=0x000000edaa6fea50 mode 2
Event: 8.208 Thread 0x00000290d94ff5c0 Uncommon trap: trap_request=0xffffffc6 fr.pc=0x00000290b8635e0c relative=0x0000000000000bac
Event: 8.208 Thread 0x00000290d94ff5c0 Uncommon trap: reason=bimorphic_or_optimized_type_check action=maybe_recompile pc=0x00000290b8635e0c method=java.util.stream.AbstractPipeline.wrapSink(Ljava/util/stream/Sink;)Ljava/util/stream/Sink; @ 23 c2
Event: 8.208 Thread 0x00000290d94ff5c0 DEOPT PACKING pc=0x00000290b8635e0c sp=0x000000edaa6feb30
Event: 8.208 Thread 0x00000290d94ff5c0 DEOPT UNPACKING pc=0x00000290b7986da3 sp=0x000000edaa6fea90 mode 2
Event: 8.208 Thread 0x00000290d94ff5c0 Uncommon trap: trap_request=0xffffffc6 fr.pc=0x00000290b862bf40 relative=0x0000000000000800
Event: 8.208 Thread 0x00000290d94ff5c0 Uncommon trap: reason=bimorphic_or_optimized_type_check action=maybe_recompile pc=0x00000290b862bf40 method=java.util.stream.AbstractPipeline.copyIntoWithCancel(Ljava/util/stream/Sink;Ljava/util/Spliterator;)Z @ 19 c2
Event: 8.208 Thread 0x00000290d94ff5c0 DEOPT PACKING pc=0x00000290b862bf40 sp=0x000000edaa6feac0
Event: 8.208 Thread 0x00000290d94ff5c0 DEOPT UNPACKING pc=0x00000290b7986da3 sp=0x000000edaa6fea18 mode 2
Event: 8.208 Thread 0x00000290d94ff5c0 Uncommon trap: trap_request=0xffffffc6 fr.pc=0x00000290b8353ef0 relative=0x00000000000003b0
Event: 8.208 Thread 0x00000290d94ff5c0 Uncommon trap: reason=bimorphic_or_optimized_type_check action=maybe_recompile pc=0x00000290b8353ef0 method=java.util.stream.AbstractPipeline.wrapSink(Ljava/util/stream/Sink;)Ljava/util/stream/Sink; @ 23 c2
Event: 8.208 Thread 0x00000290d94ff5c0 DEOPT PACKING pc=0x00000290b8353ef0 sp=0x000000edaa6feac0
Event: 8.208 Thread 0x00000290d94ff5c0 DEOPT UNPACKING pc=0x00000290b7986da3 sp=0x000000edaa6fea88 mode 2
Event: 8.208 Thread 0x00000290d94ff5c0 Uncommon trap: trap_request=0xffffffc6 fr.pc=0x00000290b862bf40 relative=0x0000000000000800
Event: 8.208 Thread 0x00000290d94ff5c0 Uncommon trap: reason=bimorphic_or_optimized_type_check action=maybe_recompile pc=0x00000290b862bf40 method=java.util.stream.AbstractPipeline.copyIntoWithCancel(Ljava/util/stream/Sink;Ljava/util/Spliterator;)Z @ 19 c2
Event: 8.208 Thread 0x00000290d94ff5c0 DEOPT PACKING pc=0x00000290b862bf40 sp=0x000000edaa6feac0
Event: 8.208 Thread 0x00000290d94ff5c0 DEOPT UNPACKING pc=0x00000290b7986da3 sp=0x000000edaa6fea18 mode 2

Classes loaded (20 events):
Event: 7.911 Loading class java/lang/IllegalThreadStateException
Event: 7.911 Loading class java/lang/IllegalThreadStateException done
Event: 7.911 Loading class java/lang/ProcessBuilder
Event: 7.912 Loading class java/lang/ProcessBuilder done
Event: 7.912 Loading class java/lang/ProcessImpl
Event: 7.912 Loading class java/lang/Process
Event: 7.912 Loading class java/lang/Process done
Event: 7.912 Loading class java/lang/ProcessImpl done
Event: 7.922 Loading class java/lang/ProcessImpl$2
Event: 7.922 Loading class java/lang/ProcessImpl$2 done
Event: 7.922 Loading class java/lang/Process$PipeInputStream
Event: 7.922 Loading class java/lang/Process$PipeInputStream done
Event: 7.923 Loading class jdk/internal/event/ProcessStartEvent
Event: 7.923 Loading class jdk/internal/event/Event
Event: 7.923 Loading class jdk/internal/event/Event done
Event: 7.923 Loading class jdk/internal/event/ProcessStartEvent done
Event: 8.209 Loading class java/lang/Throwable$WrappedPrintWriter
Event: 8.209 Loading class java/lang/Throwable$PrintStreamOrWriter
Event: 8.209 Loading class java/lang/Throwable$PrintStreamOrWriter done
Event: 8.209 Loading class java/lang/Throwable$WrappedPrintWriter done

Classes unloaded (0 events):
No events

Classes redefined (0 events):
No events

Internal exceptions (20 events):
Event: 7.482 Thread 0x00000290a8570fc0 Exception <a 'sun/nio/fs/WindowsException'{0x000000070e5c5258}> (0x000000070e5c5258) 
thrown [s\open\src\hotspot\share\prims\jni.cpp, line 517]
Event: 7.482 Thread 0x00000290a8570fc0 Exception <a 'sun/nio/fs/WindowsException'{0x000000070e5c5640}> (0x000000070e5c5640) 
thrown [s\open\src\hotspot\share\prims\jni.cpp, line 517]
Event: 7.483 Thread 0x00000290a8570fc0 Exception <a 'sun/nio/fs/WindowsException'{0x000000070e5c66a0}> (0x000000070e5c66a0) 
thrown [s\open\src\hotspot\share\prims\jni.cpp, line 517]
Event: 7.483 Thread 0x00000290a8570fc0 Exception <a 'sun/nio/fs/WindowsException'{0x000000070e5c69f0}> (0x000000070e5c69f0) 
thrown [s\open\src\hotspot\share\prims\jni.cpp, line 517]
Event: 7.501 Thread 0x00000290a8570fc0 Exception <a 'sun/nio/fs/WindowsException'{0x000000070de6a578}> (0x000000070de6a578) 
thrown [s\open\src\hotspot\share\prims\jni.cpp, line 517]
Event: 7.503 Thread 0x00000290a8570fc0 Exception <a 'sun/nio/fs/WindowsException'{0x000000070de7f400}> (0x000000070de7f400) 
thrown [s\open\src\hotspot\share\prims\jni.cpp, line 517]
Event: 7.504 Thread 0x00000290a8570fc0 Exception <a 'sun/nio/fs/WindowsException'{0x000000070de95ee0}> (0x000000070de95ee0) 
thrown [s\open\src\hotspot\share\prims\jni.cpp, line 517]
Event: 7.513 Thread 0x00000290a8570fc0 Exception <a 'sun/nio/fs/WindowsException'{0x000000070dfe17a8}> (0x000000070dfe17a8) 
thrown [s\open\src\hotspot\share\prims\jni.cpp, line 517]
Event: 7.513 Thread 0x00000290a8570fc0 Exception <a 'sun/nio/fs/WindowsException'{0x000000070dfe1e48}> (0x000000070dfe1e48) 
thrown [s\open\src\hotspot\share\prims\jni.cpp, line 517]
Event: 7.513 Thread 0x00000290a8570fc0 Exception <a 'sun/nio/fs/WindowsException'{0x000000070dfe25d8}> (0x000000070dfe25d8) 
thrown [s\open\src\hotspot\share\prims\jni.cpp, line 517]
Event: 7.545 Thread 0x00000290a8570fc0 Implicit null exception at 0x00000290b828260a to 0x00000290b8286854
Event: 7.545 Thread 0x00000290a8570fc0 Implicit null exception at 0x00000290b827b816 to 0x00000290b827ca68
Event: 7.753 Thread 0x00000290a8570fc0 Exception <a 'java/lang/NoSuchMethodError'{0x0000000710eaa610}: 'java.lang.String org.apache.maven.execution.MavenExecutionRequest.getFailureBehavior()'> (0x0000000710eaa610) 
thrown [s\open\src\hotspot\share\interpreter\linkResolver.cpp, line 870]
Event: 7.755 Thread 0x00000290d6024060 Exception <a 'java/lang/NoSuchMethodError'{0x000000071113bd80}: 'java.lang.Object java.lang.invoke.DirectMethodHandle$Holder.invokeStatic(java.lang.Object, long, java.lang.Object)'> (0x000000071113bd80) 
thrown [s\open\src\hotspot\share\interpreter\linkResolver.cpp, line 774]
Event: 7.755 Thread 0x00000290d6024060 Exception <a 'java/lang/NoSuchMethodError'{0x000000071113f3d0}: 'java.lang.Object java.lang.invoke.DirectMethodHandle$Holder.invokeStaticInit(java.lang.Object, long, java.lang.Object)'> (0x000000071113f3d0) 
thrown [s\open\src\hotspot\share\interpreter\linkResolver.cpp, line 774]
Event: 7.755 Thread 0x00000290d6024060 Exception <a 'java/lang/NoSuchMethodError'{0x0000000711145020}: 'java.lang.Object java.lang.invoke.DirectMethodHandle$Holder.newInvokeSpecial(java.lang.Object, long)'> (0x0000000711145020) 
thrown [s\open\src\hotspot\share\interpreter\linkResolver.cpp, line 774]
Event: 7.756 Thread 0x00000290d6024060 Exception <a 'java/lang/NoSuchMethodError'{0x0000000711149858}: 'long java.lang.invoke.DirectMethodHandle$Holder.invokeInterface(java.lang.Object, java.lang.Object)'> (0x0000000711149858) 
thrown [s\open\src\hotspot\share\interpreter\linkResolver.cpp, line 774]
Event: 7.756 Thread 0x00000290d6024060 Exception <a 'java/lang/NoSuchMethodError'{0x0000000710f04648}: 'long java.lang.invoke.DelegatingMethodHandle$Holder.reinvoke_L(java.lang.Object, java.lang.Object)'> (0x0000000710f04648) 
thrown [s\open\src\hotspot\share\interpreter\linkResolver.cpp, line 774]
Event: 7.793 Thread 0x00000290a8570fc0 Exception <a 'java/lang/NoSuchMethodError'{0x0000000710c6fb20}: 'java.lang.Object java.lang.invoke.DirectMethodHandle$Holder.invokeStaticInit(java.lang.Object, java.lang.Object, int, int, int, int)'> (0x0000000710c6fb20) 
thrown [s\open\src\hotspot\share\interpreter\linkResolver.cpp, line 774]
Event: 7.921 Thread 0x00000290a8570fc0 Exception <a 'java/lang/NoSuchMethodError'{0x000000070f9a33c0}: 'void java.lang.invoke.DirectMethodHandle$Holder.invokeStatic(java.lang.Object, long)'> (0x000000070f9a33c0) 
thrown [s\open\src\hotspot\share\interpreter\linkResolver.cpp, line 774]

VM Operations (20 events):
Event: 6.375 Executing VM operation: G1CollectForAllocation
Event: 6.382 Executing VM operation: G1CollectForAllocation done
Event: 6.539 Executing VM operation: ICBufferFull
Event: 6.539 Executing VM operation: ICBufferFull done
Event: 6.623 Executing VM operation: HandshakeAllThreads
Event: 6.623 Executing VM operation: HandshakeAllThreads done
Event: 7.081 Executing VM operation: G1CollectForAllocation
Event: 7.092 Executing VM operation: G1CollectForAllocation done
Event: 7.280 Executing VM operation: HandshakeAllThreads
Event: 7.280 Executing VM operation: HandshakeAllThreads done
Event: 7.471 Executing VM operation: ICBufferFull
Event: 7.471 Executing VM operation: ICBufferFull done
Event: 7.645 Executing VM operation: G1CollectForAllocation
Event: 7.655 Executing VM operation: G1CollectForAllocation done
Event: 7.735 Executing VM operation: HandshakeAllThreads
Event: 7.735 Executing VM operation: HandshakeAllThreads done
Event: 7.889 Executing VM operation: HandshakeAllThreads
Event: 7.889 Executing VM operation: HandshakeAllThreads done
Event: 7.923 Executing VM operation: HandshakeAllThreads
Event: 7.923 Executing VM operation: HandshakeAllThreads done

Events (20 events):
Event: 7.292 Thread 0x00000290d0420480 flushing nmethod 0x00000290b1835b10
Event: 7.292 Thread 0x00000290d0420480 flushing nmethod 0x00000290b1836290
Event: 7.292 Thread 0x00000290d0420480 flushing nmethod 0x00000290b1969790
Event: 7.292 Thread 0x00000290d0420480 flushing nmethod 0x00000290b197de90
Event: 7.446 Thread 0x00000290d28b2170 Thread exited: 0x00000290d28b2170
Event: 7.455 Thread 0x00000290d28b1be0 Thread exited: 0x00000290d28b1be0
Event: 7.736 Thread 0x00000290d6024060 Thread added: 0x00000290d6024060
Event: 7.756 Thread 0x00000290d6024060 Thread exited: 0x00000290d6024060
Event: 7.827 Thread 0x00000290d6024060 Thread added: 0x00000290d6024060
Event: 7.827 Thread 0x00000290d6022080 Thread added: 0x00000290d6022080
Event: 7.827 Thread 0x00000290d60235c0 Thread added: 0x00000290d60235c0
Event: 7.872 Thread 0x00000290d6023b10 Thread added: 0x00000290d6023b10
Event: 7.872 Thread 0x00000290d60245b0 Thread added: 0x00000290d60245b0
Event: 7.885 Thread 0x00000290d60225d0 Thread added: 0x00000290d60225d0
Event: 7.887 Thread 0x00000290d94ff070 Thread added: 0x00000290d94ff070
Event: 7.909 Thread 0x00000290d94ff5c0 Thread added: 0x00000290d94ff5c0
Event: 7.925 Thread 0x00000290d94fe5d0 Thread added: 0x00000290d94fe5d0
Event: 7.925 Thread 0x00000290d9500060 Thread added: 0x00000290d9500060
Event: 7.925 Thread 0x00000290d95005b0 Thread added: 0x00000290d95005b0
Event: 8.186 Thread 0x00000290d28b3d40 Thread exited: 0x00000290d28b3d40


Dynamic libraries:
0x00007ff6df8b0000 - 0x00007ff6df8c0000 	C:\Program Files\Java\jdk-19\bin\java.exe
0x00007ff8828f0000 - 0x00007ff882b07000 	C:\WINDOWS\SYSTEM32\ntdll.dll
0x00007ff881ca0000 - 0x00007ff881d64000 	C:\WINDOWS\System32\KERNEL32.DLL
0x00007ff87ffc0000 - 0x00007ff88036d000 	C:\WINDOWS\System32\KERNELBASE.dll
0x00007ff87fea0000 - 0x00007ff87ffb1000 	C:\WINDOWS\System32\ucrtbase.dll
0x00007ff85dc20000 - 0x00007ff85dc38000 	C:\Program Files\Java\jdk-19\bin\jli.dll
0x00007ff8808e0000 - 0x00007ff880992000 	C:\WINDOWS\System32\ADVAPI32.dll
0x00007ff881d70000 - 0x00007ff881e17000 	C:\WINDOWS\System32\msvcrt.dll
0x00007ff866d70000 - 0x00007ff866d8b000 	C:\Program Files\Java\jdk-19\bin\VCRUNTIME140.dll
0x00007ff881be0000 - 0x00007ff881c89000 	C:\WINDOWS\System32\sechost.dll
0x00007ff87fd10000 - 0x00007ff87fd38000 	C:\WINDOWS\System32\bcrypt.dll
0x00007ff881160000 - 0x00007ff881274000 	C:\WINDOWS\System32\RPCRT4.dll
0x00007ff8809a0000 - 0x00007ff880b4e000 	C:\WINDOWS\System32\USER32.dll
0x00007ff8805d0000 - 0x00007ff8805f6000 	C:\WINDOWS\System32\win32u.dll
0x00007ff881130000 - 0x00007ff881159000 	C:\WINDOWS\System32\GDI32.dll
0x00007ff87fbf0000 - 0x00007ff87fd09000 	C:\WINDOWS\System32\gdi32full.dll
0x00007ff87fd40000 - 0x00007ff87fdda000 	C:\WINDOWS\System32\msvcp_win.dll
0x00007ff868c10000 - 0x00007ff868ea3000 	C:\WINDOWS\WinSxS\amd64_microsoft.windows.common-controls_6595b64144ccf1df_6.0.22621.3672_none_2713b9d173822955\COMCTL32.dll
0x00007ff8774b0000 - 0x00007ff8774ba000 	C:\WINDOWS\SYSTEM32\VERSION.dll
0x00007ff880b50000 - 0x00007ff880b81000 	C:\WINDOWS\System32\IMM32.DLL
0x00007ff85dc10000 - 0x00007ff85dc1c000 	C:\Program Files\Java\jdk-19\bin\vcruntime140_1.dll
0x00007ff83e3d0000 - 0x00007ff83e45e000 	C:\Program Files\Java\jdk-19\bin\msvcp140.dll
0x00007ff83d710000 - 0x00007ff83e3d0000 	C:\Program Files\Java\jdk-19\bin\server\jvm.dll
0x00007ff879b30000 - 0x00007ff879b39000 	C:\WINDOWS\SYSTEM32\WSOCK32.dll
0x00007ff880600000 - 0x00007ff880671000 	C:\WINDOWS\System32\WS2_32.dll
0x00007ff8798d0000 - 0x00007ff879904000 	C:\WINDOWS\SYSTEM32\WINMM.dll
0x00007ff87ed10000 - 0x00007ff87ed28000 	C:\WINDOWS\SYSTEM32\kernel.appcore.dll
0x00007ff85dc00000 - 0x00007ff85dc0a000 	C:\Program Files\Java\jdk-19\bin\jimage.dll
0x00007ff87cf60000 - 0x00007ff87d192000 	C:\WINDOWS\SYSTEM32\DBGHELP.DLL
0x00007ff882070000 - 0x00007ff8823f8000 	C:\WINDOWS\System32\combase.dll
0x00007ff880f20000 - 0x00007ff880ff7000 	C:\WINDOWS\System32\OLEAUT32.dll
0x00007ff877260000 - 0x00007ff877292000 	C:\WINDOWS\SYSTEM32\dbgcore.DLL
0x00007ff880370000 - 0x00007ff8803eb000 	C:\WINDOWS\System32\bcryptPrimitives.dll
0x00007ff8798c0000 - 0x00007ff8798ce000 	C:\Program Files\Java\jdk-19\bin\instrument.dll
0x00007ff84a330000 - 0x00007ff84a356000 	C:\Program Files\Java\jdk-19\bin\java.dll
0x00007ff83d630000 - 0x00007ff83d707000 	C:\Program Files\Java\jdk-19\bin\jsvml.dll
0x00007ff881280000 - 0x00007ff881adf000 	C:\WINDOWS\System32\SHELL32.dll
0x00007ff87db00000 - 0x00007ff87e3fc000 	C:\WINDOWS\SYSTEM32\windows.storage.dll
0x00007ff87d9c0000 - 0x00007ff87daff000 	C:\WINDOWS\SYSTEM32\wintypes.dll
0x00007ff881ae0000 - 0x00007ff881bd4000 	C:\WINDOWS\System32\SHCORE.dll
0x00007ff8806b0000 - 0x00007ff88070e000 	C:\WINDOWS\System32\shlwapi.dll
0x00007ff87fb20000 - 0x00007ff87fb41000 	C:\WINDOWS\SYSTEM32\profapi.dll
0x00007ff83d390000 - 0x00007ff83d3a8000 	C:\Program Files\Java\jdk-19\bin\zip.dll
0x00007ff83d3d0000 - 0x00007ff83d3e3000 	C:\Program Files\Java\jdk-19\bin\net.dll
0x00007ff87b3f0000 - 0x00007ff87b526000 	C:\WINDOWS\SYSTEM32\WINHTTP.dll
0x00007ff87f180000 - 0x00007ff87f1e9000 	C:\WINDOWS\system32\mswsock.dll
0x00007ff83d3b0000 - 0x00007ff83d3c6000 	C:\Program Files\Java\jdk-19\bin\nio.dll
0x00007ff879770000 - 0x00007ff87978a000 	C:\Program Files\JetBrains\IntelliJ IDEA 2022.1.2\bin\breakgen64.dll
0x00007ff83cd80000 - 0x00007ff83cd88000 	C:\Program Files\Java\jdk-19\bin\extnet.dll
0x0000000069ac0000 - 0x0000000069ae4000 	C:\Users\99293\AppData\Local\Temp\jansi-2.4.0-7cce2169e1332477-jansi.dll
0x00007ff83ceb0000 - 0x00007ff83cec0000 	C:\Program Files\Java\jdk-19\bin\verify.dll
0x00007ff87f3e0000 - 0x00007ff87f3fb000 	C:\WINDOWS\SYSTEM32\CRYPTSP.dll
0x00007ff87ec70000 - 0x00007ff87eca5000 	C:\WINDOWS\system32\rsaenh.dll
0x00007ff87f280000 - 0x00007ff87f2a8000 	C:\WINDOWS\SYSTEM32\USERENV.dll
0x00007ff87f400000 - 0x00007ff87f40c000 	C:\WINDOWS\SYSTEM32\CRYPTBASE.dll
0x00007ff87e6e0000 - 0x00007ff87e70d000 	C:\WINDOWS\SYSTEM32\IPHLPAPI.DLL
0x00007ff8806a0000 - 0x00007ff8806a9000 	C:\WINDOWS\System32\NSI.dll
0x00007ff87b1d0000 - 0x00007ff87b1e9000 	C:\WINDOWS\SYSTEM32\dhcpcsvc6.DLL
0x00007ff87b160000 - 0x00007ff87b17f000 	C:\WINDOWS\SYSTEM32\dhcpcsvc.DLL
0x00007ff87e710000 - 0x00007ff87e808000 	C:\WINDOWS\SYSTEM32\DNSAPI.dll

dbghelp: loaded successfully - version: 4.0.5 - missing functions: none
symbol engine: initialized successfully - sym options: 0x614 - pdb path: .;C:\Program Files\Java\jdk-19\bin;C:\WINDOWS\SYSTEM32;C:\WINDOWS\WinSxS\amd64_microsoft.windows.common-controls_6595b64144ccf1df_6.0.22621.3672_none_2713b9d173822955;C:\Program Files\Java\jdk-19\bin\server;C:\Program Files\JetBrains\IntelliJ IDEA 2022.1.2\bin;C:\Users\99293\AppData\Local\Temp

VM Arguments:
jvm_args: -Dmaven.multiModuleProjectDirectory=D:\unitedStates_storage-master\unitedStates_storage -Dmaven.home=C:\Users\99293\.m2\wrapper\dists\apache-maven-3.8.6-bin\1ks0nkde5v1pk9vtc31i9d0lcd\apache-maven-3.8.6 -Dclassworlds.conf=C:\Users\99293\.m2\wrapper\dists\apache-maven-3.8.6-bin\1ks0nkde5v1pk9vtc31i9d0lcd\apache-maven-3.8.6\bin\m2.conf -Dmaven.ext.class.path=C:\Program Files\JetBrains\IntelliJ IDEA 2022.1.2\plugins\maven\lib\maven-event-listener.jar -javaagent:C:\Program Files\JetBrains\IntelliJ IDEA 2022.1.2\lib\idea_rt.jar=55658:C:\Program Files\JetBrains\IntelliJ IDEA 2022.1.2\bin -Dfile.encoding=UTF-8 
java_command: org.codehaus.classworlds.Launcher -Didea.version=2022.1.2 package
java_class_path (initial): C:\Users\99293\.m2\wrapper\dists\apache-maven-3.8.6-bin\1ks0nkde5v1pk9vtc31i9d0lcd\apache-maven-3.8.6\boot\plexus-classworlds-2.6.0.jar;C:\Users\99293\.m2\wrapper\dists\apache-maven-3.8.6-bin\1ks0nkde5v1pk9vtc31i9d0lcd\apache-maven-3.8.6\boot\plexus-classworlds.license
Launcher Type: SUN_STANDARD

[Global flags]
     intx CICompilerCount                          = 12                                        {product} {ergonomic}
     uint ConcGCThreads                            = 3                                         {product} {ergonomic}
     uint G1ConcRefinementThreads                  = 13                                        {product} {ergonomic}
   size_t G1HeapRegionSize                         = 2097152                                   {product} {ergonomic}
    uintx GCDrainStackTargetSize                   = 64                                        {product} {ergonomic}
   size_t InitialHeapSize                          = 264241152                                 {product} {ergonomic}
   size_t MarkStackSize                            = 4194304                                   {product} {ergonomic}
   size_t MaxHeapSize                              = 4196401152                                {product} {ergonomic}
   size_t MaxNewSize                               = 2516582400                                {product} {ergonomic}
   size_t MinHeapDeltaBytes                        = 2097152                                   {product} {ergonomic}
   size_t MinHeapSize                              = 8388608                                   {product} {ergonomic}
    uintx NonNMethodCodeHeapSize                   = 7602480                                {pd product} {ergonomic}
    uintx NonProfiledCodeHeapSize                  = 122027880                              {pd product} {ergonomic}
    uintx ProfiledCodeHeapSize                     = 122027880                              {pd product} {ergonomic}
    uintx ReservedCodeCacheSize                    = 251658240                              {pd product} {ergonomic}
     bool SegmentedCodeCache                       = true                                      {product} {ergonomic}
   size_t SoftMaxHeapSize                          = 4196401152                             {manageable} {ergonomic}
     bool UseCompressedClassPointers               = true                           {product lp64_product} {ergonomic}
     bool UseCompressedOops                        = true                           {product lp64_product} {ergonomic}
     bool UseG1GC                                  = true                                      {product} {ergonomic}
     bool UseLargePagesIndividualAllocation        = false                                  {pd product} {ergonomic}

Logging:
Log output configuration:
 #0: stdout all=warning uptime,level,tags foldmultilines=false
 #1: stderr all=off uptime,level,tags foldmultilines=false

Environment Variables:
JAVA_HOME=C:\Program Files\Java\jdk-19
PATH=C:\Program Files\Common Files\Oracle\Java\javapath;C:\Windows\system32;C:\Windows;C:\Windows\System32\Wbem;C:\Windows\System32\WindowsPowerShell\v1.0\;C:\Windows\System32\OpenSSH\;C:\Program Files (x86)\NVIDIA Corporation\PhysX\Common;C:\Program Files\NVIDIA Corporation\NVIDIA NvDLISR;C:\Program Files\Git\cmd;C:\Program Files (x86)\dotnet\;C:\WINDOWS\system32;C:\WINDOWS;C:\WINDOWS\System32\Wbem;C:\WINDOWS\System32\WindowsPowerShell\v1.0\;C:\WINDOWS\System32\OpenSSH\;C:\Program Files\Java\jdk-19\bin;C:\Users\99293\AppData\Local\Programs\Python\Python311\Scripts\;C:\Users\99293\AppData\Local\Programs\Python\Python311\;C:\Users\99293\AppData\Local\Microsoft\WindowsApps;;C:\Program Files\JetBrains\IntelliJ IDEA 2022.1.2\bin;;C:\Program Files\heroku\bin
USERNAME=ASUS
OS=Windows_NT
PROCESSOR_IDENTIFIER=Intel64 Family 6 Model 154 Stepping 3, GenuineIntel
TMP=C:\Users\99293\AppData\Local\Temp
TEMP=C:\Users\99293\AppData\Local\Temp



---------------  S Y S T E M  ---------------

OS:
 Windows 11 , 64 bit Build 22621 (10.0.22621.3672)
OS uptime: 0 days 0:51 hours
Hyper-V role detected

CPU: total 16 (initial active 16) (8 cores per cpu, 2 threads per core) family 6 model 154 stepping 3 microcode 0x41c, cx8, cmov, fxsr, ht, mmx, 3dnowpref, sse, sse2, sse3, ssse3, sse4.1, sse4.2, popcnt, lzcnt, tsc, tscinvbit, avx, avx2, aes, erms, clmul, bmi1, bmi2, adx, sha, fma, vzeroupper, clflush, clflushopt, clwb, hv, serialize, rdtscp, rdpid, fsrm

Memory: 4k page, system-wide physical 16005M (1049M free)
TotalPageFile size 18053M (AvailPageFile size 4M)
current process WorkingSet (physical memory assigned to process): 437M, peak: 453M
current process commit charge ("private bytes"): 482M, peak: 502M

vm_info: Java HotSpot(TM) 64-Bit Server VM (19.0.2+7-44) for windows-amd64 JRE (19.0.2+7-44), built on 2022-11-30T18:02:09Z by "mach5one" with MS VC++ 17.1 (VS2022)

END.
