#
# There is insufficient memory for the Java Runtime Environment to continue.
# Native memory allocation (mmap) failed to map 81788928 bytes for G1 virtual space
# Possible reasons:
#   The system is out of physical RAM or swap space
#   The process is running with CompressedOops enabled, and the Java Heap may be blocking the growth of the native heap
# Possible solutions:
#   Reduce memory load on the system
#   Increase physical memory or swap space
#   Check if swap backing store is full
#   Decrease Java heap size (-Xmx/-Xms)
#   Decrease number of Java threads
#   Decrease Java thread stack sizes (-Xss)
#   Set larger code cache with -XX:ReservedCodeCacheSize=
#   JVM is running with Zero Based Compressed Oops mode in which the Java heap is
#     placed in the first 32GB address space. The Java Heap base address is the
#     maximum limit for the native heap growth. Please use -XX:HeapBaseMinAddress
#     to set the Java Heap base and to place the Java Heap above 32GB virtual address.
# This output file may be truncated or incomplete.
#
#  Out of Memory Error (os_windows.cpp:3536), pid=25224, tid=6964
#
# JRE version: Java(TM) SE Runtime Environment (19.0.2+7) (build 19.0.2+7-44)
# Java VM: Java HotSpot(TM) 64-Bit Server VM (19.0.2+7-44, mixed mode, sharing, tiered, compressed oops, compressed class ptrs, g1 gc, windows-amd64)
# No core dump will be written. Minidumps are not enabled by default on client versions of Windows
#

---------------  S U M M A R Y ------------

Command Line: -Dmaven.multiModuleProjectDirectory=D:\unitedStates_storage-master\unitedStates_storage -Dmaven.home=C:\Users\99293\.m2\wrapper\dists\apache-maven-3.8.6-bin\1ks0nkde5v1pk9vtc31i9d0lcd\apache-maven-3.8.6 -Dclassworlds.conf=C:\Users\99293\.m2\wrapper\dists\apache-maven-3.8.6-bin\1ks0nkde5v1pk9vtc31i9d0lcd\apache-maven-3.8.6\bin\m2.conf -Dmaven.ext.class.path=C:\Program Files\JetBrains\IntelliJ IDEA 2022.1.2\plugins\maven\lib\maven-event-listener.jar -javaagent:C:\Program Files\JetBrains\IntelliJ IDEA 2022.1.2\lib\idea_rt.jar=52850:C:\Program Files\JetBrains\IntelliJ IDEA 2022.1.2\bin -Dfile.encoding=UTF-8 org.codehaus.classworlds.Launcher -Didea.version=2022.1.2 package

Host: 12th Gen Intel(R) Core(TM) i7-12650H, 16 cores, 15G,  Windows 11 , 64 bit Build 22621 (10.0.22621.4974)
Time: Wed Mar 26 18:36:59 2025  Windows 11 , 64 bit Build 22621 (10.0.22621.4974) elapsed time: 4.483378 seconds (0d 0h 0m 4s)

---------------  T H R E A D  ---------------

Current thread (0x000002d75186b460):  VMThread "VM Thread" [stack: 0x000000f629c00000,0x000000f629d00000] [id=6964]

Stack: [0x000000f629c00000,0x000000f629d00000]
Native frames: (J=compiled Java code, j=interpreted, Vv=VM code, C=native code)
V  [jvm.dll+0x6ee21a]
V  [jvm.dll+0x85765e]
V  [jvm.dll+0x85904e]
V  [jvm.dll+0x859703]
V  [jvm.dll+0x28298f]
V  [jvm.dll+0x6eb009]
V  [jvm.dll+0x6dfbaa]
V  [jvm.dll+0x3573f6]
V  [jvm.dll+0x35ee56]
V  [jvm.dll+0x3b541e]
V  [jvm.dll+0x3b564f]
V  [jvm.dll+0x32c9ea]
V  [jvm.dll+0x32ca97]
V  [jvm.dll+0x374cd2]
V  [jvm.dll+0x37340f]
V  [jvm.dll+0x32c210]
V  [jvm.dll+0x3729ab]
V  [jvm.dll+0x85ebc3]
V  [jvm.dll+0x85f989]
V  [jvm.dll+0x85febd]
V  [jvm.dll+0x86034b]
V  [jvm.dll+0x860407]
V  [jvm.dll+0x80125a]
V  [jvm.dll+0x6ecf0b]
C  [ucrtbase.dll+0x29333]
C  [KERNEL32.DLL+0x1259d]
C  [ntdll.dll+0x5af38]

VM_Operation (0x000000f6296fcfb0): G1CollectForAllocation, mode: safepoint, requested by thread 0x000002d72c39f770


---------------  P R O C E S S  ---------------

Threads class SMR info:
_java_thread_list=0x000002d75ab6d4c0, length=23, elements={
0x000002d72c39f770, 0x000002d751882640, 0x000002d751883430, 0x000002d751887240,
0x000002d75188d540, 0x000002d75188de70, 0x000002d75188e7a0, 0x000002d7564027b0,
0x000002d756413e80, 0x000002d756416800, 0x000002d756511740, 0x000002d756512140,
0x000002d7565168a0, 0x000002d756518e30, 0x000002d75669d510, 0x000002d756607e50,
0x000002d7569ae400, 0x000002d757059830, 0x000002d75705b400, 0x000002d757058d10,
0x000002d7570581f0, 0x000002d757058780, 0x000002d75705a350
}

Java Threads: ( => current thread )
  0x000002d72c39f770 JavaThread "main" [_thread_blocked, id=10740, stack(0x000000f629600000,0x000000f629700000)]
  0x000002d751882640 JavaThread "Reference Handler" daemon [_thread_blocked, id=21708, stack(0x000000f629d00000,0x000000f629e00000)]
  0x000002d751883430 JavaThread "Finalizer" daemon [_thread_blocked, id=16440, stack(0x000000f629e00000,0x000000f629f00000)]
  0x000002d751887240 JavaThread "Signal Dispatcher" daemon [_thread_blocked, id=30744, stack(0x000000f629f00000,0x000000f62a000000)]
  0x000002d75188d540 JavaThread "Attach Listener" daemon [_thread_blocked, id=24524, stack(0x000000f62a000000,0x000000f62a100000)]
  0x000002d75188de70 JavaThread "Service Thread" daemon [_thread_blocked, id=3792, stack(0x000000f62a100000,0x000000f62a200000)]
  0x000002d75188e7a0 JavaThread "Monitor Deflation Thread" daemon [_thread_blocked, id=19912, stack(0x000000f62a200000,0x000000f62a300000)]
  0x000002d7564027b0 JavaThread "C2 CompilerThread0" daemon [_thread_blocked, id=2196, stack(0x000000f62a300000,0x000000f62a400000)]
  0x000002d756413e80 JavaThread "C1 CompilerThread0" daemon [_thread_blocked, id=25416, stack(0x000000f62a400000,0x000000f62a500000)]
  0x000002d756416800 JavaThread "Sweeper thread" daemon [_thread_blocked, id=28928, stack(0x000000f62a500000,0x000000f62a600000)]
  0x000002d756511740 JavaThread "Common-Cleaner" daemon [_thread_blocked, id=22064, stack(0x000000f62a600000,0x000000f62a700000)]
  0x000002d756512140 JavaThread "C1 CompilerThread1" daemon [_thread_blocked, id=24132, stack(0x000000f62a700000,0x000000f62a800000)]
  0x000002d7565168a0 JavaThread "C1 CompilerThread2" daemon [_thread_blocked, id=29992, stack(0x000000f62a800000,0x000000f62a900000)]
  0x000002d756518e30 JavaThread "C1 CompilerThread3" daemon [_thread_blocked, id=4092, stack(0x000000f62a900000,0x000000f62aa00000)]
  0x000002d75669d510 JavaThread "Monitor Ctrl-Break" daemon [_thread_in_native, id=24520, stack(0x000000f62aa00000,0x000000f62ab00000)]
  0x000002d756607e50 JavaThread "Notification Thread" daemon [_thread_blocked, id=26576, stack(0x000000f62ab00000,0x000000f62ac00000)]
  0x000002d7569ae400 JavaThread "C2 CompilerThread1" daemon [_thread_blocked, id=10504, stack(0x000000f62ad00000,0x000000f62ae00000)]
  0x000002d757059830 JavaThread "C2 CompilerThread2" daemon [_thread_blocked, id=5200, stack(0x000000f62ae00000,0x000000f62af00000)]
  0x000002d75705b400 JavaThread "C2 CompilerThread3" daemon [_thread_blocked, id=27308, stack(0x000000f62ba00000,0x000000f62bb00000)]
  0x000002d757058d10 JavaThread "C2 CompilerThread4" daemon [_thread_in_native, id=28008, stack(0x000000f62be00000,0x000000f62bf00000)]
  0x000002d7570581f0 JavaThread "C2 CompilerThread5" daemon [_thread_blocked, id=11836, stack(0x000000f62bf00000,0x000000f62c000000)]
  0x000002d757058780 JavaThread "C2 CompilerThread6" daemon [_thread_blocked, id=22552, stack(0x000000f62c000000,0x000000f62c100000)]
  0x000002d75705a350 JavaThread "C2 CompilerThread7" daemon [_thread_in_native, id=26888, stack(0x000000f62c100000,0x000000f62c200000)]

Other Threads:
=>0x000002d75186b460 VMThread "VM Thread" [stack: 0x000000f629c00000,0x000000f629d00000] [id=6964]
  0x000002d75660b030 WatcherThread "VM Periodic Task Thread" [stack: 0x000000f62ac00000,0x000000f62ad00000] [id=21876]
  0x000002d72c412330 WorkerThread "GC Thread#0" [stack: 0x000000f629700000,0x000000f629800000] [id=21940]
  0x000002d75694c900 WorkerThread "GC Thread#1" [stack: 0x000000f62b100000,0x000000f62b200000] [id=4500]
  0x000002d75694d170 WorkerThread "GC Thread#2" [stack: 0x000000f62b200000,0x000000f62b300000] [id=23716]
  0x000002d75694d9e0 WorkerThread "GC Thread#3" [stack: 0x000000f62b300000,0x000000f62b400000] [id=27840]
  0x000002d75694c090 WorkerThread "GC Thread#4" [stack: 0x000000f62b400000,0x000000f62b500000] [id=29744]
  0x000002d75694d440 WorkerThread "GC Thread#5" [stack: 0x000000f62b500000,0x000000f62b600000] [id=2172]
  0x000002d75694dcb0 WorkerThread "GC Thread#6" [stack: 0x000000f62b600000,0x000000f62b700000] [id=14424]
  0x000002d75694c360 WorkerThread "GC Thread#7" [stack: 0x000000f62b700000,0x000000f62b800000] [id=4816]
  0x000002d757cf01f0 WorkerThread "GC Thread#8" [stack: 0x000000f62bb00000,0x000000f62bc00000] [id=28284]
  0x000002d757cef6b0 WorkerThread "GC Thread#9" [stack: 0x000000f62bc00000,0x000000f62bd00000] [id=23532]
  0x000002d757cefc50 WorkerThread "GC Thread#10" [stack: 0x000000f62bd00000,0x000000f62be00000] [id=25520]
  0x000002d757cf0a60 WorkerThread "GC Thread#11" [stack: 0x000000f62af00000,0x000000f62b000000] [id=20172]
  0x000002d757cef3e0 WorkerThread "GC Thread#12" [stack: 0x000000f62b000000,0x000000f62b100000] [id=26096]
  0x000002d72c422ca0 ConcurrentGCThread "G1 Main Marker" [stack: 0x000000f629800000,0x000000f629900000] [id=17536]
  0x000002d72c423870 WorkerThread "G1 Conc#0" [stack: 0x000000f629900000,0x000000f629a00000] [id=30736]
  0x000002d757cf0d30 WorkerThread "G1 Conc#1" [stack: 0x000000f62b800000,0x000000f62b900000] [id=31740]
  0x000002d757cf0790 WorkerThread "G1 Conc#2" [stack: 0x000000f62b900000,0x000000f62ba00000] [id=8468]
  0x000002d72c45e650 ConcurrentGCThread "G1 Refine#0" [stack: 0x000000f629a00000,0x000000f629b00000] [id=17684]
  0x000002d7517252d0 ConcurrentGCThread "G1 Service" [stack: 0x000000f629b00000,0x000000f629c00000] [id=13188]

Threads with active compile tasks:
C2 CompilerThread0     4494 7767       4       java.lang.ref.Reference::refersTo (6 bytes)
C1 CompilerThread0     4494 8158       3       java.lang.invoke.LambdaForm$MH/0x0000000801311c00::invoke (42 bytes)
C1 CompilerThread1     4494 8159       3       java.lang.invoke.LambdaForm$MH/0x0000000801312000::invoke (42 bytes)
C1 CompilerThread2     4494 8157       3       java.lang.invoke.LambdaForm$MH/0x0000000801311800::invoke (42 bytes)
C2 CompilerThread1     4494 7932       4       java.net.URI::percentNormalizedComparison (221 bytes)
C2 CompilerThread2     4494 7419   !   4       lombok.core.AST::buildWithField0 (121 bytes)
C2 CompilerThread3     4494 8027       4       lombok.javac.handlers.JavacHandlerUtil::typeMatches (132 bytes)
C2 CompilerThread4     4494 7438       4       lombok.javac.JavacAST::buildTree (176 bytes)
C2 CompilerThread5     4494 8150       4       lombok.javac.handlers.JavacHandlerUtil::getAccessorsForField (163 bytes)
C2 CompilerThread6     4494 8028       4       lombok.javac.handlers.JavacHandlerUtil::annotationTypeMatches (28 bytes)
C2 CompilerThread7     4494 7657       4       lombok.javac.JavacAST::buildLocalVar (109 bytes)

VM state: at safepoint (normal execution)

VM Mutex/Monitor currently owned by a thread:  ([mutex/lock_event])
[0x000002d72c39d930] Threads_lock - owner thread: 0x000002d75186b460
[0x000002d72c39e500] Heap_lock - owner thread: 0x000002d72c39f770

Heap address: 0x0000000705e00000, size: 4002 MB, Compressed Oops mode: Zero based, Oop shift amount: 3

CDS archive(s) mapped at: [0x0000000800000000-0x0000000800c40000-0x0000000800c40000), size 12845056, SharedBaseAddress: 0x0000000800000000, ArchiveRelocationMode: 0.
Compressed class space mapped at: 0x0000000801000000-0x0000000841000000, reserved size: 1073741824
Narrow klass base: 0x0000000800000000, Narrow klass shift: 0, Narrow klass range: 0x100000000

GC Precious Log:
 CardTable entry size: 512
 Card Set container configuration: InlinePtr #cards 4 size 8 Array Of Cards #cards 16 size 48 Howl #buckets 8 coarsen threshold 3686 Howl Bitmap #cards 512 size 80 coarsen threshold 460 Card regions per heap region 1 cards per card region 4096
 CPUs: 16 total, 16 available
 Memory: 16004M
 Large Page Support: Disabled
 NUMA Support: Disabled
 Compressed Oops: Enabled (Zero based)
 Heap Region Size: 2M
 Heap Min Capacity: 8M
 Heap Initial Capacity: 252M
 Heap Max Capacity: 4002M
 Pre-touch: Disabled
 Parallel Workers: 13
 Concurrent Workers: 3
 Concurrent Refinement Workers: 13
 Periodic GC: Disabled

Heap:
 garbage-first heap   total 141312K, used 56245K [0x0000000705e00000, 0x0000000800000000)
  region size 2048K, 2 young (4096K), 2 survivors (4096K)
 Metaspace       used 28552K, committed 29120K, reserved 1114112K
  class space    used 2969K, committed 3264K, reserved 1048576K

Heap Regions: E=young(eden), S=young(survivor), O=old, HS=humongous(starts), HC=humongous(continues), CS=collection set, F=free, OA=open archive, CA=closed archive, TAMS=top-at-mark-start (previous, next)
|   0|0x0000000705e00000, 0x0000000706000000, 0x0000000706000000|100%| O|  |TAMS 0x0000000706000000, 0x0000000705e00000| Untracked 
|   1|0x0000000706000000, 0x0000000706200000, 0x0000000706200000|100%| O|  |TAMS 0x0000000706200000, 0x0000000706000000| Untracked 
|   2|0x0000000706200000, 0x0000000706400000, 0x0000000706400000|100%| O|  |TAMS 0x0000000706400000, 0x0000000706200000| Untracked 
|   3|0x0000000706400000, 0x0000000706600000, 0x0000000706600000|100%| O|  |TAMS 0x0000000706600000, 0x0000000706400000| Untracked 
|   4|0x0000000706600000, 0x0000000706800000, 0x0000000706800000|100%| O|  |TAMS 0x0000000706800000, 0x0000000706600000| Untracked 
|   5|0x0000000706800000, 0x0000000706a00000, 0x0000000706a00000|100%| O|  |TAMS 0x0000000706a00000, 0x0000000706800000| Untracked 
|   6|0x0000000706a00000, 0x0000000706c00000, 0x0000000706c00000|100%| O|  |TAMS 0x0000000706c00000, 0x0000000706a00000| Untracked 
|   7|0x0000000706c00000, 0x0000000706e00000, 0x0000000706e00000|100%| O|  |TAMS 0x0000000706e00000, 0x0000000706c00000| Untracked 
|   8|0x0000000706e00000, 0x0000000707000000, 0x0000000707000000|100%| O|  |TAMS 0x0000000707000000, 0x0000000706e00000| Untracked 
|   9|0x0000000707000000, 0x0000000707200000, 0x0000000707200000|100%| O|  |TAMS 0x0000000707200000, 0x0000000707000000| Untracked 
|  10|0x0000000707200000, 0x0000000707400000, 0x0000000707400000|100%| O|  |TAMS 0x0000000707400000, 0x0000000707200000| Untracked 
|  11|0x0000000707400000, 0x0000000707600000, 0x0000000707600000|100%| O|  |TAMS 0x0000000707600000, 0x0000000707400000| Untracked 
|  12|0x0000000707600000, 0x0000000707800000, 0x0000000707800000|100%| O|  |TAMS 0x0000000707800000, 0x0000000707600000| Untracked 
|  13|0x0000000707800000, 0x0000000707a00000, 0x0000000707a00000|100%| O|  |TAMS 0x0000000707a00000, 0x0000000707800000| Untracked 
|  14|0x0000000707a00000, 0x0000000707a00000, 0x0000000707c00000|  0%| F|  |TAMS 0x0000000707a00000, 0x0000000707a00000| Untracked 
|  15|0x0000000707c00000, 0x0000000707e00000, 0x0000000707e00000|100%| O|  |TAMS 0x0000000707c5bc00, 0x0000000707c00000| Untracked 
|  16|0x0000000707e00000, 0x0000000708000000, 0x0000000708000000|100%| O|  |TAMS 0x0000000707e00000, 0x0000000707e00000| Untracked 
|  17|0x0000000708000000, 0x0000000708200000, 0x0000000708200000|100%| O|  |TAMS 0x0000000708000000, 0x0000000708000000| Untracked 
|  18|0x0000000708200000, 0x0000000708400000, 0x0000000708400000|100%|HS|  |TAMS 0x0000000708200000, 0x0000000708200000| Complete 
|  19|0x0000000708400000, 0x0000000708600000, 0x0000000708600000|100%| O|  |TAMS 0x0000000708400000, 0x0000000708400000| Untracked 
|  20|0x0000000708600000, 0x0000000708800000, 0x0000000708800000|100%| O|  |TAMS 0x0000000708600000, 0x0000000708600000| Untracked 
|  21|0x0000000708800000, 0x0000000708a00000, 0x0000000708a00000|100%| O|  |TAMS 0x0000000708800000, 0x0000000708800000| Untracked 
|  22|0x0000000708a00000, 0x0000000708c00000, 0x0000000708c00000|100%| O|  |TAMS 0x0000000708a00000, 0x0000000708a00000| Untracked 
|  23|0x0000000708c00000, 0x0000000708d2f200, 0x0000000708e00000| 59%| O|  |TAMS 0x0000000708c00000, 0x0000000708c00000| Untracked 
|  24|0x0000000708e00000, 0x0000000708e00000, 0x0000000709000000|  0%| F|  |TAMS 0x0000000708e00000, 0x0000000708e00000| Untracked 
|  25|0x0000000709000000, 0x0000000709000000, 0x0000000709200000|  0%| F|  |TAMS 0x0000000709000000, 0x0000000709000000| Untracked 
|  26|0x0000000709200000, 0x0000000709200000, 0x0000000709400000|  0%| F|  |TAMS 0x0000000709200000, 0x0000000709200000| Untracked 
|  27|0x0000000709400000, 0x0000000709400000, 0x0000000709600000|  0%| F|  |TAMS 0x0000000709400000, 0x0000000709400000| Untracked 
|  28|0x0000000709600000, 0x0000000709600000, 0x0000000709800000|  0%| F|  |TAMS 0x0000000709600000, 0x0000000709600000| Untracked 
|  29|0x0000000709800000, 0x0000000709800000, 0x0000000709a00000|  0%| F|  |TAMS 0x0000000709800000, 0x0000000709800000| Untracked 
|  30|0x0000000709a00000, 0x0000000709a00000, 0x0000000709c00000|  0%| F|  |TAMS 0x0000000709a00000, 0x0000000709a00000| Untracked 
|  31|0x0000000709c00000, 0x0000000709c00000, 0x0000000709e00000|  0%| F|  |TAMS 0x0000000709c00000, 0x0000000709c00000| Untracked 
|  32|0x0000000709e00000, 0x0000000709e00000, 0x000000070a000000|  0%| F|  |TAMS 0x0000000709e00000, 0x0000000709e00000| Untracked 
|  33|0x000000070a000000, 0x000000070a000000, 0x000000070a200000|  0%| F|  |TAMS 0x000000070a000000, 0x000000070a000000| Untracked 
|  34|0x000000070a200000, 0x000000070a200000, 0x000000070a400000|  0%| F|  |TAMS 0x000000070a200000, 0x000000070a200000| Untracked 
|  35|0x000000070a400000, 0x000000070a400000, 0x000000070a600000|  0%| F|  |TAMS 0x000000070a400000, 0x000000070a400000| Untracked 
|  36|0x000000070a600000, 0x000000070a7be580, 0x000000070a800000| 87%| S|CS|TAMS 0x000000070a600000, 0x000000070a600000| Complete 
|  37|0x000000070a800000, 0x000000070aa00000, 0x000000070aa00000|100%| S|CS|TAMS 0x000000070a800000, 0x000000070a800000| Complete 
|  38|0x000000070aa00000, 0x000000070aa00000, 0x000000070ac00000|  0%| F|  |TAMS 0x000000070aa00000, 0x000000070aa00000| Untracked 
|  39|0x000000070ac00000, 0x000000070ac00000, 0x000000070ae00000|  0%| F|  |TAMS 0x000000070ac00000, 0x000000070ac00000| Untracked 
|  40|0x000000070ae00000, 0x000000070ae00000, 0x000000070b000000|  0%| F|  |TAMS 0x000000070ae00000, 0x000000070ae00000| Untracked 
|  41|0x000000070b000000, 0x000000070b000000, 0x000000070b200000|  0%| F|  |TAMS 0x000000070b000000, 0x000000070b000000| Untracked 
|  42|0x000000070b200000, 0x000000070b200000, 0x000000070b400000|  0%| F|  |TAMS 0x000000070b200000, 0x000000070b200000| Untracked 
|  43|0x000000070b400000, 0x000000070b400000, 0x000000070b600000|  0%| F|  |TAMS 0x000000070b400000, 0x000000070b400000| Untracked 
|  44|0x000000070b600000, 0x000000070b600000, 0x000000070b800000|  0%| F|  |TAMS 0x000000070b600000, 0x000000070b600000| Untracked 
|  45|0x000000070b800000, 0x000000070b800000, 0x000000070ba00000|  0%| F|  |TAMS 0x000000070b800000, 0x000000070b800000| Untracked 
|  46|0x000000070ba00000, 0x000000070ba00000, 0x000000070bc00000|  0%| F|  |TAMS 0x000000070ba00000, 0x000000070ba00000| Untracked 
|  47|0x000000070bc00000, 0x000000070bc00000, 0x000000070be00000|  0%| F|  |TAMS 0x000000070bc00000, 0x000000070bc00000| Untracked 
|  48|0x000000070be00000, 0x000000070be00000, 0x000000070c000000|  0%| F|  |TAMS 0x000000070be00000, 0x000000070be00000| Untracked 
|  49|0x000000070c000000, 0x000000070c000000, 0x000000070c200000|  0%| F|  |TAMS 0x000000070c000000, 0x000000070c000000| Untracked 
|  50|0x000000070c200000, 0x000000070c200000, 0x000000070c400000|  0%| F|  |TAMS 0x000000070c200000, 0x000000070c200000| Untracked 
|  51|0x000000070c400000, 0x000000070c400000, 0x000000070c600000|  0%| F|  |TAMS 0x000000070c400000, 0x000000070c400000| Untracked 
|  52|0x000000070c600000, 0x000000070c600000, 0x000000070c800000|  0%| F|  |TAMS 0x000000070c600000, 0x000000070c600000| Untracked 
|  53|0x000000070c800000, 0x000000070c800000, 0x000000070ca00000|  0%| F|  |TAMS 0x000000070c800000, 0x000000070c800000| Untracked 
|  54|0x000000070ca00000, 0x000000070ca00000, 0x000000070cc00000|  0%| F|  |TAMS 0x000000070ca00000, 0x000000070ca00000| Untracked 
|  55|0x000000070cc00000, 0x000000070cc00000, 0x000000070ce00000|  0%| F|  |TAMS 0x000000070cc00000, 0x000000070cc00000| Untracked 
|  56|0x000000070ce00000, 0x000000070ce00000, 0x000000070d000000|  0%| F|  |TAMS 0x000000070ce00000, 0x000000070ce00000| Untracked 
|  57|0x000000070d000000, 0x000000070d000000, 0x000000070d200000|  0%| F|  |TAMS 0x000000070d000000, 0x000000070d000000| Untracked 
|  58|0x000000070d200000, 0x000000070d200000, 0x000000070d400000|  0%| F|  |TAMS 0x000000070d200000, 0x000000070d200000| Untracked 
|  59|0x000000070d400000, 0x000000070d400000, 0x000000070d600000|  0%| F|  |TAMS 0x000000070d400000, 0x000000070d400000| Untracked 
|  60|0x000000070d600000, 0x000000070d600000, 0x000000070d800000|  0%| F|  |TAMS 0x000000070d600000, 0x000000070d600000| Untracked 
|  61|0x000000070d800000, 0x000000070d800000, 0x000000070da00000|  0%| F|  |TAMS 0x000000070d800000, 0x000000070d800000| Untracked 
|  62|0x000000070da00000, 0x000000070da00000, 0x000000070dc00000|  0%| F|  |TAMS 0x000000070da00000, 0x000000070da00000| Untracked 
|  63|0x000000070dc00000, 0x000000070dc00000, 0x000000070de00000|  0%| F|  |TAMS 0x000000070dc00000, 0x000000070dc00000| Untracked 
|  64|0x000000070de00000, 0x000000070de00000, 0x000000070e000000|  0%| F|  |TAMS 0x000000070de00000, 0x000000070de00000| Untracked 
| 125|0x0000000715800000, 0x0000000715800000, 0x0000000715a00000|  0%| F|  |TAMS 0x0000000715800000, 0x0000000715800000| Untracked 
|1998|0x00000007ffa00000, 0x00000007ffc00000, 0x00000007ffc00000|100%| O|  |TAMS 0x00000007ffc00000, 0x00000007ffa00000| Untracked 
|1999|0x00000007ffc00000, 0x00000007ffe00000, 0x00000007ffe00000|100%| O|  |TAMS 0x00000007ffe00000, 0x00000007ffc00000| Untracked 
|2000|0x00000007ffe00000, 0x0000000800000000, 0x0000000800000000|100%| O|  |TAMS 0x0000000800000000, 0x00000007ffe00000| Untracked 

Card table byte_map: [0x000002d746280000,0x000002d746a60000] _byte_map_base: 0x000002d742a51000

Marking Bits (Prev, Next): (CMBitMap*) 0x000002d72c412960, (CMBitMap*) 0x000002d72c4129a0
 Prev Bits: [0x000002d747240000, 0x000002d74b0c8000)
 Next Bits: [0x000002d74b0d0000, 0x000002d74ef58000)

Polling page: 0x000002d72c460000

Metaspace:

Usage:
  Non-class:     24.98 MB used.
      Class:      2.90 MB used.
       Both:     27.88 MB used.

Virtual space:
  Non-class space:       64.00 MB reserved,      25.25 MB ( 39%) committed,  1 nodes.
      Class space:        1.00 GB reserved,       3.19 MB ( <1%) committed,  1 nodes.
             Both:        1.06 GB reserved,      28.44 MB (  3%) committed. 

Chunk freelists:
   Non-Class:  2.10 MB
       Class:  810.00 KB
        Both:  2.89 MB

MaxMetaspaceSize: unlimited
CompressedClassSpaceSize: 1.00 GB
Initial GC threshold: 21.00 MB
Current GC threshold: 41.19 MB
CDS: on
MetaspaceReclaimPolicy: balanced
 - commit_granule_bytes: 65536.
 - commit_granule_words: 8192.
 - virtual_space_node_default_size: 8388608.
 - enlarge_chunks_in_place: 1.
 - new_chunks_are_fully_committed: 0.
 - uncommit_free_chunks: 1.
 - use_allocation_guard: 0.


Internal statistics:

num_allocs_failed_limit: 3.
num_arena_births: 612.
num_arena_deaths: 0.
num_vsnodes_births: 2.
num_vsnodes_deaths: 0.
num_space_committed: 455.
num_space_uncommitted: 0.
num_chunks_returned_to_freelist: 3.
num_chunks_taken_from_freelist: 1715.
num_chunk_merges: 3.
num_chunk_splits: 1171.
num_chunks_enlarged: 818.
num_inconsistent_stats: 0.

CodeHeap 'non-profiled nmethods': size=119168Kb used=4618Kb max_used=4618Kb free=114550Kb
 bounds [0x000002d73d690000, 0x000002d73db20000, 0x000002d744af0000]
CodeHeap 'profiled nmethods': size=119104Kb used=16582Kb max_used=16582Kb free=102521Kb
 bounds [0x000002d735af0000, 0x000002d736b30000, 0x000002d73cf40000]
CodeHeap 'non-nmethods': size=7488Kb used=3002Kb max_used=3120Kb free=4485Kb
 bounds [0x000002d73cf40000, 0x000002d73d260000, 0x000002d73d690000]
 total_blobs=7846 nmethods=7307 adapters=446
 compilation: enabled
              stopped_count=0, restarted_count=0
 full_count=0

Compilation events (20 events):
Event: 4.449 Thread 0x000002d756413e80 8149   !   3       jdk.proxy4.$Proxy30::fluent (32 bytes)
Event: 4.449 Thread 0x000002d756413e80 nmethod 8149 0x000002d736b20410 code [0x000002d736b205e0, 0x000002d736b20a18]
Event: 4.450 Thread 0x000002d756518e30 8152       3       lombok.javac.JavacTreeMaker::Exec (19 bytes)
Event: 4.450 Thread 0x000002d756518e30 nmethod 8152 0x000002d736b20c10 code [0x000002d736b20de0, 0x000002d736b212c8]
Event: 4.450 Thread 0x000002d756512140 8153       1       com.sun.tools.javac.tree.JCTree$JCAnnotation::getAnnotationType (5 bytes)
Event: 4.450 Thread 0x000002d756512140 nmethod 8153 0x000002d73daf0710 code [0x000002d73daf08a0, 0x000002d73daf0978]
Event: 4.452 Thread 0x000002d7570581f0 nmethod 7931 0x000002d73daf0a10 code [0x000002d73daf0ba0, 0x000002d73daf0f48]
Event: 4.452 Thread 0x000002d7570581f0 8150       4       lombok.javac.handlers.JavacHandlerUtil::getAccessorsForField (163 bytes)
Event: 4.463 Thread 0x000002d7569ae400 nmethod 7466 0x000002d73daf1190 code [0x000002d73daf1ba0, 0x000002d73dafb2b0]
Event: 4.463 Thread 0x000002d756512140 8155       3       java.lang.invoke.LambdaForm$MH/0x0000000801311000::invoke (42 bytes)
Event: 4.463 Thread 0x000002d7565168a0 8156       3       java.lang.invoke.LambdaForm$MH/0x0000000801311400::invoke (42 bytes)
Event: 4.465 Thread 0x000002d756512140 nmethod 8155 0x000002d736b21410 code [0x000002d736b216a0, 0x000002d736b224c8]
Event: 4.465 Thread 0x000002d7565168a0 nmethod 8156 0x000002d736b22910 code [0x000002d736b22ba0, 0x000002d736b239c8]
Event: 4.465 Thread 0x000002d7564027b0 nmethod 8097 0x000002d73daff810 code [0x000002d73daffa40, 0x000002d73db00d00]
Event: 4.467 Thread 0x000002d7564027b0 7767       4       java.lang.ref.Reference::refersTo (6 bytes)
Event: 4.467 Thread 0x000002d7565168a0 8157       3       java.lang.invoke.LambdaForm$MH/0x0000000801311800::invoke (42 bytes)
Event: 4.467 Thread 0x000002d756413e80 8158       3       java.lang.invoke.LambdaForm$MH/0x0000000801311c00::invoke (42 bytes)
Event: 4.467 Thread 0x000002d756512140 8159       3       java.lang.invoke.LambdaForm$MH/0x0000000801312000::invoke (42 bytes)
Event: 4.469 Thread 0x000002d7569ae400 7932       4       java.net.URI::percentNormalizedComparison (221 bytes)
Event: 4.470 Thread 0x000002d757059830 nmethod 7419 0x000002d73db01610 code [0x000002d73db02040, 0x000002d73db0d4a0]

GC Heap History (20 events):
Event: 2.636 GC heap after
{Heap after GC invocations=6 (full 0):
 garbage-first heap   total 75776K, used 28682K [0x0000000705e00000, 0x0000000800000000)
  region size 2048K, 1 young (2048K), 1 survivors (2048K)
 Metaspace       used 23652K, committed 24064K, reserved 1114112K
  class space    used 2496K, committed 2688K, reserved 1048576K
}
Event: 2.979 GC heap before
{Heap before GC invocations=6 (full 0):
 garbage-first heap   total 75776K, used 49162K [0x0000000705e00000, 0x0000000800000000)
  region size 2048K, 12 young (24576K), 1 survivors (2048K)
 Metaspace       used 24431K, committed 24832K, reserved 1114112K
  class space    used 2579K, committed 2752K, reserved 1048576K
}
Event: 2.984 GC heap after
{Heap after GC invocations=7 (full 0):
 garbage-first heap   total 75776K, used 35476K [0x0000000705e00000, 0x0000000800000000)
  region size 2048K, 2 young (4096K), 2 survivors (4096K)
 Metaspace       used 24431K, committed 24832K, reserved 1114112K
  class space    used 2579K, committed 2752K, reserved 1048576K
}
Event: 3.097 GC heap before
{Heap before GC invocations=7 (full 0):
 garbage-first heap   total 75776K, used 51860K [0x0000000705e00000, 0x0000000800000000)
  region size 2048K, 11 young (22528K), 2 survivors (4096K)
 Metaspace       used 24451K, committed 24832K, reserved 1114112K
  class space    used 2579K, committed 2752K, reserved 1048576K
}
Event: 3.102 GC heap after
{Heap after GC invocations=8 (full 0):
 garbage-first heap   total 75776K, used 41327K [0x0000000705e00000, 0x0000000800000000)
  region size 2048K, 2 young (4096K), 2 survivors (4096K)
 Metaspace       used 24451K, committed 24832K, reserved 1114112K
  class space    used 2579K, committed 2752K, reserved 1048576K
}
Event: 3.196 GC heap before
{Heap before GC invocations=8 (full 0):
 garbage-first heap   total 75776K, used 53615K [0x0000000705e00000, 0x0000000800000000)
  region size 2048K, 8 young (16384K), 2 survivors (4096K)
 Metaspace       used 24888K, committed 25280K, reserved 1114112K
  class space    used 2620K, committed 2816K, reserved 1048576K
}
Event: 3.199 GC heap after
{Heap after GC invocations=9 (full 0):
 garbage-first heap   total 141312K, used 43437K [0x0000000705e00000, 0x0000000800000000)
  region size 2048K, 1 young (2048K), 1 survivors (2048K)
 Metaspace       used 24888K, committed 25280K, reserved 1114112K
  class space    used 2620K, committed 2816K, reserved 1048576K
}
Event: 3.476 GC heap before
{Heap before GC invocations=10 (full 0):
 garbage-first heap   total 141312K, used 88493K [0x0000000705e00000, 0x0000000800000000)
  region size 2048K, 23 young (47104K), 1 survivors (2048K)
 Metaspace       used 25482K, committed 25920K, reserved 1114112K
  class space    used 2658K, committed 2880K, reserved 1048576K
}
Event: 3.484 GC heap after
{Heap after GC invocations=11 (full 0):
 garbage-first heap   total 141312K, used 53035K [0x0000000705e00000, 0x0000000800000000)
  region size 2048K, 3 young (6144K), 3 survivors (6144K)
 Metaspace       used 25482K, committed 25920K, reserved 1114112K
  class space    used 2658K, committed 2880K, reserved 1048576K
}
Event: 3.516 GC heap before
{Heap before GC invocations=11 (full 0):
 garbage-first heap   total 141312K, used 55083K [0x0000000705e00000, 0x0000000800000000)
  region size 2048K, 4 young (8192K), 3 survivors (6144K)
 Metaspace       used 25659K, committed 26112K, reserved 1114112K
  class space    used 2666K, committed 2880K, reserved 1048576K
}
Event: 3.522 GC heap after
{Heap after GC invocations=12 (full 0):
 garbage-first heap   total 141312K, used 53438K [0x0000000705e00000, 0x0000000800000000)
  region size 2048K, 1 young (2048K), 1 survivors (2048K)
 Metaspace       used 25659K, committed 26112K, reserved 1114112K
  class space    used 2666K, committed 2880K, reserved 1048576K
}
Event: 3.979 GC heap before
{Heap before GC invocations=12 (full 0):
 garbage-first heap   total 141312K, used 92350K [0x0000000705e00000, 0x0000000800000000)
  region size 2048K, 21 young (43008K), 1 survivors (2048K)
 Metaspace       used 27532K, committed 27968K, reserved 1114112K
  class space    used 2867K, committed 3072K, reserved 1048576K
}
Event: 3.980 GC heap after
{Heap after GC invocations=13 (full 0):
 garbage-first heap   total 141312K, used 53596K [0x0000000705e00000, 0x0000000800000000)
  region size 2048K, 1 young (2048K), 1 survivors (2048K)
 Metaspace       used 27532K, committed 27968K, reserved 1114112K
  class space    used 2867K, committed 3072K, reserved 1048576K
}
Event: 4.079 GC heap before
{Heap before GC invocations=13 (full 0):
 garbage-first heap   total 141312K, used 98652K [0x0000000705e00000, 0x0000000800000000)
  region size 2048K, 23 young (47104K), 1 survivors (2048K)
 Metaspace       used 27672K, committed 28224K, reserved 1114112K
  class space    used 2875K, committed 3136K, reserved 1048576K
}
Event: 4.080 GC heap after
{Heap after GC invocations=14 (full 0):
 garbage-first heap   total 141312K, used 53489K [0x0000000705e00000, 0x0000000800000000)
  region size 2048K, 1 young (2048K), 1 survivors (2048K)
 Metaspace       used 27672K, committed 28224K, reserved 1114112K
  class space    used 2875K, committed 3136K, reserved 1048576K
}
Event: 4.270 GC heap before
{Heap before GC invocations=14 (full 0):
 garbage-first heap   total 141312K, used 102641K [0x0000000705e00000, 0x0000000800000000)
  region size 2048K, 25 young (51200K), 1 survivors (2048K)
 Metaspace       used 28176K, committed 28736K, reserved 1114112K
  class space    used 2948K, committed 3200K, reserved 1048576K
}
Event: 4.272 GC heap after
{Heap after GC invocations=15 (full 0):
 garbage-first heap   total 141312K, used 54072K [0x0000000705e00000, 0x0000000800000000)
  region size 2048K, 1 young (2048K), 1 survivors (2048K)
 Metaspace       used 28176K, committed 28736K, reserved 1114112K
  class space    used 2948K, committed 3200K, reserved 1048576K
}
Event: 4.386 GC heap before
{Heap before GC invocations=15 (full 0):
 garbage-first heap   total 141312K, used 105272K [0x0000000705e00000, 0x0000000800000000)
  region size 2048K, 26 young (53248K), 1 survivors (2048K)
 Metaspace       used 28410K, committed 28992K, reserved 1114112K
  class space    used 2965K, committed 3264K, reserved 1048576K
}
Event: 4.390 GC heap after
{Heap after GC invocations=16 (full 0):
 garbage-first heap   total 141312K, used 55033K [0x0000000705e00000, 0x0000000800000000)
  region size 2048K, 2 young (4096K), 2 survivors (4096K)
 Metaspace       used 28410K, committed 28992K, reserved 1114112K
  class space    used 2965K, committed 3264K, reserved 1048576K
}
Event: 4.478 GC heap before
{Heap before GC invocations=16 (full 0):
 garbage-first heap   total 141312K, used 108281K [0x0000000705e00000, 0x0000000800000000)
  region size 2048K, 28 young (57344K), 2 survivors (4096K)
 Metaspace       used 28552K, committed 29120K, reserved 1114112K
  class space    used 2969K, committed 3264K, reserved 1048576K
}

Dll operation events (12 events):
Event: 0.005 Loaded shared library C:\Program Files\Java\jdk-19\bin\java.dll
Event: 0.011 Loaded shared library C:\Program Files\Java\jdk-19\bin\jsvml.dll
Event: 0.044 Loaded shared library C:\Program Files\Java\jdk-19\bin\zip.dll
Event: 0.045 Loaded shared library C:\Program Files\Java\jdk-19\bin\instrument.dll
Event: 0.049 Loaded shared library C:\Program Files\Java\jdk-19\bin\net.dll
Event: 0.050 Loaded shared library C:\Program Files\Java\jdk-19\bin\nio.dll
Event: 0.052 Loaded shared library C:\Program Files\Java\jdk-19\bin\zip.dll
Event: 0.062 Loaded shared library C:\Program Files\JetBrains\IntelliJ IDEA 2022.1.2\bin\breakgen64.dll
Event: 0.068 Loaded shared library C:\Program Files\Java\jdk-19\bin\extnet.dll
Event: 0.111 Loaded shared library C:\Program Files\Java\jdk-19\bin\jimage.dll
Event: 0.184 Loaded shared library C:\Users\99293\AppData\Local\Temp\jansi-2.4.0-3d103082d3e66290-jansi.dll
Event: 0.190 Loaded shared library C:\Program Files\Java\jdk-19\bin\verify.dll

Deoptimization events (20 events):
Event: 4.240 Thread 0x000002d72c39f770 DEOPT PACKING pc=0x000002d73da847b0 sp=0x000000f6296fd3b0
Event: 4.240 Thread 0x000002d72c39f770 DEOPT UNPACKING pc=0x000002d73cfa6da3 sp=0x000000f6296fd330 mode 2
Event: 4.333 Thread 0x000002d72c39f770 DEOPT PACKING pc=0x000002d736904e72 sp=0x000000f6296fd9f0
Event: 4.333 Thread 0x000002d72c39f770 DEOPT UNPACKING pc=0x000002d73cfa7543 sp=0x000000f6296fced0 mode 0
Event: 4.357 Thread 0x000002d72c39f770 Uncommon trap: trap_request=0xffffffbe fr.pc=0x000002d73dac0d10 relative=0x0000000000008270
Event: 4.357 Thread 0x000002d72c39f770 Uncommon trap: reason=profile_predicate action=maybe_recompile pc=0x000002d73dac0d10 method=lombok.core.AST.buildWithCollection(Ljava/lang/Class;Ljava/lang/Object;Ljava/util/Collection;I)V @ 69 c2
Event: 4.357 Thread 0x000002d72c39f770 DEOPT PACKING pc=0x000002d73dac0d10 sp=0x000000f6296fd0b0
Event: 4.357 Thread 0x000002d72c39f770 DEOPT UNPACKING pc=0x000002d73cfa6da3 sp=0x000000f6296fccc0 mode 2
Event: 4.357 Thread 0x000002d72c39f770 Uncommon trap: trap_request=0xffffffbe fr.pc=0x000002d73dac0d10 relative=0x0000000000008270
Event: 4.357 Thread 0x000002d72c39f770 Uncommon trap: reason=profile_predicate action=maybe_recompile pc=0x000002d73dac0d10 method=lombok.core.AST.buildWithCollection(Ljava/lang/Class;Ljava/lang/Object;Ljava/util/Collection;I)V @ 69 c2
Event: 4.357 Thread 0x000002d72c39f770 DEOPT PACKING pc=0x000002d73dac0d10 sp=0x000000f6296fd0b0
Event: 4.357 Thread 0x000002d72c39f770 DEOPT UNPACKING pc=0x000002d73cfa6da3 sp=0x000000f6296fccc0 mode 2
Event: 4.357 Thread 0x000002d72c39f770 Uncommon trap: trap_request=0xffffffbe fr.pc=0x000002d73dac0d10 relative=0x0000000000008270
Event: 4.357 Thread 0x000002d72c39f770 Uncommon trap: reason=profile_predicate action=maybe_recompile pc=0x000002d73dac0d10 method=lombok.core.AST.buildWithCollection(Ljava/lang/Class;Ljava/lang/Object;Ljava/util/Collection;I)V @ 69 c2
Event: 4.357 Thread 0x000002d72c39f770 DEOPT PACKING pc=0x000002d73dac0d10 sp=0x000000f6296fce00
Event: 4.357 Thread 0x000002d72c39f770 DEOPT UNPACKING pc=0x000002d73cfa6da3 sp=0x000000f6296fca10 mode 2
Event: 4.364 Thread 0x000002d72c39f770 Uncommon trap: trap_request=0xffffffbe fr.pc=0x000002d73dac0d10 relative=0x0000000000008270
Event: 4.364 Thread 0x000002d72c39f770 Uncommon trap: reason=profile_predicate action=maybe_recompile pc=0x000002d73dac0d10 method=lombok.core.AST.buildWithCollection(Ljava/lang/Class;Ljava/lang/Object;Ljava/util/Collection;I)V @ 69 c2
Event: 4.365 Thread 0x000002d72c39f770 DEOPT PACKING pc=0x000002d73dac0d10 sp=0x000000f6296fd1f0
Event: 4.365 Thread 0x000002d72c39f770 DEOPT UNPACKING pc=0x000002d73cfa6da3 sp=0x000000f6296fce00 mode 2

Classes loaded (20 events):
Event: 3.715 Loading class java/util/Vector$1
Event: 3.715 Loading class java/util/Vector$1 done
Event: 3.717 Loading class java/io/PushbackInputStream
Event: 3.717 Loading class java/io/PushbackInputStream done
Event: 3.803 Loading class java/util/Collections$UnmodifiableSortedSet
Event: 3.803 Loading class java/util/Collections$UnmodifiableSortedSet done
Event: 3.885 Loading class java/util/IdentityHashMap$EntrySet
Event: 3.885 Loading class java/util/IdentityHashMap$EntrySet done
Event: 3.885 Loading class java/util/IdentityHashMap$EntryIterator
Event: 3.885 Loading class java/util/IdentityHashMap$EntryIterator done
Event: 3.885 Loading class java/util/IdentityHashMap$EntryIterator$Entry
Event: 3.885 Loading class java/util/IdentityHashMap$EntryIterator$Entry done
Event: 4.141 Loading class java/util/regex/Pattern$SliceI
Event: 4.141 Loading class java/util/regex/Pattern$SliceI done
Event: 4.172 Loading class java/util/regex/Pattern$Loop
Event: 4.172 Loading class java/util/regex/Pattern$Loop done
Event: 4.172 Loading class java/util/regex/Pattern$Prolog
Event: 4.173 Loading class java/util/regex/Pattern$Prolog done
Event: 4.190 Loading class java/util/regex/Pattern$LazyLoop
Event: 4.190 Loading class java/util/regex/Pattern$LazyLoop done

Classes unloaded (0 events):
No events

Classes redefined (0 events):
No events

Internal exceptions (20 events):
Event: 3.434 Thread 0x000002d72c39f770 Exception <a 'sun/nio/fs/WindowsException'{0x000000070b50ae98}> (0x000000070b50ae98) 
thrown [s\open\src\hotspot\share\prims\jni.cpp, line 517]
Event: 3.435 Thread 0x000002d72c39f770 Exception <a 'sun/nio/fs/WindowsException'{0x000000070b532a30}> (0x000000070b532a30) 
thrown [s\open\src\hotspot\share\prims\jni.cpp, line 517]
Event: 3.435 Thread 0x000002d72c39f770 Exception <a 'sun/nio/fs/WindowsException'{0x000000070b532dc0}> (0x000000070b532dc0) 
thrown [s\open\src\hotspot\share\prims\jni.cpp, line 517]
Event: 3.435 Thread 0x000002d72c39f770 Exception <a 'sun/nio/fs/WindowsException'{0x000000070b533dd0}> (0x000000070b533dd0) 
thrown [s\open\src\hotspot\share\prims\jni.cpp, line 517]
Event: 3.435 Thread 0x000002d72c39f770 Exception <a 'sun/nio/fs/WindowsException'{0x000000070b5341f0}> (0x000000070b5341f0) 
thrown [s\open\src\hotspot\share\prims\jni.cpp, line 517]
Event: 3.584 Thread 0x000002d72c39f770 Implicit null exception at 0x000002d73d7c4933 to 0x000002d73d7c4d18
Event: 3.594 Thread 0x000002d72c39f770 Implicit null exception at 0x000002d73d7bdd6b to 0x000002d73d7bdf44
Event: 4.124 Thread 0x000002d72c39f770 Implicit null exception at 0x000002d73da20386 to 0x000002d73da20b05
Event: 4.164 Thread 0x000002d72c39f770 Exception <a 'java/lang/NoSuchMethodError'{0x000000070c1a5508}: 'void java.lang.invoke.DirectMethodHandle$Holder.invokeInterface(java.lang.Object, java.lang.Object, java.lang.Object, int)'> (0x000000070c1a5508) 
thrown [s\open\src\hotspot\share\interpreter\linkResolver.cpp, line 774]
Event: 4.165 Thread 0x000002d72c39f770 Exception <a 'java/lang/NoSuchMethodError'{0x000000070c1ad030}: 'void java.lang.invoke.DelegatingMethodHandle$Holder.reinvoke_L(java.lang.Object, java.lang.Object, java.lang.Object, int)'> (0x000000070c1ad030) 
thrown [s\open\src\hotspot\share\interpreter\linkResolver.cpp, line 774]
Event: 4.169 Thread 0x000002d72c39f770 Exception <a 'java/lang/NoSuchMethodError'{0x000000070c1dc160}: 'java.lang.Object java.lang.invoke.DirectMethodHandle$Holder.invokeVirtual(java.lang.Object, java.lang.Object, java.lang.Object, java.lang.Object)'> (0x000000070c1dc160) 
thrown [s\open\src\hotspot\share\interpreter\linkResolver.cpp, line 774]
Event: 4.170 Thread 0x000002d72c39f770 Exception <a 'java/lang/NoSuchMethodError'{0x000000070c1e9e38}: 'long java.lang.invoke.DirectMethodHandle$Holder.invokeStatic(java.lang.Object, java.lang.Object, int)'> (0x000000070c1e9e38) 
thrown [s\open\src\hotspot\share\interpreter\linkResolver.cpp, line 774]
Event: 4.170 Thread 0x000002d72c39f770 Exception <a 'java/lang/NoSuchMethodError'{0x000000070c1f1ef8}: 'java.lang.Object java.lang.invoke.DirectMethodHandle$Holder.invokeSpecial(java.lang.Object, java.lang.Object, java.lang.Object, long, java.lang.Object)'> (0x000000070c1f1ef8) 
thrown [s\open\src\hotspot\share\interpreter\linkResolver.cpp, line 774]
Event: 4.171 Thread 0x000002d72c39f770 Exception <a 'java/lang/NoSuchMethodError'{0x000000070c1f5e48}: 'java.lang.Object java.lang.invoke.DelegatingMethodHandle$Holder.reinvoke_L(java.lang.Object, java.lang.Object, long, java.lang.Object)'> (0x000000070c1f5e48) 
thrown [s\open\src\hotspot\share\interpreter\linkResolver.cpp, line 774]
Event: 4.174 Thread 0x000002d72c39f770 Exception <a 'java/lang/NoSuchMethodError'{0x000000070be0f768}: 'java.lang.Object java.lang.invoke.DirectMethodHandle$Holder.invokeVirtual(java.lang.Object, java.lang.Object, java.lang.Object, java.lang.Object, java.lang.Object, java.lang.Object, java.lang.Object, java.lang.Object, java.lang.Object, java.lang.Object)'> (0x000000070be0f768) 
thrown [s\open\src\hotspot\share\interpreter\linkResolver.cpp, line 774]
Event: 4.199 Thread 0x000002d72c39f770 Exception <a 'java/lang/NoSuchMethodError'{0x000000070bf3fac8}: 'void java.lang.invoke.DirectMethodHandle$Holder.invokeVirtual(java.lang.Object, java.lang.Object)'> (0x000000070bf3fac8) 
thrown [s\open\src\hotspot\share\interpreter\linkResolver.cpp, line 774]
Event: 4.200 Thread 0x000002d72c39f770 Exception <a 'java/lang/NoSuchMethodError'{0x000000070bf4a360}: 'void java.lang.invoke.DirectMethodHandle$Holder.invokeVirtual(java.lang.Object, java.lang.Object, java.lang.Object, java.lang.Object)'> (0x000000070bf4a360) 
thrown [s\open\src\hotspot\share\interpreter\linkResolver.cpp, line 774]
Event: 4.210 Thread 0x000002d72c39f770 Exception <a 'java/lang/NoSuchMethodError'{0x000000070bfb6c38}: 'java.lang.Object java.lang.invoke.DirectMethodHandle$Holder.invokeVirtual(java.lang.Object, java.lang.Object, java.lang.Object, java.lang.Object, java.lang.Object, java.lang.Object)'> (0x000000070bfb6c38) 
thrown [s\open\src\hotspot\share\interpreter\linkResolver.cpp, line 774]
Event: 4.228 Thread 0x000002d72c39f770 Exception <a 'java/lang/NoSuchMethodError'{0x000000070bcb38f8}: 'java.lang.Object java.lang.invoke.DirectMethodHandle$Holder.invokeVirtual(java.lang.Object, java.lang.Object, java.lang.Object, java.lang.Object, java.lang.Object)'> (0x000000070bcb38f8) 
thrown [s\open\src\hotspot\share\interpreter\linkResolver.cpp, line 774]
Event: 4.231 Thread 0x000002d72c39f770 Exception <a 'java/lang/NoSuchMethodError'{0x000000070bcda0c0}: 'java.lang.Object java.lang.invoke.DirectMethodHandle$Holder.invokeVirtual(java.lang.Object, java.lang.Object, long)'> (0x000000070bcda0c0) 
thrown [s\open\src\hotspot\share\interpreter\linkResolver.cpp, line 774]

VM Operations (20 events):
Event: 3.300 Executing VM operation: ICBufferFull done
Event: 3.322 Executing VM operation: HandshakeAllThreads
Event: 3.322 Executing VM operation: HandshakeAllThreads done
Event: 3.406 Executing VM operation: HandshakeAllThreads
Event: 3.406 Executing VM operation: HandshakeAllThreads done
Event: 3.416 Executing VM operation: ICBufferFull
Event: 3.416 Executing VM operation: ICBufferFull done
Event: 3.476 Executing VM operation: G1CollectForAllocation
Event: 3.484 Executing VM operation: G1CollectForAllocation done
Event: 3.516 Executing VM operation: G1CollectForAllocation
Event: 3.522 Executing VM operation: G1CollectForAllocation done
Event: 3.979 Executing VM operation: G1CollectForAllocation
Event: 3.980 Executing VM operation: G1CollectForAllocation done
Event: 4.079 Executing VM operation: G1CollectForAllocation
Event: 4.080 Executing VM operation: G1CollectForAllocation done
Event: 4.270 Executing VM operation: G1CollectForAllocation
Event: 4.272 Executing VM operation: G1CollectForAllocation done
Event: 4.386 Executing VM operation: G1CollectForAllocation
Event: 4.390 Executing VM operation: G1CollectForAllocation done
Event: 4.467 Executing VM operation: G1CollectForAllocation

Events (20 events):
Event: 2.636 Thread 0x000002d756416800 flushing nmethod 0x000002d736593b90
Event: 2.636 Thread 0x000002d756416800 flushing nmethod 0x000002d736596910
Event: 2.636 Thread 0x000002d756416800 flushing nmethod 0x000002d736597810
Event: 2.636 Thread 0x000002d756416800 flushing nmethod 0x000002d73659f690
Event: 2.636 Thread 0x000002d756416800 flushing nmethod 0x000002d7365a9b90
Event: 2.636 Thread 0x000002d756416800 flushing nmethod 0x000002d7365ac890
Event: 2.637 Thread 0x000002d756416800 flushing nmethod 0x000002d7365dc510
Event: 2.637 Thread 0x000002d756416800 flushing nmethod 0x000002d7365e5210
Event: 2.637 Thread 0x000002d756416800 flushing nmethod 0x000002d7365f2010
Event: 2.637 Thread 0x000002d756416800 flushing nmethod 0x000002d736609a90
Event: 2.637 Thread 0x000002d756416800 flushing nmethod 0x000002d736623010
Event: 2.637 Thread 0x000002d756416800 flushing nmethod 0x000002d73662d890
Event: 2.637 Thread 0x000002d756416800 flushing nmethod 0x000002d73662e610
Event: 2.637 Thread 0x000002d756416800 flushing nmethod 0x000002d736639e10
Event: 2.637 Thread 0x000002d756416800 flushing nmethod 0x000002d73664ef10
Event: 3.418 Thread 0x000002d756416800 flushing nmethod 0x000002d736563b10
Event: 3.418 Thread 0x000002d756416800 flushing nmethod 0x000002d73656b210
Event: 3.418 Thread 0x000002d756416800 flushing nmethod 0x000002d736575990
Event: 3.809 Thread 0x000002d757059dc0 Thread exited: 0x000002d757059dc0
Event: 4.023 Thread 0x000002d75705a350 Thread added: 0x000002d75705a350


Dynamic libraries:
0x00007ff7e4b40000 - 0x00007ff7e4b50000 	C:\Program Files\Java\jdk-19\bin\java.exe
0x00007ff9c8850000 - 0x00007ff9c8a67000 	C:\WINDOWS\SYSTEM32\ntdll.dll
0x00007ff9c6900000 - 0x00007ff9c69c4000 	C:\WINDOWS\System32\KERNEL32.DLL
0x00007ff9c5b20000 - 0x00007ff9c5ef1000 	C:\WINDOWS\System32\KERNELBASE.dll
0x00007ff9c6020000 - 0x00007ff9c6131000 	C:\WINDOWS\System32\ucrtbase.dll
0x00007ff9bc910000 - 0x00007ff9bc928000 	C:\Program Files\Java\jdk-19\bin\jli.dll
0x00007ff9bc840000 - 0x00007ff9bc85b000 	C:\Program Files\Java\jdk-19\bin\VCRUNTIME140.dll
0x00007ff9c7a70000 - 0x00007ff9c7b21000 	C:\WINDOWS\System32\ADVAPI32.dll
0x00007ff9c64f0000 - 0x00007ff9c6597000 	C:\WINDOWS\System32\msvcrt.dll
0x00007ff9c7780000 - 0x00007ff9c7827000 	C:\WINDOWS\System32\sechost.dll
0x00007ff9c6280000 - 0x00007ff9c62a8000 	C:\WINDOWS\System32\bcrypt.dll
0x00007ff9c7bf0000 - 0x00007ff9c7d04000 	C:\WINDOWS\System32\RPCRT4.dll
0x00007ff9c82a0000 - 0x00007ff9c8451000 	C:\WINDOWS\System32\USER32.dll
0x00007ff9b3170000 - 0x00007ff9b3402000 	C:\WINDOWS\WinSxS\amd64_microsoft.windows.common-controls_6595b64144ccf1df_6.0.22621.4830_none_270fe7d773858e80\COMCTL32.dll
0x00007ff9c7d20000 - 0x00007ff9c7d49000 	C:\WINDOWS\System32\GDI32.dll
0x00007ff9c6350000 - 0x00007ff9c6376000 	C:\WINDOWS\System32\win32u.dll
0x00007ff9c5f00000 - 0x00007ff9c601b000 	C:\WINDOWS\System32\gdi32full.dll
0x00007ff9c62b0000 - 0x00007ff9c634a000 	C:\WINDOWS\System32\msvcp_win.dll
0x00007ff9bdb90000 - 0x00007ff9bdb9a000 	C:\WINDOWS\SYSTEM32\VERSION.dll
0x00007ff9c8250000 - 0x00007ff9c8281000 	C:\WINDOWS\System32\IMM32.DLL
0x00007ff9bd5a0000 - 0x00007ff9bd5ac000 	C:\Program Files\Java\jdk-19\bin\vcruntime140_1.dll
0x00007ff9ac390000 - 0x00007ff9ac41e000 	C:\Program Files\Java\jdk-19\bin\msvcp140.dll
0x00007ff95bd60000 - 0x00007ff95ca20000 	C:\Program Files\Java\jdk-19\bin\server\jvm.dll
0x00007ff9c0450000 - 0x00007ff9c0459000 	C:\WINDOWS\SYSTEM32\WSOCK32.dll
0x00007ff9c7d50000 - 0x00007ff9c7dc1000 	C:\WINDOWS\System32\WS2_32.dll
0x00007ff9bf150000 - 0x00007ff9bf184000 	C:\WINDOWS\SYSTEM32\WINMM.dll
0x00007ff9c4aa0000 - 0x00007ff9c4ab8000 	C:\WINDOWS\SYSTEM32\kernel.appcore.dll
0x00007ff9bd190000 - 0x00007ff9bd19a000 	C:\Program Files\Java\jdk-19\bin\jimage.dll
0x00007ff9c32d0000 - 0x00007ff9c3502000 	C:\WINDOWS\SYSTEM32\DBGHELP.DLL
0x00007ff9c73f0000 - 0x00007ff9c7780000 	C:\WINDOWS\System32\combase.dll
0x00007ff9c69d0000 - 0x00007ff9c6aa7000 	C:\WINDOWS\System32\OLEAUT32.dll
0x00007ff9bcff0000 - 0x00007ff9bd022000 	C:\WINDOWS\SYSTEM32\dbgcore.DLL
0x00007ff9c5a20000 - 0x00007ff9c5a9b000 	C:\WINDOWS\System32\bcryptPrimitives.dll
0x00007ff9bbd40000 - 0x00007ff9bbd4e000 	C:\Program Files\Java\jdk-19\bin\instrument.dll
0x00007ff9bc310000 - 0x00007ff9bc336000 	C:\Program Files\Java\jdk-19\bin\java.dll
0x00007ff993b80000 - 0x00007ff993c57000 	C:\Program Files\Java\jdk-19\bin\jsvml.dll
0x00007ff9c6b60000 - 0x00007ff9c73e8000 	C:\WINDOWS\System32\SHELL32.dll
0x00007ff9c6140000 - 0x00007ff9c627f000 	C:\WINDOWS\System32\wintypes.dll
0x00007ff9c3880000 - 0x00007ff9c418d000 	C:\WINDOWS\SYSTEM32\windows.storage.dll
0x00007ff9c8460000 - 0x00007ff9c856a000 	C:\WINDOWS\System32\SHCORE.dll
0x00007ff9c6690000 - 0x00007ff9c66ee000 	C:\WINDOWS\System32\shlwapi.dll
0x00007ff9c5890000 - 0x00007ff9c58bb000 	C:\WINDOWS\SYSTEM32\profapi.dll
0x00007ff9bbb60000 - 0x00007ff9bbb78000 	C:\Program Files\Java\jdk-19\bin\zip.dll
0x00007ff9bbc00000 - 0x00007ff9bbc13000 	C:\Program Files\Java\jdk-19\bin\net.dll
0x00007ff9c1310000 - 0x00007ff9c143c000 	C:\WINDOWS\SYSTEM32\WINHTTP.dll
0x00007ff9c4f10000 - 0x00007ff9c4f7a000 	C:\WINDOWS\system32\mswsock.dll
0x00007ff9bbbe0000 - 0x00007ff9bbbf6000 	C:\Program Files\Java\jdk-19\bin\nio.dll
0x00007ff9b97a0000 - 0x00007ff9b97ba000 	C:\Program Files\JetBrains\IntelliJ IDEA 2022.1.2\bin\breakgen64.dll
0x00007ff9bd030000 - 0x00007ff9bd038000 	C:\Program Files\Java\jdk-19\bin\extnet.dll
0x0000000069ac0000 - 0x0000000069ae4000 	C:\Users\99293\AppData\Local\Temp\jansi-2.4.0-3d103082d3e66290-jansi.dll
0x00007ff9bc200000 - 0x00007ff9bc210000 	C:\Program Files\Java\jdk-19\bin\verify.dll

dbghelp: loaded successfully - version: 4.0.5 - missing functions: none
symbol engine: initialized successfully - sym options: 0x614 - pdb path: .;C:\Program Files\Java\jdk-19\bin;C:\WINDOWS\SYSTEM32;C:\WINDOWS\WinSxS\amd64_microsoft.windows.common-controls_6595b64144ccf1df_6.0.22621.4830_none_270fe7d773858e80;C:\Program Files\Java\jdk-19\bin\server;C:\Program Files\JetBrains\IntelliJ IDEA 2022.1.2\bin;C:\Users\99293\AppData\Local\Temp

VM Arguments:
jvm_args: -Dmaven.multiModuleProjectDirectory=D:\unitedStates_storage-master\unitedStates_storage -Dmaven.home=C:\Users\99293\.m2\wrapper\dists\apache-maven-3.8.6-bin\1ks0nkde5v1pk9vtc31i9d0lcd\apache-maven-3.8.6 -Dclassworlds.conf=C:\Users\99293\.m2\wrapper\dists\apache-maven-3.8.6-bin\1ks0nkde5v1pk9vtc31i9d0lcd\apache-maven-3.8.6\bin\m2.conf -Dmaven.ext.class.path=C:\Program Files\JetBrains\IntelliJ IDEA 2022.1.2\plugins\maven\lib\maven-event-listener.jar -javaagent:C:\Program Files\JetBrains\IntelliJ IDEA 2022.1.2\lib\idea_rt.jar=52850:C:\Program Files\JetBrains\IntelliJ IDEA 2022.1.2\bin -Dfile.encoding=UTF-8 
java_command: org.codehaus.classworlds.Launcher -Didea.version=2022.1.2 package
java_class_path (initial): C:\Users\99293\.m2\wrapper\dists\apache-maven-3.8.6-bin\1ks0nkde5v1pk9vtc31i9d0lcd\apache-maven-3.8.6\boot\plexus-classworlds-2.6.0.jar;C:\Users\99293\.m2\wrapper\dists\apache-maven-3.8.6-bin\1ks0nkde5v1pk9vtc31i9d0lcd\apache-maven-3.8.6\boot\plexus-classworlds.license
Launcher Type: SUN_STANDARD

[Global flags]
     intx CICompilerCount                          = 12                                        {product} {ergonomic}
     uint ConcGCThreads                            = 3                                         {product} {ergonomic}
     uint G1ConcRefinementThreads                  = 13                                        {product} {ergonomic}
   size_t G1HeapRegionSize                         = 2097152                                   {product} {ergonomic}
    uintx GCDrainStackTargetSize                   = 64                                        {product} {ergonomic}
   size_t InitialHeapSize                          = 264241152                                 {product} {ergonomic}
   size_t MarkStackSize                            = 4194304                                   {product} {ergonomic}
   size_t MaxHeapSize                              = 4196401152                                {product} {ergonomic}
   size_t MaxNewSize                               = 2516582400                                {product} {ergonomic}
   size_t MinHeapDeltaBytes                        = 2097152                                   {product} {ergonomic}
   size_t MinHeapSize                              = 8388608                                   {product} {ergonomic}
    uintx NonNMethodCodeHeapSize                   = 7602480                                {pd product} {ergonomic}
    uintx NonProfiledCodeHeapSize                  = 122027880                              {pd product} {ergonomic}
    uintx ProfiledCodeHeapSize                     = 122027880                              {pd product} {ergonomic}
    uintx ReservedCodeCacheSize                    = 251658240                              {pd product} {ergonomic}
     bool SegmentedCodeCache                       = true                                      {product} {ergonomic}
   size_t SoftMaxHeapSize                          = 4196401152                             {manageable} {ergonomic}
     bool UseCompressedClassPointers               = true                           {product lp64_product} {ergonomic}
     bool UseCompressedOops                        = true                           {product lp64_product} {ergonomic}
     bool UseG1GC                                  = true                                      {product} {ergonomic}
     bool UseLargePagesIndividualAllocation        = false                                  {pd product} {ergonomic}

Logging:
Log output configuration:
 #0: stdout all=warning uptime,level,tags foldmultilines=false
 #1: stderr all=off uptime,level,tags foldmultilines=false

Environment Variables:
JAVA_HOME=C:\Program Files\Java\jdk-19
PATH=C:\Program Files\Common Files\Oracle\Java\javapath;C:\Windows\system32;C:\Windows;C:\Windows\System32\Wbem;C:\Windows\System32\WindowsPowerShell\v1.0\;C:\Windows\System32\OpenSSH\;C:\Program Files (x86)\NVIDIA Corporation\PhysX\Common;C:\Program Files\NVIDIA Corporation\NVIDIA NvDLISR;C:\Program Files (x86)\dotnet\;C:\WINDOWS\system32;C:\WINDOWS;C:\WINDOWS\System32\Wbem;C:\WINDOWS\System32\WindowsPowerShell\v1.0\;C:\WINDOWS\System32\OpenSSH\;C:\Program Files\Java\jdk-19\bin;C:\Program Files\Git\cmd;C:\Users\99293\AppData\Local\Programs\Python\Python311\Scripts\;C:\Users\99293\AppData\Local\Programs\Python\Python311\;C:\Users\99293\AppData\Local\Microsoft\WindowsApps;;C:\Program Files\JetBrains\IntelliJ IDEA 2022.1.2\bin;;C:\Program Files\heroku\bin
USERNAME=ASUS
OS=Windows_NT
PROCESSOR_IDENTIFIER=Intel64 Family 6 Model 154 Stepping 3, GenuineIntel
TMP=C:\Users\99293\AppData\Local\Temp
TEMP=C:\Users\99293\AppData\Local\Temp



---------------  S Y S T E M  ---------------

OS:
 Windows 11 , 64 bit Build 22621 (10.0.22621.4974)
OS uptime: 0 days 6:22 hours
Hyper-V role detected

CPU: total 16 (initial active 16) (8 cores per cpu, 2 threads per core) family 6 model 154 stepping 3 microcode 0x429, cx8, cmov, fxsr, ht, mmx, 3dnowpref, sse, sse2, sse3, ssse3, sse4.1, sse4.2, popcnt, lzcnt, tsc, tscinvbit, avx, avx2, aes, erms, clmul, bmi1, bmi2, adx, sha, fma, vzeroupper, clflush, clflushopt, clwb, hv, serialize, rdtscp, rdpid, fsrm

Memory: 4k page, system-wide physical 16004M (2168M free)
TotalPageFile size 18052M (AvailPageFile size 81M)
current process WorkingSet (physical memory assigned to process): 372M, peak: 374M
current process commit charge ("private bytes"): 440M, peak: 518M

vm_info: Java HotSpot(TM) 64-Bit Server VM (19.0.2+7-44) for windows-amd64 JRE (19.0.2+7-44), built on 2022-11-30T18:02:09Z by "mach5one" with MS VC++ 17.1 (VS2022)

END.
