#
# There is insufficient memory for the Java Runtime Environment to continue.
# Native memory allocation (malloc) failed to allocate 412384 bytes for Chunk::new
# Possible reasons:
#   The system is out of physical RAM or swap space
#   The process is running with CompressedOops enabled, and the Java Heap may be blocking the growth of the native heap
# Possible solutions:
#   Reduce memory load on the system
#   Increase physical memory or swap space
#   Check if swap backing store is full
#   Decrease Java heap size (-Xmx/-Xms)
#   Decrease number of Java threads
#   Decrease Java thread stack sizes (-Xss)
#   Set larger code cache with -XX:ReservedCodeCacheSize=
#   JVM is running with Zero Based Compressed Oops mode in which the Java heap is
#     placed in the first 32GB address space. The Java Heap base address is the
#     maximum limit for the native heap growth. Please use -XX:HeapBaseMinAddress
#     to set the Java Heap base and to place the Java Heap above 32GB virtual address.
# This output file may be truncated or incomplete.
#
#  Out of Memory Error (arena.cpp:184), pid=3524, tid=4936
#
# JRE version: Java(TM) SE Runtime Environment (19.0.2+7) (build 19.0.2+7-44)
# Java VM: Java HotSpot(TM) 64-Bit Server VM (19.0.2+7-44, mixed mode, sharing, tiered, compressed oops, compressed class ptrs, g1 gc, windows-amd64)
# No core dump will be written. Minidumps are not enabled by default on client versions of Windows
#

---------------  S U M M A R Y ------------

Command Line: -Dmaven.multiModuleProjectDirectory=D:\unitedStates_storage-master\unitedStates_storage -Dmaven.home=C:\Users\99293\.m2\wrapper\dists\apache-maven-3.8.6-bin\1ks0nkde5v1pk9vtc31i9d0lcd\apache-maven-3.8.6 -Dclassworlds.conf=C:\Users\99293\.m2\wrapper\dists\apache-maven-3.8.6-bin\1ks0nkde5v1pk9vtc31i9d0lcd\apache-maven-3.8.6\bin\m2.conf -Dmaven.ext.class.path=C:\Program Files\JetBrains\IntelliJ IDEA 2022.1.2\plugins\maven\lib\maven-event-listener.jar -javaagent:C:\Program Files\JetBrains\IntelliJ IDEA 2022.1.2\lib\idea_rt.jar=56088:C:\Program Files\JetBrains\IntelliJ IDEA 2022.1.2\bin -Dfile.encoding=UTF-8 org.codehaus.classworlds.Launcher -Didea.version=2022.1.2 clean

Host: 12th Gen Intel(R) Core(TM) i7-12650H, 16 cores, 15G,  Windows 11 , 64 bit Build 22621 (10.0.22621.3958)
Time: Sun Sep  8 18:32:02 2024  Windows 11 , 64 bit Build 22621 (10.0.22621.3958) elapsed time: 0.563105 seconds (0d 0h 0m 0s)

---------------  T H R E A D  ---------------

Current thread (0x0000012e30532800):  JavaThread "C2 CompilerThread2" daemon [_thread_in_native, id=4936, stack(0x0000000d60800000,0x0000000d60900000)]


Current CompileTask:
C2:    563 1503       4       jdk.internal.module.SystemModuleFinders$SystemModuleReader::containsImageLocation (42 bytes)

Stack: [0x0000000d60800000,0x0000000d60900000]
Native frames: (J=compiled Java code, j=interpreted, Vv=VM code, C=native code)
V  [jvm.dll+0x6ee21a]
V  [jvm.dll+0x85765e]
V  [jvm.dll+0x85904e]
V  [jvm.dll+0x859703]
V  [jvm.dll+0x28298f]
V  [jvm.dll+0xc9adf]
V  [jvm.dll+0xc9e65]
V  [jvm.dll+0x3bca4c]
V  [jvm.dll+0x3860e1]
V  [jvm.dll+0x38555a]
V  [jvm.dll+0x24c3d9]
V  [jvm.dll+0x24b781]
V  [jvm.dll+0x1d6ce1]
V  [jvm.dll+0x25b25a]
V  [jvm.dll+0x2596e8]
V  [jvm.dll+0x807588]
V  [jvm.dll+0x80125a]
V  [jvm.dll+0x6ecf0b]
C  [ucrtbase.dll+0x29333]
C  [KERNEL32.DLL+0x1257d]
C  [ntdll.dll+0x5af28]


---------------  P R O C E S S  ---------------

Threads class SMR info:
_java_thread_list=0x0000012e2fffc970, length=20, elements={
0x0000012e07aff270, 0x0000012e2b641bc0, 0x0000012e2b6428b0, 0x0000012e2b648a30,
0x0000012e2b64a980, 0x0000012e2b64d2c0, 0x0000012e2b64dbf0, 0x0000012e2b650c70,
0x0000012e2b651bf0, 0x0000012e2b662220, 0x0000012e2f9b3990, 0x0000012e2b6197d0,
0x0000012e2fb3f500, 0x0000012e2fb43610, 0x0000012e2fe04960, 0x0000012e2fe2a410,
0x0000012e2ff10750, 0x0000012e30532800, 0x0000012e305338b0, 0x0000012e30531750
}

Java Threads: ( => current thread )
  0x0000012e07aff270 JavaThread "main" [_thread_in_Java, id=3200, stack(0x0000000d5f000000,0x0000000d5f100000)]
  0x0000012e2b641bc0 JavaThread "Reference Handler" daemon [_thread_blocked, id=14304, stack(0x0000000d5f700000,0x0000000d5f800000)]
  0x0000012e2b6428b0 JavaThread "Finalizer" daemon [_thread_blocked, id=19376, stack(0x0000000d5f800000,0x0000000d5f900000)]
  0x0000012e2b648a30 JavaThread "Signal Dispatcher" daemon [_thread_blocked, id=11732, stack(0x0000000d5f900000,0x0000000d5fa00000)]
  0x0000012e2b64a980 JavaThread "Attach Listener" daemon [_thread_blocked, id=3780, stack(0x0000000d5fa00000,0x0000000d5fb00000)]
  0x0000012e2b64d2c0 JavaThread "Service Thread" daemon [_thread_blocked, id=22560, stack(0x0000000d5fb00000,0x0000000d5fc00000)]
  0x0000012e2b64dbf0 JavaThread "Monitor Deflation Thread" daemon [_thread_blocked, id=9040, stack(0x0000000d5fc00000,0x0000000d5fd00000)]
  0x0000012e2b650c70 JavaThread "C2 CompilerThread0" daemon [_thread_blocked, id=9392, stack(0x0000000d5fd00000,0x0000000d5fe00000)]
  0x0000012e2b651bf0 JavaThread "C1 CompilerThread0" daemon [_thread_blocked, id=9636, stack(0x0000000d5fe00000,0x0000000d5ff00000)]
  0x0000012e2b662220 JavaThread "Sweeper thread" daemon [_thread_blocked, id=12664, stack(0x0000000d5ff00000,0x0000000d60000000)]
  0x0000012e2f9b3990 JavaThread "C1 CompilerThread1" daemon [_thread_blocked, id=5968, stack(0x0000000d60000000,0x0000000d60100000)]
  0x0000012e2b6197d0 JavaThread "Common-Cleaner" daemon [_thread_blocked, id=17032, stack(0x0000000d60100000,0x0000000d60200000)]
  0x0000012e2fb3f500 JavaThread "Monitor Ctrl-Break" daemon [_thread_in_native, id=3616, stack(0x0000000d60200000,0x0000000d60300000)]
  0x0000012e2fb43610 JavaThread "Notification Thread" daemon [_thread_blocked, id=7284, stack(0x0000000d60300000,0x0000000d60400000)]
  0x0000012e2fe04960 JavaThread "C2 CompilerThread1" daemon [_thread_blocked, id=4788, stack(0x0000000d60500000,0x0000000d60600000)]
  0x0000012e2fe2a410 JavaThread "C1 CompilerThread2" daemon [_thread_blocked, id=2956, stack(0x0000000d60600000,0x0000000d60700000)]
  0x0000012e2ff10750 JavaThread "C1 CompilerThread3" daemon [_thread_blocked, id=20132, stack(0x0000000d60700000,0x0000000d60800000)]
=>0x0000012e30532800 JavaThread "C2 CompilerThread2" daemon [_thread_in_native, id=4936, stack(0x0000000d60800000,0x0000000d60900000)]
  0x0000012e305338b0 JavaThread "C2 CompilerThread3" daemon [_thread_blocked, id=22520, stack(0x0000000d60900000,0x0000000d60a00000)]
  0x0000012e30531750 JavaThread "C2 CompilerThread4" daemon [_thread_blocked, id=2072, stack(0x0000000d60a00000,0x0000000d60b00000)]

Other Threads:
  0x0000012e2b6292d0 VMThread "VM Thread" [stack: 0x0000000d5f600000,0x0000000d5f700000] [id=4584]
  0x0000012e2fb47c30 WatcherThread "VM Periodic Task Thread" [stack: 0x0000000d60400000,0x0000000d60500000] [id=9020]
  0x0000012e07b71c40 WorkerThread "GC Thread#0" [stack: 0x0000000d5f100000,0x0000000d5f200000] [id=2760]
  0x0000012e2fe0ec40 WorkerThread "GC Thread#1" [stack: 0x0000000d60b00000,0x0000000d60c00000] [id=14012]
  0x0000012e2fe0e100 WorkerThread "GC Thread#2" [stack: 0x0000000d60c00000,0x0000000d60d00000] [id=11600]
  0x0000012e2fe0e970 WorkerThread "GC Thread#3" [stack: 0x0000000d60d00000,0x0000000d60e00000] [id=19340]
  0x0000012e2fe0ef10 WorkerThread "GC Thread#4" [stack: 0x0000000d60e00000,0x0000000d60f00000] [id=5096]
  0x0000012e2fe0f1e0 WorkerThread "GC Thread#5" [stack: 0x0000000d60f00000,0x0000000d61000000] [id=15220]
  0x0000012e2fe0fa50 WorkerThread "GC Thread#6" [stack: 0x0000000d61000000,0x0000000d61100000] [id=8352]
  0x0000012e2fe0f4b0 WorkerThread "GC Thread#7" [stack: 0x0000000d61100000,0x0000000d61200000] [id=19792]
  0x0000012e07b83760 ConcurrentGCThread "G1 Main Marker" [stack: 0x0000000d5f200000,0x0000000d5f300000] [id=1248]
  0x0000012e07b84190 WorkerThread "G1 Conc#0" [stack: 0x0000000d5f300000,0x0000000d5f400000] [id=8316]
  0x0000012e2b4e47d0 ConcurrentGCThread "G1 Refine#0" [stack: 0x0000000d5f400000,0x0000000d5f500000] [id=9904]
  0x0000012e2b4e5310 ConcurrentGCThread "G1 Service" [stack: 0x0000000d5f500000,0x0000000d5f600000] [id=23244]

Threads with active compile tasks:
C1 CompilerThread0      575 1573       3       java.net.URLConnection::<init> (62 bytes)
C2 CompilerThread2      575 1503       4       jdk.internal.module.SystemModuleFinders$SystemModuleReader::containsImageLocation (42 bytes)

VM state: not at safepoint (normal execution)

VM Mutex/Monitor currently owned by a thread: None

Heap address: 0x0000000705e00000, size: 4002 MB, Compressed Oops mode: Zero based, Oop shift amount: 3

CDS archive(s) mapped at: [0x0000000800000000-0x0000000800c40000-0x0000000800c40000), size 12845056, SharedBaseAddress: 0x0000000800000000, ArchiveRelocationMode: 0.
Compressed class space mapped at: 0x0000000801000000-0x0000000841000000, reserved size: 1073741824
Narrow klass base: 0x0000000800000000, Narrow klass shift: 0, Narrow klass range: 0x100000000

GC Precious Log:
 CardTable entry size: 512
 Card Set container configuration: InlinePtr #cards 4 size 8 Array Of Cards #cards 16 size 48 Howl #buckets 8 coarsen threshold 3686 Howl Bitmap #cards 512 size 80 coarsen threshold 460 Card regions per heap region 1 cards per card region 4096
 CPUs: 16 total, 16 available
 Memory: 16005M
 Large Page Support: Disabled
 NUMA Support: Disabled
 Compressed Oops: Enabled (Zero based)
 Heap Region Size: 2M
 Heap Min Capacity: 8M
 Heap Initial Capacity: 252M
 Heap Max Capacity: 4002M
 Pre-touch: Disabled
 Parallel Workers: 13
 Concurrent Workers: 3
 Concurrent Refinement Workers: 13
 Periodic GC: Disabled

Heap:
 garbage-first heap   total 258048K, used 20142K [0x0000000705e00000, 0x0000000800000000)
  region size 2048K, 11 young (22528K), 2 survivors (4096K)
 Metaspace       used 7050K, committed 7232K, reserved 1114112K
  class space    used 774K, committed 832K, reserved 1048576K

Heap Regions: E=young(eden), S=young(survivor), O=old, HS=humongous(starts), HC=humongous(continues), CS=collection set, F=free, OA=open archive, CA=closed archive, TAMS=top-at-mark-start (previous, next)
|   0|0x0000000705e00000, 0x0000000705e00000, 0x0000000706000000|  0%| F|  |TAMS 0x0000000705e00000, 0x0000000705e00000| Untracked 
|   1|0x0000000706000000, 0x0000000706000000, 0x0000000706200000|  0%| F|  |TAMS 0x0000000706000000, 0x0000000706000000| Untracked 
|   2|0x0000000706200000, 0x0000000706200000, 0x0000000706400000|  0%| F|  |TAMS 0x0000000706200000, 0x0000000706200000| Untracked 
|   3|0x0000000706400000, 0x0000000706400000, 0x0000000706600000|  0%| F|  |TAMS 0x0000000706400000, 0x0000000706400000| Untracked 
|   4|0x0000000706600000, 0x0000000706600000, 0x0000000706800000|  0%| F|  |TAMS 0x0000000706600000, 0x0000000706600000| Untracked 
|   5|0x0000000706800000, 0x0000000706800000, 0x0000000706a00000|  0%| F|  |TAMS 0x0000000706800000, 0x0000000706800000| Untracked 
|   6|0x0000000706a00000, 0x0000000706a00000, 0x0000000706c00000|  0%| F|  |TAMS 0x0000000706a00000, 0x0000000706a00000| Untracked 
|   7|0x0000000706c00000, 0x0000000706c00000, 0x0000000706e00000|  0%| F|  |TAMS 0x0000000706c00000, 0x0000000706c00000| Untracked 
|   8|0x0000000706e00000, 0x0000000706e00000, 0x0000000707000000|  0%| F|  |TAMS 0x0000000706e00000, 0x0000000706e00000| Untracked 
|   9|0x0000000707000000, 0x0000000707000000, 0x0000000707200000|  0%| F|  |TAMS 0x0000000707000000, 0x0000000707000000| Untracked 
|  10|0x0000000707200000, 0x0000000707200000, 0x0000000707400000|  0%| F|  |TAMS 0x0000000707200000, 0x0000000707200000| Untracked 
|  11|0x0000000707400000, 0x0000000707400000, 0x0000000707600000|  0%| F|  |TAMS 0x0000000707400000, 0x0000000707400000| Untracked 
|  12|0x0000000707600000, 0x0000000707600000, 0x0000000707800000|  0%| F|  |TAMS 0x0000000707600000, 0x0000000707600000| Untracked 
|  13|0x0000000707800000, 0x0000000707800000, 0x0000000707a00000|  0%| F|  |TAMS 0x0000000707800000, 0x0000000707800000| Untracked 
|  14|0x0000000707a00000, 0x0000000707a00000, 0x0000000707c00000|  0%| F|  |TAMS 0x0000000707a00000, 0x0000000707a00000| Untracked 
|  15|0x0000000707c00000, 0x0000000707c00000, 0x0000000707e00000|  0%| F|  |TAMS 0x0000000707c00000, 0x0000000707c00000| Untracked 
|  16|0x0000000707e00000, 0x0000000707e00000, 0x0000000708000000|  0%| F|  |TAMS 0x0000000707e00000, 0x0000000707e00000| Untracked 
|  17|0x0000000708000000, 0x0000000708000000, 0x0000000708200000|  0%| F|  |TAMS 0x0000000708000000, 0x0000000708000000| Untracked 
|  18|0x0000000708200000, 0x0000000708200000, 0x0000000708400000|  0%| F|  |TAMS 0x0000000708200000, 0x0000000708200000| Untracked 
|  19|0x0000000708400000, 0x0000000708400000, 0x0000000708600000|  0%| F|  |TAMS 0x0000000708400000, 0x0000000708400000| Untracked 
|  20|0x0000000708600000, 0x0000000708600000, 0x0000000708800000|  0%| F|  |TAMS 0x0000000708600000, 0x0000000708600000| Untracked 
|  21|0x0000000708800000, 0x0000000708800000, 0x0000000708a00000|  0%| F|  |TAMS 0x0000000708800000, 0x0000000708800000| Untracked 
|  22|0x0000000708a00000, 0x0000000708a00000, 0x0000000708c00000|  0%| F|  |TAMS 0x0000000708a00000, 0x0000000708a00000| Untracked 
|  23|0x0000000708c00000, 0x0000000708c00000, 0x0000000708e00000|  0%| F|  |TAMS 0x0000000708c00000, 0x0000000708c00000| Untracked 
|  24|0x0000000708e00000, 0x0000000708e00000, 0x0000000709000000|  0%| F|  |TAMS 0x0000000708e00000, 0x0000000708e00000| Untracked 
|  25|0x0000000709000000, 0x0000000709000000, 0x0000000709200000|  0%| F|  |TAMS 0x0000000709000000, 0x0000000709000000| Untracked 
|  26|0x0000000709200000, 0x0000000709200000, 0x0000000709400000|  0%| F|  |TAMS 0x0000000709200000, 0x0000000709200000| Untracked 
|  27|0x0000000709400000, 0x0000000709400000, 0x0000000709600000|  0%| F|  |TAMS 0x0000000709400000, 0x0000000709400000| Untracked 
|  28|0x0000000709600000, 0x0000000709600000, 0x0000000709800000|  0%| F|  |TAMS 0x0000000709600000, 0x0000000709600000| Untracked 
|  29|0x0000000709800000, 0x0000000709800000, 0x0000000709a00000|  0%| F|  |TAMS 0x0000000709800000, 0x0000000709800000| Untracked 
|  30|0x0000000709a00000, 0x0000000709a00000, 0x0000000709c00000|  0%| F|  |TAMS 0x0000000709a00000, 0x0000000709a00000| Untracked 
|  31|0x0000000709c00000, 0x0000000709c00000, 0x0000000709e00000|  0%| F|  |TAMS 0x0000000709c00000, 0x0000000709c00000| Untracked 
|  32|0x0000000709e00000, 0x0000000709e00000, 0x000000070a000000|  0%| F|  |TAMS 0x0000000709e00000, 0x0000000709e00000| Untracked 
|  33|0x000000070a000000, 0x000000070a000000, 0x000000070a200000|  0%| F|  |TAMS 0x000000070a000000, 0x000000070a000000| Untracked 
|  34|0x000000070a200000, 0x000000070a200000, 0x000000070a400000|  0%| F|  |TAMS 0x000000070a200000, 0x000000070a200000| Untracked 
|  35|0x000000070a400000, 0x000000070a400000, 0x000000070a600000|  0%| F|  |TAMS 0x000000070a400000, 0x000000070a400000| Untracked 
|  36|0x000000070a600000, 0x000000070a600000, 0x000000070a800000|  0%| F|  |TAMS 0x000000070a600000, 0x000000070a600000| Untracked 
|  37|0x000000070a800000, 0x000000070a800000, 0x000000070aa00000|  0%| F|  |TAMS 0x000000070a800000, 0x000000070a800000| Untracked 
|  38|0x000000070aa00000, 0x000000070aa00000, 0x000000070ac00000|  0%| F|  |TAMS 0x000000070aa00000, 0x000000070aa00000| Untracked 
|  39|0x000000070ac00000, 0x000000070ac00000, 0x000000070ae00000|  0%| F|  |TAMS 0x000000070ac00000, 0x000000070ac00000| Untracked 
|  40|0x000000070ae00000, 0x000000070ae00000, 0x000000070b000000|  0%| F|  |TAMS 0x000000070ae00000, 0x000000070ae00000| Untracked 
|  41|0x000000070b000000, 0x000000070b000000, 0x000000070b200000|  0%| F|  |TAMS 0x000000070b000000, 0x000000070b000000| Untracked 
|  42|0x000000070b200000, 0x000000070b200000, 0x000000070b400000|  0%| F|  |TAMS 0x000000070b200000, 0x000000070b200000| Untracked 
|  43|0x000000070b400000, 0x000000070b400000, 0x000000070b600000|  0%| F|  |TAMS 0x000000070b400000, 0x000000070b400000| Untracked 
|  44|0x000000070b600000, 0x000000070b600000, 0x000000070b800000|  0%| F|  |TAMS 0x000000070b600000, 0x000000070b600000| Untracked 
|  45|0x000000070b800000, 0x000000070b800000, 0x000000070ba00000|  0%| F|  |TAMS 0x000000070b800000, 0x000000070b800000| Untracked 
|  46|0x000000070ba00000, 0x000000070ba00000, 0x000000070bc00000|  0%| F|  |TAMS 0x000000070ba00000, 0x000000070ba00000| Untracked 
|  47|0x000000070bc00000, 0x000000070bc00000, 0x000000070be00000|  0%| F|  |TAMS 0x000000070bc00000, 0x000000070bc00000| Untracked 
|  48|0x000000070be00000, 0x000000070be00000, 0x000000070c000000|  0%| F|  |TAMS 0x000000070be00000, 0x000000070be00000| Untracked 
|  49|0x000000070c000000, 0x000000070c000000, 0x000000070c200000|  0%| F|  |TAMS 0x000000070c000000, 0x000000070c000000| Untracked 
|  50|0x000000070c200000, 0x000000070c200000, 0x000000070c400000|  0%| F|  |TAMS 0x000000070c200000, 0x000000070c200000| Untracked 
|  51|0x000000070c400000, 0x000000070c400000, 0x000000070c600000|  0%| F|  |TAMS 0x000000070c400000, 0x000000070c400000| Untracked 
|  52|0x000000070c600000, 0x000000070c600000, 0x000000070c800000|  0%| F|  |TAMS 0x000000070c600000, 0x000000070c600000| Untracked 
|  53|0x000000070c800000, 0x000000070c800000, 0x000000070ca00000|  0%| F|  |TAMS 0x000000070c800000, 0x000000070c800000| Untracked 
|  54|0x000000070ca00000, 0x000000070ca00000, 0x000000070cc00000|  0%| F|  |TAMS 0x000000070ca00000, 0x000000070ca00000| Untracked 
|  55|0x000000070cc00000, 0x000000070cc00000, 0x000000070ce00000|  0%| F|  |TAMS 0x000000070cc00000, 0x000000070cc00000| Untracked 
|  56|0x000000070ce00000, 0x000000070ce00000, 0x000000070d000000|  0%| F|  |TAMS 0x000000070ce00000, 0x000000070ce00000| Untracked 
|  57|0x000000070d000000, 0x000000070d000000, 0x000000070d200000|  0%| F|  |TAMS 0x000000070d000000, 0x000000070d000000| Untracked 
|  58|0x000000070d200000, 0x000000070d200000, 0x000000070d400000|  0%| F|  |TAMS 0x000000070d200000, 0x000000070d200000| Untracked 
|  59|0x000000070d400000, 0x000000070d400000, 0x000000070d600000|  0%| F|  |TAMS 0x000000070d400000, 0x000000070d400000| Untracked 
|  60|0x000000070d600000, 0x000000070d600000, 0x000000070d800000|  0%| F|  |TAMS 0x000000070d600000, 0x000000070d600000| Untracked 
|  61|0x000000070d800000, 0x000000070d800000, 0x000000070da00000|  0%| F|  |TAMS 0x000000070d800000, 0x000000070d800000| Untracked 
|  62|0x000000070da00000, 0x000000070da00000, 0x000000070dc00000|  0%| F|  |TAMS 0x000000070da00000, 0x000000070da00000| Untracked 
|  63|0x000000070dc00000, 0x000000070dc00000, 0x000000070de00000|  0%| F|  |TAMS 0x000000070dc00000, 0x000000070dc00000| Untracked 
|  64|0x000000070de00000, 0x000000070de00000, 0x000000070e000000|  0%| F|  |TAMS 0x000000070de00000, 0x000000070de00000| Untracked 
|  65|0x000000070e000000, 0x000000070e000000, 0x000000070e200000|  0%| F|  |TAMS 0x000000070e000000, 0x000000070e000000| Untracked 
|  66|0x000000070e200000, 0x000000070e200000, 0x000000070e400000|  0%| F|  |TAMS 0x000000070e200000, 0x000000070e200000| Untracked 
|  67|0x000000070e400000, 0x000000070e400000, 0x000000070e600000|  0%| F|  |TAMS 0x000000070e400000, 0x000000070e400000| Untracked 
|  68|0x000000070e600000, 0x000000070e600000, 0x000000070e800000|  0%| F|  |TAMS 0x000000070e600000, 0x000000070e600000| Untracked 
|  69|0x000000070e800000, 0x000000070e800000, 0x000000070ea00000|  0%| F|  |TAMS 0x000000070e800000, 0x000000070e800000| Untracked 
|  70|0x000000070ea00000, 0x000000070ea00000, 0x000000070ec00000|  0%| F|  |TAMS 0x000000070ea00000, 0x000000070ea00000| Untracked 
|  71|0x000000070ec00000, 0x000000070ec00000, 0x000000070ee00000|  0%| F|  |TAMS 0x000000070ec00000, 0x000000070ec00000| Untracked 
|  72|0x000000070ee00000, 0x000000070ee00000, 0x000000070f000000|  0%| F|  |TAMS 0x000000070ee00000, 0x000000070ee00000| Untracked 
|  73|0x000000070f000000, 0x000000070f000000, 0x000000070f200000|  0%| F|  |TAMS 0x000000070f000000, 0x000000070f000000| Untracked 
|  74|0x000000070f200000, 0x000000070f200000, 0x000000070f400000|  0%| F|  |TAMS 0x000000070f200000, 0x000000070f200000| Untracked 
|  75|0x000000070f400000, 0x000000070f400000, 0x000000070f600000|  0%| F|  |TAMS 0x000000070f400000, 0x000000070f400000| Untracked 
|  76|0x000000070f600000, 0x000000070f600000, 0x000000070f800000|  0%| F|  |TAMS 0x000000070f600000, 0x000000070f600000| Untracked 
|  77|0x000000070f800000, 0x000000070f800000, 0x000000070fa00000|  0%| F|  |TAMS 0x000000070f800000, 0x000000070f800000| Untracked 
|  78|0x000000070fa00000, 0x000000070fa00000, 0x000000070fc00000|  0%| F|  |TAMS 0x000000070fa00000, 0x000000070fa00000| Untracked 
|  79|0x000000070fc00000, 0x000000070fc00000, 0x000000070fe00000|  0%| F|  |TAMS 0x000000070fc00000, 0x000000070fc00000| Untracked 
|  80|0x000000070fe00000, 0x000000070fe00000, 0x0000000710000000|  0%| F|  |TAMS 0x000000070fe00000, 0x000000070fe00000| Untracked 
|  81|0x0000000710000000, 0x0000000710000000, 0x0000000710200000|  0%| F|  |TAMS 0x0000000710000000, 0x0000000710000000| Untracked 
|  82|0x0000000710200000, 0x0000000710200000, 0x0000000710400000|  0%| F|  |TAMS 0x0000000710200000, 0x0000000710200000| Untracked 
|  83|0x0000000710400000, 0x0000000710400000, 0x0000000710600000|  0%| F|  |TAMS 0x0000000710400000, 0x0000000710400000| Untracked 
|  84|0x0000000710600000, 0x0000000710600000, 0x0000000710800000|  0%| F|  |TAMS 0x0000000710600000, 0x0000000710600000| Untracked 
|  85|0x0000000710800000, 0x0000000710800000, 0x0000000710a00000|  0%| F|  |TAMS 0x0000000710800000, 0x0000000710800000| Untracked 
|  86|0x0000000710a00000, 0x0000000710a00000, 0x0000000710c00000|  0%| F|  |TAMS 0x0000000710a00000, 0x0000000710a00000| Untracked 
|  87|0x0000000710c00000, 0x0000000710c00000, 0x0000000710e00000|  0%| F|  |TAMS 0x0000000710c00000, 0x0000000710c00000| Untracked 
|  88|0x0000000710e00000, 0x0000000710e00000, 0x0000000711000000|  0%| F|  |TAMS 0x0000000710e00000, 0x0000000710e00000| Untracked 
|  89|0x0000000711000000, 0x0000000711000000, 0x0000000711200000|  0%| F|  |TAMS 0x0000000711000000, 0x0000000711000000| Untracked 
|  90|0x0000000711200000, 0x0000000711200000, 0x0000000711400000|  0%| F|  |TAMS 0x0000000711200000, 0x0000000711200000| Untracked 
|  91|0x0000000711400000, 0x0000000711400000, 0x0000000711600000|  0%| F|  |TAMS 0x0000000711400000, 0x0000000711400000| Untracked 
|  92|0x0000000711600000, 0x0000000711600000, 0x0000000711800000|  0%| F|  |TAMS 0x0000000711600000, 0x0000000711600000| Untracked 
|  93|0x0000000711800000, 0x0000000711800000, 0x0000000711a00000|  0%| F|  |TAMS 0x0000000711800000, 0x0000000711800000| Untracked 
|  94|0x0000000711a00000, 0x0000000711a00000, 0x0000000711c00000|  0%| F|  |TAMS 0x0000000711a00000, 0x0000000711a00000| Untracked 
|  95|0x0000000711c00000, 0x0000000711c00000, 0x0000000711e00000|  0%| F|  |TAMS 0x0000000711c00000, 0x0000000711c00000| Untracked 
|  96|0x0000000711e00000, 0x0000000711e00000, 0x0000000712000000|  0%| F|  |TAMS 0x0000000711e00000, 0x0000000711e00000| Untracked 
|  97|0x0000000712000000, 0x0000000712000000, 0x0000000712200000|  0%| F|  |TAMS 0x0000000712000000, 0x0000000712000000| Untracked 
|  98|0x0000000712200000, 0x0000000712200000, 0x0000000712400000|  0%| F|  |TAMS 0x0000000712200000, 0x0000000712200000| Untracked 
|  99|0x0000000712400000, 0x0000000712400000, 0x0000000712600000|  0%| F|  |TAMS 0x0000000712400000, 0x0000000712400000| Untracked 
| 100|0x0000000712600000, 0x0000000712600000, 0x0000000712800000|  0%| F|  |TAMS 0x0000000712600000, 0x0000000712600000| Untracked 
| 101|0x0000000712800000, 0x0000000712800000, 0x0000000712a00000|  0%| F|  |TAMS 0x0000000712800000, 0x0000000712800000| Untracked 
| 102|0x0000000712a00000, 0x0000000712a00000, 0x0000000712c00000|  0%| F|  |TAMS 0x0000000712a00000, 0x0000000712a00000| Untracked 
| 103|0x0000000712c00000, 0x0000000712c00000, 0x0000000712e00000|  0%| F|  |TAMS 0x0000000712c00000, 0x0000000712c00000| Untracked 
| 104|0x0000000712e00000, 0x0000000712e00000, 0x0000000713000000|  0%| F|  |TAMS 0x0000000712e00000, 0x0000000712e00000| Untracked 
| 105|0x0000000713000000, 0x0000000713000000, 0x0000000713200000|  0%| F|  |TAMS 0x0000000713000000, 0x0000000713000000| Untracked 
| 106|0x0000000713200000, 0x0000000713200000, 0x0000000713400000|  0%| F|  |TAMS 0x0000000713200000, 0x0000000713200000| Untracked 
| 107|0x0000000713400000, 0x0000000713400000, 0x0000000713600000|  0%| F|  |TAMS 0x0000000713400000, 0x0000000713400000| Untracked 
| 108|0x0000000713600000, 0x0000000713600000, 0x0000000713800000|  0%| F|  |TAMS 0x0000000713600000, 0x0000000713600000| Untracked 
| 109|0x0000000713800000, 0x0000000713800000, 0x0000000713a00000|  0%| F|  |TAMS 0x0000000713800000, 0x0000000713800000| Untracked 
| 110|0x0000000713a00000, 0x0000000713a00000, 0x0000000713c00000|  0%| F|  |TAMS 0x0000000713a00000, 0x0000000713a00000| Untracked 
| 111|0x0000000713c00000, 0x0000000713c00000, 0x0000000713e00000|  0%| F|  |TAMS 0x0000000713c00000, 0x0000000713c00000| Untracked 
| 112|0x0000000713e00000, 0x0000000713e00000, 0x0000000714000000|  0%| F|  |TAMS 0x0000000713e00000, 0x0000000713e00000| Untracked 
| 113|0x0000000714000000, 0x00000007141ab900, 0x0000000714200000| 83%| S|CS|TAMS 0x0000000714000000, 0x0000000714000000| Complete 
| 114|0x0000000714200000, 0x0000000714400000, 0x0000000714400000|100%| S|CS|TAMS 0x0000000714200000, 0x0000000714200000| Complete 
| 115|0x0000000714400000, 0x0000000714400000, 0x0000000714600000|  0%| F|  |TAMS 0x0000000714400000, 0x0000000714400000| Untracked 
| 116|0x0000000714600000, 0x0000000714600000, 0x0000000714800000|  0%| F|  |TAMS 0x0000000714600000, 0x0000000714600000| Untracked 
| 117|0x0000000714800000, 0x0000000714a00000, 0x0000000714a00000|100%| E|  |TAMS 0x0000000714800000, 0x0000000714800000| Complete 
| 118|0x0000000714a00000, 0x0000000714c00000, 0x0000000714c00000|100%| E|CS|TAMS 0x0000000714a00000, 0x0000000714a00000| Complete 
| 119|0x0000000714c00000, 0x0000000714e00000, 0x0000000714e00000|100%| E|CS|TAMS 0x0000000714c00000, 0x0000000714c00000| Complete 
| 120|0x0000000714e00000, 0x0000000715000000, 0x0000000715000000|100%| E|CS|TAMS 0x0000000714e00000, 0x0000000714e00000| Complete 
| 121|0x0000000715000000, 0x0000000715200000, 0x0000000715200000|100%| E|CS|TAMS 0x0000000715000000, 0x0000000715000000| Complete 
| 122|0x0000000715200000, 0x0000000715400000, 0x0000000715400000|100%| E|CS|TAMS 0x0000000715200000, 0x0000000715200000| Complete 
| 123|0x0000000715400000, 0x0000000715600000, 0x0000000715600000|100%| E|CS|TAMS 0x0000000715400000, 0x0000000715400000| Complete 
| 124|0x0000000715600000, 0x0000000715800000, 0x0000000715800000|100%| E|CS|TAMS 0x0000000715600000, 0x0000000715600000| Complete 
| 125|0x0000000715800000, 0x0000000715a00000, 0x0000000715a00000|100%| E|CS|TAMS 0x0000000715800000, 0x0000000715800000| Complete 

Card table byte_map: [0x0000012e1fac0000,0x0000012e202a0000] _byte_map_base: 0x0000012e1c291000

Marking Bits (Prev, Next): (CMBitMap*) 0x0000012e07b73280, (CMBitMap*) 0x0000012e07b732c0
 Prev Bits: [0x0000012e20a80000, 0x0000012e24908000)
 Next Bits: [0x0000012e24910000, 0x0000012e28798000)

Polling page: 0x0000012e05a40000

Metaspace:

Usage:
  Non-class:      6.16 MB used.
      Class:    780.88 KB used.
       Both:      6.92 MB used.

Virtual space:
  Non-class space:       64.00 MB reserved,       6.25 MB ( 10%) committed,  1 nodes.
      Class space:        1.00 GB reserved,     832.00 KB ( <1%) committed,  1 nodes.
             Both:        1.06 GB reserved,       7.06 MB ( <1%) committed. 

Chunk freelists:
   Non-Class:  80.00 KB
       Class:  3.16 MB
        Both:  3.23 MB

MaxMetaspaceSize: unlimited
CompressedClassSpaceSize: 1.00 GB
Initial GC threshold: 21.00 MB
Current GC threshold: 21.00 MB
CDS: on
MetaspaceReclaimPolicy: balanced
 - commit_granule_bytes: 65536.
 - commit_granule_words: 8192.
 - virtual_space_node_default_size: 8388608.
 - enlarge_chunks_in_place: 1.
 - new_chunks_are_fully_committed: 0.
 - uncommit_free_chunks: 1.
 - use_allocation_guard: 0.


Internal statistics:

num_allocs_failed_limit: 0.
num_arena_births: 50.
num_arena_deaths: 0.
num_vsnodes_births: 2.
num_vsnodes_deaths: 0.
num_space_committed: 113.
num_space_uncommitted: 0.
num_chunks_returned_to_freelist: 0.
num_chunks_taken_from_freelist: 237.
num_chunk_merges: 0.
num_chunk_splits: 174.
num_chunks_enlarged: 150.
num_inconsistent_stats: 0.

CodeHeap 'non-profiled nmethods': size=119168Kb used=627Kb max_used=627Kb free=118540Kb
 bounds [0x0000012e17600000, 0x0000012e17870000, 0x0000012e1ea60000]
CodeHeap 'profiled nmethods': size=119104Kb used=2994Kb max_used=2994Kb free=116109Kb
 bounds [0x0000012e0fa60000, 0x0000012e0fd50000, 0x0000012e16eb0000]
CodeHeap 'non-nmethods': size=7488Kb used=2941Kb max_used=3001Kb free=4547Kb
 bounds [0x0000012e16eb0000, 0x0000012e171b0000, 0x0000012e17600000]
 total_blobs=2039 nmethods=1575 adapters=372
 compilation: enabled
              stopped_count=0, restarted_count=0
 full_count=0

Compilation events (20 events):
Event: 0.556 Thread 0x0000012e2f9b3990 nmethod 1532 0x0000012e0fd2d790 code [0x0000012e0fd2d920, 0x0000012e0fd2da38]
Event: 0.557 Thread 0x0000012e2fe04960 1533       4       java.lang.CharacterDataLatin1::isWhitespace (23 bytes)
Event: 0.557 Thread 0x0000012e2b650c70 nmethod 1527 0x0000012e17697c90 code [0x0000012e17697e20, 0x0000012e176980b8]
Event: 0.558 Thread 0x0000012e2f9b3990 1534       3       sun.invoke.util.VerifyType::isNullConversion (157 bytes)
Event: 0.558 Thread 0x0000012e2fe04960 nmethod 1533 0x0000012e17698310 code [0x0000012e176984a0, 0x0000012e17698558]
Event: 0.558 Thread 0x0000012e2b651bf0 1535       3       jdk.internal.org.objectweb.asm.MethodWriter::visitFieldInsn (258 bytes)
Event: 0.558 Thread 0x0000012e2ff10750 1536       3       jdk.internal.org.objectweb.asm.SymbolTable::addConstantFieldref (10 bytes)
Event: 0.558 Thread 0x0000012e2fe2a410 1537       3       java.util.LinkedHashMap$LinkedValueIterator::next (8 bytes)
Event: 0.558 Thread 0x0000012e2ff10750 nmethod 1536 0x0000012e0fd2db10 code [0x0000012e0fd2dcc0, 0x0000012e0fd2de08]
Event: 0.558 Thread 0x0000012e2fe2a410 nmethod 1537 0x0000012e0fd2de90 code [0x0000012e0fd2e040, 0x0000012e0fd2e188]
Event: 0.558 Thread 0x0000012e2ff10750 1538       3       jdk.internal.org.objectweb.asm.Attribute::computeAttributesSize (62 bytes)
Event: 0.558 Thread 0x0000012e2fe2a410 1539       3       jdk.internal.org.objectweb.asm.AnnotationWriter::computeAnnotationsSize (66 bytes)
Event: 0.559 Thread 0x0000012e2ff10750 nmethod 1538 0x0000012e0fd2e290 code [0x0000012e0fd2e460, 0x0000012e0fd2e788]
Event: 0.559 Thread 0x0000012e2ff10750 1540       3       jdk.internal.org.objectweb.asm.Attribute::putAttributes (78 bytes)
Event: 0.559 Thread 0x0000012e2fe2a410 nmethod 1539 0x0000012e0fd2e910 code [0x0000012e0fd2eb00, 0x0000012e0fd2ee38]
Event: 0.559 Thread 0x0000012e2b651bf0 nmethod 1535 0x0000012e0fd30e10 code [0x0000012e0fd31080, 0x0000012e0fd31c68]
Event: 0.559 Thread 0x0000012e2f9b3990 nmethod 1534 0x0000012e0fd2f010 code [0x0000012e0fd2f340, 0x0000012e0fd30928]
Event: 0.559 Thread 0x0000012e2ff10750 nmethod 1540 0x0000012e0fd32090 code [0x0000012e0fd322e0, 0x0000012e0fd32818]
Event: 0.560 Thread 0x0000012e2f9b3990 1541       3       java.lang.Class::privateGetDeclaredFields (64 bytes)
Event: 0.560 Thread 0x0000012e2f9b3990 nmethod 1541 0x0000012e0fd32b10 code [0x0000012e0fd32d40, 0x0000012e0fd33558]

GC Heap History (2 events):
Event: 0.370 GC heap before
{Heap before GC invocations=0 (full 0):
 garbage-first heap   total 258048K, used 22528K [0x0000000705e00000, 0x0000000800000000)
  region size 2048K, 11 young (22528K), 0 survivors (0K)
 Metaspace       used 5273K, committed 5376K, reserved 1114112K
  class space    used 572K, committed 640K, reserved 1048576K
}
Event: 0.373 GC heap after
{Heap after GC invocations=1 (full 0):
 garbage-first heap   total 258048K, used 3758K [0x0000000705e00000, 0x0000000800000000)
  region size 2048K, 2 young (4096K), 2 survivors (4096K)
 Metaspace       used 5273K, committed 5376K, reserved 1114112K
  class space    used 572K, committed 640K, reserved 1048576K
}

Dll operation events (12 events):
Event: 0.005 Loaded shared library C:\Program Files\Java\jdk-19\bin\java.dll
Event: 0.011 Loaded shared library C:\Program Files\Java\jdk-19\bin\jsvml.dll
Event: 0.039 Loaded shared library C:\Program Files\Java\jdk-19\bin\zip.dll
Event: 0.040 Loaded shared library C:\Program Files\Java\jdk-19\bin\instrument.dll
Event: 0.043 Loaded shared library C:\Program Files\Java\jdk-19\bin\net.dll
Event: 0.044 Loaded shared library C:\Program Files\Java\jdk-19\bin\nio.dll
Event: 0.046 Loaded shared library C:\Program Files\Java\jdk-19\bin\zip.dll
Event: 0.054 Loaded shared library C:\Program Files\JetBrains\IntelliJ IDEA 2022.1.2\bin\breakgen64.dll
Event: 0.058 Loaded shared library C:\Program Files\Java\jdk-19\bin\extnet.dll
Event: 0.107 Loaded shared library C:\Program Files\Java\jdk-19\bin\jimage.dll
Event: 0.155 Loaded shared library C:\Users\99293\AppData\Local\Temp\jansi-2.4.0-ef2f2c6b43ec7f1f-jansi.dll
Event: 0.163 Loaded shared library C:\Program Files\Java\jdk-19\bin\verify.dll

Deoptimization events (20 events):
Event: 0.376 Thread 0x0000012e07aff270 DEOPT PACKING pc=0x0000012e0facc15e sp=0x0000000d5f0fde10
Event: 0.376 Thread 0x0000012e07aff270 DEOPT UNPACKING pc=0x0000012e16f17543 sp=0x0000000d5f0fd2e8 mode 0
Event: 0.403 Thread 0x0000012e07aff270 Uncommon trap: trap_request=0xffffff45 fr.pc=0x0000012e17654fb8 relative=0x0000000000000598
Event: 0.403 Thread 0x0000012e07aff270 Uncommon trap: reason=unstable_if action=reinterpret pc=0x0000012e17654fb8 method=sun.nio.cs.StreamDecoder.implRead([CII)I @ 197 c2
Event: 0.403 Thread 0x0000012e07aff270 DEOPT PACKING pc=0x0000012e17654fb8 sp=0x0000000d5f0fd7d0
Event: 0.403 Thread 0x0000012e07aff270 DEOPT UNPACKING pc=0x0000012e16f16da3 sp=0x0000000d5f0fd790 mode 2
Event: 0.405 Thread 0x0000012e07aff270 Uncommon trap: trap_request=0xffffff45 fr.pc=0x0000012e17656fa4 relative=0x00000000000009c4
Event: 0.405 Thread 0x0000012e07aff270 Uncommon trap: reason=unstable_if action=reinterpret pc=0x0000012e17656fa4 method=org.codehaus.plexus.util.xml.pull.MXParser.nextImpl()I @ 241 c2
Event: 0.405 Thread 0x0000012e07aff270 DEOPT PACKING pc=0x0000012e17656fa4 sp=0x0000000d5f0fe250
Event: 0.405 Thread 0x0000012e07aff270 DEOPT UNPACKING pc=0x0000012e16f16da3 sp=0x0000000d5f0fe1c8 mode 2
Event: 0.507 Thread 0x0000012e07aff270 Uncommon trap: trap_request=0xffffff45 fr.pc=0x0000012e176835bc relative=0x000000000000067c
Event: 0.507 Thread 0x0000012e07aff270 Uncommon trap: reason=unstable_if action=reinterpret pc=0x0000012e176835bc method=java.lang.String.<init>([CIILjava/lang/Void;)V @ 5 c2
Event: 0.507 Thread 0x0000012e07aff270 DEOPT PACKING pc=0x0000012e176835bc sp=0x0000000d5f0fde80
Event: 0.507 Thread 0x0000012e07aff270 DEOPT UNPACKING pc=0x0000012e16f16da3 sp=0x0000000d5f0fdd18 mode 2
Event: 0.527 Thread 0x0000012e07aff270 Uncommon trap: trap_request=0xffffff45 fr.pc=0x0000012e17672ebc relative=0x000000000000031c
Event: 0.527 Thread 0x0000012e07aff270 Uncommon trap: reason=unstable_if action=reinterpret pc=0x0000012e17672ebc method=java.lang.String.<init>([CIILjava/lang/Void;)V @ 5 c2
Event: 0.527 Thread 0x0000012e07aff270 DEOPT PACKING pc=0x0000012e17672ebc sp=0x0000000d5f0fdd50
Event: 0.527 Thread 0x0000012e07aff270 DEOPT UNPACKING pc=0x0000012e16f16da3 sp=0x0000000d5f0fdd10 mode 2
Event: 0.532 Thread 0x0000012e07aff270 DEOPT PACKING pc=0x0000012e0fcc4eb4 sp=0x0000000d5f0fdff0
Event: 0.532 Thread 0x0000012e07aff270 DEOPT UNPACKING pc=0x0000012e16f17543 sp=0x0000000d5f0fd460 mode 0

Classes loaded (20 events):
Event: 0.343 Loading class java/lang/reflect/WildcardType
Event: 0.343 Loading class java/lang/reflect/WildcardType done
Event: 0.345 Loading class sun/reflect/generics/tree/TypeVariableSignature
Event: 0.345 Loading class sun/reflect/generics/tree/TypeVariableSignature done
Event: 0.350 Loading class java/lang/annotation/IncompleteAnnotationException
Event: 0.350 Loading class java/lang/annotation/IncompleteAnnotationException done
Event: 0.365 Loading class java/lang/foreign/MemorySegment
Event: 0.365 Loading class java/lang/foreign/Addressable
Event: 0.365 Loading class java/lang/foreign/Addressable done
Event: 0.365 Loading class java/lang/foreign/MemorySegment done
Event: 0.373 Loading class java/util/concurrent/locks/AbstractQueuedSynchronizer$ExclusiveNode
Event: 0.373 Loading class java/util/concurrent/locks/AbstractQueuedSynchronizer$ExclusiveNode done
Event: 0.408 Loading class sun/reflect/generics/reflectiveObjects/TypeVariableImpl
Event: 0.408 Loading class sun/reflect/generics/reflectiveObjects/LazyReflectiveObjectGenerator
Event: 0.408 Loading class sun/reflect/generics/reflectiveObjects/LazyReflectiveObjectGenerator done
Event: 0.408 Loading class sun/reflect/generics/reflectiveObjects/TypeVariableImpl done
Event: 0.408 Loading class sun/reflect/generics/reflectiveObjects/ParameterizedTypeImpl
Event: 0.408 Loading class sun/reflect/generics/reflectiveObjects/ParameterizedTypeImpl done
Event: 0.408 Loading class sun/reflect/misc/ReflectUtil
Event: 0.408 Loading class sun/reflect/misc/ReflectUtil done

Classes unloaded (0 events):
No events

Classes redefined (0 events):
No events

Internal exceptions (14 events):
Event: 0.049 Thread 0x0000012e07aff270 Exception <a 'java/lang/NoSuchMethodError'{0x00000007156ca920}: 'void java.lang.invoke.DirectMethodHandle$Holder.invokeStatic(java.lang.Object, java.lang.Object, java.lang.Object)'> (0x00000007156ca920) 
thrown [s\open\src\hotspot\share\interpreter\linkResolver.cpp, line 774]
Event: 0.052 Thread 0x0000012e07aff270 Exception <a 'java/lang/NoSuchMethodError'{0x00000007156e3180}: 'java.lang.Object java.lang.invoke.Invokers$Holder.invokeExact_MT(java.lang.Object, java.lang.Object, java.lang.Object, java.lang.Object, java.lang.Object)'> (0x00000007156e3180) 
thrown [s\open\src\hotspot\share\interpreter\linkResolver.cpp, line 774]
Event: 0.059 Thread 0x0000012e2fb3f500 Exception <a 'java/lang/NoSuchMethodError'{0x0000000715759f58}: 'void java.lang.invoke.DirectMethodHandle$Holder.invokeStatic(java.lang.Object, java.lang.Object)'> (0x0000000715759f58) 
thrown [s\open\src\hotspot\share\interpreter\linkResolver.cpp, line 774]
Event: 0.105 Thread 0x0000012e07aff270 Exception <a 'java/lang/NullPointerException'{0x00000007155a4638}> (0x00000007155a4638) 
thrown [s\open\src\hotspot\share\interpreter\linkResolver.cpp, line 1374]
Event: 0.157 Thread 0x0000012e07aff270 Exception <a 'java/lang/NullPointerException'{0x00000007153977a0}> (0x00000007153977a0) 
thrown [s\open\src\hotspot\share\interpreter\linkResolver.cpp, line 1374]
Event: 0.157 Thread 0x0000012e07aff270 Exception <a 'java/lang/NullPointerException'{0x0000000715397a80}> (0x0000000715397a80) 
thrown [s\open\src\hotspot\share\interpreter\linkResolver.cpp, line 1374]
Event: 0.157 Thread 0x0000012e07aff270 Exception <a 'java/lang/NullPointerException'{0x0000000715397d60}> (0x0000000715397d60) 
thrown [s\open\src\hotspot\share\interpreter\linkResolver.cpp, line 1374]
Event: 0.158 Thread 0x0000012e07aff270 Exception <a 'java/lang/NullPointerException'{0x000000071539d040}> (0x000000071539d040) 
thrown [s\open\src\hotspot\share\interpreter\linkResolver.cpp, line 1374]
Event: 0.159 Thread 0x0000012e07aff270 Exception <a 'java/lang/NullPointerException'{0x00000007153b05a8}> (0x00000007153b05a8) 
thrown [s\open\src\hotspot\share\interpreter\linkResolver.cpp, line 1374]
Event: 0.159 Thread 0x0000012e07aff270 Exception <a 'java/lang/NullPointerException'{0x00000007153b0888}> (0x00000007153b0888) 
thrown [s\open\src\hotspot\share\interpreter\linkResolver.cpp, line 1374]
Event: 0.159 Thread 0x0000012e07aff270 Exception <a 'java/lang/NullPointerException'{0x00000007153b0b68}> (0x00000007153b0b68) 
thrown [s\open\src\hotspot\share\interpreter\linkResolver.cpp, line 1374]
Event: 0.159 Thread 0x0000012e07aff270 Exception <a 'java/lang/NullPointerException'{0x00000007153b0e48}> (0x00000007153b0e48) 
thrown [s\open\src\hotspot\share\interpreter\linkResolver.cpp, line 1374]
Event: 0.330 Thread 0x0000012e07aff270 Exception <a 'java/lang/NoSuchMethodError'{0x000000071468e548}: 'java.lang.Object java.lang.invoke.DirectMethodHandle$Holder.newInvokeSpecial(java.lang.Object, java.lang.Object, java.lang.Object, java.lang.Object, java.lang.Object)'> (0x000000071468e548) 
thrown [s\open\src\hotspot\share\interpreter\linkResolver.cpp, line 774]
Event: 0.350 Thread 0x0000012e07aff270 Exception <a 'java/lang/NoClassDefFoundError'{0x00000007147e8430}: javax/enterprise/inject/Typed> (0x00000007147e8430) 
thrown [s\open\src\hotspot\share\classfile\systemDictionary.cpp, line 244]

VM Operations (14 events):
Event: 0.033 Executing VM operation: HandshakeAllThreads
Event: 0.033 Executing VM operation: HandshakeAllThreads done
Event: 0.056 Executing VM operation: HandshakeAllThreads
Event: 0.056 Executing VM operation: HandshakeAllThreads done
Event: 0.105 Executing VM operation: HandshakeAllThreads
Event: 0.105 Executing VM operation: HandshakeAllThreads done
Event: 0.109 Executing VM operation: HandshakeAllThreads
Event: 0.109 Executing VM operation: HandshakeAllThreads done
Event: 0.353 Executing VM operation: ICBufferFull
Event: 0.354 Executing VM operation: ICBufferFull done
Event: 0.370 Executing VM operation: G1CollectForAllocation
Event: 0.373 Executing VM operation: G1CollectForAllocation done
Event: 0.373 Executing VM operation: HandshakeAllThreads
Event: 0.373 Executing VM operation: HandshakeAllThreads done

Events (20 events):
Event: 0.011 Thread 0x0000012e07aff270 Thread added: 0x0000012e07aff270
Event: 0.018 Thread 0x0000012e2b641bc0 Thread added: 0x0000012e2b641bc0
Event: 0.018 Thread 0x0000012e2b6428b0 Thread added: 0x0000012e2b6428b0
Event: 0.019 Thread 0x0000012e2b648a30 Thread added: 0x0000012e2b648a30
Event: 0.019 Thread 0x0000012e2b64a980 Thread added: 0x0000012e2b64a980
Event: 0.019 Thread 0x0000012e2b64d2c0 Thread added: 0x0000012e2b64d2c0
Event: 0.019 Thread 0x0000012e2b64dbf0 Thread added: 0x0000012e2b64dbf0
Event: 0.019 Thread 0x0000012e2b650c70 Thread added: 0x0000012e2b650c70
Event: 0.019 Thread 0x0000012e2b651bf0 Thread added: 0x0000012e2b651bf0
Event: 0.019 Thread 0x0000012e2b662220 Thread added: 0x0000012e2b662220
Event: 0.022 Thread 0x0000012e2f9b3990 Thread added: 0x0000012e2f9b3990
Event: 0.030 Thread 0x0000012e2b6197d0 Thread added: 0x0000012e2b6197d0
Event: 0.054 Thread 0x0000012e2fb3f500 Thread added: 0x0000012e2fb3f500
Event: 0.054 Thread 0x0000012e2fb43610 Thread added: 0x0000012e2fb43610
Event: 0.093 Thread 0x0000012e2fe04960 Thread added: 0x0000012e2fe04960
Event: 0.222 Thread 0x0000012e2fe2a410 Thread added: 0x0000012e2fe2a410
Event: 0.232 Thread 0x0000012e2ff10750 Thread added: 0x0000012e2ff10750
Event: 0.358 Thread 0x0000012e30532800 Thread added: 0x0000012e30532800
Event: 0.366 Thread 0x0000012e305338b0 Thread added: 0x0000012e305338b0
Event: 0.367 Thread 0x0000012e30531750 Thread added: 0x0000012e30531750


Dynamic libraries:
0x00007ff7e5890000 - 0x00007ff7e58a0000 	C:\Program Files\Java\jdk-19\bin\java.exe
0x00007ff900a10000 - 0x00007ff900c27000 	C:\WINDOWS\SYSTEM32\ntdll.dll
0x00007ff8ffe80000 - 0x00007ff8fff44000 	C:\WINDOWS\System32\KERNEL32.DLL
0x00007ff8fddb0000 - 0x00007ff8fe15d000 	C:\WINDOWS\System32\KERNELBASE.dll
0x00007ff8fe160000 - 0x00007ff8fe271000 	C:\WINDOWS\System32\ucrtbase.dll
0x00007ff8cfff0000 - 0x00007ff8d000b000 	C:\Program Files\Java\jdk-19\bin\VCRUNTIME140.dll
0x00007ff8dbb40000 - 0x00007ff8dbb58000 	C:\Program Files\Java\jdk-19\bin\jli.dll
0x00007ff8fe790000 - 0x00007ff8fe842000 	C:\WINDOWS\System32\ADVAPI32.dll
0x00007ff8fef70000 - 0x00007ff8ff017000 	C:\WINDOWS\System32\msvcrt.dll
0x00007ff8fec40000 - 0x00007ff8fece9000 	C:\WINDOWS\System32\sechost.dll
0x00007ff8fe3f0000 - 0x00007ff8fe418000 	C:\WINDOWS\System32\bcrypt.dll
0x00007ff9006d0000 - 0x00007ff9007e4000 	C:\WINDOWS\System32\RPCRT4.dll
0x00007ff900520000 - 0x00007ff9006ce000 	C:\WINDOWS\System32\USER32.dll
0x00007ff8fdd80000 - 0x00007ff8fdda6000 	C:\WINDOWS\System32\win32u.dll
0x00007ff8eb5d0000 - 0x00007ff8eb863000 	C:\WINDOWS\WinSxS\amd64_microsoft.windows.common-controls_6595b64144ccf1df_6.0.22621.3672_none_2713b9d173822955\COMCTL32.dll
0x00007ff900290000 - 0x00007ff9002b9000 	C:\WINDOWS\System32\GDI32.dll
0x00007ff8fe420000 - 0x00007ff8fe539000 	C:\WINDOWS\System32\gdi32full.dll
0x00007ff8fe540000 - 0x00007ff8fe5da000 	C:\WINDOWS\System32\msvcp_win.dll
0x00007ff8f55d0000 - 0x00007ff8f55da000 	C:\WINDOWS\SYSTEM32\VERSION.dll
0x00007ff8feea0000 - 0x00007ff8feed1000 	C:\WINDOWS\System32\IMM32.DLL
0x00007ff8dce20000 - 0x00007ff8dce2c000 	C:\Program Files\Java\jdk-19\bin\vcruntime140_1.dll
0x00007ff8c19a0000 - 0x00007ff8c1a2e000 	C:\Program Files\Java\jdk-19\bin\msvcp140.dll
0x00007ff861860000 - 0x00007ff862520000 	C:\Program Files\Java\jdk-19\bin\server\jvm.dll
0x00007ff8f5ec0000 - 0x00007ff8f5ef4000 	C:\WINDOWS\SYSTEM32\WINMM.dll
0x00007ff8f7800000 - 0x00007ff8f7809000 	C:\WINDOWS\SYSTEM32\WSOCK32.dll
0x00007ff8fe710000 - 0x00007ff8fe781000 	C:\WINDOWS\System32\WS2_32.dll
0x00007ff8fcdc0000 - 0x00007ff8fcdd8000 	C:\WINDOWS\SYSTEM32\kernel.appcore.dll
0x00007ff8dc870000 - 0x00007ff8dc87a000 	C:\Program Files\Java\jdk-19\bin\jimage.dll
0x00007ff8fb510000 - 0x00007ff8fb742000 	C:\WINDOWS\SYSTEM32\DBGHELP.DLL
0x00007ff8fe8b0000 - 0x00007ff8fec3d000 	C:\WINDOWS\System32\combase.dll
0x00007ff900370000 - 0x00007ff900447000 	C:\WINDOWS\System32\OLEAUT32.dll
0x00007ff8f2970000 - 0x00007ff8f29a2000 	C:\WINDOWS\SYSTEM32\dbgcore.DLL
0x00007ff8fdd00000 - 0x00007ff8fdd7b000 	C:\WINDOWS\System32\bcryptPrimitives.dll
0x00007ff8f7830000 - 0x00007ff8f783e000 	C:\Program Files\Java\jdk-19\bin\instrument.dll
0x00007ff8cfb10000 - 0x00007ff8cfb36000 	C:\Program Files\Java\jdk-19\bin\java.dll
0x00007ff8b7c80000 - 0x00007ff8b7d57000 	C:\Program Files\Java\jdk-19\bin\jsvml.dll
0x00007ff8ff020000 - 0x00007ff8ff888000 	C:\WINDOWS\System32\SHELL32.dll
0x00007ff8fbc20000 - 0x00007ff8fc51e000 	C:\WINDOWS\SYSTEM32\windows.storage.dll
0x00007ff8fbae0000 - 0x00007ff8fbc1f000 	C:\WINDOWS\SYSTEM32\wintypes.dll
0x00007ff900810000 - 0x00007ff900909000 	C:\WINDOWS\System32\SHCORE.dll
0x00007ff900450000 - 0x00007ff9004ae000 	C:\WINDOWS\System32\shlwapi.dll
0x00007ff8fdc30000 - 0x00007ff8fdc51000 	C:\WINDOWS\SYSTEM32\profapi.dll
0x00007ff8cedf0000 - 0x00007ff8cee08000 	C:\Program Files\Java\jdk-19\bin\zip.dll
0x00007ff8cfaf0000 - 0x00007ff8cfb03000 	C:\Program Files\Java\jdk-19\bin\net.dll
0x00007ff8f9500000 - 0x00007ff8f9636000 	C:\WINDOWS\SYSTEM32\WINHTTP.dll
0x00007ff8fd290000 - 0x00007ff8fd2f9000 	C:\WINDOWS\system32\mswsock.dll
0x00007ff8cfad0000 - 0x00007ff8cfae6000 	C:\Program Files\Java\jdk-19\bin\nio.dll
0x00007ff8ea770000 - 0x00007ff8ea78a000 	C:\Program Files\JetBrains\IntelliJ IDEA 2022.1.2\bin\breakgen64.dll
0x00007ff8dbb30000 - 0x00007ff8dbb38000 	C:\Program Files\Java\jdk-19\bin\extnet.dll
0x0000000069ac0000 - 0x0000000069ae4000 	C:\Users\99293\AppData\Local\Temp\jansi-2.4.0-ef2f2c6b43ec7f1f-jansi.dll
0x00007ff8d83d0000 - 0x00007ff8d83e0000 	C:\Program Files\Java\jdk-19\bin\verify.dll

dbghelp: loaded successfully - version: 4.0.5 - missing functions: none
symbol engine: initialized successfully - sym options: 0x614 - pdb path: .;C:\Program Files\Java\jdk-19\bin;C:\WINDOWS\SYSTEM32;C:\WINDOWS\WinSxS\amd64_microsoft.windows.common-controls_6595b64144ccf1df_6.0.22621.3672_none_2713b9d173822955;C:\Program Files\Java\jdk-19\bin\server;C:\Program Files\JetBrains\IntelliJ IDEA 2022.1.2\bin;C:\Users\99293\AppData\Local\Temp

VM Arguments:
jvm_args: -Dmaven.multiModuleProjectDirectory=D:\unitedStates_storage-master\unitedStates_storage -Dmaven.home=C:\Users\99293\.m2\wrapper\dists\apache-maven-3.8.6-bin\1ks0nkde5v1pk9vtc31i9d0lcd\apache-maven-3.8.6 -Dclassworlds.conf=C:\Users\99293\.m2\wrapper\dists\apache-maven-3.8.6-bin\1ks0nkde5v1pk9vtc31i9d0lcd\apache-maven-3.8.6\bin\m2.conf -Dmaven.ext.class.path=C:\Program Files\JetBrains\IntelliJ IDEA 2022.1.2\plugins\maven\lib\maven-event-listener.jar -javaagent:C:\Program Files\JetBrains\IntelliJ IDEA 2022.1.2\lib\idea_rt.jar=56088:C:\Program Files\JetBrains\IntelliJ IDEA 2022.1.2\bin -Dfile.encoding=UTF-8 
java_command: org.codehaus.classworlds.Launcher -Didea.version=2022.1.2 clean
java_class_path (initial): C:\Users\99293\.m2\wrapper\dists\apache-maven-3.8.6-bin\1ks0nkde5v1pk9vtc31i9d0lcd\apache-maven-3.8.6\boot\plexus-classworlds-2.6.0.jar;C:\Users\99293\.m2\wrapper\dists\apache-maven-3.8.6-bin\1ks0nkde5v1pk9vtc31i9d0lcd\apache-maven-3.8.6\boot\plexus-classworlds.license
Launcher Type: SUN_STANDARD

[Global flags]
     intx CICompilerCount                          = 12                                        {product} {ergonomic}
     uint ConcGCThreads                            = 3                                         {product} {ergonomic}
     uint G1ConcRefinementThreads                  = 13                                        {product} {ergonomic}
   size_t G1HeapRegionSize                         = 2097152                                   {product} {ergonomic}
    uintx GCDrainStackTargetSize                   = 64                                        {product} {ergonomic}
   size_t InitialHeapSize                          = 264241152                                 {product} {ergonomic}
   size_t MarkStackSize                            = 4194304                                   {product} {ergonomic}
   size_t MaxHeapSize                              = 4196401152                                {product} {ergonomic}
   size_t MaxNewSize                               = 2516582400                                {product} {ergonomic}
   size_t MinHeapDeltaBytes                        = 2097152                                   {product} {ergonomic}
   size_t MinHeapSize                              = 8388608                                   {product} {ergonomic}
    uintx NonNMethodCodeHeapSize                   = 7602480                                {pd product} {ergonomic}
    uintx NonProfiledCodeHeapSize                  = 122027880                              {pd product} {ergonomic}
    uintx ProfiledCodeHeapSize                     = 122027880                              {pd product} {ergonomic}
    uintx ReservedCodeCacheSize                    = 251658240                              {pd product} {ergonomic}
     bool SegmentedCodeCache                       = true                                      {product} {ergonomic}
   size_t SoftMaxHeapSize                          = 4196401152                             {manageable} {ergonomic}
     bool UseCompressedClassPointers               = true                           {product lp64_product} {ergonomic}
     bool UseCompressedOops                        = true                           {product lp64_product} {ergonomic}
     bool UseG1GC                                  = true                                      {product} {ergonomic}
     bool UseLargePagesIndividualAllocation        = false                                  {pd product} {ergonomic}

Logging:
Log output configuration:
 #0: stdout all=warning uptime,level,tags foldmultilines=false
 #1: stderr all=off uptime,level,tags foldmultilines=false

Environment Variables:
JAVA_HOME=C:\Program Files\Java\jdk-19
PATH=C:\Program Files\Common Files\Oracle\Java\javapath;C:\Windows\system32;C:\Windows;C:\Windows\System32\Wbem;C:\Windows\System32\WindowsPowerShell\v1.0\;C:\Windows\System32\OpenSSH\;C:\Program Files (x86)\NVIDIA Corporation\PhysX\Common;C:\Program Files\NVIDIA Corporation\NVIDIA NvDLISR;C:\Program Files\Git\cmd;C:\Program Files (x86)\dotnet\;C:\WINDOWS\system32;C:\WINDOWS;C:\WINDOWS\System32\Wbem;C:\WINDOWS\System32\WindowsPowerShell\v1.0\;C:\WINDOWS\System32\OpenSSH\;C:\Program Files\Java\jdk-19\bin;C:\Users\99293\AppData\Local\Programs\Python\Python311\Scripts\;C:\Users\99293\AppData\Local\Programs\Python\Python311\;C:\Users\99293\AppData\Local\Microsoft\WindowsApps;;C:\Program Files\JetBrains\IntelliJ IDEA 2022.1.2\bin;;C:\Program Files\heroku\bin
USERNAME=ASUS
OS=Windows_NT
PROCESSOR_IDENTIFIER=Intel64 Family 6 Model 154 Stepping 3, GenuineIntel
TMP=C:\Users\99293\AppData\Local\Temp
TEMP=C:\Users\99293\AppData\Local\Temp



---------------  S Y S T E M  ---------------

OS:
 Windows 11 , 64 bit Build 22621 (10.0.22621.3958)
OS uptime: 0 days 4:24 hours
Hyper-V role detected

CPU: total 16 (initial active 16) (8 cores per cpu, 2 threads per core) family 6 model 154 stepping 3 microcode 0x41c, cx8, cmov, fxsr, ht, mmx, 3dnowpref, sse, sse2, sse3, ssse3, sse4.1, sse4.2, popcnt, lzcnt, tsc, tscinvbit, avx, avx2, aes, erms, clmul, bmi1, bmi2, adx, sha, fma, vzeroupper, clflush, clflushopt, clwb, hv, serialize, rdtscp, rdpid, fsrm

Memory: 4k page, system-wide physical 16005M (959M free)
TotalPageFile size 18053M (AvailPageFile size 2M)
current process WorkingSet (physical memory assigned to process): 103M, peak: 104M
current process commit charge ("private bytes"): 392M, peak: 393M

vm_info: Java HotSpot(TM) 64-Bit Server VM (19.0.2+7-44) for windows-amd64 JRE (19.0.2+7-44), built on 2022-11-30T18:02:09Z by "mach5one" with MS VC++ 17.1 (VS2022)

END.
