#
# There is insufficient memory for the Java Runtime Environment to continue.
# Native memory allocation (malloc) failed to allocate 32744 bytes for Chunk::new
# Possible reasons:
#   The system is out of physical RAM or swap space
#   The process is running with CompressedOops enabled, and the Java Heap may be blocking the growth of the native heap
# Possible solutions:
#   Reduce memory load on the system
#   Increase physical memory or swap space
#   Check if swap backing store is full
#   Decrease Java heap size (-Xmx/-Xms)
#   Decrease number of Java threads
#   Decrease Java thread stack sizes (-Xss)
#   Set larger code cache with -XX:ReservedCodeCacheSize=
#   JVM is running with Zero Based Compressed Oops mode in which the Java heap is
#     placed in the first 32GB address space. The Java Heap base address is the
#     maximum limit for the native heap growth. Please use -XX:HeapBaseMinAddress
#     to set the Java Heap base and to place the Java Heap above 32GB virtual address.
# This output file may be truncated or incomplete.
#
#  Out of Memory Error (arena.cpp:184), pid=23380, tid=11692
#
# JRE version: Java(TM) SE Runtime Environment (19.0.2+7) (build 19.0.2+7-44)
# Java VM: Java HotSpot(TM) 64-Bit Server VM (19.0.2+7-44, mixed mode, sharing, tiered, compressed oops, compressed class ptrs, g1 gc, windows-amd64)
# No core dump will be written. Minidumps are not enabled by default on client versions of Windows
#

---------------  S U M M A R Y ------------

Command Line: C:\Users\99293\AppData\Local\Temp\surefire15047166216040509984\surefirebooter8534520333010619815.jar C:\Users\99293\AppData\Local\Temp\surefire15047166216040509984 2024-12-14T19-45-27_150-jvmRun1 surefire8666724144865813040tmp surefire_04037460369330776257tmp

Host: 12th Gen Intel(R) Core(TM) i7-12650H, 16 cores, 15G,  Windows 11 , 64 bit Build 22621 (10.0.22621.4391)
Time: Sat Dec 14 19:45:27 2024  Windows 11 , 64 bit Build 22621 (10.0.22621.4391) elapsed time: 0.312452 seconds (0d 0h 0m 0s)

---------------  T H R E A D  ---------------

Current thread (0x00000226e02f6260):  JavaThread "C2 CompilerThread2" daemon [_thread_in_native, id=11692, stack(0x000000e944800000,0x000000e944900000)]


Current CompileTask:
C2:    312  804   !   4       java.util.zip.ZipFile$Source::getEntryPos (195 bytes)

Stack: [0x000000e944800000,0x000000e944900000]
Native frames: (J=compiled Java code, j=interpreted, Vv=VM code, C=native code)
V  [jvm.dll+0x6ee21a]
V  [jvm.dll+0x85765e]
V  [jvm.dll+0x85904e]
V  [jvm.dll+0x859703]
V  [jvm.dll+0x28298f]
V  [jvm.dll+0xc9adf]
V  [jvm.dll+0xc9e65]
V  [jvm.dll+0x719b09]
V  [jvm.dll+0x1ee367]
V  [jvm.dll+0x24c52b]
V  [jvm.dll+0x24b781]
V  [jvm.dll+0x1d6ce1]
V  [jvm.dll+0x25b25a]
V  [jvm.dll+0x2596e8]
V  [jvm.dll+0x807588]
V  [jvm.dll+0x80125a]
V  [jvm.dll+0x6ecf0b]
C  [ucrtbase.dll+0x29333]
C  [KERNEL32.DLL+0x1259d]
C  [ntdll.dll+0x5af38]


---------------  P R O C E S S  ---------------

Threads class SMR info:
_java_thread_list=0x00000226e04888b0, length=19, elements={
0x00000226b7f4dc20, 0x00000226dbc5ba40, 0x00000226dbc5c730, 0x00000226dbc618a0,
0x00000226dbc652f0, 0x00000226dbc69c40, 0x00000226dbc6da70, 0x00000226dbc6e6d0,
0x00000226dbc78060, 0x00000226e0018050, 0x00000226e00e5d60, 0x00000226e012d150,
0x00000226e01367e0, 0x00000226e0137170, 0x00000226e013fdb0, 0x00000226e0187ab0,
0x00000226e0282110, 0x00000226e02f6260, 0x00000226e03fc460
}

Java Threads: ( => current thread )
  0x00000226b7f4dc20 JavaThread "main" [_thread_in_vm, id=7876, stack(0x000000e943000000,0x000000e943100000)]
  0x00000226dbc5ba40 JavaThread "Reference Handler" daemon [_thread_blocked, id=16600, stack(0x000000e943700000,0x000000e943800000)]
  0x00000226dbc5c730 JavaThread "Finalizer" daemon [_thread_blocked, id=4972, stack(0x000000e943800000,0x000000e943900000)]
  0x00000226dbc618a0 JavaThread "Signal Dispatcher" daemon [_thread_blocked, id=9840, stack(0x000000e943900000,0x000000e943a00000)]
  0x00000226dbc652f0 JavaThread "Attach Listener" daemon [_thread_blocked, id=6164, stack(0x000000e943a00000,0x000000e943b00000)]
  0x00000226dbc69c40 JavaThread "Service Thread" daemon [_thread_blocked, id=18800, stack(0x000000e943b00000,0x000000e943c00000)]
  0x00000226dbc6da70 JavaThread "Monitor Deflation Thread" daemon [_thread_blocked, id=5124, stack(0x000000e943c00000,0x000000e943d00000)]
  0x00000226dbc6e6d0 JavaThread "C2 CompilerThread0" daemon [_thread_in_native, id=23100, stack(0x000000e943d00000,0x000000e943e00000)]
  0x00000226dbc78060 JavaThread "C1 CompilerThread0" daemon [_thread_blocked, id=25324, stack(0x000000e943e00000,0x000000e943f00000)]
  0x00000226e0018050 JavaThread "Sweeper thread" daemon [_thread_blocked, id=12180, stack(0x000000e943f00000,0x000000e944000000)]
  0x00000226e00e5d60 JavaThread "C1 CompilerThread1" daemon [_thread_blocked, id=16344, stack(0x000000e944000000,0x000000e944100000)]
  0x00000226e012d150 JavaThread "C1 CompilerThread2" daemon [_thread_in_native, id=19396, stack(0x000000e944100000,0x000000e944200000)]
  0x00000226e01367e0 JavaThread "C1 CompilerThread3" daemon [_thread_in_vm, id=23748, stack(0x000000e944200000,0x000000e944300000)]
  0x00000226e0137170 JavaThread "Notification Thread" daemon [_thread_blocked, id=25228, stack(0x000000e944300000,0x000000e944400000)]
  0x00000226e013fdb0 JavaThread "Common-Cleaner" daemon [_thread_blocked, id=19356, stack(0x000000e944500000,0x000000e944600000)]
  0x00000226e0187ab0 JavaThread "surefire-forkedjvm-command-thread" daemon [_thread_in_native, id=15820, stack(0x000000e944600000,0x000000e944700000)]
  0x00000226e0282110 JavaThread "C2 CompilerThread1" daemon [_thread_in_native, id=16288, stack(0x000000e944700000,0x000000e944800000)]
=>0x00000226e02f6260 JavaThread "C2 CompilerThread2" daemon [_thread_in_native, id=11692, stack(0x000000e944800000,0x000000e944900000)]
  0x00000226e03fc460 JavaThread "surefire-forkedjvm-ping-30s" daemon [_thread_blocked, id=12392, stack(0x000000e944900000,0x000000e944a00000)]

Other Threads:
  0x00000226dbc434f0 VMThread "VM Thread" [stack: 0x000000e943600000,0x000000e943700000] [id=3364]
  0x00000226e013ed10 WatcherThread "VM Periodic Task Thread" [stack: 0x000000e944400000,0x000000e944500000] [id=12488]
  0x00000226b7fc07e0 WorkerThread "GC Thread#0" [stack: 0x000000e943100000,0x000000e943200000] [id=22532]
  0x00000226b7fd12f0 ConcurrentGCThread "G1 Main Marker" [stack: 0x000000e943200000,0x000000e943300000] [id=2276]
  0x00000226b7fd24c0 WorkerThread "G1 Conc#0" [stack: 0x000000e943300000,0x000000e943400000] [id=11844]
  0x00000226dbafc780 ConcurrentGCThread "G1 Refine#0" [stack: 0x000000e943400000,0x000000e943500000] [id=17092]
  0x00000226dbafd2c0 ConcurrentGCThread "G1 Service" [stack: 0x000000e943500000,0x000000e943600000] [id=23660]

Threads with active compile tasks:
C2 CompilerThread0      321  824   !   4       java.util.jar.JarFile::isMultiRelease (33 bytes)
C1 CompilerThread2      321  823       3       java.net.URLStreamHandler::parseURL (1124 bytes)
C1 CompilerThread3      321  835       3       java.lang.invoke.MethodHandles$Lookup::checkAccess (232 bytes)
C2 CompilerThread1      321  834       4       jdk.internal.org.objectweb.asm.ByteVector::putUTF8 (144 bytes)
C2 CompilerThread2      321  804   !   4       java.util.zip.ZipFile$Source::getEntryPos (195 bytes)

VM state: not at safepoint (normal execution)

VM Mutex/Monitor currently owned by a thread:  ([mutex/lock_event])
[0x00000226b7f48af0] Metaspace_lock - owner thread: 0x00000226e01367e0
[0x00000226b7f4a490] MethodData_lock - owner thread: 0x00000226e01367e0

Heap address: 0x0000000705e00000, size: 4002 MB, Compressed Oops mode: Zero based, Oop shift amount: 3

CDS archive(s) mapped at: [0x0000000800000000-0x0000000800c40000-0x0000000800c40000), size 12845056, SharedBaseAddress: 0x0000000800000000, ArchiveRelocationMode: 0.
Compressed class space mapped at: 0x0000000801000000-0x0000000841000000, reserved size: 1073741824
Narrow klass base: 0x0000000800000000, Narrow klass shift: 0, Narrow klass range: 0x100000000

GC Precious Log:
 CardTable entry size: 512
 Card Set container configuration: InlinePtr #cards 4 size 8 Array Of Cards #cards 16 size 48 Howl #buckets 8 coarsen threshold 3686 Howl Bitmap #cards 512 size 80 coarsen threshold 460 Card regions per heap region 1 cards per card region 4096
 CPUs: 16 total, 16 available
 Memory: 16004M
 Large Page Support: Disabled
 NUMA Support: Disabled
 Compressed Oops: Enabled (Zero based)
 Heap Region Size: 2M
 Heap Min Capacity: 8M
 Heap Initial Capacity: 252M
 Heap Max Capacity: 4002M
 Pre-touch: Disabled
 Parallel Workers: 13
 Concurrent Workers: 3
 Concurrent Refinement Workers: 13
 Periodic GC: Disabled

Heap:
 garbage-first heap   total 258048K, used 14336K [0x0000000705e00000, 0x0000000800000000)
  region size 2048K, 9 young (18432K), 0 survivors (0K)
 Metaspace       used 2731K, committed 2816K, reserved 1114112K
  class space    used 253K, committed 320K, reserved 1048576K

Heap Regions: E=young(eden), S=young(survivor), O=old, HS=humongous(starts), HC=humongous(continues), CS=collection set, F=free, OA=open archive, CA=closed archive, TAMS=top-at-mark-start (previous, next)
|   0|0x0000000705e00000, 0x0000000705e00000, 0x0000000706000000|  0%| F|  |TAMS 0x0000000705e00000, 0x0000000705e00000| Untracked 
|   1|0x0000000706000000, 0x0000000706000000, 0x0000000706200000|  0%| F|  |TAMS 0x0000000706000000, 0x0000000706000000| Untracked 
|   2|0x0000000706200000, 0x0000000706200000, 0x0000000706400000|  0%| F|  |TAMS 0x0000000706200000, 0x0000000706200000| Untracked 
|   3|0x0000000706400000, 0x0000000706400000, 0x0000000706600000|  0%| F|  |TAMS 0x0000000706400000, 0x0000000706400000| Untracked 
|   4|0x0000000706600000, 0x0000000706600000, 0x0000000706800000|  0%| F|  |TAMS 0x0000000706600000, 0x0000000706600000| Untracked 
|   5|0x0000000706800000, 0x0000000706800000, 0x0000000706a00000|  0%| F|  |TAMS 0x0000000706800000, 0x0000000706800000| Untracked 
|   6|0x0000000706a00000, 0x0000000706a00000, 0x0000000706c00000|  0%| F|  |TAMS 0x0000000706a00000, 0x0000000706a00000| Untracked 
|   7|0x0000000706c00000, 0x0000000706c00000, 0x0000000706e00000|  0%| F|  |TAMS 0x0000000706c00000, 0x0000000706c00000| Untracked 
|   8|0x0000000706e00000, 0x0000000706e00000, 0x0000000707000000|  0%| F|  |TAMS 0x0000000706e00000, 0x0000000706e00000| Untracked 
|   9|0x0000000707000000, 0x0000000707000000, 0x0000000707200000|  0%| F|  |TAMS 0x0000000707000000, 0x0000000707000000| Untracked 
|  10|0x0000000707200000, 0x0000000707200000, 0x0000000707400000|  0%| F|  |TAMS 0x0000000707200000, 0x0000000707200000| Untracked 
|  11|0x0000000707400000, 0x0000000707400000, 0x0000000707600000|  0%| F|  |TAMS 0x0000000707400000, 0x0000000707400000| Untracked 
|  12|0x0000000707600000, 0x0000000707600000, 0x0000000707800000|  0%| F|  |TAMS 0x0000000707600000, 0x0000000707600000| Untracked 
|  13|0x0000000707800000, 0x0000000707800000, 0x0000000707a00000|  0%| F|  |TAMS 0x0000000707800000, 0x0000000707800000| Untracked 
|  14|0x0000000707a00000, 0x0000000707a00000, 0x0000000707c00000|  0%| F|  |TAMS 0x0000000707a00000, 0x0000000707a00000| Untracked 
|  15|0x0000000707c00000, 0x0000000707c00000, 0x0000000707e00000|  0%| F|  |TAMS 0x0000000707c00000, 0x0000000707c00000| Untracked 
|  16|0x0000000707e00000, 0x0000000707e00000, 0x0000000708000000|  0%| F|  |TAMS 0x0000000707e00000, 0x0000000707e00000| Untracked 
|  17|0x0000000708000000, 0x0000000708000000, 0x0000000708200000|  0%| F|  |TAMS 0x0000000708000000, 0x0000000708000000| Untracked 
|  18|0x0000000708200000, 0x0000000708200000, 0x0000000708400000|  0%| F|  |TAMS 0x0000000708200000, 0x0000000708200000| Untracked 
|  19|0x0000000708400000, 0x0000000708400000, 0x0000000708600000|  0%| F|  |TAMS 0x0000000708400000, 0x0000000708400000| Untracked 
|  20|0x0000000708600000, 0x0000000708600000, 0x0000000708800000|  0%| F|  |TAMS 0x0000000708600000, 0x0000000708600000| Untracked 
|  21|0x0000000708800000, 0x0000000708800000, 0x0000000708a00000|  0%| F|  |TAMS 0x0000000708800000, 0x0000000708800000| Untracked 
|  22|0x0000000708a00000, 0x0000000708a00000, 0x0000000708c00000|  0%| F|  |TAMS 0x0000000708a00000, 0x0000000708a00000| Untracked 
|  23|0x0000000708c00000, 0x0000000708c00000, 0x0000000708e00000|  0%| F|  |TAMS 0x0000000708c00000, 0x0000000708c00000| Untracked 
|  24|0x0000000708e00000, 0x0000000708e00000, 0x0000000709000000|  0%| F|  |TAMS 0x0000000708e00000, 0x0000000708e00000| Untracked 
|  25|0x0000000709000000, 0x0000000709000000, 0x0000000709200000|  0%| F|  |TAMS 0x0000000709000000, 0x0000000709000000| Untracked 
|  26|0x0000000709200000, 0x0000000709200000, 0x0000000709400000|  0%| F|  |TAMS 0x0000000709200000, 0x0000000709200000| Untracked 
|  27|0x0000000709400000, 0x0000000709400000, 0x0000000709600000|  0%| F|  |TAMS 0x0000000709400000, 0x0000000709400000| Untracked 
|  28|0x0000000709600000, 0x0000000709600000, 0x0000000709800000|  0%| F|  |TAMS 0x0000000709600000, 0x0000000709600000| Untracked 
|  29|0x0000000709800000, 0x0000000709800000, 0x0000000709a00000|  0%| F|  |TAMS 0x0000000709800000, 0x0000000709800000| Untracked 
|  30|0x0000000709a00000, 0x0000000709a00000, 0x0000000709c00000|  0%| F|  |TAMS 0x0000000709a00000, 0x0000000709a00000| Untracked 
|  31|0x0000000709c00000, 0x0000000709c00000, 0x0000000709e00000|  0%| F|  |TAMS 0x0000000709c00000, 0x0000000709c00000| Untracked 
|  32|0x0000000709e00000, 0x0000000709e00000, 0x000000070a000000|  0%| F|  |TAMS 0x0000000709e00000, 0x0000000709e00000| Untracked 
|  33|0x000000070a000000, 0x000000070a000000, 0x000000070a200000|  0%| F|  |TAMS 0x000000070a000000, 0x000000070a000000| Untracked 
|  34|0x000000070a200000, 0x000000070a200000, 0x000000070a400000|  0%| F|  |TAMS 0x000000070a200000, 0x000000070a200000| Untracked 
|  35|0x000000070a400000, 0x000000070a400000, 0x000000070a600000|  0%| F|  |TAMS 0x000000070a400000, 0x000000070a400000| Untracked 
|  36|0x000000070a600000, 0x000000070a600000, 0x000000070a800000|  0%| F|  |TAMS 0x000000070a600000, 0x000000070a600000| Untracked 
|  37|0x000000070a800000, 0x000000070a800000, 0x000000070aa00000|  0%| F|  |TAMS 0x000000070a800000, 0x000000070a800000| Untracked 
|  38|0x000000070aa00000, 0x000000070aa00000, 0x000000070ac00000|  0%| F|  |TAMS 0x000000070aa00000, 0x000000070aa00000| Untracked 
|  39|0x000000070ac00000, 0x000000070ac00000, 0x000000070ae00000|  0%| F|  |TAMS 0x000000070ac00000, 0x000000070ac00000| Untracked 
|  40|0x000000070ae00000, 0x000000070ae00000, 0x000000070b000000|  0%| F|  |TAMS 0x000000070ae00000, 0x000000070ae00000| Untracked 
|  41|0x000000070b000000, 0x000000070b000000, 0x000000070b200000|  0%| F|  |TAMS 0x000000070b000000, 0x000000070b000000| Untracked 
|  42|0x000000070b200000, 0x000000070b200000, 0x000000070b400000|  0%| F|  |TAMS 0x000000070b200000, 0x000000070b200000| Untracked 
|  43|0x000000070b400000, 0x000000070b400000, 0x000000070b600000|  0%| F|  |TAMS 0x000000070b400000, 0x000000070b400000| Untracked 
|  44|0x000000070b600000, 0x000000070b600000, 0x000000070b800000|  0%| F|  |TAMS 0x000000070b600000, 0x000000070b600000| Untracked 
|  45|0x000000070b800000, 0x000000070b800000, 0x000000070ba00000|  0%| F|  |TAMS 0x000000070b800000, 0x000000070b800000| Untracked 
|  46|0x000000070ba00000, 0x000000070ba00000, 0x000000070bc00000|  0%| F|  |TAMS 0x000000070ba00000, 0x000000070ba00000| Untracked 
|  47|0x000000070bc00000, 0x000000070bc00000, 0x000000070be00000|  0%| F|  |TAMS 0x000000070bc00000, 0x000000070bc00000| Untracked 
|  48|0x000000070be00000, 0x000000070be00000, 0x000000070c000000|  0%| F|  |TAMS 0x000000070be00000, 0x000000070be00000| Untracked 
|  49|0x000000070c000000, 0x000000070c000000, 0x000000070c200000|  0%| F|  |TAMS 0x000000070c000000, 0x000000070c000000| Untracked 
|  50|0x000000070c200000, 0x000000070c200000, 0x000000070c400000|  0%| F|  |TAMS 0x000000070c200000, 0x000000070c200000| Untracked 
|  51|0x000000070c400000, 0x000000070c400000, 0x000000070c600000|  0%| F|  |TAMS 0x000000070c400000, 0x000000070c400000| Untracked 
|  52|0x000000070c600000, 0x000000070c600000, 0x000000070c800000|  0%| F|  |TAMS 0x000000070c600000, 0x000000070c600000| Untracked 
|  53|0x000000070c800000, 0x000000070c800000, 0x000000070ca00000|  0%| F|  |TAMS 0x000000070c800000, 0x000000070c800000| Untracked 
|  54|0x000000070ca00000, 0x000000070ca00000, 0x000000070cc00000|  0%| F|  |TAMS 0x000000070ca00000, 0x000000070ca00000| Untracked 
|  55|0x000000070cc00000, 0x000000070cc00000, 0x000000070ce00000|  0%| F|  |TAMS 0x000000070cc00000, 0x000000070cc00000| Untracked 
|  56|0x000000070ce00000, 0x000000070ce00000, 0x000000070d000000|  0%| F|  |TAMS 0x000000070ce00000, 0x000000070ce00000| Untracked 
|  57|0x000000070d000000, 0x000000070d000000, 0x000000070d200000|  0%| F|  |TAMS 0x000000070d000000, 0x000000070d000000| Untracked 
|  58|0x000000070d200000, 0x000000070d200000, 0x000000070d400000|  0%| F|  |TAMS 0x000000070d200000, 0x000000070d200000| Untracked 
|  59|0x000000070d400000, 0x000000070d400000, 0x000000070d600000|  0%| F|  |TAMS 0x000000070d400000, 0x000000070d400000| Untracked 
|  60|0x000000070d600000, 0x000000070d600000, 0x000000070d800000|  0%| F|  |TAMS 0x000000070d600000, 0x000000070d600000| Untracked 
|  61|0x000000070d800000, 0x000000070d800000, 0x000000070da00000|  0%| F|  |TAMS 0x000000070d800000, 0x000000070d800000| Untracked 
|  62|0x000000070da00000, 0x000000070da00000, 0x000000070dc00000|  0%| F|  |TAMS 0x000000070da00000, 0x000000070da00000| Untracked 
|  63|0x000000070dc00000, 0x000000070dc00000, 0x000000070de00000|  0%| F|  |TAMS 0x000000070dc00000, 0x000000070dc00000| Untracked 
|  64|0x000000070de00000, 0x000000070de00000, 0x000000070e000000|  0%| F|  |TAMS 0x000000070de00000, 0x000000070de00000| Untracked 
|  65|0x000000070e000000, 0x000000070e000000, 0x000000070e200000|  0%| F|  |TAMS 0x000000070e000000, 0x000000070e000000| Untracked 
|  66|0x000000070e200000, 0x000000070e200000, 0x000000070e400000|  0%| F|  |TAMS 0x000000070e200000, 0x000000070e200000| Untracked 
|  67|0x000000070e400000, 0x000000070e400000, 0x000000070e600000|  0%| F|  |TAMS 0x000000070e400000, 0x000000070e400000| Untracked 
|  68|0x000000070e600000, 0x000000070e600000, 0x000000070e800000|  0%| F|  |TAMS 0x000000070e600000, 0x000000070e600000| Untracked 
|  69|0x000000070e800000, 0x000000070e800000, 0x000000070ea00000|  0%| F|  |TAMS 0x000000070e800000, 0x000000070e800000| Untracked 
|  70|0x000000070ea00000, 0x000000070ea00000, 0x000000070ec00000|  0%| F|  |TAMS 0x000000070ea00000, 0x000000070ea00000| Untracked 
|  71|0x000000070ec00000, 0x000000070ec00000, 0x000000070ee00000|  0%| F|  |TAMS 0x000000070ec00000, 0x000000070ec00000| Untracked 
|  72|0x000000070ee00000, 0x000000070ee00000, 0x000000070f000000|  0%| F|  |TAMS 0x000000070ee00000, 0x000000070ee00000| Untracked 
|  73|0x000000070f000000, 0x000000070f000000, 0x000000070f200000|  0%| F|  |TAMS 0x000000070f000000, 0x000000070f000000| Untracked 
|  74|0x000000070f200000, 0x000000070f200000, 0x000000070f400000|  0%| F|  |TAMS 0x000000070f200000, 0x000000070f200000| Untracked 
|  75|0x000000070f400000, 0x000000070f400000, 0x000000070f600000|  0%| F|  |TAMS 0x000000070f400000, 0x000000070f400000| Untracked 
|  76|0x000000070f600000, 0x000000070f600000, 0x000000070f800000|  0%| F|  |TAMS 0x000000070f600000, 0x000000070f600000| Untracked 
|  77|0x000000070f800000, 0x000000070f800000, 0x000000070fa00000|  0%| F|  |TAMS 0x000000070f800000, 0x000000070f800000| Untracked 
|  78|0x000000070fa00000, 0x000000070fa00000, 0x000000070fc00000|  0%| F|  |TAMS 0x000000070fa00000, 0x000000070fa00000| Untracked 
|  79|0x000000070fc00000, 0x000000070fc00000, 0x000000070fe00000|  0%| F|  |TAMS 0x000000070fc00000, 0x000000070fc00000| Untracked 
|  80|0x000000070fe00000, 0x000000070fe00000, 0x0000000710000000|  0%| F|  |TAMS 0x000000070fe00000, 0x000000070fe00000| Untracked 
|  81|0x0000000710000000, 0x0000000710000000, 0x0000000710200000|  0%| F|  |TAMS 0x0000000710000000, 0x0000000710000000| Untracked 
|  82|0x0000000710200000, 0x0000000710200000, 0x0000000710400000|  0%| F|  |TAMS 0x0000000710200000, 0x0000000710200000| Untracked 
|  83|0x0000000710400000, 0x0000000710400000, 0x0000000710600000|  0%| F|  |TAMS 0x0000000710400000, 0x0000000710400000| Untracked 
|  84|0x0000000710600000, 0x0000000710600000, 0x0000000710800000|  0%| F|  |TAMS 0x0000000710600000, 0x0000000710600000| Untracked 
|  85|0x0000000710800000, 0x0000000710800000, 0x0000000710a00000|  0%| F|  |TAMS 0x0000000710800000, 0x0000000710800000| Untracked 
|  86|0x0000000710a00000, 0x0000000710a00000, 0x0000000710c00000|  0%| F|  |TAMS 0x0000000710a00000, 0x0000000710a00000| Untracked 
|  87|0x0000000710c00000, 0x0000000710c00000, 0x0000000710e00000|  0%| F|  |TAMS 0x0000000710c00000, 0x0000000710c00000| Untracked 
|  88|0x0000000710e00000, 0x0000000710e00000, 0x0000000711000000|  0%| F|  |TAMS 0x0000000710e00000, 0x0000000710e00000| Untracked 
|  89|0x0000000711000000, 0x0000000711000000, 0x0000000711200000|  0%| F|  |TAMS 0x0000000711000000, 0x0000000711000000| Untracked 
|  90|0x0000000711200000, 0x0000000711200000, 0x0000000711400000|  0%| F|  |TAMS 0x0000000711200000, 0x0000000711200000| Untracked 
|  91|0x0000000711400000, 0x0000000711400000, 0x0000000711600000|  0%| F|  |TAMS 0x0000000711400000, 0x0000000711400000| Untracked 
|  92|0x0000000711600000, 0x0000000711600000, 0x0000000711800000|  0%| F|  |TAMS 0x0000000711600000, 0x0000000711600000| Untracked 
|  93|0x0000000711800000, 0x0000000711800000, 0x0000000711a00000|  0%| F|  |TAMS 0x0000000711800000, 0x0000000711800000| Untracked 
|  94|0x0000000711a00000, 0x0000000711a00000, 0x0000000711c00000|  0%| F|  |TAMS 0x0000000711a00000, 0x0000000711a00000| Untracked 
|  95|0x0000000711c00000, 0x0000000711c00000, 0x0000000711e00000|  0%| F|  |TAMS 0x0000000711c00000, 0x0000000711c00000| Untracked 
|  96|0x0000000711e00000, 0x0000000711e00000, 0x0000000712000000|  0%| F|  |TAMS 0x0000000711e00000, 0x0000000711e00000| Untracked 
|  97|0x0000000712000000, 0x0000000712000000, 0x0000000712200000|  0%| F|  |TAMS 0x0000000712000000, 0x0000000712000000| Untracked 
|  98|0x0000000712200000, 0x0000000712200000, 0x0000000712400000|  0%| F|  |TAMS 0x0000000712200000, 0x0000000712200000| Untracked 
|  99|0x0000000712400000, 0x0000000712400000, 0x0000000712600000|  0%| F|  |TAMS 0x0000000712400000, 0x0000000712400000| Untracked 
| 100|0x0000000712600000, 0x0000000712600000, 0x0000000712800000|  0%| F|  |TAMS 0x0000000712600000, 0x0000000712600000| Untracked 
| 101|0x0000000712800000, 0x0000000712800000, 0x0000000712a00000|  0%| F|  |TAMS 0x0000000712800000, 0x0000000712800000| Untracked 
| 102|0x0000000712a00000, 0x0000000712a00000, 0x0000000712c00000|  0%| F|  |TAMS 0x0000000712a00000, 0x0000000712a00000| Untracked 
| 103|0x0000000712c00000, 0x0000000712c00000, 0x0000000712e00000|  0%| F|  |TAMS 0x0000000712c00000, 0x0000000712c00000| Untracked 
| 104|0x0000000712e00000, 0x0000000712e00000, 0x0000000713000000|  0%| F|  |TAMS 0x0000000712e00000, 0x0000000712e00000| Untracked 
| 105|0x0000000713000000, 0x0000000713000000, 0x0000000713200000|  0%| F|  |TAMS 0x0000000713000000, 0x0000000713000000| Untracked 
| 106|0x0000000713200000, 0x0000000713200000, 0x0000000713400000|  0%| F|  |TAMS 0x0000000713200000, 0x0000000713200000| Untracked 
| 107|0x0000000713400000, 0x0000000713400000, 0x0000000713600000|  0%| F|  |TAMS 0x0000000713400000, 0x0000000713400000| Untracked 
| 108|0x0000000713600000, 0x0000000713600000, 0x0000000713800000|  0%| F|  |TAMS 0x0000000713600000, 0x0000000713600000| Untracked 
| 109|0x0000000713800000, 0x0000000713800000, 0x0000000713a00000|  0%| F|  |TAMS 0x0000000713800000, 0x0000000713800000| Untracked 
| 110|0x0000000713a00000, 0x0000000713a00000, 0x0000000713c00000|  0%| F|  |TAMS 0x0000000713a00000, 0x0000000713a00000| Untracked 
| 111|0x0000000713c00000, 0x0000000713c00000, 0x0000000713e00000|  0%| F|  |TAMS 0x0000000713c00000, 0x0000000713c00000| Untracked 
| 112|0x0000000713e00000, 0x0000000713e00000, 0x0000000714000000|  0%| F|  |TAMS 0x0000000713e00000, 0x0000000713e00000| Untracked 
| 113|0x0000000714000000, 0x0000000714000000, 0x0000000714200000|  0%| F|  |TAMS 0x0000000714000000, 0x0000000714000000| Untracked 
| 114|0x0000000714200000, 0x0000000714200000, 0x0000000714400000|  0%| F|  |TAMS 0x0000000714200000, 0x0000000714200000| Untracked 
| 115|0x0000000714400000, 0x0000000714400000, 0x0000000714600000|  0%| F|  |TAMS 0x0000000714400000, 0x0000000714400000| Untracked 
| 116|0x0000000714600000, 0x0000000714600000, 0x0000000714800000|  0%| F|  |TAMS 0x0000000714600000, 0x0000000714600000| Untracked 
| 117|0x0000000714800000, 0x0000000714959a78, 0x0000000714a00000| 67%| E|  |TAMS 0x0000000714800000, 0x0000000714800000| Complete 
| 118|0x0000000714a00000, 0x0000000714c00000, 0x0000000714c00000|100%| E|CS|TAMS 0x0000000714a00000, 0x0000000714a00000| Complete 
| 119|0x0000000714c00000, 0x0000000714e00000, 0x0000000714e00000|100%| E|CS|TAMS 0x0000000714c00000, 0x0000000714c00000| Complete 
| 120|0x0000000714e00000, 0x0000000715000000, 0x0000000715000000|100%| E|  |TAMS 0x0000000714e00000, 0x0000000714e00000| Complete 
| 121|0x0000000715000000, 0x0000000715200000, 0x0000000715200000|100%| E|CS|TAMS 0x0000000715000000, 0x0000000715000000| Complete 
| 122|0x0000000715200000, 0x0000000715400000, 0x0000000715400000|100%| E|CS|TAMS 0x0000000715200000, 0x0000000715200000| Complete 
| 123|0x0000000715400000, 0x0000000715600000, 0x0000000715600000|100%| E|CS|TAMS 0x0000000715400000, 0x0000000715400000| Complete 
| 124|0x0000000715600000, 0x0000000715800000, 0x0000000715800000|100%| E|CS|TAMS 0x0000000715600000, 0x0000000715600000| Complete 
| 125|0x0000000715800000, 0x0000000715a00000, 0x0000000715a00000|100%| E|CS|TAMS 0x0000000715800000, 0x0000000715800000| Complete 

Card table byte_map: [0x00000226cff10000,0x00000226d06f0000] _byte_map_base: 0x00000226cc6e1000

Marking Bits (Prev, Next): (CMBitMap*) 0x00000226b7fc0e10, (CMBitMap*) 0x00000226b7fc0e50
 Prev Bits: [0x00000226d0ed0000, 0x00000226d4d58000)
 Next Bits: [0x00000226d4d60000, 0x00000226d8be8000)

Polling page: 0x00000226b7710000

Metaspace:

Usage:
  Non-class:      2.42 MB used.
      Class:    253.74 KB used.
       Both:      2.67 MB used.

Virtual space:
  Non-class space:       64.00 MB reserved,       2.44 MB (  4%) committed,  1 nodes.
      Class space:        1.00 GB reserved,     320.00 KB ( <1%) committed,  1 nodes.
             Both:        1.06 GB reserved,       2.75 MB ( <1%) committed. 

Chunk freelists:
   Non-Class:  3.19 MB
       Class:  3.62 MB
        Both:  6.82 MB

MaxMetaspaceSize: unlimited
CompressedClassSpaceSize: 1.00 GB
Initial GC threshold: 21.00 MB
Current GC threshold: 21.00 MB
CDS: on
MetaspaceReclaimPolicy: balanced
 - commit_granule_bytes: 65536.
 - commit_granule_words: 8192.
 - virtual_space_node_default_size: 8388608.
 - enlarge_chunks_in_place: 1.
 - new_chunks_are_fully_committed: 0.
 - uncommit_free_chunks: 1.
 - use_allocation_guard: 0.


Internal statistics:

num_allocs_failed_limit: 0.
num_arena_births: 30.
num_arena_deaths: 0.
num_vsnodes_births: 2.
num_vsnodes_deaths: 0.
num_space_committed: 44.
num_space_uncommitted: 0.
num_chunks_returned_to_freelist: 0.
num_chunks_taken_from_freelist: 87.
num_chunk_merges: 0.
num_chunk_splits: 47.
num_chunks_enlarged: 35.
num_inconsistent_stats: 0.

CodeHeap 'non-profiled nmethods': size=119168Kb used=245Kb max_used=245Kb free=118922Kb
 bounds [0x00000226c7a50000, 0x00000226c7cc0000, 0x00000226ceeb0000]
CodeHeap 'profiled nmethods': size=119104Kb used=1424Kb max_used=1424Kb free=117679Kb
 bounds [0x00000226bfeb0000, 0x00000226c0120000, 0x00000226c7300000]
CodeHeap 'non-nmethods': size=7488Kb used=2930Kb max_used=2954Kb free=4558Kb
 bounds [0x00000226c7300000, 0x00000226c75f0000, 0x00000226c7a50000]
 total_blobs=1280 nmethods=830 adapters=358
 compilation: enabled
              stopped_count=0, restarted_count=0
 full_count=0

Compilation events (20 events):
Event: 0.305 Thread 0x00000226e012d150 nmethod 812 0x00000226c000c910 code [0x00000226c000cae0, 0x00000226c000ce28]
Event: 0.305 Thread 0x00000226e01367e0  813       3       java.lang.String::indexOf (64 bytes)
Event: 0.305 Thread 0x00000226dbc78060  814       3       java.lang.StringLatin1::indexOf (25 bytes)
Event: 0.306 Thread 0x00000226dbc78060 nmethod 814 0x00000226c000d010 code [0x00000226c000d1c0, 0x00000226c000d3c8]
Event: 0.306 Thread 0x00000226e01367e0 nmethod 813 0x00000226c000d490 code [0x00000226c000d6a0, 0x00000226c000db88]
Event: 0.306 Thread 0x00000226dbc6e6d0  815   !   4       jdk.internal.loader.URLClassPath$JarLoader::ensureOpen (36 bytes)
Event: 0.306 Thread 0x00000226e01367e0  816   !   3       java.io.WinNTFileSystem::isInvalid (78 bytes)
Event: 0.306 Thread 0x00000226e01367e0 nmethod 816 0x00000226c000dd10 code [0x00000226c000df00, 0x00000226c000e338]
Event: 0.306 Thread 0x00000226e01367e0  818       3       java.io.FileSystem::hasBooleanAttributes (17 bytes)
Event: 0.306 Thread 0x00000226dbc78060  819   !   3       java.io.WinNTFileSystem::getBooleanAttributes (27 bytes)
Event: 0.306 Thread 0x00000226e01367e0 nmethod 818 0x00000226c000e510 code [0x00000226c000e6c0, 0x00000226c000e868]
Event: 0.307 Thread 0x00000226dbc78060 nmethod 819 0x00000226c000e910 code [0x00000226c000eae0, 0x00000226c000ecf8]
Event: 0.307 Thread 0x00000226dbc78060  821       3       java.io.File::exists (34 bytes)
Event: 0.307 Thread 0x00000226dbc78060 nmethod 821 0x00000226c000ee10 code [0x00000226c000f000, 0x00000226c000f418]
Event: 0.308 Thread 0x00000226dbc6e6d0 nmethod 815 0x00000226c7a89210 code [0x00000226c7a893e0, 0x00000226c7a895f0]
Event: 0.308 Thread 0x00000226dbc6e6d0  817       4       java.lang.AbstractStringBuilder::append (45 bytes)
Event: 0.309 Thread 0x00000226dbc78060  822       3       sun.net.www.protocol.file.Handler::parseURL (18 bytes)
Event: 0.309 Thread 0x00000226e012d150  823       3       java.net.URLStreamHandler::parseURL (1124 bytes)
Event: 0.309 Thread 0x00000226dbc78060 nmethod 822 0x00000226c000f590 code [0x00000226c000f740, 0x00000226c000f8f8]
Event: 0.311 Thread 0x00000226e00e5d60  825   !   3       java.util.concurrent.ConcurrentHashMap::computeIfAbsent (576 bytes)

GC Heap History (0 events):
No events

Dll operation events (9 events):
Event: 0.005 Loaded shared library C:\Program Files\Java\jdk-19\bin\java.dll
Event: 0.015 Loaded shared library C:\Program Files\Java\jdk-19\bin\jsvml.dll
Event: 0.051 Loaded shared library C:\Program Files\Java\jdk-19\bin\net.dll
Event: 0.053 Loaded shared library C:\Program Files\Java\jdk-19\bin\nio.dll
Event: 0.055 Loaded shared library C:\Program Files\Java\jdk-19\bin\zip.dll
Event: 0.096 Loaded shared library C:\Program Files\Java\jdk-19\bin\management.dll
Event: 0.099 Loaded shared library C:\Program Files\Java\jdk-19\bin\management_ext.dll
Event: 0.134 Loaded shared library C:\Program Files\Java\jdk-19\bin\jimage.dll
Event: 0.189 Loaded shared library C:\Program Files\Java\jdk-19\bin\verify.dll

Deoptimization events (20 events):
Event: 0.176 Thread 0x00000226b7f4dc20 DEOPT PACKING pc=0x00000226c7a62b64 sp=0x000000e9430fef80
Event: 0.176 Thread 0x00000226b7f4dc20 DEOPT UNPACKING pc=0x00000226c7366da3 sp=0x000000e9430fef28 mode 2
Event: 0.177 Thread 0x00000226e03fc460 DEOPT PACKING pc=0x00000226bfec6167 sp=0x000000e9449fe530
Event: 0.178 Thread 0x00000226e03fc460 DEOPT UNPACKING pc=0x00000226c7367543 sp=0x000000e9449fd950 mode 0
Event: 0.187 Thread 0x00000226b7f4dc20 DEOPT PACKING pc=0x00000226bfec54d1 sp=0x000000e9430fdb90
Event: 0.187 Thread 0x00000226b7f4dc20 DEOPT UNPACKING pc=0x00000226c7367543 sp=0x000000e9430fd008 mode 0
Event: 0.240 Thread 0x00000226b7f4dc20 DEOPT PACKING pc=0x00000226bff817de sp=0x000000e9430fe760
Event: 0.240 Thread 0x00000226b7f4dc20 DEOPT UNPACKING pc=0x00000226c7367543 sp=0x000000e9430fdc38 mode 0
Event: 0.244 Thread 0x00000226b7f4dc20 DEOPT PACKING pc=0x00000226bfec7ae8 sp=0x000000e9430fe850
Event: 0.244 Thread 0x00000226b7f4dc20 DEOPT UNPACKING pc=0x00000226c7367543 sp=0x000000e9430fdce0 mode 0
Event: 0.246 Thread 0x00000226b7f4dc20 DEOPT PACKING pc=0x00000226bff948b4 sp=0x000000e9430fea00
Event: 0.246 Thread 0x00000226b7f4dc20 DEOPT UNPACKING pc=0x00000226c7367543 sp=0x000000e9430fde70 mode 0
Event: 0.246 Thread 0x00000226b7f4dc20 DEOPT PACKING pc=0x00000226bff948b4 sp=0x000000e9430fea00
Event: 0.246 Thread 0x00000226b7f4dc20 DEOPT UNPACKING pc=0x00000226c7367543 sp=0x000000e9430fde70 mode 0
Event: 0.248 Thread 0x00000226b7f4dc20 DEOPT PACKING pc=0x00000226bfec7ae8 sp=0x000000e9430fe850
Event: 0.248 Thread 0x00000226b7f4dc20 DEOPT UNPACKING pc=0x00000226c7367543 sp=0x000000e9430fdce0 mode 0
Event: 0.269 Thread 0x00000226b7f4dc20 Uncommon trap: trap_request=0xffffff45 fr.pc=0x00000226c7a72c84 relative=0x0000000000000064
Event: 0.269 Thread 0x00000226b7f4dc20 Uncommon trap: reason=unstable_if action=reinterpret pc=0x00000226c7a72c84 method=java.io.WinNTFileSystem.isSlash(C)Z @ 9 c2
Event: 0.269 Thread 0x00000226b7f4dc20 DEOPT PACKING pc=0x00000226c7a72c84 sp=0x000000e9430fe3b0
Event: 0.269 Thread 0x00000226b7f4dc20 DEOPT UNPACKING pc=0x00000226c7366da3 sp=0x000000e9430fe338 mode 2

Classes loaded (20 events):
Event: 0.297 Loading class java/util/stream/MatchOps
Event: 0.297 Loading class java/util/stream/MatchOps done
Event: 0.297 Loading class java/util/stream/MatchOps$MatchOp
Event: 0.297 Loading class java/util/stream/MatchOps$MatchOp done
Event: 0.297 Loading class java/util/stream/MatchOps$BooleanTerminalSink
Event: 0.297 Loading class java/util/stream/MatchOps$BooleanTerminalSink done
Event: 0.298 Loading class java/util/stream/MatchOps$1MatchSink
Event: 0.298 Loading class java/util/stream/MatchOps$1MatchSink done
Event: 0.299 Loading class java/io/UnsupportedEncodingException
Event: 0.299 Loading class java/io/UnsupportedEncodingException done
Event: 0.299 Loading class java/lang/AssertionError
Event: 0.299 Loading class java/lang/AssertionError done
Event: 0.300 Loading class java/util/Formatter$FixedString
Event: 0.300 Loading class java/util/Formatter$FixedString done
Event: 0.301 Loading class java/net/URLEncoder
Event: 0.301 Loading class java/net/URLEncoder done
Event: 0.301 Loading class java/util/BitSet
Event: 0.301 Loading class java/util/BitSet done
Event: 0.301 Loading class java/io/CharArrayWriter
Event: 0.301 Loading class java/io/CharArrayWriter done

Classes unloaded (0 events):
No events

Classes redefined (0 events):
No events

Internal exceptions (7 events):
Event: 0.089 Thread 0x00000226b7f4dc20 Exception <a 'java/lang/NoSuchMethodError'{0x0000000715777b38}: 'java.lang.Object java.lang.invoke.DirectMethodHandle$Holder.invokeStaticInit(java.lang.Object)'> (0x0000000715777b38) 
thrown [s\open\src\hotspot\share\interpreter\linkResolver.cpp, line 774]
Event: 0.107 Thread 0x00000226b7f4dc20 Exception <a 'java/lang/NoSuchMethodError'{0x00000007157af800}: 'int java.lang.invoke.DirectMethodHandle$Holder.invokeSpecial(java.lang.Object, java.lang.Object, java.lang.Object)'> (0x00000007157af800) 
thrown [s\open\src\hotspot\share\interpreter\linkResolver.cpp, line 774]
Event: 0.184 Thread 0x00000226e03fc460 Exception <a 'java/io/IOException'{0x00000007155f7af8}: CreateProcess error=1455, Файл подкачки слишком мал для завершения операции> (0x00000007155f7af8) 
thrown [s\open\src\hotspot\share\prims\jni.cpp, line 536]
Event: 0.278 Thread 0x00000226b7f4dc20 Exception <a 'java/lang/NoSuchMethodError'{0x0000000714b6b038}: 'void java.lang.invoke.DirectMethodHandle$Holder.invokeStatic(java.lang.Object, java.lang.Object, java.lang.Object)'> (0x0000000714b6b038) 
thrown [s\open\src\hotspot\share\interpreter\linkResolver.cpp, line 774]
Event: 0.293 Thread 0x00000226b7f4dc20 Exception <a 'java/lang/NoSuchMethodError'{0x0000000714816638}: 'void java.lang.invoke.DirectMethodHandle$Holder.invokeSpecial(java.lang.Object, java.lang.Object, java.lang.Object)'> (0x0000000714816638) 
thrown [s\open\src\hotspot\share\interpreter\linkResolver.cpp, line 774]
Event: 0.297 Thread 0x00000226b7f4dc20 Exception <a 'java/lang/NoSuchMethodError'{0x00000007148440d8}: 'int java.lang.invoke.DirectMethodHandle$Holder.invokeVirtual(java.lang.Object, java.lang.Object)'> (0x00000007148440d8) 
thrown [s\open\src\hotspot\share\interpreter\linkResolver.cpp, line 774]
Event: 0.301 Thread 0x00000226b7f4dc20 Exception <a 'java/lang/NoSuchMethodError'{0x0000000714868130}: 'java.lang.Object java.lang.invoke.DirectMethodHandle$Holder.invokeStaticInit(java.lang.Object, int)'> (0x0000000714868130) 
thrown [s\open\src\hotspot\share\interpreter\linkResolver.cpp, line 774]

VM Operations (10 events):
Event: 0.056 Executing VM operation: HandshakeAllThreads
Event: 0.056 Executing VM operation: HandshakeAllThreads done
Event: 0.161 Executing VM operation: HandshakeAllThreads
Event: 0.161 Executing VM operation: HandshakeAllThreads done
Event: 0.177 Executing VM operation: HandshakeAllThreads
Event: 0.177 Executing VM operation: HandshakeAllThreads done
Event: 0.269 Executing VM operation: HandshakeAllThreads
Event: 0.269 Executing VM operation: HandshakeAllThreads done
Event: 0.290 Executing VM operation: HandshakeAllThreads
Event: 0.290 Executing VM operation: HandshakeAllThreads done

Events (19 events):
Event: 0.016 Thread 0x00000226b7f4dc20 Thread added: 0x00000226b7f4dc20
Event: 0.028 Thread 0x00000226dbc5ba40 Thread added: 0x00000226dbc5ba40
Event: 0.029 Thread 0x00000226dbc5c730 Thread added: 0x00000226dbc5c730
Event: 0.030 Thread 0x00000226dbc618a0 Thread added: 0x00000226dbc618a0
Event: 0.030 Thread 0x00000226dbc652f0 Thread added: 0x00000226dbc652f0
Event: 0.031 Thread 0x00000226dbc69c40 Thread added: 0x00000226dbc69c40
Event: 0.031 Thread 0x00000226dbc6da70 Thread added: 0x00000226dbc6da70
Event: 0.032 Thread 0x00000226dbc6e6d0 Thread added: 0x00000226dbc6e6d0
Event: 0.032 Thread 0x00000226dbc78060 Thread added: 0x00000226dbc78060
Event: 0.033 Thread 0x00000226e0018050 Thread added: 0x00000226e0018050
Event: 0.043 Thread 0x00000226e00e5d60 Thread added: 0x00000226e00e5d60
Event: 0.045 Thread 0x00000226e012d150 Thread added: 0x00000226e012d150
Event: 0.045 Thread 0x00000226e01367e0 Thread added: 0x00000226e01367e0
Event: 0.046 Thread 0x00000226e0137170 Thread added: 0x00000226e0137170
Event: 0.049 Thread 0x00000226e013fdb0 Thread added: 0x00000226e013fdb0
Event: 0.076 Thread 0x00000226e0187ab0 Thread added: 0x00000226e0187ab0
Event: 0.148 Thread 0x00000226e0282110 Thread added: 0x00000226e0282110
Event: 0.150 Thread 0x00000226e02f6260 Thread added: 0x00000226e02f6260
Event: 0.175 Thread 0x00000226e03fc460 Thread added: 0x00000226e03fc460


Dynamic libraries:
0x00007ff7a9f50000 - 0x00007ff7a9f60000 	C:\Program Files\Java\jdk-19\bin\java.exe
0x00007fff4b550000 - 0x00007fff4b767000 	C:\WINDOWS\SYSTEM32\ntdll.dll
0x00007fff4ae60000 - 0x00007fff4af24000 	C:\WINDOWS\System32\KERNEL32.DLL
0x00007fff48cc0000 - 0x00007fff4907a000 	C:\WINDOWS\System32\KERNELBASE.dll
0x00007fff49080000 - 0x00007fff49191000 	C:\WINDOWS\System32\ucrtbase.dll
0x00007fff320d0000 - 0x00007fff320e8000 	C:\Program Files\Java\jdk-19\bin\jli.dll
0x00007fff49d90000 - 0x00007fff49e42000 	C:\WINDOWS\System32\ADVAPI32.dll
0x00007fff49230000 - 0x00007fff492d7000 	C:\WINDOWS\System32\msvcrt.dll
0x00007fff4a4d0000 - 0x00007fff4a577000 	C:\WINDOWS\System32\sechost.dll
0x00007fff48c90000 - 0x00007fff48cb8000 	C:\WINDOWS\System32\bcrypt.dll
0x00007fff4aab0000 - 0x00007fff4abc4000 	C:\WINDOWS\System32\RPCRT4.dll
0x00007fff31350000 - 0x00007fff3136b000 	C:\Program Files\Java\jdk-19\bin\VCRUNTIME140.dll
0x00007fff4a250000 - 0x00007fff4a3fe000 	C:\WINDOWS\System32\USER32.dll
0x00007fff489d0000 - 0x00007fff489f6000 	C:\WINDOWS\System32\win32u.dll
0x00007fff31a10000 - 0x00007fff31ca2000 	C:\WINDOWS\WinSxS\amd64_microsoft.windows.common-controls_6595b64144ccf1df_6.0.22621.4541_none_2710d1c57384c085\COMCTL32.dll
0x00007fff4af30000 - 0x00007fff4af59000 	C:\WINDOWS\System32\GDI32.dll
0x00007fff48b70000 - 0x00007fff48c8b000 	C:\WINDOWS\System32\gdi32full.dll
0x00007fff48870000 - 0x00007fff4890a000 	C:\WINDOWS\System32\msvcp_win.dll
0x00007fff401b0000 - 0x00007fff401ba000 	C:\WINDOWS\SYSTEM32\VERSION.dll
0x00007fff492e0000 - 0x00007fff49311000 	C:\WINDOWS\System32\IMM32.DLL
0x00007fff33d50000 - 0x00007fff33d5c000 	C:\Program Files\Java\jdk-19\bin\vcruntime140_1.dll
0x00007fff1c060000 - 0x00007fff1c0ee000 	C:\Program Files\Java\jdk-19\bin\msvcp140.dll
0x00007ffe786f0000 - 0x00007ffe793b0000 	C:\Program Files\Java\jdk-19\bin\server\jvm.dll
0x00007fff40940000 - 0x00007fff40974000 	C:\WINDOWS\SYSTEM32\WINMM.dll
0x00007fff42940000 - 0x00007fff42949000 	C:\WINDOWS\SYSTEM32\WSOCK32.dll
0x00007fff4b2a0000 - 0x00007fff4b311000 	C:\WINDOWS\System32\WS2_32.dll
0x00007fff47920000 - 0x00007fff47938000 	C:\WINDOWS\SYSTEM32\kernel.appcore.dll
0x00007fff325f0000 - 0x00007fff325fa000 	C:\Program Files\Java\jdk-19\bin\jimage.dll
0x00007fff45fe0000 - 0x00007fff46212000 	C:\WINDOWS\SYSTEM32\DBGHELP.DLL
0x00007fff49eb0000 - 0x00007fff4a23f000 	C:\WINDOWS\System32\combase.dll
0x00007fff4ad80000 - 0x00007fff4ae57000 	C:\WINDOWS\System32\OLEAUT32.dll
0x00007fff3d940000 - 0x00007fff3d972000 	C:\WINDOWS\SYSTEM32\dbgcore.DLL
0x00007fff487f0000 - 0x00007fff4886b000 	C:\WINDOWS\System32\bcryptPrimitives.dll
0x00007fff2e1a0000 - 0x00007fff2e1c6000 	C:\Program Files\Java\jdk-19\bin\java.dll
0x00007fff080a0000 - 0x00007fff08177000 	C:\Program Files\Java\jdk-19\bin\jsvml.dll
0x00007fff494a0000 - 0x00007fff49d18000 	C:\WINDOWS\System32\SHELL32.dll
0x00007fff46700000 - 0x00007fff47008000 	C:\WINDOWS\SYSTEM32\windows.storage.dll
0x00007fff465c0000 - 0x00007fff466ff000 	C:\WINDOWS\SYSTEM32\wintypes.dll
0x00007fff493a0000 - 0x00007fff4949a000 	C:\WINDOWS\System32\SHCORE.dll
0x00007fff4b240000 - 0x00007fff4b29e000 	C:\WINDOWS\System32\shlwapi.dll
0x00007fff48720000 - 0x00007fff4874b000 	C:\WINDOWS\SYSTEM32\profapi.dll
0x00007fff300f0000 - 0x00007fff30103000 	C:\Program Files\Java\jdk-19\bin\net.dll
0x00007fff44240000 - 0x00007fff44376000 	C:\WINDOWS\SYSTEM32\WINHTTP.dll
0x00007fff47da0000 - 0x00007fff47e09000 	C:\WINDOWS\system32\mswsock.dll
0x00007fff2c570000 - 0x00007fff2c586000 	C:\Program Files\Java\jdk-19\bin\nio.dll
0x00007fff2b8e0000 - 0x00007fff2b8f8000 	C:\Program Files\Java\jdk-19\bin\zip.dll
0x00007fff2cd20000 - 0x00007fff2cd2a000 	C:\Program Files\Java\jdk-19\bin\management.dll
0x00007fff2c560000 - 0x00007fff2c56b000 	C:\Program Files\Java\jdk-19\bin\management_ext.dll
0x00007fff49ea0000 - 0x00007fff49ea8000 	C:\WINDOWS\System32\PSAPI.DLL
0x00007fff31340000 - 0x00007fff31350000 	C:\Program Files\Java\jdk-19\bin\verify.dll

dbghelp: loaded successfully - version: 4.0.5 - missing functions: none
symbol engine: initialized successfully - sym options: 0x614 - pdb path: .;C:\Program Files\Java\jdk-19\bin;C:\WINDOWS\SYSTEM32;C:\WINDOWS\WinSxS\amd64_microsoft.windows.common-controls_6595b64144ccf1df_6.0.22621.4541_none_2710d1c57384c085;C:\Program Files\Java\jdk-19\bin\server

VM Arguments:
java_command: C:\Users\99293\AppData\Local\Temp\surefire15047166216040509984\surefirebooter8534520333010619815.jar C:\Users\99293\AppData\Local\Temp\surefire15047166216040509984 2024-12-14T19-45-27_150-jvmRun1 surefire8666724144865813040tmp surefire_04037460369330776257tmp
java_class_path (initial): C:\Users\99293\AppData\Local\Temp\surefire15047166216040509984\surefirebooter8534520333010619815.jar
Launcher Type: SUN_STANDARD

[Global flags]
     intx CICompilerCount                          = 12                                        {product} {ergonomic}
     uint ConcGCThreads                            = 3                                         {product} {ergonomic}
     uint G1ConcRefinementThreads                  = 13                                        {product} {ergonomic}
   size_t G1HeapRegionSize                         = 2097152                                   {product} {ergonomic}
    uintx GCDrainStackTargetSize                   = 64                                        {product} {ergonomic}
   size_t InitialHeapSize                          = 264241152                                 {product} {ergonomic}
   size_t MarkStackSize                            = 4194304                                   {product} {ergonomic}
   size_t MaxHeapSize                              = 4196401152                                {product} {ergonomic}
   size_t MaxNewSize                               = 2516582400                                {product} {ergonomic}
   size_t MinHeapDeltaBytes                        = 2097152                                   {product} {ergonomic}
   size_t MinHeapSize                              = 8388608                                   {product} {ergonomic}
    uintx NonNMethodCodeHeapSize                   = 7602480                                {pd product} {ergonomic}
    uintx NonProfiledCodeHeapSize                  = 122027880                              {pd product} {ergonomic}
    uintx ProfiledCodeHeapSize                     = 122027880                              {pd product} {ergonomic}
    uintx ReservedCodeCacheSize                    = 251658240                              {pd product} {ergonomic}
     bool SegmentedCodeCache                       = true                                      {product} {ergonomic}
   size_t SoftMaxHeapSize                          = 4196401152                             {manageable} {ergonomic}
     bool UseCompressedClassPointers               = true                           {product lp64_product} {ergonomic}
     bool UseCompressedOops                        = true                           {product lp64_product} {ergonomic}
     bool UseG1GC                                  = true                                      {product} {ergonomic}
     bool UseLargePagesIndividualAllocation        = false                                  {pd product} {ergonomic}

Logging:
Log output configuration:
 #0: stdout all=warning uptime,level,tags foldmultilines=false
 #1: stderr all=off uptime,level,tags foldmultilines=false

Environment Variables:
JAVA_HOME=C:\Program Files\Java\jdk-19
PATH=C:\Program Files\Common Files\Oracle\Java\javapath;C:\Windows\system32;C:\Windows;C:\Windows\System32\Wbem;C:\Windows\System32\WindowsPowerShell\v1.0\;C:\Windows\System32\OpenSSH\;C:\Program Files (x86)\NVIDIA Corporation\PhysX\Common;C:\Program Files\NVIDIA Corporation\NVIDIA NvDLISR;C:\Program Files (x86)\dotnet\;C:\WINDOWS\system32;C:\WINDOWS;C:\WINDOWS\System32\Wbem;C:\WINDOWS\System32\WindowsPowerShell\v1.0\;C:\WINDOWS\System32\OpenSSH\;C:\Program Files\Java\jdk-19\bin;C:\Program Files\Git\cmd;C:\Users\99293\AppData\Local\Programs\Python\Python311\Scripts\;C:\Users\99293\AppData\Local\Programs\Python\Python311\;C:\Users\99293\AppData\Local\Microsoft\WindowsApps;;C:\Program Files\JetBrains\IntelliJ IDEA 2022.1.2\bin;;C:\Program Files\heroku\bin
USERNAME=ASUS
OS=Windows_NT
PROCESSOR_IDENTIFIER=Intel64 Family 6 Model 154 Stepping 3, GenuineIntel
TMP=C:\Users\99293\AppData\Local\Temp
TEMP=C:\Users\99293\AppData\Local\Temp



---------------  S Y S T E M  ---------------

OS:
 Windows 11 , 64 bit Build 22621 (10.0.22621.4391)
OS uptime: 0 days 21:03 hours
Hyper-V role detected

CPU: total 16 (initial active 16) (8 cores per cpu, 2 threads per core) family 6 model 154 stepping 3 microcode 0x429, cx8, cmov, fxsr, ht, mmx, 3dnowpref, sse, sse2, sse3, ssse3, sse4.1, sse4.2, popcnt, lzcnt, tsc, tscinvbit, avx, avx2, aes, erms, clmul, bmi1, bmi2, adx, sha, fma, vzeroupper, clflush, clflushopt, clwb, hv, serialize, rdtscp, rdpid, fsrm

Memory: 4k page, system-wide physical 16004M (2721M free)
TotalPageFile size 18052M (AvailPageFile size 7M)
current process WorkingSet (physical memory assigned to process): 66M, peak: 66M
current process commit charge ("private bytes"): 366M, peak: 366M

vm_info: Java HotSpot(TM) 64-Bit Server VM (19.0.2+7-44) for windows-amd64 JRE (19.0.2+7-44), built on 2022-11-30T18:02:09Z by "mach5one" with MS VC++ 17.1 (VS2022)

END.
