#
# There is insufficient memory for the Java Runtime Environment to continue.
# Native memory allocation (malloc) failed to allocate 864496 bytes for Chunk::new
# Possible reasons:
#   The system is out of physical RAM or swap space
#   The process is running with CompressedOops enabled, and the Java Heap may be blocking the growth of the native heap
# Possible solutions:
#   Reduce memory load on the system
#   Increase physical memory or swap space
#   Check if swap backing store is full
#   Decrease Java heap size (-Xmx/-Xms)
#   Decrease number of Java threads
#   Decrease Java thread stack sizes (-Xss)
#   Set larger code cache with -XX:ReservedCodeCacheSize=
#   JVM is running with Zero Based Compressed Oops mode in which the Java heap is
#     placed in the first 32GB address space. The Java Heap base address is the
#     maximum limit for the native heap growth. Please use -XX:HeapBaseMinAddress
#     to set the Java Heap base and to place the Java Heap above 32GB virtual address.
# This output file may be truncated or incomplete.
#
#  Out of Memory Error (arena.cpp:184), pid=19476, tid=15728
#
# JRE version: Java(TM) SE Runtime Environment (19.0.2+7) (build 19.0.2+7-44)
# Java VM: Java HotSpot(TM) 64-Bit Server VM (19.0.2+7-44, mixed mode, sharing, tiered, compressed oops, compressed class ptrs, g1 gc, windows-amd64)
# No core dump will be written. Minidumps are not enabled by default on client versions of Windows
#

---------------  S U M M A R Y ------------

Command Line: -Dmaven.multiModuleProjectDirectory=D:\unitedStates original storage\unitedStates duplicates original storage -Dmaven.home=C:\Users\99293\.m2\wrapper\dists\apache-maven-3.8.6-bin\1ks0nkde5v1pk9vtc31i9d0lcd\apache-maven-3.8.6 -Dclassworlds.conf=C:\Users\99293\.m2\wrapper\dists\apache-maven-3.8.6-bin\1ks0nkde5v1pk9vtc31i9d0lcd\apache-maven-3.8.6\bin\m2.conf -Dmaven.ext.class.path=C:\Program Files\JetBrains\IntelliJ IDEA 2022.1.2\plugins\maven\lib\maven-event-listener.jar -javaagent:C:\Program Files\JetBrains\IntelliJ IDEA 2022.1.2\lib\idea_rt.jar=65387:C:\Program Files\JetBrains\IntelliJ IDEA 2022.1.2\bin -Dfile.encoding=UTF-8 org.codehaus.classworlds.Launcher -Didea.version=2022.1.2 package

Host: 12th Gen Intel(R) Core(TM) i7-12650H, 16 cores, 15G,  Windows 11 , 64 bit Build 22621 (10.0.22621.3374)
Time: Sun May  5 22:20:54 2024  Windows 11 , 64 bit Build 22621 (10.0.22621.3374) elapsed time: 7.011175 seconds (0d 0h 0m 7s)

---------------  T H R E A D  ---------------

Current thread (0x000002047e5d4b50):  JavaThread "C2 CompilerThread3" daemon [_thread_in_native, id=15728, stack(0x00000035a0c00000,0x00000035a0d00000)]


Current CompileTask:
C2:   7011 11761       4       org.codehaus.plexus.classworlds.realm.ClassRealm::loadClass (7 bytes)

Stack: [0x00000035a0c00000,0x00000035a0d00000]
Native frames: (J=compiled Java code, j=interpreted, Vv=VM code, C=native code)
V  [jvm.dll+0x6ee21a]
V  [jvm.dll+0x85765e]
V  [jvm.dll+0x85904e]
V  [jvm.dll+0x859703]
V  [jvm.dll+0x28298f]
V  [jvm.dll+0xc9adf]
V  [jvm.dll+0xc9e65]
V  [jvm.dll+0x5d0e48]
V  [jvm.dll+0x386110]
V  [jvm.dll+0x38555a]
V  [jvm.dll+0x24c3d9]
V  [jvm.dll+0x24b781]
V  [jvm.dll+0x1d6ce1]
V  [jvm.dll+0x25b25a]
V  [jvm.dll+0x2596e8]
V  [jvm.dll+0x807588]
V  [jvm.dll+0x80125a]
V  [jvm.dll+0x6ecf0b]
C  [ucrtbase.dll+0x29333]
C  [KERNEL32.DLL+0x1257d]
C  [ntdll.dll+0x5aa48]


---------------  P R O C E S S  ---------------

Threads class SMR info:
_java_thread_list=0x000002040ee54770, length=23, elements={
0x0000020459d8dcf0, 0x000002047dabb130, 0x000002047dabbf20, 0x000002047dabfc60,
0x000002047dac5b20, 0x000002047dac8c00, 0x000002047daccd30, 0x000002047dad10f0,
0x000002047dad2200, 0x000002047dad5ac0, 0x000002047dc96850, 0x000002047dd2c670,
0x000002047dd2ed50, 0x000002047dd30600, 0x000002047de74630, 0x000002047de7a820,
0x000002047e09c630, 0x000002047e83a5d0, 0x000002047e5d4b50, 0x000002047e726ba0,
0x000002047ed4c600, 0x000002047ed4ce20, 0x0000020407ba7510
}

Java Threads: ( => current thread )
  0x0000020459d8dcf0 JavaThread "main" [_thread_blocked, id=392, stack(0x000000359f300000,0x000000359f400000)]
  0x000002047dabb130 JavaThread "Reference Handler" daemon [_thread_blocked, id=10196, stack(0x000000359fa00000,0x000000359fb00000)]
  0x000002047dabbf20 JavaThread "Finalizer" daemon [_thread_blocked, id=23992, stack(0x000000359fb00000,0x000000359fc00000)]
  0x000002047dabfc60 JavaThread "Signal Dispatcher" daemon [_thread_blocked, id=19268, stack(0x000000359fc00000,0x000000359fd00000)]
  0x000002047dac5b20 JavaThread "Attach Listener" daemon [_thread_blocked, id=1632, stack(0x000000359fd00000,0x000000359fe00000)]
  0x000002047dac8c00 JavaThread "Service Thread" daemon [_thread_blocked, id=13816, stack(0x000000359fe00000,0x000000359ff00000)]
  0x000002047daccd30 JavaThread "Monitor Deflation Thread" daemon [_thread_blocked, id=5548, stack(0x000000359ff00000,0x00000035a0000000)]
  0x000002047dad10f0 JavaThread "C2 CompilerThread0" daemon [_thread_blocked, id=13100, stack(0x00000035a0000000,0x00000035a0100000)]
  0x000002047dad2200 JavaThread "C1 CompilerThread0" daemon [_thread_in_native, id=17364, stack(0x00000035a0100000,0x00000035a0200000)]
  0x000002047dad5ac0 JavaThread "Sweeper thread" daemon [_thread_blocked, id=17900, stack(0x00000035a0200000,0x00000035a0300000)]
  0x000002047dc96850 JavaThread "C1 CompilerThread1" daemon [_thread_in_native, id=15516, stack(0x00000035a0300000,0x00000035a0400000)]
  0x000002047dd2c670 JavaThread "Common-Cleaner" daemon [_thread_blocked, id=24580, stack(0x00000035a0400000,0x00000035a0500000)]
  0x000002047dd2ed50 JavaThread "C1 CompilerThread2" daemon [_thread_in_vm, id=7288, stack(0x00000035a0500000,0x00000035a0600000)]
  0x000002047dd30600 JavaThread "C1 CompilerThread3" daemon [_thread_in_native, id=2600, stack(0x00000035a0600000,0x00000035a0700000)]
  0x000002047de74630 JavaThread "Monitor Ctrl-Break" daemon [_thread_in_native, id=4500, stack(0x00000035a0700000,0x00000035a0800000)]
  0x000002047de7a820 JavaThread "Notification Thread" daemon [_thread_blocked, id=7260, stack(0x00000035a0800000,0x00000035a0900000)]
  0x000002047e09c630 JavaThread "C2 CompilerThread1" daemon [_thread_blocked, id=25040, stack(0x00000035a0a00000,0x00000035a0b00000)]
  0x000002047e83a5d0 JavaThread "C2 CompilerThread2" daemon [_thread_in_native, id=25080, stack(0x00000035a0b00000,0x00000035a0c00000)]
=>0x000002047e5d4b50 JavaThread "C2 CompilerThread3" daemon [_thread_in_native, id=15728, stack(0x00000035a0c00000,0x00000035a0d00000)]
  0x000002047e726ba0 JavaThread "C2 CompilerThread4" daemon [_thread_in_vm, id=20056, stack(0x00000035a0d00000,0x00000035a0e00000)]
  0x000002047ed4c600 JavaThread "C2 CompilerThread5" daemon [_thread_in_native, id=7728, stack(0x00000035a0e00000,0x00000035a0f00000)]
  0x000002047ed4ce20 JavaThread "C2 CompilerThread6" daemon [_thread_in_native, id=21188, stack(0x00000035a0f00000,0x00000035a1000000)]
  0x0000020407ba7510 JavaThread "C2 CompilerThread7" daemon [_thread_in_native, id=20104, stack(0x00000035a1e00000,0x00000035a1f00000)]

Other Threads:
  0x000002047daa2490 VMThread "VM Thread" [stack: 0x000000359f900000,0x000000359fa00000] [id=19664]
  0x000002047de7e620 WatcherThread "VM Periodic Task Thread" [stack: 0x00000035a0900000,0x00000035a0a00000] [id=2848]
  0x0000020459dff8a0 WorkerThread "GC Thread#0" [stack: 0x000000359f400000,0x000000359f500000] [id=10248]
  0x000002047e11a0a0 WorkerThread "GC Thread#1" [stack: 0x00000035a1100000,0x00000035a1200000] [id=5180]
  0x000002047e119830 WorkerThread "GC Thread#2" [stack: 0x00000035a1200000,0x00000035a1300000] [id=8820]
  0x000002047e118750 WorkerThread "GC Thread#3" [stack: 0x00000035a1300000,0x00000035a1400000] [id=11812]
  0x000002047e118a20 WorkerThread "GC Thread#4" [stack: 0x00000035a1400000,0x00000035a1500000] [id=25184]
  0x000002047e119560 WorkerThread "GC Thread#5" [stack: 0x00000035a1500000,0x00000035a1600000] [id=17480]
  0x000002047e118fc0 WorkerThread "GC Thread#6" [stack: 0x00000035a1600000,0x00000035a1700000] [id=8388]
  0x000002047e119290 WorkerThread "GC Thread#7" [stack: 0x00000035a1700000,0x00000035a1800000] [id=23772]
  0x00000204046181d0 WorkerThread "GC Thread#8" [stack: 0x00000035a1000000,0x00000035a1100000] [id=10960]
  0x00000204046162e0 WorkerThread "GC Thread#9" [stack: 0x00000035a1800000,0x00000035a1900000] [id=21092]
  0x0000020404616010 WorkerThread "GC Thread#10" [stack: 0x00000035a1900000,0x00000035a1a00000] [id=16712]
  0x00000204046165b0 WorkerThread "GC Thread#11" [stack: 0x00000035a1a00000,0x00000035a1b00000] [id=24368]
  0x0000020404617c30 WorkerThread "GC Thread#12" [stack: 0x00000035a1b00000,0x00000035a1c00000] [id=4404]
  0x0000020459e103b0 ConcurrentGCThread "G1 Main Marker" [stack: 0x000000359f500000,0x000000359f600000] [id=21940]
  0x0000020459e11df0 WorkerThread "G1 Conc#0" [stack: 0x000000359f600000,0x000000359f700000] [id=3544]
  0x00000204046184a0 WorkerThread "G1 Conc#1" [stack: 0x00000035a1c00000,0x00000035a1d00000] [id=12368]
  0x0000020404618fe0 WorkerThread "G1 Conc#2" [stack: 0x00000035a1d00000,0x00000035a1e00000] [id=8436]
  0x000002047d95e010 ConcurrentGCThread "G1 Refine#0" [stack: 0x000000359f700000,0x000000359f800000] [id=10284]
  0x000002047d95fa70 ConcurrentGCThread "G1 Service" [stack: 0x000000359f800000,0x000000359f900000] [id=3592]

Threads with active compile tasks:
C1 CompilerThread0     7023 12017       3       org.apache.commons.compress.archivers.zip.ZipArchiveOutputStream::createCentralFileHeader (651 bytes)
C1 CompilerThread1     7023 12000       3       org.apache.commons.compress.archivers.zip.ZipArchiveOutputStream::checkIfNeedsZip64 (44 bytes)
C1 CompilerThread2     7023 12015       3       org.apache.commons.compress.archivers.zip.ZipArchiveOutputStream::createCentralFileHeader (140 bytes)
C1 CompilerThread3     7023 12003       3       org.apache.commons.compress.archivers.zip.ZipArchiveOutputStream::writeDataDescriptor (87 bytes)
C2 CompilerThread2     7023 12021       4       java.lang.StringBuilder::append (9 bytes)
C2 CompilerThread3     7023 11761       4       org.codehaus.plexus.classworlds.realm.ClassRealm::loadClass (7 bytes)
C2 CompilerThread4     7023 12004       4       java.util.Calendar::complete (40 bytes)
C2 CompilerThread5     7023 12012       4       java.nio.ByteBuffer::allocate (20 bytes)
C2 CompilerThread6     7023 12008       4       org.apache.commons.compress.utils.ByteUtils::toLittleEndian (41 bytes)
C2 CompilerThread7     7023 11767   !   4       java.lang.ClassLoader::loadClass (121 bytes)

VM state: not at safepoint (normal execution)

VM Mutex/Monitor currently owned by a thread: None

OutOfMemory and StackOverflow Exception counts:
OutOfMemoryError java_heap_errors=2
LinkageErrors=81

Heap address: 0x0000000705e00000, size: 4002 MB, Compressed Oops mode: Zero based, Oop shift amount: 3

CDS archive(s) mapped at: [0x0000000800000000-0x0000000800c40000-0x0000000800c40000), size 12845056, SharedBaseAddress: 0x0000000800000000, ArchiveRelocationMode: 0.
Compressed class space mapped at: 0x0000000801000000-0x0000000841000000, reserved size: 1073741824
Narrow klass base: 0x0000000800000000, Narrow klass shift: 0, Narrow klass range: 0x100000000

GC Precious Log:
 CardTable entry size: 512
 Card Set container configuration: InlinePtr #cards 4 size 8 Array Of Cards #cards 16 size 48 Howl #buckets 8 coarsen threshold 3686 Howl Bitmap #cards 512 size 80 coarsen threshold 460 Card regions per heap region 1 cards per card region 4096
 CPUs: 16 total, 16 available
 Memory: 16005M
 Large Page Support: Disabled
 NUMA Support: Disabled
 Compressed Oops: Enabled (Zero based)
 Heap Region Size: 2M
 Heap Min Capacity: 8M
 Heap Initial Capacity: 252M
 Heap Max Capacity: 4002M
 Pre-touch: Disabled
 Parallel Workers: 13
 Concurrent Workers: 3
 Concurrent Refinement Workers: 13
 Periodic GC: Disabled

Heap:
 garbage-first heap   total 217088K, used 169976K [0x0000000705e00000, 0x0000000800000000)
  region size 2048K, 60 young (122880K), 6 survivors (12288K)
 Metaspace       used 36478K, committed 37120K, reserved 1114112K
  class space    used 3752K, committed 4096K, reserved 1048576K

Heap Regions: E=young(eden), S=young(survivor), O=old, HS=humongous(starts), HC=humongous(continues), CS=collection set, F=free, OA=open archive, CA=closed archive, TAMS=top-at-mark-start (previous, next)
|   0|0x0000000705e00000, 0x0000000706000000, 0x0000000706000000|100%| O|  |TAMS 0x0000000706000000, 0x0000000705e00000| Untracked 
|   1|0x0000000706000000, 0x0000000706200000, 0x0000000706200000|100%| O|  |TAMS 0x0000000706200000, 0x0000000706000000| Untracked 
|   2|0x0000000706200000, 0x0000000706400000, 0x0000000706400000|100%| O|  |TAMS 0x0000000706400000, 0x0000000706200000| Untracked 
|   3|0x0000000706400000, 0x0000000706600000, 0x0000000706600000|100%| O|  |TAMS 0x0000000706600000, 0x0000000706400000| Untracked 
|   4|0x0000000706600000, 0x0000000706600000, 0x0000000706800000|  0%| F|  |TAMS 0x0000000706600000, 0x0000000706600000| Untracked 
|   5|0x0000000706800000, 0x0000000706a00000, 0x0000000706a00000|100%| O|  |TAMS 0x0000000706a00000, 0x0000000706800000| Untracked 
|   6|0x0000000706a00000, 0x0000000706c00000, 0x0000000706c00000|100%| O|  |TAMS 0x0000000706c00000, 0x0000000706a00000| Untracked 
|   7|0x0000000706c00000, 0x0000000706e00000, 0x0000000706e00000|100%| O|  |TAMS 0x0000000706e00000, 0x0000000706c00000| Untracked 
|   8|0x0000000706e00000, 0x0000000707000000, 0x0000000707000000|100%| O|  |TAMS 0x0000000707000000, 0x0000000706e00000| Untracked 
|   9|0x0000000707000000, 0x0000000707055c00, 0x0000000707200000| 16%| O|  |TAMS 0x0000000707000000, 0x0000000707000000| Untracked 
|  10|0x0000000707200000, 0x0000000707400000, 0x0000000707400000|100%| O|  |TAMS 0x0000000707400000, 0x0000000707200000| Untracked 
|  11|0x0000000707400000, 0x0000000707600000, 0x0000000707600000|100%| O|  |TAMS 0x0000000707600000, 0x0000000707400000| Untracked 
|  12|0x0000000707600000, 0x0000000707800000, 0x0000000707800000|100%| O|  |TAMS 0x0000000707800000, 0x0000000707600000| Untracked 
|  13|0x0000000707800000, 0x0000000707a00000, 0x0000000707a00000|100%| O|  |TAMS 0x0000000707a00000, 0x0000000707800000| Untracked 
|  14|0x0000000707a00000, 0x0000000707a00000, 0x0000000707c00000|  0%| F|  |TAMS 0x0000000707a00000, 0x0000000707a00000| Untracked 
|  15|0x0000000707c00000, 0x0000000707e00000, 0x0000000707e00000|100%| O|  |TAMS 0x0000000707e00000, 0x0000000707c00000| Untracked 
|  16|0x0000000707e00000, 0x0000000708000000, 0x0000000708000000|100%| O|  |TAMS 0x0000000708000000, 0x0000000707e00000| Untracked 
|  17|0x0000000708000000, 0x0000000708200000, 0x0000000708200000|100%| O|  |TAMS 0x0000000708200000, 0x0000000708000000| Untracked 
|  18|0x0000000708200000, 0x0000000708400000, 0x0000000708400000|100%| O|  |TAMS 0x0000000708346000, 0x0000000708200000| Untracked 
|  19|0x0000000708400000, 0x0000000708600000, 0x0000000708600000|100%|HS|  |TAMS 0x0000000708400000, 0x0000000708400000| Complete 
|  20|0x0000000708600000, 0x0000000708800000, 0x0000000708800000|100%|HC|  |TAMS 0x0000000708600000, 0x0000000708600000| Complete 
|  21|0x0000000708800000, 0x0000000708800000, 0x0000000708a00000|  0%| F|  |TAMS 0x0000000708800000, 0x0000000708800000| Untracked 
|  22|0x0000000708a00000, 0x0000000708a00000, 0x0000000708c00000|  0%| F|  |TAMS 0x0000000708a00000, 0x0000000708a00000| Untracked 
|  23|0x0000000708c00000, 0x0000000708c00000, 0x0000000708e00000|  0%| F|  |TAMS 0x0000000708c00000, 0x0000000708c00000| Untracked 
|  24|0x0000000708e00000, 0x0000000708e00000, 0x0000000709000000|  0%| F|  |TAMS 0x0000000708e00000, 0x0000000708e00000| Untracked 
|  25|0x0000000709000000, 0x0000000709000000, 0x0000000709200000|  0%| F|  |TAMS 0x0000000709000000, 0x0000000709000000| Untracked 
|  26|0x0000000709200000, 0x0000000709200000, 0x0000000709400000|  0%| F|  |TAMS 0x0000000709200000, 0x0000000709200000| Untracked 
|  27|0x0000000709400000, 0x0000000709400000, 0x0000000709600000|  0%| F|  |TAMS 0x0000000709400000, 0x0000000709400000| Untracked 
|  28|0x0000000709600000, 0x0000000709600000, 0x0000000709800000|  0%| F|  |TAMS 0x0000000709600000, 0x0000000709600000| Untracked 
|  29|0x0000000709800000, 0x0000000709800000, 0x0000000709a00000|  0%| F|  |TAMS 0x0000000709800000, 0x0000000709800000| Untracked 
|  30|0x0000000709a00000, 0x0000000709a00000, 0x0000000709c00000|  0%| F|  |TAMS 0x0000000709a00000, 0x0000000709a00000| Untracked 
|  31|0x0000000709c00000, 0x0000000709c00000, 0x0000000709e00000|  0%| F|  |TAMS 0x0000000709c00000, 0x0000000709c00000| Untracked 
|  32|0x0000000709e00000, 0x0000000709fa87b8, 0x000000070a000000| 82%| S|CS|TAMS 0x0000000709e00000, 0x0000000709e00000| Complete 
|  33|0x000000070a000000, 0x000000070a200000, 0x000000070a200000|100%| S|CS|TAMS 0x000000070a000000, 0x000000070a000000| Complete 
|  34|0x000000070a200000, 0x000000070a400000, 0x000000070a400000|100%| S|CS|TAMS 0x000000070a200000, 0x000000070a200000| Complete 
|  35|0x000000070a400000, 0x000000070a400000, 0x000000070a600000|  0%| F|  |TAMS 0x000000070a400000, 0x000000070a400000| Untracked 
|  36|0x000000070a600000, 0x000000070a600000, 0x000000070a800000|  0%| F|  |TAMS 0x000000070a600000, 0x000000070a600000| Untracked 
|  37|0x000000070a800000, 0x000000070a800000, 0x000000070aa00000|  0%| F|  |TAMS 0x000000070a800000, 0x000000070a800000| Untracked 
|  38|0x000000070aa00000, 0x000000070aa00000, 0x000000070ac00000|  0%| F|  |TAMS 0x000000070aa00000, 0x000000070aa00000| Untracked 
|  39|0x000000070ac00000, 0x000000070ae00000, 0x000000070ae00000|100%| S|CS|TAMS 0x000000070ac00000, 0x000000070ac00000| Complete 
|  40|0x000000070ae00000, 0x000000070b000000, 0x000000070b000000|100%| S|CS|TAMS 0x000000070ae00000, 0x000000070ae00000| Complete 
|  41|0x000000070b000000, 0x000000070b200000, 0x000000070b200000|100%| S|CS|TAMS 0x000000070b000000, 0x000000070b000000| Complete 
|  42|0x000000070b200000, 0x000000070b200000, 0x000000070b400000|  0%| F|  |TAMS 0x000000070b200000, 0x000000070b200000| Untracked 
|  43|0x000000070b400000, 0x000000070b400000, 0x000000070b600000|  0%| F|  |TAMS 0x000000070b400000, 0x000000070b400000| Untracked 
|  44|0x000000070b600000, 0x000000070b600000, 0x000000070b800000|  0%| F|  |TAMS 0x000000070b600000, 0x000000070b600000| Untracked 
|  45|0x000000070b800000, 0x000000070b800800, 0x000000070ba00000|  0%| E|  |TAMS 0x000000070b800000, 0x000000070b800000| Complete 
|  46|0x000000070ba00000, 0x000000070bc00000, 0x000000070bc00000|100%| E|CS|TAMS 0x000000070ba00000, 0x000000070ba00000| Complete 
|  47|0x000000070bc00000, 0x000000070be00000, 0x000000070be00000|100%| E|CS|TAMS 0x000000070bc00000, 0x000000070bc00000| Complete 
|  48|0x000000070be00000, 0x000000070c000000, 0x000000070c000000|100%| E|CS|TAMS 0x000000070be00000, 0x000000070be00000| Complete 
|  49|0x000000070c000000, 0x000000070c200000, 0x000000070c200000|100%| E|CS|TAMS 0x000000070c000000, 0x000000070c000000| Complete 
|  50|0x000000070c200000, 0x000000070c400000, 0x000000070c400000|100%| E|CS|TAMS 0x000000070c200000, 0x000000070c200000| Complete 
|  51|0x000000070c400000, 0x000000070c600000, 0x000000070c600000|100%| E|CS|TAMS 0x000000070c400000, 0x000000070c400000| Complete 
|  52|0x000000070c600000, 0x000000070c800000, 0x000000070c800000|100%| E|CS|TAMS 0x000000070c600000, 0x000000070c600000| Complete 
|  53|0x000000070c800000, 0x000000070ca00000, 0x000000070ca00000|100%| E|CS|TAMS 0x000000070c800000, 0x000000070c800000| Complete 
|  54|0x000000070ca00000, 0x000000070cc00000, 0x000000070cc00000|100%| E|CS|TAMS 0x000000070ca00000, 0x000000070ca00000| Complete 
|  55|0x000000070cc00000, 0x000000070ce00000, 0x000000070ce00000|100%| E|CS|TAMS 0x000000070cc00000, 0x000000070cc00000| Complete 
|  56|0x000000070ce00000, 0x000000070d000000, 0x000000070d000000|100%| E|CS|TAMS 0x000000070ce00000, 0x000000070ce00000| Complete 
|  57|0x000000070d000000, 0x000000070d200000, 0x000000070d200000|100%| E|CS|TAMS 0x000000070d000000, 0x000000070d000000| Complete 
|  58|0x000000070d200000, 0x000000070d400000, 0x000000070d400000|100%| E|CS|TAMS 0x000000070d200000, 0x000000070d200000| Complete 
|  59|0x000000070d400000, 0x000000070d600000, 0x000000070d600000|100%| E|CS|TAMS 0x000000070d400000, 0x000000070d400000| Complete 
|  60|0x000000070d600000, 0x000000070d800000, 0x000000070d800000|100%| E|CS|TAMS 0x000000070d600000, 0x000000070d600000| Complete 
|  61|0x000000070d800000, 0x000000070da00000, 0x000000070da00000|100%| E|CS|TAMS 0x000000070d800000, 0x000000070d800000| Complete 
|  62|0x000000070da00000, 0x000000070dc00000, 0x000000070dc00000|100%| E|CS|TAMS 0x000000070da00000, 0x000000070da00000| Complete 
|  63|0x000000070dc00000, 0x000000070de00000, 0x000000070de00000|100%| E|CS|TAMS 0x000000070dc00000, 0x000000070dc00000| Complete 
|  64|0x000000070de00000, 0x000000070e000000, 0x000000070e000000|100%| E|CS|TAMS 0x000000070de00000, 0x000000070de00000| Complete 
|  65|0x000000070e000000, 0x000000070e200000, 0x000000070e200000|100%| E|CS|TAMS 0x000000070e000000, 0x000000070e000000| Complete 
|  66|0x000000070e200000, 0x000000070e400000, 0x000000070e400000|100%| E|CS|TAMS 0x000000070e200000, 0x000000070e200000| Complete 
|  67|0x000000070e400000, 0x000000070e600000, 0x000000070e600000|100%| E|CS|TAMS 0x000000070e400000, 0x000000070e400000| Complete 
|  68|0x000000070e600000, 0x000000070e800000, 0x000000070e800000|100%| E|  |TAMS 0x000000070e600000, 0x000000070e600000| Complete 
|  69|0x000000070e800000, 0x000000070ea00000, 0x000000070ea00000|100%| E|CS|TAMS 0x000000070e800000, 0x000000070e800000| Complete 
|  70|0x000000070ea00000, 0x000000070ec00000, 0x000000070ec00000|100%| E|CS|TAMS 0x000000070ea00000, 0x000000070ea00000| Complete 
|  71|0x000000070ec00000, 0x000000070ee00000, 0x000000070ee00000|100%| E|CS|TAMS 0x000000070ec00000, 0x000000070ec00000| Complete 
|  72|0x000000070ee00000, 0x000000070f000000, 0x000000070f000000|100%| E|CS|TAMS 0x000000070ee00000, 0x000000070ee00000| Complete 
|  73|0x000000070f000000, 0x000000070f200000, 0x000000070f200000|100%| E|CS|TAMS 0x000000070f000000, 0x000000070f000000| Complete 
|  74|0x000000070f200000, 0x000000070f400000, 0x000000070f400000|100%| E|CS|TAMS 0x000000070f200000, 0x000000070f200000| Complete 
|  75|0x000000070f400000, 0x000000070f600000, 0x000000070f600000|100%| E|CS|TAMS 0x000000070f400000, 0x000000070f400000| Complete 
|  76|0x000000070f600000, 0x000000070f800000, 0x000000070f800000|100%| E|CS|TAMS 0x000000070f600000, 0x000000070f600000| Complete 
|  77|0x000000070f800000, 0x000000070fa00000, 0x000000070fa00000|100%| E|CS|TAMS 0x000000070f800000, 0x000000070f800000| Complete 
|  78|0x000000070fa00000, 0x000000070fc00000, 0x000000070fc00000|100%| E|CS|TAMS 0x000000070fa00000, 0x000000070fa00000| Complete 
|  79|0x000000070fc00000, 0x000000070fe00000, 0x000000070fe00000|100%| E|CS|TAMS 0x000000070fc00000, 0x000000070fc00000| Complete 
|  80|0x000000070fe00000, 0x0000000710000000, 0x0000000710000000|100%| E|CS|TAMS 0x000000070fe00000, 0x000000070fe00000| Complete 
|  81|0x0000000710000000, 0x0000000710200000, 0x0000000710200000|100%| E|CS|TAMS 0x0000000710000000, 0x0000000710000000| Complete 
|  82|0x0000000710200000, 0x0000000710400000, 0x0000000710400000|100%| E|CS|TAMS 0x0000000710200000, 0x0000000710200000| Complete 
|  83|0x0000000710400000, 0x0000000710600000, 0x0000000710600000|100%| E|CS|TAMS 0x0000000710400000, 0x0000000710400000| Complete 
|  84|0x0000000710600000, 0x0000000710800000, 0x0000000710800000|100%| E|CS|TAMS 0x0000000710600000, 0x0000000710600000| Complete 
|  85|0x0000000710800000, 0x0000000710a00000, 0x0000000710a00000|100%| E|CS|TAMS 0x0000000710800000, 0x0000000710800000| Complete 
|  86|0x0000000710a00000, 0x0000000710c00000, 0x0000000710c00000|100%| E|CS|TAMS 0x0000000710a00000, 0x0000000710a00000| Complete 
|  87|0x0000000710c00000, 0x0000000710e00000, 0x0000000710e00000|100%| E|CS|TAMS 0x0000000710c00000, 0x0000000710c00000| Complete 
|  88|0x0000000710e00000, 0x0000000711000000, 0x0000000711000000|100%| E|CS|TAMS 0x0000000710e00000, 0x0000000710e00000| Complete 
|  89|0x0000000711000000, 0x0000000711200000, 0x0000000711200000|100%| E|CS|TAMS 0x0000000711000000, 0x0000000711000000| Complete 
|  90|0x0000000711200000, 0x0000000711400000, 0x0000000711400000|100%| E|CS|TAMS 0x0000000711200000, 0x0000000711200000| Complete 
|  91|0x0000000711400000, 0x0000000711600000, 0x0000000711600000|100%| E|CS|TAMS 0x0000000711400000, 0x0000000711400000| Complete 
|  92|0x0000000711600000, 0x0000000711800000, 0x0000000711800000|100%| E|CS|TAMS 0x0000000711600000, 0x0000000711600000| Complete 
|  93|0x0000000711800000, 0x0000000711a00000, 0x0000000711a00000|100%| E|CS|TAMS 0x0000000711800000, 0x0000000711800000| Complete 
|  94|0x0000000711a00000, 0x0000000711c00000, 0x0000000711c00000|100%| E|CS|TAMS 0x0000000711a00000, 0x0000000711a00000| Complete 
|  95|0x0000000711c00000, 0x0000000711e00000, 0x0000000711e00000|100%| E|CS|TAMS 0x0000000711c00000, 0x0000000711c00000| Complete 
|  96|0x0000000711e00000, 0x0000000712000000, 0x0000000712000000|100%| E|CS|TAMS 0x0000000711e00000, 0x0000000711e00000| Complete 
|  97|0x0000000712000000, 0x0000000712200000, 0x0000000712200000|100%| E|CS|TAMS 0x0000000712000000, 0x0000000712000000| Complete 
| 125|0x0000000715800000, 0x0000000715a00000, 0x0000000715a00000|100%| E|CS|TAMS 0x0000000715800000, 0x0000000715800000| Complete 
|1994|0x00000007ff200000, 0x00000007ff400000, 0x00000007ff400000|100%| O|  |TAMS 0x00000007ff400000, 0x00000007ff200000| Untracked 
|1995|0x00000007ff400000, 0x00000007ff600000, 0x00000007ff600000|100%| O|  |TAMS 0x00000007ff600000, 0x00000007ff400000| Untracked 
|1996|0x00000007ff600000, 0x00000007ff800000, 0x00000007ff800000|100%| O|  |TAMS 0x00000007ff800000, 0x00000007ff600000| Untracked 
|1997|0x00000007ff800000, 0x00000007ffa00000, 0x00000007ffa00000|100%| O|  |TAMS 0x00000007ffa00000, 0x00000007ff800000| Untracked 
|1998|0x00000007ffa00000, 0x00000007ffc00000, 0x00000007ffc00000|100%| O|  |TAMS 0x00000007ffc00000, 0x00000007ffa00000| Untracked 
|1999|0x00000007ffc00000, 0x00000007ffe00000, 0x00000007ffe00000|100%| O|  |TAMS 0x00000007ffe00000, 0x00000007ffc00000| Untracked 
|2000|0x00000007ffe00000, 0x0000000800000000, 0x0000000800000000|100%| O|  |TAMS 0x0000000800000000, 0x00000007ffe00000| Untracked 

Card table byte_map: [0x0000020471d70000,0x0000020472550000] _byte_map_base: 0x000002046e541000

Marking Bits (Prev, Next): (CMBitMap*) 0x0000020459dfff10, (CMBitMap*) 0x0000020459dffed0
 Prev Bits: [0x0000020476bc0000, 0x000002047aa48000)
 Next Bits: [0x0000020472d30000, 0x0000020476bb8000)

Polling page: 0x0000020457d00000

Metaspace:

Usage:
  Non-class:     31.96 MB used.
      Class:      3.66 MB used.
       Both:     35.62 MB used.

Virtual space:
  Non-class space:       64.00 MB reserved,      32.25 MB ( 50%) committed,  1 nodes.
      Class space:        1.00 GB reserved,       4.00 MB ( <1%) committed,  1 nodes.
             Both:        1.06 GB reserved,      36.25 MB (  3%) committed. 

Chunk freelists:
   Non-Class:  2.95 MB
       Class:  32.00 KB
        Both:  2.98 MB

MaxMetaspaceSize: unlimited
CompressedClassSpaceSize: 1.00 GB
Initial GC threshold: 21.00 MB
Current GC threshold: 45.44 MB
CDS: on
MetaspaceReclaimPolicy: balanced
 - commit_granule_bytes: 65536.
 - commit_granule_words: 8192.
 - virtual_space_node_default_size: 8388608.
 - enlarge_chunks_in_place: 1.
 - new_chunks_are_fully_committed: 0.
 - uncommit_free_chunks: 1.
 - use_allocation_guard: 0.


Internal statistics:

num_allocs_failed_limit: 3.
num_arena_births: 762.
num_arena_deaths: 0.
num_vsnodes_births: 2.
num_vsnodes_deaths: 0.
num_space_committed: 580.
num_space_uncommitted: 0.
num_chunks_returned_to_freelist: 3.
num_chunks_taken_from_freelist: 2189.
num_chunk_merges: 3.
num_chunk_splits: 1511.
num_chunks_enlarged: 1084.
num_inconsistent_stats: 0.

CodeHeap 'non-profiled nmethods': size=119168Kb used=7083Kb max_used=7083Kb free=112084Kb
 bounds [0x0000020469890000, 0x0000020469f80000, 0x0000020470cf0000]
CodeHeap 'profiled nmethods': size=119104Kb used=22682Kb max_used=22682Kb free=96421Kb
 bounds [0x0000020461cf0000, 0x0000020463320000, 0x0000020469140000]
CodeHeap 'non-nmethods': size=7488Kb used=3033Kb max_used=3133Kb free=4454Kb
 bounds [0x0000020469140000, 0x0000020469460000, 0x0000020469890000]
 total_blobs=10416 nmethods=9840 adapters=483
 compilation: enabled
              stopped_count=0, restarted_count=0
 full_count=0

Compilation events (20 events):
Event: 6.954 Thread 0x000002047dd30600 nmethod 11990 0x0000020463304990 code [0x0000020463304ba0, 0x00000204633052a8]
Event: 6.968 Thread 0x000002047dd2ed50 11991       3       java.util.zip.ZipInputStream::read (288 bytes)
Event: 6.969 Thread 0x000002047dd2ed50 nmethod 11991 0x0000020463305490 code [0x0000020463305840, 0x0000020463306f08]
Event: 6.995 Thread 0x000002047e726ba0 nmethod 11989 0x0000020469f73490 code [0x0000020469f73820, 0x0000020469f76ff0]
Event: 7.000 Thread 0x000002047dc96850 11992       3       org.apache.commons.compress.archivers.zip.ZipArchiveOutputStream::validateSizeInformation (154 bytes)
Event: 7.000 Thread 0x000002047dd2ed50 11993       3       org.apache.commons.compress.archivers.zip.ZipArchiveOutputStream::shouldAddZip64Extra (67 bytes)
Event: 7.000 Thread 0x000002047dd30600 11994       3       org.apache.commons.compress.archivers.zip.ZipArchiveOutputStream::getEntryEncoding (36 bytes)
Event: 7.000 Thread 0x000002047dad2200 11995       3       org.apache.commons.compress.archivers.zip.NioZipEncoding::encode (286 bytes)
Event: 7.000 Thread 0x000002047dd2ed50 nmethod 11993 0x0000020463307710 code [0x00000204633078c0, 0x0000020463307d98]
Event: 7.001 Thread 0x000002047dd2ed50 11996       3       org.apache.commons.compress.archivers.zip.ZipArchiveOutputStream::createLocalFileHeader (526 bytes)
Event: 7.001 Thread 0x000002047dd30600 nmethod 11994 0x0000020463307e90 code [0x0000020463308080, 0x0000020463308558]
Event: 7.001 Thread 0x000002047dd30600 11997       3       org.apache.commons.compress.archivers.zip.ZipArchiveOutputStream$CurrentEntry::access$402 (7 bytes)
Event: 7.001 Thread 0x000002047dc96850 nmethod 11992 0x0000020463308710 code [0x0000020463308940, 0x00000204633093d8]
Event: 7.001 Thread 0x000002047dc96850 11998       3       org.apache.commons.compress.archivers.zip.ZipArchiveOutputStream$CurrentEntry::access$002 (7 bytes)
Event: 7.001 Thread 0x000002047dd30600 nmethod 11997 0x0000020463309610 code [0x00000204633097a0, 0x0000020463309898]
Event: 7.001 Thread 0x000002047dd30600 11999       3       org.apache.commons.compress.archivers.zip.ZipArchiveOutputStream::closeArchiveEntry (85 bytes)
Event: 7.001 Thread 0x000002047dc96850 nmethod 11998 0x0000020463309990 code [0x0000020463309b20, 0x0000020463309c18]
Event: 7.002 Thread 0x000002047dd30600 nmethod 11999 0x0000020463309d10 code [0x0000020463309fa0, 0x000002046330ae68]
Event: 7.002 Thread 0x000002047dad2200 nmethod 11995 0x000002046330b410 code [0x000002046330b8e0, 0x000002046330de48]
Event: 7.003 Thread 0x000002047dd2ed50 nmethod 11996 0x000002046330eb10 code [0x000002046330efc0, 0x0000020463311b28]

GC Heap History (20 events):
Event: 3.084 GC heap before
{Heap before GC invocations=10 (full 0):
 garbage-first heap   total 108544K, used 76003K [0x0000000705e00000, 0x0000000800000000)
  region size 2048K, 17 young (34816K), 2 survivors (4096K)
 Metaspace       used 26259K, committed 26688K, reserved 1114112K
  class space    used 2713K, committed 2944K, reserved 1048576K
}
Event: 3.091 GC heap after
{Heap after GC invocations=11 (full 0):
 garbage-first heap   total 108544K, used 51492K [0x0000000705e00000, 0x0000000800000000)
  region size 2048K, 3 young (6144K), 3 survivors (6144K)
 Metaspace       used 26259K, committed 26688K, reserved 1114112K
  class space    used 2713K, committed 2944K, reserved 1048576K
}
Event: 3.102 GC heap before
{Heap before GC invocations=11 (full 0):
 garbage-first heap   total 108544K, used 53540K [0x0000000705e00000, 0x0000000800000000)
  region size 2048K, 4 young (8192K), 3 survivors (6144K)
 Metaspace       used 26310K, committed 26688K, reserved 1114112K
  class space    used 2727K, committed 2944K, reserved 1048576K
}
Event: 3.107 GC heap after
{Heap after GC invocations=12 (full 0):
 garbage-first heap   total 108544K, used 51503K [0x0000000705e00000, 0x0000000800000000)
  region size 2048K, 1 young (2048K), 1 survivors (2048K)
 Metaspace       used 26310K, committed 26688K, reserved 1114112K
  class space    used 2727K, committed 2944K, reserved 1048576K
}
Event: 3.380 GC heap before
{Heap before GC invocations=12 (full 0):
 garbage-first heap   total 108544K, used 78127K [0x0000000705e00000, 0x0000000800000000)
  region size 2048K, 15 young (30720K), 1 survivors (2048K)
 Metaspace       used 27445K, committed 27904K, reserved 1114112K
  class space    used 2858K, committed 3072K, reserved 1048576K
}
Event: 3.381 GC heap after
{Heap after GC invocations=13 (full 0):
 garbage-first heap   total 108544K, used 51765K [0x0000000705e00000, 0x0000000800000000)
  region size 2048K, 1 young (2048K), 1 survivors (2048K)
 Metaspace       used 27445K, committed 27904K, reserved 1114112K
  class space    used 2858K, committed 3072K, reserved 1048576K
}
Event: 3.480 GC heap before
{Heap before GC invocations=14 (full 0):
 garbage-first heap   total 108544K, used 80437K [0x0000000705e00000, 0x0000000800000000)
  region size 2048K, 15 young (30720K), 1 survivors (2048K)
 Metaspace       used 27589K, committed 28032K, reserved 1114112K
  class space    used 2865K, committed 3072K, reserved 1048576K
}
Event: 3.481 GC heap after
{Heap after GC invocations=15 (full 0):
 garbage-first heap   total 108544K, used 51114K [0x0000000705e00000, 0x0000000800000000)
  region size 2048K, 1 young (2048K), 1 survivors (2048K)
 Metaspace       used 27589K, committed 28032K, reserved 1114112K
  class space    used 2865K, committed 3072K, reserved 1048576K
}
Event: 3.485 GC heap before
{Heap before GC invocations=15 (full 0):
 garbage-first heap   total 108544K, used 53162K [0x0000000705e00000, 0x0000000800000000)
  region size 2048K, 2 young (4096K), 1 survivors (2048K)
 Metaspace       used 27604K, committed 28032K, reserved 1114112K
  class space    used 2865K, committed 3072K, reserved 1048576K
}
Event: 3.487 GC heap after
{Heap after GC invocations=16 (full 0):
 garbage-first heap   total 217088K, used 50267K [0x0000000705e00000, 0x0000000800000000)
  region size 2048K, 1 young (2048K), 1 survivors (2048K)
 Metaspace       used 27604K, committed 28032K, reserved 1114112K
  class space    used 2865K, committed 3072K, reserved 1048576K
}
Event: 3.860 GC heap before
{Heap before GC invocations=16 (full 0):
 garbage-first heap   total 217088K, used 156763K [0x0000000705e00000, 0x0000000800000000)
  region size 2048K, 54 young (110592K), 1 survivors (2048K)
 Metaspace       used 28394K, committed 28992K, reserved 1114112K
  class space    used 2960K, committed 3264K, reserved 1048576K
}
Event: 3.862 GC heap after
{Heap after GC invocations=17 (full 0):
 garbage-first heap   total 217088K, used 51386K [0x0000000705e00000, 0x0000000800000000)
  region size 2048K, 1 young (2048K), 1 survivors (2048K)
 Metaspace       used 28394K, committed 28992K, reserved 1114112K
  class space    used 2960K, committed 3264K, reserved 1048576K
}
Event: 4.068 GC heap before
{Heap before GC invocations=17 (full 0):
 garbage-first heap   total 217088K, used 164026K [0x0000000705e00000, 0x0000000800000000)
  region size 2048K, 56 young (114688K), 1 survivors (2048K)
 Metaspace       used 28596K, committed 29120K, reserved 1114112K
  class space    used 2966K, committed 3264K, reserved 1048576K
}
Event: 4.071 GC heap after
{Heap after GC invocations=18 (full 0):
 garbage-first heap   total 217088K, used 53703K [0x0000000705e00000, 0x0000000800000000)
  region size 2048K, 3 young (6144K), 3 survivors (6144K)
 Metaspace       used 28596K, committed 29120K, reserved 1114112K
  class space    used 2966K, committed 3264K, reserved 1048576K
}
Event: 4.306 GC heap before
{Heap before GC invocations=18 (full 0):
 garbage-first heap   total 217088K, used 166343K [0x0000000705e00000, 0x0000000800000000)
  region size 2048K, 58 young (118784K), 3 survivors (6144K)
 Metaspace       used 28767K, committed 29312K, reserved 1114112K
  class space    used 2966K, committed 3264K, reserved 1048576K
}
Event: 4.309 GC heap after
{Heap after GC invocations=19 (full 0):
 garbage-first heap   total 217088K, used 53187K [0x0000000705e00000, 0x0000000800000000)
  region size 2048K, 2 young (4096K), 2 survivors (4096K)
 Metaspace       used 28767K, committed 29312K, reserved 1114112K
  class space    used 2966K, committed 3264K, reserved 1048576K
}
Event: 5.391 GC heap before
{Heap before GC invocations=19 (full 0):
 garbage-first heap   total 217088K, used 171971K [0x0000000705e00000, 0x0000000800000000)
  region size 2048K, 60 young (122880K), 2 survivors (4096K)
 Metaspace       used 31533K, committed 32128K, reserved 1114112K
  class space    used 3226K, committed 3520K, reserved 1048576K
}
Event: 5.397 GC heap after
{Heap after GC invocations=20 (full 0):
 garbage-first heap   total 217088K, used 56429K [0x0000000705e00000, 0x0000000800000000)
  region size 2048K, 4 young (8192K), 4 survivors (8192K)
 Metaspace       used 31533K, committed 32128K, reserved 1114112K
  class space    used 3226K, committed 3520K, reserved 1048576K
}
Event: 6.086 GC heap before
{Heap before GC invocations=20 (full 0):
 garbage-first heap   total 217088K, used 177261K [0x0000000705e00000, 0x0000000800000000)
  region size 2048K, 61 young (124928K), 4 survivors (8192K)
 Metaspace       used 33010K, committed 33600K, reserved 1114112K
  class space    used 3341K, committed 3648K, reserved 1048576K
}
Event: 6.091 GC heap after
{Heap after GC invocations=21 (full 0):
 garbage-first heap   total 217088K, used 63480K [0x0000000705e00000, 0x0000000800000000)
  region size 2048K, 6 young (12288K), 6 survivors (12288K)
 Metaspace       used 33010K, committed 33600K, reserved 1114112K
  class space    used 3341K, committed 3648K, reserved 1048576K
}

Dll operation events (12 events):
Event: 0.005 Loaded shared library C:\Program Files\Java\jdk-19\bin\java.dll
Event: 0.011 Loaded shared library C:\Program Files\Java\jdk-19\bin\jsvml.dll
Event: 0.039 Loaded shared library C:\Program Files\Java\jdk-19\bin\zip.dll
Event: 0.040 Loaded shared library C:\Program Files\Java\jdk-19\bin\instrument.dll
Event: 0.043 Loaded shared library C:\Program Files\Java\jdk-19\bin\net.dll
Event: 0.044 Loaded shared library C:\Program Files\Java\jdk-19\bin\nio.dll
Event: 0.046 Loaded shared library C:\Program Files\Java\jdk-19\bin\zip.dll
Event: 0.055 Loaded shared library C:\Program Files\JetBrains\IntelliJ IDEA 2022.1.2\bin\breakgen64.dll
Event: 0.060 Loaded shared library C:\Program Files\Java\jdk-19\bin\extnet.dll
Event: 0.110 Loaded shared library C:\Program Files\Java\jdk-19\bin\jimage.dll
Event: 0.146 Loaded shared library C:\Users\99293\AppData\Local\Temp\jansi-2.4.0-d3c0ffb8111b22e6-jansi.dll
Event: 0.152 Loaded shared library C:\Program Files\Java\jdk-19\bin\verify.dll

Deoptimization events (20 events):
Event: 6.944 Thread 0x0000020459d8dcf0 DEOPT PACKING pc=0x0000020463293e76 sp=0x000000359f3fda80
Event: 6.944 Thread 0x0000020459d8dcf0 DEOPT UNPACKING pc=0x00000204691a7543 sp=0x000000359f3fd040 mode 0
Event: 6.963 Thread 0x0000020459d8dcf0 Uncommon trap: trap_request=0xffffff45 fr.pc=0x0000020469db18cc relative=0x0000000000000bac
Event: 6.963 Thread 0x0000020459d8dcf0 Uncommon trap: reason=unstable_if action=reinterpret pc=0x0000020469db18cc method=java.util.zip.ZipInputStream.read([BII)I @ 13 c2
Event: 6.963 Thread 0x0000020459d8dcf0 DEOPT PACKING pc=0x0000020469db18cc sp=0x000000359f3fdc30
Event: 6.963 Thread 0x0000020459d8dcf0 DEOPT UNPACKING pc=0x00000204691a6da3 sp=0x000000359f3fdc20 mode 2
Event: 6.971 Thread 0x0000020459d8dcf0 DEOPT PACKING pc=0x0000020463293e76 sp=0x000000359f3fda80
Event: 6.971 Thread 0x0000020459d8dcf0 DEOPT UNPACKING pc=0x00000204691a7543 sp=0x000000359f3fd040 mode 0
Event: 6.971 Thread 0x0000020459d8dcf0 DEOPT PACKING pc=0x0000020463293e76 sp=0x000000359f3fda80
Event: 6.971 Thread 0x0000020459d8dcf0 DEOPT UNPACKING pc=0x00000204691a7543 sp=0x000000359f3fd040 mode 0
Event: 6.971 Thread 0x0000020459d8dcf0 DEOPT PACKING pc=0x0000020463293e76 sp=0x000000359f3fda80
Event: 6.971 Thread 0x0000020459d8dcf0 DEOPT UNPACKING pc=0x00000204691a7543 sp=0x000000359f3fd040 mode 0
Event: 6.972 Thread 0x0000020459d8dcf0 DEOPT PACKING pc=0x0000020463293e76 sp=0x000000359f3fda80
Event: 6.972 Thread 0x0000020459d8dcf0 DEOPT UNPACKING pc=0x00000204691a7543 sp=0x000000359f3fd040 mode 0
Event: 6.972 Thread 0x0000020459d8dcf0 DEOPT PACKING pc=0x0000020463293e76 sp=0x000000359f3fda80
Event: 6.972 Thread 0x0000020459d8dcf0 DEOPT UNPACKING pc=0x00000204691a7543 sp=0x000000359f3fd040 mode 0
Event: 6.972 Thread 0x0000020459d8dcf0 DEOPT PACKING pc=0x0000020463293e76 sp=0x000000359f3fda80
Event: 6.972 Thread 0x0000020459d8dcf0 DEOPT UNPACKING pc=0x00000204691a7543 sp=0x000000359f3fd040 mode 0
Event: 6.972 Thread 0x0000020459d8dcf0 DEOPT PACKING pc=0x0000020463293e76 sp=0x000000359f3fda80
Event: 6.972 Thread 0x0000020459d8dcf0 DEOPT UNPACKING pc=0x00000204691a7543 sp=0x000000359f3fd040 mode 0

Classes loaded (20 events):
Event: 6.514 Loading class javax/management/JMException done
Event: 6.514 Loading class javax/management/ReflectionException done
Event: 6.518 Loading class javax/management/InstanceNotFoundException
Event: 6.518 Loading class javax/management/OperationsException
Event: 6.518 Loading class javax/management/OperationsException done
Event: 6.518 Loading class javax/management/InstanceNotFoundException done
Event: 6.536 Loading class java/util/jar/JarOutputStream
Event: 6.536 Loading class java/util/zip/ZipOutputStream
Event: 6.536 Loading class java/util/zip/ZipOutputStream done
Event: 6.536 Loading class java/util/jar/JarOutputStream done
Event: 6.603 Loading class java/lang/invoke/DirectMethodHandle$Special
Event: 6.603 Loading class java/lang/invoke/DirectMethodHandle$Special done
Event: 6.618 Loading class java/util/jar/JarInputStream
Event: 6.618 Loading class java/util/jar/JarInputStream done
Event: 6.640 Loading class java/io/FileFilter
Event: 6.640 Loading class java/io/FileFilter done
Event: 6.641 Loading class sun/security/util/ManifestEntryVerifier
Event: 6.641 Loading class sun/security/util/ManifestEntryVerifier done
Event: 6.675 Loading class sun/security/util/SignatureFileVerifier
Event: 6.676 Loading class sun/security/util/SignatureFileVerifier done

Classes unloaded (0 events):
No events

Classes redefined (0 events):
No events

Internal exceptions (20 events):
Event: 5.691 Thread 0x0000020459d8dcf0 Exception <a 'sun/nio/fs/WindowsException'{0x000000070efc83c0}> (0x000000070efc83c0) 
thrown [s\open\src\hotspot\share\prims\jni.cpp, line 517]
Event: 5.692 Thread 0x0000020459d8dcf0 Exception <a 'sun/nio/fs/WindowsException'{0x000000070efc8830}> (0x000000070efc8830) 
thrown [s\open\src\hotspot\share\prims\jni.cpp, line 517]
Event: 5.695 Thread 0x0000020459d8dcf0 Exception <a 'sun/nio/fs/WindowsException'{0x000000070ec96aa0}> (0x000000070ec96aa0) 
thrown [s\open\src\hotspot\share\prims\jni.cpp, line 517]
Event: 5.695 Thread 0x0000020459d8dcf0 Exception <a 'sun/nio/fs/WindowsException'{0x000000070ec971b0}> (0x000000070ec971b0) 
thrown [s\open\src\hotspot\share\prims\jni.cpp, line 517]
Event: 5.695 Thread 0x0000020459d8dcf0 Exception <a 'sun/nio/fs/WindowsException'{0x000000070ec98450}> (0x000000070ec98450) 
thrown [s\open\src\hotspot\share\prims\jni.cpp, line 517]
Event: 5.696 Thread 0x0000020459d8dcf0 Exception <a 'sun/nio/fs/WindowsException'{0x000000070ecb3288}> (0x000000070ecb3288) 
thrown [s\open\src\hotspot\share\prims\jni.cpp, line 517]
Event: 5.696 Thread 0x0000020459d8dcf0 Exception <a 'sun/nio/fs/WindowsException'{0x000000070ecb39e8}> (0x000000070ecb39e8) 
thrown [s\open\src\hotspot\share\prims\jni.cpp, line 517]
Event: 5.696 Thread 0x0000020459d8dcf0 Exception <a 'sun/nio/fs/WindowsException'{0x000000070ecb4ee0}> (0x000000070ecb4ee0) 
thrown [s\open\src\hotspot\share\prims\jni.cpp, line 517]
Event: 5.744 Thread 0x0000020459d8dcf0 Implicit null exception at 0x0000020469ae87ae to 0x0000020469aedd64
Event: 5.744 Thread 0x0000020459d8dcf0 Implicit null exception at 0x0000020469ad860a to 0x0000020469add650
Event: 5.744 Thread 0x0000020459d8dcf0 Implicit null exception at 0x0000020469acf472 to 0x0000020469ad3530
Event: 5.767 Thread 0x0000020459d8dcf0 Implicit null exception at 0x0000020469aafd7a to 0x0000020469ab1008
Event: 5.900 Thread 0x0000020404467050 Exception <a 'java/lang/NoSuchMethodError'{0x000000070d53bdf0}: 'java.lang.Object java.lang.invoke.DirectMethodHandle$Holder.invokeStatic(java.lang.Object, long, java.lang.Object)'> (0x000000070d53bdf0) 
thrown [s\open\src\hotspot\share\interpreter\linkResolver.cpp, line 774]
Event: 5.901 Thread 0x0000020404467050 Exception <a 'java/lang/NoSuchMethodError'{0x000000070d53f440}: 'java.lang.Object java.lang.invoke.DirectMethodHandle$Holder.invokeStaticInit(java.lang.Object, long, java.lang.Object)'> (0x000000070d53f440) 
thrown [s\open\src\hotspot\share\interpreter\linkResolver.cpp, line 774]
Event: 5.901 Thread 0x0000020404467050 Exception <a 'java/lang/NoSuchMethodError'{0x000000070d545090}: 'java.lang.Object java.lang.invoke.DirectMethodHandle$Holder.newInvokeSpecial(java.lang.Object, long)'> (0x000000070d545090) 
thrown [s\open\src\hotspot\share\interpreter\linkResolver.cpp, line 774]
Event: 5.903 Thread 0x0000020404467050 Exception <a 'java/lang/NoSuchMethodError'{0x000000070d549920}: 'long java.lang.invoke.DirectMethodHandle$Holder.invokeInterface(java.lang.Object, java.lang.Object)'> (0x000000070d549920) 
thrown [s\open\src\hotspot\share\interpreter\linkResolver.cpp, line 774]
Event: 5.903 Thread 0x0000020404467050 Exception <a 'java/lang/NoSuchMethodError'{0x000000070d54d288}: 'long java.lang.invoke.DelegatingMethodHandle$Holder.reinvoke_L(java.lang.Object, java.lang.Object)'> (0x000000070d54d288) 
thrown [s\open\src\hotspot\share\interpreter\linkResolver.cpp, line 774]
Event: 5.907 Thread 0x0000020459d8dcf0 Exception <a 'java/lang/NoSuchMethodError'{0x000000070d32a098}: 'java.lang.String org.apache.maven.execution.MavenExecutionRequest.getFailureBehavior()'> (0x000000070d32a098) 
thrown [s\open\src\hotspot\share\interpreter\linkResolver.cpp, line 870]
Event: 6.179 Thread 0x0000020459d8dcf0 Implicit null exception at 0x0000020469bbae4b to 0x0000020469bbb040
Event: 6.540 Thread 0x0000020459d8dcf0 Exception <a 'java/lang/NoClassDefFoundError'{0x000000070e8d7c50}: org/sonatype/aether/graph/Dependency> (0x000000070e8d7c50) 
thrown [s\open\src\hotspot\share\classfile\systemDictionary.cpp, line 244]

VM Operations (20 events):
Event: 5.925 Executing VM operation: HandshakeAllThreads
Event: 5.925 Executing VM operation: HandshakeAllThreads done
Event: 6.085 Executing VM operation: G1CollectForAllocation
Event: 6.091 Executing VM operation: G1CollectForAllocation done
Event: 6.146 Executing VM operation: HandshakeAllThreads
Event: 6.146 Executing VM operation: HandshakeAllThreads done
Event: 6.154 Executing VM operation: HandshakeAllThreads
Event: 6.154 Executing VM operation: HandshakeAllThreads done
Event: 6.199 Executing VM operation: HandshakeAllThreads
Event: 6.199 Executing VM operation: HandshakeAllThreads done
Event: 6.307 Executing VM operation: HandshakeAllThreads
Event: 6.307 Executing VM operation: HandshakeAllThreads done
Event: 6.343 Executing VM operation: HandshakeAllThreads
Event: 6.343 Executing VM operation: HandshakeAllThreads done
Event: 6.344 Executing VM operation: HandshakeAllThreads
Event: 6.344 Executing VM operation: HandshakeAllThreads done
Event: 6.541 Executing VM operation: ICBufferFull
Event: 6.541 Executing VM operation: ICBufferFull done
Event: 6.619 Executing VM operation: HandshakeAllThreads
Event: 6.619 Executing VM operation: HandshakeAllThreads done

Events (20 events):
Event: 6.315 Thread 0x00000204049540c0 Thread added: 0x00000204049540c0
Event: 6.315 Thread 0x00000204049585d0 Thread added: 0x00000204049585d0
Event: 6.315 Thread 0x00000204049520e0 Thread added: 0x00000204049520e0
Event: 6.315 Thread 0x0000020404958080 Thread added: 0x0000020404958080
Event: 6.361 Thread 0x00000204049530d0 Thread exited: 0x00000204049530d0
Event: 6.361 Thread 0x00000204049560a0 Thread exited: 0x00000204049560a0
Event: 6.361 Thread 0x00000204049540c0 Thread exited: 0x00000204049540c0
Event: 6.361 Thread 0x0000020404957b30 Thread exited: 0x0000020404957b30
Event: 6.361 Thread 0x0000020404951b90 Thread exited: 0x0000020404951b90
Event: 6.361 Thread 0x0000020404954610 Thread exited: 0x0000020404954610
Event: 6.361 Thread 0x0000020404958b20 Thread exited: 0x0000020404958b20
Event: 6.361 Thread 0x0000020404953b70 Thread exited: 0x0000020404953b70
Event: 6.361 Thread 0x00000204049550b0 Thread exited: 0x00000204049550b0
Event: 6.361 Thread 0x00000204049585d0 Thread exited: 0x00000204049585d0
Event: 6.361 Thread 0x0000020404952630 Thread exited: 0x0000020404952630
Event: 6.361 Thread 0x0000020404954b60 Thread exited: 0x0000020404954b60
Event: 6.361 Thread 0x0000020404953620 Thread exited: 0x0000020404953620
Event: 6.361 Thread 0x00000204049575e0 Thread exited: 0x00000204049575e0
Event: 6.361 Thread 0x00000204049520e0 Thread exited: 0x00000204049520e0
Event: 6.361 Thread 0x0000020404958080 Thread exited: 0x0000020404958080


Dynamic libraries:
0x00007ff76b090000 - 0x00007ff76b0a0000 	C:\Program Files\Java\jdk-19\bin\java.exe
0x00007ff927710000 - 0x00007ff927926000 	C:\WINDOWS\SYSTEM32\ntdll.dll
0x00007ff925500000 - 0x00007ff9255c4000 	C:\WINDOWS\System32\KERNEL32.DLL
0x00007ff924c40000 - 0x00007ff924fe7000 	C:\WINDOWS\System32\KERNELBASE.dll
0x00007ff925280000 - 0x00007ff925391000 	C:\WINDOWS\System32\ucrtbase.dll
0x00007ff919cd0000 - 0x00007ff919ce8000 	C:\Program Files\Java\jdk-19\bin\jli.dll
0x00007ff90d560000 - 0x00007ff90d57b000 	C:\Program Files\Java\jdk-19\bin\VCRUNTIME140.dll
0x00007ff926740000 - 0x00007ff9267f2000 	C:\WINDOWS\System32\ADVAPI32.dll
0x00007ff925c50000 - 0x00007ff925cf7000 	C:\WINDOWS\System32\msvcrt.dll
0x00007ff925450000 - 0x00007ff9254f8000 	C:\WINDOWS\System32\sechost.dll
0x00007ff9250e0000 - 0x00007ff925108000 	C:\WINDOWS\System32\bcrypt.dll
0x00007ff9274a0000 - 0x00007ff9275b5000 	C:\WINDOWS\System32\RPCRT4.dll
0x00007ff925870000 - 0x00007ff925a1e000 	C:\WINDOWS\System32\USER32.dll
0x00007ff9250b0000 - 0x00007ff9250d6000 	C:\WINDOWS\System32\win32u.dll
0x00007ff923f50000 - 0x00007ff9241e3000 	C:\WINDOWS\WinSxS\amd64_microsoft.windows.common-controls_6595b64144ccf1df_6.0.22621.3235_none_270f74e173860f98\COMCTL32.dll
0x00007ff927240000 - 0x00007ff927269000 	C:\WINDOWS\System32\GDI32.dll
0x00007ff924aa0000 - 0x00007ff924bb9000 	C:\WINDOWS\System32\gdi32full.dll
0x00007ff924a00000 - 0x00007ff924a9a000 	C:\WINDOWS\System32\msvcp_win.dll
0x00007ff919f70000 - 0x00007ff919f7a000 	C:\WINDOWS\SYSTEM32\VERSION.dll
0x00007ff925410000 - 0x00007ff925441000 	C:\WINDOWS\System32\IMM32.DLL
0x00007ff91f590000 - 0x00007ff91f59c000 	C:\Program Files\Java\jdk-19\bin\vcruntime140_1.dll
0x00007ff8e4220000 - 0x00007ff8e42ae000 	C:\Program Files\Java\jdk-19\bin\msvcp140.dll
0x00007ff8a5370000 - 0x00007ff8a6030000 	C:\Program Files\Java\jdk-19\bin\server\jvm.dll
0x00007ff91f500000 - 0x00007ff91f509000 	C:\WINDOWS\SYSTEM32\WSOCK32.dll
0x00007ff91bfd0000 - 0x00007ff91c004000 	C:\WINDOWS\SYSTEM32\WINMM.dll
0x00007ff927270000 - 0x00007ff9272e1000 	C:\WINDOWS\System32\WS2_32.dll
0x00007ff9233e0000 - 0x00007ff9233f8000 	C:\WINDOWS\SYSTEM32\kernel.appcore.dll
0x00007ff91f400000 - 0x00007ff91f40a000 	C:\Program Files\Java\jdk-19\bin\jimage.dll
0x00007ff924450000 - 0x00007ff924683000 	C:\WINDOWS\SYSTEM32\DBGHELP.DLL
0x00007ff925e40000 - 0x00007ff9261c8000 	C:\WINDOWS\System32\combase.dll
0x00007ff9275c0000 - 0x00007ff927697000 	C:\WINDOWS\System32\OLEAUT32.dll
0x00007ff924210000 - 0x00007ff924242000 	C:\WINDOWS\SYSTEM32\dbgcore.DLL
0x00007ff924bc0000 - 0x00007ff924c39000 	C:\WINDOWS\System32\bcryptPrimitives.dll
0x00007ff91f410000 - 0x00007ff91f41e000 	C:\Program Files\Java\jdk-19\bin\instrument.dll
0x00007ff90c1a0000 - 0x00007ff90c1c6000 	C:\Program Files\Java\jdk-19\bin\java.dll
0x00007ff8e3e50000 - 0x00007ff8e3f27000 	C:\Program Files\Java\jdk-19\bin\jsvml.dll
0x00007ff926800000 - 0x00007ff92705c000 	C:\WINDOWS\System32\SHELL32.dll
0x00007ff922250000 - 0x00007ff922b49000 	C:\WINDOWS\SYSTEM32\windows.storage.dll
0x00007ff922110000 - 0x00007ff92224e000 	C:\WINDOWS\SYSTEM32\wintypes.dll
0x00007ff9256d0000 - 0x00007ff9257c3000 	C:\WINDOWS\System32\SHCORE.dll
0x00007ff9266e0000 - 0x00007ff92673e000 	C:\WINDOWS\System32\shlwapi.dll
0x00007ff924930000 - 0x00007ff924951000 	C:\WINDOWS\SYSTEM32\profapi.dll
0x00007ff8f4a80000 - 0x00007ff8f4a98000 	C:\Program Files\Java\jdk-19\bin\zip.dll
0x00007ff90b700000 - 0x00007ff90b713000 	C:\Program Files\Java\jdk-19\bin\net.dll
0x00007ff91d730000 - 0x00007ff91d866000 	C:\WINDOWS\SYSTEM32\WINHTTP.dll
0x00007ff923800000 - 0x00007ff923869000 	C:\WINDOWS\system32\mswsock.dll
0x00007ff90b6e0000 - 0x00007ff90b6f6000 	C:\Program Files\Java\jdk-19\bin\nio.dll
0x00007ff8f48b0000 - 0x00007ff8f48ca000 	C:\Program Files\JetBrains\IntelliJ IDEA 2022.1.2\bin\breakgen64.dll
0x00007ff91f3b0000 - 0x00007ff91f3b8000 	C:\Program Files\Java\jdk-19\bin\extnet.dll
0x0000000069ac0000 - 0x0000000069ae4000 	C:\Users\99293\AppData\Local\Temp\jansi-2.4.0-d3c0ffb8111b22e6-jansi.dll
0x00007ff90c160000 - 0x00007ff90c170000 	C:\Program Files\Java\jdk-19\bin\verify.dll

dbghelp: loaded successfully - version: 4.0.5 - missing functions: none
symbol engine: initialized successfully - sym options: 0x614 - pdb path: .;C:\Program Files\Java\jdk-19\bin;C:\WINDOWS\SYSTEM32;C:\WINDOWS\WinSxS\amd64_microsoft.windows.common-controls_6595b64144ccf1df_6.0.22621.3235_none_270f74e173860f98;C:\Program Files\Java\jdk-19\bin\server;C:\Program Files\JetBrains\IntelliJ IDEA 2022.1.2\bin;C:\Users\99293\AppData\Local\Temp

VM Arguments:
jvm_args: -Dmaven.multiModuleProjectDirectory=D:\unitedStates original storage\unitedStates duplicates original storage -Dmaven.home=C:\Users\99293\.m2\wrapper\dists\apache-maven-3.8.6-bin\1ks0nkde5v1pk9vtc31i9d0lcd\apache-maven-3.8.6 -Dclassworlds.conf=C:\Users\99293\.m2\wrapper\dists\apache-maven-3.8.6-bin\1ks0nkde5v1pk9vtc31i9d0lcd\apache-maven-3.8.6\bin\m2.conf -Dmaven.ext.class.path=C:\Program Files\JetBrains\IntelliJ IDEA 2022.1.2\plugins\maven\lib\maven-event-listener.jar -javaagent:C:\Program Files\JetBrains\IntelliJ IDEA 2022.1.2\lib\idea_rt.jar=65387:C:\Program Files\JetBrains\IntelliJ IDEA 2022.1.2\bin -Dfile.encoding=UTF-8 
java_command: org.codehaus.classworlds.Launcher -Didea.version=2022.1.2 package
java_class_path (initial): C:\Users\99293\.m2\wrapper\dists\apache-maven-3.8.6-bin\1ks0nkde5v1pk9vtc31i9d0lcd\apache-maven-3.8.6\boot\plexus-classworlds-2.6.0.jar;C:\Users\99293\.m2\wrapper\dists\apache-maven-3.8.6-bin\1ks0nkde5v1pk9vtc31i9d0lcd\apache-maven-3.8.6\boot\plexus-classworlds.license
Launcher Type: SUN_STANDARD

[Global flags]
     intx CICompilerCount                          = 12                                        {product} {ergonomic}
     uint ConcGCThreads                            = 3                                         {product} {ergonomic}
     uint G1ConcRefinementThreads                  = 13                                        {product} {ergonomic}
   size_t G1HeapRegionSize                         = 2097152                                   {product} {ergonomic}
    uintx GCDrainStackTargetSize                   = 64                                        {product} {ergonomic}
   size_t InitialHeapSize                          = 264241152                                 {product} {ergonomic}
   size_t MarkStackSize                            = 4194304                                   {product} {ergonomic}
   size_t MaxHeapSize                              = 4196401152                                {product} {ergonomic}
   size_t MaxNewSize                               = 2516582400                                {product} {ergonomic}
   size_t MinHeapDeltaBytes                        = 2097152                                   {product} {ergonomic}
   size_t MinHeapSize                              = 8388608                                   {product} {ergonomic}
    uintx NonNMethodCodeHeapSize                   = 7602480                                {pd product} {ergonomic}
    uintx NonProfiledCodeHeapSize                  = 122027880                              {pd product} {ergonomic}
    uintx ProfiledCodeHeapSize                     = 122027880                              {pd product} {ergonomic}
    uintx ReservedCodeCacheSize                    = 251658240                              {pd product} {ergonomic}
     bool SegmentedCodeCache                       = true                                      {product} {ergonomic}
   size_t SoftMaxHeapSize                          = 4196401152                             {manageable} {ergonomic}
     bool UseCompressedClassPointers               = true                           {product lp64_product} {ergonomic}
     bool UseCompressedOops                        = true                           {product lp64_product} {ergonomic}
     bool UseG1GC                                  = true                                      {product} {ergonomic}
     bool UseLargePagesIndividualAllocation        = false                                  {pd product} {ergonomic}

Logging:
Log output configuration:
 #0: stdout all=warning uptime,level,tags foldmultilines=false
 #1: stderr all=off uptime,level,tags foldmultilines=false

Environment Variables:
PATH=C:\Program Files\Common Files\Oracle\Java\javapath;C:\Windows\system32;C:\Windows;C:\Windows\System32\Wbem;C:\Windows\System32\WindowsPowerShell\v1.0\;C:\Windows\System32\OpenSSH\;C:\Program Files (x86)\NVIDIA Corporation\PhysX\Common;C:\Program Files\NVIDIA Corporation\NVIDIA NvDLISR;C:\Program Files\Git\cmd;C:\Program Files (x86)\dotnet\;%SystemRoot%\system32;%SystemRoot%;%SystemRoot%\System32\Wbem;%SYSTEMROOT%\System32\WindowsPowerShell\v1.0\;%SYSTEMROOT%\System32\OpenSSH\;C:\Users\99293\AppData\Local\Programs\Python\Python311\Scripts\;C:\Users\99293\AppData\Local\Programs\Python\Python311\;C:\Users\99293\AppData\Local\Microsoft\WindowsApps;;C:\Program Files\JetBrains\IntelliJ IDEA 2022.1.2\bin;;C:\Program Files\heroku\bin
USERNAME=ASUS
OS=Windows_NT
PROCESSOR_IDENTIFIER=Intel64 Family 6 Model 154 Stepping 3, GenuineIntel
TMP=C:\Users\99293\AppData\Local\Temp
TEMP=C:\Users\99293\AppData\Local\Temp



---------------  S Y S T E M  ---------------

OS:
 Windows 11 , 64 bit Build 22621 (10.0.22621.3374)
OS uptime: 1 days 3:29 hours
Hyper-V role detected

CPU: total 16 (initial active 16) (8 cores per cpu, 2 threads per core) family 6 model 154 stepping 3 microcode 0x41c, cx8, cmov, fxsr, ht, mmx, 3dnowpref, sse, sse2, sse3, ssse3, sse4.1, sse4.2, popcnt, lzcnt, tsc, tscinvbit, avx, avx2, aes, erms, clmul, bmi1, bmi2, adx, sha, fma, vzeroupper, clflush, clflushopt, clwb, hv, serialize, rdtscp, rdpid, fsrm

Memory: 4k page, system-wide physical 16005M (3077M free)
TotalPageFile size 18053M (AvailPageFile size 2M)
current process WorkingSet (physical memory assigned to process): 536M, peak: 536M
current process commit charge ("private bytes"): 592M, peak: 592M

vm_info: Java HotSpot(TM) 64-Bit Server VM (19.0.2+7-44) for windows-amd64 JRE (19.0.2+7-44), built on 2022-11-30T18:02:09Z by "mach5one" with MS VC++ 17.1 (VS2022)

END.
